Running with parameters: hidden=30, use_coupled=true, seed=61, lam=0.1, eta=0.5, batch=50
Test Loss: 0.0000, Test Accuracy: 1.0000, Energy: -3324.2900390625
Time taken:  0.44849085807800293
Test Loss: 0.0000, Test Accuracy: 1.0000, Energy: -65628.578125
Time taken:  0.4098019599914551
Test Loss: 0.0000, Test Accuracy: 0.9967, Energy: -240162.484375
Time taken:  0.3972454071044922
Test Loss: 0.0000, Test Accuracy: 0.9967, Energy: -405053.0
Time taken:  0.3927478790283203
Test Loss: 0.0000, Test Accuracy: 0.9967, Energy: -528137.6875
Time taken:  0.3980412483215332
Test Loss: 0.0000, Test Accuracy: 0.9967, Energy: -627481.625
Time taken:  0.4084157943725586
Test Loss: 0.0000, Test Accuracy: 0.9967, Energy: -707099.5
Time taken:  0.3906245231628418
Test Loss: 0.0000, Test Accuracy: 0.9967, Energy: -772880.4375
Time taken:  0.40138697624206543
Test Loss: 0.0000, Test Accuracy: 0.9967, Energy: -828508.5
Time taken:  0.39659643173217773
Test Loss: 0.0000, Test Accuracy: 0.9967, Energy: -873429.5
Time taken:  0.3938302993774414
Test Loss: 0.0000, Test Accuracy: 0.9967, Energy: -910760.125
Time taken:  0.3941073417663574
Test Loss: 0.0000, Test Accuracy: 0.9967, Energy: -941241.25
Time taken:  0.40431952476501465
Test Loss: 0.0000, Test Accuracy: 0.9967, Energy: -967497.625
Time taken:  0.405057430267334
Test Loss: 0.0000, Test Accuracy: 0.9967, Energy: -989091.1875
Time taken:  0.43572473526000977
Test Loss: 0.0000, Test Accuracy: 0.9967, Energy: -1006922.0625
Time taken:  0.41069746017456055
Test Loss: 0.0000, Test Accuracy: 0.9967, Energy: -1022698.6875
Time taken:  0.3901329040527344
Test Loss: 0.0000, Test Accuracy: 0.9967, Energy: -1034935.125
Time taken:  0.3840758800506592
Test Loss: 0.0000, Test Accuracy: 0.9967, Energy: -1045223.25
Time taken:  0.39728665351867676
Test Loss: 0.0000, Test Accuracy: 0.9967, Energy: -1054468.875
Time taken:  0.4132082462310791
Test Loss: 0.0000, Test Accuracy: 0.9967, Energy: -1060778.375
Time taken:  0.41042232513427734
Test Loss: 0.0000, Test Accuracy: 0.9967, Energy: -1065901.125
Time taken:  0.4011199474334717
Test Loss: 0.0000, Test Accuracy: 0.9967, Energy: -1071299.0
Time taken:  0.4045095443725586
Test Loss: 0.0000, Test Accuracy: 0.9967, Energy: -1075235.0
Time taken:  0.4044008255004883
Test Loss: 0.0000, Test Accuracy: 0.9967, Energy: -1078721.75
Time taken:  0.3982837200164795
Test Loss: 0.0000, Test Accuracy: 0.9967, Energy: -1081508.5
Time taken:  0.3974788188934326
Test Loss: 0.0000, Test Accuracy: 0.9967, Energy: -1083413.875
Time taken:  0.3980684280395508
Test Loss: 0.0000, Test Accuracy: 0.9967, Energy: -1085572.375
Time taken:  0.39652585983276367
Test Loss: 0.0000, Test Accuracy: 0.9967, Energy: -1087152.75
Time taken:  0.39610767364501953
Test Loss: 0.0000, Test Accuracy: 0.9967, Energy: -1088412.25
Time taken:  0.4041013717651367
Test Loss: 0.0000, Test Accuracy: 0.9967, Energy: -1089517.75
Time taken:  0.4119534492492676
Test Loss: 0.0000, Test Accuracy: 0.9967, Energy: -1090300.875
Time taken:  0.4113504886627197
Test Loss: 0.0000, Test Accuracy: 0.9967, Energy: -1090931.0
Time taken:  0.3990039825439453
Test Loss: 0.0000, Test Accuracy: 0.9967, Energy: -1091424.25
Time taken:  0.40781664848327637
Test Loss: 0.0000, Test Accuracy: 0.9967, Energy: -1091860.375
Time taken:  0.3994319438934326
Test Loss: 0.0000, Test Accuracy: 0.9967, Energy: -1092254.5
Time taken:  0.39510202407836914
Test Loss: 0.0000, Test Accuracy: 0.9967, Energy: -1092571.5
Time taken:  0.39789581298828125
Test Loss: 0.0000, Test Accuracy: 0.9967, Energy: -1092828.0
Time taken:  0.3917522430419922
Test Loss: 0.0000, Test Accuracy: 0.9967, Energy: -1093079.375
Time taken:  0.39127659797668457
Test Loss: 0.0000, Test Accuracy: 0.9967, Energy: -1093224.25
Time taken:  0.39676880836486816
Test Loss: 0.0000, Test Accuracy: 0.9967, Energy: -1093336.875
Time taken:  0.4046635627746582
Test Loss: 0.0000, Test Accuracy: 0.9967, Energy: -1093457.375
Time taken:  0.40645718574523926
Test Loss: 0.0000, Test Accuracy: 0.9967, Energy: -1093617.25
Time taken:  0.40388965606689453
Test Loss: 0.0000, Test Accuracy: 0.9967, Energy: -1093691.25
Time taken:  0.3976879119873047
Test Loss: 0.0000, Test Accuracy: 0.9967, Energy: -1093742.5
Time taken:  0.39519548416137695
Test Loss: 0.0000, Test Accuracy: 0.9967, Energy: -1093768.0
Time taken:  0.3890359401702881
Test Loss: 0.0000, Test Accuracy: 0.9967, Energy: -1093805.375
Time taken:  0.3925471305847168
Test Loss: 0.0000, Test Accuracy: 0.9967, Energy: -1093917.25
Time taken:  0.4047236442565918
Test Loss: 0.0000, Test Accuracy: 0.9967, Energy: -1093942.5
Time taken:  0.40118908882141113
Test Loss: 0.0000, Test Accuracy: 0.9967, Energy: -1093963.0
Time taken:  0.4048745632171631
Test Loss: 0.0000, Test Accuracy: 0.9967, Energy: -1093980.0
Time taken:  0.39867091178894043
Test Loss: 0.0000, Test Accuracy: 0.9967, Energy: -1093993.75
Time taken:  0.4006185531616211
Test Loss: 0.0000, Test Accuracy: 0.9967, Energy: -1094004.625
Time taken:  0.4003617763519287
Test Loss: 0.0000, Test Accuracy: 0.9967, Energy: -1094013.75
Time taken:  0.3950657844543457
Test Loss: 0.0000, Test Accuracy: 0.9967, Energy: -1094022.375
Time taken:  0.398831844329834
Test Loss: 0.0000, Test Accuracy: 0.9967, Energy: -1094044.875
Time taken:  0.39887285232543945
Test Loss: 0.0000, Test Accuracy: 0.9967, Energy: -1094049.875
Time taken:  0.4151163101196289
Test Loss: 0.0000, Test Accuracy: 0.9967, Energy: -1094054.0
Time taken:  0.40221142768859863
Test Loss: 0.0000, Test Accuracy: 0.9967, Energy: -1094057.25
Time taken:  0.40235424041748047
Test Loss: 0.0000, Test Accuracy: 0.9967, Energy: -1094060.125
Time taken:  0.3927786350250244
Test Loss: 0.0000, Test Accuracy: 0.9967, Energy: -1094062.25
Time taken:  0.41054248809814453
Test Loss: 0.0000, Test Accuracy: 0.9967, Energy: -1094079.0
Time taken:  0.4002668857574463
Test Loss: 0.0000, Test Accuracy: 0.9967, Energy: -1094080.5
Time taken:  0.39464497566223145
Test Loss: 0.0000, Test Accuracy: 0.9967, Energy: -1094081.75
Time taken:  0.39797186851501465
Test Loss: 0.0000, Test Accuracy: 0.9967, Energy: -1094082.75
Time taken:  0.40010809898376465
Test Loss: 0.0000, Test Accuracy: 0.9967, Energy: -1094070.625
Time taken:  0.3880026340484619
Test Loss: 0.0000, Test Accuracy: 0.9967, Energy: -1094071.375
Time taken:  0.38613414764404297
Test Loss: 0.0000, Test Accuracy: 0.9967, Energy: -1094068.75
Time taken:  0.38398098945617676
Test Loss: 0.0000, Test Accuracy: 0.9967, Energy: -1094069.25
Time taken:  0.3920924663543701
Test Loss: 0.0000, Test Accuracy: 0.9967, Energy: -1094069.5
Time taken:  0.40616869926452637
Test Loss: 0.0000, Test Accuracy: 0.9967, Energy: -1094069.75
Time taken:  0.40100574493408203
Test Loss: 0.0000, Test Accuracy: 0.9967, Energy: -1094070.0
Time taken:  0.399059534072876
Test Loss: 0.0000, Test Accuracy: 0.9967, Energy: -1094070.25
Time taken:  0.39629077911376953
Test Loss: 0.0000, Test Accuracy: 0.9967, Energy: -1094070.375
Time taken:  0.39322328567504883
Test Loss: 0.0000, Test Accuracy: 0.9967, Energy: -1094070.5
Time taken:  0.3924434185028076
Test Loss: 0.0000, Test Accuracy: 0.9967, Energy: -1094070.5
Time taken:  0.40265512466430664
Test Loss: 0.0000, Test Accuracy: 0.9967, Energy: -1094070.625
Time taken:  0.4136035442352295
Test Loss: 0.0000, Test Accuracy: 0.9967, Energy: -1094070.625
Time taken:  0.4085569381713867
Test Loss: 0.0000, Test Accuracy: 0.9967, Energy: -1094070.5
Time taken:  0.40659427642822266
Test Loss: 0.0000, Test Accuracy: 0.9967, Energy: -1094070.5
Time taken:  0.40520548820495605
Test Loss: 0.0000, Test Accuracy: 0.9967, Energy: -1094070.5
Time taken:  0.41022467613220215
Test Loss: 0.0000, Test Accuracy: 0.9967, Energy: -1094070.375
Time taken:  0.4168074131011963
Test Loss: 0.0000, Test Accuracy: 0.9967, Energy: -1094070.375
Time taken:  0.39513635635375977
Test Loss: 0.0000, Test Accuracy: 0.9967, Energy: -1094070.375
Time taken:  0.3935694694519043
Test Loss: 0.0000, Test Accuracy: 0.9967, Energy: -1094070.375
Time taken:  0.3976414203643799
Test Loss: 0.0000, Test Accuracy: 0.9967, Energy: -1094070.375
Time taken:  0.39333176612854004
Test Loss: 0.0000, Test Accuracy: 0.9967, Energy: -1094070.375
Time taken:  0.3858642578125
Test Loss: 0.0000, Test Accuracy: 0.9967, Energy: -1094070.375
Time taken:  0.38094377517700195
Test Loss: 0.0000, Test Accuracy: 0.9967, Energy: -1094070.25
Time taken:  0.38564395904541016
Test Loss: 0.0000, Test Accuracy: 0.9967, Energy: -1094070.25
Time taken:  0.4025399684906006
Test Loss: 0.0000, Test Accuracy: 0.9967, Energy: -1094070.25
Time taken:  0.3902406692504883
Test Loss: 0.0000, Test Accuracy: 0.9967, Energy: -1094070.125
Time taken:  0.386383056640625
Test Loss: 0.0000, Test Accuracy: 0.9967, Energy: -1094070.125
Time taken:  0.3828094005584717
Test Loss: 0.0000, Test Accuracy: 0.9967, Energy: -1094070.125
Time taken:  0.38892483711242676
Test Loss: 0.0000, Test Accuracy: 0.9967, Energy: -1094070.125
Time taken:  0.393876314163208
Test Loss: 0.0000, Test Accuracy: 0.9967, Energy: -1094070.125
Time taken:  0.3841078281402588
Test Loss: 0.0000, Test Accuracy: 0.9967, Energy: -1094070.125
Time taken:  0.39168667793273926
Test Loss: 0.0000, Test Accuracy: 0.9967, Energy: -1094070.0
Time taken:  0.4112255573272705
Test Loss: 0.0000, Test Accuracy: 0.9967, Energy: -1094070.0
Time taken:  0.4013957977294922
Test Loss: 0.0000, Test Accuracy: 0.9967, Energy: -1094070.0
Time taken:  0.39766430854797363
Test Loss: 0.0000, Test Accuracy: 0.9967, Energy: -1094070.0
Time taken:  0.3969571590423584
Final accuracies: [1.0, 1.0, 0.9966666666666667, 0.9966666666666667, 0.9966666666666667, 0.9966666666666667, 0.9966666666666667, 0.9966666666666667, 0.9966666666666667, 0.9966666666666667, 0.9966666666666667, 0.9966666666666667, 0.9966666666666667, 0.9966666666666667, 0.9966666666666667, 0.9966666666666667, 0.9966666666666667, 0.9966666666666667, 0.9966666666666667, 0.9966666666666667, 0.9966666666666667, 0.9966666666666667, 0.9966666666666667, 0.9966666666666667, 0.9966666666666667, 0.9966666666666667, 0.9966666666666667, 0.9966666666666667, 0.9966666666666667, 0.9966666666666667, 0.9966666666666667, 0.9966666666666667, 0.9966666666666667, 0.9966666666666667, 0.9966666666666667, 0.9966666666666667, 0.9966666666666667, 0.9966666666666667, 0.9966666666666667, 0.9966666666666667, 0.9966666666666667, 0.9966666666666667, 0.9966666666666667, 0.9966666666666667, 0.9966666666666667, 0.9966666666666667, 0.9966666666666667, 0.9966666666666667, 0.9966666666666667, 0.9966666666666667, 0.9966666666666667, 0.9966666666666667, 0.9966666666666667, 0.9966666666666667, 0.9966666666666667, 0.9966666666666667, 0.9966666666666667, 0.9966666666666667, 0.9966666666666667, 0.9966666666666667, 0.9966666666666667, 0.9966666666666667, 0.9966666666666667, 0.9966666666666667, 0.9966666666666667, 0.9966666666666667, 0.9966666666666667, 0.9966666666666667, 0.9966666666666667, 0.9966666666666667, 0.9966666666666667, 0.9966666666666667, 0.9966666666666667, 0.9966666666666667, 0.9966666666666667, 0.9966666666666667, 0.9966666666666667, 0.9966666666666667, 0.9966666666666667, 0.9966666666666667, 0.9966666666666667, 0.9966666666666667, 0.9966666666666667, 0.9966666666666667, 0.9966666666666667, 0.9966666666666667, 0.9966666666666667, 0.9966666666666667, 0.9966666666666667, 0.9966666666666667, 0.9966666666666667, 0.9966666666666667, 0.9966666666666667, 0.9966666666666667, 0.9966666666666667, 0.9966666666666667, 0.9966666666666667, 0.9966666666666667, 0.9966666666666667, 0.9966666666666667]
Final energies: [-3324.2900390625, -65628.578125, -240162.484375, -405053.0, -528137.6875, -627481.625, -707099.5, -772880.4375, -828508.5, -873429.5, -910760.125, -941241.25, -967497.625, -989091.1875, -1006922.0625, -1022698.6875, -1034935.125, -1045223.25, -1054468.875, -1060778.375, -1065901.125, -1071299.0, -1075235.0, -1078721.75, -1081508.5, -1083413.875, -1085572.375, -1087152.75, -1088412.25, -1089517.75, -1090300.875, -1090931.0, -1091424.25, -1091860.375, -1092254.5, -1092571.5, -1092828.0, -1093079.375, -1093224.25, -1093336.875, -1093457.375, -1093617.25, -1093691.25, -1093742.5, -1093768.0, -1093805.375, -1093917.25, -1093942.5, -1093963.0, -1093980.0, -1093993.75, -1094004.625, -1094013.75, -1094022.375, -1094044.875, -1094049.875, -1094054.0, -1094057.25, -1094060.125, -1094062.25, -1094079.0, -1094080.5, -1094081.75, -1094082.75, -1094070.625, -1094071.375, -1094068.75, -1094069.25, -1094069.5, -1094069.75, -1094070.0, -1094070.25, -1094070.375, -1094070.5, -1094070.5, -1094070.625, -1094070.625, -1094070.5, -1094070.5, -1094070.5, -1094070.375, -1094070.375, -1094070.375, -1094070.375, -1094070.375, -1094070.375, -1094070.375, -1094070.25, -1094070.25, -1094070.25, -1094070.125, -1094070.125, -1094070.125, -1094070.125, -1094070.125, -1094070.125, -1094070.0, -1094070.0, -1094070.0, -1094070.0]
