Running with parameters: hidden=30, use_coupled=true, seed=62, lam=0.1, eta=0.5, batch=50
Test Loss: 0.0000, Test Accuracy: 0.9967, Energy: -3851.88916015625
Time taken:  0.45240044593811035
Test Loss: 0.0000, Test Accuracy: 0.9967, Energy: -76924.78125
Time taken:  0.4176139831542969
Test Loss: 0.0000, Test Accuracy: 1.0000, Energy: -289355.3125
Time taken:  0.40180468559265137
Test Loss: 0.0000, Test Accuracy: 1.0000, Energy: -476771.53125
Time taken:  0.39589571952819824
Test Loss: 0.0000, Test Accuracy: 1.0000, Energy: -613243.75
Time taken:  0.4001312255859375
Test Loss: 0.0000, Test Accuracy: 1.0000, Energy: -721607.1875
Time taken:  0.39934515953063965
Test Loss: 0.0000, Test Accuracy: 1.0000, Energy: -809973.4375
Time taken:  0.4042782783508301
Test Loss: 0.0000, Test Accuracy: 1.0000, Energy: -883027.5
Time taken:  0.4074571132659912
Test Loss: 0.0000, Test Accuracy: 1.0000, Energy: -943749.625
Time taken:  0.419677734375
Test Loss: 0.0000, Test Accuracy: 1.0000, Energy: -994329.125
Time taken:  0.3979363441467285
Test Loss: 0.0000, Test Accuracy: 1.0000, Energy: -1036298.8125
Time taken:  0.39503931999206543
Test Loss: 0.0000, Test Accuracy: 1.0000, Energy: -1071753.375
Time taken:  0.40746045112609863
Test Loss: 0.0000, Test Accuracy: 1.0000, Energy: -1102117.25
Time taken:  0.4074263572692871
Test Loss: 0.0000, Test Accuracy: 0.9967, Energy: -1128729.375
Time taken:  0.41042232513427734
Test Loss: 0.0000, Test Accuracy: 0.9967, Energy: -1148222.875
Time taken:  0.3977794647216797
Test Loss: 0.0000, Test Accuracy: 0.9967, Energy: -1166431.0
Time taken:  0.379871129989624
Test Loss: 0.0000, Test Accuracy: 0.9967, Energy: -1179028.125
Time taken:  0.3926215171813965
Test Loss: 0.0000, Test Accuracy: 0.9967, Energy: -1190417.25
Time taken:  0.3958461284637451
Test Loss: 0.0000, Test Accuracy: 0.9967, Energy: -1200718.875
Time taken:  0.4042246341705322
Test Loss: 0.0000, Test Accuracy: 0.9967, Energy: -1209650.5
Time taken:  0.4082353115081787
Test Loss: 0.0000, Test Accuracy: 0.9967, Energy: -1214444.75
Time taken:  0.400287389755249
Test Loss: 0.0000, Test Accuracy: 0.9967, Energy: -1219416.625
Time taken:  0.40934062004089355
Test Loss: 0.0000, Test Accuracy: 0.9967, Energy: -1223653.375
Time taken:  0.40674877166748047
Test Loss: 0.0000, Test Accuracy: 0.9967, Energy: -1227942.125
Time taken:  0.40291476249694824
Test Loss: 0.0000, Test Accuracy: 0.9967, Energy: -1230836.375
Time taken:  0.39734935760498047
Test Loss: 0.0000, Test Accuracy: 0.9967, Energy: -1233133.5
Time taken:  0.40166425704956055
Test Loss: 0.0000, Test Accuracy: 0.9933, Energy: -1237323.375
Time taken:  0.39872121810913086
Test Loss: 0.0000, Test Accuracy: 0.9933, Energy: -1238920.625
Time taken:  0.4004690647125244
Test Loss: 0.0000, Test Accuracy: 0.9933, Energy: -1240481.75
Time taken:  0.40266990661621094
Test Loss: 0.0000, Test Accuracy: 0.9933, Energy: -1241912.375
Time taken:  0.40128374099731445
Test Loss: 0.0000, Test Accuracy: 0.9933, Energy: -1242880.625
Time taken:  0.399493932723999
Test Loss: 0.0000, Test Accuracy: 0.9933, Energy: -1243704.0
Time taken:  0.4016458988189697
Test Loss: 0.0000, Test Accuracy: 0.9933, Energy: -1244258.125
Time taken:  0.40863490104675293
Test Loss: 0.0000, Test Accuracy: 0.9933, Energy: -1244795.375
Time taken:  0.4181058406829834
Test Loss: 0.0000, Test Accuracy: 0.9933, Energy: -1245063.75
Time taken:  0.40470170974731445
Test Loss: 0.0000, Test Accuracy: 0.9933, Energy: -1245412.375
Time taken:  0.4022655487060547
Test Loss: 0.0000, Test Accuracy: 0.9933, Energy: -1245702.0
Time taken:  0.3954198360443115
Test Loss: 0.0000, Test Accuracy: 0.9933, Energy: -1246039.125
Time taken:  0.3939690589904785
Test Loss: 0.0000, Test Accuracy: 0.9933, Energy: -1246171.5
Time taken:  0.39997029304504395
Test Loss: 0.0000, Test Accuracy: 0.9933, Energy: -1246268.875
Time taken:  0.4052748680114746
Test Loss: 0.0000, Test Accuracy: 0.9933, Energy: -1246412.75
Time taken:  0.40918517112731934
Test Loss: 0.0000, Test Accuracy: 0.9933, Energy: -1246545.75
Time taken:  0.40323829650878906
Test Loss: 0.0000, Test Accuracy: 0.9933, Energy: -1246622.125
Time taken:  0.39873623847961426
Test Loss: 0.0000, Test Accuracy: 0.9933, Energy: -1246686.125
Time taken:  0.3901026248931885
Test Loss: 0.0000, Test Accuracy: 0.9933, Energy: -1246737.25
Time taken:  0.3894469738006592
Test Loss: 0.0000, Test Accuracy: 0.9933, Energy: -1246779.75
Time taken:  0.39615678787231445
Test Loss: 0.0000, Test Accuracy: 0.9933, Energy: -1246833.125
Time taken:  0.41078686714172363
Test Loss: 0.0000, Test Accuracy: 0.9933, Energy: -1246861.25
Time taken:  0.406721830368042
Test Loss: 0.0000, Test Accuracy: 0.9933, Energy: -1246884.25
Time taken:  0.40938520431518555
Test Loss: 0.0000, Test Accuracy: 0.9933, Energy: -1246898.625
Time taken:  0.3961524963378906
Test Loss: 0.0000, Test Accuracy: 0.9933, Energy: -1246914.25
Time taken:  0.4040539264678955
Test Loss: 0.0000, Test Accuracy: 0.9933, Energy: -1246956.0
Time taken:  0.40120482444763184
Test Loss: 0.0000, Test Accuracy: 0.9933, Energy: -1246966.25
Time taken:  0.39421558380126953
Test Loss: 0.0000, Test Accuracy: 0.9933, Energy: -1246966.875
Time taken:  0.40607237815856934
Test Loss: 0.0000, Test Accuracy: 0.9933, Energy: -1246973.875
Time taken:  0.4047122001647949
Test Loss: 0.0000, Test Accuracy: 0.9933, Energy: -1246979.5
Time taken:  0.40987086296081543
Test Loss: 0.0000, Test Accuracy: 0.9933, Energy: -1246984.0
Time taken:  0.4040558338165283
Test Loss: 0.0000, Test Accuracy: 0.9933, Energy: -1246987.75
Time taken:  0.397275447845459
Test Loss: 0.0000, Test Accuracy: 0.9933, Energy: -1246990.875
Time taken:  0.39670276641845703
Test Loss: 0.0000, Test Accuracy: 0.9933, Energy: -1246993.125
Time taken:  0.44225335121154785
Test Loss: 0.0000, Test Accuracy: 0.9933, Energy: -1246995.25
Time taken:  0.44069838523864746
Test Loss: 0.0000, Test Accuracy: 0.9933, Energy: -1246997.0
Time taken:  0.3932816982269287
Test Loss: 0.0000, Test Accuracy: 0.9933, Energy: -1246998.125
Time taken:  0.4021034240722656
Test Loss: 0.0000, Test Accuracy: 0.9933, Energy: -1246999.375
Time taken:  0.401780366897583
Test Loss: 0.0000, Test Accuracy: 0.9933, Energy: -1247000.25
Time taken:  0.39044809341430664
Test Loss: 0.0000, Test Accuracy: 0.9933, Energy: -1247000.875
Time taken:  0.3938004970550537
Test Loss: 0.0000, Test Accuracy: 0.9933, Energy: -1247001.375
Time taken:  0.3913247585296631
Test Loss: 0.0000, Test Accuracy: 0.9933, Energy: -1247001.75
Time taken:  0.3969128131866455
Test Loss: 0.0000, Test Accuracy: 0.9933, Energy: -1247002.125
Time taken:  0.404003381729126
Test Loss: 0.0000, Test Accuracy: 0.9933, Energy: -1247002.375
Time taken:  0.4019768238067627
Test Loss: 0.0000, Test Accuracy: 0.9933, Energy: -1247002.625
Time taken:  0.41176891326904297
Test Loss: 0.0000, Test Accuracy: 0.9933, Energy: -1247002.75
Time taken:  0.3957037925720215
Test Loss: 0.0000, Test Accuracy: 0.9933, Energy: -1247002.75
Time taken:  0.3962104320526123
Test Loss: 0.0000, Test Accuracy: 0.9933, Energy: -1247003.0
Time taken:  0.40484046936035156
Test Loss: 0.0000, Test Accuracy: 0.9933, Energy: -1247003.0
Time taken:  0.4152400493621826
Test Loss: 0.0000, Test Accuracy: 0.9933, Energy: -1247003.125
Time taken:  0.42049407958984375
Test Loss: 0.0000, Test Accuracy: 0.9933, Energy: -1247002.5
Time taken:  0.41503095626831055
Test Loss: 0.0000, Test Accuracy: 0.9933, Energy: -1247002.5
Time taken:  0.41173362731933594
Test Loss: 0.0000, Test Accuracy: 0.9933, Energy: -1247002.5
Time taken:  0.4110445976257324
Test Loss: 0.0000, Test Accuracy: 0.9933, Energy: -1247002.25
Time taken:  0.40677952766418457
Test Loss: 0.0000, Test Accuracy: 0.9933, Energy: -1247002.25
Time taken:  0.4039325714111328
Test Loss: 0.0000, Test Accuracy: 0.9933, Energy: -1247002.125
Time taken:  0.396801233291626
Test Loss: 0.0000, Test Accuracy: 0.9933, Energy: -1247002.0
Time taken:  0.40160560607910156
Test Loss: 0.0000, Test Accuracy: 0.9933, Energy: -1247001.875
Time taken:  0.4151268005371094
Test Loss: 0.0000, Test Accuracy: 0.9933, Energy: -1247001.875
Time taken:  0.39670896530151367
Test Loss: 0.0000, Test Accuracy: 0.9933, Energy: -1247001.875
Time taken:  0.3903214931488037
Test Loss: 0.0000, Test Accuracy: 0.9933, Energy: -1247001.75
Time taken:  0.3845067024230957
Test Loss: 0.0000, Test Accuracy: 0.9933, Energy: -1247001.75
Time taken:  0.40236783027648926
Test Loss: 0.0000, Test Accuracy: 0.9933, Energy: -1247001.75
Time taken:  0.3995332717895508
Test Loss: 0.0000, Test Accuracy: 0.9933, Energy: -1247001.625
Time taken:  0.3894996643066406
Test Loss: 0.0000, Test Accuracy: 0.9933, Energy: -1247001.625
Time taken:  0.38771796226501465
Test Loss: 0.0000, Test Accuracy: 0.9933, Energy: -1247001.5
Time taken:  0.39717984199523926
Test Loss: 0.0000, Test Accuracy: 0.9933, Energy: -1247001.375
Time taken:  0.38488030433654785
Test Loss: 0.0000, Test Accuracy: 0.9933, Energy: -1247001.25
Time taken:  0.38797545433044434
Test Loss: 0.0000, Test Accuracy: 0.9933, Energy: -1247001.25
Time taken:  0.3921694755554199
Test Loss: 0.0000, Test Accuracy: 0.9933, Energy: -1247001.125
Time taken:  0.42108941078186035
Test Loss: 0.0000, Test Accuracy: 0.9933, Energy: -1247001.0
Time taken:  0.4043843746185303
Test Loss: 0.0000, Test Accuracy: 0.9933, Energy: -1247001.0
Time taken:  0.4009554386138916
Test Loss: 0.0000, Test Accuracy: 0.9933, Energy: -1247000.875
Time taken:  0.4037165641784668
Test Loss: 0.0000, Test Accuracy: 0.9933, Energy: -1247000.75
Time taken:  0.41317224502563477
Final accuracies: [0.9966666666666667, 0.9966666666666667, 1.0, 1.0, 1.0, 1.0, 1.0, 1.0, 1.0, 1.0, 1.0, 1.0, 1.0, 0.9966666666666667, 0.9966666666666667, 0.9966666666666667, 0.9966666666666667, 0.9966666666666667, 0.9966666666666667, 0.9966666666666667, 0.9966666666666667, 0.9966666666666667, 0.9966666666666667, 0.9966666666666667, 0.9966666666666667, 0.9966666666666667, 0.9933333333333333, 0.9933333333333333, 0.9933333333333333, 0.9933333333333333, 0.9933333333333333, 0.9933333333333333, 0.9933333333333333, 0.9933333333333333, 0.9933333333333333, 0.9933333333333333, 0.9933333333333333, 0.9933333333333333, 0.9933333333333333, 0.9933333333333333, 0.9933333333333333, 0.9933333333333333, 0.9933333333333333, 0.9933333333333333, 0.9933333333333333, 0.9933333333333333, 0.9933333333333333, 0.9933333333333333, 0.9933333333333333, 0.9933333333333333, 0.9933333333333333, 0.9933333333333333, 0.9933333333333333, 0.9933333333333333, 0.9933333333333333, 0.9933333333333333, 0.9933333333333333, 0.9933333333333333, 0.9933333333333333, 0.9933333333333333, 0.9933333333333333, 0.9933333333333333, 0.9933333333333333, 0.9933333333333333, 0.9933333333333333, 0.9933333333333333, 0.9933333333333333, 0.9933333333333333, 0.9933333333333333, 0.9933333333333333, 0.9933333333333333, 0.9933333333333333, 0.9933333333333333, 0.9933333333333333, 0.9933333333333333, 0.9933333333333333, 0.9933333333333333, 0.9933333333333333, 0.9933333333333333, 0.9933333333333333, 0.9933333333333333, 0.9933333333333333, 0.9933333333333333, 0.9933333333333333, 0.9933333333333333, 0.9933333333333333, 0.9933333333333333, 0.9933333333333333, 0.9933333333333333, 0.9933333333333333, 0.9933333333333333, 0.9933333333333333, 0.9933333333333333, 0.9933333333333333, 0.9933333333333333, 0.9933333333333333, 0.9933333333333333, 0.9933333333333333, 0.9933333333333333, 0.9933333333333333]
Final energies: [-3851.88916015625, -76924.78125, -289355.3125, -476771.53125, -613243.75, -721607.1875, -809973.4375, -883027.5, -943749.625, -994329.125, -1036298.8125, -1071753.375, -1102117.25, -1128729.375, -1148222.875, -1166431.0, -1179028.125, -1190417.25, -1200718.875, -1209650.5, -1214444.75, -1219416.625, -1223653.375, -1227942.125, -1230836.375, -1233133.5, -1237323.375, -1238920.625, -1240481.75, -1241912.375, -1242880.625, -1243704.0, -1244258.125, -1244795.375, -1245063.75, -1245412.375, -1245702.0, -1246039.125, -1246171.5, -1246268.875, -1246412.75, -1246545.75, -1246622.125, -1246686.125, -1246737.25, -1246779.75, -1246833.125, -1246861.25, -1246884.25, -1246898.625, -1246914.25, -1246956.0, -1246966.25, -1246966.875, -1246973.875, -1246979.5, -1246984.0, -1246987.75, -1246990.875, -1246993.125, -1246995.25, -1246997.0, -1246998.125, -1246999.375, -1247000.25, -1247000.875, -1247001.375, -1247001.75, -1247002.125, -1247002.375, -1247002.625, -1247002.75, -1247002.75, -1247003.0, -1247003.0, -1247003.125, -1247002.5, -1247002.5, -1247002.5, -1247002.25, -1247002.25, -1247002.125, -1247002.0, -1247001.875, -1247001.875, -1247001.875, -1247001.75, -1247001.75, -1247001.75, -1247001.625, -1247001.625, -1247001.5, -1247001.375, -1247001.25, -1247001.25, -1247001.125, -1247001.0, -1247001.0, -1247000.875, -1247000.75]
