Running with parameters: hidden=30, use_coupled=true, seed=50, lam=0.1, eta=0.5, batch=50
Test Loss: 0.0000, Test Accuracy: 0.9967, Energy: -202.37014770507812
Time taken:  0.4039640426635742
Test Loss: 0.0000, Test Accuracy: 0.9967, Energy: -22166.216796875
Time taken:  0.35601234436035156
Test Loss: 0.0000, Test Accuracy: 0.9967, Energy: -142089.53125
Time taken:  0.35334157943725586
Test Loss: 0.0000, Test Accuracy: 0.9967, Energy: -348133.75
Time taken:  0.3475625514984131
Test Loss: 0.0000, Test Accuracy: 0.9967, Energy: -513553.25
Time taken:  0.3505091667175293
Test Loss: 0.0000, Test Accuracy: 0.9967, Energy: -638178.1875
Time taken:  0.34569239616394043
Test Loss: 0.0000, Test Accuracy: 0.9967, Energy: -739517.375
Time taken:  0.34775304794311523
Test Loss: 0.0000, Test Accuracy: 0.9967, Energy: -824213.75
Time taken:  0.34552741050720215
Test Loss: 0.0000, Test Accuracy: 0.9967, Energy: -892311.0
Time taken:  0.3487393856048584
Test Loss: 0.0000, Test Accuracy: 0.9967, Energy: -950042.0
Time taken:  0.348646879196167
Test Loss: 0.0000, Test Accuracy: 0.9967, Energy: -997411.0
Time taken:  0.34581708908081055
Test Loss: 0.0000, Test Accuracy: 0.9967, Energy: -1037687.75
Time taken:  0.3496994972229004
Test Loss: 0.0000, Test Accuracy: 0.9967, Energy: -1069946.25
Time taken:  0.34597086906433105
Test Loss: 0.0000, Test Accuracy: 0.9967, Energy: -1097068.875
Time taken:  0.34940433502197266
Test Loss: 0.0000, Test Accuracy: 0.9967, Energy: -1119475.75
Time taken:  0.3502976894378662
Test Loss: 0.0000, Test Accuracy: 0.9967, Energy: -1138120.125
Time taken:  0.346027135848999
Test Loss: 0.0000, Test Accuracy: 0.9967, Energy: -1153753.625
Time taken:  0.3488352298736572
Test Loss: 0.0000, Test Accuracy: 0.9967, Energy: -1166739.5
Time taken:  0.34636640548706055
Test Loss: 0.0000, Test Accuracy: 0.9967, Energy: -1177592.5
Time taken:  0.3482518196105957
Test Loss: 0.0000, Test Accuracy: 0.9967, Energy: -1187008.875
Time taken:  0.3453826904296875
Test Loss: 0.0000, Test Accuracy: 0.9967, Energy: -1194185.125
Time taken:  0.34876346588134766
Test Loss: 0.0000, Test Accuracy: 0.9967, Energy: -1200274.5
Time taken:  0.3492012023925781
Test Loss: 0.0000, Test Accuracy: 0.9967, Energy: -1205413.5
Time taken:  0.34444499015808105
Test Loss: 0.0000, Test Accuracy: 0.9967, Energy: -1209434.5
Time taken:  0.34831786155700684
Test Loss: 0.0000, Test Accuracy: 0.9967, Energy: -1212995.625
Time taken:  0.3455531597137451
Test Loss: 0.0000, Test Accuracy: 0.9967, Energy: -1215847.375
Time taken:  0.34891843795776367
Test Loss: 0.0000, Test Accuracy: 0.9967, Energy: -1218193.375
Time taken:  0.3458738327026367
Test Loss: 0.0000, Test Accuracy: 0.9967, Energy: -1220135.625
Time taken:  0.3488576412200928
Test Loss: 0.0000, Test Accuracy: 0.9967, Energy: -1221646.5
Time taken:  0.3490593433380127
Test Loss: 0.0000, Test Accuracy: 0.9967, Energy: -1223107.5
Time taken:  0.3456850051879883
Test Loss: 0.0000, Test Accuracy: 0.9967, Energy: -1224130.375
Time taken:  0.34790682792663574
Test Loss: 0.0000, Test Accuracy: 0.9967, Energy: -1224966.75
Time taken:  0.3455212116241455
Test Loss: 0.0000, Test Accuracy: 0.9967, Energy: -1225626.25
Time taken:  0.34804415702819824
Test Loss: 0.0000, Test Accuracy: 0.9967, Energy: -1226244.5
Time taken:  0.3445436954498291
Test Loss: 0.0000, Test Accuracy: 0.9967, Energy: -1226650.5
Time taken:  0.3483004570007324
Test Loss: 0.0000, Test Accuracy: 0.9967, Energy: -1227025.375
Time taken:  0.34836483001708984
Test Loss: 0.0000, Test Accuracy: 0.9967, Energy: -1227466.125
Time taken:  0.34381914138793945
Test Loss: 0.0000, Test Accuracy: 0.9967, Energy: -1227729.5
Time taken:  0.34774255752563477
Test Loss: 0.0000, Test Accuracy: 0.9967, Energy: -1228005.25
Time taken:  0.34450197219848633
Test Loss: 0.0000, Test Accuracy: 0.9967, Energy: -1228205.875
Time taken:  0.34708070755004883
Test Loss: 0.0000, Test Accuracy: 0.9967, Energy: -1228355.375
Time taken:  0.34720373153686523
Test Loss: 0.0000, Test Accuracy: 0.9967, Energy: -1228526.875
Time taken:  0.34486842155456543
Test Loss: 0.0000, Test Accuracy: 0.9967, Energy: -1228581.0
Time taken:  0.3475961685180664
Test Loss: 0.0000, Test Accuracy: 0.9967, Energy: -1228660.0
Time taken:  0.3432319164276123
Test Loss: 0.0000, Test Accuracy: 0.9967, Energy: -1228709.125
Time taken:  0.3485836982727051
Test Loss: 0.0000, Test Accuracy: 0.9967, Energy: -1228776.0
Time taken:  0.34404826164245605
Test Loss: 0.0000, Test Accuracy: 0.9967, Energy: -1228813.75
Time taken:  0.3637535572052002
Test Loss: 0.0000, Test Accuracy: 0.9967, Energy: -1228878.875
Time taken:  0.3476700782775879
Test Loss: 0.0000, Test Accuracy: 0.9967, Energy: -1228908.25
Time taken:  0.34465813636779785
Test Loss: 0.0000, Test Accuracy: 0.9967, Energy: -1228929.75
Time taken:  0.3457930088043213
Test Loss: 0.0000, Test Accuracy: 0.9967, Energy: -1228947.0
Time taken:  0.34413766860961914
Test Loss: 0.0000, Test Accuracy: 0.9967, Energy: -1229042.25
Time taken:  0.34795331954956055
Test Loss: 0.0000, Test Accuracy: 0.9967, Energy: -1229054.0
Time taken:  0.3444342613220215
Test Loss: 0.0000, Test Accuracy: 0.9967, Energy: -1229063.5
Time taken:  0.3467097282409668
Test Loss: 0.0000, Test Accuracy: 0.9967, Energy: -1229071.375
Time taken:  0.3475368022918701
Test Loss: 0.0000, Test Accuracy: 0.9967, Energy: -1229077.5
Time taken:  0.34447383880615234
Test Loss: 0.0000, Test Accuracy: 0.9967, Energy: -1229082.875
Time taken:  0.3484940528869629
Test Loss: 0.0000, Test Accuracy: 0.9967, Energy: -1229087.125
Time taken:  0.3438694477081299
Test Loss: 0.0000, Test Accuracy: 0.9967, Energy: -1229090.5
Time taken:  0.34588003158569336
Test Loss: 0.0000, Test Accuracy: 0.9967, Energy: -1229093.375
Time taken:  0.3433420658111572
Test Loss: 0.0000, Test Accuracy: 0.9967, Energy: -1229095.75
Time taken:  0.3474743366241455
Test Loss: 0.0000, Test Accuracy: 0.9967, Energy: -1229097.5
Time taken:  0.3463287353515625
Test Loss: 0.0000, Test Accuracy: 0.9967, Energy: -1229099.0
Time taken:  0.3441290855407715
Test Loss: 0.0000, Test Accuracy: 0.9967, Energy: -1229100.375
Time taken:  0.3467903137207031
Test Loss: 0.0000, Test Accuracy: 0.9967, Energy: -1229101.375
Time taken:  0.3427751064300537
Test Loss: 0.0000, Test Accuracy: 0.9967, Energy: -1229102.0
Time taken:  0.3455219268798828
Test Loss: 0.0000, Test Accuracy: 0.9967, Energy: -1229102.75
Time taken:  0.34313344955444336
Test Loss: 0.0000, Test Accuracy: 0.9967, Energy: -1229103.125
Time taken:  0.346804141998291
Test Loss: 0.0000, Test Accuracy: 0.9967, Energy: -1229103.75
Time taken:  0.3467743396759033
Test Loss: 0.0000, Test Accuracy: 0.9967, Energy: -1229108.75
Time taken:  0.343519926071167
Test Loss: 0.0000, Test Accuracy: 0.9967, Energy: -1229109.0
Time taken:  0.34534382820129395
Test Loss: 0.0000, Test Accuracy: 0.9967, Energy: -1229109.25
Time taken:  0.34252071380615234
Test Loss: 0.0000, Test Accuracy: 0.9967, Energy: -1229109.5
Time taken:  0.3482396602630615
Test Loss: 0.0000, Test Accuracy: 0.9967, Energy: -1229109.625
Time taken:  0.3456103801727295
Test Loss: 0.0000, Test Accuracy: 0.9967, Energy: -1229109.875
Time taken:  0.34317493438720703
Test Loss: 0.0000, Test Accuracy: 0.9967, Energy: -1229109.875
Time taken:  0.3468172550201416
Test Loss: 0.0000, Test Accuracy: 0.9967, Energy: -1229109.875
Time taken:  0.34209346771240234
Test Loss: 0.0000, Test Accuracy: 0.9967, Energy: -1229109.75
Time taken:  0.34688448905944824
Test Loss: 0.0000, Test Accuracy: 0.9967, Energy: -1229109.625
Time taken:  0.34227538108825684
Test Loss: 0.0000, Test Accuracy: 0.9967, Energy: -1229109.625
Time taken:  0.3468923568725586
Test Loss: 0.0000, Test Accuracy: 0.9967, Energy: -1229109.625
Time taken:  0.34708070755004883
Test Loss: 0.0000, Test Accuracy: 0.9967, Energy: -1229109.5
Time taken:  0.3424704074859619
Test Loss: 0.0000, Test Accuracy: 0.9967, Energy: -1229109.5
Time taken:  0.3466181755065918
Test Loss: 0.0000, Test Accuracy: 0.9967, Energy: -1229109.5
Time taken:  0.3435330390930176
Test Loss: 0.0000, Test Accuracy: 0.9967, Energy: -1229109.375
Time taken:  0.3460054397583008
Test Loss: 0.0000, Test Accuracy: 0.9967, Energy: -1229109.375
Time taken:  0.3437509536743164
Test Loss: 0.0000, Test Accuracy: 0.9967, Energy: -1229109.375
Time taken:  0.347811222076416
Test Loss: 0.0000, Test Accuracy: 0.9967, Energy: -1229109.25
Time taken:  0.3458385467529297
Test Loss: 0.0000, Test Accuracy: 0.9967, Energy: -1229109.25
Time taken:  0.34255433082580566
Test Loss: 0.0000, Test Accuracy: 0.9967, Energy: -1229109.25
Time taken:  0.34699153900146484
Test Loss: 0.0000, Test Accuracy: 0.9967, Energy: -1229109.25
Time taken:  0.3424375057220459
Test Loss: 0.0000, Test Accuracy: 0.9967, Energy: -1229109.125
Time taken:  0.34690165519714355
Test Loss: 0.0000, Test Accuracy: 0.9967, Energy: -1229109.125
Time taken:  0.3521878719329834
Test Loss: 0.0000, Test Accuracy: 0.9967, Energy: -1229109.125
Time taken:  0.35361146926879883
Test Loss: 0.0000, Test Accuracy: 0.9967, Energy: -1229109.0
Time taken:  0.34667038917541504
Test Loss: 0.0000, Test Accuracy: 0.9967, Energy: -1229109.0
Time taken:  0.3442540168762207
Test Loss: 0.0000, Test Accuracy: 0.9967, Energy: -1229109.0
Time taken:  0.3488640785217285
Test Loss: 0.0000, Test Accuracy: 0.9967, Energy: -1229108.875
Time taken:  0.3508434295654297
Test Loss: 0.0000, Test Accuracy: 0.9967, Energy: -1229108.875
Time taken:  0.3483164310455322
Test Loss: 0.0000, Test Accuracy: 0.9967, Energy: -1229108.875
Time taken:  0.345930814743042
Final accuracies: [0.9966666666666667, 0.9966666666666667, 0.9966666666666667, 0.9966666666666667, 0.9966666666666667, 0.9966666666666667, 0.9966666666666667, 0.9966666666666667, 0.9966666666666667, 0.9966666666666667, 0.9966666666666667, 0.9966666666666667, 0.9966666666666667, 0.9966666666666667, 0.9966666666666667, 0.9966666666666667, 0.9966666666666667, 0.9966666666666667, 0.9966666666666667, 0.9966666666666667, 0.9966666666666667, 0.9966666666666667, 0.9966666666666667, 0.9966666666666667, 0.9966666666666667, 0.9966666666666667, 0.9966666666666667, 0.9966666666666667, 0.9966666666666667, 0.9966666666666667, 0.9966666666666667, 0.9966666666666667, 0.9966666666666667, 0.9966666666666667, 0.9966666666666667, 0.9966666666666667, 0.9966666666666667, 0.9966666666666667, 0.9966666666666667, 0.9966666666666667, 0.9966666666666667, 0.9966666666666667, 0.9966666666666667, 0.9966666666666667, 0.9966666666666667, 0.9966666666666667, 0.9966666666666667, 0.9966666666666667, 0.9966666666666667, 0.9966666666666667, 0.9966666666666667, 0.9966666666666667, 0.9966666666666667, 0.9966666666666667, 0.9966666666666667, 0.9966666666666667, 0.9966666666666667, 0.9966666666666667, 0.9966666666666667, 0.9966666666666667, 0.9966666666666667, 0.9966666666666667, 0.9966666666666667, 0.9966666666666667, 0.9966666666666667, 0.9966666666666667, 0.9966666666666667, 0.9966666666666667, 0.9966666666666667, 0.9966666666666667, 0.9966666666666667, 0.9966666666666667, 0.9966666666666667, 0.9966666666666667, 0.9966666666666667, 0.9966666666666667, 0.9966666666666667, 0.9966666666666667, 0.9966666666666667, 0.9966666666666667, 0.9966666666666667, 0.9966666666666667, 0.9966666666666667, 0.9966666666666667, 0.9966666666666667, 0.9966666666666667, 0.9966666666666667, 0.9966666666666667, 0.9966666666666667, 0.9966666666666667, 0.9966666666666667, 0.9966666666666667, 0.9966666666666667, 0.9966666666666667, 0.9966666666666667, 0.9966666666666667, 0.9966666666666667, 0.9966666666666667, 0.9966666666666667, 0.9966666666666667]
Final energies: [-202.37014770507812, -22166.216796875, -142089.53125, -348133.75, -513553.25, -638178.1875, -739517.375, -824213.75, -892311.0, -950042.0, -997411.0, -1037687.75, -1069946.25, -1097068.875, -1119475.75, -1138120.125, -1153753.625, -1166739.5, -1177592.5, -1187008.875, -1194185.125, -1200274.5, -1205413.5, -1209434.5, -1212995.625, -1215847.375, -1218193.375, -1220135.625, -1221646.5, -1223107.5, -1224130.375, -1224966.75, -1225626.25, -1226244.5, -1226650.5, -1227025.375, -1227466.125, -1227729.5, -1228005.25, -1228205.875, -1228355.375, -1228526.875, -1228581.0, -1228660.0, -1228709.125, -1228776.0, -1228813.75, -1228878.875, -1228908.25, -1228929.75, -1228947.0, -1229042.25, -1229054.0, -1229063.5, -1229071.375, -1229077.5, -1229082.875, -1229087.125, -1229090.5, -1229093.375, -1229095.75, -1229097.5, -1229099.0, -1229100.375, -1229101.375, -1229102.0, -1229102.75, -1229103.125, -1229103.75, -1229108.75, -1229109.0, -1229109.25, -1229109.5, -1229109.625, -1229109.875, -1229109.875, -1229109.875, -1229109.75, -1229109.625, -1229109.625, -1229109.625, -1229109.5, -1229109.5, -1229109.5, -1229109.375, -1229109.375, -1229109.375, -1229109.25, -1229109.25, -1229109.25, -1229109.25, -1229109.125, -1229109.125, -1229109.125, -1229109.0, -1229109.0, -1229109.0, -1229108.875, -1229108.875, -1229108.875]
