Running with parameters: hidden=30, use_coupled=true, seed=73, lam=0.1, eta=0.5, batch=50
Test Loss: 0.0000, Test Accuracy: 0.9900, Energy: -2092.0419921875
Time taken:  0.6779730319976807
Test Loss: 0.0000, Test Accuracy: 0.9967, Energy: -53723.9375
Time taken:  0.37392640113830566
Test Loss: 0.0000, Test Accuracy: 0.9967, Energy: -219835.765625
Time taken:  0.36701178550720215
Test Loss: 0.0000, Test Accuracy: 0.9967, Energy: -406141.3125
Time taken:  0.37116527557373047
Test Loss: 0.0000, Test Accuracy: 0.9967, Energy: -565584.75
Time taken:  0.3668537139892578
Test Loss: 0.0000, Test Accuracy: 0.9967, Energy: -693869.8125
Time taken:  0.36212658882141113
Test Loss: 0.0000, Test Accuracy: 0.9967, Energy: -799526.3125
Time taken:  0.3610379695892334
Test Loss: 0.0000, Test Accuracy: 0.9967, Energy: -884436.375
Time taken:  0.3632936477661133
Test Loss: 0.0000, Test Accuracy: 0.9967, Energy: -954289.375
Time taken:  0.3623523712158203
Test Loss: 0.0000, Test Accuracy: 0.9967, Energy: -1012228.25
Time taken:  0.37253832817077637
Test Loss: 0.0000, Test Accuracy: 0.9967, Energy: -1061612.25
Time taken:  0.37070131301879883
Test Loss: 0.0000, Test Accuracy: 0.9967, Energy: -1101184.625
Time taken:  0.36451268196105957
Test Loss: 0.0000, Test Accuracy: 0.9967, Energy: -1134171.0
Time taken:  0.3692443370819092
Test Loss: 0.0000, Test Accuracy: 0.9967, Energy: -1161361.375
Time taken:  0.3690168857574463
Test Loss: 0.0000, Test Accuracy: 0.9967, Energy: -1183845.875
Time taken:  0.365511417388916
Test Loss: 0.0000, Test Accuracy: 0.9967, Energy: -1202002.5
Time taken:  0.36980128288269043
Test Loss: 0.0000, Test Accuracy: 0.9967, Energy: -1217895.625
Time taken:  0.36797332763671875
Test Loss: 0.0000, Test Accuracy: 0.9967, Energy: -1231113.625
Time taken:  0.36484861373901367
Test Loss: 0.0000, Test Accuracy: 0.9967, Energy: -1241582.0
Time taken:  0.3667020797729492
Test Loss: 0.0000, Test Accuracy: 0.9967, Energy: -1250283.5
Time taken:  0.36577439308166504
Test Loss: 0.0000, Test Accuracy: 0.9967, Energy: -1257713.0
Time taken:  0.36370062828063965
Test Loss: 0.0000, Test Accuracy: 0.9967, Energy: -1263719.0
Time taken:  0.3649923801422119
Test Loss: 0.0000, Test Accuracy: 0.9967, Energy: -1268441.625
Time taken:  0.36218786239624023
Test Loss: 0.0000, Test Accuracy: 0.9967, Energy: -1272342.5
Time taken:  0.3710136413574219
Test Loss: 0.0000, Test Accuracy: 0.9967, Energy: -1275639.25
Time taken:  0.3663456439971924
Test Loss: 0.0000, Test Accuracy: 0.9967, Energy: -1278453.75
Time taken:  0.36586880683898926
Test Loss: 0.0000, Test Accuracy: 0.9967, Energy: -1280695.125
Time taken:  0.36301350593566895
Test Loss: 0.0000, Test Accuracy: 0.9967, Energy: -1282502.5
Time taken:  0.3657646179199219
Test Loss: 0.0000, Test Accuracy: 0.9967, Energy: -1284153.0
Time taken:  0.3592047691345215
Test Loss: 0.0000, Test Accuracy: 0.9967, Energy: -1285498.75
Time taken:  0.36259913444519043
Test Loss: 0.0000, Test Accuracy: 0.9967, Energy: -1286704.5
Time taken:  0.36245155334472656
Test Loss: 0.0000, Test Accuracy: 0.9967, Energy: -1287573.25
Time taken:  0.36402106285095215
Test Loss: 0.0000, Test Accuracy: 0.9967, Energy: -1288130.5
Time taken:  0.3671572208404541
Test Loss: 0.0000, Test Accuracy: 0.9967, Energy: -1288812.0
Time taken:  0.3671596050262451
Test Loss: 0.0000, Test Accuracy: 0.9967, Energy: -1289314.0
Time taken:  0.3674473762512207
Test Loss: 0.0000, Test Accuracy: 0.9967, Energy: -1289735.75
Time taken:  0.36672282218933105
Test Loss: 0.0000, Test Accuracy: 0.9967, Energy: -1290035.375
Time taken:  0.3624129295349121
Test Loss: 0.0000, Test Accuracy: 0.9967, Energy: -1290307.25
Time taken:  0.36359333992004395
Test Loss: 0.0000, Test Accuracy: 0.9967, Energy: -1290547.125
Time taken:  0.3638913631439209
Test Loss: 0.0000, Test Accuracy: 0.9967, Energy: -1290735.5
Time taken:  0.362138032913208
Test Loss: 0.0000, Test Accuracy: 0.9967, Energy: -1290885.75
Time taken:  0.3693408966064453
Test Loss: 0.0000, Test Accuracy: 0.9967, Energy: -1290989.0
Time taken:  0.36205124855041504
Test Loss: 0.0000, Test Accuracy: 0.9967, Energy: -1291098.0
Time taken:  0.35794997215270996
Test Loss: 0.0000, Test Accuracy: 0.9967, Energy: -1291184.375
Time taken:  0.3652174472808838
Test Loss: 0.0000, Test Accuracy: 0.9967, Energy: -1291253.625
Time taken:  0.3587336540222168
Test Loss: 0.0000, Test Accuracy: 0.9967, Energy: -1291330.625
Time taken:  0.36461353302001953
Test Loss: 0.0000, Test Accuracy: 0.9967, Energy: -1291367.875
Time taken:  0.3879706859588623
Test Loss: 0.0000, Test Accuracy: 0.9967, Energy: -1291392.25
Time taken:  0.3629453182220459
Test Loss: 0.0000, Test Accuracy: 0.9967, Energy: -1291414.5
Time taken:  0.3616905212402344
Test Loss: 0.0000, Test Accuracy: 0.9967, Energy: -1291432.0
Time taken:  0.3638772964477539
Test Loss: 0.0000, Test Accuracy: 0.9967, Energy: -1291427.5
Time taken:  0.3587772846221924
Test Loss: 0.0000, Test Accuracy: 0.9967, Energy: -1291443.25
Time taken:  0.3613917827606201
Test Loss: 0.0000, Test Accuracy: 0.9967, Energy: -1291451.125
Time taken:  0.36390161514282227
Test Loss: 0.0000, Test Accuracy: 0.9967, Energy: -1291483.75
Time taken:  0.3641622066497803
Test Loss: 0.0000, Test Accuracy: 0.9967, Energy: -1291487.5
Time taken:  0.36987781524658203
Test Loss: 0.0000, Test Accuracy: 0.9967, Energy: -1291469.25
Time taken:  0.36525678634643555
Test Loss: 0.0000, Test Accuracy: 0.9967, Energy: -1291470.5
Time taken:  0.37093472480773926
Test Loss: 0.0000, Test Accuracy: 0.9967, Energy: -1291470.625
Time taken:  0.36905908584594727
Test Loss: 0.0000, Test Accuracy: 0.9967, Energy: -1291479.5
Time taken:  0.3659079074859619
Test Loss: 0.0000, Test Accuracy: 0.9967, Energy: -1291468.125
Time taken:  0.37009215354919434
Test Loss: 0.0000, Test Accuracy: 0.9967, Energy: -1291473.625
Time taken:  0.36782097816467285
Test Loss: 0.0000, Test Accuracy: 0.9967, Energy: -1291471.0
Time taken:  0.3674633502960205
Test Loss: 0.0000, Test Accuracy: 0.9967, Energy: -1291468.625
Time taken:  0.3680243492126465
Test Loss: 0.0000, Test Accuracy: 0.9967, Energy: -1291465.875
Time taken:  0.36542177200317383
Test Loss: 0.0000, Test Accuracy: 0.9967, Energy: -1291462.25
Time taken:  0.3692452907562256
Test Loss: 0.0000, Test Accuracy: 0.9967, Energy: -1291459.625
Time taken:  0.3646817207336426
Test Loss: 0.0000, Test Accuracy: 0.9967, Energy: -1291452.875
Time taken:  0.3637709617614746
Test Loss: 0.0000, Test Accuracy: 0.9967, Energy: -1291424.75
Time taken:  0.3640708923339844
Test Loss: 0.0000, Test Accuracy: 0.9967, Energy: -1291421.375
Time taken:  0.36563634872436523
Test Loss: 0.0000, Test Accuracy: 0.9967, Energy: -1291417.625
Time taken:  0.362809419631958
Test Loss: 0.0000, Test Accuracy: 0.9967, Energy: -1291414.0
Time taken:  0.36281704902648926
Test Loss: 0.0000, Test Accuracy: 0.9967, Energy: -1291410.375
Time taken:  0.363985538482666
Test Loss: 0.0000, Test Accuracy: 0.9967, Energy: -1291406.875
Time taken:  0.35982656478881836
Test Loss: 0.0000, Test Accuracy: 0.9967, Energy: -1291403.5
Time taken:  0.3625221252441406
Test Loss: 0.0000, Test Accuracy: 0.9967, Energy: -1291404.375
Time taken:  0.36390018463134766
Test Loss: 0.0000, Test Accuracy: 0.9967, Energy: -1291400.5
Time taken:  0.3682432174682617
Test Loss: 0.0000, Test Accuracy: 0.9967, Energy: -1291396.375
Time taken:  0.36643314361572266
Test Loss: 0.0000, Test Accuracy: 0.9967, Energy: -1291404.375
Time taken:  0.3643684387207031
Test Loss: 0.0000, Test Accuracy: 0.9967, Energy: -1291400.625
Time taken:  0.3654322624206543
Test Loss: 0.0000, Test Accuracy: 0.9967, Energy: -1291396.75
Time taken:  0.36609721183776855
Test Loss: 0.0000, Test Accuracy: 0.9967, Energy: -1291389.0
Time taken:  0.36675024032592773
Test Loss: 0.0000, Test Accuracy: 0.9967, Energy: -1291379.5
Time taken:  0.365109920501709
Test Loss: 0.0000, Test Accuracy: 0.9967, Energy: -1291364.625
Time taken:  0.365307092666626
Test Loss: 0.0000, Test Accuracy: 0.9967, Energy: -1291346.625
Time taken:  0.3650226593017578
Test Loss: 0.0000, Test Accuracy: 0.9967, Energy: -1291327.75
Time taken:  0.3655226230621338
Test Loss: 0.0000, Test Accuracy: 0.9967, Energy: -1291322.375
Time taken:  0.3730282783508301
Test Loss: 0.0000, Test Accuracy: 0.9967, Energy: -1291281.875
Time taken:  0.3644893169403076
Test Loss: 0.0000, Test Accuracy: 0.9967, Energy: -1291277.375
Time taken:  0.3678317070007324
Test Loss: 0.0000, Test Accuracy: 0.9967, Energy: -1291275.0
Time taken:  0.3714733123779297
Test Loss: 0.0000, Test Accuracy: 0.9967, Energy: -1291271.25
Time taken:  0.36560869216918945
Test Loss: 0.0000, Test Accuracy: 0.9967, Energy: -1291265.375
Time taken:  0.36958956718444824
Test Loss: 0.0000, Test Accuracy: 0.9967, Energy: -1291261.75
Time taken:  0.3701364994049072
Test Loss: 0.0000, Test Accuracy: 0.9967, Energy: -1291230.0
Time taken:  0.3619370460510254
Test Loss: 0.0000, Test Accuracy: 0.9967, Energy: -1291226.25
Time taken:  0.36625123023986816
Test Loss: 0.0000, Test Accuracy: 0.9967, Energy: -1291222.75
Time taken:  0.3622112274169922
Test Loss: 0.0000, Test Accuracy: 0.9967, Energy: -1291216.875
Time taken:  0.361804723739624
Test Loss: 0.0000, Test Accuracy: 0.9967, Energy: -1291213.375
Time taken:  0.36350035667419434
Test Loss: 0.0000, Test Accuracy: 0.9967, Energy: -1291147.875
Time taken:  0.3637862205505371
Test Loss: 0.0000, Test Accuracy: 0.9967, Energy: -1291144.75
Time taken:  0.36611437797546387
Test Loss: 0.0000, Test Accuracy: 0.9967, Energy: -1291141.25
Time taken:  0.3673264980316162
Final accuracies: [0.99, 0.9966666666666667, 0.9966666666666667, 0.9966666666666667, 0.9966666666666667, 0.9966666666666667, 0.9966666666666667, 0.9966666666666667, 0.9966666666666667, 0.9966666666666667, 0.9966666666666667, 0.9966666666666667, 0.9966666666666667, 0.9966666666666667, 0.9966666666666667, 0.9966666666666667, 0.9966666666666667, 0.9966666666666667, 0.9966666666666667, 0.9966666666666667, 0.9966666666666667, 0.9966666666666667, 0.9966666666666667, 0.9966666666666667, 0.9966666666666667, 0.9966666666666667, 0.9966666666666667, 0.9966666666666667, 0.9966666666666667, 0.9966666666666667, 0.9966666666666667, 0.9966666666666667, 0.9966666666666667, 0.9966666666666667, 0.9966666666666667, 0.9966666666666667, 0.9966666666666667, 0.9966666666666667, 0.9966666666666667, 0.9966666666666667, 0.9966666666666667, 0.9966666666666667, 0.9966666666666667, 0.9966666666666667, 0.9966666666666667, 0.9966666666666667, 0.9966666666666667, 0.9966666666666667, 0.9966666666666667, 0.9966666666666667, 0.9966666666666667, 0.9966666666666667, 0.9966666666666667, 0.9966666666666667, 0.9966666666666667, 0.9966666666666667, 0.9966666666666667, 0.9966666666666667, 0.9966666666666667, 0.9966666666666667, 0.9966666666666667, 0.9966666666666667, 0.9966666666666667, 0.9966666666666667, 0.9966666666666667, 0.9966666666666667, 0.9966666666666667, 0.9966666666666667, 0.9966666666666667, 0.9966666666666667, 0.9966666666666667, 0.9966666666666667, 0.9966666666666667, 0.9966666666666667, 0.9966666666666667, 0.9966666666666667, 0.9966666666666667, 0.9966666666666667, 0.9966666666666667, 0.9966666666666667, 0.9966666666666667, 0.9966666666666667, 0.9966666666666667, 0.9966666666666667, 0.9966666666666667, 0.9966666666666667, 0.9966666666666667, 0.9966666666666667, 0.9966666666666667, 0.9966666666666667, 0.9966666666666667, 0.9966666666666667, 0.9966666666666667, 0.9966666666666667, 0.9966666666666667, 0.9966666666666667, 0.9966666666666667, 0.9966666666666667, 0.9966666666666667, 0.9966666666666667]
Final energies: [-2092.0419921875, -53723.9375, -219835.765625, -406141.3125, -565584.75, -693869.8125, -799526.3125, -884436.375, -954289.375, -1012228.25, -1061612.25, -1101184.625, -1134171.0, -1161361.375, -1183845.875, -1202002.5, -1217895.625, -1231113.625, -1241582.0, -1250283.5, -1257713.0, -1263719.0, -1268441.625, -1272342.5, -1275639.25, -1278453.75, -1280695.125, -1282502.5, -1284153.0, -1285498.75, -1286704.5, -1287573.25, -1288130.5, -1288812.0, -1289314.0, -1289735.75, -1290035.375, -1290307.25, -1290547.125, -1290735.5, -1290885.75, -1290989.0, -1291098.0, -1291184.375, -1291253.625, -1291330.625, -1291367.875, -1291392.25, -1291414.5, -1291432.0, -1291427.5, -1291443.25, -1291451.125, -1291483.75, -1291487.5, -1291469.25, -1291470.5, -1291470.625, -1291479.5, -1291468.125, -1291473.625, -1291471.0, -1291468.625, -1291465.875, -1291462.25, -1291459.625, -1291452.875, -1291424.75, -1291421.375, -1291417.625, -1291414.0, -1291410.375, -1291406.875, -1291403.5, -1291404.375, -1291400.5, -1291396.375, -1291404.375, -1291400.625, -1291396.75, -1291389.0, -1291379.5, -1291364.625, -1291346.625, -1291327.75, -1291322.375, -1291281.875, -1291277.375, -1291275.0, -1291271.25, -1291265.375, -1291261.75, -1291230.0, -1291226.25, -1291222.75, -1291216.875, -1291213.375, -1291147.875, -1291144.75, -1291141.25]
