Running with parameters: hidden=30, use_coupled=true, seed=29, lam=0.1, eta=0.5, batch=50
Test Loss: 0.0000, Test Accuracy: 0.9967, Energy: -3598.719970703125
Time taken:  0.38858532905578613
Test Loss: 0.0000, Test Accuracy: 1.0000, Energy: -51381.8984375
Time taken:  0.34897279739379883
Test Loss: 0.0000, Test Accuracy: 0.9967, Energy: -181864.171875
Time taken:  0.3459770679473877
Test Loss: 0.0000, Test Accuracy: 0.9967, Energy: -319391.0
Time taken:  0.34644341468811035
Test Loss: 0.0000, Test Accuracy: 0.9967, Energy: -438989.3125
Time taken:  0.34942030906677246
Test Loss: 0.0000, Test Accuracy: 0.9967, Energy: -536625.1875
Time taken:  0.3453192710876465
Test Loss: 0.0000, Test Accuracy: 0.9967, Energy: -613675.1875
Time taken:  0.3484611511230469
Test Loss: 0.0000, Test Accuracy: 0.9967, Energy: -675943.8125
Time taken:  0.34418177604675293
Test Loss: 0.0000, Test Accuracy: 0.9967, Energy: -726378.5625
Time taken:  0.34764599800109863
Test Loss: 0.0000, Test Accuracy: 0.9967, Energy: -768780.5625
Time taken:  0.34877562522888184
Test Loss: 0.0000, Test Accuracy: 0.9967, Energy: -803340.4375
Time taken:  0.3459031581878662
Test Loss: 0.0000, Test Accuracy: 0.9967, Energy: -832554.4375
Time taken:  0.35050368309020996
Test Loss: 0.0000, Test Accuracy: 0.9967, Energy: -857498.875
Time taken:  0.3476243019104004
Test Loss: 0.0000, Test Accuracy: 0.9967, Energy: -877426.375
Time taken:  0.3502533435821533
Test Loss: 0.0000, Test Accuracy: 0.9967, Energy: -894320.375
Time taken:  0.3503284454345703
Test Loss: 0.0000, Test Accuracy: 0.9967, Energy: -908574.6875
Time taken:  0.3474240303039551
Test Loss: 0.0000, Test Accuracy: 0.9967, Energy: -920282.875
Time taken:  0.34972715377807617
Test Loss: 0.0000, Test Accuracy: 0.9967, Energy: -929747.875
Time taken:  0.35048818588256836
Test Loss: 0.0000, Test Accuracy: 0.9967, Energy: -937683.75
Time taken:  0.34699106216430664
Test Loss: 0.0000, Test Accuracy: 0.9967, Energy: -944079.1875
Time taken:  0.3500199317932129
Test Loss: 0.0000, Test Accuracy: 0.9967, Energy: -949222.875
Time taken:  0.3466346263885498
Test Loss: 0.0000, Test Accuracy: 0.9967, Energy: -953893.625
Time taken:  0.3509676456451416
Test Loss: 0.0000, Test Accuracy: 0.9967, Energy: -958034.875
Time taken:  0.34954071044921875
Test Loss: 0.0000, Test Accuracy: 0.9967, Energy: -961028.875
Time taken:  0.3502039909362793
Test Loss: 0.0000, Test Accuracy: 0.9967, Energy: -963238.8125
Time taken:  0.3536536693572998
Test Loss: 0.0000, Test Accuracy: 0.9967, Energy: -965199.25
Time taken:  0.3484513759613037
Test Loss: 0.0000, Test Accuracy: 0.9967, Energy: -966750.625
Time taken:  0.3513185977935791
Test Loss: 0.0000, Test Accuracy: 0.9967, Energy: -968182.0
Time taken:  0.3509981632232666
Test Loss: 0.0000, Test Accuracy: 0.9967, Energy: -969475.625
Time taken:  0.34831929206848145
Test Loss: 0.0000, Test Accuracy: 0.9967, Energy: -970453.25
Time taken:  0.3505101203918457
Test Loss: 0.0000, Test Accuracy: 0.9967, Energy: -971549.6875
Time taken:  0.3502216339111328
Test Loss: 0.0000, Test Accuracy: 0.9967, Energy: -972135.6875
Time taken:  0.3477771282196045
Test Loss: 0.0000, Test Accuracy: 0.9967, Energy: -972746.75
Time taken:  0.34834814071655273
Test Loss: 0.0000, Test Accuracy: 0.9967, Energy: -973187.875
Time taken:  0.34320068359375
Test Loss: 0.0000, Test Accuracy: 0.9967, Energy: -973514.9375
Time taken:  0.34931373596191406
Test Loss: 0.0000, Test Accuracy: 0.9967, Energy: -973760.375
Time taken:  0.34943604469299316
Test Loss: 0.0000, Test Accuracy: 0.9967, Energy: -974150.375
Time taken:  0.34732556343078613
Test Loss: 0.0000, Test Accuracy: 0.9967, Energy: -974327.75
Time taken:  0.35202527046203613
Test Loss: 0.0000, Test Accuracy: 0.9967, Energy: -974495.75
Time taken:  0.3472466468811035
Test Loss: 0.0000, Test Accuracy: 0.9967, Energy: -974705.0
Time taken:  0.35216569900512695
Test Loss: 0.0000, Test Accuracy: 0.9967, Energy: -974799.1875
Time taken:  0.35039687156677246
Test Loss: 0.0000, Test Accuracy: 0.9967, Energy: -974935.5
Time taken:  0.34760022163391113
Test Loss: 0.0000, Test Accuracy: 0.9967, Energy: -974999.625
Time taken:  0.35154175758361816
Test Loss: 0.0000, Test Accuracy: 0.9967, Energy: -975077.3125
Time taken:  0.3481004238128662
Test Loss: 0.0000, Test Accuracy: 0.9967, Energy: -975147.4375
Time taken:  0.3508925437927246
Test Loss: 0.0000, Test Accuracy: 0.9967, Energy: -975192.4375
Time taken:  0.35135746002197266
Test Loss: 0.0000, Test Accuracy: 0.9967, Energy: -975272.3125
Time taken:  0.34659481048583984
Test Loss: 0.0000, Test Accuracy: 0.9967, Energy: -975321.0
Time taken:  0.349334716796875
Test Loss: 0.0000, Test Accuracy: 0.9967, Energy: -975340.5
Time taken:  0.3508124351501465
Test Loss: 0.0000, Test Accuracy: 0.9967, Energy: -975379.8125
Time taken:  0.34807753562927246
Test Loss: 0.0000, Test Accuracy: 0.9967, Energy: -975400.9375
Time taken:  0.35099029541015625
Test Loss: 0.0000, Test Accuracy: 0.9967, Energy: -975431.375
Time taken:  0.3463773727416992
Test Loss: 0.0000, Test Accuracy: 0.9967, Energy: -975444.875
Time taken:  0.34922218322753906
Test Loss: 0.0000, Test Accuracy: 0.9967, Energy: -975452.125
Time taken:  0.3498666286468506
Test Loss: 0.0000, Test Accuracy: 0.9967, Energy: -975457.875
Time taken:  0.34781789779663086
Test Loss: 0.0000, Test Accuracy: 0.9967, Energy: -975462.6875
Time taken:  0.3504199981689453
Test Loss: 0.0000, Test Accuracy: 0.9967, Energy: -975466.75
Time taken:  0.3466217517852783
Test Loss: 0.0000, Test Accuracy: 0.9967, Energy: -975469.75
Time taken:  0.34867358207702637
Test Loss: 0.0000, Test Accuracy: 0.9967, Energy: -975472.3125
Time taken:  0.3482644557952881
Test Loss: 0.0000, Test Accuracy: 0.9967, Energy: -975474.5
Time taken:  0.34680938720703125
Test Loss: 0.0000, Test Accuracy: 0.9967, Energy: -975476.25
Time taken:  0.3490009307861328
Test Loss: 0.0000, Test Accuracy: 0.9967, Energy: -975477.625
Time taken:  0.34528565406799316
Test Loss: 0.0000, Test Accuracy: 0.9967, Energy: -975478.75
Time taken:  0.3500022888183594
Test Loss: 0.0000, Test Accuracy: 0.9967, Energy: -975479.625
Time taken:  0.35012149810791016
Test Loss: 0.0000, Test Accuracy: 0.9967, Energy: -975480.5
Time taken:  0.34662938117980957
Test Loss: 0.0000, Test Accuracy: 0.9967, Energy: -975481.0
Time taken:  0.34918785095214844
Test Loss: 0.0000, Test Accuracy: 0.9967, Energy: -975481.6875
Time taken:  0.35080957412719727
Test Loss: 0.0000, Test Accuracy: 0.9967, Energy: -975481.9375
Time taken:  0.34665799140930176
Test Loss: 0.0000, Test Accuracy: 0.9967, Energy: -975482.5
Time taken:  0.3502528667449951
Test Loss: 0.0000, Test Accuracy: 0.9967, Energy: -975482.6875
Time taken:  0.34853601455688477
Test Loss: 0.0000, Test Accuracy: 0.9967, Energy: -975482.75
Time taken:  0.35288524627685547
Test Loss: 0.0000, Test Accuracy: 0.9967, Energy: -975482.9375
Time taken:  0.351184606552124
Test Loss: 0.0000, Test Accuracy: 0.9967, Energy: -975483.25
Time taken:  0.34887051582336426
Test Loss: 0.0000, Test Accuracy: 0.9967, Energy: -975483.5
Time taken:  0.3521265983581543
Test Loss: 0.0000, Test Accuracy: 0.9967, Energy: -975483.375
Time taken:  0.34946179389953613
Test Loss: 0.0000, Test Accuracy: 0.9967, Energy: -975483.5
Time taken:  0.3531649112701416
Test Loss: 0.0000, Test Accuracy: 0.9967, Energy: -975483.5
Time taken:  0.3517186641693115
Test Loss: 0.0000, Test Accuracy: 0.9967, Energy: -975483.5625
Time taken:  0.3484938144683838
Test Loss: 0.0000, Test Accuracy: 0.9967, Energy: -975483.5625
Time taken:  0.35076475143432617
Test Loss: 0.0000, Test Accuracy: 0.9967, Energy: -975483.5
Time taken:  0.3521726131439209
Test Loss: 0.0000, Test Accuracy: 0.9967, Energy: -975483.5
Time taken:  0.35045528411865234
Test Loss: 0.0000, Test Accuracy: 0.9967, Energy: -975483.5
Time taken:  0.35138440132141113
Test Loss: 0.0000, Test Accuracy: 0.9967, Energy: -975483.5
Time taken:  0.3429722785949707
Test Loss: 0.0000, Test Accuracy: 0.9967, Energy: -975483.5
Time taken:  0.3515651226043701
Test Loss: 0.0000, Test Accuracy: 0.9967, Energy: -975483.5
Time taken:  0.3509559631347656
Test Loss: 0.0000, Test Accuracy: 0.9967, Energy: -975483.5
Time taken:  0.3477597236633301
Test Loss: 0.0000, Test Accuracy: 0.9967, Energy: -975483.5
Time taken:  0.35068631172180176
Test Loss: 0.0000, Test Accuracy: 0.9967, Energy: -975483.4375
Time taken:  0.34923315048217773
Test Loss: 0.0000, Test Accuracy: 0.9967, Energy: -975483.4375
Time taken:  0.3515801429748535
Test Loss: 0.0000, Test Accuracy: 0.9967, Energy: -975483.4375
Time taken:  0.3500843048095703
Test Loss: 0.0000, Test Accuracy: 0.9967, Energy: -975483.3125
Time taken:  0.3479032516479492
Test Loss: 0.0000, Test Accuracy: 0.9967, Energy: -975483.3125
Time taken:  0.35066843032836914
Test Loss: 0.0000, Test Accuracy: 0.9967, Energy: -975483.3125
Time taken:  0.3520803451538086
Test Loss: 0.0000, Test Accuracy: 0.9967, Energy: -975483.3125
Time taken:  0.34830427169799805
Test Loss: 0.0000, Test Accuracy: 0.9967, Energy: -975483.25
Time taken:  0.35251379013061523
Test Loss: 0.0000, Test Accuracy: 0.9967, Energy: -975483.25
Time taken:  0.3480112552642822
Test Loss: 0.0000, Test Accuracy: 0.9967, Energy: -975483.25
Time taken:  0.3513627052307129
Test Loss: 0.0000, Test Accuracy: 0.9967, Energy: -975483.25
Time taken:  0.3512740135192871
Test Loss: 0.0000, Test Accuracy: 0.9967, Energy: -975483.25
Time taken:  0.3489344120025635
Test Loss: 0.0000, Test Accuracy: 0.9967, Energy: -975483.25
Time taken:  0.35167360305786133
Final accuracies: [0.9966666666666667, 1.0, 0.9966666666666667, 0.9966666666666667, 0.9966666666666667, 0.9966666666666667, 0.9966666666666667, 0.9966666666666667, 0.9966666666666667, 0.9966666666666667, 0.9966666666666667, 0.9966666666666667, 0.9966666666666667, 0.9966666666666667, 0.9966666666666667, 0.9966666666666667, 0.9966666666666667, 0.9966666666666667, 0.9966666666666667, 0.9966666666666667, 0.9966666666666667, 0.9966666666666667, 0.9966666666666667, 0.9966666666666667, 0.9966666666666667, 0.9966666666666667, 0.9966666666666667, 0.9966666666666667, 0.9966666666666667, 0.9966666666666667, 0.9966666666666667, 0.9966666666666667, 0.9966666666666667, 0.9966666666666667, 0.9966666666666667, 0.9966666666666667, 0.9966666666666667, 0.9966666666666667, 0.9966666666666667, 0.9966666666666667, 0.9966666666666667, 0.9966666666666667, 0.9966666666666667, 0.9966666666666667, 0.9966666666666667, 0.9966666666666667, 0.9966666666666667, 0.9966666666666667, 0.9966666666666667, 0.9966666666666667, 0.9966666666666667, 0.9966666666666667, 0.9966666666666667, 0.9966666666666667, 0.9966666666666667, 0.9966666666666667, 0.9966666666666667, 0.9966666666666667, 0.9966666666666667, 0.9966666666666667, 0.9966666666666667, 0.9966666666666667, 0.9966666666666667, 0.9966666666666667, 0.9966666666666667, 0.9966666666666667, 0.9966666666666667, 0.9966666666666667, 0.9966666666666667, 0.9966666666666667, 0.9966666666666667, 0.9966666666666667, 0.9966666666666667, 0.9966666666666667, 0.9966666666666667, 0.9966666666666667, 0.9966666666666667, 0.9966666666666667, 0.9966666666666667, 0.9966666666666667, 0.9966666666666667, 0.9966666666666667, 0.9966666666666667, 0.9966666666666667, 0.9966666666666667, 0.9966666666666667, 0.9966666666666667, 0.9966666666666667, 0.9966666666666667, 0.9966666666666667, 0.9966666666666667, 0.9966666666666667, 0.9966666666666667, 0.9966666666666667, 0.9966666666666667, 0.9966666666666667, 0.9966666666666667, 0.9966666666666667, 0.9966666666666667, 0.9966666666666667]
Final energies: [-3598.719970703125, -51381.8984375, -181864.171875, -319391.0, -438989.3125, -536625.1875, -613675.1875, -675943.8125, -726378.5625, -768780.5625, -803340.4375, -832554.4375, -857498.875, -877426.375, -894320.375, -908574.6875, -920282.875, -929747.875, -937683.75, -944079.1875, -949222.875, -953893.625, -958034.875, -961028.875, -963238.8125, -965199.25, -966750.625, -968182.0, -969475.625, -970453.25, -971549.6875, -972135.6875, -972746.75, -973187.875, -973514.9375, -973760.375, -974150.375, -974327.75, -974495.75, -974705.0, -974799.1875, -974935.5, -974999.625, -975077.3125, -975147.4375, -975192.4375, -975272.3125, -975321.0, -975340.5, -975379.8125, -975400.9375, -975431.375, -975444.875, -975452.125, -975457.875, -975462.6875, -975466.75, -975469.75, -975472.3125, -975474.5, -975476.25, -975477.625, -975478.75, -975479.625, -975480.5, -975481.0, -975481.6875, -975481.9375, -975482.5, -975482.6875, -975482.75, -975482.9375, -975483.25, -975483.5, -975483.375, -975483.5, -975483.5, -975483.5625, -975483.5625, -975483.5, -975483.5, -975483.5, -975483.5, -975483.5, -975483.5, -975483.5, -975483.5, -975483.4375, -975483.4375, -975483.4375, -975483.3125, -975483.3125, -975483.3125, -975483.3125, -975483.25, -975483.25, -975483.25, -975483.25, -975483.25, -975483.25]
