Running with parameters: hidden=50, use_coupled=true, seed=47, lam=0.5, eta=0.5, batch=100
Test Loss: 0.0000, Test Accuracy: 0.5567, Energy: -180.98471069335938
Time taken:  0.41945576667785645
Test Loss: 0.0000, Test Accuracy: 1.0000, Energy: -5163.787109375
Time taken:  0.5288522243499756
Test Loss: 0.0000, Test Accuracy: 0.9967, Energy: -34312.1484375
Time taken:  0.5118434429168701
Test Loss: 0.0000, Test Accuracy: 0.9967, Energy: -119436.53125
Time taken:  0.4544658660888672
Test Loss: 0.0000, Test Accuracy: 0.9967, Energy: -253897.25
Time taken:  0.5320131778717041
Test Loss: 0.0000, Test Accuracy: 0.9967, Energy: -395163.3125
Time taken:  0.4435133934020996
Test Loss: 0.0000, Test Accuracy: 0.9967, Energy: -516567.78125
Time taken:  0.45549488067626953
Test Loss: 0.0000, Test Accuracy: 0.9967, Energy: -619685.75
Time taken:  0.4524991512298584
Test Loss: 0.0000, Test Accuracy: 0.9967, Energy: -710786.375
Time taken:  0.451338529586792
Test Loss: 0.0000, Test Accuracy: 0.9967, Energy: -791236.8125
Time taken:  0.45843076705932617
Test Loss: 0.0000, Test Accuracy: 0.9967, Energy: -863439.875
Time taken:  0.4570169448852539
Test Loss: 0.0000, Test Accuracy: 0.9967, Energy: -930692.5
Time taken:  0.44791412353515625
Test Loss: 0.0000, Test Accuracy: 0.9967, Energy: -990444.25
Time taken:  0.45240116119384766
Test Loss: 0.0000, Test Accuracy: 0.9967, Energy: -1043582.875
Time taken:  0.4571399688720703
Test Loss: 0.0000, Test Accuracy: 0.9967, Energy: -1091231.875
Time taken:  0.4483528137207031
Test Loss: 0.0000, Test Accuracy: 0.9967, Energy: -1134333.375
Time taken:  0.45807480812072754
Test Loss: 0.0000, Test Accuracy: 0.9967, Energy: -1174018.375
Time taken:  0.4567298889160156
Test Loss: 0.0000, Test Accuracy: 0.9967, Energy: -1209283.5
Time taken:  0.4520113468170166
Test Loss: 0.0000, Test Accuracy: 0.9967, Energy: -1241207.5
Time taken:  0.46035194396972656
Test Loss: 0.0000, Test Accuracy: 0.9967, Energy: -1270337.75
Time taken:  0.45244741439819336
Test Loss: 0.0000, Test Accuracy: 0.9967, Energy: -1296553.375
Time taken:  0.4579453468322754
Test Loss: 0.0000, Test Accuracy: 0.9967, Energy: -1320868.375
Time taken:  0.46538734436035156
Test Loss: 0.0000, Test Accuracy: 0.9967, Energy: -1342656.375
Time taken:  0.4487721920013428
Test Loss: 0.0000, Test Accuracy: 0.9967, Energy: -1362510.875
Time taken:  0.45842885971069336
Test Loss: 0.0000, Test Accuracy: 0.9967, Energy: -1381721.75
Time taken:  0.4567904472351074
Test Loss: 0.0000, Test Accuracy: 0.9967, Energy: -1398244.0
Time taken:  0.4534759521484375
Test Loss: 0.0000, Test Accuracy: 0.9967, Energy: -1413373.75
Time taken:  0.4561805725097656
Test Loss: 0.0000, Test Accuracy: 0.9967, Energy: -1427944.625
Time taken:  0.4501686096191406
Test Loss: 0.0000, Test Accuracy: 0.9967, Energy: -1439877.5
Time taken:  0.4542045593261719
Test Loss: 0.0000, Test Accuracy: 0.9967, Energy: -1451722.75
Time taken:  0.4581568241119385
Test Loss: 0.0000, Test Accuracy: 0.9967, Energy: -1461846.5
Time taken:  0.4571976661682129
Test Loss: 0.0000, Test Accuracy: 0.9967, Energy: -1471841.0
Time taken:  0.44843149185180664
Test Loss: 0.0000, Test Accuracy: 0.9967, Energy: -1480476.0
Time taken:  0.4549224376678467
Test Loss: 0.0000, Test Accuracy: 0.9967, Energy: -1488094.25
Time taken:  0.4477987289428711
Test Loss: 0.0000, Test Accuracy: 0.9967, Energy: -1494901.5
Time taken:  0.45862865447998047
Test Loss: 0.0000, Test Accuracy: 0.9967, Energy: -1500989.625
Time taken:  0.49158716201782227
Test Loss: 0.0000, Test Accuracy: 0.9967, Energy: -1507733.5
Time taken:  0.44853806495666504
Test Loss: 0.0000, Test Accuracy: 0.9967, Energy: -1512558.0
Time taken:  0.46318817138671875
Test Loss: 0.0000, Test Accuracy: 0.9967, Energy: -1517795.75
Time taken:  0.45899271965026855
Test Loss: 0.0000, Test Accuracy: 0.9967, Energy: -1521992.125
Time taken:  0.45005345344543457
Test Loss: 0.0000, Test Accuracy: 0.9967, Energy: -1525932.5
Time taken:  0.46057796478271484
Test Loss: 0.0000, Test Accuracy: 0.9967, Energy: -1529649.875
Time taken:  0.4628627300262451
Test Loss: 0.0000, Test Accuracy: 0.9967, Energy: -1532897.75
Time taken:  0.44832825660705566
Test Loss: 0.0000, Test Accuracy: 0.9967, Energy: -1536224.875
Time taken:  0.45766735076904297
Test Loss: 0.0000, Test Accuracy: 0.9967, Energy: -1538802.625
Time taken:  0.4545466899871826
Test Loss: 0.0000, Test Accuracy: 0.9967, Energy: -1541286.5
Time taken:  0.4470796585083008
Test Loss: 0.0000, Test Accuracy: 0.9967, Energy: -1543333.125
Time taken:  0.4497971534729004
Test Loss: 0.0000, Test Accuracy: 0.9967, Energy: -1545678.875
Time taken:  0.45978426933288574
Test Loss: 0.0000, Test Accuracy: 0.9967, Energy: -1547664.5
Time taken:  0.4476125240325928
Test Loss: 0.0000, Test Accuracy: 0.9967, Energy: -1549128.0
Time taken:  0.46289801597595215
Test Loss: 0.0000, Test Accuracy: 0.9967, Energy: -1550646.375
Time taken:  0.46097421646118164
Test Loss: 0.0000, Test Accuracy: 0.9967, Energy: -1552321.25
Time taken:  0.4557220935821533
Test Loss: 0.0000, Test Accuracy: 0.9967, Energy: -1553769.125
Time taken:  0.45520472526550293
Test Loss: 0.0000, Test Accuracy: 0.9967, Energy: -1554113.25
Time taken:  0.4582092761993408
Test Loss: 0.0000, Test Accuracy: 0.9967, Energy: -1556050.125
Time taken:  0.4523799419403076
Test Loss: 0.0000, Test Accuracy: 0.9967, Energy: -1557313.75
Time taken:  0.4565398693084717
Test Loss: 0.0000, Test Accuracy: 0.9967, Energy: -1557512.125
Time taken:  0.4460785388946533
Test Loss: 0.0000, Test Accuracy: 0.9967, Energy: -1558384.125
Time taken:  0.44986414909362793
Test Loss: 0.0000, Test Accuracy: 0.9967, Energy: -1559220.125
Time taken:  0.454770565032959
Test Loss: 0.0000, Test Accuracy: 0.9967, Energy: -1559295.5
Time taken:  0.45032358169555664
Test Loss: 0.0000, Test Accuracy: 0.9967, Energy: -1560754.25
Time taken:  0.45479464530944824
Test Loss: 0.0000, Test Accuracy: 0.9967, Energy: -1560708.5
Time taken:  0.4562525749206543
Test Loss: 0.0000, Test Accuracy: 0.9967, Energy: -1560837.0
Time taken:  0.45092058181762695
Test Loss: 0.0000, Test Accuracy: 0.9967, Energy: -1561388.375
Time taken:  0.45887160301208496
Test Loss: 0.0000, Test Accuracy: 0.9967, Energy: -1561625.5
Time taken:  0.45583343505859375
Test Loss: 0.0000, Test Accuracy: 0.9967, Energy: -1562648.625
Time taken:  0.4451262950897217
Test Loss: 0.0000, Test Accuracy: 0.9967, Energy: -1563092.75
Time taken:  0.4601619243621826
Test Loss: 0.0000, Test Accuracy: 0.9967, Energy: -1563266.75
Time taken:  0.452761173248291
Test Loss: 0.0000, Test Accuracy: 0.9967, Energy: -1563581.125
Time taken:  0.450054407119751
Test Loss: 0.0000, Test Accuracy: 0.9967, Energy: -1564287.5
Time taken:  0.4557158946990967
Test Loss: 0.0000, Test Accuracy: 0.9967, Energy: -1564667.5
Time taken:  0.44609498977661133
Test Loss: 0.0000, Test Accuracy: 0.9967, Energy: -1564643.0
Time taken:  0.46639394760131836
Test Loss: 0.0000, Test Accuracy: 0.9967, Energy: -1564331.25
Time taken:  0.4691767692565918
Test Loss: 0.0000, Test Accuracy: 0.9967, Energy: -1564864.5
Time taken:  0.462601900100708
Test Loss: 0.0000, Test Accuracy: 0.9967, Energy: -1564878.125
Time taken:  0.45572400093078613
Test Loss: 0.0000, Test Accuracy: 0.9967, Energy: -1564818.75
Time taken:  0.4554734230041504
Test Loss: 0.0000, Test Accuracy: 0.9967, Energy: -1565275.25
Time taken:  0.4519321918487549
Test Loss: 0.0000, Test Accuracy: 0.9967, Energy: -1565623.5
Time taken:  0.45632028579711914
Test Loss: 0.0000, Test Accuracy: 0.9967, Energy: -1565180.625
Time taken:  0.4493992328643799
Test Loss: 0.0000, Test Accuracy: 0.9967, Energy: -1565355.0
Time taken:  0.4492518901824951
Test Loss: 0.0000, Test Accuracy: 0.9967, Energy: -1565786.5
Time taken:  0.4589879512786865
Test Loss: 0.0000, Test Accuracy: 0.9967, Energy: -1565410.0
Time taken:  0.45171451568603516
Test Loss: 0.0000, Test Accuracy: 0.9967, Energy: -1565608.25
Time taken:  0.4517343044281006
Test Loss: 0.0000, Test Accuracy: 0.9967, Energy: -1565640.25
Time taken:  0.44868898391723633
Test Loss: 0.0000, Test Accuracy: 0.9967, Energy: -1565567.75
Time taken:  0.4557979106903076
Test Loss: 0.0000, Test Accuracy: 0.9967, Energy: -1565716.625
Time taken:  0.4468522071838379
Test Loss: 0.0000, Test Accuracy: 0.9967, Energy: -1565976.75
Time taken:  0.458590030670166
Test Loss: 0.0000, Test Accuracy: 0.9967, Energy: -1566326.25
Time taken:  0.44977688789367676
Test Loss: 0.0000, Test Accuracy: 0.9967, Energy: -1565681.25
Time taken:  0.45365071296691895
Test Loss: 0.0000, Test Accuracy: 0.9967, Energy: -1565829.125
Time taken:  0.45363855361938477
Test Loss: 0.0000, Test Accuracy: 0.9967, Energy: -1566270.25
Time taken:  0.4415733814239502
Test Loss: 0.0000, Test Accuracy: 0.9967, Energy: -1565892.625
Time taken:  0.4649217128753662
Test Loss: 0.0000, Test Accuracy: 0.9967, Energy: -1566262.5
Time taken:  0.5129439830780029
Test Loss: 0.0000, Test Accuracy: 0.9967, Energy: -1565693.25
Time taken:  0.44848012924194336
Test Loss: 0.0000, Test Accuracy: 0.9967, Energy: -1566218.125
Time taken:  0.46145081520080566
Test Loss: 0.0000, Test Accuracy: 0.9967, Energy: -1565764.125
Time taken:  0.4572880268096924
Test Loss: 0.0000, Test Accuracy: 0.9967, Energy: -1566483.0
Time taken:  0.500892162322998
Test Loss: 0.0000, Test Accuracy: 0.9967, Energy: -1566447.375
Time taken:  0.44332432746887207
Test Loss: 0.0000, Test Accuracy: 0.9967, Energy: -1565888.5
Time taken:  0.49590229988098145
Test Loss: 0.0000, Test Accuracy: 0.9967, Energy: -1566773.0
Time taken:  0.43155360221862793
Final accuracies: [0.5566666666666666, 1.0, 0.9966666666666667, 0.9966666666666667, 0.9966666666666667, 0.9966666666666667, 0.9966666666666667, 0.9966666666666667, 0.9966666666666667, 0.9966666666666667, 0.9966666666666667, 0.9966666666666667, 0.9966666666666667, 0.9966666666666667, 0.9966666666666667, 0.9966666666666667, 0.9966666666666667, 0.9966666666666667, 0.9966666666666667, 0.9966666666666667, 0.9966666666666667, 0.9966666666666667, 0.9966666666666667, 0.9966666666666667, 0.9966666666666667, 0.9966666666666667, 0.9966666666666667, 0.9966666666666667, 0.9966666666666667, 0.9966666666666667, 0.9966666666666667, 0.9966666666666667, 0.9966666666666667, 0.9966666666666667, 0.9966666666666667, 0.9966666666666667, 0.9966666666666667, 0.9966666666666667, 0.9966666666666667, 0.9966666666666667, 0.9966666666666667, 0.9966666666666667, 0.9966666666666667, 0.9966666666666667, 0.9966666666666667, 0.9966666666666667, 0.9966666666666667, 0.9966666666666667, 0.9966666666666667, 0.9966666666666667, 0.9966666666666667, 0.9966666666666667, 0.9966666666666667, 0.9966666666666667, 0.9966666666666667, 0.9966666666666667, 0.9966666666666667, 0.9966666666666667, 0.9966666666666667, 0.9966666666666667, 0.9966666666666667, 0.9966666666666667, 0.9966666666666667, 0.9966666666666667, 0.9966666666666667, 0.9966666666666667, 0.9966666666666667, 0.9966666666666667, 0.9966666666666667, 0.9966666666666667, 0.9966666666666667, 0.9966666666666667, 0.9966666666666667, 0.9966666666666667, 0.9966666666666667, 0.9966666666666667, 0.9966666666666667, 0.9966666666666667, 0.9966666666666667, 0.9966666666666667, 0.9966666666666667, 0.9966666666666667, 0.9966666666666667, 0.9966666666666667, 0.9966666666666667, 0.9966666666666667, 0.9966666666666667, 0.9966666666666667, 0.9966666666666667, 0.9966666666666667, 0.9966666666666667, 0.9966666666666667, 0.9966666666666667, 0.9966666666666667, 0.9966666666666667, 0.9966666666666667, 0.9966666666666667, 0.9966666666666667, 0.9966666666666667, 0.9966666666666667]
Final energies: [-180.98471069335938, -5163.787109375, -34312.1484375, -119436.53125, -253897.25, -395163.3125, -516567.78125, -619685.75, -710786.375, -791236.8125, -863439.875, -930692.5, -990444.25, -1043582.875, -1091231.875, -1134333.375, -1174018.375, -1209283.5, -1241207.5, -1270337.75, -1296553.375, -1320868.375, -1342656.375, -1362510.875, -1381721.75, -1398244.0, -1413373.75, -1427944.625, -1439877.5, -1451722.75, -1461846.5, -1471841.0, -1480476.0, -1488094.25, -1494901.5, -1500989.625, -1507733.5, -1512558.0, -1517795.75, -1521992.125, -1525932.5, -1529649.875, -1532897.75, -1536224.875, -1538802.625, -1541286.5, -1543333.125, -1545678.875, -1547664.5, -1549128.0, -1550646.375, -1552321.25, -1553769.125, -1554113.25, -1556050.125, -1557313.75, -1557512.125, -1558384.125, -1559220.125, -1559295.5, -1560754.25, -1560708.5, -1560837.0, -1561388.375, -1561625.5, -1562648.625, -1563092.75, -1563266.75, -1563581.125, -1564287.5, -1564667.5, -1564643.0, -1564331.25, -1564864.5, -1564878.125, -1564818.75, -1565275.25, -1565623.5, -1565180.625, -1565355.0, -1565786.5, -1565410.0, -1565608.25, -1565640.25, -1565567.75, -1565716.625, -1565976.75, -1566326.25, -1565681.25, -1565829.125, -1566270.25, -1565892.625, -1566262.5, -1565693.25, -1566218.125, -1565764.125, -1566483.0, -1566447.375, -1565888.5, -1566773.0]
