Running with parameters: hidden=50, use_coupled=true, seed=93, lam=0.5, eta=0.5, batch=100
Test Loss: 0.0000, Test Accuracy: 1.0000, Energy: -1279.61181640625
Time taken:  0.5731201171875
Test Loss: 0.0000, Test Accuracy: 0.9967, Energy: -14782.033203125
Time taken:  0.6167347431182861
Test Loss: 0.0000, Test Accuracy: 0.9967, Energy: -101441.4296875
Time taken:  0.5320062637329102
Test Loss: 0.0000, Test Accuracy: 0.9967, Energy: -272177.46875
Time taken:  0.5520434379577637
Test Loss: 0.0000, Test Accuracy: 1.0000, Energy: -459021.28125
Time taken:  0.592933177947998
Test Loss: 0.0000, Test Accuracy: 1.0000, Energy: -632259.625
Time taken:  0.5221381187438965
Test Loss: 0.0000, Test Accuracy: 1.0000, Energy: -790188.6875
Time taken:  0.5133175849914551
Test Loss: 0.0000, Test Accuracy: 1.0000, Energy: -926970.0625
Time taken:  0.5169098377227783
Test Loss: 0.0000, Test Accuracy: 0.9967, Energy: -1047454.375
Time taken:  0.5162143707275391
Test Loss: 0.0000, Test Accuracy: 0.9967, Energy: -1154792.125
Time taken:  0.513019323348999
Test Loss: 0.0000, Test Accuracy: 0.9967, Energy: -1250619.375
Time taken:  0.5028181076049805
Test Loss: 0.0000, Test Accuracy: 0.9967, Energy: -1337077.375
Time taken:  0.5213663578033447
Test Loss: 0.0000, Test Accuracy: 0.9967, Energy: -1417070.625
Time taken:  0.5174148082733154
Test Loss: 0.0000, Test Accuracy: 1.0000, Energy: -1485980.125
Time taken:  0.5650901794433594
Test Loss: 0.0000, Test Accuracy: 0.9967, Energy: -1547340.125
Time taken:  0.5172147750854492
Test Loss: 0.0000, Test Accuracy: 0.9933, Energy: -1604865.5
Time taken:  0.5396554470062256
Test Loss: 0.0000, Test Accuracy: 0.9933, Energy: -1652000.75
Time taken:  0.516855001449585
Test Loss: 0.0000, Test Accuracy: 0.9967, Energy: -1695833.5
Time taken:  0.555656909942627
Test Loss: 0.0000, Test Accuracy: 0.9933, Energy: -1736320.875
Time taken:  0.5111196041107178
Test Loss: 0.0000, Test Accuracy: 0.9933, Energy: -1771081.25
Time taken:  0.5116405487060547
Test Loss: 0.0000, Test Accuracy: 0.9933, Energy: -1802565.0
Time taken:  0.5085868835449219
Test Loss: 0.0000, Test Accuracy: 0.9933, Energy: -1832711.0
Time taken:  0.5137414932250977
Test Loss: 0.0000, Test Accuracy: 0.9933, Energy: -1859708.75
Time taken:  0.5415194034576416
Test Loss: 0.0000, Test Accuracy: 0.9967, Energy: -1885001.0
Time taken:  0.5164692401885986
Test Loss: 0.0000, Test Accuracy: 0.9967, Energy: -1907863.25
Time taken:  0.5114328861236572
Test Loss: 0.0000, Test Accuracy: 0.9967, Energy: -1929495.0
Time taken:  0.5158917903900146
Test Loss: 0.0000, Test Accuracy: 0.9967, Energy: -1948070.25
Time taken:  0.5414955615997314
Test Loss: 0.0000, Test Accuracy: 0.9967, Energy: -1966279.0
Time taken:  0.5152952671051025
Test Loss: 0.0000, Test Accuracy: 0.9967, Energy: -1980847.25
Time taken:  0.5073385238647461
Test Loss: 0.0000, Test Accuracy: 0.9967, Energy: -1995424.5
Time taken:  0.5148324966430664
Test Loss: 0.0000, Test Accuracy: 0.9967, Energy: -2007378.75
Time taken:  0.5137519836425781
Test Loss: 0.0000, Test Accuracy: 0.9967, Energy: -2019443.875
Time taken:  0.5209224224090576
Test Loss: 0.0000, Test Accuracy: 0.9967, Energy: -2030116.375
Time taken:  0.5447874069213867
Test Loss: 0.0000, Test Accuracy: 0.9967, Energy: -2039368.75
Time taken:  0.5184338092803955
Test Loss: 0.0000, Test Accuracy: 0.9967, Energy: -2048063.5
Time taken:  0.5477480888366699
Test Loss: 0.0000, Test Accuracy: 0.9967, Energy: -2056621.875
Time taken:  0.5177152156829834
Test Loss: 0.0000, Test Accuracy: 0.9967, Energy: -2063742.25
Time taken:  0.5364990234375
Test Loss: 0.0000, Test Accuracy: 0.9967, Energy: -2069773.25
Time taken:  0.5170960426330566
Test Loss: 0.0000, Test Accuracy: 0.9967, Energy: -2076248.25
Time taken:  0.5125842094421387
Test Loss: 0.0000, Test Accuracy: 0.9967, Energy: -2081615.0
Time taken:  0.5128133296966553
Test Loss: 0.0000, Test Accuracy: 0.9967, Energy: -2086154.875
Time taken:  0.5097088813781738
Test Loss: 0.0000, Test Accuracy: 0.9967, Energy: -2090878.25
Time taken:  0.5216464996337891
Test Loss: 0.0000, Test Accuracy: 0.9967, Energy: -2095463.5
Time taken:  0.51564621925354
Test Loss: 0.0000, Test Accuracy: 0.9967, Energy: -2098733.5
Time taken:  0.5126707553863525
Test Loss: 0.0000, Test Accuracy: 0.9967, Energy: -2102479.75
Time taken:  0.49628686904907227
Test Loss: 0.0000, Test Accuracy: 0.9967, Energy: -2105236.75
Time taken:  0.5153205394744873
Test Loss: 0.0000, Test Accuracy: 0.9967, Energy: -2108138.25
Time taken:  0.5134158134460449
Test Loss: 0.0000, Test Accuracy: 0.9967, Energy: -2110085.0
Time taken:  0.5091171264648438
Test Loss: 0.0000, Test Accuracy: 0.9967, Energy: -2112240.5
Time taken:  0.5092098712921143
Test Loss: 0.0000, Test Accuracy: 0.9967, Energy: -2114663.75
Time taken:  0.5146605968475342
Test Loss: 0.0000, Test Accuracy: 0.9967, Energy: -2116325.0
Time taken:  0.5088591575622559
Test Loss: 0.0000, Test Accuracy: 0.9967, Energy: -2118125.5
Time taken:  0.5059342384338379
Test Loss: 0.0000, Test Accuracy: 0.9967, Energy: -2120163.0
Time taken:  0.5157623291015625
Test Loss: 0.0000, Test Accuracy: 0.9967, Energy: -2121156.5
Time taken:  0.5237452983856201
Test Loss: 0.0000, Test Accuracy: 0.9967, Energy: -2122410.75
Time taken:  0.5085031986236572
Test Loss: 0.0000, Test Accuracy: 0.9967, Energy: -2123763.0
Time taken:  0.5050652027130127
Test Loss: 0.0000, Test Accuracy: 0.9967, Energy: -2124799.25
Time taken:  0.5127553939819336
Test Loss: 0.0000, Test Accuracy: 0.9967, Energy: -2126607.5
Time taken:  0.5165791511535645
Test Loss: 0.0000, Test Accuracy: 0.9967, Energy: -2127241.0
Time taken:  0.5145919322967529
Test Loss: 0.0000, Test Accuracy: 0.9967, Energy: -2127278.5
Time taken:  0.5055327415466309
Test Loss: 0.0000, Test Accuracy: 0.9967, Energy: -2128518.0
Time taken:  0.5136592388153076
Test Loss: 0.0000, Test Accuracy: 0.9967, Energy: -2128863.5
Time taken:  0.5138773918151855
Test Loss: 0.0000, Test Accuracy: 0.9967, Energy: -2129673.0
Time taken:  0.5084829330444336
Test Loss: 0.0000, Test Accuracy: 0.9967, Energy: -2130450.0
Time taken:  0.5344085693359375
Test Loss: 0.0000, Test Accuracy: 0.9967, Energy: -2130626.5
Time taken:  0.5158436298370361
Test Loss: 0.0000, Test Accuracy: 0.9967, Energy: -2131574.25
Time taken:  0.5266287326812744
Test Loss: 0.0000, Test Accuracy: 0.9967, Energy: -2131585.0
Time taken:  0.5116169452667236
Test Loss: 0.0000, Test Accuracy: 0.9967, Energy: -2132021.75
Time taken:  0.5154049396514893
Test Loss: 0.0000, Test Accuracy: 0.9967, Energy: -2132376.75
Time taken:  0.516059398651123
Test Loss: 0.0000, Test Accuracy: 0.9967, Energy: -2133076.25
Time taken:  0.5111732482910156
Test Loss: 0.0000, Test Accuracy: 0.9967, Energy: -2132676.0
Time taken:  0.5580856800079346
Test Loss: 0.0000, Test Accuracy: 0.9967, Energy: -2133239.0
Time taken:  0.5179784297943115
Test Loss: 0.0000, Test Accuracy: 0.9967, Energy: -2133159.5
Time taken:  0.5157485008239746
Test Loss: 0.0000, Test Accuracy: 0.9967, Energy: -2133530.5
Time taken:  0.5130846500396729
Test Loss: 0.0000, Test Accuracy: 0.9967, Energy: -2134204.75
Time taken:  0.5203037261962891
Test Loss: 0.0000, Test Accuracy: 0.9967, Energy: -2133768.25
Time taken:  0.5025973320007324
Test Loss: 0.0000, Test Accuracy: 0.9967, Energy: -2134347.5
Time taken:  0.520674467086792
Test Loss: 0.0000, Test Accuracy: 0.9967, Energy: -2134572.5
Time taken:  0.5169355869293213
Test Loss: 0.0000, Test Accuracy: 0.9967, Energy: -2133960.25
Time taken:  0.558063268661499
Test Loss: 0.0000, Test Accuracy: 0.9967, Energy: -2134347.0
Time taken:  0.5206482410430908
Test Loss: 0.0000, Test Accuracy: 0.9967, Energy: -2134359.5
Time taken:  0.500455379486084
Test Loss: 0.0000, Test Accuracy: 0.9967, Energy: -2135149.5
Time taken:  0.5232117176055908
Test Loss: 0.0000, Test Accuracy: 0.9967, Energy: -2134667.0
Time taken:  0.5142042636871338
Test Loss: 0.0000, Test Accuracy: 0.9967, Energy: -2134697.0
Time taken:  0.5050070285797119
Test Loss: 0.0000, Test Accuracy: 0.9967, Energy: -2135410.5
Time taken:  0.527301549911499
Test Loss: 0.0000, Test Accuracy: 0.9967, Energy: -2134600.5
Time taken:  0.553924560546875
Test Loss: 0.0000, Test Accuracy: 0.9967, Energy: -2135667.75
Time taken:  0.5233254432678223
Test Loss: 0.0000, Test Accuracy: 0.9967, Energy: -2134949.75
Time taken:  0.5513617992401123
Test Loss: 0.0000, Test Accuracy: 0.9967, Energy: -2134990.25
Time taken:  0.5093615055084229
Test Loss: 0.0000, Test Accuracy: 0.9967, Energy: -2135243.5
Time taken:  0.5168187618255615
Test Loss: 0.0000, Test Accuracy: 0.9967, Energy: -2134872.5
Time taken:  0.5442936420440674
Test Loss: 0.0000, Test Accuracy: 0.9967, Energy: -2135220.5
Time taken:  0.5188143253326416
Test Loss: 0.0000, Test Accuracy: 0.9967, Energy: -2135493.0
Time taken:  0.5397100448608398
Test Loss: 0.0000, Test Accuracy: 0.9967, Energy: -2135717.5
Time taken:  0.5185961723327637
Test Loss: 0.0000, Test Accuracy: 0.9967, Energy: -2135295.25
Time taken:  0.5163369178771973
Test Loss: 0.0000, Test Accuracy: 0.9967, Energy: -2135004.0
Time taken:  0.512470006942749
Test Loss: 0.0000, Test Accuracy: 0.9967, Energy: -2135949.75
Time taken:  0.5116515159606934
Test Loss: 0.0000, Test Accuracy: 0.9967, Energy: -2134943.5
Time taken:  0.5209522247314453
Test Loss: 0.0000, Test Accuracy: 0.9967, Energy: -2135072.0
Time taken:  0.5088341236114502
Test Loss: 0.0000, Test Accuracy: 0.9967, Energy: -2135586.0
Time taken:  0.5157208442687988
Final accuracies: [1.0, 0.9966666666666667, 0.9966666666666667, 0.9966666666666667, 1.0, 1.0, 1.0, 1.0, 0.9966666666666667, 0.9966666666666667, 0.9966666666666667, 0.9966666666666667, 0.9966666666666667, 1.0, 0.9966666666666667, 0.9933333333333333, 0.9933333333333333, 0.9966666666666667, 0.9933333333333333, 0.9933333333333333, 0.9933333333333333, 0.9933333333333333, 0.9933333333333333, 0.9966666666666667, 0.9966666666666667, 0.9966666666666667, 0.9966666666666667, 0.9966666666666667, 0.9966666666666667, 0.9966666666666667, 0.9966666666666667, 0.9966666666666667, 0.9966666666666667, 0.9966666666666667, 0.9966666666666667, 0.9966666666666667, 0.9966666666666667, 0.9966666666666667, 0.9966666666666667, 0.9966666666666667, 0.9966666666666667, 0.9966666666666667, 0.9966666666666667, 0.9966666666666667, 0.9966666666666667, 0.9966666666666667, 0.9966666666666667, 0.9966666666666667, 0.9966666666666667, 0.9966666666666667, 0.9966666666666667, 0.9966666666666667, 0.9966666666666667, 0.9966666666666667, 0.9966666666666667, 0.9966666666666667, 0.9966666666666667, 0.9966666666666667, 0.9966666666666667, 0.9966666666666667, 0.9966666666666667, 0.9966666666666667, 0.9966666666666667, 0.9966666666666667, 0.9966666666666667, 0.9966666666666667, 0.9966666666666667, 0.9966666666666667, 0.9966666666666667, 0.9966666666666667, 0.9966666666666667, 0.9966666666666667, 0.9966666666666667, 0.9966666666666667, 0.9966666666666667, 0.9966666666666667, 0.9966666666666667, 0.9966666666666667, 0.9966666666666667, 0.9966666666666667, 0.9966666666666667, 0.9966666666666667, 0.9966666666666667, 0.9966666666666667, 0.9966666666666667, 0.9966666666666667, 0.9966666666666667, 0.9966666666666667, 0.9966666666666667, 0.9966666666666667, 0.9966666666666667, 0.9966666666666667, 0.9966666666666667, 0.9966666666666667, 0.9966666666666667, 0.9966666666666667, 0.9966666666666667, 0.9966666666666667, 0.9966666666666667, 0.9966666666666667]
Final energies: [-1279.61181640625, -14782.033203125, -101441.4296875, -272177.46875, -459021.28125, -632259.625, -790188.6875, -926970.0625, -1047454.375, -1154792.125, -1250619.375, -1337077.375, -1417070.625, -1485980.125, -1547340.125, -1604865.5, -1652000.75, -1695833.5, -1736320.875, -1771081.25, -1802565.0, -1832711.0, -1859708.75, -1885001.0, -1907863.25, -1929495.0, -1948070.25, -1966279.0, -1980847.25, -1995424.5, -2007378.75, -2019443.875, -2030116.375, -2039368.75, -2048063.5, -2056621.875, -2063742.25, -2069773.25, -2076248.25, -2081615.0, -2086154.875, -2090878.25, -2095463.5, -2098733.5, -2102479.75, -2105236.75, -2108138.25, -2110085.0, -2112240.5, -2114663.75, -2116325.0, -2118125.5, -2120163.0, -2121156.5, -2122410.75, -2123763.0, -2124799.25, -2126607.5, -2127241.0, -2127278.5, -2128518.0, -2128863.5, -2129673.0, -2130450.0, -2130626.5, -2131574.25, -2131585.0, -2132021.75, -2132376.75, -2133076.25, -2132676.0, -2133239.0, -2133159.5, -2133530.5, -2134204.75, -2133768.25, -2134347.5, -2134572.5, -2133960.25, -2134347.0, -2134359.5, -2135149.5, -2134667.0, -2134697.0, -2135410.5, -2134600.5, -2135667.75, -2134949.75, -2134990.25, -2135243.5, -2134872.5, -2135220.5, -2135493.0, -2135717.5, -2135295.25, -2135004.0, -2135949.75, -2134943.5, -2135072.0, -2135586.0]
