Running with parameters: hidden=50, use_coupled=true, seed=9, lam=0.5, eta=0.5, batch=100
Test Loss: 0.0000, Test Accuracy: 0.7267, Energy: -1088.6029052734375
Time taken:  0.5247185230255127
Test Loss: 0.0000, Test Accuracy: 1.0000, Energy: -16995.6875
Time taken:  0.5667154788970947
Test Loss: 0.0000, Test Accuracy: 0.9967, Energy: -102665.75
Time taken:  0.484851598739624
Test Loss: 0.0000, Test Accuracy: 0.9967, Energy: -254991.0625
Time taken:  0.5106217861175537
Test Loss: 0.0000, Test Accuracy: 0.9967, Energy: -422436.9375
Time taken:  0.5438361167907715
Test Loss: 0.0000, Test Accuracy: 0.9967, Energy: -592868.0625
Time taken:  0.4948616027832031
Test Loss: 0.0000, Test Accuracy: 0.9967, Energy: -752739.0625
Time taken:  0.5551633834838867
Test Loss: 0.0000, Test Accuracy: 0.9967, Energy: -901741.375
Time taken:  0.49255800247192383
Test Loss: 0.0000, Test Accuracy: 0.9967, Energy: -1029823.375
Time taken:  0.5561544895172119
Test Loss: 0.0000, Test Accuracy: 0.9967, Energy: -1143102.75
Time taken:  0.5029401779174805
Test Loss: 0.0000, Test Accuracy: 0.9967, Energy: -1245055.75
Time taken:  0.4879176616668701
Test Loss: 0.0000, Test Accuracy: 0.9967, Energy: -1333166.75
Time taken:  0.48146557807922363
Test Loss: 0.0000, Test Accuracy: 0.9967, Energy: -1413207.375
Time taken:  0.4877665042877197
Test Loss: 0.0000, Test Accuracy: 0.9967, Energy: -1486347.375
Time taken:  0.4864623546600342
Test Loss: 0.0000, Test Accuracy: 0.9967, Energy: -1551991.0
Time taken:  0.4880533218383789
Test Loss: 0.0000, Test Accuracy: 0.9967, Energy: -1612545.5
Time taken:  0.48043227195739746
Test Loss: 0.0000, Test Accuracy: 0.9967, Energy: -1665159.5
Time taken:  0.48407697677612305
Test Loss: 0.0000, Test Accuracy: 0.9967, Energy: -1713373.875
Time taken:  0.48752355575561523
Test Loss: 0.0000, Test Accuracy: 0.9967, Energy: -1758818.125
Time taken:  0.48964953422546387
Test Loss: 0.0000, Test Accuracy: 0.9967, Energy: -1799078.0
Time taken:  0.48112964630126953
Test Loss: 0.0000, Test Accuracy: 0.9967, Energy: -1836219.5
Time taken:  0.4880952835083008
Test Loss: 0.0000, Test Accuracy: 0.9967, Energy: -1869256.625
Time taken:  0.48590517044067383
Test Loss: 0.0000, Test Accuracy: 0.9967, Energy: -1900732.0
Time taken:  0.4793882369995117
Test Loss: 0.0000, Test Accuracy: 0.9967, Energy: -1927894.5
Time taken:  0.4920527935028076
Test Loss: 0.0000, Test Accuracy: 0.9967, Energy: -1953091.5
Time taken:  0.48592519760131836
Test Loss: 0.0000, Test Accuracy: 0.9967, Energy: -1977412.375
Time taken:  0.4793975353240967
Test Loss: 0.0000, Test Accuracy: 0.9967, Energy: -1997775.5
Time taken:  0.47771215438842773
Test Loss: 0.0000, Test Accuracy: 0.9967, Energy: -2016959.0
Time taken:  0.49544620513916016
Test Loss: 0.0000, Test Accuracy: 0.9967, Energy: -2034507.5
Time taken:  0.4874141216278076
Test Loss: 0.0000, Test Accuracy: 0.9967, Energy: -2050025.375
Time taken:  0.5035145282745361
Test Loss: 0.0000, Test Accuracy: 0.9967, Energy: -2064674.625
Time taken:  0.486377477645874
Test Loss: 0.0000, Test Accuracy: 0.9967, Energy: -2079543.0
Time taken:  0.5029520988464355
Test Loss: 0.0000, Test Accuracy: 0.9967, Energy: -2091395.25
Time taken:  0.48653435707092285
Test Loss: 0.0000, Test Accuracy: 0.9967, Energy: -2101622.25
Time taken:  0.4892592430114746
Test Loss: 0.0000, Test Accuracy: 0.9967, Energy: -2111933.5
Time taken:  0.4770691394805908
Test Loss: 0.0000, Test Accuracy: 0.9967, Energy: -2121369.75
Time taken:  0.489666223526001
Test Loss: 0.0000, Test Accuracy: 0.9967, Energy: -2129323.75
Time taken:  0.48555707931518555
Test Loss: 0.0000, Test Accuracy: 0.9967, Energy: -2136436.75
Time taken:  0.4791879653930664
Test Loss: 0.0000, Test Accuracy: 0.9967, Energy: -2144130.75
Time taken:  0.4833238124847412
Test Loss: 0.0000, Test Accuracy: 0.9967, Energy: -2149842.0
Time taken:  0.49865293502807617
Test Loss: 0.0000, Test Accuracy: 0.9967, Energy: -2156044.5
Time taken:  0.5191409587860107
Test Loss: 0.0000, Test Accuracy: 0.9967, Energy: -2160801.5
Time taken:  0.4855008125305176
Test Loss: 0.0000, Test Accuracy: 0.9967, Energy: -2165296.5
Time taken:  0.4889857769012451
Test Loss: 0.0000, Test Accuracy: 0.9967, Energy: -2169718.25
Time taken:  0.4888424873352051
Test Loss: 0.0000, Test Accuracy: 0.9967, Energy: -2173185.5
Time taken:  0.4838416576385498
Test Loss: 0.0000, Test Accuracy: 0.9967, Energy: -2176743.5
Time taken:  0.4836745262145996
Test Loss: 0.0000, Test Accuracy: 0.9967, Energy: -2180184.5
Time taken:  0.5078270435333252
Test Loss: 0.0000, Test Accuracy: 0.9967, Energy: -2183885.0
Time taken:  0.4887230396270752
Test Loss: 0.0000, Test Accuracy: 0.9967, Energy: -2186769.0
Time taken:  0.4860503673553467
Test Loss: 0.0000, Test Accuracy: 0.9967, Energy: -2188320.75
Time taken:  0.48427534103393555
Test Loss: 0.0000, Test Accuracy: 0.9967, Energy: -2189987.25
Time taken:  0.4749581813812256
Test Loss: 0.0000, Test Accuracy: 0.9967, Energy: -2193220.0
Time taken:  0.4885404109954834
Test Loss: 0.0000, Test Accuracy: 0.9967, Energy: -2194144.0
Time taken:  0.4875180721282959
Test Loss: 0.0000, Test Accuracy: 0.9967, Energy: -2195245.5
Time taken:  0.4755558967590332
Test Loss: 0.0000, Test Accuracy: 0.9967, Energy: -2198204.0
Time taken:  0.48653554916381836
Test Loss: 0.0000, Test Accuracy: 0.9967, Energy: -2199172.0
Time taken:  0.487898588180542
Test Loss: 0.0000, Test Accuracy: 0.9967, Energy: -2200475.5
Time taken:  0.48856258392333984
Test Loss: 0.0000, Test Accuracy: 0.9967, Energy: -2202121.5
Time taken:  0.4780232906341553
Test Loss: 0.0000, Test Accuracy: 0.9967, Energy: -2203093.5
Time taken:  0.486461877822876
Test Loss: 0.0000, Test Accuracy: 0.9967, Energy: -2204357.0
Time taken:  0.4849579334259033
Test Loss: 0.0000, Test Accuracy: 0.9967, Energy: -2204865.5
Time taken:  0.48198390007019043
Test Loss: 0.0000, Test Accuracy: 0.9967, Energy: -2205545.0
Time taken:  0.4773082733154297
Test Loss: 0.0000, Test Accuracy: 0.9967, Energy: -2205356.0
Time taken:  0.4880256652832031
Test Loss: 0.0000, Test Accuracy: 0.9967, Energy: -2206120.0
Time taken:  0.5266528129577637
Test Loss: 0.0000, Test Accuracy: 0.9967, Energy: -2206868.0
Time taken:  0.4873983860015869
Test Loss: 0.0000, Test Accuracy: 0.9967, Energy: -2207921.5
Time taken:  0.489412784576416
Test Loss: 0.0000, Test Accuracy: 0.9967, Energy: -2207763.0
Time taken:  0.4846229553222656
Test Loss: 0.0000, Test Accuracy: 0.9967, Energy: -2207647.25
Time taken:  0.4917588233947754
Test Loss: 0.0000, Test Accuracy: 0.9967, Energy: -2208040.0
Time taken:  0.48590779304504395
Test Loss: 0.0000, Test Accuracy: 0.9967, Energy: -2209129.5
Time taken:  0.48023319244384766
Test Loss: 0.0000, Test Accuracy: 0.9967, Energy: -2208952.0
Time taken:  0.4882533550262451
Test Loss: 0.0000, Test Accuracy: 0.9967, Energy: -2209232.0
Time taken:  0.48920679092407227
Test Loss: 0.0000, Test Accuracy: 0.9967, Energy: -2210546.5
Time taken:  0.4860687255859375
Test Loss: 0.0000, Test Accuracy: 0.9967, Energy: -2209722.5
Time taken:  0.4827606678009033
Test Loss: 0.0000, Test Accuracy: 0.9967, Energy: -2209956.25
Time taken:  0.48622584342956543
Test Loss: 0.0000, Test Accuracy: 0.9967, Energy: -2210300.5
Time taken:  0.4832484722137451
Test Loss: 0.0000, Test Accuracy: 0.9967, Energy: -2210792.75
Time taken:  0.4757869243621826
Test Loss: 0.0000, Test Accuracy: 0.9967, Energy: -2211524.0
Time taken:  0.48313474655151367
Test Loss: 0.0000, Test Accuracy: 0.9967, Energy: -2211494.5
Time taken:  0.48708486557006836
Test Loss: 0.0000, Test Accuracy: 0.9967, Energy: -2211728.5
Time taken:  0.489638090133667
Test Loss: 0.0000, Test Accuracy: 0.9967, Energy: -2211254.5
Time taken:  0.47857141494750977
Test Loss: 0.0000, Test Accuracy: 0.9967, Energy: -2210905.75
Time taken:  0.4834117889404297
Test Loss: 0.0000, Test Accuracy: 0.9967, Energy: -2211279.0
Time taken:  0.4834706783294678
Test Loss: 0.0000, Test Accuracy: 0.9967, Energy: -2211586.5
Time taken:  0.48717212677001953
Test Loss: 0.0000, Test Accuracy: 0.9967, Energy: -2211361.0
Time taken:  0.48115086555480957
Test Loss: 0.0000, Test Accuracy: 0.9967, Energy: -2211450.75
Time taken:  0.4840061664581299
Test Loss: 0.0000, Test Accuracy: 0.9967, Energy: -2211436.5
Time taken:  0.49628257751464844
Test Loss: 0.0000, Test Accuracy: 0.9967, Energy: -2211930.75
Time taken:  0.4886007308959961
Test Loss: 0.0000, Test Accuracy: 0.9967, Energy: -2211869.5
Time taken:  0.4828217029571533
Test Loss: 0.0000, Test Accuracy: 0.9967, Energy: -2212400.25
Time taken:  0.4840071201324463
Test Loss: 0.0000, Test Accuracy: 0.9967, Energy: -2212135.5
Time taken:  0.4858427047729492
Test Loss: 0.0000, Test Accuracy: 0.9967, Energy: -2211642.75
Time taken:  0.4789726734161377
Test Loss: 0.0000, Test Accuracy: 0.9967, Energy: -2212128.0
Time taken:  0.4891493320465088
Test Loss: 0.0000, Test Accuracy: 0.9967, Energy: -2212560.0
Time taken:  0.4888641834259033
Test Loss: 0.0000, Test Accuracy: 0.9967, Energy: -2212160.5
Time taken:  0.48705291748046875
Test Loss: 0.0000, Test Accuracy: 0.9967, Energy: -2212062.5
Time taken:  0.48217034339904785
Test Loss: 0.0000, Test Accuracy: 0.9967, Energy: -2211835.5
Time taken:  0.47460007667541504
Test Loss: 0.0000, Test Accuracy: 0.9967, Energy: -2211653.5
Time taken:  0.4630773067474365
Test Loss: 0.0000, Test Accuracy: 0.9967, Energy: -2212418.5
Time taken:  0.44316744804382324
Test Loss: 0.0000, Test Accuracy: 0.9967, Energy: -2211852.5
Time taken:  0.42649054527282715
Final accuracies: [0.7266666666666667, 1.0, 0.9966666666666667, 0.9966666666666667, 0.9966666666666667, 0.9966666666666667, 0.9966666666666667, 0.9966666666666667, 0.9966666666666667, 0.9966666666666667, 0.9966666666666667, 0.9966666666666667, 0.9966666666666667, 0.9966666666666667, 0.9966666666666667, 0.9966666666666667, 0.9966666666666667, 0.9966666666666667, 0.9966666666666667, 0.9966666666666667, 0.9966666666666667, 0.9966666666666667, 0.9966666666666667, 0.9966666666666667, 0.9966666666666667, 0.9966666666666667, 0.9966666666666667, 0.9966666666666667, 0.9966666666666667, 0.9966666666666667, 0.9966666666666667, 0.9966666666666667, 0.9966666666666667, 0.9966666666666667, 0.9966666666666667, 0.9966666666666667, 0.9966666666666667, 0.9966666666666667, 0.9966666666666667, 0.9966666666666667, 0.9966666666666667, 0.9966666666666667, 0.9966666666666667, 0.9966666666666667, 0.9966666666666667, 0.9966666666666667, 0.9966666666666667, 0.9966666666666667, 0.9966666666666667, 0.9966666666666667, 0.9966666666666667, 0.9966666666666667, 0.9966666666666667, 0.9966666666666667, 0.9966666666666667, 0.9966666666666667, 0.9966666666666667, 0.9966666666666667, 0.9966666666666667, 0.9966666666666667, 0.9966666666666667, 0.9966666666666667, 0.9966666666666667, 0.9966666666666667, 0.9966666666666667, 0.9966666666666667, 0.9966666666666667, 0.9966666666666667, 0.9966666666666667, 0.9966666666666667, 0.9966666666666667, 0.9966666666666667, 0.9966666666666667, 0.9966666666666667, 0.9966666666666667, 0.9966666666666667, 0.9966666666666667, 0.9966666666666667, 0.9966666666666667, 0.9966666666666667, 0.9966666666666667, 0.9966666666666667, 0.9966666666666667, 0.9966666666666667, 0.9966666666666667, 0.9966666666666667, 0.9966666666666667, 0.9966666666666667, 0.9966666666666667, 0.9966666666666667, 0.9966666666666667, 0.9966666666666667, 0.9966666666666667, 0.9966666666666667, 0.9966666666666667, 0.9966666666666667, 0.9966666666666667, 0.9966666666666667, 0.9966666666666667, 0.9966666666666667]
Final energies: [-1088.6029052734375, -16995.6875, -102665.75, -254991.0625, -422436.9375, -592868.0625, -752739.0625, -901741.375, -1029823.375, -1143102.75, -1245055.75, -1333166.75, -1413207.375, -1486347.375, -1551991.0, -1612545.5, -1665159.5, -1713373.875, -1758818.125, -1799078.0, -1836219.5, -1869256.625, -1900732.0, -1927894.5, -1953091.5, -1977412.375, -1997775.5, -2016959.0, -2034507.5, -2050025.375, -2064674.625, -2079543.0, -2091395.25, -2101622.25, -2111933.5, -2121369.75, -2129323.75, -2136436.75, -2144130.75, -2149842.0, -2156044.5, -2160801.5, -2165296.5, -2169718.25, -2173185.5, -2176743.5, -2180184.5, -2183885.0, -2186769.0, -2188320.75, -2189987.25, -2193220.0, -2194144.0, -2195245.5, -2198204.0, -2199172.0, -2200475.5, -2202121.5, -2203093.5, -2204357.0, -2204865.5, -2205545.0, -2205356.0, -2206120.0, -2206868.0, -2207921.5, -2207763.0, -2207647.25, -2208040.0, -2209129.5, -2208952.0, -2209232.0, -2210546.5, -2209722.5, -2209956.25, -2210300.5, -2210792.75, -2211524.0, -2211494.5, -2211728.5, -2211254.5, -2210905.75, -2211279.0, -2211586.5, -2211361.0, -2211450.75, -2211436.5, -2211930.75, -2211869.5, -2212400.25, -2212135.5, -2211642.75, -2212128.0, -2212560.0, -2212160.5, -2212062.5, -2211835.5, -2211653.5, -2212418.5, -2211852.5]
