Running with parameters: hidden=100, use_coupled=true, seed=65, lam=0.1, eta=0.5, batch=100
Test Loss: 0.0000, Test Accuracy: 0.9700, Energy: 332.29254150390625
Time taken:  2.416714668273926
Test Loss: 0.0000, Test Accuracy: 1.0000, Energy: -18383.37890625
Time taken:  2.2950003147125244
Test Loss: 0.0000, Test Accuracy: 0.9967, Energy: -205973.8125
Time taken:  1.920959234237671
Test Loss: 0.0000, Test Accuracy: 0.9967, Energy: -642186.3125
Time taken:  1.9000301361083984
Test Loss: 0.0000, Test Accuracy: 0.9967, Energy: -1067856.5
Time taken:  1.8280878067016602
Test Loss: 0.0000, Test Accuracy: 0.9967, Energy: -1432315.375
Time taken:  1.9636650085449219
Test Loss: 0.0000, Test Accuracy: 0.9967, Energy: -1754530.0
Time taken:  1.8946545124053955
Test Loss: 0.0000, Test Accuracy: 0.9933, Energy: -2046098.625
Time taken:  1.8093721866607666
Test Loss: 0.0000, Test Accuracy: 0.9933, Energy: -2308788.75
Time taken:  1.9191100597381592
Test Loss: 0.0000, Test Accuracy: 0.9900, Energy: -2550530.5
Time taken:  1.7615163326263428
Test Loss: 0.0000, Test Accuracy: 0.9900, Energy: -2770256.25
Time taken:  1.8561127185821533
Test Loss: 0.0000, Test Accuracy: 0.9900, Energy: -2964083.5
Time taken:  1.8847336769104004
Test Loss: 0.0000, Test Accuracy: 0.9900, Energy: -3139733.5
Time taken:  2.2383012771606445
Test Loss: 0.0000, Test Accuracy: 0.9900, Energy: -3297711.0
Time taken:  1.8057527542114258
Test Loss: 0.0000, Test Accuracy: 0.9900, Energy: -3442911.5
Time taken:  1.8222191333770752
Test Loss: 0.0000, Test Accuracy: 0.9900, Energy: -3570880.0
Time taken:  1.855139970779419
Test Loss: 0.0000, Test Accuracy: 0.9900, Energy: -3689356.5
Time taken:  1.947556734085083
Test Loss: 0.0000, Test Accuracy: 0.9900, Energy: -3796485.0
Time taken:  1.9191854000091553
Test Loss: 0.0000, Test Accuracy: 0.9867, Energy: -3893597.25
Time taken:  2.282302141189575
Test Loss: 0.0000, Test Accuracy: 0.9867, Energy: -3981676.0
Time taken:  1.843346118927002
Test Loss: 0.0000, Test Accuracy: 0.9867, Energy: -4063496.5
Time taken:  2.1725242137908936
Test Loss: 0.0000, Test Accuracy: 0.9867, Energy: -4136572.0
Time taken:  1.7775497436523438
Test Loss: 0.0000, Test Accuracy: 0.9867, Energy: -4204803.5
Time taken:  1.8329830169677734
Test Loss: 0.0000, Test Accuracy: 0.9833, Energy: -4264970.5
Time taken:  1.8420848846435547
Test Loss: 0.0000, Test Accuracy: 0.9833, Energy: -4320477.5
Time taken:  1.8479478359222412
Test Loss: 0.0000, Test Accuracy: 0.9833, Energy: -4370135.0
Time taken:  2.138857364654541
Test Loss: 0.0000, Test Accuracy: 0.9833, Energy: -4415910.5
Time taken:  1.9273250102996826
Test Loss: 0.0000, Test Accuracy: 0.9833, Energy: -4457711.0
Time taken:  1.8492352962493896
Test Loss: 0.0000, Test Accuracy: 0.9833, Energy: -4496068.0
Time taken:  1.869349718093872
Test Loss: 0.0000, Test Accuracy: 0.9833, Energy: -4530158.0
Time taken:  2.1555776596069336
Test Loss: 0.0000, Test Accuracy: 0.9833, Energy: -4560517.0
Time taken:  1.8286645412445068
Test Loss: 0.0000, Test Accuracy: 0.9833, Energy: -4588663.0
Time taken:  1.9204587936401367
Test Loss: 0.0000, Test Accuracy: 0.9833, Energy: -4615114.0
Time taken:  1.8238334655761719
Test Loss: 0.0000, Test Accuracy: 0.9833, Energy: -4639102.0
Time taken:  2.1785340309143066
Test Loss: 0.0000, Test Accuracy: 0.9833, Energy: -4660664.0
Time taken:  1.8702239990234375
Test Loss: 0.0000, Test Accuracy: 0.9867, Energy: -4680438.0
Time taken:  1.8371589183807373
Test Loss: 0.0000, Test Accuracy: 0.9867, Energy: -4698477.0
Time taken:  1.8503410816192627
Test Loss: 0.0000, Test Accuracy: 0.9867, Energy: -4715629.5
Time taken:  1.8309996128082275
Test Loss: 0.0000, Test Accuracy: 0.9867, Energy: -4730305.5
Time taken:  1.915327787399292
Test Loss: 0.0000, Test Accuracy: 0.9867, Energy: -4743400.0
Time taken:  1.9373095035552979
Test Loss: 0.0000, Test Accuracy: 0.9867, Energy: -4755465.0
Time taken:  1.883758783340454
Test Loss: 0.0000, Test Accuracy: 0.9867, Energy: -4766017.0
Time taken:  1.8456625938415527
Test Loss: 0.0000, Test Accuracy: 0.9867, Energy: -4776523.0
Time taken:  1.8549025058746338
Test Loss: 0.0000, Test Accuracy: 0.9833, Energy: -4786044.5
Time taken:  1.8263041973114014
Test Loss: 0.0000, Test Accuracy: 0.9833, Energy: -4794622.0
Time taken:  1.8373870849609375
Test Loss: 0.0000, Test Accuracy: 0.9833, Energy: -4802785.0
Time taken:  1.8463737964630127
Test Loss: 0.0000, Test Accuracy: 0.9833, Energy: -4809842.0
Time taken:  1.977691411972046
Test Loss: 0.0000, Test Accuracy: 0.9833, Energy: -4815653.5
Time taken:  1.8632113933563232
Test Loss: 0.0000, Test Accuracy: 0.9833, Energy: -4821726.0
Time taken:  2.143193244934082
Test Loss: 0.0000, Test Accuracy: 0.9833, Energy: -4827036.0
Time taken:  1.9172382354736328
Test Loss: 0.0000, Test Accuracy: 0.9833, Energy: -4832207.5
Time taken:  1.9330971240997314
Test Loss: 0.0000, Test Accuracy: 0.9833, Energy: -4836350.5
Time taken:  1.9456758499145508
Test Loss: 0.0000, Test Accuracy: 0.9833, Energy: -4840431.5
Time taken:  1.8565936088562012
Test Loss: 0.0000, Test Accuracy: 0.9833, Energy: -4844307.0
Time taken:  1.8390543460845947
Test Loss: 0.0000, Test Accuracy: 0.9833, Energy: -4847753.0
Time taken:  1.8246643543243408
Test Loss: 0.0000, Test Accuracy: 0.9833, Energy: -4850479.5
Time taken:  1.8315353393554688
Test Loss: 0.0000, Test Accuracy: 0.9867, Energy: -4853200.0
Time taken:  1.8792552947998047
Test Loss: 0.0000, Test Accuracy: 0.9867, Energy: -4855536.0
Time taken:  1.9353556632995605
Test Loss: 0.0000, Test Accuracy: 0.9867, Energy: -4858117.0
Time taken:  1.8335223197937012
Test Loss: 0.0000, Test Accuracy: 0.9867, Energy: -4860121.0
Time taken:  1.8642363548278809
Test Loss: 0.0000, Test Accuracy: 0.9867, Energy: -4862094.5
Time taken:  1.8190276622772217
Test Loss: 0.0000, Test Accuracy: 0.9867, Energy: -4863948.0
Time taken:  1.8824994564056396
Test Loss: 0.0000, Test Accuracy: 0.9867, Energy: -4865447.5
Time taken:  1.8365776538848877
Test Loss: 0.0000, Test Accuracy: 0.9867, Energy: -4866776.0
Time taken:  1.8820900917053223
Test Loss: 0.0000, Test Accuracy: 0.9867, Energy: -4867948.0
Time taken:  1.8522632122039795
Test Loss: 0.0000, Test Accuracy: 0.9867, Energy: -4869176.5
Time taken:  1.8150486946105957
Test Loss: 0.0000, Test Accuracy: 0.9867, Energy: -4870095.5
Time taken:  1.8504750728607178
Test Loss: 0.0000, Test Accuracy: 0.9867, Energy: -4870968.5
Time taken:  2.007272481918335
Test Loss: 0.0000, Test Accuracy: 0.9867, Energy: -4871969.5
Time taken:  1.8442001342773438
Test Loss: 0.0000, Test Accuracy: 0.9867, Energy: -4872759.0
Time taken:  1.838728904724121
Test Loss: 0.0000, Test Accuracy: 0.9867, Energy: -4873479.0
Time taken:  1.8632276058197021
Test Loss: 0.0000, Test Accuracy: 0.9867, Energy: -4874409.0
Time taken:  1.9486844539642334
Test Loss: 0.0000, Test Accuracy: 0.9867, Energy: -4874582.0
Time taken:  1.791487216949463
Test Loss: 0.0000, Test Accuracy: 0.9867, Energy: -4874999.5
Time taken:  1.9686195850372314
Test Loss: 0.0000, Test Accuracy: 0.9867, Energy: -4875299.0
Time taken:  1.8412563800811768
Test Loss: 0.0000, Test Accuracy: 0.9867, Energy: -4875773.0
Time taken:  1.9490430355072021
Test Loss: 0.0000, Test Accuracy: 0.9867, Energy: -4876163.0
Time taken:  1.840092420578003
Test Loss: 0.0000, Test Accuracy: 0.9867, Energy: -4876494.0
Time taken:  1.8063223361968994
Test Loss: 0.0000, Test Accuracy: 0.9867, Energy: -4876654.5
Time taken:  1.8294005393981934
Test Loss: 0.0000, Test Accuracy: 0.9867, Energy: -4877061.0
Time taken:  1.9008381366729736
Test Loss: 0.0000, Test Accuracy: 0.9867, Energy: -4877321.0
Time taken:  1.9380629062652588
Test Loss: 0.0000, Test Accuracy: 0.9867, Energy: -4877517.5
Time taken:  1.8633267879486084
Test Loss: 0.0000, Test Accuracy: 0.9867, Energy: -4877595.0
Time taken:  1.9061918258666992
Test Loss: 0.0000, Test Accuracy: 0.9867, Energy: -4877782.5
Time taken:  1.8952279090881348
Test Loss: 0.0000, Test Accuracy: 0.9867, Energy: -4877975.5
Time taken:  1.8157241344451904
Test Loss: 0.0000, Test Accuracy: 0.9867, Energy: -4878143.5
Time taken:  1.8286638259887695
Test Loss: 0.0000, Test Accuracy: 0.9867, Energy: -4878364.5
Time taken:  1.846550464630127
Test Loss: 0.0000, Test Accuracy: 0.9867, Energy: -4878454.0
Time taken:  1.9344937801361084
Test Loss: 0.0000, Test Accuracy: 0.9867, Energy: -4878574.5
Time taken:  1.8037819862365723
Test Loss: 0.0000, Test Accuracy: 0.9867, Energy: -4878616.5
Time taken:  2.0179340839385986
Test Loss: 0.0000, Test Accuracy: 0.9867, Energy: -4878689.5
Time taken:  1.8396039009094238
Test Loss: 0.0000, Test Accuracy: 0.9867, Energy: -4878752.5
Time taken:  1.901484727859497
Test Loss: 0.0000, Test Accuracy: 0.9867, Energy: -4878789.0
Time taken:  1.9292242527008057
Test Loss: 0.0000, Test Accuracy: 0.9867, Energy: -4878893.0
Time taken:  1.9229750633239746
Test Loss: 0.0000, Test Accuracy: 0.9867, Energy: -4878948.5
Time taken:  1.8478031158447266
Test Loss: 0.0000, Test Accuracy: 0.9867, Energy: -4878988.0
Time taken:  1.8109755516052246
Test Loss: 0.0000, Test Accuracy: 0.9867, Energy: -4879031.5
Time taken:  1.905339241027832
Test Loss: 0.0000, Test Accuracy: 0.9867, Energy: -4879068.0
Time taken:  1.9122488498687744
Test Loss: 0.0000, Test Accuracy: 0.9867, Energy: -4879118.5
Time taken:  1.871138572692871
Test Loss: 0.0000, Test Accuracy: 0.9867, Energy: -4879142.5
Time taken:  1.7263410091400146
Final accuracies: [0.97, 1.0, 0.9966666666666667, 0.9966666666666667, 0.9966666666666667, 0.9966666666666667, 0.9966666666666667, 0.9933333333333333, 0.9933333333333333, 0.99, 0.99, 0.99, 0.99, 0.99, 0.99, 0.99, 0.99, 0.99, 0.9866666666666667, 0.9866666666666667, 0.9866666666666667, 0.9866666666666667, 0.9866666666666667, 0.9833333333333333, 0.9833333333333333, 0.9833333333333333, 0.9833333333333333, 0.9833333333333333, 0.9833333333333333, 0.9833333333333333, 0.9833333333333333, 0.9833333333333333, 0.9833333333333333, 0.9833333333333333, 0.9833333333333333, 0.9866666666666667, 0.9866666666666667, 0.9866666666666667, 0.9866666666666667, 0.9866666666666667, 0.9866666666666667, 0.9866666666666667, 0.9866666666666667, 0.9833333333333333, 0.9833333333333333, 0.9833333333333333, 0.9833333333333333, 0.9833333333333333, 0.9833333333333333, 0.9833333333333333, 0.9833333333333333, 0.9833333333333333, 0.9833333333333333, 0.9833333333333333, 0.9833333333333333, 0.9833333333333333, 0.9866666666666667, 0.9866666666666667, 0.9866666666666667, 0.9866666666666667, 0.9866666666666667, 0.9866666666666667, 0.9866666666666667, 0.9866666666666667, 0.9866666666666667, 0.9866666666666667, 0.9866666666666667, 0.9866666666666667, 0.9866666666666667, 0.9866666666666667, 0.9866666666666667, 0.9866666666666667, 0.9866666666666667, 0.9866666666666667, 0.9866666666666667, 0.9866666666666667, 0.9866666666666667, 0.9866666666666667, 0.9866666666666667, 0.9866666666666667, 0.9866666666666667, 0.9866666666666667, 0.9866666666666667, 0.9866666666666667, 0.9866666666666667, 0.9866666666666667, 0.9866666666666667, 0.9866666666666667, 0.9866666666666667, 0.9866666666666667, 0.9866666666666667, 0.9866666666666667, 0.9866666666666667, 0.9866666666666667, 0.9866666666666667, 0.9866666666666667, 0.9866666666666667, 0.9866666666666667, 0.9866666666666667, 0.9866666666666667]
Final energies: [332.29254150390625, -18383.37890625, -205973.8125, -642186.3125, -1067856.5, -1432315.375, -1754530.0, -2046098.625, -2308788.75, -2550530.5, -2770256.25, -2964083.5, -3139733.5, -3297711.0, -3442911.5, -3570880.0, -3689356.5, -3796485.0, -3893597.25, -3981676.0, -4063496.5, -4136572.0, -4204803.5, -4264970.5, -4320477.5, -4370135.0, -4415910.5, -4457711.0, -4496068.0, -4530158.0, -4560517.0, -4588663.0, -4615114.0, -4639102.0, -4660664.0, -4680438.0, -4698477.0, -4715629.5, -4730305.5, -4743400.0, -4755465.0, -4766017.0, -4776523.0, -4786044.5, -4794622.0, -4802785.0, -4809842.0, -4815653.5, -4821726.0, -4827036.0, -4832207.5, -4836350.5, -4840431.5, -4844307.0, -4847753.0, -4850479.5, -4853200.0, -4855536.0, -4858117.0, -4860121.0, -4862094.5, -4863948.0, -4865447.5, -4866776.0, -4867948.0, -4869176.5, -4870095.5, -4870968.5, -4871969.5, -4872759.0, -4873479.0, -4874409.0, -4874582.0, -4874999.5, -4875299.0, -4875773.0, -4876163.0, -4876494.0, -4876654.5, -4877061.0, -4877321.0, -4877517.5, -4877595.0, -4877782.5, -4877975.5, -4878143.5, -4878364.5, -4878454.0, -4878574.5, -4878616.5, -4878689.5, -4878752.5, -4878789.0, -4878893.0, -4878948.5, -4878988.0, -4879031.5, -4879068.0, -4879118.5, -4879142.5]
