Running with parameters: hidden=100, use_coupled=true, seed=11, lam=0.1, eta=0.5, batch=100
Test Loss: 0.0000, Test Accuracy: 0.9367, Energy: -1309.7447509765625
Time taken:  1.3936774730682373
Test Loss: 0.0000, Test Accuracy: 1.0000, Energy: -30245.88671875
Time taken:  1.9369769096374512
Test Loss: 0.0000, Test Accuracy: 0.9967, Energy: -271704.1875
Time taken:  2.2749276161193848
Test Loss: 0.0000, Test Accuracy: 0.9967, Energy: -756993.8125
Time taken:  2.3581368923187256
Test Loss: 0.0000, Test Accuracy: 0.9967, Energy: -1160310.625
Time taken:  2.495413303375244
Test Loss: 0.0000, Test Accuracy: 0.9967, Energy: -1497846.5
Time taken:  2.3491172790527344
Test Loss: 0.0000, Test Accuracy: 0.9967, Energy: -1779943.625
Time taken:  2.532768964767456
Test Loss: 0.0000, Test Accuracy: 0.9967, Energy: -2038125.625
Time taken:  2.3534791469573975
Test Loss: 0.0000, Test Accuracy: 0.9967, Energy: -2265522.0
Time taken:  2.2926928997039795
Test Loss: 0.0000, Test Accuracy: 0.9967, Energy: -2468167.5
Time taken:  2.3238375186920166
Test Loss: 0.0000, Test Accuracy: 0.9967, Energy: -2653190.0
Time taken:  2.3202803134918213
Test Loss: 0.0000, Test Accuracy: 0.9967, Energy: -2820426.5
Time taken:  2.285858631134033
Test Loss: 0.0000, Test Accuracy: 0.9967, Energy: -2968526.25
Time taken:  2.3037288188934326
Test Loss: 0.0000, Test Accuracy: 0.9967, Energy: -3102347.25
Time taken:  2.3140461444854736
Test Loss: 0.0000, Test Accuracy: 0.9967, Energy: -3224059.5
Time taken:  2.3528692722320557
Test Loss: 0.0000, Test Accuracy: 0.9967, Energy: -3334524.75
Time taken:  2.314622640609741
Test Loss: 0.0000, Test Accuracy: 0.9967, Energy: -3439572.5
Time taken:  2.315532922744751
Test Loss: 0.0000, Test Accuracy: 0.9967, Energy: -3533631.0
Time taken:  2.3360698223114014
Test Loss: 0.0000, Test Accuracy: 0.9967, Energy: -3617521.0
Time taken:  2.3181049823760986
Test Loss: 0.0000, Test Accuracy: 0.9967, Energy: -3692812.0
Time taken:  2.3184640407562256
Test Loss: 0.0000, Test Accuracy: 0.9967, Energy: -3762152.0
Time taken:  2.315058946609497
Test Loss: 0.0000, Test Accuracy: 0.9967, Energy: -3826387.25
Time taken:  2.329495668411255
Test Loss: 0.0000, Test Accuracy: 0.9967, Energy: -3884680.5
Time taken:  2.378114938735962
Test Loss: 0.0000, Test Accuracy: 0.9967, Energy: -3937971.25
Time taken:  2.3141705989837646
Test Loss: 0.0000, Test Accuracy: 0.9967, Energy: -3985902.0
Time taken:  2.3044629096984863
Test Loss: 0.0000, Test Accuracy: 0.9967, Energy: -4028740.0
Time taken:  2.343391180038452
Test Loss: 0.0000, Test Accuracy: 0.9967, Energy: -4067425.0
Time taken:  2.3313100337982178
Test Loss: 0.0000, Test Accuracy: 0.9967, Energy: -4104554.0
Time taken:  2.334261417388916
Test Loss: 0.0000, Test Accuracy: 0.9967, Energy: -4136507.0
Time taken:  2.3129045963287354
Test Loss: 0.0000, Test Accuracy: 0.9967, Energy: -4167937.0
Time taken:  2.358933210372925
Test Loss: 0.0000, Test Accuracy: 0.9967, Energy: -4194834.0
Time taken:  2.299227714538574
Test Loss: 0.0000, Test Accuracy: 0.9967, Energy: -4220537.0
Time taken:  2.327049493789673
Test Loss: 0.0000, Test Accuracy: 0.9967, Energy: -4242923.0
Time taken:  2.301496744155884
Test Loss: 0.0000, Test Accuracy: 0.9967, Energy: -4263995.0
Time taken:  2.3411078453063965
Test Loss: 0.0000, Test Accuracy: 0.9967, Energy: -4283920.0
Time taken:  2.310728073120117
Test Loss: 0.0000, Test Accuracy: 0.9967, Energy: -4300504.0
Time taken:  2.3279900550842285
Test Loss: 0.0000, Test Accuracy: 0.9967, Energy: -4316296.5
Time taken:  2.3560376167297363
Test Loss: 0.0000, Test Accuracy: 0.9967, Energy: -4330807.5
Time taken:  2.319854736328125
Test Loss: 0.0000, Test Accuracy: 0.9967, Energy: -4343585.0
Time taken:  2.302083730697632
Test Loss: 0.0000, Test Accuracy: 0.9967, Energy: -4355779.0
Time taken:  2.326129913330078
Test Loss: 0.0000, Test Accuracy: 0.9967, Energy: -4366485.0
Time taken:  2.3466262817382812
Test Loss: 0.0000, Test Accuracy: 0.9967, Energy: -4375777.0
Time taken:  2.4454643726348877
Test Loss: 0.0000, Test Accuracy: 0.9967, Energy: -4384770.5
Time taken:  2.3557095527648926
Test Loss: 0.0000, Test Accuracy: 0.9967, Energy: -4393015.0
Time taken:  2.3053181171417236
Test Loss: 0.0000, Test Accuracy: 0.9967, Energy: -4400670.5
Time taken:  2.3262133598327637
Test Loss: 0.0000, Test Accuracy: 0.9967, Energy: -4407617.5
Time taken:  2.363337516784668
Test Loss: 0.0000, Test Accuracy: 0.9967, Energy: -4413353.0
Time taken:  2.3342647552490234
Test Loss: 0.0000, Test Accuracy: 0.9967, Energy: -4418840.0
Time taken:  2.409188747406006
Test Loss: 0.0000, Test Accuracy: 0.9967, Energy: -4423863.5
Time taken:  2.3195605278015137
Test Loss: 0.0000, Test Accuracy: 0.9967, Energy: -4428788.0
Time taken:  2.3492305278778076
Test Loss: 0.0000, Test Accuracy: 0.9967, Energy: -4432951.5
Time taken:  2.4614787101745605
Test Loss: 0.0000, Test Accuracy: 0.9967, Energy: -4436762.5
Time taken:  2.348721742630005
Test Loss: 0.0000, Test Accuracy: 0.9967, Energy: -4440122.5
Time taken:  2.40120267868042
Test Loss: 0.0000, Test Accuracy: 0.9967, Energy: -4443045.5
Time taken:  2.32843017578125
Test Loss: 0.0000, Test Accuracy: 0.9967, Energy: -4446146.0
Time taken:  2.3515665531158447
Test Loss: 0.0000, Test Accuracy: 0.9967, Energy: -4448768.5
Time taken:  2.3406553268432617
Test Loss: 0.0000, Test Accuracy: 0.9967, Energy: -4451370.0
Time taken:  2.3288204669952393
Test Loss: 0.0000, Test Accuracy: 0.9967, Energy: -4453501.0
Time taken:  2.3782780170440674
Test Loss: 0.0000, Test Accuracy: 0.9967, Energy: -4455600.0
Time taken:  2.2970526218414307
Test Loss: 0.0000, Test Accuracy: 0.9967, Energy: -4457196.5
Time taken:  2.3030261993408203
Test Loss: 0.0000, Test Accuracy: 0.9967, Energy: -4458871.5
Time taken:  2.327742099761963
Test Loss: 0.0000, Test Accuracy: 0.9967, Energy: -4460143.0
Time taken:  2.292206287384033
Test Loss: 0.0000, Test Accuracy: 0.9967, Energy: -4461232.0
Time taken:  2.3217012882232666
Test Loss: 0.0000, Test Accuracy: 0.9967, Energy: -4462421.0
Time taken:  2.2883787155151367
Test Loss: 0.0000, Test Accuracy: 0.9967, Energy: -4463494.0
Time taken:  2.32346248626709
Test Loss: 0.0000, Test Accuracy: 0.9967, Energy: -4464575.0
Time taken:  2.3356974124908447
Test Loss: 0.0000, Test Accuracy: 0.9967, Energy: -4465495.0
Time taken:  2.329559087753296
Test Loss: 0.0000, Test Accuracy: 0.9967, Energy: -4466211.0
Time taken:  2.3512604236602783
Test Loss: 0.0000, Test Accuracy: 0.9967, Energy: -4466816.5
Time taken:  2.323206901550293
Test Loss: 0.0000, Test Accuracy: 0.9967, Energy: -4467463.5
Time taken:  2.37764048576355
Test Loss: 0.0000, Test Accuracy: 0.9967, Energy: -4468073.0
Time taken:  2.3532450199127197
Test Loss: 0.0000, Test Accuracy: 0.9967, Energy: -4468556.5
Time taken:  2.3683059215545654
Test Loss: 0.0000, Test Accuracy: 0.9967, Energy: -4469068.0
Time taken:  2.3242905139923096
Test Loss: 0.0000, Test Accuracy: 0.9967, Energy: -4469504.0
Time taken:  2.3938779830932617
Test Loss: 0.0000, Test Accuracy: 0.9967, Energy: -4469909.5
Time taken:  2.40881609916687
Test Loss: 0.0000, Test Accuracy: 0.9967, Energy: -4470204.0
Time taken:  2.3300061225891113
Test Loss: 0.0000, Test Accuracy: 0.9967, Energy: -4470522.0
Time taken:  2.3246288299560547
Test Loss: 0.0000, Test Accuracy: 0.9967, Energy: -4470772.0
Time taken:  2.3378331661224365
Test Loss: 0.0000, Test Accuracy: 0.9967, Energy: -4471005.0
Time taken:  2.301316738128662
Test Loss: 0.0000, Test Accuracy: 0.9967, Energy: -4471227.5
Time taken:  2.3364017009735107
Test Loss: 0.0000, Test Accuracy: 0.9967, Energy: -4471435.0
Time taken:  2.40252685546875
Test Loss: 0.0000, Test Accuracy: 0.9967, Energy: -4471701.0
Time taken:  2.34366774559021
Test Loss: 0.0000, Test Accuracy: 0.9967, Energy: -4471990.5
Time taken:  2.3903415203094482
Test Loss: 0.0000, Test Accuracy: 0.9967, Energy: -4472112.5
Time taken:  2.3787503242492676
Test Loss: 0.0000, Test Accuracy: 0.9967, Energy: -4471997.0
Time taken:  2.336519956588745
Test Loss: 0.0000, Test Accuracy: 0.9967, Energy: -4472151.0
Time taken:  2.337740182876587
Test Loss: 0.0000, Test Accuracy: 0.9967, Energy: -4472261.0
Time taken:  2.3296377658843994
Test Loss: 0.0000, Test Accuracy: 0.9967, Energy: -4472426.0
Time taken:  2.32696533203125
Test Loss: 0.0000, Test Accuracy: 0.9967, Energy: -4472520.0
Time taken:  2.4021785259246826
Test Loss: 0.0000, Test Accuracy: 0.9967, Energy: -4472609.0
Time taken:  2.325604200363159
Test Loss: 0.0000, Test Accuracy: 0.9967, Energy: -4472841.5
Time taken:  2.347179889678955
Test Loss: 0.0000, Test Accuracy: 0.9967, Energy: -4472905.5
Time taken:  2.380993604660034
Test Loss: 0.0000, Test Accuracy: 0.9967, Energy: -4472965.0
Time taken:  2.3754513263702393
Test Loss: 0.0000, Test Accuracy: 0.9967, Energy: -4473003.0
Time taken:  2.3648715019226074
Test Loss: 0.0000, Test Accuracy: 0.9967, Energy: -4473066.5
Time taken:  2.3407559394836426
Test Loss: 0.0000, Test Accuracy: 0.9967, Energy: -4473086.0
Time taken:  2.3195927143096924
Test Loss: 0.0000, Test Accuracy: 0.9967, Energy: -4473131.5
Time taken:  2.3353607654571533
Test Loss: 0.0000, Test Accuracy: 0.9967, Energy: -4473167.5
Time taken:  2.32796311378479
Test Loss: 0.0000, Test Accuracy: 0.9967, Energy: -4473200.0
Time taken:  2.3383452892303467
Test Loss: 0.0000, Test Accuracy: 0.9967, Energy: -4473213.5
Time taken:  2.303670644760132
Final accuracies: [0.9366666666666666, 1.0, 0.9966666666666667, 0.9966666666666667, 0.9966666666666667, 0.9966666666666667, 0.9966666666666667, 0.9966666666666667, 0.9966666666666667, 0.9966666666666667, 0.9966666666666667, 0.9966666666666667, 0.9966666666666667, 0.9966666666666667, 0.9966666666666667, 0.9966666666666667, 0.9966666666666667, 0.9966666666666667, 0.9966666666666667, 0.9966666666666667, 0.9966666666666667, 0.9966666666666667, 0.9966666666666667, 0.9966666666666667, 0.9966666666666667, 0.9966666666666667, 0.9966666666666667, 0.9966666666666667, 0.9966666666666667, 0.9966666666666667, 0.9966666666666667, 0.9966666666666667, 0.9966666666666667, 0.9966666666666667, 0.9966666666666667, 0.9966666666666667, 0.9966666666666667, 0.9966666666666667, 0.9966666666666667, 0.9966666666666667, 0.9966666666666667, 0.9966666666666667, 0.9966666666666667, 0.9966666666666667, 0.9966666666666667, 0.9966666666666667, 0.9966666666666667, 0.9966666666666667, 0.9966666666666667, 0.9966666666666667, 0.9966666666666667, 0.9966666666666667, 0.9966666666666667, 0.9966666666666667, 0.9966666666666667, 0.9966666666666667, 0.9966666666666667, 0.9966666666666667, 0.9966666666666667, 0.9966666666666667, 0.9966666666666667, 0.9966666666666667, 0.9966666666666667, 0.9966666666666667, 0.9966666666666667, 0.9966666666666667, 0.9966666666666667, 0.9966666666666667, 0.9966666666666667, 0.9966666666666667, 0.9966666666666667, 0.9966666666666667, 0.9966666666666667, 0.9966666666666667, 0.9966666666666667, 0.9966666666666667, 0.9966666666666667, 0.9966666666666667, 0.9966666666666667, 0.9966666666666667, 0.9966666666666667, 0.9966666666666667, 0.9966666666666667, 0.9966666666666667, 0.9966666666666667, 0.9966666666666667, 0.9966666666666667, 0.9966666666666667, 0.9966666666666667, 0.9966666666666667, 0.9966666666666667, 0.9966666666666667, 0.9966666666666667, 0.9966666666666667, 0.9966666666666667, 0.9966666666666667, 0.9966666666666667, 0.9966666666666667, 0.9966666666666667, 0.9966666666666667]
Final energies: [-1309.7447509765625, -30245.88671875, -271704.1875, -756993.8125, -1160310.625, -1497846.5, -1779943.625, -2038125.625, -2265522.0, -2468167.5, -2653190.0, -2820426.5, -2968526.25, -3102347.25, -3224059.5, -3334524.75, -3439572.5, -3533631.0, -3617521.0, -3692812.0, -3762152.0, -3826387.25, -3884680.5, -3937971.25, -3985902.0, -4028740.0, -4067425.0, -4104554.0, -4136507.0, -4167937.0, -4194834.0, -4220537.0, -4242923.0, -4263995.0, -4283920.0, -4300504.0, -4316296.5, -4330807.5, -4343585.0, -4355779.0, -4366485.0, -4375777.0, -4384770.5, -4393015.0, -4400670.5, -4407617.5, -4413353.0, -4418840.0, -4423863.5, -4428788.0, -4432951.5, -4436762.5, -4440122.5, -4443045.5, -4446146.0, -4448768.5, -4451370.0, -4453501.0, -4455600.0, -4457196.5, -4458871.5, -4460143.0, -4461232.0, -4462421.0, -4463494.0, -4464575.0, -4465495.0, -4466211.0, -4466816.5, -4467463.5, -4468073.0, -4468556.5, -4469068.0, -4469504.0, -4469909.5, -4470204.0, -4470522.0, -4470772.0, -4471005.0, -4471227.5, -4471435.0, -4471701.0, -4471990.5, -4472112.5, -4471997.0, -4472151.0, -4472261.0, -4472426.0, -4472520.0, -4472609.0, -4472841.5, -4472905.5, -4472965.0, -4473003.0, -4473066.5, -4473086.0, -4473131.5, -4473167.5, -4473200.0, -4473213.5]
