Running with parameters: hidden=100, use_coupled=true, seed=80, lam=0.1, eta=0.5, batch=100
Test Loss: 0.0000, Test Accuracy: 0.8067, Energy: -1087.77587890625
Time taken:  2.469357967376709
Test Loss: 0.0000, Test Accuracy: 1.0000, Energy: -27416.15234375
Time taken:  2.374842643737793
Test Loss: 0.0000, Test Accuracy: 0.9967, Energy: -255650.046875
Time taken:  2.1896181106567383
Test Loss: 0.0000, Test Accuracy: 0.9967, Energy: -716295.8125
Time taken:  2.1995370388031006
Test Loss: 0.0000, Test Accuracy: 0.9967, Energy: -1112207.5
Time taken:  2.1958954334259033
Test Loss: 0.0000, Test Accuracy: 0.9967, Energy: -1450827.75
Time taken:  2.2291390895843506
Test Loss: 0.0000, Test Accuracy: 0.9967, Energy: -1736741.5
Time taken:  2.2063703536987305
Test Loss: 0.0000, Test Accuracy: 0.9967, Energy: -1992520.75
Time taken:  2.200502872467041
Test Loss: 0.0000, Test Accuracy: 0.9967, Energy: -2220062.5
Time taken:  2.186222791671753
Test Loss: 0.0000, Test Accuracy: 0.9967, Energy: -2420422.25
Time taken:  2.1834616661071777
Test Loss: 0.0000, Test Accuracy: 0.9967, Energy: -2602485.5
Time taken:  2.2041714191436768
Test Loss: 0.0000, Test Accuracy: 0.9933, Energy: -2766923.0
Time taken:  2.2100119590759277
Test Loss: 0.0000, Test Accuracy: 0.9933, Energy: -2913684.75
Time taken:  2.2550294399261475
Test Loss: 0.0000, Test Accuracy: 0.9933, Energy: -3047721.5
Time taken:  2.1414597034454346
Test Loss: 0.0000, Test Accuracy: 0.9967, Energy: -3172001.25
Time taken:  2.22526478767395
Test Loss: 0.0000, Test Accuracy: 0.9933, Energy: -3280196.25
Time taken:  2.20843768119812
Test Loss: 0.0000, Test Accuracy: 0.9967, Energy: -3379845.0
Time taken:  2.2033448219299316
Test Loss: 0.0000, Test Accuracy: 0.9967, Energy: -3470087.25
Time taken:  2.1993114948272705
Test Loss: 0.0000, Test Accuracy: 0.9933, Energy: -3550717.25
Time taken:  2.2149317264556885
Test Loss: 0.0000, Test Accuracy: 0.9933, Energy: -3624598.0
Time taken:  2.2222397327423096
Test Loss: 0.0000, Test Accuracy: 0.9933, Energy: -3695071.5
Time taken:  2.1925547122955322
Test Loss: 0.0000, Test Accuracy: 0.9933, Energy: -3754784.0
Time taken:  2.213580846786499
Test Loss: 0.0000, Test Accuracy: 0.9933, Energy: -3812946.0
Time taken:  2.184253215789795
Test Loss: 0.0000, Test Accuracy: 0.9933, Energy: -3863957.0
Time taken:  2.190969705581665
Test Loss: 0.0000, Test Accuracy: 0.9933, Energy: -3910878.75
Time taken:  2.1899874210357666
Test Loss: 0.0000, Test Accuracy: 0.9933, Energy: -3954028.0
Time taken:  2.188771963119507
Test Loss: 0.0000, Test Accuracy: 0.9933, Energy: -3991920.5
Time taken:  2.255030870437622
Test Loss: 0.0000, Test Accuracy: 0.9900, Energy: -4027379.0
Time taken:  2.4073615074157715
Test Loss: 0.0000, Test Accuracy: 0.9900, Energy: -4059710.0
Time taken:  2.2481937408447266
Test Loss: 0.0000, Test Accuracy: 0.9900, Energy: -4088421.0
Time taken:  2.2194645404815674
Test Loss: 0.0000, Test Accuracy: 0.9900, Energy: -4113800.75
Time taken:  2.245999813079834
Test Loss: 0.0000, Test Accuracy: 0.9900, Energy: -4137205.5
Time taken:  2.195727586746216
Test Loss: 0.0000, Test Accuracy: 0.9900, Energy: -4159565.0
Time taken:  2.255692958831787
Test Loss: 0.0000, Test Accuracy: 0.9900, Energy: -4180031.5
Time taken:  2.1681294441223145
Test Loss: 0.0000, Test Accuracy: 0.9900, Energy: -4199886.0
Time taken:  2.208913564682007
Test Loss: 0.0000, Test Accuracy: 0.9900, Energy: -4216010.0
Time taken:  2.174053430557251
Test Loss: 0.0000, Test Accuracy: 0.9900, Energy: -4231312.0
Time taken:  2.2150638103485107
Test Loss: 0.0000, Test Accuracy: 0.9900, Energy: -4245179.5
Time taken:  2.2039523124694824
Test Loss: 0.0000, Test Accuracy: 0.9900, Energy: -4257391.0
Time taken:  2.21185564994812
Test Loss: 0.0000, Test Accuracy: 0.9900, Energy: -4269082.0
Time taken:  2.202852249145508
Test Loss: 0.0000, Test Accuracy: 0.9900, Energy: -4278876.5
Time taken:  2.2013564109802246
Test Loss: 0.0000, Test Accuracy: 0.9900, Energy: -4288668.5
Time taken:  2.1817147731781006
Test Loss: 0.0000, Test Accuracy: 0.9900, Energy: -4297072.5
Time taken:  2.168611526489258
Test Loss: 0.0000, Test Accuracy: 0.9900, Energy: -4304259.5
Time taken:  2.172670602798462
Test Loss: 0.0000, Test Accuracy: 0.9900, Energy: -4311564.0
Time taken:  2.2976553440093994
Test Loss: 0.0000, Test Accuracy: 0.9900, Energy: -4317679.0
Time taken:  2.225174903869629
Test Loss: 0.0000, Test Accuracy: 0.9900, Energy: -4324079.0
Time taken:  2.244213819503784
Test Loss: 0.0000, Test Accuracy: 0.9900, Energy: -4329765.0
Time taken:  2.3891332149505615
Test Loss: 0.0000, Test Accuracy: 0.9900, Energy: -4334946.0
Time taken:  2.175795316696167
Test Loss: 0.0000, Test Accuracy: 0.9900, Energy: -4339203.0
Time taken:  2.2030715942382812
Test Loss: 0.0000, Test Accuracy: 0.9900, Energy: -4343484.0
Time taken:  2.2197329998016357
Test Loss: 0.0000, Test Accuracy: 0.9900, Energy: -4347730.0
Time taken:  2.1915550231933594
Test Loss: 0.0000, Test Accuracy: 0.9900, Energy: -4350964.5
Time taken:  2.18291974067688
Test Loss: 0.0000, Test Accuracy: 0.9900, Energy: -4353830.0
Time taken:  2.1769556999206543
Test Loss: 0.0000, Test Accuracy: 0.9900, Energy: -4356617.0
Time taken:  2.215322494506836
Test Loss: 0.0000, Test Accuracy: 0.9900, Energy: -4358494.5
Time taken:  2.1609582901000977
Test Loss: 0.0000, Test Accuracy: 0.9900, Energy: -4360622.5
Time taken:  2.204617500305176
Test Loss: 0.0000, Test Accuracy: 0.9900, Energy: -4362503.0
Time taken:  2.203982353210449
Test Loss: 0.0000, Test Accuracy: 0.9900, Energy: -4364560.0
Time taken:  2.2192602157592773
Test Loss: 0.0000, Test Accuracy: 0.9900, Energy: -4366166.5
Time taken:  2.2113656997680664
Test Loss: 0.0000, Test Accuracy: 0.9900, Energy: -4367449.0
Time taken:  2.2520477771759033
Test Loss: 0.0000, Test Accuracy: 0.9900, Energy: -4368767.0
Time taken:  2.2241246700286865
Test Loss: 0.0000, Test Accuracy: 0.9900, Energy: -4370177.0
Time taken:  2.2441909313201904
Test Loss: 0.0000, Test Accuracy: 0.9900, Energy: -4371292.0
Time taken:  2.2068209648132324
Test Loss: 0.0000, Test Accuracy: 0.9900, Energy: -4372310.5
Time taken:  2.197679281234741
Test Loss: 0.0000, Test Accuracy: 0.9900, Energy: -4373299.5
Time taken:  2.2090229988098145
Test Loss: 0.0000, Test Accuracy: 0.9900, Energy: -4374173.0
Time taken:  2.1892292499542236
Test Loss: 0.0000, Test Accuracy: 0.9900, Energy: -4374881.0
Time taken:  2.208543539047241
Test Loss: 0.0000, Test Accuracy: 0.9900, Energy: -4375701.0
Time taken:  2.220567464828491
Test Loss: 0.0000, Test Accuracy: 0.9900, Energy: -4376324.0
Time taken:  2.191688299179077
Test Loss: 0.0000, Test Accuracy: 0.9900, Energy: -4376991.0
Time taken:  2.2402749061584473
Test Loss: 0.0000, Test Accuracy: 0.9900, Energy: -4377515.5
Time taken:  2.182621717453003
Test Loss: 0.0000, Test Accuracy: 0.9900, Energy: -4377957.5
Time taken:  2.206094264984131
Test Loss: 0.0000, Test Accuracy: 0.9900, Energy: -4378322.5
Time taken:  2.2024929523468018
Test Loss: 0.0000, Test Accuracy: 0.9900, Energy: -4378655.0
Time taken:  2.1973228454589844
Test Loss: 0.0000, Test Accuracy: 0.9900, Energy: -4379034.0
Time taken:  2.209867000579834
Test Loss: 0.0000, Test Accuracy: 0.9900, Energy: -4379460.0
Time taken:  2.2335543632507324
Test Loss: 0.0000, Test Accuracy: 0.9900, Energy: -4379874.5
Time taken:  2.185258388519287
Test Loss: 0.0000, Test Accuracy: 0.9900, Energy: -4380157.0
Time taken:  2.1775975227355957
Test Loss: 0.0000, Test Accuracy: 0.9900, Energy: -4380309.0
Time taken:  2.209054708480835
Test Loss: 0.0000, Test Accuracy: 0.9900, Energy: -4380525.0
Time taken:  2.228134870529175
Test Loss: 0.0000, Test Accuracy: 0.9900, Energy: -4380722.5
Time taken:  2.207120656967163
Test Loss: 0.0000, Test Accuracy: 0.9900, Energy: -4380889.5
Time taken:  2.20473575592041
Test Loss: 0.0000, Test Accuracy: 0.9900, Energy: -4381032.0
Time taken:  2.187969923019409
Test Loss: 0.0000, Test Accuracy: 0.9900, Energy: -4381158.5
Time taken:  2.2039642333984375
Test Loss: 0.0000, Test Accuracy: 0.9900, Energy: -4381276.0
Time taken:  2.2046918869018555
Test Loss: 0.0000, Test Accuracy: 0.9900, Energy: -4381382.0
Time taken:  2.230785608291626
Test Loss: 0.0000, Test Accuracy: 0.9900, Energy: -4381491.0
Time taken:  2.225809335708618
Test Loss: 0.0000, Test Accuracy: 0.9900, Energy: -4381564.0
Time taken:  2.1989402770996094
Test Loss: 0.0000, Test Accuracy: 0.9900, Energy: -4381668.5
Time taken:  2.1624534130096436
Test Loss: 0.0000, Test Accuracy: 0.9900, Energy: -4381735.5
Time taken:  2.199690341949463
Test Loss: 0.0000, Test Accuracy: 0.9900, Energy: -4381795.5
Time taken:  2.1962039470672607
Test Loss: 0.0000, Test Accuracy: 0.9900, Energy: -4381835.5
Time taken:  2.219161033630371
Test Loss: 0.0000, Test Accuracy: 0.9900, Energy: -4381875.0
Time taken:  2.218005657196045
Test Loss: 0.0000, Test Accuracy: 0.9900, Energy: -4381922.0
Time taken:  2.213388442993164
Test Loss: 0.0000, Test Accuracy: 0.9900, Energy: -4381962.5
Time taken:  2.188019037246704
Test Loss: 0.0000, Test Accuracy: 0.9900, Energy: -4382096.0
Time taken:  2.1677560806274414
Test Loss: 0.0000, Test Accuracy: 0.9900, Energy: -4382130.5
Time taken:  2.1674647331237793
Test Loss: 0.0000, Test Accuracy: 0.9900, Energy: -4382152.0
Time taken:  2.078418016433716
Test Loss: 0.0000, Test Accuracy: 0.9900, Energy: -4382181.5
Time taken:  1.5229663848876953
Final accuracies: [0.8066666666666666, 1.0, 0.9966666666666667, 0.9966666666666667, 0.9966666666666667, 0.9966666666666667, 0.9966666666666667, 0.9966666666666667, 0.9966666666666667, 0.9966666666666667, 0.9966666666666667, 0.9933333333333333, 0.9933333333333333, 0.9933333333333333, 0.9966666666666667, 0.9933333333333333, 0.9966666666666667, 0.9966666666666667, 0.9933333333333333, 0.9933333333333333, 0.9933333333333333, 0.9933333333333333, 0.9933333333333333, 0.9933333333333333, 0.9933333333333333, 0.9933333333333333, 0.9933333333333333, 0.99, 0.99, 0.99, 0.99, 0.99, 0.99, 0.99, 0.99, 0.99, 0.99, 0.99, 0.99, 0.99, 0.99, 0.99, 0.99, 0.99, 0.99, 0.99, 0.99, 0.99, 0.99, 0.99, 0.99, 0.99, 0.99, 0.99, 0.99, 0.99, 0.99, 0.99, 0.99, 0.99, 0.99, 0.99, 0.99, 0.99, 0.99, 0.99, 0.99, 0.99, 0.99, 0.99, 0.99, 0.99, 0.99, 0.99, 0.99, 0.99, 0.99, 0.99, 0.99, 0.99, 0.99, 0.99, 0.99, 0.99, 0.99, 0.99, 0.99, 0.99, 0.99, 0.99, 0.99, 0.99, 0.99, 0.99, 0.99, 0.99, 0.99, 0.99, 0.99, 0.99]
Final energies: [-1087.77587890625, -27416.15234375, -255650.046875, -716295.8125, -1112207.5, -1450827.75, -1736741.5, -1992520.75, -2220062.5, -2420422.25, -2602485.5, -2766923.0, -2913684.75, -3047721.5, -3172001.25, -3280196.25, -3379845.0, -3470087.25, -3550717.25, -3624598.0, -3695071.5, -3754784.0, -3812946.0, -3863957.0, -3910878.75, -3954028.0, -3991920.5, -4027379.0, -4059710.0, -4088421.0, -4113800.75, -4137205.5, -4159565.0, -4180031.5, -4199886.0, -4216010.0, -4231312.0, -4245179.5, -4257391.0, -4269082.0, -4278876.5, -4288668.5, -4297072.5, -4304259.5, -4311564.0, -4317679.0, -4324079.0, -4329765.0, -4334946.0, -4339203.0, -4343484.0, -4347730.0, -4350964.5, -4353830.0, -4356617.0, -4358494.5, -4360622.5, -4362503.0, -4364560.0, -4366166.5, -4367449.0, -4368767.0, -4370177.0, -4371292.0, -4372310.5, -4373299.5, -4374173.0, -4374881.0, -4375701.0, -4376324.0, -4376991.0, -4377515.5, -4377957.5, -4378322.5, -4378655.0, -4379034.0, -4379460.0, -4379874.5, -4380157.0, -4380309.0, -4380525.0, -4380722.5, -4380889.5, -4381032.0, -4381158.5, -4381276.0, -4381382.0, -4381491.0, -4381564.0, -4381668.5, -4381735.5, -4381795.5, -4381835.5, -4381875.0, -4381922.0, -4381962.5, -4382096.0, -4382130.5, -4382152.0, -4382181.5]
