Running with parameters: hidden=100, use_coupled=true, seed=34, lam=0.1, eta=0.5, batch=100
Test Loss: 0.0000, Test Accuracy: 0.9900, Energy: -1233.8414306640625
Time taken:  1.6388521194458008
Test Loss: 0.0000, Test Accuracy: 0.9967, Energy: -41985.07421875
Time taken:  1.7296135425567627
Test Loss: 0.0000, Test Accuracy: 0.9967, Energy: -417621.8125
Time taken:  1.390427827835083
Test Loss: 0.0000, Test Accuracy: 0.9967, Energy: -1033734.625
Time taken:  1.4155168533325195
Test Loss: 0.0000, Test Accuracy: 0.9967, Energy: -1516788.5
Time taken:  1.3614211082458496
Test Loss: 0.0000, Test Accuracy: 0.9967, Energy: -1924263.5
Time taken:  1.3615260124206543
Test Loss: 0.0000, Test Accuracy: 0.9967, Energy: -2269364.25
Time taken:  1.3675103187561035
Test Loss: 0.0000, Test Accuracy: 0.9967, Energy: -2581774.5
Time taken:  1.3676660060882568
Test Loss: 0.0000, Test Accuracy: 0.9967, Energy: -2859743.0
Time taken:  1.3915910720825195
Test Loss: 0.0000, Test Accuracy: 0.9967, Energy: -3118907.5
Time taken:  1.364215612411499
Test Loss: 0.0000, Test Accuracy: 0.9967, Energy: -3351239.0
Time taken:  1.3657469749450684
Test Loss: 0.0000, Test Accuracy: 0.9967, Energy: -3542743.5
Time taken:  1.372727394104004
Test Loss: 0.0000, Test Accuracy: 0.9967, Energy: -3715379.0
Time taken:  1.377997875213623
Test Loss: 0.0000, Test Accuracy: 0.9967, Energy: -3871070.0
Time taken:  1.355219841003418
Test Loss: 0.0000, Test Accuracy: 0.9967, Energy: -4012601.5
Time taken:  1.375901699066162
Test Loss: 0.0000, Test Accuracy: 0.9933, Energy: -4142355.25
Time taken:  1.393733263015747
Test Loss: 0.0000, Test Accuracy: 0.9933, Energy: -4260908.0
Time taken:  1.3883342742919922
Test Loss: 0.0000, Test Accuracy: 0.9933, Energy: -4365538.0
Time taken:  1.3854334354400635
Test Loss: 0.0000, Test Accuracy: 0.9933, Energy: -4462136.5
Time taken:  1.3809854984283447
Test Loss: 0.0000, Test Accuracy: 0.9933, Energy: -4549294.5
Time taken:  1.3657658100128174
Test Loss: 0.0000, Test Accuracy: 0.9933, Energy: -4626327.0
Time taken:  1.3963892459869385
Test Loss: 0.0000, Test Accuracy: 0.9933, Energy: -4697294.0
Time taken:  1.375648021697998
Test Loss: 0.0000, Test Accuracy: 0.9933, Energy: -4760228.0
Time taken:  1.3726754188537598
Test Loss: 0.0000, Test Accuracy: 0.9933, Energy: -4819383.0
Time taken:  1.4025487899780273
Test Loss: 0.0000, Test Accuracy: 0.9933, Energy: -4874873.5
Time taken:  1.3790833950042725
Test Loss: 0.0000, Test Accuracy: 0.9933, Energy: -4920723.5
Time taken:  1.410729169845581
Test Loss: 0.0000, Test Accuracy: 0.9933, Energy: -4967049.0
Time taken:  1.384237289428711
Test Loss: 0.0000, Test Accuracy: 0.9933, Energy: -5008017.0
Time taken:  1.3749804496765137
Test Loss: 0.0000, Test Accuracy: 0.9933, Energy: -5047094.0
Time taken:  1.3957884311676025
Test Loss: 0.0000, Test Accuracy: 0.9933, Energy: -5082852.0
Time taken:  1.376800775527954
Test Loss: 0.0000, Test Accuracy: 0.9933, Energy: -5113519.5
Time taken:  1.3806324005126953
Test Loss: 0.0000, Test Accuracy: 0.9933, Energy: -5142111.5
Time taken:  1.38859224319458
Test Loss: 0.0000, Test Accuracy: 0.9933, Energy: -5167922.0
Time taken:  1.3993802070617676
Test Loss: 0.0000, Test Accuracy: 0.9933, Energy: -5190264.0
Time taken:  1.3698487281799316
Test Loss: 0.0000, Test Accuracy: 0.9933, Energy: -5212163.0
Time taken:  1.4122402667999268
Test Loss: 0.0000, Test Accuracy: 0.9933, Energy: -5186980.0
Time taken:  1.3870229721069336
Test Loss: 0.0000, Test Accuracy: 0.9967, Energy: -5155632.0
Time taken:  1.3766899108886719
Test Loss: 0.0000, Test Accuracy: 0.9967, Energy: -5124035.5
Time taken:  1.37351393699646
Test Loss: 0.0000, Test Accuracy: 0.9933, Energy: -5091096.0
Time taken:  1.3833308219909668
Test Loss: 0.0000, Test Accuracy: 0.9933, Energy: -5069482.5
Time taken:  1.3814315795898438
Test Loss: 0.0000, Test Accuracy: 0.9933, Energy: -5051745.0
Time taken:  1.385195255279541
Test Loss: 0.0000, Test Accuracy: 0.9900, Energy: -5024073.5
Time taken:  1.409975528717041
Test Loss: 0.0000, Test Accuracy: 0.9833, Energy: -5000678.5
Time taken:  1.404365062713623
Test Loss: 0.0000, Test Accuracy: 0.9833, Energy: -4986415.0
Time taken:  1.5062482357025146
Test Loss: 0.0000, Test Accuracy: 0.9800, Energy: -4971808.0
Time taken:  1.617398977279663
Test Loss: 0.0000, Test Accuracy: 0.9800, Energy: -4963736.0
Time taken:  1.3803272247314453
Test Loss: 0.0000, Test Accuracy: 0.9800, Energy: -4955075.5
Time taken:  1.4017417430877686
Test Loss: 0.0000, Test Accuracy: 0.9767, Energy: -4946830.0
Time taken:  1.3838727474212646
Test Loss: 0.0000, Test Accuracy: 0.9767, Energy: -4941723.5
Time taken:  1.6185777187347412
Test Loss: 0.0000, Test Accuracy: 0.9767, Energy: -4937760.0
Time taken:  1.4298553466796875
Test Loss: 0.0000, Test Accuracy: 0.9767, Energy: -4931491.0
Time taken:  1.6278035640716553
Test Loss: 0.0000, Test Accuracy: 0.9767, Energy: -4927995.0
Time taken:  1.4004664421081543
Test Loss: 0.0000, Test Accuracy: 0.9733, Energy: -4925155.5
Time taken:  1.3920042514801025
Test Loss: 0.0000, Test Accuracy: 0.9733, Energy: -4921189.0
Time taken:  1.3750417232513428
Test Loss: 0.0000, Test Accuracy: 0.9733, Energy: -4917583.0
Time taken:  1.392336130142212
Test Loss: 0.0000, Test Accuracy: 0.9733, Energy: -4913861.5
Time taken:  1.3786368370056152
Test Loss: 0.0000, Test Accuracy: 0.9733, Energy: -4907899.5
Time taken:  1.375220775604248
Test Loss: 0.0000, Test Accuracy: 0.9733, Energy: -4904540.0
Time taken:  1.45585036277771
Test Loss: 0.0000, Test Accuracy: 0.9733, Energy: -4899451.0
Time taken:  1.3886418342590332
Test Loss: 0.0000, Test Accuracy: 0.9733, Energy: -4892866.5
Time taken:  1.5063130855560303
Test Loss: 0.0000, Test Accuracy: 0.9733, Energy: -4886219.0
Time taken:  1.3813714981079102
Test Loss: 0.0000, Test Accuracy: 0.9700, Energy: -4878479.0
Time taken:  1.5309219360351562
Test Loss: 0.0000, Test Accuracy: 0.9700, Energy: -4872429.5
Time taken:  1.3879117965698242
Test Loss: 0.0000, Test Accuracy: 0.9733, Energy: -4863552.5
Time taken:  1.5190815925598145
Test Loss: 0.0000, Test Accuracy: 0.9733, Energy: -4858031.0
Time taken:  1.3905022144317627
Test Loss: 0.0000, Test Accuracy: 0.9733, Energy: -4852277.0
Time taken:  1.4347138404846191
Test Loss: 0.0000, Test Accuracy: 0.9700, Energy: -4841432.0
Time taken:  1.4158375263214111
Test Loss: 0.0000, Test Accuracy: 0.9733, Energy: -4844172.0
Time taken:  1.3877778053283691
Test Loss: 0.0000, Test Accuracy: 0.9667, Energy: -4830209.0
Time taken:  1.4087138175964355
Test Loss: 0.0000, Test Accuracy: 0.9667, Energy: -4825269.5
Time taken:  1.398634433746338
Test Loss: 0.0000, Test Accuracy: 0.9633, Energy: -4821453.0
Time taken:  1.619610071182251
Test Loss: 0.0000, Test Accuracy: 0.9633, Energy: -4820520.5
Time taken:  1.3771133422851562
Test Loss: 0.0000, Test Accuracy: 0.9633, Energy: -4819851.5
Time taken:  1.4096465110778809
Test Loss: 0.0000, Test Accuracy: 0.9633, Energy: -4817557.0
Time taken:  1.3884718418121338
Test Loss: 0.0000, Test Accuracy: 0.9633, Energy: -4815831.0
Time taken:  1.5510666370391846
Test Loss: 0.0000, Test Accuracy: 0.9667, Energy: -4822114.5
Time taken:  1.4300291538238525
Test Loss: 0.0000, Test Accuracy: 0.9633, Energy: -4814623.5
Time taken:  1.6174359321594238
Test Loss: 0.0000, Test Accuracy: 0.9633, Energy: -4813900.5
Time taken:  1.3977758884429932
Test Loss: 0.0000, Test Accuracy: 0.9633, Energy: -4812849.5
Time taken:  1.3851938247680664
Test Loss: 0.0000, Test Accuracy: 0.9633, Energy: -4812042.5
Time taken:  1.387152910232544
Test Loss: 0.0000, Test Accuracy: 0.9633, Energy: -4810587.0
Time taken:  1.4031891822814941
Test Loss: 0.0000, Test Accuracy: 0.9633, Energy: -4810021.5
Time taken:  1.4055278301239014
Test Loss: 0.0000, Test Accuracy: 0.9633, Energy: -4809666.0
Time taken:  1.3809053897857666
Test Loss: 0.0000, Test Accuracy: 0.9633, Energy: -4809414.5
Time taken:  1.3732969760894775
Test Loss: 0.0000, Test Accuracy: 0.9633, Energy: -4808421.0
Time taken:  1.3911957740783691
Test Loss: 0.0000, Test Accuracy: 0.9633, Energy: -4808382.0
Time taken:  1.4381816387176514
Test Loss: 0.0000, Test Accuracy: 0.9633, Energy: -4808013.0
Time taken:  1.409799337387085
Test Loss: 0.0000, Test Accuracy: 0.9667, Energy: -4808158.0
Time taken:  1.3717730045318604
Test Loss: 0.0000, Test Accuracy: 0.9667, Energy: -4807984.0
Time taken:  1.396066427230835
Test Loss: 0.0000, Test Accuracy: 0.9667, Energy: -4807697.0
Time taken:  1.416865587234497
Test Loss: 0.0000, Test Accuracy: 0.9667, Energy: -4807741.0
Time taken:  1.3664350509643555
Test Loss: 0.0000, Test Accuracy: 0.9667, Energy: -4807132.5
Time taken:  1.3957457542419434
Test Loss: 0.0000, Test Accuracy: 0.9667, Energy: -4806803.0
Time taken:  1.4089436531066895
Test Loss: 0.0000, Test Accuracy: 0.9667, Energy: -4806082.0
Time taken:  1.4049625396728516
Test Loss: 0.0000, Test Accuracy: 0.9667, Energy: -4805274.0
Time taken:  1.3736348152160645
Test Loss: 0.0000, Test Accuracy: 0.9667, Energy: -4805158.0
Time taken:  1.368624210357666
Test Loss: 0.0000, Test Accuracy: 0.9667, Energy: -4804756.5
Time taken:  1.3444468975067139
Test Loss: 0.0000, Test Accuracy: 0.9667, Energy: -4804762.0
Time taken:  1.2515177726745605
Test Loss: 0.0000, Test Accuracy: 0.9667, Energy: -4804163.5
Time taken:  1.153759241104126
Test Loss: 0.0000, Test Accuracy: 0.9667, Energy: -4804097.0
Time taken:  1.1432337760925293
Final accuracies: [0.99, 0.9966666666666667, 0.9966666666666667, 0.9966666666666667, 0.9966666666666667, 0.9966666666666667, 0.9966666666666667, 0.9966666666666667, 0.9966666666666667, 0.9966666666666667, 0.9966666666666667, 0.9966666666666667, 0.9966666666666667, 0.9966666666666667, 0.9966666666666667, 0.9933333333333333, 0.9933333333333333, 0.9933333333333333, 0.9933333333333333, 0.9933333333333333, 0.9933333333333333, 0.9933333333333333, 0.9933333333333333, 0.9933333333333333, 0.9933333333333333, 0.9933333333333333, 0.9933333333333333, 0.9933333333333333, 0.9933333333333333, 0.9933333333333333, 0.9933333333333333, 0.9933333333333333, 0.9933333333333333, 0.9933333333333333, 0.9933333333333333, 0.9933333333333333, 0.9966666666666667, 0.9966666666666667, 0.9933333333333333, 0.9933333333333333, 0.9933333333333333, 0.99, 0.9833333333333333, 0.9833333333333333, 0.98, 0.98, 0.98, 0.9766666666666667, 0.9766666666666667, 0.9766666666666667, 0.9766666666666667, 0.9766666666666667, 0.9733333333333334, 0.9733333333333334, 0.9733333333333334, 0.9733333333333334, 0.9733333333333334, 0.9733333333333334, 0.9733333333333334, 0.9733333333333334, 0.9733333333333334, 0.97, 0.97, 0.9733333333333334, 0.9733333333333334, 0.9733333333333334, 0.97, 0.9733333333333334, 0.9666666666666667, 0.9666666666666667, 0.9633333333333334, 0.9633333333333334, 0.9633333333333334, 0.9633333333333334, 0.9633333333333334, 0.9666666666666667, 0.9633333333333334, 0.9633333333333334, 0.9633333333333334, 0.9633333333333334, 0.9633333333333334, 0.9633333333333334, 0.9633333333333334, 0.9633333333333334, 0.9633333333333334, 0.9633333333333334, 0.9633333333333334, 0.9666666666666667, 0.9666666666666667, 0.9666666666666667, 0.9666666666666667, 0.9666666666666667, 0.9666666666666667, 0.9666666666666667, 0.9666666666666667, 0.9666666666666667, 0.9666666666666667, 0.9666666666666667, 0.9666666666666667, 0.9666666666666667]
Final energies: [-1233.8414306640625, -41985.07421875, -417621.8125, -1033734.625, -1516788.5, -1924263.5, -2269364.25, -2581774.5, -2859743.0, -3118907.5, -3351239.0, -3542743.5, -3715379.0, -3871070.0, -4012601.5, -4142355.25, -4260908.0, -4365538.0, -4462136.5, -4549294.5, -4626327.0, -4697294.0, -4760228.0, -4819383.0, -4874873.5, -4920723.5, -4967049.0, -5008017.0, -5047094.0, -5082852.0, -5113519.5, -5142111.5, -5167922.0, -5190264.0, -5212163.0, -5186980.0, -5155632.0, -5124035.5, -5091096.0, -5069482.5, -5051745.0, -5024073.5, -5000678.5, -4986415.0, -4971808.0, -4963736.0, -4955075.5, -4946830.0, -4941723.5, -4937760.0, -4931491.0, -4927995.0, -4925155.5, -4921189.0, -4917583.0, -4913861.5, -4907899.5, -4904540.0, -4899451.0, -4892866.5, -4886219.0, -4878479.0, -4872429.5, -4863552.5, -4858031.0, -4852277.0, -4841432.0, -4844172.0, -4830209.0, -4825269.5, -4821453.0, -4820520.5, -4819851.5, -4817557.0, -4815831.0, -4822114.5, -4814623.5, -4813900.5, -4812849.5, -4812042.5, -4810587.0, -4810021.5, -4809666.0, -4809414.5, -4808421.0, -4808382.0, -4808013.0, -4808158.0, -4807984.0, -4807697.0, -4807741.0, -4807132.5, -4806803.0, -4806082.0, -4805274.0, -4805158.0, -4804756.5, -4804762.0, -4804163.5, -4804097.0]
