Running with parameters: hidden=100, use_coupled=true, seed=77, lam=0.1, eta=0.5, batch=100
Test Loss: 0.0000, Test Accuracy: 0.9733, Energy: -1208.5384521484375
Time taken:  2.4768598079681396
Test Loss: 0.0000, Test Accuracy: 1.0000, Energy: -37671.2265625
Time taken:  2.374765396118164
Test Loss: 0.0000, Test Accuracy: 0.9967, Energy: -369414.84375
Time taken:  2.207205295562744
Test Loss: 0.0000, Test Accuracy: 0.9967, Energy: -919015.9375
Time taken:  2.1874334812164307
Test Loss: 0.0000, Test Accuracy: 0.9967, Energy: -1391151.75
Time taken:  2.2078769207000732
Test Loss: 0.0000, Test Accuracy: 0.9967, Energy: -1794796.875
Time taken:  2.22597074508667
Test Loss: 0.0000, Test Accuracy: 0.9967, Energy: -2151991.5
Time taken:  2.1840133666992188
Test Loss: 0.0000, Test Accuracy: 0.9967, Energy: -2473105.0
Time taken:  2.184756278991699
Test Loss: 0.0000, Test Accuracy: 0.9967, Energy: -2761228.25
Time taken:  2.1877403259277344
Test Loss: 0.0000, Test Accuracy: 0.9967, Energy: -3024046.0
Time taken:  2.2153165340423584
Test Loss: 0.0000, Test Accuracy: 0.9967, Energy: -3262380.75
Time taken:  2.1783525943756104
Test Loss: 0.0000, Test Accuracy: 0.9933, Energy: -3476916.0
Time taken:  2.218156576156616
Test Loss: 0.0000, Test Accuracy: 0.9933, Energy: -3665626.25
Time taken:  2.193524122238159
Test Loss: 0.0000, Test Accuracy: 0.9933, Energy: -3837599.0
Time taken:  2.155942916870117
Test Loss: 0.0000, Test Accuracy: 0.9933, Energy: -3993720.25
Time taken:  2.20928955078125
Test Loss: 0.0000, Test Accuracy: 0.9933, Energy: -4137118.5
Time taken:  2.2134859561920166
Test Loss: 0.0000, Test Accuracy: 0.9900, Energy: -4266343.5
Time taken:  2.2083358764648438
Test Loss: 0.0000, Test Accuracy: 0.9900, Energy: -4382801.0
Time taken:  2.1871330738067627
Test Loss: 0.0000, Test Accuracy: 0.9933, Energy: -4489570.0
Time taken:  2.220325231552124
Test Loss: 0.0000, Test Accuracy: 0.9933, Energy: -4585441.5
Time taken:  2.188899517059326
Test Loss: 0.0000, Test Accuracy: 0.9933, Energy: -4672149.5
Time taken:  2.2022531032562256
Test Loss: 0.0000, Test Accuracy: 0.9933, Energy: -4752885.0
Time taken:  2.2137367725372314
Test Loss: 0.0000, Test Accuracy: 0.9900, Energy: -4825367.0
Time taken:  2.201860189437866
Test Loss: 0.0000, Test Accuracy: 0.9900, Energy: -4889802.0
Time taken:  2.192232370376587
Test Loss: 0.0000, Test Accuracy: 0.9900, Energy: -4953002.0
Time taken:  2.2110595703125
Test Loss: 0.0000, Test Accuracy: 0.9900, Energy: -5008495.0
Time taken:  2.1981799602508545
Test Loss: 0.0000, Test Accuracy: 0.9933, Energy: -5059978.5
Time taken:  2.2217178344726562
Test Loss: 0.0000, Test Accuracy: 0.9933, Energy: -5105146.5
Time taken:  2.1723382472991943
Test Loss: 0.0000, Test Accuracy: 0.9933, Energy: -5146744.5
Time taken:  2.1651113033294678
Test Loss: 0.0000, Test Accuracy: 0.9933, Energy: -5182781.0
Time taken:  2.209221363067627
Test Loss: 0.0000, Test Accuracy: 0.9933, Energy: -5216664.0
Time taken:  2.2208824157714844
Test Loss: 0.0000, Test Accuracy: 0.9933, Energy: -5247039.0
Time taken:  2.20981502532959
Test Loss: 0.0000, Test Accuracy: 0.9933, Energy: -5275191.0
Time taken:  2.243501901626587
Test Loss: 0.0000, Test Accuracy: 0.9933, Energy: -5300948.0
Time taken:  2.188511371612549
Test Loss: 0.0000, Test Accuracy: 0.9933, Energy: -5324119.0
Time taken:  2.19195556640625
Test Loss: 0.0000, Test Accuracy: 0.9933, Energy: -5345429.5
Time taken:  2.193756580352783
Test Loss: 0.0000, Test Accuracy: 0.9933, Energy: -5364219.5
Time taken:  2.2423291206359863
Test Loss: 0.0000, Test Accuracy: 0.9933, Energy: -5381856.0
Time taken:  2.218336582183838
Test Loss: 0.0000, Test Accuracy: 0.9933, Energy: -5397915.0
Time taken:  2.2502591609954834
Test Loss: 0.0000, Test Accuracy: 0.9933, Energy: -5412561.0
Time taken:  2.200535297393799
Test Loss: 0.0000, Test Accuracy: 0.9933, Energy: -5426726.5
Time taken:  2.2203094959259033
Test Loss: 0.0000, Test Accuracy: 0.9933, Energy: -5438430.0
Time taken:  2.2367236614227295
Test Loss: 0.0000, Test Accuracy: 0.9933, Energy: -5449888.5
Time taken:  2.189756155014038
Test Loss: 0.0000, Test Accuracy: 0.9933, Energy: -5459777.0
Time taken:  2.2454466819763184
Test Loss: 0.0000, Test Accuracy: 0.9933, Energy: -5468734.0
Time taken:  2.1768500804901123
Test Loss: 0.0000, Test Accuracy: 0.9933, Energy: -5476741.5
Time taken:  2.2879862785339355
Test Loss: 0.0000, Test Accuracy: 0.9933, Energy: -5484585.0
Time taken:  2.203681230545044
Test Loss: 0.0000, Test Accuracy: 0.9933, Energy: -5491510.5
Time taken:  2.1682498455047607
Test Loss: 0.0000, Test Accuracy: 0.9933, Energy: -5497870.5
Time taken:  2.1886839866638184
Test Loss: 0.0000, Test Accuracy: 0.9933, Energy: -5503576.0
Time taken:  2.3398807048797607
Test Loss: 0.0000, Test Accuracy: 0.9933, Energy: -5508799.5
Time taken:  2.2317264080047607
Test Loss: 0.0000, Test Accuracy: 0.9933, Energy: -5513528.5
Time taken:  2.3430840969085693
Test Loss: 0.0000, Test Accuracy: 0.9933, Energy: -5517659.5
Time taken:  2.248521089553833
Test Loss: 0.0000, Test Accuracy: 0.9933, Energy: -5521743.5
Time taken:  2.345573663711548
Test Loss: 0.0000, Test Accuracy: 0.9933, Energy: -5524976.0
Time taken:  2.193439483642578
Test Loss: 0.0000, Test Accuracy: 0.9933, Energy: -5528191.0
Time taken:  2.2110445499420166
Test Loss: 0.0000, Test Accuracy: 0.9933, Energy: -5530982.0
Time taken:  2.20723032951355
Test Loss: 0.0000, Test Accuracy: 0.9933, Energy: -5533569.0
Time taken:  2.224252939224243
Test Loss: 0.0000, Test Accuracy: 0.9933, Energy: -5535887.0
Time taken:  2.20291805267334
Test Loss: 0.0000, Test Accuracy: 0.9933, Energy: -5538075.5
Time taken:  2.2283549308776855
Test Loss: 0.0000, Test Accuracy: 0.9933, Energy: -5540408.0
Time taken:  2.221233367919922
Test Loss: 0.0000, Test Accuracy: 0.9933, Energy: -5542229.0
Time taken:  2.227691411972046
Test Loss: 0.0000, Test Accuracy: 0.9933, Energy: -5543812.0
Time taken:  2.197021961212158
Test Loss: 0.0000, Test Accuracy: 0.9933, Energy: -5545251.0
Time taken:  2.2022006511688232
Test Loss: 0.0000, Test Accuracy: 0.9933, Energy: -5546607.0
Time taken:  2.202007532119751
Test Loss: 0.0000, Test Accuracy: 0.9933, Energy: -5548138.0
Time taken:  2.1870229244232178
Test Loss: 0.0000, Test Accuracy: 0.9933, Energy: -5549199.0
Time taken:  2.187378168106079
Test Loss: 0.0000, Test Accuracy: 0.9933, Energy: -5550166.5
Time taken:  2.2206947803497314
Test Loss: 0.0000, Test Accuracy: 0.9933, Energy: -5551040.5
Time taken:  2.225266218185425
Test Loss: 0.0000, Test Accuracy: 0.9933, Energy: -5551923.0
Time taken:  2.18180513381958
Test Loss: 0.0000, Test Accuracy: 0.9933, Energy: -5552598.0
Time taken:  2.2231264114379883
Test Loss: 0.0000, Test Accuracy: 0.9933, Energy: -5553227.0
Time taken:  2.203169822692871
Test Loss: 0.0000, Test Accuracy: 0.9933, Energy: -5553849.0
Time taken:  2.2340095043182373
Test Loss: 0.0000, Test Accuracy: 0.9933, Energy: -5554496.5
Time taken:  2.2184510231018066
Test Loss: 0.0000, Test Accuracy: 0.9933, Energy: -5554981.0
Time taken:  2.2170305252075195
Test Loss: 0.0000, Test Accuracy: 0.9933, Energy: -5555379.5
Time taken:  2.2042617797851562
Test Loss: 0.0000, Test Accuracy: 0.9933, Energy: -5555731.5
Time taken:  2.277264356613159
Test Loss: 0.0000, Test Accuracy: 0.9933, Energy: -5556074.0
Time taken:  2.215200662612915
Test Loss: 0.0000, Test Accuracy: 0.9933, Energy: -5556436.5
Time taken:  2.1966729164123535
Test Loss: 0.0000, Test Accuracy: 0.9933, Energy: -5556765.5
Time taken:  2.210608959197998
Test Loss: 0.0000, Test Accuracy: 0.9933, Energy: -5557070.5
Time taken:  2.2278151512145996
Test Loss: 0.0000, Test Accuracy: 0.9933, Energy: -5557473.0
Time taken:  2.216905117034912
Test Loss: 0.0000, Test Accuracy: 0.9933, Energy: -5557710.0
Time taken:  2.1994845867156982
Test Loss: 0.0000, Test Accuracy: 0.9933, Energy: -5557896.0
Time taken:  2.20377779006958
Test Loss: 0.0000, Test Accuracy: 0.9933, Energy: -5558133.0
Time taken:  2.2161147594451904
Test Loss: 0.0000, Test Accuracy: 0.9933, Energy: -5558308.0
Time taken:  2.199686050415039
Test Loss: 0.0000, Test Accuracy: 0.9933, Energy: -5558435.5
Time taken:  2.2040207386016846
Test Loss: 0.0000, Test Accuracy: 0.9933, Energy: -5558579.0
Time taken:  2.2095096111297607
Test Loss: 0.0000, Test Accuracy: 0.9933, Energy: -5558726.0
Time taken:  2.1569058895111084
Test Loss: 0.0000, Test Accuracy: 0.9933, Energy: -5558793.0
Time taken:  2.1892640590667725
Test Loss: 0.0000, Test Accuracy: 0.9933, Energy: -5559300.0
Time taken:  2.2011780738830566
Test Loss: 0.0000, Test Accuracy: 0.9933, Energy: -5559387.0
Time taken:  2.2022452354431152
Test Loss: 0.0000, Test Accuracy: 0.9933, Energy: -5559477.5
Time taken:  2.1869876384735107
Test Loss: 0.0000, Test Accuracy: 0.9933, Energy: -5559564.0
Time taken:  2.21946120262146
Test Loss: 0.0000, Test Accuracy: 0.9933, Energy: -5559652.0
Time taken:  2.1869430541992188
Test Loss: 0.0000, Test Accuracy: 0.9933, Energy: -5559706.0
Time taken:  2.2072739601135254
Test Loss: 0.0000, Test Accuracy: 0.9933, Energy: -5559756.0
Time taken:  2.1930675506591797
Test Loss: 0.0000, Test Accuracy: 0.9933, Energy: -5559780.5
Time taken:  2.17033314704895
Test Loss: 0.0000, Test Accuracy: 0.9933, Energy: -5559833.0
Time taken:  2.053044319152832
Test Loss: 0.0000, Test Accuracy: 0.9933, Energy: -5559869.0
Time taken:  1.4712464809417725
Final accuracies: [0.9733333333333334, 1.0, 0.9966666666666667, 0.9966666666666667, 0.9966666666666667, 0.9966666666666667, 0.9966666666666667, 0.9966666666666667, 0.9966666666666667, 0.9966666666666667, 0.9966666666666667, 0.9933333333333333, 0.9933333333333333, 0.9933333333333333, 0.9933333333333333, 0.9933333333333333, 0.99, 0.99, 0.9933333333333333, 0.9933333333333333, 0.9933333333333333, 0.9933333333333333, 0.99, 0.99, 0.99, 0.99, 0.9933333333333333, 0.9933333333333333, 0.9933333333333333, 0.9933333333333333, 0.9933333333333333, 0.9933333333333333, 0.9933333333333333, 0.9933333333333333, 0.9933333333333333, 0.9933333333333333, 0.9933333333333333, 0.9933333333333333, 0.9933333333333333, 0.9933333333333333, 0.9933333333333333, 0.9933333333333333, 0.9933333333333333, 0.9933333333333333, 0.9933333333333333, 0.9933333333333333, 0.9933333333333333, 0.9933333333333333, 0.9933333333333333, 0.9933333333333333, 0.9933333333333333, 0.9933333333333333, 0.9933333333333333, 0.9933333333333333, 0.9933333333333333, 0.9933333333333333, 0.9933333333333333, 0.9933333333333333, 0.9933333333333333, 0.9933333333333333, 0.9933333333333333, 0.9933333333333333, 0.9933333333333333, 0.9933333333333333, 0.9933333333333333, 0.9933333333333333, 0.9933333333333333, 0.9933333333333333, 0.9933333333333333, 0.9933333333333333, 0.9933333333333333, 0.9933333333333333, 0.9933333333333333, 0.9933333333333333, 0.9933333333333333, 0.9933333333333333, 0.9933333333333333, 0.9933333333333333, 0.9933333333333333, 0.9933333333333333, 0.9933333333333333, 0.9933333333333333, 0.9933333333333333, 0.9933333333333333, 0.9933333333333333, 0.9933333333333333, 0.9933333333333333, 0.9933333333333333, 0.9933333333333333, 0.9933333333333333, 0.9933333333333333, 0.9933333333333333, 0.9933333333333333, 0.9933333333333333, 0.9933333333333333, 0.9933333333333333, 0.9933333333333333, 0.9933333333333333, 0.9933333333333333, 0.9933333333333333]
Final energies: [-1208.5384521484375, -37671.2265625, -369414.84375, -919015.9375, -1391151.75, -1794796.875, -2151991.5, -2473105.0, -2761228.25, -3024046.0, -3262380.75, -3476916.0, -3665626.25, -3837599.0, -3993720.25, -4137118.5, -4266343.5, -4382801.0, -4489570.0, -4585441.5, -4672149.5, -4752885.0, -4825367.0, -4889802.0, -4953002.0, -5008495.0, -5059978.5, -5105146.5, -5146744.5, -5182781.0, -5216664.0, -5247039.0, -5275191.0, -5300948.0, -5324119.0, -5345429.5, -5364219.5, -5381856.0, -5397915.0, -5412561.0, -5426726.5, -5438430.0, -5449888.5, -5459777.0, -5468734.0, -5476741.5, -5484585.0, -5491510.5, -5497870.5, -5503576.0, -5508799.5, -5513528.5, -5517659.5, -5521743.5, -5524976.0, -5528191.0, -5530982.0, -5533569.0, -5535887.0, -5538075.5, -5540408.0, -5542229.0, -5543812.0, -5545251.0, -5546607.0, -5548138.0, -5549199.0, -5550166.5, -5551040.5, -5551923.0, -5552598.0, -5553227.0, -5553849.0, -5554496.5, -5554981.0, -5555379.5, -5555731.5, -5556074.0, -5556436.5, -5556765.5, -5557070.5, -5557473.0, -5557710.0, -5557896.0, -5558133.0, -5558308.0, -5558435.5, -5558579.0, -5558726.0, -5558793.0, -5559300.0, -5559387.0, -5559477.5, -5559564.0, -5559652.0, -5559706.0, -5559756.0, -5559780.5, -5559833.0, -5559869.0]
