Running with parameters: hidden=100, use_coupled=true, seed=7, lam=0.1, eta=0.5, batch=100
Test Loss: 0.0000, Test Accuracy: 0.9867, Energy: -2019.198486328125
Time taken:  2.457935094833374
Test Loss: 0.0000, Test Accuracy: 1.0000, Energy: -51370.1015625
Time taken:  2.5867717266082764
Test Loss: 0.0000, Test Accuracy: 0.9967, Energy: -443726.875
Time taken:  2.320368766784668
Test Loss: 0.0000, Test Accuracy: 0.9967, Energy: -1032155.25
Time taken:  2.3487401008605957
Test Loss: 0.0000, Test Accuracy: 0.9967, Energy: -1490469.75
Time taken:  2.3328306674957275
Test Loss: 0.0000, Test Accuracy: 0.9967, Energy: -1901563.25
Time taken:  2.369371175765991
Test Loss: 0.0000, Test Accuracy: 0.9967, Energy: -2262631.25
Time taken:  2.3718929290771484
Test Loss: 0.0000, Test Accuracy: 0.9967, Energy: -2585738.0
Time taken:  2.4119391441345215
Test Loss: 0.0000, Test Accuracy: 0.9967, Energy: -2878522.5
Time taken:  2.5163040161132812
Test Loss: 0.0000, Test Accuracy: 0.9967, Energy: -3146625.0
Time taken:  2.3526949882507324
Test Loss: 0.0000, Test Accuracy: 0.9967, Energy: -3384726.0
Time taken:  2.5860793590545654
Test Loss: 0.0000, Test Accuracy: 0.9967, Energy: -3598149.75
Time taken:  2.3927879333496094
Test Loss: 0.0000, Test Accuracy: 0.9967, Energy: -3786022.5
Time taken:  2.3576602935791016
Test Loss: 0.0000, Test Accuracy: 0.9967, Energy: -3955128.0
Time taken:  2.5446536540985107
Test Loss: 0.0000, Test Accuracy: 0.9967, Energy: -4110291.25
Time taken:  2.3547170162200928
Test Loss: 0.0000, Test Accuracy: 0.9967, Energy: -4251521.5
Time taken:  2.3281331062316895
Test Loss: 0.0000, Test Accuracy: 0.9967, Energy: -4376851.5
Time taken:  2.364027976989746
Test Loss: 0.0000, Test Accuracy: 0.9967, Energy: -4490688.0
Time taken:  2.5570359230041504
Test Loss: 0.0000, Test Accuracy: 0.9967, Energy: -4595996.0
Time taken:  2.3549280166625977
Test Loss: 0.0000, Test Accuracy: 0.9967, Energy: -4690380.0
Time taken:  2.3291451930999756
Test Loss: 0.0000, Test Accuracy: 0.9933, Energy: -4775830.5
Time taken:  2.3396432399749756
Test Loss: 0.0000, Test Accuracy: 0.9933, Energy: -4853977.5
Time taken:  2.334336757659912
Test Loss: 0.0000, Test Accuracy: 0.9933, Energy: -4928279.0
Time taken:  2.3313345909118652
Test Loss: 0.0000, Test Accuracy: 0.9933, Energy: -4993728.0
Time taken:  2.378955841064453
Test Loss: 0.0000, Test Accuracy: 0.9933, Energy: -5051501.0
Time taken:  2.3692784309387207
Test Loss: 0.0000, Test Accuracy: 0.9933, Energy: -5104273.5
Time taken:  2.343716859817505
Test Loss: 0.0000, Test Accuracy: 0.9933, Energy: -5152349.0
Time taken:  2.315556764602661
Test Loss: 0.0000, Test Accuracy: 0.9933, Energy: -5196742.0
Time taken:  2.363035202026367
Test Loss: 0.0000, Test Accuracy: 0.9933, Energy: -5237573.0
Time taken:  2.308979034423828
Test Loss: 0.0000, Test Accuracy: 0.9933, Energy: -5273346.0
Time taken:  2.3458311557769775
Test Loss: 0.0000, Test Accuracy: 0.9933, Energy: -5306229.5
Time taken:  2.321178913116455
Test Loss: 0.0000, Test Accuracy: 0.9933, Energy: -5337317.0
Time taken:  2.3647584915161133
Test Loss: 0.0000, Test Accuracy: 0.9933, Energy: -5365549.0
Time taken:  2.334907054901123
Test Loss: 0.0000, Test Accuracy: 0.9933, Energy: -5391304.5
Time taken:  2.3366122245788574
Test Loss: 0.0000, Test Accuracy: 0.9933, Energy: -5414303.0
Time taken:  2.346257448196411
Test Loss: 0.0000, Test Accuracy: 0.9933, Energy: -5435444.0
Time taken:  2.3400661945343018
Test Loss: 0.0000, Test Accuracy: 0.9933, Energy: -5455029.0
Time taken:  2.3634445667266846
Test Loss: 0.0000, Test Accuracy: 0.9933, Energy: -5471809.5
Time taken:  2.3370184898376465
Test Loss: 0.0000, Test Accuracy: 0.9933, Energy: -5486897.0
Time taken:  2.3334720134735107
Test Loss: 0.0000, Test Accuracy: 0.9933, Energy: -5501299.0
Time taken:  2.344216823577881
Test Loss: 0.0000, Test Accuracy: 0.9933, Energy: -5514964.0
Time taken:  2.3640403747558594
Test Loss: 0.0000, Test Accuracy: 0.9933, Energy: -5527062.0
Time taken:  2.3470661640167236
Test Loss: 0.0000, Test Accuracy: 0.9933, Energy: -5538400.0
Time taken:  2.418052911758423
Test Loss: 0.0000, Test Accuracy: 0.9933, Energy: -5548160.5
Time taken:  2.3919358253479004
Test Loss: 0.0000, Test Accuracy: 0.9933, Energy: -5557546.5
Time taken:  2.3160674571990967
Test Loss: 0.0000, Test Accuracy: 0.9933, Energy: -5566304.0
Time taken:  2.343331813812256
Test Loss: 0.0000, Test Accuracy: 0.9933, Energy: -5573075.0
Time taken:  2.3295109272003174
Test Loss: 0.0000, Test Accuracy: 0.9933, Energy: -5579983.0
Time taken:  2.3564035892486572
Test Loss: 0.0000, Test Accuracy: 0.9933, Energy: -5585754.0
Time taken:  2.34084415435791
Test Loss: 0.0000, Test Accuracy: 0.9933, Energy: -5591045.5
Time taken:  2.3316454887390137
Test Loss: 0.0000, Test Accuracy: 0.9933, Energy: -5596074.0
Time taken:  2.3376543521881104
Test Loss: 0.0000, Test Accuracy: 0.9933, Energy: -5600777.5
Time taken:  2.359046459197998
Test Loss: 0.0000, Test Accuracy: 0.9933, Energy: -5604894.0
Time taken:  2.349022626876831
Test Loss: 0.0000, Test Accuracy: 0.9933, Energy: -5608920.0
Time taken:  2.346020460128784
Test Loss: 0.0000, Test Accuracy: 0.9933, Energy: -5612352.5
Time taken:  2.417171001434326
Test Loss: 0.0000, Test Accuracy: 0.9933, Energy: -5615308.5
Time taken:  2.351809024810791
Test Loss: 0.0000, Test Accuracy: 0.9933, Energy: -5618182.5
Time taken:  2.4426164627075195
Test Loss: 0.0000, Test Accuracy: 0.9933, Energy: -5620824.0
Time taken:  2.3824968338012695
Test Loss: 0.0000, Test Accuracy: 0.9933, Energy: -5623261.0
Time taken:  2.4408297538757324
Test Loss: 0.0000, Test Accuracy: 0.9933, Energy: -5625260.0
Time taken:  2.337010622024536
Test Loss: 0.0000, Test Accuracy: 0.9933, Energy: -5627305.0
Time taken:  2.3817520141601562
Test Loss: 0.0000, Test Accuracy: 0.9933, Energy: -5629298.0
Time taken:  2.320915699005127
Test Loss: 0.0000, Test Accuracy: 0.9933, Energy: -5630958.0
Time taken:  2.46984601020813
Test Loss: 0.0000, Test Accuracy: 0.9933, Energy: -5632204.5
Time taken:  2.368805408477783
Test Loss: 0.0000, Test Accuracy: 0.9933, Energy: -5633518.5
Time taken:  2.416341543197632
Test Loss: 0.0000, Test Accuracy: 0.9933, Energy: -5634698.0
Time taken:  2.3797154426574707
Test Loss: 0.0000, Test Accuracy: 0.9933, Energy: -5635774.5
Time taken:  2.469625949859619
Test Loss: 0.0000, Test Accuracy: 0.9933, Energy: -5636735.0
Time taken:  2.3538308143615723
Test Loss: 0.0000, Test Accuracy: 0.9933, Energy: -5637654.0
Time taken:  2.3644797801971436
Test Loss: 0.0000, Test Accuracy: 0.9933, Energy: -5638391.5
Time taken:  2.366478681564331
Test Loss: 0.0000, Test Accuracy: 0.9933, Energy: -5639175.5
Time taken:  2.4835708141326904
Test Loss: 0.0000, Test Accuracy: 0.9933, Energy: -5639787.5
Time taken:  2.343907356262207
Test Loss: 0.0000, Test Accuracy: 0.9933, Energy: -5640387.0
Time taken:  2.3479838371276855
Test Loss: 0.0000, Test Accuracy: 0.9933, Energy: -5640904.5
Time taken:  2.3754475116729736
Test Loss: 0.0000, Test Accuracy: 0.9933, Energy: -5641334.0
Time taken:  2.3997809886932373
Test Loss: 0.0000, Test Accuracy: 0.9933, Energy: -5641887.5
Time taken:  2.365264654159546
Test Loss: 0.0000, Test Accuracy: 0.9933, Energy: -5642226.0
Time taken:  2.400075912475586
Test Loss: 0.0000, Test Accuracy: 0.9933, Energy: -5642598.0
Time taken:  2.361846446990967
Test Loss: 0.0000, Test Accuracy: 0.9933, Energy: -5643124.0
Time taken:  2.370788335800171
Test Loss: 0.0000, Test Accuracy: 0.9933, Energy: -5643422.5
Time taken:  2.341397762298584
Test Loss: 0.0000, Test Accuracy: 0.9933, Energy: -5643663.0
Time taken:  2.353172779083252
Test Loss: 0.0000, Test Accuracy: 0.9933, Energy: -5643880.0
Time taken:  2.3742358684539795
Test Loss: 0.0000, Test Accuracy: 0.9933, Energy: -5644080.0
Time taken:  2.3371169567108154
Test Loss: 0.0000, Test Accuracy: 0.9933, Energy: -5643942.5
Time taken:  2.392042398452759
Test Loss: 0.0000, Test Accuracy: 0.9933, Energy: -5644116.0
Time taken:  2.3377633094787598
Test Loss: 0.0000, Test Accuracy: 0.9933, Energy: -5644276.5
Time taken:  2.3467013835906982
Test Loss: 0.0000, Test Accuracy: 0.9933, Energy: -5644409.0
Time taken:  2.3377842903137207
Test Loss: 0.0000, Test Accuracy: 0.9933, Energy: -5644582.5
Time taken:  2.32210111618042
Test Loss: 0.0000, Test Accuracy: 0.9933, Energy: -5644677.0
Time taken:  2.374889373779297
Test Loss: 0.0000, Test Accuracy: 0.9933, Energy: -5644770.0
Time taken:  2.431434392929077
Test Loss: 0.0000, Test Accuracy: 0.9933, Energy: -5644922.0
Time taken:  2.3741724491119385
Test Loss: 0.0000, Test Accuracy: 0.9933, Energy: -5645002.0
Time taken:  2.4868123531341553
Test Loss: 0.0000, Test Accuracy: 0.9933, Energy: -5645032.5
Time taken:  2.3838987350463867
Test Loss: 0.0000, Test Accuracy: 0.9933, Energy: -5645117.5
Time taken:  2.4828286170959473
Test Loss: 0.0000, Test Accuracy: 0.9933, Energy: -5645177.0
Time taken:  2.399630069732666
Test Loss: 0.0000, Test Accuracy: 0.9933, Energy: -5645240.5
Time taken:  2.4178600311279297
Test Loss: 0.0000, Test Accuracy: 0.9933, Energy: -5645282.0
Time taken:  2.4072887897491455
Test Loss: 0.0000, Test Accuracy: 0.9933, Energy: -5645367.5
Time taken:  1.8838794231414795
Test Loss: 0.0000, Test Accuracy: 0.9933, Energy: -5645348.5
Time taken:  1.3723514080047607
Test Loss: 0.0000, Test Accuracy: 0.9933, Energy: -5645427.0
Time taken:  1.0969116687774658
Final accuracies: [0.9866666666666667, 1.0, 0.9966666666666667, 0.9966666666666667, 0.9966666666666667, 0.9966666666666667, 0.9966666666666667, 0.9966666666666667, 0.9966666666666667, 0.9966666666666667, 0.9966666666666667, 0.9966666666666667, 0.9966666666666667, 0.9966666666666667, 0.9966666666666667, 0.9966666666666667, 0.9966666666666667, 0.9966666666666667, 0.9966666666666667, 0.9966666666666667, 0.9933333333333333, 0.9933333333333333, 0.9933333333333333, 0.9933333333333333, 0.9933333333333333, 0.9933333333333333, 0.9933333333333333, 0.9933333333333333, 0.9933333333333333, 0.9933333333333333, 0.9933333333333333, 0.9933333333333333, 0.9933333333333333, 0.9933333333333333, 0.9933333333333333, 0.9933333333333333, 0.9933333333333333, 0.9933333333333333, 0.9933333333333333, 0.9933333333333333, 0.9933333333333333, 0.9933333333333333, 0.9933333333333333, 0.9933333333333333, 0.9933333333333333, 0.9933333333333333, 0.9933333333333333, 0.9933333333333333, 0.9933333333333333, 0.9933333333333333, 0.9933333333333333, 0.9933333333333333, 0.9933333333333333, 0.9933333333333333, 0.9933333333333333, 0.9933333333333333, 0.9933333333333333, 0.9933333333333333, 0.9933333333333333, 0.9933333333333333, 0.9933333333333333, 0.9933333333333333, 0.9933333333333333, 0.9933333333333333, 0.9933333333333333, 0.9933333333333333, 0.9933333333333333, 0.9933333333333333, 0.9933333333333333, 0.9933333333333333, 0.9933333333333333, 0.9933333333333333, 0.9933333333333333, 0.9933333333333333, 0.9933333333333333, 0.9933333333333333, 0.9933333333333333, 0.9933333333333333, 0.9933333333333333, 0.9933333333333333, 0.9933333333333333, 0.9933333333333333, 0.9933333333333333, 0.9933333333333333, 0.9933333333333333, 0.9933333333333333, 0.9933333333333333, 0.9933333333333333, 0.9933333333333333, 0.9933333333333333, 0.9933333333333333, 0.9933333333333333, 0.9933333333333333, 0.9933333333333333, 0.9933333333333333, 0.9933333333333333, 0.9933333333333333, 0.9933333333333333, 0.9933333333333333, 0.9933333333333333]
Final energies: [-2019.198486328125, -51370.1015625, -443726.875, -1032155.25, -1490469.75, -1901563.25, -2262631.25, -2585738.0, -2878522.5, -3146625.0, -3384726.0, -3598149.75, -3786022.5, -3955128.0, -4110291.25, -4251521.5, -4376851.5, -4490688.0, -4595996.0, -4690380.0, -4775830.5, -4853977.5, -4928279.0, -4993728.0, -5051501.0, -5104273.5, -5152349.0, -5196742.0, -5237573.0, -5273346.0, -5306229.5, -5337317.0, -5365549.0, -5391304.5, -5414303.0, -5435444.0, -5455029.0, -5471809.5, -5486897.0, -5501299.0, -5514964.0, -5527062.0, -5538400.0, -5548160.5, -5557546.5, -5566304.0, -5573075.0, -5579983.0, -5585754.0, -5591045.5, -5596074.0, -5600777.5, -5604894.0, -5608920.0, -5612352.5, -5615308.5, -5618182.5, -5620824.0, -5623261.0, -5625260.0, -5627305.0, -5629298.0, -5630958.0, -5632204.5, -5633518.5, -5634698.0, -5635774.5, -5636735.0, -5637654.0, -5638391.5, -5639175.5, -5639787.5, -5640387.0, -5640904.5, -5641334.0, -5641887.5, -5642226.0, -5642598.0, -5643124.0, -5643422.5, -5643663.0, -5643880.0, -5644080.0, -5643942.5, -5644116.0, -5644276.5, -5644409.0, -5644582.5, -5644677.0, -5644770.0, -5644922.0, -5645002.0, -5645032.5, -5645117.5, -5645177.0, -5645240.5, -5645282.0, -5645367.5, -5645348.5, -5645427.0]
