Running with parameters: hidden=100, use_coupled=true, seed=84, lam=0.1, eta=0.5, batch=100
Test Loss: 0.0000, Test Accuracy: 0.9800, Energy: -751.8009033203125
Time taken:  1.7215936183929443
Test Loss: 0.0000, Test Accuracy: 1.0000, Energy: -27324.283203125
Time taken:  1.660754919052124
Test Loss: 0.0000, Test Accuracy: 0.9967, Energy: -267014.9375
Time taken:  1.339811086654663
Test Loss: 0.0000, Test Accuracy: 0.9967, Energy: -734576.875
Time taken:  1.348196029663086
Test Loss: 0.0000, Test Accuracy: 0.9967, Energy: -1138111.5
Time taken:  1.3459727764129639
Test Loss: 0.0000, Test Accuracy: 0.9967, Energy: -1495431.875
Time taken:  1.341996431350708
Test Loss: 0.0000, Test Accuracy: 0.9967, Energy: -1809280.75
Time taken:  1.34303617477417
Test Loss: 0.0000, Test Accuracy: 0.9967, Energy: -2102204.25
Time taken:  1.3433887958526611
Test Loss: 0.0000, Test Accuracy: 0.9967, Energy: -2359798.0
Time taken:  1.343292474746704
Test Loss: 0.0000, Test Accuracy: 0.9967, Energy: -2594189.25
Time taken:  1.3458752632141113
Test Loss: 0.0000, Test Accuracy: 0.9967, Energy: -2803524.5
Time taken:  1.3648443222045898
Test Loss: 0.0000, Test Accuracy: 0.9967, Energy: -2992187.5
Time taken:  1.3783791065216064
Test Loss: 0.0000, Test Accuracy: 0.9967, Energy: -3162946.0
Time taken:  1.3554120063781738
Test Loss: 0.0000, Test Accuracy: 0.9967, Energy: -3318645.75
Time taken:  1.3596479892730713
Test Loss: 0.0000, Test Accuracy: 0.9967, Energy: -3456917.0
Time taken:  1.3563940525054932
Test Loss: 0.0000, Test Accuracy: 0.9967, Energy: -3583634.0
Time taken:  1.3489558696746826
Test Loss: 0.0000, Test Accuracy: 0.9967, Energy: -3697795.0
Time taken:  1.3393852710723877
Test Loss: 0.0000, Test Accuracy: 0.9967, Energy: -3804669.5
Time taken:  1.3567452430725098
Test Loss: 0.0000, Test Accuracy: 0.9967, Energy: -3899015.25
Time taken:  1.386591911315918
Test Loss: 0.0000, Test Accuracy: 0.9967, Energy: -3984532.75
Time taken:  1.3585045337677002
Test Loss: 0.0000, Test Accuracy: 0.9967, Energy: -4063357.5
Time taken:  1.3606557846069336
Test Loss: 0.0000, Test Accuracy: 0.9967, Energy: -4133495.75
Time taken:  1.3549818992614746
Test Loss: 0.0000, Test Accuracy: 0.9967, Energy: -4198573.0
Time taken:  1.3858447074890137
Test Loss: 0.0000, Test Accuracy: 0.9967, Energy: -4256023.5
Time taken:  1.3522617816925049
Test Loss: 0.0000, Test Accuracy: 0.9967, Energy: -4308909.5
Time taken:  1.3745312690734863
Test Loss: 0.0000, Test Accuracy: 0.9967, Energy: -4356889.0
Time taken:  1.3726685047149658
Test Loss: 0.0000, Test Accuracy: 0.9967, Energy: -4401540.0
Time taken:  1.3592302799224854
Test Loss: 0.0000, Test Accuracy: 0.9967, Energy: -4441561.0
Time taken:  1.3718740940093994
Test Loss: 0.0000, Test Accuracy: 0.9967, Energy: -4479697.0
Time taken:  1.3607802391052246
Test Loss: 0.0000, Test Accuracy: 0.9967, Energy: -4512861.5
Time taken:  1.3566248416900635
Test Loss: 0.0000, Test Accuracy: 0.9967, Energy: -4544168.0
Time taken:  1.4059195518493652
Test Loss: 0.0000, Test Accuracy: 0.9967, Energy: -4572098.5
Time taken:  1.3832693099975586
Test Loss: 0.0000, Test Accuracy: 0.9967, Energy: -4597705.5
Time taken:  1.3629276752471924
Test Loss: 0.0000, Test Accuracy: 0.9967, Energy: -4620442.0
Time taken:  1.366919755935669
Test Loss: 0.0000, Test Accuracy: 0.9967, Energy: -4641013.0
Time taken:  1.3792803287506104
Test Loss: 0.0000, Test Accuracy: 0.9967, Energy: -4660416.5
Time taken:  1.369278907775879
Test Loss: 0.0000, Test Accuracy: 0.9967, Energy: -4677088.5
Time taken:  1.350557804107666
Test Loss: 0.0000, Test Accuracy: 0.9967, Energy: -4694055.0
Time taken:  1.3615832328796387
Test Loss: 0.0000, Test Accuracy: 0.9967, Energy: -4708313.5
Time taken:  1.374084234237671
Test Loss: 0.0000, Test Accuracy: 0.9967, Energy: -4721834.5
Time taken:  1.3666722774505615
Test Loss: 0.0000, Test Accuracy: 0.9967, Energy: -4732631.0
Time taken:  1.3486833572387695
Test Loss: 0.0000, Test Accuracy: 0.9967, Energy: -4744402.5
Time taken:  1.4156453609466553
Test Loss: 0.0000, Test Accuracy: 0.9967, Energy: -4754350.5
Time taken:  1.339299201965332
Test Loss: 0.0000, Test Accuracy: 0.9967, Energy: -4763644.5
Time taken:  1.3934032917022705
Test Loss: 0.0000, Test Accuracy: 0.9967, Energy: -4772036.5
Time taken:  1.3609201908111572
Test Loss: 0.0000, Test Accuracy: 0.9967, Energy: -4779377.0
Time taken:  1.3679022789001465
Test Loss: 0.0000, Test Accuracy: 0.9967, Energy: -4785872.5
Time taken:  1.3476166725158691
Test Loss: 0.0000, Test Accuracy: 0.9967, Energy: -4792330.0
Time taken:  1.389070987701416
Test Loss: 0.0000, Test Accuracy: 0.9967, Energy: -4797686.5
Time taken:  1.3750836849212646
Test Loss: 0.0000, Test Accuracy: 0.9967, Energy: -4803063.5
Time taken:  1.3898732662200928
Test Loss: 0.0000, Test Accuracy: 0.9967, Energy: -4807614.5
Time taken:  1.3841640949249268
Test Loss: 0.0000, Test Accuracy: 0.9967, Energy: -4811593.5
Time taken:  1.3562798500061035
Test Loss: 0.0000, Test Accuracy: 0.9967, Energy: -4815147.0
Time taken:  1.387913465499878
Test Loss: 0.0000, Test Accuracy: 0.9967, Energy: -4818985.0
Time taken:  1.353137493133545
Test Loss: 0.0000, Test Accuracy: 0.9967, Energy: -4821937.0
Time taken:  1.3448219299316406
Test Loss: 0.0000, Test Accuracy: 0.9967, Energy: -4824568.5
Time taken:  1.349109411239624
Test Loss: 0.0000, Test Accuracy: 0.9967, Energy: -4827185.5
Time taken:  1.3798236846923828
Test Loss: 0.0000, Test Accuracy: 0.9967, Energy: -4829867.0
Time taken:  1.381328821182251
Test Loss: 0.0000, Test Accuracy: 0.9967, Energy: -4831979.0
Time taken:  1.3829905986785889
Test Loss: 0.0000, Test Accuracy: 0.9967, Energy: -4833846.5
Time taken:  1.3758347034454346
Test Loss: 0.0000, Test Accuracy: 0.9967, Energy: -4836003.0
Time taken:  1.3659050464630127
Test Loss: 0.0000, Test Accuracy: 0.9967, Energy: -4837533.5
Time taken:  1.3655576705932617
Test Loss: 0.0000, Test Accuracy: 0.9967, Energy: -4839127.5
Time taken:  1.3952083587646484
Test Loss: 0.0000, Test Accuracy: 0.9967, Energy: -4840451.0
Time taken:  1.3872509002685547
Test Loss: 0.0000, Test Accuracy: 0.9967, Energy: -4841682.0
Time taken:  1.3657457828521729
Test Loss: 0.0000, Test Accuracy: 0.9967, Energy: -4842665.0
Time taken:  1.3609821796417236
Test Loss: 0.0000, Test Accuracy: 0.9967, Energy: -4843499.0
Time taken:  1.373964786529541
Test Loss: 0.0000, Test Accuracy: 0.9967, Energy: -4844328.0
Time taken:  1.3729851245880127
Test Loss: 0.0000, Test Accuracy: 0.9967, Energy: -4845260.0
Time taken:  1.379584789276123
Test Loss: 0.0000, Test Accuracy: 0.9967, Energy: -4846004.0
Time taken:  1.4038538932800293
Test Loss: 0.0000, Test Accuracy: 0.9967, Energy: -4846718.0
Time taken:  1.362199306488037
Test Loss: 0.0000, Test Accuracy: 0.9967, Energy: -4847161.5
Time taken:  1.3548474311828613
Test Loss: 0.0000, Test Accuracy: 0.9967, Energy: -4847726.5
Time taken:  1.3508739471435547
Test Loss: 0.0000, Test Accuracy: 0.9967, Energy: -4848193.0
Time taken:  1.3536558151245117
Test Loss: 0.0000, Test Accuracy: 0.9967, Energy: -4848546.5
Time taken:  1.3505284786224365
Test Loss: 0.0000, Test Accuracy: 0.9967, Energy: -4849041.0
Time taken:  1.374896764755249
Test Loss: 0.0000, Test Accuracy: 0.9967, Energy: -4849490.0
Time taken:  1.3584506511688232
Test Loss: 0.0000, Test Accuracy: 0.9967, Energy: -4850070.0
Time taken:  1.3799395561218262
Test Loss: 0.0000, Test Accuracy: 0.9967, Energy: -4850291.5
Time taken:  1.3803889751434326
Test Loss: 0.0000, Test Accuracy: 0.9967, Energy: -4850425.0
Time taken:  1.350367784500122
Test Loss: 0.0000, Test Accuracy: 0.9967, Energy: -4850557.5
Time taken:  1.3707163333892822
Test Loss: 0.0000, Test Accuracy: 0.9967, Energy: -4850818.0
Time taken:  1.3471548557281494
Test Loss: 0.0000, Test Accuracy: 0.9967, Energy: -4851010.0
Time taken:  1.3609168529510498
Test Loss: 0.0000, Test Accuracy: 0.9967, Energy: -4851133.5
Time taken:  1.3782145977020264
Test Loss: 0.0000, Test Accuracy: 0.9967, Energy: -4851332.0
Time taken:  1.3650894165039062
Test Loss: 0.0000, Test Accuracy: 0.9967, Energy: -4851516.0
Time taken:  1.3594532012939453
Test Loss: 0.0000, Test Accuracy: 0.9967, Energy: -4851638.0
Time taken:  1.4166874885559082
Test Loss: 0.0000, Test Accuracy: 0.9967, Energy: -4851756.5
Time taken:  1.4057071208953857
Test Loss: 0.0000, Test Accuracy: 0.9967, Energy: -4851855.0
Time taken:  1.3653874397277832
Test Loss: 0.0000, Test Accuracy: 0.9967, Energy: -4851971.5
Time taken:  1.362372875213623
Test Loss: 0.0000, Test Accuracy: 0.9967, Energy: -4852082.0
Time taken:  1.352320671081543
Test Loss: 0.0000, Test Accuracy: 0.9967, Energy: -4852153.0
Time taken:  1.3849480152130127
Test Loss: 0.0000, Test Accuracy: 0.9967, Energy: -4852243.0
Time taken:  1.6199116706848145
Test Loss: 0.0000, Test Accuracy: 0.9967, Energy: -4852389.0
Time taken:  1.3851945400238037
Test Loss: 0.0000, Test Accuracy: 0.9967, Energy: -4852442.5
Time taken:  1.486295461654663
Test Loss: 0.0000, Test Accuracy: 0.9967, Energy: -4852569.5
Time taken:  1.518968105316162
Test Loss: 0.0000, Test Accuracy: 0.9967, Energy: -4852612.0
Time taken:  1.3853302001953125
Test Loss: 0.0000, Test Accuracy: 0.9967, Energy: -4852668.5
Time taken:  1.606595754623413
Test Loss: 0.0000, Test Accuracy: 0.9967, Energy: -4852704.0
Time taken:  1.3692867755889893
Test Loss: 0.0000, Test Accuracy: 0.9967, Energy: -4852736.0
Time taken:  1.3311412334442139
Final accuracies: [0.98, 1.0, 0.9966666666666667, 0.9966666666666667, 0.9966666666666667, 0.9966666666666667, 0.9966666666666667, 0.9966666666666667, 0.9966666666666667, 0.9966666666666667, 0.9966666666666667, 0.9966666666666667, 0.9966666666666667, 0.9966666666666667, 0.9966666666666667, 0.9966666666666667, 0.9966666666666667, 0.9966666666666667, 0.9966666666666667, 0.9966666666666667, 0.9966666666666667, 0.9966666666666667, 0.9966666666666667, 0.9966666666666667, 0.9966666666666667, 0.9966666666666667, 0.9966666666666667, 0.9966666666666667, 0.9966666666666667, 0.9966666666666667, 0.9966666666666667, 0.9966666666666667, 0.9966666666666667, 0.9966666666666667, 0.9966666666666667, 0.9966666666666667, 0.9966666666666667, 0.9966666666666667, 0.9966666666666667, 0.9966666666666667, 0.9966666666666667, 0.9966666666666667, 0.9966666666666667, 0.9966666666666667, 0.9966666666666667, 0.9966666666666667, 0.9966666666666667, 0.9966666666666667, 0.9966666666666667, 0.9966666666666667, 0.9966666666666667, 0.9966666666666667, 0.9966666666666667, 0.9966666666666667, 0.9966666666666667, 0.9966666666666667, 0.9966666666666667, 0.9966666666666667, 0.9966666666666667, 0.9966666666666667, 0.9966666666666667, 0.9966666666666667, 0.9966666666666667, 0.9966666666666667, 0.9966666666666667, 0.9966666666666667, 0.9966666666666667, 0.9966666666666667, 0.9966666666666667, 0.9966666666666667, 0.9966666666666667, 0.9966666666666667, 0.9966666666666667, 0.9966666666666667, 0.9966666666666667, 0.9966666666666667, 0.9966666666666667, 0.9966666666666667, 0.9966666666666667, 0.9966666666666667, 0.9966666666666667, 0.9966666666666667, 0.9966666666666667, 0.9966666666666667, 0.9966666666666667, 0.9966666666666667, 0.9966666666666667, 0.9966666666666667, 0.9966666666666667, 0.9966666666666667, 0.9966666666666667, 0.9966666666666667, 0.9966666666666667, 0.9966666666666667, 0.9966666666666667, 0.9966666666666667, 0.9966666666666667, 0.9966666666666667, 0.9966666666666667, 0.9966666666666667]
Final energies: [-751.8009033203125, -27324.283203125, -267014.9375, -734576.875, -1138111.5, -1495431.875, -1809280.75, -2102204.25, -2359798.0, -2594189.25, -2803524.5, -2992187.5, -3162946.0, -3318645.75, -3456917.0, -3583634.0, -3697795.0, -3804669.5, -3899015.25, -3984532.75, -4063357.5, -4133495.75, -4198573.0, -4256023.5, -4308909.5, -4356889.0, -4401540.0, -4441561.0, -4479697.0, -4512861.5, -4544168.0, -4572098.5, -4597705.5, -4620442.0, -4641013.0, -4660416.5, -4677088.5, -4694055.0, -4708313.5, -4721834.5, -4732631.0, -4744402.5, -4754350.5, -4763644.5, -4772036.5, -4779377.0, -4785872.5, -4792330.0, -4797686.5, -4803063.5, -4807614.5, -4811593.5, -4815147.0, -4818985.0, -4821937.0, -4824568.5, -4827185.5, -4829867.0, -4831979.0, -4833846.5, -4836003.0, -4837533.5, -4839127.5, -4840451.0, -4841682.0, -4842665.0, -4843499.0, -4844328.0, -4845260.0, -4846004.0, -4846718.0, -4847161.5, -4847726.5, -4848193.0, -4848546.5, -4849041.0, -4849490.0, -4850070.0, -4850291.5, -4850425.0, -4850557.5, -4850818.0, -4851010.0, -4851133.5, -4851332.0, -4851516.0, -4851638.0, -4851756.5, -4851855.0, -4851971.5, -4852082.0, -4852153.0, -4852243.0, -4852389.0, -4852442.5, -4852569.5, -4852612.0, -4852668.5, -4852704.0, -4852736.0]
