Running with parameters: hidden=30, use_coupled=true, seed=21, lam=0.5, eta=0.5, batch=1
Test Loss: 0.0000, Test Accuracy: 0.9833, Energy: -1212452.875
Time taken:  11.311470031738281
Test Loss: 0.0000, Test Accuracy: 1.0000, Energy: -801624.6875
Time taken:  11.364376068115234
Test Loss: 0.0000, Test Accuracy: 0.9933, Energy: -816591.1875
Time taken:  11.361754655838013
Test Loss: 0.0000, Test Accuracy: 0.9933, Energy: -850770.0625
Time taken:  11.47095799446106
Test Loss: 0.0000, Test Accuracy: 0.9933, Energy: -853106.625
Time taken:  11.381875276565552
Test Loss: 0.0000, Test Accuracy: 0.9933, Energy: -853488.6875
Time taken:  11.374306678771973
Test Loss: 0.0000, Test Accuracy: 0.9933, Energy: -853753.0
Time taken:  11.363407135009766
Test Loss: 0.0000, Test Accuracy: 0.9933, Energy: -854033.0
Time taken:  11.481512069702148
Test Loss: 0.0000, Test Accuracy: 0.9933, Energy: -854203.25
Time taken:  11.396673202514648
Test Loss: 0.0000, Test Accuracy: 0.9933, Energy: -854513.3125
Time taken:  11.381739377975464
Test Loss: 0.0000, Test Accuracy: 0.9933, Energy: -854771.4375
Time taken:  11.391098737716675
Test Loss: 0.0000, Test Accuracy: 0.9933, Energy: -855169.1875
Time taken:  11.493758201599121
Test Loss: 0.0000, Test Accuracy: 0.9933, Energy: -855590.5
Time taken:  11.350649356842041
Test Loss: 0.0000, Test Accuracy: 0.9933, Energy: -855775.5625
Time taken:  11.365702152252197
Test Loss: 0.0000, Test Accuracy: 0.9933, Energy: -856206.625
Time taken:  11.36630392074585
Test Loss: 0.0000, Test Accuracy: 0.9933, Energy: -856483.9375
Time taken:  11.477099657058716
Test Loss: 0.0000, Test Accuracy: 0.9933, Energy: -856719.625
Time taken:  11.357884168624878
Test Loss: 0.0000, Test Accuracy: 0.9933, Energy: -857486.8125
Time taken:  11.33142614364624
Test Loss: 0.0000, Test Accuracy: 0.9933, Energy: -858132.4375
Time taken:  11.360519647598267
Test Loss: 0.0000, Test Accuracy: 0.9933, Energy: -858696.0625
Time taken:  11.471729516983032
Test Loss: 0.0000, Test Accuracy: 0.9933, Energy: -859239.875
Time taken:  11.361108541488647
Test Loss: 0.0000, Test Accuracy: 0.9933, Energy: -859540.0
Time taken:  11.385622501373291
Test Loss: 0.0000, Test Accuracy: 0.9933, Energy: -860052.4375
Time taken:  11.481144905090332
Test Loss: 0.0000, Test Accuracy: 0.9933, Energy: -860492.6875
Time taken:  11.360058069229126
Test Loss: 0.0000, Test Accuracy: 0.9933, Energy: -860940.8125
Time taken:  11.379422903060913
Test Loss: 0.0000, Test Accuracy: 0.9933, Energy: -861326.375
Time taken:  11.372872591018677
Test Loss: 0.0000, Test Accuracy: 0.9933, Energy: -861973.875
Time taken:  11.546007871627808
Test Loss: 0.0000, Test Accuracy: 0.9933, Energy: -862451.875
Time taken:  11.406131982803345
Test Loss: 0.0000, Test Accuracy: 0.9933, Energy: -863061.875
Time taken:  11.37362265586853
Test Loss: 0.0000, Test Accuracy: 0.9933, Energy: -863565.0625
Time taken:  11.386600255966187
Test Loss: 0.0000, Test Accuracy: 0.9933, Energy: -864247.0625
Time taken:  11.474442481994629
Test Loss: 0.0000, Test Accuracy: 0.9933, Energy: -864947.5
Time taken:  11.350061893463135
Test Loss: 0.0000, Test Accuracy: 0.9933, Energy: -866215.8125
Time taken:  11.375613689422607
Test Loss: 0.0000, Test Accuracy: 0.9933, Energy: -867379.75
Time taken:  11.384992361068726
Test Loss: 0.0000, Test Accuracy: 0.9933, Energy: -871694.3125
Time taken:  11.469197988510132
Test Loss: 0.0000, Test Accuracy: 0.9933, Energy: -872360.875
Time taken:  11.369136333465576
Test Loss: 0.0000, Test Accuracy: 0.9933, Energy: -873266.0625
Time taken:  11.366830110549927
Test Loss: 0.0000, Test Accuracy: 0.9933, Energy: -874403.3125
Time taken:  11.35169792175293
Test Loss: 0.0000, Test Accuracy: 0.9933, Energy: -874955.9375
Time taken:  11.481714248657227
Test Loss: 0.0000, Test Accuracy: 0.9933, Energy: -876329.6875
Time taken:  11.359436988830566
Test Loss: 0.0000, Test Accuracy: 0.9933, Energy: -877269.0625
Time taken:  11.374627828598022
Test Loss: 0.0000, Test Accuracy: 0.9933, Energy: -878023.4375
Time taken:  11.384013891220093
Test Loss: 0.0000, Test Accuracy: 0.9933, Energy: -878864.375
Time taken:  11.478220462799072
Test Loss: 0.0000, Test Accuracy: 0.9933, Energy: -879703.6875
Time taken:  11.379818439483643
Test Loss: 0.0000, Test Accuracy: 0.9933, Energy: -880540.8125
Time taken:  11.354854583740234
Test Loss: 0.0000, Test Accuracy: 0.9933, Energy: -881769.875
Time taken:  11.374442338943481
Test Loss: 0.0000, Test Accuracy: 0.9933, Energy: -882932.3125
Time taken:  11.452047109603882
Test Loss: 0.0000, Test Accuracy: 0.9933, Energy: -884423.1875
Time taken:  11.348803043365479
Test Loss: 0.0000, Test Accuracy: 0.9933, Energy: -885677.6875
Time taken:  11.368798017501831
Test Loss: 0.0000, Test Accuracy: 0.9933, Energy: -887368.5
Time taken:  11.365229606628418
Test Loss: 0.0000, Test Accuracy: 0.9933, Energy: -887802.5625
Time taken:  11.480564832687378
Test Loss: 0.0000, Test Accuracy: 0.9933, Energy: -890512.8125
Time taken:  11.337426662445068
Test Loss: 0.0000, Test Accuracy: 0.9933, Energy: -892786.1875
Time taken:  11.341806650161743
Test Loss: 0.0000, Test Accuracy: 0.9933, Energy: -894588.0625
Time taken:  11.354978084564209
Test Loss: 0.0000, Test Accuracy: 0.9933, Energy: -898566.9375
Time taken:  11.473487377166748
Test Loss: 0.0000, Test Accuracy: 0.9933, Energy: -900999.4375
Time taken:  11.385844945907593
Test Loss: 0.0000, Test Accuracy: 0.9933, Energy: -904338.125
Time taken:  11.366093873977661
Test Loss: 0.0000, Test Accuracy: 0.9933, Energy: -908804.75
Time taken:  11.342681169509888
Test Loss: 0.0000, Test Accuracy: 0.9933, Energy: -913509.3125
Time taken:  11.466197967529297
Test Loss: 0.0000, Test Accuracy: 0.9933, Energy: -917109.875
Time taken:  11.367733001708984
Test Loss: 0.0000, Test Accuracy: 0.9933, Energy: -920486.3125
Time taken:  11.338527202606201
Test Loss: 0.0000, Test Accuracy: 0.9933, Energy: -924292.875
Time taken:  11.327889680862427
Test Loss: 0.0000, Test Accuracy: 0.9933, Energy: -927801.3125
Time taken:  11.465728998184204
Test Loss: 0.0000, Test Accuracy: 0.9933, Energy: -931384.625
Time taken:  11.369282484054565
Test Loss: 0.0000, Test Accuracy: 0.9933, Energy: -934049.4375
Time taken:  11.376980066299438
Test Loss: 0.0000, Test Accuracy: 0.9933, Energy: -936404.375
Time taken:  11.478297710418701
Test Loss: 0.0000, Test Accuracy: 0.9933, Energy: -938230.0
Time taken:  11.38860297203064
Test Loss: 0.0000, Test Accuracy: 0.9933, Energy: -940078.875
Time taken:  11.342154741287231
Test Loss: 0.0000, Test Accuracy: 0.9933, Energy: -941985.25
Time taken:  11.361244440078735
Test Loss: 0.0000, Test Accuracy: 0.9933, Energy: -943937.75
Time taken:  11.48981523513794
Test Loss: 0.0000, Test Accuracy: 0.9933, Energy: -946751.0625
Time taken:  11.352659940719604
Test Loss: 0.0000, Test Accuracy: 0.9933, Energy: -947967.0625
Time taken:  11.36577033996582
Test Loss: 0.0000, Test Accuracy: 0.9933, Energy: -949433.8125
Time taken:  11.350609540939331
Test Loss: 0.0000, Test Accuracy: 0.9933, Energy: -950980.875
Time taken:  11.487592458724976
Test Loss: 0.0000, Test Accuracy: 0.9933, Energy: -951681.625
Time taken:  11.355106353759766
Test Loss: 0.0000, Test Accuracy: 0.9933, Energy: -953871.25
Time taken:  11.350158214569092
Test Loss: 0.0000, Test Accuracy: 0.9933, Energy: -955483.625
Time taken:  11.333952903747559
Test Loss: 0.0000, Test Accuracy: 0.9933, Energy: -957835.75
Time taken:  11.48220705986023
Test Loss: 0.0000, Test Accuracy: 0.9933, Energy: -959184.0625
Time taken:  11.396547794342041
Test Loss: 0.0000, Test Accuracy: 0.9933, Energy: -961232.75
Time taken:  11.385309219360352
Test Loss: 0.0000, Test Accuracy: 0.9933, Energy: -962815.0625
Time taken:  11.377660274505615
Test Loss: 0.0000, Test Accuracy: 0.9933, Energy: -964685.3125
Time taken:  11.470067977905273
Test Loss: 0.0000, Test Accuracy: 0.9933, Energy: -966717.4375
Time taken:  11.357714414596558
Test Loss: 0.0000, Test Accuracy: 0.9933, Energy: -968639.5
Time taken:  11.34182095527649
Test Loss: 0.0000, Test Accuracy: 0.9967, Energy: -970657.375
Time taken:  11.35079836845398
Test Loss: 0.0000, Test Accuracy: 0.9967, Energy: -971890.1875
Time taken:  11.477803468704224
Test Loss: 0.0000, Test Accuracy: 0.9967, Energy: -972660.5625
Time taken:  11.337823867797852
Test Loss: 0.0000, Test Accuracy: 0.9967, Energy: -974358.6875
Time taken:  11.362690448760986
Test Loss: 0.0000, Test Accuracy: 0.9933, Energy: -975861.0
Time taken:  11.34781002998352
Test Loss: 0.0000, Test Accuracy: 0.9933, Energy: -976766.625
Time taken:  11.475308179855347
Test Loss: 0.0000, Test Accuracy: 0.9933, Energy: -978049.125
Time taken:  11.338653802871704
Test Loss: 0.0000, Test Accuracy: 0.9933, Energy: -980189.9375
Time taken:  11.330202341079712
Test Loss: 0.0000, Test Accuracy: 0.9933, Energy: -981222.0
Time taken:  11.39111590385437
Test Loss: 0.0000, Test Accuracy: 0.9933, Energy: -983422.875
Time taken:  11.462696552276611
Test Loss: 0.0000, Test Accuracy: 0.9967, Energy: -984730.5625
Time taken:  11.370272159576416
Test Loss: 0.0000, Test Accuracy: 0.9967, Energy: -986124.75
Time taken:  11.359822034835815
Test Loss: 0.0000, Test Accuracy: 0.9933, Energy: -987570.1875
Time taken:  11.344640493392944
Test Loss: 0.0000, Test Accuracy: 0.9933, Energy: -988804.1875
Time taken:  11.454540014266968
Test Loss: 0.0000, Test Accuracy: 0.9933, Energy: -990296.1875
Time taken:  11.336552381515503
Test Loss: 0.0000, Test Accuracy: 0.9933, Energy: -991667.625
Time taken:  11.339404344558716
Final accuracies: [0.9833333333333333, 1.0, 0.9933333333333333, 0.9933333333333333, 0.9933333333333333, 0.9933333333333333, 0.9933333333333333, 0.9933333333333333, 0.9933333333333333, 0.9933333333333333, 0.9933333333333333, 0.9933333333333333, 0.9933333333333333, 0.9933333333333333, 0.9933333333333333, 0.9933333333333333, 0.9933333333333333, 0.9933333333333333, 0.9933333333333333, 0.9933333333333333, 0.9933333333333333, 0.9933333333333333, 0.9933333333333333, 0.9933333333333333, 0.9933333333333333, 0.9933333333333333, 0.9933333333333333, 0.9933333333333333, 0.9933333333333333, 0.9933333333333333, 0.9933333333333333, 0.9933333333333333, 0.9933333333333333, 0.9933333333333333, 0.9933333333333333, 0.9933333333333333, 0.9933333333333333, 0.9933333333333333, 0.9933333333333333, 0.9933333333333333, 0.9933333333333333, 0.9933333333333333, 0.9933333333333333, 0.9933333333333333, 0.9933333333333333, 0.9933333333333333, 0.9933333333333333, 0.9933333333333333, 0.9933333333333333, 0.9933333333333333, 0.9933333333333333, 0.9933333333333333, 0.9933333333333333, 0.9933333333333333, 0.9933333333333333, 0.9933333333333333, 0.9933333333333333, 0.9933333333333333, 0.9933333333333333, 0.9933333333333333, 0.9933333333333333, 0.9933333333333333, 0.9933333333333333, 0.9933333333333333, 0.9933333333333333, 0.9933333333333333, 0.9933333333333333, 0.9933333333333333, 0.9933333333333333, 0.9933333333333333, 0.9933333333333333, 0.9933333333333333, 0.9933333333333333, 0.9933333333333333, 0.9933333333333333, 0.9933333333333333, 0.9933333333333333, 0.9933333333333333, 0.9933333333333333, 0.9933333333333333, 0.9933333333333333, 0.9933333333333333, 0.9933333333333333, 0.9933333333333333, 0.9966666666666667, 0.9966666666666667, 0.9966666666666667, 0.9966666666666667, 0.9933333333333333, 0.9933333333333333, 0.9933333333333333, 0.9933333333333333, 0.9933333333333333, 0.9933333333333333, 0.9966666666666667, 0.9966666666666667, 0.9933333333333333, 0.9933333333333333, 0.9933333333333333, 0.9933333333333333]
Final energies: [-1212452.875, -801624.6875, -816591.1875, -850770.0625, -853106.625, -853488.6875, -853753.0, -854033.0, -854203.25, -854513.3125, -854771.4375, -855169.1875, -855590.5, -855775.5625, -856206.625, -856483.9375, -856719.625, -857486.8125, -858132.4375, -858696.0625, -859239.875, -859540.0, -860052.4375, -860492.6875, -860940.8125, -861326.375, -861973.875, -862451.875, -863061.875, -863565.0625, -864247.0625, -864947.5, -866215.8125, -867379.75, -871694.3125, -872360.875, -873266.0625, -874403.3125, -874955.9375, -876329.6875, -877269.0625, -878023.4375, -878864.375, -879703.6875, -880540.8125, -881769.875, -882932.3125, -884423.1875, -885677.6875, -887368.5, -887802.5625, -890512.8125, -892786.1875, -894588.0625, -898566.9375, -900999.4375, -904338.125, -908804.75, -913509.3125, -917109.875, -920486.3125, -924292.875, -927801.3125, -931384.625, -934049.4375, -936404.375, -938230.0, -940078.875, -941985.25, -943937.75, -946751.0625, -947967.0625, -949433.8125, -950980.875, -951681.625, -953871.25, -955483.625, -957835.75, -959184.0625, -961232.75, -962815.0625, -964685.3125, -966717.4375, -968639.5, -970657.375, -971890.1875, -972660.5625, -974358.6875, -975861.0, -976766.625, -978049.125, -980189.9375, -981222.0, -983422.875, -984730.5625, -986124.75, -987570.1875, -988804.1875, -990296.1875, -991667.625]
