Running with parameters: hidden=30, use_coupled=true, seed=13, lam=0.5, eta=0.5, batch=1
Test Loss: 0.0000, Test Accuracy: 1.0000, Energy: -474312.8125
Time taken:  11.106727361679077
Test Loss: 0.0000, Test Accuracy: 1.0000, Energy: -492349.75
Time taken:  10.992446184158325
Test Loss: 0.0000, Test Accuracy: 1.0000, Energy: -611174.0
Time taken:  10.983305215835571
Test Loss: 0.0000, Test Accuracy: 1.0000, Energy: -651449.125
Time taken:  11.11604928970337
Test Loss: 0.0000, Test Accuracy: 1.0000, Energy: -723782.3125
Time taken:  10.97280740737915
Test Loss: 0.0000, Test Accuracy: 1.0000, Energy: -741594.6875
Time taken:  10.995940446853638
Test Loss: 0.0000, Test Accuracy: 1.0000, Energy: -752990.25
Time taken:  10.996070623397827
Test Loss: 0.0000, Test Accuracy: 1.0000, Energy: -761508.5
Time taken:  11.079034566879272
Test Loss: 0.0000, Test Accuracy: 0.9967, Energy: -771335.5625
Time taken:  10.963028907775879
Test Loss: 0.0000, Test Accuracy: 0.9967, Energy: -783661.3125
Time taken:  10.997073411941528
Test Loss: 0.0000, Test Accuracy: 0.9967, Energy: -799714.9375
Time taken:  11.012250661849976
Test Loss: 0.0000, Test Accuracy: 0.9933, Energy: -805700.5
Time taken:  11.066019535064697
Test Loss: 0.0000, Test Accuracy: 0.9933, Energy: -811649.75
Time taken:  10.965744733810425
Test Loss: 0.0000, Test Accuracy: 0.9933, Energy: -817320.5625
Time taken:  11.001612663269043
Test Loss: 0.0000, Test Accuracy: 0.9933, Energy: -822035.25
Time taken:  10.978307485580444
Test Loss: 0.0000, Test Accuracy: 0.9967, Energy: -828933.6875
Time taken:  11.073290348052979
Test Loss: 0.0000, Test Accuracy: 0.9933, Energy: -835688.0
Time taken:  10.977808952331543
Test Loss: 0.0000, Test Accuracy: 0.9967, Energy: -841754.625
Time taken:  10.965296268463135
Test Loss: 0.0000, Test Accuracy: 0.9967, Energy: -854947.1875
Time taken:  10.997204303741455
Test Loss: 0.0000, Test Accuracy: 0.9933, Energy: -902295.25
Time taken:  11.05982494354248
Test Loss: 0.0000, Test Accuracy: 0.9967, Energy: -983310.5
Time taken:  10.980860948562622
Test Loss: 0.0000, Test Accuracy: 0.9933, Energy: -1018412.125
Time taken:  10.978085994720459
Test Loss: 0.0000, Test Accuracy: 0.9933, Energy: -1044709.875
Time taken:  11.065157651901245
Test Loss: 0.0000, Test Accuracy: 0.9933, Energy: -1064836.5
Time taken:  10.962632179260254
Test Loss: 0.0000, Test Accuracy: 0.9933, Energy: -1328010.0
Time taken:  11.008132934570312
Test Loss: 0.0000, Test Accuracy: 0.9967, Energy: -1402716.25
Time taken:  10.963757991790771
Test Loss: 0.0000, Test Accuracy: 1.0000, Energy: -1421848.25
Time taken:  11.098865747451782
Test Loss: 0.0000, Test Accuracy: 0.9967, Energy: -1430657.75
Time taken:  10.959929943084717
Test Loss: 0.0000, Test Accuracy: 1.0000, Energy: -1446263.0
Time taken:  11.00096583366394
Test Loss: 0.0000, Test Accuracy: 1.0000, Energy: -1457348.375
Time taken:  11.000956773757935
Test Loss: 0.0000, Test Accuracy: 1.0000, Energy: -1463908.625
Time taken:  11.095495223999023
Test Loss: 0.0000, Test Accuracy: 1.0000, Energy: -1470678.0
Time taken:  10.964377880096436
Test Loss: 0.0000, Test Accuracy: 1.0000, Energy: -1476548.125
Time taken:  10.956425428390503
Test Loss: 0.0000, Test Accuracy: 0.9967, Energy: -1482537.625
Time taken:  10.975646734237671
Test Loss: 0.0000, Test Accuracy: 1.0000, Energy: -1565501.5
Time taken:  11.092649221420288
Test Loss: 0.0000, Test Accuracy: 1.0000, Energy: -1615650.125
Time taken:  10.98679232597351
Test Loss: 0.0000, Test Accuracy: 0.9967, Energy: -1656766.75
Time taken:  10.960950374603271
Test Loss: 0.0000, Test Accuracy: 0.9967, Energy: -1664361.125
Time taken:  10.975796222686768
Test Loss: 0.0000, Test Accuracy: 0.9967, Energy: -1691036.875
Time taken:  11.050282001495361
Test Loss: 0.0000, Test Accuracy: 0.9967, Energy: -1693086.125
Time taken:  10.972788095474243
Test Loss: 0.0000, Test Accuracy: 0.9967, Energy: -1694816.625
Time taken:  10.996458768844604
Test Loss: 0.0000, Test Accuracy: 0.9967, Energy: -1695055.25
Time taken:  10.969330072402954
Test Loss: 0.0000, Test Accuracy: 0.9967, Energy: -1699574.625
Time taken:  11.053980112075806
Test Loss: 0.0000, Test Accuracy: 0.9967, Energy: -1705197.125
Time taken:  10.971532583236694
Test Loss: 0.0000, Test Accuracy: 0.9967, Energy: -1709218.125
Time taken:  10.983299970626831
Test Loss: 0.0000, Test Accuracy: 0.9967, Energy: -1714707.0
Time taken:  10.957998514175415
Test Loss: 0.0000, Test Accuracy: 0.9967, Energy: -1722323.75
Time taken:  11.05157208442688
Test Loss: 0.0000, Test Accuracy: 0.9967, Energy: -1728250.0
Time taken:  10.958831787109375
Test Loss: 0.0000, Test Accuracy: 0.9967, Energy: -1735881.75
Time taken:  10.924004793167114
Test Loss: 0.0000, Test Accuracy: 0.9967, Energy: -1745869.5
Time taken:  10.99039888381958
Test Loss: 0.0000, Test Accuracy: 0.9967, Energy: -1775689.125
Time taken:  11.03073787689209
Test Loss: 0.0000, Test Accuracy: 1.0000, Energy: -1798301.875
Time taken:  10.936713218688965
Test Loss: 0.0000, Test Accuracy: 1.0000, Energy: -1801402.5
Time taken:  10.973007917404175
Test Loss: 0.0000, Test Accuracy: 1.0000, Energy: -1803449.375
Time taken:  10.988568544387817
Test Loss: 0.0000, Test Accuracy: 1.0000, Energy: -1805292.625
Time taken:  11.071152448654175
Test Loss: 0.0000, Test Accuracy: 1.0000, Energy: -1809808.125
Time taken:  10.954583168029785
Test Loss: 0.0000, Test Accuracy: 1.0000, Energy: -1812239.375
Time taken:  10.944827318191528
Test Loss: 0.0000, Test Accuracy: 1.0000, Energy: -1815436.625
Time taken:  10.965584754943848
Test Loss: 0.0000, Test Accuracy: 1.0000, Energy: -1818615.625
Time taken:  11.0575430393219
Test Loss: 0.0000, Test Accuracy: 1.0000, Energy: -1821043.875
Time taken:  10.94288182258606
Test Loss: 0.0000, Test Accuracy: 1.0000, Energy: -1825042.0
Time taken:  10.941296339035034
Test Loss: 0.0000, Test Accuracy: 1.0000, Energy: -1828219.25
Time taken:  10.935209035873413
Test Loss: 0.0000, Test Accuracy: 1.0000, Energy: -1832815.0
Time taken:  11.04734182357788
Test Loss: 0.0000, Test Accuracy: 1.0000, Energy: -1836166.375
Time taken:  10.945735216140747
Test Loss: 0.0000, Test Accuracy: 1.0000, Energy: -1839515.625
Time taken:  10.929488182067871
Test Loss: 0.0000, Test Accuracy: 1.0000, Energy: -1843491.625
Time taken:  11.044153928756714
Test Loss: 0.0000, Test Accuracy: 1.0000, Energy: -1848259.75
Time taken:  10.953522682189941
Test Loss: 0.0000, Test Accuracy: 1.0000, Energy: -1852542.25
Time taken:  10.943472146987915
Test Loss: 0.0000, Test Accuracy: 1.0000, Energy: -1856484.875
Time taken:  10.964938163757324
Test Loss: 0.0000, Test Accuracy: 1.0000, Energy: -1864261.5
Time taken:  11.101850748062134
Test Loss: 0.0000, Test Accuracy: 1.0000, Energy: -1873679.375
Time taken:  10.975016593933105
Test Loss: 0.0000, Test Accuracy: 1.0000, Energy: -1882423.5
Time taken:  10.950770616531372
Test Loss: 0.0000, Test Accuracy: 1.0000, Energy: -1890012.0
Time taken:  10.994646549224854
Test Loss: 0.0000, Test Accuracy: 1.0000, Energy: -1935383.0
Time taken:  11.05799412727356
Test Loss: 0.0000, Test Accuracy: 1.0000, Energy: -1954732.25
Time taken:  10.985253095626831
Test Loss: 0.0000, Test Accuracy: 1.0000, Energy: -1957624.25
Time taken:  10.981002807617188
Test Loss: 0.0000, Test Accuracy: 1.0000, Energy: -1959964.625
Time taken:  10.988510847091675
Test Loss: 0.0000, Test Accuracy: 1.0000, Energy: -1962706.0
Time taken:  11.055724143981934
Test Loss: 0.0000, Test Accuracy: 1.0000, Energy: -1965645.875
Time taken:  10.949995756149292
Test Loss: 0.0000, Test Accuracy: 1.0000, Energy: -1967415.125
Time taken:  10.942362070083618
Test Loss: 0.0000, Test Accuracy: 1.0000, Energy: -1969321.75
Time taken:  10.966445684432983
Test Loss: 0.0000, Test Accuracy: 1.0000, Energy: -1973191.375
Time taken:  11.066495656967163
Test Loss: 0.0000, Test Accuracy: 1.0000, Energy: -1976237.5
Time taken:  10.968172073364258
Test Loss: 0.0000, Test Accuracy: 1.0000, Energy: -1978746.0
Time taken:  10.95936369895935
Test Loss: 0.0000, Test Accuracy: 1.0000, Energy: -1981578.25
Time taken:  10.978433609008789
Test Loss: 0.0000, Test Accuracy: 1.0000, Energy: -1996015.375
Time taken:  11.08662462234497
Test Loss: 0.0000, Test Accuracy: 1.0000, Energy: -1998370.625
Time taken:  10.966200351715088
Test Loss: 0.0000, Test Accuracy: 1.0000, Energy: -2000447.125
Time taken:  10.960447311401367
Test Loss: 0.0000, Test Accuracy: 1.0000, Energy: -2003106.625
Time taken:  10.981427669525146
Test Loss: 0.0000, Test Accuracy: 1.0000, Energy: -2006484.0
Time taken:  11.07012128829956
Test Loss: 0.0000, Test Accuracy: 1.0000, Energy: -2008170.5
Time taken:  10.96168065071106
Test Loss: 0.0000, Test Accuracy: 1.0000, Energy: -2013459.125
Time taken:  10.956795454025269
Test Loss: 0.0000, Test Accuracy: 1.0000, Energy: -2016454.125
Time taken:  10.957528352737427
Test Loss: 0.0000, Test Accuracy: 1.0000, Energy: -2019322.25
Time taken:  11.042571783065796
Test Loss: 0.0000, Test Accuracy: 1.0000, Energy: -2025035.5
Time taken:  11.001282215118408
Test Loss: 0.0000, Test Accuracy: 1.0000, Energy: -2026964.125
Time taken:  10.962719440460205
Test Loss: 0.0000, Test Accuracy: 1.0000, Energy: -2029317.75
Time taken:  10.96579122543335
Test Loss: 0.0000, Test Accuracy: 1.0000, Energy: -2031838.375
Time taken:  11.057202816009521
Test Loss: 0.0000, Test Accuracy: 1.0000, Energy: -2033447.375
Time taken:  10.978012561798096
Test Loss: 0.0000, Test Accuracy: 1.0000, Energy: -2035321.5
Time taken:  10.98963212966919
Final accuracies: [1.0, 1.0, 1.0, 1.0, 1.0, 1.0, 1.0, 1.0, 0.9966666666666667, 0.9966666666666667, 0.9966666666666667, 0.9933333333333333, 0.9933333333333333, 0.9933333333333333, 0.9933333333333333, 0.9966666666666667, 0.9933333333333333, 0.9966666666666667, 0.9966666666666667, 0.9933333333333333, 0.9966666666666667, 0.9933333333333333, 0.9933333333333333, 0.9933333333333333, 0.9933333333333333, 0.9966666666666667, 1.0, 0.9966666666666667, 1.0, 1.0, 1.0, 1.0, 1.0, 0.9966666666666667, 1.0, 1.0, 0.9966666666666667, 0.9966666666666667, 0.9966666666666667, 0.9966666666666667, 0.9966666666666667, 0.9966666666666667, 0.9966666666666667, 0.9966666666666667, 0.9966666666666667, 0.9966666666666667, 0.9966666666666667, 0.9966666666666667, 0.9966666666666667, 0.9966666666666667, 0.9966666666666667, 1.0, 1.0, 1.0, 1.0, 1.0, 1.0, 1.0, 1.0, 1.0, 1.0, 1.0, 1.0, 1.0, 1.0, 1.0, 1.0, 1.0, 1.0, 1.0, 1.0, 1.0, 1.0, 1.0, 1.0, 1.0, 1.0, 1.0, 1.0, 1.0, 1.0, 1.0, 1.0, 1.0, 1.0, 1.0, 1.0, 1.0, 1.0, 1.0, 1.0, 1.0, 1.0, 1.0, 1.0, 1.0, 1.0, 1.0, 1.0, 1.0]
Final energies: [-474312.8125, -492349.75, -611174.0, -651449.125, -723782.3125, -741594.6875, -752990.25, -761508.5, -771335.5625, -783661.3125, -799714.9375, -805700.5, -811649.75, -817320.5625, -822035.25, -828933.6875, -835688.0, -841754.625, -854947.1875, -902295.25, -983310.5, -1018412.125, -1044709.875, -1064836.5, -1328010.0, -1402716.25, -1421848.25, -1430657.75, -1446263.0, -1457348.375, -1463908.625, -1470678.0, -1476548.125, -1482537.625, -1565501.5, -1615650.125, -1656766.75, -1664361.125, -1691036.875, -1693086.125, -1694816.625, -1695055.25, -1699574.625, -1705197.125, -1709218.125, -1714707.0, -1722323.75, -1728250.0, -1735881.75, -1745869.5, -1775689.125, -1798301.875, -1801402.5, -1803449.375, -1805292.625, -1809808.125, -1812239.375, -1815436.625, -1818615.625, -1821043.875, -1825042.0, -1828219.25, -1832815.0, -1836166.375, -1839515.625, -1843491.625, -1848259.75, -1852542.25, -1856484.875, -1864261.5, -1873679.375, -1882423.5, -1890012.0, -1935383.0, -1954732.25, -1957624.25, -1959964.625, -1962706.0, -1965645.875, -1967415.125, -1969321.75, -1973191.375, -1976237.5, -1978746.0, -1981578.25, -1996015.375, -1998370.625, -2000447.125, -2003106.625, -2006484.0, -2008170.5, -2013459.125, -2016454.125, -2019322.25, -2025035.5, -2026964.125, -2029317.75, -2031838.375, -2033447.375, -2035321.5]
