Running with parameters: hidden=30, use_coupled=true, seed=96, lam=0.5, eta=0.5, batch=1
Test Loss: 0.0000, Test Accuracy: 1.0000, Energy: -387128.34375
Time taken:  11.527076721191406
Test Loss: 0.0000, Test Accuracy: 1.0000, Energy: -588466.9375
Time taken:  11.477909326553345
Test Loss: 0.0000, Test Accuracy: 1.0000, Energy: -740759.6875
Time taken:  11.399178504943848
Test Loss: 0.0000, Test Accuracy: 1.0000, Energy: -788744.5
Time taken:  11.460676431655884
Test Loss: 0.0000, Test Accuracy: 1.0000, Energy: -817760.25
Time taken:  11.345804691314697
Test Loss: 0.0000, Test Accuracy: 1.0000, Energy: -1122834.375
Time taken:  11.404219627380371
Test Loss: 0.0000, Test Accuracy: 1.0000, Energy: -1149220.625
Time taken:  11.394999980926514
Test Loss: 0.0000, Test Accuracy: 1.0000, Energy: -1186220.5
Time taken:  11.49035096168518
Test Loss: 0.0000, Test Accuracy: 1.0000, Energy: -1213616.25
Time taken:  11.38504147529602
Test Loss: 0.0000, Test Accuracy: 1.0000, Energy: -1249367.375
Time taken:  11.396124124526978
Test Loss: 0.0000, Test Accuracy: 1.0000, Energy: -1288944.0
Time taken:  11.374656915664673
Test Loss: 0.0000, Test Accuracy: 1.0000, Energy: -1304464.0
Time taken:  11.497478485107422
Test Loss: 0.0000, Test Accuracy: 1.0000, Energy: -1329552.0
Time taken:  11.349573373794556
Test Loss: 0.0000, Test Accuracy: 0.9967, Energy: -1349616.625
Time taken:  11.356032848358154
Test Loss: 0.0000, Test Accuracy: 0.9967, Energy: -1375414.875
Time taken:  11.366052865982056
Test Loss: 0.0000, Test Accuracy: 0.9967, Energy: -1397643.0
Time taken:  11.425253868103027
Test Loss: 0.0000, Test Accuracy: 0.9967, Energy: -1416725.625
Time taken:  11.307933568954468
Test Loss: 0.0000, Test Accuracy: 0.9967, Energy: -1432559.75
Time taken:  11.320581912994385
Test Loss: 0.0000, Test Accuracy: 0.9967, Energy: -1443461.875
Time taken:  11.254800081253052
Test Loss: 0.0000, Test Accuracy: 0.9967, Energy: -1497725.125
Time taken:  11.382615327835083
Test Loss: 0.0000, Test Accuracy: 0.9967, Energy: -1505792.25
Time taken:  11.319985389709473
Test Loss: 0.0000, Test Accuracy: 0.9967, Energy: -1534119.0
Time taken:  11.298877477645874
Test Loss: 0.0000, Test Accuracy: 0.9967, Energy: -1935337.375
Time taken:  11.404454946517944
Test Loss: 0.0000, Test Accuracy: 0.9967, Energy: -2062157.0
Time taken:  11.308943510055542
Test Loss: 0.0000, Test Accuracy: 0.9967, Energy: -2125148.5
Time taken:  11.324258804321289
Test Loss: 0.0000, Test Accuracy: 0.9967, Energy: -2168495.5
Time taken:  11.282683610916138
Test Loss: 0.0000, Test Accuracy: 0.9967, Energy: -2211915.0
Time taken:  11.399513959884644
Test Loss: 0.0000, Test Accuracy: 0.9967, Energy: -2227935.25
Time taken:  11.33520245552063
Test Loss: 0.0000, Test Accuracy: 0.9967, Energy: -2177228.5
Time taken:  11.349210739135742
Test Loss: 0.0000, Test Accuracy: 0.9967, Energy: -2188527.75
Time taken:  11.408445119857788
Test Loss: 0.0000, Test Accuracy: 0.9967, Energy: -2196014.75
Time taken:  11.502550601959229
Test Loss: 0.0000, Test Accuracy: 0.9967, Energy: -2208391.75
Time taken:  11.377591371536255
Test Loss: 0.0000, Test Accuracy: 0.9967, Energy: -2216190.75
Time taken:  11.414655208587646
Test Loss: 0.0000, Test Accuracy: 0.9967, Energy: -2231747.5
Time taken:  11.455338954925537
Test Loss: 0.0000, Test Accuracy: 0.9967, Energy: -2249116.5
Time taken:  11.621524810791016
Test Loss: 0.0000, Test Accuracy: 0.9967, Energy: -2258557.75
Time taken:  11.476315021514893
Test Loss: 0.0000, Test Accuracy: 0.9967, Energy: -2271315.25
Time taken:  11.472327709197998
Test Loss: 0.0000, Test Accuracy: 0.9967, Energy: -2291054.75
Time taken:  11.479417324066162
Test Loss: 0.0000, Test Accuracy: 0.9967, Energy: -2322272.0
Time taken:  11.62196135520935
Test Loss: 0.0000, Test Accuracy: 0.9967, Energy: -2340220.75
Time taken:  11.45483922958374
Test Loss: 0.0000, Test Accuracy: 0.9967, Energy: -2352832.5
Time taken:  11.515542984008789
Test Loss: 0.0000, Test Accuracy: 0.9967, Energy: -2377407.5
Time taken:  11.480892419815063
Test Loss: 0.0000, Test Accuracy: 0.9967, Energy: -2401324.0
Time taken:  11.61680006980896
Test Loss: 0.0000, Test Accuracy: 0.9967, Energy: -2408828.0
Time taken:  11.503517866134644
Test Loss: 0.0000, Test Accuracy: 0.9967, Energy: -2431063.75
Time taken:  11.45324182510376
Test Loss: 0.0000, Test Accuracy: 0.9967, Energy: -2439953.25
Time taken:  11.472399711608887
Test Loss: 0.0000, Test Accuracy: 0.9967, Energy: -2452272.25
Time taken:  11.545143604278564
Test Loss: 0.0000, Test Accuracy: 0.9967, Energy: -2461860.0
Time taken:  11.456283807754517
Test Loss: 0.0000, Test Accuracy: 0.9967, Energy: -2520683.5
Time taken:  11.447002172470093
Test Loss: 0.0000, Test Accuracy: 0.9967, Energy: -2597488.25
Time taken:  11.311967134475708
Test Loss: 0.0000, Test Accuracy: 0.9967, Energy: -2601201.0
Time taken:  11.37497091293335
Test Loss: 0.0000, Test Accuracy: 0.9967, Energy: -2604087.75
Time taken:  11.275816917419434
Test Loss: 0.0000, Test Accuracy: 0.9967, Energy: -2605517.75
Time taken:  11.303556203842163
Test Loss: 0.0000, Test Accuracy: 0.9967, Energy: -2611410.75
Time taken:  11.284948110580444
Test Loss: 0.0000, Test Accuracy: 0.9967, Energy: -2614253.5
Time taken:  11.422606706619263
Test Loss: 0.0000, Test Accuracy: 0.9967, Energy: -2619544.0
Time taken:  11.343935251235962
Test Loss: 0.0000, Test Accuracy: 0.9967, Energy: -2624236.5
Time taken:  11.326176881790161
Test Loss: 0.0000, Test Accuracy: 0.9967, Energy: -2612919.75
Time taken:  11.363446712493896
Test Loss: 0.0000, Test Accuracy: 0.9967, Energy: -2618622.75
Time taken:  11.508562803268433
Test Loss: 0.0000, Test Accuracy: 0.9967, Energy: -2621408.25
Time taken:  11.350029945373535
Test Loss: 0.0000, Test Accuracy: 0.9967, Energy: -2622164.75
Time taken:  11.363999128341675
Test Loss: 0.0000, Test Accuracy: 0.9967, Energy: -2626130.0
Time taken:  11.354358673095703
Test Loss: 0.0000, Test Accuracy: 0.9967, Energy: -2629491.0
Time taken:  11.444902896881104
Test Loss: 0.0000, Test Accuracy: 0.9967, Energy: -2633282.0
Time taken:  11.33145546913147
Test Loss: 0.0000, Test Accuracy: 0.9967, Energy: -2635552.25
Time taken:  11.385789394378662
Test Loss: 0.0000, Test Accuracy: 0.9967, Energy: -2639488.0
Time taken:  11.450335264205933
Test Loss: 0.0000, Test Accuracy: 0.9967, Energy: -2642738.0
Time taken:  11.386228799819946
Test Loss: 0.0000, Test Accuracy: 0.9967, Energy: -2645622.25
Time taken:  11.378769159317017
Test Loss: 0.0000, Test Accuracy: 0.9967, Energy: -2648340.5
Time taken:  11.369759321212769
Test Loss: 0.0000, Test Accuracy: 0.9967, Energy: -2650178.25
Time taken:  11.457733631134033
Test Loss: 0.0000, Test Accuracy: 0.9967, Energy: -2652684.25
Time taken:  11.411389589309692
Test Loss: 0.0000, Test Accuracy: 0.9967, Energy: -2654346.25
Time taken:  11.400274753570557
Test Loss: 0.0000, Test Accuracy: 0.9967, Energy: -2656695.0
Time taken:  11.340185165405273
Test Loss: 0.0000, Test Accuracy: 0.9967, Energy: -2659005.5
Time taken:  11.37940526008606
Test Loss: 0.0000, Test Accuracy: 0.9967, Energy: -2661062.75
Time taken:  11.302251815795898
Test Loss: 0.0000, Test Accuracy: 0.9967, Energy: -2664029.5
Time taken:  11.294483184814453
Test Loss: 0.0000, Test Accuracy: 0.9967, Energy: -2666166.0
Time taken:  11.302645206451416
Test Loss: 0.0000, Test Accuracy: 0.9967, Energy: -2668360.25
Time taken:  11.376583576202393
Test Loss: 0.0000, Test Accuracy: 0.9967, Energy: -2671178.75
Time taken:  11.27294111251831
Test Loss: 0.0000, Test Accuracy: 0.9967, Energy: -2673598.5
Time taken:  11.317041397094727
Test Loss: 0.0000, Test Accuracy: 0.9967, Energy: -2675780.25
Time taken:  11.335411548614502
Test Loss: 0.0000, Test Accuracy: 0.9967, Energy: -2678267.25
Time taken:  11.529599905014038
Test Loss: 0.0000, Test Accuracy: 0.9967, Energy: -2680831.0
Time taken:  11.44500184059143
Test Loss: 0.0000, Test Accuracy: 0.9967, Energy: -2681721.5
Time taken:  11.441323518753052
Test Loss: 0.0000, Test Accuracy: 0.9967, Energy: -2683790.75
Time taken:  11.469791889190674
Test Loss: 0.0000, Test Accuracy: 0.9967, Energy: -2686534.0
Time taken:  11.52239465713501
Test Loss: 0.0000, Test Accuracy: 0.9967, Energy: -2689353.75
Time taken:  11.496431112289429
Test Loss: 0.0000, Test Accuracy: 0.9967, Energy: -2691428.75
Time taken:  11.457138538360596
Test Loss: 0.0000, Test Accuracy: 0.9967, Energy: -2693693.75
Time taken:  11.520875930786133
Test Loss: 0.0000, Test Accuracy: 0.9967, Energy: -2696136.75
Time taken:  11.62028455734253
Test Loss: 0.0000, Test Accuracy: 0.9967, Energy: -2698968.0
Time taken:  11.466788053512573
Test Loss: 0.0000, Test Accuracy: 1.0000, Energy: -2701253.0
Time taken:  11.510443687438965
Test Loss: 0.0000, Test Accuracy: 1.0000, Energy: -2704194.25
Time taken:  11.480536699295044
Test Loss: 0.0000, Test Accuracy: 0.9967, Energy: -2706405.75
Time taken:  11.589179754257202
Test Loss: 0.0000, Test Accuracy: 0.9967, Energy: -2708725.0
Time taken:  11.450794458389282
Test Loss: 0.0000, Test Accuracy: 1.0000, Energy: -2710451.75
Time taken:  11.397560119628906
Test Loss: 0.0000, Test Accuracy: 1.0000, Energy: -2711250.5
Time taken:  11.39213252067566
Test Loss: 0.0000, Test Accuracy: 1.0000, Energy: -2713605.5
Time taken:  11.464812517166138
Test Loss: 0.0000, Test Accuracy: 1.0000, Energy: -2715385.5
Time taken:  11.375474452972412
Test Loss: 0.0000, Test Accuracy: 1.0000, Energy: -2717549.75
Time taken:  11.333642721176147
Final accuracies: [1.0, 1.0, 1.0, 1.0, 1.0, 1.0, 1.0, 1.0, 1.0, 1.0, 1.0, 1.0, 1.0, 0.9966666666666667, 0.9966666666666667, 0.9966666666666667, 0.9966666666666667, 0.9966666666666667, 0.9966666666666667, 0.9966666666666667, 0.9966666666666667, 0.9966666666666667, 0.9966666666666667, 0.9966666666666667, 0.9966666666666667, 0.9966666666666667, 0.9966666666666667, 0.9966666666666667, 0.9966666666666667, 0.9966666666666667, 0.9966666666666667, 0.9966666666666667, 0.9966666666666667, 0.9966666666666667, 0.9966666666666667, 0.9966666666666667, 0.9966666666666667, 0.9966666666666667, 0.9966666666666667, 0.9966666666666667, 0.9966666666666667, 0.9966666666666667, 0.9966666666666667, 0.9966666666666667, 0.9966666666666667, 0.9966666666666667, 0.9966666666666667, 0.9966666666666667, 0.9966666666666667, 0.9966666666666667, 0.9966666666666667, 0.9966666666666667, 0.9966666666666667, 0.9966666666666667, 0.9966666666666667, 0.9966666666666667, 0.9966666666666667, 0.9966666666666667, 0.9966666666666667, 0.9966666666666667, 0.9966666666666667, 0.9966666666666667, 0.9966666666666667, 0.9966666666666667, 0.9966666666666667, 0.9966666666666667, 0.9966666666666667, 0.9966666666666667, 0.9966666666666667, 0.9966666666666667, 0.9966666666666667, 0.9966666666666667, 0.9966666666666667, 0.9966666666666667, 0.9966666666666667, 0.9966666666666667, 0.9966666666666667, 0.9966666666666667, 0.9966666666666667, 0.9966666666666667, 0.9966666666666667, 0.9966666666666667, 0.9966666666666667, 0.9966666666666667, 0.9966666666666667, 0.9966666666666667, 0.9966666666666667, 0.9966666666666667, 0.9966666666666667, 0.9966666666666667, 0.9966666666666667, 1.0, 1.0, 0.9966666666666667, 0.9966666666666667, 1.0, 1.0, 1.0, 1.0, 1.0]
Final energies: [-387128.34375, -588466.9375, -740759.6875, -788744.5, -817760.25, -1122834.375, -1149220.625, -1186220.5, -1213616.25, -1249367.375, -1288944.0, -1304464.0, -1329552.0, -1349616.625, -1375414.875, -1397643.0, -1416725.625, -1432559.75, -1443461.875, -1497725.125, -1505792.25, -1534119.0, -1935337.375, -2062157.0, -2125148.5, -2168495.5, -2211915.0, -2227935.25, -2177228.5, -2188527.75, -2196014.75, -2208391.75, -2216190.75, -2231747.5, -2249116.5, -2258557.75, -2271315.25, -2291054.75, -2322272.0, -2340220.75, -2352832.5, -2377407.5, -2401324.0, -2408828.0, -2431063.75, -2439953.25, -2452272.25, -2461860.0, -2520683.5, -2597488.25, -2601201.0, -2604087.75, -2605517.75, -2611410.75, -2614253.5, -2619544.0, -2624236.5, -2612919.75, -2618622.75, -2621408.25, -2622164.75, -2626130.0, -2629491.0, -2633282.0, -2635552.25, -2639488.0, -2642738.0, -2645622.25, -2648340.5, -2650178.25, -2652684.25, -2654346.25, -2656695.0, -2659005.5, -2661062.75, -2664029.5, -2666166.0, -2668360.25, -2671178.75, -2673598.5, -2675780.25, -2678267.25, -2680831.0, -2681721.5, -2683790.75, -2686534.0, -2689353.75, -2691428.75, -2693693.75, -2696136.75, -2698968.0, -2701253.0, -2704194.25, -2706405.75, -2708725.0, -2710451.75, -2711250.5, -2713605.5, -2715385.5, -2717549.75]
