Running with parameters: hidden=30, use_coupled=true, seed=1, lam=0.5, eta=0.5, batch=1
Test Loss: 0.0000, Test Accuracy: 1.0000, Energy: -724533.0625
Time taken:  11.492175340652466
Test Loss: 0.0000, Test Accuracy: 0.9967, Energy: -742248.8125
Time taken:  11.467992544174194
Test Loss: 0.0000, Test Accuracy: 0.9967, Energy: -758148.9375
Time taken:  11.519184589385986
Test Loss: 0.0000, Test Accuracy: 0.9967, Energy: -773976.9375
Time taken:  11.642747402191162
Test Loss: 0.0000, Test Accuracy: 0.9967, Energy: -785301.625
Time taken:  11.515381574630737
Test Loss: 0.0000, Test Accuracy: 0.9967, Energy: -795835.5625
Time taken:  11.447358846664429
Test Loss: 0.0000, Test Accuracy: 0.9967, Energy: -805609.8125
Time taken:  11.448949337005615
Test Loss: 0.0000, Test Accuracy: 0.9967, Energy: -815741.8125
Time taken:  11.612603902816772
Test Loss: 0.0000, Test Accuracy: 0.9967, Energy: -825959.6875
Time taken:  11.479827404022217
Test Loss: 0.0000, Test Accuracy: 0.9967, Energy: -832950.1875
Time taken:  11.444805383682251
Test Loss: 0.0000, Test Accuracy: 0.9967, Energy: -843277.375
Time taken:  11.482417821884155
Test Loss: 0.0000, Test Accuracy: 0.9967, Energy: -851031.6875
Time taken:  11.523438930511475
Test Loss: 0.0000, Test Accuracy: 0.9967, Energy: -859836.0
Time taken:  11.509042024612427
Test Loss: 0.0000, Test Accuracy: 0.9967, Energy: -867105.0625
Time taken:  11.511668920516968
Test Loss: 0.0000, Test Accuracy: 0.9967, Energy: -874309.0
Time taken:  11.471070766448975
Test Loss: 0.0000, Test Accuracy: 0.9967, Energy: -881176.4375
Time taken:  11.576010942459106
Test Loss: 0.0000, Test Accuracy: 0.9967, Energy: -888202.75
Time taken:  11.447659254074097
Test Loss: 0.0000, Test Accuracy: 0.9967, Energy: -896149.0625
Time taken:  11.43315052986145
Test Loss: 0.0000, Test Accuracy: 0.9967, Energy: -902771.5
Time taken:  11.420495748519897
Test Loss: 0.0000, Test Accuracy: 0.9967, Energy: -911775.6875
Time taken:  11.546080827713013
Test Loss: 0.0000, Test Accuracy: 0.9967, Energy: -919352.5
Time taken:  11.463663578033447
Test Loss: 0.0000, Test Accuracy: 0.9967, Energy: -933068.375
Time taken:  11.436408519744873
Test Loss: 0.0000, Test Accuracy: 0.9967, Energy: -938618.5
Time taken:  11.529113292694092
Test Loss: 0.0000, Test Accuracy: 0.9967, Energy: -944769.3125
Time taken:  11.468129396438599
Test Loss: 0.0000, Test Accuracy: 0.9967, Energy: -951082.0
Time taken:  11.529486417770386
Test Loss: 0.0000, Test Accuracy: 0.9967, Energy: -1048925.375
Time taken:  11.50433897972107
Test Loss: 0.0000, Test Accuracy: 0.9967, Energy: -1058016.5
Time taken:  11.664955139160156
Test Loss: 0.0000, Test Accuracy: 0.9967, Energy: -1065701.5
Time taken:  11.499618768692017
Test Loss: 0.0000, Test Accuracy: 0.9967, Energy: -1074466.625
Time taken:  11.497807025909424
Test Loss: 0.0000, Test Accuracy: 0.9967, Energy: -1082260.625
Time taken:  11.50304102897644
Test Loss: 0.0000, Test Accuracy: 0.9967, Energy: -1090380.625
Time taken:  11.584218740463257
Test Loss: 0.0000, Test Accuracy: 0.9967, Energy: -1098796.75
Time taken:  11.501364469528198
Test Loss: 0.0000, Test Accuracy: 0.9967, Energy: -1106051.0
Time taken:  11.46477484703064
Test Loss: 0.0000, Test Accuracy: 0.9967, Energy: -1112336.0
Time taken:  11.446532011032104
Test Loss: 0.0000, Test Accuracy: 1.0000, Energy: -1117793.375
Time taken:  11.545265436172485
Test Loss: 0.0000, Test Accuracy: 1.0000, Energy: -1123079.25
Time taken:  11.477110385894775
Test Loss: 0.0000, Test Accuracy: 1.0000, Energy: -1128116.5
Time taken:  11.435209274291992
Test Loss: 0.0000, Test Accuracy: 0.9967, Energy: -1134009.25
Time taken:  11.46442174911499
Test Loss: 0.0000, Test Accuracy: 0.9967, Energy: -1139338.75
Time taken:  11.555874347686768
Test Loss: 0.0000, Test Accuracy: 0.9967, Energy: -1144656.25
Time taken:  11.433398246765137
Test Loss: 0.0000, Test Accuracy: 0.9967, Energy: -1149337.25
Time taken:  11.461550951004028
Test Loss: 0.0000, Test Accuracy: 0.9967, Energy: -1153904.5
Time taken:  11.458330392837524
Test Loss: 0.0000, Test Accuracy: 0.9967, Energy: -1159032.5
Time taken:  11.553695917129517
Test Loss: 0.0000, Test Accuracy: 0.9967, Energy: -1163637.0
Time taken:  11.448173999786377
Test Loss: 0.0000, Test Accuracy: 0.9967, Energy: -1168183.375
Time taken:  11.434835433959961
Test Loss: 0.0000, Test Accuracy: 0.9967, Energy: -1172418.25
Time taken:  11.44326639175415
Test Loss: 0.0000, Test Accuracy: 0.9967, Energy: -1177414.75
Time taken:  11.555054903030396
Test Loss: 0.0000, Test Accuracy: 0.9967, Energy: -1181897.75
Time taken:  11.439476251602173
Test Loss: 0.0000, Test Accuracy: 0.9967, Energy: -1186993.875
Time taken:  11.43661642074585
Test Loss: 0.0000, Test Accuracy: 0.9967, Energy: -1191001.875
Time taken:  11.415376901626587
Test Loss: 0.0000, Test Accuracy: 0.9967, Energy: -1195344.25
Time taken:  11.551985025405884
Test Loss: 0.0000, Test Accuracy: 0.9967, Energy: -1199451.75
Time taken:  11.459901809692383
Test Loss: 0.0000, Test Accuracy: 0.9967, Energy: -1203612.875
Time taken:  11.461336612701416
Test Loss: 0.0000, Test Accuracy: 0.9967, Energy: -1208223.5
Time taken:  11.447962999343872
Test Loss: 0.0000, Test Accuracy: 0.9967, Energy: -1212225.375
Time taken:  11.535685777664185
Test Loss: 0.0000, Test Accuracy: 0.9967, Energy: -1216462.125
Time taken:  11.436089992523193
Test Loss: 0.0000, Test Accuracy: 0.9967, Energy: -1220904.0
Time taken:  11.417749643325806
Test Loss: 0.0000, Test Accuracy: 0.9967, Energy: -1224624.25
Time taken:  11.41666054725647
Test Loss: 0.0000, Test Accuracy: 0.9967, Energy: -1228982.875
Time taken:  11.451912879943848
Test Loss: 0.0000, Test Accuracy: 0.9967, Energy: -1232903.625
Time taken:  11.438046216964722
Test Loss: 0.0000, Test Accuracy: 0.9967, Energy: -1236934.375
Time taken:  11.486835479736328
Test Loss: 0.0000, Test Accuracy: 0.9967, Energy: -1240634.5
Time taken:  11.490601539611816
Test Loss: 0.0000, Test Accuracy: 0.9967, Energy: -1245250.625
Time taken:  11.548242568969727
Test Loss: 0.0000, Test Accuracy: 0.9967, Energy: -1248528.125
Time taken:  11.402467966079712
Test Loss: 0.0000, Test Accuracy: 0.9967, Energy: -1251856.75
Time taken:  11.445976972579956
Test Loss: 0.0000, Test Accuracy: 0.9967, Energy: -1256248.25
Time taken:  11.501514673233032
Test Loss: 0.0000, Test Accuracy: 0.9967, Energy: -1259934.25
Time taken:  11.442243337631226
Test Loss: 0.0000, Test Accuracy: 0.9967, Energy: -1263388.125
Time taken:  11.407683372497559
Test Loss: 0.0000, Test Accuracy: 0.9967, Energy: -1267601.375
Time taken:  11.449865818023682
Test Loss: 0.0000, Test Accuracy: 0.9967, Energy: -1270466.5
Time taken:  11.513784885406494
Test Loss: 0.0000, Test Accuracy: 0.9967, Energy: -1274062.375
Time taken:  11.41750192642212
Test Loss: 0.0000, Test Accuracy: 0.9967, Energy: -1277631.875
Time taken:  11.41564130783081
Test Loss: 0.0000, Test Accuracy: 0.9967, Energy: -1280812.125
Time taken:  11.409157752990723
Test Loss: 0.0000, Test Accuracy: 0.9967, Energy: -1283995.75
Time taken:  11.530198097229004
Test Loss: 0.0000, Test Accuracy: 0.9967, Energy: -1287028.625
Time taken:  11.437920093536377
Test Loss: 0.0000, Test Accuracy: 0.9967, Energy: -1290177.25
Time taken:  11.41137981414795
Test Loss: 0.0000, Test Accuracy: 0.9967, Energy: -1293307.0
Time taken:  11.424531698226929
Test Loss: 0.0000, Test Accuracy: 1.0000, Energy: -1296505.75
Time taken:  11.537158012390137
Test Loss: 0.0000, Test Accuracy: 1.0000, Energy: -1299597.375
Time taken:  11.460788488388062
Test Loss: 0.0000, Test Accuracy: 1.0000, Energy: -1302515.375
Time taken:  11.452846050262451
Test Loss: 0.0000, Test Accuracy: 1.0000, Energy: -1305625.375
Time taken:  11.435199737548828
Test Loss: 0.0000, Test Accuracy: 1.0000, Energy: -1307968.375
Time taken:  11.5567147731781
Test Loss: 0.0000, Test Accuracy: 1.0000, Energy: -1310953.375
Time taken:  11.446156024932861
Test Loss: 0.0000, Test Accuracy: 1.0000, Energy: -1313419.875
Time taken:  11.432476282119751
Test Loss: 0.0000, Test Accuracy: 1.0000, Energy: -1316845.0
Time taken:  11.4242684841156
Test Loss: 0.0000, Test Accuracy: 1.0000, Energy: -1319570.125
Time taken:  11.514942407608032
Test Loss: 0.0000, Test Accuracy: 1.0000, Energy: -1322737.375
Time taken:  11.433665752410889
Test Loss: 0.0000, Test Accuracy: 1.0000, Energy: -1325235.375
Time taken:  11.437452554702759
Test Loss: 0.0000, Test Accuracy: 1.0000, Energy: -1328551.0
Time taken:  11.426995038986206
Test Loss: 0.0000, Test Accuracy: 1.0000, Energy: -1331123.75
Time taken:  11.517869234085083
Test Loss: 0.0000, Test Accuracy: 1.0000, Energy: -1333900.0
Time taken:  11.409762620925903
Test Loss: 0.0000, Test Accuracy: 1.0000, Energy: -1336654.125
Time taken:  11.439385414123535
Test Loss: 0.0000, Test Accuracy: 1.0000, Energy: -1339476.0
Time taken:  11.426238775253296
Test Loss: 0.0000, Test Accuracy: 1.0000, Energy: -1342348.375
Time taken:  11.536937236785889
Test Loss: 0.0000, Test Accuracy: 1.0000, Energy: -1344750.25
Time taken:  11.454812049865723
Test Loss: 0.0000, Test Accuracy: 1.0000, Energy: -1347236.5
Time taken:  11.453841924667358
Test Loss: 0.0000, Test Accuracy: 1.0000, Energy: -1349268.25
Time taken:  11.45003628730774
Test Loss: 0.0000, Test Accuracy: 1.0000, Energy: -1352462.125
Time taken:  11.553722143173218
Test Loss: 0.0000, Test Accuracy: 1.0000, Energy: -1354531.25
Time taken:  11.432478666305542
Test Loss: 0.0000, Test Accuracy: 1.0000, Energy: -1356471.875
Time taken:  11.463315963745117
Final accuracies: [1.0, 0.9966666666666667, 0.9966666666666667, 0.9966666666666667, 0.9966666666666667, 0.9966666666666667, 0.9966666666666667, 0.9966666666666667, 0.9966666666666667, 0.9966666666666667, 0.9966666666666667, 0.9966666666666667, 0.9966666666666667, 0.9966666666666667, 0.9966666666666667, 0.9966666666666667, 0.9966666666666667, 0.9966666666666667, 0.9966666666666667, 0.9966666666666667, 0.9966666666666667, 0.9966666666666667, 0.9966666666666667, 0.9966666666666667, 0.9966666666666667, 0.9966666666666667, 0.9966666666666667, 0.9966666666666667, 0.9966666666666667, 0.9966666666666667, 0.9966666666666667, 0.9966666666666667, 0.9966666666666667, 0.9966666666666667, 1.0, 1.0, 1.0, 0.9966666666666667, 0.9966666666666667, 0.9966666666666667, 0.9966666666666667, 0.9966666666666667, 0.9966666666666667, 0.9966666666666667, 0.9966666666666667, 0.9966666666666667, 0.9966666666666667, 0.9966666666666667, 0.9966666666666667, 0.9966666666666667, 0.9966666666666667, 0.9966666666666667, 0.9966666666666667, 0.9966666666666667, 0.9966666666666667, 0.9966666666666667, 0.9966666666666667, 0.9966666666666667, 0.9966666666666667, 0.9966666666666667, 0.9966666666666667, 0.9966666666666667, 0.9966666666666667, 0.9966666666666667, 0.9966666666666667, 0.9966666666666667, 0.9966666666666667, 0.9966666666666667, 0.9966666666666667, 0.9966666666666667, 0.9966666666666667, 0.9966666666666667, 0.9966666666666667, 0.9966666666666667, 0.9966666666666667, 0.9966666666666667, 0.9966666666666667, 1.0, 1.0, 1.0, 1.0, 1.0, 1.0, 1.0, 1.0, 1.0, 1.0, 1.0, 1.0, 1.0, 1.0, 1.0, 1.0, 1.0, 1.0, 1.0, 1.0, 1.0, 1.0, 1.0]
Final energies: [-724533.0625, -742248.8125, -758148.9375, -773976.9375, -785301.625, -795835.5625, -805609.8125, -815741.8125, -825959.6875, -832950.1875, -843277.375, -851031.6875, -859836.0, -867105.0625, -874309.0, -881176.4375, -888202.75, -896149.0625, -902771.5, -911775.6875, -919352.5, -933068.375, -938618.5, -944769.3125, -951082.0, -1048925.375, -1058016.5, -1065701.5, -1074466.625, -1082260.625, -1090380.625, -1098796.75, -1106051.0, -1112336.0, -1117793.375, -1123079.25, -1128116.5, -1134009.25, -1139338.75, -1144656.25, -1149337.25, -1153904.5, -1159032.5, -1163637.0, -1168183.375, -1172418.25, -1177414.75, -1181897.75, -1186993.875, -1191001.875, -1195344.25, -1199451.75, -1203612.875, -1208223.5, -1212225.375, -1216462.125, -1220904.0, -1224624.25, -1228982.875, -1232903.625, -1236934.375, -1240634.5, -1245250.625, -1248528.125, -1251856.75, -1256248.25, -1259934.25, -1263388.125, -1267601.375, -1270466.5, -1274062.375, -1277631.875, -1280812.125, -1283995.75, -1287028.625, -1290177.25, -1293307.0, -1296505.75, -1299597.375, -1302515.375, -1305625.375, -1307968.375, -1310953.375, -1313419.875, -1316845.0, -1319570.125, -1322737.375, -1325235.375, -1328551.0, -1331123.75, -1333900.0, -1336654.125, -1339476.0, -1342348.375, -1344750.25, -1347236.5, -1349268.25, -1352462.125, -1354531.25, -1356471.875]
