Running with parameters: hidden=100, use_coupled=true, seed=96, lam=0.0, eta=1.0, batch=100
Test Loss: 0.0000, Test Accuracy: 0.8467, Energy: -1639.1529541015625
Time taken:  1.6840345859527588
Test Loss: 0.0000, Test Accuracy: 1.0000, Energy: -92154.03125
Time taken:  1.829233169555664
Test Loss: 0.0000, Test Accuracy: 0.9967, Energy: -553164.0
Time taken:  1.7695891857147217
Test Loss: 0.0000, Test Accuracy: 0.9967, Energy: -968224.25
Time taken:  1.633880853652954
Test Loss: 0.0000, Test Accuracy: 0.9967, Energy: -1325616.375
Time taken:  1.9337618350982666
Test Loss: 0.0000, Test Accuracy: 0.9933, Energy: -1642364.75
Time taken:  1.7028939723968506
Test Loss: 0.0000, Test Accuracy: 0.9833, Energy: -1925417.875
Time taken:  1.8850071430206299
Test Loss: 0.0000, Test Accuracy: 0.9833, Energy: -2173655.25
Time taken:  1.5950510501861572
Test Loss: 0.0000, Test Accuracy: 0.9833, Energy: -2392718.25
Time taken:  1.5931854248046875
Test Loss: 0.0000, Test Accuracy: 0.9833, Energy: -2586450.5
Time taken:  1.6408426761627197
Test Loss: 0.0000, Test Accuracy: 0.9833, Energy: -2761564.25
Time taken:  1.8341670036315918
Test Loss: 0.0000, Test Accuracy: 0.9833, Energy: -2913981.25
Time taken:  1.6112194061279297
Test Loss: 0.0000, Test Accuracy: 0.9833, Energy: -3052289.0
Time taken:  1.7194023132324219
Test Loss: 0.0000, Test Accuracy: 0.9833, Energy: -3183592.5
Time taken:  1.6286401748657227
Test Loss: 0.0000, Test Accuracy: 0.9833, Energy: -3297448.5
Time taken:  1.8669095039367676
Test Loss: 0.0000, Test Accuracy: 0.9833, Energy: -3401766.0
Time taken:  1.6577866077423096
Test Loss: 0.0000, Test Accuracy: 0.9833, Energy: -3497308.5
Time taken:  1.7916009426116943
Test Loss: 0.0000, Test Accuracy: 0.9833, Energy: -3583992.0
Time taken:  1.7080318927764893
Test Loss: 0.0000, Test Accuracy: 0.9833, Energy: -3664682.0
Time taken:  1.8449211120605469
Test Loss: 0.0000, Test Accuracy: 0.9800, Energy: -3736140.0
Time taken:  1.6213288307189941
Test Loss: 0.0000, Test Accuracy: 0.9800, Energy: -3803236.5
Time taken:  1.6161916255950928
Test Loss: 0.0000, Test Accuracy: 0.9800, Energy: -3864444.0
Time taken:  1.7010972499847412
Test Loss: 0.0000, Test Accuracy: 0.9767, Energy: -3916940.0
Time taken:  1.8954498767852783
Test Loss: 0.0000, Test Accuracy: 0.9800, Energy: -3968694.5
Time taken:  1.6910817623138428
Test Loss: 0.0000, Test Accuracy: 0.9767, Energy: -4015523.5
Time taken:  1.8297951221466064
Test Loss: 0.0000, Test Accuracy: 0.9800, Energy: -4055567.0
Time taken:  1.6492235660552979
Test Loss: 0.0000, Test Accuracy: 0.9767, Energy: -4094943.0
Time taken:  1.8212039470672607
Test Loss: 0.0000, Test Accuracy: 0.9800, Energy: -4129664.0
Time taken:  1.7433295249938965
Test Loss: 0.0000, Test Accuracy: 0.9800, Energy: -4160068.75
Time taken:  1.833648443222046
Test Loss: 0.0000, Test Accuracy: 0.9800, Energy: -4187167.5
Time taken:  1.6348395347595215
Test Loss: 0.0000, Test Accuracy: 0.9767, Energy: -4214132.0
Time taken:  1.831345558166504
Test Loss: 0.0000, Test Accuracy: 0.9767, Energy: -4237548.0
Time taken:  1.6394999027252197
Test Loss: 0.0000, Test Accuracy: 0.9767, Energy: -4260021.5
Time taken:  1.6829314231872559
Test Loss: 0.0000, Test Accuracy: 0.9800, Energy: -4279565.0
Time taken:  1.6818697452545166
Test Loss: 0.0000, Test Accuracy: 0.9767, Energy: -4297266.5
Time taken:  1.8445589542388916
Test Loss: 0.0000, Test Accuracy: 0.9767, Energy: -4313375.0
Time taken:  1.69618821144104
Test Loss: 0.0000, Test Accuracy: 0.9767, Energy: -4328152.5
Time taken:  1.771191120147705
Test Loss: 0.0000, Test Accuracy: 0.9767, Energy: -4340697.0
Time taken:  1.6746785640716553
Test Loss: 0.0000, Test Accuracy: 0.9767, Energy: -4353578.0
Time taken:  1.64847993850708
Test Loss: 0.0000, Test Accuracy: 0.9767, Energy: -4366134.0
Time taken:  1.6969144344329834
Test Loss: 0.0000, Test Accuracy: 0.9767, Energy: -4376188.5
Time taken:  1.6676397323608398
Test Loss: 0.0000, Test Accuracy: 0.9767, Energy: -4385569.5
Time taken:  1.6399908065795898
Test Loss: 0.0000, Test Accuracy: 0.9767, Energy: -4394008.5
Time taken:  1.6329011917114258
Test Loss: 0.0000, Test Accuracy: 0.9767, Energy: -4401425.5
Time taken:  1.6715524196624756
Test Loss: 0.0000, Test Accuracy: 0.9767, Energy: -4407888.5
Time taken:  1.6693651676177979
Test Loss: 0.0000, Test Accuracy: 0.9767, Energy: -4413546.5
Time taken:  1.7457268238067627
Test Loss: 0.0000, Test Accuracy: 0.9767, Energy: -4419209.0
Time taken:  1.5913293361663818
Test Loss: 0.0000, Test Accuracy: 0.9767, Energy: -4425201.0
Time taken:  1.642904281616211
Test Loss: 0.0000, Test Accuracy: 0.9767, Energy: -4429968.0
Time taken:  1.7233874797821045
Test Loss: 0.0000, Test Accuracy: 0.9767, Energy: -4434984.0
Time taken:  1.71250319480896
Test Loss: 0.0000, Test Accuracy: 0.9767, Energy: -4438617.5
Time taken:  1.7215685844421387
Test Loss: 0.0000, Test Accuracy: 0.9767, Energy: -4442636.0
Time taken:  1.6984355449676514
Test Loss: 0.0000, Test Accuracy: 0.9767, Energy: -4445943.0
Time taken:  1.7050790786743164
Test Loss: 0.0000, Test Accuracy: 0.9767, Energy: -4448982.5
Time taken:  1.7342088222503662
Test Loss: 0.0000, Test Accuracy: 0.9767, Energy: -4451549.0
Time taken:  1.7066504955291748
Test Loss: 0.0000, Test Accuracy: 0.9767, Energy: -4454331.0
Time taken:  1.7551548480987549
Test Loss: 0.0000, Test Accuracy: 0.9767, Energy: -4456330.0
Time taken:  1.7571799755096436
Test Loss: 0.0000, Test Accuracy: 0.9767, Energy: -4458519.5
Time taken:  1.778012990951538
Test Loss: 0.0000, Test Accuracy: 0.9767, Energy: -4460158.0
Time taken:  1.6755578517913818
Test Loss: 0.0000, Test Accuracy: 0.9767, Energy: -4461598.0
Time taken:  1.694730281829834
Test Loss: 0.0000, Test Accuracy: 0.9767, Energy: -4462995.5
Time taken:  1.7588438987731934
Test Loss: 0.0000, Test Accuracy: 0.9767, Energy: -4464330.0
Time taken:  1.6670114994049072
Test Loss: 0.0000, Test Accuracy: 0.9767, Energy: -4465389.0
Time taken:  1.7816894054412842
Test Loss: 0.0000, Test Accuracy: 0.9767, Energy: -4466731.0
Time taken:  1.64493989944458
Test Loss: 0.0000, Test Accuracy: 0.9767, Energy: -4467679.5
Time taken:  1.654526710510254
Test Loss: 0.0000, Test Accuracy: 0.9767, Energy: -4468606.5
Time taken:  1.640871524810791
Test Loss: 0.0000, Test Accuracy: 0.9767, Energy: -4469510.0
Time taken:  1.6843512058258057
Test Loss: 0.0000, Test Accuracy: 0.9767, Energy: -4470220.0
Time taken:  1.6686742305755615
Test Loss: 0.0000, Test Accuracy: 0.9767, Energy: -4470845.0
Time taken:  1.6755831241607666
Test Loss: 0.0000, Test Accuracy: 0.9767, Energy: -4471391.0
Time taken:  1.641613483428955
Test Loss: 0.0000, Test Accuracy: 0.9767, Energy: -4471891.5
Time taken:  1.6403696537017822
Test Loss: 0.0000, Test Accuracy: 0.9767, Energy: -4472403.5
Time taken:  1.6786863803863525
Test Loss: 0.0000, Test Accuracy: 0.9767, Energy: -4472869.0
Time taken:  1.7317118644714355
Test Loss: 0.0000, Test Accuracy: 0.9767, Energy: -4473280.0
Time taken:  1.6761150360107422
Test Loss: 0.0000, Test Accuracy: 0.9767, Energy: -4473678.0
Time taken:  1.6978378295898438
Test Loss: 0.0000, Test Accuracy: 0.9767, Energy: -4474001.0
Time taken:  1.6737093925476074
Test Loss: 0.0000, Test Accuracy: 0.9767, Energy: -4474397.0
Time taken:  1.6351850032806396
Test Loss: 0.0000, Test Accuracy: 0.9767, Energy: -4474708.0
Time taken:  1.6259005069732666
Test Loss: 0.0000, Test Accuracy: 0.9767, Energy: -4474932.0
Time taken:  1.701369047164917
Test Loss: 0.0000, Test Accuracy: 0.9767, Energy: -4475154.0
Time taken:  1.665863275527954
Test Loss: 0.0000, Test Accuracy: 0.9767, Energy: -4475365.0
Time taken:  1.7201151847839355
Test Loss: 0.0000, Test Accuracy: 0.9767, Energy: -4475548.0
Time taken:  1.6364569664001465
Test Loss: 0.0000, Test Accuracy: 0.9767, Energy: -4475694.5
Time taken:  1.6123862266540527
Test Loss: 0.0000, Test Accuracy: 0.9767, Energy: -4475833.0
Time taken:  1.6139540672302246
Test Loss: 0.0000, Test Accuracy: 0.9767, Energy: -4476005.0
Time taken:  1.6973464488983154
Test Loss: 0.0000, Test Accuracy: 0.9767, Energy: -4476134.0
Time taken:  1.6940317153930664
Test Loss: 0.0000, Test Accuracy: 0.9767, Energy: -4476222.0
Time taken:  1.6573026180267334
Test Loss: 0.0000, Test Accuracy: 0.9767, Energy: -4476309.5
Time taken:  1.6375324726104736
Test Loss: 0.0000, Test Accuracy: 0.9767, Energy: -4476394.5
Time taken:  1.6775896549224854
Test Loss: 0.0000, Test Accuracy: 0.9767, Energy: -4476471.5
Time taken:  1.6665029525756836
Test Loss: 0.0000, Test Accuracy: 0.9767, Energy: -4476551.5
Time taken:  1.6809701919555664
Test Loss: 0.0000, Test Accuracy: 0.9767, Energy: -4476614.0
Time taken:  1.6515154838562012
Test Loss: 0.0000, Test Accuracy: 0.9767, Energy: -4476658.0
Time taken:  1.6893246173858643
Test Loss: 0.0000, Test Accuracy: 0.9767, Energy: -4476709.5
Time taken:  1.7111926078796387
Test Loss: 0.0000, Test Accuracy: 0.9767, Energy: -4476772.0
Time taken:  1.7511847019195557
Test Loss: 0.0000, Test Accuracy: 0.9767, Energy: -4476878.0
Time taken:  1.691784143447876
Test Loss: 0.0000, Test Accuracy: 0.9767, Energy: -4476914.0
Time taken:  1.6917376518249512
Test Loss: 0.0000, Test Accuracy: 0.9767, Energy: -4477007.0
Time taken:  1.4714171886444092
Test Loss: 0.0000, Test Accuracy: 0.9767, Energy: -4477039.0
Time taken:  1.405099868774414
Test Loss: 0.0000, Test Accuracy: 0.9767, Energy: -4477065.0
Time taken:  1.2982003688812256
Final accuracies: [0.8466666666666667, 1.0, 0.9966666666666667, 0.9966666666666667, 0.9966666666666667, 0.9933333333333333, 0.9833333333333333, 0.9833333333333333, 0.9833333333333333, 0.9833333333333333, 0.9833333333333333, 0.9833333333333333, 0.9833333333333333, 0.9833333333333333, 0.9833333333333333, 0.9833333333333333, 0.9833333333333333, 0.9833333333333333, 0.9833333333333333, 0.98, 0.98, 0.98, 0.9766666666666667, 0.98, 0.9766666666666667, 0.98, 0.9766666666666667, 0.98, 0.98, 0.98, 0.9766666666666667, 0.9766666666666667, 0.9766666666666667, 0.98, 0.9766666666666667, 0.9766666666666667, 0.9766666666666667, 0.9766666666666667, 0.9766666666666667, 0.9766666666666667, 0.9766666666666667, 0.9766666666666667, 0.9766666666666667, 0.9766666666666667, 0.9766666666666667, 0.9766666666666667, 0.9766666666666667, 0.9766666666666667, 0.9766666666666667, 0.9766666666666667, 0.9766666666666667, 0.9766666666666667, 0.9766666666666667, 0.9766666666666667, 0.9766666666666667, 0.9766666666666667, 0.9766666666666667, 0.9766666666666667, 0.9766666666666667, 0.9766666666666667, 0.9766666666666667, 0.9766666666666667, 0.9766666666666667, 0.9766666666666667, 0.9766666666666667, 0.9766666666666667, 0.9766666666666667, 0.9766666666666667, 0.9766666666666667, 0.9766666666666667, 0.9766666666666667, 0.9766666666666667, 0.9766666666666667, 0.9766666666666667, 0.9766666666666667, 0.9766666666666667, 0.9766666666666667, 0.9766666666666667, 0.9766666666666667, 0.9766666666666667, 0.9766666666666667, 0.9766666666666667, 0.9766666666666667, 0.9766666666666667, 0.9766666666666667, 0.9766666666666667, 0.9766666666666667, 0.9766666666666667, 0.9766666666666667, 0.9766666666666667, 0.9766666666666667, 0.9766666666666667, 0.9766666666666667, 0.9766666666666667, 0.9766666666666667, 0.9766666666666667, 0.9766666666666667, 0.9766666666666667, 0.9766666666666667, 0.9766666666666667]
Final energies: [-1639.1529541015625, -92154.03125, -553164.0, -968224.25, -1325616.375, -1642364.75, -1925417.875, -2173655.25, -2392718.25, -2586450.5, -2761564.25, -2913981.25, -3052289.0, -3183592.5, -3297448.5, -3401766.0, -3497308.5, -3583992.0, -3664682.0, -3736140.0, -3803236.5, -3864444.0, -3916940.0, -3968694.5, -4015523.5, -4055567.0, -4094943.0, -4129664.0, -4160068.75, -4187167.5, -4214132.0, -4237548.0, -4260021.5, -4279565.0, -4297266.5, -4313375.0, -4328152.5, -4340697.0, -4353578.0, -4366134.0, -4376188.5, -4385569.5, -4394008.5, -4401425.5, -4407888.5, -4413546.5, -4419209.0, -4425201.0, -4429968.0, -4434984.0, -4438617.5, -4442636.0, -4445943.0, -4448982.5, -4451549.0, -4454331.0, -4456330.0, -4458519.5, -4460158.0, -4461598.0, -4462995.5, -4464330.0, -4465389.0, -4466731.0, -4467679.5, -4468606.5, -4469510.0, -4470220.0, -4470845.0, -4471391.0, -4471891.5, -4472403.5, -4472869.0, -4473280.0, -4473678.0, -4474001.0, -4474397.0, -4474708.0, -4474932.0, -4475154.0, -4475365.0, -4475548.0, -4475694.5, -4475833.0, -4476005.0, -4476134.0, -4476222.0, -4476309.5, -4476394.5, -4476471.5, -4476551.5, -4476614.0, -4476658.0, -4476709.5, -4476772.0, -4476878.0, -4476914.0, -4477007.0, -4477039.0, -4477065.0]
