Running with parameters: hidden=100, use_coupled=true, seed=83, lam=0.0, eta=1.0, batch=100
Test Loss: 0.0000, Test Accuracy: 0.9100, Energy: -808.53125
Time taken:  3.674957036972046
Test Loss: 0.0000, Test Accuracy: 1.0000, Energy: -77357.7421875
Time taken:  3.707623243331909
Test Loss: 0.0000, Test Accuracy: 0.9967, Energy: -474226.5
Time taken:  3.668839454650879
Test Loss: 0.0000, Test Accuracy: 0.9967, Energy: -843696.5625
Time taken:  3.7002007961273193
Test Loss: 0.0000, Test Accuracy: 0.9967, Energy: -1148798.375
Time taken:  3.6287968158721924
Test Loss: 0.0000, Test Accuracy: 0.9967, Energy: -1414474.625
Time taken:  3.665264129638672
Test Loss: 0.0000, Test Accuracy: 0.9967, Energy: -1647994.5
Time taken:  3.6112420558929443
Test Loss: 0.0000, Test Accuracy: 0.9967, Energy: -1855868.5
Time taken:  3.6581432819366455
Test Loss: 0.0000, Test Accuracy: 0.9967, Energy: -2046249.75
Time taken:  3.6348941326141357
Test Loss: 0.0000, Test Accuracy: 0.9967, Energy: -2218839.5
Time taken:  3.662594795227051
Test Loss: 0.0000, Test Accuracy: 0.9967, Energy: -2379635.0
Time taken:  3.619077205657959
Test Loss: 0.0000, Test Accuracy: 0.9967, Energy: -2521604.0
Time taken:  3.6274361610412598
Test Loss: 0.0000, Test Accuracy: 0.9967, Energy: -2650204.0
Time taken:  3.653703451156616
Test Loss: 0.0000, Test Accuracy: 0.9967, Energy: -2764168.5
Time taken:  3.618771553039551
Test Loss: 0.0000, Test Accuracy: 0.9967, Energy: -2868694.0
Time taken:  3.7082748413085938
Test Loss: 0.0000, Test Accuracy: 0.9967, Energy: -2960864.0
Time taken:  3.62796950340271
Test Loss: 0.0000, Test Accuracy: 0.9967, Energy: -3041490.5
Time taken:  3.6565182209014893
Test Loss: 0.0000, Test Accuracy: 0.9967, Energy: -3116542.75
Time taken:  3.5985066890716553
Test Loss: 0.0000, Test Accuracy: 0.9967, Energy: -3182248.0
Time taken:  3.6576030254364014
Test Loss: 0.0000, Test Accuracy: 0.9967, Energy: -3243343.25
Time taken:  3.605518341064453
Test Loss: 0.0000, Test Accuracy: 0.9967, Energy: -3294741.0
Time taken:  3.655789375305176
Test Loss: 0.0000, Test Accuracy: 0.9967, Energy: -3343074.0
Time taken:  3.6554951667785645
Test Loss: 0.0000, Test Accuracy: 0.9967, Energy: -3387732.0
Time taken:  3.6460697650909424
Test Loss: 0.0000, Test Accuracy: 0.9967, Energy: -3427400.5
Time taken:  3.6979165077209473
Test Loss: 0.0000, Test Accuracy: 0.9967, Energy: -3464784.5
Time taken:  3.622519016265869
Test Loss: 0.0000, Test Accuracy: 0.9967, Energy: -3497643.0
Time taken:  3.630850315093994
Test Loss: 0.0000, Test Accuracy: 0.9967, Energy: -3528556.5
Time taken:  3.648768663406372
Test Loss: 0.0000, Test Accuracy: 0.9967, Energy: -3556938.5
Time taken:  3.5990617275238037
Test Loss: 0.0000, Test Accuracy: 0.9967, Energy: -3581731.5
Time taken:  3.631709575653076
Test Loss: 0.0000, Test Accuracy: 0.9967, Energy: -3604808.75
Time taken:  3.626096248626709
Test Loss: 0.0000, Test Accuracy: 0.9967, Energy: -3625420.5
Time taken:  3.673454761505127
Test Loss: 0.0000, Test Accuracy: 0.9967, Energy: -3643917.0
Time taken:  3.728431224822998
Test Loss: 0.0000, Test Accuracy: 0.9967, Energy: -3661164.0
Time taken:  3.667843818664551
Test Loss: 0.0000, Test Accuracy: 0.9967, Energy: -3677011.5
Time taken:  3.7526326179504395
Test Loss: 0.0000, Test Accuracy: 0.9967, Energy: -3690937.0
Time taken:  3.6806271076202393
Test Loss: 0.0000, Test Accuracy: 0.9967, Energy: -3704499.0
Time taken:  3.721010208129883
Test Loss: 0.0000, Test Accuracy: 0.9967, Energy: -3716209.0
Time taken:  3.6437270641326904
Test Loss: 0.0000, Test Accuracy: 0.9967, Energy: -3727204.0
Time taken:  3.6192820072174072
Test Loss: 0.0000, Test Accuracy: 0.9967, Energy: -3737251.0
Time taken:  3.6483113765716553
Test Loss: 0.0000, Test Accuracy: 0.9967, Energy: -3745535.0
Time taken:  3.635784149169922
Test Loss: 0.0000, Test Accuracy: 0.9967, Energy: -3753521.0
Time taken:  3.6038153171539307
Test Loss: 0.0000, Test Accuracy: 0.9967, Energy: -3761216.75
Time taken:  3.6125221252441406
Test Loss: 0.0000, Test Accuracy: 0.9967, Energy: -3767898.0
Time taken:  3.672187089920044
Test Loss: 0.0000, Test Accuracy: 0.9967, Energy: -3774112.0
Time taken:  3.644158124923706
Test Loss: 0.0000, Test Accuracy: 0.9967, Energy: -3779577.0
Time taken:  3.6894052028656006
Test Loss: 0.0000, Test Accuracy: 0.9967, Energy: -3784600.75
Time taken:  3.746089220046997
Test Loss: 0.0000, Test Accuracy: 0.9967, Energy: -3789372.25
Time taken:  3.683208465576172
Test Loss: 0.0000, Test Accuracy: 0.9967, Energy: -3793529.75
Time taken:  3.6475307941436768
Test Loss: 0.0000, Test Accuracy: 0.9967, Energy: -3797482.0
Time taken:  3.6641762256622314
Test Loss: 0.0000, Test Accuracy: 0.9967, Energy: -3800726.5
Time taken:  3.6555540561676025
Test Loss: 0.0000, Test Accuracy: 0.9967, Energy: -3803776.0
Time taken:  3.703934907913208
Test Loss: 0.0000, Test Accuracy: 0.9967, Energy: -3806679.5
Time taken:  3.704345226287842
Test Loss: 0.0000, Test Accuracy: 0.9967, Energy: -3809173.5
Time taken:  3.6714656352996826
Test Loss: 0.0000, Test Accuracy: 0.9967, Energy: -3811518.5
Time taken:  3.6941275596618652
Test Loss: 0.0000, Test Accuracy: 0.9967, Energy: -3813630.5
Time taken:  3.6769626140594482
Test Loss: 0.0000, Test Accuracy: 0.9967, Energy: -3815752.0
Time taken:  3.62029767036438
Test Loss: 0.0000, Test Accuracy: 0.9967, Energy: -3817564.0
Time taken:  3.6708264350891113
Test Loss: 0.0000, Test Accuracy: 0.9967, Energy: -3819223.5
Time taken:  3.666842222213745
Test Loss: 0.0000, Test Accuracy: 0.9967, Energy: -3820637.75
Time taken:  3.611564874649048
Test Loss: 0.0000, Test Accuracy: 0.9967, Energy: -3822057.5
Time taken:  3.6637723445892334
Test Loss: 0.0000, Test Accuracy: 0.9933, Energy: -3823050.0
Time taken:  3.6590523719787598
Test Loss: 0.0000, Test Accuracy: 0.9933, Energy: -3824093.0
Time taken:  3.6092770099639893
Test Loss: 0.0000, Test Accuracy: 0.9933, Energy: -3824973.5
Time taken:  3.6855287551879883
Test Loss: 0.0000, Test Accuracy: 0.9933, Energy: -3825926.5
Time taken:  3.6510770320892334
Test Loss: 0.0000, Test Accuracy: 0.9933, Energy: -3826852.0
Time taken:  3.6878042221069336
Test Loss: 0.0000, Test Accuracy: 0.9933, Energy: -3827503.25
Time taken:  3.6174874305725098
Test Loss: 0.0000, Test Accuracy: 0.9933, Energy: -3828009.25
Time taken:  3.6589438915252686
Test Loss: 0.0000, Test Accuracy: 0.9933, Energy: -3828583.75
Time taken:  3.6873693466186523
Test Loss: 0.0000, Test Accuracy: 0.9933, Energy: -3829256.5
Time taken:  3.6246702671051025
Test Loss: 0.0000, Test Accuracy: 0.9933, Energy: -3829748.25
Time taken:  3.652270555496216
Test Loss: 0.0000, Test Accuracy: 0.9933, Energy: -3830222.0
Time taken:  3.6382899284362793
Test Loss: 0.0000, Test Accuracy: 0.9933, Energy: -3830694.0
Time taken:  3.6326746940612793
Test Loss: 0.0000, Test Accuracy: 0.9933, Energy: -3831034.5
Time taken:  3.653937816619873
Test Loss: 0.0000, Test Accuracy: 0.9933, Energy: -3831361.0
Time taken:  3.6494369506835938
Test Loss: 0.0000, Test Accuracy: 0.9933, Energy: -3831631.25
Time taken:  3.6519901752471924
Test Loss: 0.0000, Test Accuracy: 0.9933, Energy: -3831896.0
Time taken:  3.6381702423095703
Test Loss: 0.0000, Test Accuracy: 0.9967, Energy: -3832130.0
Time taken:  3.6518943309783936
Test Loss: 0.0000, Test Accuracy: 0.9967, Energy: -3832354.25
Time taken:  3.667018413543701
Test Loss: 0.0000, Test Accuracy: 0.9967, Energy: -3832500.5
Time taken:  3.653829336166382
Test Loss: 0.0000, Test Accuracy: 0.9967, Energy: -3832649.5
Time taken:  3.6187944412231445
Test Loss: 0.0000, Test Accuracy: 0.9967, Energy: -3832865.0
Time taken:  3.651315927505493
Test Loss: 0.0000, Test Accuracy: 0.9967, Energy: -3832987.0
Time taken:  3.643279552459717
Test Loss: 0.0000, Test Accuracy: 0.9967, Energy: -3833184.5
Time taken:  3.6915507316589355
Test Loss: 0.0000, Test Accuracy: 0.9967, Energy: -3833297.0
Time taken:  3.6375858783721924
Test Loss: 0.0000, Test Accuracy: 0.9967, Energy: -3833331.75
Time taken:  3.68398380279541
Test Loss: 0.0000, Test Accuracy: 0.9967, Energy: -3833489.0
Time taken:  3.6698131561279297
Test Loss: 0.0000, Test Accuracy: 0.9967, Energy: -3833553.5
Time taken:  3.655734062194824
Test Loss: 0.0000, Test Accuracy: 0.9967, Energy: -3833678.75
Time taken:  3.661151647567749
Test Loss: 0.0000, Test Accuracy: 0.9967, Energy: -3833844.0
Time taken:  3.6491827964782715
Test Loss: 0.0000, Test Accuracy: 0.9967, Energy: -3833923.25
Time taken:  3.8026905059814453
Test Loss: 0.0000, Test Accuracy: 0.9967, Energy: -3833972.75
Time taken:  3.6039769649505615
Test Loss: 0.0000, Test Accuracy: 0.9967, Energy: -3834016.0
Time taken:  3.6793854236602783
Test Loss: 0.0000, Test Accuracy: 0.9967, Energy: -3834080.0
Time taken:  3.6818153858184814
Test Loss: 0.0000, Test Accuracy: 0.9967, Energy: -3834135.5
Time taken:  3.7347609996795654
Test Loss: 0.0000, Test Accuracy: 0.9967, Energy: -3834174.75
Time taken:  3.6612706184387207
Test Loss: 0.0000, Test Accuracy: 0.9967, Energy: -3834203.5
Time taken:  3.7015364170074463
Test Loss: 0.0000, Test Accuracy: 0.9967, Energy: -3834218.5
Time taken:  3.7329299449920654
Test Loss: 0.0000, Test Accuracy: 0.9967, Energy: -3834245.5
Time taken:  3.6324822902679443
Test Loss: 0.0000, Test Accuracy: 0.9967, Energy: -3834254.75
Time taken:  3.6240298748016357
Test Loss: 0.0000, Test Accuracy: 0.9967, Energy: -3834270.5
Time taken:  2.6031157970428467
Final accuracies: [0.91, 1.0, 0.9966666666666667, 0.9966666666666667, 0.9966666666666667, 0.9966666666666667, 0.9966666666666667, 0.9966666666666667, 0.9966666666666667, 0.9966666666666667, 0.9966666666666667, 0.9966666666666667, 0.9966666666666667, 0.9966666666666667, 0.9966666666666667, 0.9966666666666667, 0.9966666666666667, 0.9966666666666667, 0.9966666666666667, 0.9966666666666667, 0.9966666666666667, 0.9966666666666667, 0.9966666666666667, 0.9966666666666667, 0.9966666666666667, 0.9966666666666667, 0.9966666666666667, 0.9966666666666667, 0.9966666666666667, 0.9966666666666667, 0.9966666666666667, 0.9966666666666667, 0.9966666666666667, 0.9966666666666667, 0.9966666666666667, 0.9966666666666667, 0.9966666666666667, 0.9966666666666667, 0.9966666666666667, 0.9966666666666667, 0.9966666666666667, 0.9966666666666667, 0.9966666666666667, 0.9966666666666667, 0.9966666666666667, 0.9966666666666667, 0.9966666666666667, 0.9966666666666667, 0.9966666666666667, 0.9966666666666667, 0.9966666666666667, 0.9966666666666667, 0.9966666666666667, 0.9966666666666667, 0.9966666666666667, 0.9966666666666667, 0.9966666666666667, 0.9966666666666667, 0.9966666666666667, 0.9966666666666667, 0.9933333333333333, 0.9933333333333333, 0.9933333333333333, 0.9933333333333333, 0.9933333333333333, 0.9933333333333333, 0.9933333333333333, 0.9933333333333333, 0.9933333333333333, 0.9933333333333333, 0.9933333333333333, 0.9933333333333333, 0.9933333333333333, 0.9933333333333333, 0.9933333333333333, 0.9933333333333333, 0.9966666666666667, 0.9966666666666667, 0.9966666666666667, 0.9966666666666667, 0.9966666666666667, 0.9966666666666667, 0.9966666666666667, 0.9966666666666667, 0.9966666666666667, 0.9966666666666667, 0.9966666666666667, 0.9966666666666667, 0.9966666666666667, 0.9966666666666667, 0.9966666666666667, 0.9966666666666667, 0.9966666666666667, 0.9966666666666667, 0.9966666666666667, 0.9966666666666667, 0.9966666666666667, 0.9966666666666667, 0.9966666666666667, 0.9966666666666667]
Final energies: [-808.53125, -77357.7421875, -474226.5, -843696.5625, -1148798.375, -1414474.625, -1647994.5, -1855868.5, -2046249.75, -2218839.5, -2379635.0, -2521604.0, -2650204.0, -2764168.5, -2868694.0, -2960864.0, -3041490.5, -3116542.75, -3182248.0, -3243343.25, -3294741.0, -3343074.0, -3387732.0, -3427400.5, -3464784.5, -3497643.0, -3528556.5, -3556938.5, -3581731.5, -3604808.75, -3625420.5, -3643917.0, -3661164.0, -3677011.5, -3690937.0, -3704499.0, -3716209.0, -3727204.0, -3737251.0, -3745535.0, -3753521.0, -3761216.75, -3767898.0, -3774112.0, -3779577.0, -3784600.75, -3789372.25, -3793529.75, -3797482.0, -3800726.5, -3803776.0, -3806679.5, -3809173.5, -3811518.5, -3813630.5, -3815752.0, -3817564.0, -3819223.5, -3820637.75, -3822057.5, -3823050.0, -3824093.0, -3824973.5, -3825926.5, -3826852.0, -3827503.25, -3828009.25, -3828583.75, -3829256.5, -3829748.25, -3830222.0, -3830694.0, -3831034.5, -3831361.0, -3831631.25, -3831896.0, -3832130.0, -3832354.25, -3832500.5, -3832649.5, -3832865.0, -3832987.0, -3833184.5, -3833297.0, -3833331.75, -3833489.0, -3833553.5, -3833678.75, -3833844.0, -3833923.25, -3833972.75, -3834016.0, -3834080.0, -3834135.5, -3834174.75, -3834203.5, -3834218.5, -3834245.5, -3834254.75, -3834270.5]
