Running with parameters: hidden=100, use_coupled=true, seed=10, lam=0.0, eta=1.0, batch=100
Test Loss: 0.0000, Test Accuracy: 0.7667, Energy: -1407.0965576171875
Time taken:  2.1441197395324707
Test Loss: 0.0000, Test Accuracy: 1.0000, Energy: -81665.8046875
Time taken:  2.1814942359924316
Test Loss: 0.0000, Test Accuracy: 1.0000, Energy: -429995.8125
Time taken:  1.8901522159576416
Test Loss: 0.0000, Test Accuracy: 0.9967, Energy: -769598.4375
Time taken:  1.998028039932251
Test Loss: 0.0000, Test Accuracy: 0.9967, Energy: -1057537.25
Time taken:  1.9166905879974365
Test Loss: 0.0000, Test Accuracy: 0.9967, Energy: -1310355.25
Time taken:  2.229893207550049
Test Loss: 0.0000, Test Accuracy: 0.9967, Energy: -1535864.625
Time taken:  1.9134950637817383
Test Loss: 0.0000, Test Accuracy: 0.9967, Energy: -1737943.0
Time taken:  2.175851345062256
Test Loss: 0.0000, Test Accuracy: 0.9967, Energy: -1922549.25
Time taken:  1.939558506011963
Test Loss: 0.0000, Test Accuracy: 0.9967, Energy: -2089879.625
Time taken:  2.174057722091675
Test Loss: 0.0000, Test Accuracy: 0.9967, Energy: -2237742.5
Time taken:  1.9261548519134521
Test Loss: 0.0000, Test Accuracy: 0.9967, Energy: -2372903.5
Time taken:  1.9233238697052002
Test Loss: 0.0000, Test Accuracy: 0.9933, Energy: -2495341.5
Time taken:  1.9551327228546143
Test Loss: 0.0000, Test Accuracy: 0.9933, Energy: -2608064.0
Time taken:  1.8997447490692139
Test Loss: 0.0000, Test Accuracy: 0.9933, Energy: -2709394.5
Time taken:  1.8070485591888428
Test Loss: 0.0000, Test Accuracy: 0.9933, Energy: -2802395.0
Time taken:  1.8414509296417236
Test Loss: 0.0000, Test Accuracy: 0.9900, Energy: -2885295.0
Time taken:  1.8759407997131348
Test Loss: 0.0000, Test Accuracy: 0.9900, Energy: -2961070.75
Time taken:  1.8968467712402344
Test Loss: 0.0000, Test Accuracy: 0.9900, Energy: -3028708.25
Time taken:  1.9688849449157715
Test Loss: 0.0000, Test Accuracy: 0.9900, Energy: -3090935.0
Time taken:  1.9377005100250244
Test Loss: 0.0000, Test Accuracy: 0.9900, Energy: -3147411.0
Time taken:  1.8647806644439697
Test Loss: 0.0000, Test Accuracy: 0.9900, Energy: -3197890.25
Time taken:  2.0288426876068115
Test Loss: 0.0000, Test Accuracy: 0.9900, Energy: -3244696.5
Time taken:  1.923326015472412
Test Loss: 0.0000, Test Accuracy: 0.9900, Energy: -3287764.25
Time taken:  1.925692081451416
Test Loss: 0.0000, Test Accuracy: 0.9900, Energy: -3327167.0
Time taken:  1.902357578277588
Test Loss: 0.0000, Test Accuracy: 0.9867, Energy: -3362372.75
Time taken:  1.8264589309692383
Test Loss: 0.0000, Test Accuracy: 0.9867, Energy: -3394881.0
Time taken:  1.9535183906555176
Test Loss: 0.0000, Test Accuracy: 0.9867, Energy: -3424131.25
Time taken:  2.1074883937835693
Test Loss: 0.0000, Test Accuracy: 0.9867, Energy: -3451825.5
Time taken:  1.8951706886291504
Test Loss: 0.0000, Test Accuracy: 0.9867, Energy: -3475978.5
Time taken:  1.8941292762756348
Test Loss: 0.0000, Test Accuracy: 0.9867, Energy: -3497363.0
Time taken:  1.8724665641784668
Test Loss: 0.0000, Test Accuracy: 0.9867, Energy: -3517659.25
Time taken:  1.8505547046661377
Test Loss: 0.0000, Test Accuracy: 0.9867, Energy: -3535393.0
Time taken:  1.857499361038208
Test Loss: 0.0000, Test Accuracy: 0.9867, Energy: -3552550.0
Time taken:  1.852287769317627
Test Loss: 0.0000, Test Accuracy: 0.9867, Energy: -3567550.5
Time taken:  1.8912544250488281
Test Loss: 0.0000, Test Accuracy: 0.9867, Energy: -3582281.25
Time taken:  1.8739099502563477
Test Loss: 0.0000, Test Accuracy: 0.9867, Energy: -3594262.0
Time taken:  1.9300472736358643
Test Loss: 0.0000, Test Accuracy: 0.9867, Energy: -3605222.5
Time taken:  1.9223225116729736
Test Loss: 0.0000, Test Accuracy: 0.9867, Energy: -3615873.75
Time taken:  1.9113755226135254
Test Loss: 0.0000, Test Accuracy: 0.9867, Energy: -3625307.5
Time taken:  1.9638099670410156
Test Loss: 0.0000, Test Accuracy: 0.9867, Energy: -3633378.5
Time taken:  1.959392786026001
Test Loss: 0.0000, Test Accuracy: 0.9867, Energy: -3641511.5
Time taken:  1.8725988864898682
Test Loss: 0.0000, Test Accuracy: 0.9867, Energy: -3648879.5
Time taken:  1.8227591514587402
Test Loss: 0.0000, Test Accuracy: 0.9867, Energy: -3655599.5
Time taken:  1.8678669929504395
Test Loss: 0.0000, Test Accuracy: 0.9867, Energy: -3661256.5
Time taken:  1.8821916580200195
Test Loss: 0.0000, Test Accuracy: 0.9867, Energy: -3667088.25
Time taken:  1.9217705726623535
Test Loss: 0.0000, Test Accuracy: 0.9867, Energy: -3671682.0
Time taken:  1.9223763942718506
Test Loss: 0.0000, Test Accuracy: 0.9867, Energy: -3676112.0
Time taken:  1.9175970554351807
Test Loss: 0.0000, Test Accuracy: 0.9867, Energy: -3680118.75
Time taken:  1.8716468811035156
Test Loss: 0.0000, Test Accuracy: 0.9867, Energy: -3683519.5
Time taken:  1.8951056003570557
Test Loss: 0.0000, Test Accuracy: 0.9867, Energy: -3686614.0
Time taken:  1.8639142513275146
Test Loss: 0.0000, Test Accuracy: 0.9867, Energy: -3689718.5
Time taken:  1.8654611110687256
Test Loss: 0.0000, Test Accuracy: 0.9867, Energy: -3692447.75
Time taken:  1.8719666004180908
Test Loss: 0.0000, Test Accuracy: 0.9867, Energy: -3694933.75
Time taken:  1.881535530090332
Test Loss: 0.0000, Test Accuracy: 0.9867, Energy: -3697166.0
Time taken:  1.9245712757110596
Test Loss: 0.0000, Test Accuracy: 0.9867, Energy: -3699195.5
Time taken:  1.9274709224700928
Test Loss: 0.0000, Test Accuracy: 0.9867, Energy: -3700941.25
Time taken:  1.9878883361816406
Test Loss: 0.0000, Test Accuracy: 0.9867, Energy: -3702689.5
Time taken:  1.970287561416626
Test Loss: 0.0000, Test Accuracy: 0.9867, Energy: -3703858.5
Time taken:  1.892270803451538
Test Loss: 0.0000, Test Accuracy: 0.9867, Energy: -3705184.25
Time taken:  1.8289964199066162
Test Loss: 0.0000, Test Accuracy: 0.9867, Energy: -3706516.5
Time taken:  1.8500077724456787
Test Loss: 0.0000, Test Accuracy: 0.9867, Energy: -3707873.5
Time taken:  1.9884464740753174
Test Loss: 0.0000, Test Accuracy: 0.9867, Energy: -3708849.0
Time taken:  1.9553968906402588
Test Loss: 0.0000, Test Accuracy: 0.9867, Energy: -3709695.5
Time taken:  1.8847057819366455
Test Loss: 0.0000, Test Accuracy: 0.9867, Energy: -3710474.75
Time taken:  1.794259786605835
Test Loss: 0.0000, Test Accuracy: 0.9867, Energy: -3711281.5
Time taken:  1.7933671474456787
Test Loss: 0.0000, Test Accuracy: 0.9867, Energy: -3712156.0
Time taken:  1.8214051723480225
Test Loss: 0.0000, Test Accuracy: 0.9867, Energy: -3712966.0
Time taken:  1.8336760997772217
Test Loss: 0.0000, Test Accuracy: 0.9867, Energy: -3713374.0
Time taken:  1.9531056880950928
Test Loss: 0.0000, Test Accuracy: 0.9867, Energy: -3713943.0
Time taken:  1.8970673084259033
Test Loss: 0.0000, Test Accuracy: 0.9867, Energy: -3714464.25
Time taken:  1.887894630432129
Test Loss: 0.0000, Test Accuracy: 0.9867, Energy: -3714865.0
Time taken:  1.8644723892211914
Test Loss: 0.0000, Test Accuracy: 0.9867, Energy: -3715322.5
Time taken:  1.8380796909332275
Test Loss: 0.0000, Test Accuracy: 0.9867, Energy: -3715659.25
Time taken:  1.8127923011779785
Test Loss: 0.0000, Test Accuracy: 0.9867, Energy: -3716149.5
Time taken:  1.8424620628356934
Test Loss: 0.0000, Test Accuracy: 0.9867, Energy: -3716370.5
Time taken:  1.977017879486084
Test Loss: 0.0000, Test Accuracy: 0.9867, Energy: -3716634.25
Time taken:  2.0373775959014893
Test Loss: 0.0000, Test Accuracy: 0.9867, Energy: -3716966.5
Time taken:  1.945279836654663
Test Loss: 0.0000, Test Accuracy: 0.9867, Energy: -3717092.25
Time taken:  1.9381136894226074
Test Loss: 0.0000, Test Accuracy: 0.9867, Energy: -3717263.0
Time taken:  1.990715742111206
Test Loss: 0.0000, Test Accuracy: 0.9867, Energy: -3717372.75
Time taken:  1.9776930809020996
Test Loss: 0.0000, Test Accuracy: 0.9867, Energy: -3717541.5
Time taken:  1.9875080585479736
Test Loss: 0.0000, Test Accuracy: 0.9867, Energy: -3717696.5
Time taken:  1.8937242031097412
Test Loss: 0.0000, Test Accuracy: 0.9867, Energy: -3717826.0
Time taken:  1.901885986328125
Test Loss: 0.0000, Test Accuracy: 0.9867, Energy: -3717925.5
Time taken:  1.9898924827575684
Test Loss: 0.0000, Test Accuracy: 0.9867, Energy: -3717998.25
Time taken:  1.8935506343841553
Test Loss: 0.0000, Test Accuracy: 0.9867, Energy: -3718119.5
Time taken:  1.8670892715454102
Test Loss: 0.0000, Test Accuracy: 0.9867, Energy: -3718235.0
Time taken:  1.8644134998321533
Test Loss: 0.0000, Test Accuracy: 0.9867, Energy: -3718320.25
Time taken:  1.8868350982666016
Test Loss: 0.0000, Test Accuracy: 0.9867, Energy: -3718398.0
Time taken:  1.9280729293823242
Test Loss: 0.0000, Test Accuracy: 0.9867, Energy: -3718556.5
Time taken:  1.8155338764190674
Test Loss: 0.0000, Test Accuracy: 0.9867, Energy: -3718390.5
Time taken:  1.9323737621307373
Test Loss: 0.0000, Test Accuracy: 0.9867, Energy: -3718435.0
Time taken:  1.8294949531555176
Test Loss: 0.0000, Test Accuracy: 0.9867, Energy: -3718515.25
Time taken:  1.8787422180175781
Test Loss: 0.0000, Test Accuracy: 0.9867, Energy: -3718552.5
Time taken:  1.9151740074157715
Test Loss: 0.0000, Test Accuracy: 0.9867, Energy: -3718565.5
Time taken:  1.9014885425567627
Test Loss: 0.0000, Test Accuracy: 0.9867, Energy: -3718560.0
Time taken:  1.7500226497650146
Test Loss: 0.0000, Test Accuracy: 0.9867, Energy: -3718590.0
Time taken:  1.549511194229126
Test Loss: 0.0000, Test Accuracy: 0.9867, Energy: -3718606.0
Time taken:  1.167982578277588
Test Loss: 0.0000, Test Accuracy: 0.9867, Energy: -3718553.0
Time taken:  1.0093779563903809
Final accuracies: [0.7666666666666667, 1.0, 1.0, 0.9966666666666667, 0.9966666666666667, 0.9966666666666667, 0.9966666666666667, 0.9966666666666667, 0.9966666666666667, 0.9966666666666667, 0.9966666666666667, 0.9966666666666667, 0.9933333333333333, 0.9933333333333333, 0.9933333333333333, 0.9933333333333333, 0.99, 0.99, 0.99, 0.99, 0.99, 0.99, 0.99, 0.99, 0.99, 0.9866666666666667, 0.9866666666666667, 0.9866666666666667, 0.9866666666666667, 0.9866666666666667, 0.9866666666666667, 0.9866666666666667, 0.9866666666666667, 0.9866666666666667, 0.9866666666666667, 0.9866666666666667, 0.9866666666666667, 0.9866666666666667, 0.9866666666666667, 0.9866666666666667, 0.9866666666666667, 0.9866666666666667, 0.9866666666666667, 0.9866666666666667, 0.9866666666666667, 0.9866666666666667, 0.9866666666666667, 0.9866666666666667, 0.9866666666666667, 0.9866666666666667, 0.9866666666666667, 0.9866666666666667, 0.9866666666666667, 0.9866666666666667, 0.9866666666666667, 0.9866666666666667, 0.9866666666666667, 0.9866666666666667, 0.9866666666666667, 0.9866666666666667, 0.9866666666666667, 0.9866666666666667, 0.9866666666666667, 0.9866666666666667, 0.9866666666666667, 0.9866666666666667, 0.9866666666666667, 0.9866666666666667, 0.9866666666666667, 0.9866666666666667, 0.9866666666666667, 0.9866666666666667, 0.9866666666666667, 0.9866666666666667, 0.9866666666666667, 0.9866666666666667, 0.9866666666666667, 0.9866666666666667, 0.9866666666666667, 0.9866666666666667, 0.9866666666666667, 0.9866666666666667, 0.9866666666666667, 0.9866666666666667, 0.9866666666666667, 0.9866666666666667, 0.9866666666666667, 0.9866666666666667, 0.9866666666666667, 0.9866666666666667, 0.9866666666666667, 0.9866666666666667, 0.9866666666666667, 0.9866666666666667, 0.9866666666666667, 0.9866666666666667, 0.9866666666666667, 0.9866666666666667, 0.9866666666666667, 0.9866666666666667]
Final energies: [-1407.0965576171875, -81665.8046875, -429995.8125, -769598.4375, -1057537.25, -1310355.25, -1535864.625, -1737943.0, -1922549.25, -2089879.625, -2237742.5, -2372903.5, -2495341.5, -2608064.0, -2709394.5, -2802395.0, -2885295.0, -2961070.75, -3028708.25, -3090935.0, -3147411.0, -3197890.25, -3244696.5, -3287764.25, -3327167.0, -3362372.75, -3394881.0, -3424131.25, -3451825.5, -3475978.5, -3497363.0, -3517659.25, -3535393.0, -3552550.0, -3567550.5, -3582281.25, -3594262.0, -3605222.5, -3615873.75, -3625307.5, -3633378.5, -3641511.5, -3648879.5, -3655599.5, -3661256.5, -3667088.25, -3671682.0, -3676112.0, -3680118.75, -3683519.5, -3686614.0, -3689718.5, -3692447.75, -3694933.75, -3697166.0, -3699195.5, -3700941.25, -3702689.5, -3703858.5, -3705184.25, -3706516.5, -3707873.5, -3708849.0, -3709695.5, -3710474.75, -3711281.5, -3712156.0, -3712966.0, -3713374.0, -3713943.0, -3714464.25, -3714865.0, -3715322.5, -3715659.25, -3716149.5, -3716370.5, -3716634.25, -3716966.5, -3717092.25, -3717263.0, -3717372.75, -3717541.5, -3717696.5, -3717826.0, -3717925.5, -3717998.25, -3718119.5, -3718235.0, -3718320.25, -3718398.0, -3718556.5, -3718390.5, -3718435.0, -3718515.25, -3718552.5, -3718565.5, -3718560.0, -3718590.0, -3718606.0, -3718553.0]
