Running with parameters: hidden=100, use_coupled=true, seed=3, lam=0.0, eta=1.0, batch=100
Test Loss: 0.0000, Test Accuracy: 0.7100, Energy: -1600.7918701171875
Time taken:  2.090049982070923
Test Loss: 0.0000, Test Accuracy: 1.0000, Energy: -73247.6953125
Time taken:  2.1038432121276855
Test Loss: 0.0000, Test Accuracy: 0.9967, Energy: -398905.75
Time taken:  1.8867504596710205
Test Loss: 0.0000, Test Accuracy: 0.9967, Energy: -695070.375
Time taken:  1.9285964965820312
Test Loss: 0.0000, Test Accuracy: 0.9967, Energy: -955822.375
Time taken:  1.8684804439544678
Test Loss: 0.0000, Test Accuracy: 0.9967, Energy: -1189744.625
Time taken:  1.8268828392028809
Test Loss: 0.0000, Test Accuracy: 0.9967, Energy: -1395413.875
Time taken:  1.857551097869873
Test Loss: 0.0000, Test Accuracy: 0.9967, Energy: -1577848.75
Time taken:  1.7731413841247559
Test Loss: 0.0000, Test Accuracy: 0.9967, Energy: -1739005.0
Time taken:  1.866103172302246
Test Loss: 0.0000, Test Accuracy: 0.9900, Energy: -1884614.75
Time taken:  1.8564033508300781
Test Loss: 0.0000, Test Accuracy: 0.9900, Energy: -2012938.25
Time taken:  1.8640389442443848
Test Loss: 0.0000, Test Accuracy: 0.9933, Energy: -2127610.5
Time taken:  1.890606164932251
Test Loss: 0.0000, Test Accuracy: 0.9900, Energy: -2230840.0
Time taken:  1.8903095722198486
Test Loss: 0.0000, Test Accuracy: 0.9900, Energy: -2323133.75
Time taken:  1.9053568840026855
Test Loss: 0.0000, Test Accuracy: 0.9900, Energy: -2406649.5
Time taken:  1.8712716102600098
Test Loss: 0.0000, Test Accuracy: 0.9900, Energy: -2481162.25
Time taken:  1.8025500774383545
Test Loss: 0.0000, Test Accuracy: 0.9933, Energy: -2549258.5
Time taken:  1.832188367843628
Test Loss: 0.0000, Test Accuracy: 0.9933, Energy: -2610935.5
Time taken:  1.842327356338501
Test Loss: 0.0000, Test Accuracy: 0.9900, Energy: -2667799.5
Time taken:  1.840632438659668
Test Loss: 0.0000, Test Accuracy: 0.9900, Energy: -2719671.5
Time taken:  1.861091136932373
Test Loss: 0.0000, Test Accuracy: 0.9900, Energy: -2766725.0
Time taken:  1.8743855953216553
Test Loss: 0.0000, Test Accuracy: 0.9900, Energy: -2809587.0
Time taken:  1.841639518737793
Test Loss: 0.0000, Test Accuracy: 0.9900, Energy: -2848619.5
Time taken:  1.8684108257293701
Test Loss: 0.0000, Test Accuracy: 0.9900, Energy: -2883762.25
Time taken:  2.033137559890747
Test Loss: 0.0000, Test Accuracy: 0.9900, Energy: -2916593.5
Time taken:  1.8277983665466309
Test Loss: 0.0000, Test Accuracy: 0.9900, Energy: -2945556.5
Time taken:  1.87721848487854
Test Loss: 0.0000, Test Accuracy: 0.9900, Energy: -2969882.5
Time taken:  1.8445422649383545
Test Loss: 0.0000, Test Accuracy: 0.9900, Energy: -2994091.5
Time taken:  2.022616386413574
Test Loss: 0.0000, Test Accuracy: 0.9900, Energy: -3016803.5
Time taken:  1.886308193206787
Test Loss: 0.0000, Test Accuracy: 0.9900, Energy: -3036916.5
Time taken:  2.0032150745391846
Test Loss: 0.0000, Test Accuracy: 0.9900, Energy: -3055656.25
Time taken:  1.8806283473968506
Test Loss: 0.0000, Test Accuracy: 0.9900, Energy: -3072433.5
Time taken:  1.9920654296875
Test Loss: 0.0000, Test Accuracy: 0.9900, Energy: -3086638.75
Time taken:  1.8375003337860107
Test Loss: 0.0000, Test Accuracy: 0.9900, Energy: -3100703.5
Time taken:  1.9260156154632568
Test Loss: 0.0000, Test Accuracy: 0.9900, Energy: -3113027.75
Time taken:  1.8389716148376465
Test Loss: 0.0000, Test Accuracy: 0.9900, Energy: -3125158.25
Time taken:  1.8592193126678467
Test Loss: 0.0000, Test Accuracy: 0.9900, Energy: -3135863.5
Time taken:  1.8611664772033691
Test Loss: 0.0000, Test Accuracy: 0.9900, Energy: -3146074.25
Time taken:  1.8828423023223877
Test Loss: 0.0000, Test Accuracy: 0.9900, Energy: -3154059.0
Time taken:  1.8961567878723145
Test Loss: 0.0000, Test Accuracy: 0.9900, Energy: -3161994.0
Time taken:  1.9404656887054443
Test Loss: 0.0000, Test Accuracy: 0.9900, Energy: -3169538.5
Time taken:  1.8178362846374512
Test Loss: 0.0000, Test Accuracy: 0.9900, Energy: -3175817.5
Time taken:  1.7953746318817139
Test Loss: 0.0000, Test Accuracy: 0.9900, Energy: -3181701.0
Time taken:  1.8496336936950684
Test Loss: 0.0000, Test Accuracy: 0.9900, Energy: -3187344.25
Time taken:  1.7918736934661865
Test Loss: 0.0000, Test Accuracy: 0.9900, Energy: -3192105.25
Time taken:  1.863379716873169
Test Loss: 0.0000, Test Accuracy: 0.9900, Energy: -3197143.5
Time taken:  1.965463638305664
Test Loss: 0.0000, Test Accuracy: 0.9900, Energy: -3201167.0
Time taken:  1.922797679901123
Test Loss: 0.0000, Test Accuracy: 0.9900, Energy: -3205213.0
Time taken:  1.9937341213226318
Test Loss: 0.0000, Test Accuracy: 0.9900, Energy: -3208571.0
Time taken:  1.9079411029815674
Test Loss: 0.0000, Test Accuracy: 0.9900, Energy: -3210766.0
Time taken:  1.8834009170532227
Test Loss: 0.0000, Test Accuracy: 0.9900, Energy: -3213466.5
Time taken:  1.9472174644470215
Test Loss: 0.0000, Test Accuracy: 0.9900, Energy: -3216001.5
Time taken:  1.8844525814056396
Test Loss: 0.0000, Test Accuracy: 0.9900, Energy: -3218319.25
Time taken:  1.9291133880615234
Test Loss: 0.0000, Test Accuracy: 0.9900, Energy: -3220405.0
Time taken:  1.8818349838256836
Test Loss: 0.0000, Test Accuracy: 0.9900, Energy: -3222277.5
Time taken:  1.914257526397705
Test Loss: 0.0000, Test Accuracy: 0.9900, Energy: -3224110.75
Time taken:  1.8600003719329834
Test Loss: 0.0000, Test Accuracy: 0.9900, Energy: -3225484.75
Time taken:  1.9025793075561523
Test Loss: 0.0000, Test Accuracy: 0.9900, Energy: -3227000.5
Time taken:  1.7771649360656738
Test Loss: 0.0000, Test Accuracy: 0.9900, Energy: -3228114.0
Time taken:  1.814823865890503
Test Loss: 0.0000, Test Accuracy: 0.9900, Energy: -3229213.5
Time taken:  1.8294072151184082
Test Loss: 0.0000, Test Accuracy: 0.9900, Energy: -3230146.25
Time taken:  1.8454639911651611
Test Loss: 0.0000, Test Accuracy: 0.9900, Energy: -3231315.5
Time taken:  2.052339792251587
Test Loss: 0.0000, Test Accuracy: 0.9900, Energy: -3232105.0
Time taken:  1.8267889022827148
Test Loss: 0.0000, Test Accuracy: 0.9900, Energy: -3232832.0
Time taken:  1.8588345050811768
Test Loss: 0.0000, Test Accuracy: 0.9900, Energy: -3233701.0
Time taken:  1.8245460987091064
Test Loss: 0.0000, Test Accuracy: 0.9900, Energy: -3234257.75
Time taken:  1.8026113510131836
Test Loss: 0.0000, Test Accuracy: 0.9900, Energy: -3234847.0
Time taken:  1.8067638874053955
Test Loss: 0.0000, Test Accuracy: 0.9900, Energy: -3235444.5
Time taken:  1.892725944519043
Test Loss: 0.0000, Test Accuracy: 0.9900, Energy: -3235984.25
Time taken:  1.9542348384857178
Test Loss: 0.0000, Test Accuracy: 0.9900, Energy: -3236435.0
Time taken:  1.8538362979888916
Test Loss: 0.0000, Test Accuracy: 0.9900, Energy: -3236888.0
Time taken:  1.9499609470367432
Test Loss: 0.0000, Test Accuracy: 0.9900, Energy: -3237121.0
Time taken:  1.8846855163574219
Test Loss: 0.0000, Test Accuracy: 0.9900, Energy: -3237429.5
Time taken:  1.89835786819458
Test Loss: 0.0000, Test Accuracy: 0.9900, Energy: -3237732.0
Time taken:  1.8540968894958496
Test Loss: 0.0000, Test Accuracy: 0.9900, Energy: -3238070.25
Time taken:  1.8201608657836914
Test Loss: 0.0000, Test Accuracy: 0.9900, Energy: -3238310.0
Time taken:  1.7908058166503906
Test Loss: 0.0000, Test Accuracy: 0.9900, Energy: -3238501.0
Time taken:  1.8956809043884277
Test Loss: 0.0000, Test Accuracy: 0.9900, Energy: -3238691.0
Time taken:  1.9149377346038818
Test Loss: 0.0000, Test Accuracy: 0.9900, Energy: -3238893.5
Time taken:  2.0319066047668457
Test Loss: 0.0000, Test Accuracy: 0.9900, Energy: -3239047.5
Time taken:  1.9281117916107178
Test Loss: 0.0000, Test Accuracy: 0.9900, Energy: -3239312.0
Time taken:  1.9499680995941162
Test Loss: 0.0000, Test Accuracy: 0.9900, Energy: -3239467.25
Time taken:  1.8887510299682617
Test Loss: 0.0000, Test Accuracy: 0.9900, Energy: -3239573.75
Time taken:  1.8570513725280762
Test Loss: 0.0000, Test Accuracy: 0.9900, Energy: -3239705.5
Time taken:  1.8463993072509766
Test Loss: 0.0000, Test Accuracy: 0.9900, Energy: -3239818.75
Time taken:  1.9302802085876465
Test Loss: 0.0000, Test Accuracy: 0.9900, Energy: -3239892.5
Time taken:  1.8451943397521973
Test Loss: 0.0000, Test Accuracy: 0.9900, Energy: -3239986.5
Time taken:  1.9034223556518555
Test Loss: 0.0000, Test Accuracy: 0.9900, Energy: -3240062.75
Time taken:  1.8728220462799072
Test Loss: 0.0000, Test Accuracy: 0.9900, Energy: -3240112.5
Time taken:  1.8582348823547363
Test Loss: 0.0000, Test Accuracy: 0.9900, Energy: -3240166.5
Time taken:  1.880462408065796
Test Loss: 0.0000, Test Accuracy: 0.9900, Energy: -3240216.25
Time taken:  1.8959801197052002
Test Loss: 0.0000, Test Accuracy: 0.9900, Energy: -3240274.0
Time taken:  1.8633677959442139
Test Loss: 0.0000, Test Accuracy: 0.9900, Energy: -3240337.0
Time taken:  1.8412861824035645
Test Loss: 0.0000, Test Accuracy: 0.9900, Energy: -3240396.25
Time taken:  1.8798236846923828
Test Loss: 0.0000, Test Accuracy: 0.9900, Energy: -3240429.5
Time taken:  1.835709571838379
Test Loss: 0.0000, Test Accuracy: 0.9900, Energy: -3240460.0
Time taken:  1.9022562503814697
Test Loss: 0.0000, Test Accuracy: 0.9900, Energy: -3240495.0
Time taken:  1.9083471298217773
Test Loss: 0.0000, Test Accuracy: 0.9900, Energy: -3240534.5
Time taken:  1.8469181060791016
Test Loss: 0.0000, Test Accuracy: 0.9900, Energy: -3240555.5
Time taken:  1.7348744869232178
Test Loss: 0.0000, Test Accuracy: 0.9900, Energy: -3240566.75
Time taken:  1.3986124992370605
Final accuracies: [0.71, 1.0, 0.9966666666666667, 0.9966666666666667, 0.9966666666666667, 0.9966666666666667, 0.9966666666666667, 0.9966666666666667, 0.9966666666666667, 0.99, 0.99, 0.9933333333333333, 0.99, 0.99, 0.99, 0.99, 0.9933333333333333, 0.9933333333333333, 0.99, 0.99, 0.99, 0.99, 0.99, 0.99, 0.99, 0.99, 0.99, 0.99, 0.99, 0.99, 0.99, 0.99, 0.99, 0.99, 0.99, 0.99, 0.99, 0.99, 0.99, 0.99, 0.99, 0.99, 0.99, 0.99, 0.99, 0.99, 0.99, 0.99, 0.99, 0.99, 0.99, 0.99, 0.99, 0.99, 0.99, 0.99, 0.99, 0.99, 0.99, 0.99, 0.99, 0.99, 0.99, 0.99, 0.99, 0.99, 0.99, 0.99, 0.99, 0.99, 0.99, 0.99, 0.99, 0.99, 0.99, 0.99, 0.99, 0.99, 0.99, 0.99, 0.99, 0.99, 0.99, 0.99, 0.99, 0.99, 0.99, 0.99, 0.99, 0.99, 0.99, 0.99, 0.99, 0.99, 0.99, 0.99, 0.99, 0.99, 0.99, 0.99]
Final energies: [-1600.7918701171875, -73247.6953125, -398905.75, -695070.375, -955822.375, -1189744.625, -1395413.875, -1577848.75, -1739005.0, -1884614.75, -2012938.25, -2127610.5, -2230840.0, -2323133.75, -2406649.5, -2481162.25, -2549258.5, -2610935.5, -2667799.5, -2719671.5, -2766725.0, -2809587.0, -2848619.5, -2883762.25, -2916593.5, -2945556.5, -2969882.5, -2994091.5, -3016803.5, -3036916.5, -3055656.25, -3072433.5, -3086638.75, -3100703.5, -3113027.75, -3125158.25, -3135863.5, -3146074.25, -3154059.0, -3161994.0, -3169538.5, -3175817.5, -3181701.0, -3187344.25, -3192105.25, -3197143.5, -3201167.0, -3205213.0, -3208571.0, -3210766.0, -3213466.5, -3216001.5, -3218319.25, -3220405.0, -3222277.5, -3224110.75, -3225484.75, -3227000.5, -3228114.0, -3229213.5, -3230146.25, -3231315.5, -3232105.0, -3232832.0, -3233701.0, -3234257.75, -3234847.0, -3235444.5, -3235984.25, -3236435.0, -3236888.0, -3237121.0, -3237429.5, -3237732.0, -3238070.25, -3238310.0, -3238501.0, -3238691.0, -3238893.5, -3239047.5, -3239312.0, -3239467.25, -3239573.75, -3239705.5, -3239818.75, -3239892.5, -3239986.5, -3240062.75, -3240112.5, -3240166.5, -3240216.25, -3240274.0, -3240337.0, -3240396.25, -3240429.5, -3240460.0, -3240495.0, -3240534.5, -3240555.5, -3240566.75]
