Running with parameters: hidden=100, use_coupled=true, seed=42, lam=0.0, eta=1.0
Test Accuracy: 0.9633, Energy: -2.57
Time Taken:  12.874165773391724
Test Accuracy: 0.9733, Energy: -0.51
Time Taken:  12.861635684967041
Test Accuracy: 0.9733, Energy: 1.20
Time Taken:  12.923045635223389
Test Accuracy: 0.9733, Energy: 1.83
Time Taken:  12.943611860275269
Test Accuracy: 0.9733, Energy: 3.54
Time Taken:  12.858972072601318
Test Accuracy: 0.9733, Energy: 2.32
Time Taken:  12.883007526397705
Test Accuracy: 0.9733, Energy: 2.29
Time Taken:  12.880931615829468
Test Accuracy: 0.9733, Energy: 5.80
Time Taken:  12.895370483398438
Test Accuracy: 0.9733, Energy: 4.14
Time Taken:  12.884109258651733
Test Accuracy: 0.9733, Energy: 7.97
Time Taken:  12.89697551727295
Test Accuracy: 0.9733, Energy: 10.96
Time Taken:  12.898520469665527
Test Accuracy: 0.9667, Energy: 10.85
Time Taken:  12.975419282913208
Test Accuracy: 0.9667, Energy: 13.00
Time Taken:  12.93305253982544
Test Accuracy: 0.9633, Energy: 13.25
Time Taken:  12.87868332862854
Test Accuracy: 0.9633, Energy: 12.20
Time Taken:  12.877648830413818
Test Accuracy: 0.9633, Energy: 9.64
Time Taken:  12.889003276824951
Test Accuracy: 0.9633, Energy: 11.29
Time Taken:  12.894315242767334
Test Accuracy: 0.9633, Energy: 8.91
Time Taken:  12.874234437942505
Test Accuracy: 0.9733, Energy: 8.22
Time Taken:  12.892598390579224
Test Accuracy: 0.9733, Energy: 8.54
Time Taken:  12.935320854187012
Test Accuracy: 0.9733, Energy: 9.09
Time Taken:  12.875696897506714
Test Accuracy: 0.9733, Energy: 6.32
Time Taken:  12.863048553466797
Test Accuracy: 0.9733, Energy: 7.87
Time Taken:  12.906420230865479
Test Accuracy: 0.9767, Energy: 6.95
Time Taken:  12.885875701904297
Test Accuracy: 0.9767, Energy: 7.12
Time Taken:  12.887495756149292
Test Accuracy: 0.9667, Energy: 3.43
Time Taken:  12.884822368621826
Test Accuracy: 0.9667, Energy: 2.98
Time Taken:  12.912359237670898
Test Accuracy: 0.9667, Energy: 4.49
Time Taken:  12.936590909957886
Test Accuracy: 0.9700, Energy: 3.62
Time Taken:  12.876540899276733
Test Accuracy: 0.9700, Energy: 3.03
Time Taken:  12.866883039474487
Test Accuracy: 0.9700, Energy: 0.40
Time Taken:  12.91209864616394
Test Accuracy: 0.9700, Energy: 3.05
Time Taken:  12.903700113296509
Test Accuracy: 0.9700, Energy: 1.57
Time Taken:  12.895696878433228
Test Accuracy: 0.9733, Energy: 2.46
Time Taken:  12.914603471755981
Test Accuracy: 0.9733, Energy: 6.21
Time Taken:  12.871914863586426
Test Accuracy: 0.9733, Energy: 6.64
Time Taken:  12.959751844406128
Test Accuracy: 0.9733, Energy: 0.79
Time Taken:  12.860743284225464
Test Accuracy: 0.9733, Energy: -1.98
Time Taken:  12.880248785018921
Test Accuracy: 0.9733, Energy: -2.69
Time Taken:  12.8807954788208
Test Accuracy: 0.9733, Energy: 1.45
Time Taken:  12.892616510391235
Test Accuracy: 0.9733, Energy: -1.31
Time Taken:  12.883526086807251
Test Accuracy: 0.9733, Energy: 0.06
Time Taken:  12.899064779281616
Test Accuracy: 0.9733, Energy: -2.15
Time Taken:  12.89393162727356
Test Accuracy: 0.9733, Energy: -7.75
Time Taken:  12.927502632141113
Test Accuracy: 0.9733, Energy: -10.02
Time Taken:  12.876137018203735
Test Accuracy: 0.9767, Energy: -8.96
Time Taken:  12.885605335235596
Test Accuracy: 0.9767, Energy: -6.13
Time Taken:  12.882797002792358
Test Accuracy: 0.9767, Energy: -5.75
Time Taken:  12.912422180175781
Test Accuracy: 0.9767, Energy: -8.38
Time Taken:  12.88858699798584
Test Accuracy: 0.9800, Energy: -4.47
Time Taken:  12.940476894378662
Test Accuracy: 0.9800, Energy: -0.13
Time Taken:  12.887029886245728
Test Accuracy: 0.9800, Energy: -0.49
Time Taken:  12.914799690246582
Test Accuracy: 0.9800, Energy: 0.26
Time Taken:  12.864685297012329
Test Accuracy: 0.9800, Energy: -3.66
Time Taken:  12.895726680755615
Test Accuracy: 0.9800, Energy: -5.93
Time Taken:  12.888378620147705
Test Accuracy: 0.9800, Energy: -7.46
Time Taken:  12.88252878189087
Test Accuracy: 0.9800, Energy: -9.93
Time Taken:  12.896912813186646
Test Accuracy: 0.9800, Energy: -9.27
Time Taken:  12.89185643196106
Test Accuracy: 0.9767, Energy: -7.09
Time Taken:  12.955485820770264
Test Accuracy: 0.9800, Energy: -5.61
Time Taken:  12.85755729675293
Test Accuracy: 0.9733, Energy: -4.51
Time Taken:  12.863661289215088
Test Accuracy: 0.9767, Energy: 0.10
Time Taken:  12.86639952659607
Test Accuracy: 0.9767, Energy: 1.66
Time Taken:  12.895965099334717
Test Accuracy: 0.9767, Energy: 4.05
Time Taken:  12.875712156295776
Test Accuracy: 0.9733, Energy: 2.32
Time Taken:  12.888586521148682
Test Accuracy: 0.9767, Energy: 0.72
Time Taken:  12.887426614761353
Test Accuracy: 0.9767, Energy: -2.04
Time Taken:  12.922541379928589
Test Accuracy: 0.9767, Energy: -7.07
Time Taken:  12.873745918273926
Test Accuracy: 0.9767, Energy: -9.54
Time Taken:  12.887747764587402
Test Accuracy: 0.9767, Energy: -7.98
Time Taken:  12.882757425308228
Test Accuracy: 0.9767, Energy: -9.92
Time Taken:  12.891362428665161
Test Accuracy: 0.9767, Energy: -9.80
Time Taken:  12.900372982025146
Test Accuracy: 0.9767, Energy: -7.44
Time Taken:  12.90144944190979
Test Accuracy: 0.9767, Energy: -3.82
Time Taken:  12.898977279663086
Test Accuracy: 0.9767, Energy: -1.29
Time Taken:  12.927926540374756
Test Accuracy: 0.9767, Energy: -6.51
Time Taken:  12.857838153839111
Test Accuracy: 0.9800, Energy: -7.28
Time Taken:  12.882428646087646
Test Accuracy: 0.9800, Energy: -11.93
Time Taken:  12.883355855941772
Test Accuracy: 0.9800, Energy: -11.20
Time Taken:  12.89699673652649
Test Accuracy: 0.9800, Energy: -10.84
Time Taken:  12.891546726226807
Test Accuracy: 0.9800, Energy: -12.78
Time Taken:  12.88345742225647
Test Accuracy: 0.9800, Energy: -11.50
Time Taken:  12.892105102539062
Test Accuracy: 0.9800, Energy: -8.75
Time Taken:  12.93340802192688
Test Accuracy: 0.9800, Energy: -13.64
Time Taken:  12.855061292648315
Test Accuracy: 0.9800, Energy: -11.14
Time Taken:  12.884324789047241
Test Accuracy: 0.9800, Energy: -14.90
Time Taken:  12.891987800598145
Test Accuracy: 0.9800, Energy: -12.66
Time Taken:  12.869104385375977
Test Accuracy: 0.9800, Energy: -8.51
Time Taken:  12.885582685470581
Test Accuracy: 0.9833, Energy: -8.64
Time Taken:  12.904763460159302
Test Accuracy: 0.9833, Energy: -8.63
Time Taken:  12.883261680603027
Test Accuracy: 0.9833, Energy: -7.64
Time Taken:  12.949373722076416
Test Accuracy: 0.9767, Energy: -7.21
Time Taken:  12.876027584075928
Test Accuracy: 0.9800, Energy: -8.80
Time Taken:  12.892744064331055
Test Accuracy: 0.9800, Energy: -4.92
Time Taken:  12.891156673431396
Test Accuracy: 0.9800, Energy: -7.83
Time Taken:  12.907034397125244
Test Accuracy: 0.9800, Energy: -6.50
Time Taken:  12.885117292404175
Test Accuracy: 0.9800, Energy: -7.89
Time Taken:  12.893759489059448
Test Accuracy: 0.9800, Energy: -4.07
Time Taken:  12.89624285697937
Test Accuracy: 0.9800, Energy: -5.73
Time Taken:  12.909224510192871
Test Accuracy: 0.9800, Energy: -5.82
Time Taken:  12.864071130752563
Final accuracies: [0.9633333333333334, 0.9733333333333334, 0.9733333333333334, 0.9733333333333334, 0.9733333333333334, 0.9733333333333334, 0.9733333333333334, 0.9733333333333334, 0.9733333333333334, 0.9733333333333334, 0.9733333333333334, 0.9666666666666667, 0.9666666666666667, 0.9633333333333334, 0.9633333333333334, 0.9633333333333334, 0.9633333333333334, 0.9633333333333334, 0.9733333333333334, 0.9733333333333334, 0.9733333333333334, 0.9733333333333334, 0.9733333333333334, 0.9766666666666667, 0.9766666666666667, 0.9666666666666667, 0.9666666666666667, 0.9666666666666667, 0.97, 0.97, 0.97, 0.97, 0.97, 0.9733333333333334, 0.9733333333333334, 0.9733333333333334, 0.9733333333333334, 0.9733333333333334, 0.9733333333333334, 0.9733333333333334, 0.9733333333333334, 0.9733333333333334, 0.9733333333333334, 0.9733333333333334, 0.9733333333333334, 0.9766666666666667, 0.9766666666666667, 0.9766666666666667, 0.9766666666666667, 0.98, 0.98, 0.98, 0.98, 0.98, 0.98, 0.98, 0.98, 0.98, 0.9766666666666667, 0.98, 0.9733333333333334, 0.9766666666666667, 0.9766666666666667, 0.9766666666666667, 0.9733333333333334, 0.9766666666666667, 0.9766666666666667, 0.9766666666666667, 0.9766666666666667, 0.9766666666666667, 0.9766666666666667, 0.9766666666666667, 0.9766666666666667, 0.9766666666666667, 0.9766666666666667, 0.9766666666666667, 0.98, 0.98, 0.98, 0.98, 0.98, 0.98, 0.98, 0.98, 0.98, 0.98, 0.98, 0.98, 0.9833333333333333, 0.9833333333333333, 0.9833333333333333, 0.9766666666666667, 0.98, 0.98, 0.98, 0.98, 0.98, 0.98, 0.98, 0.98]
Final energies: [-2.574594259262085, -0.5140777230262756, 1.1955435276031494, 1.8338651657104492, 3.539478063583374, 2.3223459720611572, 2.288503408432007, 5.803823947906494, 4.138880252838135, 7.9686737060546875, 10.957448959350586, 10.85239315032959, 12.997491836547852, 13.251280784606934, 12.201685905456543, 9.643927574157715, 11.291305541992188, 8.90823745727539, 8.221577644348145, 8.535313606262207, 9.090328216552734, 6.322628498077393, 7.867647171020508, 6.95072078704834, 7.115533828735352, 3.431349277496338, 2.9800026416778564, 4.485809803009033, 3.6238858699798584, 3.026590347290039, 0.3977126181125641, 3.0482137203216553, 1.573911428451538, 2.4616878032684326, 6.205901145935059, 6.644056797027588, 0.7882289290428162, -1.9792200326919556, -2.6866002082824707, 1.453728437423706, -1.3117306232452393, 0.058071911334991455, -2.1500837802886963, -7.749783992767334, -10.016148567199707, -8.96328353881836, -6.134001731872559, -5.7520952224731445, -8.37728214263916, -4.470788955688477, -0.13336563110351562, -0.49252450466156006, 0.2612982392311096, -3.658644914627075, -5.929547309875488, -7.4649834632873535, -9.932474136352539, -9.274909019470215, -7.085709571838379, -5.612989902496338, -4.5148844718933105, 0.1046893298625946, 1.6552132368087769, 4.047287940979004, 2.3182334899902344, 0.7174657583236694, -2.0407638549804688, -7.073464870452881, -9.541780471801758, -7.975338935852051, -9.917312622070312, -9.798481941223145, -7.436201095581055, -3.8234291076660156, -1.287839651107788, -6.507281303405762, -7.275057315826416, -11.93486213684082, -11.19875431060791, -10.840680122375488, -12.784077644348145, -11.495721817016602, -8.751484870910645, -13.640605926513672, -11.13503646850586, -14.904956817626953, -12.661620140075684, -8.512344360351562, -8.636357307434082, -8.632957458496094, -7.638522148132324, -7.208044528961182, -8.796347618103027, -4.923439025878906, -7.826767921447754, -6.497626304626465, -7.888978481292725, -4.069612503051758, -5.733520984649658, -5.816135406494141]
