Running with parameters: hidden=100, use_coupled=true, seed=71, lam=0.0, eta=1.0
Test Accuracy: 0.9433, Energy: 11.95
Time Taken:  12.738861560821533
Test Accuracy: 0.9433, Energy: 14.58
Time Taken:  12.728805780410767
Test Accuracy: 0.9467, Energy: 12.05
Time Taken:  12.767141342163086
Test Accuracy: 0.9433, Energy: 18.55
Time Taken:  12.82710337638855
Test Accuracy: 0.9433, Energy: 21.39
Time Taken:  12.752971649169922
Test Accuracy: 0.9400, Energy: 16.85
Time Taken:  12.753275156021118
Test Accuracy: 0.9367, Energy: 17.71
Time Taken:  12.775490760803223
Test Accuracy: 0.9467, Energy: 11.23
Time Taken:  12.78050947189331
Test Accuracy: 0.9433, Energy: 13.13
Time Taken:  12.78038215637207
Test Accuracy: 0.9433, Energy: 16.05
Time Taken:  12.776464700698853
Test Accuracy: 0.9433, Energy: 15.56
Time Taken:  12.791873216629028
Test Accuracy: 0.9433, Energy: 16.62
Time Taken:  12.844748497009277
Test Accuracy: 0.9433, Energy: 16.53
Time Taken:  12.754836559295654
Test Accuracy: 0.9433, Energy: 17.91
Time Taken:  12.76286768913269
Test Accuracy: 0.9567, Energy: 17.93
Time Taken:  12.772376537322998
Test Accuracy: 0.9600, Energy: 15.35
Time Taken:  12.790641069412231
Test Accuracy: 0.9500, Energy: 15.65
Time Taken:  12.793745040893555
Test Accuracy: 0.9500, Energy: 15.09
Time Taken:  12.77841854095459
Test Accuracy: 0.9467, Energy: 11.22
Time Taken:  12.791187286376953
Test Accuracy: 0.9433, Energy: 8.05
Time Taken:  12.8423433303833
Test Accuracy: 0.9433, Energy: 8.94
Time Taken:  12.745633602142334
Test Accuracy: 0.9567, Energy: 7.89
Time Taken:  12.74914264678955
Test Accuracy: 0.9567, Energy: 7.10
Time Taken:  12.756807565689087
Test Accuracy: 0.9567, Energy: 6.85
Time Taken:  12.77530026435852
Test Accuracy: 0.9567, Energy: 2.98
Time Taken:  12.770727634429932
Test Accuracy: 0.9567, Energy: 1.25
Time Taken:  12.774013042449951
Test Accuracy: 0.9567, Energy: 0.84
Time Taken:  12.783540964126587
Test Accuracy: 0.9600, Energy: 3.34
Time Taken:  12.816082954406738
Test Accuracy: 0.9500, Energy: 1.31
Time Taken:  12.742672681808472
Test Accuracy: 0.9500, Energy: 1.36
Time Taken:  12.751409530639648
Test Accuracy: 0.9600, Energy: -0.28
Time Taken:  12.778813362121582
Test Accuracy: 0.9500, Energy: -0.19
Time Taken:  12.77608036994934
Test Accuracy: 0.9500, Energy: -0.68
Time Taken:  12.762605905532837
Test Accuracy: 0.9533, Energy: -0.51
Time Taken:  12.769190788269043
Test Accuracy: 0.9533, Energy: 3.86
Time Taken:  12.77595853805542
Test Accuracy: 0.9533, Energy: 9.28
Time Taken:  12.81813931465149
Test Accuracy: 0.9533, Energy: 9.38
Time Taken:  12.751973628997803
Test Accuracy: 0.9533, Energy: 5.32
Time Taken:  12.758621215820312
Test Accuracy: 0.9533, Energy: 7.02
Time Taken:  12.776627779006958
Test Accuracy: 0.9533, Energy: 8.19
Time Taken:  12.780258178710938
Test Accuracy: 0.9533, Energy: 7.36
Time Taken:  12.764320135116577
Test Accuracy: 0.9567, Energy: 6.05
Time Taken:  12.784072637557983
Test Accuracy: 0.9567, Energy: 7.89
Time Taken:  12.782814741134644
Test Accuracy: 0.9567, Energy: 14.80
Time Taken:  12.806654930114746
Test Accuracy: 0.9567, Energy: 10.59
Time Taken:  12.736894845962524
Test Accuracy: 0.9567, Energy: 9.78
Time Taken:  12.78262996673584
Test Accuracy: 0.9567, Energy: 6.23
Time Taken:  12.784560918807983
Test Accuracy: 0.9633, Energy: 1.26
Time Taken:  12.767527103424072
Test Accuracy: 0.9633, Energy: 0.36
Time Taken:  12.773998260498047
Test Accuracy: 0.9633, Energy: -2.60
Time Taken:  12.787338495254517
Test Accuracy: 0.9633, Energy: -1.64
Time Taken:  12.780287504196167
Test Accuracy: 0.9633, Energy: 1.19
Time Taken:  12.819512605667114
Test Accuracy: 0.9633, Energy: -1.17
Time Taken:  12.758766412734985
Test Accuracy: 0.9533, Energy: -2.05
Time Taken:  12.757113933563232
Test Accuracy: 0.9533, Energy: -3.66
Time Taken:  12.765843152999878
Test Accuracy: 0.9533, Energy: -0.29
Time Taken:  12.782712936401367
Test Accuracy: 0.9533, Energy: 1.33
Time Taken:  12.79145359992981
Test Accuracy: 0.9533, Energy: 0.83
Time Taken:  12.799402236938477
Test Accuracy: 0.9533, Energy: 1.26
Time Taken:  12.83938455581665
Test Accuracy: 0.9533, Energy: 2.17
Time Taken:  12.76170301437378
Test Accuracy: 0.9533, Energy: 6.73
Time Taken:  12.766510248184204
Test Accuracy: 0.9633, Energy: 4.73
Time Taken:  12.789018630981445
Test Accuracy: 0.9633, Energy: 4.80
Time Taken:  12.785121440887451
Test Accuracy: 0.9633, Energy: 1.90
Time Taken:  12.773569822311401
Test Accuracy: 0.9633, Energy: -3.99
Time Taken:  12.784745454788208
Test Accuracy: 0.9633, Energy: 0.44
Time Taken:  12.787375926971436
Test Accuracy: 0.9633, Energy: 3.87
Time Taken:  12.831134796142578
Test Accuracy: 0.9633, Energy: 7.63
Time Taken:  12.740833520889282
Test Accuracy: 0.9633, Energy: 8.33
Time Taken:  12.747533559799194
Test Accuracy: 0.9633, Energy: 11.61
Time Taken:  12.779225587844849
Test Accuracy: 0.9633, Energy: 8.51
Time Taken:  12.779805898666382
Test Accuracy: 0.9633, Energy: 10.46
Time Taken:  12.771047353744507
Test Accuracy: 0.9633, Energy: 7.98
Time Taken:  12.795243501663208
Test Accuracy: 0.9633, Energy: 14.13
Time Taken:  12.791978359222412
Test Accuracy: 0.9633, Energy: 13.47
Time Taken:  12.82865285873413
Test Accuracy: 0.9633, Energy: 13.03
Time Taken:  12.74399185180664
Test Accuracy: 0.9633, Energy: 11.22
Time Taken:  12.767316818237305
Test Accuracy: 0.9633, Energy: 13.30
Time Taken:  12.92664623260498
Test Accuracy: 0.9633, Energy: 13.88
Time Taken:  12.774768590927124
Test Accuracy: 0.9600, Energy: 13.92
Time Taken:  12.778745412826538
Test Accuracy: 0.9600, Energy: 9.88
Time Taken:  12.771936178207397
Test Accuracy: 0.9600, Energy: 6.25
Time Taken:  12.77189016342163
Test Accuracy: 0.9600, Energy: 8.76
Time Taken:  12.81028938293457
Test Accuracy: 0.9600, Energy: 6.26
Time Taken:  12.738973140716553
Test Accuracy: 0.9600, Energy: 3.23
Time Taken:  12.759808540344238
Test Accuracy: 0.9600, Energy: 4.74
Time Taken:  12.791590452194214
Test Accuracy: 0.9600, Energy: 3.31
Time Taken:  12.776089668273926
Test Accuracy: 0.9600, Energy: 2.03
Time Taken:  12.768325090408325
Test Accuracy: 0.9633, Energy: 3.18
Time Taken:  12.774444341659546
Test Accuracy: 0.9533, Energy: 4.10
Time Taken:  12.76139211654663
Test Accuracy: 0.9533, Energy: 9.10
Time Taken:  12.795637369155884
Test Accuracy: 0.9667, Energy: 12.04
Time Taken:  12.73855447769165
Test Accuracy: 0.9667, Energy: 10.70
Time Taken:  12.786337852478027
Test Accuracy: 0.9633, Energy: 12.66
Time Taken:  12.774775266647339
Test Accuracy: 0.9667, Energy: 9.75
Time Taken:  12.757136106491089
Test Accuracy: 0.9700, Energy: 5.74
Time Taken:  12.769388198852539
Test Accuracy: 0.9700, Energy: 3.55
Time Taken:  12.774433135986328
Test Accuracy: 0.9700, Energy: 1.25
Time Taken:  12.751154661178589
Test Accuracy: 0.9700, Energy: 1.52
Time Taken:  12.804523468017578
Test Accuracy: 0.9700, Energy: 3.73
Time Taken:  12.746254444122314
Final accuracies: [0.9433333333333334, 0.9433333333333334, 0.9466666666666667, 0.9433333333333334, 0.9433333333333334, 0.94, 0.9366666666666666, 0.9466666666666667, 0.9433333333333334, 0.9433333333333334, 0.9433333333333334, 0.9433333333333334, 0.9433333333333334, 0.9433333333333334, 0.9566666666666667, 0.96, 0.95, 0.95, 0.9466666666666667, 0.9433333333333334, 0.9433333333333334, 0.9566666666666667, 0.9566666666666667, 0.9566666666666667, 0.9566666666666667, 0.9566666666666667, 0.9566666666666667, 0.96, 0.95, 0.95, 0.96, 0.95, 0.95, 0.9533333333333334, 0.9533333333333334, 0.9533333333333334, 0.9533333333333334, 0.9533333333333334, 0.9533333333333334, 0.9533333333333334, 0.9533333333333334, 0.9566666666666667, 0.9566666666666667, 0.9566666666666667, 0.9566666666666667, 0.9566666666666667, 0.9566666666666667, 0.9633333333333334, 0.9633333333333334, 0.9633333333333334, 0.9633333333333334, 0.9633333333333334, 0.9633333333333334, 0.9533333333333334, 0.9533333333333334, 0.9533333333333334, 0.9533333333333334, 0.9533333333333334, 0.9533333333333334, 0.9533333333333334, 0.9533333333333334, 0.9633333333333334, 0.9633333333333334, 0.9633333333333334, 0.9633333333333334, 0.9633333333333334, 0.9633333333333334, 0.9633333333333334, 0.9633333333333334, 0.9633333333333334, 0.9633333333333334, 0.9633333333333334, 0.9633333333333334, 0.9633333333333334, 0.9633333333333334, 0.9633333333333334, 0.9633333333333334, 0.9633333333333334, 0.9633333333333334, 0.96, 0.96, 0.96, 0.96, 0.96, 0.96, 0.96, 0.96, 0.96, 0.9633333333333334, 0.9533333333333334, 0.9533333333333334, 0.9666666666666667, 0.9666666666666667, 0.9633333333333334, 0.9666666666666667, 0.97, 0.97, 0.97, 0.97, 0.97]
Final energies: [11.951033592224121, 14.58147144317627, 12.0478515625, 18.552799224853516, 21.38632583618164, 16.853439331054688, 17.712430953979492, 11.23440170288086, 13.127492904663086, 16.053857803344727, 15.555105209350586, 16.62299346923828, 16.528717041015625, 17.909170150756836, 17.92688751220703, 15.345839500427246, 15.654179573059082, 15.086507797241211, 11.216572761535645, 8.053590774536133, 8.940047264099121, 7.892784118652344, 7.096095561981201, 6.8539042472839355, 2.981710910797119, 1.254953384399414, 0.8366429805755615, 3.335728406906128, 1.3101346492767334, 1.364885687828064, -0.2807313799858093, -0.18637457489967346, -0.677745521068573, -0.5149334669113159, 3.85853910446167, 9.277565956115723, 9.382899284362793, 5.316701412200928, 7.018043518066406, 8.190303802490234, 7.356775283813477, 6.052935600280762, 7.890803813934326, 14.799286842346191, 10.586249351501465, 9.777749061584473, 6.2262163162231445, 1.26386559009552, 0.36388829350471497, -2.595418691635132, -1.642390489578247, 1.1855722665786743, -1.1739909648895264, -2.050682544708252, -3.6604721546173096, -0.2941493093967438, 1.3266444206237793, 0.8294808864593506, 1.2555830478668213, 2.17492413520813, 6.729979991912842, 4.726861000061035, 4.796278476715088, 1.8992631435394287, -3.986238479614258, 0.4412021338939667, 3.866163730621338, 7.632794380187988, 8.333011627197266, 11.612028121948242, 8.512277603149414, 10.461446762084961, 7.9777936935424805, 14.125645637512207, 13.465435028076172, 13.032612800598145, 11.217287063598633, 13.302496910095215, 13.880327224731445, 13.923529624938965, 9.884766578674316, 6.252619743347168, 8.76420783996582, 6.262548446655273, 3.228952407836914, 4.741634845733643, 3.3078272342681885, 2.0323917865753174, 3.1764261722564697, 4.101478576660156, 9.10268497467041, 12.043335914611816, 10.704580307006836, 12.655139923095703, 9.752927780151367, 5.736949443817139, 3.550492763519287, 1.2508668899536133, 1.5184829235076904, 3.7275612354278564]
