Running with parameters: hidden=100, use_coupled=true, seed=37, lam=0.0, eta=1.0
Test Accuracy: 0.9900, Energy: 2.12
Time Taken:  12.756675243377686
Test Accuracy: 0.9900, Energy: 2.52
Time Taken:  12.729215860366821
Test Accuracy: 0.9900, Energy: 6.39
Time Taken:  12.743234634399414
Test Accuracy: 0.9900, Energy: 8.12
Time Taken:  12.815113306045532
Test Accuracy: 0.9867, Energy: 5.96
Time Taken:  12.735730409622192
Test Accuracy: 0.9867, Energy: 7.16
Time Taken:  12.743438959121704
Test Accuracy: 0.9900, Energy: 4.77
Time Taken:  12.761178970336914
Test Accuracy: 0.9900, Energy: 3.89
Time Taken:  12.766212224960327
Test Accuracy: 0.9900, Energy: 3.95
Time Taken:  12.765356302261353
Test Accuracy: 0.9867, Energy: 7.07
Time Taken:  12.765257358551025
Test Accuracy: 0.9867, Energy: 3.16
Time Taken:  12.779412984848022
Test Accuracy: 0.9900, Energy: 2.23
Time Taken:  12.820103168487549
Test Accuracy: 0.9900, Energy: 2.57
Time Taken:  12.750477313995361
Test Accuracy: 0.9900, Energy: 1.29
Time Taken:  12.75268292427063
Test Accuracy: 0.9933, Energy: 4.94
Time Taken:  12.773624897003174
Test Accuracy: 0.9933, Energy: 2.44
Time Taken:  12.783686399459839
Test Accuracy: 0.9933, Energy: 1.33
Time Taken:  12.782448291778564
Test Accuracy: 0.9900, Energy: 1.58
Time Taken:  12.776676416397095
Test Accuracy: 0.9867, Energy: 2.50
Time Taken:  12.772659063339233
Test Accuracy: 0.9933, Energy: 3.17
Time Taken:  12.81331181526184
Test Accuracy: 0.9933, Energy: 1.91
Time Taken:  12.754598379135132
Test Accuracy: 0.9933, Energy: 1.44
Time Taken:  12.76250696182251
Test Accuracy: 0.9933, Energy: -3.11
Time Taken:  12.756855249404907
Test Accuracy: 0.9933, Energy: -3.14
Time Taken:  12.782104730606079
Test Accuracy: 0.9900, Energy: -5.51
Time Taken:  12.777766704559326
Test Accuracy: 0.9900, Energy: -4.02
Time Taken:  12.772300481796265
Test Accuracy: 0.9900, Energy: -1.92
Time Taken:  12.779240131378174
Test Accuracy: 0.9900, Energy: -2.28
Time Taken:  12.78775668144226
Test Accuracy: 0.9900, Energy: -1.98
Time Taken:  12.737376689910889
Test Accuracy: 0.9933, Energy: -3.32
Time Taken:  12.759203672409058
Test Accuracy: 0.9933, Energy: -3.60
Time Taken:  12.76054048538208
Test Accuracy: 0.9900, Energy: -4.69
Time Taken:  12.766237258911133
Test Accuracy: 0.9967, Energy: -0.86
Time Taken:  12.757607460021973
Test Accuracy: 0.9967, Energy: 0.61
Time Taken:  12.774162769317627
Test Accuracy: 0.9967, Energy: 1.54
Time Taken:  12.768974304199219
Test Accuracy: 0.9967, Energy: -2.56
Time Taken:  12.797507524490356
Test Accuracy: 0.9967, Energy: -6.99
Time Taken:  12.764291286468506
Test Accuracy: 0.9967, Energy: -5.65
Time Taken:  12.762184619903564
Test Accuracy: 0.9967, Energy: -7.35
Time Taken:  12.766633749008179
Test Accuracy: 0.9967, Energy: -7.48
Time Taken:  12.788463830947876
Test Accuracy: 0.9933, Energy: -7.49
Time Taken:  12.766463041305542
Test Accuracy: 0.9933, Energy: -11.07
Time Taken:  12.770116567611694
Test Accuracy: 0.9900, Energy: -11.45
Time Taken:  12.797494173049927
Test Accuracy: 0.9900, Energy: -11.71
Time Taken:  12.795186519622803
Test Accuracy: 0.9900, Energy: -10.55
Time Taken:  12.758594989776611
Test Accuracy: 0.9900, Energy: -7.91
Time Taken:  12.787214994430542
Test Accuracy: 0.9900, Energy: -8.35
Time Taken:  12.782665252685547
Test Accuracy: 0.9900, Energy: -10.90
Time Taken:  12.769942998886108
Test Accuracy: 0.9900, Energy: -15.40
Time Taken:  12.777727603912354
Test Accuracy: 0.9900, Energy: -18.07
Time Taken:  12.805185556411743
Test Accuracy: 0.9867, Energy: -17.41
Time Taken:  12.775153875350952
Test Accuracy: 0.9933, Energy: -16.69
Time Taken:  12.798682451248169
Test Accuracy: 0.9900, Energy: -16.64
Time Taken:  12.732942819595337
Test Accuracy: 0.9900, Energy: -19.57
Time Taken:  12.752861022949219
Test Accuracy: 0.9900, Energy: -18.44
Time Taken:  12.768590211868286
Test Accuracy: 0.9900, Energy: -17.02
Time Taken:  12.773802995681763
Test Accuracy: 0.9900, Energy: -17.90
Time Taken:  12.788128852844238
Test Accuracy: 0.9900, Energy: -19.18
Time Taken:  12.789388179779053
Test Accuracy: 0.9900, Energy: -20.18
Time Taken:  12.813810586929321
Test Accuracy: 0.9900, Energy: -20.38
Time Taken:  12.749279499053955
Test Accuracy: 0.9900, Energy: -20.36
Time Taken:  12.766740798950195
Test Accuracy: 0.9900, Energy: -18.98
Time Taken:  12.770373821258545
Test Accuracy: 0.9867, Energy: -18.93
Time Taken:  12.76736307144165
Test Accuracy: 0.9867, Energy: -16.87
Time Taken:  12.764911890029907
Test Accuracy: 0.9800, Energy: -15.29
Time Taken:  12.775259494781494
Test Accuracy: 0.9800, Energy: -11.90
Time Taken:  12.784979104995728
Test Accuracy: 0.9800, Energy: -11.63
Time Taken:  12.814703702926636
Test Accuracy: 0.9800, Energy: -11.93
Time Taken:  12.745818138122559
Test Accuracy: 0.9800, Energy: -12.81
Time Taken:  12.743933916091919
Test Accuracy: 0.9800, Energy: -16.58
Time Taken:  12.765912294387817
Test Accuracy: 0.9833, Energy: -16.06
Time Taken:  12.7605140209198
Test Accuracy: 0.9833, Energy: -16.38
Time Taken:  12.763684749603271
Test Accuracy: 0.9833, Energy: -15.32
Time Taken:  12.790406465530396
Test Accuracy: 0.9800, Energy: -13.33
Time Taken:  12.781752586364746
Test Accuracy: 0.9767, Energy: -12.17
Time Taken:  12.811784505844116
Test Accuracy: 0.9767, Energy: -17.16
Time Taken:  12.748248100280762
Test Accuracy: 0.9767, Energy: -18.01
Time Taken:  12.759856700897217
Test Accuracy: 0.9733, Energy: -21.24
Time Taken:  12.777175188064575
Test Accuracy: 0.9767, Energy: -18.91
Time Taken:  12.77002763748169
Test Accuracy: 0.9767, Energy: -20.73
Time Taken:  12.767660140991211
Test Accuracy: 0.9767, Energy: -19.61
Time Taken:  12.801725387573242
Test Accuracy: 0.9800, Energy: -17.20
Time Taken:  12.780096769332886
Test Accuracy: 0.9833, Energy: -20.70
Time Taken:  12.806597232818604
Test Accuracy: 0.9867, Energy: -18.76
Time Taken:  12.738799333572388
Test Accuracy: 0.9767, Energy: -18.78
Time Taken:  12.75471830368042
Test Accuracy: 0.9767, Energy: -18.39
Time Taken:  12.790589809417725
Test Accuracy: 0.9800, Energy: -16.22
Time Taken:  12.785969734191895
Test Accuracy: 0.9800, Energy: -14.56
Time Taken:  12.790027856826782
Test Accuracy: 0.9800, Energy: -16.02
Time Taken:  12.793526411056519
Test Accuracy: 0.9800, Energy: -18.64
Time Taken:  12.759075164794922
Test Accuracy: 0.9800, Energy: -20.81
Time Taken:  12.796893119812012
Test Accuracy: 0.9833, Energy: -17.55
Time Taken:  12.77358078956604
Test Accuracy: 0.9800, Energy: -19.24
Time Taken:  12.797341585159302
Test Accuracy: 0.9767, Energy: -18.58
Time Taken:  12.773563861846924
Test Accuracy: 0.9800, Energy: -17.58
Time Taken:  12.769794702529907
Test Accuracy: 0.9800, Energy: -20.26
Time Taken:  12.791953086853027
Test Accuracy: 0.9767, Energy: -19.97
Time Taken:  12.771284341812134
Test Accuracy: 0.9767, Energy: -23.10
Time Taken:  12.777839422225952
Test Accuracy: 0.9767, Energy: -25.21
Time Taken:  12.79502248764038
Test Accuracy: 0.9767, Energy: -26.48
Time Taken:  12.751962184906006
Final accuracies: [0.99, 0.99, 0.99, 0.99, 0.9866666666666667, 0.9866666666666667, 0.99, 0.99, 0.99, 0.9866666666666667, 0.9866666666666667, 0.99, 0.99, 0.99, 0.9933333333333333, 0.9933333333333333, 0.9933333333333333, 0.99, 0.9866666666666667, 0.9933333333333333, 0.9933333333333333, 0.9933333333333333, 0.9933333333333333, 0.9933333333333333, 0.99, 0.99, 0.99, 0.99, 0.99, 0.9933333333333333, 0.9933333333333333, 0.99, 0.9966666666666667, 0.9966666666666667, 0.9966666666666667, 0.9966666666666667, 0.9966666666666667, 0.9966666666666667, 0.9966666666666667, 0.9966666666666667, 0.9933333333333333, 0.9933333333333333, 0.99, 0.99, 0.99, 0.99, 0.99, 0.99, 0.99, 0.99, 0.9866666666666667, 0.9933333333333333, 0.99, 0.99, 0.99, 0.99, 0.99, 0.99, 0.99, 0.99, 0.99, 0.99, 0.9866666666666667, 0.9866666666666667, 0.98, 0.98, 0.98, 0.98, 0.98, 0.98, 0.9833333333333333, 0.9833333333333333, 0.9833333333333333, 0.98, 0.9766666666666667, 0.9766666666666667, 0.9766666666666667, 0.9733333333333334, 0.9766666666666667, 0.9766666666666667, 0.9766666666666667, 0.98, 0.9833333333333333, 0.9866666666666667, 0.9766666666666667, 0.9766666666666667, 0.98, 0.98, 0.98, 0.98, 0.98, 0.9833333333333333, 0.98, 0.9766666666666667, 0.98, 0.98, 0.9766666666666667, 0.9766666666666667, 0.9766666666666667, 0.9766666666666667]
Final energies: [2.1199278831481934, 2.5190255641937256, 6.388716697692871, 8.120124816894531, 5.961697578430176, 7.1627631187438965, 4.773338794708252, 3.887073278427124, 3.9460911750793457, 7.065972805023193, 3.1616318225860596, 2.23435640335083, 2.5691778659820557, 1.2886028289794922, 4.942470550537109, 2.443117618560791, 1.3334110975265503, 1.5823041200637817, 2.5013763904571533, 3.1710076332092285, 1.9100008010864258, 1.4415594339370728, -3.1067068576812744, -3.1420817375183105, -5.514975070953369, -4.024725437164307, -1.9215952157974243, -2.277017116546631, -1.9824347496032715, -3.317091226577759, -3.597489833831787, -4.687637805938721, -0.8585198521614075, 0.6099025011062622, 1.5427677631378174, -2.562598943710327, -6.992666721343994, -5.64900541305542, -7.3543620109558105, -7.480354309082031, -7.494995594024658, -11.072610855102539, -11.446280479431152, -11.713809967041016, -10.554298400878906, -7.9071502685546875, -8.346280097961426, -10.898703575134277, -15.396711349487305, -18.066871643066406, -17.409107208251953, -16.688488006591797, -16.643070220947266, -19.57230567932129, -18.435272216796875, -17.017183303833008, -17.901336669921875, -19.183700561523438, -20.184734344482422, -20.382009506225586, -20.35774803161621, -18.98105812072754, -18.929288864135742, -16.86590003967285, -15.29049015045166, -11.902754783630371, -11.626413345336914, -11.925030708312988, -12.806392669677734, -16.57501983642578, -16.059419631958008, -16.379802703857422, -15.319963455200195, -13.326705932617188, -12.16894245147705, -17.159456253051758, -18.009567260742188, -21.236576080322266, -18.905622482299805, -20.72562599182129, -19.608078002929688, -17.203027725219727, -20.695276260375977, -18.760345458984375, -18.77581024169922, -18.391923904418945, -16.218700408935547, -14.561604499816895, -16.02177619934082, -18.642250061035156, -20.812694549560547, -17.548660278320312, -19.23996353149414, -18.575822830200195, -17.578706741333008, -20.255390167236328, -19.96523666381836, -23.09754753112793, -25.208045959472656, -26.478168487548828]
