Running with parameters: hidden=100, use_coupled=true, seed=52, lam=0.0, eta=1.0
Test Accuracy: 0.9567, Energy: 9.70
Time Taken:  12.899385452270508
Test Accuracy: 0.9567, Energy: 6.28
Time Taken:  12.912259817123413
Test Accuracy: 0.9567, Energy: 7.40
Time Taken:  12.903527021408081
Test Accuracy: 0.9567, Energy: 3.27
Time Taken:  12.976537227630615
Test Accuracy: 0.9567, Energy: 3.24
Time Taken:  12.896633863449097
Test Accuracy: 0.9567, Energy: 2.08
Time Taken:  12.894530534744263
Test Accuracy: 0.9567, Energy: 0.33
Time Taken:  12.911375284194946
Test Accuracy: 0.9567, Energy: -1.01
Time Taken:  12.925342559814453
Test Accuracy: 0.9567, Energy: -0.34
Time Taken:  12.921258926391602
Test Accuracy: 0.9567, Energy: -1.45
Time Taken:  12.91822075843811
Test Accuracy: 0.9567, Energy: -1.10
Time Taken:  12.927404880523682
Test Accuracy: 0.9567, Energy: -2.75
Time Taken:  12.987094402313232
Test Accuracy: 0.9567, Energy: 1.01
Time Taken:  12.888836860656738
Test Accuracy: 0.9567, Energy: 0.36
Time Taken:  12.90045166015625
Test Accuracy: 0.9567, Energy: -0.86
Time Taken:  12.904967546463013
Test Accuracy: 0.9567, Energy: -2.85
Time Taken:  12.922948598861694
Test Accuracy: 0.9567, Energy: -4.00
Time Taken:  12.929304361343384
Test Accuracy: 0.9533, Energy: -4.06
Time Taken:  12.915093421936035
Test Accuracy: 0.9567, Energy: -6.46
Time Taken:  12.921143293380737
Test Accuracy: 0.9567, Energy: -8.55
Time Taken:  12.968113422393799
Test Accuracy: 0.9567, Energy: -5.54
Time Taken:  12.903757810592651
Test Accuracy: 0.9567, Energy: -4.95
Time Taken:  12.911186456680298
Test Accuracy: 0.9567, Energy: -0.85
Time Taken:  12.90324068069458
Test Accuracy: 0.9567, Energy: -0.04
Time Taken:  12.9270761013031
Test Accuracy: 0.9567, Energy: 1.27
Time Taken:  12.931631565093994
Test Accuracy: 0.9567, Energy: -0.88
Time Taken:  12.940047025680542
Test Accuracy: 0.9533, Energy: -3.31
Time Taken:  12.933134317398071
Test Accuracy: 0.9600, Energy: -1.51
Time Taken:  12.963218212127686
Test Accuracy: 0.9600, Energy: -2.18
Time Taken:  12.89043927192688
Test Accuracy: 0.9600, Energy: -0.06
Time Taken:  12.916535139083862
Test Accuracy: 0.9600, Energy: 2.23
Time Taken:  12.911439180374146
Test Accuracy: 0.9633, Energy: 5.89
Time Taken:  12.918001651763916
Test Accuracy: 0.9633, Energy: 8.67
Time Taken:  12.913480281829834
Test Accuracy: 0.9633, Energy: 7.86
Time Taken:  12.91735577583313
Test Accuracy: 0.9633, Energy: 3.57
Time Taken:  12.938117980957031
Test Accuracy: 0.9633, Energy: 4.72
Time Taken:  12.958368062973022
Test Accuracy: 0.9633, Energy: 6.94
Time Taken:  12.904380559921265
Test Accuracy: 0.9633, Energy: 8.34
Time Taken:  12.908798217773438
Test Accuracy: 0.9633, Energy: 5.32
Time Taken:  12.920005559921265
Test Accuracy: 0.9567, Energy: 5.48
Time Taken:  12.92748737335205
Test Accuracy: 0.9567, Energy: 3.10
Time Taken:  12.936167001724243
Test Accuracy: 0.9567, Energy: 1.06
Time Taken:  12.930646896362305
Test Accuracy: 0.9567, Energy: -1.51
Time Taken:  12.928003072738647
Test Accuracy: 0.9567, Energy: -0.68
Time Taken:  12.960771083831787
Test Accuracy: 0.9633, Energy: 0.31
Time Taken:  12.891188859939575
Test Accuracy: 0.9633, Energy: -0.68
Time Taken:  12.929887056350708
Test Accuracy: 0.9633, Energy: -3.03
Time Taken:  12.919467449188232
Test Accuracy: 0.9633, Energy: -3.38
Time Taken:  12.89769697189331
Test Accuracy: 0.9633, Energy: -4.10
Time Taken:  12.920246124267578
Test Accuracy: 0.9633, Energy: -2.73
Time Taken:  12.943503856658936
Test Accuracy: 0.9633, Energy: -5.04
Time Taken:  12.92704701423645
Test Accuracy: 0.9567, Energy: -5.55
Time Taken:  12.947879791259766
Test Accuracy: 0.9600, Energy: -6.38
Time Taken:  12.892807960510254
Test Accuracy: 0.9600, Energy: -4.37
Time Taken:  12.918205738067627
Test Accuracy: 0.9600, Energy: -2.07
Time Taken:  12.953437805175781
Test Accuracy: 0.9600, Energy: -2.03
Time Taken:  12.935534238815308
Test Accuracy: 0.9600, Energy: 2.49
Time Taken:  12.940500974655151
Test Accuracy: 0.9667, Energy: 0.90
Time Taken:  12.956351280212402
Test Accuracy: 0.9700, Energy: -4.21
Time Taken:  13.037346839904785
Test Accuracy: 0.9700, Energy: -6.60
Time Taken:  12.904903650283813
Test Accuracy: 0.9700, Energy: -12.48
Time Taken:  12.922101259231567
Test Accuracy: 0.9700, Energy: -14.58
Time Taken:  12.917219638824463
Test Accuracy: 0.9700, Energy: -16.70
Time Taken:  12.92332148551941
Test Accuracy: 0.9700, Energy: -20.91
Time Taken:  12.917695045471191
Test Accuracy: 0.9700, Energy: -19.23
Time Taken:  12.919254064559937
Test Accuracy: 0.9700, Energy: -15.20
Time Taken:  12.939398765563965
Test Accuracy: 0.9700, Energy: -8.76
Time Taken:  12.977535009384155
Test Accuracy: 0.9700, Energy: -14.53
Time Taken:  12.917097091674805
Test Accuracy: 0.9700, Energy: -11.92
Time Taken:  12.91101598739624
Test Accuracy: 0.9700, Energy: -10.38
Time Taken:  12.925589323043823
Test Accuracy: 0.9700, Energy: -6.18
Time Taken:  12.933537721633911
Test Accuracy: 0.9700, Energy: -5.94
Time Taken:  12.925808429718018
Test Accuracy: 0.9700, Energy: -11.01
Time Taken:  12.936620712280273
Test Accuracy: 0.9700, Energy: -11.83
Time Taken:  12.935179233551025
Test Accuracy: 0.9700, Energy: -13.82
Time Taken:  12.98073410987854
Test Accuracy: 0.9700, Energy: -11.77
Time Taken:  12.88564419746399
Test Accuracy: 0.9700, Energy: -17.06
Time Taken:  12.904082298278809
Test Accuracy: 0.9700, Energy: -17.10
Time Taken:  12.921487092971802
Test Accuracy: 0.9700, Energy: -17.06
Time Taken:  12.918848752975464
Test Accuracy: 0.9700, Energy: -16.89
Time Taken:  12.918109893798828
Test Accuracy: 0.9700, Energy: -15.94
Time Taken:  12.932805299758911
Test Accuracy: 0.9700, Energy: -21.99
Time Taken:  12.93484091758728
Test Accuracy: 0.9700, Energy: -22.30
Time Taken:  12.959767818450928
Test Accuracy: 0.9700, Energy: -22.26
Time Taken:  12.897356748580933
Test Accuracy: 0.9700, Energy: -23.65
Time Taken:  12.920711994171143
Test Accuracy: 0.9700, Energy: -22.09
Time Taken:  12.925999879837036
Test Accuracy: 0.9700, Energy: -20.30
Time Taken:  12.91208267211914
Test Accuracy: 0.9700, Energy: -21.83
Time Taken:  12.927369594573975
Test Accuracy: 0.9700, Energy: -30.56
Time Taken:  12.936429738998413
Test Accuracy: 0.9700, Energy: -31.24
Time Taken:  12.924705266952515
Test Accuracy: 0.9700, Energy: -28.21
Time Taken:  12.950309038162231
Test Accuracy: 0.9700, Energy: -27.58
Time Taken:  12.885577917098999
Test Accuracy: 0.9700, Energy: -22.59
Time Taken:  12.920975923538208
Test Accuracy: 0.9700, Energy: -24.42
Time Taken:  12.929030656814575
Test Accuracy: 0.9700, Energy: -29.09
Time Taken:  12.932974338531494
Test Accuracy: 0.9667, Energy: -31.41
Time Taken:  12.924888849258423
Test Accuracy: 0.9667, Energy: -30.60
Time Taken:  12.935498237609863
Test Accuracy: 0.9667, Energy: -30.67
Time Taken:  12.932361841201782
Test Accuracy: 0.9700, Energy: -31.08
Time Taken:  12.9406418800354
Test Accuracy: 0.9700, Energy: -31.16
Time Taken:  12.880276918411255
Final accuracies: [0.9566666666666667, 0.9566666666666667, 0.9566666666666667, 0.9566666666666667, 0.9566666666666667, 0.9566666666666667, 0.9566666666666667, 0.9566666666666667, 0.9566666666666667, 0.9566666666666667, 0.9566666666666667, 0.9566666666666667, 0.9566666666666667, 0.9566666666666667, 0.9566666666666667, 0.9566666666666667, 0.9566666666666667, 0.9533333333333334, 0.9566666666666667, 0.9566666666666667, 0.9566666666666667, 0.9566666666666667, 0.9566666666666667, 0.9566666666666667, 0.9566666666666667, 0.9566666666666667, 0.9533333333333334, 0.96, 0.96, 0.96, 0.96, 0.9633333333333334, 0.9633333333333334, 0.9633333333333334, 0.9633333333333334, 0.9633333333333334, 0.9633333333333334, 0.9633333333333334, 0.9633333333333334, 0.9566666666666667, 0.9566666666666667, 0.9566666666666667, 0.9566666666666667, 0.9566666666666667, 0.9633333333333334, 0.9633333333333334, 0.9633333333333334, 0.9633333333333334, 0.9633333333333334, 0.9633333333333334, 0.9633333333333334, 0.9566666666666667, 0.96, 0.96, 0.96, 0.96, 0.96, 0.9666666666666667, 0.97, 0.97, 0.97, 0.97, 0.97, 0.97, 0.97, 0.97, 0.97, 0.97, 0.97, 0.97, 0.97, 0.97, 0.97, 0.97, 0.97, 0.97, 0.97, 0.97, 0.97, 0.97, 0.97, 0.97, 0.97, 0.97, 0.97, 0.97, 0.97, 0.97, 0.97, 0.97, 0.97, 0.97, 0.97, 0.97, 0.97, 0.9666666666666667, 0.9666666666666667, 0.9666666666666667, 0.97, 0.97]
Final energies: [9.70423412322998, 6.284384250640869, 7.404354572296143, 3.272308349609375, 3.2393720149993896, 2.075392246246338, 0.3337050676345825, -1.0093331336975098, -0.34362098574638367, -1.4456216096878052, -1.0976412296295166, -2.746044397354126, 1.0066739320755005, 0.36313533782958984, -0.8598710298538208, -2.8463990688323975, -3.9973416328430176, -4.060107707977295, -6.463766098022461, -8.546951293945312, -5.539182662963867, -4.949785232543945, -0.8545355796813965, -0.0410175621509552, 1.2749476432800293, -0.8802953362464905, -3.3068439960479736, -1.510263204574585, -2.175354480743408, -0.057739436626434326, 2.233565092086792, 5.885996341705322, 8.666834831237793, 7.863997459411621, 3.5700178146362305, 4.721755504608154, 6.941359043121338, 8.33533763885498, 5.315912246704102, 5.481670379638672, 3.1006476879119873, 1.0569746494293213, -1.5083833932876587, -0.6816573143005371, 0.31370267271995544, -0.6765184998512268, -3.0273830890655518, -3.382765293121338, -4.095981121063232, -2.734578847885132, -5.04072380065918, -5.550164699554443, -6.380807876586914, -4.371425151824951, -2.0741260051727295, -2.026536226272583, 2.4915995597839355, 0.8994903564453125, -4.205732822418213, -6.595190048217773, -12.484107971191406, -14.578727722167969, -16.696664810180664, -20.90962028503418, -19.22827911376953, -15.200118064880371, -8.763856887817383, -14.529739379882812, -11.921072959899902, -10.377103805541992, -6.17578649520874, -5.937588214874268, -11.008615493774414, -11.832515716552734, -13.817460060119629, -11.772136688232422, -17.055194854736328, -17.099876403808594, -17.058635711669922, -16.88524055480957, -15.942612648010254, -21.98501205444336, -22.29673194885254, -22.26276397705078, -23.647438049316406, -22.092554092407227, -20.298887252807617, -21.83380699157715, -30.563936233520508, -31.235660552978516, -28.210115432739258, -27.579320907592773, -22.58751106262207, -24.419397354125977, -29.094572067260742, -31.407304763793945, -30.604228973388672, -30.668376922607422, -31.083080291748047, -31.160459518432617]
