Running with parameters: hidden=100, use_coupled=true, seed=62, lam=0.0, eta=1.0
Test Accuracy: 0.9800, Energy: 44.40
Time Taken:  12.913771390914917
Test Accuracy: 0.9833, Energy: 42.72
Time Taken:  12.913404703140259
Test Accuracy: 0.9833, Energy: 39.09
Time Taken:  12.939773559570312
Test Accuracy: 0.9767, Energy: 38.03
Time Taken:  13.009880304336548
Test Accuracy: 0.9700, Energy: 37.06
Time Taken:  12.934041976928711
Test Accuracy: 0.9700, Energy: 37.53
Time Taken:  12.92927360534668
Test Accuracy: 0.9700, Energy: 39.31
Time Taken:  12.959583759307861
Test Accuracy: 0.9700, Energy: 38.94
Time Taken:  12.970546960830688
Test Accuracy: 0.9633, Energy: 40.88
Time Taken:  12.957778692245483
Test Accuracy: 0.9633, Energy: 42.49
Time Taken:  12.95721435546875
Test Accuracy: 0.9633, Energy: 44.87
Time Taken:  12.973184823989868
Test Accuracy: 0.9633, Energy: 43.55
Time Taken:  13.024184942245483
Test Accuracy: 0.9633, Energy: 40.06
Time Taken:  12.922033309936523
Test Accuracy: 0.9633, Energy: 40.58
Time Taken:  12.934197187423706
Test Accuracy: 0.9767, Energy: 40.77
Time Taken:  12.957048416137695
Test Accuracy: 0.9767, Energy: 41.92
Time Taken:  12.970824956893921
Test Accuracy: 0.9767, Energy: 43.78
Time Taken:  12.971896648406982
Test Accuracy: 0.9733, Energy: 40.53
Time Taken:  12.957139253616333
Test Accuracy: 0.9867, Energy: 37.13
Time Taken:  12.966913938522339
Test Accuracy: 0.9667, Energy: 38.66
Time Taken:  13.021905183792114
Test Accuracy: 0.9667, Energy: 42.66
Time Taken:  12.910723447799683
Test Accuracy: 0.9800, Energy: 41.29
Time Taken:  12.929014444351196
Test Accuracy: 0.9800, Energy: 45.98
Time Taken:  12.948972702026367
Test Accuracy: 0.9800, Energy: 42.25
Time Taken:  12.960726499557495
Test Accuracy: 0.9700, Energy: 42.86
Time Taken:  12.95297622680664
Test Accuracy: 0.9700, Energy: 41.58
Time Taken:  12.957022666931152
Test Accuracy: 0.9700, Energy: 45.48
Time Taken:  12.965134859085083
Test Accuracy: 0.9700, Energy: 43.03
Time Taken:  13.015941858291626
Test Accuracy: 0.9700, Energy: 39.31
Time Taken:  12.92345404624939
Test Accuracy: 0.9700, Energy: 36.18
Time Taken:  12.959624290466309
Test Accuracy: 0.9700, Energy: 34.41
Time Taken:  12.964550971984863
Test Accuracy: 0.9700, Energy: 37.14
Time Taken:  12.966374635696411
Test Accuracy: 0.9700, Energy: 39.34
Time Taken:  12.952271461486816
Test Accuracy: 0.9700, Energy: 38.61
Time Taken:  12.956244230270386
Test Accuracy: 0.9700, Energy: 38.46
Time Taken:  12.954514265060425
Test Accuracy: 0.9700, Energy: 38.26
Time Taken:  12.992952108383179
Test Accuracy: 0.9700, Energy: 36.59
Time Taken:  12.911068677902222
Test Accuracy: 0.9700, Energy: 43.07
Time Taken:  12.935389757156372
Test Accuracy: 0.9700, Energy: 41.34
Time Taken:  12.960387945175171
Test Accuracy: 0.9733, Energy: 43.54
Time Taken:  12.972513198852539
Test Accuracy: 0.9733, Energy: 44.20
Time Taken:  12.9509117603302
Test Accuracy: 0.9733, Energy: 41.58
Time Taken:  12.963770389556885
Test Accuracy: 0.9733, Energy: 35.14
Time Taken:  12.957380533218384
Test Accuracy: 0.9700, Energy: 37.80
Time Taken:  12.992379903793335
Test Accuracy: 0.9733, Energy: 39.50
Time Taken:  12.923914432525635
Test Accuracy: 0.9733, Energy: 39.26
Time Taken:  12.959475755691528
Test Accuracy: 0.9733, Energy: 37.38
Time Taken:  12.958374261856079
Test Accuracy: 0.9733, Energy: 38.09
Time Taken:  12.93297028541565
Test Accuracy: 0.9733, Energy: 33.10
Time Taken:  12.952318668365479
Test Accuracy: 0.9733, Energy: 33.31
Time Taken:  12.969162940979004
Test Accuracy: 0.9733, Energy: 30.11
Time Taken:  12.969065189361572
Test Accuracy: 0.9733, Energy: 27.37
Time Taken:  12.983076810836792
Test Accuracy: 0.9800, Energy: 21.59
Time Taken:  12.92804217338562
Test Accuracy: 0.9800, Energy: 16.61
Time Taken:  12.941651582717896
Test Accuracy: 0.9733, Energy: 16.61
Time Taken:  12.964422464370728
Test Accuracy: 0.9733, Energy: 16.59
Time Taken:  12.965980052947998
Test Accuracy: 0.9767, Energy: 22.21
Time Taken:  12.985846996307373
Test Accuracy: 0.9800, Energy: 24.15
Time Taken:  12.986600875854492
Test Accuracy: 0.9800, Energy: 24.26
Time Taken:  13.018898963928223
Test Accuracy: 0.9800, Energy: 20.36
Time Taken:  12.938176155090332
Test Accuracy: 0.9800, Energy: 14.28
Time Taken:  12.949317693710327
Test Accuracy: 0.9867, Energy: 15.25
Time Taken:  12.964948177337646
Test Accuracy: 0.9867, Energy: 12.44
Time Taken:  12.965117931365967
Test Accuracy: 0.9867, Energy: 10.33
Time Taken:  12.971972942352295
Test Accuracy: 0.9867, Energy: 12.07
Time Taken:  12.981972455978394
Test Accuracy: 0.9867, Energy: 15.80
Time Taken:  12.984063625335693
Test Accuracy: 0.9867, Energy: 21.19
Time Taken:  13.020011186599731
Test Accuracy: 0.9867, Energy: 19.62
Time Taken:  12.941668510437012
Test Accuracy: 0.9867, Energy: 22.46
Time Taken:  12.942258596420288
Test Accuracy: 0.9867, Energy: 19.88
Time Taken:  12.945338487625122
Test Accuracy: 0.9867, Energy: 21.76
Time Taken:  12.961472034454346
Test Accuracy: 0.9867, Energy: 19.64
Time Taken:  12.96875548362732
Test Accuracy: 0.9867, Energy: 17.90
Time Taken:  12.964006423950195
Test Accuracy: 0.9867, Energy: 13.75
Time Taken:  12.962149381637573
Test Accuracy: 0.9867, Energy: 22.03
Time Taken:  13.017496109008789
Test Accuracy: 0.9867, Energy: 20.03
Time Taken:  12.920371770858765
Test Accuracy: 0.9867, Energy: 19.55
Time Taken:  12.9179208278656
Test Accuracy: 0.9867, Energy: 24.62
Time Taken:  12.96517300605774
Test Accuracy: 0.9867, Energy: 21.65
Time Taken:  12.94317102432251
Test Accuracy: 0.9867, Energy: 23.29
Time Taken:  12.955897569656372
Test Accuracy: 0.9867, Energy: 22.90
Time Taken:  12.9444580078125
Test Accuracy: 0.9867, Energy: 20.77
Time Taken:  12.957898139953613
Test Accuracy: 0.9900, Energy: 15.43
Time Taken:  12.987555503845215
Test Accuracy: 0.9867, Energy: 17.27
Time Taken:  12.929162740707397
Test Accuracy: 0.9867, Energy: 16.66
Time Taken:  12.959014415740967
Test Accuracy: 0.9867, Energy: 22.82
Time Taken:  12.967908382415771
Test Accuracy: 0.9867, Energy: 25.97
Time Taken:  12.948234558105469
Test Accuracy: 0.9867, Energy: 26.80
Time Taken:  12.95012354850769
Test Accuracy: 0.9867, Energy: 30.35
Time Taken:  12.965113401412964
Test Accuracy: 0.9833, Energy: 27.19
Time Taken:  12.96500849723816
Test Accuracy: 0.9833, Energy: 26.91
Time Taken:  12.99501085281372
Test Accuracy: 0.9833, Energy: 24.29
Time Taken:  12.921692132949829
Test Accuracy: 0.9833, Energy: 22.09
Time Taken:  12.9436514377594
Test Accuracy: 0.9833, Energy: 17.74
Time Taken:  12.960551500320435
Test Accuracy: 0.9833, Energy: 18.10
Time Taken:  12.94968056678772
Test Accuracy: 0.9700, Energy: 22.37
Time Taken:  12.953343629837036
Test Accuracy: 0.9700, Energy: 27.64
Time Taken:  12.958639860153198
Test Accuracy: 0.9700, Energy: 19.51
Time Taken:  12.95164680480957
Test Accuracy: 0.9833, Energy: 19.53
Time Taken:  12.977547407150269
Test Accuracy: 0.9833, Energy: 11.83
Time Taken:  12.871644020080566
Final accuracies: [0.98, 0.9833333333333333, 0.9833333333333333, 0.9766666666666667, 0.97, 0.97, 0.97, 0.97, 0.9633333333333334, 0.9633333333333334, 0.9633333333333334, 0.9633333333333334, 0.9633333333333334, 0.9633333333333334, 0.9766666666666667, 0.9766666666666667, 0.9766666666666667, 0.9733333333333334, 0.9866666666666667, 0.9666666666666667, 0.9666666666666667, 0.98, 0.98, 0.98, 0.97, 0.97, 0.97, 0.97, 0.97, 0.97, 0.97, 0.97, 0.97, 0.97, 0.97, 0.97, 0.97, 0.97, 0.97, 0.9733333333333334, 0.9733333333333334, 0.9733333333333334, 0.9733333333333334, 0.97, 0.9733333333333334, 0.9733333333333334, 0.9733333333333334, 0.9733333333333334, 0.9733333333333334, 0.9733333333333334, 0.9733333333333334, 0.9733333333333334, 0.98, 0.98, 0.9733333333333334, 0.9733333333333334, 0.9766666666666667, 0.98, 0.98, 0.98, 0.98, 0.9866666666666667, 0.9866666666666667, 0.9866666666666667, 0.9866666666666667, 0.9866666666666667, 0.9866666666666667, 0.9866666666666667, 0.9866666666666667, 0.9866666666666667, 0.9866666666666667, 0.9866666666666667, 0.9866666666666667, 0.9866666666666667, 0.9866666666666667, 0.9866666666666667, 0.9866666666666667, 0.9866666666666667, 0.9866666666666667, 0.9866666666666667, 0.9866666666666667, 0.9866666666666667, 0.99, 0.9866666666666667, 0.9866666666666667, 0.9866666666666667, 0.9866666666666667, 0.9866666666666667, 0.9866666666666667, 0.9833333333333333, 0.9833333333333333, 0.9833333333333333, 0.9833333333333333, 0.9833333333333333, 0.9833333333333333, 0.97, 0.97, 0.97, 0.9833333333333333, 0.9833333333333333]
Final energies: [44.39710235595703, 42.72169876098633, 39.09170913696289, 38.033084869384766, 37.059173583984375, 37.527645111083984, 39.31443786621094, 38.937984466552734, 40.88056564331055, 42.492889404296875, 44.872222900390625, 43.548728942871094, 40.06196594238281, 40.5815544128418, 40.77307891845703, 41.922645568847656, 43.78181838989258, 40.53074645996094, 37.12653732299805, 38.66022491455078, 42.66097640991211, 41.28558349609375, 45.98194122314453, 42.25327682495117, 42.85621643066406, 41.5838737487793, 45.48076629638672, 43.02825164794922, 39.30876159667969, 36.18099594116211, 34.40581130981445, 37.13765335083008, 39.3446044921875, 38.61469268798828, 38.461978912353516, 38.26131820678711, 36.58651351928711, 43.074344635009766, 41.34080123901367, 43.5446891784668, 44.196834564208984, 41.57819747924805, 35.143898010253906, 37.804561614990234, 39.50254821777344, 39.255828857421875, 37.378360748291016, 38.094757080078125, 33.100120544433594, 33.31439208984375, 30.107200622558594, 27.365888595581055, 21.588106155395508, 16.610998153686523, 16.614017486572266, 16.589332580566406, 22.206623077392578, 24.149152755737305, 24.259960174560547, 20.360137939453125, 14.27756118774414, 15.251535415649414, 12.443696975708008, 10.33336067199707, 12.070638656616211, 15.801629066467285, 21.186294555664062, 19.617067337036133, 22.4573974609375, 19.879436492919922, 21.75603485107422, 19.639585494995117, 17.900545120239258, 13.746662139892578, 22.028854370117188, 20.03433609008789, 19.551218032836914, 24.61676597595215, 21.648107528686523, 23.292428970336914, 22.895185470581055, 20.76653480529785, 15.427892684936523, 17.266695022583008, 16.662174224853516, 22.819515228271484, 25.965991973876953, 26.798175811767578, 30.3546142578125, 27.18907928466797, 26.90826416015625, 24.286556243896484, 22.087696075439453, 17.73778533935547, 18.098329544067383, 22.365047454833984, 27.638330459594727, 19.509069442749023, 19.527782440185547, 11.830568313598633]
