Running with parameters: hidden=100, use_coupled=true, seed=73, lam=0.0, eta=1.0
Test Accuracy: 0.9533, Energy: 32.37
Time Taken:  12.977351903915405
Test Accuracy: 0.9700, Energy: 37.42
Time Taken:  12.971731185913086
Test Accuracy: 0.9700, Energy: 35.02
Time Taken:  12.977487802505493
Test Accuracy: 0.9700, Energy: 31.67
Time Taken:  13.053794622421265
Test Accuracy: 0.9700, Energy: 30.15
Time Taken:  12.971572637557983
Test Accuracy: 0.9700, Energy: 29.05
Time Taken:  12.975492477416992
Test Accuracy: 0.9700, Energy: 29.47
Time Taken:  12.985287189483643
Test Accuracy: 0.9700, Energy: 29.24
Time Taken:  12.988330602645874
Test Accuracy: 0.9700, Energy: 25.70
Time Taken:  12.98651909828186
Test Accuracy: 0.9700, Energy: 23.40
Time Taken:  12.984699249267578
Test Accuracy: 0.9733, Energy: 23.17
Time Taken:  12.98828911781311
Test Accuracy: 0.9733, Energy: 21.50
Time Taken:  13.037267208099365
Test Accuracy: 0.9733, Energy: 21.52
Time Taken:  12.971833229064941
Test Accuracy: 0.9733, Energy: 21.51
Time Taken:  12.974865674972534
Test Accuracy: 0.9733, Energy: 20.11
Time Taken:  12.986359119415283
Test Accuracy: 0.9733, Energy: 20.54
Time Taken:  13.002356767654419
Test Accuracy: 0.9733, Energy: 20.12
Time Taken:  12.998440980911255
Test Accuracy: 0.9700, Energy: 18.07
Time Taken:  13.007415771484375
Test Accuracy: 0.9667, Energy: 22.07
Time Taken:  13.004776954650879
Test Accuracy: 0.9667, Energy: 21.34
Time Taken:  13.038155555725098
Test Accuracy: 0.9533, Energy: 23.97
Time Taken:  12.973452091217041
Test Accuracy: 0.9667, Energy: 21.82
Time Taken:  12.975849390029907
Test Accuracy: 0.9667, Energy: 24.28
Time Taken:  12.989564657211304
Test Accuracy: 0.9400, Energy: 22.07
Time Taken:  12.975449800491333
Test Accuracy: 0.9667, Energy: 19.34
Time Taken:  12.97155499458313
Test Accuracy: 0.9667, Energy: 13.74
Time Taken:  12.972235918045044
Test Accuracy: 0.9667, Energy: 13.45
Time Taken:  12.976860523223877
Test Accuracy: 0.9667, Energy: 10.20
Time Taken:  13.02441143989563
Test Accuracy: 0.9700, Energy: 7.05
Time Taken:  12.97937822341919
Test Accuracy: 0.9700, Energy: 8.07
Time Taken:  12.974231004714966
Test Accuracy: 0.9700, Energy: 10.97
Time Taken:  12.990009307861328
Test Accuracy: 0.9700, Energy: 12.63
Time Taken:  12.993525266647339
Test Accuracy: 0.9400, Energy: 8.99
Time Taken:  12.998709440231323
Test Accuracy: 0.9367, Energy: 10.90
Time Taken:  12.995790004730225
Test Accuracy: 0.9533, Energy: 12.54
Time Taken:  12.9830162525177
Test Accuracy: 0.9500, Energy: 16.23
Time Taken:  13.03113603591919
Test Accuracy: 0.9500, Energy: 13.97
Time Taken:  12.964677810668945
Test Accuracy: 0.9500, Energy: 11.18
Time Taken:  12.979837894439697
Test Accuracy: 0.9567, Energy: 9.59
Time Taken:  12.982125043869019
Test Accuracy: 0.9600, Energy: 10.67
Time Taken:  12.987310409545898
Test Accuracy: 0.9500, Energy: 12.71
Time Taken:  12.988139390945435
Test Accuracy: 0.9500, Energy: 11.83
Time Taken:  12.995046138763428
Test Accuracy: 0.9500, Energy: 7.87
Time Taken:  12.982999563217163
Test Accuracy: 0.9533, Energy: 5.49
Time Taken:  13.023550271987915
Test Accuracy: 0.9533, Energy: 2.63
Time Taken:  12.95706295967102
Test Accuracy: 0.9533, Energy: 0.41
Time Taken:  12.981428861618042
Test Accuracy: 0.9533, Energy: 0.64
Time Taken:  12.982608795166016
Test Accuracy: 0.9533, Energy: 3.90
Time Taken:  12.97074270248413
Test Accuracy: 0.9500, Energy: 3.38
Time Taken:  12.999531030654907
Test Accuracy: 0.9500, Energy: 3.39
Time Taken:  12.972840785980225
Test Accuracy: 0.9400, Energy: -1.57
Time Taken:  12.98243498802185
Test Accuracy: 0.9467, Energy: 0.79
Time Taken:  13.021923065185547
Test Accuracy: 0.9467, Energy: 0.47
Time Taken:  12.97456407546997
Test Accuracy: 0.9467, Energy: 2.38
Time Taken:  12.984928607940674
Test Accuracy: 0.9367, Energy: 3.89
Time Taken:  12.9829740524292
Test Accuracy: 0.9633, Energy: 3.70
Time Taken:  13.003050088882446
Test Accuracy: 0.9633, Energy: 7.71
Time Taken:  12.998569965362549
Test Accuracy: 0.9600, Energy: 3.16
Time Taken:  13.000468254089355
Test Accuracy: 0.9467, Energy: 4.94
Time Taken:  13.048695087432861
Test Accuracy: 0.9500, Energy: 5.62
Time Taken:  12.975064516067505
Test Accuracy: 0.9767, Energy: 7.16
Time Taken:  12.988097906112671
Test Accuracy: 0.9767, Energy: 1.45
Time Taken:  12.988362550735474
Test Accuracy: 0.9767, Energy: 1.00
Time Taken:  12.988634586334229
Test Accuracy: 0.9833, Energy: 4.73
Time Taken:  12.993042945861816
Test Accuracy: 0.9833, Energy: 4.34
Time Taken:  13.000757932662964
Test Accuracy: 0.9833, Energy: 3.02
Time Taken:  12.996741533279419
Test Accuracy: 0.9833, Energy: 0.59
Time Taken:  13.04858684539795
Test Accuracy: 0.9767, Energy: -0.51
Time Taken:  12.979533433914185
Test Accuracy: 0.9767, Energy: 2.76
Time Taken:  12.990216970443726
Test Accuracy: 0.9767, Energy: 5.88
Time Taken:  12.989059209823608
Test Accuracy: 0.9767, Energy: 8.60
Time Taken:  12.976245403289795
Test Accuracy: 0.9767, Energy: 5.26
Time Taken:  12.998522996902466
Test Accuracy: 0.9767, Energy: 4.95
Time Taken:  12.992583513259888
Test Accuracy: 0.9767, Energy: 7.33
Time Taken:  12.99444317817688
Test Accuracy: 0.9767, Energy: 9.36
Time Taken:  13.048455476760864
Test Accuracy: 0.9700, Energy: 12.79
Time Taken:  12.957595586776733
Test Accuracy: 0.9733, Energy: 20.04
Time Taken:  12.96821117401123
Test Accuracy: 0.9733, Energy: 10.02
Time Taken:  12.975488901138306
Test Accuracy: 0.9467, Energy: 12.37
Time Taken:  12.974581956863403
Test Accuracy: 0.9433, Energy: 13.11
Time Taken:  12.979539632797241
Test Accuracy: 0.9433, Energy: 3.54
Time Taken:  12.979921817779541
Test Accuracy: 0.9433, Energy: 8.33
Time Taken:  12.967390060424805
Test Accuracy: 0.9533, Energy: 6.46
Time Taken:  13.020669221878052
Test Accuracy: 0.9533, Energy: 2.83
Time Taken:  12.957828044891357
Test Accuracy: 0.9533, Energy: -1.20
Time Taken:  12.977696895599365
Test Accuracy: 0.9533, Energy: -4.22
Time Taken:  12.980447769165039
Test Accuracy: 0.9533, Energy: -3.70
Time Taken:  12.968021631240845
Test Accuracy: 0.9533, Energy: -2.63
Time Taken:  12.99050259590149
Test Accuracy: 0.9533, Energy: -5.22
Time Taken:  12.986648797988892
Test Accuracy: 0.9500, Energy: -4.42
Time Taken:  12.973987102508545
Test Accuracy: 0.9567, Energy: -6.18
Time Taken:  13.023428916931152
Test Accuracy: 0.9567, Energy: -12.10
Time Taken:  12.9522545337677
Test Accuracy: 0.9567, Energy: -11.39
Time Taken:  12.981026649475098
Test Accuracy: 0.9467, Energy: -9.71
Time Taken:  12.982041120529175
Test Accuracy: 0.9567, Energy: -9.13
Time Taken:  12.987810850143433
Test Accuracy: 0.9567, Energy: -14.04
Time Taken:  12.987200260162354
Test Accuracy: 0.9567, Energy: -13.66
Time Taken:  12.976736307144165
Test Accuracy: 0.9567, Energy: -10.95
Time Taken:  12.976418495178223
Test Accuracy: 0.9567, Energy: -10.67
Time Taken:  12.99584412574768
Test Accuracy: 0.9567, Energy: -5.31
Time Taken:  12.882986307144165
Final accuracies: [0.9533333333333334, 0.97, 0.97, 0.97, 0.97, 0.97, 0.97, 0.97, 0.97, 0.97, 0.9733333333333334, 0.9733333333333334, 0.9733333333333334, 0.9733333333333334, 0.9733333333333334, 0.9733333333333334, 0.9733333333333334, 0.97, 0.9666666666666667, 0.9666666666666667, 0.9533333333333334, 0.9666666666666667, 0.9666666666666667, 0.94, 0.9666666666666667, 0.9666666666666667, 0.9666666666666667, 0.9666666666666667, 0.97, 0.97, 0.97, 0.97, 0.94, 0.9366666666666666, 0.9533333333333334, 0.95, 0.95, 0.95, 0.9566666666666667, 0.96, 0.95, 0.95, 0.95, 0.9533333333333334, 0.9533333333333334, 0.9533333333333334, 0.9533333333333334, 0.9533333333333334, 0.95, 0.95, 0.94, 0.9466666666666667, 0.9466666666666667, 0.9466666666666667, 0.9366666666666666, 0.9633333333333334, 0.9633333333333334, 0.96, 0.9466666666666667, 0.95, 0.9766666666666667, 0.9766666666666667, 0.9766666666666667, 0.9833333333333333, 0.9833333333333333, 0.9833333333333333, 0.9833333333333333, 0.9766666666666667, 0.9766666666666667, 0.9766666666666667, 0.9766666666666667, 0.9766666666666667, 0.9766666666666667, 0.9766666666666667, 0.9766666666666667, 0.97, 0.9733333333333334, 0.9733333333333334, 0.9466666666666667, 0.9433333333333334, 0.9433333333333334, 0.9433333333333334, 0.9533333333333334, 0.9533333333333334, 0.9533333333333334, 0.9533333333333334, 0.9533333333333334, 0.9533333333333334, 0.9533333333333334, 0.95, 0.9566666666666667, 0.9566666666666667, 0.9566666666666667, 0.9466666666666667, 0.9566666666666667, 0.9566666666666667, 0.9566666666666667, 0.9566666666666667, 0.9566666666666667, 0.9566666666666667]
Final energies: [32.367774963378906, 37.42089080810547, 35.0173454284668, 31.67452621459961, 30.146289825439453, 29.054861068725586, 29.473928451538086, 29.24428939819336, 25.69530487060547, 23.397890090942383, 23.169633865356445, 21.496252059936523, 21.521883010864258, 21.512788772583008, 20.105865478515625, 20.539440155029297, 20.124582290649414, 18.072397232055664, 22.07201385498047, 21.338909149169922, 23.965259552001953, 21.8177547454834, 24.278833389282227, 22.071117401123047, 19.342493057250977, 13.740460395812988, 13.447145462036133, 10.204341888427734, 7.04853630065918, 8.065101623535156, 10.973546028137207, 12.626615524291992, 8.986613273620605, 10.898055076599121, 12.536911010742188, 16.234989166259766, 13.973527908325195, 11.175372123718262, 9.589208602905273, 10.665246963500977, 12.706507682800293, 11.828590393066406, 7.872628688812256, 5.491235256195068, 2.631404399871826, 0.4109805226325989, 0.6413337588310242, 3.901811361312866, 3.383479118347168, 3.3909120559692383, -1.565132975578308, 0.7872327566146851, 0.47242188453674316, 2.3817079067230225, 3.8899221420288086, 3.701282501220703, 7.714315414428711, 3.1610264778137207, 4.93943977355957, 5.620718955993652, 7.161351680755615, 1.445992350578308, 1.0044825077056885, 4.732278823852539, 4.342214107513428, 3.022529125213623, 0.5936902761459351, -0.5078155994415283, 2.7605955600738525, 5.878586769104004, 8.597379684448242, 5.261367321014404, 4.947917461395264, 7.327963352203369, 9.363567352294922, 12.788037300109863, 20.039081573486328, 10.018122673034668, 12.37148380279541, 13.114450454711914, 3.5377330780029297, 8.332891464233398, 6.458812713623047, 2.8306753635406494, -1.196661353111267, -4.219401836395264, -3.69502329826355, -2.627183675765991, -5.222001552581787, -4.417011737823486, -6.182942867279053, -12.103094100952148, -11.385459899902344, -9.705453872680664, -9.125109672546387, -14.03610610961914, -13.659873008728027, -10.954462051391602, -10.667362213134766, -5.306792259216309]
