Running with parameters: hidden=30, use_coupled=true, seed=57, lam=0.1, eta=0.5, batch=100
Test Loss: 0.0000, Test Accuracy: 0.9833, Energy: 7.651390075683594
Time taken:  0.2772097587585449
Test Loss: 0.0000, Test Accuracy: 0.9933, Energy: -2623.980712890625
Time taken:  0.276214599609375
Test Loss: 0.0000, Test Accuracy: 1.0000, Energy: -14825.830078125
Time taken:  0.24146699905395508
Test Loss: 0.0000, Test Accuracy: 0.9967, Energy: -55281.75
Time taken:  0.2465198040008545
Test Loss: 0.0000, Test Accuracy: 0.9967, Energy: -125269.1328125
Time taken:  0.23937392234802246
Test Loss: 0.0000, Test Accuracy: 0.9967, Energy: -215018.6875
Time taken:  0.23883056640625
Test Loss: 0.0000, Test Accuracy: 0.9967, Energy: -301860.03125
Time taken:  0.24000334739685059
Test Loss: 0.0000, Test Accuracy: 0.9967, Energy: -377369.6875
Time taken:  0.23563575744628906
Test Loss: 0.0000, Test Accuracy: 0.9967, Energy: -443432.40625
Time taken:  0.24374127388000488
Test Loss: 0.0000, Test Accuracy: 0.9967, Energy: -502061.875
Time taken:  0.26308226585388184
Test Loss: 0.0000, Test Accuracy: 0.9967, Energy: -552103.25
Time taken:  0.23537707328796387
Test Loss: 0.0000, Test Accuracy: 0.9967, Energy: -597907.4375
Time taken:  0.2416400909423828
Test Loss: 0.0000, Test Accuracy: 0.9967, Energy: -639299.0625
Time taken:  0.23271775245666504
Test Loss: 0.0000, Test Accuracy: 0.9967, Energy: -676247.4375
Time taken:  0.24048733711242676
Test Loss: 0.0000, Test Accuracy: 0.9967, Energy: -711358.5625
Time taken:  0.23436665534973145
Test Loss: 0.0000, Test Accuracy: 0.9967, Energy: -742420.5625
Time taken:  0.23459672927856445
Test Loss: 0.0000, Test Accuracy: 0.9967, Energy: -771103.9375
Time taken:  0.23837566375732422
Test Loss: 0.0000, Test Accuracy: 0.9967, Energy: -797533.4375
Time taken:  0.23391509056091309
Test Loss: 0.0000, Test Accuracy: 0.9967, Energy: -821026.5
Time taken:  0.23433613777160645
Test Loss: 0.0000, Test Accuracy: 0.9967, Energy: -842492.9375
Time taken:  0.23864150047302246
Test Loss: 0.0000, Test Accuracy: 0.9967, Energy: -862960.375
Time taken:  0.23680996894836426
Test Loss: 0.0000, Test Accuracy: 0.9967, Energy: -881628.375
Time taken:  0.2360091209411621
Test Loss: 0.0000, Test Accuracy: 0.9967, Energy: -898604.125
Time taken:  0.2360246181488037
Test Loss: 0.0000, Test Accuracy: 0.9967, Energy: -913727.875
Time taken:  0.2505946159362793
Test Loss: 0.0000, Test Accuracy: 0.9967, Energy: -928095.0
Time taken:  0.24111390113830566
Test Loss: 0.0000, Test Accuracy: 0.9967, Energy: -940734.875
Time taken:  0.24179458618164062
Test Loss: 0.0000, Test Accuracy: 0.9967, Energy: -952329.75
Time taken:  0.2394423484802246
Test Loss: 0.0000, Test Accuracy: 0.9967, Energy: -963237.875
Time taken:  0.2325422763824463
Test Loss: 0.0000, Test Accuracy: 0.9967, Energy: -973001.0
Time taken:  0.2349550724029541
Test Loss: 0.0000, Test Accuracy: 0.9967, Energy: -981778.375
Time taken:  0.2466449737548828
Test Loss: 0.0000, Test Accuracy: 0.9967, Energy: -989536.25
Time taken:  0.23546814918518066
Test Loss: 0.0000, Test Accuracy: 0.9967, Energy: -997049.125
Time taken:  0.24082279205322266
Test Loss: 0.0000, Test Accuracy: 0.9967, Energy: -1003718.0
Time taken:  0.23810839653015137
Test Loss: 0.0000, Test Accuracy: 0.9967, Energy: -1009663.0
Time taken:  0.23606300354003906
Test Loss: 0.0000, Test Accuracy: 0.9967, Energy: -1015236.875
Time taken:  0.24286270141601562
Test Loss: 0.0000, Test Accuracy: 0.9967, Energy: -1020250.5
Time taken:  0.23668193817138672
Test Loss: 0.0000, Test Accuracy: 0.9967, Energy: -1024846.0625
Time taken:  0.2370765209197998
Test Loss: 0.0000, Test Accuracy: 0.9967, Energy: -1029048.3125
Time taken:  0.24085021018981934
Test Loss: 0.0000, Test Accuracy: 0.9967, Energy: -1033210.5
Time taken:  0.23341727256774902
Test Loss: 0.0000, Test Accuracy: 0.9967, Energy: -1036738.75
Time taken:  0.2351069450378418
Test Loss: 0.0000, Test Accuracy: 0.9967, Energy: -1039802.5
Time taken:  0.23848462104797363
Test Loss: 0.0000, Test Accuracy: 0.9967, Energy: -1042775.6875
Time taken:  0.23492813110351562
Test Loss: 0.0000, Test Accuracy: 0.9967, Energy: -1045686.625
Time taken:  0.23798251152038574
Test Loss: 0.0000, Test Accuracy: 0.9967, Energy: -1048328.875
Time taken:  0.23735451698303223
Test Loss: 0.0000, Test Accuracy: 0.9967, Energy: -1050531.125
Time taken:  0.23276543617248535
Test Loss: 0.0000, Test Accuracy: 0.9967, Energy: -1052490.375
Time taken:  0.23900341987609863
Test Loss: 0.0000, Test Accuracy: 0.9967, Energy: -1054594.5
Time taken:  0.23340892791748047
Test Loss: 0.0000, Test Accuracy: 0.9967, Energy: -1056190.0
Time taken:  0.23868870735168457
Test Loss: 0.0000, Test Accuracy: 0.9967, Energy: -1057677.0
Time taken:  0.23236727714538574
Test Loss: 0.0000, Test Accuracy: 0.9967, Energy: -1058716.875
Time taken:  0.23024368286132812
Test Loss: 0.0000, Test Accuracy: 0.9967, Energy: -1059764.625
Time taken:  0.2349381446838379
Test Loss: 0.0000, Test Accuracy: 0.9967, Energy: -1061113.25
Time taken:  0.23279261589050293
Test Loss: 0.0000, Test Accuracy: 0.9967, Energy: -1062336.375
Time taken:  0.23300504684448242
Test Loss: 0.0000, Test Accuracy: 0.9967, Energy: -1063225.75
Time taken:  0.23825287818908691
Test Loss: 0.0000, Test Accuracy: 0.9967, Energy: -1064222.125
Time taken:  0.23286819458007812
Test Loss: 0.0000, Test Accuracy: 0.9967, Energy: -1065063.25
Time taken:  0.235945463180542
Test Loss: 0.0000, Test Accuracy: 0.9967, Energy: -1065623.25
Time taken:  0.23334169387817383
Test Loss: 0.0000, Test Accuracy: 0.9967, Energy: -1066327.625
Time taken:  0.23151230812072754
Test Loss: 0.0000, Test Accuracy: 0.9967, Energy: -1066960.25
Time taken:  0.23297834396362305
Test Loss: 0.0000, Test Accuracy: 0.9967, Energy: -1067479.125
Time taken:  0.23384404182434082
Test Loss: 0.0000, Test Accuracy: 0.9967, Energy: -1067971.375
Time taken:  0.23450613021850586
Test Loss: 0.0000, Test Accuracy: 0.9967, Energy: -1068367.375
Time taken:  0.238020658493042
Test Loss: 0.0000, Test Accuracy: 0.9967, Energy: -1068775.25
Time taken:  0.23592042922973633
Test Loss: 0.0000, Test Accuracy: 0.9967, Energy: -1069088.625
Time taken:  0.23801231384277344
Test Loss: 0.0000, Test Accuracy: 0.9967, Energy: -1069375.375
Time taken:  0.23414134979248047
Test Loss: 0.0000, Test Accuracy: 0.9967, Energy: -1069607.5
Time taken:  0.23562383651733398
Test Loss: 0.0000, Test Accuracy: 0.9967, Energy: -1069900.875
Time taken:  0.2391376495361328
Test Loss: 0.0000, Test Accuracy: 0.9967, Energy: -1070090.0
Time taken:  0.2334907054901123
Test Loss: 0.0000, Test Accuracy: 0.9967, Energy: -1070356.0
Time taken:  0.23468828201293945
Test Loss: 0.0000, Test Accuracy: 0.9967, Energy: -1070564.5
Time taken:  0.24265551567077637
Test Loss: 0.0000, Test Accuracy: 0.9967, Energy: -1070760.5
Time taken:  0.23498940467834473
Test Loss: 0.0000, Test Accuracy: 0.9967, Energy: -1070918.875
Time taken:  0.2413346767425537
Test Loss: 0.0000, Test Accuracy: 0.9967, Energy: -1071051.625
Time taken:  0.23443865776062012
Test Loss: 0.0000, Test Accuracy: 0.9967, Energy: -1071165.25
Time taken:  0.23305058479309082
Test Loss: 0.0000, Test Accuracy: 0.9967, Energy: -1071296.25
Time taken:  0.23978853225708008
Test Loss: 0.0000, Test Accuracy: 0.9967, Energy: -1071322.625
Time taken:  0.23349642753601074
Test Loss: 0.0000, Test Accuracy: 0.9967, Energy: -1071491.875
Time taken:  0.23981404304504395
Test Loss: 0.0000, Test Accuracy: 0.9967, Energy: -1071592.75
Time taken:  0.23361492156982422
Test Loss: 0.0000, Test Accuracy: 0.9967, Energy: -1071666.75
Time taken:  0.23389530181884766
Test Loss: 0.0000, Test Accuracy: 0.9967, Energy: -1071745.75
Time taken:  0.23800969123840332
Test Loss: 0.0000, Test Accuracy: 0.9967, Energy: -1071799.0
Time taken:  0.23509645462036133
Test Loss: 0.0000, Test Accuracy: 0.9967, Energy: -1071847.25
Time taken:  0.23319196701049805
Test Loss: 0.0000, Test Accuracy: 0.9967, Energy: -1071903.375
Time taken:  0.2379164695739746
Test Loss: 0.0000, Test Accuracy: 0.9967, Energy: -1071942.25
Time taken:  0.23495960235595703
Test Loss: 0.0000, Test Accuracy: 0.9967, Energy: -1071992.75
Time taken:  0.23371529579162598
Test Loss: 0.0000, Test Accuracy: 0.9967, Energy: -1072055.25
Time taken:  0.23966455459594727
Test Loss: 0.0000, Test Accuracy: 0.9967, Energy: -1072134.375
Time taken:  0.23246502876281738
Test Loss: 0.0000, Test Accuracy: 0.9967, Energy: -1072168.375
Time taken:  0.2385547161102295
Test Loss: 0.0000, Test Accuracy: 0.9967, Energy: -1072201.75
Time taken:  0.23446059226989746
Test Loss: 0.0000, Test Accuracy: 0.9967, Energy: -1072223.5
Time taken:  0.23411107063293457
Test Loss: 0.0000, Test Accuracy: 0.9967, Energy: -1072250.625
Time taken:  0.2359306812286377
Test Loss: 0.0000, Test Accuracy: 0.9967, Energy: -1072268.375
Time taken:  0.23411083221435547
Test Loss: 0.0000, Test Accuracy: 0.9967, Energy: -1072283.75
Time taken:  0.23403263092041016
Test Loss: 0.0000, Test Accuracy: 0.9967, Energy: -1072305.375
Time taken:  0.23710966110229492
Test Loss: 0.0000, Test Accuracy: 0.9967, Energy: -1072352.5
Time taken:  0.2330946922302246
Test Loss: 0.0000, Test Accuracy: 0.9967, Energy: -1072364.375
Time taken:  0.2369701862335205
Test Loss: 0.0000, Test Accuracy: 0.9967, Energy: -1072375.25
Time taken:  0.23222017288208008
Test Loss: 0.0000, Test Accuracy: 0.9967, Energy: -1072385.0
Time taken:  0.232774019241333
Test Loss: 0.0000, Test Accuracy: 0.9967, Energy: -1072401.375
Time taken:  0.23926949501037598
Test Loss: 0.0000, Test Accuracy: 0.9967, Energy: -1072409.375
Time taken:  0.23142480850219727
Final accuracies: [0.9833333333333333, 0.9933333333333333, 1.0, 0.9966666666666667, 0.9966666666666667, 0.9966666666666667, 0.9966666666666667, 0.9966666666666667, 0.9966666666666667, 0.9966666666666667, 0.9966666666666667, 0.9966666666666667, 0.9966666666666667, 0.9966666666666667, 0.9966666666666667, 0.9966666666666667, 0.9966666666666667, 0.9966666666666667, 0.9966666666666667, 0.9966666666666667, 0.9966666666666667, 0.9966666666666667, 0.9966666666666667, 0.9966666666666667, 0.9966666666666667, 0.9966666666666667, 0.9966666666666667, 0.9966666666666667, 0.9966666666666667, 0.9966666666666667, 0.9966666666666667, 0.9966666666666667, 0.9966666666666667, 0.9966666666666667, 0.9966666666666667, 0.9966666666666667, 0.9966666666666667, 0.9966666666666667, 0.9966666666666667, 0.9966666666666667, 0.9966666666666667, 0.9966666666666667, 0.9966666666666667, 0.9966666666666667, 0.9966666666666667, 0.9966666666666667, 0.9966666666666667, 0.9966666666666667, 0.9966666666666667, 0.9966666666666667, 0.9966666666666667, 0.9966666666666667, 0.9966666666666667, 0.9966666666666667, 0.9966666666666667, 0.9966666666666667, 0.9966666666666667, 0.9966666666666667, 0.9966666666666667, 0.9966666666666667, 0.9966666666666667, 0.9966666666666667, 0.9966666666666667, 0.9966666666666667, 0.9966666666666667, 0.9966666666666667, 0.9966666666666667, 0.9966666666666667, 0.9966666666666667, 0.9966666666666667, 0.9966666666666667, 0.9966666666666667, 0.9966666666666667, 0.9966666666666667, 0.9966666666666667, 0.9966666666666667, 0.9966666666666667, 0.9966666666666667, 0.9966666666666667, 0.9966666666666667, 0.9966666666666667, 0.9966666666666667, 0.9966666666666667, 0.9966666666666667, 0.9966666666666667, 0.9966666666666667, 0.9966666666666667, 0.9966666666666667, 0.9966666666666667, 0.9966666666666667, 0.9966666666666667, 0.9966666666666667, 0.9966666666666667, 0.9966666666666667, 0.9966666666666667, 0.9966666666666667, 0.9966666666666667, 0.9966666666666667, 0.9966666666666667, 0.9966666666666667]
Final energies: [7.651390075683594, -2623.980712890625, -14825.830078125, -55281.75, -125269.1328125, -215018.6875, -301860.03125, -377369.6875, -443432.40625, -502061.875, -552103.25, -597907.4375, -639299.0625, -676247.4375, -711358.5625, -742420.5625, -771103.9375, -797533.4375, -821026.5, -842492.9375, -862960.375, -881628.375, -898604.125, -913727.875, -928095.0, -940734.875, -952329.75, -963237.875, -973001.0, -981778.375, -989536.25, -997049.125, -1003718.0, -1009663.0, -1015236.875, -1020250.5, -1024846.0625, -1029048.3125, -1033210.5, -1036738.75, -1039802.5, -1042775.6875, -1045686.625, -1048328.875, -1050531.125, -1052490.375, -1054594.5, -1056190.0, -1057677.0, -1058716.875, -1059764.625, -1061113.25, -1062336.375, -1063225.75, -1064222.125, -1065063.25, -1065623.25, -1066327.625, -1066960.25, -1067479.125, -1067971.375, -1068367.375, -1068775.25, -1069088.625, -1069375.375, -1069607.5, -1069900.875, -1070090.0, -1070356.0, -1070564.5, -1070760.5, -1070918.875, -1071051.625, -1071165.25, -1071296.25, -1071322.625, -1071491.875, -1071592.75, -1071666.75, -1071745.75, -1071799.0, -1071847.25, -1071903.375, -1071942.25, -1071992.75, -1072055.25, -1072134.375, -1072168.375, -1072201.75, -1072223.5, -1072250.625, -1072268.375, -1072283.75, -1072305.375, -1072352.5, -1072364.375, -1072375.25, -1072385.0, -1072401.375, -1072409.375]
