Running with parameters: hidden=30, use_coupled=true, seed=98, lam=0.1, eta=0.5, batch=100
Test Loss: 0.0000, Test Accuracy: 0.6300, Energy: 201.7291717529297
Time taken:  0.2624683380126953
Test Loss: 0.0000, Test Accuracy: 0.9967, Energy: -306.4918212890625
Time taken:  0.25689005851745605
Test Loss: 0.0000, Test Accuracy: 1.0000, Energy: -4192.677734375
Time taken:  0.23160696029663086
Test Loss: 0.0000, Test Accuracy: 0.9967, Energy: -17749.107421875
Time taken:  0.23384308815002441
Test Loss: 0.0000, Test Accuracy: 0.9967, Energy: -47428.84375
Time taken:  0.2590951919555664
Test Loss: 0.0000, Test Accuracy: 0.9967, Energy: -95147.328125
Time taken:  0.2290186882019043
Test Loss: 0.0000, Test Accuracy: 0.9967, Energy: -157660.21875
Time taken:  0.22935771942138672
Test Loss: 0.0000, Test Accuracy: 0.9967, Energy: -223516.5
Time taken:  0.23194289207458496
Test Loss: 0.0000, Test Accuracy: 0.9967, Energy: -289068.125
Time taken:  0.22827577590942383
Test Loss: 0.0000, Test Accuracy: 0.9967, Energy: -352180.59375
Time taken:  0.23082733154296875
Test Loss: 0.0000, Test Accuracy: 0.9967, Energy: -411698.125
Time taken:  0.22785449028015137
Test Loss: 0.0000, Test Accuracy: 0.9967, Energy: -468499.5625
Time taken:  0.22663259506225586
Test Loss: 0.0000, Test Accuracy: 0.9967, Energy: -520667.5
Time taken:  0.23108625411987305
Test Loss: 0.0000, Test Accuracy: 0.9967, Energy: -566555.125
Time taken:  0.2301795482635498
Test Loss: 0.0000, Test Accuracy: 0.9967, Energy: -609142.25
Time taken:  0.2567458152770996
Test Loss: 0.0000, Test Accuracy: 0.9967, Energy: -646847.6875
Time taken:  0.2260293960571289
Test Loss: 0.0000, Test Accuracy: 0.9967, Energy: -680520.75
Time taken:  0.23090314865112305
Test Loss: 0.0000, Test Accuracy: 0.9967, Energy: -712525.8125
Time taken:  0.24309682846069336
Test Loss: 0.0000, Test Accuracy: 0.9967, Energy: -740208.25
Time taken:  0.22751736640930176
Test Loss: 0.0000, Test Accuracy: 0.9967, Energy: -766235.0
Time taken:  0.23498320579528809
Test Loss: 0.0000, Test Accuracy: 0.9967, Energy: -789210.5
Time taken:  0.2344036102294922
Test Loss: 0.0000, Test Accuracy: 0.9967, Energy: -810282.5
Time taken:  0.2278149127960205
Test Loss: 0.0000, Test Accuracy: 0.9967, Energy: -829959.25
Time taken:  0.23031044006347656
Test Loss: 0.0000, Test Accuracy: 0.9967, Energy: -847710.5
Time taken:  0.22653913497924805
Test Loss: 0.0000, Test Accuracy: 0.9967, Energy: -863044.625
Time taken:  0.2278900146484375
Test Loss: 0.0000, Test Accuracy: 0.9967, Energy: -877905.0625
Time taken:  0.22967123985290527
Test Loss: 0.0000, Test Accuracy: 0.9967, Energy: -891183.375
Time taken:  0.2277085781097412
Test Loss: 0.0000, Test Accuracy: 0.9967, Energy: -902871.0625
Time taken:  0.22995281219482422
Test Loss: 0.0000, Test Accuracy: 0.9967, Energy: -913832.125
Time taken:  0.22613167762756348
Test Loss: 0.0000, Test Accuracy: 0.9967, Energy: -923887.125
Time taken:  0.2268373966217041
Test Loss: 0.0000, Test Accuracy: 0.9967, Energy: -933078.5
Time taken:  0.23161077499389648
Test Loss: 0.0000, Test Accuracy: 0.9967, Energy: -941770.5625
Time taken:  0.22701740264892578
Test Loss: 0.0000, Test Accuracy: 0.9967, Energy: -949381.0
Time taken:  0.2261662483215332
Test Loss: 0.0000, Test Accuracy: 0.9967, Energy: -956479.5
Time taken:  0.23166871070861816
Test Loss: 0.0000, Test Accuracy: 0.9967, Energy: -962530.1875
Time taken:  0.22809410095214844
Test Loss: 0.0000, Test Accuracy: 0.9967, Energy: -968274.125
Time taken:  0.2300400733947754
Test Loss: 0.0000, Test Accuracy: 0.9967, Energy: -973562.6875
Time taken:  0.22635436058044434
Test Loss: 0.0000, Test Accuracy: 0.9967, Energy: -978328.125
Time taken:  0.22674250602722168
Test Loss: 0.0000, Test Accuracy: 0.9967, Energy: -982483.875
Time taken:  0.23062634468078613
Test Loss: 0.0000, Test Accuracy: 0.9967, Energy: -986509.0
Time taken:  0.2258133888244629
Test Loss: 0.0000, Test Accuracy: 0.9967, Energy: -990061.875
Time taken:  0.2258319854736328
Test Loss: 0.0000, Test Accuracy: 0.9967, Energy: -993382.625
Time taken:  0.2315680980682373
Test Loss: 0.0000, Test Accuracy: 0.9967, Energy: -996403.1875
Time taken:  0.22519731521606445
Test Loss: 0.0000, Test Accuracy: 0.9967, Energy: -998954.0
Time taken:  0.23011422157287598
Test Loss: 0.0000, Test Accuracy: 0.9967, Energy: -1001617.5625
Time taken:  0.22706103324890137
Test Loss: 0.0000, Test Accuracy: 0.9967, Energy: -1003798.625
Time taken:  0.22684788703918457
Test Loss: 0.0000, Test Accuracy: 0.9967, Energy: -1005719.875
Time taken:  0.23235750198364258
Test Loss: 0.0000, Test Accuracy: 0.9967, Energy: -1007402.0
Time taken:  0.22790765762329102
Test Loss: 0.0000, Test Accuracy: 0.9967, Energy: -1009125.0
Time taken:  0.22804713249206543
Test Loss: 0.0000, Test Accuracy: 0.9967, Energy: -1010651.3125
Time taken:  0.23081374168395996
Test Loss: 0.0000, Test Accuracy: 0.9967, Energy: -1012046.1875
Time taken:  0.22875428199768066
Test Loss: 0.0000, Test Accuracy: 0.9967, Energy: -1013251.1875
Time taken:  0.23159170150756836
Test Loss: 0.0000, Test Accuracy: 0.9967, Energy: -1014407.5
Time taken:  0.2293100357055664
Test Loss: 0.0000, Test Accuracy: 0.9967, Energy: -1015421.375
Time taken:  0.2297523021697998
Test Loss: 0.0000, Test Accuracy: 0.9967, Energy: -1016314.125
Time taken:  0.23094487190246582
Test Loss: 0.0000, Test Accuracy: 0.9967, Energy: -1017226.25
Time taken:  0.22786211967468262
Test Loss: 0.0000, Test Accuracy: 0.9967, Energy: -1017923.375
Time taken:  0.23272442817687988
Test Loss: 0.0000, Test Accuracy: 0.9967, Energy: -1018622.75
Time taken:  0.22721266746520996
Test Loss: 0.0000, Test Accuracy: 0.9967, Energy: -1019443.25
Time taken:  0.22748398780822754
Test Loss: 0.0000, Test Accuracy: 0.9967, Energy: -1020025.125
Time taken:  0.2310178279876709
Test Loss: 0.0000, Test Accuracy: 0.9967, Energy: -1020562.625
Time taken:  0.22730016708374023
Test Loss: 0.0000, Test Accuracy: 0.9967, Energy: -1020980.75
Time taken:  0.22760367393493652
Test Loss: 0.0000, Test Accuracy: 0.9967, Energy: -1021427.375
Time taken:  0.23140811920166016
Test Loss: 0.0000, Test Accuracy: 0.9967, Energy: -1021899.625
Time taken:  0.22699499130249023
Test Loss: 0.0000, Test Accuracy: 0.9967, Energy: -1022243.4375
Time taken:  0.2324662208557129
Test Loss: 0.0000, Test Accuracy: 0.9967, Energy: -1022636.625
Time taken:  0.22789573669433594
Test Loss: 0.0000, Test Accuracy: 0.9967, Energy: -1022910.625
Time taken:  0.2275238037109375
Test Loss: 0.0000, Test Accuracy: 0.9967, Energy: -1023191.5
Time taken:  0.22987771034240723
Test Loss: 0.0000, Test Accuracy: 0.9967, Energy: -1023497.0
Time taken:  0.22710275650024414
Test Loss: 0.0000, Test Accuracy: 0.9967, Energy: -1023717.25
Time taken:  0.2276170253753662
Test Loss: 0.0000, Test Accuracy: 0.9967, Energy: -1023896.9375
Time taken:  0.23798441886901855
Test Loss: 0.0000, Test Accuracy: 0.9967, Energy: -1024083.125
Time taken:  0.22467994689941406
Test Loss: 0.0000, Test Accuracy: 0.9967, Energy: -1024258.5
Time taken:  0.23189902305603027
Test Loss: 0.0000, Test Accuracy: 0.9967, Energy: -1024389.375
Time taken:  0.23099756240844727
Test Loss: 0.0000, Test Accuracy: 0.9967, Energy: -1024535.25
Time taken:  0.22860074043273926
Test Loss: 0.0000, Test Accuracy: 0.9967, Energy: -1024783.625
Time taken:  0.24523472785949707
Test Loss: 0.0000, Test Accuracy: 0.9967, Energy: -1024892.6875
Time taken:  0.23023295402526855
Test Loss: 0.0000, Test Accuracy: 0.9967, Energy: -1025045.25
Time taken:  0.231459379196167
Test Loss: 0.0000, Test Accuracy: 0.9967, Energy: -1025115.5625
Time taken:  0.22832393646240234
Test Loss: 0.0000, Test Accuracy: 0.9967, Energy: -1025182.5625
Time taken:  0.23229408264160156
Test Loss: 0.0000, Test Accuracy: 0.9967, Energy: -1025250.375
Time taken:  0.23090767860412598
Test Loss: 0.0000, Test Accuracy: 0.9967, Energy: -1025318.25
Time taken:  0.22652220726013184
Test Loss: 0.0000, Test Accuracy: 0.9967, Energy: -1025435.25
Time taken:  0.22804617881774902
Test Loss: 0.0000, Test Accuracy: 0.9967, Energy: -1025487.375
Time taken:  0.23121428489685059
Test Loss: 0.0000, Test Accuracy: 0.9967, Energy: -1025528.25
Time taken:  0.2356255054473877
Test Loss: 0.0000, Test Accuracy: 0.9967, Energy: -1025532.3125
Time taken:  0.22880268096923828
Test Loss: 0.0000, Test Accuracy: 0.9967, Energy: -1025555.5
Time taken:  0.22803735733032227
Test Loss: 0.0000, Test Accuracy: 0.9967, Energy: -1025595.75
Time taken:  0.232222318649292
Test Loss: 0.0000, Test Accuracy: 0.9967, Energy: -1025619.625
Time taken:  0.23452091217041016
Test Loss: 0.0000, Test Accuracy: 0.9967, Energy: -1025644.4375
Time taken:  0.2418835163116455
Test Loss: 0.0000, Test Accuracy: 0.9967, Energy: -1025671.75
Time taken:  0.23206758499145508
Test Loss: 0.0000, Test Accuracy: 0.9967, Energy: -1025692.25
Time taken:  0.22777700424194336
Test Loss: 0.0000, Test Accuracy: 0.9967, Energy: -1025710.5625
Time taken:  0.22923660278320312
Test Loss: 0.0000, Test Accuracy: 0.9967, Energy: -1025731.4375
Time taken:  0.23415827751159668
Test Loss: 0.0000, Test Accuracy: 0.9967, Energy: -1025757.0
Time taken:  0.227555513381958
Test Loss: 0.0000, Test Accuracy: 0.9967, Energy: -1025770.5625
Time taken:  0.23070669174194336
Test Loss: 0.0000, Test Accuracy: 0.9967, Energy: -1025783.0
Time taken:  0.22732067108154297
Test Loss: 0.0000, Test Accuracy: 0.9967, Energy: -1025794.1875
Time taken:  0.22716641426086426
Test Loss: 0.0000, Test Accuracy: 0.9967, Energy: -1025804.25
Time taken:  0.23016595840454102
Test Loss: 0.0000, Test Accuracy: 0.9967, Energy: -1025813.375
Time taken:  0.22823810577392578
Final accuracies: [0.63, 0.9966666666666667, 1.0, 0.9966666666666667, 0.9966666666666667, 0.9966666666666667, 0.9966666666666667, 0.9966666666666667, 0.9966666666666667, 0.9966666666666667, 0.9966666666666667, 0.9966666666666667, 0.9966666666666667, 0.9966666666666667, 0.9966666666666667, 0.9966666666666667, 0.9966666666666667, 0.9966666666666667, 0.9966666666666667, 0.9966666666666667, 0.9966666666666667, 0.9966666666666667, 0.9966666666666667, 0.9966666666666667, 0.9966666666666667, 0.9966666666666667, 0.9966666666666667, 0.9966666666666667, 0.9966666666666667, 0.9966666666666667, 0.9966666666666667, 0.9966666666666667, 0.9966666666666667, 0.9966666666666667, 0.9966666666666667, 0.9966666666666667, 0.9966666666666667, 0.9966666666666667, 0.9966666666666667, 0.9966666666666667, 0.9966666666666667, 0.9966666666666667, 0.9966666666666667, 0.9966666666666667, 0.9966666666666667, 0.9966666666666667, 0.9966666666666667, 0.9966666666666667, 0.9966666666666667, 0.9966666666666667, 0.9966666666666667, 0.9966666666666667, 0.9966666666666667, 0.9966666666666667, 0.9966666666666667, 0.9966666666666667, 0.9966666666666667, 0.9966666666666667, 0.9966666666666667, 0.9966666666666667, 0.9966666666666667, 0.9966666666666667, 0.9966666666666667, 0.9966666666666667, 0.9966666666666667, 0.9966666666666667, 0.9966666666666667, 0.9966666666666667, 0.9966666666666667, 0.9966666666666667, 0.9966666666666667, 0.9966666666666667, 0.9966666666666667, 0.9966666666666667, 0.9966666666666667, 0.9966666666666667, 0.9966666666666667, 0.9966666666666667, 0.9966666666666667, 0.9966666666666667, 0.9966666666666667, 0.9966666666666667, 0.9966666666666667, 0.9966666666666667, 0.9966666666666667, 0.9966666666666667, 0.9966666666666667, 0.9966666666666667, 0.9966666666666667, 0.9966666666666667, 0.9966666666666667, 0.9966666666666667, 0.9966666666666667, 0.9966666666666667, 0.9966666666666667, 0.9966666666666667, 0.9966666666666667, 0.9966666666666667, 0.9966666666666667, 0.9966666666666667]
Final energies: [201.7291717529297, -306.4918212890625, -4192.677734375, -17749.107421875, -47428.84375, -95147.328125, -157660.21875, -223516.5, -289068.125, -352180.59375, -411698.125, -468499.5625, -520667.5, -566555.125, -609142.25, -646847.6875, -680520.75, -712525.8125, -740208.25, -766235.0, -789210.5, -810282.5, -829959.25, -847710.5, -863044.625, -877905.0625, -891183.375, -902871.0625, -913832.125, -923887.125, -933078.5, -941770.5625, -949381.0, -956479.5, -962530.1875, -968274.125, -973562.6875, -978328.125, -982483.875, -986509.0, -990061.875, -993382.625, -996403.1875, -998954.0, -1001617.5625, -1003798.625, -1005719.875, -1007402.0, -1009125.0, -1010651.3125, -1012046.1875, -1013251.1875, -1014407.5, -1015421.375, -1016314.125, -1017226.25, -1017923.375, -1018622.75, -1019443.25, -1020025.125, -1020562.625, -1020980.75, -1021427.375, -1021899.625, -1022243.4375, -1022636.625, -1022910.625, -1023191.5, -1023497.0, -1023717.25, -1023896.9375, -1024083.125, -1024258.5, -1024389.375, -1024535.25, -1024783.625, -1024892.6875, -1025045.25, -1025115.5625, -1025182.5625, -1025250.375, -1025318.25, -1025435.25, -1025487.375, -1025528.25, -1025532.3125, -1025555.5, -1025595.75, -1025619.625, -1025644.4375, -1025671.75, -1025692.25, -1025710.5625, -1025731.4375, -1025757.0, -1025770.5625, -1025783.0, -1025794.1875, -1025804.25, -1025813.375]
