Running with parameters: hidden=30, use_coupled=true, seed=67, lam=0.1, eta=0.5, batch=100
Test Loss: 0.0000, Test Accuracy: 0.6267, Energy: 73.06212615966797
Time taken:  0.27652812004089355
Test Loss: 0.0000, Test Accuracy: 0.9933, Energy: -3092.70751953125
Time taken:  0.27447032928466797
Test Loss: 0.0000, Test Accuracy: 0.9967, Energy: -17791.837890625
Time taken:  0.2379319667816162
Test Loss: 0.0000, Test Accuracy: 1.0000, Energy: -66954.6171875
Time taken:  0.24002838134765625
Test Loss: 0.0000, Test Accuracy: 1.0000, Energy: -151825.0
Time taken:  0.23891353607177734
Test Loss: 0.0000, Test Accuracy: 0.9967, Energy: -249800.515625
Time taken:  0.24086833000183105
Test Loss: 0.0000, Test Accuracy: 0.9967, Energy: -348339.3125
Time taken:  0.24450421333312988
Test Loss: 0.0000, Test Accuracy: 0.9967, Energy: -435501.125
Time taken:  0.24298858642578125
Test Loss: 0.0000, Test Accuracy: 0.9967, Energy: -512463.65625
Time taken:  0.2521698474884033
Test Loss: 0.0000, Test Accuracy: 0.9967, Energy: -578329.75
Time taken:  0.24587321281433105
Test Loss: 0.0000, Test Accuracy: 0.9967, Energy: -635778.125
Time taken:  0.2463700771331787
Test Loss: 0.0000, Test Accuracy: 0.9967, Energy: -686499.4375
Time taken:  0.2566220760345459
Test Loss: 0.0000, Test Accuracy: 0.9967, Energy: -733167.4375
Time taken:  0.24994373321533203
Test Loss: 0.0000, Test Accuracy: 0.9967, Energy: -774362.0
Time taken:  0.27345848083496094
Test Loss: 0.0000, Test Accuracy: 0.9967, Energy: -812023.625
Time taken:  0.24743199348449707
Test Loss: 0.0000, Test Accuracy: 0.9967, Energy: -846343.125
Time taken:  0.2715005874633789
Test Loss: 0.0000, Test Accuracy: 0.9967, Energy: -876559.0
Time taken:  0.24618196487426758
Test Loss: 0.0000, Test Accuracy: 0.9967, Energy: -904377.75
Time taken:  0.24615740776062012
Test Loss: 0.0000, Test Accuracy: 0.9967, Energy: -930089.625
Time taken:  0.24852252006530762
Test Loss: 0.0000, Test Accuracy: 0.9967, Energy: -953149.0
Time taken:  0.2440659999847412
Test Loss: 0.0000, Test Accuracy: 0.9967, Energy: -973956.6875
Time taken:  0.25457310676574707
Test Loss: 0.0000, Test Accuracy: 0.9967, Energy: -992925.4375
Time taken:  0.25066637992858887
Test Loss: 0.0000, Test Accuracy: 0.9967, Energy: -1010206.875
Time taken:  0.2505671977996826
Test Loss: 0.0000, Test Accuracy: 0.9967, Energy: -1025434.0
Time taken:  0.24609994888305664
Test Loss: 0.0000, Test Accuracy: 0.9967, Energy: -1039819.125
Time taken:  0.2471764087677002
Test Loss: 0.0000, Test Accuracy: 0.9967, Energy: -1052887.625
Time taken:  0.24959707260131836
Test Loss: 0.0000, Test Accuracy: 0.9967, Energy: -1064303.25
Time taken:  0.24393081665039062
Test Loss: 0.0000, Test Accuracy: 0.9967, Energy: -1075025.25
Time taken:  0.25066614151000977
Test Loss: 0.0000, Test Accuracy: 0.9967, Energy: -1084928.75
Time taken:  0.24735379219055176
Test Loss: 0.0000, Test Accuracy: 0.9967, Energy: -1093809.5
Time taken:  0.24599981307983398
Test Loss: 0.0000, Test Accuracy: 0.9967, Energy: -1101752.5
Time taken:  0.2449347972869873
Test Loss: 0.0000, Test Accuracy: 0.9967, Energy: -1109326.0
Time taken:  0.2428758144378662
Test Loss: 0.0000, Test Accuracy: 0.9967, Energy: -1115848.75
Time taken:  0.24797844886779785
Test Loss: 0.0000, Test Accuracy: 0.9967, Energy: -1122165.25
Time taken:  0.24367737770080566
Test Loss: 0.0000, Test Accuracy: 0.9967, Energy: -1127777.875
Time taken:  0.23923993110656738
Test Loss: 0.0000, Test Accuracy: 0.9967, Energy: -1132773.75
Time taken:  0.2436656951904297
Test Loss: 0.0000, Test Accuracy: 0.9967, Energy: -1137139.625
Time taken:  0.23365306854248047
Test Loss: 0.0000, Test Accuracy: 0.9967, Energy: -1141097.75
Time taken:  0.23995518684387207
Test Loss: 0.0000, Test Accuracy: 0.9967, Energy: -1144919.625
Time taken:  0.2365577220916748
Test Loss: 0.0000, Test Accuracy: 0.9967, Energy: -1148419.125
Time taken:  0.24015593528747559
Test Loss: 0.0000, Test Accuracy: 0.9967, Energy: -1151410.25
Time taken:  0.25057005882263184
Test Loss: 0.0000, Test Accuracy: 0.9967, Energy: -1154208.75
Time taken:  0.24965620040893555
Test Loss: 0.0000, Test Accuracy: 0.9967, Energy: -1156929.875
Time taken:  0.2559621334075928
Test Loss: 0.0000, Test Accuracy: 0.9967, Energy: -1159434.875
Time taken:  0.24956202507019043
Test Loss: 0.0000, Test Accuracy: 0.9967, Energy: -1161759.25
Time taken:  0.25075578689575195
Test Loss: 0.0000, Test Accuracy: 0.9967, Energy: -1163623.125
Time taken:  0.2532792091369629
Test Loss: 0.0000, Test Accuracy: 0.9967, Energy: -1165612.25
Time taken:  0.24884295463562012
Test Loss: 0.0000, Test Accuracy: 0.9967, Energy: -1167118.25
Time taken:  0.2521519660949707
Test Loss: 0.0000, Test Accuracy: 0.9967, Energy: -1168593.5
Time taken:  0.24495625495910645
Test Loss: 0.0000, Test Accuracy: 0.9967, Energy: -1169932.875
Time taken:  0.24882936477661133
Test Loss: 0.0000, Test Accuracy: 0.9967, Energy: -1171174.75
Time taken:  0.2609727382659912
Test Loss: 0.0000, Test Accuracy: 0.9967, Energy: -1172210.25
Time taken:  0.2534811496734619
Test Loss: 0.0000, Test Accuracy: 0.9967, Energy: -1173069.75
Time taken:  0.2503361701965332
Test Loss: 0.0000, Test Accuracy: 0.9967, Energy: -1174032.625
Time taken:  0.2537829875946045
Test Loss: 0.0000, Test Accuracy: 0.9967, Energy: -1174702.25
Time taken:  0.2589118480682373
Test Loss: 0.0000, Test Accuracy: 0.9967, Energy: -1175460.375
Time taken:  0.2520313262939453
Test Loss: 0.0000, Test Accuracy: 0.9967, Energy: -1176099.875
Time taken:  0.2498471736907959
Test Loss: 0.0000, Test Accuracy: 0.9967, Energy: -1176843.625
Time taken:  0.24949312210083008
Test Loss: 0.0000, Test Accuracy: 0.9967, Energy: -1177447.5
Time taken:  0.24795222282409668
Test Loss: 0.0000, Test Accuracy: 0.9967, Energy: -1177930.75
Time taken:  0.25589728355407715
Test Loss: 0.0000, Test Accuracy: 0.9967, Energy: -1178352.625
Time taken:  0.25130724906921387
Test Loss: 0.0000, Test Accuracy: 0.9967, Energy: -1178811.625
Time taken:  0.2529923915863037
Test Loss: 0.0000, Test Accuracy: 0.9967, Energy: -1179131.0
Time taken:  0.24715018272399902
Test Loss: 0.0000, Test Accuracy: 0.9967, Energy: -1179448.5
Time taken:  0.2456653118133545
Test Loss: 0.0000, Test Accuracy: 0.9967, Energy: -1179785.25
Time taken:  0.24983525276184082
Test Loss: 0.0000, Test Accuracy: 0.9967, Energy: -1180106.625
Time taken:  0.2461097240447998
Test Loss: 0.0000, Test Accuracy: 0.9967, Energy: -1180352.25
Time taken:  0.257904052734375
Test Loss: 0.0000, Test Accuracy: 0.9967, Energy: -1180592.75
Time taken:  0.24909448623657227
Test Loss: 0.0000, Test Accuracy: 0.9967, Energy: -1180906.375
Time taken:  0.2422029972076416
Test Loss: 0.0000, Test Accuracy: 0.9967, Energy: -1181119.625
Time taken:  0.24863910675048828
Test Loss: 0.0000, Test Accuracy: 0.9967, Energy: -1181271.75
Time taken:  0.25666141510009766
Test Loss: 0.0000, Test Accuracy: 0.9967, Energy: -1181413.75
Time taken:  0.24789834022521973
Test Loss: 0.0000, Test Accuracy: 0.9967, Energy: -1181540.75
Time taken:  0.26505422592163086
Test Loss: 0.0000, Test Accuracy: 0.9967, Energy: -1181668.25
Time taken:  0.25188446044921875
Test Loss: 0.0000, Test Accuracy: 0.9967, Energy: -1181797.75
Time taken:  0.2613692283630371
Test Loss: 0.0000, Test Accuracy: 0.9967, Energy: -1181893.375
Time taken:  0.2528665065765381
Test Loss: 0.0000, Test Accuracy: 0.9967, Energy: -1181980.0
Time taken:  0.2562141418457031
Test Loss: 0.0000, Test Accuracy: 0.9967, Energy: -1182058.375
Time taken:  0.2479853630065918
Test Loss: 0.0000, Test Accuracy: 0.9967, Energy: -1182178.5
Time taken:  0.25214695930480957
Test Loss: 0.0000, Test Accuracy: 0.9967, Energy: -1182260.75
Time taken:  0.24643588066101074
Test Loss: 0.0000, Test Accuracy: 0.9967, Energy: -1182319.0
Time taken:  0.24398064613342285
Test Loss: 0.0000, Test Accuracy: 0.9967, Energy: -1182380.0
Time taken:  0.2471623420715332
Test Loss: 0.0000, Test Accuracy: 0.9967, Energy: -1182427.25
Time taken:  0.23818278312683105
Test Loss: 0.0000, Test Accuracy: 0.9967, Energy: -1182490.25
Time taken:  0.24373865127563477
Test Loss: 0.0000, Test Accuracy: 0.9967, Energy: -1182533.375
Time taken:  0.24022865295410156
Test Loss: 0.0000, Test Accuracy: 0.9967, Energy: -1182562.5
Time taken:  0.24158024787902832
Test Loss: 0.0000, Test Accuracy: 0.9967, Energy: -1182615.625
Time taken:  0.24712872505187988
Test Loss: 0.0000, Test Accuracy: 0.9967, Energy: -1182644.5
Time taken:  0.24726462364196777
Test Loss: 0.0000, Test Accuracy: 0.9967, Energy: -1182670.75
Time taken:  0.2514197826385498
Test Loss: 0.0000, Test Accuracy: 0.9967, Energy: -1182694.75
Time taken:  0.24565434455871582
Test Loss: 0.0000, Test Accuracy: 0.9967, Energy: -1182716.25
Time taken:  0.2447049617767334
Test Loss: 0.0000, Test Accuracy: 0.9967, Energy: -1182735.375
Time taken:  0.24393296241760254
Test Loss: 0.0000, Test Accuracy: 0.9967, Energy: -1182758.0
Time taken:  0.24672794342041016
Test Loss: 0.0000, Test Accuracy: 0.9967, Energy: -1182773.75
Time taken:  0.24955320358276367
Test Loss: 0.0000, Test Accuracy: 0.9967, Energy: -1182802.0
Time taken:  0.24325323104858398
Test Loss: 0.0000, Test Accuracy: 0.9967, Energy: -1182815.0
Time taken:  0.24326395988464355
Test Loss: 0.0000, Test Accuracy: 0.9967, Energy: -1182827.0
Time taken:  0.25245189666748047
Test Loss: 0.0000, Test Accuracy: 0.9967, Energy: -1182837.5
Time taken:  0.24292373657226562
Test Loss: 0.0000, Test Accuracy: 0.9967, Energy: -1182847.125
Time taken:  0.24624204635620117
Test Loss: 0.0000, Test Accuracy: 0.9967, Energy: -1182849.25
Time taken:  0.24285387992858887
Final accuracies: [0.6266666666666667, 0.9933333333333333, 0.9966666666666667, 1.0, 1.0, 0.9966666666666667, 0.9966666666666667, 0.9966666666666667, 0.9966666666666667, 0.9966666666666667, 0.9966666666666667, 0.9966666666666667, 0.9966666666666667, 0.9966666666666667, 0.9966666666666667, 0.9966666666666667, 0.9966666666666667, 0.9966666666666667, 0.9966666666666667, 0.9966666666666667, 0.9966666666666667, 0.9966666666666667, 0.9966666666666667, 0.9966666666666667, 0.9966666666666667, 0.9966666666666667, 0.9966666666666667, 0.9966666666666667, 0.9966666666666667, 0.9966666666666667, 0.9966666666666667, 0.9966666666666667, 0.9966666666666667, 0.9966666666666667, 0.9966666666666667, 0.9966666666666667, 0.9966666666666667, 0.9966666666666667, 0.9966666666666667, 0.9966666666666667, 0.9966666666666667, 0.9966666666666667, 0.9966666666666667, 0.9966666666666667, 0.9966666666666667, 0.9966666666666667, 0.9966666666666667, 0.9966666666666667, 0.9966666666666667, 0.9966666666666667, 0.9966666666666667, 0.9966666666666667, 0.9966666666666667, 0.9966666666666667, 0.9966666666666667, 0.9966666666666667, 0.9966666666666667, 0.9966666666666667, 0.9966666666666667, 0.9966666666666667, 0.9966666666666667, 0.9966666666666667, 0.9966666666666667, 0.9966666666666667, 0.9966666666666667, 0.9966666666666667, 0.9966666666666667, 0.9966666666666667, 0.9966666666666667, 0.9966666666666667, 0.9966666666666667, 0.9966666666666667, 0.9966666666666667, 0.9966666666666667, 0.9966666666666667, 0.9966666666666667, 0.9966666666666667, 0.9966666666666667, 0.9966666666666667, 0.9966666666666667, 0.9966666666666667, 0.9966666666666667, 0.9966666666666667, 0.9966666666666667, 0.9966666666666667, 0.9966666666666667, 0.9966666666666667, 0.9966666666666667, 0.9966666666666667, 0.9966666666666667, 0.9966666666666667, 0.9966666666666667, 0.9966666666666667, 0.9966666666666667, 0.9966666666666667, 0.9966666666666667, 0.9966666666666667, 0.9966666666666667, 0.9966666666666667, 0.9966666666666667]
Final energies: [73.06212615966797, -3092.70751953125, -17791.837890625, -66954.6171875, -151825.0, -249800.515625, -348339.3125, -435501.125, -512463.65625, -578329.75, -635778.125, -686499.4375, -733167.4375, -774362.0, -812023.625, -846343.125, -876559.0, -904377.75, -930089.625, -953149.0, -973956.6875, -992925.4375, -1010206.875, -1025434.0, -1039819.125, -1052887.625, -1064303.25, -1075025.25, -1084928.75, -1093809.5, -1101752.5, -1109326.0, -1115848.75, -1122165.25, -1127777.875, -1132773.75, -1137139.625, -1141097.75, -1144919.625, -1148419.125, -1151410.25, -1154208.75, -1156929.875, -1159434.875, -1161759.25, -1163623.125, -1165612.25, -1167118.25, -1168593.5, -1169932.875, -1171174.75, -1172210.25, -1173069.75, -1174032.625, -1174702.25, -1175460.375, -1176099.875, -1176843.625, -1177447.5, -1177930.75, -1178352.625, -1178811.625, -1179131.0, -1179448.5, -1179785.25, -1180106.625, -1180352.25, -1180592.75, -1180906.375, -1181119.625, -1181271.75, -1181413.75, -1181540.75, -1181668.25, -1181797.75, -1181893.375, -1181980.0, -1182058.375, -1182178.5, -1182260.75, -1182319.0, -1182380.0, -1182427.25, -1182490.25, -1182533.375, -1182562.5, -1182615.625, -1182644.5, -1182670.75, -1182694.75, -1182716.25, -1182735.375, -1182758.0, -1182773.75, -1182802.0, -1182815.0, -1182827.0, -1182837.5, -1182847.125, -1182849.25]
