Running with parameters: hidden=30, use_coupled=true, seed=70, lam=0.1, eta=0.5, batch=100
Test Loss: 0.0000, Test Accuracy: 0.5000, Energy: -69.56858825683594
Time taken:  0.2725107669830322
Test Loss: 0.0000, Test Accuracy: 0.9933, Energy: -1853.7080078125
Time taken:  0.2690696716308594
Test Loss: 0.0000, Test Accuracy: 0.9967, Energy: -10700.134765625
Time taken:  0.2353518009185791
Test Loss: 0.0000, Test Accuracy: 0.9933, Energy: -44180.3671875
Time taken:  0.23995685577392578
Test Loss: 0.0000, Test Accuracy: 0.9967, Energy: -111223.96875
Time taken:  0.2446291446685791
Test Loss: 0.0000, Test Accuracy: 0.9967, Energy: -213817.125
Time taken:  0.23892927169799805
Test Loss: 0.0000, Test Accuracy: 0.9967, Energy: -316344.125
Time taken:  0.26395153999328613
Test Loss: 0.0000, Test Accuracy: 0.9967, Energy: -403295.78125
Time taken:  0.24480724334716797
Test Loss: 0.0000, Test Accuracy: 0.9967, Energy: -476838.4375
Time taken:  0.25867652893066406
Test Loss: 0.0000, Test Accuracy: 0.9967, Energy: -541794.125
Time taken:  0.2437753677368164
Test Loss: 0.0000, Test Accuracy: 0.9967, Energy: -598099.75
Time taken:  0.25883007049560547
Test Loss: 0.0000, Test Accuracy: 0.9967, Energy: -648842.8125
Time taken:  0.24442362785339355
Test Loss: 0.0000, Test Accuracy: 0.9967, Energy: -695757.625
Time taken:  0.25200772285461426
Test Loss: 0.0000, Test Accuracy: 0.9967, Energy: -738936.5
Time taken:  0.2497544288635254
Test Loss: 0.0000, Test Accuracy: 0.9967, Energy: -778489.625
Time taken:  0.25521183013916016
Test Loss: 0.0000, Test Accuracy: 0.9967, Energy: -813789.25
Time taken:  0.24722790718078613
Test Loss: 0.0000, Test Accuracy: 0.9967, Energy: -845119.3125
Time taken:  0.25785207748413086
Test Loss: 0.0000, Test Accuracy: 0.9967, Energy: -874613.125
Time taken:  0.24549555778503418
Test Loss: 0.0000, Test Accuracy: 0.9967, Energy: -901775.375
Time taken:  0.2633960247039795
Test Loss: 0.0000, Test Accuracy: 0.9967, Energy: -926616.8125
Time taken:  0.2443246841430664
Test Loss: 0.0000, Test Accuracy: 0.9967, Energy: -949096.125
Time taken:  0.2509779930114746
Test Loss: 0.0000, Test Accuracy: 0.9967, Energy: -969366.875
Time taken:  0.24834942817687988
Test Loss: 0.0000, Test Accuracy: 0.9967, Energy: -987559.625
Time taken:  0.24997210502624512
Test Loss: 0.0000, Test Accuracy: 0.9967, Energy: -1004954.0
Time taken:  0.24376177787780762
Test Loss: 0.0000, Test Accuracy: 0.9967, Energy: -1021322.3125
Time taken:  0.2460176944732666
Test Loss: 0.0000, Test Accuracy: 0.9967, Energy: -1034395.875
Time taken:  0.2462759017944336
Test Loss: 0.0000, Test Accuracy: 0.9967, Energy: -1046955.0
Time taken:  0.24334192276000977
Test Loss: 0.0000, Test Accuracy: 0.9967, Energy: -1059923.25
Time taken:  0.24986886978149414
Test Loss: 0.0000, Test Accuracy: 0.9967, Energy: -1070716.75
Time taken:  0.24595308303833008
Test Loss: 0.0000, Test Accuracy: 0.9967, Energy: -1080408.125
Time taken:  0.24283146858215332
Test Loss: 0.0000, Test Accuracy: 0.9967, Energy: -1088849.75
Time taken:  0.24259233474731445
Test Loss: 0.0000, Test Accuracy: 0.9967, Energy: -1096656.875
Time taken:  0.24031567573547363
Test Loss: 0.0000, Test Accuracy: 0.9967, Energy: -1103664.875
Time taken:  0.24571633338928223
Test Loss: 0.0000, Test Accuracy: 0.9967, Energy: -1109947.625
Time taken:  0.2531588077545166
Test Loss: 0.0000, Test Accuracy: 0.9967, Energy: -1116045.0
Time taken:  0.23989295959472656
Test Loss: 0.0000, Test Accuracy: 0.9967, Energy: -1121845.125
Time taken:  0.24227595329284668
Test Loss: 0.0000, Test Accuracy: 0.9967, Energy: -1126835.75
Time taken:  0.23269224166870117
Test Loss: 0.0000, Test Accuracy: 0.9967, Energy: -1131217.0
Time taken:  0.23617935180664062
Test Loss: 0.0000, Test Accuracy: 0.9967, Energy: -1135300.375
Time taken:  0.23495912551879883
Test Loss: 0.0000, Test Accuracy: 0.9967, Energy: -1139264.625
Time taken:  0.23952627182006836
Test Loss: 0.0000, Test Accuracy: 0.9967, Energy: -1142455.125
Time taken:  0.2488842010498047
Test Loss: 0.0000, Test Accuracy: 0.9967, Energy: -1145557.375
Time taken:  0.24623966217041016
Test Loss: 0.0000, Test Accuracy: 0.9967, Energy: -1148588.625
Time taken:  0.25497889518737793
Test Loss: 0.0000, Test Accuracy: 0.9967, Energy: -1150629.5
Time taken:  0.24958205223083496
Test Loss: 0.0000, Test Accuracy: 0.9967, Energy: -1152789.375
Time taken:  0.254636287689209
Test Loss: 0.0000, Test Accuracy: 0.9967, Energy: -1154844.25
Time taken:  0.24681878089904785
Test Loss: 0.0000, Test Accuracy: 0.9967, Energy: -1156608.5
Time taken:  0.24896717071533203
Test Loss: 0.0000, Test Accuracy: 0.9967, Energy: -1158032.125
Time taken:  0.24892711639404297
Test Loss: 0.0000, Test Accuracy: 0.9967, Energy: -1159778.25
Time taken:  0.24490737915039062
Test Loss: 0.0000, Test Accuracy: 0.9967, Energy: -1161509.875
Time taken:  0.24996161460876465
Test Loss: 0.0000, Test Accuracy: 0.9967, Energy: -1162432.25
Time taken:  0.24856090545654297
Test Loss: 0.0000, Test Accuracy: 0.9967, Energy: -1163430.0
Time taken:  0.25158071517944336
Test Loss: 0.0000, Test Accuracy: 0.9967, Energy: -1164529.625
Time taken:  0.24345064163208008
Test Loss: 0.0000, Test Accuracy: 0.9967, Energy: -1165120.5
Time taken:  0.24925613403320312
Test Loss: 0.0000, Test Accuracy: 0.9967, Energy: -1165785.25
Time taken:  0.2569699287414551
Test Loss: 0.0000, Test Accuracy: 0.9967, Energy: -1166850.625
Time taken:  0.24877095222473145
Test Loss: 0.0000, Test Accuracy: 0.9967, Energy: -1167302.5
Time taken:  0.250136137008667
Test Loss: 0.0000, Test Accuracy: 0.9967, Energy: -1167817.125
Time taken:  0.25937986373901367
Test Loss: 0.0000, Test Accuracy: 0.9967, Energy: -1168557.125
Time taken:  0.24782514572143555
Test Loss: 0.0000, Test Accuracy: 0.9967, Energy: -1169061.375
Time taken:  0.2561790943145752
Test Loss: 0.0000, Test Accuracy: 0.9967, Energy: -1169453.0
Time taken:  0.24862146377563477
Test Loss: 0.0000, Test Accuracy: 0.9967, Energy: -1169796.375
Time taken:  0.2523515224456787
Test Loss: 0.0000, Test Accuracy: 0.9967, Energy: -1170051.75
Time taken:  0.24890470504760742
Test Loss: 0.0000, Test Accuracy: 0.9967, Energy: -1170525.25
Time taken:  0.24475622177124023
Test Loss: 0.0000, Test Accuracy: 0.9967, Energy: -1170871.0
Time taken:  0.24987149238586426
Test Loss: 0.0000, Test Accuracy: 0.9967, Energy: -1170987.125
Time taken:  0.2443845272064209
Test Loss: 0.0000, Test Accuracy: 0.9967, Energy: -1171126.5
Time taken:  0.24982118606567383
Test Loss: 0.0000, Test Accuracy: 0.9967, Energy: -1171319.375
Time taken:  0.24211502075195312
Test Loss: 0.0000, Test Accuracy: 0.9967, Energy: -1171478.0
Time taken:  0.23906826972961426
Test Loss: 0.0000, Test Accuracy: 0.9967, Energy: -1171585.75
Time taken:  0.24817991256713867
Test Loss: 0.0000, Test Accuracy: 0.9967, Energy: -1171874.0
Time taken:  0.23684334754943848
Test Loss: 0.0000, Test Accuracy: 0.9967, Energy: -1171932.875
Time taken:  0.2442915439605713
Test Loss: 0.0000, Test Accuracy: 0.9967, Energy: -1172002.75
Time taken:  0.2386326789855957
Test Loss: 0.0000, Test Accuracy: 0.9967, Energy: -1171946.5
Time taken:  0.24877238273620605
Test Loss: 0.0000, Test Accuracy: 0.9967, Energy: -1171990.875
Time taken:  0.26192188262939453
Test Loss: 0.0000, Test Accuracy: 0.9967, Energy: -1172106.125
Time taken:  0.24936366081237793
Test Loss: 0.0000, Test Accuracy: 0.9967, Energy: -1172124.5
Time taken:  0.25437498092651367
Test Loss: 0.0000, Test Accuracy: 0.9967, Energy: -1172141.75
Time taken:  0.244873046875
Test Loss: 0.0000, Test Accuracy: 0.9967, Energy: -1172164.0
Time taken:  0.24744677543640137
Test Loss: 0.0000, Test Accuracy: 0.9967, Energy: -1172194.875
Time taken:  0.2495887279510498
Test Loss: 0.0000, Test Accuracy: 0.9967, Energy: -1172361.5
Time taken:  0.25395917892456055
Test Loss: 0.0000, Test Accuracy: 0.9967, Energy: -1172511.5
Time taken:  0.24522638320922852
Test Loss: 0.0000, Test Accuracy: 0.9967, Energy: -1172521.75
Time taken:  0.23729419708251953
Test Loss: 0.0000, Test Accuracy: 0.9967, Energy: -1172537.25
Time taken:  0.2413489818572998
Test Loss: 0.0000, Test Accuracy: 0.9967, Energy: -1172504.625
Time taken:  0.2370760440826416
Test Loss: 0.0000, Test Accuracy: 0.9967, Energy: -1172503.125
Time taken:  0.2377028465270996
Test Loss: 0.0000, Test Accuracy: 0.9967, Energy: -1172515.875
Time taken:  0.24434638023376465
Test Loss: 0.0000, Test Accuracy: 0.9967, Energy: -1172527.625
Time taken:  0.2462460994720459
Test Loss: 0.0000, Test Accuracy: 0.9967, Energy: -1172531.625
Time taken:  0.2491300106048584
Test Loss: 0.0000, Test Accuracy: 0.9967, Energy: -1172539.5
Time taken:  0.24602293968200684
Test Loss: 0.0000, Test Accuracy: 0.9967, Energy: -1172552.75
Time taken:  0.255415678024292
Test Loss: 0.0000, Test Accuracy: 0.9967, Energy: -1172555.0
Time taken:  0.24472618103027344
Test Loss: 0.0000, Test Accuracy: 0.9967, Energy: -1172540.25
Time taken:  0.24423670768737793
Test Loss: 0.0000, Test Accuracy: 0.9967, Energy: -1172544.5
Time taken:  0.24898004531860352
Test Loss: 0.0000, Test Accuracy: 0.9967, Energy: -1172535.375
Time taken:  0.24462604522705078
Test Loss: 0.0000, Test Accuracy: 0.9967, Energy: -1172524.375
Time taken:  0.24131393432617188
Test Loss: 0.0000, Test Accuracy: 0.9967, Energy: -1172554.125
Time taken:  0.24545836448669434
Test Loss: 0.0000, Test Accuracy: 0.9967, Energy: -1172471.25
Time taken:  0.24717068672180176
Test Loss: 0.0000, Test Accuracy: 0.9967, Energy: -1172429.0
Time taken:  0.2431926727294922
Test Loss: 0.0000, Test Accuracy: 0.9967, Energy: -1172434.75
Time taken:  0.24048280715942383
Final accuracies: [0.5, 0.9933333333333333, 0.9966666666666667, 0.9933333333333333, 0.9966666666666667, 0.9966666666666667, 0.9966666666666667, 0.9966666666666667, 0.9966666666666667, 0.9966666666666667, 0.9966666666666667, 0.9966666666666667, 0.9966666666666667, 0.9966666666666667, 0.9966666666666667, 0.9966666666666667, 0.9966666666666667, 0.9966666666666667, 0.9966666666666667, 0.9966666666666667, 0.9966666666666667, 0.9966666666666667, 0.9966666666666667, 0.9966666666666667, 0.9966666666666667, 0.9966666666666667, 0.9966666666666667, 0.9966666666666667, 0.9966666666666667, 0.9966666666666667, 0.9966666666666667, 0.9966666666666667, 0.9966666666666667, 0.9966666666666667, 0.9966666666666667, 0.9966666666666667, 0.9966666666666667, 0.9966666666666667, 0.9966666666666667, 0.9966666666666667, 0.9966666666666667, 0.9966666666666667, 0.9966666666666667, 0.9966666666666667, 0.9966666666666667, 0.9966666666666667, 0.9966666666666667, 0.9966666666666667, 0.9966666666666667, 0.9966666666666667, 0.9966666666666667, 0.9966666666666667, 0.9966666666666667, 0.9966666666666667, 0.9966666666666667, 0.9966666666666667, 0.9966666666666667, 0.9966666666666667, 0.9966666666666667, 0.9966666666666667, 0.9966666666666667, 0.9966666666666667, 0.9966666666666667, 0.9966666666666667, 0.9966666666666667, 0.9966666666666667, 0.9966666666666667, 0.9966666666666667, 0.9966666666666667, 0.9966666666666667, 0.9966666666666667, 0.9966666666666667, 0.9966666666666667, 0.9966666666666667, 0.9966666666666667, 0.9966666666666667, 0.9966666666666667, 0.9966666666666667, 0.9966666666666667, 0.9966666666666667, 0.9966666666666667, 0.9966666666666667, 0.9966666666666667, 0.9966666666666667, 0.9966666666666667, 0.9966666666666667, 0.9966666666666667, 0.9966666666666667, 0.9966666666666667, 0.9966666666666667, 0.9966666666666667, 0.9966666666666667, 0.9966666666666667, 0.9966666666666667, 0.9966666666666667, 0.9966666666666667, 0.9966666666666667, 0.9966666666666667, 0.9966666666666667, 0.9966666666666667]
Final energies: [-69.56858825683594, -1853.7080078125, -10700.134765625, -44180.3671875, -111223.96875, -213817.125, -316344.125, -403295.78125, -476838.4375, -541794.125, -598099.75, -648842.8125, -695757.625, -738936.5, -778489.625, -813789.25, -845119.3125, -874613.125, -901775.375, -926616.8125, -949096.125, -969366.875, -987559.625, -1004954.0, -1021322.3125, -1034395.875, -1046955.0, -1059923.25, -1070716.75, -1080408.125, -1088849.75, -1096656.875, -1103664.875, -1109947.625, -1116045.0, -1121845.125, -1126835.75, -1131217.0, -1135300.375, -1139264.625, -1142455.125, -1145557.375, -1148588.625, -1150629.5, -1152789.375, -1154844.25, -1156608.5, -1158032.125, -1159778.25, -1161509.875, -1162432.25, -1163430.0, -1164529.625, -1165120.5, -1165785.25, -1166850.625, -1167302.5, -1167817.125, -1168557.125, -1169061.375, -1169453.0, -1169796.375, -1170051.75, -1170525.25, -1170871.0, -1170987.125, -1171126.5, -1171319.375, -1171478.0, -1171585.75, -1171874.0, -1171932.875, -1172002.75, -1171946.5, -1171990.875, -1172106.125, -1172124.5, -1172141.75, -1172164.0, -1172194.875, -1172361.5, -1172511.5, -1172521.75, -1172537.25, -1172504.625, -1172503.125, -1172515.875, -1172527.625, -1172531.625, -1172539.5, -1172552.75, -1172555.0, -1172540.25, -1172544.5, -1172535.375, -1172524.375, -1172554.125, -1172471.25, -1172429.0, -1172434.75]
