Running with parameters: hidden=30, use_coupled=true, seed=22, lam=0.1, eta=0.5, batch=100
Test Loss: 0.0000, Test Accuracy: 0.9467, Energy: -355.7173156738281
Time taken:  0.3248729705810547
Test Loss: 0.0000, Test Accuracy: 0.9933, Energy: -2003.8995361328125
Time taken:  0.26846885681152344
Test Loss: 0.0000, Test Accuracy: 0.9967, Energy: -9587.27734375
Time taken:  0.23867177963256836
Test Loss: 0.0000, Test Accuracy: 0.9967, Energy: -36005.078125
Time taken:  0.24112868309020996
Test Loss: 0.0000, Test Accuracy: 0.9967, Energy: -83973.7109375
Time taken:  0.2670459747314453
Test Loss: 0.0000, Test Accuracy: 0.9967, Energy: -152633.890625
Time taken:  0.23673367500305176
Test Loss: 0.0000, Test Accuracy: 0.9967, Energy: -228379.71875
Time taken:  0.24320626258850098
Test Loss: 0.0000, Test Accuracy: 0.9967, Energy: -302098.21875
Time taken:  0.23494315147399902
Test Loss: 0.0000, Test Accuracy: 0.9967, Energy: -372127.0
Time taken:  0.23476028442382812
Test Loss: 0.0000, Test Accuracy: 0.9967, Energy: -433890.5625
Time taken:  0.23822641372680664
Test Loss: 0.0000, Test Accuracy: 0.9967, Energy: -488222.65625
Time taken:  0.23265862464904785
Test Loss: 0.0000, Test Accuracy: 0.9967, Energy: -538183.5625
Time taken:  0.2346782684326172
Test Loss: 0.0000, Test Accuracy: 0.9967, Energy: -581927.25
Time taken:  0.23062920570373535
Test Loss: 0.0000, Test Accuracy: 0.9967, Energy: -621828.625
Time taken:  0.2340865135192871
Test Loss: 0.0000, Test Accuracy: 0.9967, Energy: -658356.5
Time taken:  0.24060273170471191
Test Loss: 0.0000, Test Accuracy: 0.9967, Energy: -691486.0
Time taken:  0.24074554443359375
Test Loss: 0.0000, Test Accuracy: 0.9967, Energy: -721830.375
Time taken:  0.23436713218688965
Test Loss: 0.0000, Test Accuracy: 0.9933, Energy: -749197.3125
Time taken:  0.23926234245300293
Test Loss: 0.0000, Test Accuracy: 0.9933, Energy: -773792.125
Time taken:  0.2347724437713623
Test Loss: 0.0000, Test Accuracy: 0.9933, Energy: -795373.75
Time taken:  0.2387235164642334
Test Loss: 0.0000, Test Accuracy: 0.9933, Energy: -815092.375
Time taken:  0.2346329689025879
Test Loss: 0.0000, Test Accuracy: 0.9933, Energy: -833651.125
Time taken:  0.2321760654449463
Test Loss: 0.0000, Test Accuracy: 0.9933, Energy: -851221.875
Time taken:  0.23955655097961426
Test Loss: 0.0000, Test Accuracy: 0.9933, Energy: -866002.25
Time taken:  0.23516273498535156
Test Loss: 0.0000, Test Accuracy: 0.9933, Energy: -879432.375
Time taken:  0.2333512306213379
Test Loss: 0.0000, Test Accuracy: 0.9933, Energy: -891824.625
Time taken:  0.2387239933013916
Test Loss: 0.0000, Test Accuracy: 0.9933, Energy: -902838.3125
Time taken:  0.23328065872192383
Test Loss: 0.0000, Test Accuracy: 0.9933, Energy: -913597.125
Time taken:  0.23780584335327148
Test Loss: 0.0000, Test Accuracy: 0.9933, Energy: -923574.25
Time taken:  0.23369359970092773
Test Loss: 0.0000, Test Accuracy: 0.9933, Energy: -932026.125
Time taken:  0.23290228843688965
Test Loss: 0.0000, Test Accuracy: 0.9933, Energy: -940188.625
Time taken:  0.23800206184387207
Test Loss: 0.0000, Test Accuracy: 0.9933, Energy: -947490.4375
Time taken:  0.2329540252685547
Test Loss: 0.0000, Test Accuracy: 0.9933, Energy: -953800.8125
Time taken:  0.23404669761657715
Test Loss: 0.0000, Test Accuracy: 0.9933, Energy: -959666.0625
Time taken:  0.23718523979187012
Test Loss: 0.0000, Test Accuracy: 0.9933, Energy: -965139.875
Time taken:  0.2318105697631836
Test Loss: 0.0000, Test Accuracy: 0.9933, Energy: -970034.0
Time taken:  0.2378556728363037
Test Loss: 0.0000, Test Accuracy: 0.9933, Energy: -974605.5
Time taken:  0.23346495628356934
Test Loss: 0.0000, Test Accuracy: 0.9933, Energy: -978317.875
Time taken:  0.2326664924621582
Test Loss: 0.0000, Test Accuracy: 0.9933, Energy: -982066.25
Time taken:  0.23619389533996582
Test Loss: 0.0000, Test Accuracy: 0.9933, Energy: -985138.1875
Time taken:  0.23133325576782227
Test Loss: 0.0000, Test Accuracy: 0.9933, Energy: -988336.6875
Time taken:  0.23220539093017578
Test Loss: 0.0000, Test Accuracy: 0.9933, Energy: -991187.3125
Time taken:  0.23787498474121094
Test Loss: 0.0000, Test Accuracy: 0.9933, Energy: -993780.0
Time taken:  0.2328794002532959
Test Loss: 0.0000, Test Accuracy: 0.9933, Energy: -996515.125
Time taken:  0.23408198356628418
Test Loss: 0.0000, Test Accuracy: 0.9933, Energy: -999170.75
Time taken:  0.23858261108398438
Test Loss: 0.0000, Test Accuracy: 0.9933, Energy: -1000751.375
Time taken:  0.23267078399658203
Test Loss: 0.0000, Test Accuracy: 0.9933, Energy: -1002489.375
Time taken:  0.2373199462890625
Test Loss: 0.0000, Test Accuracy: 0.9933, Energy: -1003996.4375
Time taken:  0.23302745819091797
Test Loss: 0.0000, Test Accuracy: 0.9933, Energy: -1005404.625
Time taken:  0.23417949676513672
Test Loss: 0.0000, Test Accuracy: 0.9933, Energy: -1007200.0
Time taken:  0.23940753936767578
Test Loss: 0.0000, Test Accuracy: 0.9933, Energy: -1008324.6875
Time taken:  0.23624777793884277
Test Loss: 0.0000, Test Accuracy: 0.9933, Energy: -1009327.25
Time taken:  0.23547983169555664
Test Loss: 0.0000, Test Accuracy: 0.9933, Energy: -1010257.125
Time taken:  0.24166226387023926
Test Loss: 0.0000, Test Accuracy: 0.9933, Energy: -1011382.0
Time taken:  0.23254823684692383
Test Loss: 0.0000, Test Accuracy: 0.9933, Energy: -1012179.25
Time taken:  0.23725080490112305
Test Loss: 0.0000, Test Accuracy: 0.9933, Energy: -1012945.875
Time taken:  0.23220205307006836
Test Loss: 0.0000, Test Accuracy: 0.9933, Energy: -1013685.875
Time taken:  0.23176074028015137
Test Loss: 0.0000, Test Accuracy: 0.9933, Energy: -1014194.375
Time taken:  0.2378377914428711
Test Loss: 0.0000, Test Accuracy: 0.9933, Energy: -1014832.5625
Time taken:  0.23451590538024902
Test Loss: 0.0000, Test Accuracy: 0.9933, Energy: -1015351.75
Time taken:  0.23246431350708008
Test Loss: 0.0000, Test Accuracy: 0.9933, Energy: -1015802.5
Time taken:  0.23807430267333984
Test Loss: 0.0000, Test Accuracy: 0.9933, Energy: -1016197.75
Time taken:  0.2332165241241455
Test Loss: 0.0000, Test Accuracy: 0.9933, Energy: -1016533.1875
Time taken:  0.2378547191619873
Test Loss: 0.0000, Test Accuracy: 0.9933, Energy: -1016839.0
Time taken:  0.23374676704406738
Test Loss: 0.0000, Test Accuracy: 0.9933, Energy: -1017157.5
Time taken:  0.23379015922546387
Test Loss: 0.0000, Test Accuracy: 0.9933, Energy: -1017412.75
Time taken:  0.2385101318359375
Test Loss: 0.0000, Test Accuracy: 0.9933, Energy: -1017631.1875
Time taken:  0.23324179649353027
Test Loss: 0.0000, Test Accuracy: 0.9933, Energy: -1017839.625
Time taken:  0.23291683197021484
Test Loss: 0.0000, Test Accuracy: 0.9933, Energy: -1017983.875
Time taken:  0.23915982246398926
Test Loss: 0.0000, Test Accuracy: 0.9933, Energy: -1018133.75
Time taken:  0.23374462127685547
Test Loss: 0.0000, Test Accuracy: 0.9933, Energy: -1018319.5
Time taken:  0.2348332405090332
Test Loss: 0.0000, Test Accuracy: 0.9933, Energy: -1018470.5
Time taken:  0.2387404441833496
Test Loss: 0.0000, Test Accuracy: 0.9933, Energy: -1018596.6875
Time taken:  0.23382353782653809
Test Loss: 0.0000, Test Accuracy: 0.9933, Energy: -1018678.0
Time taken:  0.23682641983032227
Test Loss: 0.0000, Test Accuracy: 0.9933, Energy: -1018806.0625
Time taken:  0.23351240158081055
Test Loss: 0.0000, Test Accuracy: 0.9933, Energy: -1018910.625
Time taken:  0.23202037811279297
Test Loss: 0.0000, Test Accuracy: 0.9933, Energy: -1018987.625
Time taken:  0.23915743827819824
Test Loss: 0.0000, Test Accuracy: 0.9933, Energy: -1019093.6875
Time taken:  0.233687162399292
Test Loss: 0.0000, Test Accuracy: 0.9933, Energy: -1019171.625
Time taken:  0.23373627662658691
Test Loss: 0.0000, Test Accuracy: 0.9933, Energy: -1019240.9375
Time taken:  0.23914051055908203
Test Loss: 0.0000, Test Accuracy: 0.9933, Energy: -1019341.75
Time taken:  0.23374438285827637
Test Loss: 0.0000, Test Accuracy: 0.9933, Energy: -1019386.75
Time taken:  0.2371656894683838
Test Loss: 0.0000, Test Accuracy: 0.9933, Energy: -1019419.5
Time taken:  0.23457670211791992
Test Loss: 0.0000, Test Accuracy: 0.9933, Energy: -1019460.25
Time taken:  0.23360347747802734
Test Loss: 0.0000, Test Accuracy: 0.9933, Energy: -1019479.0625
Time taken:  0.23624634742736816
Test Loss: 0.0000, Test Accuracy: 0.9933, Energy: -1019526.375
Time taken:  0.23035597801208496
Test Loss: 0.0000, Test Accuracy: 0.9933, Energy: -1019554.75
Time taken:  0.23555827140808105
Test Loss: 0.0000, Test Accuracy: 0.9933, Energy: -1019570.125
Time taken:  0.2374582290649414
Test Loss: 0.0000, Test Accuracy: 0.9933, Energy: -1019593.125
Time taken:  0.24044322967529297
Test Loss: 0.0000, Test Accuracy: 0.9933, Energy: -1019583.375
Time taken:  0.23915791511535645
Test Loss: 0.0000, Test Accuracy: 0.9933, Energy: -1019590.625
Time taken:  0.23327255249023438
Test Loss: 0.0000, Test Accuracy: 0.9933, Energy: -1019607.375
Time taken:  0.23335671424865723
Test Loss: 0.0000, Test Accuracy: 0.9933, Energy: -1019611.9375
Time taken:  0.23638010025024414
Test Loss: 0.0000, Test Accuracy: 0.9933, Energy: -1019528.375
Time taken:  0.23310565948486328
Test Loss: 0.0000, Test Accuracy: 0.9933, Energy: -1019540.3125
Time taken:  0.23530268669128418
Test Loss: 0.0000, Test Accuracy: 0.9933, Energy: -1019548.8125
Time taken:  0.23854279518127441
Test Loss: 0.0000, Test Accuracy: 0.9933, Energy: -1019565.0625
Time taken:  0.233931303024292
Test Loss: 0.0000, Test Accuracy: 0.9933, Energy: -1019574.0
Time taken:  0.2410726547241211
Test Loss: 0.0000, Test Accuracy: 0.9933, Energy: -1019582.75
Time taken:  0.23109793663024902
Test Loss: 0.0000, Test Accuracy: 0.9933, Energy: -1019600.0625
Time taken:  0.2334437370300293
Final accuracies: [0.9466666666666667, 0.9933333333333333, 0.9966666666666667, 0.9966666666666667, 0.9966666666666667, 0.9966666666666667, 0.9966666666666667, 0.9966666666666667, 0.9966666666666667, 0.9966666666666667, 0.9966666666666667, 0.9966666666666667, 0.9966666666666667, 0.9966666666666667, 0.9966666666666667, 0.9966666666666667, 0.9966666666666667, 0.9933333333333333, 0.9933333333333333, 0.9933333333333333, 0.9933333333333333, 0.9933333333333333, 0.9933333333333333, 0.9933333333333333, 0.9933333333333333, 0.9933333333333333, 0.9933333333333333, 0.9933333333333333, 0.9933333333333333, 0.9933333333333333, 0.9933333333333333, 0.9933333333333333, 0.9933333333333333, 0.9933333333333333, 0.9933333333333333, 0.9933333333333333, 0.9933333333333333, 0.9933333333333333, 0.9933333333333333, 0.9933333333333333, 0.9933333333333333, 0.9933333333333333, 0.9933333333333333, 0.9933333333333333, 0.9933333333333333, 0.9933333333333333, 0.9933333333333333, 0.9933333333333333, 0.9933333333333333, 0.9933333333333333, 0.9933333333333333, 0.9933333333333333, 0.9933333333333333, 0.9933333333333333, 0.9933333333333333, 0.9933333333333333, 0.9933333333333333, 0.9933333333333333, 0.9933333333333333, 0.9933333333333333, 0.9933333333333333, 0.9933333333333333, 0.9933333333333333, 0.9933333333333333, 0.9933333333333333, 0.9933333333333333, 0.9933333333333333, 0.9933333333333333, 0.9933333333333333, 0.9933333333333333, 0.9933333333333333, 0.9933333333333333, 0.9933333333333333, 0.9933333333333333, 0.9933333333333333, 0.9933333333333333, 0.9933333333333333, 0.9933333333333333, 0.9933333333333333, 0.9933333333333333, 0.9933333333333333, 0.9933333333333333, 0.9933333333333333, 0.9933333333333333, 0.9933333333333333, 0.9933333333333333, 0.9933333333333333, 0.9933333333333333, 0.9933333333333333, 0.9933333333333333, 0.9933333333333333, 0.9933333333333333, 0.9933333333333333, 0.9933333333333333, 0.9933333333333333, 0.9933333333333333, 0.9933333333333333, 0.9933333333333333, 0.9933333333333333, 0.9933333333333333]
Final energies: [-355.7173156738281, -2003.8995361328125, -9587.27734375, -36005.078125, -83973.7109375, -152633.890625, -228379.71875, -302098.21875, -372127.0, -433890.5625, -488222.65625, -538183.5625, -581927.25, -621828.625, -658356.5, -691486.0, -721830.375, -749197.3125, -773792.125, -795373.75, -815092.375, -833651.125, -851221.875, -866002.25, -879432.375, -891824.625, -902838.3125, -913597.125, -923574.25, -932026.125, -940188.625, -947490.4375, -953800.8125, -959666.0625, -965139.875, -970034.0, -974605.5, -978317.875, -982066.25, -985138.1875, -988336.6875, -991187.3125, -993780.0, -996515.125, -999170.75, -1000751.375, -1002489.375, -1003996.4375, -1005404.625, -1007200.0, -1008324.6875, -1009327.25, -1010257.125, -1011382.0, -1012179.25, -1012945.875, -1013685.875, -1014194.375, -1014832.5625, -1015351.75, -1015802.5, -1016197.75, -1016533.1875, -1016839.0, -1017157.5, -1017412.75, -1017631.1875, -1017839.625, -1017983.875, -1018133.75, -1018319.5, -1018470.5, -1018596.6875, -1018678.0, -1018806.0625, -1018910.625, -1018987.625, -1019093.6875, -1019171.625, -1019240.9375, -1019341.75, -1019386.75, -1019419.5, -1019460.25, -1019479.0625, -1019526.375, -1019554.75, -1019570.125, -1019593.125, -1019583.375, -1019590.625, -1019607.375, -1019611.9375, -1019528.375, -1019540.3125, -1019548.8125, -1019565.0625, -1019574.0, -1019582.75, -1019600.0625]
