Running with parameters: hidden=30, use_coupled=true, seed=61, lam=0.1, eta=0.5, batch=100
Test Loss: 0.0000, Test Accuracy: 0.8433, Energy: -429.20147705078125
Time taken:  0.2756502628326416
Test Loss: 0.0000, Test Accuracy: 1.0000, Energy: -3555.091064453125
Time taken:  0.27764225006103516
Test Loss: 0.0000, Test Accuracy: 1.0000, Energy: -19339.4921875
Time taken:  0.25085926055908203
Test Loss: 0.0000, Test Accuracy: 1.0000, Energy: -67484.125
Time taken:  0.25092005729675293
Test Loss: 0.0000, Test Accuracy: 0.9967, Energy: -149421.28125
Time taken:  0.24965286254882812
Test Loss: 0.0000, Test Accuracy: 0.9967, Energy: -244297.21875
Time taken:  0.24575233459472656
Test Loss: 0.0000, Test Accuracy: 0.9967, Energy: -334292.25
Time taken:  0.24829936027526855
Test Loss: 0.0000, Test Accuracy: 0.9967, Energy: -412630.875
Time taken:  0.24187040328979492
Test Loss: 0.0000, Test Accuracy: 0.9967, Energy: -478660.4375
Time taken:  0.2422041893005371
Test Loss: 0.0000, Test Accuracy: 0.9967, Energy: -536888.0
Time taken:  0.24747705459594727
Test Loss: 0.0000, Test Accuracy: 0.9967, Energy: -591507.3125
Time taken:  0.23956751823425293
Test Loss: 0.0000, Test Accuracy: 0.9967, Energy: -641801.9375
Time taken:  0.24660587310791016
Test Loss: 0.0000, Test Accuracy: 0.9967, Energy: -685688.5
Time taken:  0.24068331718444824
Test Loss: 0.0000, Test Accuracy: 0.9967, Energy: -726501.625
Time taken:  0.24126577377319336
Test Loss: 0.0000, Test Accuracy: 0.9967, Energy: -763471.625
Time taken:  0.24470973014831543
Test Loss: 0.0000, Test Accuracy: 0.9967, Energy: -797174.0625
Time taken:  0.24135470390319824
Test Loss: 0.0000, Test Accuracy: 0.9967, Energy: -829705.4375
Time taken:  0.23997044563293457
Test Loss: 0.0000, Test Accuracy: 0.9967, Energy: -857311.375
Time taken:  0.24585294723510742
Test Loss: 0.0000, Test Accuracy: 0.9967, Energy: -883460.5
Time taken:  0.24111413955688477
Test Loss: 0.0000, Test Accuracy: 0.9967, Energy: -906840.25
Time taken:  0.24621891975402832
Test Loss: 0.0000, Test Accuracy: 0.9967, Energy: -930008.5625
Time taken:  0.23866057395935059
Test Loss: 0.0000, Test Accuracy: 0.9967, Energy: -949433.75
Time taken:  0.2401738166809082
Test Loss: 0.0000, Test Accuracy: 0.9967, Energy: -968080.9375
Time taken:  0.24237823486328125
Test Loss: 0.0000, Test Accuracy: 0.9967, Energy: -984897.875
Time taken:  0.2412271499633789
Test Loss: 0.0000, Test Accuracy: 0.9967, Energy: -1000145.8125
Time taken:  0.24476075172424316
Test Loss: 0.0000, Test Accuracy: 0.9967, Energy: -1013530.875
Time taken:  0.23965024948120117
Test Loss: 0.0000, Test Accuracy: 0.9967, Energy: -1026222.4375
Time taken:  0.24097824096679688
Test Loss: 0.0000, Test Accuracy: 0.9967, Energy: -1037229.75
Time taken:  0.2461104393005371
Test Loss: 0.0000, Test Accuracy: 0.9967, Energy: -1047204.875
Time taken:  0.24015355110168457
Test Loss: 0.0000, Test Accuracy: 0.9967, Energy: -1056663.375
Time taken:  0.2416675090789795
Test Loss: 0.0000, Test Accuracy: 0.9967, Energy: -1064823.875
Time taken:  0.24558091163635254
Test Loss: 0.0000, Test Accuracy: 0.9967, Energy: -1072669.375
Time taken:  0.24222111701965332
Test Loss: 0.0000, Test Accuracy: 0.9967, Energy: -1079327.0
Time taken:  0.24712157249450684
Test Loss: 0.0000, Test Accuracy: 0.9967, Energy: -1085945.75
Time taken:  0.24135470390319824
Test Loss: 0.0000, Test Accuracy: 0.9967, Energy: -1091745.0
Time taken:  0.23879480361938477
Test Loss: 0.0000, Test Accuracy: 0.9967, Energy: -1096783.5
Time taken:  0.24700498580932617
Test Loss: 0.0000, Test Accuracy: 0.9967, Energy: -1101974.75
Time taken:  0.24247121810913086
Test Loss: 0.0000, Test Accuracy: 0.9967, Energy: -1106416.375
Time taken:  0.24672603607177734
Test Loss: 0.0000, Test Accuracy: 0.9967, Energy: -1110482.5
Time taken:  0.24270391464233398
Test Loss: 0.0000, Test Accuracy: 0.9967, Energy: -1114383.75
Time taken:  0.2462613582611084
Test Loss: 0.0000, Test Accuracy: 0.9967, Energy: -1117708.25
Time taken:  0.2724785804748535
Test Loss: 0.0000, Test Accuracy: 0.9967, Energy: -1120827.875
Time taken:  0.24057650566101074
Test Loss: 0.0000, Test Accuracy: 0.9967, Energy: -1123339.75
Time taken:  0.23998045921325684
Test Loss: 0.0000, Test Accuracy: 0.9967, Energy: -1125625.625
Time taken:  0.2443990707397461
Test Loss: 0.0000, Test Accuracy: 0.9967, Energy: -1127796.0
Time taken:  0.24199438095092773
Test Loss: 0.0000, Test Accuracy: 0.9967, Energy: -1129595.125
Time taken:  0.24542021751403809
Test Loss: 0.0000, Test Accuracy: 0.9967, Energy: -1131651.0
Time taken:  0.24177241325378418
Test Loss: 0.0000, Test Accuracy: 0.9967, Energy: -1133490.0
Time taken:  0.2401587963104248
Test Loss: 0.0000, Test Accuracy: 0.9967, Energy: -1135093.25
Time taken:  0.246795654296875
Test Loss: 0.0000, Test Accuracy: 0.9967, Energy: -1136242.125
Time taken:  0.24117612838745117
Test Loss: 0.0000, Test Accuracy: 0.9967, Energy: -1137635.75
Time taken:  0.24145865440368652
Test Loss: 0.0000, Test Accuracy: 0.9967, Energy: -1138818.25
Time taken:  0.23810982704162598
Test Loss: 0.0000, Test Accuracy: 0.9967, Energy: -1139786.875
Time taken:  0.24187970161437988
Test Loss: 0.0000, Test Accuracy: 0.9967, Energy: -1140805.5
Time taken:  0.24660730361938477
Test Loss: 0.0000, Test Accuracy: 0.9967, Energy: -1141702.125
Time taken:  0.2423841953277588
Test Loss: 0.0000, Test Accuracy: 0.9967, Energy: -1142528.875
Time taken:  0.24043893814086914
Test Loss: 0.0000, Test Accuracy: 0.9967, Energy: -1143444.0
Time taken:  0.24485492706298828
Test Loss: 0.0000, Test Accuracy: 0.9967, Energy: -1144045.75
Time taken:  0.24153375625610352
Test Loss: 0.0000, Test Accuracy: 0.9967, Energy: -1144606.75
Time taken:  0.24331951141357422
Test Loss: 0.0000, Test Accuracy: 0.9967, Energy: -1145147.75
Time taken:  0.23772978782653809
Test Loss: 0.0000, Test Accuracy: 0.9967, Energy: -1145625.25
Time taken:  0.2417912483215332
Test Loss: 0.0000, Test Accuracy: 0.9967, Energy: -1145987.75
Time taken:  0.24631190299987793
Test Loss: 0.0000, Test Accuracy: 0.9967, Energy: -1146377.25
Time taken:  0.24160099029541016
Test Loss: 0.0000, Test Accuracy: 0.9967, Energy: -1146730.875
Time taken:  0.24116182327270508
Test Loss: 0.0000, Test Accuracy: 0.9967, Energy: -1147020.375
Time taken:  0.24594402313232422
Test Loss: 0.0000, Test Accuracy: 0.9967, Energy: -1147199.75
Time taken:  0.24203228950500488
Test Loss: 0.0000, Test Accuracy: 0.9967, Energy: -1147494.625
Time taken:  0.24522042274475098
Test Loss: 0.0000, Test Accuracy: 0.9967, Energy: -1147739.0
Time taken:  0.23947834968566895
Test Loss: 0.0000, Test Accuracy: 0.9967, Energy: -1148128.25
Time taken:  0.23944973945617676
Test Loss: 0.0000, Test Accuracy: 0.9967, Energy: -1148302.5
Time taken:  0.24712228775024414
Test Loss: 0.0000, Test Accuracy: 0.9967, Energy: -1148464.375
Time taken:  0.2418222427368164
Test Loss: 0.0000, Test Accuracy: 0.9967, Energy: -1148602.0
Time taken:  0.25248122215270996
Test Loss: 0.0000, Test Accuracy: 0.9967, Energy: -1148740.75
Time taken:  0.241729736328125
Test Loss: 0.0000, Test Accuracy: 0.9967, Energy: -1148863.5
Time taken:  0.24361824989318848
Test Loss: 0.0000, Test Accuracy: 0.9967, Energy: -1149028.75
Time taken:  0.2441086769104004
Test Loss: 0.0000, Test Accuracy: 0.9967, Energy: -1149252.75
Time taken:  0.2409965991973877
Test Loss: 0.0000, Test Accuracy: 0.9967, Energy: -1149379.25
Time taken:  0.24457478523254395
Test Loss: 0.0000, Test Accuracy: 0.9967, Energy: -1149478.75
Time taken:  0.23995137214660645
Test Loss: 0.0000, Test Accuracy: 0.9967, Energy: -1149571.5
Time taken:  0.2393794059753418
Test Loss: 0.0000, Test Accuracy: 0.9967, Energy: -1149620.875
Time taken:  0.24443387985229492
Test Loss: 0.0000, Test Accuracy: 0.9967, Energy: -1149691.125
Time taken:  0.24103093147277832
Test Loss: 0.0000, Test Accuracy: 0.9967, Energy: -1149742.5
Time taken:  0.24123644828796387
Test Loss: 0.0000, Test Accuracy: 0.9967, Energy: -1149801.875
Time taken:  0.2440943717956543
Test Loss: 0.0000, Test Accuracy: 0.9967, Energy: -1149840.75
Time taken:  0.23917078971862793
Test Loss: 0.0000, Test Accuracy: 0.9967, Energy: -1149883.625
Time taken:  0.24463295936584473
Test Loss: 0.0000, Test Accuracy: 0.9967, Energy: -1149925.25
Time taken:  0.23998713493347168
Test Loss: 0.0000, Test Accuracy: 0.9967, Energy: -1149970.0
Time taken:  0.24058079719543457
Test Loss: 0.0000, Test Accuracy: 0.9967, Energy: -1150012.75
Time taken:  0.2442626953125
Test Loss: 0.0000, Test Accuracy: 0.9967, Energy: -1150038.125
Time taken:  0.24021625518798828
Test Loss: 0.0000, Test Accuracy: 0.9967, Energy: -1150061.25
Time taken:  0.24311614036560059
Test Loss: 0.0000, Test Accuracy: 0.9967, Energy: -1150081.875
Time taken:  0.23775720596313477
Test Loss: 0.0000, Test Accuracy: 0.9967, Energy: -1150107.5
Time taken:  0.24022388458251953
Test Loss: 0.0000, Test Accuracy: 0.9967, Energy: -1150124.375
Time taken:  0.24402499198913574
Test Loss: 0.0000, Test Accuracy: 0.9967, Energy: -1150139.5
Time taken:  0.2398848533630371
Test Loss: 0.0000, Test Accuracy: 0.9967, Energy: -1150165.875
Time taken:  0.2397022247314453
Test Loss: 0.0000, Test Accuracy: 0.9967, Energy: -1150184.875
Time taken:  0.24216723442077637
Test Loss: 0.0000, Test Accuracy: 0.9967, Energy: -1150202.25
Time taken:  0.2390735149383545
Test Loss: 0.0000, Test Accuracy: 0.9967, Energy: -1150212.5
Time taken:  0.24514102935791016
Test Loss: 0.0000, Test Accuracy: 0.9967, Energy: -1150221.625
Time taken:  0.23738932609558105
Test Loss: 0.0000, Test Accuracy: 0.9967, Energy: -1150236.5
Time taken:  0.23436784744262695
Final accuracies: [0.8433333333333334, 1.0, 1.0, 1.0, 0.9966666666666667, 0.9966666666666667, 0.9966666666666667, 0.9966666666666667, 0.9966666666666667, 0.9966666666666667, 0.9966666666666667, 0.9966666666666667, 0.9966666666666667, 0.9966666666666667, 0.9966666666666667, 0.9966666666666667, 0.9966666666666667, 0.9966666666666667, 0.9966666666666667, 0.9966666666666667, 0.9966666666666667, 0.9966666666666667, 0.9966666666666667, 0.9966666666666667, 0.9966666666666667, 0.9966666666666667, 0.9966666666666667, 0.9966666666666667, 0.9966666666666667, 0.9966666666666667, 0.9966666666666667, 0.9966666666666667, 0.9966666666666667, 0.9966666666666667, 0.9966666666666667, 0.9966666666666667, 0.9966666666666667, 0.9966666666666667, 0.9966666666666667, 0.9966666666666667, 0.9966666666666667, 0.9966666666666667, 0.9966666666666667, 0.9966666666666667, 0.9966666666666667, 0.9966666666666667, 0.9966666666666667, 0.9966666666666667, 0.9966666666666667, 0.9966666666666667, 0.9966666666666667, 0.9966666666666667, 0.9966666666666667, 0.9966666666666667, 0.9966666666666667, 0.9966666666666667, 0.9966666666666667, 0.9966666666666667, 0.9966666666666667, 0.9966666666666667, 0.9966666666666667, 0.9966666666666667, 0.9966666666666667, 0.9966666666666667, 0.9966666666666667, 0.9966666666666667, 0.9966666666666667, 0.9966666666666667, 0.9966666666666667, 0.9966666666666667, 0.9966666666666667, 0.9966666666666667, 0.9966666666666667, 0.9966666666666667, 0.9966666666666667, 0.9966666666666667, 0.9966666666666667, 0.9966666666666667, 0.9966666666666667, 0.9966666666666667, 0.9966666666666667, 0.9966666666666667, 0.9966666666666667, 0.9966666666666667, 0.9966666666666667, 0.9966666666666667, 0.9966666666666667, 0.9966666666666667, 0.9966666666666667, 0.9966666666666667, 0.9966666666666667, 0.9966666666666667, 0.9966666666666667, 0.9966666666666667, 0.9966666666666667, 0.9966666666666667, 0.9966666666666667, 0.9966666666666667, 0.9966666666666667, 0.9966666666666667]
Final energies: [-429.20147705078125, -3555.091064453125, -19339.4921875, -67484.125, -149421.28125, -244297.21875, -334292.25, -412630.875, -478660.4375, -536888.0, -591507.3125, -641801.9375, -685688.5, -726501.625, -763471.625, -797174.0625, -829705.4375, -857311.375, -883460.5, -906840.25, -930008.5625, -949433.75, -968080.9375, -984897.875, -1000145.8125, -1013530.875, -1026222.4375, -1037229.75, -1047204.875, -1056663.375, -1064823.875, -1072669.375, -1079327.0, -1085945.75, -1091745.0, -1096783.5, -1101974.75, -1106416.375, -1110482.5, -1114383.75, -1117708.25, -1120827.875, -1123339.75, -1125625.625, -1127796.0, -1129595.125, -1131651.0, -1133490.0, -1135093.25, -1136242.125, -1137635.75, -1138818.25, -1139786.875, -1140805.5, -1141702.125, -1142528.875, -1143444.0, -1144045.75, -1144606.75, -1145147.75, -1145625.25, -1145987.75, -1146377.25, -1146730.875, -1147020.375, -1147199.75, -1147494.625, -1147739.0, -1148128.25, -1148302.5, -1148464.375, -1148602.0, -1148740.75, -1148863.5, -1149028.75, -1149252.75, -1149379.25, -1149478.75, -1149571.5, -1149620.875, -1149691.125, -1149742.5, -1149801.875, -1149840.75, -1149883.625, -1149925.25, -1149970.0, -1150012.75, -1150038.125, -1150061.25, -1150081.875, -1150107.5, -1150124.375, -1150139.5, -1150165.875, -1150184.875, -1150202.25, -1150212.5, -1150221.625, -1150236.5]
