Running with parameters: hidden=30, use_coupled=true, seed=14, lam=0.1, eta=0.5, batch=100
Test Loss: 0.0000, Test Accuracy: 0.7833, Energy: -296.66156005859375
Time taken:  0.3817315101623535
Test Loss: 0.0000, Test Accuracy: 0.9900, Energy: -2993.931640625
Time taken:  0.28859829902648926
Test Loss: 0.0000, Test Accuracy: 0.9933, Energy: -15565.416015625
Time taken:  0.26456284523010254
Test Loss: 0.0000, Test Accuracy: 0.9967, Energy: -57886.6484375
Time taken:  0.24603629112243652
Test Loss: 0.0000, Test Accuracy: 0.9967, Energy: -135331.625
Time taken:  0.24544286727905273
Test Loss: 0.0000, Test Accuracy: 0.9967, Energy: -242041.5
Time taken:  0.24028420448303223
Test Loss: 0.0000, Test Accuracy: 0.9967, Energy: -342049.46875
Time taken:  0.2387523651123047
Test Loss: 0.0000, Test Accuracy: 0.9967, Energy: -432335.875
Time taken:  0.23960375785827637
Test Loss: 0.0000, Test Accuracy: 0.9967, Energy: -510563.34375
Time taken:  0.25972819328308105
Test Loss: 0.0000, Test Accuracy: 0.9967, Energy: -578398.25
Time taken:  0.23777985572814941
Test Loss: 0.0000, Test Accuracy: 0.9967, Energy: -639352.4375
Time taken:  0.24971461296081543
Test Loss: 0.0000, Test Accuracy: 0.9967, Energy: -695303.8125
Time taken:  0.24883723258972168
Test Loss: 0.0000, Test Accuracy: 0.9967, Energy: -745766.75
Time taken:  0.24453449249267578
Test Loss: 0.0000, Test Accuracy: 0.9967, Energy: -790855.625
Time taken:  0.2501664161682129
Test Loss: 0.0000, Test Accuracy: 0.9967, Energy: -830960.75
Time taken:  0.24931669235229492
Test Loss: 0.0000, Test Accuracy: 0.9967, Energy: -866849.125
Time taken:  0.2437894344329834
Test Loss: 0.0000, Test Accuracy: 0.9967, Energy: -900815.625
Time taken:  0.23686456680297852
Test Loss: 0.0000, Test Accuracy: 0.9967, Energy: -930691.75
Time taken:  0.23635601997375488
Test Loss: 0.0000, Test Accuracy: 0.9967, Energy: -958028.375
Time taken:  0.23579716682434082
Test Loss: 0.0000, Test Accuracy: 0.9967, Energy: -983303.875
Time taken:  0.2351377010345459
Test Loss: 0.0000, Test Accuracy: 0.9967, Energy: -1005683.75
Time taken:  0.23231863975524902
Test Loss: 0.0000, Test Accuracy: 0.9967, Energy: -1027364.5
Time taken:  0.23445415496826172
Test Loss: 0.0000, Test Accuracy: 0.9967, Energy: -1046959.5
Time taken:  0.2379140853881836
Test Loss: 0.0000, Test Accuracy: 0.9967, Energy: -1064281.25
Time taken:  0.24315738677978516
Test Loss: 0.0000, Test Accuracy: 0.9967, Energy: -1079449.75
Time taken:  0.2409975528717041
Test Loss: 0.0000, Test Accuracy: 0.9967, Energy: -1093223.25
Time taken:  0.23787546157836914
Test Loss: 0.0000, Test Accuracy: 0.9967, Energy: -1106520.25
Time taken:  0.23778176307678223
Test Loss: 0.0000, Test Accuracy: 0.9967, Energy: -1118627.5
Time taken:  0.23836803436279297
Test Loss: 0.0000, Test Accuracy: 0.9967, Energy: -1129729.0
Time taken:  0.23859500885009766
Test Loss: 0.0000, Test Accuracy: 0.9967, Energy: -1139916.5
Time taken:  0.23847675323486328
Test Loss: 0.0000, Test Accuracy: 0.9967, Energy: -1149106.0
Time taken:  0.23655295372009277
Test Loss: 0.0000, Test Accuracy: 0.9967, Energy: -1157429.25
Time taken:  0.24038958549499512
Test Loss: 0.0000, Test Accuracy: 0.9967, Energy: -1164997.0
Time taken:  0.24797654151916504
Test Loss: 0.0000, Test Accuracy: 0.9967, Energy: -1171633.0
Time taken:  0.2577359676361084
Test Loss: 0.0000, Test Accuracy: 0.9967, Energy: -1178004.0
Time taken:  0.2396376132965088
Test Loss: 0.0000, Test Accuracy: 0.9967, Energy: -1183828.375
Time taken:  0.23962020874023438
Test Loss: 0.0000, Test Accuracy: 0.9967, Energy: -1188755.75
Time taken:  0.23715639114379883
Test Loss: 0.0000, Test Accuracy: 0.9967, Energy: -1194760.0
Time taken:  0.24672985076904297
Test Loss: 0.0000, Test Accuracy: 0.9967, Energy: -1199033.125
Time taken:  0.2365567684173584
Test Loss: 0.0000, Test Accuracy: 0.9967, Energy: -1202829.875
Time taken:  0.25104689598083496
Test Loss: 0.0000, Test Accuracy: 0.9967, Energy: -1206220.375
Time taken:  0.23596453666687012
Test Loss: 0.0000, Test Accuracy: 0.9967, Energy: -1209660.25
Time taken:  0.2359607219696045
Test Loss: 0.0000, Test Accuracy: 0.9967, Energy: -1212273.5
Time taken:  0.23558807373046875
Test Loss: 0.0000, Test Accuracy: 0.9967, Energy: -1215008.75
Time taken:  0.24381279945373535
Test Loss: 0.0000, Test Accuracy: 0.9967, Energy: -1217581.25
Time taken:  0.2546079158782959
Test Loss: 0.0000, Test Accuracy: 0.9967, Energy: -1219622.125
Time taken:  0.23747897148132324
Test Loss: 0.0000, Test Accuracy: 0.9967, Energy: -1221611.875
Time taken:  0.243178129196167
Test Loss: 0.0000, Test Accuracy: 0.9967, Energy: -1223507.25
Time taken:  0.23661470413208008
Test Loss: 0.0000, Test Accuracy: 0.9967, Energy: -1225310.5
Time taken:  0.2390727996826172
Test Loss: 0.0000, Test Accuracy: 0.9967, Energy: -1226562.75
Time taken:  0.23639464378356934
Test Loss: 0.0000, Test Accuracy: 0.9967, Energy: -1227875.0
Time taken:  0.24406838417053223
Test Loss: 0.0000, Test Accuracy: 0.9967, Energy: -1229063.75
Time taken:  0.2553589344024658
Test Loss: 0.0000, Test Accuracy: 0.9967, Energy: -1230102.375
Time taken:  0.23555564880371094
Test Loss: 0.0000, Test Accuracy: 0.9967, Energy: -1231061.25
Time taken:  0.23544001579284668
Test Loss: 0.0000, Test Accuracy: 0.9967, Energy: -1231998.75
Time taken:  0.2332136631011963
Test Loss: 0.0000, Test Accuracy: 0.9967, Energy: -1232979.0
Time taken:  0.24141192436218262
Test Loss: 0.0000, Test Accuracy: 0.9967, Energy: -1233648.875
Time taken:  0.25592517852783203
Test Loss: 0.0000, Test Accuracy: 0.9967, Energy: -1234468.0
Time taken:  0.25300025939941406
Test Loss: 0.0000, Test Accuracy: 0.9967, Energy: -1235064.5
Time taken:  0.2392587661743164
Test Loss: 0.0000, Test Accuracy: 0.9967, Energy: -1235580.75
Time taken:  0.24068212509155273
Test Loss: 0.0000, Test Accuracy: 0.9967, Energy: -1236088.875
Time taken:  0.23543643951416016
Test Loss: 0.0000, Test Accuracy: 0.9967, Energy: -1236681.125
Time taken:  0.23627257347106934
Test Loss: 0.0000, Test Accuracy: 0.9967, Energy: -1237073.0
Time taken:  0.2362971305847168
Test Loss: 0.0000, Test Accuracy: 0.9967, Energy: -1237519.5
Time taken:  0.23767518997192383
Test Loss: 0.0000, Test Accuracy: 0.9967, Energy: -1237835.75
Time taken:  0.24886274337768555
Test Loss: 0.0000, Test Accuracy: 0.9967, Energy: -1238148.625
Time taken:  0.2505366802215576
Test Loss: 0.0000, Test Accuracy: 0.9967, Energy: -1238474.5
Time taken:  0.23674273490905762
Test Loss: 0.0000, Test Accuracy: 0.9967, Energy: -1238683.625
Time taken:  0.23877453804016113
Test Loss: 0.0000, Test Accuracy: 0.9967, Energy: -1238928.5
Time taken:  0.23576068878173828
Test Loss: 0.0000, Test Accuracy: 0.9967, Energy: -1239141.0
Time taken:  0.23596787452697754
Test Loss: 0.0000, Test Accuracy: 0.9967, Energy: -1239326.625
Time taken:  0.23668670654296875
Test Loss: 0.0000, Test Accuracy: 0.9967, Energy: -1239568.0
Time taken:  0.24231648445129395
Test Loss: 0.0000, Test Accuracy: 0.9967, Energy: -1239693.25
Time taken:  0.23961377143859863
Test Loss: 0.0000, Test Accuracy: 0.9967, Energy: -1239829.0
Time taken:  0.24299359321594238
Test Loss: 0.0000, Test Accuracy: 0.9967, Energy: -1239935.75
Time taken:  0.23732280731201172
Test Loss: 0.0000, Test Accuracy: 0.9967, Energy: -1239932.25
Time taken:  0.23966193199157715
Test Loss: 0.0000, Test Accuracy: 0.9967, Energy: -1240016.875
Time taken:  0.23905420303344727
Test Loss: 0.0000, Test Accuracy: 0.9967, Energy: -1240152.0
Time taken:  0.24085092544555664
Test Loss: 0.0000, Test Accuracy: 0.9967, Energy: -1240242.5
Time taken:  0.23709869384765625
Test Loss: 0.0000, Test Accuracy: 0.9967, Energy: -1240344.375
Time taken:  0.23844480514526367
Test Loss: 0.0000, Test Accuracy: 0.9967, Energy: -1240416.0
Time taken:  0.2380046844482422
Test Loss: 0.0000, Test Accuracy: 0.9967, Energy: -1240494.0
Time taken:  0.23843598365783691
Test Loss: 0.0000, Test Accuracy: 0.9967, Energy: -1240553.75
Time taken:  0.23839855194091797
Test Loss: 0.0000, Test Accuracy: 0.9967, Energy: -1240612.5
Time taken:  0.238386869430542
Test Loss: 0.0000, Test Accuracy: 0.9967, Energy: -1240596.375
Time taken:  0.23651385307312012
Test Loss: 0.0000, Test Accuracy: 0.9967, Energy: -1240665.25
Time taken:  0.23865628242492676
Test Loss: 0.0000, Test Accuracy: 0.9967, Energy: -1240481.875
Time taken:  0.23992133140563965
Test Loss: 0.0000, Test Accuracy: 0.9967, Energy: -1240523.375
Time taken:  0.23524260520935059
Test Loss: 0.0000, Test Accuracy: 0.9967, Energy: -1240540.5
Time taken:  0.23655033111572266
Test Loss: 0.0000, Test Accuracy: 0.9967, Energy: -1240576.25
Time taken:  0.24972033500671387
Test Loss: 0.0000, Test Accuracy: 0.9967, Energy: -1240599.25
Time taken:  0.24271869659423828
Test Loss: 0.0000, Test Accuracy: 0.9967, Energy: -1240619.875
Time taken:  0.2379467487335205
Test Loss: 0.0000, Test Accuracy: 0.9967, Energy: -1240650.875
Time taken:  0.23783063888549805
Test Loss: 0.0000, Test Accuracy: 0.9967, Energy: -1240667.875
Time taken:  0.2378249168395996
Test Loss: 0.0000, Test Accuracy: 0.9967, Energy: -1240683.25
Time taken:  0.2364966869354248
Test Loss: 0.0000, Test Accuracy: 0.9967, Energy: -1240697.0
Time taken:  0.23737764358520508
Test Loss: 0.0000, Test Accuracy: 0.9967, Energy: -1240709.5
Time taken:  0.23671984672546387
Test Loss: 0.0000, Test Accuracy: 0.9967, Energy: -1240720.875
Time taken:  0.23560810089111328
Test Loss: 0.0000, Test Accuracy: 0.9967, Energy: -1240737.5
Time taken:  0.23538970947265625
Test Loss: 0.0000, Test Accuracy: 0.9967, Energy: -1240746.875
Time taken:  0.23763513565063477
Final accuracies: [0.7833333333333333, 0.99, 0.9933333333333333, 0.9966666666666667, 0.9966666666666667, 0.9966666666666667, 0.9966666666666667, 0.9966666666666667, 0.9966666666666667, 0.9966666666666667, 0.9966666666666667, 0.9966666666666667, 0.9966666666666667, 0.9966666666666667, 0.9966666666666667, 0.9966666666666667, 0.9966666666666667, 0.9966666666666667, 0.9966666666666667, 0.9966666666666667, 0.9966666666666667, 0.9966666666666667, 0.9966666666666667, 0.9966666666666667, 0.9966666666666667, 0.9966666666666667, 0.9966666666666667, 0.9966666666666667, 0.9966666666666667, 0.9966666666666667, 0.9966666666666667, 0.9966666666666667, 0.9966666666666667, 0.9966666666666667, 0.9966666666666667, 0.9966666666666667, 0.9966666666666667, 0.9966666666666667, 0.9966666666666667, 0.9966666666666667, 0.9966666666666667, 0.9966666666666667, 0.9966666666666667, 0.9966666666666667, 0.9966666666666667, 0.9966666666666667, 0.9966666666666667, 0.9966666666666667, 0.9966666666666667, 0.9966666666666667, 0.9966666666666667, 0.9966666666666667, 0.9966666666666667, 0.9966666666666667, 0.9966666666666667, 0.9966666666666667, 0.9966666666666667, 0.9966666666666667, 0.9966666666666667, 0.9966666666666667, 0.9966666666666667, 0.9966666666666667, 0.9966666666666667, 0.9966666666666667, 0.9966666666666667, 0.9966666666666667, 0.9966666666666667, 0.9966666666666667, 0.9966666666666667, 0.9966666666666667, 0.9966666666666667, 0.9966666666666667, 0.9966666666666667, 0.9966666666666667, 0.9966666666666667, 0.9966666666666667, 0.9966666666666667, 0.9966666666666667, 0.9966666666666667, 0.9966666666666667, 0.9966666666666667, 0.9966666666666667, 0.9966666666666667, 0.9966666666666667, 0.9966666666666667, 0.9966666666666667, 0.9966666666666667, 0.9966666666666667, 0.9966666666666667, 0.9966666666666667, 0.9966666666666667, 0.9966666666666667, 0.9966666666666667, 0.9966666666666667, 0.9966666666666667, 0.9966666666666667, 0.9966666666666667, 0.9966666666666667, 0.9966666666666667, 0.9966666666666667]
Final energies: [-296.66156005859375, -2993.931640625, -15565.416015625, -57886.6484375, -135331.625, -242041.5, -342049.46875, -432335.875, -510563.34375, -578398.25, -639352.4375, -695303.8125, -745766.75, -790855.625, -830960.75, -866849.125, -900815.625, -930691.75, -958028.375, -983303.875, -1005683.75, -1027364.5, -1046959.5, -1064281.25, -1079449.75, -1093223.25, -1106520.25, -1118627.5, -1129729.0, -1139916.5, -1149106.0, -1157429.25, -1164997.0, -1171633.0, -1178004.0, -1183828.375, -1188755.75, -1194760.0, -1199033.125, -1202829.875, -1206220.375, -1209660.25, -1212273.5, -1215008.75, -1217581.25, -1219622.125, -1221611.875, -1223507.25, -1225310.5, -1226562.75, -1227875.0, -1229063.75, -1230102.375, -1231061.25, -1231998.75, -1232979.0, -1233648.875, -1234468.0, -1235064.5, -1235580.75, -1236088.875, -1236681.125, -1237073.0, -1237519.5, -1237835.75, -1238148.625, -1238474.5, -1238683.625, -1238928.5, -1239141.0, -1239326.625, -1239568.0, -1239693.25, -1239829.0, -1239935.75, -1239932.25, -1240016.875, -1240152.0, -1240242.5, -1240344.375, -1240416.0, -1240494.0, -1240553.75, -1240612.5, -1240596.375, -1240665.25, -1240481.875, -1240523.375, -1240540.5, -1240576.25, -1240599.25, -1240619.875, -1240650.875, -1240667.875, -1240683.25, -1240697.0, -1240709.5, -1240720.875, -1240737.5, -1240746.875]
