Running with parameters: hidden=50, use_coupled=true, seed=21, lam=0.1, eta=1.0
Test Accuracy: 0.8167, Energy: -71.40
Time Taken:  12.559906244277954
Test Accuracy: 0.8167, Energy: -76.36
Time Taken:  12.491238832473755
Test Accuracy: 0.8167, Energy: -71.27
Time Taken:  12.515087842941284
Test Accuracy: 0.8200, Energy: -69.49
Time Taken:  12.58319640159607
Test Accuracy: 0.8200, Energy: -75.02
Time Taken:  12.498716592788696
Test Accuracy: 0.7767, Energy: -73.54
Time Taken:  12.477400541305542
Test Accuracy: 0.8200, Energy: -73.10
Time Taken:  12.489311456680298
Test Accuracy: 0.8200, Energy: -66.99
Time Taken:  12.516028881072998
Test Accuracy: 0.8533, Energy: -70.74
Time Taken:  12.52380633354187
Test Accuracy: 0.8567, Energy: -68.21
Time Taken:  12.535520315170288
Test Accuracy: 0.7900, Energy: -69.60
Time Taken:  12.52118444442749
Test Accuracy: 0.7767, Energy: -69.53
Time Taken:  12.592939376831055
Test Accuracy: 0.7767, Energy: -71.63
Time Taken:  12.51152229309082
Test Accuracy: 0.8167, Energy: -69.52
Time Taken:  12.514480352401733
Test Accuracy: 0.8267, Energy: -71.61
Time Taken:  12.51995587348938
Test Accuracy: 0.8233, Energy: -72.22
Time Taken:  12.528697967529297
Test Accuracy: 0.8233, Energy: -73.85
Time Taken:  12.53802227973938
Test Accuracy: 0.8200, Energy: -77.12
Time Taken:  12.52983283996582
Test Accuracy: 0.8200, Energy: -79.35
Time Taken:  12.532094955444336
Test Accuracy: 0.7767, Energy: -79.75
Time Taken:  12.586345911026001
Test Accuracy: 0.7733, Energy: -75.48
Time Taken:  12.518557786941528
Test Accuracy: 0.8233, Energy: -76.75
Time Taken:  12.538851976394653
Test Accuracy: 0.8600, Energy: -75.39
Time Taken:  12.549789905548096
Test Accuracy: 0.8633, Energy: -73.28
Time Taken:  12.537616729736328
Test Accuracy: 0.8633, Energy: -66.97
Time Taken:  12.531823873519897
Test Accuracy: 0.8633, Energy: -70.06
Time Taken:  12.529240131378174
Test Accuracy: 0.8667, Energy: -68.72
Time Taken:  12.50499677658081
Test Accuracy: 0.8667, Energy: -65.91
Time Taken:  12.57526159286499
Test Accuracy: 0.8633, Energy: -67.58
Time Taken:  12.519479274749756
Test Accuracy: 0.8600, Energy: -70.20
Time Taken:  12.502532958984375
Test Accuracy: 0.8600, Energy: -70.83
Time Taken:  12.515859842300415
Test Accuracy: 0.8600, Energy: -77.46
Time Taken:  12.51683259010315
Test Accuracy: 0.8267, Energy: -77.13
Time Taken:  12.515616655349731
Test Accuracy: 0.8267, Energy: -81.19
Time Taken:  12.512157678604126
Test Accuracy: 0.8267, Energy: -83.60
Time Taken:  12.527055978775024
Test Accuracy: 0.8267, Energy: -85.65
Time Taken:  12.590404510498047
Test Accuracy: 0.8267, Energy: -85.72
Time Taken:  12.507331371307373
Test Accuracy: 0.8200, Energy: -88.68
Time Taken:  12.52417802810669
Test Accuracy: 0.8167, Energy: -91.17
Time Taken:  12.528515338897705
Test Accuracy: 0.8167, Energy: -95.74
Time Taken:  12.515490293502808
Test Accuracy: 0.8167, Energy: -95.00
Time Taken:  12.523889780044556
Test Accuracy: 0.8200, Energy: -95.25
Time Taken:  12.529466390609741
Test Accuracy: 0.8200, Energy: -95.18
Time Taken:  12.530409812927246
Test Accuracy: 0.8267, Energy: -92.81
Time Taken:  12.561556816101074
Test Accuracy: 0.8233, Energy: -91.20
Time Taken:  12.486791133880615
Test Accuracy: 0.8233, Energy: -94.30
Time Taken:  12.498243808746338
Test Accuracy: 0.8233, Energy: -98.40
Time Taken:  12.49046802520752
Test Accuracy: 0.7833, Energy: -97.49
Time Taken:  12.485107421875
Test Accuracy: 0.7833, Energy: -92.64
Time Taken:  12.495185852050781
Test Accuracy: 0.7833, Energy: -93.70
Time Taken:  12.497599363327026
Test Accuracy: 0.7867, Energy: -96.31
Time Taken:  12.519167184829712
Test Accuracy: 0.7867, Energy: -101.15
Time Taken:  12.54506778717041
Test Accuracy: 0.7867, Energy: -106.31
Time Taken:  12.494338512420654
Test Accuracy: 0.7867, Energy: -108.39
Time Taken:  12.520330429077148
Test Accuracy: 0.7833, Energy: -107.09
Time Taken:  12.533529996871948
Test Accuracy: 0.7833, Energy: -105.58
Time Taken:  12.50733494758606
Test Accuracy: 0.8267, Energy: -99.74
Time Taken:  12.52651858329773
Test Accuracy: 0.8267, Energy: -100.35
Time Taken:  12.512068271636963
Test Accuracy: 0.8267, Energy: -100.58
Time Taken:  12.555297374725342
Test Accuracy: 0.8267, Energy: -103.28
Time Taken:  12.48729681968689
Test Accuracy: 0.8267, Energy: -102.71
Time Taken:  12.516136407852173
Test Accuracy: 0.8233, Energy: -102.96
Time Taken:  12.514977216720581
Test Accuracy: 0.8233, Energy: -102.53
Time Taken:  12.501374006271362
Test Accuracy: 0.8267, Energy: -105.43
Time Taken:  12.501673460006714
Test Accuracy: 0.8267, Energy: -103.84
Time Taken:  12.512051582336426
Test Accuracy: 0.8267, Energy: -106.66
Time Taken:  12.51624321937561
Test Accuracy: 0.8267, Energy: -112.35
Time Taken:  12.568855047225952
Test Accuracy: 0.8267, Energy: -105.95
Time Taken:  12.465810537338257
Test Accuracy: 0.8333, Energy: -104.94
Time Taken:  12.503514289855957
Test Accuracy: 0.8300, Energy: -105.57
Time Taken:  12.509517669677734
Test Accuracy: 0.8300, Energy: -107.75
Time Taken:  12.4935462474823
Test Accuracy: 0.8267, Energy: -109.70
Time Taken:  12.500488996505737
Test Accuracy: 0.8267, Energy: -113.85
Time Taken:  12.535218000411987
Test Accuracy: 0.8267, Energy: -117.22
Time Taken:  12.543726205825806
Test Accuracy: 0.8267, Energy: -118.61
Time Taken:  12.589086294174194
Test Accuracy: 0.8267, Energy: -124.28
Time Taken:  12.500298738479614
Test Accuracy: 0.7833, Energy: -123.88
Time Taken:  12.514376640319824
Test Accuracy: 0.7833, Energy: -124.27
Time Taken:  12.522077322006226
Test Accuracy: 0.7833, Energy: -123.22
Time Taken:  12.533862113952637
Test Accuracy: 0.7833, Energy: -126.19
Time Taken:  12.520182847976685
Test Accuracy: 0.8167, Energy: -124.99
Time Taken:  12.532791137695312
Test Accuracy: 0.7833, Energy: -123.17
Time Taken:  12.53713083267212
Test Accuracy: 0.7833, Energy: -118.96
Time Taken:  12.59197998046875
Test Accuracy: 0.7833, Energy: -121.87
Time Taken:  12.518070220947266
Test Accuracy: 0.7833, Energy: -121.84
Time Taken:  12.537448644638062
Test Accuracy: 0.7833, Energy: -118.77
Time Taken:  12.540485382080078
Test Accuracy: 0.7833, Energy: -112.23
Time Taken:  12.53009295463562
Test Accuracy: 0.7833, Energy: -108.17
Time Taken:  12.515430450439453
Test Accuracy: 0.8200, Energy: -110.65
Time Taken:  12.530434608459473
Test Accuracy: 0.8633, Energy: -110.45
Time Taken:  12.513108968734741
Test Accuracy: 0.8633, Energy: -111.14
Time Taken:  12.577840089797974
Test Accuracy: 0.8100, Energy: -114.99
Time Taken:  12.502533912658691
Test Accuracy: 0.8133, Energy: -117.44
Time Taken:  12.503334999084473
Test Accuracy: 0.7833, Energy: -114.82
Time Taken:  12.52480149269104
Test Accuracy: 0.7900, Energy: -115.61
Time Taken:  12.533960342407227
Test Accuracy: 0.7900, Energy: -116.92
Time Taken:  12.547076225280762
Test Accuracy: 0.7900, Energy: -118.38
Time Taken:  12.528090953826904
Test Accuracy: 0.7900, Energy: -112.98
Time Taken:  12.53969955444336
Test Accuracy: 0.7867, Energy: -111.48
Time Taken:  12.612407207489014
Test Accuracy: 0.8400, Energy: -110.77
Time Taken:  12.42974853515625
Final accuracies: [0.8166666666666667, 0.8166666666666667, 0.8166666666666667, 0.82, 0.82, 0.7766666666666666, 0.82, 0.82, 0.8533333333333334, 0.8566666666666667, 0.79, 0.7766666666666666, 0.7766666666666666, 0.8166666666666667, 0.8266666666666667, 0.8233333333333334, 0.8233333333333334, 0.82, 0.82, 0.7766666666666666, 0.7733333333333333, 0.8233333333333334, 0.86, 0.8633333333333333, 0.8633333333333333, 0.8633333333333333, 0.8666666666666667, 0.8666666666666667, 0.8633333333333333, 0.86, 0.86, 0.86, 0.8266666666666667, 0.8266666666666667, 0.8266666666666667, 0.8266666666666667, 0.8266666666666667, 0.82, 0.8166666666666667, 0.8166666666666667, 0.8166666666666667, 0.82, 0.82, 0.8266666666666667, 0.8233333333333334, 0.8233333333333334, 0.8233333333333334, 0.7833333333333333, 0.7833333333333333, 0.7833333333333333, 0.7866666666666666, 0.7866666666666666, 0.7866666666666666, 0.7866666666666666, 0.7833333333333333, 0.7833333333333333, 0.8266666666666667, 0.8266666666666667, 0.8266666666666667, 0.8266666666666667, 0.8266666666666667, 0.8233333333333334, 0.8233333333333334, 0.8266666666666667, 0.8266666666666667, 0.8266666666666667, 0.8266666666666667, 0.8266666666666667, 0.8333333333333334, 0.83, 0.83, 0.8266666666666667, 0.8266666666666667, 0.8266666666666667, 0.8266666666666667, 0.8266666666666667, 0.7833333333333333, 0.7833333333333333, 0.7833333333333333, 0.7833333333333333, 0.8166666666666667, 0.7833333333333333, 0.7833333333333333, 0.7833333333333333, 0.7833333333333333, 0.7833333333333333, 0.7833333333333333, 0.7833333333333333, 0.82, 0.8633333333333333, 0.8633333333333333, 0.81, 0.8133333333333334, 0.7833333333333333, 0.79, 0.79, 0.79, 0.79, 0.7866666666666666, 0.84]
Final energies: [-71.39979553222656, -76.36161804199219, -71.26718139648438, -69.49002075195312, -75.02095794677734, -73.54241180419922, -73.1012954711914, -66.98907470703125, -70.7403793334961, -68.21133422851562, -69.59952545166016, -69.52550506591797, -71.63224792480469, -69.51661682128906, -71.60939025878906, -72.22236633300781, -73.85052490234375, -77.11646270751953, -79.35498046875, -79.74699401855469, -75.47802734375, -76.74707794189453, -75.39187622070312, -73.27745819091797, -66.97137451171875, -70.05504608154297, -68.71802520751953, -65.912841796875, -67.57959747314453, -70.19908142089844, -70.83013153076172, -77.45659637451172, -77.13411712646484, -81.18663787841797, -83.60249328613281, -85.6472396850586, -85.71881866455078, -88.67701721191406, -91.16543579101562, -95.73886108398438, -94.9984130859375, -95.25401306152344, -95.1782455444336, -92.81365966796875, -91.19696807861328, -94.30195617675781, -98.40469360351562, -97.49285888671875, -92.6436538696289, -93.70221710205078, -96.30713653564453, -101.15169525146484, -106.3099365234375, -108.39054107666016, -107.08770751953125, -105.57769775390625, -99.74479675292969, -100.34754180908203, -100.58338928222656, -103.2832260131836, -102.71073913574219, -102.95930480957031, -102.5299301147461, -105.43315124511719, -103.84159088134766, -106.66410064697266, -112.35360717773438, -105.95174407958984, -104.9422607421875, -105.57120513916016, -107.74659729003906, -109.70271301269531, -113.85121154785156, -117.2217025756836, -118.60579681396484, -124.27589416503906, -123.87891387939453, -124.26842498779297, -123.22273254394531, -126.1949462890625, -124.98518371582031, -123.17263793945312, -118.96170806884766, -121.87200164794922, -121.83753967285156, -118.77438354492188, -112.23289489746094, -108.17180633544922, -110.65261840820312, -110.44612121582031, -111.14216613769531, -114.98906707763672, -117.443359375, -114.81546020507812, -115.6077880859375, -116.91851043701172, -118.37508392333984, -112.98091888427734, -111.47551727294922, -110.76850128173828]
