Running with parameters: hidden=100, use_coupled=true, seed=40
Test Accuracy: 0.9833, Energy: 12.54
Time Taken:  12.860240459442139
Test Accuracy: 0.9833, Energy: 11.97
Time Taken:  12.804835319519043
Test Accuracy: 0.9800, Energy: 10.73
Time Taken:  12.634822130203247
Test Accuracy: 0.9800, Energy: 7.75
Time Taken:  12.575960159301758
Test Accuracy: 0.9800, Energy: 8.13
Time Taken:  12.82260799407959
Test Accuracy: 0.9733, Energy: 5.37
Time Taken:  12.823219537734985
Test Accuracy: 0.9733, Energy: 7.74
Time Taken:  12.850203275680542
Test Accuracy: 0.9733, Energy: 7.70
Time Taken:  12.72044587135315
Test Accuracy: 0.9733, Energy: 4.79
Time Taken:  12.655176639556885
Test Accuracy: 0.9733, Energy: 4.85
Time Taken:  12.841460943222046
Test Accuracy: 0.9733, Energy: 5.56
Time Taken:  12.848956108093262
Test Accuracy: 0.9733, Energy: 6.62
Time Taken:  12.90212106704712
Test Accuracy: 0.9733, Energy: 7.69
Time Taken:  12.619129657745361
Test Accuracy: 0.9733, Energy: 6.92
Time Taken:  12.792068719863892
Test Accuracy: 0.9733, Energy: 4.23
Time Taken:  12.828837871551514
Test Accuracy: 0.9733, Energy: 5.47
Time Taken:  12.84970498085022
Test Accuracy: 0.9733, Energy: 4.44
Time Taken:  12.848811388015747
Test Accuracy: 0.9733, Energy: 2.76
Time Taken:  12.62186336517334
Test Accuracy: 0.9733, Energy: 4.74
Time Taken:  12.844753980636597
Test Accuracy: 0.9733, Energy: 3.34
Time Taken:  12.881134033203125
Test Accuracy: 0.9733, Energy: 7.61
Time Taken:  12.802905321121216
Test Accuracy: 0.9733, Energy: 10.92
Time Taken:  12.557438373565674
Test Accuracy: 0.9733, Energy: 11.51
Time Taken:  12.467350959777832
Test Accuracy: 0.9733, Energy: 12.38
Time Taken:  12.831119060516357
Test Accuracy: 0.9733, Energy: 10.56
Time Taken:  12.832598209381104
Test Accuracy: 0.9733, Energy: 11.98
Time Taken:  12.832412004470825
Test Accuracy: 0.9733, Energy: 13.66
Time Taken:  12.697024583816528
Test Accuracy: 0.9733, Energy: 12.67
Time Taken:  12.645236730575562
Test Accuracy: 0.9733, Energy: 13.79
Time Taken:  12.799662351608276
Test Accuracy: 0.9733, Energy: 12.85
Time Taken:  12.81179928779602
Test Accuracy: 0.9700, Energy: 13.30
Time Taken:  12.82545518875122
Test Accuracy: 0.9700, Energy: 13.09
Time Taken:  12.48678994178772
Test Accuracy: 0.9700, Energy: 14.82
Time Taken:  12.655866384506226
Test Accuracy: 0.9700, Energy: 14.53
Time Taken:  12.842534065246582
Test Accuracy: 0.9700, Energy: 19.13
Time Taken:  12.83419418334961
Test Accuracy: 0.9700, Energy: 18.55
Time Taken:  12.861417293548584
Test Accuracy: 0.9700, Energy: 20.29
Time Taken:  12.509445190429688
Test Accuracy: 0.9700, Energy: 19.90
Time Taken:  12.536208868026733
Test Accuracy: 0.9700, Energy: 22.00
Time Taken:  12.833925485610962
Test Accuracy: 0.9700, Energy: 16.47
Time Taken:  12.835512638092041
Test Accuracy: 0.9733, Energy: 14.17
Time Taken:  12.828473329544067
Test Accuracy: 0.9700, Energy: 11.82
Time Taken:  12.73727035522461
Test Accuracy: 0.9700, Energy: 5.86
Time Taken:  12.641897678375244
Test Accuracy: 0.9700, Energy: 6.34
Time Taken:  12.86035418510437
Test Accuracy: 0.9700, Energy: 3.71
Time Taken:  12.804373502731323
Test Accuracy: 0.9767, Energy: 4.66
Time Taken:  12.830834865570068
Test Accuracy: 0.9767, Energy: 2.89
Time Taken:  12.671202182769775
Test Accuracy: 0.9767, Energy: 3.39
Time Taken:  12.76340937614441
Test Accuracy: 0.9767, Energy: 2.68
Time Taken:  12.846272468566895
Test Accuracy: 0.9733, Energy: 3.06
Time Taken:  12.843814373016357
Test Accuracy: 0.9733, Energy: 5.37
Time Taken:  12.839280605316162
Test Accuracy: 0.9767, Energy: 7.23
Time Taken:  12.634780168533325
Test Accuracy: 0.9767, Energy: 6.55
Time Taken:  12.814884901046753
Test Accuracy: 0.9767, Energy: 8.30
Time Taken:  12.821384191513062
Test Accuracy: 0.9767, Energy: 5.96
Time Taken:  12.839488506317139
Test Accuracy: 0.9767, Energy: 7.24
Time Taken:  12.710831880569458
Test Accuracy: 0.9767, Energy: 9.18
Time Taken:  12.762452125549316
Test Accuracy: 0.9767, Energy: 11.54
Time Taken:  12.850914001464844
Test Accuracy: 0.9767, Energy: 11.85
Time Taken:  12.89991044998169
Test Accuracy: 0.9767, Energy: 9.84
Time Taken:  12.759683847427368
Test Accuracy: 0.9767, Energy: 12.76
Time Taken:  12.476416110992432
Test Accuracy: 0.9767, Energy: 7.60
Time Taken:  12.779186725616455
Test Accuracy: 0.9767, Energy: 5.17
Time Taken:  12.831220865249634
Test Accuracy: 0.9767, Energy: 6.10
Time Taken:  12.819751024246216
Test Accuracy: 0.9767, Energy: 6.87
Time Taken:  12.774802207946777
Test Accuracy: 0.9767, Energy: 6.29
Time Taken:  12.613980531692505
Test Accuracy: 0.9767, Energy: 6.83
Time Taken:  12.881303071975708
Test Accuracy: 0.9767, Energy: 5.54
Time Taken:  12.804484367370605
Test Accuracy: 0.9767, Energy: 6.59
Time Taken:  12.808030605316162
Test Accuracy: 0.9767, Energy: 9.84
Time Taken:  12.649180889129639
Test Accuracy: 0.9733, Energy: 7.46
Time Taken:  12.664639949798584
Test Accuracy: 0.9733, Energy: 9.19
Time Taken:  12.821755170822144
Test Accuracy: 0.9733, Energy: 6.92
Time Taken:  12.841841220855713
Test Accuracy: 0.9733, Energy: 7.28
Time Taken:  12.834981679916382
Test Accuracy: 0.9733, Energy: 2.43
Time Taken:  12.713687658309937
Test Accuracy: 0.9767, Energy: 7.16
Time Taken:  12.789225101470947
Test Accuracy: 0.9800, Energy: 1.86
Time Taken:  12.810925960540771
Test Accuracy: 0.9800, Energy: -2.47
Time Taken:  12.828114032745361
Test Accuracy: 0.9800, Energy: -4.37
Time Taken:  12.727205276489258
Test Accuracy: 0.9800, Energy: -9.35
Time Taken:  12.492098093032837
Test Accuracy: 0.9833, Energy: -6.50
Time Taken:  12.792424440383911
Test Accuracy: 0.9833, Energy: -6.79
Time Taken:  12.859766721725464
Test Accuracy: 0.9833, Energy: -9.28
Time Taken:  12.871044635772705
Test Accuracy: 0.9733, Energy: -9.13
Time Taken:  12.787469148635864
Test Accuracy: 0.9733, Energy: -11.77
Time Taken:  12.628410577774048
Test Accuracy: 0.9700, Energy: -12.43
Time Taken:  12.839769124984741
Test Accuracy: 0.9700, Energy: -10.82
Time Taken:  12.824028253555298
Test Accuracy: 0.9700, Energy: -9.50
Time Taken:  12.830389261245728
Test Accuracy: 0.9700, Energy: -4.47
Time Taken:  12.774146556854248
Test Accuracy: 0.9700, Energy: -8.12
Time Taken:  12.586152791976929
Test Accuracy: 0.9700, Energy: -5.28
Time Taken:  12.88297700881958
Test Accuracy: 0.9700, Energy: -4.25
Time Taken:  12.822585821151733
Test Accuracy: 0.9700, Energy: -7.03
Time Taken:  12.849414587020874
Test Accuracy: 0.9700, Energy: -7.18
Time Taken:  12.693319082260132
Test Accuracy: 0.9700, Energy: -7.98
Time Taken:  12.570046663284302
Test Accuracy: 0.9733, Energy: -13.16
Time Taken:  12.860536813735962
Test Accuracy: 0.9767, Energy: -13.00
Time Taken:  12.85885763168335
Test Accuracy: 0.9767, Energy: -14.72
Time Taken:  12.861872673034668
Test Accuracy: 0.9800, Energy: -10.19
Time Taken:  12.577430248260498
Test Accuracy: 0.9667, Energy: -9.08
Time Taken:  12.148884296417236
Final accuracies: [0.9833333333333333, 0.9833333333333333, 0.98, 0.98, 0.98, 0.9733333333333334, 0.9733333333333334, 0.9733333333333334, 0.9733333333333334, 0.9733333333333334, 0.9733333333333334, 0.9733333333333334, 0.9733333333333334, 0.9733333333333334, 0.9733333333333334, 0.9733333333333334, 0.9733333333333334, 0.9733333333333334, 0.9733333333333334, 0.9733333333333334, 0.9733333333333334, 0.9733333333333334, 0.9733333333333334, 0.9733333333333334, 0.9733333333333334, 0.9733333333333334, 0.9733333333333334, 0.9733333333333334, 0.9733333333333334, 0.9733333333333334, 0.97, 0.97, 0.97, 0.97, 0.97, 0.97, 0.97, 0.97, 0.97, 0.97, 0.9733333333333334, 0.97, 0.97, 0.97, 0.97, 0.9766666666666667, 0.9766666666666667, 0.9766666666666667, 0.9766666666666667, 0.9733333333333334, 0.9733333333333334, 0.9766666666666667, 0.9766666666666667, 0.9766666666666667, 0.9766666666666667, 0.9766666666666667, 0.9766666666666667, 0.9766666666666667, 0.9766666666666667, 0.9766666666666667, 0.9766666666666667, 0.9766666666666667, 0.9766666666666667, 0.9766666666666667, 0.9766666666666667, 0.9766666666666667, 0.9766666666666667, 0.9766666666666667, 0.9766666666666667, 0.9766666666666667, 0.9733333333333334, 0.9733333333333334, 0.9733333333333334, 0.9733333333333334, 0.9733333333333334, 0.9766666666666667, 0.98, 0.98, 0.98, 0.98, 0.9833333333333333, 0.9833333333333333, 0.9833333333333333, 0.9733333333333334, 0.9733333333333334, 0.97, 0.97, 0.97, 0.97, 0.97, 0.97, 0.97, 0.97, 0.97, 0.97, 0.9733333333333334, 0.9766666666666667, 0.9766666666666667, 0.98, 0.9666666666666667]
Final energies: [12.542205810546875, 11.974540710449219, 10.733480453491211, 7.750769138336182, 8.131271362304688, 5.367880344390869, 7.744436740875244, 7.701745986938477, 4.785874366760254, 4.853002548217773, 5.558006286621094, 6.617316722869873, 7.68625545501709, 6.924633979797363, 4.230777263641357, 5.4696502685546875, 4.443691730499268, 2.7628538608551025, 4.74493408203125, 3.340998888015747, 7.606134414672852, 10.919661521911621, 11.51054573059082, 12.382534980773926, 10.557193756103516, 11.975977897644043, 13.656957626342773, 12.669082641601562, 13.790692329406738, 12.849494934082031, 13.301860809326172, 13.092754364013672, 14.817947387695312, 14.528748512268066, 19.133094787597656, 18.55466651916504, 20.290103912353516, 19.901657104492188, 22.003456115722656, 16.472665786743164, 14.168784141540527, 11.82369327545166, 5.864373207092285, 6.335378646850586, 3.713306427001953, 4.658135414123535, 2.885563373565674, 3.389993190765381, 2.684497117996216, 3.0554449558258057, 5.3658223152160645, 7.225541114807129, 6.551855087280273, 8.295493125915527, 5.961264610290527, 7.240854263305664, 9.180007934570312, 11.542551040649414, 11.851383209228516, 9.841676712036133, 12.760940551757812, 7.597392559051514, 5.174296855926514, 6.096804141998291, 6.872006893157959, 6.290557861328125, 6.830638885498047, 5.54416561126709, 6.585143089294434, 9.84151554107666, 7.457736492156982, 9.186227798461914, 6.919252872467041, 7.278087615966797, 2.4319987297058105, 7.164945602416992, 1.8608800172805786, -2.4725265502929688, -4.365782737731934, -9.345809936523438, -6.49880838394165, -6.790948867797852, -9.276250839233398, -9.13012981414795, -11.766733169555664, -12.428601264953613, -10.820711135864258, -9.502253532409668, -4.466078758239746, -8.124394416809082, -5.278232097625732, -4.24936580657959, -7.028496265411377, -7.179738521575928, -7.977524280548096, -13.156651496887207, -12.99717903137207, -14.720941543579102, -10.185758590698242, -9.079025268554688]
