Running with parameters: hidden=100, use_coupled=true, seed=46
Test Accuracy: 0.9067, Energy: 19.17
Time Taken:  12.885462999343872
Test Accuracy: 0.9067, Energy: 20.54
Time Taken:  12.802317142486572
Test Accuracy: 0.9067, Energy: 20.18
Time Taken:  12.637948989868164
Test Accuracy: 0.9067, Energy: 17.04
Time Taken:  12.598793983459473
Test Accuracy: 0.9033, Energy: 14.99
Time Taken:  12.837478637695312
Test Accuracy: 0.9033, Energy: 18.08
Time Taken:  12.84166932106018
Test Accuracy: 0.9167, Energy: 15.39
Time Taken:  12.86155104637146
Test Accuracy: 0.9167, Energy: 17.13
Time Taken:  12.722156286239624
Test Accuracy: 0.9067, Energy: 14.23
Time Taken:  12.660086631774902
Test Accuracy: 0.9067, Energy: 11.35
Time Taken:  12.84885859489441
Test Accuracy: 0.9067, Energy: 9.08
Time Taken:  12.867940187454224
Test Accuracy: 0.9067, Energy: 5.03
Time Taken:  12.923129320144653
Test Accuracy: 0.9167, Energy: 9.80
Time Taken:  12.633036613464355
Test Accuracy: 0.9167, Energy: 7.55
Time Taken:  12.826439142227173
Test Accuracy: 0.9167, Energy: 0.06
Time Taken:  12.834190845489502
Test Accuracy: 0.9167, Energy: -2.16
Time Taken:  12.86396837234497
Test Accuracy: 0.9167, Energy: 0.98
Time Taken:  12.860825538635254
Test Accuracy: 0.9167, Energy: 1.76
Time Taken:  12.641857147216797
Test Accuracy: 0.9167, Energy: -1.07
Time Taken:  12.866445302963257
Test Accuracy: 0.9167, Energy: -5.09
Time Taken:  12.908703565597534
Test Accuracy: 0.9167, Energy: -2.54
Time Taken:  12.826933145523071
Test Accuracy: 0.9033, Energy: 0.60
Time Taken:  12.576411008834839
Test Accuracy: 0.9033, Energy: -0.41
Time Taken:  12.51211667060852
Test Accuracy: 0.9033, Energy: 3.19
Time Taken:  12.852733850479126
Test Accuracy: 0.9033, Energy: 3.14
Time Taken:  12.859897375106812
Test Accuracy: 0.9033, Energy: 0.53
Time Taken:  12.856114387512207
Test Accuracy: 0.9067, Energy: 1.52
Time Taken:  12.705321788787842
Test Accuracy: 0.9067, Energy: 1.06
Time Taken:  12.69383716583252
Test Accuracy: 0.9067, Energy: 2.83
Time Taken:  12.8256676197052
Test Accuracy: 0.9067, Energy: 2.28
Time Taken:  12.839653491973877
Test Accuracy: 0.9067, Energy: 3.18
Time Taken:  12.81259298324585
Test Accuracy: 0.9067, Energy: 7.42
Time Taken:  12.491557359695435
Test Accuracy: 0.9067, Energy: 10.94
Time Taken:  12.68074655532837
Test Accuracy: 0.9067, Energy: 10.89
Time Taken:  12.843808650970459
Test Accuracy: 0.9067, Energy: 13.23
Time Taken:  12.858745813369751
Test Accuracy: 0.9067, Energy: 12.56
Time Taken:  12.89094066619873
Test Accuracy: 0.9067, Energy: 11.68
Time Taken:  12.531149864196777
Test Accuracy: 0.9067, Energy: 10.21
Time Taken:  12.592028856277466
Test Accuracy: 0.9067, Energy: 10.46
Time Taken:  12.850250244140625
Test Accuracy: 0.9067, Energy: 14.15
Time Taken:  12.847798824310303
Test Accuracy: 0.9033, Energy: 14.21
Time Taken:  12.85317611694336
Test Accuracy: 0.9033, Energy: 15.15
Time Taken:  12.736566543579102
Test Accuracy: 0.9033, Energy: 14.09
Time Taken:  12.70897650718689
Test Accuracy: 0.9000, Energy: 6.99
Time Taken:  12.892573356628418
Test Accuracy: 0.9000, Energy: 7.61
Time Taken:  12.821979522705078
Test Accuracy: 0.9000, Energy: 7.83
Time Taken:  12.853880643844604
Test Accuracy: 0.9000, Energy: 4.10
Time Taken:  12.653908729553223
Test Accuracy: 0.9000, Energy: 6.25
Time Taken:  12.806065082550049
Test Accuracy: 0.9000, Energy: 3.38
Time Taken:  12.864798784255981
Test Accuracy: 0.9000, Energy: 3.78
Time Taken:  12.871098756790161
Test Accuracy: 0.9000, Energy: 8.50
Time Taken:  12.875481367111206
Test Accuracy: 0.9000, Energy: 2.98
Time Taken:  12.671094179153442
Test Accuracy: 0.9000, Energy: 0.97
Time Taken:  12.82653522491455
Test Accuracy: 0.9000, Energy: 0.83
Time Taken:  12.846599340438843
Test Accuracy: 0.9000, Energy: -0.87
Time Taken:  12.852021217346191
Test Accuracy: 0.9000, Energy: -4.75
Time Taken:  12.687034130096436
Test Accuracy: 0.9000, Energy: -4.05
Time Taken:  12.816063404083252
Test Accuracy: 0.9000, Energy: -0.11
Time Taken:  12.872956037521362
Test Accuracy: 0.9000, Energy: 0.19
Time Taken:  12.912104368209839
Test Accuracy: 0.9000, Energy: -1.06
Time Taken:  12.755505561828613
Test Accuracy: 0.9000, Energy: -1.84
Time Taken:  12.510915756225586
Test Accuracy: 0.9000, Energy: -2.32
Time Taken:  12.842495203018188
Test Accuracy: 0.9000, Energy: -2.83
Time Taken:  12.861814498901367
Test Accuracy: 0.9000, Energy: -1.89
Time Taken:  12.856284618377686
Test Accuracy: 0.9000, Energy: 2.68
Time Taken:  12.768251895904541
Test Accuracy: 0.9000, Energy: 0.51
Time Taken:  12.672942161560059
Test Accuracy: 0.9000, Energy: 0.85
Time Taken:  12.903140783309937
Test Accuracy: 0.9000, Energy: 2.35
Time Taken:  12.827018022537231
Test Accuracy: 0.9000, Energy: 0.80
Time Taken:  12.834141969680786
Test Accuracy: 0.9000, Energy: 0.62
Time Taken:  12.623636722564697
Test Accuracy: 0.9000, Energy: 0.58
Time Taken:  12.752687215805054
Test Accuracy: 0.9000, Energy: 0.27
Time Taken:  12.85795783996582
Test Accuracy: 0.8967, Energy: -2.23
Time Taken:  12.874211311340332
Test Accuracy: 0.9000, Energy: -1.44
Time Taken:  12.868873357772827
Test Accuracy: 0.9000, Energy: -4.83
Time Taken:  12.695175886154175
Test Accuracy: 0.9000, Energy: -1.74
Time Taken:  12.8315589427948
Test Accuracy: 0.9033, Energy: -0.54
Time Taken:  12.85278034210205
Test Accuracy: 0.9033, Energy: -1.37
Time Taken:  12.853722333908081
Test Accuracy: 0.9033, Energy: -2.18
Time Taken:  12.686675310134888
Test Accuracy: 0.9033, Energy: -1.80
Time Taken:  12.509510278701782
Test Accuracy: 0.9033, Energy: -1.48
Time Taken:  12.846539735794067
Test Accuracy: 0.9033, Energy: -2.32
Time Taken:  12.886587858200073
Test Accuracy: 0.9033, Energy: -6.85
Time Taken:  12.907231330871582
Test Accuracy: 0.9033, Energy: -1.81
Time Taken:  12.827480792999268
Test Accuracy: 0.9067, Energy: -4.73
Time Taken:  12.660128116607666
Test Accuracy: 0.9067, Energy: -8.57
Time Taken:  12.871268272399902
Test Accuracy: 0.9067, Energy: -6.07
Time Taken:  12.867423295974731
Test Accuracy: 0.9067, Energy: -5.03
Time Taken:  12.869147539138794
Test Accuracy: 0.9067, Energy: -8.89
Time Taken:  12.748826503753662
Test Accuracy: 0.9067, Energy: -15.72
Time Taken:  12.674506187438965
Test Accuracy: 0.9067, Energy: -11.10
Time Taken:  12.89193058013916
Test Accuracy: 0.9067, Energy: -8.40
Time Taken:  12.8436918258667
Test Accuracy: 0.9067, Energy: -8.68
Time Taken:  12.863847017288208
Test Accuracy: 0.9067, Energy: -13.42
Time Taken:  12.617716073989868
Test Accuracy: 0.9067, Energy: -14.92
Time Taken:  12.65083384513855
Test Accuracy: 0.9067, Energy: -15.05
Time Taken:  12.873467922210693
Test Accuracy: 0.9067, Energy: -15.15
Time Taken:  12.86815881729126
Test Accuracy: 0.9067, Energy: -17.07
Time Taken:  12.861483097076416
Test Accuracy: 0.9067, Energy: -14.19
Time Taken:  12.554943561553955
Test Accuracy: 0.9067, Energy: -12.32
Time Taken:  11.905060052871704
Final accuracies: [0.9066666666666666, 0.9066666666666666, 0.9066666666666666, 0.9066666666666666, 0.9033333333333333, 0.9033333333333333, 0.9166666666666666, 0.9166666666666666, 0.9066666666666666, 0.9066666666666666, 0.9066666666666666, 0.9066666666666666, 0.9166666666666666, 0.9166666666666666, 0.9166666666666666, 0.9166666666666666, 0.9166666666666666, 0.9166666666666666, 0.9166666666666666, 0.9166666666666666, 0.9166666666666666, 0.9033333333333333, 0.9033333333333333, 0.9033333333333333, 0.9033333333333333, 0.9033333333333333, 0.9066666666666666, 0.9066666666666666, 0.9066666666666666, 0.9066666666666666, 0.9066666666666666, 0.9066666666666666, 0.9066666666666666, 0.9066666666666666, 0.9066666666666666, 0.9066666666666666, 0.9066666666666666, 0.9066666666666666, 0.9066666666666666, 0.9066666666666666, 0.9033333333333333, 0.9033333333333333, 0.9033333333333333, 0.9, 0.9, 0.9, 0.9, 0.9, 0.9, 0.9, 0.9, 0.9, 0.9, 0.9, 0.9, 0.9, 0.9, 0.9, 0.9, 0.9, 0.9, 0.9, 0.9, 0.9, 0.9, 0.9, 0.9, 0.9, 0.9, 0.9, 0.9, 0.9, 0.8966666666666666, 0.9, 0.9, 0.9, 0.9033333333333333, 0.9033333333333333, 0.9033333333333333, 0.9033333333333333, 0.9033333333333333, 0.9033333333333333, 0.9033333333333333, 0.9033333333333333, 0.9066666666666666, 0.9066666666666666, 0.9066666666666666, 0.9066666666666666, 0.9066666666666666, 0.9066666666666666, 0.9066666666666666, 0.9066666666666666, 0.9066666666666666, 0.9066666666666666, 0.9066666666666666, 0.9066666666666666, 0.9066666666666666, 0.9066666666666666, 0.9066666666666666, 0.9066666666666666]
Final energies: [19.172914505004883, 20.538318634033203, 20.179224014282227, 17.038177490234375, 14.986456871032715, 18.07904815673828, 15.393820762634277, 17.13319206237793, 14.23314094543457, 11.351645469665527, 9.084368705749512, 5.025067329406738, 9.798623085021973, 7.554919242858887, 0.06114327162504196, -2.1574056148529053, 0.980847954750061, 1.763100028038025, -1.0714561939239502, -5.094398498535156, -2.5399513244628906, 0.6033734679222107, -0.4142727255821228, 3.1932668685913086, 3.1412343978881836, 0.5308966636657715, 1.5237582921981812, 1.0617388486862183, 2.82704496383667, 2.2821218967437744, 3.177676200866699, 7.420708656311035, 10.936044692993164, 10.886641502380371, 13.234329223632812, 12.557784080505371, 11.681589126586914, 10.211588859558105, 10.461198806762695, 14.148097038269043, 14.210474014282227, 15.146785736083984, 14.089142799377441, 6.991069316864014, 7.6076884269714355, 7.83408260345459, 4.102097988128662, 6.250013828277588, 3.3828160762786865, 3.7820210456848145, 8.496898651123047, 2.9826905727386475, 0.9688761234283447, 0.8332741260528564, -0.8691021800041199, -4.7523345947265625, -4.0460333824157715, -0.11446577310562134, 0.19154997169971466, -1.0559797286987305, -1.8404587507247925, -2.32478928565979, -2.831338882446289, -1.8932995796203613, 2.684818983078003, 0.5124964714050293, 0.8495677709579468, 2.3532676696777344, 0.8012874126434326, 0.6236892938613892, 0.5760810375213623, 0.2670653462409973, -2.2279834747314453, -1.4385613203048706, -4.828376770019531, -1.743703842163086, -0.5394523739814758, -1.3712502717971802, -2.1828291416168213, -1.8013042211532593, -1.480027437210083, -2.321898937225342, -6.851767539978027, -1.8103545904159546, -4.732572555541992, -8.569028854370117, -6.067948341369629, -5.029022693634033, -8.887211799621582, -15.715357780456543, -11.101046562194824, -8.395971298217773, -8.67794418334961, -13.423898696899414, -14.919177055358887, -15.054549217224121, -15.15418815612793, -17.066267013549805, -14.187737464904785, -12.320863723754883]
