Running with parameters: hidden=100, use_coupled=true, seed=48
Test Accuracy: 0.9367, Energy: -21.14
Time Taken:  12.832759380340576
Test Accuracy: 0.9367, Energy: -20.58
Time Taken:  12.75545620918274
Test Accuracy: 0.9367, Energy: -20.80
Time Taken:  12.582998275756836
Test Accuracy: 0.9333, Energy: -18.31
Time Taken:  12.535984754562378
Test Accuracy: 0.9333, Energy: -17.31
Time Taken:  12.767953872680664
Test Accuracy: 0.9300, Energy: -19.37
Time Taken:  12.77722954750061
Test Accuracy: 0.9333, Energy: -16.96
Time Taken:  12.792977333068848
Test Accuracy: 0.9333, Energy: -19.43
Time Taken:  12.67015814781189
Test Accuracy: 0.9333, Energy: -21.58
Time Taken:  12.594333410263062
Test Accuracy: 0.9333, Energy: -22.71
Time Taken:  12.773940563201904
Test Accuracy: 0.9333, Energy: -22.06
Time Taken:  12.777306079864502
Test Accuracy: 0.9333, Energy: -24.12
Time Taken:  12.84020447731018
Test Accuracy: 0.9333, Energy: -24.01
Time Taken:  12.587394714355469
Test Accuracy: 0.9333, Energy: -25.18
Time Taken:  12.72722578048706
Test Accuracy: 0.9333, Energy: -26.24
Time Taken:  12.761791467666626
Test Accuracy: 0.9367, Energy: -25.52
Time Taken:  12.781410455703735
Test Accuracy: 0.9367, Energy: -24.72
Time Taken:  12.779265403747559
Test Accuracy: 0.9367, Energy: -24.17
Time Taken:  12.563480854034424
Test Accuracy: 0.9367, Energy: -22.74
Time Taken:  12.784907579421997
Test Accuracy: 0.9367, Energy: -23.40
Time Taken:  12.831189155578613
Test Accuracy: 0.9367, Energy: -24.75
Time Taken:  12.747645139694214
Test Accuracy: 0.9367, Energy: -27.85
Time Taken:  12.534430503845215
Test Accuracy: 0.9367, Energy: -28.16
Time Taken:  12.40240216255188
Test Accuracy: 0.9367, Energy: -24.90
Time Taken:  12.754668951034546
Test Accuracy: 0.9367, Energy: -26.11
Time Taken:  12.784862279891968
Test Accuracy: 0.9367, Energy: -26.35
Time Taken:  12.790306091308594
Test Accuracy: 0.9367, Energy: -24.60
Time Taken:  12.690451622009277
Test Accuracy: 0.9367, Energy: -27.03
Time Taken:  12.555761098861694
Test Accuracy: 0.9367, Energy: -26.68
Time Taken:  12.753594160079956
Test Accuracy: 0.9367, Energy: -26.58
Time Taken:  12.76547622680664
Test Accuracy: 0.9367, Energy: -24.23
Time Taken:  12.769196510314941
Test Accuracy: 0.9400, Energy: -27.87
Time Taken:  12.457045316696167
Test Accuracy: 0.9400, Energy: -26.38
Time Taken:  12.515252590179443
Test Accuracy: 0.9400, Energy: -28.34
Time Taken:  12.776557922363281
Test Accuracy: 0.9400, Energy: -33.14
Time Taken:  12.783453464508057
Test Accuracy: 0.9433, Energy: -35.60
Time Taken:  12.814829349517822
Test Accuracy: 0.9433, Energy: -39.06
Time Taken:  12.484654903411865
Test Accuracy: 0.9433, Energy: -38.16
Time Taken:  12.433687925338745
Test Accuracy: 0.9433, Energy: -40.46
Time Taken:  12.770692110061646
Test Accuracy: 0.9433, Energy: -38.34
Time Taken:  12.775619268417358
Test Accuracy: 0.9433, Energy: -39.32
Time Taken:  12.759126901626587
Test Accuracy: 0.9433, Energy: -40.07
Time Taken:  12.750030040740967
Test Accuracy: 0.9433, Energy: -38.70
Time Taken:  12.516411542892456
Test Accuracy: 0.9433, Energy: -37.42
Time Taken:  12.827934741973877
Test Accuracy: 0.9400, Energy: -38.49
Time Taken:  12.764050483703613
Test Accuracy: 0.9400, Energy: -37.96
Time Taken:  12.79222846031189
Test Accuracy: 0.9400, Energy: -39.76
Time Taken:  12.69658875465393
Test Accuracy: 0.9400, Energy: -44.26
Time Taken:  12.608958005905151
Test Accuracy: 0.9400, Energy: -45.68
Time Taken:  12.774361610412598
Test Accuracy: 0.9400, Energy: -47.55
Time Taken:  12.779947280883789
Test Accuracy: 0.9433, Energy: -46.91
Time Taken:  12.773748636245728
Test Accuracy: 0.9433, Energy: -49.09
Time Taken:  12.593604326248169
Test Accuracy: 0.9433, Energy: -50.79
Time Taken:  12.758086681365967
Test Accuracy: 0.9433, Energy: -49.00
Time Taken:  12.779179573059082
Test Accuracy: 0.9433, Energy: -51.32
Time Taken:  12.763968706130981
Test Accuracy: 0.9433, Energy: -46.77
Time Taken:  12.709734439849854
Test Accuracy: 0.9433, Energy: -45.92
Time Taken:  12.595683097839355
Test Accuracy: 0.9467, Energy: -46.23
Time Taken:  12.792401552200317
Test Accuracy: 0.9467, Energy: -47.11
Time Taken:  12.829807996749878
Test Accuracy: 0.9467, Energy: -44.92
Time Taken:  12.757397651672363
Test Accuracy: 0.9467, Energy: -44.61
Time Taken:  12.490782499313354
Test Accuracy: 0.9467, Energy: -45.43
Time Taken:  12.615778923034668
Test Accuracy: 0.9467, Energy: -47.35
Time Taken:  12.781777620315552
Test Accuracy: 0.9467, Energy: -49.70
Time Taken:  12.768836498260498
Test Accuracy: 0.9467, Energy: -48.73
Time Taken:  12.783498048782349
Test Accuracy: 0.9467, Energy: -49.70
Time Taken:  12.519389629364014
Test Accuracy: 0.9467, Energy: -51.91
Time Taken:  12.801316261291504
Test Accuracy: 0.9467, Energy: -49.37
Time Taken:  12.760307788848877
Test Accuracy: 0.9467, Energy: -52.22
Time Taken:  12.772179365158081
Test Accuracy: 0.9467, Energy: -52.67
Time Taken:  12.693342208862305
Test Accuracy: 0.9467, Energy: -50.41
Time Taken:  12.50523066520691
Test Accuracy: 0.9467, Energy: -53.94
Time Taken:  12.771689414978027
Test Accuracy: 0.9467, Energy: -47.47
Time Taken:  12.781891345977783
Test Accuracy: 0.9467, Energy: -47.55
Time Taken:  12.781298398971558
Test Accuracy: 0.9467, Energy: -47.06
Time Taken:  12.77167010307312
Test Accuracy: 0.9467, Energy: -49.34
Time Taken:  12.639149188995361
Test Accuracy: 0.9467, Energy: -51.02
Time Taken:  12.77517318725586
Test Accuracy: 0.9467, Energy: -47.22
Time Taken:  12.782710790634155
Test Accuracy: 0.9467, Energy: -44.11
Time Taken:  12.76973819732666
Test Accuracy: 0.9467, Energy: -42.98
Time Taken:  12.456955671310425
Test Accuracy: 0.9467, Energy: -46.70
Time Taken:  12.580693483352661
Test Accuracy: 0.9467, Energy: -48.82
Time Taken:  12.792849063873291
Test Accuracy: 0.9467, Energy: -48.17
Time Taken:  12.82571029663086
Test Accuracy: 0.9467, Energy: -47.29
Time Taken:  12.771976232528687
Test Accuracy: 0.9467, Energy: -43.44
Time Taken:  12.672199010848999
Test Accuracy: 0.9467, Energy: -41.49
Time Taken:  12.746193885803223
Test Accuracy: 0.9467, Energy: -42.92
Time Taken:  12.764450073242188
Test Accuracy: 0.9133, Energy: -45.22
Time Taken:  12.773465633392334
Test Accuracy: 0.9467, Energy: -46.67
Time Taken:  12.781898975372314
Test Accuracy: 0.9467, Energy: -49.18
Time Taken:  12.475239992141724
Test Accuracy: 0.9133, Energy: -52.32
Time Taken:  12.798579931259155
Test Accuracy: 0.9133, Energy: -52.63
Time Taken:  12.770416498184204
Test Accuracy: 0.9133, Energy: -49.37
Time Taken:  12.779603958129883
Test Accuracy: 0.9133, Energy: -54.13
Time Taken:  12.785611391067505
Test Accuracy: 0.9133, Energy: -54.01
Time Taken:  12.427756309509277
Test Accuracy: 0.9133, Energy: -58.08
Time Taken:  12.750290393829346
Test Accuracy: 0.9467, Energy: -55.91
Time Taken:  12.81026577949524
Test Accuracy: 0.9467, Energy: -56.09
Time Taken:  12.786689519882202
Test Accuracy: 0.9433, Energy: -59.57
Time Taken:  12.700895071029663
Test Accuracy: 0.9433, Energy: -58.84
Time Taken:  12.408112287521362
Final accuracies: [0.9366666666666666, 0.9366666666666666, 0.9366666666666666, 0.9333333333333333, 0.9333333333333333, 0.93, 0.9333333333333333, 0.9333333333333333, 0.9333333333333333, 0.9333333333333333, 0.9333333333333333, 0.9333333333333333, 0.9333333333333333, 0.9333333333333333, 0.9333333333333333, 0.9366666666666666, 0.9366666666666666, 0.9366666666666666, 0.9366666666666666, 0.9366666666666666, 0.9366666666666666, 0.9366666666666666, 0.9366666666666666, 0.9366666666666666, 0.9366666666666666, 0.9366666666666666, 0.9366666666666666, 0.9366666666666666, 0.9366666666666666, 0.9366666666666666, 0.9366666666666666, 0.94, 0.94, 0.94, 0.94, 0.9433333333333334, 0.9433333333333334, 0.9433333333333334, 0.9433333333333334, 0.9433333333333334, 0.9433333333333334, 0.9433333333333334, 0.9433333333333334, 0.9433333333333334, 0.94, 0.94, 0.94, 0.94, 0.94, 0.94, 0.9433333333333334, 0.9433333333333334, 0.9433333333333334, 0.9433333333333334, 0.9433333333333334, 0.9433333333333334, 0.9433333333333334, 0.9466666666666667, 0.9466666666666667, 0.9466666666666667, 0.9466666666666667, 0.9466666666666667, 0.9466666666666667, 0.9466666666666667, 0.9466666666666667, 0.9466666666666667, 0.9466666666666667, 0.9466666666666667, 0.9466666666666667, 0.9466666666666667, 0.9466666666666667, 0.9466666666666667, 0.9466666666666667, 0.9466666666666667, 0.9466666666666667, 0.9466666666666667, 0.9466666666666667, 0.9466666666666667, 0.9466666666666667, 0.9466666666666667, 0.9466666666666667, 0.9466666666666667, 0.9466666666666667, 0.9466666666666667, 0.9466666666666667, 0.9466666666666667, 0.9466666666666667, 0.9133333333333333, 0.9466666666666667, 0.9466666666666667, 0.9133333333333333, 0.9133333333333333, 0.9133333333333333, 0.9133333333333333, 0.9133333333333333, 0.9133333333333333, 0.9466666666666667, 0.9466666666666667, 0.9433333333333334, 0.9433333333333334]
Final energies: [-21.135786056518555, -20.582080841064453, -20.79825782775879, -18.31416130065918, -17.3140811920166, -19.367021560668945, -16.959959030151367, -19.425424575805664, -21.57625389099121, -22.71307373046875, -22.05572509765625, -24.11976432800293, -24.009746551513672, -25.183250427246094, -26.242589950561523, -25.515687942504883, -24.720252990722656, -24.170852661132812, -22.735273361206055, -23.395044326782227, -24.74724006652832, -27.848772048950195, -28.156810760498047, -24.899200439453125, -26.11257553100586, -26.345853805541992, -24.601945877075195, -27.02655029296875, -26.67588996887207, -26.582565307617188, -24.231773376464844, -27.87431526184082, -26.375959396362305, -28.34306526184082, -33.137535095214844, -35.602264404296875, -39.05735778808594, -38.16269302368164, -40.46109390258789, -38.3362922668457, -39.319759368896484, -40.06686782836914, -38.69965744018555, -37.422367095947266, -38.494754791259766, -37.95768356323242, -39.75665283203125, -44.26355743408203, -45.67837905883789, -47.5543327331543, -46.91011428833008, -49.09449005126953, -50.78593444824219, -49.000877380371094, -51.317054748535156, -46.76689910888672, -45.92256164550781, -46.23429870605469, -47.11301040649414, -44.92257308959961, -44.60990524291992, -45.42704391479492, -47.347625732421875, -49.697357177734375, -48.732723236083984, -49.70066452026367, -51.9140625, -49.37013244628906, -52.22235870361328, -52.66577911376953, -50.41212844848633, -53.937843322753906, -47.472293853759766, -47.55038833618164, -47.05726623535156, -49.33709716796875, -51.0230712890625, -47.222007751464844, -44.11470031738281, -42.979888916015625, -46.702518463134766, -48.81666946411133, -48.17113494873047, -47.28927230834961, -43.442012786865234, -41.48976516723633, -42.919464111328125, -45.21944808959961, -46.667903900146484, -49.17946243286133, -52.32245635986328, -52.632869720458984, -49.36582946777344, -54.12675857543945, -54.008663177490234, -58.07780075073242, -55.91157531738281, -56.09104537963867, -59.56673049926758, -58.84171676635742]
