Running with parameters: hidden=100, use_coupled=true, seed=47
Test Accuracy: 0.9400, Energy: 0.64
Time Taken:  12.797689199447632
Test Accuracy: 0.9400, Energy: 3.56
Time Taken:  12.727104663848877
Test Accuracy: 0.9400, Energy: 5.35
Time Taken:  12.554449319839478
Test Accuracy: 0.9400, Energy: 4.49
Time Taken:  12.442893743515015
Test Accuracy: 0.9400, Energy: 4.28
Time Taken:  12.745517253875732
Test Accuracy: 0.9400, Energy: 2.28
Time Taken:  12.7454514503479
Test Accuracy: 0.9433, Energy: -2.30
Time Taken:  12.759488105773926
Test Accuracy: 0.9433, Energy: 0.64
Time Taken:  12.64966106414795
Test Accuracy: 0.9433, Energy: 0.61
Time Taken:  12.515412330627441
Test Accuracy: 0.9433, Energy: -2.55
Time Taken:  12.764906883239746
Test Accuracy: 0.9433, Energy: -1.76
Time Taken:  12.76002836227417
Test Accuracy: 0.9467, Energy: -3.48
Time Taken:  12.816906690597534
Test Accuracy: 0.9467, Energy: -6.99
Time Taken:  12.580811738967896
Test Accuracy: 0.9467, Energy: -4.91
Time Taken:  12.670405626296997
Test Accuracy: 0.9467, Energy: -6.29
Time Taken:  12.737268686294556
Test Accuracy: 0.9467, Energy: -6.22
Time Taken:  12.742194175720215
Test Accuracy: 0.9467, Energy: -2.62
Time Taken:  12.753641605377197
Test Accuracy: 0.9467, Energy: -4.12
Time Taken:  12.551272869110107
Test Accuracy: 0.9500, Energy: -6.47
Time Taken:  12.733185291290283
Test Accuracy: 0.9500, Energy: -10.53
Time Taken:  12.802842378616333
Test Accuracy: 0.9533, Energy: -11.24
Time Taken:  12.729094743728638
Test Accuracy: 0.9500, Energy: -14.41
Time Taken:  12.539535522460938
Test Accuracy: 0.9533, Energy: -13.05
Time Taken:  12.357527494430542
Test Accuracy: 0.9533, Energy: -10.21
Time Taken:  12.705530881881714
Test Accuracy: 0.9533, Energy: -10.42
Time Taken:  12.745071411132812
Test Accuracy: 0.9533, Energy: -12.02
Time Taken:  12.754040241241455
Test Accuracy: 0.9533, Energy: -9.09
Time Taken:  12.682231664657593
Test Accuracy: 0.9533, Energy: -12.19
Time Taken:  12.469242811203003
Test Accuracy: 0.9533, Energy: -14.16
Time Taken:  12.742740154266357
Test Accuracy: 0.9533, Energy: -14.20
Time Taken:  12.738271474838257
Test Accuracy: 0.9533, Energy: -17.19
Time Taken:  12.75007939338684
Test Accuracy: 0.9533, Energy: -18.40
Time Taken:  12.441507577896118
Test Accuracy: 0.9500, Energy: -19.08
Time Taken:  12.449604272842407
Test Accuracy: 0.9500, Energy: -17.96
Time Taken:  12.76649785041809
Test Accuracy: 0.9467, Energy: -18.76
Time Taken:  12.760298490524292
Test Accuracy: 0.9467, Energy: -19.65
Time Taken:  12.794536352157593
Test Accuracy: 0.9433, Energy: -20.12
Time Taken:  12.50655722618103
Test Accuracy: 0.9433, Energy: -20.42
Time Taken:  12.38358449935913
Test Accuracy: 0.9433, Energy: -23.47
Time Taken:  12.742615938186646
Test Accuracy: 0.9467, Energy: -23.55
Time Taken:  12.763826847076416
Test Accuracy: 0.9467, Energy: -22.08
Time Taken:  12.751790523529053
Test Accuracy: 0.9333, Energy: -20.55
Time Taken:  12.76189112663269
Test Accuracy: 0.9333, Energy: -18.61
Time Taken:  12.433728694915771
Test Accuracy: 0.9333, Energy: -21.25
Time Taken:  12.811229705810547
Test Accuracy: 0.9333, Energy: -21.05
Time Taken:  12.745713949203491
Test Accuracy: 0.9333, Energy: -21.05
Time Taken:  12.752109289169312
Test Accuracy: 0.9333, Energy: -22.06
Time Taken:  12.717638969421387
Test Accuracy: 0.9333, Energy: -24.93
Time Taken:  12.518392086029053
Test Accuracy: 0.9400, Energy: -29.20
Time Taken:  12.753331661224365
Test Accuracy: 0.9400, Energy: -28.77
Time Taken:  12.757507562637329
Test Accuracy: 0.9400, Energy: -29.62
Time Taken:  12.756370067596436
Test Accuracy: 0.9400, Energy: -30.38
Time Taken:  12.622986316680908
Test Accuracy: 0.9400, Energy: -25.57
Time Taken:  12.670456171035767
Test Accuracy: 0.9400, Energy: -27.79
Time Taken:  12.744364023208618
Test Accuracy: 0.9400, Energy: -25.90
Time Taken:  12.744433879852295
Test Accuracy: 0.9400, Energy: -23.18
Time Taken:  12.729782581329346
Test Accuracy: 0.9400, Energy: -24.05
Time Taken:  12.521273612976074
Test Accuracy: 0.9400, Energy: -25.34
Time Taken:  12.77352499961853
Test Accuracy: 0.9400, Energy: -21.72
Time Taken:  12.819415092468262
Test Accuracy: 0.9400, Energy: -20.81
Time Taken:  12.743443727493286
Test Accuracy: 0.9433, Energy: -21.94
Time Taken:  12.50196361541748
Test Accuracy: 0.9433, Energy: -26.73
Time Taken:  12.508408784866333
Test Accuracy: 0.9433, Energy: -28.85
Time Taken:  12.751105785369873
Test Accuracy: 0.9433, Energy: -28.33
Time Taken:  12.750508546829224
Test Accuracy: 0.9433, Energy: -31.10
Time Taken:  12.75504732131958
Test Accuracy: 0.9433, Energy: -31.83
Time Taken:  12.514868259429932
Test Accuracy: 0.9433, Energy: -32.54
Time Taken:  12.732344388961792
Test Accuracy: 0.9467, Energy: -34.43
Time Taken:  12.727754831314087
Test Accuracy: 0.9467, Energy: -36.18
Time Taken:  12.737396001815796
Test Accuracy: 0.9467, Energy: -34.51
Time Taken:  12.732733249664307
Test Accuracy: 0.9467, Energy: -33.98
Time Taken:  12.38197946548462
Test Accuracy: 0.9467, Energy: -33.37
Time Taken:  12.75670599937439
Test Accuracy: 0.9467, Energy: -33.76
Time Taken:  12.760794639587402
Test Accuracy: 0.9467, Energy: -31.26
Time Taken:  12.76639699935913
Test Accuracy: 0.9467, Energy: -29.35
Time Taken:  12.803851127624512
Test Accuracy: 0.9467, Energy: -30.39
Time Taken:  12.542359113693237
Test Accuracy: 0.9467, Energy: -33.30
Time Taken:  12.749744892120361
Test Accuracy: 0.9467, Energy: -30.60
Time Taken:  12.752226829528809
Test Accuracy: 0.9467, Energy: -32.16
Time Taken:  12.74655795097351
Test Accuracy: 0.9433, Energy: -31.57
Time Taken:  12.472798347473145
Test Accuracy: 0.9433, Energy: -36.52
Time Taken:  12.435147047042847
Test Accuracy: 0.9433, Energy: -36.35
Time Taken:  12.762791872024536
Test Accuracy: 0.9433, Energy: -40.39
Time Taken:  12.805480480194092
Test Accuracy: 0.9467, Energy: -37.56
Time Taken:  12.73535442352295
Test Accuracy: 0.9467, Energy: -39.19
Time Taken:  12.725268840789795
Test Accuracy: 0.9467, Energy: -38.90
Time Taken:  12.608306169509888
Test Accuracy: 0.9433, Energy: -37.80
Time Taken:  12.756739616394043
Test Accuracy: 0.9433, Energy: -39.35
Time Taken:  12.758644580841064
Test Accuracy: 0.9433, Energy: -37.73
Time Taken:  12.764966249465942
Test Accuracy: 0.9433, Energy: -34.33
Time Taken:  12.536770820617676
Test Accuracy: 0.9433, Energy: -35.33
Time Taken:  12.695815563201904
Test Accuracy: 0.9467, Energy: -34.05
Time Taken:  12.744899988174438
Test Accuracy: 0.9467, Energy: -34.05
Time Taken:  12.760016202926636
Test Accuracy: 0.9500, Energy: -31.90
Time Taken:  12.760106086730957
Test Accuracy: 0.9500, Energy: -34.38
Time Taken:  12.435300827026367
Test Accuracy: 0.9467, Energy: -32.16
Time Taken:  12.619972229003906
Test Accuracy: 0.9467, Energy: -28.89
Time Taken:  12.78052568435669
Test Accuracy: 0.9467, Energy: -29.98
Time Taken:  12.765321016311646
Test Accuracy: 0.9467, Energy: -36.20
Time Taken:  12.771039247512817
Test Accuracy: 0.9467, Energy: -41.67
Time Taken:  12.346012592315674
Final accuracies: [0.94, 0.94, 0.94, 0.94, 0.94, 0.94, 0.9433333333333334, 0.9433333333333334, 0.9433333333333334, 0.9433333333333334, 0.9433333333333334, 0.9466666666666667, 0.9466666666666667, 0.9466666666666667, 0.9466666666666667, 0.9466666666666667, 0.9466666666666667, 0.9466666666666667, 0.95, 0.95, 0.9533333333333334, 0.95, 0.9533333333333334, 0.9533333333333334, 0.9533333333333334, 0.9533333333333334, 0.9533333333333334, 0.9533333333333334, 0.9533333333333334, 0.9533333333333334, 0.9533333333333334, 0.9533333333333334, 0.95, 0.95, 0.9466666666666667, 0.9466666666666667, 0.9433333333333334, 0.9433333333333334, 0.9433333333333334, 0.9466666666666667, 0.9466666666666667, 0.9333333333333333, 0.9333333333333333, 0.9333333333333333, 0.9333333333333333, 0.9333333333333333, 0.9333333333333333, 0.9333333333333333, 0.94, 0.94, 0.94, 0.94, 0.94, 0.94, 0.94, 0.94, 0.94, 0.94, 0.94, 0.94, 0.9433333333333334, 0.9433333333333334, 0.9433333333333334, 0.9433333333333334, 0.9433333333333334, 0.9433333333333334, 0.9433333333333334, 0.9466666666666667, 0.9466666666666667, 0.9466666666666667, 0.9466666666666667, 0.9466666666666667, 0.9466666666666667, 0.9466666666666667, 0.9466666666666667, 0.9466666666666667, 0.9466666666666667, 0.9466666666666667, 0.9466666666666667, 0.9433333333333334, 0.9433333333333334, 0.9433333333333334, 0.9433333333333334, 0.9466666666666667, 0.9466666666666667, 0.9466666666666667, 0.9433333333333334, 0.9433333333333334, 0.9433333333333334, 0.9433333333333334, 0.9433333333333334, 0.9466666666666667, 0.9466666666666667, 0.95, 0.95, 0.9466666666666667, 0.9466666666666667, 0.9466666666666667, 0.9466666666666667, 0.9466666666666667]
Final energies: [0.6411820650100708, 3.5589959621429443, 5.354964733123779, 4.488992691040039, 4.27973747253418, 2.282142400741577, -2.299769163131714, 0.6390570998191833, 0.6090953350067139, -2.550553321838379, -1.755098819732666, -3.4825448989868164, -6.9931793212890625, -4.913287162780762, -6.28834867477417, -6.219679355621338, -2.6179072856903076, -4.1164984703063965, -6.470728874206543, -10.526369094848633, -11.235357284545898, -14.411437034606934, -13.045014381408691, -10.212060928344727, -10.415755271911621, -12.02323055267334, -9.090373039245605, -12.18774127960205, -14.156146049499512, -14.198248863220215, -17.19196128845215, -18.395366668701172, -19.078935623168945, -17.95785140991211, -18.761537551879883, -19.650684356689453, -20.116147994995117, -20.41546630859375, -23.473217010498047, -23.54929542541504, -22.078229904174805, -20.545894622802734, -18.614540100097656, -21.24545669555664, -21.049232482910156, -21.052091598510742, -22.060367584228516, -24.934099197387695, -29.2020206451416, -28.766660690307617, -29.622453689575195, -30.375852584838867, -25.571964263916016, -27.79372787475586, -25.897014617919922, -23.18484878540039, -24.050487518310547, -25.335886001586914, -21.723400115966797, -20.810850143432617, -21.940885543823242, -26.726055145263672, -28.848899841308594, -28.32868003845215, -31.09903335571289, -31.830411911010742, -32.538063049316406, -34.43382263183594, -36.179256439208984, -34.505863189697266, -33.98409652709961, -33.366451263427734, -33.760528564453125, -31.2584228515625, -29.354766845703125, -30.389345169067383, -33.30023193359375, -30.595966339111328, -32.159053802490234, -31.568933486938477, -36.52278518676758, -36.351497650146484, -40.386741638183594, -37.5604362487793, -39.193138122558594, -38.902862548828125, -37.79855728149414, -39.3539924621582, -37.72870635986328, -34.3317985534668, -35.332740783691406, -34.0504035949707, -34.04732894897461, -31.89842987060547, -34.38022232055664, -32.16218185424805, -28.8935604095459, -29.976070404052734, -36.20188522338867, -41.67201614379883]
