Running with parameters: hidden=100, use_coupled=true, seed=28
Test Accuracy: 0.9633, Energy: 16.71
Time Taken:  12.807752132415771
Test Accuracy: 0.9633, Energy: 15.08
Time Taken:  12.832230567932129
Test Accuracy: 0.9633, Energy: 12.74
Time Taken:  12.708825826644897
Test Accuracy: 0.9633, Energy: 15.54
Time Taken:  12.677901029586792
Test Accuracy: 0.9633, Energy: 19.50
Time Taken:  12.853927373886108
Test Accuracy: 0.9633, Energy: 24.20
Time Taken:  12.83661699295044
Test Accuracy: 0.9400, Energy: 25.57
Time Taken:  12.856976985931396
Test Accuracy: 0.9400, Energy: 28.66
Time Taken:  12.547677993774414
Test Accuracy: 0.9700, Energy: 23.21
Time Taken:  12.588378190994263
Test Accuracy: 0.9633, Energy: 23.34
Time Taken:  12.84624171257019
Test Accuracy: 0.9633, Energy: 21.07
Time Taken:  12.842816352844238
Test Accuracy: 0.9633, Energy: 16.86
Time Taken:  12.900053262710571
Test Accuracy: 0.9633, Energy: 18.26
Time Taken:  12.688807249069214
Test Accuracy: 0.9767, Energy: 21.69
Time Taken:  12.831784725189209
Test Accuracy: 0.9767, Energy: 23.12
Time Taken:  12.856475353240967
Test Accuracy: 0.9800, Energy: 22.69
Time Taken:  12.854047775268555
Test Accuracy: 0.9800, Energy: 20.71
Time Taken:  12.847392559051514
Test Accuracy: 0.9800, Energy: 17.91
Time Taken:  12.54879903793335
Test Accuracy: 0.9800, Energy: 19.52
Time Taken:  12.865077495574951
Test Accuracy: 0.9800, Energy: 18.77
Time Taken:  12.908647775650024
Test Accuracy: 0.9800, Energy: 15.73
Time Taken:  12.82577919960022
Test Accuracy: 0.9800, Energy: 18.30
Time Taken:  12.755727291107178
Test Accuracy: 0.9800, Energy: 17.73
Time Taken:  12.424427270889282
Test Accuracy: 0.9800, Energy: 16.69
Time Taken:  12.87038516998291
Test Accuracy: 0.9700, Energy: 18.06
Time Taken:  12.856162309646606
Test Accuracy: 0.9800, Energy: 14.76
Time Taken:  12.853777408599854
Test Accuracy: 0.9800, Energy: 16.20
Time Taken:  12.837780475616455
Test Accuracy: 0.9800, Energy: 15.58
Time Taken:  12.757797241210938
Test Accuracy: 0.9800, Energy: 13.18
Time Taken:  12.839298486709595
Test Accuracy: 0.9800, Energy: 12.62
Time Taken:  12.840571165084839
Test Accuracy: 0.9700, Energy: 8.92
Time Taken:  12.844171285629272
Test Accuracy: 0.9700, Energy: 13.54
Time Taken:  12.647526264190674
Test Accuracy: 0.9733, Energy: 11.65
Time Taken:  12.747441053390503
Test Accuracy: 0.9733, Energy: 13.18
Time Taken:  12.875069618225098
Test Accuracy: 0.9733, Energy: 12.95
Time Taken:  12.864153146743774
Test Accuracy: 0.9733, Energy: 11.62
Time Taken:  12.89956545829773
Test Accuracy: 0.9700, Energy: 10.28
Time Taken:  12.562618970870972
Test Accuracy: 0.9700, Energy: 10.11
Time Taken:  12.532544136047363
Test Accuracy: 0.9700, Energy: 13.16
Time Taken:  12.86040735244751
Test Accuracy: 0.9733, Energy: 17.11
Time Taken:  12.857448101043701
Test Accuracy: 0.9733, Energy: 14.76
Time Taken:  12.853089332580566
Test Accuracy: 0.9733, Energy: 15.87
Time Taken:  12.566482543945312
Test Accuracy: 0.9733, Energy: 19.78
Time Taken:  12.575407981872559
Test Accuracy: 0.9700, Energy: 16.14
Time Taken:  12.901143550872803
Test Accuracy: 0.9733, Energy: 14.60
Time Taken:  12.841617345809937
Test Accuracy: 0.9733, Energy: 12.75
Time Taken:  12.834995985031128
Test Accuracy: 0.9700, Energy: 16.64
Time Taken:  12.544964790344238
Test Accuracy: 0.9700, Energy: 16.49
Time Taken:  12.714776992797852
Test Accuracy: 0.9700, Energy: 12.59
Time Taken:  12.85767388343811
Test Accuracy: 0.9667, Energy: 5.65
Time Taken:  12.868855476379395
Test Accuracy: 0.9700, Energy: 10.22
Time Taken:  12.858028888702393
Test Accuracy: 0.9733, Energy: 6.81
Time Taken:  12.672266006469727
Test Accuracy: 0.9733, Energy: 10.46
Time Taken:  12.847395420074463
Test Accuracy: 0.9733, Energy: 13.17
Time Taken:  12.855311870574951
Test Accuracy: 0.9733, Energy: 10.69
Time Taken:  12.852564334869385
Test Accuracy: 0.9733, Energy: 5.90
Time Taken:  12.803577899932861
Test Accuracy: 0.9633, Energy: 2.35
Time Taken:  12.813807010650635
Test Accuracy: 0.9633, Energy: 5.49
Time Taken:  12.852203845977783
Test Accuracy: 0.9633, Energy: 7.08
Time Taken:  12.910825967788696
Test Accuracy: 0.9633, Energy: 9.05
Time Taken:  12.793294906616211
Test Accuracy: 0.9633, Energy: 9.84
Time Taken:  12.512170553207397
Test Accuracy: 0.9633, Energy: 8.70
Time Taken:  12.858694553375244
Test Accuracy: 0.9667, Energy: 6.06
Time Taken:  12.856065273284912
Test Accuracy: 0.9667, Energy: 6.63
Time Taken:  12.850579023361206
Test Accuracy: 0.9667, Energy: 5.22
Time Taken:  12.77815580368042
Test Accuracy: 0.9600, Energy: 6.71
Time Taken:  12.328838109970093
Test Accuracy: 0.9633, Energy: 3.75
Time Taken:  12.916455507278442
Test Accuracy: 0.9633, Energy: 3.24
Time Taken:  12.831305742263794
Test Accuracy: 0.9633, Energy: 1.35
Time Taken:  12.84779167175293
Test Accuracy: 0.9633, Energy: 3.64
Time Taken:  12.719704389572144
Test Accuracy: 0.9633, Energy: 0.11
Time Taken:  12.779848575592041
Test Accuracy: 0.9633, Energy: -0.66
Time Taken:  12.86021900177002
Test Accuracy: 0.9633, Energy: -1.69
Time Taken:  12.861314535140991
Test Accuracy: 0.9633, Energy: -1.32
Time Taken:  12.854596138000488
Test Accuracy: 0.9633, Energy: -3.07
Time Taken:  12.726972579956055
Test Accuracy: 0.9667, Energy: -0.45
Time Taken:  12.852659702301025
Test Accuracy: 0.9667, Energy: -0.78
Time Taken:  12.861249685287476
Test Accuracy: 0.9667, Energy: 4.58
Time Taken:  12.867614269256592
Test Accuracy: 0.9667, Energy: 3.75
Time Taken:  12.794178009033203
Test Accuracy: 0.9667, Energy: 3.83
Time Taken:  12.064659357070923
Test Accuracy: 0.9733, Energy: 7.09
Time Taken:  12.771375179290771
Test Accuracy: 0.9700, Energy: 7.25
Time Taken:  12.868118524551392
Test Accuracy: 0.9700, Energy: 7.29
Time Taken:  12.898022174835205
Test Accuracy: 0.9700, Energy: 7.56
Time Taken:  12.814187288284302
Test Accuracy: 0.9700, Energy: 12.34
Time Taken:  12.644096612930298
Test Accuracy: 0.9700, Energy: 9.01
Time Taken:  12.872626543045044
Test Accuracy: 0.9700, Energy: 7.27
Time Taken:  12.859830141067505
Test Accuracy: 0.9633, Energy: 2.64
Time Taken:  12.859405040740967
Test Accuracy: 0.9700, Energy: 0.19
Time Taken:  12.721153497695923
Test Accuracy: 0.9733, Energy: 2.42
Time Taken:  12.708911657333374
Test Accuracy: 0.9733, Energy: 1.85
Time Taken:  12.906428575515747
Test Accuracy: 0.9767, Energy: 2.78
Time Taken:  12.847510814666748
Test Accuracy: 0.9767, Energy: 1.93
Time Taken:  12.85132646560669
Test Accuracy: 0.9767, Energy: 1.75
Time Taken:  12.654797554016113
Test Accuracy: 0.9767, Energy: 1.82
Time Taken:  12.688440561294556
Test Accuracy: 0.9767, Energy: 4.81
Time Taken:  12.86933708190918
Test Accuracy: 0.9767, Energy: 2.31
Time Taken:  12.868648767471313
Test Accuracy: 0.9767, Energy: -1.99
Time Taken:  12.824220418930054
Test Accuracy: 0.9667, Energy: -3.22
Time Taken:  12.566546440124512
Test Accuracy: 0.9667, Energy: -3.08
Time Taken:  12.110462665557861
Final accuracies: [0.9633333333333334, 0.9633333333333334, 0.9633333333333334, 0.9633333333333334, 0.9633333333333334, 0.9633333333333334, 0.94, 0.94, 0.97, 0.9633333333333334, 0.9633333333333334, 0.9633333333333334, 0.9633333333333334, 0.9766666666666667, 0.9766666666666667, 0.98, 0.98, 0.98, 0.98, 0.98, 0.98, 0.98, 0.98, 0.98, 0.97, 0.98, 0.98, 0.98, 0.98, 0.98, 0.97, 0.97, 0.9733333333333334, 0.9733333333333334, 0.9733333333333334, 0.9733333333333334, 0.97, 0.97, 0.97, 0.9733333333333334, 0.9733333333333334, 0.9733333333333334, 0.9733333333333334, 0.97, 0.9733333333333334, 0.9733333333333334, 0.97, 0.97, 0.97, 0.9666666666666667, 0.97, 0.9733333333333334, 0.9733333333333334, 0.9733333333333334, 0.9733333333333334, 0.9733333333333334, 0.9633333333333334, 0.9633333333333334, 0.9633333333333334, 0.9633333333333334, 0.9633333333333334, 0.9633333333333334, 0.9666666666666667, 0.9666666666666667, 0.9666666666666667, 0.96, 0.9633333333333334, 0.9633333333333334, 0.9633333333333334, 0.9633333333333334, 0.9633333333333334, 0.9633333333333334, 0.9633333333333334, 0.9633333333333334, 0.9633333333333334, 0.9666666666666667, 0.9666666666666667, 0.9666666666666667, 0.9666666666666667, 0.9666666666666667, 0.9733333333333334, 0.97, 0.97, 0.97, 0.97, 0.97, 0.97, 0.9633333333333334, 0.97, 0.9733333333333334, 0.9733333333333334, 0.9766666666666667, 0.9766666666666667, 0.9766666666666667, 0.9766666666666667, 0.9766666666666667, 0.9766666666666667, 0.9766666666666667, 0.9666666666666667, 0.9666666666666667]
Final energies: [16.71260643005371, 15.080257415771484, 12.740928649902344, 15.538200378417969, 19.499176025390625, 24.19823455810547, 25.570615768432617, 28.657047271728516, 23.20758819580078, 23.33700180053711, 21.07040786743164, 16.862911224365234, 18.264461517333984, 21.687591552734375, 23.124736785888672, 22.6881160736084, 20.71090316772461, 17.91267204284668, 19.516372680664062, 18.77060317993164, 15.725634574890137, 18.299379348754883, 17.730022430419922, 16.68901252746582, 18.058990478515625, 14.76037311553955, 16.19620704650879, 15.57896614074707, 13.179338455200195, 12.616568565368652, 8.916030883789062, 13.543557167053223, 11.64859390258789, 13.18185806274414, 12.951944351196289, 11.61627197265625, 10.279979705810547, 10.105652809143066, 13.163820266723633, 17.10974884033203, 14.762285232543945, 15.871516227722168, 19.778728485107422, 16.143163681030273, 14.601093292236328, 12.74905776977539, 16.637338638305664, 16.48912811279297, 12.588001251220703, 5.646718502044678, 10.224702835083008, 6.806764125823975, 10.462998390197754, 13.170632362365723, 10.693793296813965, 5.904665946960449, 2.3534207344055176, 5.491574287414551, 7.083738327026367, 9.052168846130371, 9.840764045715332, 8.703885078430176, 6.0640082359313965, 6.627773761749268, 5.222992420196533, 6.712934494018555, 3.7533302307128906, 3.243332862854004, 1.3464252948760986, 3.6440329551696777, 0.1137554720044136, -0.6629741787910461, -1.692413091659546, -1.3245999813079834, -3.066415786743164, -0.45099401473999023, -0.7827336192131042, 4.582289695739746, 3.748379945755005, 3.8287246227264404, 7.086549282073975, 7.25063419342041, 7.285073757171631, 7.563582897186279, 12.340723991394043, 9.01097583770752, 7.270443439483643, 2.6434309482574463, 0.1904677301645279, 2.4159302711486816, 1.8530453443527222, 2.784254312515259, 1.9332904815673828, 1.747937798500061, 1.8217782974243164, 4.811889171600342, 2.3104448318481445, -1.992161750793457, -3.2247157096862793, -3.077359437942505]
