Running with parameters: hidden=100, use_coupled=true, seed=17
Test Accuracy: 0.9633, Energy: 8.20
Time Taken:  13.015486001968384
Test Accuracy: 0.9633, Energy: 11.19
Time Taken:  12.965553045272827
Test Accuracy: 0.9633, Energy: 11.18
Time Taken:  12.992249488830566
Test Accuracy: 0.9633, Energy: 9.09
Time Taken:  13.078649520874023
Test Accuracy: 0.9667, Energy: 6.35
Time Taken:  13.045017719268799
Test Accuracy: 0.9733, Energy: 8.59
Time Taken:  12.989819765090942
Test Accuracy: 0.9733, Energy: 5.81
Time Taken:  13.02690863609314
Test Accuracy: 0.9733, Energy: 3.98
Time Taken:  13.05517315864563
Test Accuracy: 0.9800, Energy: 0.80
Time Taken:  13.05004358291626
Test Accuracy: 0.9800, Energy: 0.89
Time Taken:  13.04193663597107
Test Accuracy: 0.9800, Energy: 1.94
Time Taken:  13.025467157363892
Test Accuracy: 0.9800, Energy: 0.19
Time Taken:  13.057638883590698
Test Accuracy: 0.9800, Energy: 1.71
Time Taken:  12.942918300628662
Test Accuracy: 0.9800, Energy: 3.57
Time Taken:  12.94443154335022
Test Accuracy: 0.9800, Energy: 3.94
Time Taken:  12.960618734359741
Test Accuracy: 0.9800, Energy: 2.39
Time Taken:  12.93548846244812
Test Accuracy: 0.9833, Energy: -2.06
Time Taken:  12.926636695861816
Test Accuracy: 0.9833, Energy: -1.34
Time Taken:  12.949952125549316
Test Accuracy: 0.9767, Energy: -1.29
Time Taken:  12.953601598739624
Test Accuracy: 0.9767, Energy: 0.35
Time Taken:  12.982759237289429
Test Accuracy: 0.9733, Energy: -1.15
Time Taken:  12.922761917114258
Test Accuracy: 0.9767, Energy: -1.68
Time Taken:  12.915287017822266
Test Accuracy: 0.9800, Energy: 3.67
Time Taken:  12.957034349441528
Test Accuracy: 0.9800, Energy: 3.17
Time Taken:  12.958526849746704
Test Accuracy: 0.9800, Energy: 4.27
Time Taken:  12.932930946350098
Test Accuracy: 0.9800, Energy: 8.57
Time Taken:  12.968490362167358
Test Accuracy: 0.9800, Energy: 10.52
Time Taken:  13.01176381111145
Test Accuracy: 0.9800, Energy: 8.72
Time Taken:  13.044332027435303
Test Accuracy: 0.9800, Energy: 4.75
Time Taken:  12.973084926605225
Test Accuracy: 0.9800, Energy: 6.94
Time Taken:  12.994700193405151
Test Accuracy: 0.9800, Energy: 6.13
Time Taken:  12.992610692977905
Test Accuracy: 0.9767, Energy: 4.59
Time Taken:  13.023708581924438
Test Accuracy: 0.9767, Energy: 9.06
Time Taken:  12.97731637954712
Test Accuracy: 0.9767, Energy: 9.18
Time Taken:  13.02293086051941
Test Accuracy: 0.9767, Energy: 10.38
Time Taken:  13.009809255599976
Test Accuracy: 0.9767, Energy: 7.51
Time Taken:  13.012670993804932
Test Accuracy: 0.9800, Energy: 8.06
Time Taken:  12.940659523010254
Test Accuracy: 0.9800, Energy: 8.38
Time Taken:  12.954000473022461
Test Accuracy: 0.9833, Energy: 7.68
Time Taken:  12.982950687408447
Test Accuracy: 0.9833, Energy: 6.99
Time Taken:  12.964437484741211
Test Accuracy: 0.9833, Energy: 5.93
Time Taken:  12.986239671707153
Test Accuracy: 0.9833, Energy: 5.99
Time Taken:  12.97116208076477
Test Accuracy: 0.9833, Energy: 5.96
Time Taken:  12.956667184829712
Test Accuracy: 0.9833, Energy: 8.51
Time Taken:  12.976914644241333
Test Accuracy: 0.9833, Energy: 9.77
Time Taken:  12.946871280670166
Test Accuracy: 0.9833, Energy: 9.68
Time Taken:  12.961734056472778
Test Accuracy: 0.9833, Energy: 10.97
Time Taken:  12.978644371032715
Test Accuracy: 0.9833, Energy: 7.40
Time Taken:  12.939013481140137
Test Accuracy: 0.9833, Energy: 5.67
Time Taken:  12.958887100219727
Test Accuracy: 0.9833, Energy: 3.22
Time Taken:  12.959212064743042
Test Accuracy: 0.9833, Energy: 1.81
Time Taken:  12.95909309387207
Test Accuracy: 0.9833, Energy: -0.62
Time Taken:  12.990315437316895
Test Accuracy: 0.9833, Energy: -3.18
Time Taken:  12.930907011032104
Test Accuracy: 0.9800, Energy: -1.40
Time Taken:  12.9626145362854
Test Accuracy: 0.9833, Energy: -2.05
Time Taken:  13.02042555809021
Test Accuracy: 0.9833, Energy: -3.24
Time Taken:  12.956290483474731
Test Accuracy: 0.9833, Energy: -4.14
Time Taken:  13.034373044967651
Test Accuracy: 0.9800, Energy: -6.62
Time Taken:  13.052072763442993
Test Accuracy: 0.9800, Energy: -5.88
Time Taken:  13.070204257965088
Test Accuracy: 0.9833, Energy: -4.90
Time Taken:  12.959104299545288
Test Accuracy: 0.9833, Energy: -3.83
Time Taken:  12.994617223739624
Test Accuracy: 0.9833, Energy: -5.62
Time Taken:  12.99490237236023
Test Accuracy: 0.9833, Energy: -7.66
Time Taken:  12.978479862213135
Test Accuracy: 0.9833, Energy: -8.62
Time Taken:  12.96121096611023
Test Accuracy: 0.9833, Energy: -9.09
Time Taken:  12.979737997055054
Test Accuracy: 0.9867, Energy: -10.99
Time Taken:  12.958964347839355
Test Accuracy: 0.9867, Energy: -9.73
Time Taken:  13.038562059402466
Test Accuracy: 0.9867, Energy: -8.28
Time Taken:  12.926305055618286
Test Accuracy: 0.9867, Energy: -11.19
Time Taken:  12.954442262649536
Test Accuracy: 0.9867, Energy: -16.11
Time Taken:  12.963993310928345
Test Accuracy: 0.9867, Energy: -18.41
Time Taken:  12.97270154953003
Test Accuracy: 0.9867, Energy: -17.34
Time Taken:  12.966688632965088
Test Accuracy: 0.9867, Energy: -16.14
Time Taken:  12.966830253601074
Test Accuracy: 0.9833, Energy: -18.51
Time Taken:  12.97322130203247
Test Accuracy: 0.9833, Energy: -17.66
Time Taken:  13.012400388717651
Test Accuracy: 0.9833, Energy: -16.15
Time Taken:  12.937469720840454
Test Accuracy: 0.9800, Energy: -15.02
Time Taken:  12.940555810928345
Test Accuracy: 0.9800, Energy: -17.91
Time Taken:  12.94983172416687
Test Accuracy: 0.9833, Energy: -15.90
Time Taken:  12.964351892471313
Test Accuracy: 0.9833, Energy: -12.25
Time Taken:  13.043689727783203
Test Accuracy: 0.9800, Energy: -11.74
Time Taken:  13.022943258285522
Test Accuracy: 0.9800, Energy: -16.20
Time Taken:  13.029955863952637
Test Accuracy: 0.9800, Energy: -13.16
Time Taken:  13.065293788909912
Test Accuracy: 0.9800, Energy: -16.79
Time Taken:  12.948326826095581
Test Accuracy: 0.9800, Energy: -14.66
Time Taken:  12.977094411849976
Test Accuracy: 0.9800, Energy: -16.53
Time Taken:  12.973623037338257
Test Accuracy: 0.9800, Energy: -12.86
Time Taken:  12.950726509094238
Test Accuracy: 0.9800, Energy: -15.47
Time Taken:  12.984029531478882
Test Accuracy: 0.9800, Energy: -17.11
Time Taken:  12.988070964813232
Test Accuracy: 0.9800, Energy: -17.83
Time Taken:  12.977045774459839
Test Accuracy: 0.9800, Energy: -19.39
Time Taken:  13.032142639160156
Test Accuracy: 0.9800, Energy: -15.48
Time Taken:  12.958123445510864
Test Accuracy: 0.9833, Energy: -11.55
Time Taken:  12.984562397003174
Test Accuracy: 0.9833, Energy: -11.03
Time Taken:  12.96860957145691
Test Accuracy: 0.9867, Energy: -11.65
Time Taken:  12.966552972793579
Test Accuracy: 0.9867, Energy: -12.88
Time Taken:  13.016945600509644
Test Accuracy: 0.9867, Energy: -16.45
Time Taken:  13.01248550415039
Test Accuracy: 0.9867, Energy: -17.27
Time Taken:  13.011266708374023
Test Accuracy: 0.9867, Energy: -15.05
Time Taken:  13.052464485168457
Test Accuracy: 0.9867, Energy: -15.08
Time Taken:  12.915470838546753
Final accuracies: [0.9633333333333334, 0.9633333333333334, 0.9633333333333334, 0.9633333333333334, 0.9666666666666667, 0.9733333333333334, 0.9733333333333334, 0.9733333333333334, 0.98, 0.98, 0.98, 0.98, 0.98, 0.98, 0.98, 0.98, 0.9833333333333333, 0.9833333333333333, 0.9766666666666667, 0.9766666666666667, 0.9733333333333334, 0.9766666666666667, 0.98, 0.98, 0.98, 0.98, 0.98, 0.98, 0.98, 0.98, 0.98, 0.9766666666666667, 0.9766666666666667, 0.9766666666666667, 0.9766666666666667, 0.9766666666666667, 0.98, 0.98, 0.9833333333333333, 0.9833333333333333, 0.9833333333333333, 0.9833333333333333, 0.9833333333333333, 0.9833333333333333, 0.9833333333333333, 0.9833333333333333, 0.9833333333333333, 0.9833333333333333, 0.9833333333333333, 0.9833333333333333, 0.9833333333333333, 0.9833333333333333, 0.9833333333333333, 0.98, 0.9833333333333333, 0.9833333333333333, 0.9833333333333333, 0.98, 0.98, 0.9833333333333333, 0.9833333333333333, 0.9833333333333333, 0.9833333333333333, 0.9833333333333333, 0.9833333333333333, 0.9866666666666667, 0.9866666666666667, 0.9866666666666667, 0.9866666666666667, 0.9866666666666667, 0.9866666666666667, 0.9866666666666667, 0.9866666666666667, 0.9833333333333333, 0.9833333333333333, 0.9833333333333333, 0.98, 0.98, 0.9833333333333333, 0.9833333333333333, 0.98, 0.98, 0.98, 0.98, 0.98, 0.98, 0.98, 0.98, 0.98, 0.98, 0.98, 0.98, 0.9833333333333333, 0.9833333333333333, 0.9866666666666667, 0.9866666666666667, 0.9866666666666667, 0.9866666666666667, 0.9866666666666667, 0.9866666666666667]
Final energies: [8.196391105651855, 11.191341400146484, 11.176461219787598, 9.08604907989502, 6.354730606079102, 8.591408729553223, 5.814674377441406, 3.9840424060821533, 0.7986534237861633, 0.8935577273368835, 1.941177487373352, 0.19011765718460083, 1.7117165327072144, 3.5717153549194336, 3.944279909133911, 2.3852174282073975, -2.058682680130005, -1.3396879434585571, -1.2926160097122192, 0.3525211215019226, -1.154186725616455, -1.675926685333252, 3.6715495586395264, 3.168999671936035, 4.265656471252441, 8.565255165100098, 10.517017364501953, 8.717257499694824, 4.753936290740967, 6.940262317657471, 6.132892608642578, 4.58573055267334, 9.062000274658203, 9.183701515197754, 10.382074356079102, 7.512807846069336, 8.064772605895996, 8.376702308654785, 7.679112911224365, 6.9933857917785645, 5.925987720489502, 5.985774993896484, 5.955394268035889, 8.51167106628418, 9.77374267578125, 9.6841459274292, 10.96918773651123, 7.403639793395996, 5.665665149688721, 3.223578453063965, 1.81113862991333, -0.6187041997909546, -3.18284273147583, -1.3969182968139648, -2.045231819152832, -3.2390024662017822, -4.137115955352783, -6.619184494018555, -5.882195472717285, -4.897772312164307, -3.8261687755584717, -5.621313571929932, -7.655119895935059, -8.618218421936035, -9.085661888122559, -10.994237899780273, -9.731061935424805, -8.275105476379395, -11.192808151245117, -16.11061668395996, -18.408170700073242, -17.335229873657227, -16.14048194885254, -18.510622024536133, -17.655488967895508, -16.151029586791992, -15.019174575805664, -17.91278076171875, -15.895538330078125, -12.250771522521973, -11.739224433898926, -16.195348739624023, -13.161362648010254, -16.79094696044922, -14.657341003417969, -16.530290603637695, -12.864151000976562, -15.46704387664795, -17.113773345947266, -17.833398818969727, -19.38666534423828, -15.475808143615723, -11.54958438873291, -11.034232139587402, -11.652358055114746, -12.882488250732422, -16.452571868896484, -17.270044326782227, -15.048164367675781, -15.082958221435547]
