Running with parameters: hidden=100, use_coupled=true, seed=55
Test Accuracy: 0.9467, Energy: -14.37
Time Taken:  13.034018993377686
Test Accuracy: 0.9467, Energy: -16.85
Time Taken:  12.954699754714966
Test Accuracy: 0.9433, Energy: -22.53
Time Taken:  12.754297733306885
Test Accuracy: 0.9433, Energy: -21.97
Time Taken:  12.697841167449951
Test Accuracy: 0.9433, Energy: -20.21
Time Taken:  12.962745428085327
Test Accuracy: 0.9400, Energy: -22.90
Time Taken:  12.957001447677612
Test Accuracy: 0.9400, Energy: -22.27
Time Taken:  12.967230319976807
Test Accuracy: 0.9367, Energy: -23.40
Time Taken:  12.802354335784912
Test Accuracy: 0.9367, Energy: -22.03
Time Taken:  12.784691333770752
Test Accuracy: 0.9367, Energy: -23.28
Time Taken:  12.981023073196411
Test Accuracy: 0.9367, Energy: -20.53
Time Taken:  12.966954231262207
Test Accuracy: 0.9367, Energy: -19.22
Time Taken:  13.028881311416626
Test Accuracy: 0.9400, Energy: -17.36
Time Taken:  12.72466230392456
Test Accuracy: 0.9400, Energy: -22.23
Time Taken:  12.957631587982178
Test Accuracy: 0.9400, Energy: -20.83
Time Taken:  12.98763394355774
Test Accuracy: 0.9400, Energy: -21.01
Time Taken:  12.99839973449707
Test Accuracy: 0.9433, Energy: -18.05
Time Taken:  12.966817378997803
Test Accuracy: 0.9433, Energy: -20.05
Time Taken:  12.780801057815552
Test Accuracy: 0.9433, Energy: -21.02
Time Taken:  12.97991394996643
Test Accuracy: 0.9433, Energy: -23.53
Time Taken:  13.01167607307434
Test Accuracy: 0.9433, Energy: -26.00
Time Taken:  12.95288634300232
Test Accuracy: 0.9433, Energy: -23.58
Time Taken:  12.632086515426636
Test Accuracy: 0.9433, Energy: -23.22
Time Taken:  12.699308395385742
Test Accuracy: 0.9433, Energy: -25.19
Time Taken:  12.974488019943237
Test Accuracy: 0.9433, Energy: -26.36
Time Taken:  12.986565589904785
Test Accuracy: 0.9433, Energy: -24.27
Time Taken:  12.972912073135376
Test Accuracy: 0.9467, Energy: -27.19
Time Taken:  12.713058233261108
Test Accuracy: 0.9467, Energy: -22.54
Time Taken:  12.88866114616394
Test Accuracy: 0.9467, Energy: -21.62
Time Taken:  12.957041025161743
Test Accuracy: 0.9467, Energy: -18.33
Time Taken:  12.95779538154602
Test Accuracy: 0.9433, Energy: -19.66
Time Taken:  12.827013492584229
Test Accuracy: 0.9467, Energy: -16.57
Time Taken:  12.574804782867432
Test Accuracy: 0.9467, Energy: -16.41
Time Taken:  12.900980949401855
Test Accuracy: 0.9467, Energy: -19.80
Time Taken:  12.969860792160034
Test Accuracy: 0.9467, Energy: -18.99
Time Taken:  12.965232372283936
Test Accuracy: 0.9467, Energy: -18.80
Time Taken:  12.940413236618042
Test Accuracy: 0.9467, Energy: -16.27
Time Taken:  12.597618341445923
Test Accuracy: 0.9467, Energy: -18.09
Time Taken:  12.839207649230957
Test Accuracy: 0.9467, Energy: -19.48
Time Taken:  12.966665029525757
Test Accuracy: 0.9467, Energy: -20.83
Time Taken:  12.9966721534729
Test Accuracy: 0.9467, Energy: -16.41
Time Taken:  12.983374834060669
Test Accuracy: 0.9467, Energy: -20.81
Time Taken:  12.704266786575317
Test Accuracy: 0.9467, Energy: -18.95
Time Taken:  12.952190160751343
Test Accuracy: 0.9433, Energy: -16.34
Time Taken:  13.005684614181519
Test Accuracy: 0.9433, Energy: -17.32
Time Taken:  12.949243545532227
Test Accuracy: 0.9433, Energy: -18.00
Time Taken:  12.960045337677002
Test Accuracy: 0.9433, Energy: -18.06
Time Taken:  12.685359954833984
Test Accuracy: 0.9433, Energy: -16.88
Time Taken:  12.968923568725586
Test Accuracy: 0.9433, Energy: -19.42
Time Taken:  12.972875118255615
Test Accuracy: 0.9433, Energy: -19.31
Time Taken:  12.97720718383789
Test Accuracy: 0.9433, Energy: -21.54
Time Taken:  12.860127687454224
Test Accuracy: 0.9467, Energy: -20.67
Time Taken:  12.93405270576477
Test Accuracy: 0.9467, Energy: -21.36
Time Taken:  12.969075679779053
Test Accuracy: 0.9467, Energy: -17.38
Time Taken:  12.952900171279907
Test Accuracy: 0.9467, Energy: -13.36
Time Taken:  12.946308851242065
Test Accuracy: 0.9467, Energy: -13.45
Time Taken:  12.719241619110107
Test Accuracy: 0.9467, Energy: -17.02
Time Taken:  12.989147424697876
Test Accuracy: 0.9467, Energy: -18.92
Time Taken:  12.988994121551514
Test Accuracy: 0.9500, Energy: -17.34
Time Taken:  13.039273738861084
Test Accuracy: 0.9467, Energy: -23.29
Time Taken:  12.709619522094727
Test Accuracy: 0.9467, Energy: -25.50
Time Taken:  12.743697881698608
Test Accuracy: 0.9467, Energy: -22.93
Time Taken:  12.974969387054443
Test Accuracy: 0.9467, Energy: -20.01
Time Taken:  12.975934267044067
Test Accuracy: 0.9500, Energy: -23.00
Time Taken:  12.96621322631836
Test Accuracy: 0.9500, Energy: -25.20
Time Taken:  12.701444864273071
Test Accuracy: 0.9467, Energy: -26.24
Time Taken:  12.94144892692566
Test Accuracy: 0.9467, Energy: -25.35
Time Taken:  13.019181966781616
Test Accuracy: 0.9467, Energy: -22.12
Time Taken:  12.937138319015503
Test Accuracy: 0.9467, Energy: -24.98
Time Taken:  12.869605779647827
Test Accuracy: 0.9467, Energy: -26.55
Time Taken:  12.688546657562256
Test Accuracy: 0.9467, Energy: -27.61
Time Taken:  12.982954502105713
Test Accuracy: 0.9467, Energy: -29.91
Time Taken:  12.959792375564575
Test Accuracy: 0.9467, Energy: -26.78
Time Taken:  12.970723867416382
Test Accuracy: 0.9467, Energy: -30.59
Time Taken:  12.889245986938477
Test Accuracy: 0.9467, Energy: -31.96
Time Taken:  12.919382333755493
Test Accuracy: 0.9467, Energy: -31.26
Time Taken:  12.962470293045044
Test Accuracy: 0.9467, Energy: -31.68
Time Taken:  12.961078882217407
Test Accuracy: 0.9467, Energy: -29.64
Time Taken:  12.91978907585144
Test Accuracy: 0.9467, Energy: -29.43
Time Taken:  12.625238180160522
Test Accuracy: 0.9467, Energy: -27.88
Time Taken:  12.835316181182861
Test Accuracy: 0.9467, Energy: -28.07
Time Taken:  12.993978261947632
Test Accuracy: 0.9467, Energy: -26.58
Time Taken:  12.984070777893066
Test Accuracy: 0.9467, Energy: -23.64
Time Taken:  13.019302606582642
Test Accuracy: 0.9467, Energy: -24.69
Time Taken:  12.775492429733276
Test Accuracy: 0.9467, Energy: -25.01
Time Taken:  12.978537321090698
Test Accuracy: 0.9467, Energy: -32.98
Time Taken:  13.006085634231567
Test Accuracy: 0.9467, Energy: -35.66
Time Taken:  12.992118120193481
Test Accuracy: 0.9467, Energy: -37.82
Time Taken:  12.938920736312866
Test Accuracy: 0.9467, Energy: -33.47
Time Taken:  12.703873634338379
Test Accuracy: 0.9467, Energy: -35.09
Time Taken:  12.986940145492554
Test Accuracy: 0.9467, Energy: -35.89
Time Taken:  13.015197038650513
Test Accuracy: 0.9467, Energy: -39.42
Time Taken:  12.959684371948242
Test Accuracy: 0.9467, Energy: -41.80
Time Taken:  12.820680379867554
Test Accuracy: 0.9467, Energy: -42.20
Time Taken:  12.6733238697052
Test Accuracy: 0.9467, Energy: -42.00
Time Taken:  12.988264083862305
Test Accuracy: 0.9467, Energy: -46.43
Time Taken:  12.993022918701172
Test Accuracy: 0.9467, Energy: -45.69
Time Taken:  12.996122121810913
Test Accuracy: 0.9467, Energy: -45.19
Time Taken:  12.685965776443481
Test Accuracy: 0.9433, Energy: -45.39
Time Taken:  12.2453932762146
Test Accuracy: 0.9433, Energy: -46.92
Time Taken:  10.597520589828491
Final accuracies: [0.9466666666666667, 0.9466666666666667, 0.9433333333333334, 0.9433333333333334, 0.9433333333333334, 0.94, 0.94, 0.9366666666666666, 0.9366666666666666, 0.9366666666666666, 0.9366666666666666, 0.9366666666666666, 0.94, 0.94, 0.94, 0.94, 0.9433333333333334, 0.9433333333333334, 0.9433333333333334, 0.9433333333333334, 0.9433333333333334, 0.9433333333333334, 0.9433333333333334, 0.9433333333333334, 0.9433333333333334, 0.9433333333333334, 0.9466666666666667, 0.9466666666666667, 0.9466666666666667, 0.9466666666666667, 0.9433333333333334, 0.9466666666666667, 0.9466666666666667, 0.9466666666666667, 0.9466666666666667, 0.9466666666666667, 0.9466666666666667, 0.9466666666666667, 0.9466666666666667, 0.9466666666666667, 0.9466666666666667, 0.9466666666666667, 0.9466666666666667, 0.9433333333333334, 0.9433333333333334, 0.9433333333333334, 0.9433333333333334, 0.9433333333333334, 0.9433333333333334, 0.9433333333333334, 0.9433333333333334, 0.9466666666666667, 0.9466666666666667, 0.9466666666666667, 0.9466666666666667, 0.9466666666666667, 0.9466666666666667, 0.9466666666666667, 0.95, 0.9466666666666667, 0.9466666666666667, 0.9466666666666667, 0.9466666666666667, 0.95, 0.95, 0.9466666666666667, 0.9466666666666667, 0.9466666666666667, 0.9466666666666667, 0.9466666666666667, 0.9466666666666667, 0.9466666666666667, 0.9466666666666667, 0.9466666666666667, 0.9466666666666667, 0.9466666666666667, 0.9466666666666667, 0.9466666666666667, 0.9466666666666667, 0.9466666666666667, 0.9466666666666667, 0.9466666666666667, 0.9466666666666667, 0.9466666666666667, 0.9466666666666667, 0.9466666666666667, 0.9466666666666667, 0.9466666666666667, 0.9466666666666667, 0.9466666666666667, 0.9466666666666667, 0.9466666666666667, 0.9466666666666667, 0.9466666666666667, 0.9466666666666667, 0.9466666666666667, 0.9466666666666667, 0.9466666666666667, 0.9433333333333334, 0.9433333333333334]
Final energies: [-14.367974281311035, -16.852270126342773, -22.53105926513672, -21.97475814819336, -20.210248947143555, -22.89744758605957, -22.272113800048828, -23.404157638549805, -22.032575607299805, -23.277742385864258, -20.530786514282227, -19.221263885498047, -17.35570526123047, -22.232789993286133, -20.831573486328125, -21.005569458007812, -18.051742553710938, -20.051454544067383, -21.023900985717773, -23.533649444580078, -25.999889373779297, -23.583627700805664, -23.222776412963867, -25.193695068359375, -26.36158561706543, -24.270872116088867, -27.194671630859375, -22.543821334838867, -21.6214656829834, -18.330354690551758, -19.656917572021484, -16.56715202331543, -16.414644241333008, -19.802650451660156, -18.99144172668457, -18.795490264892578, -16.273479461669922, -18.092710494995117, -19.48076629638672, -20.82891273498535, -16.405506134033203, -20.809574127197266, -18.954986572265625, -16.33905029296875, -17.318849563598633, -18.00232696533203, -18.058874130249023, -16.881689071655273, -19.424209594726562, -19.306196212768555, -21.53909683227539, -20.67168426513672, -21.359806060791016, -17.380992889404297, -13.363965034484863, -13.448731422424316, -17.022872924804688, -18.919952392578125, -17.33654022216797, -23.29010772705078, -25.50022315979004, -22.932031631469727, -20.00511360168457, -23.00283432006836, -25.198598861694336, -26.24122428894043, -25.34502410888672, -22.11722183227539, -24.97991180419922, -26.554468154907227, -27.60793685913086, -29.91114044189453, -26.77671241760254, -30.589235305786133, -31.956531524658203, -31.261051177978516, -31.677570343017578, -29.63555335998535, -29.427337646484375, -27.87578010559082, -28.067983627319336, -26.57526206970215, -23.635494232177734, -24.68728256225586, -25.0091609954834, -32.97854995727539, -35.65678405761719, -37.82493591308594, -33.46872329711914, -35.08760452270508, -35.89369583129883, -39.41642761230469, -41.79796600341797, -42.196685791015625, -41.99758529663086, -46.42637634277344, -45.693721771240234, -45.186344146728516, -45.38662338256836, -46.9191780090332]
