Running with parameters: hidden=100, use_coupled=true, seed=42
Test Accuracy: 0.9733, Energy: -0.81
Time Taken:  12.810353994369507
Test Accuracy: 0.9733, Energy: -1.72
Time Taken:  12.753472566604614
Test Accuracy: 0.9733, Energy: 0.55
Time Taken:  12.585111379623413
Test Accuracy: 0.9733, Energy: 3.51
Time Taken:  12.535160064697266
Test Accuracy: 0.9733, Energy: 3.39
Time Taken:  12.76286268234253
Test Accuracy: 0.9733, Energy: 4.00
Time Taken:  12.761394262313843
Test Accuracy: 0.9733, Energy: 4.63
Time Taken:  12.785889148712158
Test Accuracy: 0.9767, Energy: 5.90
Time Taken:  12.658174276351929
Test Accuracy: 0.9767, Energy: 3.16
Time Taken:  12.569386005401611
Test Accuracy: 0.9767, Energy: 2.49
Time Taken:  12.76915168762207
Test Accuracy: 0.9667, Energy: 7.33
Time Taken:  12.787358283996582
Test Accuracy: 0.9667, Energy: 8.53
Time Taken:  12.853260278701782
Test Accuracy: 0.9633, Energy: 8.36
Time Taken:  12.588286638259888
Test Accuracy: 0.9633, Energy: 12.70
Time Taken:  12.7245774269104
Test Accuracy: 0.9633, Energy: 15.81
Time Taken:  12.772271394729614
Test Accuracy: 0.9633, Energy: 12.61
Time Taken:  12.791077852249146
Test Accuracy: 0.9633, Energy: 11.56
Time Taken:  12.79206371307373
Test Accuracy: 0.9633, Energy: 10.76
Time Taken:  12.569448471069336
Test Accuracy: 0.9633, Energy: 7.57
Time Taken:  12.783827543258667
Test Accuracy: 0.9633, Energy: 4.79
Time Taken:  12.847631931304932
Test Accuracy: 0.9633, Energy: 4.93
Time Taken:  12.765413045883179
Test Accuracy: 0.9767, Energy: 6.15
Time Taken:  12.545018911361694
Test Accuracy: 0.9767, Energy: 5.93
Time Taken:  12.419265031814575
Test Accuracy: 0.9767, Energy: 6.70
Time Taken:  12.776534080505371
Test Accuracy: 0.9767, Energy: 5.36
Time Taken:  12.78710675239563
Test Accuracy: 0.9733, Energy: 5.95
Time Taken:  12.78795862197876
Test Accuracy: 0.9733, Energy: 6.09
Time Taken:  12.695148944854736
Test Accuracy: 0.9733, Energy: 6.77
Time Taken:  12.549127578735352
Test Accuracy: 0.9733, Energy: 9.02
Time Taken:  12.763420104980469
Test Accuracy: 0.9733, Energy: 9.80
Time Taken:  12.766313552856445
Test Accuracy: 0.9733, Energy: 8.79
Time Taken:  12.775812149047852
Test Accuracy: 0.9733, Energy: 10.09
Time Taken:  12.454326629638672
Test Accuracy: 0.9733, Energy: 7.82
Time Taken:  12.523621797561646
Test Accuracy: 0.9733, Energy: 7.76
Time Taken:  12.788233757019043
Test Accuracy: 0.9733, Energy: 7.91
Time Taken:  12.787994861602783
Test Accuracy: 0.9733, Energy: 6.00
Time Taken:  12.812867879867554
Test Accuracy: 0.9733, Energy: 7.23
Time Taken:  12.489838123321533
Test Accuracy: 0.9733, Energy: 3.03
Time Taken:  12.432648181915283
Test Accuracy: 0.9733, Energy: 0.09
Time Taken:  12.776491641998291
Test Accuracy: 0.9733, Energy: 3.15
Time Taken:  12.78208303451538
Test Accuracy: 0.9733, Energy: 0.62
Time Taken:  12.77956485748291
Test Accuracy: 0.9733, Energy: -0.23
Time Taken:  12.758606195449829
Test Accuracy: 0.9733, Energy: -1.35
Time Taken:  12.521384477615356
Test Accuracy: 0.9733, Energy: -2.79
Time Taken:  12.822977304458618
Test Accuracy: 0.9733, Energy: -3.60
Time Taken:  12.771697998046875
Test Accuracy: 0.9733, Energy: -4.80
Time Taken:  12.784924268722534
Test Accuracy: 0.9767, Energy: -3.93
Time Taken:  12.690486907958984
Test Accuracy: 0.9767, Energy: -5.86
Time Taken:  12.618557453155518
Test Accuracy: 0.9767, Energy: -7.03
Time Taken:  12.790128946304321
Test Accuracy: 0.9767, Energy: -9.96
Time Taken:  12.790437459945679
Test Accuracy: 0.9767, Energy: -10.52
Time Taken:  12.77866506576538
Test Accuracy: 0.9767, Energy: -13.34
Time Taken:  12.593387365341187
Test Accuracy: 0.9767, Energy: -13.51
Time Taken:  12.763023853302002
Test Accuracy: 0.9767, Energy: -8.92
Time Taken:  12.772042274475098
Test Accuracy: 0.9767, Energy: -10.69
Time Taken:  12.778851747512817
Test Accuracy: 0.9767, Energy: -8.22
Time Taken:  12.722693681716919
Test Accuracy: 0.9767, Energy: -11.10
Time Taken:  12.60909104347229
Test Accuracy: 0.9767, Energy: -11.54
Time Taken:  12.804085493087769
Test Accuracy: 0.9767, Energy: -9.13
Time Taken:  12.853641271591187
Test Accuracy: 0.9767, Energy: -7.38
Time Taken:  12.77001428604126
Test Accuracy: 0.9767, Energy: -8.00
Time Taken:  12.498577356338501
Test Accuracy: 0.9767, Energy: -8.59
Time Taken:  12.655601978302002
Test Accuracy: 0.9767, Energy: -4.90
Time Taken:  12.796288013458252
Test Accuracy: 0.9767, Energy: -5.53
Time Taken:  12.774967432022095
Test Accuracy: 0.9767, Energy: -9.72
Time Taken:  12.787445306777954
Test Accuracy: 0.9767, Energy: -8.59
Time Taken:  12.511289596557617
Test Accuracy: 0.9767, Energy: -8.35
Time Taken:  12.809302806854248
Test Accuracy: 0.9767, Energy: -11.00
Time Taken:  12.753820180892944
Test Accuracy: 0.9767, Energy: -8.30
Time Taken:  12.76083517074585
Test Accuracy: 0.9767, Energy: -4.35
Time Taken:  12.681640863418579
Test Accuracy: 0.9767, Energy: -2.79
Time Taken:  12.50116777420044
Test Accuracy: 0.9767, Energy: -7.20
Time Taken:  12.774492502212524
Test Accuracy: 0.9767, Energy: -7.10
Time Taken:  12.782678842544556
Test Accuracy: 0.9767, Energy: -6.68
Time Taken:  12.780150413513184
Test Accuracy: 0.9767, Energy: -8.97
Time Taken:  12.775369644165039
Test Accuracy: 0.9767, Energy: -7.85
Time Taken:  12.637248516082764
Test Accuracy: 0.9800, Energy: -5.66
Time Taken:  12.772268533706665
Test Accuracy: 0.9833, Energy: -8.39
Time Taken:  12.781724452972412
Test Accuracy: 0.9833, Energy: -14.94
Time Taken:  12.780892133712769
Test Accuracy: 0.9833, Energy: -14.36
Time Taken:  12.457554578781128
Test Accuracy: 0.9833, Energy: -15.17
Time Taken:  12.585106134414673
Test Accuracy: 0.9833, Energy: -15.12
Time Taken:  12.802620887756348
Test Accuracy: 0.9800, Energy: -18.84
Time Taken:  12.831902265548706
Test Accuracy: 0.9800, Energy: -18.82
Time Taken:  12.755499839782715
Test Accuracy: 0.9800, Energy: -18.74
Time Taken:  12.648602485656738
Test Accuracy: 0.9800, Energy: -19.46
Time Taken:  12.732898235321045
Test Accuracy: 0.9800, Energy: -19.19
Time Taken:  12.790710210800171
Test Accuracy: 0.9800, Energy: -18.28
Time Taken:  12.787429571151733
Test Accuracy: 0.9800, Energy: -16.41
Time Taken:  12.794022560119629
Test Accuracy: 0.9800, Energy: -14.76
Time Taken:  12.481687784194946
Test Accuracy: 0.9800, Energy: -18.01
Time Taken:  12.79730772972107
Test Accuracy: 0.9800, Energy: -17.38
Time Taken:  12.766413688659668
Test Accuracy: 0.9800, Energy: -18.05
Time Taken:  12.788573741912842
Test Accuracy: 0.9800, Energy: -12.87
Time Taken:  12.78466272354126
Test Accuracy: 0.9800, Energy: -10.94
Time Taken:  12.416220426559448
Test Accuracy: 0.9800, Energy: -16.89
Time Taken:  12.73947262763977
Test Accuracy: 0.9800, Energy: -15.28
Time Taken:  12.800858497619629
Test Accuracy: 0.9800, Energy: -13.03
Time Taken:  12.78700065612793
Test Accuracy: 0.9800, Energy: -17.36
Time Taken:  12.69479513168335
Test Accuracy: 0.9800, Energy: -12.98
Time Taken:  12.390315294265747
Final accuracies: [0.9733333333333334, 0.9733333333333334, 0.9733333333333334, 0.9733333333333334, 0.9733333333333334, 0.9733333333333334, 0.9733333333333334, 0.9766666666666667, 0.9766666666666667, 0.9766666666666667, 0.9666666666666667, 0.9666666666666667, 0.9633333333333334, 0.9633333333333334, 0.9633333333333334, 0.9633333333333334, 0.9633333333333334, 0.9633333333333334, 0.9633333333333334, 0.9633333333333334, 0.9633333333333334, 0.9766666666666667, 0.9766666666666667, 0.9766666666666667, 0.9766666666666667, 0.9733333333333334, 0.9733333333333334, 0.9733333333333334, 0.9733333333333334, 0.9733333333333334, 0.9733333333333334, 0.9733333333333334, 0.9733333333333334, 0.9733333333333334, 0.9733333333333334, 0.9733333333333334, 0.9733333333333334, 0.9733333333333334, 0.9733333333333334, 0.9733333333333334, 0.9733333333333334, 0.9733333333333334, 0.9733333333333334, 0.9733333333333334, 0.9733333333333334, 0.9733333333333334, 0.9766666666666667, 0.9766666666666667, 0.9766666666666667, 0.9766666666666667, 0.9766666666666667, 0.9766666666666667, 0.9766666666666667, 0.9766666666666667, 0.9766666666666667, 0.9766666666666667, 0.9766666666666667, 0.9766666666666667, 0.9766666666666667, 0.9766666666666667, 0.9766666666666667, 0.9766666666666667, 0.9766666666666667, 0.9766666666666667, 0.9766666666666667, 0.9766666666666667, 0.9766666666666667, 0.9766666666666667, 0.9766666666666667, 0.9766666666666667, 0.9766666666666667, 0.9766666666666667, 0.9766666666666667, 0.9766666666666667, 0.9766666666666667, 0.9766666666666667, 0.98, 0.9833333333333333, 0.9833333333333333, 0.9833333333333333, 0.9833333333333333, 0.9833333333333333, 0.98, 0.98, 0.98, 0.98, 0.98, 0.98, 0.98, 0.98, 0.98, 0.98, 0.98, 0.98, 0.98, 0.98, 0.98, 0.98, 0.98, 0.98]
Final energies: [-0.8078771829605103, -1.7174795866012573, 0.5452191233634949, 3.5101757049560547, 3.3893520832061768, 3.9969637393951416, 4.634716033935547, 5.904324531555176, 3.1560933589935303, 2.487405776977539, 7.333578109741211, 8.533025741577148, 8.357325553894043, 12.701674461364746, 15.808170318603516, 12.606197357177734, 11.560585975646973, 10.75973129272461, 7.573093891143799, 4.793996810913086, 4.934275150299072, 6.145102024078369, 5.931669235229492, 6.696476936340332, 5.36165189743042, 5.953812599182129, 6.086316108703613, 6.766461372375488, 9.024982452392578, 9.803433418273926, 8.78783130645752, 10.087230682373047, 7.822274684906006, 7.761553764343262, 7.910111904144287, 6.000038146972656, 7.228482246398926, 3.0329549312591553, 0.08950886130332947, 3.1469359397888184, 0.6249805688858032, -0.22681117057800293, -1.3477030992507935, -2.7930374145507812, -3.603361129760742, -4.800746917724609, -3.9286890029907227, -5.857010841369629, -7.027944564819336, -9.961024284362793, -10.524867057800293, -13.341071128845215, -13.506843566894531, -8.921428680419922, -10.688063621520996, -8.223149299621582, -11.100814819335938, -11.537353515625, -9.127912521362305, -7.380102157592773, -7.997345447540283, -8.592766761779785, -4.895462989807129, -5.529031753540039, -9.717103958129883, -8.592524528503418, -8.349028587341309, -11.002288818359375, -8.304512977600098, -4.349225997924805, -2.7875611782073975, -7.200791358947754, -7.097955703735352, -6.676774501800537, -8.970252990722656, -7.846861362457275, -5.663400650024414, -8.387263298034668, -14.935826301574707, -14.359110832214355, -15.173981666564941, -15.117545127868652, -18.84410858154297, -18.82463836669922, -18.735313415527344, -19.462068557739258, -19.187671661376953, -18.284059524536133, -16.413164138793945, -14.755416870117188, -18.008136749267578, -17.384119033813477, -18.052875518798828, -12.87161922454834, -10.93704605102539, -16.888534545898438, -15.276167869567871, -13.030192375183105, -17.360685348510742, -12.98177719116211]
