Running with parameters: hidden=100, use_coupled=true, seed=92
Test Accuracy: 0.9067, Energy: -29.85
Time Taken:  12.75412893295288
Test Accuracy: 0.9067, Energy: -28.18
Time Taken:  12.71930456161499
Test Accuracy: 0.9067, Energy: -27.74
Time Taken:  12.738630294799805
Test Accuracy: 0.9100, Energy: -24.72
Time Taken:  12.816246271133423
Test Accuracy: 0.9100, Energy: -23.17
Time Taken:  12.737436294555664
Test Accuracy: 0.9100, Energy: -26.65
Time Taken:  12.74424695968628
Test Accuracy: 0.9100, Energy: -25.23
Time Taken:  12.771751403808594
Test Accuracy: 0.9100, Energy: -26.34
Time Taken:  12.776885271072388
Test Accuracy: 0.9100, Energy: -25.56
Time Taken:  12.766655683517456
Test Accuracy: 0.9100, Energy: -27.36
Time Taken:  12.775056600570679
Test Accuracy: 0.9100, Energy: -27.16
Time Taken:  12.783329725265503
Test Accuracy: 0.9033, Energy: -28.13
Time Taken:  12.827584028244019
Test Accuracy: 0.9033, Energy: -28.31
Time Taken:  12.756784915924072
Test Accuracy: 0.9033, Energy: -27.64
Time Taken:  12.768656730651855
Test Accuracy: 0.9067, Energy: -29.43
Time Taken:  12.749314546585083
Test Accuracy: 0.9067, Energy: -26.26
Time Taken:  12.76649022102356
Test Accuracy: 0.9067, Energy: -25.55
Time Taken:  12.786320447921753
Test Accuracy: 0.9067, Energy: -25.00
Time Taken:  12.767496109008789
Test Accuracy: 0.9067, Energy: -23.10
Time Taken:  12.790263891220093
Test Accuracy: 0.9033, Energy: -24.37
Time Taken:  12.83796739578247
Test Accuracy: 0.9033, Energy: -25.37
Time Taken:  12.755606651306152
Test Accuracy: 0.9033, Energy: -24.04
Time Taken:  12.750880479812622
Test Accuracy: 0.9033, Energy: -20.66
Time Taken:  12.754572629928589
Test Accuracy: 0.9033, Energy: -19.66
Time Taken:  12.784343004226685
Test Accuracy: 0.9033, Energy: -18.27
Time Taken:  12.785309791564941
Test Accuracy: 0.9067, Energy: -18.01
Time Taken:  12.788223505020142
Test Accuracy: 0.9067, Energy: -19.23
Time Taken:  12.789174795150757
Test Accuracy: 0.9067, Energy: -21.49
Time Taken:  12.810105800628662
Test Accuracy: 0.9100, Energy: -24.17
Time Taken:  12.750934362411499
Test Accuracy: 0.9100, Energy: -26.21
Time Taken:  12.761841535568237
Test Accuracy: 0.9100, Energy: -24.86
Time Taken:  12.699925422668457
Test Accuracy: 0.9100, Energy: -22.88
Time Taken:  12.703952550888062
Test Accuracy: 0.9100, Energy: -22.02
Time Taken:  12.710787057876587
Test Accuracy: 0.9133, Energy: -17.61
Time Taken:  12.720577001571655
Test Accuracy: 0.9133, Energy: -19.23
Time Taken:  12.722611427307129
Test Accuracy: 0.9133, Energy: -17.87
Time Taken:  12.751888751983643
Test Accuracy: 0.9133, Energy: -16.79
Time Taken:  12.690771579742432
Test Accuracy: 0.9133, Energy: -14.42
Time Taken:  12.703054666519165
Test Accuracy: 0.9133, Energy: -15.71
Time Taken:  12.71452784538269
Test Accuracy: 0.9133, Energy: -11.50
Time Taken:  12.721721410751343
Test Accuracy: 0.9133, Energy: -9.11
Time Taken:  12.701885223388672
Test Accuracy: 0.9133, Energy: -9.91
Time Taken:  12.723705053329468
Test Accuracy: 0.9133, Energy: -8.29
Time Taken:  12.730656623840332
Test Accuracy: 0.9133, Energy: -10.46
Time Taken:  12.745026111602783
Test Accuracy: 0.9133, Energy: -7.86
Time Taken:  12.675241708755493
Test Accuracy: 0.9133, Energy: -10.24
Time Taken:  12.693938255310059
Test Accuracy: 0.9133, Energy: -11.15
Time Taken:  12.679757356643677
Test Accuracy: 0.9133, Energy: -16.30
Time Taken:  12.678016662597656
Test Accuracy: 0.9133, Energy: -17.11
Time Taken:  12.690223693847656
Test Accuracy: 0.9133, Energy: -19.98
Time Taken:  12.726944923400879
Test Accuracy: 0.9133, Energy: -21.51
Time Taken:  12.732664823532104
Test Accuracy: 0.9133, Energy: -18.37
Time Taken:  12.747962951660156
Test Accuracy: 0.9133, Energy: -22.30
Time Taken:  12.714114904403687
Test Accuracy: 0.9133, Energy: -24.80
Time Taken:  12.760975122451782
Test Accuracy: 0.9133, Energy: -23.41
Time Taken:  12.76760196685791
Test Accuracy: 0.9167, Energy: -27.80
Time Taken:  12.787607669830322
Test Accuracy: 0.9167, Energy: -30.49
Time Taken:  12.771100282669067
Test Accuracy: 0.9133, Energy: -25.38
Time Taken:  12.77874231338501
Test Accuracy: 0.9133, Energy: -24.43
Time Taken:  12.838224172592163
Test Accuracy: 0.9133, Energy: -28.93
Time Taken:  12.749532699584961
Test Accuracy: 0.9167, Energy: -28.24
Time Taken:  12.750008344650269
Test Accuracy: 0.9167, Energy: -28.09
Time Taken:  12.773030281066895
Test Accuracy: 0.9167, Energy: -28.43
Time Taken:  12.790258169174194
Test Accuracy: 0.9167, Energy: -25.61
Time Taken:  12.760109663009644
Test Accuracy: 0.9167, Energy: -22.47
Time Taken:  12.780127763748169
Test Accuracy: 0.9167, Energy: -22.59
Time Taken:  12.785054445266724
Test Accuracy: 0.9167, Energy: -27.13
Time Taken:  12.830297231674194
Test Accuracy: 0.9167, Energy: -27.94
Time Taken:  12.73547911643982
Test Accuracy: 0.9133, Energy: -28.56
Time Taken:  12.753929853439331
Test Accuracy: 0.9100, Energy: -29.85
Time Taken:  12.779528856277466
Test Accuracy: 0.9100, Energy: -30.12
Time Taken:  12.767330884933472
Test Accuracy: 0.9133, Energy: -31.52
Time Taken:  12.760055541992188
Test Accuracy: 0.9167, Energy: -29.61
Time Taken:  12.77042555809021
Test Accuracy: 0.9167, Energy: -26.83
Time Taken:  12.777939081192017
Test Accuracy: 0.9167, Energy: -28.60
Time Taken:  12.823447942733765
Test Accuracy: 0.9167, Energy: -29.59
Time Taken:  12.74252462387085
Test Accuracy: 0.9133, Energy: -29.97
Time Taken:  12.721243143081665
Test Accuracy: 0.9133, Energy: -31.41
Time Taken:  12.787858247756958
Test Accuracy: 0.9133, Energy: -32.68
Time Taken:  12.768678426742554
Test Accuracy: 0.9133, Energy: -32.20
Time Taken:  12.77408480644226
Test Accuracy: 0.9133, Energy: -28.97
Time Taken:  12.788795471191406
Test Accuracy: 0.9100, Energy: -30.94
Time Taken:  12.79244089126587
Test Accuracy: 0.9100, Energy: -32.93
Time Taken:  12.817088603973389
Test Accuracy: 0.9100, Energy: -33.19
Time Taken:  12.732117652893066
Test Accuracy: 0.9067, Energy: -36.49
Time Taken:  12.7869393825531
Test Accuracy: 0.9067, Energy: -34.91
Time Taken:  12.782082557678223
Test Accuracy: 0.9033, Energy: -34.79
Time Taken:  12.786145210266113
Test Accuracy: 0.9033, Energy: -36.14
Time Taken:  12.786237001419067
Test Accuracy: 0.9033, Energy: -34.03
Time Taken:  12.790190696716309
Test Accuracy: 0.9033, Energy: -35.98
Time Taken:  12.782480239868164
Test Accuracy: 0.9033, Energy: -33.69
Time Taken:  12.819919347763062
Test Accuracy: 0.9033, Energy: -32.97
Time Taken:  12.75563931465149
Test Accuracy: 0.9033, Energy: -33.75
Time Taken:  12.762371063232422
Test Accuracy: 0.9033, Energy: -36.63
Time Taken:  12.716708660125732
Test Accuracy: 0.9033, Energy: -36.87
Time Taken:  12.72202181816101
Test Accuracy: 0.9033, Energy: -38.47
Time Taken:  12.730809450149536
Test Accuracy: 0.9033, Energy: -38.41
Time Taken:  12.734488487243652
Test Accuracy: 0.9033, Energy: -40.74
Time Taken:  12.724088668823242
Test Accuracy: 0.9033, Energy: -38.41
Time Taken:  12.742791652679443
Test Accuracy: 0.9033, Energy: -40.02
Time Taken:  12.691260576248169
Final accuracies: [0.9066666666666666, 0.9066666666666666, 0.9066666666666666, 0.91, 0.91, 0.91, 0.91, 0.91, 0.91, 0.91, 0.91, 0.9033333333333333, 0.9033333333333333, 0.9033333333333333, 0.9066666666666666, 0.9066666666666666, 0.9066666666666666, 0.9066666666666666, 0.9066666666666666, 0.9033333333333333, 0.9033333333333333, 0.9033333333333333, 0.9033333333333333, 0.9033333333333333, 0.9033333333333333, 0.9066666666666666, 0.9066666666666666, 0.9066666666666666, 0.91, 0.91, 0.91, 0.91, 0.91, 0.9133333333333333, 0.9133333333333333, 0.9133333333333333, 0.9133333333333333, 0.9133333333333333, 0.9133333333333333, 0.9133333333333333, 0.9133333333333333, 0.9133333333333333, 0.9133333333333333, 0.9133333333333333, 0.9133333333333333, 0.9133333333333333, 0.9133333333333333, 0.9133333333333333, 0.9133333333333333, 0.9133333333333333, 0.9133333333333333, 0.9133333333333333, 0.9133333333333333, 0.9133333333333333, 0.9133333333333333, 0.9166666666666666, 0.9166666666666666, 0.9133333333333333, 0.9133333333333333, 0.9133333333333333, 0.9166666666666666, 0.9166666666666666, 0.9166666666666666, 0.9166666666666666, 0.9166666666666666, 0.9166666666666666, 0.9166666666666666, 0.9166666666666666, 0.9133333333333333, 0.91, 0.91, 0.9133333333333333, 0.9166666666666666, 0.9166666666666666, 0.9166666666666666, 0.9166666666666666, 0.9133333333333333, 0.9133333333333333, 0.9133333333333333, 0.9133333333333333, 0.9133333333333333, 0.91, 0.91, 0.91, 0.9066666666666666, 0.9066666666666666, 0.9033333333333333, 0.9033333333333333, 0.9033333333333333, 0.9033333333333333, 0.9033333333333333, 0.9033333333333333, 0.9033333333333333, 0.9033333333333333, 0.9033333333333333, 0.9033333333333333, 0.9033333333333333, 0.9033333333333333, 0.9033333333333333, 0.9033333333333333]
Final energies: [-29.851694107055664, -28.17998695373535, -27.74077606201172, -24.718669891357422, -23.167299270629883, -26.64878273010254, -25.23220443725586, -26.340595245361328, -25.55697250366211, -27.35586929321289, -27.161128997802734, -28.1312198638916, -28.311803817749023, -27.636337280273438, -29.431175231933594, -26.262557983398438, -25.552894592285156, -24.998641967773438, -23.102663040161133, -24.367189407348633, -25.3697566986084, -24.04471778869629, -20.660158157348633, -19.664318084716797, -18.268627166748047, -18.012929916381836, -19.22934341430664, -21.49216651916504, -24.172887802124023, -26.20548439025879, -24.85822868347168, -22.876834869384766, -22.019411087036133, -17.60736083984375, -19.231584548950195, -17.86910057067871, -16.793529510498047, -14.418970108032227, -15.708459854125977, -11.503071784973145, -9.113411903381348, -9.908300399780273, -8.290910720825195, -10.455413818359375, -7.861497402191162, -10.237804412841797, -11.147289276123047, -16.29819107055664, -17.10944175720215, -19.97775650024414, -21.511587142944336, -18.36726951599121, -22.296951293945312, -24.79801368713379, -23.413516998291016, -27.804983139038086, -30.491697311401367, -25.383560180664062, -24.4254207611084, -28.92643928527832, -28.240400314331055, -28.092247009277344, -28.429397583007812, -25.609647750854492, -22.473234176635742, -22.5872745513916, -27.131961822509766, -27.941682815551758, -28.55730438232422, -29.85468864440918, -30.116748809814453, -31.523223876953125, -29.61236000061035, -26.834714889526367, -28.599781036376953, -29.59256362915039, -29.96817398071289, -31.40947723388672, -32.67940139770508, -32.195377349853516, -28.966304779052734, -30.94447898864746, -32.93212127685547, -33.19166946411133, -36.49397277832031, -34.91337966918945, -34.786537170410156, -36.14154052734375, -34.029598236083984, -35.98255920410156, -33.69316482543945, -32.9707145690918, -33.75460433959961, -36.63267135620117, -36.872161865234375, -38.46538162231445, -38.4131965637207, -40.73532485961914, -38.41392135620117, -40.01581573486328]
