Running with parameters: hidden=100, use_coupled=true, seed=8
Test Accuracy: 0.9200, Energy: 17.22
Time Taken:  13.065595149993896
Test Accuracy: 0.9300, Energy: 14.50
Time Taken:  13.024582147598267
Test Accuracy: 0.9300, Energy: 14.09
Time Taken:  13.065160751342773
Test Accuracy: 0.9300, Energy: 13.34
Time Taken:  13.162530899047852
Test Accuracy: 0.9267, Energy: 14.80
Time Taken:  13.070114135742188
Test Accuracy: 0.9267, Energy: 12.53
Time Taken:  13.059689283370972
Test Accuracy: 0.9333, Energy: 11.72
Time Taken:  13.09992527961731
Test Accuracy: 0.9333, Energy: 11.09
Time Taken:  13.118371486663818
Test Accuracy: 0.9333, Energy: 5.49
Time Taken:  13.102465867996216
Test Accuracy: 0.9233, Energy: 4.03
Time Taken:  13.094818115234375
Test Accuracy: 0.9233, Energy: 7.59
Time Taken:  13.107241153717041
Test Accuracy: 0.9233, Energy: 8.11
Time Taken:  13.18753457069397
Test Accuracy: 0.9233, Energy: 6.50
Time Taken:  13.074294328689575
Test Accuracy: 0.9233, Energy: 4.94
Time Taken:  13.089982986450195
Test Accuracy: 0.9233, Energy: 4.43
Time Taken:  13.085032224655151
Test Accuracy: 0.9233, Energy: 4.95
Time Taken:  13.105528831481934
Test Accuracy: 0.9367, Energy: 3.16
Time Taken:  13.121634006500244
Test Accuracy: 0.9333, Energy: 3.53
Time Taken:  13.104111194610596
Test Accuracy: 0.9367, Energy: 5.47
Time Taken:  13.115537405014038
Test Accuracy: 0.9367, Energy: 3.00
Time Taken:  13.175080299377441
Test Accuracy: 0.9267, Energy: 1.19
Time Taken:  13.067258834838867
Test Accuracy: 0.9267, Energy: 2.24
Time Taken:  13.0756995677948
Test Accuracy: 0.9367, Energy: 3.43
Time Taken:  13.092043161392212
Test Accuracy: 0.9367, Energy: -1.46
Time Taken:  13.132250547409058
Test Accuracy: 0.9367, Energy: -5.24
Time Taken:  13.101762533187866
Test Accuracy: 0.9367, Energy: -2.83
Time Taken:  13.111921310424805
Test Accuracy: 0.9367, Energy: -2.01
Time Taken:  13.107754468917847
Test Accuracy: 0.9367, Energy: 0.72
Time Taken:  13.172955989837646
Test Accuracy: 0.9367, Energy: 2.86
Time Taken:  13.076398134231567
Test Accuracy: 0.9367, Energy: 2.20
Time Taken:  13.091791868209839
Test Accuracy: 0.9367, Energy: 4.67
Time Taken:  13.100187063217163
Test Accuracy: 0.9333, Energy: 4.82
Time Taken:  13.087203979492188
Test Accuracy: 0.9333, Energy: 6.45
Time Taken:  13.097129821777344
Test Accuracy: 0.9333, Energy: 10.58
Time Taken:  13.109273910522461
Test Accuracy: 0.9367, Energy: 11.48
Time Taken:  13.126201152801514
Test Accuracy: 0.9367, Energy: 11.91
Time Taken:  13.158496618270874
Test Accuracy: 0.9367, Energy: 13.79
Time Taken:  13.081779479980469
Test Accuracy: 0.9333, Energy: 12.82
Time Taken:  13.081522703170776
Test Accuracy: 0.9333, Energy: 13.14
Time Taken:  13.09256911277771
Test Accuracy: 0.9333, Energy: 11.73
Time Taken:  13.109961986541748
Test Accuracy: 0.9400, Energy: 14.78
Time Taken:  13.09490966796875
Test Accuracy: 0.9400, Energy: 16.39
Time Taken:  13.115157842636108
Test Accuracy: 0.9400, Energy: 15.74
Time Taken:  13.105369567871094
Test Accuracy: 0.9400, Energy: 9.95
Time Taken:  13.153398275375366
Test Accuracy: 0.9400, Energy: 11.33
Time Taken:  13.054687023162842
Test Accuracy: 0.9367, Energy: 8.87
Time Taken:  13.099591493606567
Test Accuracy: 0.9367, Energy: 9.01
Time Taken:  13.112586736679077
Test Accuracy: 0.9367, Energy: 9.47
Time Taken:  13.096537828445435
Test Accuracy: 0.9367, Energy: 9.58
Time Taken:  13.100956916809082
Test Accuracy: 0.9367, Energy: 10.20
Time Taken:  13.105792045593262
Test Accuracy: 0.9367, Energy: 14.16
Time Taken:  13.115561485290527
Test Accuracy: 0.9367, Energy: 14.00
Time Taken:  13.132660865783691
Test Accuracy: 0.9333, Energy: 16.18
Time Taken:  13.084670782089233
Test Accuracy: 0.9300, Energy: 15.01
Time Taken:  13.089736461639404
Test Accuracy: 0.9267, Energy: 13.75
Time Taken:  13.110358953475952
Test Accuracy: 0.9267, Energy: 18.61
Time Taken:  13.11131501197815
Test Accuracy: 0.9267, Energy: 18.62
Time Taken:  13.106428623199463
Test Accuracy: 0.9267, Energy: 18.57
Time Taken:  13.101895809173584
Test Accuracy: 0.9267, Energy: 20.80
Time Taken:  13.156206846237183
Test Accuracy: 0.9267, Energy: 18.09
Time Taken:  13.082842350006104
Test Accuracy: 0.9267, Energy: 17.55
Time Taken:  13.071044206619263
Test Accuracy: 0.9267, Energy: 15.59
Time Taken:  13.11286187171936
Test Accuracy: 0.9267, Energy: 13.73
Time Taken:  13.097619771957397
Test Accuracy: 0.9267, Energy: 15.84
Time Taken:  13.088555097579956
Test Accuracy: 0.9267, Energy: 14.21
Time Taken:  13.099484205245972
Test Accuracy: 0.9267, Energy: 12.27
Time Taken:  13.096745491027832
Test Accuracy: 0.9300, Energy: 13.72
Time Taken:  13.15003776550293
Test Accuracy: 0.9300, Energy: 10.83
Time Taken:  13.057508945465088
Test Accuracy: 0.9300, Energy: 12.11
Time Taken:  13.064242839813232
Test Accuracy: 0.9300, Energy: 14.27
Time Taken:  13.086312532424927
Test Accuracy: 0.9300, Energy: 11.96
Time Taken:  13.101524591445923
Test Accuracy: 0.9333, Energy: 10.33
Time Taken:  13.080067873001099
Test Accuracy: 0.9333, Energy: 10.69
Time Taken:  13.106212377548218
Test Accuracy: 0.9333, Energy: 11.88
Time Taken:  13.115503549575806
Test Accuracy: 0.9333, Energy: 10.20
Time Taken:  13.140344381332397
Test Accuracy: 0.9333, Energy: 9.81
Time Taken:  13.086771249771118
Test Accuracy: 0.9333, Energy: 7.48
Time Taken:  13.068808555603027
Test Accuracy: 0.9333, Energy: 6.41
Time Taken:  13.075864553451538
Test Accuracy: 0.9367, Energy: 6.81
Time Taken:  13.111987113952637
Test Accuracy: 0.9300, Energy: 8.22
Time Taken:  13.10549807548523
Test Accuracy: 0.9300, Energy: 7.18
Time Taken:  13.11589789390564
Test Accuracy: 0.9300, Energy: 7.65
Time Taken:  13.123140096664429
Test Accuracy: 0.9300, Energy: 5.68
Time Taken:  13.151909351348877
Test Accuracy: 0.9300, Energy: 6.00
Time Taken:  13.070062160491943
Test Accuracy: 0.9300, Energy: 6.67
Time Taken:  13.114567279815674
Test Accuracy: 0.9300, Energy: 4.42
Time Taken:  13.103465795516968
Test Accuracy: 0.9300, Energy: 8.74
Time Taken:  13.089836597442627
Test Accuracy: 0.9267, Energy: 7.78
Time Taken:  13.114854097366333
Test Accuracy: 0.9300, Energy: 6.47
Time Taken:  13.114134788513184
Test Accuracy: 0.9300, Energy: 5.21
Time Taken:  13.095624685287476
Test Accuracy: 0.9300, Energy: 8.78
Time Taken:  13.151711702346802
Test Accuracy: 0.9267, Energy: 4.99
Time Taken:  13.078495025634766
Test Accuracy: 0.9300, Energy: 5.07
Time Taken:  13.091391801834106
Test Accuracy: 0.9300, Energy: 6.84
Time Taken:  13.100816488265991
Test Accuracy: 0.9267, Energy: 6.62
Time Taken:  13.100694179534912
Test Accuracy: 0.9267, Energy: 8.52
Time Taken:  13.10569715499878
Test Accuracy: 0.9267, Energy: 10.10
Time Taken:  13.108111381530762
Test Accuracy: 0.9267, Energy: 12.43
Time Taken:  13.086581945419312
Test Accuracy: 0.9267, Energy: 10.97
Time Taken:  13.156108617782593
Test Accuracy: 0.9267, Energy: 10.93
Time Taken:  13.086665868759155
Final accuracies: [0.92, 0.93, 0.93, 0.93, 0.9266666666666666, 0.9266666666666666, 0.9333333333333333, 0.9333333333333333, 0.9333333333333333, 0.9233333333333333, 0.9233333333333333, 0.9233333333333333, 0.9233333333333333, 0.9233333333333333, 0.9233333333333333, 0.9233333333333333, 0.9366666666666666, 0.9333333333333333, 0.9366666666666666, 0.9366666666666666, 0.9266666666666666, 0.9266666666666666, 0.9366666666666666, 0.9366666666666666, 0.9366666666666666, 0.9366666666666666, 0.9366666666666666, 0.9366666666666666, 0.9366666666666666, 0.9366666666666666, 0.9366666666666666, 0.9333333333333333, 0.9333333333333333, 0.9333333333333333, 0.9366666666666666, 0.9366666666666666, 0.9366666666666666, 0.9333333333333333, 0.9333333333333333, 0.9333333333333333, 0.94, 0.94, 0.94, 0.94, 0.94, 0.9366666666666666, 0.9366666666666666, 0.9366666666666666, 0.9366666666666666, 0.9366666666666666, 0.9366666666666666, 0.9366666666666666, 0.9333333333333333, 0.93, 0.9266666666666666, 0.9266666666666666, 0.9266666666666666, 0.9266666666666666, 0.9266666666666666, 0.9266666666666666, 0.9266666666666666, 0.9266666666666666, 0.9266666666666666, 0.9266666666666666, 0.9266666666666666, 0.9266666666666666, 0.93, 0.93, 0.93, 0.93, 0.93, 0.9333333333333333, 0.9333333333333333, 0.9333333333333333, 0.9333333333333333, 0.9333333333333333, 0.9333333333333333, 0.9333333333333333, 0.9366666666666666, 0.93, 0.93, 0.93, 0.93, 0.93, 0.93, 0.93, 0.93, 0.9266666666666666, 0.93, 0.93, 0.93, 0.9266666666666666, 0.93, 0.93, 0.9266666666666666, 0.9266666666666666, 0.9266666666666666, 0.9266666666666666, 0.9266666666666666, 0.9266666666666666]
Final energies: [17.217613220214844, 14.497485160827637, 14.085675239562988, 13.343347549438477, 14.801587104797363, 12.531022071838379, 11.715417861938477, 11.093294143676758, 5.48659610748291, 4.030040740966797, 7.587210655212402, 8.111432075500488, 6.499998092651367, 4.935259819030762, 4.434600830078125, 4.948758602142334, 3.1577088832855225, 3.5282511711120605, 5.467576026916504, 2.995689868927002, 1.1879870891571045, 2.2380592823028564, 3.430612564086914, -1.4552338123321533, -5.235955238342285, -2.8289268016815186, -2.0102412700653076, 0.7159091234207153, 2.857557535171509, 2.195035219192505, 4.672300338745117, 4.818019866943359, 6.453887939453125, 10.58218002319336, 11.481639862060547, 11.90989875793457, 13.7949857711792, 12.819783210754395, 13.143113136291504, 11.726587295532227, 14.782535552978516, 16.39314079284668, 15.741744041442871, 9.95017147064209, 11.327936172485352, 8.86807632446289, 9.0103759765625, 9.468850135803223, 9.576274871826172, 10.20394229888916, 14.160592079162598, 13.996072769165039, 16.180509567260742, 15.011344909667969, 13.750717163085938, 18.60590934753418, 18.616065979003906, 18.57045555114746, 20.800291061401367, 18.087936401367188, 17.55324935913086, 15.59046745300293, 13.729036331176758, 15.843717575073242, 14.207584381103516, 12.265703201293945, 13.720232963562012, 10.833751678466797, 12.106526374816895, 14.269603729248047, 11.960980415344238, 10.330279350280762, 10.687524795532227, 11.87724494934082, 10.204122543334961, 9.807759284973145, 7.481445789337158, 6.408884048461914, 6.81306266784668, 8.218599319458008, 7.175509929656982, 7.653824329376221, 5.682921409606934, 6.0031585693359375, 6.668585300445557, 4.417927265167236, 8.741381645202637, 7.776205539703369, 6.470674514770508, 5.2118330001831055, 8.776628494262695, 4.993262767791748, 5.073624134063721, 6.840627670288086, 6.617679119110107, 8.515125274658203, 10.095574378967285, 12.428251266479492, 10.974775314331055, 10.928388595581055]
