Running with parameters: hidden=100, use_coupled=true, seed=15
Test Accuracy: 0.9700, Energy: 22.66
Time Taken:  12.892533540725708
Test Accuracy: 0.9700, Energy: 24.37
Time Taken:  12.839710235595703
Test Accuracy: 0.9700, Energy: 24.75
Time Taken:  12.88129711151123
Test Accuracy: 0.9700, Energy: 19.77
Time Taken:  12.95015573501587
Test Accuracy: 0.9700, Energy: 20.48
Time Taken:  12.918137550354004
Test Accuracy: 0.9700, Energy: 20.06
Time Taken:  12.849043130874634
Test Accuracy: 0.9700, Energy: 19.61
Time Taken:  12.908762693405151
Test Accuracy: 0.9700, Energy: 18.74
Time Taken:  12.916470527648926
Test Accuracy: 0.9700, Energy: 18.42
Time Taken:  12.923460006713867
Test Accuracy: 0.9700, Energy: 17.59
Time Taken:  12.916054964065552
Test Accuracy: 0.9700, Energy: 14.62
Time Taken:  12.923662900924683
Test Accuracy: 0.9700, Energy: 13.05
Time Taken:  12.937800407409668
Test Accuracy: 0.9700, Energy: 11.76
Time Taken:  12.82266116142273
Test Accuracy: 0.9700, Energy: 10.46
Time Taken:  12.821486234664917
Test Accuracy: 0.9700, Energy: 7.69
Time Taken:  12.852421283721924
Test Accuracy: 0.9700, Energy: 5.34
Time Taken:  12.821625232696533
Test Accuracy: 0.9700, Energy: 5.25
Time Taken:  12.846540212631226
Test Accuracy: 0.9733, Energy: 2.51
Time Taken:  12.831128120422363
Test Accuracy: 0.9733, Energy: 4.77
Time Taken:  12.85279655456543
Test Accuracy: 0.9733, Energy: 3.34
Time Taken:  12.887836217880249
Test Accuracy: 0.9733, Energy: 5.64
Time Taken:  12.816589832305908
Test Accuracy: 0.9733, Energy: 2.88
Time Taken:  12.802685022354126
Test Accuracy: 0.9733, Energy: 1.93
Time Taken:  12.832059860229492
Test Accuracy: 0.9733, Energy: 3.84
Time Taken:  12.851137638092041
Test Accuracy: 0.9733, Energy: 5.57
Time Taken:  12.849103689193726
Test Accuracy: 0.9733, Energy: 4.96
Time Taken:  12.858800649642944
Test Accuracy: 0.9733, Energy: 5.70
Time Taken:  12.871657848358154
Test Accuracy: 0.9733, Energy: 4.74
Time Taken:  12.893360614776611
Test Accuracy: 0.9733, Energy: 5.56
Time Taken:  12.831343173980713
Test Accuracy: 0.9733, Energy: 7.26
Time Taken:  12.85501217842102
Test Accuracy: 0.9733, Energy: 0.73
Time Taken:  12.881913661956787
Test Accuracy: 0.9733, Energy: -2.86
Time Taken:  12.899049758911133
Test Accuracy: 0.9733, Energy: -1.08
Time Taken:  12.863134860992432
Test Accuracy: 0.9733, Energy: -0.97
Time Taken:  12.916558980941772
Test Accuracy: 0.9733, Energy: 1.06
Time Taken:  12.850435972213745
Test Accuracy: 0.9733, Energy: -1.76
Time Taken:  12.93608283996582
Test Accuracy: 0.9733, Energy: 1.07
Time Taken:  12.82844853401184
Test Accuracy: 0.9733, Energy: 3.31
Time Taken:  12.836857557296753
Test Accuracy: 0.9767, Energy: 7.34
Time Taken:  12.870012283325195
Test Accuracy: 0.9767, Energy: 3.62
Time Taken:  12.845474243164062
Test Accuracy: 0.9767, Energy: 7.30
Time Taken:  12.851667404174805
Test Accuracy: 0.9733, Energy: 5.83
Time Taken:  12.860734939575195
Test Accuracy: 0.9733, Energy: 7.19
Time Taken:  12.859679937362671
Test Accuracy: 0.9733, Energy: 8.23
Time Taken:  12.861895322799683
Test Accuracy: 0.9733, Energy: 6.61
Time Taken:  12.80700421333313
Test Accuracy: 0.9733, Energy: 6.12
Time Taken:  12.843845129013062
Test Accuracy: 0.9733, Energy: 0.63
Time Taken:  12.87549901008606
Test Accuracy: 0.9733, Energy: 3.21
Time Taken:  12.832858085632324
Test Accuracy: 0.9767, Energy: -0.03
Time Taken:  12.84421992301941
Test Accuracy: 0.9767, Energy: -0.21
Time Taken:  12.847224950790405
Test Accuracy: 0.9767, Energy: -0.90
Time Taken:  12.869408130645752
Test Accuracy: 0.9767, Energy: 0.99
Time Taken:  12.868417978286743
Test Accuracy: 0.9767, Energy: -0.57
Time Taken:  12.814039468765259
Test Accuracy: 0.9767, Energy: 0.68
Time Taken:  12.825758934020996
Test Accuracy: 0.9767, Energy: 0.03
Time Taken:  12.887178421020508
Test Accuracy: 0.9767, Energy: 2.39
Time Taken:  12.874383926391602
Test Accuracy: 0.9767, Energy: -0.51
Time Taken:  12.912187337875366
Test Accuracy: 0.9767, Energy: 1.50
Time Taken:  12.919723510742188
Test Accuracy: 0.9767, Energy: 0.96
Time Taken:  12.96482229232788
Test Accuracy: 0.9767, Energy: -1.06
Time Taken:  12.861292362213135
Test Accuracy: 0.9767, Energy: 1.37
Time Taken:  12.85328459739685
Test Accuracy: 0.9767, Energy: 0.97
Time Taken:  12.911568641662598
Test Accuracy: 0.9767, Energy: 0.10
Time Taken:  12.879672527313232
Test Accuracy: 0.9733, Energy: -3.14
Time Taken:  12.853804588317871
Test Accuracy: 0.9733, Energy: -0.71
Time Taken:  12.87534785270691
Test Accuracy: 0.9733, Energy: -1.89
Time Taken:  12.850729703903198
Test Accuracy: 0.9733, Energy: -3.78
Time Taken:  12.892043590545654
Test Accuracy: 0.9733, Energy: -1.16
Time Taken:  12.830833435058594
Test Accuracy: 0.9733, Energy: -1.93
Time Taken:  12.829057693481445
Test Accuracy: 0.9733, Energy: -2.88
Time Taken:  12.858781814575195
Test Accuracy: 0.9733, Energy: -1.78
Time Taken:  12.858635902404785
Test Accuracy: 0.9733, Energy: -4.75
Time Taken:  12.845624208450317
Test Accuracy: 0.9733, Energy: -5.47
Time Taken:  12.864362955093384
Test Accuracy: 0.9733, Energy: -5.47
Time Taken:  12.864400386810303
Test Accuracy: 0.9733, Energy: -7.19
Time Taken:  12.87325143814087
Test Accuracy: 0.9733, Energy: -7.61
Time Taken:  12.817643880844116
Test Accuracy: 0.9733, Energy: -7.00
Time Taken:  12.836482048034668
Test Accuracy: 0.9733, Energy: -7.39
Time Taken:  12.839900732040405
Test Accuracy: 0.9733, Energy: -9.92
Time Taken:  12.835897207260132
Test Accuracy: 0.9767, Energy: -12.48
Time Taken:  12.841256856918335
Test Accuracy: 0.9767, Energy: -16.28
Time Taken:  12.938599348068237
Test Accuracy: 0.9767, Energy: -17.00
Time Taken:  12.913424491882324
Test Accuracy: 0.9767, Energy: -14.43
Time Taken:  12.916990518569946
Test Accuracy: 0.9800, Energy: -13.22
Time Taken:  12.846595764160156
Test Accuracy: 0.9800, Energy: -16.16
Time Taken:  12.848015308380127
Test Accuracy: 0.9800, Energy: -16.62
Time Taken:  12.881455183029175
Test Accuracy: 0.9800, Energy: -16.98
Time Taken:  12.847840309143066
Test Accuracy: 0.9833, Energy: -18.79
Time Taken:  12.857086420059204
Test Accuracy: 0.9833, Energy: -16.94
Time Taken:  12.881351709365845
Test Accuracy: 0.9833, Energy: -18.13
Time Taken:  12.851946353912354
Test Accuracy: 0.9800, Energy: -15.88
Time Taken:  12.905558586120605
Test Accuracy: 0.9800, Energy: -16.91
Time Taken:  12.848315477371216
Test Accuracy: 0.9800, Energy: -13.15
Time Taken:  12.872428894042969
Test Accuracy: 0.9800, Energy: -14.39
Time Taken:  12.854784488677979
Test Accuracy: 0.9800, Energy: -16.81
Time Taken:  12.830847978591919
Test Accuracy: 0.9800, Energy: -13.59
Time Taken:  12.85457444190979
Test Accuracy: 0.9800, Energy: -15.96
Time Taken:  12.891428232192993
Test Accuracy: 0.9800, Energy: -13.59
Time Taken:  12.882960796356201
Test Accuracy: 0.9800, Energy: -14.87
Time Taken:  12.914050579071045
Test Accuracy: 0.9800, Energy: -14.28
Time Taken:  12.869513034820557
Final accuracies: [0.97, 0.97, 0.97, 0.97, 0.97, 0.97, 0.97, 0.97, 0.97, 0.97, 0.97, 0.97, 0.97, 0.97, 0.97, 0.97, 0.97, 0.9733333333333334, 0.9733333333333334, 0.9733333333333334, 0.9733333333333334, 0.9733333333333334, 0.9733333333333334, 0.9733333333333334, 0.9733333333333334, 0.9733333333333334, 0.9733333333333334, 0.9733333333333334, 0.9733333333333334, 0.9733333333333334, 0.9733333333333334, 0.9733333333333334, 0.9733333333333334, 0.9733333333333334, 0.9733333333333334, 0.9733333333333334, 0.9733333333333334, 0.9733333333333334, 0.9766666666666667, 0.9766666666666667, 0.9766666666666667, 0.9733333333333334, 0.9733333333333334, 0.9733333333333334, 0.9733333333333334, 0.9733333333333334, 0.9733333333333334, 0.9733333333333334, 0.9766666666666667, 0.9766666666666667, 0.9766666666666667, 0.9766666666666667, 0.9766666666666667, 0.9766666666666667, 0.9766666666666667, 0.9766666666666667, 0.9766666666666667, 0.9766666666666667, 0.9766666666666667, 0.9766666666666667, 0.9766666666666667, 0.9766666666666667, 0.9766666666666667, 0.9733333333333334, 0.9733333333333334, 0.9733333333333334, 0.9733333333333334, 0.9733333333333334, 0.9733333333333334, 0.9733333333333334, 0.9733333333333334, 0.9733333333333334, 0.9733333333333334, 0.9733333333333334, 0.9733333333333334, 0.9733333333333334, 0.9733333333333334, 0.9733333333333334, 0.9733333333333334, 0.9766666666666667, 0.9766666666666667, 0.9766666666666667, 0.9766666666666667, 0.98, 0.98, 0.98, 0.98, 0.9833333333333333, 0.9833333333333333, 0.9833333333333333, 0.98, 0.98, 0.98, 0.98, 0.98, 0.98, 0.98, 0.98, 0.98, 0.98]
Final energies: [22.65541648864746, 24.374311447143555, 24.751039505004883, 19.77023696899414, 20.47601890563965, 20.063575744628906, 19.608291625976562, 18.74229621887207, 18.42307472229004, 17.58747673034668, 14.619215965270996, 13.053155899047852, 11.755133628845215, 10.460278511047363, 7.690804481506348, 5.336113929748535, 5.249603748321533, 2.5087807178497314, 4.771786689758301, 3.3366544246673584, 5.63550329208374, 2.8753955364227295, 1.9277446269989014, 3.836637020111084, 5.56599235534668, 4.960078239440918, 5.704958915710449, 4.739822864532471, 5.562636375427246, 7.26005220413208, 0.7275066375732422, -2.8582208156585693, -1.075287103652954, -0.9722041487693787, 1.0596868991851807, -1.7559435367584229, 1.07395339012146, 3.310016393661499, 7.341014862060547, 3.6235342025756836, 7.300502777099609, 5.82923698425293, 7.188901424407959, 8.22641658782959, 6.612340927124023, 6.1154632568359375, 0.6293250322341919, 3.210876703262329, -0.027872081845998764, -0.21260249614715576, -0.8984193801879883, 0.994023323059082, -0.5663358569145203, 0.6809494495391846, 0.03413304686546326, 2.3886563777923584, -0.5144796371459961, 1.5001107454299927, 0.964692234992981, -1.0600731372833252, 1.3712458610534668, 0.9709821343421936, 0.10335723310709, -3.1372737884521484, -0.7052994966506958, -1.8870126008987427, -3.7759225368499756, -1.161912441253662, -1.9307175874710083, -2.881208896636963, -1.7767857313156128, -4.746437072753906, -5.474455833435059, -5.474647521972656, -7.186448574066162, -7.610379695892334, -6.996906757354736, -7.387960433959961, -9.919184684753418, -12.477660179138184, -16.278339385986328, -17.003440856933594, -14.428831100463867, -13.219691276550293, -16.15953826904297, -16.620546340942383, -16.979887008666992, -18.788671493530273, -16.943815231323242, -18.129108428955078, -15.875161170959473, -16.907787322998047, -13.147418022155762, -14.390491485595703, -16.814428329467773, -13.586563110351562, -15.961447715759277, -13.590258598327637, -14.86708927154541, -14.278698921203613]
