Running with parameters: hidden=100, use_coupled=true, seed=81, lam=0.1, eta=1.0
Test Accuracy: 0.9733, Energy: 28.88
Time Taken:  12.869451522827148
Test Accuracy: 0.9733, Energy: 32.47
Time Taken:  12.750354766845703
Test Accuracy: 0.9733, Energy: 31.73
Time Taken:  12.797206163406372
Test Accuracy: 0.9733, Energy: 31.31
Time Taken:  13.068676471710205
Test Accuracy: 0.9733, Energy: 36.20
Time Taken:  13.10591983795166
Test Accuracy: 0.9733, Energy: 32.53
Time Taken:  12.793311357498169
Test Accuracy: 0.9733, Energy: 31.66
Time Taken:  12.775206327438354
Test Accuracy: 0.9733, Energy: 31.65
Time Taken:  12.735769271850586
Test Accuracy: 0.9733, Energy: 34.69
Time Taken:  12.73745059967041
Test Accuracy: 0.9733, Energy: 33.70
Time Taken:  12.899120807647705
Test Accuracy: 0.9733, Energy: 34.36
Time Taken:  13.03888487815857
Test Accuracy: 0.9733, Energy: 32.66
Time Taken:  12.865929365158081
Test Accuracy: 0.9733, Energy: 30.87
Time Taken:  12.770001411437988
Test Accuracy: 0.9733, Energy: 25.90
Time Taken:  12.775775909423828
Test Accuracy: 0.9700, Energy: 21.65
Time Taken:  12.784363746643066
Test Accuracy: 0.9700, Energy: 22.46
Time Taken:  12.919411897659302
Test Accuracy: 0.9700, Energy: 22.19
Time Taken:  12.961792945861816
Test Accuracy: 0.9700, Energy: 17.53
Time Taken:  12.931458711624146
Test Accuracy: 0.9700, Energy: 18.49
Time Taken:  13.03216814994812
Test Accuracy: 0.9700, Energy: 18.72
Time Taken:  12.951131582260132
Test Accuracy: 0.9700, Energy: 16.94
Time Taken:  13.017068147659302
Test Accuracy: 0.9700, Energy: 17.53
Time Taken:  12.794555425643921
Test Accuracy: 0.9700, Energy: 21.51
Time Taken:  13.13599157333374
Test Accuracy: 0.9700, Energy: 22.36
Time Taken:  12.798569440841675
Test Accuracy: 0.9700, Energy: 21.90
Time Taken:  12.808874607086182
Test Accuracy: 0.9733, Energy: 19.99
Time Taken:  12.812304735183716
Test Accuracy: 0.9700, Energy: 22.43
Time Taken:  12.814857006072998
Test Accuracy: 0.9700, Energy: 20.96
Time Taken:  13.11333155632019
Test Accuracy: 0.9667, Energy: 31.36
Time Taken:  12.802015542984009
Test Accuracy: 0.9700, Energy: 27.44
Time Taken:  12.815600633621216
Test Accuracy: 0.9667, Energy: 29.74
Time Taken:  12.820095539093018
Test Accuracy: 0.9667, Energy: 22.84
Time Taken:  13.037582397460938
Test Accuracy: 0.9700, Energy: 23.49
Time Taken:  12.866192102432251
Test Accuracy: 0.9700, Energy: 29.79
Time Taken:  12.819375991821289
Test Accuracy: 0.9767, Energy: 29.31
Time Taken:  12.820101976394653
Test Accuracy: 0.9767, Energy: 24.29
Time Taken:  12.972534894943237
Test Accuracy: 0.9767, Energy: 22.53
Time Taken:  12.986341953277588
Test Accuracy: 0.9733, Energy: 18.36
Time Taken:  12.793895721435547
Test Accuracy: 0.9733, Energy: 19.30
Time Taken:  12.823766708374023
Test Accuracy: 0.9700, Energy: 23.42
Time Taken:  12.826313018798828
Test Accuracy: 0.9700, Energy: 26.95
Time Taken:  13.13853645324707
Test Accuracy: 0.9700, Energy: 24.39
Time Taken:  12.839006185531616
Test Accuracy: 0.9700, Energy: 19.79
Time Taken:  12.84593415260315
Test Accuracy: 0.9733, Energy: 22.19
Time Taken:  12.88986587524414
Test Accuracy: 0.9733, Energy: 22.99
Time Taken:  13.151895523071289
Test Accuracy: 0.9733, Energy: 25.13
Time Taken:  12.838990449905396
Test Accuracy: 0.9700, Energy: 30.69
Time Taken:  12.84980058670044
Test Accuracy: 0.9700, Energy: 27.31
Time Taken:  13.08454179763794
Test Accuracy: 0.9700, Energy: 33.80
Time Taken:  12.882553577423096
Test Accuracy: 0.9700, Energy: 31.48
Time Taken:  12.866726398468018
Test Accuracy: 0.9667, Energy: 29.25
Time Taken:  12.851062774658203
Test Accuracy: 0.9667, Energy: 33.18
Time Taken:  13.202152729034424
Test Accuracy: 0.9667, Energy: 28.07
Time Taken:  12.834538459777832
Test Accuracy: 0.9700, Energy: 27.92
Time Taken:  12.85490083694458
Test Accuracy: 0.9733, Energy: 25.80
Time Taken:  13.112371921539307
Test Accuracy: 0.9733, Energy: 20.93
Time Taken:  12.869139671325684
Test Accuracy: 0.9733, Energy: 17.47
Time Taken:  12.874895334243774
Test Accuracy: 0.9733, Energy: 13.03
Time Taken:  13.121565580368042
Test Accuracy: 0.9733, Energy: 13.10
Time Taken:  12.947221755981445
Test Accuracy: 0.9733, Energy: 10.45
Time Taken:  12.851400136947632
Test Accuracy: 0.9733, Energy: 14.56
Time Taken:  13.104486227035522
Test Accuracy: 0.9767, Energy: 15.71
Time Taken:  12.873269081115723
Test Accuracy: 0.9633, Energy: 16.07
Time Taken:  12.884733438491821
Test Accuracy: 0.9667, Energy: 15.79
Time Taken:  13.120806694030762
Test Accuracy: 0.9633, Energy: 15.93
Time Taken:  12.898446798324585
Test Accuracy: 0.9667, Energy: 15.15
Time Taken:  12.904680252075195
Test Accuracy: 0.9633, Energy: 18.43
Time Taken:  13.244213342666626
Test Accuracy: 0.9767, Energy: 20.88
Time Taken:  12.765645980834961
Test Accuracy: 0.9767, Energy: 21.90
Time Taken:  12.784671545028687
Test Accuracy: 0.9767, Energy: 28.60
Time Taken:  12.807570219039917
Test Accuracy: 0.9767, Energy: 28.12
Time Taken:  12.819620132446289
Test Accuracy: 0.9667, Energy: 30.72
Time Taken:  12.78141450881958
Test Accuracy: 0.9667, Energy: 28.04
Time Taken:  12.81128478050232
Test Accuracy: 0.9667, Energy: 24.56
Time Taken:  12.822032928466797
Test Accuracy: 0.9667, Energy: 21.78
Time Taken:  12.882068157196045
Test Accuracy: 0.9700, Energy: 21.75
Time Taken:  13.583413362503052
Test Accuracy: 0.9700, Energy: 23.75
Time Taken:  12.945250272750854
Test Accuracy: 0.9700, Energy: 21.87
Time Taken:  12.943777799606323
Test Accuracy: 0.9733, Energy: 20.89
Time Taken:  12.953694343566895
Test Accuracy: 0.9733, Energy: 20.16
Time Taken:  12.941688299179077
Test Accuracy: 0.9767, Energy: 12.50
Time Taken:  12.971005916595459
Test Accuracy: 0.9767, Energy: 8.74
Time Taken:  12.958929300308228
Test Accuracy: 0.9767, Energy: 12.63
Time Taken:  12.985188961029053
Test Accuracy: 0.9800, Energy: 9.60
Time Taken:  12.726951360702515
Test Accuracy: 0.9833, Energy: 6.56
Time Taken:  12.756412029266357
Test Accuracy: 0.9833, Energy: 3.40
Time Taken:  12.77151346206665
Test Accuracy: 0.9800, Energy: 5.99
Time Taken:  12.736385583877563
Test Accuracy: 0.9833, Energy: 8.51
Time Taken:  12.749853134155273
Test Accuracy: 0.9833, Energy: 5.76
Time Taken:  12.763288497924805
Test Accuracy: 0.9767, Energy: 5.82
Time Taken:  12.749191999435425
Test Accuracy: 0.9800, Energy: 6.40
Time Taken:  12.800109624862671
Test Accuracy: 0.9800, Energy: 7.90
Time Taken:  12.724843978881836
Test Accuracy: 0.9767, Energy: 3.93
Time Taken:  12.739625453948975
Test Accuracy: 0.9767, Energy: 7.16
Time Taken:  12.750959873199463
Test Accuracy: 0.9833, Energy: 11.77
Time Taken:  12.74381685256958
Test Accuracy: 0.9767, Energy: 10.56
Time Taken:  12.76961898803711
Test Accuracy: 0.9767, Energy: 9.18
Time Taken:  12.768064498901367
Test Accuracy: 0.9767, Energy: 9.65
Time Taken:  12.724660396575928
Test Accuracy: 0.9767, Energy: 6.34
Time Taken:  12.753392219543457
Test Accuracy: 0.9767, Energy: 9.57
Time Taken:  12.793098449707031
Final accuracies: [0.9733333333333334, 0.9733333333333334, 0.9733333333333334, 0.9733333333333334, 0.9733333333333334, 0.9733333333333334, 0.9733333333333334, 0.9733333333333334, 0.9733333333333334, 0.9733333333333334, 0.9733333333333334, 0.9733333333333334, 0.9733333333333334, 0.9733333333333334, 0.97, 0.97, 0.97, 0.97, 0.97, 0.97, 0.97, 0.97, 0.97, 0.97, 0.97, 0.9733333333333334, 0.97, 0.97, 0.9666666666666667, 0.97, 0.9666666666666667, 0.9666666666666667, 0.97, 0.97, 0.9766666666666667, 0.9766666666666667, 0.9766666666666667, 0.9733333333333334, 0.9733333333333334, 0.97, 0.97, 0.97, 0.97, 0.9733333333333334, 0.9733333333333334, 0.9733333333333334, 0.97, 0.97, 0.97, 0.97, 0.9666666666666667, 0.9666666666666667, 0.9666666666666667, 0.97, 0.9733333333333334, 0.9733333333333334, 0.9733333333333334, 0.9733333333333334, 0.9733333333333334, 0.9733333333333334, 0.9733333333333334, 0.9766666666666667, 0.9633333333333334, 0.9666666666666667, 0.9633333333333334, 0.9666666666666667, 0.9633333333333334, 0.9766666666666667, 0.9766666666666667, 0.9766666666666667, 0.9766666666666667, 0.9666666666666667, 0.9666666666666667, 0.9666666666666667, 0.9666666666666667, 0.97, 0.97, 0.97, 0.9733333333333334, 0.9733333333333334, 0.9766666666666667, 0.9766666666666667, 0.9766666666666667, 0.98, 0.9833333333333333, 0.9833333333333333, 0.98, 0.9833333333333333, 0.9833333333333333, 0.9766666666666667, 0.98, 0.98, 0.9766666666666667, 0.9766666666666667, 0.9833333333333333, 0.9766666666666667, 0.9766666666666667, 0.9766666666666667, 0.9766666666666667, 0.9766666666666667]
Final energies: [28.87679100036621, 32.467803955078125, 31.729549407958984, 31.30820083618164, 36.195228576660156, 32.52507400512695, 31.65538215637207, 31.646860122680664, 34.68611145019531, 33.70262908935547, 34.362213134765625, 32.66102600097656, 30.865055084228516, 25.903785705566406, 21.654083251953125, 22.45932960510254, 22.19124984741211, 17.5252628326416, 18.48720359802246, 18.71898078918457, 16.940696716308594, 17.525222778320312, 21.513690948486328, 22.364086151123047, 21.90029525756836, 19.993101119995117, 22.43360137939453, 20.95823097229004, 31.364032745361328, 27.442533493041992, 29.74163818359375, 22.840784072875977, 23.48759651184082, 29.786645889282227, 29.30792808532715, 24.287168502807617, 22.533672332763672, 18.362747192382812, 19.30421257019043, 23.420656204223633, 26.95030403137207, 24.391244888305664, 19.79312515258789, 22.189382553100586, 22.99319076538086, 25.13149642944336, 30.691282272338867, 27.311912536621094, 33.80002975463867, 31.47779655456543, 29.249345779418945, 33.18312072753906, 28.074066162109375, 27.9152889251709, 25.80434226989746, 20.934667587280273, 17.467756271362305, 13.030599594116211, 13.099578857421875, 10.452359199523926, 14.563803672790527, 15.713778495788574, 16.073556900024414, 15.785157203674316, 15.933643341064453, 15.146537780761719, 18.43168830871582, 20.8767147064209, 21.900503158569336, 28.595726013183594, 28.121145248413086, 30.71721649169922, 28.036569595336914, 24.5576114654541, 21.7814998626709, 21.75470733642578, 23.75021743774414, 21.867467880249023, 20.89039421081543, 20.158599853515625, 12.495362281799316, 8.738999366760254, 12.633291244506836, 9.59528923034668, 6.557812690734863, 3.4049904346466064, 5.986992359161377, 8.5067720413208, 5.7579569816589355, 5.820119380950928, 6.398687839508057, 7.899537563323975, 3.9267256259918213, 7.158726215362549, 11.767786026000977, 10.55829906463623, 9.179378509521484, 9.649109840393066, 6.337932109832764, 9.569199562072754]
