Running with parameters: hidden=100, use_coupled=true, seed=58, lam=0.1, eta=1.0
Test Accuracy: 0.9667, Energy: 17.57
Time Taken:  13.3027024269104
Test Accuracy: 0.9667, Energy: 18.65
Time Taken:  13.257174730300903
Test Accuracy: 0.9700, Energy: 18.21
Time Taken:  13.287842988967896
Test Accuracy: 0.9700, Energy: 19.36
Time Taken:  13.35926365852356
Test Accuracy: 0.9700, Energy: 17.04
Time Taken:  13.236143350601196
Test Accuracy: 0.9700, Energy: 17.07
Time Taken:  13.257240772247314
Test Accuracy: 0.9700, Energy: 14.20
Time Taken:  13.275224924087524
Test Accuracy: 0.9700, Energy: 10.56
Time Taken:  13.286891222000122
Test Accuracy: 0.9700, Energy: 9.61
Time Taken:  13.312756538391113
Test Accuracy: 0.9700, Energy: 5.69
Time Taken:  13.306083679199219
Test Accuracy: 0.9700, Energy: 7.89
Time Taken:  13.304243803024292
Test Accuracy: 0.9700, Energy: 6.89
Time Taken:  13.357911825180054
Test Accuracy: 0.9700, Energy: 7.21
Time Taken:  13.263613224029541
Test Accuracy: 0.9700, Energy: 6.50
Time Taken:  13.264827966690063
Test Accuracy: 0.9667, Energy: 6.10
Time Taken:  13.29332971572876
Test Accuracy: 0.9667, Energy: 6.51
Time Taken:  13.29674243927002
Test Accuracy: 0.9667, Energy: 6.84
Time Taken:  13.311012983322144
Test Accuracy: 0.9667, Energy: 7.51
Time Taken:  13.281510829925537
Test Accuracy: 0.9667, Energy: 8.75
Time Taken:  13.317947626113892
Test Accuracy: 0.9667, Energy: 7.67
Time Taken:  13.361363172531128
Test Accuracy: 0.9667, Energy: 9.61
Time Taken:  13.2140212059021
Test Accuracy: 0.9667, Energy: 6.76
Time Taken:  13.235473155975342
Test Accuracy: 0.9667, Energy: 8.21
Time Taken:  13.242712259292603
Test Accuracy: 0.9667, Energy: 12.94
Time Taken:  13.231567621231079
Test Accuracy: 0.9667, Energy: 12.24
Time Taken:  13.250522375106812
Test Accuracy: 0.9667, Energy: 9.03
Time Taken:  13.264579057693481
Test Accuracy: 0.9667, Energy: 11.02
Time Taken:  13.23926329612732
Test Accuracy: 0.9667, Energy: 7.12
Time Taken:  13.305314302444458
Test Accuracy: 0.9667, Energy: 5.31
Time Taken:  13.226732730865479
Test Accuracy: 0.9667, Energy: 4.37
Time Taken:  13.258058786392212
Test Accuracy: 0.9667, Energy: 3.31
Time Taken:  13.250430345535278
Test Accuracy: 0.9667, Energy: 2.86
Time Taken:  13.286505699157715
Test Accuracy: 0.9667, Energy: 1.27
Time Taken:  13.238379001617432
Test Accuracy: 0.9633, Energy: 2.00
Time Taken:  13.26648211479187
Test Accuracy: 0.9633, Energy: 1.09
Time Taken:  13.237951517105103
Test Accuracy: 0.9633, Energy: 1.41
Time Taken:  13.281240701675415
Test Accuracy: 0.9633, Energy: 6.61
Time Taken:  13.253347873687744
Test Accuracy: 0.9633, Energy: 7.29
Time Taken:  13.275378227233887
Test Accuracy: 0.9600, Energy: 8.08
Time Taken:  13.292299509048462
Test Accuracy: 0.9600, Energy: 6.33
Time Taken:  13.288856506347656
Test Accuracy: 0.9600, Energy: 7.63
Time Taken:  13.318813800811768
Test Accuracy: 0.9600, Energy: 8.95
Time Taken:  13.307376861572266
Test Accuracy: 0.9633, Energy: 7.85
Time Taken:  13.340953350067139
Test Accuracy: 0.9633, Energy: 8.91
Time Taken:  13.375739574432373
Test Accuracy: 0.9633, Energy: 5.25
Time Taken:  13.28820538520813
Test Accuracy: 0.9633, Energy: 8.59
Time Taken:  13.309229850769043
Test Accuracy: 0.9633, Energy: 8.55
Time Taken:  13.345110177993774
Test Accuracy: 0.9633, Energy: 10.26
Time Taken:  13.301209688186646
Test Accuracy: 0.9633, Energy: 13.00
Time Taken:  13.286899089813232
Test Accuracy: 0.9633, Energy: 12.63
Time Taken:  13.30173921585083
Test Accuracy: 0.9633, Energy: 11.12
Time Taken:  13.295826435089111
Test Accuracy: 0.9633, Energy: 9.32
Time Taken:  13.272298336029053
Test Accuracy: 0.9633, Energy: 11.15
Time Taken:  13.259032011032104
Test Accuracy: 0.9633, Energy: 11.89
Time Taken:  13.25511121749878
Test Accuracy: 0.9633, Energy: 12.20
Time Taken:  13.308492422103882
Test Accuracy: 0.9700, Energy: 12.45
Time Taken:  13.310730695724487
Test Accuracy: 0.9633, Energy: 12.88
Time Taken:  13.322560787200928
Test Accuracy: 0.9633, Energy: 9.99
Time Taken:  13.315665245056152
Test Accuracy: 0.9633, Energy: 9.26
Time Taken:  13.336616039276123
Test Accuracy: 0.9633, Energy: 6.00
Time Taken:  13.278386354446411
Test Accuracy: 0.9633, Energy: 7.57
Time Taken:  13.27017331123352
Test Accuracy: 0.9633, Energy: 7.38
Time Taken:  13.309852600097656
Test Accuracy: 0.9633, Energy: 7.16
Time Taken:  13.281502485275269
Test Accuracy: 0.9633, Energy: 10.57
Time Taken:  13.255722284317017
Test Accuracy: 0.9667, Energy: 12.67
Time Taken:  13.287483215332031
Test Accuracy: 0.9667, Energy: 14.78
Time Taken:  13.289222240447998
Test Accuracy: 0.9667, Energy: 12.81
Time Taken:  13.332675218582153
Test Accuracy: 0.9667, Energy: 9.75
Time Taken:  13.252143144607544
Test Accuracy: 0.9667, Energy: 9.53
Time Taken:  13.28113842010498
Test Accuracy: 0.9667, Energy: 9.30
Time Taken:  13.305101156234741
Test Accuracy: 0.9667, Energy: 0.52
Time Taken:  13.279646873474121
Test Accuracy: 0.9667, Energy: 3.47
Time Taken:  13.302311182022095
Test Accuracy: 0.9667, Energy: -0.37
Time Taken:  13.30850601196289
Test Accuracy: 0.9667, Energy: -1.06
Time Taken:  13.324105262756348
Test Accuracy: 0.9667, Energy: 2.37
Time Taken:  13.326262950897217
Test Accuracy: 0.9700, Energy: 1.88
Time Taken:  13.226091861724854
Test Accuracy: 0.9700, Energy: 2.50
Time Taken:  13.306796073913574
Test Accuracy: 0.9700, Energy: 1.83
Time Taken:  13.30923080444336
Test Accuracy: 0.9700, Energy: 4.61
Time Taken:  13.283419370651245
Test Accuracy: 0.9667, Energy: 7.68
Time Taken:  13.2990882396698
Test Accuracy: 0.9667, Energy: 11.12
Time Taken:  13.302451610565186
Test Accuracy: 0.9733, Energy: 13.81
Time Taken:  13.306368589401245
Test Accuracy: 0.9733, Energy: 14.45
Time Taken:  13.396501541137695
Test Accuracy: 0.9733, Energy: 11.82
Time Taken:  13.272899627685547
Test Accuracy: 0.9733, Energy: 9.98
Time Taken:  13.309987306594849
Test Accuracy: 0.9733, Energy: 7.78
Time Taken:  13.348942041397095
Test Accuracy: 0.9733, Energy: 6.12
Time Taken:  13.305007457733154
Test Accuracy: 0.9733, Energy: 4.84
Time Taken:  13.355324983596802
Test Accuracy: 0.9733, Energy: 3.78
Time Taken:  13.326011657714844
Test Accuracy: 0.9733, Energy: 2.53
Time Taken:  13.302762031555176
Test Accuracy: 0.9733, Energy: 3.53
Time Taken:  13.34587049484253
Test Accuracy: 0.9733, Energy: 4.20
Time Taken:  13.26676344871521
Test Accuracy: 0.9733, Energy: 2.65
Time Taken:  13.33295750617981
Test Accuracy: 0.9733, Energy: 4.97
Time Taken:  13.31603217124939
Test Accuracy: 0.9733, Energy: 8.59
Time Taken:  13.30578327178955
Test Accuracy: 0.9733, Energy: 6.65
Time Taken:  13.304882287979126
Test Accuracy: 0.9733, Energy: 5.78
Time Taken:  13.291433811187744
Test Accuracy: 0.9700, Energy: 3.90
Time Taken:  13.27984356880188
Test Accuracy: 0.9700, Energy: 7.49
Time Taken:  13.547381401062012
Test Accuracy: 0.9700, Energy: 6.71
Time Taken:  13.326633214950562
Final accuracies: [0.9666666666666667, 0.9666666666666667, 0.97, 0.97, 0.97, 0.97, 0.97, 0.97, 0.97, 0.97, 0.97, 0.97, 0.97, 0.97, 0.9666666666666667, 0.9666666666666667, 0.9666666666666667, 0.9666666666666667, 0.9666666666666667, 0.9666666666666667, 0.9666666666666667, 0.9666666666666667, 0.9666666666666667, 0.9666666666666667, 0.9666666666666667, 0.9666666666666667, 0.9666666666666667, 0.9666666666666667, 0.9666666666666667, 0.9666666666666667, 0.9666666666666667, 0.9666666666666667, 0.9666666666666667, 0.9633333333333334, 0.9633333333333334, 0.9633333333333334, 0.9633333333333334, 0.9633333333333334, 0.96, 0.96, 0.96, 0.96, 0.9633333333333334, 0.9633333333333334, 0.9633333333333334, 0.9633333333333334, 0.9633333333333334, 0.9633333333333334, 0.9633333333333334, 0.9633333333333334, 0.9633333333333334, 0.9633333333333334, 0.9633333333333334, 0.9633333333333334, 0.9633333333333334, 0.97, 0.9633333333333334, 0.9633333333333334, 0.9633333333333334, 0.9633333333333334, 0.9633333333333334, 0.9633333333333334, 0.9633333333333334, 0.9633333333333334, 0.9666666666666667, 0.9666666666666667, 0.9666666666666667, 0.9666666666666667, 0.9666666666666667, 0.9666666666666667, 0.9666666666666667, 0.9666666666666667, 0.9666666666666667, 0.9666666666666667, 0.9666666666666667, 0.97, 0.97, 0.97, 0.97, 0.9666666666666667, 0.9666666666666667, 0.9733333333333334, 0.9733333333333334, 0.9733333333333334, 0.9733333333333334, 0.9733333333333334, 0.9733333333333334, 0.9733333333333334, 0.9733333333333334, 0.9733333333333334, 0.9733333333333334, 0.9733333333333334, 0.9733333333333334, 0.9733333333333334, 0.9733333333333334, 0.9733333333333334, 0.9733333333333334, 0.97, 0.97, 0.97]
Final energies: [17.56676483154297, 18.646446228027344, 18.21031951904297, 19.35708999633789, 17.040760040283203, 17.066286087036133, 14.201412200927734, 10.561203956604004, 9.606687545776367, 5.69418478012085, 7.885900974273682, 6.887513637542725, 7.212202548980713, 6.498468399047852, 6.099476337432861, 6.507091045379639, 6.835694789886475, 7.508511543273926, 8.750032424926758, 7.673381805419922, 9.612005233764648, 6.758793354034424, 8.214608192443848, 12.944568634033203, 12.236326217651367, 9.029623985290527, 11.023782730102539, 7.116732597351074, 5.311031818389893, 4.37156867980957, 3.309307813644409, 2.859917640686035, 1.2653632164001465, 1.9992930889129639, 1.08637535572052, 1.4141329526901245, 6.610137939453125, 7.290887355804443, 8.079581260681152, 6.333682060241699, 7.62744665145874, 8.949295997619629, 7.852404594421387, 8.909700393676758, 5.254281044006348, 8.58595085144043, 8.545309066772461, 10.257062911987305, 13.001419067382812, 12.625433921813965, 11.11732292175293, 9.320612907409668, 11.153624534606934, 11.89229965209961, 12.197684288024902, 12.450994491577148, 12.879532814025879, 9.991345405578613, 9.25550365447998, 6.001882553100586, 7.567741870880127, 7.379114151000977, 7.16386604309082, 10.572012901306152, 12.673584938049316, 14.780780792236328, 12.812042236328125, 9.752784729003906, 9.526677131652832, 9.29501724243164, 0.517399787902832, 3.471468687057495, -0.3668360710144043, -1.059254765510559, 2.3700735569000244, 1.884759783744812, 2.4953339099884033, 1.8277578353881836, 4.613910675048828, 7.677007675170898, 11.11926555633545, 13.810766220092773, 14.447522163391113, 11.816545486450195, 9.977993965148926, 7.783504009246826, 6.118949890136719, 4.841705799102783, 3.778663158416748, 2.532849073410034, 3.5337438583374023, 4.196280002593994, 2.6465706825256348, 4.9739508628845215, 8.590466499328613, 6.6500654220581055, 5.781883716583252, 3.8969109058380127, 7.487412929534912, 6.7114338874816895]
