Running with parameters: hidden=100, use_coupled=true, seed=14, lam=0.1, eta=1.0
Test Accuracy: 0.8900, Energy: 7.37
Time Taken:  12.882281064987183
Test Accuracy: 0.8900, Energy: 8.44
Time Taken:  12.85759687423706
Test Accuracy: 0.8967, Energy: 12.18
Time Taken:  12.86269235610962
Test Accuracy: 0.8967, Energy: 10.04
Time Taken:  12.903295040130615
Test Accuracy: 0.8967, Energy: 14.89
Time Taken:  12.820834398269653
Test Accuracy: 0.8967, Energy: 13.07
Time Taken:  12.829872369766235
Test Accuracy: 0.9267, Energy: 11.71
Time Taken:  12.859981298446655
Test Accuracy: 0.9267, Energy: 11.04
Time Taken:  12.849347591400146
Test Accuracy: 0.9267, Energy: 5.14
Time Taken:  12.846436977386475
Test Accuracy: 0.9233, Energy: 6.41
Time Taken:  12.860900163650513
Test Accuracy: 0.9233, Energy: 7.21
Time Taken:  12.868452787399292
Test Accuracy: 0.9233, Energy: 4.79
Time Taken:  12.906793594360352
Test Accuracy: 0.9233, Energy: 7.85
Time Taken:  12.823972225189209
Test Accuracy: 0.9033, Energy: 6.21
Time Taken:  12.822204113006592
Test Accuracy: 0.9033, Energy: 4.70
Time Taken:  12.83035945892334
Test Accuracy: 0.9033, Energy: 5.23
Time Taken:  12.849926471710205
Test Accuracy: 0.9000, Energy: 4.48
Time Taken:  12.845669269561768
Test Accuracy: 0.9033, Energy: 9.13
Time Taken:  12.84783148765564
Test Accuracy: 0.9033, Energy: 8.94
Time Taken:  12.837399244308472
Test Accuracy: 0.9000, Energy: 11.81
Time Taken:  12.88783049583435
Test Accuracy: 0.9000, Energy: 14.61
Time Taken:  12.82584834098816
Test Accuracy: 0.9000, Energy: 16.41
Time Taken:  12.840351819992065
Test Accuracy: 0.9000, Energy: 12.28
Time Taken:  12.852962493896484
Test Accuracy: 0.9000, Energy: 12.83
Time Taken:  12.861558198928833
Test Accuracy: 0.9033, Energy: 14.87
Time Taken:  12.854492425918579
Test Accuracy: 0.9067, Energy: 14.34
Time Taken:  12.860403299331665
Test Accuracy: 0.9067, Energy: 13.48
Time Taken:  12.865508079528809
Test Accuracy: 0.9033, Energy: 17.07
Time Taken:  12.909346103668213
Test Accuracy: 0.9067, Energy: 21.37
Time Taken:  12.832025051116943
Test Accuracy: 0.9033, Energy: 17.47
Time Taken:  12.826988935470581
Test Accuracy: 0.9067, Energy: 19.02
Time Taken:  12.840859413146973
Test Accuracy: 0.9067, Energy: 15.02
Time Taken:  12.856804132461548
Test Accuracy: 0.9100, Energy: 11.59
Time Taken:  12.849360227584839
Test Accuracy: 0.9000, Energy: 7.00
Time Taken:  12.860671281814575
Test Accuracy: 0.9000, Energy: 9.01
Time Taken:  12.856289863586426
Test Accuracy: 0.9000, Energy: 8.59
Time Taken:  12.891971111297607
Test Accuracy: 0.9000, Energy: 9.45
Time Taken:  12.832276105880737
Test Accuracy: 0.9000, Energy: 9.19
Time Taken:  12.85687255859375
Test Accuracy: 0.9000, Energy: 8.69
Time Taken:  12.862037420272827
Test Accuracy: 0.8967, Energy: 9.16
Time Taken:  12.856868267059326
Test Accuracy: 0.9000, Energy: 8.09
Time Taken:  12.848859310150146
Test Accuracy: 0.9000, Energy: 7.21
Time Taken:  12.859498500823975
Test Accuracy: 0.9000, Energy: 10.84
Time Taken:  12.854263067245483
Test Accuracy: 0.9000, Energy: 9.82
Time Taken:  12.890144348144531
Test Accuracy: 0.9000, Energy: 10.52
Time Taken:  12.83490514755249
Test Accuracy: 0.9033, Energy: 6.92
Time Taken:  12.846691131591797
Test Accuracy: 0.9033, Energy: 2.17
Time Taken:  12.842161178588867
Test Accuracy: 0.9033, Energy: -0.40
Time Taken:  12.854469060897827
Test Accuracy: 0.9100, Energy: -7.47
Time Taken:  12.845737218856812
Test Accuracy: 0.9067, Energy: -9.71
Time Taken:  12.858623027801514
Test Accuracy: 0.9067, Energy: -8.28
Time Taken:  12.856404304504395
Test Accuracy: 0.9067, Energy: -9.00
Time Taken:  12.873501300811768
Test Accuracy: 0.9100, Energy: -9.81
Time Taken:  12.838299036026001
Test Accuracy: 0.9267, Energy: -10.53
Time Taken:  12.850639820098877
Test Accuracy: 0.9267, Energy: -9.82
Time Taken:  12.854499101638794
Test Accuracy: 0.9267, Energy: -7.37
Time Taken:  12.856279611587524
Test Accuracy: 0.9233, Energy: -9.48
Time Taken:  12.844830513000488
Test Accuracy: 0.9233, Energy: -11.31
Time Taken:  12.853633642196655
Test Accuracy: 0.9233, Energy: -7.14
Time Taken:  12.912200689315796
Test Accuracy: 0.9233, Energy: -6.30
Time Taken:  12.824840307235718
Test Accuracy: 0.9233, Energy: -3.42
Time Taken:  12.829896211624146
Test Accuracy: 0.9233, Energy: -6.55
Time Taken:  12.847272634506226
Test Accuracy: 0.9233, Energy: -6.97
Time Taken:  12.848252534866333
Test Accuracy: 0.9233, Energy: -6.16
Time Taken:  12.833976984024048
Test Accuracy: 0.9233, Energy: -6.19
Time Taken:  12.851821184158325
Test Accuracy: 0.9233, Energy: -7.44
Time Taken:  12.84624171257019
Test Accuracy: 0.9233, Energy: -8.70
Time Taken:  12.91512656211853
Test Accuracy: 0.9233, Energy: -6.47
Time Taken:  12.808584928512573
Test Accuracy: 0.9233, Energy: -6.93
Time Taken:  12.840621948242188
Test Accuracy: 0.9067, Energy: -7.64
Time Taken:  12.851117134094238
Test Accuracy: 0.9067, Energy: -4.01
Time Taken:  12.843188524246216
Test Accuracy: 0.9033, Energy: -2.93
Time Taken:  12.851048231124878
Test Accuracy: 0.9100, Energy: -6.74
Time Taken:  12.850066900253296
Test Accuracy: 0.9033, Energy: -9.33
Time Taken:  12.855023860931396
Test Accuracy: 0.8900, Energy: -11.82
Time Taken:  12.911165475845337
Test Accuracy: 0.8900, Energy: -10.24
Time Taken:  12.81905484199524
Test Accuracy: 0.8900, Energy: -7.06
Time Taken:  12.838712453842163
Test Accuracy: 0.8900, Energy: -6.26
Time Taken:  12.850442886352539
Test Accuracy: 0.8900, Energy: -6.47
Time Taken:  12.846272230148315
Test Accuracy: 0.8933, Energy: -9.55
Time Taken:  12.842974424362183
Test Accuracy: 0.8933, Energy: -10.71
Time Taken:  12.844784259796143
Test Accuracy: 0.8967, Energy: -11.97
Time Taken:  12.836647987365723
Test Accuracy: 0.8933, Energy: -8.01
Time Taken:  12.883453130722046
Test Accuracy: 0.8933, Energy: -11.12
Time Taken:  12.825456380844116
Test Accuracy: 0.8933, Energy: -13.37
Time Taken:  12.853478193283081
Test Accuracy: 0.8933, Energy: -10.81
Time Taken:  12.84787368774414
Test Accuracy: 0.8933, Energy: -9.87
Time Taken:  12.828860521316528
Test Accuracy: 0.8967, Energy: -10.68
Time Taken:  12.84102201461792
Test Accuracy: 0.9033, Energy: -10.81
Time Taken:  12.843828201293945
Test Accuracy: 0.9100, Energy: -9.27
Time Taken:  12.841928243637085
Test Accuracy: 0.9100, Energy: -16.46
Time Taken:  12.895945072174072
Test Accuracy: 0.9067, Energy: -12.94
Time Taken:  12.828575134277344
Test Accuracy: 0.8967, Energy: -13.65
Time Taken:  12.877431154251099
Test Accuracy: 0.8967, Energy: -12.38
Time Taken:  12.87360143661499
Test Accuracy: 0.8967, Energy: -15.70
Time Taken:  12.857709646224976
Test Accuracy: 0.8933, Energy: -14.20
Time Taken:  12.87490701675415
Test Accuracy: 0.8967, Energy: -23.63
Time Taken:  12.850056171417236
Test Accuracy: 0.8967, Energy: -24.57
Time Taken:  12.837202310562134
Test Accuracy: 0.8933, Energy: -20.37
Time Taken:  12.881907224655151
Test Accuracy: 0.8900, Energy: -21.33
Time Taken:  12.838029384613037
Final accuracies: [0.89, 0.89, 0.8966666666666666, 0.8966666666666666, 0.8966666666666666, 0.8966666666666666, 0.9266666666666666, 0.9266666666666666, 0.9266666666666666, 0.9233333333333333, 0.9233333333333333, 0.9233333333333333, 0.9233333333333333, 0.9033333333333333, 0.9033333333333333, 0.9033333333333333, 0.9, 0.9033333333333333, 0.9033333333333333, 0.9, 0.9, 0.9, 0.9, 0.9, 0.9033333333333333, 0.9066666666666666, 0.9066666666666666, 0.9033333333333333, 0.9066666666666666, 0.9033333333333333, 0.9066666666666666, 0.9066666666666666, 0.91, 0.9, 0.9, 0.9, 0.9, 0.9, 0.9, 0.8966666666666666, 0.9, 0.9, 0.9, 0.9, 0.9, 0.9033333333333333, 0.9033333333333333, 0.9033333333333333, 0.91, 0.9066666666666666, 0.9066666666666666, 0.9066666666666666, 0.91, 0.9266666666666666, 0.9266666666666666, 0.9266666666666666, 0.9233333333333333, 0.9233333333333333, 0.9233333333333333, 0.9233333333333333, 0.9233333333333333, 0.9233333333333333, 0.9233333333333333, 0.9233333333333333, 0.9233333333333333, 0.9233333333333333, 0.9233333333333333, 0.9233333333333333, 0.9233333333333333, 0.9066666666666666, 0.9066666666666666, 0.9033333333333333, 0.91, 0.9033333333333333, 0.89, 0.89, 0.89, 0.89, 0.89, 0.8933333333333333, 0.8933333333333333, 0.8966666666666666, 0.8933333333333333, 0.8933333333333333, 0.8933333333333333, 0.8933333333333333, 0.8933333333333333, 0.8966666666666666, 0.9033333333333333, 0.91, 0.91, 0.9066666666666666, 0.8966666666666666, 0.8966666666666666, 0.8966666666666666, 0.8933333333333333, 0.8966666666666666, 0.8966666666666666, 0.8933333333333333, 0.89]
Final energies: [7.3694353103637695, 8.436651229858398, 12.183151245117188, 10.037178993225098, 14.893697738647461, 13.068506240844727, 11.709550857543945, 11.043181419372559, 5.144199848175049, 6.408958911895752, 7.2056474685668945, 4.7862982749938965, 7.84864616394043, 6.212580680847168, 4.695014953613281, 5.234197616577148, 4.480427265167236, 9.129676818847656, 8.936590194702148, 11.811107635498047, 14.606040000915527, 16.41059684753418, 12.284368515014648, 12.831195831298828, 14.873068809509277, 14.342833518981934, 13.482951164245605, 17.065038681030273, 21.36568260192871, 17.46505355834961, 19.018571853637695, 15.016907691955566, 11.585384368896484, 6.999497890472412, 9.010175704956055, 8.592957496643066, 9.453839302062988, 9.186805725097656, 8.690237998962402, 9.157735824584961, 8.091093063354492, 7.206916809082031, 10.8406982421875, 9.823393821716309, 10.519028663635254, 6.9166436195373535, 2.1749539375305176, -0.4006561040878296, -7.472486972808838, -9.70942497253418, -8.275690078735352, -9.003253936767578, -9.814474105834961, -10.530062675476074, -9.819095611572266, -7.367609024047852, -9.478272438049316, -11.307181358337402, -7.14327335357666, -6.304227828979492, -3.421344757080078, -6.54685640335083, -6.965448379516602, -6.159799575805664, -6.186625957489014, -7.437293529510498, -8.703433990478516, -6.472846984863281, -6.933762550354004, -7.643094539642334, -4.008098125457764, -2.9301679134368896, -6.736995697021484, -9.334938049316406, -11.822673797607422, -10.23526382446289, -7.058931350708008, -6.2575578689575195, -6.472009181976318, -9.553739547729492, -10.707953453063965, -11.967081069946289, -8.008935928344727, -11.123114585876465, -13.37368106842041, -10.811553955078125, -9.872243881225586, -10.678648948669434, -10.813606262207031, -9.272109985351562, -16.458709716796875, -12.93932056427002, -13.648542404174805, -12.377372741699219, -15.704014778137207, -14.199010848999023, -23.62631607055664, -24.56525421142578, -20.365129470825195, -21.32798957824707]
