Running with parameters: hidden=100, use_coupled=true, seed=3, lam=0.1, eta=1.0
Test Accuracy: 0.9433, Energy: -48.95
Time Taken:  12.957394361495972
Test Accuracy: 0.9433, Energy: -47.74
Time Taken:  12.945823907852173
Test Accuracy: 0.9433, Energy: -44.30
Time Taken:  12.947779417037964
Test Accuracy: 0.9433, Energy: -49.47
Time Taken:  13.02293086051941
Test Accuracy: 0.9433, Energy: -50.15
Time Taken:  12.9450364112854
Test Accuracy: 0.9400, Energy: -53.04
Time Taken:  12.954840898513794
Test Accuracy: 0.9400, Energy: -52.88
Time Taken:  13.024871110916138
Test Accuracy: 0.9400, Energy: -53.61
Time Taken:  12.96145510673523
Test Accuracy: 0.9400, Energy: -53.65
Time Taken:  12.975713729858398
Test Accuracy: 0.9400, Energy: -53.53
Time Taken:  12.966641664505005
Test Accuracy: 0.9400, Energy: -48.13
Time Taken:  12.979041576385498
Test Accuracy: 0.9400, Energy: -50.39
Time Taken:  13.02075481414795
Test Accuracy: 0.9267, Energy: -52.61
Time Taken:  12.95057988166809
Test Accuracy: 0.9400, Energy: -47.26
Time Taken:  12.989532947540283
Test Accuracy: 0.9400, Energy: -44.51
Time Taken:  12.958101749420166
Test Accuracy: 0.9400, Energy: -43.57
Time Taken:  12.999778270721436
Test Accuracy: 0.9400, Energy: -40.23
Time Taken:  13.000814437866211
Test Accuracy: 0.9400, Energy: -40.54
Time Taken:  12.982446432113647
Test Accuracy: 0.9400, Energy: -45.27
Time Taken:  12.971763610839844
Test Accuracy: 0.9400, Energy: -46.76
Time Taken:  13.01936650276184
Test Accuracy: 0.9400, Energy: -49.64
Time Taken:  13.435969352722168
Test Accuracy: 0.9367, Energy: -52.22
Time Taken:  12.960371494293213
Test Accuracy: 0.9367, Energy: -48.15
Time Taken:  13.018338203430176
Test Accuracy: 0.9367, Energy: -48.58
Time Taken:  12.95568561553955
Test Accuracy: 0.9367, Energy: -46.08
Time Taken:  12.972717523574829
Test Accuracy: 0.9367, Energy: -43.74
Time Taken:  13.404847145080566
Test Accuracy: 0.9367, Energy: -48.46
Time Taken:  12.983080625534058
Test Accuracy: 0.9367, Energy: -47.63
Time Taken:  13.011342525482178
Test Accuracy: 0.9367, Energy: -50.60
Time Taken:  12.94042181968689
Test Accuracy: 0.9500, Energy: -50.43
Time Taken:  12.966433763504028
Test Accuracy: 0.9500, Energy: -53.40
Time Taken:  13.400149822235107
Test Accuracy: 0.9500, Energy: -54.73
Time Taken:  12.957013607025146
Test Accuracy: 0.9500, Energy: -55.85
Time Taken:  12.953916549682617
Test Accuracy: 0.9400, Energy: -57.72
Time Taken:  12.971153736114502
Test Accuracy: 0.9367, Energy: -54.22
Time Taken:  12.97347903251648
Test Accuracy: 0.9367, Energy: -55.45
Time Taken:  13.02086615562439
Test Accuracy: 0.9367, Energy: -50.71
Time Taken:  12.952551126480103
Test Accuracy: 0.9367, Energy: -49.63
Time Taken:  12.957067728042603
Test Accuracy: 0.9367, Energy: -50.18
Time Taken:  12.963889598846436
Test Accuracy: 0.9367, Energy: -47.49
Time Taken:  12.948471546173096
Test Accuracy: 0.9367, Energy: -50.15
Time Taken:  12.972143411636353
Test Accuracy: 0.9333, Energy: -49.75
Time Taken:  12.96967625617981
Test Accuracy: 0.9333, Energy: -49.42
Time Taken:  12.95364785194397
Test Accuracy: 0.9333, Energy: -51.27
Time Taken:  13.008289813995361
Test Accuracy: 0.9333, Energy: -53.98
Time Taken:  12.94755482673645
Test Accuracy: 0.9333, Energy: -53.42
Time Taken:  12.949711799621582
Test Accuracy: 0.9333, Energy: -55.68
Time Taken:  12.946684122085571
Test Accuracy: 0.9333, Energy: -57.26
Time Taken:  12.943342685699463
Test Accuracy: 0.9333, Energy: -54.16
Time Taken:  12.962663888931274
Test Accuracy: 0.9333, Energy: -53.87
Time Taken:  12.959023237228394
Test Accuracy: 0.9167, Energy: -51.27
Time Taken:  12.967485427856445
Test Accuracy: 0.9267, Energy: -55.77
Time Taken:  12.993284463882446
Test Accuracy: 0.9467, Energy: -55.61
Time Taken:  12.94064474105835
Test Accuracy: 0.9467, Energy: -57.76
Time Taken:  12.948729038238525
Test Accuracy: 0.9267, Energy: -57.34
Time Taken:  12.955705642700195
Test Accuracy: 0.9267, Energy: -58.05
Time Taken:  12.94635534286499
Test Accuracy: 0.9267, Energy: -60.74
Time Taken:  12.949133396148682
Test Accuracy: 0.9267, Energy: -64.04
Time Taken:  12.965786218643188
Test Accuracy: 0.9467, Energy: -70.33
Time Taken:  13.023433923721313
Test Accuracy: 0.9333, Energy: -67.67
Time Taken:  12.945859670639038
Test Accuracy: 0.9267, Energy: -70.70
Time Taken:  12.952799320220947
Test Accuracy: 0.9267, Energy: -71.27
Time Taken:  12.962616920471191
Test Accuracy: 0.9300, Energy: -72.63
Time Taken:  12.957619905471802
Test Accuracy: 0.9200, Energy: -68.73
Time Taken:  12.95528793334961
Test Accuracy: 0.9200, Energy: -70.21
Time Taken:  12.953522682189941
Test Accuracy: 0.9200, Energy: -67.26
Time Taken:  12.947605609893799
Test Accuracy: 0.9100, Energy: -65.75
Time Taken:  13.014810800552368
Test Accuracy: 0.9100, Energy: -66.50
Time Taken:  12.947894811630249
Test Accuracy: 0.9067, Energy: -67.40
Time Taken:  12.95881962776184
Test Accuracy: 0.9100, Energy: -71.65
Time Taken:  12.959326267242432
Test Accuracy: 0.9267, Energy: -74.34
Time Taken:  12.946955680847168
Test Accuracy: 0.9067, Energy: -75.41
Time Taken:  12.955166816711426
Test Accuracy: 0.9267, Energy: -74.86
Time Taken:  12.9639310836792
Test Accuracy: 0.9267, Energy: -73.54
Time Taken:  12.956238508224487
Test Accuracy: 0.9267, Energy: -73.57
Time Taken:  13.014312028884888
Test Accuracy: 0.9267, Energy: -68.50
Time Taken:  12.938504219055176
Test Accuracy: 0.9233, Energy: -65.85
Time Taken:  12.95042610168457
Test Accuracy: 0.9300, Energy: -69.90
Time Taken:  12.94277286529541
Test Accuracy: 0.9300, Energy: -67.59
Time Taken:  12.952055931091309
Test Accuracy: 0.9300, Energy: -68.63
Time Taken:  12.960923433303833
Test Accuracy: 0.9300, Energy: -68.75
Time Taken:  12.959350109100342
Test Accuracy: 0.9300, Energy: -66.65
Time Taken:  12.958146810531616
Test Accuracy: 0.9300, Energy: -68.84
Time Taken:  12.997709274291992
Test Accuracy: 0.9300, Energy: -71.16
Time Taken:  12.942979335784912
Test Accuracy: 0.9333, Energy: -70.94
Time Taken:  12.97018051147461
Test Accuracy: 0.9333, Energy: -67.91
Time Taken:  12.97454833984375
Test Accuracy: 0.9300, Energy: -67.64
Time Taken:  12.962128639221191
Test Accuracy: 0.9300, Energy: -67.44
Time Taken:  12.976520776748657
Test Accuracy: 0.9300, Energy: -68.82
Time Taken:  12.966957807540894
Test Accuracy: 0.9300, Energy: -69.61
Time Taken:  12.958368062973022
Test Accuracy: 0.9300, Energy: -71.32
Time Taken:  13.012648344039917
Test Accuracy: 0.9333, Energy: -67.95
Time Taken:  12.948370695114136
Test Accuracy: 0.9333, Energy: -69.75
Time Taken:  12.960134267807007
Test Accuracy: 0.9033, Energy: -68.60
Time Taken:  12.958132266998291
Test Accuracy: 0.9267, Energy: -66.86
Time Taken:  12.935798645019531
Test Accuracy: 0.9267, Energy: -65.34
Time Taken:  12.891891956329346
Test Accuracy: 0.9267, Energy: -64.89
Time Taken:  12.865408182144165
Test Accuracy: 0.9267, Energy: -69.78
Time Taken:  12.866107702255249
Test Accuracy: 0.9233, Energy: -69.43
Time Taken:  12.915735244750977
Test Accuracy: 0.9233, Energy: -68.31
Time Taken:  12.84396243095398
Final accuracies: [0.9433333333333334, 0.9433333333333334, 0.9433333333333334, 0.9433333333333334, 0.9433333333333334, 0.94, 0.94, 0.94, 0.94, 0.94, 0.94, 0.94, 0.9266666666666666, 0.94, 0.94, 0.94, 0.94, 0.94, 0.94, 0.94, 0.94, 0.9366666666666666, 0.9366666666666666, 0.9366666666666666, 0.9366666666666666, 0.9366666666666666, 0.9366666666666666, 0.9366666666666666, 0.9366666666666666, 0.95, 0.95, 0.95, 0.95, 0.94, 0.9366666666666666, 0.9366666666666666, 0.9366666666666666, 0.9366666666666666, 0.9366666666666666, 0.9366666666666666, 0.9366666666666666, 0.9333333333333333, 0.9333333333333333, 0.9333333333333333, 0.9333333333333333, 0.9333333333333333, 0.9333333333333333, 0.9333333333333333, 0.9333333333333333, 0.9333333333333333, 0.9166666666666666, 0.9266666666666666, 0.9466666666666667, 0.9466666666666667, 0.9266666666666666, 0.9266666666666666, 0.9266666666666666, 0.9266666666666666, 0.9466666666666667, 0.9333333333333333, 0.9266666666666666, 0.9266666666666666, 0.93, 0.92, 0.92, 0.92, 0.91, 0.91, 0.9066666666666666, 0.91, 0.9266666666666666, 0.9066666666666666, 0.9266666666666666, 0.9266666666666666, 0.9266666666666666, 0.9266666666666666, 0.9233333333333333, 0.93, 0.93, 0.93, 0.93, 0.93, 0.93, 0.93, 0.9333333333333333, 0.9333333333333333, 0.93, 0.93, 0.93, 0.93, 0.93, 0.9333333333333333, 0.9333333333333333, 0.9033333333333333, 0.9266666666666666, 0.9266666666666666, 0.9266666666666666, 0.9266666666666666, 0.9233333333333333, 0.9233333333333333]
Final energies: [-48.945682525634766, -47.73868942260742, -44.301513671875, -49.46564483642578, -50.15043640136719, -53.04078674316406, -52.87533187866211, -53.61094284057617, -53.64689636230469, -53.525020599365234, -48.12742233276367, -50.3872184753418, -52.61116027832031, -47.26129913330078, -44.51462173461914, -43.57070541381836, -40.225833892822266, -40.53623962402344, -45.272579193115234, -46.758522033691406, -49.64011001586914, -52.21962356567383, -48.152645111083984, -48.581546783447266, -46.083396911621094, -43.73659133911133, -48.46377182006836, -47.631534576416016, -50.60118865966797, -50.42923355102539, -53.403411865234375, -54.72966384887695, -55.85087203979492, -57.721214294433594, -54.21932601928711, -55.451446533203125, -50.70546340942383, -49.62885665893555, -50.17932891845703, -47.491943359375, -50.14982604980469, -49.75465393066406, -49.4183349609375, -51.268714904785156, -53.97566223144531, -53.42002868652344, -55.678279876708984, -57.2631721496582, -54.15926742553711, -53.87427520751953, -51.26926803588867, -55.77131271362305, -55.6107292175293, -57.7573356628418, -57.34211730957031, -58.05012130737305, -60.7364501953125, -64.04349517822266, -70.33367919921875, -67.67264556884766, -70.70235443115234, -71.26789855957031, -72.63236999511719, -68.73107147216797, -70.21298217773438, -67.25651550292969, -65.75341796875, -66.49695587158203, -67.39952850341797, -71.65029907226562, -74.33541870117188, -75.40792083740234, -74.85639953613281, -73.53917694091797, -73.57447052001953, -68.50190734863281, -65.84748840332031, -69.89923858642578, -67.59212493896484, -68.62671661376953, -68.746826171875, -66.64796447753906, -68.8372573852539, -71.16346740722656, -70.93868255615234, -67.91436767578125, -67.64497375488281, -67.43868255615234, -68.81818389892578, -69.61241149902344, -71.32234191894531, -67.9504623413086, -69.75434875488281, -68.59866333007812, -66.86318969726562, -65.34310150146484, -64.89447784423828, -69.77825927734375, -69.43319702148438, -68.3057861328125]
