Running with parameters: hidden=100, use_coupled=true, seed=1, lam=0.1, eta=1.0
Test Accuracy: 0.9233, Energy: -9.07
Time Taken:  12.946133852005005
Test Accuracy: 0.9267, Energy: -8.88
Time Taken:  12.936871767044067
Test Accuracy: 0.9300, Energy: -9.90
Time Taken:  12.945739507675171
Test Accuracy: 0.9300, Energy: -9.10
Time Taken:  13.018068075180054
Test Accuracy: 0.9300, Energy: -9.41
Time Taken:  12.945516586303711
Test Accuracy: 0.9300, Energy: -8.50
Time Taken:  12.951234340667725
Test Accuracy: 0.9300, Energy: -7.96
Time Taken:  12.990548133850098
Test Accuracy: 0.9300, Energy: -6.45
Time Taken:  12.991366863250732
Test Accuracy: 0.9300, Energy: -12.77
Time Taken:  12.998816967010498
Test Accuracy: 0.9300, Energy: -10.13
Time Taken:  12.976740837097168
Test Accuracy: 0.9300, Energy: -8.34
Time Taken:  13.00814151763916
Test Accuracy: 0.9300, Energy: -4.97
Time Taken:  13.103631258010864
Test Accuracy: 0.9300, Energy: -4.82
Time Taken:  12.967525720596313
Test Accuracy: 0.9267, Energy: 0.79
Time Taken:  12.974239826202393
Test Accuracy: 0.9267, Energy: 0.29
Time Taken:  12.949462890625
Test Accuracy: 0.9233, Energy: 2.55
Time Taken:  12.991395711898804
Test Accuracy: 0.9233, Energy: 4.06
Time Taken:  12.966991901397705
Test Accuracy: 0.9200, Energy: 1.79
Time Taken:  12.968698978424072
Test Accuracy: 0.9200, Energy: 2.30
Time Taken:  12.986543893814087
Test Accuracy: 0.9233, Energy: 1.65
Time Taken:  13.03805661201477
Test Accuracy: 0.9233, Energy: -2.21
Time Taken:  12.962839365005493
Test Accuracy: 0.9233, Energy: -6.17
Time Taken:  12.962218523025513
Test Accuracy: 0.9233, Energy: -6.62
Time Taken:  12.996268510818481
Test Accuracy: 0.9233, Energy: -9.14
Time Taken:  12.977034330368042
Test Accuracy: 0.9200, Energy: -9.89
Time Taken:  12.990084648132324
Test Accuracy: 0.9200, Energy: -8.59
Time Taken:  12.99550461769104
Test Accuracy: 0.9200, Energy: -10.39
Time Taken:  12.99527096748352
Test Accuracy: 0.9233, Energy: -9.27
Time Taken:  13.0238356590271
Test Accuracy: 0.9233, Energy: -9.57
Time Taken:  12.947452068328857
Test Accuracy: 0.9300, Energy: -11.67
Time Taken:  12.948370695114136
Test Accuracy: 0.9333, Energy: -8.84
Time Taken:  12.967000246047974
Test Accuracy: 0.9333, Energy: -9.62
Time Taken:  12.975581407546997
Test Accuracy: 0.9333, Energy: -9.22
Time Taken:  12.977455854415894
Test Accuracy: 0.9333, Energy: -7.60
Time Taken:  12.981504678726196
Test Accuracy: 0.9333, Energy: -6.58
Time Taken:  12.98507285118103
Test Accuracy: 0.9333, Energy: -10.16
Time Taken:  13.025953769683838
Test Accuracy: 0.9333, Energy: -10.84
Time Taken:  12.944756746292114
Test Accuracy: 0.9333, Energy: -13.50
Time Taken:  12.974045515060425
Test Accuracy: 0.9333, Energy: -13.38
Time Taken:  12.973642587661743
Test Accuracy: 0.9333, Energy: -10.08
Time Taken:  12.984755039215088
Test Accuracy: 0.9367, Energy: -10.38
Time Taken:  12.976525068283081
Test Accuracy: 0.9367, Energy: -9.54
Time Taken:  12.974243402481079
Test Accuracy: 0.9367, Energy: -7.39
Time Taken:  12.966366291046143
Test Accuracy: 0.9367, Energy: -10.83
Time Taken:  13.021814584732056
Test Accuracy: 0.9367, Energy: -9.40
Time Taken:  12.94667649269104
Test Accuracy: 0.9333, Energy: -7.95
Time Taken:  12.970424890518188
Test Accuracy: 0.9333, Energy: -8.56
Time Taken:  12.963278532028198
Test Accuracy: 0.9333, Energy: -7.37
Time Taken:  12.978716611862183
Test Accuracy: 0.9333, Energy: -12.13
Time Taken:  12.975799083709717
Test Accuracy: 0.9333, Energy: -12.42
Time Taken:  12.985265731811523
Test Accuracy: 0.9367, Energy: -14.51
Time Taken:  12.993535041809082
Test Accuracy: 0.9367, Energy: -15.12
Time Taken:  13.009631633758545
Test Accuracy: 0.9367, Energy: -15.01
Time Taken:  12.964679956436157
Test Accuracy: 0.9367, Energy: -13.06
Time Taken:  12.989737510681152
Test Accuracy: 0.9367, Energy: -13.04
Time Taken:  13.00227689743042
Test Accuracy: 0.9367, Energy: -12.33
Time Taken:  12.985227108001709
Test Accuracy: 0.9367, Energy: -9.85
Time Taken:  12.986990928649902
Test Accuracy: 0.9400, Energy: -11.13
Time Taken:  13.003835916519165
Test Accuracy: 0.9367, Energy: -11.31
Time Taken:  13.043176174163818
Test Accuracy: 0.9367, Energy: -11.28
Time Taken:  12.947339534759521
Test Accuracy: 0.9367, Energy: -9.80
Time Taken:  12.934290885925293
Test Accuracy: 0.9367, Energy: -11.73
Time Taken:  12.997438430786133
Test Accuracy: 0.9367, Energy: -12.18
Time Taken:  12.9765944480896
Test Accuracy: 0.9367, Energy: -15.86
Time Taken:  12.969704151153564
Test Accuracy: 0.9367, Energy: -12.61
Time Taken:  13.004734754562378
Test Accuracy: 0.9367, Energy: -10.24
Time Taken:  12.991253852844238
Test Accuracy: 0.9333, Energy: -10.60
Time Taken:  13.085221529006958
Test Accuracy: 0.9333, Energy: -9.20
Time Taken:  12.9628746509552
Test Accuracy: 0.9333, Energy: -11.08
Time Taken:  13.048084020614624
Test Accuracy: 0.9333, Energy: -14.01
Time Taken:  12.99393105506897
Test Accuracy: 0.9333, Energy: -12.50
Time Taken:  12.999388933181763
Test Accuracy: 0.9333, Energy: -9.32
Time Taken:  13.013900995254517
Test Accuracy: 0.9333, Energy: -10.46
Time Taken:  13.008570194244385
Test Accuracy: 0.9333, Energy: -8.81
Time Taken:  13.026654243469238
Test Accuracy: 0.9367, Energy: -14.27
Time Taken:  13.04791784286499
Test Accuracy: 0.9367, Energy: -16.65
Time Taken:  12.990670680999756
Test Accuracy: 0.9367, Energy: -19.90
Time Taken:  12.966731071472168
Test Accuracy: 0.9367, Energy: -18.42
Time Taken:  12.987311840057373
Test Accuracy: 0.9367, Energy: -15.94
Time Taken:  12.99248743057251
Test Accuracy: 0.9367, Energy: -18.54
Time Taken:  12.978562593460083
Test Accuracy: 0.9367, Energy: -21.15
Time Taken:  13.010868787765503
Test Accuracy: 0.9367, Energy: -24.07
Time Taken:  12.987823963165283
Test Accuracy: 0.9367, Energy: -24.77
Time Taken:  13.029008150100708
Test Accuracy: 0.9367, Energy: -20.86
Time Taken:  12.958592653274536
Test Accuracy: 0.9367, Energy: -20.84
Time Taken:  12.985053062438965
Test Accuracy: 0.9367, Energy: -21.44
Time Taken:  13.029187440872192
Test Accuracy: 0.9367, Energy: -23.04
Time Taken:  12.967877864837646
Test Accuracy: 0.9367, Energy: -19.48
Time Taken:  13.046597242355347
Test Accuracy: 0.9367, Energy: -22.35
Time Taken:  12.967832088470459
Test Accuracy: 0.9367, Energy: -26.73
Time Taken:  13.008303165435791
Test Accuracy: 0.9400, Energy: -31.23
Time Taken:  13.025037288665771
Test Accuracy: 0.9400, Energy: -33.11
Time Taken:  12.978891372680664
Test Accuracy: 0.9400, Energy: -32.75
Time Taken:  12.986286401748657
Test Accuracy: 0.9400, Energy: -32.56
Time Taken:  12.998985767364502
Test Accuracy: 0.9400, Energy: -29.29
Time Taken:  12.958790302276611
Test Accuracy: 0.9400, Energy: -24.30
Time Taken:  12.914353609085083
Test Accuracy: 0.9400, Energy: -24.82
Time Taken:  12.886399030685425
Test Accuracy: 0.9400, Energy: -27.87
Time Taken:  12.879081964492798
Test Accuracy: 0.9400, Energy: -30.24
Time Taken:  12.9000723361969
Test Accuracy: 0.9400, Energy: -32.43
Time Taken:  12.836323499679565
Final accuracies: [0.9233333333333333, 0.9266666666666666, 0.93, 0.93, 0.93, 0.93, 0.93, 0.93, 0.93, 0.93, 0.93, 0.93, 0.93, 0.9266666666666666, 0.9266666666666666, 0.9233333333333333, 0.9233333333333333, 0.92, 0.92, 0.9233333333333333, 0.9233333333333333, 0.9233333333333333, 0.9233333333333333, 0.9233333333333333, 0.92, 0.92, 0.92, 0.9233333333333333, 0.9233333333333333, 0.93, 0.9333333333333333, 0.9333333333333333, 0.9333333333333333, 0.9333333333333333, 0.9333333333333333, 0.9333333333333333, 0.9333333333333333, 0.9333333333333333, 0.9333333333333333, 0.9333333333333333, 0.9366666666666666, 0.9366666666666666, 0.9366666666666666, 0.9366666666666666, 0.9366666666666666, 0.9333333333333333, 0.9333333333333333, 0.9333333333333333, 0.9333333333333333, 0.9333333333333333, 0.9366666666666666, 0.9366666666666666, 0.9366666666666666, 0.9366666666666666, 0.9366666666666666, 0.9366666666666666, 0.9366666666666666, 0.94, 0.9366666666666666, 0.9366666666666666, 0.9366666666666666, 0.9366666666666666, 0.9366666666666666, 0.9366666666666666, 0.9366666666666666, 0.9366666666666666, 0.9333333333333333, 0.9333333333333333, 0.9333333333333333, 0.9333333333333333, 0.9333333333333333, 0.9333333333333333, 0.9333333333333333, 0.9333333333333333, 0.9366666666666666, 0.9366666666666666, 0.9366666666666666, 0.9366666666666666, 0.9366666666666666, 0.9366666666666666, 0.9366666666666666, 0.9366666666666666, 0.9366666666666666, 0.9366666666666666, 0.9366666666666666, 0.9366666666666666, 0.9366666666666666, 0.9366666666666666, 0.9366666666666666, 0.9366666666666666, 0.94, 0.94, 0.94, 0.94, 0.94, 0.94, 0.94, 0.94, 0.94, 0.94]
Final energies: [-9.066933631896973, -8.882990837097168, -9.899856567382812, -9.101574897766113, -9.41230297088623, -8.499732971191406, -7.963007926940918, -6.449785232543945, -12.768996238708496, -10.134448051452637, -8.337993621826172, -4.973927974700928, -4.819483757019043, 0.7929548025131226, 0.29472264647483826, 2.554089307785034, 4.057582855224609, 1.787996768951416, 2.2991511821746826, 1.650325894355774, -2.2061307430267334, -6.1701154708862305, -6.615063667297363, -9.136988639831543, -9.889801979064941, -8.592211723327637, -10.392560005187988, -9.27061939239502, -9.56523323059082, -11.667998313903809, -8.843969345092773, -9.620478630065918, -9.221282958984375, -7.595855712890625, -6.582692623138428, -10.157644271850586, -10.840271949768066, -13.503339767456055, -13.376643180847168, -10.08449649810791, -10.381028175354004, -9.540982246398926, -7.388999938964844, -10.833900451660156, -9.401787757873535, -7.95363712310791, -8.560797691345215, -7.370115280151367, -12.13329029083252, -12.42471694946289, -14.50769329071045, -15.118169784545898, -15.012248992919922, -13.061458587646484, -13.036173820495605, -12.334503173828125, -9.845968246459961, -11.134349822998047, -11.312929153442383, -11.280795097351074, -9.798406600952148, -11.732467651367188, -12.175870895385742, -15.855822563171387, -12.608844757080078, -10.236384391784668, -10.604559898376465, -9.20001220703125, -11.083684921264648, -14.01248550415039, -12.498555183410645, -9.321605682373047, -10.45700454711914, -8.806720733642578, -14.273065567016602, -16.65043830871582, -19.8997859954834, -18.424699783325195, -15.937094688415527, -18.5444278717041, -21.149232864379883, -24.06623649597168, -24.77489471435547, -20.86310386657715, -20.838457107543945, -21.435060501098633, -23.035249710083008, -19.482013702392578, -22.351619720458984, -26.72609519958496, -31.225399017333984, -33.11408615112305, -32.75443649291992, -32.56087875366211, -29.290311813354492, -24.30323600769043, -24.821569442749023, -27.86978530883789, -30.2399959564209, -32.43463897705078]
