Running with parameters: hidden=50, use_coupled=true, seed=21, lam=0.1, eta=1.0, batch=50
Test Loss: 0.0000, Test Accuracy: 0.9967, Energy: -13927.234375
Time taken:  0.6346604824066162
Test Loss: 0.0000, Test Accuracy: 0.9967, Energy: -217023.25
Time taken:  0.5963542461395264
Test Loss: 0.0000, Test Accuracy: 0.9967, Energy: -492866.71875
Time taken:  0.5884902477264404
Test Loss: 0.0000, Test Accuracy: 0.9967, Energy: -714616.3125
Time taken:  0.5984599590301514
Test Loss: 0.0000, Test Accuracy: 0.9967, Energy: -892000.5
Time taken:  0.6061310768127441
Test Loss: 0.0000, Test Accuracy: 0.9967, Energy: -1037228.5
Time taken:  0.6034109592437744
Test Loss: 0.0000, Test Accuracy: 0.9967, Energy: -1152460.5
Time taken:  0.6028530597686768
Test Loss: 0.0000, Test Accuracy: 0.9967, Energy: -1247749.0
Time taken:  0.6071755886077881
Test Loss: 0.0000, Test Accuracy: 0.9967, Energy: -1323948.0
Time taken:  0.6078910827636719
Test Loss: 0.0000, Test Accuracy: 0.9967, Energy: -1387839.0
Time taken:  0.6117932796478271
Test Loss: 0.0000, Test Accuracy: 0.9967, Energy: -1438429.25
Time taken:  0.6110227108001709
Test Loss: 0.0000, Test Accuracy: 0.9967, Energy: -1481268.75
Time taken:  0.6106641292572021
Test Loss: 0.0000, Test Accuracy: 0.9967, Energy: -1516773.125
Time taken:  0.6137759685516357
Test Loss: 0.0000, Test Accuracy: 0.9967, Energy: -1546213.5
Time taken:  0.6082150936126709
Test Loss: 0.0000, Test Accuracy: 0.9967, Energy: -1570287.375
Time taken:  0.615424394607544
Test Loss: 0.0000, Test Accuracy: 0.9967, Energy: -1590431.875
Time taken:  0.6048853397369385
Test Loss: 0.0000, Test Accuracy: 0.9967, Energy: -1607241.25
Time taken:  0.6032993793487549
Test Loss: 0.0000, Test Accuracy: 0.9967, Energy: -1621464.75
Time taken:  0.6094973087310791
Test Loss: 0.0000, Test Accuracy: 0.9967, Energy: -1632853.375
Time taken:  0.6122744083404541
Test Loss: 0.0000, Test Accuracy: 0.9967, Energy: -1642457.75
Time taken:  0.6201002597808838
Test Loss: 0.0000, Test Accuracy: 0.9967, Energy: -1650778.0
Time taken:  0.6113202571868896
Test Loss: 0.0000, Test Accuracy: 0.9967, Energy: -1657460.875
Time taken:  0.6123607158660889
Test Loss: 0.0000, Test Accuracy: 0.9967, Energy: -1662919.375
Time taken:  0.6079738140106201
Test Loss: 0.0000, Test Accuracy: 0.9967, Energy: -1667434.625
Time taken:  0.6123361587524414
Test Loss: 0.0000, Test Accuracy: 0.9967, Energy: -1671071.625
Time taken:  0.6114954948425293
Test Loss: 0.0000, Test Accuracy: 0.9967, Energy: -1674259.25
Time taken:  0.6129298210144043
Test Loss: 0.0000, Test Accuracy: 0.9967, Energy: -1676614.5
Time taken:  0.6085784435272217
Test Loss: 0.0000, Test Accuracy: 0.9967, Energy: -1678795.125
Time taken:  0.6086156368255615
Test Loss: 0.0000, Test Accuracy: 0.9967, Energy: -1680683.0
Time taken:  0.6133162975311279
Test Loss: 0.0000, Test Accuracy: 0.9967, Energy: -1682141.5
Time taken:  0.6153256893157959
Test Loss: 0.0000, Test Accuracy: 0.9967, Energy: -1683278.125
Time taken:  0.6164891719818115
Test Loss: 0.0000, Test Accuracy: 0.9967, Energy: -1684295.0
Time taken:  0.6017630100250244
Test Loss: 0.0000, Test Accuracy: 0.9967, Energy: -1685074.125
Time taken:  0.6117963790893555
Test Loss: 0.0000, Test Accuracy: 0.9967, Energy: -1685737.25
Time taken:  0.6117501258850098
Test Loss: 0.0000, Test Accuracy: 0.9967, Energy: -1686218.875
Time taken:  0.6092369556427002
Test Loss: 0.0000, Test Accuracy: 0.9967, Energy: -1686666.625
Time taken:  0.6156959533691406
Test Loss: 0.0000, Test Accuracy: 0.9967, Energy: -1687039.0
Time taken:  0.6099398136138916
Test Loss: 0.0000, Test Accuracy: 0.9967, Energy: -1687347.625
Time taken:  0.6105725765228271
Test Loss: 0.0000, Test Accuracy: 0.9967, Energy: -1687568.0
Time taken:  0.6112239360809326
Test Loss: 0.0000, Test Accuracy: 0.9967, Energy: -1687770.0
Time taken:  0.6144311428070068
Test Loss: 0.0000, Test Accuracy: 0.9967, Energy: -1687935.0
Time taken:  0.6202330589294434
Test Loss: 0.0000, Test Accuracy: 0.9967, Energy: -1688062.75
Time taken:  0.6090230941772461
Test Loss: 0.0000, Test Accuracy: 0.9967, Energy: -1688210.625
Time taken:  0.6155281066894531
Test Loss: 0.0000, Test Accuracy: 0.9967, Energy: -1688301.25
Time taken:  0.6152522563934326
Test Loss: 0.0000, Test Accuracy: 0.9967, Energy: -1688362.5
Time taken:  0.6161932945251465
Test Loss: 0.0000, Test Accuracy: 0.9967, Energy: -1688416.25
Time taken:  0.6169400215148926
Test Loss: 0.0000, Test Accuracy: 0.9967, Energy: -1688460.125
Time taken:  0.6157290935516357
Test Loss: 0.0000, Test Accuracy: 0.9967, Energy: -1688496.0
Time taken:  0.6127223968505859
Test Loss: 0.0000, Test Accuracy: 0.9967, Energy: -1688576.75
Time taken:  0.6113100051879883
Test Loss: 0.0000, Test Accuracy: 0.9967, Energy: -1688600.875
Time taken:  0.6097133159637451
Test Loss: 0.0000, Test Accuracy: 0.9967, Energy: -1688620.5
Time taken:  0.6061153411865234
Test Loss: 0.0000, Test Accuracy: 0.9967, Energy: -1688646.125
Time taken:  0.6147873401641846
Test Loss: 0.0000, Test Accuracy: 0.9967, Energy: -1688659.125
Time taken:  0.6127598285675049
Test Loss: 0.0000, Test Accuracy: 0.9967, Energy: -1688670.0
Time taken:  0.6136884689331055
Test Loss: 0.0000, Test Accuracy: 0.9967, Energy: -1688689.5
Time taken:  0.6133296489715576
Test Loss: 0.0000, Test Accuracy: 0.9967, Energy: -1688696.875
Time taken:  0.6150171756744385
Test Loss: 0.0000, Test Accuracy: 0.9967, Energy: -1688719.625
Time taken:  0.6144659519195557
Test Loss: 0.0000, Test Accuracy: 0.9967, Energy: -1688729.0
Time taken:  0.6093826293945312
Test Loss: 0.0000, Test Accuracy: 0.9967, Energy: -1688733.0
Time taken:  0.6152024269104004
Test Loss: 0.0000, Test Accuracy: 0.9967, Energy: -1688736.0
Time taken:  0.6097390651702881
Test Loss: 0.0000, Test Accuracy: 0.9967, Energy: -1688748.875
Time taken:  0.6110265254974365
Test Loss: 0.0000, Test Accuracy: 0.9967, Energy: -1688751.0
Time taken:  0.6121175289154053
Test Loss: 0.0000, Test Accuracy: 0.9967, Energy: -1688752.625
Time taken:  0.6117055416107178
Test Loss: 0.0000, Test Accuracy: 0.9967, Energy: -1688758.0
Time taken:  0.6121351718902588
Test Loss: 0.0000, Test Accuracy: 0.9967, Energy: -1688996.125
Time taken:  0.6127438545227051
Test Loss: 0.0000, Test Accuracy: 0.9967, Energy: -1689005.5
Time taken:  0.6134333610534668
Test Loss: 0.0000, Test Accuracy: 0.9967, Energy: -1688968.125
Time taken:  0.6149992942810059
Test Loss: 0.0000, Test Accuracy: 0.9967, Energy: -1688968.75
Time taken:  0.610393762588501
Test Loss: 0.0000, Test Accuracy: 0.9967, Energy: -1688969.125
Time taken:  0.6161453723907471
Test Loss: 0.0000, Test Accuracy: 0.9967, Energy: -1688978.375
Time taken:  0.6123085021972656
Test Loss: 0.0000, Test Accuracy: 0.9967, Energy: -1688978.75
Time taken:  0.6107921600341797
Test Loss: 0.0000, Test Accuracy: 0.9967, Energy: -1688987.625
Time taken:  0.5990569591522217
Test Loss: 0.0000, Test Accuracy: 0.9967, Energy: -1688995.75
Time taken:  0.6025822162628174
Test Loss: 0.0000, Test Accuracy: 0.9967, Energy: -1688995.875
Time taken:  0.6040468215942383
Test Loss: 0.0000, Test Accuracy: 0.9967, Energy: -1689012.75
Time taken:  0.6054573059082031
Test Loss: 0.0000, Test Accuracy: 0.9967, Energy: -1689012.75
Time taken:  0.6107907295227051
Test Loss: 0.0000, Test Accuracy: 0.9967, Energy: -1689012.75
Time taken:  0.6140735149383545
Test Loss: 0.0000, Test Accuracy: 0.9967, Energy: -1689018.75
Time taken:  0.6123921871185303
Test Loss: 0.0000, Test Accuracy: 0.9967, Energy: -1689029.0
Time taken:  0.6122550964355469
Test Loss: 0.0000, Test Accuracy: 0.9967, Energy: -1689031.5
Time taken:  0.617722749710083
Test Loss: 0.0000, Test Accuracy: 0.9967, Energy: -1689030.375
Time taken:  0.6116445064544678
Test Loss: 0.0000, Test Accuracy: 0.9967, Energy: -1689028.75
Time taken:  0.6130499839782715
Test Loss: 0.0000, Test Accuracy: 0.9967, Energy: -1689037.25
Time taken:  0.6115591526031494
Test Loss: 0.0000, Test Accuracy: 0.9967, Energy: -1689051.5
Time taken:  0.611870527267456
Test Loss: 0.0000, Test Accuracy: 0.9967, Energy: -1689045.5
Time taken:  0.6112136840820312
Test Loss: 0.0000, Test Accuracy: 0.9967, Energy: -1689053.75
Time taken:  0.612994909286499
Test Loss: 0.0000, Test Accuracy: 0.9967, Energy: -1689077.75
Time taken:  0.6143016815185547
Test Loss: 0.0000, Test Accuracy: 0.9967, Energy: -1689120.0
Time taken:  0.6137020587921143
Test Loss: 0.0000, Test Accuracy: 0.9967, Energy: -1689120.0
Time taken:  0.6104075908660889
Test Loss: 0.0000, Test Accuracy: 0.9967, Energy: -1689119.875
Time taken:  0.6098685264587402
Test Loss: 0.0000, Test Accuracy: 0.9967, Energy: -1689125.0
Time taken:  0.6049838066101074
Test Loss: 0.0000, Test Accuracy: 0.9967, Energy: -1689145.0
Time taken:  0.6156055927276611
Test Loss: 0.0000, Test Accuracy: 0.9967, Energy: -1689144.875
Time taken:  0.6104485988616943
Test Loss: 0.0000, Test Accuracy: 0.9967, Energy: -1689144.875
Time taken:  0.6140105724334717
Test Loss: 0.0000, Test Accuracy: 0.9967, Energy: -1689139.0
Time taken:  0.615516185760498
Test Loss: 0.0000, Test Accuracy: 0.9967, Energy: -1689138.75
Time taken:  0.6170535087585449
Test Loss: 0.0000, Test Accuracy: 0.9967, Energy: -1689138.75
Time taken:  0.6133546829223633
Test Loss: 0.0000, Test Accuracy: 0.9967, Energy: -1689138.5
Time taken:  0.6102645397186279
Test Loss: 0.0000, Test Accuracy: 0.9967, Energy: -1689147.5
Time taken:  0.6044619083404541
Test Loss: 0.0000, Test Accuracy: 0.9967, Energy: -1689147.25
Time taken:  0.5818214416503906
Final accuracies: [0.9966666666666667, 0.9966666666666667, 0.9966666666666667, 0.9966666666666667, 0.9966666666666667, 0.9966666666666667, 0.9966666666666667, 0.9966666666666667, 0.9966666666666667, 0.9966666666666667, 0.9966666666666667, 0.9966666666666667, 0.9966666666666667, 0.9966666666666667, 0.9966666666666667, 0.9966666666666667, 0.9966666666666667, 0.9966666666666667, 0.9966666666666667, 0.9966666666666667, 0.9966666666666667, 0.9966666666666667, 0.9966666666666667, 0.9966666666666667, 0.9966666666666667, 0.9966666666666667, 0.9966666666666667, 0.9966666666666667, 0.9966666666666667, 0.9966666666666667, 0.9966666666666667, 0.9966666666666667, 0.9966666666666667, 0.9966666666666667, 0.9966666666666667, 0.9966666666666667, 0.9966666666666667, 0.9966666666666667, 0.9966666666666667, 0.9966666666666667, 0.9966666666666667, 0.9966666666666667, 0.9966666666666667, 0.9966666666666667, 0.9966666666666667, 0.9966666666666667, 0.9966666666666667, 0.9966666666666667, 0.9966666666666667, 0.9966666666666667, 0.9966666666666667, 0.9966666666666667, 0.9966666666666667, 0.9966666666666667, 0.9966666666666667, 0.9966666666666667, 0.9966666666666667, 0.9966666666666667, 0.9966666666666667, 0.9966666666666667, 0.9966666666666667, 0.9966666666666667, 0.9966666666666667, 0.9966666666666667, 0.9966666666666667, 0.9966666666666667, 0.9966666666666667, 0.9966666666666667, 0.9966666666666667, 0.9966666666666667, 0.9966666666666667, 0.9966666666666667, 0.9966666666666667, 0.9966666666666667, 0.9966666666666667, 0.9966666666666667, 0.9966666666666667, 0.9966666666666667, 0.9966666666666667, 0.9966666666666667, 0.9966666666666667, 0.9966666666666667, 0.9966666666666667, 0.9966666666666667, 0.9966666666666667, 0.9966666666666667, 0.9966666666666667, 0.9966666666666667, 0.9966666666666667, 0.9966666666666667, 0.9966666666666667, 0.9966666666666667, 0.9966666666666667, 0.9966666666666667, 0.9966666666666667, 0.9966666666666667, 0.9966666666666667, 0.9966666666666667, 0.9966666666666667, 0.9966666666666667]
Final energies: [-13927.234375, -217023.25, -492866.71875, -714616.3125, -892000.5, -1037228.5, -1152460.5, -1247749.0, -1323948.0, -1387839.0, -1438429.25, -1481268.75, -1516773.125, -1546213.5, -1570287.375, -1590431.875, -1607241.25, -1621464.75, -1632853.375, -1642457.75, -1650778.0, -1657460.875, -1662919.375, -1667434.625, -1671071.625, -1674259.25, -1676614.5, -1678795.125, -1680683.0, -1682141.5, -1683278.125, -1684295.0, -1685074.125, -1685737.25, -1686218.875, -1686666.625, -1687039.0, -1687347.625, -1687568.0, -1687770.0, -1687935.0, -1688062.75, -1688210.625, -1688301.25, -1688362.5, -1688416.25, -1688460.125, -1688496.0, -1688576.75, -1688600.875, -1688620.5, -1688646.125, -1688659.125, -1688670.0, -1688689.5, -1688696.875, -1688719.625, -1688729.0, -1688733.0, -1688736.0, -1688748.875, -1688751.0, -1688752.625, -1688758.0, -1688996.125, -1689005.5, -1688968.125, -1688968.75, -1688969.125, -1688978.375, -1688978.75, -1688987.625, -1688995.75, -1688995.875, -1689012.75, -1689012.75, -1689012.75, -1689018.75, -1689029.0, -1689031.5, -1689030.375, -1689028.75, -1689037.25, -1689051.5, -1689045.5, -1689053.75, -1689077.75, -1689120.0, -1689120.0, -1689119.875, -1689125.0, -1689145.0, -1689144.875, -1689144.875, -1689139.0, -1689138.75, -1689138.75, -1689138.5, -1689147.5, -1689147.25]
