Running with parameters: hidden=50, use_coupled=true, seed=71, lam=0.1, eta=1.0, batch=50
Test Loss: 0.0000, Test Accuracy: 1.0000, Energy: -8957.3916015625
Time taken:  0.7705271244049072
Test Loss: 0.0000, Test Accuracy: 0.9967, Energy: -204543.390625
Time taken:  0.745915412902832
Test Loss: 0.0000, Test Accuracy: 0.9967, Energy: -540112.4375
Time taken:  0.737602710723877
Test Loss: 0.0000, Test Accuracy: 0.9967, Energy: -826128.75
Time taken:  0.7256097793579102
Test Loss: 0.0000, Test Accuracy: 0.9967, Energy: -1051960.0
Time taken:  0.7301168441772461
Test Loss: 0.0000, Test Accuracy: 1.0000, Energy: -1233484.25
Time taken:  0.7258129119873047
Test Loss: 0.0000, Test Accuracy: 0.9967, Energy: -1375702.125
Time taken:  0.7273960113525391
Test Loss: 0.0000, Test Accuracy: 1.0000, Energy: -1491756.0
Time taken:  0.7230699062347412
Test Loss: 0.0000, Test Accuracy: 1.0000, Energy: -1590310.75
Time taken:  0.7288892269134521
Test Loss: 0.0000, Test Accuracy: 1.0000, Energy: -1672524.0
Time taken:  0.7256543636322021
Test Loss: 0.0000, Test Accuracy: 0.9967, Energy: -1687722.25
Time taken:  0.7215621471405029
Test Loss: 0.0000, Test Accuracy: 0.9967, Energy: -1706633.125
Time taken:  0.7226688861846924
Test Loss: 0.0000, Test Accuracy: 0.9900, Energy: -1718610.375
Time taken:  0.7233598232269287
Test Loss: 0.0000, Test Accuracy: 0.9833, Energy: -1729031.5
Time taken:  0.7213559150695801
Test Loss: 0.0000, Test Accuracy: 0.9833, Energy: -1726588.25
Time taken:  0.7254252433776855
Test Loss: 0.0000, Test Accuracy: 0.9833, Energy: -1720833.875
Time taken:  0.7247879505157471
Test Loss: 0.0000, Test Accuracy: 0.9833, Energy: -1719622.0
Time taken:  0.7261385917663574
Test Loss: 0.0000, Test Accuracy: 0.9833, Energy: -1717127.125
Time taken:  0.7266287803649902
Test Loss: 0.0000, Test Accuracy: 0.9833, Energy: -1716471.5
Time taken:  0.7212851047515869
Test Loss: 0.0000, Test Accuracy: 0.9833, Energy: -1714190.75
Time taken:  0.7233912944793701
Test Loss: 0.0000, Test Accuracy: 0.9833, Energy: -1710341.5
Time taken:  0.7231533527374268
Test Loss: 0.0000, Test Accuracy: 0.9833, Energy: -1707695.125
Time taken:  0.7313077449798584
Test Loss: 0.0000, Test Accuracy: 0.9833, Energy: -1705774.75
Time taken:  0.7223155498504639
Test Loss: 0.0000, Test Accuracy: 0.9833, Energy: -1704535.0
Time taken:  0.7211043834686279
Test Loss: 0.0000, Test Accuracy: 0.9833, Energy: -1701761.0
Time taken:  0.7238636016845703
Test Loss: 0.0000, Test Accuracy: 0.9833, Energy: -1700730.25
Time taken:  0.7239971160888672
Test Loss: 0.0000, Test Accuracy: 0.9833, Energy: -1699702.875
Time taken:  0.7228813171386719
Test Loss: 0.0000, Test Accuracy: 0.9833, Energy: -1699311.75
Time taken:  0.7244443893432617
Test Loss: 0.0000, Test Accuracy: 0.9833, Energy: -1698042.0
Time taken:  0.7296721935272217
Test Loss: 0.0000, Test Accuracy: 0.9833, Energy: -1697046.125
Time taken:  0.7269496917724609
Test Loss: 0.0000, Test Accuracy: 0.9833, Energy: -1696244.875
Time taken:  0.7229886054992676
Test Loss: 0.0000, Test Accuracy: 0.9833, Energy: -1695622.0
Time taken:  0.7253127098083496
Test Loss: 0.0000, Test Accuracy: 0.9867, Energy: -1696076.625
Time taken:  0.7225203514099121
Test Loss: 0.0000, Test Accuracy: 0.9867, Energy: -1696188.5
Time taken:  0.7219357490539551
Test Loss: 0.0000, Test Accuracy: 0.9867, Energy: -1695310.375
Time taken:  0.7226037979125977
Test Loss: 0.0000, Test Accuracy: 0.9867, Energy: -1694220.125
Time taken:  0.723405122756958
Test Loss: 0.0000, Test Accuracy: 0.9867, Energy: -1695022.0
Time taken:  0.7268719673156738
Test Loss: 0.0000, Test Accuracy: 0.9867, Energy: -1695012.875
Time taken:  0.7197370529174805
Test Loss: 0.0000, Test Accuracy: 0.9867, Energy: -1694329.5
Time taken:  0.7237732410430908
Test Loss: 0.0000, Test Accuracy: 0.9867, Energy: -1694374.0
Time taken:  0.721942663192749
Test Loss: 0.0000, Test Accuracy: 0.9867, Energy: -1694203.875
Time taken:  0.7334413528442383
Test Loss: 0.0000, Test Accuracy: 0.9867, Energy: -1694092.25
Time taken:  0.7236194610595703
Test Loss: 0.0000, Test Accuracy: 0.9867, Energy: -1693810.0
Time taken:  0.7196192741394043
Test Loss: 0.0000, Test Accuracy: 0.9867, Energy: -1693764.75
Time taken:  0.7255325317382812
Test Loss: 0.0000, Test Accuracy: 0.9867, Energy: -1693663.625
Time taken:  0.7226154804229736
Test Loss: 0.0000, Test Accuracy: 0.9867, Energy: -1693408.0
Time taken:  0.7259745597839355
Test Loss: 0.0000, Test Accuracy: 0.9867, Energy: -1693548.125
Time taken:  0.7200820446014404
Test Loss: 0.0000, Test Accuracy: 0.9867, Energy: -1693666.5
Time taken:  0.7216529846191406
Test Loss: 0.0000, Test Accuracy: 0.9867, Energy: -1693435.375
Time taken:  0.7212700843811035
Test Loss: 0.0000, Test Accuracy: 0.9867, Energy: -1693492.0
Time taken:  0.7278320789337158
Test Loss: 0.0000, Test Accuracy: 0.9867, Energy: -1693477.0
Time taken:  0.7216453552246094
Test Loss: 0.0000, Test Accuracy: 0.9867, Energy: -1693337.875
Time taken:  0.7202653884887695
Test Loss: 0.0000, Test Accuracy: 0.9867, Energy: -1693305.75
Time taken:  0.7264471054077148
Test Loss: 0.0000, Test Accuracy: 0.9867, Energy: -1693193.125
Time taken:  0.721503734588623
Test Loss: 0.0000, Test Accuracy: 0.9867, Energy: -1693197.875
Time taken:  0.7202460765838623
Test Loss: 0.0000, Test Accuracy: 0.9867, Energy: -1693216.875
Time taken:  0.7274177074432373
Test Loss: 0.0000, Test Accuracy: 0.9867, Energy: -1693352.375
Time taken:  0.7243993282318115
Test Loss: 0.0000, Test Accuracy: 0.9867, Energy: -1693350.75
Time taken:  0.7277295589447021
Test Loss: 0.0000, Test Accuracy: 0.9867, Energy: -1693321.875
Time taken:  0.7229936122894287
Test Loss: 0.0000, Test Accuracy: 0.9867, Energy: -1693319.75
Time taken:  0.7243082523345947
Test Loss: 0.0000, Test Accuracy: 0.9867, Energy: -1693323.5
Time taken:  0.7233552932739258
Test Loss: 0.0000, Test Accuracy: 0.9867, Energy: -1693321.25
Time taken:  0.7251071929931641
Test Loss: 0.0000, Test Accuracy: 0.9833, Energy: -1693148.75
Time taken:  0.7207515239715576
Test Loss: 0.0000, Test Accuracy: 0.9833, Energy: -1693110.125
Time taken:  0.7217042446136475
Test Loss: 0.0000, Test Accuracy: 0.9833, Energy: -1693107.0
Time taken:  0.7310812473297119
Test Loss: 0.0000, Test Accuracy: 0.9867, Energy: -1693070.25
Time taken:  0.7276346683502197
Test Loss: 0.0000, Test Accuracy: 0.9867, Energy: -1693066.875
Time taken:  0.7267310619354248
Test Loss: 0.0000, Test Accuracy: 0.9867, Energy: -1693062.75
Time taken:  0.7238574028015137
Test Loss: 0.0000, Test Accuracy: 0.9867, Energy: -1693058.75
Time taken:  0.7229700088500977
Test Loss: 0.0000, Test Accuracy: 0.9867, Energy: -1693054.125
Time taken:  0.7210683822631836
Test Loss: 0.0000, Test Accuracy: 0.9867, Energy: -1693069.5
Time taken:  0.7337837219238281
Test Loss: 0.0000, Test Accuracy: 0.9867, Energy: -1693064.875
Time taken:  0.7215514183044434
Test Loss: 0.0000, Test Accuracy: 0.9867, Energy: -1693060.625
Time taken:  0.7232944965362549
Test Loss: 0.0000, Test Accuracy: 0.9867, Energy: -1693055.5
Time taken:  0.7255055904388428
Test Loss: 0.0000, Test Accuracy: 0.9867, Energy: -1693041.625
Time taken:  0.725656270980835
Test Loss: 0.0000, Test Accuracy: 0.9867, Energy: -1693036.625
Time taken:  0.7264137268066406
Test Loss: 0.0000, Test Accuracy: 0.9867, Energy: -1693031.375
Time taken:  0.7307052612304688
Test Loss: 0.0000, Test Accuracy: 0.9867, Energy: -1693022.25
Time taken:  0.7250516414642334
Test Loss: 0.0000, Test Accuracy: 0.9867, Energy: -1692969.375
Time taken:  0.7254018783569336
Test Loss: 0.0000, Test Accuracy: 0.9867, Energy: -1692964.0
Time taken:  0.7178740501403809
Test Loss: 0.0000, Test Accuracy: 0.9867, Energy: -1692958.75
Time taken:  0.7241101264953613
Test Loss: 0.0000, Test Accuracy: 0.9867, Energy: -1692988.5
Time taken:  0.7211310863494873
Test Loss: 0.0000, Test Accuracy: 0.9867, Energy: -1692984.25
Time taken:  0.7212202548980713
Test Loss: 0.0000, Test Accuracy: 0.9867, Energy: -1692979.0
Time taken:  0.7233939170837402
Test Loss: 0.0000, Test Accuracy: 0.9867, Energy: -1692973.25
Time taken:  0.7224092483520508
Test Loss: 0.0000, Test Accuracy: 0.9867, Energy: -1692967.875
Time taken:  0.7236278057098389
Test Loss: 0.0000, Test Accuracy: 0.9867, Energy: -1692962.5
Time taken:  0.72495436668396
Test Loss: 0.0000, Test Accuracy: 0.9867, Energy: -1692928.5
Time taken:  0.7265985012054443
Test Loss: 0.0000, Test Accuracy: 0.9867, Energy: -1692923.5
Time taken:  0.725294828414917
Test Loss: 0.0000, Test Accuracy: 0.9867, Energy: -1692917.625
Time taken:  0.7228333950042725
Test Loss: 0.0000, Test Accuracy: 0.9867, Energy: -1692925.75
Time taken:  0.7263448238372803
Test Loss: 0.0000, Test Accuracy: 0.9867, Energy: -1692927.25
Time taken:  0.7261228561401367
Test Loss: 0.0000, Test Accuracy: 0.9867, Energy: -1692921.75
Time taken:  0.7248029708862305
Test Loss: 0.0000, Test Accuracy: 0.9867, Energy: -1692916.0
Time taken:  0.7204627990722656
Test Loss: 0.0000, Test Accuracy: 0.9867, Energy: -1692910.25
Time taken:  0.7235586643218994
Test Loss: 0.0000, Test Accuracy: 0.9867, Energy: -1692891.25
Time taken:  0.7226872444152832
Test Loss: 0.0000, Test Accuracy: 0.9867, Energy: -1692885.75
Time taken:  0.7278134822845459
Test Loss: 0.0000, Test Accuracy: 0.9867, Energy: -1692869.75
Time taken:  0.7215583324432373
Test Loss: 0.0000, Test Accuracy: 0.9867, Energy: -1692861.0
Time taken:  0.7203447818756104
Test Loss: 0.0000, Test Accuracy: 0.9867, Energy: -1692847.625
Time taken:  0.7075200080871582
Final accuracies: [1.0, 0.9966666666666667, 0.9966666666666667, 0.9966666666666667, 0.9966666666666667, 1.0, 0.9966666666666667, 1.0, 1.0, 1.0, 0.9966666666666667, 0.9966666666666667, 0.99, 0.9833333333333333, 0.9833333333333333, 0.9833333333333333, 0.9833333333333333, 0.9833333333333333, 0.9833333333333333, 0.9833333333333333, 0.9833333333333333, 0.9833333333333333, 0.9833333333333333, 0.9833333333333333, 0.9833333333333333, 0.9833333333333333, 0.9833333333333333, 0.9833333333333333, 0.9833333333333333, 0.9833333333333333, 0.9833333333333333, 0.9833333333333333, 0.9866666666666667, 0.9866666666666667, 0.9866666666666667, 0.9866666666666667, 0.9866666666666667, 0.9866666666666667, 0.9866666666666667, 0.9866666666666667, 0.9866666666666667, 0.9866666666666667, 0.9866666666666667, 0.9866666666666667, 0.9866666666666667, 0.9866666666666667, 0.9866666666666667, 0.9866666666666667, 0.9866666666666667, 0.9866666666666667, 0.9866666666666667, 0.9866666666666667, 0.9866666666666667, 0.9866666666666667, 0.9866666666666667, 0.9866666666666667, 0.9866666666666667, 0.9866666666666667, 0.9866666666666667, 0.9866666666666667, 0.9866666666666667, 0.9866666666666667, 0.9833333333333333, 0.9833333333333333, 0.9833333333333333, 0.9866666666666667, 0.9866666666666667, 0.9866666666666667, 0.9866666666666667, 0.9866666666666667, 0.9866666666666667, 0.9866666666666667, 0.9866666666666667, 0.9866666666666667, 0.9866666666666667, 0.9866666666666667, 0.9866666666666667, 0.9866666666666667, 0.9866666666666667, 0.9866666666666667, 0.9866666666666667, 0.9866666666666667, 0.9866666666666667, 0.9866666666666667, 0.9866666666666667, 0.9866666666666667, 0.9866666666666667, 0.9866666666666667, 0.9866666666666667, 0.9866666666666667, 0.9866666666666667, 0.9866666666666667, 0.9866666666666667, 0.9866666666666667, 0.9866666666666667, 0.9866666666666667, 0.9866666666666667, 0.9866666666666667, 0.9866666666666667, 0.9866666666666667]
Final energies: [-8957.3916015625, -204543.390625, -540112.4375, -826128.75, -1051960.0, -1233484.25, -1375702.125, -1491756.0, -1590310.75, -1672524.0, -1687722.25, -1706633.125, -1718610.375, -1729031.5, -1726588.25, -1720833.875, -1719622.0, -1717127.125, -1716471.5, -1714190.75, -1710341.5, -1707695.125, -1705774.75, -1704535.0, -1701761.0, -1700730.25, -1699702.875, -1699311.75, -1698042.0, -1697046.125, -1696244.875, -1695622.0, -1696076.625, -1696188.5, -1695310.375, -1694220.125, -1695022.0, -1695012.875, -1694329.5, -1694374.0, -1694203.875, -1694092.25, -1693810.0, -1693764.75, -1693663.625, -1693408.0, -1693548.125, -1693666.5, -1693435.375, -1693492.0, -1693477.0, -1693337.875, -1693305.75, -1693193.125, -1693197.875, -1693216.875, -1693352.375, -1693350.75, -1693321.875, -1693319.75, -1693323.5, -1693321.25, -1693148.75, -1693110.125, -1693107.0, -1693070.25, -1693066.875, -1693062.75, -1693058.75, -1693054.125, -1693069.5, -1693064.875, -1693060.625, -1693055.5, -1693041.625, -1693036.625, -1693031.375, -1693022.25, -1692969.375, -1692964.0, -1692958.75, -1692988.5, -1692984.25, -1692979.0, -1692973.25, -1692967.875, -1692962.5, -1692928.5, -1692923.5, -1692917.625, -1692925.75, -1692927.25, -1692921.75, -1692916.0, -1692910.25, -1692891.25, -1692885.75, -1692869.75, -1692861.0, -1692847.625]
