Running with parameters: hidden=50, use_coupled=true, seed=33, lam=0.1, eta=0.5, batch=1
Test Loss: 0.0000, Test Accuracy: 1.0000, Energy: -1160610.25
Time taken:  12.13200068473816
Test Loss: 0.0000, Test Accuracy: 1.0000, Energy: -1740432.125
Time taken:  12.139223337173462
Test Loss: 0.0000, Test Accuracy: 1.0000, Energy: -1820109.75
Time taken:  12.1285080909729
Test Loss: 0.0000, Test Accuracy: 1.0000, Energy: -1839717.125
Time taken:  12.20616626739502
Test Loss: 0.0000, Test Accuracy: 1.0000, Energy: -1855517.75
Time taken:  12.156742334365845
Test Loss: 0.0000, Test Accuracy: 1.0000, Energy: -1884289.5
Time taken:  12.2490873336792
Test Loss: 0.0000, Test Accuracy: 1.0000, Energy: -1903297.75
Time taken:  12.281964778900146
Test Loss: 0.0000, Test Accuracy: 1.0000, Energy: -1920668.25
Time taken:  12.342317342758179
Test Loss: 0.0000, Test Accuracy: 1.0000, Energy: -1935943.875
Time taken:  12.262418985366821
Test Loss: 0.0000, Test Accuracy: 1.0000, Energy: -1954574.125
Time taken:  12.211878776550293
Test Loss: 0.0000, Test Accuracy: 1.0000, Energy: -1969843.625
Time taken:  12.488816022872925
Test Loss: 0.0000, Test Accuracy: 1.0000, Energy: -1983522.0
Time taken:  12.641138315200806
Test Loss: 0.0000, Test Accuracy: 1.0000, Energy: -1995760.5
Time taken:  12.46024465560913
Test Loss: 0.0000, Test Accuracy: 1.0000, Energy: -2012784.375
Time taken:  12.433958768844604
Test Loss: 0.0000, Test Accuracy: 1.0000, Energy: -2024328.875
Time taken:  12.459426641464233
Test Loss: 0.0000, Test Accuracy: 1.0000, Energy: -2048318.5
Time taken:  12.582740306854248
Test Loss: 0.0000, Test Accuracy: 1.0000, Energy: -2059964.125
Time taken:  12.500216722488403
Test Loss: 0.0000, Test Accuracy: 1.0000, Energy: -2081175.5
Time taken:  12.484059572219849
Test Loss: 0.0000, Test Accuracy: 1.0000, Energy: -2086229.625
Time taken:  12.49942684173584
Test Loss: 0.0000, Test Accuracy: 1.0000, Energy: -2094102.25
Time taken:  12.346789360046387
Test Loss: 0.0000, Test Accuracy: 1.0000, Energy: -2103300.0
Time taken:  12.129381895065308
Test Loss: 0.0000, Test Accuracy: 1.0000, Energy: -2112045.5
Time taken:  12.164992809295654
Test Loss: 0.0000, Test Accuracy: 1.0000, Energy: -2120355.75
Time taken:  12.240293979644775
Test Loss: 0.0000, Test Accuracy: 1.0000, Energy: -2127164.75
Time taken:  12.178152799606323
Test Loss: 0.0000, Test Accuracy: 1.0000, Energy: -2133004.25
Time taken:  12.186190843582153
Test Loss: 0.0000, Test Accuracy: 1.0000, Energy: -2141540.75
Time taken:  12.1720449924469
Test Loss: 0.0000, Test Accuracy: 1.0000, Energy: -2149762.5
Time taken:  12.281409978866577
Test Loss: 0.0000, Test Accuracy: 1.0000, Energy: -2159228.5
Time taken:  12.177505493164062
Test Loss: 0.0000, Test Accuracy: 1.0000, Energy: -2167646.75
Time taken:  12.186426877975464
Test Loss: 0.0000, Test Accuracy: 1.0000, Energy: -2175897.5
Time taken:  12.14742112159729
Test Loss: 0.0000, Test Accuracy: 1.0000, Energy: -2183652.25
Time taken:  12.237953186035156
Test Loss: 0.0000, Test Accuracy: 1.0000, Energy: -2191273.25
Time taken:  12.152183055877686
Test Loss: 0.0000, Test Accuracy: 1.0000, Energy: -2196987.25
Time taken:  12.116568326950073
Test Loss: 0.0000, Test Accuracy: 1.0000, Energy: -2207356.0
Time taken:  12.150309085845947
Test Loss: 0.0000, Test Accuracy: 1.0000, Energy: -2215315.5
Time taken:  12.211565971374512
Test Loss: 0.0000, Test Accuracy: 1.0000, Energy: -2223206.75
Time taken:  12.166672706604004
Test Loss: 0.0000, Test Accuracy: 1.0000, Energy: -2230436.75
Time taken:  12.166825771331787
Test Loss: 0.0000, Test Accuracy: 1.0000, Energy: -2234520.75
Time taken:  12.166575193405151
Test Loss: 0.0000, Test Accuracy: 1.0000, Energy: -2243078.5
Time taken:  12.225720167160034
Test Loss: 0.0000, Test Accuracy: 1.0000, Energy: -2251886.5
Time taken:  12.134361267089844
Test Loss: 0.0000, Test Accuracy: 1.0000, Energy: -2257213.75
Time taken:  12.152910709381104
Test Loss: 0.0000, Test Accuracy: 1.0000, Energy: -2265921.75
Time taken:  12.120908498764038
Test Loss: 0.0000, Test Accuracy: 1.0000, Energy: -2271569.75
Time taken:  12.21806025505066
Test Loss: 0.0000, Test Accuracy: 1.0000, Energy: -2279527.5
Time taken:  12.161491632461548
Test Loss: 0.0000, Test Accuracy: 1.0000, Energy: -2286574.75
Time taken:  12.191105842590332
Test Loss: 0.0000, Test Accuracy: 1.0000, Energy: -2293963.75
Time taken:  12.18784475326538
Test Loss: 0.0000, Test Accuracy: 1.0000, Energy: -2304406.75
Time taken:  12.256193161010742
Test Loss: 0.0000, Test Accuracy: 1.0000, Energy: -2311793.25
Time taken:  12.163346767425537
Test Loss: 0.0000, Test Accuracy: 1.0000, Energy: -2328709.5
Time taken:  12.172070026397705
Test Loss: 0.0000, Test Accuracy: 1.0000, Energy: -2424034.0
Time taken:  12.173624277114868
Test Loss: 0.0000, Test Accuracy: 1.0000, Energy: -2452336.25
Time taken:  12.264781951904297
Test Loss: 0.0000, Test Accuracy: 1.0000, Energy: -2457142.75
Time taken:  12.183066368103027
Test Loss: 0.0000, Test Accuracy: 1.0000, Energy: -2461654.25
Time taken:  12.164019107818604
Test Loss: 0.0000, Test Accuracy: 1.0000, Energy: -2465940.25
Time taken:  12.161081552505493
Test Loss: 0.0000, Test Accuracy: 1.0000, Energy: -2470596.25
Time taken:  12.266230583190918
Test Loss: 0.0000, Test Accuracy: 1.0000, Energy: -2476173.0
Time taken:  12.213318347930908
Test Loss: 0.0000, Test Accuracy: 1.0000, Energy: -2481256.25
Time taken:  12.170745372772217
Test Loss: 0.0000, Test Accuracy: 1.0000, Energy: -2485735.75
Time taken:  12.172034740447998
Test Loss: 0.0000, Test Accuracy: 1.0000, Energy: -2489916.5
Time taken:  12.256816864013672
Test Loss: 0.0000, Test Accuracy: 1.0000, Energy: -2494468.5
Time taken:  12.173213720321655
Test Loss: 0.0000, Test Accuracy: 1.0000, Energy: -2499892.5
Time taken:  12.170912027359009
Test Loss: 0.0000, Test Accuracy: 1.0000, Energy: -2504753.25
Time taken:  12.149604797363281
Test Loss: 0.0000, Test Accuracy: 1.0000, Energy: -2508851.0
Time taken:  12.281212568283081
Test Loss: 0.0000, Test Accuracy: 1.0000, Energy: -2515410.25
Time taken:  12.154635429382324
Test Loss: 0.0000, Test Accuracy: 1.0000, Energy: -2520651.75
Time taken:  12.148991823196411
Test Loss: 0.0000, Test Accuracy: 1.0000, Energy: -2525926.5
Time taken:  12.262174367904663
Test Loss: 0.0000, Test Accuracy: 1.0000, Energy: -2531022.25
Time taken:  12.179391860961914
Test Loss: 0.0000, Test Accuracy: 1.0000, Energy: -2536461.25
Time taken:  12.171739101409912
Test Loss: 0.0000, Test Accuracy: 1.0000, Energy: -2541610.75
Time taken:  12.174266576766968
Test Loss: 0.0000, Test Accuracy: 1.0000, Energy: -2549852.25
Time taken:  12.268675565719604
Test Loss: 0.0000, Test Accuracy: 1.0000, Energy: -2554501.25
Time taken:  12.202197074890137
Test Loss: 0.0000, Test Accuracy: 1.0000, Energy: -2560211.25
Time taken:  12.189136981964111
Test Loss: 0.0000, Test Accuracy: 1.0000, Energy: -2565179.25
Time taken:  12.174602270126343
Test Loss: 0.0000, Test Accuracy: 1.0000, Energy: -2570895.0
Time taken:  12.269431829452515
Test Loss: 0.0000, Test Accuracy: 1.0000, Energy: -2575941.75
Time taken:  12.203222751617432
Test Loss: 0.0000, Test Accuracy: 1.0000, Energy: -2581407.75
Time taken:  12.170322179794312
Test Loss: 0.0000, Test Accuracy: 1.0000, Energy: -2587714.5
Time taken:  12.168473482131958
Test Loss: 0.0000, Test Accuracy: 1.0000, Energy: -2592664.75
Time taken:  12.284127473831177
Test Loss: 0.0000, Test Accuracy: 1.0000, Energy: -2598654.25
Time taken:  12.18798041343689
Test Loss: 0.0000, Test Accuracy: 1.0000, Energy: -2602448.75
Time taken:  12.169160604476929
Test Loss: 0.0000, Test Accuracy: 1.0000, Energy: -2608292.0
Time taken:  12.21437382698059
Test Loss: 0.0000, Test Accuracy: 1.0000, Energy: -2612638.5
Time taken:  12.258338212966919
Test Loss: 0.0000, Test Accuracy: 1.0000, Energy: -2616612.5
Time taken:  12.196741104125977
Test Loss: 0.0000, Test Accuracy: 1.0000, Energy: -2621235.75
Time taken:  12.173821449279785
Test Loss: 0.0000, Test Accuracy: 1.0000, Energy: -2625353.75
Time taken:  12.151249885559082
Test Loss: 0.0000, Test Accuracy: 1.0000, Energy: -2629583.0
Time taken:  12.255324840545654
Test Loss: 0.0000, Test Accuracy: 1.0000, Energy: -2633768.75
Time taken:  12.128408432006836
Test Loss: 0.0000, Test Accuracy: 1.0000, Energy: -2638948.75
Time taken:  12.127938270568848
Test Loss: 0.0000, Test Accuracy: 1.0000, Energy: -2643431.0
Time taken:  12.147801637649536
Test Loss: 0.0000, Test Accuracy: 1.0000, Energy: -2646937.75
Time taken:  12.199407815933228
Test Loss: 0.0000, Test Accuracy: 1.0000, Energy: -2651383.75
Time taken:  12.114932775497437
Test Loss: 0.0000, Test Accuracy: 1.0000, Energy: -2657416.0
Time taken:  12.123697757720947
Test Loss: 0.0000, Test Accuracy: 1.0000, Energy: -2661589.25
Time taken:  12.11964750289917
Test Loss: 0.0000, Test Accuracy: 1.0000, Energy: -2665875.25
Time taken:  12.204394340515137
Test Loss: 0.0000, Test Accuracy: 1.0000, Energy: -2670346.75
Time taken:  12.09974455833435
Test Loss: 0.0000, Test Accuracy: 1.0000, Energy: -2674073.25
Time taken:  12.128196954727173
Test Loss: 0.0000, Test Accuracy: 1.0000, Energy: -2679854.5
Time taken:  12.108747959136963
Test Loss: 0.0000, Test Accuracy: 1.0000, Energy: -2683945.5
Time taken:  12.199273347854614
Test Loss: 0.0000, Test Accuracy: 1.0000, Energy: -2690173.5
Time taken:  12.092870473861694
Test Loss: 0.0000, Test Accuracy: 1.0000, Energy: -2694920.75
Time taken:  12.108627557754517
Final accuracies: [1.0, 1.0, 1.0, 1.0, 1.0, 1.0, 1.0, 1.0, 1.0, 1.0, 1.0, 1.0, 1.0, 1.0, 1.0, 1.0, 1.0, 1.0, 1.0, 1.0, 1.0, 1.0, 1.0, 1.0, 1.0, 1.0, 1.0, 1.0, 1.0, 1.0, 1.0, 1.0, 1.0, 1.0, 1.0, 1.0, 1.0, 1.0, 1.0, 1.0, 1.0, 1.0, 1.0, 1.0, 1.0, 1.0, 1.0, 1.0, 1.0, 1.0, 1.0, 1.0, 1.0, 1.0, 1.0, 1.0, 1.0, 1.0, 1.0, 1.0, 1.0, 1.0, 1.0, 1.0, 1.0, 1.0, 1.0, 1.0, 1.0, 1.0, 1.0, 1.0, 1.0, 1.0, 1.0, 1.0, 1.0, 1.0, 1.0, 1.0, 1.0, 1.0, 1.0, 1.0, 1.0, 1.0, 1.0, 1.0, 1.0, 1.0, 1.0, 1.0, 1.0, 1.0, 1.0, 1.0, 1.0, 1.0, 1.0, 1.0]
Final energies: [-1160610.25, -1740432.125, -1820109.75, -1839717.125, -1855517.75, -1884289.5, -1903297.75, -1920668.25, -1935943.875, -1954574.125, -1969843.625, -1983522.0, -1995760.5, -2012784.375, -2024328.875, -2048318.5, -2059964.125, -2081175.5, -2086229.625, -2094102.25, -2103300.0, -2112045.5, -2120355.75, -2127164.75, -2133004.25, -2141540.75, -2149762.5, -2159228.5, -2167646.75, -2175897.5, -2183652.25, -2191273.25, -2196987.25, -2207356.0, -2215315.5, -2223206.75, -2230436.75, -2234520.75, -2243078.5, -2251886.5, -2257213.75, -2265921.75, -2271569.75, -2279527.5, -2286574.75, -2293963.75, -2304406.75, -2311793.25, -2328709.5, -2424034.0, -2452336.25, -2457142.75, -2461654.25, -2465940.25, -2470596.25, -2476173.0, -2481256.25, -2485735.75, -2489916.5, -2494468.5, -2499892.5, -2504753.25, -2508851.0, -2515410.25, -2520651.75, -2525926.5, -2531022.25, -2536461.25, -2541610.75, -2549852.25, -2554501.25, -2560211.25, -2565179.25, -2570895.0, -2575941.75, -2581407.75, -2587714.5, -2592664.75, -2598654.25, -2602448.75, -2608292.0, -2612638.5, -2616612.5, -2621235.75, -2625353.75, -2629583.0, -2633768.75, -2638948.75, -2643431.0, -2646937.75, -2651383.75, -2657416.0, -2661589.25, -2665875.25, -2670346.75, -2674073.25, -2679854.5, -2683945.5, -2690173.5, -2694920.75]
