Running with parameters: hidden=50, use_coupled=true, seed=83, lam=0.1, eta=0.5, batch=1
Test Loss: 0.0000, Test Accuracy: 0.9967, Energy: -729878.8125
Time taken:  12.615190267562866
Test Loss: 0.0000, Test Accuracy: 1.0000, Energy: -853760.8125
Time taken:  12.571137428283691
Test Loss: 0.0000, Test Accuracy: 1.0000, Energy: -861626.9375
Time taken:  12.554105043411255
Test Loss: 0.0000, Test Accuracy: 1.0000, Energy: -871469.625
Time taken:  12.690937757492065
Test Loss: 0.0000, Test Accuracy: 1.0000, Energy: -874285.5625
Time taken:  12.590588569641113
Test Loss: 0.0000, Test Accuracy: 1.0000, Energy: -875215.9375
Time taken:  12.579099655151367
Test Loss: 0.0000, Test Accuracy: 1.0000, Energy: -875996.0
Time taken:  12.576370000839233
Test Loss: 0.0000, Test Accuracy: 1.0000, Energy: -876742.5
Time taken:  12.679260492324829
Test Loss: 0.0000, Test Accuracy: 1.0000, Energy: -878315.8125
Time taken:  12.576956272125244
Test Loss: 0.0000, Test Accuracy: 1.0000, Energy: -879945.0625
Time taken:  12.583550691604614
Test Loss: 0.0000, Test Accuracy: 1.0000, Energy: -881654.4375
Time taken:  12.609958171844482
Test Loss: 0.0000, Test Accuracy: 1.0000, Energy: -883103.625
Time taken:  12.671866178512573
Test Loss: 0.0000, Test Accuracy: 1.0000, Energy: -883926.0
Time taken:  12.535084247589111
Test Loss: 0.0000, Test Accuracy: 1.0000, Energy: -886499.6875
Time taken:  12.558765411376953
Test Loss: 0.0000, Test Accuracy: 1.0000, Energy: -890746.4375
Time taken:  12.5603187084198
Test Loss: 0.0000, Test Accuracy: 1.0000, Energy: -892232.0625
Time taken:  12.649968147277832
Test Loss: 0.0000, Test Accuracy: 1.0000, Energy: -893523.75
Time taken:  12.493130922317505
Test Loss: 0.0000, Test Accuracy: 1.0000, Energy: -894851.6875
Time taken:  12.533490419387817
Test Loss: 0.0000, Test Accuracy: 1.0000, Energy: -897323.5
Time taken:  12.516658544540405
Test Loss: 0.0000, Test Accuracy: 1.0000, Energy: -898675.125
Time taken:  12.626090049743652
Test Loss: 0.0000, Test Accuracy: 1.0000, Energy: -899571.0
Time taken:  12.48686170578003
Test Loss: 0.0000, Test Accuracy: 1.0000, Energy: -901355.4375
Time taken:  12.478775262832642
Test Loss: 0.0000, Test Accuracy: 1.0000, Energy: -903283.8125
Time taken:  12.602677822113037
Test Loss: 0.0000, Test Accuracy: 1.0000, Energy: -904746.0
Time taken:  12.504364728927612
Test Loss: 0.0000, Test Accuracy: 1.0000, Energy: -906655.3125
Time taken:  12.509753465652466
Test Loss: 0.0000, Test Accuracy: 1.0000, Energy: -908216.8125
Time taken:  12.48393201828003
Test Loss: 0.0000, Test Accuracy: 1.0000, Energy: -909892.8125
Time taken:  12.635802030563354
Test Loss: 0.0000, Test Accuracy: 1.0000, Energy: -911920.25
Time taken:  12.483694791793823
Test Loss: 0.0000, Test Accuracy: 1.0000, Energy: -914434.0
Time taken:  12.5051748752594
Test Loss: 0.0000, Test Accuracy: 1.0000, Energy: -916300.4375
Time taken:  12.495361804962158
Test Loss: 0.0000, Test Accuracy: 1.0000, Energy: -918607.75
Time taken:  12.584375619888306
Test Loss: 0.0000, Test Accuracy: 1.0000, Energy: -920796.0
Time taken:  12.509695768356323
Test Loss: 0.0000, Test Accuracy: 1.0000, Energy: -924021.75
Time taken:  12.49910593032837
Test Loss: 0.0000, Test Accuracy: 1.0000, Energy: -928579.3125
Time taken:  12.549185276031494
Test Loss: 0.0000, Test Accuracy: 1.0000, Energy: -931387.5
Time taken:  12.643072605133057
Test Loss: 0.0000, Test Accuracy: 1.0000, Energy: -933175.0625
Time taken:  12.516031503677368
Test Loss: 0.0000, Test Accuracy: 1.0000, Energy: -935825.6875
Time taken:  12.50274133682251
Test Loss: 0.0000, Test Accuracy: 1.0000, Energy: -938308.9375
Time taken:  12.515026807785034
Test Loss: 0.0000, Test Accuracy: 1.0000, Energy: -941514.8125
Time taken:  12.59782886505127
Test Loss: 0.0000, Test Accuracy: 1.0000, Energy: -943885.0625
Time taken:  12.505656719207764
Test Loss: 0.0000, Test Accuracy: 1.0000, Energy: -947596.5
Time taken:  12.504918098449707
Test Loss: 0.0000, Test Accuracy: 1.0000, Energy: -950258.875
Time taken:  12.512199401855469
Test Loss: 0.0000, Test Accuracy: 1.0000, Energy: -953402.125
Time taken:  12.633279085159302
Test Loss: 0.0000, Test Accuracy: 1.0000, Energy: -955879.125
Time taken:  12.5344398021698
Test Loss: 0.0000, Test Accuracy: 1.0000, Energy: -960183.5625
Time taken:  12.521733283996582
Test Loss: 0.0000, Test Accuracy: 1.0000, Energy: -964174.625
Time taken:  12.539047002792358
Test Loss: 0.0000, Test Accuracy: 1.0000, Energy: -969104.125
Time taken:  12.619189500808716
Test Loss: 0.0000, Test Accuracy: 1.0000, Energy: -977686.6875
Time taken:  12.539056777954102
Test Loss: 0.0000, Test Accuracy: 1.0000, Energy: -981490.6875
Time taken:  12.493952751159668
Test Loss: 0.0000, Test Accuracy: 1.0000, Energy: -985003.0625
Time taken:  12.527801752090454
Test Loss: 0.0000, Test Accuracy: 1.0000, Energy: -988685.1875
Time taken:  12.637657403945923
Test Loss: 0.0000, Test Accuracy: 1.0000, Energy: -993301.8125
Time taken:  12.520421743392944
Test Loss: 0.0000, Test Accuracy: 1.0000, Energy: -996786.8125
Time taken:  12.518322229385376
Test Loss: 0.0000, Test Accuracy: 1.0000, Energy: -1000253.5625
Time taken:  12.512752056121826
Test Loss: 0.0000, Test Accuracy: 1.0000, Energy: -1003381.5625
Time taken:  12.648264169692993
Test Loss: 0.0000, Test Accuracy: 1.0000, Energy: -1006520.875
Time taken:  12.528752326965332
Test Loss: 0.0000, Test Accuracy: 1.0000, Energy: -1010364.4375
Time taken:  12.556294918060303
Test Loss: 0.0000, Test Accuracy: 1.0000, Energy: -1014095.3125
Time taken:  12.551541090011597
Test Loss: 0.0000, Test Accuracy: 1.0000, Energy: -1018254.6875
Time taken:  12.633099794387817
Test Loss: 0.0000, Test Accuracy: 1.0000, Energy: -1021311.1875
Time taken:  12.502440214157104
Test Loss: 0.0000, Test Accuracy: 1.0000, Energy: -1024611.5625
Time taken:  12.520304441452026
Test Loss: 0.0000, Test Accuracy: 1.0000, Energy: -1027618.0625
Time taken:  12.534090995788574
Test Loss: 0.0000, Test Accuracy: 1.0000, Energy: -1029779.3125
Time taken:  12.616888284683228
Test Loss: 0.0000, Test Accuracy: 1.0000, Energy: -1033290.25
Time taken:  12.513249635696411
Test Loss: 0.0000, Test Accuracy: 1.0000, Energy: -1035369.25
Time taken:  12.519525289535522
Test Loss: 0.0000, Test Accuracy: 1.0000, Energy: -1038542.5
Time taken:  12.639784097671509
Test Loss: 0.0000, Test Accuracy: 1.0000, Energy: -1040371.4375
Time taken:  12.5267014503479
Test Loss: 0.0000, Test Accuracy: 1.0000, Energy: -1042740.5
Time taken:  12.543567180633545
Test Loss: 0.0000, Test Accuracy: 1.0000, Energy: -1044356.1875
Time taken:  12.516711711883545
Test Loss: 0.0000, Test Accuracy: 1.0000, Energy: -1045913.375
Time taken:  12.635165214538574
Test Loss: 0.0000, Test Accuracy: 1.0000, Energy: -1047814.375
Time taken:  12.531155109405518
Test Loss: 0.0000, Test Accuracy: 1.0000, Energy: -1049514.5
Time taken:  12.538452625274658
Test Loss: 0.0000, Test Accuracy: 1.0000, Energy: -1050784.875
Time taken:  12.536608219146729
Test Loss: 0.0000, Test Accuracy: 1.0000, Energy: -1052296.0
Time taken:  12.635810375213623
Test Loss: 0.0000, Test Accuracy: 1.0000, Energy: -1054272.25
Time taken:  12.549915790557861
Test Loss: 0.0000, Test Accuracy: 1.0000, Energy: -1053105.125
Time taken:  12.54095983505249
Test Loss: 0.0000, Test Accuracy: 1.0000, Energy: -1054521.75
Time taken:  12.526354312896729
Test Loss: 0.0000, Test Accuracy: 1.0000, Energy: -1052853.375
Time taken:  12.623962879180908
Test Loss: 0.0000, Test Accuracy: 1.0000, Energy: -1054673.75
Time taken:  12.537411451339722
Test Loss: 0.0000, Test Accuracy: 1.0000, Energy: -1056876.375
Time taken:  12.519294023513794
Test Loss: 0.0000, Test Accuracy: 1.0000, Energy: -1058399.625
Time taken:  12.51671028137207
Test Loss: 0.0000, Test Accuracy: 1.0000, Energy: -1059659.5
Time taken:  12.642759084701538
Test Loss: 0.0000, Test Accuracy: 1.0000, Energy: -1060406.0
Time taken:  12.503016710281372
Test Loss: 0.0000, Test Accuracy: 1.0000, Energy: -1062385.875
Time taken:  12.504605054855347
Test Loss: 0.0000, Test Accuracy: 1.0000, Energy: -1063656.625
Time taken:  12.513006210327148
Test Loss: 0.0000, Test Accuracy: 1.0000, Energy: -1064995.5
Time taken:  12.641748428344727
Test Loss: 0.0000, Test Accuracy: 1.0000, Energy: -1066276.375
Time taken:  12.48801851272583
Test Loss: 0.0000, Test Accuracy: 1.0000, Energy: -1068226.75
Time taken:  12.526481628417969
Test Loss: 0.0000, Test Accuracy: 1.0000, Energy: -1069689.125
Time taken:  12.530744552612305
Test Loss: 0.0000, Test Accuracy: 1.0000, Energy: -1070821.5
Time taken:  12.61046552658081
Test Loss: 0.0000, Test Accuracy: 1.0000, Energy: -1072138.5
Time taken:  12.535879373550415
Test Loss: 0.0000, Test Accuracy: 1.0000, Energy: -1074312.75
Time taken:  12.5138680934906
Test Loss: 0.0000, Test Accuracy: 1.0000, Energy: -1075483.125
Time taken:  12.509113550186157
Test Loss: 0.0000, Test Accuracy: 1.0000, Energy: -1076910.25
Time taken:  12.638166666030884
Test Loss: 0.0000, Test Accuracy: 1.0000, Energy: -1078509.625
Time taken:  12.485959768295288
Test Loss: 0.0000, Test Accuracy: 1.0000, Energy: -1080666.75
Time taken:  12.5224609375
Test Loss: 0.0000, Test Accuracy: 1.0000, Energy: -1082007.875
Time taken:  12.525749444961548
Test Loss: 0.0000, Test Accuracy: 1.0000, Energy: -1083831.375
Time taken:  12.650336503982544
Test Loss: 0.0000, Test Accuracy: 1.0000, Energy: -1085940.25
Time taken:  12.543080806732178
Test Loss: 0.0000, Test Accuracy: 1.0000, Energy: -1087303.25
Time taken:  12.53389024734497
Final accuracies: [0.9966666666666667, 1.0, 1.0, 1.0, 1.0, 1.0, 1.0, 1.0, 1.0, 1.0, 1.0, 1.0, 1.0, 1.0, 1.0, 1.0, 1.0, 1.0, 1.0, 1.0, 1.0, 1.0, 1.0, 1.0, 1.0, 1.0, 1.0, 1.0, 1.0, 1.0, 1.0, 1.0, 1.0, 1.0, 1.0, 1.0, 1.0, 1.0, 1.0, 1.0, 1.0, 1.0, 1.0, 1.0, 1.0, 1.0, 1.0, 1.0, 1.0, 1.0, 1.0, 1.0, 1.0, 1.0, 1.0, 1.0, 1.0, 1.0, 1.0, 1.0, 1.0, 1.0, 1.0, 1.0, 1.0, 1.0, 1.0, 1.0, 1.0, 1.0, 1.0, 1.0, 1.0, 1.0, 1.0, 1.0, 1.0, 1.0, 1.0, 1.0, 1.0, 1.0, 1.0, 1.0, 1.0, 1.0, 1.0, 1.0, 1.0, 1.0, 1.0, 1.0, 1.0, 1.0, 1.0, 1.0, 1.0, 1.0, 1.0, 1.0]
Final energies: [-729878.8125, -853760.8125, -861626.9375, -871469.625, -874285.5625, -875215.9375, -875996.0, -876742.5, -878315.8125, -879945.0625, -881654.4375, -883103.625, -883926.0, -886499.6875, -890746.4375, -892232.0625, -893523.75, -894851.6875, -897323.5, -898675.125, -899571.0, -901355.4375, -903283.8125, -904746.0, -906655.3125, -908216.8125, -909892.8125, -911920.25, -914434.0, -916300.4375, -918607.75, -920796.0, -924021.75, -928579.3125, -931387.5, -933175.0625, -935825.6875, -938308.9375, -941514.8125, -943885.0625, -947596.5, -950258.875, -953402.125, -955879.125, -960183.5625, -964174.625, -969104.125, -977686.6875, -981490.6875, -985003.0625, -988685.1875, -993301.8125, -996786.8125, -1000253.5625, -1003381.5625, -1006520.875, -1010364.4375, -1014095.3125, -1018254.6875, -1021311.1875, -1024611.5625, -1027618.0625, -1029779.3125, -1033290.25, -1035369.25, -1038542.5, -1040371.4375, -1042740.5, -1044356.1875, -1045913.375, -1047814.375, -1049514.5, -1050784.875, -1052296.0, -1054272.25, -1053105.125, -1054521.75, -1052853.375, -1054673.75, -1056876.375, -1058399.625, -1059659.5, -1060406.0, -1062385.875, -1063656.625, -1064995.5, -1066276.375, -1068226.75, -1069689.125, -1070821.5, -1072138.5, -1074312.75, -1075483.125, -1076910.25, -1078509.625, -1080666.75, -1082007.875, -1083831.375, -1085940.25, -1087303.25]
