Running with parameters: hidden=50, use_coupled=true, seed=0, lam=0.1, eta=0.5, batch=1
Test Loss: 0.0000, Test Accuracy: 0.9967, Energy: -1119131.75
Time taken:  12.433347463607788
Test Loss: 0.0000, Test Accuracy: 0.9967, Energy: -1262739.875
Time taken:  12.295043230056763
Test Loss: 0.0000, Test Accuracy: 0.9967, Energy: -1490295.875
Time taken:  12.39602518081665
Test Loss: 0.0000, Test Accuracy: 0.9967, Energy: -1494926.375
Time taken:  12.450500249862671
Test Loss: 0.0000, Test Accuracy: 0.9967, Energy: -1499829.25
Time taken:  12.237133741378784
Test Loss: 0.0000, Test Accuracy: 0.9967, Energy: -1505281.125
Time taken:  12.439512729644775
Test Loss: 0.0000, Test Accuracy: 0.9967, Energy: -1510543.5
Time taken:  12.342803001403809
Test Loss: 0.0000, Test Accuracy: 0.9967, Energy: -1515586.25
Time taken:  12.537356853485107
Test Loss: 0.0000, Test Accuracy: 0.9967, Energy: -1521547.125
Time taken:  12.305145025253296
Test Loss: 0.0000, Test Accuracy: 0.9967, Energy: -1526902.875
Time taken:  12.443145513534546
Test Loss: 0.0000, Test Accuracy: 0.9967, Energy: -1532124.25
Time taken:  12.54856276512146
Test Loss: 0.0000, Test Accuracy: 0.9967, Energy: -1537489.875
Time taken:  12.508050441741943
Test Loss: 0.0000, Test Accuracy: 0.9967, Energy: -1542793.375
Time taken:  12.495945930480957
Test Loss: 0.0000, Test Accuracy: 0.9967, Energy: -1548398.75
Time taken:  12.420124769210815
Test Loss: 0.0000, Test Accuracy: 0.9967, Energy: -1553981.0
Time taken:  12.552584648132324
Test Loss: 0.0000, Test Accuracy: 0.9967, Energy: -1559351.75
Time taken:  12.529834032058716
Test Loss: 0.0000, Test Accuracy: 0.9967, Energy: -1565677.375
Time taken:  12.564905881881714
Test Loss: 0.0000, Test Accuracy: 0.9967, Energy: -1571657.375
Time taken:  12.542470932006836
Test Loss: 0.0000, Test Accuracy: 0.9967, Energy: -1575536.75
Time taken:  12.438860416412354
Test Loss: 0.0000, Test Accuracy: 0.9967, Energy: -1580447.0
Time taken:  12.49314832687378
Test Loss: 0.0000, Test Accuracy: 0.9967, Energy: -1584998.875
Time taken:  12.249653577804565
Test Loss: 0.0000, Test Accuracy: 0.9967, Energy: -1588539.375
Time taken:  12.410430908203125
Test Loss: 0.0000, Test Accuracy: 0.9967, Energy: -1595198.0
Time taken:  12.37812089920044
Test Loss: 0.0000, Test Accuracy: 1.0000, Energy: -1600467.625
Time taken:  12.356374740600586
Test Loss: 0.0000, Test Accuracy: 1.0000, Energy: -1607782.375
Time taken:  12.33043122291565
Test Loss: 0.0000, Test Accuracy: 1.0000, Energy: -1612819.125
Time taken:  12.268470525741577
Test Loss: 0.0000, Test Accuracy: 1.0000, Energy: -1620485.875
Time taken:  12.441898584365845
Test Loss: 0.0000, Test Accuracy: 1.0000, Energy: -1626286.5
Time taken:  12.179980754852295
Test Loss: 0.0000, Test Accuracy: 1.0000, Energy: -1631323.75
Time taken:  12.15926194190979
Test Loss: 0.0000, Test Accuracy: 1.0000, Energy: -1636614.5
Time taken:  12.149046421051025
Test Loss: 0.0000, Test Accuracy: 1.0000, Energy: -1642287.75
Time taken:  12.241085529327393
Test Loss: 0.0000, Test Accuracy: 1.0000, Energy: -1645865.375
Time taken:  12.140551328659058
Test Loss: 0.0000, Test Accuracy: 1.0000, Energy: -1649962.125
Time taken:  12.139475107192993
Test Loss: 0.0000, Test Accuracy: 1.0000, Energy: -1654220.25
Time taken:  12.153812408447266
Test Loss: 0.0000, Test Accuracy: 1.0000, Energy: -1657810.375
Time taken:  12.246156930923462
Test Loss: 0.0000, Test Accuracy: 1.0000, Energy: -1661458.375
Time taken:  12.12950325012207
Test Loss: 0.0000, Test Accuracy: 1.0000, Energy: -1665228.25
Time taken:  12.123253583908081
Test Loss: 0.0000, Test Accuracy: 1.0000, Energy: -1668515.875
Time taken:  12.117726564407349
Test Loss: 0.0000, Test Accuracy: 1.0000, Energy: -1672472.5
Time taken:  12.224894285202026
Test Loss: 0.0000, Test Accuracy: 1.0000, Energy: -1676251.75
Time taken:  12.145682573318481
Test Loss: 0.0000, Test Accuracy: 1.0000, Energy: -1680431.25
Time taken:  12.165126323699951
Test Loss: 0.0000, Test Accuracy: 1.0000, Energy: -1686179.125
Time taken:  12.14721941947937
Test Loss: 0.0000, Test Accuracy: 1.0000, Energy: -1702068.375
Time taken:  12.23208999633789
Test Loss: 0.0000, Test Accuracy: 1.0000, Energy: -1772182.125
Time taken:  12.119840145111084
Test Loss: 0.0000, Test Accuracy: 1.0000, Energy: -1819155.0
Time taken:  12.131253004074097
Test Loss: 0.0000, Test Accuracy: 1.0000, Energy: -1828515.5
Time taken:  12.12064003944397
Test Loss: 0.0000, Test Accuracy: 1.0000, Energy: -1854469.375
Time taken:  12.217456102371216
Test Loss: 0.0000, Test Accuracy: 1.0000, Energy: -1861684.875
Time taken:  12.126172542572021
Test Loss: 0.0000, Test Accuracy: 1.0000, Energy: -1863798.5
Time taken:  12.168460607528687
Test Loss: 0.0000, Test Accuracy: 1.0000, Energy: -1866682.375
Time taken:  12.158872604370117
Test Loss: 0.0000, Test Accuracy: 1.0000, Energy: -1868837.75
Time taken:  12.227231502532959
Test Loss: 0.0000, Test Accuracy: 1.0000, Energy: -1871638.0
Time taken:  12.151590824127197
Test Loss: 0.0000, Test Accuracy: 1.0000, Energy: -1873593.0
Time taken:  12.147059679031372
Test Loss: 0.0000, Test Accuracy: 1.0000, Energy: -1876701.75
Time taken:  12.122561931610107
Test Loss: 0.0000, Test Accuracy: 1.0000, Energy: -1878976.5
Time taken:  12.23152494430542
Test Loss: 0.0000, Test Accuracy: 1.0000, Energy: -1881379.625
Time taken:  12.133814334869385
Test Loss: 0.0000, Test Accuracy: 1.0000, Energy: -1883591.25
Time taken:  12.148975133895874
Test Loss: 0.0000, Test Accuracy: 1.0000, Energy: -1886702.625
Time taken:  12.16128659248352
Test Loss: 0.0000, Test Accuracy: 1.0000, Energy: -1889249.125
Time taken:  12.251092433929443
Test Loss: 0.0000, Test Accuracy: 1.0000, Energy: -1891656.625
Time taken:  12.151957035064697
Test Loss: 0.0000, Test Accuracy: 1.0000, Energy: -1894240.125
Time taken:  12.147782802581787
Test Loss: 0.0000, Test Accuracy: 1.0000, Energy: -1896541.375
Time taken:  12.181108474731445
Test Loss: 0.0000, Test Accuracy: 1.0000, Energy: -1899538.25
Time taken:  12.217133283615112
Test Loss: 0.0000, Test Accuracy: 1.0000, Energy: -1902226.5
Time taken:  12.124977350234985
Test Loss: 0.0000, Test Accuracy: 1.0000, Energy: -1904569.25
Time taken:  12.132332563400269
Test Loss: 0.0000, Test Accuracy: 1.0000, Energy: -1907887.0
Time taken:  12.233047008514404
Test Loss: 0.0000, Test Accuracy: 1.0000, Energy: -1910763.0
Time taken:  12.173148155212402
Test Loss: 0.0000, Test Accuracy: 1.0000, Energy: -1915598.25
Time taken:  12.154186725616455
Test Loss: 0.0000, Test Accuracy: 1.0000, Energy: -1918071.125
Time taken:  12.153739929199219
Test Loss: 0.0000, Test Accuracy: 1.0000, Energy: -1920451.625
Time taken:  12.226187229156494
Test Loss: 0.0000, Test Accuracy: 1.0000, Energy: -1922138.5
Time taken:  12.118001222610474
Test Loss: 0.0000, Test Accuracy: 1.0000, Energy: -1923982.5
Time taken:  12.132310152053833
Test Loss: 0.0000, Test Accuracy: 1.0000, Energy: -1925865.875
Time taken:  12.166104078292847
Test Loss: 0.0000, Test Accuracy: 1.0000, Energy: -1928575.0
Time taken:  12.25234341621399
Test Loss: 0.0000, Test Accuracy: 1.0000, Energy: -1931716.875
Time taken:  12.156940460205078
Test Loss: 0.0000, Test Accuracy: 1.0000, Energy: -1934309.75
Time taken:  12.157979726791382
Test Loss: 0.0000, Test Accuracy: 1.0000, Energy: -1935990.5
Time taken:  12.144948244094849
Test Loss: 0.0000, Test Accuracy: 1.0000, Energy: -1937951.75
Time taken:  12.232004165649414
Test Loss: 0.0000, Test Accuracy: 1.0000, Energy: -1940154.625
Time taken:  12.14420199394226
Test Loss: 0.0000, Test Accuracy: 1.0000, Energy: -1943348.875
Time taken:  12.13780164718628
Test Loss: 0.0000, Test Accuracy: 1.0000, Energy: -1944876.125
Time taken:  12.147833347320557
Test Loss: 0.0000, Test Accuracy: 1.0000, Energy: -1946274.25
Time taken:  12.241615056991577
Test Loss: 0.0000, Test Accuracy: 1.0000, Energy: -1947787.25
Time taken:  12.132887840270996
Test Loss: 0.0000, Test Accuracy: 1.0000, Energy: -1949194.25
Time taken:  12.12668251991272
Test Loss: 0.0000, Test Accuracy: 1.0000, Energy: -1950874.875
Time taken:  12.13451886177063
Test Loss: 0.0000, Test Accuracy: 1.0000, Energy: -1952569.875
Time taken:  12.224186182022095
Test Loss: 0.0000, Test Accuracy: 1.0000, Energy: -1954030.875
Time taken:  12.166450023651123
Test Loss: 0.0000, Test Accuracy: 1.0000, Energy: -1954952.125
Time taken:  12.162693738937378
Test Loss: 0.0000, Test Accuracy: 1.0000, Energy: -1957430.625
Time taken:  12.135619640350342
Test Loss: 0.0000, Test Accuracy: 1.0000, Energy: -1959033.125
Time taken:  12.24008560180664
Test Loss: 0.0000, Test Accuracy: 1.0000, Energy: -1960870.0
Time taken:  12.126633405685425
Test Loss: 0.0000, Test Accuracy: 1.0000, Energy: -1961704.0
Time taken:  12.137543201446533
Test Loss: 0.0000, Test Accuracy: 1.0000, Energy: -1962409.375
Time taken:  12.146777629852295
Test Loss: 0.0000, Test Accuracy: 1.0000, Energy: -1963315.625
Time taken:  12.24401044845581
Test Loss: 0.0000, Test Accuracy: 1.0000, Energy: -1964254.0
Time taken:  12.16498851776123
Test Loss: 0.0000, Test Accuracy: 1.0000, Energy: -1965180.5
Time taken:  12.145702362060547
Test Loss: 0.0000, Test Accuracy: 1.0000, Energy: -1966363.0
Time taken:  12.147906303405762
Test Loss: 0.0000, Test Accuracy: 1.0000, Energy: -1967388.875
Time taken:  12.254809379577637
Test Loss: 0.0000, Test Accuracy: 1.0000, Energy: -1968396.75
Time taken:  12.16773796081543
Test Loss: 0.0000, Test Accuracy: 1.0000, Energy: -1969338.5
Time taken:  12.141035556793213
Final accuracies: [0.9966666666666667, 0.9966666666666667, 0.9966666666666667, 0.9966666666666667, 0.9966666666666667, 0.9966666666666667, 0.9966666666666667, 0.9966666666666667, 0.9966666666666667, 0.9966666666666667, 0.9966666666666667, 0.9966666666666667, 0.9966666666666667, 0.9966666666666667, 0.9966666666666667, 0.9966666666666667, 0.9966666666666667, 0.9966666666666667, 0.9966666666666667, 0.9966666666666667, 0.9966666666666667, 0.9966666666666667, 0.9966666666666667, 1.0, 1.0, 1.0, 1.0, 1.0, 1.0, 1.0, 1.0, 1.0, 1.0, 1.0, 1.0, 1.0, 1.0, 1.0, 1.0, 1.0, 1.0, 1.0, 1.0, 1.0, 1.0, 1.0, 1.0, 1.0, 1.0, 1.0, 1.0, 1.0, 1.0, 1.0, 1.0, 1.0, 1.0, 1.0, 1.0, 1.0, 1.0, 1.0, 1.0, 1.0, 1.0, 1.0, 1.0, 1.0, 1.0, 1.0, 1.0, 1.0, 1.0, 1.0, 1.0, 1.0, 1.0, 1.0, 1.0, 1.0, 1.0, 1.0, 1.0, 1.0, 1.0, 1.0, 1.0, 1.0, 1.0, 1.0, 1.0, 1.0, 1.0, 1.0, 1.0, 1.0, 1.0, 1.0, 1.0, 1.0]
Final energies: [-1119131.75, -1262739.875, -1490295.875, -1494926.375, -1499829.25, -1505281.125, -1510543.5, -1515586.25, -1521547.125, -1526902.875, -1532124.25, -1537489.875, -1542793.375, -1548398.75, -1553981.0, -1559351.75, -1565677.375, -1571657.375, -1575536.75, -1580447.0, -1584998.875, -1588539.375, -1595198.0, -1600467.625, -1607782.375, -1612819.125, -1620485.875, -1626286.5, -1631323.75, -1636614.5, -1642287.75, -1645865.375, -1649962.125, -1654220.25, -1657810.375, -1661458.375, -1665228.25, -1668515.875, -1672472.5, -1676251.75, -1680431.25, -1686179.125, -1702068.375, -1772182.125, -1819155.0, -1828515.5, -1854469.375, -1861684.875, -1863798.5, -1866682.375, -1868837.75, -1871638.0, -1873593.0, -1876701.75, -1878976.5, -1881379.625, -1883591.25, -1886702.625, -1889249.125, -1891656.625, -1894240.125, -1896541.375, -1899538.25, -1902226.5, -1904569.25, -1907887.0, -1910763.0, -1915598.25, -1918071.125, -1920451.625, -1922138.5, -1923982.5, -1925865.875, -1928575.0, -1931716.875, -1934309.75, -1935990.5, -1937951.75, -1940154.625, -1943348.875, -1944876.125, -1946274.25, -1947787.25, -1949194.25, -1950874.875, -1952569.875, -1954030.875, -1954952.125, -1957430.625, -1959033.125, -1960870.0, -1961704.0, -1962409.375, -1963315.625, -1964254.0, -1965180.5, -1966363.0, -1967388.875, -1968396.75, -1969338.5]
