Running with parameters: hidden=50, use_coupled=true, seed=36, lam=0.1, eta=0.5, batch=1
Test Loss: 0.0000, Test Accuracy: 1.0000, Energy: -816105.0625
Time taken:  13.022022247314453
Test Loss: 0.0000, Test Accuracy: 1.0000, Energy: -831961.5
Time taken:  13.045677185058594
Test Loss: 0.0000, Test Accuracy: 1.0000, Energy: -845799.0625
Time taken:  13.145136594772339
Test Loss: 0.0000, Test Accuracy: 1.0000, Energy: -853904.8125
Time taken:  13.277313470840454
Test Loss: 0.0000, Test Accuracy: 0.9967, Energy: -862251.625
Time taken:  13.245615482330322
Test Loss: 0.0000, Test Accuracy: 0.9967, Energy: -869624.3125
Time taken:  13.312589406967163
Test Loss: 0.0000, Test Accuracy: 0.9967, Energy: -877382.1875
Time taken:  13.336990118026733
Test Loss: 0.0000, Test Accuracy: 0.9967, Energy: -930754.875
Time taken:  13.627259731292725
Test Loss: 0.0000, Test Accuracy: 0.9967, Energy: -962018.125
Time taken:  13.333060264587402
Test Loss: 0.0000, Test Accuracy: 0.9967, Energy: -971685.0
Time taken:  13.437999248504639
Test Loss: 0.0000, Test Accuracy: 0.9967, Energy: -980404.875
Time taken:  13.32802128791809
Test Loss: 0.0000, Test Accuracy: 0.9967, Energy: -987152.6875
Time taken:  13.387566089630127
Test Loss: 0.0000, Test Accuracy: 0.9967, Energy: -995018.9375
Time taken:  13.321131706237793
Test Loss: 0.0000, Test Accuracy: 0.9967, Energy: -1000856.1875
Time taken:  13.348344564437866
Test Loss: 0.0000, Test Accuracy: 0.9967, Energy: -1006474.875
Time taken:  13.320671081542969
Test Loss: 0.0000, Test Accuracy: 0.9967, Energy: -1012108.1875
Time taken:  13.293925285339355
Test Loss: 0.0000, Test Accuracy: 0.9967, Energy: -1015004.4375
Time taken:  13.225953578948975
Test Loss: 0.0000, Test Accuracy: 0.9967, Energy: -1020844.875
Time taken:  13.195993185043335
Test Loss: 0.0000, Test Accuracy: 0.9967, Energy: -1024678.0
Time taken:  13.190518140792847
Test Loss: 0.0000, Test Accuracy: 0.9967, Energy: -1028782.0
Time taken:  13.370906352996826
Test Loss: 0.0000, Test Accuracy: 0.9967, Energy: -1032747.0625
Time taken:  13.145751714706421
Test Loss: 0.0000, Test Accuracy: 0.9967, Energy: -1036679.4375
Time taken:  13.144444227218628
Test Loss: 0.0000, Test Accuracy: 0.9967, Energy: -1040817.25
Time taken:  13.245126485824585
Test Loss: 0.0000, Test Accuracy: 0.9967, Energy: -1043711.0
Time taken:  13.150161743164062
Test Loss: 0.0000, Test Accuracy: 0.9967, Energy: -1046410.375
Time taken:  13.163054704666138
Test Loss: 0.0000, Test Accuracy: 0.9967, Energy: -1049115.625
Time taken:  13.123722076416016
Test Loss: 0.0000, Test Accuracy: 0.9967, Energy: -1051736.25
Time taken:  13.222375392913818
Test Loss: 0.0000, Test Accuracy: 0.9967, Energy: -1054535.5
Time taken:  13.024317264556885
Test Loss: 0.0000, Test Accuracy: 0.9967, Energy: -1057917.5
Time taken:  13.074535369873047
Test Loss: 0.0000, Test Accuracy: 0.9967, Energy: -1060467.125
Time taken:  13.037626266479492
Test Loss: 0.0000, Test Accuracy: 0.9967, Energy: -1063307.125
Time taken:  13.051074504852295
Test Loss: 0.0000, Test Accuracy: 0.9967, Energy: -1065847.625
Time taken:  12.9315025806427
Test Loss: 0.0000, Test Accuracy: 0.9967, Energy: -1068345.25
Time taken:  12.983489751815796
Test Loss: 0.0000, Test Accuracy: 0.9967, Energy: -1070835.25
Time taken:  12.925161123275757
Test Loss: 0.0000, Test Accuracy: 0.9967, Energy: -1073558.25
Time taken:  13.007761716842651
Test Loss: 0.0000, Test Accuracy: 0.9967, Energy: -1076392.875
Time taken:  12.951046228408813
Test Loss: 0.0000, Test Accuracy: 0.9967, Energy: -1078875.625
Time taken:  12.929050922393799
Test Loss: 0.0000, Test Accuracy: 0.9967, Energy: -1081671.0
Time taken:  12.92357611656189
Test Loss: 0.0000, Test Accuracy: 0.9967, Energy: -1083777.875
Time taken:  13.146736145019531
Test Loss: 0.0000, Test Accuracy: 0.9967, Energy: -1086205.875
Time taken:  12.959153890609741
Test Loss: 0.0000, Test Accuracy: 0.9967, Energy: -1088365.625
Time taken:  13.071414470672607
Test Loss: 0.0000, Test Accuracy: 0.9967, Energy: -1090609.875
Time taken:  13.033222675323486
Test Loss: 0.0000, Test Accuracy: 0.9967, Energy: -1092668.75
Time taken:  13.110329151153564
Test Loss: 0.0000, Test Accuracy: 0.9967, Energy: -1094873.75
Time taken:  13.036386966705322
Test Loss: 0.0000, Test Accuracy: 0.9967, Energy: -1096905.0
Time taken:  13.185510873794556
Test Loss: 0.0000, Test Accuracy: 0.9967, Energy: -1099130.0
Time taken:  13.171504497528076
Test Loss: 0.0000, Test Accuracy: 0.9967, Energy: -1100766.0
Time taken:  13.343800067901611
Test Loss: 0.0000, Test Accuracy: 0.9967, Energy: -1103344.625
Time taken:  13.25346326828003
Test Loss: 0.0000, Test Accuracy: 0.9967, Energy: -1105400.375
Time taken:  13.340492248535156
Test Loss: 0.0000, Test Accuracy: 0.9967, Energy: -1107260.0
Time taken:  13.288623094558716
Test Loss: 0.0000, Test Accuracy: 0.9967, Energy: -1109506.0
Time taken:  13.508457660675049
Test Loss: 0.0000, Test Accuracy: 0.9967, Energy: -1111542.625
Time taken:  13.37201452255249
Test Loss: 0.0000, Test Accuracy: 0.9967, Energy: -1113694.875
Time taken:  13.268059492111206
Test Loss: 0.0000, Test Accuracy: 0.9967, Energy: -1115655.75
Time taken:  13.235782623291016
Test Loss: 0.0000, Test Accuracy: 0.9967, Energy: -1117850.875
Time taken:  13.430415153503418
Test Loss: 0.0000, Test Accuracy: 0.9967, Energy: -1119533.375
Time taken:  13.37825083732605
Test Loss: 0.0000, Test Accuracy: 0.9967, Energy: -1121697.375
Time taken:  13.235912561416626
Test Loss: 0.0000, Test Accuracy: 0.9967, Energy: -1123805.125
Time taken:  13.161535501480103
Test Loss: 0.0000, Test Accuracy: 0.9967, Energy: -1125818.0
Time taken:  13.348159790039062
Test Loss: 0.0000, Test Accuracy: 0.9967, Energy: -1127787.125
Time taken:  13.176945686340332
Test Loss: 0.0000, Test Accuracy: 0.9967, Energy: -1129715.625
Time taken:  13.154212474822998
Test Loss: 0.0000, Test Accuracy: 0.9967, Energy: -1131523.25
Time taken:  13.19379472732544
Test Loss: 0.0000, Test Accuracy: 0.9967, Energy: -1133600.875
Time taken:  13.301733493804932
Test Loss: 0.0000, Test Accuracy: 0.9967, Energy: -1135578.375
Time taken:  13.147118330001831
Test Loss: 0.0000, Test Accuracy: 0.9967, Energy: -1137426.25
Time taken:  13.148606061935425
Test Loss: 0.0000, Test Accuracy: 0.9967, Energy: -1139178.5
Time taken:  13.25196886062622
Test Loss: 0.0000, Test Accuracy: 0.9967, Energy: -1141167.125
Time taken:  13.214233875274658
Test Loss: 0.0000, Test Accuracy: 0.9967, Energy: -1143277.875
Time taken:  13.114714860916138
Test Loss: 0.0000, Test Accuracy: 0.9967, Energy: -1145051.375
Time taken:  13.092888355255127
Test Loss: 0.0000, Test Accuracy: 0.9967, Energy: -1146989.875
Time taken:  13.19558048248291
Test Loss: 0.0000, Test Accuracy: 0.9967, Energy: -1148755.5
Time taken:  12.972918033599854
Test Loss: 0.0000, Test Accuracy: 0.9967, Energy: -1150630.125
Time taken:  13.032469034194946
Test Loss: 0.0000, Test Accuracy: 0.9967, Energy: -1152400.625
Time taken:  12.926952600479126
Test Loss: 0.0000, Test Accuracy: 0.9967, Energy: -1154030.5
Time taken:  13.056097030639648
Test Loss: 0.0000, Test Accuracy: 0.9967, Energy: -1155769.25
Time taken:  12.940791845321655
Test Loss: 0.0000, Test Accuracy: 0.9967, Energy: -1157702.125
Time taken:  12.893123865127563
Test Loss: 0.0000, Test Accuracy: 0.9967, Energy: -1159471.5
Time taken:  12.906086444854736
Test Loss: 0.0000, Test Accuracy: 0.9967, Energy: -1160978.375
Time taken:  13.02469277381897
Test Loss: 0.0000, Test Accuracy: 0.9967, Energy: -1163039.875
Time taken:  12.927685260772705
Test Loss: 0.0000, Test Accuracy: 0.9967, Energy: -1164951.75
Time taken:  13.004870891571045
Test Loss: 0.0000, Test Accuracy: 0.9967, Energy: -1166437.25
Time taken:  12.975189924240112
Test Loss: 0.0000, Test Accuracy: 0.9967, Energy: -1168085.625
Time taken:  13.178096771240234
Test Loss: 0.0000, Test Accuracy: 0.9967, Energy: -1169520.75
Time taken:  13.052826404571533
Test Loss: 0.0000, Test Accuracy: 0.9967, Energy: -1171230.125
Time taken:  12.985164642333984
Test Loss: 0.0000, Test Accuracy: 0.9967, Energy: -1172916.0
Time taken:  13.032261848449707
Test Loss: 0.0000, Test Accuracy: 0.9967, Energy: -1174572.875
Time taken:  13.285987138748169
Test Loss: 0.0000, Test Accuracy: 0.9967, Energy: -1176098.875
Time taken:  13.190866708755493
Test Loss: 0.0000, Test Accuracy: 0.9967, Energy: -1177446.375
Time taken:  13.194830179214478
Test Loss: 0.0000, Test Accuracy: 0.9967, Energy: -1178857.25
Time taken:  13.234267711639404
Test Loss: 0.0000, Test Accuracy: 0.9967, Energy: -1180518.625
Time taken:  13.490616083145142
Test Loss: 0.0000, Test Accuracy: 0.9967, Energy: -1182368.125
Time taken:  13.36898159980774
Test Loss: 0.0000, Test Accuracy: 0.9967, Energy: -1183838.0
Time taken:  13.322847127914429
Test Loss: 0.0000, Test Accuracy: 0.9967, Energy: -1185460.5
Time taken:  13.364117860794067
Test Loss: 0.0000, Test Accuracy: 0.9967, Energy: -1186997.375
Time taken:  13.467954635620117
Test Loss: 0.0000, Test Accuracy: 0.9967, Energy: -1188662.25
Time taken:  13.29009222984314
Test Loss: 0.0000, Test Accuracy: 0.9967, Energy: -1190332.125
Time taken:  13.361536026000977
Test Loss: 0.0000, Test Accuracy: 0.9967, Energy: -1191847.875
Time taken:  13.351930379867554
Test Loss: 0.0000, Test Accuracy: 0.9967, Energy: -1193501.75
Time taken:  13.47905707359314
Test Loss: 0.0000, Test Accuracy: 0.9967, Energy: -1195050.0
Time taken:  13.21960163116455
Test Loss: 0.0000, Test Accuracy: 0.9967, Energy: -1196612.0
Time taken:  12.949461698532104
Final accuracies: [1.0, 1.0, 1.0, 1.0, 0.9966666666666667, 0.9966666666666667, 0.9966666666666667, 0.9966666666666667, 0.9966666666666667, 0.9966666666666667, 0.9966666666666667, 0.9966666666666667, 0.9966666666666667, 0.9966666666666667, 0.9966666666666667, 0.9966666666666667, 0.9966666666666667, 0.9966666666666667, 0.9966666666666667, 0.9966666666666667, 0.9966666666666667, 0.9966666666666667, 0.9966666666666667, 0.9966666666666667, 0.9966666666666667, 0.9966666666666667, 0.9966666666666667, 0.9966666666666667, 0.9966666666666667, 0.9966666666666667, 0.9966666666666667, 0.9966666666666667, 0.9966666666666667, 0.9966666666666667, 0.9966666666666667, 0.9966666666666667, 0.9966666666666667, 0.9966666666666667, 0.9966666666666667, 0.9966666666666667, 0.9966666666666667, 0.9966666666666667, 0.9966666666666667, 0.9966666666666667, 0.9966666666666667, 0.9966666666666667, 0.9966666666666667, 0.9966666666666667, 0.9966666666666667, 0.9966666666666667, 0.9966666666666667, 0.9966666666666667, 0.9966666666666667, 0.9966666666666667, 0.9966666666666667, 0.9966666666666667, 0.9966666666666667, 0.9966666666666667, 0.9966666666666667, 0.9966666666666667, 0.9966666666666667, 0.9966666666666667, 0.9966666666666667, 0.9966666666666667, 0.9966666666666667, 0.9966666666666667, 0.9966666666666667, 0.9966666666666667, 0.9966666666666667, 0.9966666666666667, 0.9966666666666667, 0.9966666666666667, 0.9966666666666667, 0.9966666666666667, 0.9966666666666667, 0.9966666666666667, 0.9966666666666667, 0.9966666666666667, 0.9966666666666667, 0.9966666666666667, 0.9966666666666667, 0.9966666666666667, 0.9966666666666667, 0.9966666666666667, 0.9966666666666667, 0.9966666666666667, 0.9966666666666667, 0.9966666666666667, 0.9966666666666667, 0.9966666666666667, 0.9966666666666667, 0.9966666666666667, 0.9966666666666667, 0.9966666666666667, 0.9966666666666667, 0.9966666666666667, 0.9966666666666667, 0.9966666666666667, 0.9966666666666667, 0.9966666666666667]
Final energies: [-816105.0625, -831961.5, -845799.0625, -853904.8125, -862251.625, -869624.3125, -877382.1875, -930754.875, -962018.125, -971685.0, -980404.875, -987152.6875, -995018.9375, -1000856.1875, -1006474.875, -1012108.1875, -1015004.4375, -1020844.875, -1024678.0, -1028782.0, -1032747.0625, -1036679.4375, -1040817.25, -1043711.0, -1046410.375, -1049115.625, -1051736.25, -1054535.5, -1057917.5, -1060467.125, -1063307.125, -1065847.625, -1068345.25, -1070835.25, -1073558.25, -1076392.875, -1078875.625, -1081671.0, -1083777.875, -1086205.875, -1088365.625, -1090609.875, -1092668.75, -1094873.75, -1096905.0, -1099130.0, -1100766.0, -1103344.625, -1105400.375, -1107260.0, -1109506.0, -1111542.625, -1113694.875, -1115655.75, -1117850.875, -1119533.375, -1121697.375, -1123805.125, -1125818.0, -1127787.125, -1129715.625, -1131523.25, -1133600.875, -1135578.375, -1137426.25, -1139178.5, -1141167.125, -1143277.875, -1145051.375, -1146989.875, -1148755.5, -1150630.125, -1152400.625, -1154030.5, -1155769.25, -1157702.125, -1159471.5, -1160978.375, -1163039.875, -1164951.75, -1166437.25, -1168085.625, -1169520.75, -1171230.125, -1172916.0, -1174572.875, -1176098.875, -1177446.375, -1178857.25, -1180518.625, -1182368.125, -1183838.0, -1185460.5, -1186997.375, -1188662.25, -1190332.125, -1191847.875, -1193501.75, -1195050.0, -1196612.0]
