Running with parameters: hidden=100, use_coupled=false, seed=95, lam=0.0, eta=0.0, batch=1
Test Loss: 0.0000, Test Accuracy: 0.9167, Energy: -2435964.5
Time taken:  11.816738367080688
Test Loss: 0.0000, Test Accuracy: 0.9367, Energy: -2145477.5
Time taken:  11.640389204025269
Test Loss: 0.0000, Test Accuracy: 0.9500, Energy: -1726136.375
Time taken:  11.649622678756714
Test Loss: 0.0000, Test Accuracy: 0.9700, Energy: -2377914.0
Time taken:  11.695801019668579
Test Loss: 0.0000, Test Accuracy: 0.9733, Energy: -2353294.75
Time taken:  11.829774618148804
Test Loss: 0.0000, Test Accuracy: 0.9500, Energy: -2030605.25
Time taken:  11.717378854751587
Test Loss: 0.0000, Test Accuracy: 0.9600, Energy: -2365102.5
Time taken:  11.63685154914856
Test Loss: 0.0000, Test Accuracy: 0.9600, Energy: -2236365.25
Time taken:  11.60425066947937
Test Loss: 0.0000, Test Accuracy: 0.9600, Energy: -2365590.25
Time taken:  11.560062646865845
Test Loss: 0.0000, Test Accuracy: 0.9600, Energy: -2133789.25
Time taken:  11.737223625183105
Test Loss: 0.0000, Test Accuracy: 0.9633, Energy: -2222708.5
Time taken:  11.639622211456299
Test Loss: 0.0000, Test Accuracy: 0.9633, Energy: -1668408.5
Time taken:  11.669249534606934
Test Loss: 0.0000, Test Accuracy: 0.9467, Energy: -1453643.375
Time taken:  11.714577198028564
Test Loss: 0.0000, Test Accuracy: 0.9267, Energy: -5596261.5
Time taken:  11.619462013244629
Test Loss: 0.0000, Test Accuracy: 0.8600, Energy: -7558437.0
Time taken:  11.74675178527832
Test Loss: 0.0000, Test Accuracy: 0.8733, Energy: -7599199.5
Time taken:  11.587668418884277
Test Loss: 0.0000, Test Accuracy: 0.8700, Energy: -7567606.0
Time taken:  11.567360401153564
Test Loss: 0.0000, Test Accuracy: 0.9067, Energy: -7736899.0
Time taken:  11.557618856430054
Test Loss: 0.0000, Test Accuracy: 0.9067, Energy: -7939086.0
Time taken:  11.50730562210083
Test Loss: 0.0000, Test Accuracy: 0.9067, Energy: -8099304.5
Time taken:  11.667998313903809
Test Loss: 0.0000, Test Accuracy: 0.9333, Energy: -8573313.0
Time taken:  11.507660150527954
Test Loss: 0.0000, Test Accuracy: 0.9333, Energy: -8557594.0
Time taken:  11.59822678565979
Test Loss: 0.0000, Test Accuracy: 0.9200, Energy: -8413087.0
Time taken:  11.580454111099243
Test Loss: 0.0000, Test Accuracy: 0.9433, Energy: -9349010.0
Time taken:  11.56440258026123
Test Loss: 0.0000, Test Accuracy: 0.9400, Energy: -8808744.0
Time taken:  11.63627028465271
Test Loss: 0.0000, Test Accuracy: 0.5000, Energy: -8976392.0
Time taken:  11.505951404571533
Test Loss: 0.0000, Test Accuracy: 0.9267, Energy: -8665240.0
Time taken:  11.42899203300476
Test Loss: 0.0000, Test Accuracy: 0.9167, Energy: -8062641.5
Time taken:  11.428962707519531
Test Loss: 0.0000, Test Accuracy: 0.8733, Energy: -6595511.5
Time taken:  11.430397987365723
Test Loss: 0.0000, Test Accuracy: 0.9333, Energy: -7408582.5
Time taken:  11.52260947227478
Test Loss: 0.0000, Test Accuracy: 0.9333, Energy: -7392703.5
Time taken:  11.530496597290039
Test Loss: 0.0000, Test Accuracy: 0.9333, Energy: -7455181.0
Time taken:  11.498674631118774
Test Loss: 0.0000, Test Accuracy: 0.9333, Energy: -7251163.5
Time taken:  11.459435939788818
Test Loss: 0.0000, Test Accuracy: 0.6033, Energy: -7059733.5
Time taken:  11.452229738235474
Test Loss: 0.0000, Test Accuracy: 0.9300, Energy: -6945165.5
Time taken:  11.6199312210083
Test Loss: 0.0000, Test Accuracy: 0.5033, Energy: -6848231.0
Time taken:  11.457858562469482
Test Loss: 0.0000, Test Accuracy: 0.9333, Energy: -6377474.5
Time taken:  11.464770555496216
Test Loss: 0.0000, Test Accuracy: 0.9333, Energy: -7026724.0
Time taken:  11.460014820098877
Test Loss: 0.0000, Test Accuracy: 0.9267, Energy: -6620304.5
Time taken:  11.570245027542114
Test Loss: 0.0000, Test Accuracy: 0.9300, Energy: -6683463.0
Time taken:  11.730664014816284
Test Loss: 0.0000, Test Accuracy: 0.9133, Energy: -6407083.0
Time taken:  11.66447901725769
Test Loss: 0.0000, Test Accuracy: 0.9000, Energy: -6094368.5
Time taken:  11.608882904052734
Test Loss: 0.0000, Test Accuracy: 0.9167, Energy: -5776517.5
Time taken:  11.616732835769653
Test Loss: 0.0000, Test Accuracy: 0.9100, Energy: -6740130.5
Time taken:  11.618111610412598
Test Loss: 0.0000, Test Accuracy: 0.8867, Energy: -6883045.0
Time taken:  11.80754017829895
Test Loss: 0.0000, Test Accuracy: 0.9033, Energy: -7033722.0
Time taken:  11.728758811950684
Test Loss: 0.0000, Test Accuracy: 0.8667, Energy: -11680819.0
Time taken:  11.70580792427063
Test Loss: 0.0000, Test Accuracy: 0.8067, Energy: -12165764.0
Time taken:  11.652848482131958
Test Loss: 0.0000, Test Accuracy: 0.8567, Energy: -11877510.0
Time taken:  11.984939098358154
Test Loss: 0.0000, Test Accuracy: 0.8500, Energy: -11900876.0
Time taken:  11.776832103729248
Test Loss: 0.0000, Test Accuracy: 0.8200, Energy: -11030195.0
Time taken:  11.693764925003052
Test Loss: 0.0000, Test Accuracy: 0.9033, Energy: -11163654.0
Time taken:  11.638138771057129
Test Loss: 0.0000, Test Accuracy: 0.9267, Energy: -11899058.0
Time taken:  11.643807411193848
Test Loss: 0.0000, Test Accuracy: 0.8700, Energy: -11526046.0
Time taken:  11.770054817199707
Test Loss: 0.0000, Test Accuracy: 0.9300, Energy: -12023672.0
Time taken:  11.659645557403564
Test Loss: 0.0000, Test Accuracy: 0.9233, Energy: -11595975.0
Time taken:  11.566596031188965
Test Loss: 0.0000, Test Accuracy: 0.9267, Energy: -11705916.0
Time taken:  11.56865644454956
Test Loss: 0.0000, Test Accuracy: 0.9233, Energy: -11662655.0
Time taken:  11.517271757125854
Test Loss: 0.0000, Test Accuracy: 0.9233, Energy: -11934945.0
Time taken:  11.480282068252563
Test Loss: 0.0000, Test Accuracy: 0.9333, Energy: -11776571.0
Time taken:  11.619431495666504
Test Loss: 0.0000, Test Accuracy: 0.9100, Energy: -13347089.0
Time taken:  11.521039485931396
Test Loss: 0.0000, Test Accuracy: 0.9200, Energy: -13251094.0
Time taken:  11.59423828125
Test Loss: 0.0000, Test Accuracy: 0.9200, Energy: -13204944.0
Time taken:  11.613574028015137
Test Loss: 0.0000, Test Accuracy: 0.9200, Energy: -12961587.0
Time taken:  11.556670188903809
Test Loss: 0.0000, Test Accuracy: 0.9167, Energy: -12908748.0
Time taken:  11.687509298324585
Test Loss: 0.0000, Test Accuracy: 0.9167, Energy: -12516508.0
Time taken:  11.556239604949951
Test Loss: 0.0000, Test Accuracy: 0.9167, Energy: -12354762.0
Time taken:  11.549969673156738
Test Loss: 0.0000, Test Accuracy: 0.9167, Energy: -12338276.0
Time taken:  11.563626766204834
Test Loss: 0.0000, Test Accuracy: 0.9133, Energy: -13032228.0
Time taken:  11.653850317001343
Test Loss: 0.0000, Test Accuracy: 0.9200, Energy: -12047839.0
Time taken:  11.740413904190063
Test Loss: 0.0000, Test Accuracy: 0.8900, Energy: -21438840.0
Time taken:  11.80636191368103
Test Loss: 0.0000, Test Accuracy: 0.8267, Energy: -21616768.0
Time taken:  11.621869564056396
Test Loss: 0.0000, Test Accuracy: 0.8900, Energy: -21241056.0
Time taken:  11.569621086120605
Test Loss: 0.0000, Test Accuracy: 0.8633, Energy: -22328700.0
Time taken:  11.575631856918335
Test Loss: 0.0000, Test Accuracy: 0.8767, Energy: -20373098.0
Time taken:  11.689363718032837
Test Loss: 0.0000, Test Accuracy: 0.8533, Energy: -21327538.0
Time taken:  11.455731630325317
Test Loss: 0.0000, Test Accuracy: 0.8700, Energy: -20965538.0
Time taken:  11.421151399612427
Test Loss: 0.0000, Test Accuracy: 0.8700, Energy: -16199367.0
Time taken:  11.535495281219482
Test Loss: 0.0000, Test Accuracy: 0.8700, Energy: -15707297.0
Time taken:  11.49110198020935
Test Loss: 0.0000, Test Accuracy: 0.8800, Energy: -15829543.0
Time taken:  11.651928901672363
Test Loss: 0.0000, Test Accuracy: 0.8800, Energy: -15581672.0
Time taken:  11.548513650894165
Test Loss: 0.0000, Test Accuracy: 0.8733, Energy: -15905120.0
Time taken:  11.509693622589111
Test Loss: 0.0000, Test Accuracy: 0.8367, Energy: -22502606.0
Time taken:  11.588987350463867
Test Loss: 0.0000, Test Accuracy: 0.7100, Energy: -22405304.0
Time taken:  11.565596580505371
Test Loss: 0.0000, Test Accuracy: 0.8833, Energy: -16215774.0
Time taken:  11.614095449447632
Test Loss: 0.0000, Test Accuracy: 0.8933, Energy: -16550711.0
Time taken:  11.502157211303711
Test Loss: 0.0000, Test Accuracy: 0.8767, Energy: -16427217.0
Time taken:  11.53899621963501
Test Loss: 0.0000, Test Accuracy: 0.8933, Energy: -16203292.0
Time taken:  11.548283815383911
Test Loss: 0.0000, Test Accuracy: 0.8733, Energy: -16212758.0
Time taken:  11.582573413848877
Test Loss: 0.0000, Test Accuracy: 0.8633, Energy: -16040643.0
Time taken:  11.739448308944702
Test Loss: 0.0000, Test Accuracy: 0.8933, Energy: -16135092.0
Time taken:  11.691609382629395
Test Loss: 0.0000, Test Accuracy: 0.8900, Energy: -16462536.0
Time taken:  11.797101974487305
Test Loss: 0.0000, Test Accuracy: 0.8900, Energy: -16465799.0
Time taken:  11.89287805557251
Test Loss: 0.0000, Test Accuracy: 0.8733, Energy: -16551253.0
Time taken:  11.84404444694519
Test Loss: 0.0000, Test Accuracy: 0.8667, Energy: -16604242.0
Time taken:  11.883863925933838
Test Loss: 0.0000, Test Accuracy: 0.8767, Energy: -16607863.0
Time taken:  11.754758358001709
Test Loss: 0.0000, Test Accuracy: 0.8900, Energy: -16642383.0
Time taken:  11.530524730682373
Test Loss: 0.0000, Test Accuracy: 0.8933, Energy: -16660852.0
Time taken:  11.496387243270874
Test Loss: 0.0000, Test Accuracy: 0.8700, Energy: -16565728.0
Time taken:  11.551987886428833
Test Loss: 0.0000, Test Accuracy: 0.8933, Energy: -16576169.0
Time taken:  11.69405484199524
Final accuracies: [0.9166666666666666, 0.9366666666666666, 0.95, 0.97, 0.9733333333333334, 0.95, 0.96, 0.96, 0.96, 0.96, 0.9633333333333334, 0.9633333333333334, 0.9466666666666667, 0.9266666666666666, 0.86, 0.8733333333333333, 0.87, 0.9066666666666666, 0.9066666666666666, 0.9066666666666666, 0.9333333333333333, 0.9333333333333333, 0.92, 0.9433333333333334, 0.94, 0.5, 0.9266666666666666, 0.9166666666666666, 0.8733333333333333, 0.9333333333333333, 0.9333333333333333, 0.9333333333333333, 0.9333333333333333, 0.6033333333333334, 0.93, 0.5033333333333333, 0.9333333333333333, 0.9333333333333333, 0.9266666666666666, 0.93, 0.9133333333333333, 0.9, 0.9166666666666666, 0.91, 0.8866666666666667, 0.9033333333333333, 0.8666666666666667, 0.8066666666666666, 0.8566666666666667, 0.85, 0.82, 0.9033333333333333, 0.9266666666666666, 0.87, 0.93, 0.9233333333333333, 0.9266666666666666, 0.9233333333333333, 0.9233333333333333, 0.9333333333333333, 0.91, 0.92, 0.92, 0.92, 0.9166666666666666, 0.9166666666666666, 0.9166666666666666, 0.9166666666666666, 0.9133333333333333, 0.92, 0.89, 0.8266666666666667, 0.89, 0.8633333333333333, 0.8766666666666667, 0.8533333333333334, 0.87, 0.87, 0.87, 0.88, 0.88, 0.8733333333333333, 0.8366666666666667, 0.71, 0.8833333333333333, 0.8933333333333333, 0.8766666666666667, 0.8933333333333333, 0.8733333333333333, 0.8633333333333333, 0.8933333333333333, 0.89, 0.89, 0.8733333333333333, 0.8666666666666667, 0.8766666666666667, 0.89, 0.8933333333333333, 0.87, 0.8933333333333333]
Final energies: [-2435964.5, -2145477.5, -1726136.375, -2377914.0, -2353294.75, -2030605.25, -2365102.5, -2236365.25, -2365590.25, -2133789.25, -2222708.5, -1668408.5, -1453643.375, -5596261.5, -7558437.0, -7599199.5, -7567606.0, -7736899.0, -7939086.0, -8099304.5, -8573313.0, -8557594.0, -8413087.0, -9349010.0, -8808744.0, -8976392.0, -8665240.0, -8062641.5, -6595511.5, -7408582.5, -7392703.5, -7455181.0, -7251163.5, -7059733.5, -6945165.5, -6848231.0, -6377474.5, -7026724.0, -6620304.5, -6683463.0, -6407083.0, -6094368.5, -5776517.5, -6740130.5, -6883045.0, -7033722.0, -11680819.0, -12165764.0, -11877510.0, -11900876.0, -11030195.0, -11163654.0, -11899058.0, -11526046.0, -12023672.0, -11595975.0, -11705916.0, -11662655.0, -11934945.0, -11776571.0, -13347089.0, -13251094.0, -13204944.0, -12961587.0, -12908748.0, -12516508.0, -12354762.0, -12338276.0, -13032228.0, -12047839.0, -21438840.0, -21616768.0, -21241056.0, -22328700.0, -20373098.0, -21327538.0, -20965538.0, -16199367.0, -15707297.0, -15829543.0, -15581672.0, -15905120.0, -22502606.0, -22405304.0, -16215774.0, -16550711.0, -16427217.0, -16203292.0, -16212758.0, -16040643.0, -16135092.0, -16462536.0, -16465799.0, -16551253.0, -16604242.0, -16607863.0, -16642383.0, -16660852.0, -16565728.0, -16576169.0]
