Running with parameters: hidden=100, use_coupled=false, seed=54, lam=0.0, eta=0.0, batch=1
Test Loss: 0.0000, Test Accuracy: 0.9600, Energy: -1832547.125
Time taken:  11.721667766571045
Test Loss: 0.0000, Test Accuracy: 0.9567, Energy: -3176827.25
Time taken:  11.562081336975098
Test Loss: 0.0000, Test Accuracy: 0.9633, Energy: -2911234.75
Time taken:  11.571072101593018
Test Loss: 0.0000, Test Accuracy: 0.9633, Energy: -2869065.25
Time taken:  11.569291591644287
Test Loss: 0.0000, Test Accuracy: 0.9567, Energy: -2448919.25
Time taken:  11.677003860473633
Test Loss: 0.0000, Test Accuracy: 0.9533, Energy: -2035240.5
Time taken:  11.568151950836182
Test Loss: 0.0000, Test Accuracy: 0.5000, Energy: -2242029.75
Time taken:  11.556928396224976
Test Loss: 0.0000, Test Accuracy: 0.9233, Energy: -6141608.0
Time taken:  11.590148687362671
Test Loss: 0.0000, Test Accuracy: 0.9533, Energy: -6260010.0
Time taken:  11.576579570770264
Test Loss: 0.0000, Test Accuracy: 0.5033, Energy: -6119377.0
Time taken:  11.657886743545532
Test Loss: 0.0000, Test Accuracy: 0.9467, Energy: -6105462.5
Time taken:  11.559167623519897
Test Loss: 0.0000, Test Accuracy: 0.8800, Energy: -6714327.0
Time taken:  11.571621894836426
Test Loss: 0.0000, Test Accuracy: 0.9133, Energy: -6611712.0
Time taken:  11.558837890625
Test Loss: 0.0000, Test Accuracy: 0.9233, Energy: -6601704.0
Time taken:  11.564287185668945
Test Loss: 0.0000, Test Accuracy: 0.9300, Energy: -6584471.5
Time taken:  11.657103538513184
Test Loss: 0.0000, Test Accuracy: 0.9233, Energy: -6558214.5
Time taken:  11.577431440353394
Test Loss: 0.0000, Test Accuracy: 0.9267, Energy: -6514677.0
Time taken:  11.552361726760864
Test Loss: 0.0000, Test Accuracy: 0.9300, Energy: -6460718.5
Time taken:  11.557883739471436
Test Loss: 0.0000, Test Accuracy: 0.9300, Energy: -6394027.5
Time taken:  11.539471864700317
Test Loss: 0.0000, Test Accuracy: 0.9267, Energy: -6411730.0
Time taken:  11.647075414657593
Test Loss: 0.0000, Test Accuracy: 0.9333, Energy: -6377230.0
Time taken:  11.566617012023926
Test Loss: 0.0000, Test Accuracy: 0.9333, Energy: -6275722.5
Time taken:  11.55584168434143
Test Loss: 0.0000, Test Accuracy: 0.9267, Energy: -6023572.5
Time taken:  11.56365156173706
Test Loss: 0.0000, Test Accuracy: 0.9300, Energy: -5969779.0
Time taken:  11.548194408416748
Test Loss: 0.0000, Test Accuracy: 0.9267, Energy: -5812715.0
Time taken:  11.657898902893066
Test Loss: 0.0000, Test Accuracy: 0.9267, Energy: -6444893.0
Time taken:  11.561096668243408
Test Loss: 0.0000, Test Accuracy: 0.9267, Energy: -7595128.0
Time taken:  11.531908988952637
Test Loss: 0.0000, Test Accuracy: 0.9333, Energy: -7375854.0
Time taken:  11.55248737335205
Test Loss: 0.0000, Test Accuracy: 0.7833, Energy: -11034678.0
Time taken:  11.538108110427856
Test Loss: 0.0000, Test Accuracy: 0.9133, Energy: -12971858.0
Time taken:  11.658886909484863
Test Loss: 0.0000, Test Accuracy: 0.9300, Energy: -12492042.0
Time taken:  11.569249629974365
Test Loss: 0.0000, Test Accuracy: 0.9233, Energy: -12476750.0
Time taken:  11.550458431243896
Test Loss: 0.0000, Test Accuracy: 0.9233, Energy: -12200576.0
Time taken:  11.551237344741821
Test Loss: 0.0000, Test Accuracy: 0.9367, Energy: -12143735.0
Time taken:  11.532616138458252
Test Loss: 0.0000, Test Accuracy: 0.9300, Energy: -12073926.0
Time taken:  11.67447018623352
Test Loss: 0.0000, Test Accuracy: 0.9267, Energy: -10207182.0
Time taken:  11.677628993988037
Test Loss: 0.0000, Test Accuracy: 0.8800, Energy: -6544098.5
Time taken:  11.75817584991455
Test Loss: 0.0000, Test Accuracy: 0.8800, Energy: -6490155.0
Time taken:  11.659521102905273
Test Loss: 0.0000, Test Accuracy: 0.9033, Energy: -9414030.0
Time taken:  11.860445261001587
Test Loss: 0.0000, Test Accuracy: 0.8867, Energy: -8435560.0
Time taken:  12.006871700286865
Test Loss: 0.0000, Test Accuracy: 0.8667, Energy: -8398911.0
Time taken:  11.777799844741821
Test Loss: 0.0000, Test Accuracy: 0.8733, Energy: -8484143.0
Time taken:  11.943360805511475
Test Loss: 0.0000, Test Accuracy: 0.8733, Energy: -8484020.0
Time taken:  11.94681978225708
Test Loss: 0.0000, Test Accuracy: 0.8733, Energy: -8484020.0
Time taken:  11.932862043380737
Test Loss: 0.0000, Test Accuracy: 0.8733, Energy: -8484020.0
Time taken:  12.102217197418213
Test Loss: 0.0000, Test Accuracy: 0.8733, Energy: -8484020.0
Time taken:  11.988409042358398
Test Loss: 0.0000, Test Accuracy: 0.8733, Energy: -8484020.0
Time taken:  11.973690748214722
Test Loss: 0.0000, Test Accuracy: 0.8733, Energy: -8484020.0
Time taken:  12.019372940063477
Test Loss: 0.0000, Test Accuracy: 0.8733, Energy: -8484020.0
Time taken:  12.00256896018982
Test Loss: 0.0000, Test Accuracy: 0.8733, Energy: -8484020.0
Time taken:  12.113193035125732
Test Loss: 0.0000, Test Accuracy: 0.8733, Energy: -8484020.0
Time taken:  12.027050495147705
Test Loss: 0.0000, Test Accuracy: 0.8733, Energy: -8484020.0
Time taken:  12.005546808242798
Test Loss: 0.0000, Test Accuracy: 0.8733, Energy: -8484020.0
Time taken:  12.012813091278076
Test Loss: 0.0000, Test Accuracy: 0.8733, Energy: -8484020.0
Time taken:  11.997536420822144
Test Loss: 0.0000, Test Accuracy: 0.8733, Energy: -8484020.0
Time taken:  12.126226425170898
Test Loss: 0.0000, Test Accuracy: 0.8733, Energy: -8484020.0
Time taken:  12.00857663154602
Test Loss: 0.0000, Test Accuracy: 0.8733, Energy: -8484020.0
Time taken:  11.986160516738892
Test Loss: 0.0000, Test Accuracy: 0.8733, Energy: -8484020.0
Time taken:  11.998894929885864
Test Loss: 0.0000, Test Accuracy: 0.8733, Energy: -8484020.0
Time taken:  11.990167140960693
Test Loss: 0.0000, Test Accuracy: 0.8733, Energy: -8484020.0
Time taken:  12.133242130279541
Test Loss: 0.0000, Test Accuracy: 0.8733, Energy: -8484020.0
Time taken:  12.024500846862793
Test Loss: 0.0000, Test Accuracy: 0.8733, Energy: -8484020.0
Time taken:  12.029767036437988
Test Loss: 0.0000, Test Accuracy: 0.8733, Energy: -8484020.0
Time taken:  12.023385286331177
Test Loss: 0.0000, Test Accuracy: 0.8733, Energy: -8484020.0
Time taken:  12.009303092956543
Test Loss: 0.0000, Test Accuracy: 0.8733, Energy: -8484020.0
Time taken:  12.136016368865967
Test Loss: 0.0000, Test Accuracy: 0.8733, Energy: -8484020.0
Time taken:  11.97705626487732
Test Loss: 0.0000, Test Accuracy: 0.8733, Energy: -8484020.0
Time taken:  11.963475465774536
Test Loss: 0.0000, Test Accuracy: 0.8733, Energy: -8484020.0
Time taken:  11.976423740386963
Test Loss: 0.0000, Test Accuracy: 0.8733, Energy: -8484020.0
Time taken:  11.986109256744385
Test Loss: 0.0000, Test Accuracy: 0.8733, Energy: -8484020.0
Time taken:  12.095086097717285
Test Loss: 0.0000, Test Accuracy: 0.8733, Energy: -8484020.0
Time taken:  11.978883981704712
Test Loss: 0.0000, Test Accuracy: 0.8733, Energy: -8484020.0
Time taken:  11.958160400390625
Test Loss: 0.0000, Test Accuracy: 0.8733, Energy: -8484020.0
Time taken:  11.989023923873901
Test Loss: 0.0000, Test Accuracy: 0.8733, Energy: -8484020.0
Time taken:  11.98341703414917
Test Loss: 0.0000, Test Accuracy: 0.8733, Energy: -8484020.0
Time taken:  12.080764055252075
Test Loss: 0.0000, Test Accuracy: 0.8733, Energy: -8484020.0
Time taken:  11.973281621932983
Test Loss: 0.0000, Test Accuracy: 0.8733, Energy: -8484020.0
Time taken:  11.961047172546387
Test Loss: 0.0000, Test Accuracy: 0.8733, Energy: -8484020.0
Time taken:  11.962478160858154
Test Loss: 0.0000, Test Accuracy: 0.8733, Energy: -8484020.0
Time taken:  11.951140642166138
Test Loss: 0.0000, Test Accuracy: 0.8733, Energy: -8484020.0
Time taken:  12.070131540298462
Test Loss: 0.0000, Test Accuracy: 0.8733, Energy: -8484020.0
Time taken:  11.963709115982056
Test Loss: 0.0000, Test Accuracy: 0.8733, Energy: -8484020.0
Time taken:  11.957972764968872
Test Loss: 0.0000, Test Accuracy: 0.8733, Energy: -8484020.0
Time taken:  11.989111423492432
Test Loss: 0.0000, Test Accuracy: 0.8733, Energy: -8484020.0
Time taken:  11.95427393913269
Test Loss: 0.0000, Test Accuracy: 0.8733, Energy: -8484020.0
Time taken:  12.078431606292725
Test Loss: 0.0000, Test Accuracy: 0.8733, Energy: -8484020.0
Time taken:  11.97492003440857
Test Loss: 0.0000, Test Accuracy: 0.8733, Energy: -8484020.0
Time taken:  11.956194400787354
Test Loss: 0.0000, Test Accuracy: 0.8733, Energy: -8484020.0
Time taken:  11.965012311935425
Test Loss: 0.0000, Test Accuracy: 0.8733, Energy: -8484020.0
Time taken:  11.970144748687744
Test Loss: 0.0000, Test Accuracy: 0.8733, Energy: -8484020.0
Time taken:  12.097332954406738
Test Loss: 0.0000, Test Accuracy: 0.8733, Energy: -8484020.0
Time taken:  11.991529703140259
Test Loss: 0.0000, Test Accuracy: 0.8733, Energy: -8484020.0
Time taken:  11.96972370147705
Test Loss: 0.0000, Test Accuracy: 0.8733, Energy: -8484020.0
Time taken:  11.988691806793213
Test Loss: 0.0000, Test Accuracy: 0.8733, Energy: -8484020.0
Time taken:  11.944334506988525
Test Loss: 0.0000, Test Accuracy: 0.8733, Energy: -8484020.0
Time taken:  12.087929248809814
Test Loss: 0.0000, Test Accuracy: 0.8733, Energy: -8484020.0
Time taken:  11.97452998161316
Test Loss: 0.0000, Test Accuracy: 0.8733, Energy: -8484020.0
Time taken:  11.958360195159912
Test Loss: 0.0000, Test Accuracy: 0.8733, Energy: -8484020.0
Time taken:  11.951508522033691
Test Loss: 0.0000, Test Accuracy: 0.8733, Energy: -8484020.0
Time taken:  11.850292921066284
Test Loss: 0.0000, Test Accuracy: 0.8733, Energy: -8484020.0
Time taken:  11.859760284423828
Final accuracies: [0.96, 0.9566666666666667, 0.9633333333333334, 0.9633333333333334, 0.9566666666666667, 0.9533333333333334, 0.5, 0.9233333333333333, 0.9533333333333334, 0.5033333333333333, 0.9466666666666667, 0.88, 0.9133333333333333, 0.9233333333333333, 0.93, 0.9233333333333333, 0.9266666666666666, 0.93, 0.93, 0.9266666666666666, 0.9333333333333333, 0.9333333333333333, 0.9266666666666666, 0.93, 0.9266666666666666, 0.9266666666666666, 0.9266666666666666, 0.9333333333333333, 0.7833333333333333, 0.9133333333333333, 0.93, 0.9233333333333333, 0.9233333333333333, 0.9366666666666666, 0.93, 0.9266666666666666, 0.88, 0.88, 0.9033333333333333, 0.8866666666666667, 0.8666666666666667, 0.8733333333333333, 0.8733333333333333, 0.8733333333333333, 0.8733333333333333, 0.8733333333333333, 0.8733333333333333, 0.8733333333333333, 0.8733333333333333, 0.8733333333333333, 0.8733333333333333, 0.8733333333333333, 0.8733333333333333, 0.8733333333333333, 0.8733333333333333, 0.8733333333333333, 0.8733333333333333, 0.8733333333333333, 0.8733333333333333, 0.8733333333333333, 0.8733333333333333, 0.8733333333333333, 0.8733333333333333, 0.8733333333333333, 0.8733333333333333, 0.8733333333333333, 0.8733333333333333, 0.8733333333333333, 0.8733333333333333, 0.8733333333333333, 0.8733333333333333, 0.8733333333333333, 0.8733333333333333, 0.8733333333333333, 0.8733333333333333, 0.8733333333333333, 0.8733333333333333, 0.8733333333333333, 0.8733333333333333, 0.8733333333333333, 0.8733333333333333, 0.8733333333333333, 0.8733333333333333, 0.8733333333333333, 0.8733333333333333, 0.8733333333333333, 0.8733333333333333, 0.8733333333333333, 0.8733333333333333, 0.8733333333333333, 0.8733333333333333, 0.8733333333333333, 0.8733333333333333, 0.8733333333333333, 0.8733333333333333, 0.8733333333333333, 0.8733333333333333, 0.8733333333333333, 0.8733333333333333, 0.8733333333333333]
Final energies: [-1832547.125, -3176827.25, -2911234.75, -2869065.25, -2448919.25, -2035240.5, -2242029.75, -6141608.0, -6260010.0, -6119377.0, -6105462.5, -6714327.0, -6611712.0, -6601704.0, -6584471.5, -6558214.5, -6514677.0, -6460718.5, -6394027.5, -6411730.0, -6377230.0, -6275722.5, -6023572.5, -5969779.0, -5812715.0, -6444893.0, -7595128.0, -7375854.0, -11034678.0, -12971858.0, -12492042.0, -12476750.0, -12200576.0, -12143735.0, -12073926.0, -10207182.0, -6544098.5, -6490155.0, -9414030.0, -8435560.0, -8398911.0, -8484143.0, -8484020.0, -8484020.0, -8484020.0, -8484020.0, -8484020.0, -8484020.0, -8484020.0, -8484020.0, -8484020.0, -8484020.0, -8484020.0, -8484020.0, -8484020.0, -8484020.0, -8484020.0, -8484020.0, -8484020.0, -8484020.0, -8484020.0, -8484020.0, -8484020.0, -8484020.0, -8484020.0, -8484020.0, -8484020.0, -8484020.0, -8484020.0, -8484020.0, -8484020.0, -8484020.0, -8484020.0, -8484020.0, -8484020.0, -8484020.0, -8484020.0, -8484020.0, -8484020.0, -8484020.0, -8484020.0, -8484020.0, -8484020.0, -8484020.0, -8484020.0, -8484020.0, -8484020.0, -8484020.0, -8484020.0, -8484020.0, -8484020.0, -8484020.0, -8484020.0, -8484020.0, -8484020.0, -8484020.0, -8484020.0, -8484020.0, -8484020.0, -8484020.0]
