Running with parameters: hidden=100, use_coupled=false, seed=57, lam=0.0, eta=0.0, batch=1
Test Loss: 0.0000, Test Accuracy: 0.9467, Energy: -1651300.75
Time taken:  11.823912143707275
Test Loss: 0.0000, Test Accuracy: 0.9333, Energy: -1890357.875
Time taken:  11.656501293182373
Test Loss: 0.0000, Test Accuracy: 0.8733, Energy: -3989570.5
Time taken:  11.655710935592651
Test Loss: 0.0000, Test Accuracy: 0.6533, Energy: -3828643.5
Time taken:  11.650474071502686
Test Loss: 0.0000, Test Accuracy: 0.9367, Energy: -4517143.5
Time taken:  11.755099773406982
Test Loss: 0.0000, Test Accuracy: 0.9433, Energy: -5053741.0
Time taken:  11.66724705696106
Test Loss: 0.0000, Test Accuracy: 0.9433, Energy: -5055652.5
Time taken:  11.671742916107178
Test Loss: 0.0000, Test Accuracy: 0.9433, Energy: -5056684.0
Time taken:  11.64013123512268
Test Loss: 0.0000, Test Accuracy: 0.9433, Energy: -5057475.5
Time taken:  11.648618698120117
Test Loss: 0.0000, Test Accuracy: 0.9433, Energy: -5057982.0
Time taken:  11.730289697647095
Test Loss: 0.0000, Test Accuracy: 0.9433, Energy: -5058483.0
Time taken:  11.619621515274048
Test Loss: 0.0000, Test Accuracy: 0.9433, Energy: -5059017.0
Time taken:  11.626616716384888
Test Loss: 0.0000, Test Accuracy: 0.9433, Energy: -5059610.0
Time taken:  11.62852692604065
Test Loss: 0.0000, Test Accuracy: 0.9433, Energy: -5060167.5
Time taken:  11.658137798309326
Test Loss: 0.0000, Test Accuracy: 0.9433, Energy: -5060552.5
Time taken:  11.723963022232056
Test Loss: 0.0000, Test Accuracy: 0.9433, Energy: -5061081.0
Time taken:  11.625521421432495
Test Loss: 0.0000, Test Accuracy: 0.9433, Energy: -5061575.0
Time taken:  11.641415357589722
Test Loss: 0.0000, Test Accuracy: 0.9433, Energy: -5062000.5
Time taken:  11.631364345550537
Test Loss: 0.0000, Test Accuracy: 0.9433, Energy: -5062415.0
Time taken:  11.64037013053894
Test Loss: 0.0000, Test Accuracy: 0.9433, Energy: -5062946.5
Time taken:  11.74045205116272
Test Loss: 0.0000, Test Accuracy: 0.9433, Energy: -5063336.0
Time taken:  11.628690242767334
Test Loss: 0.0000, Test Accuracy: 0.9433, Energy: -5063669.0
Time taken:  11.639175415039062
Test Loss: 0.0000, Test Accuracy: 0.9433, Energy: -5064078.0
Time taken:  11.641033172607422
Test Loss: 0.0000, Test Accuracy: 0.9433, Energy: -5064327.5
Time taken:  11.629822254180908
Test Loss: 0.0000, Test Accuracy: 0.9433, Energy: -5064679.0
Time taken:  11.757704734802246
Test Loss: 0.0000, Test Accuracy: 0.9433, Energy: -5065023.5
Time taken:  11.643203973770142
Test Loss: 0.0000, Test Accuracy: 0.9433, Energy: -5065408.5
Time taken:  11.639219284057617
Test Loss: 0.0000, Test Accuracy: 0.9433, Energy: -5065839.5
Time taken:  11.657599925994873
Test Loss: 0.0000, Test Accuracy: 0.9433, Energy: -5066083.5
Time taken:  11.606672763824463
Test Loss: 0.0000, Test Accuracy: 0.9433, Energy: -5066415.0
Time taken:  11.767579317092896
Test Loss: 0.0000, Test Accuracy: 0.9433, Energy: -5066722.5
Time taken:  11.639564514160156
Test Loss: 0.0000, Test Accuracy: 0.9433, Energy: -5066991.0
Time taken:  11.627657890319824
Test Loss: 0.0000, Test Accuracy: 0.9433, Energy: -5067280.5
Time taken:  11.636799335479736
Test Loss: 0.0000, Test Accuracy: 0.9433, Energy: -5067575.5
Time taken:  11.627203464508057
Test Loss: 0.0000, Test Accuracy: 0.9433, Energy: -5067821.0
Time taken:  11.753844976425171
Test Loss: 0.0000, Test Accuracy: 0.9433, Energy: -5068108.5
Time taken:  11.662916421890259
Test Loss: 0.0000, Test Accuracy: 0.9433, Energy: -5068163.5
Time taken:  11.652798891067505
Test Loss: 0.0000, Test Accuracy: 0.9433, Energy: -5068437.5
Time taken:  11.63901948928833
Test Loss: 0.0000, Test Accuracy: 0.9433, Energy: -5068709.0
Time taken:  11.61733889579773
Test Loss: 0.0000, Test Accuracy: 0.9433, Energy: -5069013.0
Time taken:  11.777221918106079
Test Loss: 0.0000, Test Accuracy: 0.9433, Energy: -5069250.0
Time taken:  11.643045663833618
Test Loss: 0.0000, Test Accuracy: 0.9433, Energy: -5069477.5
Time taken:  11.62903380393982
Test Loss: 0.0000, Test Accuracy: 0.9433, Energy: -5069708.5
Time taken:  11.638008117675781
Test Loss: 0.0000, Test Accuracy: 0.9433, Energy: -5069960.5
Time taken:  11.622462511062622
Test Loss: 0.0000, Test Accuracy: 0.9433, Energy: -5070215.5
Time taken:  11.772674083709717
Test Loss: 0.0000, Test Accuracy: 0.9433, Energy: -5070422.5
Time taken:  11.648449897766113
Test Loss: 0.0000, Test Accuracy: 0.9433, Energy: -5070678.5
Time taken:  11.646195888519287
Test Loss: 0.0000, Test Accuracy: 0.9433, Energy: -5070932.0
Time taken:  11.676671028137207
Test Loss: 0.0000, Test Accuracy: 0.9433, Energy: -5071169.5
Time taken:  11.65499997138977
Test Loss: 0.0000, Test Accuracy: 0.9433, Energy: -5071364.5
Time taken:  11.767372846603394
Test Loss: 0.0000, Test Accuracy: 0.9433, Energy: -5071656.5
Time taken:  11.667845964431763
Test Loss: 0.0000, Test Accuracy: 0.9433, Energy: -5071865.0
Time taken:  11.681151628494263
Test Loss: 0.0000, Test Accuracy: 0.9433, Energy: -5072080.5
Time taken:  11.66338062286377
Test Loss: 0.0000, Test Accuracy: 0.9433, Energy: -5072355.0
Time taken:  11.676356792449951
Test Loss: 0.0000, Test Accuracy: 0.9433, Energy: -5072517.5
Time taken:  11.764643907546997
Test Loss: 0.0000, Test Accuracy: 0.9433, Energy: -5072729.0
Time taken:  11.647478818893433
Test Loss: 0.0000, Test Accuracy: 0.9433, Energy: -5072942.5
Time taken:  11.665745973587036
Test Loss: 0.0000, Test Accuracy: 0.9433, Energy: -5073150.0
Time taken:  11.675868511199951
Test Loss: 0.0000, Test Accuracy: 0.9433, Energy: -5073381.5
Time taken:  11.65591812133789
Test Loss: 0.0000, Test Accuracy: 0.9433, Energy: -5073600.5
Time taken:  11.797756433486938
Test Loss: 0.0000, Test Accuracy: 0.9433, Energy: -5073805.5
Time taken:  11.66768479347229
Test Loss: 0.0000, Test Accuracy: 0.9433, Energy: -5074026.0
Time taken:  11.655131340026855
Test Loss: 0.0000, Test Accuracy: 0.9433, Energy: -5074263.5
Time taken:  11.673564434051514
Test Loss: 0.0000, Test Accuracy: 0.9433, Energy: -5074344.5
Time taken:  11.673035860061646
Test Loss: 0.0000, Test Accuracy: 0.9433, Energy: -5074543.0
Time taken:  11.782403230667114
Test Loss: 0.0000, Test Accuracy: 0.9433, Energy: -5074770.0
Time taken:  11.652952432632446
Test Loss: 0.0000, Test Accuracy: 0.9433, Energy: -5074965.5
Time taken:  11.625255107879639
Test Loss: 0.0000, Test Accuracy: 0.9433, Energy: -5075158.0
Time taken:  11.613337993621826
Test Loss: 0.0000, Test Accuracy: 0.9433, Energy: -5075467.0
Time taken:  11.608095169067383
Test Loss: 0.0000, Test Accuracy: 0.9433, Energy: -5075694.5
Time taken:  11.748218297958374
Test Loss: 0.0000, Test Accuracy: 0.9433, Energy: -5076017.0
Time taken:  11.615209341049194
Test Loss: 0.0000, Test Accuracy: 0.9433, Energy: -5076217.5
Time taken:  11.638509750366211
Test Loss: 0.0000, Test Accuracy: 0.9433, Energy: -5076462.5
Time taken:  11.618883848190308
Test Loss: 0.0000, Test Accuracy: 0.9433, Energy: -5076631.0
Time taken:  11.644144058227539
Test Loss: 0.0000, Test Accuracy: 0.9433, Energy: -5076830.5
Time taken:  11.749019145965576
Test Loss: 0.0000, Test Accuracy: 0.9433, Energy: -5076970.0
Time taken:  11.633355140686035
Test Loss: 0.0000, Test Accuracy: 0.9433, Energy: -5077148.0
Time taken:  11.637086629867554
Test Loss: 0.0000, Test Accuracy: 0.9433, Energy: -5077341.5
Time taken:  11.609428644180298
Test Loss: 0.0000, Test Accuracy: 0.9433, Energy: -5077531.0
Time taken:  11.611035346984863
Test Loss: 0.0000, Test Accuracy: 0.9433, Energy: -5077798.0
Time taken:  11.745789289474487
Test Loss: 0.0000, Test Accuracy: 0.9433, Energy: -5078045.5
Time taken:  11.639516592025757
Test Loss: 0.0000, Test Accuracy: 0.9433, Energy: -5078227.5
Time taken:  11.64085578918457
Test Loss: 0.0000, Test Accuracy: 0.9433, Energy: -5078406.0
Time taken:  11.636586904525757
Test Loss: 0.0000, Test Accuracy: 0.9433, Energy: -5078641.5
Time taken:  11.606548070907593
Test Loss: 0.0000, Test Accuracy: 0.9433, Energy: -5078787.0
Time taken:  11.73102068901062
Test Loss: 0.0000, Test Accuracy: 0.9433, Energy: -5079123.0
Time taken:  11.641404628753662
Test Loss: 0.0000, Test Accuracy: 0.9433, Energy: -5079304.0
Time taken:  11.61314344406128
Test Loss: 0.0000, Test Accuracy: 0.9433, Energy: -5079477.5
Time taken:  11.610848665237427
Test Loss: 0.0000, Test Accuracy: 0.9433, Energy: -5079685.5
Time taken:  11.60985255241394
Test Loss: 0.0000, Test Accuracy: 0.9433, Energy: -5079901.5
Time taken:  11.743156909942627
Test Loss: 0.0000, Test Accuracy: 0.9433, Energy: -5080142.0
Time taken:  11.643718481063843
Test Loss: 0.0000, Test Accuracy: 0.9433, Energy: -5080338.0
Time taken:  11.64341139793396
Test Loss: 0.0000, Test Accuracy: 0.9433, Energy: -5080588.0
Time taken:  11.630370616912842
Test Loss: 0.0000, Test Accuracy: 0.9433, Energy: -5080742.0
Time taken:  11.66381549835205
Test Loss: 0.0000, Test Accuracy: 0.9433, Energy: -5080932.0
Time taken:  11.723822832107544
Test Loss: 0.0000, Test Accuracy: 0.9433, Energy: -5080772.5
Time taken:  11.646018743515015
Test Loss: 0.0000, Test Accuracy: 0.9433, Energy: -5080951.0
Time taken:  11.636197566986084
Test Loss: 0.0000, Test Accuracy: 0.9433, Energy: -5081139.5
Time taken:  11.644550561904907
Test Loss: 0.0000, Test Accuracy: 0.9433, Energy: -5081264.5
Time taken:  11.612284183502197
Test Loss: 0.0000, Test Accuracy: 0.9433, Energy: -5080658.5
Time taken:  11.711340188980103
Final accuracies: [0.9466666666666667, 0.9333333333333333, 0.8733333333333333, 0.6533333333333333, 0.9366666666666666, 0.9433333333333334, 0.9433333333333334, 0.9433333333333334, 0.9433333333333334, 0.9433333333333334, 0.9433333333333334, 0.9433333333333334, 0.9433333333333334, 0.9433333333333334, 0.9433333333333334, 0.9433333333333334, 0.9433333333333334, 0.9433333333333334, 0.9433333333333334, 0.9433333333333334, 0.9433333333333334, 0.9433333333333334, 0.9433333333333334, 0.9433333333333334, 0.9433333333333334, 0.9433333333333334, 0.9433333333333334, 0.9433333333333334, 0.9433333333333334, 0.9433333333333334, 0.9433333333333334, 0.9433333333333334, 0.9433333333333334, 0.9433333333333334, 0.9433333333333334, 0.9433333333333334, 0.9433333333333334, 0.9433333333333334, 0.9433333333333334, 0.9433333333333334, 0.9433333333333334, 0.9433333333333334, 0.9433333333333334, 0.9433333333333334, 0.9433333333333334, 0.9433333333333334, 0.9433333333333334, 0.9433333333333334, 0.9433333333333334, 0.9433333333333334, 0.9433333333333334, 0.9433333333333334, 0.9433333333333334, 0.9433333333333334, 0.9433333333333334, 0.9433333333333334, 0.9433333333333334, 0.9433333333333334, 0.9433333333333334, 0.9433333333333334, 0.9433333333333334, 0.9433333333333334, 0.9433333333333334, 0.9433333333333334, 0.9433333333333334, 0.9433333333333334, 0.9433333333333334, 0.9433333333333334, 0.9433333333333334, 0.9433333333333334, 0.9433333333333334, 0.9433333333333334, 0.9433333333333334, 0.9433333333333334, 0.9433333333333334, 0.9433333333333334, 0.9433333333333334, 0.9433333333333334, 0.9433333333333334, 0.9433333333333334, 0.9433333333333334, 0.9433333333333334, 0.9433333333333334, 0.9433333333333334, 0.9433333333333334, 0.9433333333333334, 0.9433333333333334, 0.9433333333333334, 0.9433333333333334, 0.9433333333333334, 0.9433333333333334, 0.9433333333333334, 0.9433333333333334, 0.9433333333333334, 0.9433333333333334, 0.9433333333333334, 0.9433333333333334, 0.9433333333333334, 0.9433333333333334, 0.9433333333333334]
Final energies: [-1651300.75, -1890357.875, -3989570.5, -3828643.5, -4517143.5, -5053741.0, -5055652.5, -5056684.0, -5057475.5, -5057982.0, -5058483.0, -5059017.0, -5059610.0, -5060167.5, -5060552.5, -5061081.0, -5061575.0, -5062000.5, -5062415.0, -5062946.5, -5063336.0, -5063669.0, -5064078.0, -5064327.5, -5064679.0, -5065023.5, -5065408.5, -5065839.5, -5066083.5, -5066415.0, -5066722.5, -5066991.0, -5067280.5, -5067575.5, -5067821.0, -5068108.5, -5068163.5, -5068437.5, -5068709.0, -5069013.0, -5069250.0, -5069477.5, -5069708.5, -5069960.5, -5070215.5, -5070422.5, -5070678.5, -5070932.0, -5071169.5, -5071364.5, -5071656.5, -5071865.0, -5072080.5, -5072355.0, -5072517.5, -5072729.0, -5072942.5, -5073150.0, -5073381.5, -5073600.5, -5073805.5, -5074026.0, -5074263.5, -5074344.5, -5074543.0, -5074770.0, -5074965.5, -5075158.0, -5075467.0, -5075694.5, -5076017.0, -5076217.5, -5076462.5, -5076631.0, -5076830.5, -5076970.0, -5077148.0, -5077341.5, -5077531.0, -5077798.0, -5078045.5, -5078227.5, -5078406.0, -5078641.5, -5078787.0, -5079123.0, -5079304.0, -5079477.5, -5079685.5, -5079901.5, -5080142.0, -5080338.0, -5080588.0, -5080742.0, -5080932.0, -5080772.5, -5080951.0, -5081139.5, -5081264.5, -5080658.5]
