Running with parameters: hidden=100, use_coupled=false, seed=77, lam=0.0, eta=0.0, batch=1
Test Loss: 0.0000, Test Accuracy: 0.9533, Energy: -1987272.125
Time taken:  11.675107955932617
Test Loss: 0.0000, Test Accuracy: 0.9367, Energy: -2504529.75
Time taken:  11.522988080978394
Test Loss: 0.0000, Test Accuracy: 0.9600, Energy: -2245487.5
Time taken:  11.505905628204346
Test Loss: 0.0000, Test Accuracy: 0.9567, Energy: -2034448.125
Time taken:  11.482279777526855
Test Loss: 0.0000, Test Accuracy: 0.9633, Energy: -1871481.75
Time taken:  11.615194082260132
Test Loss: 0.0000, Test Accuracy: 0.9667, Energy: -1638669.0
Time taken:  11.566994190216064
Test Loss: 0.0000, Test Accuracy: 0.9767, Energy: -1260265.625
Time taken:  11.562250137329102
Test Loss: 0.0000, Test Accuracy: 0.9733, Energy: -1218755.75
Time taken:  11.5205078125
Test Loss: 0.0000, Test Accuracy: 0.9700, Energy: -1082778.25
Time taken:  11.523519515991211
Test Loss: 0.0000, Test Accuracy: 0.9600, Energy: -1242807.0
Time taken:  11.618484497070312
Test Loss: 0.0000, Test Accuracy: 0.9267, Energy: -1568461.75
Time taken:  11.50563669204712
Test Loss: 0.0000, Test Accuracy: 0.9233, Energy: -1397906.625
Time taken:  11.496252059936523
Test Loss: 0.0000, Test Accuracy: 0.9400, Energy: -1406788.125
Time taken:  11.482568979263306
Test Loss: 0.0000, Test Accuracy: 0.9400, Energy: -1124129.0
Time taken:  11.500833988189697
Test Loss: 0.0000, Test Accuracy: 0.9200, Energy: -1014076.8125
Time taken:  11.60332179069519
Test Loss: 0.0000, Test Accuracy: 0.9233, Energy: -1343271.5
Time taken:  11.502796649932861
Test Loss: 0.0000, Test Accuracy: 0.9300, Energy: -1205171.25
Time taken:  11.49675989151001
Test Loss: 0.0000, Test Accuracy: 0.9400, Energy: -1080011.625
Time taken:  11.481549263000488
Test Loss: 0.0000, Test Accuracy: 0.9367, Energy: -1102075.5
Time taken:  11.48151159286499
Test Loss: 0.0000, Test Accuracy: 0.7133, Energy: -7999311.0
Time taken:  11.587170124053955
Test Loss: 0.0000, Test Accuracy: 0.9233, Energy: -8449068.0
Time taken:  11.512861728668213
Test Loss: 0.0000, Test Accuracy: 0.8400, Energy: -10091505.0
Time taken:  11.499994039535522
Test Loss: 0.0000, Test Accuracy: 0.5000, Energy: -9176898.0
Time taken:  11.559592723846436
Test Loss: 0.0000, Test Accuracy: 0.9000, Energy: -9793589.0
Time taken:  11.691009283065796
Test Loss: 0.0000, Test Accuracy: 0.9000, Energy: -9852871.0
Time taken:  11.627935886383057
Test Loss: 0.0000, Test Accuracy: 0.9033, Energy: -9927307.0
Time taken:  11.493801593780518
Test Loss: 0.0000, Test Accuracy: 0.9100, Energy: -9472262.0
Time taken:  11.472278833389282
Test Loss: 0.0000, Test Accuracy: 0.9100, Energy: -12064860.0
Time taken:  11.533610582351685
Test Loss: 0.0000, Test Accuracy: 0.8933, Energy: -11890761.0
Time taken:  11.525538921356201
Test Loss: 0.0000, Test Accuracy: 0.2167, Energy: -11711922.0
Time taken:  11.608180046081543
Test Loss: 0.0000, Test Accuracy: 0.9000, Energy: -11692475.0
Time taken:  11.494338989257812
Test Loss: 0.0000, Test Accuracy: 0.8933, Energy: -12159947.0
Time taken:  11.495585203170776
Test Loss: 0.0000, Test Accuracy: 0.8933, Energy: -12221483.0
Time taken:  11.500566482543945
Test Loss: 0.0000, Test Accuracy: 0.8933, Energy: -11904607.0
Time taken:  11.49928617477417
Test Loss: 0.0000, Test Accuracy: 0.9233, Energy: -11716285.0
Time taken:  11.618136882781982
Test Loss: 0.0000, Test Accuracy: 0.8867, Energy: -11369354.0
Time taken:  11.507683753967285
Test Loss: 0.0000, Test Accuracy: 0.9300, Energy: -11183659.0
Time taken:  11.531771183013916
Test Loss: 0.0000, Test Accuracy: 0.8900, Energy: -11839127.0
Time taken:  11.802952527999878
Test Loss: 0.0000, Test Accuracy: 0.7067, Energy: -11673207.0
Time taken:  11.48207974433899
Test Loss: 0.0000, Test Accuracy: 0.9133, Energy: -12407470.0
Time taken:  11.61569356918335
Test Loss: 0.0000, Test Accuracy: 0.8900, Energy: -11791609.0
Time taken:  11.502674102783203
Test Loss: 0.0000, Test Accuracy: 0.5033, Energy: -11861684.0
Time taken:  11.487462759017944
Test Loss: 0.0000, Test Accuracy: 0.9167, Energy: -12065617.0
Time taken:  11.49910283088684
Test Loss: 0.0000, Test Accuracy: 0.9267, Energy: -12110297.0
Time taken:  11.468056440353394
Test Loss: 0.0000, Test Accuracy: 0.9267, Energy: -12146741.0
Time taken:  11.600480079650879
Test Loss: 0.0000, Test Accuracy: 0.9300, Energy: -12129407.0
Time taken:  11.5031156539917
Test Loss: 0.0000, Test Accuracy: 0.9300, Energy: -12119121.0
Time taken:  11.480357646942139
Test Loss: 0.0000, Test Accuracy: 0.9300, Energy: -12119097.0
Time taken:  11.494637966156006
Test Loss: 0.0000, Test Accuracy: 0.9300, Energy: -12119222.0
Time taken:  11.463876247406006
Test Loss: 0.0000, Test Accuracy: 0.9300, Energy: -12119352.0
Time taken:  11.614784479141235
Test Loss: 0.0000, Test Accuracy: 0.9300, Energy: -12119173.0
Time taken:  11.509057760238647
Test Loss: 0.0000, Test Accuracy: 0.9300, Energy: -12119218.0
Time taken:  11.481212615966797
Test Loss: 0.0000, Test Accuracy: 0.9300, Energy: -12119140.0
Time taken:  11.516600370407104
Test Loss: 0.0000, Test Accuracy: 0.9300, Energy: -12118976.0
Time taken:  11.45686411857605
Test Loss: 0.0000, Test Accuracy: 0.9300, Energy: -12119593.0
Time taken:  11.625650644302368
Test Loss: 0.0000, Test Accuracy: 0.9300, Energy: -12119509.0
Time taken:  11.515395402908325
Test Loss: 0.0000, Test Accuracy: 0.9300, Energy: -12119533.0
Time taken:  11.496452331542969
Test Loss: 0.0000, Test Accuracy: 0.9300, Energy: -12119684.0
Time taken:  11.518171787261963
Test Loss: 0.0000, Test Accuracy: 0.9300, Energy: -12119391.0
Time taken:  11.486433982849121
Test Loss: 0.0000, Test Accuracy: 0.9300, Energy: -12119373.0
Time taken:  11.635596752166748
Test Loss: 0.0000, Test Accuracy: 0.9300, Energy: -12119482.0
Time taken:  11.51559329032898
Test Loss: 0.0000, Test Accuracy: 0.9267, Energy: -12119822.0
Time taken:  11.501052618026733
Test Loss: 0.0000, Test Accuracy: 0.9267, Energy: -12120125.0
Time taken:  11.50689435005188
Test Loss: 0.0000, Test Accuracy: 0.9267, Energy: -12121246.0
Time taken:  11.473447561264038
Test Loss: 0.0000, Test Accuracy: 0.9267, Energy: -12121078.0
Time taken:  11.614398956298828
Test Loss: 0.0000, Test Accuracy: 0.9267, Energy: -12122600.0
Time taken:  11.52204966545105
Test Loss: 0.0000, Test Accuracy: 0.9267, Energy: -12124094.0
Time taken:  11.482715368270874
Test Loss: 0.0000, Test Accuracy: 0.9233, Energy: -12129954.0
Time taken:  11.51260232925415
Test Loss: 0.0000, Test Accuracy: 0.9233, Energy: -12130499.0
Time taken:  11.482885599136353
Test Loss: 0.0000, Test Accuracy: 0.9233, Energy: -12130425.0
Time taken:  11.622868061065674
Test Loss: 0.0000, Test Accuracy: 0.9233, Energy: -12130079.0
Time taken:  11.503876686096191
Test Loss: 0.0000, Test Accuracy: 0.9233, Energy: -12130273.0
Time taken:  11.49072813987732
Test Loss: 0.0000, Test Accuracy: 0.9233, Energy: -12130196.0
Time taken:  11.497183799743652
Test Loss: 0.0000, Test Accuracy: 0.9233, Energy: -12130074.0
Time taken:  11.480417728424072
Test Loss: 0.0000, Test Accuracy: 0.9233, Energy: -12130422.0
Time taken:  11.616236925125122
Test Loss: 0.0000, Test Accuracy: 0.9233, Energy: -12130155.0
Time taken:  11.515843868255615
Test Loss: 0.0000, Test Accuracy: 0.9233, Energy: -12131434.0
Time taken:  11.497414588928223
Test Loss: 0.0000, Test Accuracy: 0.9233, Energy: -12131979.0
Time taken:  11.51587700843811
Test Loss: 0.0000, Test Accuracy: 0.9233, Energy: -12132866.0
Time taken:  11.495899438858032
Test Loss: 0.0000, Test Accuracy: 0.9200, Energy: -12133608.0
Time taken:  11.602491617202759
Test Loss: 0.0000, Test Accuracy: 0.9200, Energy: -12132541.0
Time taken:  11.5173819065094
Test Loss: 0.0000, Test Accuracy: 0.9200, Energy: -12137752.0
Time taken:  11.492342948913574
Test Loss: 0.0000, Test Accuracy: 0.9200, Energy: -12136258.0
Time taken:  11.498773336410522
Test Loss: 0.0000, Test Accuracy: 0.9167, Energy: -12137456.0
Time taken:  11.491611242294312
Test Loss: 0.0000, Test Accuracy: 0.9167, Energy: -12137679.0
Time taken:  11.640959024429321
Test Loss: 0.0000, Test Accuracy: 0.9167, Energy: -12137193.0
Time taken:  11.513912677764893
Test Loss: 0.0000, Test Accuracy: 0.9167, Energy: -12137254.0
Time taken:  11.494282960891724
Test Loss: 0.0000, Test Accuracy: 0.9167, Energy: -12137063.0
Time taken:  11.451859712600708
Test Loss: 0.0000, Test Accuracy: 0.9167, Energy: -12137203.0
Time taken:  11.444846868515015
Test Loss: 0.0000, Test Accuracy: 0.9167, Energy: -12136634.0
Time taken:  11.57181715965271
Test Loss: 0.0000, Test Accuracy: 0.9167, Energy: -12136286.0
Time taken:  11.466255187988281
Test Loss: 0.0000, Test Accuracy: 0.9167, Energy: -12136210.0
Time taken:  11.468029499053955
Test Loss: 0.0000, Test Accuracy: 0.9167, Energy: -12136068.0
Time taken:  11.456784725189209
Test Loss: 0.0000, Test Accuracy: 0.9167, Energy: -12135844.0
Time taken:  11.460733652114868
Test Loss: 0.0000, Test Accuracy: 0.9167, Energy: -12135396.0
Time taken:  11.57314395904541
Test Loss: 0.0000, Test Accuracy: 0.9167, Energy: -12135689.0
Time taken:  11.463501930236816
Test Loss: 0.0000, Test Accuracy: 0.9167, Energy: -12134983.0
Time taken:  11.472732067108154
Test Loss: 0.0000, Test Accuracy: 0.9167, Energy: -12134019.0
Time taken:  11.445466995239258
Test Loss: 0.0000, Test Accuracy: 0.9167, Energy: -12133523.0
Time taken:  11.448097944259644
Test Loss: 0.0000, Test Accuracy: 0.9167, Energy: -12133356.0
Time taken:  11.591842412948608
Final accuracies: [0.9533333333333334, 0.9366666666666666, 0.96, 0.9566666666666667, 0.9633333333333334, 0.9666666666666667, 0.9766666666666667, 0.9733333333333334, 0.97, 0.96, 0.9266666666666666, 0.9233333333333333, 0.94, 0.94, 0.92, 0.9233333333333333, 0.93, 0.94, 0.9366666666666666, 0.7133333333333334, 0.9233333333333333, 0.84, 0.5, 0.9, 0.9, 0.9033333333333333, 0.91, 0.91, 0.8933333333333333, 0.21666666666666667, 0.9, 0.8933333333333333, 0.8933333333333333, 0.8933333333333333, 0.9233333333333333, 0.8866666666666667, 0.93, 0.89, 0.7066666666666667, 0.9133333333333333, 0.89, 0.5033333333333333, 0.9166666666666666, 0.9266666666666666, 0.9266666666666666, 0.93, 0.93, 0.93, 0.93, 0.93, 0.93, 0.93, 0.93, 0.93, 0.93, 0.93, 0.93, 0.93, 0.93, 0.93, 0.93, 0.9266666666666666, 0.9266666666666666, 0.9266666666666666, 0.9266666666666666, 0.9266666666666666, 0.9266666666666666, 0.9233333333333333, 0.9233333333333333, 0.9233333333333333, 0.9233333333333333, 0.9233333333333333, 0.9233333333333333, 0.9233333333333333, 0.9233333333333333, 0.9233333333333333, 0.9233333333333333, 0.9233333333333333, 0.9233333333333333, 0.92, 0.92, 0.92, 0.92, 0.9166666666666666, 0.9166666666666666, 0.9166666666666666, 0.9166666666666666, 0.9166666666666666, 0.9166666666666666, 0.9166666666666666, 0.9166666666666666, 0.9166666666666666, 0.9166666666666666, 0.9166666666666666, 0.9166666666666666, 0.9166666666666666, 0.9166666666666666, 0.9166666666666666, 0.9166666666666666, 0.9166666666666666]
Final energies: [-1987272.125, -2504529.75, -2245487.5, -2034448.125, -1871481.75, -1638669.0, -1260265.625, -1218755.75, -1082778.25, -1242807.0, -1568461.75, -1397906.625, -1406788.125, -1124129.0, -1014076.8125, -1343271.5, -1205171.25, -1080011.625, -1102075.5, -7999311.0, -8449068.0, -10091505.0, -9176898.0, -9793589.0, -9852871.0, -9927307.0, -9472262.0, -12064860.0, -11890761.0, -11711922.0, -11692475.0, -12159947.0, -12221483.0, -11904607.0, -11716285.0, -11369354.0, -11183659.0, -11839127.0, -11673207.0, -12407470.0, -11791609.0, -11861684.0, -12065617.0, -12110297.0, -12146741.0, -12129407.0, -12119121.0, -12119097.0, -12119222.0, -12119352.0, -12119173.0, -12119218.0, -12119140.0, -12118976.0, -12119593.0, -12119509.0, -12119533.0, -12119684.0, -12119391.0, -12119373.0, -12119482.0, -12119822.0, -12120125.0, -12121246.0, -12121078.0, -12122600.0, -12124094.0, -12129954.0, -12130499.0, -12130425.0, -12130079.0, -12130273.0, -12130196.0, -12130074.0, -12130422.0, -12130155.0, -12131434.0, -12131979.0, -12132866.0, -12133608.0, -12132541.0, -12137752.0, -12136258.0, -12137456.0, -12137679.0, -12137193.0, -12137254.0, -12137063.0, -12137203.0, -12136634.0, -12136286.0, -12136210.0, -12136068.0, -12135844.0, -12135396.0, -12135689.0, -12134983.0, -12134019.0, -12133523.0, -12133356.0]
