Running with parameters: hidden=100, use_coupled=false, seed=64, lam=0.0, eta=0.0, batch=1
Test Loss: 0.0000, Test Accuracy: 0.9600, Energy: -587534.9375
Time taken:  11.78733515739441
Test Loss: 0.0000, Test Accuracy: 0.9733, Energy: -1139412.875
Time taken:  11.6102876663208
Test Loss: 0.0000, Test Accuracy: 0.9467, Energy: -1677623.625
Time taken:  11.587518692016602
Test Loss: 0.0000, Test Accuracy: 0.9500, Energy: -2170829.0
Time taken:  11.560202598571777
Test Loss: 0.0000, Test Accuracy: 0.9500, Energy: -2222018.5
Time taken:  11.738523006439209
Test Loss: 0.0000, Test Accuracy: 0.9533, Energy: -2281167.75
Time taken:  11.616625308990479
Test Loss: 0.0000, Test Accuracy: 0.9533, Energy: -2281169.0
Time taken:  11.630663633346558
Test Loss: 0.0000, Test Accuracy: 0.9533, Energy: -2281169.75
Time taken:  11.640297651290894
Test Loss: 0.0000, Test Accuracy: 0.9533, Energy: -2281170.0
Time taken:  11.640703916549683
Test Loss: 0.0000, Test Accuracy: 0.9533, Energy: -2281171.0
Time taken:  11.707172632217407
Test Loss: 0.0000, Test Accuracy: 0.9533, Energy: -2281172.75
Time taken:  11.600473403930664
Test Loss: 0.0000, Test Accuracy: 0.9533, Energy: -2281173.75
Time taken:  11.614521980285645
Test Loss: 0.0000, Test Accuracy: 0.9533, Energy: -2281175.75
Time taken:  11.642274141311646
Test Loss: 0.0000, Test Accuracy: 0.9533, Energy: -2281177.5
Time taken:  11.604985475540161
Test Loss: 0.0000, Test Accuracy: 0.9533, Energy: -2281179.5
Time taken:  11.693463325500488
Test Loss: 0.0000, Test Accuracy: 0.9533, Energy: -2281182.5
Time taken:  11.597870111465454
Test Loss: 0.0000, Test Accuracy: 0.9533, Energy: -2281184.5
Time taken:  11.605377197265625
Test Loss: 0.0000, Test Accuracy: 0.9533, Energy: -2281186.5
Time taken:  11.587989330291748
Test Loss: 0.0000, Test Accuracy: 0.9533, Energy: -2281187.0
Time taken:  11.608269691467285
Test Loss: 0.0000, Test Accuracy: 0.9533, Energy: -2281190.25
Time taken:  11.693154335021973
Test Loss: 0.0000, Test Accuracy: 0.9533, Energy: -2281192.75
Time taken:  11.615457534790039
Test Loss: 0.0000, Test Accuracy: 0.9533, Energy: -2281196.0
Time taken:  11.594358921051025
Test Loss: 0.0000, Test Accuracy: 0.9533, Energy: -2281200.25
Time taken:  11.597321033477783
Test Loss: 0.0000, Test Accuracy: 0.9533, Energy: -2281204.0
Time taken:  11.628442764282227
Test Loss: 0.0000, Test Accuracy: 0.9533, Energy: -2281206.5
Time taken:  11.727869272232056
Test Loss: 0.0000, Test Accuracy: 0.9533, Energy: -2281216.5
Time taken:  11.591866254806519
Test Loss: 0.0000, Test Accuracy: 0.9533, Energy: -2281222.5
Time taken:  11.599462985992432
Test Loss: 0.0000, Test Accuracy: 0.9533, Energy: -2281226.75
Time taken:  11.58494520187378
Test Loss: 0.0000, Test Accuracy: 0.9533, Energy: -2281236.75
Time taken:  11.597076892852783
Test Loss: 0.0000, Test Accuracy: 0.9533, Energy: -2281241.25
Time taken:  11.715354919433594
Test Loss: 0.0000, Test Accuracy: 0.9533, Energy: -2281247.25
Time taken:  11.583817958831787
Test Loss: 0.0000, Test Accuracy: 0.9533, Energy: -2281252.75
Time taken:  11.586466550827026
Test Loss: 0.0000, Test Accuracy: 0.9533, Energy: -2281264.0
Time taken:  11.601319313049316
Test Loss: 0.0000, Test Accuracy: 0.9533, Energy: -2281271.25
Time taken:  11.593046426773071
Test Loss: 0.0000, Test Accuracy: 0.9533, Energy: -2281277.0
Time taken:  11.714508295059204
Test Loss: 0.0000, Test Accuracy: 0.9533, Energy: -2281283.0
Time taken:  11.596875190734863
Test Loss: 0.0000, Test Accuracy: 0.9533, Energy: -2281290.75
Time taken:  11.5944242477417
Test Loss: 0.0000, Test Accuracy: 0.9533, Energy: -2281304.25
Time taken:  11.605277299880981
Test Loss: 0.0000, Test Accuracy: 0.9533, Energy: -2281312.75
Time taken:  11.606208801269531
Test Loss: 0.0000, Test Accuracy: 0.9533, Energy: -2281332.5
Time taken:  11.741556406021118
Test Loss: 0.0000, Test Accuracy: 0.9533, Energy: -2281341.0
Time taken:  11.621673583984375
Test Loss: 0.0000, Test Accuracy: 0.9533, Energy: -2281359.5
Time taken:  11.622743844985962
Test Loss: 0.0000, Test Accuracy: 0.9533, Energy: -2281384.0
Time taken:  11.58668565750122
Test Loss: 0.0000, Test Accuracy: 0.9533, Energy: -2281395.75
Time taken:  11.586931228637695
Test Loss: 0.0000, Test Accuracy: 0.9533, Energy: -2281407.0
Time taken:  11.71770191192627
Test Loss: 0.0000, Test Accuracy: 0.9533, Energy: -2281439.75
Time taken:  11.581966400146484
Test Loss: 0.0000, Test Accuracy: 0.9533, Energy: -2281459.5
Time taken:  11.580717325210571
Test Loss: 0.0000, Test Accuracy: 0.9533, Energy: -2281475.25
Time taken:  11.589586019515991
Test Loss: 0.0000, Test Accuracy: 0.9533, Energy: -2281489.75
Time taken:  11.624874591827393
Test Loss: 0.0000, Test Accuracy: 0.9533, Energy: -2281506.25
Time taken:  11.746201038360596
Test Loss: 0.0000, Test Accuracy: 0.9533, Energy: -2281526.5
Time taken:  11.624059915542603
Test Loss: 0.0000, Test Accuracy: 0.9533, Energy: -2281543.5
Time taken:  11.620373964309692
Test Loss: 0.0000, Test Accuracy: 0.9533, Energy: -2281562.0
Time taken:  11.605104684829712
Test Loss: 0.0000, Test Accuracy: 0.9533, Energy: -2281581.25
Time taken:  11.611280918121338
Test Loss: 0.0000, Test Accuracy: 0.9533, Energy: -2281600.0
Time taken:  11.717477798461914
Test Loss: 0.0000, Test Accuracy: 0.9533, Energy: -2281627.25
Time taken:  11.633669376373291
Test Loss: 0.0000, Test Accuracy: 0.9533, Energy: -2281648.0
Time taken:  11.645627737045288
Test Loss: 0.0000, Test Accuracy: 0.9533, Energy: -2281672.0
Time taken:  11.627214193344116
Test Loss: 0.0000, Test Accuracy: 0.9533, Energy: -2281742.0
Time taken:  11.62073040008545
Test Loss: 0.0000, Test Accuracy: 0.9533, Energy: -2281764.75
Time taken:  11.771385192871094
Test Loss: 0.0000, Test Accuracy: 0.9533, Energy: -2281793.75
Time taken:  11.658046245574951
Test Loss: 0.0000, Test Accuracy: 0.9533, Energy: -2281821.75
Time taken:  11.621702671051025
Test Loss: 0.0000, Test Accuracy: 0.9533, Energy: -2281848.75
Time taken:  11.60499358177185
Test Loss: 0.0000, Test Accuracy: 0.9533, Energy: -2281881.25
Time taken:  11.621956586837769
Test Loss: 0.0000, Test Accuracy: 0.9533, Energy: -2281911.75
Time taken:  11.74488115310669
Test Loss: 0.0000, Test Accuracy: 0.9533, Energy: -2281953.5
Time taken:  11.610092401504517
Test Loss: 0.0000, Test Accuracy: 0.9533, Energy: -2281990.25
Time taken:  11.583853244781494
Test Loss: 0.0000, Test Accuracy: 0.9533, Energy: -2282033.5
Time taken:  11.57661747932434
Test Loss: 0.0000, Test Accuracy: 0.9533, Energy: -2282072.0
Time taken:  11.570353746414185
Test Loss: 0.0000, Test Accuracy: 0.9533, Energy: -2282122.75
Time taken:  11.70487093925476
Test Loss: 0.0000, Test Accuracy: 0.9533, Energy: -2282171.5
Time taken:  11.59823751449585
Test Loss: 0.0000, Test Accuracy: 0.9533, Energy: -2282222.5
Time taken:  11.601995706558228
Test Loss: 0.0000, Test Accuracy: 0.9533, Energy: -2282271.0
Time taken:  11.569108247756958
Test Loss: 0.0000, Test Accuracy: 0.9533, Energy: -2282327.75
Time taken:  11.607061862945557
Test Loss: 0.0000, Test Accuracy: 0.9533, Energy: -2282383.5
Time taken:  11.727560043334961
Test Loss: 0.0000, Test Accuracy: 0.9533, Energy: -2282437.0
Time taken:  11.577659368515015
Test Loss: 0.0000, Test Accuracy: 0.9533, Energy: -2282500.75
Time taken:  11.615729808807373
Test Loss: 0.0000, Test Accuracy: 0.9533, Energy: -2282576.5
Time taken:  11.57574200630188
Test Loss: 0.0000, Test Accuracy: 0.9533, Energy: -2282646.0
Time taken:  11.591323614120483
Test Loss: 0.0000, Test Accuracy: 0.9533, Energy: -2282707.0
Time taken:  11.708882331848145
Test Loss: 0.0000, Test Accuracy: 0.9533, Energy: -2282772.0
Time taken:  11.623198986053467
Test Loss: 0.0000, Test Accuracy: 0.9533, Energy: -2282836.0
Time taken:  11.606071710586548
Test Loss: 0.0000, Test Accuracy: 0.9533, Energy: -2282911.25
Time taken:  11.627193927764893
Test Loss: 0.0000, Test Accuracy: 0.9533, Energy: -2282995.75
Time taken:  11.604936599731445
Test Loss: 0.0000, Test Accuracy: 0.9533, Energy: -2283107.0
Time taken:  11.695761442184448
Test Loss: 0.0000, Test Accuracy: 0.9533, Energy: -2283192.5
Time taken:  11.581764698028564
Test Loss: 0.0000, Test Accuracy: 0.9533, Energy: -2283280.75
Time taken:  11.58046841621399
Test Loss: 0.0000, Test Accuracy: 0.9533, Energy: -2283372.5
Time taken:  11.59315037727356
Test Loss: 0.0000, Test Accuracy: 0.9533, Energy: -2283459.75
Time taken:  11.583922386169434
Test Loss: 0.0000, Test Accuracy: 0.9533, Energy: -2283533.0
Time taken:  11.700451374053955
Test Loss: 0.0000, Test Accuracy: 0.9533, Energy: -2283652.75
Time taken:  11.587581634521484
Test Loss: 0.0000, Test Accuracy: 0.9533, Energy: -2283740.5
Time taken:  11.589113235473633
Test Loss: 0.0000, Test Accuracy: 0.9533, Energy: -2283832.75
Time taken:  11.575081825256348
Test Loss: 0.0000, Test Accuracy: 0.9533, Energy: -2283856.5
Time taken:  11.575787544250488
Test Loss: 0.0000, Test Accuracy: 0.9533, Energy: -2283950.75
Time taken:  11.696146965026855
Test Loss: 0.0000, Test Accuracy: 0.9533, Energy: -2284063.75
Time taken:  11.604871034622192
Test Loss: 0.0000, Test Accuracy: 0.9533, Energy: -2284169.5
Time taken:  11.60302186012268
Test Loss: 0.0000, Test Accuracy: 0.9533, Energy: -2284263.25
Time taken:  11.569889068603516
Test Loss: 0.0000, Test Accuracy: 0.9533, Energy: -2284377.5
Time taken:  11.592244386672974
Test Loss: 0.0000, Test Accuracy: 0.9533, Energy: -2284490.75
Time taken:  11.683140754699707
Final accuracies: [0.96, 0.9733333333333334, 0.9466666666666667, 0.95, 0.95, 0.9533333333333334, 0.9533333333333334, 0.9533333333333334, 0.9533333333333334, 0.9533333333333334, 0.9533333333333334, 0.9533333333333334, 0.9533333333333334, 0.9533333333333334, 0.9533333333333334, 0.9533333333333334, 0.9533333333333334, 0.9533333333333334, 0.9533333333333334, 0.9533333333333334, 0.9533333333333334, 0.9533333333333334, 0.9533333333333334, 0.9533333333333334, 0.9533333333333334, 0.9533333333333334, 0.9533333333333334, 0.9533333333333334, 0.9533333333333334, 0.9533333333333334, 0.9533333333333334, 0.9533333333333334, 0.9533333333333334, 0.9533333333333334, 0.9533333333333334, 0.9533333333333334, 0.9533333333333334, 0.9533333333333334, 0.9533333333333334, 0.9533333333333334, 0.9533333333333334, 0.9533333333333334, 0.9533333333333334, 0.9533333333333334, 0.9533333333333334, 0.9533333333333334, 0.9533333333333334, 0.9533333333333334, 0.9533333333333334, 0.9533333333333334, 0.9533333333333334, 0.9533333333333334, 0.9533333333333334, 0.9533333333333334, 0.9533333333333334, 0.9533333333333334, 0.9533333333333334, 0.9533333333333334, 0.9533333333333334, 0.9533333333333334, 0.9533333333333334, 0.9533333333333334, 0.9533333333333334, 0.9533333333333334, 0.9533333333333334, 0.9533333333333334, 0.9533333333333334, 0.9533333333333334, 0.9533333333333334, 0.9533333333333334, 0.9533333333333334, 0.9533333333333334, 0.9533333333333334, 0.9533333333333334, 0.9533333333333334, 0.9533333333333334, 0.9533333333333334, 0.9533333333333334, 0.9533333333333334, 0.9533333333333334, 0.9533333333333334, 0.9533333333333334, 0.9533333333333334, 0.9533333333333334, 0.9533333333333334, 0.9533333333333334, 0.9533333333333334, 0.9533333333333334, 0.9533333333333334, 0.9533333333333334, 0.9533333333333334, 0.9533333333333334, 0.9533333333333334, 0.9533333333333334, 0.9533333333333334, 0.9533333333333334, 0.9533333333333334, 0.9533333333333334, 0.9533333333333334, 0.9533333333333334]
Final energies: [-587534.9375, -1139412.875, -1677623.625, -2170829.0, -2222018.5, -2281167.75, -2281169.0, -2281169.75, -2281170.0, -2281171.0, -2281172.75, -2281173.75, -2281175.75, -2281177.5, -2281179.5, -2281182.5, -2281184.5, -2281186.5, -2281187.0, -2281190.25, -2281192.75, -2281196.0, -2281200.25, -2281204.0, -2281206.5, -2281216.5, -2281222.5, -2281226.75, -2281236.75, -2281241.25, -2281247.25, -2281252.75, -2281264.0, -2281271.25, -2281277.0, -2281283.0, -2281290.75, -2281304.25, -2281312.75, -2281332.5, -2281341.0, -2281359.5, -2281384.0, -2281395.75, -2281407.0, -2281439.75, -2281459.5, -2281475.25, -2281489.75, -2281506.25, -2281526.5, -2281543.5, -2281562.0, -2281581.25, -2281600.0, -2281627.25, -2281648.0, -2281672.0, -2281742.0, -2281764.75, -2281793.75, -2281821.75, -2281848.75, -2281881.25, -2281911.75, -2281953.5, -2281990.25, -2282033.5, -2282072.0, -2282122.75, -2282171.5, -2282222.5, -2282271.0, -2282327.75, -2282383.5, -2282437.0, -2282500.75, -2282576.5, -2282646.0, -2282707.0, -2282772.0, -2282836.0, -2282911.25, -2282995.75, -2283107.0, -2283192.5, -2283280.75, -2283372.5, -2283459.75, -2283533.0, -2283652.75, -2283740.5, -2283832.75, -2283856.5, -2283950.75, -2284063.75, -2284169.5, -2284263.25, -2284377.5, -2284490.75]
