Running with parameters: hidden=100, use_coupled=false, seed=92, lam=0.0, eta=0.0, batch=1
Test Loss: 0.0000, Test Accuracy: 0.9133, Energy: -421733.59375
Time taken:  12.143310070037842
Test Loss: 0.0000, Test Accuracy: 0.5067, Energy: -1626879.375
Time taken:  12.1159188747406
Test Loss: 0.0000, Test Accuracy: 0.8433, Energy: -4035432.5
Time taken:  11.996994495391846
Test Loss: 0.0000, Test Accuracy: 0.9200, Energy: -3836576.5
Time taken:  12.02226209640503
Test Loss: 0.0000, Test Accuracy: 0.9333, Energy: -3490641.25
Time taken:  12.082621097564697
Test Loss: 0.0000, Test Accuracy: 0.8933, Energy: -3824524.25
Time taken:  11.989935874938965
Test Loss: 0.0000, Test Accuracy: 0.9167, Energy: -3244651.75
Time taken:  12.049153089523315
Test Loss: 0.0000, Test Accuracy: 0.9100, Energy: -3699960.25
Time taken:  12.101581573486328
Test Loss: 0.0000, Test Accuracy: 0.9267, Energy: -3706021.25
Time taken:  12.00980019569397
Test Loss: 0.0000, Test Accuracy: 0.9267, Energy: -3706003.25
Time taken:  12.130204916000366
Test Loss: 0.0000, Test Accuracy: 0.9267, Energy: -3706003.25
Time taken:  12.026173830032349
Test Loss: 0.0000, Test Accuracy: 0.9267, Energy: -3706003.25
Time taken:  12.088351249694824
Test Loss: 0.0000, Test Accuracy: 0.9267, Energy: -3706003.25
Time taken:  12.032596349716187
Test Loss: 0.0000, Test Accuracy: 0.9267, Energy: -3706003.25
Time taken:  11.995919227600098
Test Loss: 0.0000, Test Accuracy: 0.9267, Energy: -3706004.25
Time taken:  12.135485172271729
Test Loss: 0.0000, Test Accuracy: 0.9267, Energy: -3706004.75
Time taken:  12.085143089294434
Test Loss: 0.0000, Test Accuracy: 0.9267, Energy: -3706004.75
Time taken:  12.088080883026123
Test Loss: 0.0000, Test Accuracy: 0.9267, Energy: -3706004.75
Time taken:  12.067653179168701
Test Loss: 0.0000, Test Accuracy: 0.9267, Energy: -3706006.25
Time taken:  12.015117645263672
Test Loss: 0.0000, Test Accuracy: 0.9267, Energy: -3706004.75
Time taken:  12.103140115737915
Test Loss: 0.0000, Test Accuracy: 0.9267, Energy: -3706005.25
Time taken:  12.070866346359253
Test Loss: 0.0000, Test Accuracy: 0.9267, Energy: -3706007.5
Time taken:  12.074698686599731
Test Loss: 0.0000, Test Accuracy: 0.9267, Energy: -3706007.5
Time taken:  12.10274076461792
Test Loss: 0.0000, Test Accuracy: 0.9267, Energy: -3706007.0
Time taken:  12.088141918182373
Test Loss: 0.0000, Test Accuracy: 0.9267, Energy: -3706007.0
Time taken:  12.262686967849731
Test Loss: 0.0000, Test Accuracy: 0.9267, Energy: -3706007.5
Time taken:  12.092381477355957
Test Loss: 0.0000, Test Accuracy: 0.9267, Energy: -3706007.5
Time taken:  12.170598268508911
Test Loss: 0.0000, Test Accuracy: 0.9267, Energy: -3706009.75
Time taken:  12.206376791000366
Test Loss: 0.0000, Test Accuracy: 0.9267, Energy: -3706010.25
Time taken:  12.087338209152222
Test Loss: 0.0000, Test Accuracy: 0.9267, Energy: -3706010.25
Time taken:  12.22362208366394
Test Loss: 0.0000, Test Accuracy: 0.9267, Energy: -3706009.75
Time taken:  12.121375322341919
Test Loss: 0.0000, Test Accuracy: 0.9267, Energy: -3706009.75
Time taken:  12.053774356842041
Test Loss: 0.0000, Test Accuracy: 0.9267, Energy: -3706014.75
Time taken:  12.028162956237793
Test Loss: 0.0000, Test Accuracy: 0.9267, Energy: -3706016.25
Time taken:  11.803706169128418
Test Loss: 0.0000, Test Accuracy: 0.9267, Energy: -3706018.0
Time taken:  11.997697114944458
Test Loss: 0.0000, Test Accuracy: 0.9267, Energy: -3706013.5
Time taken:  11.929858922958374
Test Loss: 0.0000, Test Accuracy: 0.9267, Energy: -3706015.0
Time taken:  11.884449243545532
Test Loss: 0.0000, Test Accuracy: 0.9267, Energy: -3706018.5
Time taken:  11.895040273666382
Test Loss: 0.0000, Test Accuracy: 0.9267, Energy: -3706022.0
Time taken:  11.979588270187378
Test Loss: 0.0000, Test Accuracy: 0.9267, Energy: -3706023.0
Time taken:  12.102104187011719
Test Loss: 0.0000, Test Accuracy: 0.9267, Energy: -3706022.0
Time taken:  12.04107117652893
Test Loss: 0.0000, Test Accuracy: 0.9267, Energy: -3706024.5
Time taken:  12.021986961364746
Test Loss: 0.0000, Test Accuracy: 0.9267, Energy: -3706027.0
Time taken:  11.991317987442017
Test Loss: 0.0000, Test Accuracy: 0.9267, Energy: -3706027.25
Time taken:  12.035370349884033
Test Loss: 0.0000, Test Accuracy: 0.9267, Energy: -3706030.75
Time taken:  12.148587226867676
Test Loss: 0.0000, Test Accuracy: 0.9267, Energy: -3706033.5
Time taken:  11.955160140991211
Test Loss: 0.0000, Test Accuracy: 0.9267, Energy: -3706033.25
Time taken:  12.000339984893799
Test Loss: 0.0000, Test Accuracy: 0.9267, Energy: -3706027.5
Time taken:  11.97434139251709
Test Loss: 0.0000, Test Accuracy: 0.9267, Energy: -3706028.25
Time taken:  11.912497758865356
Test Loss: 0.0000, Test Accuracy: 0.9267, Energy: -3706030.5
Time taken:  12.112927675247192
Test Loss: 0.0000, Test Accuracy: 0.9267, Energy: -3706032.5
Time taken:  11.967841148376465
Test Loss: 0.0000, Test Accuracy: 0.9267, Energy: -3706036.0
Time taken:  11.956022500991821
Test Loss: 0.0000, Test Accuracy: 0.9267, Energy: -3706038.25
Time taken:  12.001962661743164
Test Loss: 0.0000, Test Accuracy: 0.9267, Energy: -3706039.75
Time taken:  11.935846090316772
Test Loss: 0.0000, Test Accuracy: 0.9267, Energy: -3706038.5
Time taken:  12.038900136947632
Test Loss: 0.0000, Test Accuracy: 0.9267, Energy: -3706037.25
Time taken:  12.039892196655273
Test Loss: 0.0000, Test Accuracy: 0.9267, Energy: -3706040.0
Time taken:  12.00676941871643
Test Loss: 0.0000, Test Accuracy: 0.9267, Energy: -3706044.25
Time taken:  12.00066590309143
Test Loss: 0.0000, Test Accuracy: 0.9267, Energy: -3706048.75
Time taken:  11.990753650665283
Test Loss: 0.0000, Test Accuracy: 0.9267, Energy: -3706051.0
Time taken:  12.122942447662354
Test Loss: 0.0000, Test Accuracy: 0.9267, Energy: -3706052.25
Time taken:  12.070491790771484
Test Loss: 0.0000, Test Accuracy: 0.9267, Energy: -3706051.75
Time taken:  12.002457618713379
Test Loss: 0.0000, Test Accuracy: 0.9267, Energy: -3706052.0
Time taken:  12.029794931411743
Test Loss: 0.0000, Test Accuracy: 0.9267, Energy: -3706056.5
Time taken:  11.958890438079834
Test Loss: 0.0000, Test Accuracy: 0.9267, Energy: -3706057.75
Time taken:  12.11844801902771
Test Loss: 0.0000, Test Accuracy: 0.9267, Energy: -3706058.5
Time taken:  12.063729047775269
Test Loss: 0.0000, Test Accuracy: 0.9267, Energy: -3706062.25
Time taken:  12.144530057907104
Test Loss: 0.0000, Test Accuracy: 0.9267, Energy: -3706067.0
Time taken:  12.057721376419067
Test Loss: 0.0000, Test Accuracy: 0.9267, Energy: -3706069.5
Time taken:  12.09589409828186
Test Loss: 0.0000, Test Accuracy: 0.9267, Energy: -3706072.0
Time taken:  12.23304796218872
Test Loss: 0.0000, Test Accuracy: 0.9267, Energy: -3706073.0
Time taken:  12.147344589233398
Test Loss: 0.0000, Test Accuracy: 0.9267, Energy: -3706077.75
Time taken:  12.117292404174805
Test Loss: 0.0000, Test Accuracy: 0.9267, Energy: -3706078.0
Time taken:  12.110063791275024
Test Loss: 0.0000, Test Accuracy: 0.9267, Energy: -3706082.25
Time taken:  12.042355060577393
Test Loss: 0.0000, Test Accuracy: 0.9267, Energy: -3706088.0
Time taken:  12.146911144256592
Test Loss: 0.0000, Test Accuracy: 0.9267, Energy: -3706114.5
Time taken:  12.007790088653564
Test Loss: 0.0000, Test Accuracy: 0.9267, Energy: -3706115.25
Time taken:  11.904631853103638
Test Loss: 0.0000, Test Accuracy: 0.9267, Energy: -3706121.5
Time taken:  11.886423110961914
Test Loss: 0.0000, Test Accuracy: 0.9267, Energy: -3706133.5
Time taken:  11.826184749603271
Test Loss: 0.0000, Test Accuracy: 0.9267, Energy: -3706134.0
Time taken:  11.91577410697937
Test Loss: 0.0000, Test Accuracy: 0.9267, Energy: -3706104.5
Time taken:  11.866104364395142
Test Loss: 0.0000, Test Accuracy: 0.9267, Energy: -3706105.5
Time taken:  11.865126132965088
Test Loss: 0.0000, Test Accuracy: 0.9267, Energy: -3706107.75
Time taken:  11.897054433822632
Test Loss: 0.0000, Test Accuracy: 0.9267, Energy: -3706112.0
Time taken:  11.950230836868286
Test Loss: 0.0000, Test Accuracy: 0.9267, Energy: -3706197.25
Time taken:  12.112681865692139
Test Loss: 0.0000, Test Accuracy: 0.9267, Energy: -3706208.5
Time taken:  12.093507289886475
Test Loss: 0.0000, Test Accuracy: 0.9267, Energy: -3706220.0
Time taken:  12.082512855529785
Test Loss: 0.0000, Test Accuracy: 0.9267, Energy: -3706228.25
Time taken:  12.142338037490845
Test Loss: 0.0000, Test Accuracy: 0.9267, Energy: -3706230.75
Time taken:  12.071133852005005
Test Loss: 0.0000, Test Accuracy: 0.9267, Energy: -3706256.0
Time taken:  12.17781114578247
Test Loss: 0.0000, Test Accuracy: 0.9267, Energy: -3706289.75
Time taken:  12.150911569595337
Test Loss: 0.0000, Test Accuracy: 0.9267, Energy: -3706451.5
Time taken:  12.106928825378418
Test Loss: 0.0000, Test Accuracy: 0.9267, Energy: -3706498.75
Time taken:  12.053761005401611
Test Loss: 0.0000, Test Accuracy: 0.9267, Energy: -3706513.5
Time taken:  11.967825889587402
Test Loss: 0.0000, Test Accuracy: 0.9267, Energy: -3706523.75
Time taken:  12.132407426834106
Test Loss: 0.0000, Test Accuracy: 0.9267, Energy: -3706564.0
Time taken:  12.018079996109009
Test Loss: 0.0000, Test Accuracy: 0.9267, Energy: -3706577.5
Time taken:  12.011512994766235
Test Loss: 0.0000, Test Accuracy: 0.9267, Energy: -3706579.0
Time taken:  11.981105327606201
Test Loss: 0.0000, Test Accuracy: 0.9267, Energy: -3706606.0
Time taken:  11.990243196487427
Test Loss: 0.0000, Test Accuracy: 0.9267, Energy: -3706629.0
Time taken:  12.202306270599365
Final accuracies: [0.9133333333333333, 0.5066666666666667, 0.8433333333333334, 0.92, 0.9333333333333333, 0.8933333333333333, 0.9166666666666666, 0.91, 0.9266666666666666, 0.9266666666666666, 0.9266666666666666, 0.9266666666666666, 0.9266666666666666, 0.9266666666666666, 0.9266666666666666, 0.9266666666666666, 0.9266666666666666, 0.9266666666666666, 0.9266666666666666, 0.9266666666666666, 0.9266666666666666, 0.9266666666666666, 0.9266666666666666, 0.9266666666666666, 0.9266666666666666, 0.9266666666666666, 0.9266666666666666, 0.9266666666666666, 0.9266666666666666, 0.9266666666666666, 0.9266666666666666, 0.9266666666666666, 0.9266666666666666, 0.9266666666666666, 0.9266666666666666, 0.9266666666666666, 0.9266666666666666, 0.9266666666666666, 0.9266666666666666, 0.9266666666666666, 0.9266666666666666, 0.9266666666666666, 0.9266666666666666, 0.9266666666666666, 0.9266666666666666, 0.9266666666666666, 0.9266666666666666, 0.9266666666666666, 0.9266666666666666, 0.9266666666666666, 0.9266666666666666, 0.9266666666666666, 0.9266666666666666, 0.9266666666666666, 0.9266666666666666, 0.9266666666666666, 0.9266666666666666, 0.9266666666666666, 0.9266666666666666, 0.9266666666666666, 0.9266666666666666, 0.9266666666666666, 0.9266666666666666, 0.9266666666666666, 0.9266666666666666, 0.9266666666666666, 0.9266666666666666, 0.9266666666666666, 0.9266666666666666, 0.9266666666666666, 0.9266666666666666, 0.9266666666666666, 0.9266666666666666, 0.9266666666666666, 0.9266666666666666, 0.9266666666666666, 0.9266666666666666, 0.9266666666666666, 0.9266666666666666, 0.9266666666666666, 0.9266666666666666, 0.9266666666666666, 0.9266666666666666, 0.9266666666666666, 0.9266666666666666, 0.9266666666666666, 0.9266666666666666, 0.9266666666666666, 0.9266666666666666, 0.9266666666666666, 0.9266666666666666, 0.9266666666666666, 0.9266666666666666, 0.9266666666666666, 0.9266666666666666, 0.9266666666666666, 0.9266666666666666, 0.9266666666666666, 0.9266666666666666, 0.9266666666666666]
Final energies: [-421733.59375, -1626879.375, -4035432.5, -3836576.5, -3490641.25, -3824524.25, -3244651.75, -3699960.25, -3706021.25, -3706003.25, -3706003.25, -3706003.25, -3706003.25, -3706003.25, -3706004.25, -3706004.75, -3706004.75, -3706004.75, -3706006.25, -3706004.75, -3706005.25, -3706007.5, -3706007.5, -3706007.0, -3706007.0, -3706007.5, -3706007.5, -3706009.75, -3706010.25, -3706010.25, -3706009.75, -3706009.75, -3706014.75, -3706016.25, -3706018.0, -3706013.5, -3706015.0, -3706018.5, -3706022.0, -3706023.0, -3706022.0, -3706024.5, -3706027.0, -3706027.25, -3706030.75, -3706033.5, -3706033.25, -3706027.5, -3706028.25, -3706030.5, -3706032.5, -3706036.0, -3706038.25, -3706039.75, -3706038.5, -3706037.25, -3706040.0, -3706044.25, -3706048.75, -3706051.0, -3706052.25, -3706051.75, -3706052.0, -3706056.5, -3706057.75, -3706058.5, -3706062.25, -3706067.0, -3706069.5, -3706072.0, -3706073.0, -3706077.75, -3706078.0, -3706082.25, -3706088.0, -3706114.5, -3706115.25, -3706121.5, -3706133.5, -3706134.0, -3706104.5, -3706105.5, -3706107.75, -3706112.0, -3706197.25, -3706208.5, -3706220.0, -3706228.25, -3706230.75, -3706256.0, -3706289.75, -3706451.5, -3706498.75, -3706513.5, -3706523.75, -3706564.0, -3706577.5, -3706579.0, -3706606.0, -3706629.0]
