Running with parameters: hidden=100, use_coupled=false, seed=42, lam=0.0, eta=0.0, batch=1
Test Loss: 0.0000, Test Accuracy: 0.9200, Energy: -1041041.0
Time taken:  11.941338062286377
Test Loss: 0.0000, Test Accuracy: 0.9500, Energy: -565456.1875
Time taken:  11.805375576019287
Test Loss: 0.0000, Test Accuracy: 0.9667, Energy: -417361.84375
Time taken:  11.74489712715149
Test Loss: 0.0000, Test Accuracy: 0.9367, Energy: -1205371.0
Time taken:  11.845796585083008
Test Loss: 0.0000, Test Accuracy: 0.9567, Energy: -2020479.375
Time taken:  11.89493727684021
Test Loss: 0.0000, Test Accuracy: 0.9667, Energy: -1582047.25
Time taken:  11.890208959579468
Test Loss: 0.0000, Test Accuracy: 0.9700, Energy: -1566338.75
Time taken:  11.774914026260376
Test Loss: 0.0000, Test Accuracy: 0.9633, Energy: -1550981.0
Time taken:  11.923105001449585
Test Loss: 0.0000, Test Accuracy: 0.9633, Energy: -1498727.125
Time taken:  11.89418911933899
Test Loss: 0.0000, Test Accuracy: 0.5000, Energy: -1460493.0
Time taken:  12.12622332572937
Test Loss: 0.0000, Test Accuracy: 0.9633, Energy: -1347032.625
Time taken:  11.879327774047852
Test Loss: 0.0000, Test Accuracy: 0.9467, Energy: -2120646.5
Time taken:  12.08160924911499
Test Loss: 0.0000, Test Accuracy: 0.9533, Energy: -2338037.5
Time taken:  11.882269620895386
Test Loss: 0.0000, Test Accuracy: 0.9500, Energy: -2436269.75
Time taken:  12.042293548583984
Test Loss: 0.0000, Test Accuracy: 0.9500, Energy: -2415791.25
Time taken:  12.045617818832397
Test Loss: 0.0000, Test Accuracy: 0.9500, Energy: -2446518.5
Time taken:  12.057453393936157
Test Loss: 0.0000, Test Accuracy: 0.9500, Energy: -2437799.0
Time taken:  11.88842511177063
Test Loss: 0.0000, Test Accuracy: 0.9500, Energy: -2435321.5
Time taken:  12.01124382019043
Test Loss: 0.0000, Test Accuracy: 0.9500, Energy: -2416379.0
Time taken:  11.885704040527344
Test Loss: 0.0000, Test Accuracy: 0.7333, Energy: -2387732.5
Time taken:  12.139207124710083
Test Loss: 0.0000, Test Accuracy: 0.9533, Energy: -2363517.25
Time taken:  11.895649909973145
Test Loss: 0.0000, Test Accuracy: 0.9500, Energy: -2317674.0
Time taken:  11.963698863983154
Test Loss: 0.0000, Test Accuracy: 0.9467, Energy: -2282345.0
Time taken:  11.766755104064941
Test Loss: 0.0000, Test Accuracy: 0.9600, Energy: -2248971.25
Time taken:  11.868756771087646
Test Loss: 0.0000, Test Accuracy: 0.9533, Energy: -2222030.0
Time taken:  11.915819644927979
Test Loss: 0.0000, Test Accuracy: 0.9533, Energy: -2222027.75
Time taken:  11.846854448318481
Test Loss: 0.0000, Test Accuracy: 0.9533, Energy: -2222026.0
Time taken:  11.76224660873413
Test Loss: 0.0000, Test Accuracy: 0.9533, Energy: -2222018.25
Time taken:  11.815998315811157
Test Loss: 0.0000, Test Accuracy: 0.9533, Energy: -2222007.0
Time taken:  11.768800735473633
Test Loss: 0.0000, Test Accuracy: 0.9533, Energy: -2222005.5
Time taken:  11.934420108795166
Test Loss: 0.0000, Test Accuracy: 0.9533, Energy: -2222003.75
Time taken:  11.77156376838684
Test Loss: 0.0000, Test Accuracy: 0.9533, Energy: -2221997.5
Time taken:  11.857234716415405
Test Loss: 0.0000, Test Accuracy: 0.9533, Energy: -2221994.25
Time taken:  11.7603178024292
Test Loss: 0.0000, Test Accuracy: 0.9533, Energy: -2221992.0
Time taken:  11.82099199295044
Test Loss: 0.0000, Test Accuracy: 0.9533, Energy: -2221987.25
Time taken:  11.905647993087769
Test Loss: 0.0000, Test Accuracy: 0.9533, Energy: -2221981.75
Time taken:  11.800182342529297
Test Loss: 0.0000, Test Accuracy: 0.9533, Energy: -2221978.25
Time taken:  11.810335159301758
Test Loss: 0.0000, Test Accuracy: 0.9533, Energy: -2221962.5
Time taken:  11.775921106338501
Test Loss: 0.0000, Test Accuracy: 0.9533, Energy: -2221969.0
Time taken:  11.781646490097046
Test Loss: 0.0000, Test Accuracy: 0.9533, Energy: -2221962.0
Time taken:  11.896463871002197
Test Loss: 0.0000, Test Accuracy: 0.9533, Energy: -2221957.5
Time taken:  11.82315993309021
Test Loss: 0.0000, Test Accuracy: 0.9533, Energy: -2221949.5
Time taken:  11.767855167388916
Test Loss: 0.0000, Test Accuracy: 0.9533, Energy: -2221946.75
Time taken:  11.80980110168457
Test Loss: 0.0000, Test Accuracy: 0.9533, Energy: -2221939.25
Time taken:  11.783455848693848
Test Loss: 0.0000, Test Accuracy: 0.9533, Energy: -2221923.0
Time taken:  11.919322729110718
Test Loss: 0.0000, Test Accuracy: 0.9533, Energy: -2221915.5
Time taken:  11.75010633468628
Test Loss: 0.0000, Test Accuracy: 0.9533, Energy: -2221889.5
Time taken:  11.863679885864258
Test Loss: 0.0000, Test Accuracy: 0.9533, Energy: -2221884.0
Time taken:  11.711783170700073
Test Loss: 0.0000, Test Accuracy: 0.9533, Energy: -2221876.75
Time taken:  11.879953145980835
Test Loss: 0.0000, Test Accuracy: 0.9533, Energy: -2221859.75
Time taken:  11.828519582748413
Test Loss: 0.0000, Test Accuracy: 0.9533, Energy: -2221850.0
Time taken:  11.883748769760132
Test Loss: 0.0000, Test Accuracy: 0.9533, Energy: -2221845.0
Time taken:  11.733964443206787
Test Loss: 0.0000, Test Accuracy: 0.9533, Energy: -2221838.5
Time taken:  11.899972438812256
Test Loss: 0.0000, Test Accuracy: 0.9533, Energy: -2221841.0
Time taken:  11.740916728973389
Test Loss: 0.0000, Test Accuracy: 0.9533, Energy: -2221822.75
Time taken:  12.08299708366394
Test Loss: 0.0000, Test Accuracy: 0.9533, Energy: -2221807.75
Time taken:  11.819610834121704
Test Loss: 0.0000, Test Accuracy: 0.9533, Energy: -2221791.25
Time taken:  11.99040937423706
Test Loss: 0.0000, Test Accuracy: 0.9533, Energy: -2221766.5
Time taken:  11.866642951965332
Test Loss: 0.0000, Test Accuracy: 0.9533, Energy: -2221755.75
Time taken:  11.964507818222046
Test Loss: 0.0000, Test Accuracy: 0.9533, Energy: -2221740.75
Time taken:  11.93808102607727
Test Loss: 0.0000, Test Accuracy: 0.9533, Energy: -2221734.0
Time taken:  12.010738611221313
Test Loss: 0.0000, Test Accuracy: 0.9533, Energy: -2221719.5
Time taken:  11.899235248565674
Test Loss: 0.0000, Test Accuracy: 0.9533, Energy: -2221698.0
Time taken:  11.96738076210022
Test Loss: 0.0000, Test Accuracy: 0.9533, Energy: -2221678.5
Time taken:  11.940072298049927
Test Loss: 0.0000, Test Accuracy: 0.9533, Energy: -2221674.5
Time taken:  12.095739364624023
Test Loss: 0.0000, Test Accuracy: 0.9533, Energy: -2221638.5
Time taken:  11.952608108520508
Test Loss: 0.0000, Test Accuracy: 0.9533, Energy: -2221601.5
Time taken:  11.919626474380493
Test Loss: 0.0000, Test Accuracy: 0.9533, Energy: -2221590.75
Time taken:  11.898639678955078
Test Loss: 0.0000, Test Accuracy: 0.9533, Energy: -2221567.0
Time taken:  11.825560569763184
Test Loss: 0.0000, Test Accuracy: 0.9533, Energy: -2221545.75
Time taken:  11.952788352966309
Test Loss: 0.0000, Test Accuracy: 0.9533, Energy: -2221519.0
Time taken:  11.778081893920898
Test Loss: 0.0000, Test Accuracy: 0.9533, Energy: -2221509.25
Time taken:  11.904969930648804
Test Loss: 0.0000, Test Accuracy: 0.9533, Energy: -2221469.5
Time taken:  11.751022815704346
Test Loss: 0.0000, Test Accuracy: 0.9533, Energy: -2221450.0
Time taken:  11.921230554580688
Test Loss: 0.0000, Test Accuracy: 0.9533, Energy: -2221428.25
Time taken:  11.849775314331055
Test Loss: 0.0000, Test Accuracy: 0.9533, Energy: -2221434.0
Time taken:  11.870484113693237
Test Loss: 0.0000, Test Accuracy: 0.9533, Energy: -2221397.5
Time taken:  11.748489379882812
Test Loss: 0.0000, Test Accuracy: 0.9533, Energy: -2221379.5
Time taken:  11.888823509216309
Test Loss: 0.0000, Test Accuracy: 0.9533, Energy: -2221392.25
Time taken:  11.729816198348999
Test Loss: 0.0000, Test Accuracy: 0.9533, Energy: -2221378.25
Time taken:  11.927881717681885
Test Loss: 0.0000, Test Accuracy: 0.9533, Energy: -2221366.25
Time taken:  11.663242101669312
Test Loss: 0.0000, Test Accuracy: 0.9533, Energy: -2221348.75
Time taken:  11.857535362243652
Test Loss: 0.0000, Test Accuracy: 0.9533, Energy: -2221330.75
Time taken:  11.677573919296265
Test Loss: 0.0000, Test Accuracy: 0.9533, Energy: -2221332.5
Time taken:  11.754905939102173
Test Loss: 0.0000, Test Accuracy: 0.9533, Energy: -2221320.25
Time taken:  11.83303689956665
Test Loss: 0.0000, Test Accuracy: 0.9533, Energy: -2221292.0
Time taken:  11.784918069839478
Test Loss: 0.0000, Test Accuracy: 0.9533, Energy: -2221253.75
Time taken:  11.756954431533813
Test Loss: 0.0000, Test Accuracy: 0.9533, Energy: -2221239.25
Time taken:  11.688509941101074
Test Loss: 0.0000, Test Accuracy: 0.9533, Energy: -2221230.5
Time taken:  11.798723220825195
Test Loss: 0.0000, Test Accuracy: 0.9533, Energy: -2221250.0
Time taken:  11.738749980926514
Test Loss: 0.0000, Test Accuracy: 0.9533, Energy: -2221313.0
Time taken:  11.805586099624634
Test Loss: 0.0000, Test Accuracy: 0.9533, Energy: -2221269.75
Time taken:  11.671542644500732
Test Loss: 0.0000, Test Accuracy: 0.9533, Energy: -2221263.0
Time taken:  11.790828227996826
Test Loss: 0.0000, Test Accuracy: 0.9533, Energy: -2221205.5
Time taken:  11.674386501312256
Test Loss: 0.0000, Test Accuracy: 0.9533, Energy: -2221239.25
Time taken:  11.971871852874756
Test Loss: 0.0000, Test Accuracy: 0.9533, Energy: -2221216.0
Time taken:  11.623679161071777
Test Loss: 0.0000, Test Accuracy: 0.9533, Energy: -2221175.25
Time taken:  11.83741569519043
Test Loss: 0.0000, Test Accuracy: 0.9533, Energy: -2221161.75
Time taken:  11.688901901245117
Test Loss: 0.0000, Test Accuracy: 0.9533, Energy: -2221118.25
Time taken:  11.787468433380127
Test Loss: 0.0000, Test Accuracy: 0.9533, Energy: -2221107.0
Time taken:  11.924090385437012
Final accuracies: [0.92, 0.95, 0.9666666666666667, 0.9366666666666666, 0.9566666666666667, 0.9666666666666667, 0.97, 0.9633333333333334, 0.9633333333333334, 0.5, 0.9633333333333334, 0.9466666666666667, 0.9533333333333334, 0.95, 0.95, 0.95, 0.95, 0.95, 0.95, 0.7333333333333333, 0.9533333333333334, 0.95, 0.9466666666666667, 0.96, 0.9533333333333334, 0.9533333333333334, 0.9533333333333334, 0.9533333333333334, 0.9533333333333334, 0.9533333333333334, 0.9533333333333334, 0.9533333333333334, 0.9533333333333334, 0.9533333333333334, 0.9533333333333334, 0.9533333333333334, 0.9533333333333334, 0.9533333333333334, 0.9533333333333334, 0.9533333333333334, 0.9533333333333334, 0.9533333333333334, 0.9533333333333334, 0.9533333333333334, 0.9533333333333334, 0.9533333333333334, 0.9533333333333334, 0.9533333333333334, 0.9533333333333334, 0.9533333333333334, 0.9533333333333334, 0.9533333333333334, 0.9533333333333334, 0.9533333333333334, 0.9533333333333334, 0.9533333333333334, 0.9533333333333334, 0.9533333333333334, 0.9533333333333334, 0.9533333333333334, 0.9533333333333334, 0.9533333333333334, 0.9533333333333334, 0.9533333333333334, 0.9533333333333334, 0.9533333333333334, 0.9533333333333334, 0.9533333333333334, 0.9533333333333334, 0.9533333333333334, 0.9533333333333334, 0.9533333333333334, 0.9533333333333334, 0.9533333333333334, 0.9533333333333334, 0.9533333333333334, 0.9533333333333334, 0.9533333333333334, 0.9533333333333334, 0.9533333333333334, 0.9533333333333334, 0.9533333333333334, 0.9533333333333334, 0.9533333333333334, 0.9533333333333334, 0.9533333333333334, 0.9533333333333334, 0.9533333333333334, 0.9533333333333334, 0.9533333333333334, 0.9533333333333334, 0.9533333333333334, 0.9533333333333334, 0.9533333333333334, 0.9533333333333334, 0.9533333333333334, 0.9533333333333334, 0.9533333333333334, 0.9533333333333334, 0.9533333333333334]
Final energies: [-1041041.0, -565456.1875, -417361.84375, -1205371.0, -2020479.375, -1582047.25, -1566338.75, -1550981.0, -1498727.125, -1460493.0, -1347032.625, -2120646.5, -2338037.5, -2436269.75, -2415791.25, -2446518.5, -2437799.0, -2435321.5, -2416379.0, -2387732.5, -2363517.25, -2317674.0, -2282345.0, -2248971.25, -2222030.0, -2222027.75, -2222026.0, -2222018.25, -2222007.0, -2222005.5, -2222003.75, -2221997.5, -2221994.25, -2221992.0, -2221987.25, -2221981.75, -2221978.25, -2221962.5, -2221969.0, -2221962.0, -2221957.5, -2221949.5, -2221946.75, -2221939.25, -2221923.0, -2221915.5, -2221889.5, -2221884.0, -2221876.75, -2221859.75, -2221850.0, -2221845.0, -2221838.5, -2221841.0, -2221822.75, -2221807.75, -2221791.25, -2221766.5, -2221755.75, -2221740.75, -2221734.0, -2221719.5, -2221698.0, -2221678.5, -2221674.5, -2221638.5, -2221601.5, -2221590.75, -2221567.0, -2221545.75, -2221519.0, -2221509.25, -2221469.5, -2221450.0, -2221428.25, -2221434.0, -2221397.5, -2221379.5, -2221392.25, -2221378.25, -2221366.25, -2221348.75, -2221330.75, -2221332.5, -2221320.25, -2221292.0, -2221253.75, -2221239.25, -2221230.5, -2221250.0, -2221313.0, -2221269.75, -2221263.0, -2221205.5, -2221239.25, -2221216.0, -2221175.25, -2221161.75, -2221118.25, -2221107.0]
