Running with parameters: hidden=100, use_coupled=false, seed=32, lam=0.0, eta=0.0, batch=1
Test Loss: 0.0000, Test Accuracy: 0.9667, Energy: -634328.5
Time taken:  11.712796688079834
Test Loss: 0.0000, Test Accuracy: 0.9367, Energy: -1044523.1875
Time taken:  11.577788591384888
Test Loss: 0.0000, Test Accuracy: 0.9233, Energy: -1787518.125
Time taken:  11.575987815856934
Test Loss: 0.0000, Test Accuracy: 0.9467, Energy: -5404348.0
Time taken:  11.577797651290894
Test Loss: 0.0000, Test Accuracy: 0.9500, Energy: -4101879.75
Time taken:  11.704580545425415
Test Loss: 0.0000, Test Accuracy: 0.9433, Energy: -4842373.0
Time taken:  11.595714807510376
Test Loss: 0.0000, Test Accuracy: 0.9533, Energy: -4648859.5
Time taken:  11.5899498462677
Test Loss: 0.0000, Test Accuracy: 0.9533, Energy: -4606578.5
Time taken:  11.668334484100342
Test Loss: 0.0000, Test Accuracy: 0.9500, Energy: -4546746.0
Time taken:  11.598341941833496
Test Loss: 0.0000, Test Accuracy: 0.9500, Energy: -4546744.5
Time taken:  11.70145034790039
Test Loss: 0.0000, Test Accuracy: 0.9500, Energy: -4546744.5
Time taken:  11.637244701385498
Test Loss: 0.0000, Test Accuracy: 0.9500, Energy: -4546744.5
Time taken:  11.549030065536499
Test Loss: 0.0000, Test Accuracy: 0.9500, Energy: -4546744.5
Time taken:  11.619651794433594
Test Loss: 0.0000, Test Accuracy: 0.9500, Energy: -4546744.5
Time taken:  11.550392627716064
Test Loss: 0.0000, Test Accuracy: 0.9500, Energy: -4546744.5
Time taken:  11.659749269485474
Test Loss: 0.0000, Test Accuracy: 0.9500, Energy: -4546744.5
Time taken:  11.657849311828613
Test Loss: 0.0000, Test Accuracy: 0.9500, Energy: -4546744.5
Time taken:  11.557500123977661
Test Loss: 0.0000, Test Accuracy: 0.9500, Energy: -4546744.5
Time taken:  11.5967538356781
Test Loss: 0.0000, Test Accuracy: 0.9500, Energy: -4546744.5
Time taken:  11.609688758850098
Test Loss: 0.0000, Test Accuracy: 0.9500, Energy: -4546744.5
Time taken:  11.69283413887024
Test Loss: 0.0000, Test Accuracy: 0.9500, Energy: -4546744.5
Time taken:  11.591048002243042
Test Loss: 0.0000, Test Accuracy: 0.9500, Energy: -4546744.5
Time taken:  11.555101156234741
Test Loss: 0.0000, Test Accuracy: 0.9500, Energy: -4546744.5
Time taken:  11.586613893508911
Test Loss: 0.0000, Test Accuracy: 0.9500, Energy: -4546744.5
Time taken:  11.56886601448059
Test Loss: 0.0000, Test Accuracy: 0.9500, Energy: -4546744.5
Time taken:  11.65320873260498
Test Loss: 0.0000, Test Accuracy: 0.9500, Energy: -4546744.5
Time taken:  11.527879476547241
Test Loss: 0.0000, Test Accuracy: 0.9500, Energy: -4546744.5
Time taken:  11.514666080474854
Test Loss: 0.0000, Test Accuracy: 0.9500, Energy: -4546744.5
Time taken:  11.537904024124146
Test Loss: 0.0000, Test Accuracy: 0.9500, Energy: -4546744.5
Time taken:  11.480398654937744
Test Loss: 0.0000, Test Accuracy: 0.9500, Energy: -4546744.5
Time taken:  11.636021137237549
Test Loss: 0.0000, Test Accuracy: 0.9500, Energy: -4546744.5
Time taken:  11.550626754760742
Test Loss: 0.0000, Test Accuracy: 0.9500, Energy: -4546744.5
Time taken:  11.515299081802368
Test Loss: 0.0000, Test Accuracy: 0.9500, Energy: -4546744.5
Time taken:  11.548447132110596
Test Loss: 0.0000, Test Accuracy: 0.9500, Energy: -4546744.5
Time taken:  11.56037187576294
Test Loss: 0.0000, Test Accuracy: 0.9500, Energy: -4546744.5
Time taken:  11.637421131134033
Test Loss: 0.0000, Test Accuracy: 0.9500, Energy: -4546744.5
Time taken:  11.532493829727173
Test Loss: 0.0000, Test Accuracy: 0.9500, Energy: -4546744.5
Time taken:  11.51425290107727
Test Loss: 0.0000, Test Accuracy: 0.9500, Energy: -4546744.5
Time taken:  11.521790027618408
Test Loss: 0.0000, Test Accuracy: 0.9500, Energy: -4546744.5
Time taken:  11.511972427368164
Test Loss: 0.0000, Test Accuracy: 0.9500, Energy: -4546744.5
Time taken:  11.6343994140625
Test Loss: 0.0000, Test Accuracy: 0.9500, Energy: -4546744.5
Time taken:  11.550300121307373
Test Loss: 0.0000, Test Accuracy: 0.9500, Energy: -4546744.5
Time taken:  11.546584367752075
Test Loss: 0.0000, Test Accuracy: 0.9500, Energy: -4546744.5
Time taken:  11.512027502059937
Test Loss: 0.0000, Test Accuracy: 0.9500, Energy: -4546744.5
Time taken:  11.488937139511108
Test Loss: 0.0000, Test Accuracy: 0.9500, Energy: -4546744.5
Time taken:  11.5659921169281
Test Loss: 0.0000, Test Accuracy: 0.9500, Energy: -4546744.5
Time taken:  11.505645036697388
Test Loss: 0.0000, Test Accuracy: 0.9500, Energy: -4546744.5
Time taken:  11.518619298934937
Test Loss: 0.0000, Test Accuracy: 0.9500, Energy: -4546744.5
Time taken:  11.48978853225708
Test Loss: 0.0000, Test Accuracy: 0.9500, Energy: -4546744.5
Time taken:  11.470019340515137
Test Loss: 0.0000, Test Accuracy: 0.9500, Energy: -4546744.5
Time taken:  11.61512041091919
Test Loss: 0.0000, Test Accuracy: 0.9500, Energy: -4546744.5
Time taken:  11.479467868804932
Test Loss: 0.0000, Test Accuracy: 0.9500, Energy: -4546744.5
Time taken:  11.503618240356445
Test Loss: 0.0000, Test Accuracy: 0.9500, Energy: -4546744.5
Time taken:  11.474951982498169
Test Loss: 0.0000, Test Accuracy: 0.9500, Energy: -4546744.5
Time taken:  11.492080450057983
Test Loss: 0.0000, Test Accuracy: 0.9500, Energy: -4546744.5
Time taken:  11.59839415550232
Test Loss: 0.0000, Test Accuracy: 0.9500, Energy: -4546744.5
Time taken:  11.479688167572021
Test Loss: 0.0000, Test Accuracy: 0.9500, Energy: -4546744.5
Time taken:  11.482426881790161
Test Loss: 0.0000, Test Accuracy: 0.9500, Energy: -4546744.5
Time taken:  11.499254703521729
Test Loss: 0.0000, Test Accuracy: 0.9500, Energy: -4546744.5
Time taken:  11.471373796463013
Test Loss: 0.0000, Test Accuracy: 0.9500, Energy: -4546744.5
Time taken:  11.604989528656006
Test Loss: 0.0000, Test Accuracy: 0.9500, Energy: -4546744.5
Time taken:  11.512009859085083
Test Loss: 0.0000, Test Accuracy: 0.9500, Energy: -4546744.5
Time taken:  11.504318475723267
Test Loss: 0.0000, Test Accuracy: 0.9500, Energy: -4546744.5
Time taken:  11.493713140487671
Test Loss: 0.0000, Test Accuracy: 0.9500, Energy: -4546744.5
Time taken:  11.48524808883667
Test Loss: 0.0000, Test Accuracy: 0.9500, Energy: -4546744.5
Time taken:  11.600281000137329
Test Loss: 0.0000, Test Accuracy: 0.9500, Energy: -4546744.5
Time taken:  11.47119402885437
Test Loss: 0.0000, Test Accuracy: 0.9500, Energy: -4546744.5
Time taken:  11.466471195220947
Test Loss: 0.0000, Test Accuracy: 0.9500, Energy: -4546744.5
Time taken:  11.50323224067688
Test Loss: 0.0000, Test Accuracy: 0.9500, Energy: -4546744.5
Time taken:  11.458920240402222
Test Loss: 0.0000, Test Accuracy: 0.9500, Energy: -4546744.5
Time taken:  11.5794358253479
Test Loss: 0.0000, Test Accuracy: 0.9500, Energy: -4546744.5
Time taken:  11.513392925262451
Test Loss: 0.0000, Test Accuracy: 0.9500, Energy: -4546744.5
Time taken:  11.472444295883179
Test Loss: 0.0000, Test Accuracy: 0.9500, Energy: -4546744.5
Time taken:  11.496471166610718
Test Loss: 0.0000, Test Accuracy: 0.9500, Energy: -4546744.5
Time taken:  11.475558996200562
Test Loss: 0.0000, Test Accuracy: 0.9500, Energy: -4546744.5
Time taken:  11.607115507125854
Test Loss: 0.0000, Test Accuracy: 0.9500, Energy: -4546744.5
Time taken:  11.506896257400513
Test Loss: 0.0000, Test Accuracy: 0.9500, Energy: -4546744.5
Time taken:  11.466049671173096
Test Loss: 0.0000, Test Accuracy: 0.9500, Energy: -4546744.5
Time taken:  11.487493991851807
Test Loss: 0.0000, Test Accuracy: 0.9500, Energy: -4546744.5
Time taken:  11.46091341972351
Test Loss: 0.0000, Test Accuracy: 0.9500, Energy: -4546744.5
Time taken:  11.620116233825684
Test Loss: 0.0000, Test Accuracy: 0.9500, Energy: -4546744.5
Time taken:  11.507900476455688
Test Loss: 0.0000, Test Accuracy: 0.9500, Energy: -4546744.5
Time taken:  11.467910528182983
Test Loss: 0.0000, Test Accuracy: 0.9500, Energy: -4546744.5
Time taken:  11.516388654708862
Test Loss: 0.0000, Test Accuracy: 0.9500, Energy: -4546744.5
Time taken:  11.452382802963257
Test Loss: 0.0000, Test Accuracy: 0.9500, Energy: -4546744.5
Time taken:  11.602921962738037
Test Loss: 0.0000, Test Accuracy: 0.9500, Energy: -4546744.5
Time taken:  11.53019666671753
Test Loss: 0.0000, Test Accuracy: 0.9500, Energy: -4546744.5
Time taken:  11.482086896896362
Test Loss: 0.0000, Test Accuracy: 0.9500, Energy: -4546744.5
Time taken:  11.490859031677246
Test Loss: 0.0000, Test Accuracy: 0.9500, Energy: -4546744.5
Time taken:  11.490878105163574
Test Loss: 0.0000, Test Accuracy: 0.9500, Energy: -4546744.5
Time taken:  11.56941819190979
Test Loss: 0.0000, Test Accuracy: 0.9500, Energy: -4546744.5
Time taken:  11.481165647506714
Test Loss: 0.0000, Test Accuracy: 0.9500, Energy: -4546744.0
Time taken:  11.45102834701538
Test Loss: 0.0000, Test Accuracy: 0.9500, Energy: -4546744.0
Time taken:  11.490524053573608
Test Loss: 0.0000, Test Accuracy: 0.9500, Energy: -4546744.0
Time taken:  11.506586074829102
Test Loss: 0.0000, Test Accuracy: 0.9500, Energy: -4546744.0
Time taken:  11.558627128601074
Test Loss: 0.0000, Test Accuracy: 0.9500, Energy: -4546744.0
Time taken:  11.49706220626831
Test Loss: 0.0000, Test Accuracy: 0.9500, Energy: -4546744.0
Time taken:  11.463963031768799
Test Loss: 0.0000, Test Accuracy: 0.9500, Energy: -4546744.0
Time taken:  11.485686302185059
Test Loss: 0.0000, Test Accuracy: 0.9500, Energy: -4546744.0
Time taken:  11.468467473983765
Test Loss: 0.0000, Test Accuracy: 0.9500, Energy: -4546744.0
Time taken:  11.55176568031311
Final accuracies: [0.9666666666666667, 0.9366666666666666, 0.9233333333333333, 0.9466666666666667, 0.95, 0.9433333333333334, 0.9533333333333334, 0.9533333333333334, 0.95, 0.95, 0.95, 0.95, 0.95, 0.95, 0.95, 0.95, 0.95, 0.95, 0.95, 0.95, 0.95, 0.95, 0.95, 0.95, 0.95, 0.95, 0.95, 0.95, 0.95, 0.95, 0.95, 0.95, 0.95, 0.95, 0.95, 0.95, 0.95, 0.95, 0.95, 0.95, 0.95, 0.95, 0.95, 0.95, 0.95, 0.95, 0.95, 0.95, 0.95, 0.95, 0.95, 0.95, 0.95, 0.95, 0.95, 0.95, 0.95, 0.95, 0.95, 0.95, 0.95, 0.95, 0.95, 0.95, 0.95, 0.95, 0.95, 0.95, 0.95, 0.95, 0.95, 0.95, 0.95, 0.95, 0.95, 0.95, 0.95, 0.95, 0.95, 0.95, 0.95, 0.95, 0.95, 0.95, 0.95, 0.95, 0.95, 0.95, 0.95, 0.95, 0.95, 0.95, 0.95, 0.95, 0.95, 0.95, 0.95, 0.95, 0.95, 0.95]
Final energies: [-634328.5, -1044523.1875, -1787518.125, -5404348.0, -4101879.75, -4842373.0, -4648859.5, -4606578.5, -4546746.0, -4546744.5, -4546744.5, -4546744.5, -4546744.5, -4546744.5, -4546744.5, -4546744.5, -4546744.5, -4546744.5, -4546744.5, -4546744.5, -4546744.5, -4546744.5, -4546744.5, -4546744.5, -4546744.5, -4546744.5, -4546744.5, -4546744.5, -4546744.5, -4546744.5, -4546744.5, -4546744.5, -4546744.5, -4546744.5, -4546744.5, -4546744.5, -4546744.5, -4546744.5, -4546744.5, -4546744.5, -4546744.5, -4546744.5, -4546744.5, -4546744.5, -4546744.5, -4546744.5, -4546744.5, -4546744.5, -4546744.5, -4546744.5, -4546744.5, -4546744.5, -4546744.5, -4546744.5, -4546744.5, -4546744.5, -4546744.5, -4546744.5, -4546744.5, -4546744.5, -4546744.5, -4546744.5, -4546744.5, -4546744.5, -4546744.5, -4546744.5, -4546744.5, -4546744.5, -4546744.5, -4546744.5, -4546744.5, -4546744.5, -4546744.5, -4546744.5, -4546744.5, -4546744.5, -4546744.5, -4546744.5, -4546744.5, -4546744.5, -4546744.5, -4546744.5, -4546744.5, -4546744.5, -4546744.5, -4546744.5, -4546744.5, -4546744.5, -4546744.5, -4546744.5, -4546744.5, -4546744.0, -4546744.0, -4546744.0, -4546744.0, -4546744.0, -4546744.0, -4546744.0, -4546744.0, -4546744.0]
