Running with parameters: hidden=100, use_coupled=false, seed=3, lam=0.0, eta=0.0, batch=1
Test Loss: 0.0000, Test Accuracy: 0.9533, Energy: -1156451.75
Time taken:  11.676125764846802
Test Loss: 0.0000, Test Accuracy: 0.5000, Energy: -1079311.625
Time taken:  11.504225969314575
Test Loss: 0.0000, Test Accuracy: 0.9800, Energy: -687137.625
Time taken:  11.52221941947937
Test Loss: 0.0000, Test Accuracy: 0.9800, Energy: -754416.1875
Time taken:  11.483622789382935
Test Loss: 0.0000, Test Accuracy: 0.9800, Energy: -804463.0
Time taken:  11.625312566757202
Test Loss: 0.0000, Test Accuracy: 0.9800, Energy: -814614.1875
Time taken:  11.506741762161255
Test Loss: 0.0000, Test Accuracy: 0.9800, Energy: -821433.375
Time taken:  11.542188167572021
Test Loss: 0.0000, Test Accuracy: 0.9800, Energy: -827277.375
Time taken:  11.529779195785522
Test Loss: 0.0000, Test Accuracy: 0.9800, Energy: -832587.4375
Time taken:  11.49513840675354
Test Loss: 0.0000, Test Accuracy: 0.9800, Energy: -841812.1875
Time taken:  11.589515924453735
Test Loss: 0.0000, Test Accuracy: 0.9800, Energy: -942104.125
Time taken:  11.518545866012573
Test Loss: 0.0000, Test Accuracy: 0.9800, Energy: -962014.125
Time taken:  11.498303651809692
Test Loss: 0.0000, Test Accuracy: 0.9800, Energy: -965513.4375
Time taken:  11.497888326644897
Test Loss: 0.0000, Test Accuracy: 0.9800, Energy: -968415.125
Time taken:  11.517532587051392
Test Loss: 0.0000, Test Accuracy: 0.9800, Energy: -970205.5
Time taken:  11.60927677154541
Test Loss: 0.0000, Test Accuracy: 0.9800, Energy: -971641.3125
Time taken:  11.507980346679688
Test Loss: 0.0000, Test Accuracy: 0.9800, Energy: -973750.4375
Time taken:  11.503212690353394
Test Loss: 0.0000, Test Accuracy: 0.9800, Energy: -975352.1875
Time taken:  11.478313446044922
Test Loss: 0.0000, Test Accuracy: 0.9800, Energy: -976989.125
Time taken:  11.504478931427002
Test Loss: 0.0000, Test Accuracy: 0.9800, Energy: -978706.4375
Time taken:  11.630241870880127
Test Loss: 0.0000, Test Accuracy: 0.9800, Energy: -981073.0625
Time taken:  11.520213603973389
Test Loss: 0.0000, Test Accuracy: 0.9800, Energy: -983286.4375
Time taken:  11.507458209991455
Test Loss: 0.0000, Test Accuracy: 0.9800, Energy: -986213.1875
Time taken:  11.509538888931274
Test Loss: 0.0000, Test Accuracy: 0.9800, Energy: -988863.625
Time taken:  11.51000452041626
Test Loss: 0.0000, Test Accuracy: 0.9800, Energy: -992796.375
Time taken:  11.597813844680786
Test Loss: 0.0000, Test Accuracy: 0.9800, Energy: -998962.375
Time taken:  11.526354789733887
Test Loss: 0.0000, Test Accuracy: 0.9800, Energy: -1011540.8125
Time taken:  11.48796010017395
Test Loss: 0.0000, Test Accuracy: 0.9800, Energy: -1029183.25
Time taken:  11.524545192718506
Test Loss: 0.0000, Test Accuracy: 0.9800, Energy: -1051099.375
Time taken:  11.508569955825806
Test Loss: 0.0000, Test Accuracy: 0.9800, Energy: -1096901.5
Time taken:  11.612795352935791
Test Loss: 0.0000, Test Accuracy: 0.9800, Energy: -1123066.25
Time taken:  11.541488409042358
Test Loss: 0.0000, Test Accuracy: 0.9800, Energy: -1131236.125
Time taken:  11.491944551467896
Test Loss: 0.0000, Test Accuracy: 0.9800, Energy: -1133407.625
Time taken:  11.499897003173828
Test Loss: 0.0000, Test Accuracy: 0.9800, Energy: -1135492.75
Time taken:  11.483110189437866
Test Loss: 0.0000, Test Accuracy: 0.9800, Energy: -1137156.0
Time taken:  11.603681564331055
Test Loss: 0.0000, Test Accuracy: 0.9800, Energy: -1138683.25
Time taken:  11.508392095565796
Test Loss: 0.0000, Test Accuracy: 0.9800, Energy: -1140209.0
Time taken:  11.492071628570557
Test Loss: 0.0000, Test Accuracy: 0.9800, Energy: -1141722.0
Time taken:  11.497377634048462
Test Loss: 0.0000, Test Accuracy: 0.9800, Energy: -1142680.625
Time taken:  11.494703531265259
Test Loss: 0.0000, Test Accuracy: 0.9800, Energy: -1143937.75
Time taken:  11.605745315551758
Test Loss: 0.0000, Test Accuracy: 0.9800, Energy: -1144879.875
Time taken:  11.483191728591919
Test Loss: 0.0000, Test Accuracy: 0.9800, Energy: -1145892.75
Time taken:  11.505450963973999
Test Loss: 0.0000, Test Accuracy: 0.9800, Energy: -1146950.0
Time taken:  11.493777513504028
Test Loss: 0.0000, Test Accuracy: 0.9800, Energy: -1148140.125
Time taken:  11.500651359558105
Test Loss: 0.0000, Test Accuracy: 0.9800, Energy: -1149112.0
Time taken:  11.602665185928345
Test Loss: 0.0000, Test Accuracy: 0.9800, Energy: -1150034.25
Time taken:  11.474196910858154
Test Loss: 0.0000, Test Accuracy: 0.9800, Energy: -1150798.125
Time taken:  11.494792461395264
Test Loss: 0.0000, Test Accuracy: 0.9800, Energy: -1151643.75
Time taken:  11.456656217575073
Test Loss: 0.0000, Test Accuracy: 0.9800, Energy: -1152474.875
Time taken:  11.497439861297607
Test Loss: 0.0000, Test Accuracy: 0.9800, Energy: -1153273.125
Time taken:  11.58731985092163
Test Loss: 0.0000, Test Accuracy: 0.9800, Energy: -1153971.375
Time taken:  11.465962648391724
Test Loss: 0.0000, Test Accuracy: 0.9800, Energy: -1154731.875
Time taken:  11.503943681716919
Test Loss: 0.0000, Test Accuracy: 0.9800, Energy: -1155478.125
Time taken:  11.48097825050354
Test Loss: 0.0000, Test Accuracy: 0.9800, Energy: -1156433.5
Time taken:  11.516051292419434
Test Loss: 0.0000, Test Accuracy: 0.9800, Energy: -1157100.25
Time taken:  11.616154432296753
Test Loss: 0.0000, Test Accuracy: 0.9800, Energy: -1157594.625
Time taken:  11.507638931274414
Test Loss: 0.0000, Test Accuracy: 0.9800, Energy: -1158163.0
Time taken:  11.510377883911133
Test Loss: 0.0000, Test Accuracy: 0.9800, Energy: -1158807.0
Time taken:  11.510183811187744
Test Loss: 0.0000, Test Accuracy: 0.9800, Energy: -1159481.125
Time taken:  11.497146368026733
Test Loss: 0.0000, Test Accuracy: 0.9800, Energy: -1160056.625
Time taken:  11.616591691970825
Test Loss: 0.0000, Test Accuracy: 0.9800, Energy: -1160647.375
Time taken:  11.484214305877686
Test Loss: 0.0000, Test Accuracy: 0.9800, Energy: -1161166.375
Time taken:  11.49702787399292
Test Loss: 0.0000, Test Accuracy: 0.9800, Energy: -1161678.0
Time taken:  11.481699705123901
Test Loss: 0.0000, Test Accuracy: 0.9800, Energy: -1162326.0
Time taken:  11.477506875991821
Test Loss: 0.0000, Test Accuracy: 0.9800, Energy: -1163052.75
Time taken:  11.60034728050232
Test Loss: 0.0000, Test Accuracy: 0.9800, Energy: -1163606.875
Time taken:  11.507356882095337
Test Loss: 0.0000, Test Accuracy: 0.9800, Energy: -1164051.5
Time taken:  11.492968797683716
Test Loss: 0.0000, Test Accuracy: 0.9800, Energy: -1164718.625
Time taken:  11.509469509124756
Test Loss: 0.0000, Test Accuracy: 0.9800, Energy: -1165380.375
Time taken:  11.484031915664673
Test Loss: 0.0000, Test Accuracy: 0.9800, Energy: -1166155.0
Time taken:  11.629290103912354
Test Loss: 0.0000, Test Accuracy: 0.9800, Energy: -1166641.25
Time taken:  11.494809627532959
Test Loss: 0.0000, Test Accuracy: 0.9800, Energy: -1167301.125
Time taken:  11.49642825126648
Test Loss: 0.0000, Test Accuracy: 0.9800, Energy: -1167733.75
Time taken:  11.46291708946228
Test Loss: 0.0000, Test Accuracy: 0.9800, Energy: -1168185.25
Time taken:  11.486118793487549
Test Loss: 0.0000, Test Accuracy: 0.9800, Energy: -1168651.125
Time taken:  11.60878610610962
Test Loss: 0.0000, Test Accuracy: 0.9800, Energy: -1169031.125
Time taken:  11.499359846115112
Test Loss: 0.0000, Test Accuracy: 0.9800, Energy: -1169497.375
Time taken:  11.493484497070312
Test Loss: 0.0000, Test Accuracy: 0.9800, Energy: -1170051.0
Time taken:  11.504071712493896
Test Loss: 0.0000, Test Accuracy: 0.9800, Energy: -1170567.25
Time taken:  11.493268966674805
Test Loss: 0.0000, Test Accuracy: 0.9800, Energy: -1171060.875
Time taken:  11.614060640335083
Test Loss: 0.0000, Test Accuracy: 0.9800, Energy: -1171609.5
Time taken:  11.509911060333252
Test Loss: 0.0000, Test Accuracy: 0.9800, Energy: -1171927.625
Time taken:  11.494760274887085
Test Loss: 0.0000, Test Accuracy: 0.9800, Energy: -1172524.25
Time taken:  11.505876064300537
Test Loss: 0.0000, Test Accuracy: 0.9800, Energy: -1172907.125
Time taken:  11.48402214050293
Test Loss: 0.0000, Test Accuracy: 0.9800, Energy: -1173452.375
Time taken:  11.602595567703247
Test Loss: 0.0000, Test Accuracy: 0.9800, Energy: -1173870.5
Time taken:  11.504559993743896
Test Loss: 0.0000, Test Accuracy: 0.9800, Energy: -1174259.375
Time taken:  11.48654818534851
Test Loss: 0.0000, Test Accuracy: 0.9800, Energy: -1174763.5
Time taken:  11.49372386932373
Test Loss: 0.0000, Test Accuracy: 0.9800, Energy: -1175270.0
Time taken:  11.478543996810913
Test Loss: 0.0000, Test Accuracy: 0.9800, Energy: -1175810.125
Time taken:  11.61930775642395
Test Loss: 0.0000, Test Accuracy: 0.9800, Energy: -1176349.5
Time taken:  11.53077507019043
Test Loss: 0.0000, Test Accuracy: 0.9800, Energy: -1176823.5
Time taken:  11.509847402572632
Test Loss: 0.0000, Test Accuracy: 0.9800, Energy: -1177189.75
Time taken:  11.499770402908325
Test Loss: 0.0000, Test Accuracy: 0.9800, Energy: -1177703.625
Time taken:  11.504778623580933
Test Loss: 0.0000, Test Accuracy: 0.9800, Energy: -1178103.625
Time taken:  11.58920669555664
Test Loss: 0.0000, Test Accuracy: 0.9800, Energy: -1178445.375
Time taken:  11.499889135360718
Test Loss: 0.0000, Test Accuracy: 0.9800, Energy: -1178735.625
Time taken:  11.488818883895874
Test Loss: 0.0000, Test Accuracy: 0.9800, Energy: -1179250.75
Time taken:  11.486492156982422
Test Loss: 0.0000, Test Accuracy: 0.9800, Energy: -1179727.375
Time taken:  11.509466886520386
Test Loss: 0.0000, Test Accuracy: 0.9800, Energy: -1180283.75
Time taken:  11.58856463432312
Final accuracies: [0.9533333333333334, 0.5, 0.98, 0.98, 0.98, 0.98, 0.98, 0.98, 0.98, 0.98, 0.98, 0.98, 0.98, 0.98, 0.98, 0.98, 0.98, 0.98, 0.98, 0.98, 0.98, 0.98, 0.98, 0.98, 0.98, 0.98, 0.98, 0.98, 0.98, 0.98, 0.98, 0.98, 0.98, 0.98, 0.98, 0.98, 0.98, 0.98, 0.98, 0.98, 0.98, 0.98, 0.98, 0.98, 0.98, 0.98, 0.98, 0.98, 0.98, 0.98, 0.98, 0.98, 0.98, 0.98, 0.98, 0.98, 0.98, 0.98, 0.98, 0.98, 0.98, 0.98, 0.98, 0.98, 0.98, 0.98, 0.98, 0.98, 0.98, 0.98, 0.98, 0.98, 0.98, 0.98, 0.98, 0.98, 0.98, 0.98, 0.98, 0.98, 0.98, 0.98, 0.98, 0.98, 0.98, 0.98, 0.98, 0.98, 0.98, 0.98, 0.98, 0.98, 0.98, 0.98, 0.98, 0.98, 0.98, 0.98, 0.98, 0.98]
Final energies: [-1156451.75, -1079311.625, -687137.625, -754416.1875, -804463.0, -814614.1875, -821433.375, -827277.375, -832587.4375, -841812.1875, -942104.125, -962014.125, -965513.4375, -968415.125, -970205.5, -971641.3125, -973750.4375, -975352.1875, -976989.125, -978706.4375, -981073.0625, -983286.4375, -986213.1875, -988863.625, -992796.375, -998962.375, -1011540.8125, -1029183.25, -1051099.375, -1096901.5, -1123066.25, -1131236.125, -1133407.625, -1135492.75, -1137156.0, -1138683.25, -1140209.0, -1141722.0, -1142680.625, -1143937.75, -1144879.875, -1145892.75, -1146950.0, -1148140.125, -1149112.0, -1150034.25, -1150798.125, -1151643.75, -1152474.875, -1153273.125, -1153971.375, -1154731.875, -1155478.125, -1156433.5, -1157100.25, -1157594.625, -1158163.0, -1158807.0, -1159481.125, -1160056.625, -1160647.375, -1161166.375, -1161678.0, -1162326.0, -1163052.75, -1163606.875, -1164051.5, -1164718.625, -1165380.375, -1166155.0, -1166641.25, -1167301.125, -1167733.75, -1168185.25, -1168651.125, -1169031.125, -1169497.375, -1170051.0, -1170567.25, -1171060.875, -1171609.5, -1171927.625, -1172524.25, -1172907.125, -1173452.375, -1173870.5, -1174259.375, -1174763.5, -1175270.0, -1175810.125, -1176349.5, -1176823.5, -1177189.75, -1177703.625, -1178103.625, -1178445.375, -1178735.625, -1179250.75, -1179727.375, -1180283.75]
