Running with parameters: hidden=50, use_coupled=true, seed=19, lam=0.0, eta=1.0, batch=100
Test Loss: 0.0000, Test Accuracy: 0.9033, Energy: -1315.59423828125
Time taken:  0.5781536102294922
Test Loss: 0.0000, Test Accuracy: 1.0000, Energy: -20379.369140625
Time taken:  0.5492825508117676
Test Loss: 0.0000, Test Accuracy: 1.0000, Energy: -121450.953125
Time taken:  0.4927818775177002
Test Loss: 0.0000, Test Accuracy: 1.0000, Energy: -292715.84375
Time taken:  0.4922807216644287
Test Loss: 0.0000, Test Accuracy: 0.9967, Energy: -468474.5625
Time taken:  0.48868751525878906
Test Loss: 0.0000, Test Accuracy: 0.9967, Energy: -629884.625
Time taken:  0.5029842853546143
Test Loss: 0.0000, Test Accuracy: 0.9967, Energy: -769625.75
Time taken:  0.4923877716064453
Test Loss: 0.0000, Test Accuracy: 0.9967, Energy: -891249.25
Time taken:  0.4910402297973633
Test Loss: 0.0000, Test Accuracy: 0.9967, Energy: -1001238.75
Time taken:  0.49964189529418945
Test Loss: 0.0000, Test Accuracy: 0.9967, Energy: -1101568.875
Time taken:  0.5035271644592285
Test Loss: 0.0000, Test Accuracy: 0.9967, Energy: -1190994.5
Time taken:  0.49553751945495605
Test Loss: 0.0000, Test Accuracy: 0.9967, Energy: -1271157.75
Time taken:  0.5100023746490479
Test Loss: 0.0000, Test Accuracy: 0.9967, Energy: -1343600.25
Time taken:  0.5087947845458984
Test Loss: 0.0000, Test Accuracy: 0.9967, Energy: -1408768.5
Time taken:  0.5081117153167725
Test Loss: 0.0000, Test Accuracy: 0.9967, Energy: -1467629.0
Time taken:  0.5062379837036133
Test Loss: 0.0000, Test Accuracy: 0.9967, Energy: -1522139.25
Time taken:  0.5089261531829834
Test Loss: 0.0000, Test Accuracy: 0.9967, Energy: -1570088.75
Time taken:  0.49769043922424316
Test Loss: 0.0000, Test Accuracy: 0.9967, Energy: -1612763.0
Time taken:  0.5005285739898682
Test Loss: 0.0000, Test Accuracy: 0.9967, Energy: -1651999.0
Time taken:  0.5016472339630127
Test Loss: 0.0000, Test Accuracy: 0.9967, Energy: -1688470.75
Time taken:  0.5108532905578613
Test Loss: 0.0000, Test Accuracy: 0.9967, Energy: -1722194.25
Time taken:  0.5004379749298096
Test Loss: 0.0000, Test Accuracy: 0.9967, Energy: -1752401.25
Time taken:  0.492786169052124
Test Loss: 0.0000, Test Accuracy: 0.9967, Energy: -1778407.25
Time taken:  0.4949686527252197
Test Loss: 0.0000, Test Accuracy: 0.9967, Energy: -1802913.75
Time taken:  0.5093908309936523
Test Loss: 0.0000, Test Accuracy: 0.9967, Energy: -1824450.0
Time taken:  0.49456071853637695
Test Loss: 0.0000, Test Accuracy: 0.9967, Energy: -1844160.75
Time taken:  0.509239673614502
Test Loss: 0.0000, Test Accuracy: 0.9967, Energy: -1862051.375
Time taken:  0.5120618343353271
Test Loss: 0.0000, Test Accuracy: 0.9967, Energy: -1878423.0
Time taken:  0.49288487434387207
Test Loss: 0.0000, Test Accuracy: 0.9967, Energy: -1893878.25
Time taken:  0.5299644470214844
Test Loss: 0.0000, Test Accuracy: 0.9967, Energy: -1907747.5
Time taken:  0.5283517837524414
Test Loss: 0.0000, Test Accuracy: 0.9967, Energy: -1919732.375
Time taken:  0.5522129535675049
Test Loss: 0.0000, Test Accuracy: 0.9967, Energy: -1931313.0
Time taken:  0.4988985061645508
Test Loss: 0.0000, Test Accuracy: 0.9967, Energy: -1942237.5
Time taken:  0.5025064945220947
Test Loss: 0.0000, Test Accuracy: 0.9967, Energy: -1951469.75
Time taken:  0.49645423889160156
Test Loss: 0.0000, Test Accuracy: 0.9967, Energy: -1960549.875
Time taken:  0.5009186267852783
Test Loss: 0.0000, Test Accuracy: 0.9967, Energy: -1968113.125
Time taken:  0.5102989673614502
Test Loss: 0.0000, Test Accuracy: 0.9967, Energy: -1975098.25
Time taken:  0.4903087615966797
Test Loss: 0.0000, Test Accuracy: 0.9967, Energy: -1980841.25
Time taken:  0.5064778327941895
Test Loss: 0.0000, Test Accuracy: 0.9967, Energy: -1986677.0
Time taken:  0.49632811546325684
Test Loss: 0.0000, Test Accuracy: 0.9967, Energy: -1991577.875
Time taken:  0.5021252632141113
Test Loss: 0.0000, Test Accuracy: 0.9967, Energy: -1996229.125
Time taken:  0.5081179141998291
Test Loss: 0.0000, Test Accuracy: 0.9967, Energy: -2000332.875
Time taken:  0.503596305847168
Test Loss: 0.0000, Test Accuracy: 0.9967, Energy: -2004449.5
Time taken:  0.489926815032959
Test Loss: 0.0000, Test Accuracy: 0.9967, Energy: -2007572.75
Time taken:  0.506523609161377
Test Loss: 0.0000, Test Accuracy: 0.9967, Energy: -2010854.5
Time taken:  0.5017929077148438
Test Loss: 0.0000, Test Accuracy: 0.9967, Energy: -2013315.875
Time taken:  0.4913365840911865
Test Loss: 0.0000, Test Accuracy: 0.9967, Energy: -2015975.75
Time taken:  0.503680944442749
Test Loss: 0.0000, Test Accuracy: 0.9967, Energy: -2018403.625
Time taken:  0.5018396377563477
Test Loss: 0.0000, Test Accuracy: 0.9967, Energy: -2020433.0
Time taken:  0.49790525436401367
Test Loss: 0.0000, Test Accuracy: 0.9967, Energy: -2022514.75
Time taken:  0.5046219825744629
Test Loss: 0.0000, Test Accuracy: 0.9967, Energy: -2024331.0
Time taken:  0.5035660266876221
Test Loss: 0.0000, Test Accuracy: 0.9967, Energy: -2026003.0
Time taken:  0.4895145893096924
Test Loss: 0.0000, Test Accuracy: 0.9967, Energy: -2027532.75
Time taken:  0.502575159072876
Test Loss: 0.0000, Test Accuracy: 0.9967, Energy: -2029446.5
Time taken:  0.5251193046569824
Test Loss: 0.0000, Test Accuracy: 0.9967, Energy: -2030780.375
Time taken:  0.5201594829559326
Test Loss: 0.0000, Test Accuracy: 0.9967, Energy: -2031734.5
Time taken:  0.5030198097229004
Test Loss: 0.0000, Test Accuracy: 0.9967, Energy: -2032806.875
Time taken:  0.5468831062316895
Test Loss: 0.0000, Test Accuracy: 0.9967, Energy: -2033818.5
Time taken:  0.5017991065979004
Test Loss: 0.0000, Test Accuracy: 0.9967, Energy: -2034646.625
Time taken:  0.4996814727783203
Test Loss: 0.0000, Test Accuracy: 0.9967, Energy: -2035284.375
Time taken:  0.5006120204925537
Test Loss: 0.0000, Test Accuracy: 0.9967, Energy: -2035735.75
Time taken:  0.4945800304412842
Test Loss: 0.0000, Test Accuracy: 0.9967, Energy: -2036314.25
Time taken:  0.5077862739562988
Test Loss: 0.0000, Test Accuracy: 0.9967, Energy: -2036995.25
Time taken:  0.5117511749267578
Test Loss: 0.0000, Test Accuracy: 0.9967, Energy: -2037526.5
Time taken:  0.4940950870513916
Test Loss: 0.0000, Test Accuracy: 0.9967, Energy: -2037685.125
Time taken:  0.5012357234954834
Test Loss: 0.0000, Test Accuracy: 0.9967, Energy: -2038119.5
Time taken:  0.500802755355835
Test Loss: 0.0000, Test Accuracy: 0.9967, Energy: -2038462.5
Time taken:  0.511507511138916
Test Loss: 0.0000, Test Accuracy: 0.9967, Energy: -2038742.75
Time taken:  0.49832653999328613
Test Loss: 0.0000, Test Accuracy: 0.9967, Energy: -2039032.5
Time taken:  0.5193212032318115
Test Loss: 0.0000, Test Accuracy: 0.9967, Energy: -2039317.5
Time taken:  0.495807409286499
Test Loss: 0.0000, Test Accuracy: 0.9967, Energy: -2039580.0
Time taken:  0.5441610813140869
Test Loss: 0.0000, Test Accuracy: 0.9967, Energy: -2039826.75
Time taken:  0.5001733303070068
Test Loss: 0.0000, Test Accuracy: 0.9967, Energy: -2040008.25
Time taken:  0.48688530921936035
Test Loss: 0.0000, Test Accuracy: 0.9967, Energy: -2040248.5
Time taken:  0.4958038330078125
Test Loss: 0.0000, Test Accuracy: 0.9967, Energy: -2040483.25
Time taken:  0.49517822265625
Test Loss: 0.0000, Test Accuracy: 0.9967, Energy: -2040643.25
Time taken:  0.4936079978942871
Test Loss: 0.0000, Test Accuracy: 0.9967, Energy: -2040792.0
Time taken:  0.5079002380371094
Test Loss: 0.0000, Test Accuracy: 0.9967, Energy: -2040921.75
Time taken:  0.5086290836334229
Test Loss: 0.0000, Test Accuracy: 0.9967, Energy: -2041062.375
Time taken:  0.4928410053253174
Test Loss: 0.0000, Test Accuracy: 0.9967, Energy: -2041153.375
Time taken:  0.49895644187927246
Test Loss: 0.0000, Test Accuracy: 0.9967, Energy: -2041272.75
Time taken:  0.48781824111938477
Test Loss: 0.0000, Test Accuracy: 0.9967, Energy: -2041363.75
Time taken:  0.5058126449584961
Test Loss: 0.0000, Test Accuracy: 0.9967, Energy: -2041408.75
Time taken:  0.49714207649230957
Test Loss: 0.0000, Test Accuracy: 0.9967, Energy: -2041471.5
Time taken:  0.49440503120422363
Test Loss: 0.0000, Test Accuracy: 0.9967, Energy: -2041532.25
Time taken:  0.5129187107086182
Test Loss: 0.0000, Test Accuracy: 0.9967, Energy: -2041592.0
Time taken:  0.49599719047546387
Test Loss: 0.0000, Test Accuracy: 0.9967, Energy: -2041666.5
Time taken:  0.4929325580596924
Test Loss: 0.0000, Test Accuracy: 0.9967, Energy: -2041684.375
Time taken:  0.5033941268920898
Test Loss: 0.0000, Test Accuracy: 0.9967, Energy: -2041346.0
Time taken:  0.5064671039581299
Test Loss: 0.0000, Test Accuracy: 0.9967, Energy: -2041398.75
Time taken:  0.4955916404724121
Test Loss: 0.0000, Test Accuracy: 0.9967, Energy: -2041427.75
Time taken:  0.5036866664886475
Test Loss: 0.0000, Test Accuracy: 0.9967, Energy: -2041453.75
Time taken:  0.5048527717590332
Test Loss: 0.0000, Test Accuracy: 0.9967, Energy: -2041465.25
Time taken:  0.49168825149536133
Test Loss: 0.0000, Test Accuracy: 0.9967, Energy: -2041495.75
Time taken:  0.5023834705352783
Test Loss: 0.0000, Test Accuracy: 0.9967, Energy: -2041522.5
Time taken:  0.5043926239013672
Test Loss: 0.0000, Test Accuracy: 0.9967, Energy: -2041538.375
Time taken:  0.49234890937805176
Test Loss: 0.0000, Test Accuracy: 0.9967, Energy: -2041552.25
Time taken:  0.4948089122772217
Test Loss: 0.0000, Test Accuracy: 0.9967, Energy: -2041564.25
Time taken:  0.4891021251678467
Test Loss: 0.0000, Test Accuracy: 0.9967, Energy: -2041582.125
Time taken:  0.4503345489501953
Test Loss: 0.0000, Test Accuracy: 0.9967, Energy: -2041591.0
Time taken:  0.413546085357666
Final accuracies: [0.9033333333333333, 1.0, 1.0, 1.0, 0.9966666666666667, 0.9966666666666667, 0.9966666666666667, 0.9966666666666667, 0.9966666666666667, 0.9966666666666667, 0.9966666666666667, 0.9966666666666667, 0.9966666666666667, 0.9966666666666667, 0.9966666666666667, 0.9966666666666667, 0.9966666666666667, 0.9966666666666667, 0.9966666666666667, 0.9966666666666667, 0.9966666666666667, 0.9966666666666667, 0.9966666666666667, 0.9966666666666667, 0.9966666666666667, 0.9966666666666667, 0.9966666666666667, 0.9966666666666667, 0.9966666666666667, 0.9966666666666667, 0.9966666666666667, 0.9966666666666667, 0.9966666666666667, 0.9966666666666667, 0.9966666666666667, 0.9966666666666667, 0.9966666666666667, 0.9966666666666667, 0.9966666666666667, 0.9966666666666667, 0.9966666666666667, 0.9966666666666667, 0.9966666666666667, 0.9966666666666667, 0.9966666666666667, 0.9966666666666667, 0.9966666666666667, 0.9966666666666667, 0.9966666666666667, 0.9966666666666667, 0.9966666666666667, 0.9966666666666667, 0.9966666666666667, 0.9966666666666667, 0.9966666666666667, 0.9966666666666667, 0.9966666666666667, 0.9966666666666667, 0.9966666666666667, 0.9966666666666667, 0.9966666666666667, 0.9966666666666667, 0.9966666666666667, 0.9966666666666667, 0.9966666666666667, 0.9966666666666667, 0.9966666666666667, 0.9966666666666667, 0.9966666666666667, 0.9966666666666667, 0.9966666666666667, 0.9966666666666667, 0.9966666666666667, 0.9966666666666667, 0.9966666666666667, 0.9966666666666667, 0.9966666666666667, 0.9966666666666667, 0.9966666666666667, 0.9966666666666667, 0.9966666666666667, 0.9966666666666667, 0.9966666666666667, 0.9966666666666667, 0.9966666666666667, 0.9966666666666667, 0.9966666666666667, 0.9966666666666667, 0.9966666666666667, 0.9966666666666667, 0.9966666666666667, 0.9966666666666667, 0.9966666666666667, 0.9966666666666667, 0.9966666666666667, 0.9966666666666667, 0.9966666666666667, 0.9966666666666667, 0.9966666666666667, 0.9966666666666667]
Final energies: [-1315.59423828125, -20379.369140625, -121450.953125, -292715.84375, -468474.5625, -629884.625, -769625.75, -891249.25, -1001238.75, -1101568.875, -1190994.5, -1271157.75, -1343600.25, -1408768.5, -1467629.0, -1522139.25, -1570088.75, -1612763.0, -1651999.0, -1688470.75, -1722194.25, -1752401.25, -1778407.25, -1802913.75, -1824450.0, -1844160.75, -1862051.375, -1878423.0, -1893878.25, -1907747.5, -1919732.375, -1931313.0, -1942237.5, -1951469.75, -1960549.875, -1968113.125, -1975098.25, -1980841.25, -1986677.0, -1991577.875, -1996229.125, -2000332.875, -2004449.5, -2007572.75, -2010854.5, -2013315.875, -2015975.75, -2018403.625, -2020433.0, -2022514.75, -2024331.0, -2026003.0, -2027532.75, -2029446.5, -2030780.375, -2031734.5, -2032806.875, -2033818.5, -2034646.625, -2035284.375, -2035735.75, -2036314.25, -2036995.25, -2037526.5, -2037685.125, -2038119.5, -2038462.5, -2038742.75, -2039032.5, -2039317.5, -2039580.0, -2039826.75, -2040008.25, -2040248.5, -2040483.25, -2040643.25, -2040792.0, -2040921.75, -2041062.375, -2041153.375, -2041272.75, -2041363.75, -2041408.75, -2041471.5, -2041532.25, -2041592.0, -2041666.5, -2041684.375, -2041346.0, -2041398.75, -2041427.75, -2041453.75, -2041465.25, -2041495.75, -2041522.5, -2041538.375, -2041552.25, -2041564.25, -2041582.125, -2041591.0]
