Running with parameters: hidden=50, use_coupled=true, seed=49, lam=0.0, eta=1.0, batch=100
Test Loss: 0.0000, Test Accuracy: 0.8667, Energy: -934.711181640625
Time taken:  0.5771057605743408
Test Loss: 0.0000, Test Accuracy: 0.9967, Energy: -17313.26953125
Time taken:  0.6147453784942627
Test Loss: 0.0000, Test Accuracy: 0.9967, Energy: -107717.140625
Time taken:  0.6562089920043945
Test Loss: 0.0000, Test Accuracy: 0.9967, Energy: -290190.90625
Time taken:  0.6247398853302002
Test Loss: 0.0000, Test Accuracy: 0.9967, Energy: -470279.8125
Time taken:  0.5691571235656738
Test Loss: 0.0000, Test Accuracy: 0.9967, Energy: -617921.6875
Time taken:  0.6168637275695801
Test Loss: 0.0000, Test Accuracy: 0.9967, Energy: -750741.0
Time taken:  0.6075100898742676
Test Loss: 0.0000, Test Accuracy: 0.9967, Energy: -870842.25
Time taken:  0.6242952346801758
Test Loss: 0.0000, Test Accuracy: 0.9967, Energy: -976255.75
Time taken:  0.6270368099212646
Test Loss: 0.0000, Test Accuracy: 0.9967, Energy: -1068811.375
Time taken:  0.6254370212554932
Test Loss: 0.0000, Test Accuracy: 0.9967, Energy: -1151539.5
Time taken:  0.5967047214508057
Test Loss: 0.0000, Test Accuracy: 0.9967, Energy: -1225977.0
Time taken:  0.6222734451293945
Test Loss: 0.0000, Test Accuracy: 0.9967, Energy: -1293885.875
Time taken:  0.6230723857879639
Test Loss: 0.0000, Test Accuracy: 0.9967, Energy: -1356380.75
Time taken:  0.6308281421661377
Test Loss: 0.0000, Test Accuracy: 0.9967, Energy: -1413561.5
Time taken:  0.6162867546081543
Test Loss: 0.0000, Test Accuracy: 0.9967, Energy: -1464650.75
Time taken:  0.6112301349639893
Test Loss: 0.0000, Test Accuracy: 0.9967, Energy: -1510582.125
Time taken:  0.618809700012207
Test Loss: 0.0000, Test Accuracy: 0.9967, Energy: -1552084.375
Time taken:  0.618382453918457
Test Loss: 0.0000, Test Accuracy: 0.9967, Energy: -1589774.5
Time taken:  0.6013064384460449
Test Loss: 0.0000, Test Accuracy: 0.9967, Energy: -1625208.75
Time taken:  0.6217954158782959
Test Loss: 0.0000, Test Accuracy: 0.9967, Energy: -1657277.5
Time taken:  0.5835435390472412
Test Loss: 0.0000, Test Accuracy: 0.9967, Energy: -1685404.25
Time taken:  0.617584228515625
Test Loss: 0.0000, Test Accuracy: 0.9967, Energy: -1710887.375
Time taken:  0.6306393146514893
Test Loss: 0.0000, Test Accuracy: 0.9967, Energy: -1734413.25
Time taken:  0.6363787651062012
Test Loss: 0.0000, Test Accuracy: 0.9967, Energy: -1755201.25
Time taken:  0.6145319938659668
Test Loss: 0.0000, Test Accuracy: 0.9967, Energy: -1774820.75
Time taken:  0.6045722961425781
Test Loss: 0.0000, Test Accuracy: 0.9967, Energy: -1791821.375
Time taken:  0.6201510429382324
Test Loss: 0.0000, Test Accuracy: 0.9967, Energy: -1807508.5
Time taken:  0.637967586517334
Test Loss: 0.0000, Test Accuracy: 0.9967, Energy: -1821961.5
Time taken:  0.6167938709259033
Test Loss: 0.0000, Test Accuracy: 0.9967, Energy: -1834972.375
Time taken:  0.6148970127105713
Test Loss: 0.0000, Test Accuracy: 0.9967, Energy: -1846448.5
Time taken:  0.6128983497619629
Test Loss: 0.0000, Test Accuracy: 0.9967, Energy: -1857441.75
Time taken:  0.6174910068511963
Test Loss: 0.0000, Test Accuracy: 0.9967, Energy: -1868166.5
Time taken:  0.6181461811065674
Test Loss: 0.0000, Test Accuracy: 0.9967, Energy: -1877209.875
Time taken:  0.6335234642028809
Test Loss: 0.0000, Test Accuracy: 0.9967, Energy: -1885367.125
Time taken:  0.6181612014770508
Test Loss: 0.0000, Test Accuracy: 0.9967, Energy: -1893027.25
Time taken:  0.6107072830200195
Test Loss: 0.0000, Test Accuracy: 0.9967, Energy: -1899379.75
Time taken:  0.6185946464538574
Test Loss: 0.0000, Test Accuracy: 0.9967, Energy: -1905687.25
Time taken:  0.6134276390075684
Test Loss: 0.0000, Test Accuracy: 0.9967, Energy: -1911109.125
Time taken:  0.6157476902008057
Test Loss: 0.0000, Test Accuracy: 0.9967, Energy: -1916394.75
Time taken:  0.618030309677124
Test Loss: 0.0000, Test Accuracy: 0.9967, Energy: -1921180.0
Time taken:  0.616734504699707
Test Loss: 0.0000, Test Accuracy: 0.9967, Energy: -1925469.625
Time taken:  0.6116259098052979
Test Loss: 0.0000, Test Accuracy: 0.9967, Energy: -1929566.0
Time taken:  0.6220922470092773
Test Loss: 0.0000, Test Accuracy: 0.9967, Energy: -1932778.75
Time taken:  0.6186275482177734
Test Loss: 0.0000, Test Accuracy: 0.9967, Energy: -1935699.5
Time taken:  0.6229050159454346
Test Loss: 0.0000, Test Accuracy: 0.9967, Energy: -1938944.5
Time taken:  0.6089503765106201
Test Loss: 0.0000, Test Accuracy: 0.9967, Energy: -1941533.75
Time taken:  0.6296546459197998
Test Loss: 0.0000, Test Accuracy: 0.9967, Energy: -1943880.75
Time taken:  0.6172022819519043
Test Loss: 0.0000, Test Accuracy: 0.9967, Energy: -1945826.375
Time taken:  0.6372795104980469
Test Loss: 0.0000, Test Accuracy: 0.9967, Energy: -1947847.125
Time taken:  0.6116206645965576
Test Loss: 0.0000, Test Accuracy: 0.9967, Energy: -1949599.5
Time taken:  0.594550609588623
Test Loss: 0.0000, Test Accuracy: 0.9967, Energy: -1951213.75
Time taken:  0.5758135318756104
Test Loss: 0.0000, Test Accuracy: 0.9967, Energy: -1952746.375
Time taken:  0.6184642314910889
Test Loss: 0.0000, Test Accuracy: 0.9967, Energy: -1954064.75
Time taken:  0.616100549697876
Test Loss: 0.0000, Test Accuracy: 0.9967, Energy: -1955368.75
Time taken:  0.6332423686981201
Test Loss: 0.0000, Test Accuracy: 0.9967, Energy: -1956484.0
Time taken:  0.6079862117767334
Test Loss: 0.0000, Test Accuracy: 0.9967, Energy: -1957320.125
Time taken:  0.6122732162475586
Test Loss: 0.0000, Test Accuracy: 0.9967, Energy: -1958227.875
Time taken:  0.6154201030731201
Test Loss: 0.0000, Test Accuracy: 0.9967, Energy: -1959031.875
Time taken:  0.6157426834106445
Test Loss: 0.0000, Test Accuracy: 0.9967, Energy: -1959698.5
Time taken:  0.6073060035705566
Test Loss: 0.0000, Test Accuracy: 0.9967, Energy: -1960217.625
Time taken:  0.5852575302124023
Test Loss: 0.0000, Test Accuracy: 0.9967, Energy: -1960605.0
Time taken:  0.618488073348999
Test Loss: 0.0000, Test Accuracy: 0.9967, Energy: -1961231.875
Time taken:  0.609198808670044
Test Loss: 0.0000, Test Accuracy: 0.9967, Energy: -1961734.0
Time taken:  0.6108109951019287
Test Loss: 0.0000, Test Accuracy: 0.9967, Energy: -1962196.5
Time taken:  0.627100944519043
Test Loss: 0.0000, Test Accuracy: 0.9967, Energy: -1962551.375
Time taken:  0.6109626293182373
Test Loss: 0.0000, Test Accuracy: 0.9967, Energy: -1963181.25
Time taken:  0.5812361240386963
Test Loss: 0.0000, Test Accuracy: 0.9967, Energy: -1963442.75
Time taken:  0.6192536354064941
Test Loss: 0.0000, Test Accuracy: 0.9967, Energy: -1963612.0
Time taken:  0.6032614707946777
Test Loss: 0.0000, Test Accuracy: 0.9967, Energy: -1963952.0
Time taken:  0.6003634929656982
Test Loss: 0.0000, Test Accuracy: 0.9967, Energy: -1964135.25
Time taken:  0.6130397319793701
Test Loss: 0.0000, Test Accuracy: 0.9967, Energy: -1964421.0
Time taken:  0.6212081909179688
Test Loss: 0.0000, Test Accuracy: 0.9967, Energy: -1964516.25
Time taken:  0.6265122890472412
Test Loss: 0.0000, Test Accuracy: 0.9967, Energy: -1964669.75
Time taken:  0.6226062774658203
Test Loss: 0.0000, Test Accuracy: 0.9967, Energy: -1964830.0
Time taken:  0.6145431995391846
Test Loss: 0.0000, Test Accuracy: 0.9967, Energy: -1964960.75
Time taken:  0.6188666820526123
Test Loss: 0.0000, Test Accuracy: 0.9967, Energy: -1965078.5
Time taken:  0.6215953826904297
Test Loss: 0.0000, Test Accuracy: 0.9967, Energy: -1965186.25
Time taken:  0.6225318908691406
Test Loss: 0.0000, Test Accuracy: 0.9967, Energy: -1965297.5
Time taken:  0.6165354251861572
Test Loss: 0.0000, Test Accuracy: 0.9967, Energy: -1965380.0
Time taken:  0.6229488849639893
Test Loss: 0.0000, Test Accuracy: 0.9967, Energy: -1965452.5
Time taken:  0.6346087455749512
Test Loss: 0.0000, Test Accuracy: 0.9967, Energy: -1965483.875
Time taken:  0.6240334510803223
Test Loss: 0.0000, Test Accuracy: 0.9967, Energy: -1965505.25
Time taken:  0.612945556640625
Test Loss: 0.0000, Test Accuracy: 0.9967, Energy: -1965587.0
Time taken:  0.6200540065765381
Test Loss: 0.0000, Test Accuracy: 0.9967, Energy: -1965635.5
Time taken:  0.6108856201171875
Test Loss: 0.0000, Test Accuracy: 0.9967, Energy: -1965692.75
Time taken:  0.6222994327545166
Test Loss: 0.0000, Test Accuracy: 0.9967, Energy: -1965754.125
Time taken:  0.5961205959320068
Test Loss: 0.0000, Test Accuracy: 0.9967, Energy: -1965790.0
Time taken:  0.5653882026672363
Test Loss: 0.0000, Test Accuracy: 0.9967, Energy: -1965830.0
Time taken:  0.540562629699707
Test Loss: 0.0000, Test Accuracy: 0.9967, Energy: -1965647.25
Time taken:  0.5212244987487793
Test Loss: 0.0000, Test Accuracy: 0.9967, Energy: -1965679.625
Time taken:  0.49846577644348145
Test Loss: 0.0000, Test Accuracy: 0.9967, Energy: -1965694.25
Time taken:  0.5059037208557129
Test Loss: 0.0000, Test Accuracy: 0.9967, Energy: -1965701.75
Time taken:  0.49663686752319336
Test Loss: 0.0000, Test Accuracy: 0.9967, Energy: -1965690.5
Time taken:  0.4980175495147705
Test Loss: 0.0000, Test Accuracy: 0.9967, Energy: -1965720.0
Time taken:  0.4881467819213867
Test Loss: 0.0000, Test Accuracy: 0.9967, Energy: -1965735.0
Time taken:  0.5028719902038574
Test Loss: 0.0000, Test Accuracy: 0.9967, Energy: -1965654.375
Time taken:  0.4988832473754883
Test Loss: 0.0000, Test Accuracy: 0.9967, Energy: -1965631.25
Time taken:  0.5081377029418945
Test Loss: 0.0000, Test Accuracy: 0.9967, Energy: -1965641.5
Time taken:  0.507911205291748
Test Loss: 0.0000, Test Accuracy: 0.9967, Energy: -1965650.75
Time taken:  0.5036704540252686
Final accuracies: [0.8666666666666667, 0.9966666666666667, 0.9966666666666667, 0.9966666666666667, 0.9966666666666667, 0.9966666666666667, 0.9966666666666667, 0.9966666666666667, 0.9966666666666667, 0.9966666666666667, 0.9966666666666667, 0.9966666666666667, 0.9966666666666667, 0.9966666666666667, 0.9966666666666667, 0.9966666666666667, 0.9966666666666667, 0.9966666666666667, 0.9966666666666667, 0.9966666666666667, 0.9966666666666667, 0.9966666666666667, 0.9966666666666667, 0.9966666666666667, 0.9966666666666667, 0.9966666666666667, 0.9966666666666667, 0.9966666666666667, 0.9966666666666667, 0.9966666666666667, 0.9966666666666667, 0.9966666666666667, 0.9966666666666667, 0.9966666666666667, 0.9966666666666667, 0.9966666666666667, 0.9966666666666667, 0.9966666666666667, 0.9966666666666667, 0.9966666666666667, 0.9966666666666667, 0.9966666666666667, 0.9966666666666667, 0.9966666666666667, 0.9966666666666667, 0.9966666666666667, 0.9966666666666667, 0.9966666666666667, 0.9966666666666667, 0.9966666666666667, 0.9966666666666667, 0.9966666666666667, 0.9966666666666667, 0.9966666666666667, 0.9966666666666667, 0.9966666666666667, 0.9966666666666667, 0.9966666666666667, 0.9966666666666667, 0.9966666666666667, 0.9966666666666667, 0.9966666666666667, 0.9966666666666667, 0.9966666666666667, 0.9966666666666667, 0.9966666666666667, 0.9966666666666667, 0.9966666666666667, 0.9966666666666667, 0.9966666666666667, 0.9966666666666667, 0.9966666666666667, 0.9966666666666667, 0.9966666666666667, 0.9966666666666667, 0.9966666666666667, 0.9966666666666667, 0.9966666666666667, 0.9966666666666667, 0.9966666666666667, 0.9966666666666667, 0.9966666666666667, 0.9966666666666667, 0.9966666666666667, 0.9966666666666667, 0.9966666666666667, 0.9966666666666667, 0.9966666666666667, 0.9966666666666667, 0.9966666666666667, 0.9966666666666667, 0.9966666666666667, 0.9966666666666667, 0.9966666666666667, 0.9966666666666667, 0.9966666666666667, 0.9966666666666667, 0.9966666666666667, 0.9966666666666667, 0.9966666666666667]
Final energies: [-934.711181640625, -17313.26953125, -107717.140625, -290190.90625, -470279.8125, -617921.6875, -750741.0, -870842.25, -976255.75, -1068811.375, -1151539.5, -1225977.0, -1293885.875, -1356380.75, -1413561.5, -1464650.75, -1510582.125, -1552084.375, -1589774.5, -1625208.75, -1657277.5, -1685404.25, -1710887.375, -1734413.25, -1755201.25, -1774820.75, -1791821.375, -1807508.5, -1821961.5, -1834972.375, -1846448.5, -1857441.75, -1868166.5, -1877209.875, -1885367.125, -1893027.25, -1899379.75, -1905687.25, -1911109.125, -1916394.75, -1921180.0, -1925469.625, -1929566.0, -1932778.75, -1935699.5, -1938944.5, -1941533.75, -1943880.75, -1945826.375, -1947847.125, -1949599.5, -1951213.75, -1952746.375, -1954064.75, -1955368.75, -1956484.0, -1957320.125, -1958227.875, -1959031.875, -1959698.5, -1960217.625, -1960605.0, -1961231.875, -1961734.0, -1962196.5, -1962551.375, -1963181.25, -1963442.75, -1963612.0, -1963952.0, -1964135.25, -1964421.0, -1964516.25, -1964669.75, -1964830.0, -1964960.75, -1965078.5, -1965186.25, -1965297.5, -1965380.0, -1965452.5, -1965483.875, -1965505.25, -1965587.0, -1965635.5, -1965692.75, -1965754.125, -1965790.0, -1965830.0, -1965647.25, -1965679.625, -1965694.25, -1965701.75, -1965690.5, -1965720.0, -1965735.0, -1965654.375, -1965631.25, -1965641.5, -1965650.75]
