Running with parameters: hidden=100, use_coupled=false, seed=25, lam=0.0, eta=0.0, batch=50
Test Loss: 0.0000, Test Accuracy: 1.0000, Energy: -332606.625
Time taken:  0.8285126686096191
Test Loss: 0.0000, Test Accuracy: 1.0000, Energy: -1007590.5
Time taken:  0.6699950695037842
Test Loss: 0.0000, Test Accuracy: 0.9767, Energy: -1453659.25
Time taken:  0.6795573234558105
Test Loss: 0.0000, Test Accuracy: 0.9800, Energy: -1847996.75
Time taken:  0.6761186122894287
Test Loss: 0.0000, Test Accuracy: 0.9933, Energy: -2151912.0
Time taken:  0.6870203018188477
Test Loss: 0.0000, Test Accuracy: 0.9933, Energy: -2388190.5
Time taken:  0.6885931491851807
Test Loss: 0.0000, Test Accuracy: 0.9967, Energy: -2573764.75
Time taken:  0.6678886413574219
Test Loss: 0.0000, Test Accuracy: 0.9967, Energy: -2731138.5
Time taken:  0.6630427837371826
Test Loss: 0.0000, Test Accuracy: 0.9900, Energy: -2861437.0
Time taken:  0.6668965816497803
Test Loss: 0.0000, Test Accuracy: 0.9933, Energy: -2962165.5
Time taken:  0.6581807136535645
Test Loss: 0.0000, Test Accuracy: 0.9933, Energy: -3030227.0
Time taken:  0.6552839279174805
Test Loss: 0.0000, Test Accuracy: 0.9967, Energy: -3112590.25
Time taken:  0.6567256450653076
Test Loss: 0.0000, Test Accuracy: 0.9933, Energy: -3172945.0
Time taken:  0.6649420261383057
Test Loss: 0.0000, Test Accuracy: 0.9967, Energy: -3231861.0
Time taken:  0.6680974960327148
Test Loss: 0.0000, Test Accuracy: 0.9967, Energy: -3274656.75
Time taken:  0.671799898147583
Test Loss: 0.0000, Test Accuracy: 0.9967, Energy: -3306231.5
Time taken:  0.6625919342041016
Test Loss: 0.0000, Test Accuracy: 0.9967, Energy: -3330795.0
Time taken:  0.6694686412811279
Test Loss: 0.0000, Test Accuracy: 0.9967, Energy: -3350704.5
Time taken:  0.6636359691619873
Test Loss: 0.0000, Test Accuracy: 0.9967, Energy: -3367442.0
Time taken:  0.6657342910766602
Test Loss: 0.0000, Test Accuracy: 0.9967, Energy: -3381487.75
Time taken:  0.6648454666137695
Test Loss: 0.0000, Test Accuracy: 0.9967, Energy: -3392427.5
Time taken:  0.6606776714324951
Test Loss: 0.0000, Test Accuracy: 0.9967, Energy: -3401722.5
Time taken:  0.666480302810669
Test Loss: 0.0000, Test Accuracy: 0.9967, Energy: -3408596.0
Time taken:  0.662649393081665
Test Loss: 0.0000, Test Accuracy: 0.9967, Energy: -3414487.75
Time taken:  0.6633608341217041
Test Loss: 0.0000, Test Accuracy: 0.9967, Energy: -3419312.25
Time taken:  0.6640045642852783
Test Loss: 0.0000, Test Accuracy: 0.9967, Energy: -3423001.25
Time taken:  0.6642937660217285
Test Loss: 0.0000, Test Accuracy: 0.9967, Energy: -3426131.0
Time taken:  0.6649715900421143
Test Loss: 0.0000, Test Accuracy: 0.9967, Energy: -3428874.25
Time taken:  0.6646158695220947
Test Loss: 0.0000, Test Accuracy: 0.9967, Energy: -3430670.5
Time taken:  0.664832592010498
Test Loss: 0.0000, Test Accuracy: 0.9967, Energy: -3432395.75
Time taken:  0.6680939197540283
Test Loss: 0.0000, Test Accuracy: 0.9967, Energy: -3433955.25
Time taken:  0.6671357154846191
Test Loss: 0.0000, Test Accuracy: 0.9967, Energy: -3434990.75
Time taken:  0.6797919273376465
Test Loss: 0.0000, Test Accuracy: 0.9967, Energy: -3435796.0
Time taken:  0.6711535453796387
Test Loss: 0.0000, Test Accuracy: 0.9967, Energy: -3436624.5
Time taken:  0.6566307544708252
Test Loss: 0.0000, Test Accuracy: 0.9967, Energy: -3437253.5
Time taken:  0.6686506271362305
Test Loss: 0.0000, Test Accuracy: 0.9967, Energy: -3437858.0
Time taken:  0.6740496158599854
Test Loss: 0.0000, Test Accuracy: 0.9967, Energy: -3438340.0
Time taken:  0.6741015911102295
Test Loss: 0.0000, Test Accuracy: 0.9967, Energy: -3438737.5
Time taken:  0.6661849021911621
Test Loss: 0.0000, Test Accuracy: 0.9967, Energy: -3438962.0
Time taken:  0.6692366600036621
Test Loss: 0.0000, Test Accuracy: 0.9967, Energy: -3439271.5
Time taken:  0.6706669330596924
Test Loss: 0.0000, Test Accuracy: 0.9967, Energy: -3439505.0
Time taken:  0.6784555912017822
Test Loss: 0.0000, Test Accuracy: 0.9967, Energy: -3439640.0
Time taken:  0.6755943298339844
Test Loss: 0.0000, Test Accuracy: 0.9967, Energy: -3439765.0
Time taken:  0.668323278427124
Test Loss: 0.0000, Test Accuracy: 0.9967, Energy: -3439901.0
Time taken:  0.6696586608886719
Test Loss: 0.0000, Test Accuracy: 0.9967, Energy: -3440014.0
Time taken:  0.6676745414733887
Test Loss: 0.0000, Test Accuracy: 0.9967, Energy: -3440077.75
Time taken:  0.6592302322387695
Test Loss: 0.0000, Test Accuracy: 0.9967, Energy: -3440197.5
Time taken:  0.657630443572998
Test Loss: 0.0000, Test Accuracy: 0.9967, Energy: -3440259.5
Time taken:  0.6569685935974121
Test Loss: 0.0000, Test Accuracy: 0.9967, Energy: -3440321.0
Time taken:  0.6572959423065186
Test Loss: 0.0000, Test Accuracy: 0.9967, Energy: -3440363.25
Time taken:  0.6547658443450928
Test Loss: 0.0000, Test Accuracy: 0.9967, Energy: -3440393.0
Time taken:  0.6745247840881348
Test Loss: 0.0000, Test Accuracy: 0.9967, Energy: -3440417.75
Time taken:  0.6653954982757568
Test Loss: 0.0000, Test Accuracy: 0.9967, Energy: -3440462.25
Time taken:  0.6689379215240479
Test Loss: 0.0000, Test Accuracy: 0.9967, Energy: -3440503.5
Time taken:  0.670759916305542
Test Loss: 0.0000, Test Accuracy: 0.9967, Energy: -3440500.0
Time taken:  0.6603000164031982
Test Loss: 0.0000, Test Accuracy: 0.9967, Energy: -3440518.5
Time taken:  0.6659109592437744
Test Loss: 0.0000, Test Accuracy: 0.9967, Energy: -3440535.5
Time taken:  0.6727643013000488
Test Loss: 0.0000, Test Accuracy: 0.9967, Energy: -3440567.75
Time taken:  0.6744897365570068
Test Loss: 0.0000, Test Accuracy: 0.9967, Energy: -3440582.0
Time taken:  0.68125319480896
Test Loss: 0.0000, Test Accuracy: 0.9967, Energy: -3440614.75
Time taken:  0.6835823059082031
Test Loss: 0.0000, Test Accuracy: 0.9967, Energy: -3440629.0
Time taken:  0.6780745983123779
Test Loss: 0.0000, Test Accuracy: 0.9967, Energy: -3440661.0
Time taken:  0.6842427253723145
Test Loss: 0.0000, Test Accuracy: 0.9967, Energy: -3440666.75
Time taken:  0.6763756275177002
Test Loss: 0.0000, Test Accuracy: 0.9967, Energy: -3440672.25
Time taken:  0.6803209781646729
Test Loss: 0.0000, Test Accuracy: 0.9967, Energy: -3440691.75
Time taken:  0.6812372207641602
Test Loss: 0.0000, Test Accuracy: 0.9967, Energy: -3440707.25
Time taken:  0.6843981742858887
Test Loss: 0.0000, Test Accuracy: 0.9967, Energy: -3440716.5
Time taken:  0.686030387878418
Test Loss: 0.0000, Test Accuracy: 0.9967, Energy: -3440736.0
Time taken:  0.6869440078735352
Test Loss: 0.0000, Test Accuracy: 0.9967, Energy: -3440759.0
Time taken:  0.6760852336883545
Test Loss: 0.0000, Test Accuracy: 0.9967, Energy: -3440784.75
Time taken:  0.6652555465698242
Test Loss: 0.0000, Test Accuracy: 0.9967, Energy: -3440814.25
Time taken:  0.6621465682983398
Test Loss: 0.0000, Test Accuracy: 0.9967, Energy: -3440834.25
Time taken:  0.6633141040802002
Test Loss: 0.0000, Test Accuracy: 0.9967, Energy: -3440852.25
Time taken:  0.6621289253234863
Test Loss: 0.0000, Test Accuracy: 0.9967, Energy: -3440845.0
Time taken:  0.6621973514556885
Test Loss: 0.0000, Test Accuracy: 0.9967, Energy: -3440858.5
Time taken:  0.6654174327850342
Test Loss: 0.0000, Test Accuracy: 0.9967, Energy: -3440862.25
Time taken:  0.6654279232025146
Test Loss: 0.0000, Test Accuracy: 0.9967, Energy: -3440876.0
Time taken:  0.6562247276306152
Test Loss: 0.0000, Test Accuracy: 0.9967, Energy: -3440894.5
Time taken:  0.6609179973602295
Test Loss: 0.0000, Test Accuracy: 0.9967, Energy: -3440907.75
Time taken:  0.6529674530029297
Test Loss: 0.0000, Test Accuracy: 0.9967, Energy: -3440921.75
Time taken:  0.6529889106750488
Test Loss: 0.0000, Test Accuracy: 0.9967, Energy: -3440930.5
Time taken:  0.658696174621582
Test Loss: 0.0000, Test Accuracy: 0.9967, Energy: -3440933.25
Time taken:  0.6669793128967285
Test Loss: 0.0000, Test Accuracy: 0.9967, Energy: -3440948.5
Time taken:  0.6648075580596924
Test Loss: 0.0000, Test Accuracy: 0.9967, Energy: -3440963.25
Time taken:  0.6631722450256348
Test Loss: 0.0000, Test Accuracy: 0.9967, Energy: -3440965.75
Time taken:  0.6695146560668945
Test Loss: 0.0000, Test Accuracy: 0.9967, Energy: -3440979.75
Time taken:  0.6649186611175537
Test Loss: 0.0000, Test Accuracy: 0.9967, Energy: -3441003.25
Time taken:  0.6673240661621094
Test Loss: 0.0000, Test Accuracy: 0.9967, Energy: -3441023.0
Time taken:  0.6642131805419922
Test Loss: 0.0000, Test Accuracy: 0.9967, Energy: -3441043.25
Time taken:  0.6638779640197754
Test Loss: 0.0000, Test Accuracy: 0.9967, Energy: -3441057.5
Time taken:  0.6630005836486816
Test Loss: 0.0000, Test Accuracy: 0.9967, Energy: -3441058.0
Time taken:  0.6630134582519531
Test Loss: 0.0000, Test Accuracy: 0.9967, Energy: -3441066.5
Time taken:  0.6685287952423096
Test Loss: 0.0000, Test Accuracy: 0.9967, Energy: -3441079.5
Time taken:  0.6653053760528564
Test Loss: 0.0000, Test Accuracy: 0.9967, Energy: -3441100.5
Time taken:  0.6668202877044678
Test Loss: 0.0000, Test Accuracy: 0.9967, Energy: -3441128.0
Time taken:  0.6646113395690918
Test Loss: 0.0000, Test Accuracy: 0.9967, Energy: -3441152.5
Time taken:  0.6622910499572754
Test Loss: 0.0000, Test Accuracy: 0.9967, Energy: -3441153.0
Time taken:  0.65798020362854
Test Loss: 0.0000, Test Accuracy: 0.9967, Energy: -3441161.25
Time taken:  0.6604666709899902
Test Loss: 0.0000, Test Accuracy: 0.9967, Energy: -3441206.0
Time taken:  0.6615664958953857
Test Loss: 0.0000, Test Accuracy: 0.9967, Energy: -3441244.0
Time taken:  0.5859057903289795
Final accuracies: [1.0, 1.0, 0.9766666666666667, 0.98, 0.9933333333333333, 0.9933333333333333, 0.9966666666666667, 0.9966666666666667, 0.99, 0.9933333333333333, 0.9933333333333333, 0.9966666666666667, 0.9933333333333333, 0.9966666666666667, 0.9966666666666667, 0.9966666666666667, 0.9966666666666667, 0.9966666666666667, 0.9966666666666667, 0.9966666666666667, 0.9966666666666667, 0.9966666666666667, 0.9966666666666667, 0.9966666666666667, 0.9966666666666667, 0.9966666666666667, 0.9966666666666667, 0.9966666666666667, 0.9966666666666667, 0.9966666666666667, 0.9966666666666667, 0.9966666666666667, 0.9966666666666667, 0.9966666666666667, 0.9966666666666667, 0.9966666666666667, 0.9966666666666667, 0.9966666666666667, 0.9966666666666667, 0.9966666666666667, 0.9966666666666667, 0.9966666666666667, 0.9966666666666667, 0.9966666666666667, 0.9966666666666667, 0.9966666666666667, 0.9966666666666667, 0.9966666666666667, 0.9966666666666667, 0.9966666666666667, 0.9966666666666667, 0.9966666666666667, 0.9966666666666667, 0.9966666666666667, 0.9966666666666667, 0.9966666666666667, 0.9966666666666667, 0.9966666666666667, 0.9966666666666667, 0.9966666666666667, 0.9966666666666667, 0.9966666666666667, 0.9966666666666667, 0.9966666666666667, 0.9966666666666667, 0.9966666666666667, 0.9966666666666667, 0.9966666666666667, 0.9966666666666667, 0.9966666666666667, 0.9966666666666667, 0.9966666666666667, 0.9966666666666667, 0.9966666666666667, 0.9966666666666667, 0.9966666666666667, 0.9966666666666667, 0.9966666666666667, 0.9966666666666667, 0.9966666666666667, 0.9966666666666667, 0.9966666666666667, 0.9966666666666667, 0.9966666666666667, 0.9966666666666667, 0.9966666666666667, 0.9966666666666667, 0.9966666666666667, 0.9966666666666667, 0.9966666666666667, 0.9966666666666667, 0.9966666666666667, 0.9966666666666667, 0.9966666666666667, 0.9966666666666667, 0.9966666666666667, 0.9966666666666667, 0.9966666666666667, 0.9966666666666667, 0.9966666666666667]
Final energies: [-332606.625, -1007590.5, -1453659.25, -1847996.75, -2151912.0, -2388190.5, -2573764.75, -2731138.5, -2861437.0, -2962165.5, -3030227.0, -3112590.25, -3172945.0, -3231861.0, -3274656.75, -3306231.5, -3330795.0, -3350704.5, -3367442.0, -3381487.75, -3392427.5, -3401722.5, -3408596.0, -3414487.75, -3419312.25, -3423001.25, -3426131.0, -3428874.25, -3430670.5, -3432395.75, -3433955.25, -3434990.75, -3435796.0, -3436624.5, -3437253.5, -3437858.0, -3438340.0, -3438737.5, -3438962.0, -3439271.5, -3439505.0, -3439640.0, -3439765.0, -3439901.0, -3440014.0, -3440077.75, -3440197.5, -3440259.5, -3440321.0, -3440363.25, -3440393.0, -3440417.75, -3440462.25, -3440503.5, -3440500.0, -3440518.5, -3440535.5, -3440567.75, -3440582.0, -3440614.75, -3440629.0, -3440661.0, -3440666.75, -3440672.25, -3440691.75, -3440707.25, -3440716.5, -3440736.0, -3440759.0, -3440784.75, -3440814.25, -3440834.25, -3440852.25, -3440845.0, -3440858.5, -3440862.25, -3440876.0, -3440894.5, -3440907.75, -3440921.75, -3440930.5, -3440933.25, -3440948.5, -3440963.25, -3440965.75, -3440979.75, -3441003.25, -3441023.0, -3441043.25, -3441057.5, -3441058.0, -3441066.5, -3441079.5, -3441100.5, -3441128.0, -3441152.5, -3441153.0, -3441161.25, -3441206.0, -3441244.0]
