Running with parameters: hidden=100, use_coupled=false, seed=80, lam=0.0, eta=0.0, batch=50
Test Loss: 0.0000, Test Accuracy: 0.9967, Energy: -442038.1875
Time taken:  0.9786474704742432
Test Loss: 0.0000, Test Accuracy: 0.9900, Energy: -1064498.875
Time taken:  0.8535840511322021
Test Loss: 0.0000, Test Accuracy: 0.9800, Energy: -1454826.625
Time taken:  0.8592092990875244
Test Loss: 0.0000, Test Accuracy: 1.0000, Energy: -1707861.25
Time taken:  0.8554353713989258
Test Loss: 0.0000, Test Accuracy: 0.9767, Energy: -1913043.25
Time taken:  0.852710485458374
Test Loss: 0.0000, Test Accuracy: 0.9800, Energy: -2058741.0
Time taken:  0.8518350124359131
Test Loss: 0.0000, Test Accuracy: 0.9967, Energy: -2192992.0
Time taken:  0.8477847576141357
Test Loss: 0.0000, Test Accuracy: 1.0000, Energy: -2304126.75
Time taken:  0.8557631969451904
Test Loss: 0.0000, Test Accuracy: 1.0000, Energy: -2404833.25
Time taken:  0.85715651512146
Test Loss: 0.0000, Test Accuracy: 1.0000, Energy: -2483103.75
Time taken:  0.8564972877502441
Test Loss: 0.0000, Test Accuracy: 1.0000, Energy: -2548639.5
Time taken:  0.8618206977844238
Test Loss: 0.0000, Test Accuracy: 1.0000, Energy: -2602594.25
Time taken:  0.8552238941192627
Test Loss: 0.0000, Test Accuracy: 1.0000, Energy: -2646680.5
Time taken:  0.8515346050262451
Test Loss: 0.0000, Test Accuracy: 0.9967, Energy: -2684481.5
Time taken:  0.8500642776489258
Test Loss: 0.0000, Test Accuracy: 0.9967, Energy: -2719284.5
Time taken:  0.843329668045044
Test Loss: 0.0000, Test Accuracy: 0.9967, Energy: -2750557.5
Time taken:  0.8543589115142822
Test Loss: 0.0000, Test Accuracy: 0.9967, Energy: -2775978.75
Time taken:  0.8569686412811279
Test Loss: 0.0000, Test Accuracy: 0.9967, Energy: -2797691.25
Time taken:  0.8631901741027832
Test Loss: 0.0000, Test Accuracy: 0.9967, Energy: -2816497.25
Time taken:  0.8563799858093262
Test Loss: 0.0000, Test Accuracy: 0.9967, Energy: -2832805.5
Time taken:  1.2909784317016602
Test Loss: 0.0000, Test Accuracy: 0.9967, Energy: -2846215.75
Time taken:  0.8535053730010986
Test Loss: 0.0000, Test Accuracy: 0.9967, Energy: -2858263.25
Time taken:  0.8532395362854004
Test Loss: 0.0000, Test Accuracy: 0.9967, Energy: -2868551.75
Time taken:  0.8534190654754639
Test Loss: 0.0000, Test Accuracy: 0.9967, Energy: -2876869.0
Time taken:  0.8465056419372559
Test Loss: 0.0000, Test Accuracy: 0.9967, Energy: -2883529.25
Time taken:  0.8554825782775879
Test Loss: 0.0000, Test Accuracy: 0.9967, Energy: -2889299.0
Time taken:  0.8609745502471924
Test Loss: 0.0000, Test Accuracy: 0.9967, Energy: -2893682.25
Time taken:  0.8541936874389648
Test Loss: 0.0000, Test Accuracy: 0.9967, Energy: -2896925.75
Time taken:  0.8259568214416504
Test Loss: 0.0000, Test Accuracy: 0.9967, Energy: -2899709.0
Time taken:  0.8492984771728516
Test Loss: 0.0000, Test Accuracy: 0.9967, Energy: -2901941.75
Time taken:  0.8518650531768799
Test Loss: 0.0000, Test Accuracy: 0.9967, Energy: -2903938.5
Time taken:  0.8250617980957031
Test Loss: 0.0000, Test Accuracy: 0.9967, Energy: -2905362.25
Time taken:  0.8532075881958008
Test Loss: 0.0000, Test Accuracy: 0.9967, Energy: -2906579.75
Time taken:  0.8570804595947266
Test Loss: 0.0000, Test Accuracy: 0.9967, Energy: -2907631.0
Time taken:  0.8608322143554688
Test Loss: 0.0000, Test Accuracy: 0.9967, Energy: -2908596.5
Time taken:  0.8516147136688232
Test Loss: 0.0000, Test Accuracy: 0.9967, Energy: -2909208.0
Time taken:  0.8568856716156006
Test Loss: 0.0000, Test Accuracy: 0.9967, Energy: -2909752.75
Time taken:  0.8524866104125977
Test Loss: 0.0000, Test Accuracy: 0.9967, Energy: -2910205.5
Time taken:  0.852440357208252
Test Loss: 0.0000, Test Accuracy: 0.9967, Energy: -2910576.5
Time taken:  0.8539209365844727
Test Loss: 0.0000, Test Accuracy: 0.9967, Energy: -2910883.0
Time taken:  0.8495955467224121
Test Loss: 0.0000, Test Accuracy: 0.9967, Energy: -2911167.0
Time taken:  0.8564693927764893
Test Loss: 0.0000, Test Accuracy: 0.9967, Energy: -2911393.0
Time taken:  0.8621225357055664
Test Loss: 0.0000, Test Accuracy: 0.9967, Energy: -2911571.5
Time taken:  0.8514480590820312
Test Loss: 0.0000, Test Accuracy: 0.9967, Energy: -2911699.0
Time taken:  0.8492834568023682
Test Loss: 0.0000, Test Accuracy: 0.9967, Energy: -2911809.5
Time taken:  0.8516542911529541
Test Loss: 0.0000, Test Accuracy: 0.9967, Energy: -2911966.25
Time taken:  0.8548140525817871
Test Loss: 0.0000, Test Accuracy: 0.9967, Energy: -2912043.0
Time taken:  0.8496906757354736
Test Loss: 0.0000, Test Accuracy: 0.9967, Energy: -2912100.75
Time taken:  0.8524904251098633
Test Loss: 0.0000, Test Accuracy: 0.9967, Energy: -2912133.5
Time taken:  0.8614506721496582
Test Loss: 0.0000, Test Accuracy: 0.9967, Energy: -2912178.25
Time taken:  0.831045389175415
Test Loss: 0.0000, Test Accuracy: 0.9967, Energy: -2912216.75
Time taken:  0.8590579032897949
Test Loss: 0.0000, Test Accuracy: 0.9967, Energy: -2912242.0
Time taken:  0.8492684364318848
Test Loss: 0.0000, Test Accuracy: 0.9967, Energy: -2912263.25
Time taken:  0.8613827228546143
Test Loss: 0.0000, Test Accuracy: 0.9967, Energy: -2912289.0
Time taken:  0.8518013954162598
Test Loss: 0.0000, Test Accuracy: 0.9967, Energy: -2912303.5
Time taken:  0.8572776317596436
Test Loss: 0.0000, Test Accuracy: 0.9967, Energy: -2912315.5
Time taken:  0.8589894771575928
Test Loss: 0.0000, Test Accuracy: 0.9967, Energy: -2912324.5
Time taken:  0.8525404930114746
Test Loss: 0.0000, Test Accuracy: 0.9967, Energy: -2912338.75
Time taken:  0.8601765632629395
Test Loss: 0.0000, Test Accuracy: 0.9967, Energy: -2912345.5
Time taken:  0.8517739772796631
Test Loss: 0.0000, Test Accuracy: 0.9967, Energy: -2912350.75
Time taken:  0.8214612007141113
Test Loss: 0.0000, Test Accuracy: 0.9967, Energy: -2912355.5
Time taken:  0.8516373634338379
Test Loss: 0.0000, Test Accuracy: 0.9967, Energy: -2912359.0
Time taken:  0.8507604598999023
Test Loss: 0.0000, Test Accuracy: 0.9967, Energy: -2912366.5
Time taken:  0.8341677188873291
Test Loss: 0.0000, Test Accuracy: 0.9967, Energy: -2912368.5
Time taken:  0.8235583305358887
Test Loss: 0.0000, Test Accuracy: 0.9967, Energy: -2912371.0
Time taken:  0.848541259765625
Test Loss: 0.0000, Test Accuracy: 0.9967, Energy: -2912372.25
Time taken:  0.8470578193664551
Test Loss: 0.0000, Test Accuracy: 0.9967, Energy: -2912374.25
Time taken:  0.8376717567443848
Test Loss: 0.0000, Test Accuracy: 0.9967, Energy: -2912382.25
Time taken:  0.854576587677002
Test Loss: 0.0000, Test Accuracy: 0.9967, Energy: -2912389.0
Time taken:  0.8490695953369141
Test Loss: 0.0000, Test Accuracy: 0.9967, Energy: -2912390.25
Time taken:  0.8523054122924805
Test Loss: 0.0000, Test Accuracy: 0.9967, Energy: -2912390.75
Time taken:  0.8529083728790283
Test Loss: 0.0000, Test Accuracy: 0.9967, Energy: -2912391.5
Time taken:  0.8556675910949707
Test Loss: 0.0000, Test Accuracy: 0.9967, Energy: -2912398.5
Time taken:  0.8538508415222168
Test Loss: 0.0000, Test Accuracy: 0.9967, Energy: -2912399.25
Time taken:  0.8536484241485596
Test Loss: 0.0000, Test Accuracy: 0.9967, Energy: -2912399.5
Time taken:  0.860990047454834
Test Loss: 0.0000, Test Accuracy: 0.9967, Energy: -2912400.25
Time taken:  0.8564813137054443
Test Loss: 0.0000, Test Accuracy: 0.9967, Energy: -2912402.0
Time taken:  0.851219892501831
Test Loss: 0.0000, Test Accuracy: 0.9967, Energy: -2912402.25
Time taken:  0.8523459434509277
Test Loss: 0.0000, Test Accuracy: 0.9967, Energy: -2912402.75
Time taken:  0.854619026184082
Test Loss: 0.0000, Test Accuracy: 0.9967, Energy: -2912402.5
Time taken:  0.8537089824676514
Test Loss: 0.0000, Test Accuracy: 0.9967, Energy: -2912402.75
Time taken:  0.859389066696167
Test Loss: 0.0000, Test Accuracy: 0.9967, Energy: -2912403.0
Time taken:  0.8553099632263184
Test Loss: 0.0000, Test Accuracy: 0.9967, Energy: -2912410.0
Time taken:  0.865915060043335
Test Loss: 0.0000, Test Accuracy: 0.9967, Energy: -2912410.5
Time taken:  0.8476612567901611
Test Loss: 0.0000, Test Accuracy: 0.9967, Energy: -2912410.0
Time taken:  0.8525781631469727
Test Loss: 0.0000, Test Accuracy: 0.9967, Energy: -2912410.5
Time taken:  0.8547725677490234
Test Loss: 0.0000, Test Accuracy: 0.9967, Energy: -2912410.75
Time taken:  0.8578450679779053
Test Loss: 0.0000, Test Accuracy: 0.9967, Energy: -2912410.75
Time taken:  0.85445237159729
Test Loss: 0.0000, Test Accuracy: 0.9967, Energy: -2912411.0
Time taken:  0.8518023490905762
Test Loss: 0.0000, Test Accuracy: 0.9967, Energy: -2912411.25
Time taken:  0.8218319416046143
Test Loss: 0.0000, Test Accuracy: 0.9967, Energy: -2912412.0
Time taken:  0.8640198707580566
Test Loss: 0.0000, Test Accuracy: 0.9967, Energy: -2912412.25
Time taken:  0.8468470573425293
Test Loss: 0.0000, Test Accuracy: 0.9967, Energy: -2912412.5
Time taken:  0.8528845310211182
Test Loss: 0.0000, Test Accuracy: 0.9967, Energy: -2912413.0
Time taken:  0.8561639785766602
Test Loss: 0.0000, Test Accuracy: 0.9967, Energy: -2912413.0
Time taken:  0.8538830280303955
Test Loss: 0.0000, Test Accuracy: 0.9967, Energy: -2912413.0
Time taken:  0.8623251914978027
Test Loss: 0.0000, Test Accuracy: 0.9967, Energy: -2912420.0
Time taken:  0.8550701141357422
Test Loss: 0.0000, Test Accuracy: 0.9967, Energy: -2912420.0
Time taken:  0.840778112411499
Test Loss: 0.0000, Test Accuracy: 0.9967, Energy: -2912420.5
Time taken:  0.7370750904083252
Test Loss: 0.0000, Test Accuracy: 0.9967, Energy: -2912424.25
Time taken:  0.5431022644042969
Final accuracies: [0.9966666666666667, 0.99, 0.98, 1.0, 0.9766666666666667, 0.98, 0.9966666666666667, 1.0, 1.0, 1.0, 1.0, 1.0, 1.0, 0.9966666666666667, 0.9966666666666667, 0.9966666666666667, 0.9966666666666667, 0.9966666666666667, 0.9966666666666667, 0.9966666666666667, 0.9966666666666667, 0.9966666666666667, 0.9966666666666667, 0.9966666666666667, 0.9966666666666667, 0.9966666666666667, 0.9966666666666667, 0.9966666666666667, 0.9966666666666667, 0.9966666666666667, 0.9966666666666667, 0.9966666666666667, 0.9966666666666667, 0.9966666666666667, 0.9966666666666667, 0.9966666666666667, 0.9966666666666667, 0.9966666666666667, 0.9966666666666667, 0.9966666666666667, 0.9966666666666667, 0.9966666666666667, 0.9966666666666667, 0.9966666666666667, 0.9966666666666667, 0.9966666666666667, 0.9966666666666667, 0.9966666666666667, 0.9966666666666667, 0.9966666666666667, 0.9966666666666667, 0.9966666666666667, 0.9966666666666667, 0.9966666666666667, 0.9966666666666667, 0.9966666666666667, 0.9966666666666667, 0.9966666666666667, 0.9966666666666667, 0.9966666666666667, 0.9966666666666667, 0.9966666666666667, 0.9966666666666667, 0.9966666666666667, 0.9966666666666667, 0.9966666666666667, 0.9966666666666667, 0.9966666666666667, 0.9966666666666667, 0.9966666666666667, 0.9966666666666667, 0.9966666666666667, 0.9966666666666667, 0.9966666666666667, 0.9966666666666667, 0.9966666666666667, 0.9966666666666667, 0.9966666666666667, 0.9966666666666667, 0.9966666666666667, 0.9966666666666667, 0.9966666666666667, 0.9966666666666667, 0.9966666666666667, 0.9966666666666667, 0.9966666666666667, 0.9966666666666667, 0.9966666666666667, 0.9966666666666667, 0.9966666666666667, 0.9966666666666667, 0.9966666666666667, 0.9966666666666667, 0.9966666666666667, 0.9966666666666667, 0.9966666666666667, 0.9966666666666667, 0.9966666666666667, 0.9966666666666667, 0.9966666666666667]
Final energies: [-442038.1875, -1064498.875, -1454826.625, -1707861.25, -1913043.25, -2058741.0, -2192992.0, -2304126.75, -2404833.25, -2483103.75, -2548639.5, -2602594.25, -2646680.5, -2684481.5, -2719284.5, -2750557.5, -2775978.75, -2797691.25, -2816497.25, -2832805.5, -2846215.75, -2858263.25, -2868551.75, -2876869.0, -2883529.25, -2889299.0, -2893682.25, -2896925.75, -2899709.0, -2901941.75, -2903938.5, -2905362.25, -2906579.75, -2907631.0, -2908596.5, -2909208.0, -2909752.75, -2910205.5, -2910576.5, -2910883.0, -2911167.0, -2911393.0, -2911571.5, -2911699.0, -2911809.5, -2911966.25, -2912043.0, -2912100.75, -2912133.5, -2912178.25, -2912216.75, -2912242.0, -2912263.25, -2912289.0, -2912303.5, -2912315.5, -2912324.5, -2912338.75, -2912345.5, -2912350.75, -2912355.5, -2912359.0, -2912366.5, -2912368.5, -2912371.0, -2912372.25, -2912374.25, -2912382.25, -2912389.0, -2912390.25, -2912390.75, -2912391.5, -2912398.5, -2912399.25, -2912399.5, -2912400.25, -2912402.0, -2912402.25, -2912402.75, -2912402.5, -2912402.75, -2912403.0, -2912410.0, -2912410.5, -2912410.0, -2912410.5, -2912410.75, -2912410.75, -2912411.0, -2912411.25, -2912412.0, -2912412.25, -2912412.5, -2912413.0, -2912413.0, -2912413.0, -2912420.0, -2912420.0, -2912420.5, -2912424.25]
