Running with parameters: hidden=100, use_coupled=false, seed=31, lam=0.0, eta=0.0, batch=50
Test Loss: 0.0000, Test Accuracy: 0.9500, Energy: -387159.75
Time taken:  0.7574620246887207
Test Loss: 0.0000, Test Accuracy: 1.0000, Energy: -820664.1875
Time taken:  0.5798909664154053
Test Loss: 0.0000, Test Accuracy: 0.9967, Energy: -990244.8125
Time taken:  0.585878849029541
Test Loss: 0.0000, Test Accuracy: 0.9967, Energy: -1057806.625
Time taken:  0.5805025100708008
Test Loss: 0.0000, Test Accuracy: 0.9900, Energy: -1184323.25
Time taken:  0.5589344501495361
Test Loss: 0.0000, Test Accuracy: 0.9900, Energy: -1415579.0
Time taken:  0.5744442939758301
Test Loss: 0.0000, Test Accuracy: 0.9900, Energy: -1594714.25
Time taken:  0.5659234523773193
Test Loss: 0.0000, Test Accuracy: 0.9867, Energy: -1698241.25
Time taken:  0.6068472862243652
Test Loss: 0.0000, Test Accuracy: 0.9867, Energy: -1780147.25
Time taken:  0.6234352588653564
Test Loss: 0.0000, Test Accuracy: 0.9867, Energy: -1847862.875
Time taken:  0.6142756938934326
Test Loss: 0.0000, Test Accuracy: 0.9833, Energy: -1908437.25
Time taken:  0.5940680503845215
Test Loss: 0.0000, Test Accuracy: 0.9833, Energy: -1960497.375
Time taken:  0.5959992408752441
Test Loss: 0.0000, Test Accuracy: 0.9833, Energy: -2007348.625
Time taken:  0.6037421226501465
Test Loss: 0.0000, Test Accuracy: 0.9833, Energy: -2049785.75
Time taken:  0.5921688079833984
Test Loss: 0.0000, Test Accuracy: 0.9833, Energy: -2087165.875
Time taken:  0.5961322784423828
Test Loss: 0.0000, Test Accuracy: 0.9833, Energy: -2119544.5
Time taken:  0.5744826793670654
Test Loss: 0.0000, Test Accuracy: 0.9833, Energy: -2146348.0
Time taken:  0.5726275444030762
Test Loss: 0.0000, Test Accuracy: 0.9833, Energy: -2169115.0
Time taken:  0.5889084339141846
Test Loss: 0.0000, Test Accuracy: 0.9833, Energy: -2188810.5
Time taken:  0.6001064777374268
Test Loss: 0.0000, Test Accuracy: 0.9833, Energy: -2206647.0
Time taken:  0.587836742401123
Test Loss: 0.0000, Test Accuracy: 0.9833, Energy: -2220802.75
Time taken:  0.6088745594024658
Test Loss: 0.0000, Test Accuracy: 0.9833, Energy: -2233368.0
Time taken:  0.6183977127075195
Test Loss: 0.0000, Test Accuracy: 0.9800, Energy: -2243130.0
Time taken:  0.6243903636932373
Test Loss: 0.0000, Test Accuracy: 0.9800, Energy: -2251224.0
Time taken:  0.6189322471618652
Test Loss: 0.0000, Test Accuracy: 0.9800, Energy: -2257535.0
Time taken:  0.6128203868865967
Test Loss: 0.0000, Test Accuracy: 0.9833, Energy: -2264148.0
Time taken:  0.6151695251464844
Test Loss: 0.0000, Test Accuracy: 0.9800, Energy: -2268160.0
Time taken:  0.6088240146636963
Test Loss: 0.0000, Test Accuracy: 0.9800, Energy: -2271945.0
Time taken:  0.6120762825012207
Test Loss: 0.0000, Test Accuracy: 0.9767, Energy: -2276757.0
Time taken:  0.6054232120513916
Test Loss: 0.0000, Test Accuracy: 0.9767, Energy: -2279595.0
Time taken:  0.5985143184661865
Test Loss: 0.0000, Test Accuracy: 0.9767, Energy: -2281985.0
Time taken:  0.5702972412109375
Test Loss: 0.0000, Test Accuracy: 0.9767, Energy: -2284004.0
Time taken:  0.6070177555084229
Test Loss: 0.0000, Test Accuracy: 0.9767, Energy: -2285706.5
Time taken:  0.6076090335845947
Test Loss: 0.0000, Test Accuracy: 0.9767, Energy: -2287047.5
Time taken:  0.5969674587249756
Test Loss: 0.0000, Test Accuracy: 0.9767, Energy: -2288177.75
Time taken:  0.59371018409729
Test Loss: 0.0000, Test Accuracy: 0.9767, Energy: -2289226.5
Time taken:  0.6050267219543457
Test Loss: 0.0000, Test Accuracy: 0.9767, Energy: -2290230.5
Time taken:  0.5962815284729004
Test Loss: 0.0000, Test Accuracy: 0.9767, Energy: -2291007.5
Time taken:  0.5807774066925049
Test Loss: 0.0000, Test Accuracy: 0.9767, Energy: -2291714.75
Time taken:  0.5937328338623047
Test Loss: 0.0000, Test Accuracy: 0.9767, Energy: -2292309.5
Time taken:  0.6171114444732666
Test Loss: 0.0000, Test Accuracy: 0.9767, Energy: -2292791.75
Time taken:  0.6210026741027832
Test Loss: 0.0000, Test Accuracy: 0.9767, Energy: -2293345.75
Time taken:  0.6227171421051025
Test Loss: 0.0000, Test Accuracy: 0.9767, Energy: -2293730.0
Time taken:  0.6029300689697266
Test Loss: 0.0000, Test Accuracy: 0.9767, Energy: -2294104.0
Time taken:  0.5966184139251709
Test Loss: 0.0000, Test Accuracy: 0.9767, Energy: -2294440.5
Time taken:  0.617009162902832
Test Loss: 0.0000, Test Accuracy: 0.9767, Energy: -2294852.5
Time taken:  0.5968525409698486
Test Loss: 0.0000, Test Accuracy: 0.9767, Energy: -2295214.25
Time taken:  0.5951261520385742
Test Loss: 0.0000, Test Accuracy: 0.9767, Energy: -2295476.0
Time taken:  0.5926227569580078
Test Loss: 0.0000, Test Accuracy: 0.9767, Energy: -2295809.5
Time taken:  0.5723369121551514
Test Loss: 0.0000, Test Accuracy: 0.9767, Energy: -2296110.25
Time taken:  0.5867445468902588
Test Loss: 0.0000, Test Accuracy: 0.9767, Energy: -2296354.0
Time taken:  0.6021726131439209
Test Loss: 0.0000, Test Accuracy: 0.9767, Energy: -2296628.0
Time taken:  0.5779383182525635
Test Loss: 0.0000, Test Accuracy: 0.9767, Energy: -2296865.75
Time taken:  0.5834178924560547
Test Loss: 0.0000, Test Accuracy: 0.9767, Energy: -2297046.5
Time taken:  0.6054174900054932
Test Loss: 0.0000, Test Accuracy: 0.9767, Energy: -2297266.0
Time taken:  0.600576639175415
Test Loss: 0.0000, Test Accuracy: 0.9767, Energy: -2297482.25
Time taken:  0.6045956611633301
Test Loss: 0.0000, Test Accuracy: 0.9767, Energy: -2297734.25
Time taken:  0.6021368503570557
Test Loss: 0.0000, Test Accuracy: 0.9767, Energy: -2297921.5
Time taken:  0.610785961151123
Test Loss: 0.0000, Test Accuracy: 0.9767, Energy: -2298090.25
Time taken:  0.6102707386016846
Test Loss: 0.0000, Test Accuracy: 0.9767, Energy: -2298284.25
Time taken:  0.6034951210021973
Test Loss: 0.0000, Test Accuracy: 0.9767, Energy: -2298437.5
Time taken:  0.6009061336517334
Test Loss: 0.0000, Test Accuracy: 0.9767, Energy: -2298657.75
Time taken:  0.6028661727905273
Test Loss: 0.0000, Test Accuracy: 0.9767, Energy: -2298847.25
Time taken:  0.607736349105835
Test Loss: 0.0000, Test Accuracy: 0.9767, Energy: -2299019.0
Time taken:  0.575556755065918
Test Loss: 0.0000, Test Accuracy: 0.9767, Energy: -2299193.5
Time taken:  0.5778155326843262
Test Loss: 0.0000, Test Accuracy: 0.9767, Energy: -2299405.5
Time taken:  0.5537805557250977
Test Loss: 0.0000, Test Accuracy: 0.9767, Energy: -2299621.5
Time taken:  0.5743424892425537
Test Loss: 0.0000, Test Accuracy: 0.9767, Energy: -2299788.0
Time taken:  0.5887677669525146
Test Loss: 0.0000, Test Accuracy: 0.9767, Energy: -2299966.25
Time taken:  0.5876524448394775
Test Loss: 0.0000, Test Accuracy: 0.9767, Energy: -2300155.25
Time taken:  0.5795929431915283
Test Loss: 0.0000, Test Accuracy: 0.9767, Energy: -2300331.25
Time taken:  0.5720458030700684
Test Loss: 0.0000, Test Accuracy: 0.9767, Energy: -2300487.25
Time taken:  0.5793788433074951
Test Loss: 0.0000, Test Accuracy: 0.9767, Energy: -2300643.0
Time taken:  0.6044025421142578
Test Loss: 0.0000, Test Accuracy: 0.9767, Energy: -2300818.75
Time taken:  0.6060976982116699
Test Loss: 0.0000, Test Accuracy: 0.9767, Energy: -2300982.25
Time taken:  0.5948398113250732
Test Loss: 0.0000, Test Accuracy: 0.9767, Energy: -2301167.75
Time taken:  0.6015040874481201
Test Loss: 0.0000, Test Accuracy: 0.9767, Energy: -2301292.75
Time taken:  0.6183698177337646
Test Loss: 0.0000, Test Accuracy: 0.9767, Energy: -2301456.25
Time taken:  0.5949487686157227
Test Loss: 0.0000, Test Accuracy: 0.9767, Energy: -2301677.25
Time taken:  0.5808279514312744
Test Loss: 0.0000, Test Accuracy: 0.9767, Energy: -2301857.25
Time taken:  0.5661952495574951
Test Loss: 0.0000, Test Accuracy: 0.9767, Energy: -2302058.0
Time taken:  0.5926098823547363
Test Loss: 0.0000, Test Accuracy: 0.9767, Energy: -2302243.5
Time taken:  0.6222553253173828
Test Loss: 0.0000, Test Accuracy: 0.9767, Energy: -2302397.25
Time taken:  0.6179108619689941
Test Loss: 0.0000, Test Accuracy: 0.9767, Energy: -2302530.5
Time taken:  0.6107017993927002
Test Loss: 0.0000, Test Accuracy: 0.9767, Energy: -2302699.0
Time taken:  0.6002905368804932
Test Loss: 0.0000, Test Accuracy: 0.9767, Energy: -2302849.5
Time taken:  0.599278450012207
Test Loss: 0.0000, Test Accuracy: 0.9767, Energy: -2302996.25
Time taken:  0.6129696369171143
Test Loss: 0.0000, Test Accuracy: 0.9767, Energy: -2303177.5
Time taken:  0.6161148548126221
Test Loss: 0.0000, Test Accuracy: 0.9767, Energy: -2303341.25
Time taken:  0.6118860244750977
Test Loss: 0.0000, Test Accuracy: 0.9767, Energy: -2303501.75
Time taken:  0.6130001544952393
Test Loss: 0.0000, Test Accuracy: 0.9767, Energy: -2303647.0
Time taken:  0.594179630279541
Test Loss: 0.0000, Test Accuracy: 0.9767, Energy: -2303787.75
Time taken:  0.5847506523132324
Test Loss: 0.0000, Test Accuracy: 0.9767, Energy: -2303940.5
Time taken:  0.5969545841217041
Test Loss: 0.0000, Test Accuracy: 0.9767, Energy: -2304066.25
Time taken:  0.5750606060028076
Test Loss: 0.0000, Test Accuracy: 0.9767, Energy: -2304254.25
Time taken:  0.5654149055480957
Test Loss: 0.0000, Test Accuracy: 0.9767, Energy: -2304405.75
Time taken:  0.6031386852264404
Test Loss: 0.0000, Test Accuracy: 0.9767, Energy: -2304543.25
Time taken:  0.5938870906829834
Test Loss: 0.0000, Test Accuracy: 0.9767, Energy: -2304704.5
Time taken:  0.6026442050933838
Test Loss: 0.0000, Test Accuracy: 0.9767, Energy: -2304828.25
Time taken:  0.5770692825317383
Test Loss: 0.0000, Test Accuracy: 0.9767, Energy: -2304982.0
Time taken:  0.562159538269043
Final accuracies: [0.95, 1.0, 0.9966666666666667, 0.9966666666666667, 0.99, 0.99, 0.99, 0.9866666666666667, 0.9866666666666667, 0.9866666666666667, 0.9833333333333333, 0.9833333333333333, 0.9833333333333333, 0.9833333333333333, 0.9833333333333333, 0.9833333333333333, 0.9833333333333333, 0.9833333333333333, 0.9833333333333333, 0.9833333333333333, 0.9833333333333333, 0.9833333333333333, 0.98, 0.98, 0.98, 0.9833333333333333, 0.98, 0.98, 0.9766666666666667, 0.9766666666666667, 0.9766666666666667, 0.9766666666666667, 0.9766666666666667, 0.9766666666666667, 0.9766666666666667, 0.9766666666666667, 0.9766666666666667, 0.9766666666666667, 0.9766666666666667, 0.9766666666666667, 0.9766666666666667, 0.9766666666666667, 0.9766666666666667, 0.9766666666666667, 0.9766666666666667, 0.9766666666666667, 0.9766666666666667, 0.9766666666666667, 0.9766666666666667, 0.9766666666666667, 0.9766666666666667, 0.9766666666666667, 0.9766666666666667, 0.9766666666666667, 0.9766666666666667, 0.9766666666666667, 0.9766666666666667, 0.9766666666666667, 0.9766666666666667, 0.9766666666666667, 0.9766666666666667, 0.9766666666666667, 0.9766666666666667, 0.9766666666666667, 0.9766666666666667, 0.9766666666666667, 0.9766666666666667, 0.9766666666666667, 0.9766666666666667, 0.9766666666666667, 0.9766666666666667, 0.9766666666666667, 0.9766666666666667, 0.9766666666666667, 0.9766666666666667, 0.9766666666666667, 0.9766666666666667, 0.9766666666666667, 0.9766666666666667, 0.9766666666666667, 0.9766666666666667, 0.9766666666666667, 0.9766666666666667, 0.9766666666666667, 0.9766666666666667, 0.9766666666666667, 0.9766666666666667, 0.9766666666666667, 0.9766666666666667, 0.9766666666666667, 0.9766666666666667, 0.9766666666666667, 0.9766666666666667, 0.9766666666666667, 0.9766666666666667, 0.9766666666666667, 0.9766666666666667, 0.9766666666666667, 0.9766666666666667, 0.9766666666666667]
Final energies: [-387159.75, -820664.1875, -990244.8125, -1057806.625, -1184323.25, -1415579.0, -1594714.25, -1698241.25, -1780147.25, -1847862.875, -1908437.25, -1960497.375, -2007348.625, -2049785.75, -2087165.875, -2119544.5, -2146348.0, -2169115.0, -2188810.5, -2206647.0, -2220802.75, -2233368.0, -2243130.0, -2251224.0, -2257535.0, -2264148.0, -2268160.0, -2271945.0, -2276757.0, -2279595.0, -2281985.0, -2284004.0, -2285706.5, -2287047.5, -2288177.75, -2289226.5, -2290230.5, -2291007.5, -2291714.75, -2292309.5, -2292791.75, -2293345.75, -2293730.0, -2294104.0, -2294440.5, -2294852.5, -2295214.25, -2295476.0, -2295809.5, -2296110.25, -2296354.0, -2296628.0, -2296865.75, -2297046.5, -2297266.0, -2297482.25, -2297734.25, -2297921.5, -2298090.25, -2298284.25, -2298437.5, -2298657.75, -2298847.25, -2299019.0, -2299193.5, -2299405.5, -2299621.5, -2299788.0, -2299966.25, -2300155.25, -2300331.25, -2300487.25, -2300643.0, -2300818.75, -2300982.25, -2301167.75, -2301292.75, -2301456.25, -2301677.25, -2301857.25, -2302058.0, -2302243.5, -2302397.25, -2302530.5, -2302699.0, -2302849.5, -2302996.25, -2303177.5, -2303341.25, -2303501.75, -2303647.0, -2303787.75, -2303940.5, -2304066.25, -2304254.25, -2304405.75, -2304543.25, -2304704.5, -2304828.25, -2304982.0]
