Running with parameters: hidden=100, use_coupled=false, seed=2, lam=0.0, eta=0.0, batch=50
Test Loss: 0.0000, Test Accuracy: 0.9967, Energy: -448497.0625
Time taken:  0.7208969593048096
Test Loss: 0.0000, Test Accuracy: 0.9733, Energy: -1114466.5
Time taken:  0.5701844692230225
Test Loss: 0.0000, Test Accuracy: 0.9800, Energy: -1350270.0
Time taken:  0.5431315898895264
Test Loss: 0.0000, Test Accuracy: 0.9900, Energy: -1581381.0
Time taken:  0.5631957054138184
Test Loss: 0.0000, Test Accuracy: 0.9967, Energy: -1774423.5
Time taken:  0.5665543079376221
Test Loss: 0.0000, Test Accuracy: 0.9967, Energy: -1948730.5
Time taken:  0.5631279945373535
Test Loss: 0.0000, Test Accuracy: 0.9967, Energy: -2096811.25
Time taken:  0.564286470413208
Test Loss: 0.0000, Test Accuracy: 0.9967, Energy: -2212365.5
Time taken:  0.5621075630187988
Test Loss: 0.0000, Test Accuracy: 0.9967, Energy: -2307147.0
Time taken:  0.5548965930938721
Test Loss: 0.0000, Test Accuracy: 0.9967, Energy: -2386738.0
Time taken:  0.5589163303375244
Test Loss: 0.0000, Test Accuracy: 0.9967, Energy: -2451642.25
Time taken:  0.558485746383667
Test Loss: 0.0000, Test Accuracy: 0.9967, Energy: -2505492.0
Time taken:  0.5594151020050049
Test Loss: 0.0000, Test Accuracy: 0.9967, Energy: -2550190.25
Time taken:  0.5632195472717285
Test Loss: 0.0000, Test Accuracy: 0.9967, Energy: -2587576.75
Time taken:  0.5718410015106201
Test Loss: 0.0000, Test Accuracy: 0.9967, Energy: -2618282.0
Time taken:  0.5591425895690918
Test Loss: 0.0000, Test Accuracy: 0.9967, Energy: -2643804.0
Time taken:  0.5613887310028076
Test Loss: 0.0000, Test Accuracy: 0.9967, Energy: -2665127.25
Time taken:  0.564471960067749
Test Loss: 0.0000, Test Accuracy: 0.9967, Energy: -2682980.25
Time taken:  0.5473005771636963
Test Loss: 0.0000, Test Accuracy: 0.9967, Energy: -2697865.5
Time taken:  0.5537283420562744
Test Loss: 0.0000, Test Accuracy: 0.9967, Energy: -2709966.0
Time taken:  0.5580923557281494
Test Loss: 0.0000, Test Accuracy: 0.9967, Energy: -2719853.75
Time taken:  0.5520660877227783
Test Loss: 0.0000, Test Accuracy: 0.9967, Energy: -2728150.5
Time taken:  0.5475246906280518
Test Loss: 0.0000, Test Accuracy: 0.9967, Energy: -2734718.75
Time taken:  0.5584275722503662
Test Loss: 0.0000, Test Accuracy: 0.9967, Energy: -2740687.0
Time taken:  0.5396099090576172
Test Loss: 0.0000, Test Accuracy: 0.9967, Energy: -2745036.75
Time taken:  0.5637805461883545
Test Loss: 0.0000, Test Accuracy: 0.9967, Energy: -2749086.25
Time taken:  0.5664536952972412
Test Loss: 0.0000, Test Accuracy: 0.9967, Energy: -2752255.25
Time taken:  0.563518762588501
Test Loss: 0.0000, Test Accuracy: 0.9967, Energy: -2754753.0
Time taken:  0.5602290630340576
Test Loss: 0.0000, Test Accuracy: 0.9967, Energy: -2756960.0
Time taken:  0.5601294040679932
Test Loss: 0.0000, Test Accuracy: 0.9967, Energy: -2758736.25
Time taken:  0.547917366027832
Test Loss: 0.0000, Test Accuracy: 0.9967, Energy: -2760118.75
Time taken:  0.5647156238555908
Test Loss: 0.0000, Test Accuracy: 0.9967, Energy: -2761273.0
Time taken:  0.5621035099029541
Test Loss: 0.0000, Test Accuracy: 0.9967, Energy: -2762347.0
Time taken:  0.5664229393005371
Test Loss: 0.0000, Test Accuracy: 0.9967, Energy: -2763215.25
Time taken:  0.5631942749023438
Test Loss: 0.0000, Test Accuracy: 0.9967, Energy: -2763876.0
Time taken:  0.5520031452178955
Test Loss: 0.0000, Test Accuracy: 0.9967, Energy: -2764407.5
Time taken:  0.5570964813232422
Test Loss: 0.0000, Test Accuracy: 0.9967, Energy: -2764833.75
Time taken:  0.5597517490386963
Test Loss: 0.0000, Test Accuracy: 0.9967, Energy: -2765183.5
Time taken:  0.5516018867492676
Test Loss: 0.0000, Test Accuracy: 0.9967, Energy: -2765493.5
Time taken:  0.5536727905273438
Test Loss: 0.0000, Test Accuracy: 0.9967, Energy: -2765757.0
Time taken:  0.5404155254364014
Test Loss: 0.0000, Test Accuracy: 0.9967, Energy: -2766009.0
Time taken:  0.553358793258667
Test Loss: 0.0000, Test Accuracy: 0.9967, Energy: -2766218.0
Time taken:  0.5488390922546387
Test Loss: 0.0000, Test Accuracy: 0.9967, Energy: -2766369.0
Time taken:  0.5399613380432129
Test Loss: 0.0000, Test Accuracy: 0.9967, Energy: -2766480.0
Time taken:  0.5608723163604736
Test Loss: 0.0000, Test Accuracy: 0.9967, Energy: -2766615.25
Time taken:  0.5558881759643555
Test Loss: 0.0000, Test Accuracy: 0.9967, Energy: -2766717.5
Time taken:  0.5519759654998779
Test Loss: 0.0000, Test Accuracy: 0.9967, Energy: -2766773.25
Time taken:  0.5496251583099365
Test Loss: 0.0000, Test Accuracy: 0.9967, Energy: -2766821.0
Time taken:  0.5480237007141113
Test Loss: 0.0000, Test Accuracy: 0.9967, Energy: -2766852.0
Time taken:  0.5553033351898193
Test Loss: 0.0000, Test Accuracy: 0.9967, Energy: -2766885.0
Time taken:  0.5553646087646484
Test Loss: 0.0000, Test Accuracy: 0.9967, Energy: -2766912.5
Time taken:  0.5477790832519531
Test Loss: 0.0000, Test Accuracy: 0.9967, Energy: -2766935.5
Time taken:  0.5521178245544434
Test Loss: 0.0000, Test Accuracy: 0.9967, Energy: -2766958.5
Time taken:  0.5631818771362305
Test Loss: 0.0000, Test Accuracy: 0.9967, Energy: -2766987.0
Time taken:  0.5396933555603027
Test Loss: 0.0000, Test Accuracy: 0.9967, Energy: -2766999.75
Time taken:  0.5455117225646973
Test Loss: 0.0000, Test Accuracy: 0.9967, Energy: -2767011.25
Time taken:  0.5441007614135742
Test Loss: 0.0000, Test Accuracy: 0.9967, Energy: -2767020.25
Time taken:  0.5460541248321533
Test Loss: 0.0000, Test Accuracy: 0.9967, Energy: -2767028.0
Time taken:  0.562511682510376
Test Loss: 0.0000, Test Accuracy: 0.9967, Energy: -2767035.25
Time taken:  0.5480101108551025
Test Loss: 0.0000, Test Accuracy: 0.9967, Energy: -2767040.5
Time taken:  0.5624358654022217
Test Loss: 0.0000, Test Accuracy: 0.9967, Energy: -2767045.75
Time taken:  0.5585052967071533
Test Loss: 0.0000, Test Accuracy: 0.9967, Energy: -2767049.75
Time taken:  0.5599050521850586
Test Loss: 0.0000, Test Accuracy: 0.9967, Energy: -2767054.0
Time taken:  0.5449302196502686
Test Loss: 0.0000, Test Accuracy: 0.9967, Energy: -2767062.75
Time taken:  0.5510835647583008
Test Loss: 0.0000, Test Accuracy: 0.9967, Energy: -2767065.5
Time taken:  0.5590934753417969
Test Loss: 0.0000, Test Accuracy: 0.9967, Energy: -2767068.75
Time taken:  0.5555436611175537
Test Loss: 0.0000, Test Accuracy: 0.9967, Energy: -2767069.5
Time taken:  0.5513825416564941
Test Loss: 0.0000, Test Accuracy: 0.9967, Energy: -2767071.75
Time taken:  0.5651319026947021
Test Loss: 0.0000, Test Accuracy: 0.9967, Energy: -2767074.0
Time taken:  0.558743953704834
Test Loss: 0.0000, Test Accuracy: 0.9967, Energy: -2767076.5
Time taken:  0.5471060276031494
Test Loss: 0.0000, Test Accuracy: 0.9967, Energy: -2767078.0
Time taken:  0.5566225051879883
Test Loss: 0.0000, Test Accuracy: 0.9967, Energy: -2767086.0
Time taken:  0.5592348575592041
Test Loss: 0.0000, Test Accuracy: 0.9967, Energy: -2767088.25
Time taken:  0.5510280132293701
Test Loss: 0.0000, Test Accuracy: 0.9967, Energy: -2767090.0
Time taken:  0.5542373657226562
Test Loss: 0.0000, Test Accuracy: 0.9967, Energy: -2767092.25
Time taken:  0.5626249313354492
Test Loss: 0.0000, Test Accuracy: 0.9967, Energy: -2767094.0
Time taken:  0.5586059093475342
Test Loss: 0.0000, Test Accuracy: 0.9967, Energy: -2767095.75
Time taken:  0.5475449562072754
Test Loss: 0.0000, Test Accuracy: 0.9967, Energy: -2767098.0
Time taken:  0.5488831996917725
Test Loss: 0.0000, Test Accuracy: 0.9967, Energy: -2767099.5
Time taken:  0.5569262504577637
Test Loss: 0.0000, Test Accuracy: 0.9967, Energy: -2767101.0
Time taken:  0.56439208984375
Test Loss: 0.0000, Test Accuracy: 0.9967, Energy: -2767103.0
Time taken:  0.5666544437408447
Test Loss: 0.0000, Test Accuracy: 0.9967, Energy: -2767104.75
Time taken:  0.5562982559204102
Test Loss: 0.0000, Test Accuracy: 0.9967, Energy: -2767107.0
Time taken:  0.5611586570739746
Test Loss: 0.0000, Test Accuracy: 0.9967, Energy: -2767109.0
Time taken:  0.5365819931030273
Test Loss: 0.0000, Test Accuracy: 0.9967, Energy: -2767110.5
Time taken:  0.5577638149261475
Test Loss: 0.0000, Test Accuracy: 0.9967, Energy: -2767112.5
Time taken:  0.5618102550506592
Test Loss: 0.0000, Test Accuracy: 0.9967, Energy: -2767114.0
Time taken:  0.5590946674346924
Test Loss: 0.0000, Test Accuracy: 0.9967, Energy: -2767126.75
Time taken:  0.5600290298461914
Test Loss: 0.0000, Test Accuracy: 0.9967, Energy: -2767129.0
Time taken:  0.5436403751373291
Test Loss: 0.0000, Test Accuracy: 0.9967, Energy: -2767131.0
Time taken:  0.5631649494171143
Test Loss: 0.0000, Test Accuracy: 0.9967, Energy: -2767132.75
Time taken:  0.5616264343261719
Test Loss: 0.0000, Test Accuracy: 0.9967, Energy: -2767134.75
Time taken:  0.5482397079467773
Test Loss: 0.0000, Test Accuracy: 0.9967, Energy: -2767137.0
Time taken:  0.5645344257354736
Test Loss: 0.0000, Test Accuracy: 0.9967, Energy: -2767138.25
Time taken:  0.5543954372406006
Test Loss: 0.0000, Test Accuracy: 0.9967, Energy: -2767140.5
Time taken:  0.5619287490844727
Test Loss: 0.0000, Test Accuracy: 0.9967, Energy: -2767142.5
Time taken:  0.5597779750823975
Test Loss: 0.0000, Test Accuracy: 0.9967, Energy: -2767144.25
Time taken:  0.5631608963012695
Test Loss: 0.0000, Test Accuracy: 0.9967, Energy: -2767158.0
Time taken:  0.5632505416870117
Test Loss: 0.0000, Test Accuracy: 0.9967, Energy: -2767160.0
Time taken:  0.5438053607940674
Test Loss: 0.0000, Test Accuracy: 0.9967, Energy: -2767167.0
Time taken:  0.5487301349639893
Final accuracies: [0.9966666666666667, 0.9733333333333334, 0.98, 0.99, 0.9966666666666667, 0.9966666666666667, 0.9966666666666667, 0.9966666666666667, 0.9966666666666667, 0.9966666666666667, 0.9966666666666667, 0.9966666666666667, 0.9966666666666667, 0.9966666666666667, 0.9966666666666667, 0.9966666666666667, 0.9966666666666667, 0.9966666666666667, 0.9966666666666667, 0.9966666666666667, 0.9966666666666667, 0.9966666666666667, 0.9966666666666667, 0.9966666666666667, 0.9966666666666667, 0.9966666666666667, 0.9966666666666667, 0.9966666666666667, 0.9966666666666667, 0.9966666666666667, 0.9966666666666667, 0.9966666666666667, 0.9966666666666667, 0.9966666666666667, 0.9966666666666667, 0.9966666666666667, 0.9966666666666667, 0.9966666666666667, 0.9966666666666667, 0.9966666666666667, 0.9966666666666667, 0.9966666666666667, 0.9966666666666667, 0.9966666666666667, 0.9966666666666667, 0.9966666666666667, 0.9966666666666667, 0.9966666666666667, 0.9966666666666667, 0.9966666666666667, 0.9966666666666667, 0.9966666666666667, 0.9966666666666667, 0.9966666666666667, 0.9966666666666667, 0.9966666666666667, 0.9966666666666667, 0.9966666666666667, 0.9966666666666667, 0.9966666666666667, 0.9966666666666667, 0.9966666666666667, 0.9966666666666667, 0.9966666666666667, 0.9966666666666667, 0.9966666666666667, 0.9966666666666667, 0.9966666666666667, 0.9966666666666667, 0.9966666666666667, 0.9966666666666667, 0.9966666666666667, 0.9966666666666667, 0.9966666666666667, 0.9966666666666667, 0.9966666666666667, 0.9966666666666667, 0.9966666666666667, 0.9966666666666667, 0.9966666666666667, 0.9966666666666667, 0.9966666666666667, 0.9966666666666667, 0.9966666666666667, 0.9966666666666667, 0.9966666666666667, 0.9966666666666667, 0.9966666666666667, 0.9966666666666667, 0.9966666666666667, 0.9966666666666667, 0.9966666666666667, 0.9966666666666667, 0.9966666666666667, 0.9966666666666667, 0.9966666666666667, 0.9966666666666667, 0.9966666666666667, 0.9966666666666667, 0.9966666666666667]
Final energies: [-448497.0625, -1114466.5, -1350270.0, -1581381.0, -1774423.5, -1948730.5, -2096811.25, -2212365.5, -2307147.0, -2386738.0, -2451642.25, -2505492.0, -2550190.25, -2587576.75, -2618282.0, -2643804.0, -2665127.25, -2682980.25, -2697865.5, -2709966.0, -2719853.75, -2728150.5, -2734718.75, -2740687.0, -2745036.75, -2749086.25, -2752255.25, -2754753.0, -2756960.0, -2758736.25, -2760118.75, -2761273.0, -2762347.0, -2763215.25, -2763876.0, -2764407.5, -2764833.75, -2765183.5, -2765493.5, -2765757.0, -2766009.0, -2766218.0, -2766369.0, -2766480.0, -2766615.25, -2766717.5, -2766773.25, -2766821.0, -2766852.0, -2766885.0, -2766912.5, -2766935.5, -2766958.5, -2766987.0, -2766999.75, -2767011.25, -2767020.25, -2767028.0, -2767035.25, -2767040.5, -2767045.75, -2767049.75, -2767054.0, -2767062.75, -2767065.5, -2767068.75, -2767069.5, -2767071.75, -2767074.0, -2767076.5, -2767078.0, -2767086.0, -2767088.25, -2767090.0, -2767092.25, -2767094.0, -2767095.75, -2767098.0, -2767099.5, -2767101.0, -2767103.0, -2767104.75, -2767107.0, -2767109.0, -2767110.5, -2767112.5, -2767114.0, -2767126.75, -2767129.0, -2767131.0, -2767132.75, -2767134.75, -2767137.0, -2767138.25, -2767140.5, -2767142.5, -2767144.25, -2767158.0, -2767160.0, -2767167.0]
