Running with parameters: hidden=100, use_coupled=false, seed=42, lam=0.0, eta=0.0, batch=50
Test Loss: 0.0000, Test Accuracy: 0.9967, Energy: -514570.8125
Time taken:  0.8285026550292969
Test Loss: 0.0000, Test Accuracy: 0.9967, Energy: -807678.75
Time taken:  0.6800317764282227
Test Loss: 0.0000, Test Accuracy: 0.9967, Energy: -1070995.75
Time taken:  0.676260232925415
Test Loss: 0.0000, Test Accuracy: 0.9967, Energy: -1267179.25
Time taken:  0.6757011413574219
Test Loss: 0.0000, Test Accuracy: 0.9933, Energy: -1410654.25
Time taken:  0.6752653121948242
Test Loss: 0.0000, Test Accuracy: 0.9900, Energy: -1529526.0
Time taken:  0.6771125793457031
Test Loss: 0.0000, Test Accuracy: 0.9933, Energy: -1649690.125
Time taken:  0.6787467002868652
Test Loss: 0.0000, Test Accuracy: 0.9933, Energy: -1754455.0
Time taken:  0.6715984344482422
Test Loss: 0.0000, Test Accuracy: 0.9900, Energy: -1873614.875
Time taken:  0.6760356426239014
Test Loss: 0.0000, Test Accuracy: 0.9900, Energy: -1980852.75
Time taken:  0.6812748908996582
Test Loss: 0.0000, Test Accuracy: 0.9867, Energy: -2051866.75
Time taken:  0.6810228824615479
Test Loss: 0.0000, Test Accuracy: 0.9867, Energy: -2116579.75
Time taken:  0.6831634044647217
Test Loss: 0.0000, Test Accuracy: 0.9867, Energy: -2171247.0
Time taken:  0.6828949451446533
Test Loss: 0.0000, Test Accuracy: 0.9833, Energy: -2212765.5
Time taken:  0.67848801612854
Test Loss: 0.0000, Test Accuracy: 0.9833, Energy: -2248626.25
Time taken:  0.6773576736450195
Test Loss: 0.0000, Test Accuracy: 0.9833, Energy: -2278305.75
Time taken:  0.6805779933929443
Test Loss: 0.0000, Test Accuracy: 0.9833, Energy: -2302333.5
Time taken:  0.6785888671875
Test Loss: 0.0000, Test Accuracy: 0.9833, Energy: -2322319.25
Time taken:  0.6724369525909424
Test Loss: 0.0000, Test Accuracy: 0.9833, Energy: -2338382.5
Time taken:  0.6772181987762451
Test Loss: 0.0000, Test Accuracy: 0.9767, Energy: -2343457.75
Time taken:  0.6805038452148438
Test Loss: 0.0000, Test Accuracy: 0.9767, Energy: -2354780.5
Time taken:  0.6793999671936035
Test Loss: 0.0000, Test Accuracy: 0.9767, Energy: -2363965.5
Time taken:  0.673222541809082
Test Loss: 0.0000, Test Accuracy: 0.9767, Energy: -2371170.5
Time taken:  0.6766238212585449
Test Loss: 0.0000, Test Accuracy: 0.9767, Energy: -2378352.5
Time taken:  0.6771817207336426
Test Loss: 0.0000, Test Accuracy: 0.9767, Energy: -2383604.25
Time taken:  0.6797726154327393
Test Loss: 0.0000, Test Accuracy: 0.9767, Energy: -2387920.25
Time taken:  0.6726977825164795
Test Loss: 0.0000, Test Accuracy: 0.9767, Energy: -2391742.25
Time taken:  0.674598217010498
Test Loss: 0.0000, Test Accuracy: 0.9767, Energy: -2393448.5
Time taken:  0.6786928176879883
Test Loss: 0.0000, Test Accuracy: 0.9767, Energy: -2395881.5
Time taken:  0.6760339736938477
Test Loss: 0.0000, Test Accuracy: 0.9767, Energy: -2397647.5
Time taken:  0.6756374835968018
Test Loss: 0.0000, Test Accuracy: 0.9767, Energy: -2399345.0
Time taken:  0.6717150211334229
Test Loss: 0.0000, Test Accuracy: 0.9767, Energy: -2400595.25
Time taken:  0.6786637306213379
Test Loss: 0.0000, Test Accuracy: 0.9767, Energy: -2401710.0
Time taken:  0.6798257827758789
Test Loss: 0.0000, Test Accuracy: 0.9767, Energy: -2402409.75
Time taken:  0.6774322986602783
Test Loss: 0.0000, Test Accuracy: 0.9733, Energy: -2398549.0
Time taken:  0.6763360500335693
Test Loss: 0.0000, Test Accuracy: 0.9733, Energy: -2399140.5
Time taken:  0.6762039661407471
Test Loss: 0.0000, Test Accuracy: 0.9733, Energy: -2399701.5
Time taken:  0.6784918308258057
Test Loss: 0.0000, Test Accuracy: 0.9733, Energy: -2400109.25
Time taken:  0.6780300140380859
Test Loss: 0.0000, Test Accuracy: 0.9733, Energy: -2400458.75
Time taken:  0.6744170188903809
Test Loss: 0.0000, Test Accuracy: 0.9733, Energy: -2400714.5
Time taken:  0.6767079830169678
Test Loss: 0.0000, Test Accuracy: 0.9733, Energy: -2400907.5
Time taken:  0.6793949604034424
Test Loss: 0.0000, Test Accuracy: 0.9733, Energy: -2401089.5
Time taken:  0.6779391765594482
Test Loss: 0.0000, Test Accuracy: 0.9733, Energy: -2401230.5
Time taken:  0.6762073040008545
Test Loss: 0.0000, Test Accuracy: 0.9733, Energy: -2401343.5
Time taken:  0.6766014099121094
Test Loss: 0.0000, Test Accuracy: 0.9733, Energy: -2401430.0
Time taken:  0.6631710529327393
Test Loss: 0.0000, Test Accuracy: 0.9733, Energy: -2401512.0
Time taken:  0.6782181262969971
Test Loss: 0.0000, Test Accuracy: 0.9733, Energy: -2401595.5
Time taken:  0.6786501407623291
Test Loss: 0.0000, Test Accuracy: 0.9733, Energy: -2401645.25
Time taken:  0.6784865856170654
Test Loss: 0.0000, Test Accuracy: 0.9733, Energy: -2401686.5
Time taken:  0.6790697574615479
Test Loss: 0.0000, Test Accuracy: 0.9733, Energy: -2401733.75
Time taken:  0.6793718338012695
Test Loss: 0.0000, Test Accuracy: 0.9733, Energy: -2401767.25
Time taken:  0.677051305770874
Test Loss: 0.0000, Test Accuracy: 0.9733, Energy: -2401790.75
Time taken:  0.6791102886199951
Test Loss: 0.0000, Test Accuracy: 0.9733, Energy: -2401816.25
Time taken:  0.6808478832244873
Test Loss: 0.0000, Test Accuracy: 0.9733, Energy: -2401833.5
Time taken:  0.676760196685791
Test Loss: 0.0000, Test Accuracy: 0.9733, Energy: -2401847.0
Time taken:  0.6772255897521973
Test Loss: 0.0000, Test Accuracy: 0.9733, Energy: -2401858.75
Time taken:  0.6776633262634277
Test Loss: 0.0000, Test Accuracy: 0.9733, Energy: -2401868.25
Time taken:  0.6790916919708252
Test Loss: 0.0000, Test Accuracy: 0.9733, Energy: -2401876.75
Time taken:  0.6784427165985107
Test Loss: 0.0000, Test Accuracy: 0.9733, Energy: -2401883.5
Time taken:  0.67832350730896
Test Loss: 0.0000, Test Accuracy: 0.9733, Energy: -2401907.5
Time taken:  0.679868221282959
Test Loss: 0.0000, Test Accuracy: 0.9733, Energy: -2401913.0
Time taken:  0.6707193851470947
Test Loss: 0.0000, Test Accuracy: 0.9733, Energy: -2401917.0
Time taken:  0.6802468299865723
Test Loss: 0.0000, Test Accuracy: 0.9733, Energy: -2401919.0
Time taken:  0.6762151718139648
Test Loss: 0.0000, Test Accuracy: 0.9733, Energy: -2401923.0
Time taken:  0.6794488430023193
Test Loss: 0.0000, Test Accuracy: 0.9733, Energy: -2401926.0
Time taken:  0.6825721263885498
Test Loss: 0.0000, Test Accuracy: 0.9733, Energy: -2401929.25
Time taken:  0.681208610534668
Test Loss: 0.0000, Test Accuracy: 0.9733, Energy: -2401932.5
Time taken:  0.6759028434753418
Test Loss: 0.0000, Test Accuracy: 0.9733, Energy: -2401934.5
Time taken:  0.6747965812683105
Test Loss: 0.0000, Test Accuracy: 0.9733, Energy: -2401937.25
Time taken:  0.679816484451294
Test Loss: 0.0000, Test Accuracy: 0.9733, Energy: -2401942.5
Time taken:  0.6804184913635254
Test Loss: 0.0000, Test Accuracy: 0.9733, Energy: -2401944.25
Time taken:  0.6789238452911377
Test Loss: 0.0000, Test Accuracy: 0.9733, Energy: -2401946.75
Time taken:  0.6751067638397217
Test Loss: 0.0000, Test Accuracy: 0.9733, Energy: -2401949.25
Time taken:  0.6752994060516357
Test Loss: 0.0000, Test Accuracy: 0.9733, Energy: -2401951.5
Time taken:  0.6762495040893555
Test Loss: 0.0000, Test Accuracy: 0.9733, Energy: -2401953.0
Time taken:  0.6757595539093018
Test Loss: 0.0000, Test Accuracy: 0.9733, Energy: -2401958.25
Time taken:  0.6776878833770752
Test Loss: 0.0000, Test Accuracy: 0.9733, Energy: -2401960.25
Time taken:  0.6777019500732422
Test Loss: 0.0000, Test Accuracy: 0.9733, Energy: -2401962.0
Time taken:  0.66904616355896
Test Loss: 0.0000, Test Accuracy: 0.9733, Energy: -2401964.75
Time taken:  0.6786465644836426
Test Loss: 0.0000, Test Accuracy: 0.9733, Energy: -2401966.25
Time taken:  0.6791472434997559
Test Loss: 0.0000, Test Accuracy: 0.9733, Energy: -2401968.5
Time taken:  0.6758015155792236
Test Loss: 0.0000, Test Accuracy: 0.9733, Energy: -2401981.75
Time taken:  0.676724910736084
Test Loss: 0.0000, Test Accuracy: 0.9733, Energy: -2401983.5
Time taken:  0.6749956607818604
Test Loss: 0.0000, Test Accuracy: 0.9733, Energy: -2401986.0
Time taken:  0.6735248565673828
Test Loss: 0.0000, Test Accuracy: 0.9733, Energy: -2401990.0
Time taken:  0.67657470703125
Test Loss: 0.0000, Test Accuracy: 0.9733, Energy: -2401992.0
Time taken:  0.6783044338226318
Test Loss: 0.0000, Test Accuracy: 0.9733, Energy: -2401994.25
Time taken:  0.6785306930541992
Test Loss: 0.0000, Test Accuracy: 0.9733, Energy: -2401996.0
Time taken:  0.6773266792297363
Test Loss: 0.0000, Test Accuracy: 0.9733, Energy: -2401998.25
Time taken:  0.6797473430633545
Test Loss: 0.0000, Test Accuracy: 0.9733, Energy: -2402011.75
Time taken:  0.6764273643493652
Test Loss: 0.0000, Test Accuracy: 0.9733, Energy: -2402014.0
Time taken:  0.678736686706543
Test Loss: 0.0000, Test Accuracy: 0.9733, Energy: -2402016.25
Time taken:  0.6754910945892334
Test Loss: 0.0000, Test Accuracy: 0.9733, Energy: -2402018.25
Time taken:  0.6765525341033936
Test Loss: 0.0000, Test Accuracy: 0.9733, Energy: -2402020.0
Time taken:  0.6773879528045654
Test Loss: 0.0000, Test Accuracy: 0.9733, Energy: -2402022.5
Time taken:  0.6800277233123779
Test Loss: 0.0000, Test Accuracy: 0.9733, Energy: -2402024.5
Time taken:  0.6652545928955078
Test Loss: 0.0000, Test Accuracy: 0.9733, Energy: -2402029.75
Time taken:  0.6740729808807373
Test Loss: 0.0000, Test Accuracy: 0.9733, Energy: -2402031.5
Time taken:  0.672173261642456
Test Loss: 0.0000, Test Accuracy: 0.9733, Energy: -2402033.5
Time taken:  0.6762685775756836
Test Loss: 0.0000, Test Accuracy: 0.9733, Energy: -2402035.75
Time taken:  0.6565361022949219
Final accuracies: [0.9966666666666667, 0.9966666666666667, 0.9966666666666667, 0.9966666666666667, 0.9933333333333333, 0.99, 0.9933333333333333, 0.9933333333333333, 0.99, 0.99, 0.9866666666666667, 0.9866666666666667, 0.9866666666666667, 0.9833333333333333, 0.9833333333333333, 0.9833333333333333, 0.9833333333333333, 0.9833333333333333, 0.9833333333333333, 0.9766666666666667, 0.9766666666666667, 0.9766666666666667, 0.9766666666666667, 0.9766666666666667, 0.9766666666666667, 0.9766666666666667, 0.9766666666666667, 0.9766666666666667, 0.9766666666666667, 0.9766666666666667, 0.9766666666666667, 0.9766666666666667, 0.9766666666666667, 0.9766666666666667, 0.9733333333333334, 0.9733333333333334, 0.9733333333333334, 0.9733333333333334, 0.9733333333333334, 0.9733333333333334, 0.9733333333333334, 0.9733333333333334, 0.9733333333333334, 0.9733333333333334, 0.9733333333333334, 0.9733333333333334, 0.9733333333333334, 0.9733333333333334, 0.9733333333333334, 0.9733333333333334, 0.9733333333333334, 0.9733333333333334, 0.9733333333333334, 0.9733333333333334, 0.9733333333333334, 0.9733333333333334, 0.9733333333333334, 0.9733333333333334, 0.9733333333333334, 0.9733333333333334, 0.9733333333333334, 0.9733333333333334, 0.9733333333333334, 0.9733333333333334, 0.9733333333333334, 0.9733333333333334, 0.9733333333333334, 0.9733333333333334, 0.9733333333333334, 0.9733333333333334, 0.9733333333333334, 0.9733333333333334, 0.9733333333333334, 0.9733333333333334, 0.9733333333333334, 0.9733333333333334, 0.9733333333333334, 0.9733333333333334, 0.9733333333333334, 0.9733333333333334, 0.9733333333333334, 0.9733333333333334, 0.9733333333333334, 0.9733333333333334, 0.9733333333333334, 0.9733333333333334, 0.9733333333333334, 0.9733333333333334, 0.9733333333333334, 0.9733333333333334, 0.9733333333333334, 0.9733333333333334, 0.9733333333333334, 0.9733333333333334, 0.9733333333333334, 0.9733333333333334, 0.9733333333333334, 0.9733333333333334, 0.9733333333333334, 0.9733333333333334]
Final energies: [-514570.8125, -807678.75, -1070995.75, -1267179.25, -1410654.25, -1529526.0, -1649690.125, -1754455.0, -1873614.875, -1980852.75, -2051866.75, -2116579.75, -2171247.0, -2212765.5, -2248626.25, -2278305.75, -2302333.5, -2322319.25, -2338382.5, -2343457.75, -2354780.5, -2363965.5, -2371170.5, -2378352.5, -2383604.25, -2387920.25, -2391742.25, -2393448.5, -2395881.5, -2397647.5, -2399345.0, -2400595.25, -2401710.0, -2402409.75, -2398549.0, -2399140.5, -2399701.5, -2400109.25, -2400458.75, -2400714.5, -2400907.5, -2401089.5, -2401230.5, -2401343.5, -2401430.0, -2401512.0, -2401595.5, -2401645.25, -2401686.5, -2401733.75, -2401767.25, -2401790.75, -2401816.25, -2401833.5, -2401847.0, -2401858.75, -2401868.25, -2401876.75, -2401883.5, -2401907.5, -2401913.0, -2401917.0, -2401919.0, -2401923.0, -2401926.0, -2401929.25, -2401932.5, -2401934.5, -2401937.25, -2401942.5, -2401944.25, -2401946.75, -2401949.25, -2401951.5, -2401953.0, -2401958.25, -2401960.25, -2401962.0, -2401964.75, -2401966.25, -2401968.5, -2401981.75, -2401983.5, -2401986.0, -2401990.0, -2401992.0, -2401994.25, -2401996.0, -2401998.25, -2402011.75, -2402014.0, -2402016.25, -2402018.25, -2402020.0, -2402022.5, -2402024.5, -2402029.75, -2402031.5, -2402033.5, -2402035.75]
