Running with parameters: hidden=30, use_coupled=true, seed=40, lam=0.1, eta=1.0, batch=1
Test Loss: 0.0000, Test Accuracy: 1.0000, Energy: -520639.5
Time taken:  11.706252813339233
Test Loss: 0.0000, Test Accuracy: 1.0000, Energy: -799357.75
Time taken:  11.658829689025879
Test Loss: 0.0000, Test Accuracy: 1.0000, Energy: -857905.4375
Time taken:  11.616349220275879
Test Loss: 0.0000, Test Accuracy: 1.0000, Energy: -990542.5625
Time taken:  11.759469270706177
Test Loss: 0.0000, Test Accuracy: 1.0000, Energy: -1067734.25
Time taken:  11.644769668579102
Test Loss: 0.0000, Test Accuracy: 1.0000, Energy: -1097239.75
Time taken:  11.603276252746582
Test Loss: 0.0000, Test Accuracy: 1.0000, Energy: -1132059.25
Time taken:  11.62487244606018
Test Loss: 0.0000, Test Accuracy: 1.0000, Energy: -1153665.0
Time taken:  11.757408618927002
Test Loss: 0.0000, Test Accuracy: 1.0000, Energy: -1179428.25
Time taken:  11.621052026748657
Test Loss: 0.0000, Test Accuracy: 1.0000, Energy: -1199460.875
Time taken:  11.656119346618652
Test Loss: 0.0000, Test Accuracy: 1.0000, Energy: -1242700.75
Time taken:  11.646111249923706
Test Loss: 0.0000, Test Accuracy: 1.0000, Energy: -1311890.5
Time taken:  11.780598878860474
Test Loss: 0.0000, Test Accuracy: 1.0000, Energy: -1295017.75
Time taken:  11.61852478981018
Test Loss: 0.0000, Test Accuracy: 1.0000, Energy: -1310591.375
Time taken:  11.637530326843262
Test Loss: 0.0000, Test Accuracy: 1.0000, Energy: -1326783.5
Time taken:  11.63316559791565
Test Loss: 0.0000, Test Accuracy: 1.0000, Energy: -1344647.125
Time taken:  11.741099119186401
Test Loss: 0.0000, Test Accuracy: 1.0000, Energy: -1397097.0
Time taken:  11.630352973937988
Test Loss: 0.0000, Test Accuracy: 1.0000, Energy: -1481241.5
Time taken:  11.623235940933228
Test Loss: 0.0000, Test Accuracy: 1.0000, Energy: -1553936.875
Time taken:  11.62108588218689
Test Loss: 0.0000, Test Accuracy: 1.0000, Energy: -1599931.75
Time taken:  11.721935987472534
Test Loss: 0.0000, Test Accuracy: 1.0000, Energy: -1623387.25
Time taken:  11.62834882736206
Test Loss: 0.0000, Test Accuracy: 1.0000, Energy: -1630820.375
Time taken:  11.651052951812744
Test Loss: 0.0000, Test Accuracy: 1.0000, Energy: -1639492.625
Time taken:  11.742167949676514
Test Loss: 0.0000, Test Accuracy: 1.0000, Energy: -1652523.25
Time taken:  11.687718152999878
Test Loss: 0.0000, Test Accuracy: 1.0000, Energy: -1661507.5
Time taken:  11.660441637039185
Test Loss: 0.0000, Test Accuracy: 1.0000, Energy: -1675166.625
Time taken:  11.66857123374939
Test Loss: 0.0000, Test Accuracy: 1.0000, Energy: -1680590.625
Time taken:  11.773088932037354
Test Loss: 0.0000, Test Accuracy: 1.0000, Energy: -1687736.875
Time taken:  11.635377407073975
Test Loss: 0.0000, Test Accuracy: 1.0000, Energy: -1697440.625
Time taken:  11.683597087860107
Test Loss: 0.0000, Test Accuracy: 1.0000, Energy: -1707135.875
Time taken:  11.675928592681885
Test Loss: 0.0000, Test Accuracy: 1.0000, Energy: -1714352.125
Time taken:  11.754019498825073
Test Loss: 0.0000, Test Accuracy: 1.0000, Energy: -1722797.0
Time taken:  11.667761087417603
Test Loss: 0.0000, Test Accuracy: 1.0000, Energy: -1732369.125
Time taken:  11.656898975372314
Test Loss: 0.0000, Test Accuracy: 1.0000, Energy: -1739859.625
Time taken:  11.642289400100708
Test Loss: 0.0000, Test Accuracy: 1.0000, Energy: -1748145.625
Time taken:  11.766460418701172
Test Loss: 0.0000, Test Accuracy: 1.0000, Energy: -1756649.0
Time taken:  11.721649408340454
Test Loss: 0.0000, Test Accuracy: 1.0000, Energy: -1763866.5
Time taken:  11.678911447525024
Test Loss: 0.0000, Test Accuracy: 1.0000, Energy: -1773194.375
Time taken:  11.694758415222168
Test Loss: 0.0000, Test Accuracy: 1.0000, Energy: -1781749.125
Time taken:  11.787049531936646
Test Loss: 0.0000, Test Accuracy: 1.0000, Energy: -1801823.0
Time taken:  11.661892652511597
Test Loss: 0.0000, Test Accuracy: 1.0000, Energy: -1807263.875
Time taken:  11.662332534790039
Test Loss: 0.0000, Test Accuracy: 1.0000, Energy: -1809292.25
Time taken:  11.680452585220337
Test Loss: 0.0000, Test Accuracy: 1.0000, Energy: -1809463.75
Time taken:  11.78458833694458
Test Loss: 0.0000, Test Accuracy: 1.0000, Energy: -1810551.5
Time taken:  11.526126861572266
Test Loss: 0.0000, Test Accuracy: 1.0000, Energy: -1828649.25
Time taken:  11.510301113128662
Test Loss: 0.0000, Test Accuracy: 1.0000, Energy: -1863516.375
Time taken:  11.487687826156616
Test Loss: 0.0000, Test Accuracy: 1.0000, Energy: -1871668.125
Time taken:  11.589548110961914
Test Loss: 0.0000, Test Accuracy: 1.0000, Energy: -1878890.625
Time taken:  11.64245080947876
Test Loss: 0.0000, Test Accuracy: 1.0000, Energy: -1885987.375
Time taken:  11.663196086883545
Test Loss: 0.0000, Test Accuracy: 1.0000, Energy: -1893472.25
Time taken:  11.650720834732056
Test Loss: 0.0000, Test Accuracy: 1.0000, Energy: -1900383.125
Time taken:  11.760748386383057
Test Loss: 0.0000, Test Accuracy: 1.0000, Energy: -1907867.875
Time taken:  11.64577579498291
Test Loss: 0.0000, Test Accuracy: 1.0000, Energy: -1914525.25
Time taken:  11.721029043197632
Test Loss: 0.0000, Test Accuracy: 1.0000, Energy: -1926426.875
Time taken:  11.652172565460205
Test Loss: 0.0000, Test Accuracy: 1.0000, Energy: -1933569.25
Time taken:  11.76968789100647
Test Loss: 0.0000, Test Accuracy: 1.0000, Energy: -1945886.375
Time taken:  11.663527488708496
Test Loss: 0.0000, Test Accuracy: 1.0000, Energy: -1955163.5
Time taken:  11.65863037109375
Test Loss: 0.0000, Test Accuracy: 1.0000, Energy: -1956131.625
Time taken:  11.660325288772583
Test Loss: 0.0000, Test Accuracy: 1.0000, Energy: -1962845.625
Time taken:  11.754456520080566
Test Loss: 0.0000, Test Accuracy: 1.0000, Energy: -1970060.625
Time taken:  11.66410207748413
Test Loss: 0.0000, Test Accuracy: 1.0000, Energy: -1975774.125
Time taken:  11.68384313583374
Test Loss: 0.0000, Test Accuracy: 1.0000, Energy: -1983287.75
Time taken:  11.654047966003418
Test Loss: 0.0000, Test Accuracy: 1.0000, Energy: -1990086.875
Time taken:  11.783926248550415
Test Loss: 0.0000, Test Accuracy: 1.0000, Energy: -1997394.25
Time taken:  11.694077730178833
Test Loss: 0.0000, Test Accuracy: 1.0000, Energy: -2005448.25
Time taken:  11.688869953155518
Test Loss: 0.0000, Test Accuracy: 1.0000, Energy: -2000884.125
Time taken:  11.765851736068726
Test Loss: 0.0000, Test Accuracy: 1.0000, Energy: -2010086.75
Time taken:  11.666305541992188
Test Loss: 0.0000, Test Accuracy: 1.0000, Energy: -2017764.125
Time taken:  11.665430068969727
Test Loss: 0.0000, Test Accuracy: 1.0000, Energy: -2025830.5
Time taken:  11.651583909988403
Test Loss: 0.0000, Test Accuracy: 1.0000, Energy: -2033994.125
Time taken:  11.742814540863037
Test Loss: 0.0000, Test Accuracy: 1.0000, Energy: -2041045.5
Time taken:  11.657434701919556
Test Loss: 0.0000, Test Accuracy: 1.0000, Energy: -2049481.875
Time taken:  11.629536628723145
Test Loss: 0.0000, Test Accuracy: 1.0000, Energy: -2056965.25
Time taken:  11.655101537704468
Test Loss: 0.0000, Test Accuracy: 1.0000, Energy: -2065668.375
Time taken:  11.710825443267822
Test Loss: 0.0000, Test Accuracy: 1.0000, Energy: -2075437.25
Time taken:  11.677318096160889
Test Loss: 0.0000, Test Accuracy: 1.0000, Energy: -2082843.5
Time taken:  11.655956983566284
Test Loss: 0.0000, Test Accuracy: 1.0000, Energy: -2090106.0
Time taken:  11.632246732711792
Test Loss: 0.0000, Test Accuracy: 1.0000, Energy: -2096753.25
Time taken:  11.758341550827026
Test Loss: 0.0000, Test Accuracy: 1.0000, Energy: -2102860.25
Time taken:  11.676138401031494
Test Loss: 0.0000, Test Accuracy: 1.0000, Energy: -2110814.0
Time taken:  11.62415099143982
Test Loss: 0.0000, Test Accuracy: 1.0000, Energy: -2117892.75
Time taken:  11.64202356338501
Test Loss: 0.0000, Test Accuracy: 1.0000, Energy: -2124502.0
Time taken:  11.758656978607178
Test Loss: 0.0000, Test Accuracy: 1.0000, Energy: -2129566.5
Time taken:  11.64216923713684
Test Loss: 0.0000, Test Accuracy: 1.0000, Energy: -2135003.5
Time taken:  11.655465364456177
Test Loss: 0.0000, Test Accuracy: 1.0000, Energy: -2140371.5
Time taken:  11.619617223739624
Test Loss: 0.0000, Test Accuracy: 1.0000, Energy: -2145654.0
Time taken:  11.721634149551392
Test Loss: 0.0000, Test Accuracy: 1.0000, Energy: -2151358.25
Time taken:  11.63271450996399
Test Loss: 0.0000, Test Accuracy: 1.0000, Energy: -2155502.25
Time taken:  11.619361639022827
Test Loss: 0.0000, Test Accuracy: 1.0000, Energy: -2160905.5
Time taken:  11.610508918762207
Test Loss: 0.0000, Test Accuracy: 1.0000, Energy: -2165732.0
Time taken:  11.819573402404785
Test Loss: 0.0000, Test Accuracy: 1.0000, Energy: -2170818.5
Time taken:  11.631627321243286
Test Loss: 0.0000, Test Accuracy: 1.0000, Energy: -2174930.5
Time taken:  11.646855592727661
Test Loss: 0.0000, Test Accuracy: 1.0000, Energy: -2179546.75
Time taken:  11.643854856491089
Test Loss: 0.0000, Test Accuracy: 1.0000, Energy: -2182550.25
Time taken:  11.750346422195435
Test Loss: 0.0000, Test Accuracy: 1.0000, Energy: -2178486.0
Time taken:  11.652953147888184
Test Loss: 0.0000, Test Accuracy: 1.0000, Energy: -2182626.25
Time taken:  11.667393207550049
Test Loss: 0.0000, Test Accuracy: 1.0000, Energy: -2186888.25
Time taken:  11.708790063858032
Test Loss: 0.0000, Test Accuracy: 1.0000, Energy: -2190898.75
Time taken:  11.772268533706665
Test Loss: 0.0000, Test Accuracy: 1.0000, Energy: -2194146.75
Time taken:  11.650296449661255
Test Loss: 0.0000, Test Accuracy: 1.0000, Energy: -2197997.75
Time taken:  11.627314805984497
Final accuracies: [1.0, 1.0, 1.0, 1.0, 1.0, 1.0, 1.0, 1.0, 1.0, 1.0, 1.0, 1.0, 1.0, 1.0, 1.0, 1.0, 1.0, 1.0, 1.0, 1.0, 1.0, 1.0, 1.0, 1.0, 1.0, 1.0, 1.0, 1.0, 1.0, 1.0, 1.0, 1.0, 1.0, 1.0, 1.0, 1.0, 1.0, 1.0, 1.0, 1.0, 1.0, 1.0, 1.0, 1.0, 1.0, 1.0, 1.0, 1.0, 1.0, 1.0, 1.0, 1.0, 1.0, 1.0, 1.0, 1.0, 1.0, 1.0, 1.0, 1.0, 1.0, 1.0, 1.0, 1.0, 1.0, 1.0, 1.0, 1.0, 1.0, 1.0, 1.0, 1.0, 1.0, 1.0, 1.0, 1.0, 1.0, 1.0, 1.0, 1.0, 1.0, 1.0, 1.0, 1.0, 1.0, 1.0, 1.0, 1.0, 1.0, 1.0, 1.0, 1.0, 1.0, 1.0, 1.0, 1.0, 1.0, 1.0, 1.0, 1.0]
Final energies: [-520639.5, -799357.75, -857905.4375, -990542.5625, -1067734.25, -1097239.75, -1132059.25, -1153665.0, -1179428.25, -1199460.875, -1242700.75, -1311890.5, -1295017.75, -1310591.375, -1326783.5, -1344647.125, -1397097.0, -1481241.5, -1553936.875, -1599931.75, -1623387.25, -1630820.375, -1639492.625, -1652523.25, -1661507.5, -1675166.625, -1680590.625, -1687736.875, -1697440.625, -1707135.875, -1714352.125, -1722797.0, -1732369.125, -1739859.625, -1748145.625, -1756649.0, -1763866.5, -1773194.375, -1781749.125, -1801823.0, -1807263.875, -1809292.25, -1809463.75, -1810551.5, -1828649.25, -1863516.375, -1871668.125, -1878890.625, -1885987.375, -1893472.25, -1900383.125, -1907867.875, -1914525.25, -1926426.875, -1933569.25, -1945886.375, -1955163.5, -1956131.625, -1962845.625, -1970060.625, -1975774.125, -1983287.75, -1990086.875, -1997394.25, -2005448.25, -2000884.125, -2010086.75, -2017764.125, -2025830.5, -2033994.125, -2041045.5, -2049481.875, -2056965.25, -2065668.375, -2075437.25, -2082843.5, -2090106.0, -2096753.25, -2102860.25, -2110814.0, -2117892.75, -2124502.0, -2129566.5, -2135003.5, -2140371.5, -2145654.0, -2151358.25, -2155502.25, -2160905.5, -2165732.0, -2170818.5, -2174930.5, -2179546.75, -2182550.25, -2178486.0, -2182626.25, -2186888.25, -2190898.75, -2194146.75, -2197997.75]
