Running with parameters: hidden=30, use_coupled=true, seed=27, lam=0.1, eta=1.0, batch=1
Test Loss: 0.0000, Test Accuracy: 0.9967, Energy: -1046139.5
Time taken:  11.777971744537354
Test Loss: 0.0000, Test Accuracy: 0.9933, Energy: -1517696.875
Time taken:  11.794728994369507
Test Loss: 0.0000, Test Accuracy: 0.9967, Energy: -1552533.125
Time taken:  11.735703468322754
Test Loss: 0.0000, Test Accuracy: 0.9967, Energy: -1558908.75
Time taken:  11.857947826385498
Test Loss: 0.0000, Test Accuracy: 0.9967, Energy: -1566208.25
Time taken:  11.725845336914062
Test Loss: 0.0000, Test Accuracy: 0.9967, Energy: -1573102.625
Time taken:  11.78640604019165
Test Loss: 0.0000, Test Accuracy: 0.9967, Energy: -1584986.875
Time taken:  11.738351106643677
Test Loss: 0.0000, Test Accuracy: 0.9967, Energy: -1601922.125
Time taken:  11.860200643539429
Test Loss: 0.0000, Test Accuracy: 0.9967, Energy: -1609277.625
Time taken:  11.781433582305908
Test Loss: 0.0000, Test Accuracy: 0.9967, Energy: -1614793.875
Time taken:  11.752739191055298
Test Loss: 0.0000, Test Accuracy: 0.9967, Energy: -1622650.0
Time taken:  11.755699872970581
Test Loss: 0.0000, Test Accuracy: 0.9967, Energy: -1627874.625
Time taken:  11.863095045089722
Test Loss: 0.0000, Test Accuracy: 0.9967, Energy: -1632314.875
Time taken:  11.735208749771118
Test Loss: 0.0000, Test Accuracy: 0.9967, Energy: -1633655.75
Time taken:  11.754029512405396
Test Loss: 0.0000, Test Accuracy: 0.9967, Energy: -1621643.0
Time taken:  11.758965492248535
Test Loss: 0.0000, Test Accuracy: 0.9967, Energy: -1602728.5
Time taken:  11.83187484741211
Test Loss: 0.0000, Test Accuracy: 0.9967, Energy: -1603111.125
Time taken:  11.750247955322266
Test Loss: 0.0000, Test Accuracy: 0.9967, Energy: -1600468.375
Time taken:  11.725972652435303
Test Loss: 0.0000, Test Accuracy: 0.9967, Energy: -1603677.0
Time taken:  11.749794960021973
Test Loss: 0.0000, Test Accuracy: 0.9967, Energy: -1606514.25
Time taken:  11.882649898529053
Test Loss: 0.0000, Test Accuracy: 0.9967, Energy: -1610974.625
Time taken:  11.781066179275513
Test Loss: 0.0000, Test Accuracy: 0.9967, Energy: -1615133.5
Time taken:  11.774946928024292
Test Loss: 0.0000, Test Accuracy: 0.9967, Energy: -1619052.625
Time taken:  11.882672786712646
Test Loss: 0.0000, Test Accuracy: 0.9967, Energy: -1623341.5
Time taken:  11.732017040252686
Test Loss: 0.0000, Test Accuracy: 0.9967, Energy: -1627569.875
Time taken:  11.691777467727661
Test Loss: 0.0000, Test Accuracy: 0.9967, Energy: -1632096.875
Time taken:  11.674893617630005
Test Loss: 0.0000, Test Accuracy: 0.9967, Energy: -1636066.5
Time taken:  11.801428318023682
Test Loss: 0.0000, Test Accuracy: 0.9967, Energy: -1640773.75
Time taken:  11.722708940505981
Test Loss: 0.0000, Test Accuracy: 0.9967, Energy: -1653815.5
Time taken:  11.759961366653442
Test Loss: 0.0000, Test Accuracy: 0.9967, Energy: -1658220.625
Time taken:  11.815732479095459
Test Loss: 0.0000, Test Accuracy: 0.9967, Energy: -1662571.0
Time taken:  11.928922414779663
Test Loss: 0.0000, Test Accuracy: 0.9967, Energy: -1667713.25
Time taken:  11.834364891052246
Test Loss: 0.0000, Test Accuracy: 0.9967, Energy: -1672618.25
Time taken:  11.849600315093994
Test Loss: 0.0000, Test Accuracy: 0.9967, Energy: -1676975.375
Time taken:  11.853989124298096
Test Loss: 0.0000, Test Accuracy: 0.9967, Energy: -1682653.75
Time taken:  11.975317239761353
Test Loss: 0.0000, Test Accuracy: 0.9967, Energy: -1696065.875
Time taken:  11.81503176689148
Test Loss: 0.0000, Test Accuracy: 0.9967, Energy: -1747466.0
Time taken:  11.832188606262207
Test Loss: 0.0000, Test Accuracy: 0.9967, Energy: -1749701.625
Time taken:  11.851775169372559
Test Loss: 0.0000, Test Accuracy: 0.9967, Energy: -1753655.125
Time taken:  11.943713665008545
Test Loss: 0.0000, Test Accuracy: 0.9967, Energy: -1757285.125
Time taken:  11.847378969192505
Test Loss: 0.0000, Test Accuracy: 0.9967, Energy: -1760912.25
Time taken:  11.857322931289673
Test Loss: 0.0000, Test Accuracy: 0.9967, Energy: -1765566.125
Time taken:  11.833046913146973
Test Loss: 0.0000, Test Accuracy: 0.9967, Energy: -1769430.125
Time taken:  11.976837635040283
Test Loss: 0.0000, Test Accuracy: 0.9967, Energy: -1773612.875
Time taken:  11.817001581192017
Test Loss: 0.0000, Test Accuracy: 0.9967, Energy: -1777530.0
Time taken:  11.895419359207153
Test Loss: 0.0000, Test Accuracy: 0.9967, Energy: -1781026.625
Time taken:  11.901319026947021
Test Loss: 0.0000, Test Accuracy: 0.9967, Energy: -1784726.5
Time taken:  12.026278018951416
Test Loss: 0.0000, Test Accuracy: 0.9967, Energy: -1788167.125
Time taken:  11.969105958938599
Test Loss: 0.0000, Test Accuracy: 0.9967, Energy: -1791847.875
Time taken:  11.927367687225342
Test Loss: 0.0000, Test Accuracy: 0.9967, Energy: -1795078.875
Time taken:  11.937330484390259
Test Loss: 0.0000, Test Accuracy: 1.0000, Energy: -1798623.25
Time taken:  12.015085935592651
Test Loss: 0.0000, Test Accuracy: 1.0000, Energy: -1802807.125
Time taken:  11.878663301467896
Test Loss: 0.0000, Test Accuracy: 1.0000, Energy: -1806432.25
Time taken:  11.848097562789917
Test Loss: 0.0000, Test Accuracy: 1.0000, Energy: -1809972.0
Time taken:  11.746740818023682
Test Loss: 0.0000, Test Accuracy: 1.0000, Energy: -1813924.0
Time taken:  11.86915397644043
Test Loss: 0.0000, Test Accuracy: 1.0000, Energy: -1816991.625
Time taken:  11.793984413146973
Test Loss: 0.0000, Test Accuracy: 1.0000, Energy: -1820497.125
Time taken:  11.79031252861023
Test Loss: 0.0000, Test Accuracy: 1.0000, Energy: -1824443.0
Time taken:  11.81281590461731
Test Loss: 0.0000, Test Accuracy: 0.9967, Energy: -1827280.25
Time taken:  11.880348682403564
Test Loss: 0.0000, Test Accuracy: 0.9967, Energy: -1830643.125
Time taken:  11.766575336456299
Test Loss: 0.0000, Test Accuracy: 0.9967, Energy: -1834162.625
Time taken:  11.771035432815552
Test Loss: 0.0000, Test Accuracy: 0.9967, Energy: -1837616.25
Time taken:  11.772665739059448
Test Loss: 0.0000, Test Accuracy: 0.9967, Energy: -1841320.25
Time taken:  11.899915218353271
Test Loss: 0.0000, Test Accuracy: 0.9967, Energy: -1844423.0
Time taken:  11.756842374801636
Test Loss: 0.0000, Test Accuracy: 0.9967, Energy: -1848487.125
Time taken:  11.756163597106934
Test Loss: 0.0000, Test Accuracy: 0.9967, Energy: -1852321.625
Time taken:  11.89587140083313
Test Loss: 0.0000, Test Accuracy: 0.9967, Energy: -1855140.5
Time taken:  11.778453588485718
Test Loss: 0.0000, Test Accuracy: 1.0000, Energy: -1860366.375
Time taken:  11.748417615890503
Test Loss: 0.0000, Test Accuracy: 1.0000, Energy: -1863560.875
Time taken:  11.74408769607544
Test Loss: 0.0000, Test Accuracy: 1.0000, Energy: -1867697.875
Time taken:  11.912435531616211
Test Loss: 0.0000, Test Accuracy: 1.0000, Energy: -1871176.625
Time taken:  11.775718450546265
Test Loss: 0.0000, Test Accuracy: 1.0000, Energy: -1874985.5
Time taken:  11.74675703048706
Test Loss: 0.0000, Test Accuracy: 1.0000, Energy: -1878517.0
Time taken:  11.772398710250854
Test Loss: 0.0000, Test Accuracy: 1.0000, Energy: -1881570.5
Time taken:  11.873394012451172
Test Loss: 0.0000, Test Accuracy: 1.0000, Energy: -1885770.625
Time taken:  11.771016836166382
Test Loss: 0.0000, Test Accuracy: 1.0000, Energy: -1889761.625
Time taken:  11.747207164764404
Test Loss: 0.0000, Test Accuracy: 1.0000, Energy: -1893530.5
Time taken:  11.75687551498413
Test Loss: 0.0000, Test Accuracy: 1.0000, Energy: -1897040.75
Time taken:  11.898113489151001
Test Loss: 0.0000, Test Accuracy: 1.0000, Energy: -1900894.125
Time taken:  11.781328201293945
Test Loss: 0.0000, Test Accuracy: 1.0000, Energy: -1904037.25
Time taken:  11.74687147140503
Test Loss: 0.0000, Test Accuracy: 1.0000, Energy: -1908229.625
Time taken:  11.71704888343811
Test Loss: 0.0000, Test Accuracy: 1.0000, Energy: -1911891.625
Time taken:  11.873366594314575
Test Loss: 0.0000, Test Accuracy: 1.0000, Energy: -1915782.875
Time taken:  11.720870971679688
Test Loss: 0.0000, Test Accuracy: 1.0000, Energy: -1919488.5
Time taken:  11.759303569793701
Test Loss: 0.0000, Test Accuracy: 1.0000, Energy: -1922317.75
Time taken:  11.746977090835571
Test Loss: 0.0000, Test Accuracy: 1.0000, Energy: -1925807.625
Time taken:  11.87827754020691
Test Loss: 0.0000, Test Accuracy: 1.0000, Energy: -1929232.625
Time taken:  11.758490324020386
Test Loss: 0.0000, Test Accuracy: 1.0000, Energy: -1932402.125
Time taken:  11.771464347839355
Test Loss: 0.0000, Test Accuracy: 1.0000, Energy: -1935714.125
Time taken:  11.777178287506104
Test Loss: 0.0000, Test Accuracy: 1.0000, Energy: -1939077.25
Time taken:  11.877100944519043
Test Loss: 0.0000, Test Accuracy: 1.0000, Energy: -1942221.625
Time taken:  11.801207780838013
Test Loss: 0.0000, Test Accuracy: 1.0000, Energy: -1945578.125
Time taken:  11.76224422454834
Test Loss: 0.0000, Test Accuracy: 1.0000, Energy: -1948957.75
Time taken:  11.752213954925537
Test Loss: 0.0000, Test Accuracy: 1.0000, Energy: -1952378.5
Time taken:  11.881277561187744
Test Loss: 0.0000, Test Accuracy: 1.0000, Energy: -1955720.625
Time taken:  11.771345853805542
Test Loss: 0.0000, Test Accuracy: 1.0000, Energy: -1959045.875
Time taken:  11.751339673995972
Test Loss: 0.0000, Test Accuracy: 1.0000, Energy: -1962266.25
Time taken:  11.821468353271484
Test Loss: 0.0000, Test Accuracy: 1.0000, Energy: -1965683.0
Time taken:  11.870059490203857
Test Loss: 0.0000, Test Accuracy: 1.0000, Energy: -1968102.125
Time taken:  11.80700969696045
Test Loss: 0.0000, Test Accuracy: 1.0000, Energy: -1970355.875
Time taken:  11.859753131866455
Final accuracies: [0.9966666666666667, 0.9933333333333333, 0.9966666666666667, 0.9966666666666667, 0.9966666666666667, 0.9966666666666667, 0.9966666666666667, 0.9966666666666667, 0.9966666666666667, 0.9966666666666667, 0.9966666666666667, 0.9966666666666667, 0.9966666666666667, 0.9966666666666667, 0.9966666666666667, 0.9966666666666667, 0.9966666666666667, 0.9966666666666667, 0.9966666666666667, 0.9966666666666667, 0.9966666666666667, 0.9966666666666667, 0.9966666666666667, 0.9966666666666667, 0.9966666666666667, 0.9966666666666667, 0.9966666666666667, 0.9966666666666667, 0.9966666666666667, 0.9966666666666667, 0.9966666666666667, 0.9966666666666667, 0.9966666666666667, 0.9966666666666667, 0.9966666666666667, 0.9966666666666667, 0.9966666666666667, 0.9966666666666667, 0.9966666666666667, 0.9966666666666667, 0.9966666666666667, 0.9966666666666667, 0.9966666666666667, 0.9966666666666667, 0.9966666666666667, 0.9966666666666667, 0.9966666666666667, 0.9966666666666667, 0.9966666666666667, 0.9966666666666667, 1.0, 1.0, 1.0, 1.0, 1.0, 1.0, 1.0, 1.0, 0.9966666666666667, 0.9966666666666667, 0.9966666666666667, 0.9966666666666667, 0.9966666666666667, 0.9966666666666667, 0.9966666666666667, 0.9966666666666667, 0.9966666666666667, 1.0, 1.0, 1.0, 1.0, 1.0, 1.0, 1.0, 1.0, 1.0, 1.0, 1.0, 1.0, 1.0, 1.0, 1.0, 1.0, 1.0, 1.0, 1.0, 1.0, 1.0, 1.0, 1.0, 1.0, 1.0, 1.0, 1.0, 1.0, 1.0, 1.0, 1.0, 1.0, 1.0]
Final energies: [-1046139.5, -1517696.875, -1552533.125, -1558908.75, -1566208.25, -1573102.625, -1584986.875, -1601922.125, -1609277.625, -1614793.875, -1622650.0, -1627874.625, -1632314.875, -1633655.75, -1621643.0, -1602728.5, -1603111.125, -1600468.375, -1603677.0, -1606514.25, -1610974.625, -1615133.5, -1619052.625, -1623341.5, -1627569.875, -1632096.875, -1636066.5, -1640773.75, -1653815.5, -1658220.625, -1662571.0, -1667713.25, -1672618.25, -1676975.375, -1682653.75, -1696065.875, -1747466.0, -1749701.625, -1753655.125, -1757285.125, -1760912.25, -1765566.125, -1769430.125, -1773612.875, -1777530.0, -1781026.625, -1784726.5, -1788167.125, -1791847.875, -1795078.875, -1798623.25, -1802807.125, -1806432.25, -1809972.0, -1813924.0, -1816991.625, -1820497.125, -1824443.0, -1827280.25, -1830643.125, -1834162.625, -1837616.25, -1841320.25, -1844423.0, -1848487.125, -1852321.625, -1855140.5, -1860366.375, -1863560.875, -1867697.875, -1871176.625, -1874985.5, -1878517.0, -1881570.5, -1885770.625, -1889761.625, -1893530.5, -1897040.75, -1900894.125, -1904037.25, -1908229.625, -1911891.625, -1915782.875, -1919488.5, -1922317.75, -1925807.625, -1929232.625, -1932402.125, -1935714.125, -1939077.25, -1942221.625, -1945578.125, -1948957.75, -1952378.5, -1955720.625, -1959045.875, -1962266.25, -1965683.0, -1968102.125, -1970355.875]
