Running with parameters: hidden=30, use_coupled=true, seed=73, lam=0.1, eta=1.0, batch=1
Test Loss: 0.0000, Test Accuracy: 1.0000, Energy: -394916.28125
Time taken:  11.003914833068848
Test Loss: 0.0000, Test Accuracy: 1.0000, Energy: -544591.0
Time taken:  11.017527103424072
Test Loss: 0.0000, Test Accuracy: 0.9967, Energy: -671712.0625
Time taken:  10.995298147201538
Test Loss: 0.0000, Test Accuracy: 1.0000, Energy: -778931.875
Time taken:  11.071861267089844
Test Loss: 0.0000, Test Accuracy: 1.0000, Energy: -829958.4375
Time taken:  11.011293649673462
Test Loss: 0.0000, Test Accuracy: 1.0000, Energy: -943305.375
Time taken:  10.994014978408813
Test Loss: 0.0000, Test Accuracy: 1.0000, Energy: -968536.875
Time taken:  11.010349035263062
Test Loss: 0.0000, Test Accuracy: 1.0000, Energy: -1016929.125
Time taken:  11.091259241104126
Test Loss: 0.0000, Test Accuracy: 1.0000, Energy: -1054501.0
Time taken:  11.001052379608154
Test Loss: 0.0000, Test Accuracy: 1.0000, Energy: -1091103.25
Time taken:  11.012567043304443
Test Loss: 0.0000, Test Accuracy: 1.0000, Energy: -1114048.375
Time taken:  10.98774266242981
Test Loss: 0.0000, Test Accuracy: 1.0000, Energy: -1207091.375
Time taken:  11.077909231185913
Test Loss: 0.0000, Test Accuracy: 1.0000, Energy: -1211089.75
Time taken:  10.968670129776001
Test Loss: 0.0000, Test Accuracy: 1.0000, Energy: -1227661.75
Time taken:  10.961119174957275
Test Loss: 0.0000, Test Accuracy: 1.0000, Energy: -1245204.375
Time taken:  10.979498147964478
Test Loss: 0.0000, Test Accuracy: 1.0000, Energy: -1245818.0
Time taken:  11.06398868560791
Test Loss: 0.0000, Test Accuracy: 1.0000, Energy: -1263767.875
Time taken:  10.980364322662354
Test Loss: 0.0000, Test Accuracy: 1.0000, Energy: -1281973.0
Time taken:  10.979925870895386
Test Loss: 0.0000, Test Accuracy: 1.0000, Energy: -1294861.25
Time taken:  10.976532459259033
Test Loss: 0.0000, Test Accuracy: 1.0000, Energy: -1308627.75
Time taken:  11.064074754714966
Test Loss: 0.0000, Test Accuracy: 1.0000, Energy: -1335752.25
Time taken:  10.985289812088013
Test Loss: 0.0000, Test Accuracy: 1.0000, Energy: -1334709.875
Time taken:  11.010143280029297
Test Loss: 0.0000, Test Accuracy: 1.0000, Energy: -1348793.625
Time taken:  11.096998453140259
Test Loss: 0.0000, Test Accuracy: 1.0000, Energy: -1363429.5
Time taken:  11.014410972595215
Test Loss: 0.0000, Test Accuracy: 1.0000, Energy: -1365439.75
Time taken:  10.996944427490234
Test Loss: 0.0000, Test Accuracy: 1.0000, Energy: -1377316.125
Time taken:  10.984281301498413
Test Loss: 0.0000, Test Accuracy: 1.0000, Energy: -1387529.75
Time taken:  11.084668159484863
Test Loss: 0.0000, Test Accuracy: 1.0000, Energy: -1395408.0
Time taken:  10.999478816986084
Test Loss: 0.0000, Test Accuracy: 1.0000, Energy: -1407000.875
Time taken:  11.016035795211792
Test Loss: 0.0000, Test Accuracy: 1.0000, Energy: -1413620.5
Time taken:  11.015586376190186
Test Loss: 0.0000, Test Accuracy: 1.0000, Energy: -1423717.75
Time taken:  11.068374872207642
Test Loss: 0.0000, Test Accuracy: 1.0000, Energy: -1436561.0
Time taken:  10.958808898925781
Test Loss: 0.0000, Test Accuracy: 1.0000, Energy: -1432849.75
Time taken:  10.971137523651123
Test Loss: 0.0000, Test Accuracy: 1.0000, Energy: -1439390.625
Time taken:  10.95682168006897
Test Loss: 0.0000, Test Accuracy: 1.0000, Energy: -1441734.875
Time taken:  11.085822343826294
Test Loss: 0.0000, Test Accuracy: 1.0000, Energy: -1455847.75
Time taken:  10.977048635482788
Test Loss: 0.0000, Test Accuracy: 1.0000, Energy: -1469173.875
Time taken:  10.959338665008545
Test Loss: 0.0000, Test Accuracy: 1.0000, Energy: -1485654.375
Time taken:  10.988872051239014
Test Loss: 0.0000, Test Accuracy: 1.0000, Energy: -1498050.25
Time taken:  11.074703693389893
Test Loss: 0.0000, Test Accuracy: 1.0000, Energy: -1512013.125
Time taken:  11.012438535690308
Test Loss: 0.0000, Test Accuracy: 1.0000, Energy: -1524779.75
Time taken:  10.964869976043701
Test Loss: 0.0000, Test Accuracy: 1.0000, Energy: -1557272.875
Time taken:  10.97171401977539
Test Loss: 0.0000, Test Accuracy: 0.9933, Energy: -1591262.0
Time taken:  11.083834648132324
Test Loss: 0.0000, Test Accuracy: 0.9800, Energy: -2524492.5
Time taken:  10.993986368179321
Test Loss: 0.0000, Test Accuracy: 0.9800, Energy: -1606718.625
Time taken:  10.991575479507446
Test Loss: 0.0000, Test Accuracy: 0.9933, Energy: -1766635.125
Time taken:  10.951395034790039
Test Loss: 0.0000, Test Accuracy: 0.9933, Energy: -1766275.5
Time taken:  11.072300672531128
Test Loss: 0.0000, Test Accuracy: 0.9933, Energy: -1766275.5
Time taken:  10.974530696868896
Test Loss: 0.0000, Test Accuracy: 0.9933, Energy: -1766275.5
Time taken:  10.966360569000244
Test Loss: 0.0000, Test Accuracy: 0.9933, Energy: -1766275.5
Time taken:  10.995446920394897
Test Loss: 0.0000, Test Accuracy: 0.9933, Energy: -1766275.5
Time taken:  11.091001033782959
Test Loss: 0.0000, Test Accuracy: 0.9933, Energy: -1766275.5
Time taken:  10.977517127990723
Test Loss: 0.0000, Test Accuracy: 0.9933, Energy: -1766275.5
Time taken:  10.99006462097168
Test Loss: 0.0000, Test Accuracy: 0.9933, Energy: -1766275.5
Time taken:  10.97035813331604
Test Loss: 0.0000, Test Accuracy: 0.9933, Energy: -1766275.5
Time taken:  11.054203271865845
Test Loss: 0.0000, Test Accuracy: 0.9933, Energy: -1766275.5
Time taken:  10.988295793533325
Test Loss: 0.0000, Test Accuracy: 0.9933, Energy: -1766275.5
Time taken:  10.948314428329468
Test Loss: 0.0000, Test Accuracy: 0.9933, Energy: -1766275.5
Time taken:  10.954415559768677
Test Loss: 0.0000, Test Accuracy: 0.9933, Energy: -1766275.5
Time taken:  11.050174236297607
Test Loss: 0.0000, Test Accuracy: 0.9933, Energy: -1766275.5
Time taken:  10.982433319091797
Test Loss: 0.0000, Test Accuracy: 0.9933, Energy: -1766275.5
Time taken:  11.004554033279419
Test Loss: 0.0000, Test Accuracy: 0.9933, Energy: -1766275.5
Time taken:  10.98708200454712
Test Loss: 0.0000, Test Accuracy: 0.9933, Energy: -1766275.5
Time taken:  11.057132005691528
Test Loss: 0.0000, Test Accuracy: 0.9933, Energy: -1766275.5
Time taken:  10.980379343032837
Test Loss: 0.0000, Test Accuracy: 0.9933, Energy: -1766275.5
Time taken:  10.96366810798645
Test Loss: 0.0000, Test Accuracy: 0.9933, Energy: -1766275.5
Time taken:  11.04913330078125
Test Loss: 0.0000, Test Accuracy: 0.9933, Energy: -1766275.5
Time taken:  10.986900806427002
Test Loss: 0.0000, Test Accuracy: 0.9933, Energy: -1766275.5
Time taken:  10.961939096450806
Test Loss: 0.0000, Test Accuracy: 0.9933, Energy: -1766275.5
Time taken:  10.979036331176758
Test Loss: 0.0000, Test Accuracy: 0.9933, Energy: -1766275.5
Time taken:  11.085552453994751
Test Loss: 0.0000, Test Accuracy: 0.9933, Energy: -1766275.5
Time taken:  10.957993745803833
Test Loss: 0.0000, Test Accuracy: 0.9933, Energy: -1766275.5
Time taken:  11.00025987625122
Test Loss: 0.0000, Test Accuracy: 0.9933, Energy: -1766275.5
Time taken:  10.976136445999146
Test Loss: 0.0000, Test Accuracy: 0.9933, Energy: -1766275.5
Time taken:  11.0542311668396
Test Loss: 0.0000, Test Accuracy: 0.9933, Energy: -1766275.5
Time taken:  10.973805665969849
Test Loss: 0.0000, Test Accuracy: 0.9933, Energy: -1766275.5
Time taken:  10.97781777381897
Test Loss: 0.0000, Test Accuracy: 0.9933, Energy: -1766275.5
Time taken:  10.974509477615356
Test Loss: 0.0000, Test Accuracy: 0.9933, Energy: -1766275.75
Time taken:  11.075744390487671
Test Loss: 0.0000, Test Accuracy: 0.9933, Energy: -1766275.75
Time taken:  10.97855257987976
Test Loss: 0.0000, Test Accuracy: 0.9933, Energy: -1766275.75
Time taken:  10.959800720214844
Test Loss: 0.0000, Test Accuracy: 0.9933, Energy: -1766275.75
Time taken:  10.975404739379883
Test Loss: 0.0000, Test Accuracy: 0.9933, Energy: -1766275.75
Time taken:  11.051281690597534
Test Loss: 0.0000, Test Accuracy: 0.9933, Energy: -1766275.75
Time taken:  10.963757038116455
Test Loss: 0.0000, Test Accuracy: 0.9933, Energy: -1766275.75
Time taken:  10.967804193496704
Test Loss: 0.0000, Test Accuracy: 0.9933, Energy: -1766275.75
Time taken:  10.962076187133789
Test Loss: 0.0000, Test Accuracy: 0.9933, Energy: -1766275.75
Time taken:  11.102880716323853
Test Loss: 0.0000, Test Accuracy: 0.9933, Energy: -1766275.75
Time taken:  10.979980945587158
Test Loss: 0.0000, Test Accuracy: 0.9933, Energy: -1766275.75
Time taken:  10.976001501083374
Test Loss: 0.0000, Test Accuracy: 0.9933, Energy: -1766275.75
Time taken:  10.971863746643066
Test Loss: 0.0000, Test Accuracy: 0.9933, Energy: -1766275.75
Time taken:  11.046375513076782
Test Loss: 0.0000, Test Accuracy: 0.9933, Energy: -1766275.75
Time taken:  10.959842920303345
Test Loss: 0.0000, Test Accuracy: 0.9933, Energy: -1766275.75
Time taken:  10.965111017227173
Test Loss: 0.0000, Test Accuracy: 0.9933, Energy: -1766275.75
Time taken:  10.963066339492798
Test Loss: 0.0000, Test Accuracy: 0.9933, Energy: -1766275.75
Time taken:  11.069380521774292
Test Loss: 0.0000, Test Accuracy: 0.9933, Energy: -1766275.75
Time taken:  11.002222299575806
Test Loss: 0.0000, Test Accuracy: 0.9933, Energy: -1766275.75
Time taken:  10.966931581497192
Test Loss: 0.0000, Test Accuracy: 0.9933, Energy: -1766275.75
Time taken:  10.938449621200562
Test Loss: 0.0000, Test Accuracy: 0.9933, Energy: -1766275.75
Time taken:  11.082539081573486
Test Loss: 0.0000, Test Accuracy: 0.9933, Energy: -1766275.75
Time taken:  10.981436252593994
Test Loss: 0.0000, Test Accuracy: 0.9933, Energy: -1766275.75
Time taken:  10.994814395904541
Final accuracies: [1.0, 1.0, 0.9966666666666667, 1.0, 1.0, 1.0, 1.0, 1.0, 1.0, 1.0, 1.0, 1.0, 1.0, 1.0, 1.0, 1.0, 1.0, 1.0, 1.0, 1.0, 1.0, 1.0, 1.0, 1.0, 1.0, 1.0, 1.0, 1.0, 1.0, 1.0, 1.0, 1.0, 1.0, 1.0, 1.0, 1.0, 1.0, 1.0, 1.0, 1.0, 1.0, 1.0, 0.9933333333333333, 0.98, 0.98, 0.9933333333333333, 0.9933333333333333, 0.9933333333333333, 0.9933333333333333, 0.9933333333333333, 0.9933333333333333, 0.9933333333333333, 0.9933333333333333, 0.9933333333333333, 0.9933333333333333, 0.9933333333333333, 0.9933333333333333, 0.9933333333333333, 0.9933333333333333, 0.9933333333333333, 0.9933333333333333, 0.9933333333333333, 0.9933333333333333, 0.9933333333333333, 0.9933333333333333, 0.9933333333333333, 0.9933333333333333, 0.9933333333333333, 0.9933333333333333, 0.9933333333333333, 0.9933333333333333, 0.9933333333333333, 0.9933333333333333, 0.9933333333333333, 0.9933333333333333, 0.9933333333333333, 0.9933333333333333, 0.9933333333333333, 0.9933333333333333, 0.9933333333333333, 0.9933333333333333, 0.9933333333333333, 0.9933333333333333, 0.9933333333333333, 0.9933333333333333, 0.9933333333333333, 0.9933333333333333, 0.9933333333333333, 0.9933333333333333, 0.9933333333333333, 0.9933333333333333, 0.9933333333333333, 0.9933333333333333, 0.9933333333333333, 0.9933333333333333, 0.9933333333333333, 0.9933333333333333, 0.9933333333333333, 0.9933333333333333, 0.9933333333333333]
Final energies: [-394916.28125, -544591.0, -671712.0625, -778931.875, -829958.4375, -943305.375, -968536.875, -1016929.125, -1054501.0, -1091103.25, -1114048.375, -1207091.375, -1211089.75, -1227661.75, -1245204.375, -1245818.0, -1263767.875, -1281973.0, -1294861.25, -1308627.75, -1335752.25, -1334709.875, -1348793.625, -1363429.5, -1365439.75, -1377316.125, -1387529.75, -1395408.0, -1407000.875, -1413620.5, -1423717.75, -1436561.0, -1432849.75, -1439390.625, -1441734.875, -1455847.75, -1469173.875, -1485654.375, -1498050.25, -1512013.125, -1524779.75, -1557272.875, -1591262.0, -2524492.5, -1606718.625, -1766635.125, -1766275.5, -1766275.5, -1766275.5, -1766275.5, -1766275.5, -1766275.5, -1766275.5, -1766275.5, -1766275.5, -1766275.5, -1766275.5, -1766275.5, -1766275.5, -1766275.5, -1766275.5, -1766275.5, -1766275.5, -1766275.5, -1766275.5, -1766275.5, -1766275.5, -1766275.5, -1766275.5, -1766275.5, -1766275.5, -1766275.5, -1766275.5, -1766275.5, -1766275.5, -1766275.5, -1766275.5, -1766275.75, -1766275.75, -1766275.75, -1766275.75, -1766275.75, -1766275.75, -1766275.75, -1766275.75, -1766275.75, -1766275.75, -1766275.75, -1766275.75, -1766275.75, -1766275.75, -1766275.75, -1766275.75, -1766275.75, -1766275.75, -1766275.75, -1766275.75, -1766275.75, -1766275.75, -1766275.75]
