Running with parameters: hidden=30, use_coupled=true, seed=52, lam=0.1, eta=1.0, batch=1
Test Loss: 0.0000, Test Accuracy: 1.0000, Energy: -417182.84375
Time taken:  11.861432075500488
Test Loss: 0.0000, Test Accuracy: 1.0000, Energy: -515681.03125
Time taken:  11.936554431915283
Test Loss: 0.0000, Test Accuracy: 1.0000, Energy: -538472.0625
Time taken:  11.86269760131836
Test Loss: 0.0000, Test Accuracy: 1.0000, Energy: -539701.4375
Time taken:  11.92881178855896
Test Loss: 0.0000, Test Accuracy: 1.0000, Energy: -545911.4375
Time taken:  11.910156965255737
Test Loss: 0.0000, Test Accuracy: 1.0000, Energy: -548350.75
Time taken:  11.837307214736938
Test Loss: 0.0000, Test Accuracy: 1.0000, Energy: -553527.0625
Time taken:  11.835303783416748
Test Loss: 0.0000, Test Accuracy: 1.0000, Energy: -557534.6875
Time taken:  11.969993829727173
Test Loss: 0.0000, Test Accuracy: 1.0000, Energy: -568573.75
Time taken:  11.86408019065857
Test Loss: 0.0000, Test Accuracy: 1.0000, Energy: -591014.4375
Time taken:  11.878729104995728
Test Loss: 0.0000, Test Accuracy: 1.0000, Energy: -597274.4375
Time taken:  11.756484270095825
Test Loss: 0.0000, Test Accuracy: 1.0000, Energy: -619809.4375
Time taken:  11.694042205810547
Test Loss: 0.0000, Test Accuracy: 1.0000, Energy: -650353.25
Time taken:  11.53932523727417
Test Loss: 0.0000, Test Accuracy: 1.0000, Energy: -635975.75
Time taken:  11.501278400421143
Test Loss: 0.0000, Test Accuracy: 1.0000, Energy: -638929.875
Time taken:  11.526562929153442
Test Loss: 0.0000, Test Accuracy: 1.0000, Energy: -641992.3125
Time taken:  11.718573808670044
Test Loss: 0.0000, Test Accuracy: 1.0000, Energy: -646098.8125
Time taken:  11.598448038101196
Test Loss: 0.0000, Test Accuracy: 1.0000, Energy: -649051.25
Time taken:  11.609054803848267
Test Loss: 0.0000, Test Accuracy: 1.0000, Energy: -652729.875
Time taken:  11.644650936126709
Test Loss: 0.0000, Test Accuracy: 1.0000, Energy: -658119.0
Time taken:  11.805747270584106
Test Loss: 0.0000, Test Accuracy: 1.0000, Energy: -662365.1875
Time taken:  11.760050296783447
Test Loss: 0.0000, Test Accuracy: 1.0000, Energy: -668556.8125
Time taken:  11.775044918060303
Test Loss: 0.0000, Test Accuracy: 1.0000, Energy: -670811.4375
Time taken:  11.969223976135254
Test Loss: 0.0000, Test Accuracy: 1.0000, Energy: -673613.5
Time taken:  11.912813425064087
Test Loss: 0.0000, Test Accuracy: 1.0000, Energy: -675981.75
Time taken:  11.902341365814209
Test Loss: 0.0000, Test Accuracy: 1.0000, Energy: -678111.1875
Time taken:  11.942806720733643
Test Loss: 0.0000, Test Accuracy: 1.0000, Energy: -680567.25
Time taken:  12.132816553115845
Test Loss: 0.0000, Test Accuracy: 1.0000, Energy: -683246.625
Time taken:  11.990760564804077
Test Loss: 0.0000, Test Accuracy: 1.0000, Energy: -686528.1875
Time taken:  12.010518312454224
Test Loss: 0.0000, Test Accuracy: 1.0000, Energy: -692036.4375
Time taken:  11.941024780273438
Test Loss: 0.0000, Test Accuracy: 1.0000, Energy: -697913.625
Time taken:  11.985799312591553
Test Loss: 0.0000, Test Accuracy: 1.0000, Energy: -699995.5625
Time taken:  12.001842021942139
Test Loss: 0.0000, Test Accuracy: 1.0000, Energy: -702715.4375
Time taken:  12.043976545333862
Test Loss: 0.0000, Test Accuracy: 1.0000, Energy: -705174.5625
Time taken:  11.922836780548096
Test Loss: 0.0000, Test Accuracy: 1.0000, Energy: -709853.4375
Time taken:  12.068244695663452
Test Loss: 0.0000, Test Accuracy: 1.0000, Energy: -727376.5
Time taken:  11.947964906692505
Test Loss: 0.0000, Test Accuracy: 1.0000, Energy: -731239.1875
Time taken:  11.852863550186157
Test Loss: 0.0000, Test Accuracy: 1.0000, Energy: -737045.5
Time taken:  11.925430536270142
Test Loss: 0.0000, Test Accuracy: 1.0000, Energy: -757920.75
Time taken:  11.967264413833618
Test Loss: 0.0000, Test Accuracy: 1.0000, Energy: -762709.75
Time taken:  11.790005445480347
Test Loss: 0.0000, Test Accuracy: 1.0000, Energy: -787291.0
Time taken:  11.84999966621399
Test Loss: 0.0000, Test Accuracy: 1.0000, Energy: -800494.8125
Time taken:  11.868548393249512
Test Loss: 0.0000, Test Accuracy: 1.0000, Energy: -804267.0
Time taken:  11.980967283248901
Test Loss: 0.0000, Test Accuracy: 1.0000, Energy: -807950.375
Time taken:  11.916280508041382
Test Loss: 0.0000, Test Accuracy: 1.0000, Energy: -812920.1875
Time taken:  11.908525466918945
Test Loss: 0.0000, Test Accuracy: 1.0000, Energy: -816972.9375
Time taken:  11.928552150726318
Test Loss: 0.0000, Test Accuracy: 1.0000, Energy: -819535.5625
Time taken:  12.089284896850586
Test Loss: 0.0000, Test Accuracy: 1.0000, Energy: -822356.75
Time taken:  11.910341739654541
Test Loss: 0.0000, Test Accuracy: 1.0000, Energy: -831536.4375
Time taken:  11.85968017578125
Test Loss: 0.0000, Test Accuracy: 1.0000, Energy: -834308.375
Time taken:  11.944222211837769
Test Loss: 0.0000, Test Accuracy: 1.0000, Energy: -837033.0625
Time taken:  12.088873147964478
Test Loss: 0.0000, Test Accuracy: 1.0000, Energy: -839934.0
Time taken:  11.999266624450684
Test Loss: 0.0000, Test Accuracy: 1.0000, Energy: -842857.625
Time taken:  11.848440408706665
Test Loss: 0.0000, Test Accuracy: 1.0000, Energy: -852042.9375
Time taken:  11.861222982406616
Test Loss: 0.0000, Test Accuracy: 1.0000, Energy: -860871.1875
Time taken:  11.989534616470337
Test Loss: 0.0000, Test Accuracy: 1.0000, Energy: -866561.875
Time taken:  11.828881978988647
Test Loss: 0.0000, Test Accuracy: 1.0000, Energy: -885223.0625
Time taken:  11.676934003829956
Test Loss: 0.0000, Test Accuracy: 1.0000, Energy: -878065.625
Time taken:  11.57921838760376
Test Loss: 0.0000, Test Accuracy: 1.0000, Energy: -880470.125
Time taken:  11.593876600265503
Test Loss: 0.0000, Test Accuracy: 1.0000, Energy: -881550.5
Time taken:  11.479827880859375
Test Loss: 0.0000, Test Accuracy: 1.0000, Energy: -887968.375
Time taken:  11.529759407043457
Test Loss: 0.0000, Test Accuracy: 1.0000, Energy: -890784.8125
Time taken:  11.586893558502197
Test Loss: 0.0000, Test Accuracy: 1.0000, Energy: -894092.0
Time taken:  11.674240589141846
Test Loss: 0.0000, Test Accuracy: 1.0000, Energy: -896815.1875
Time taken:  11.620915651321411
Test Loss: 0.0000, Test Accuracy: 1.0000, Energy: -900800.5
Time taken:  11.619271039962769
Test Loss: 0.0000, Test Accuracy: 1.0000, Energy: -903680.25
Time taken:  11.784513473510742
Test Loss: 0.0000, Test Accuracy: 1.0000, Energy: -908885.9375
Time taken:  11.783125162124634
Test Loss: 0.0000, Test Accuracy: 1.0000, Energy: -915941.8125
Time taken:  11.772489070892334
Test Loss: 0.0000, Test Accuracy: 1.0000, Energy: -917925.25
Time taken:  11.821837663650513
Test Loss: 0.0000, Test Accuracy: 1.0000, Energy: -918346.625
Time taken:  11.989118814468384
Test Loss: 0.0000, Test Accuracy: 1.0000, Energy: -919847.6875
Time taken:  11.900274515151978
Test Loss: 0.0000, Test Accuracy: 1.0000, Energy: -922200.25
Time taken:  12.006652593612671
Test Loss: 0.0000, Test Accuracy: 1.0000, Energy: -932764.1875
Time taken:  11.975614070892334
Test Loss: 0.0000, Test Accuracy: 1.0000, Energy: -935513.625
Time taken:  12.088089942932129
Test Loss: 0.0000, Test Accuracy: 1.0000, Energy: -938102.5625
Time taken:  11.96114206314087
Test Loss: 0.0000, Test Accuracy: 1.0000, Energy: -941482.6875
Time taken:  11.971059799194336
Test Loss: 0.0000, Test Accuracy: 1.0000, Energy: -944847.0625
Time taken:  11.929813146591187
Test Loss: 0.0000, Test Accuracy: 1.0000, Energy: -948283.8125
Time taken:  12.06154990196228
Test Loss: 0.0000, Test Accuracy: 1.0000, Energy: -950481.6875
Time taken:  12.04122519493103
Test Loss: 0.0000, Test Accuracy: 1.0000, Energy: -952605.25
Time taken:  11.940223693847656
Test Loss: 0.0000, Test Accuracy: 1.0000, Energy: -955548.875
Time taken:  11.964988946914673
Test Loss: 0.0000, Test Accuracy: 1.0000, Energy: -958950.75
Time taken:  11.958068132400513
Test Loss: 0.0000, Test Accuracy: 1.0000, Energy: -961133.0
Time taken:  11.904359102249146
Test Loss: 0.0000, Test Accuracy: 1.0000, Energy: -966621.625
Time taken:  11.855988264083862
Test Loss: 0.0000, Test Accuracy: 1.0000, Energy: -970643.25
Time taken:  11.81012487411499
Test Loss: 0.0000, Test Accuracy: 1.0000, Energy: -972631.125
Time taken:  11.834898233413696
Test Loss: 0.0000, Test Accuracy: 1.0000, Energy: -976678.6875
Time taken:  11.706981658935547
Test Loss: 0.0000, Test Accuracy: 1.0000, Energy: -978889.3125
Time taken:  11.746499300003052
Test Loss: 0.0000, Test Accuracy: 1.0000, Energy: -981201.375
Time taken:  11.801931381225586
Test Loss: 0.0000, Test Accuracy: 1.0000, Energy: -971421.5
Time taken:  11.98088550567627
Test Loss: 0.0000, Test Accuracy: 1.0000, Energy: -969140.125
Time taken:  11.843302488327026
Test Loss: 0.0000, Test Accuracy: 1.0000, Energy: -971936.5
Time taken:  11.852303504943848
Test Loss: 0.0000, Test Accuracy: 1.0000, Energy: -973969.5625
Time taken:  11.957254886627197
Test Loss: 0.0000, Test Accuracy: 1.0000, Energy: -979458.0
Time taken:  12.033464670181274
Test Loss: 0.0000, Test Accuracy: 1.0000, Energy: -985186.875
Time taken:  11.891836643218994
Test Loss: 0.0000, Test Accuracy: 1.0000, Energy: -987433.4375
Time taken:  11.87195348739624
Test Loss: 0.0000, Test Accuracy: 1.0000, Energy: -989944.9375
Time taken:  11.961366415023804
Test Loss: 0.0000, Test Accuracy: 1.0000, Energy: -993332.5625
Time taken:  12.116600036621094
Test Loss: 0.0000, Test Accuracy: 1.0000, Energy: -995267.6875
Time taken:  11.908214807510376
Test Loss: 0.0000, Test Accuracy: 1.0000, Energy: -998427.375
Time taken:  11.918042182922363
Final accuracies: [1.0, 1.0, 1.0, 1.0, 1.0, 1.0, 1.0, 1.0, 1.0, 1.0, 1.0, 1.0, 1.0, 1.0, 1.0, 1.0, 1.0, 1.0, 1.0, 1.0, 1.0, 1.0, 1.0, 1.0, 1.0, 1.0, 1.0, 1.0, 1.0, 1.0, 1.0, 1.0, 1.0, 1.0, 1.0, 1.0, 1.0, 1.0, 1.0, 1.0, 1.0, 1.0, 1.0, 1.0, 1.0, 1.0, 1.0, 1.0, 1.0, 1.0, 1.0, 1.0, 1.0, 1.0, 1.0, 1.0, 1.0, 1.0, 1.0, 1.0, 1.0, 1.0, 1.0, 1.0, 1.0, 1.0, 1.0, 1.0, 1.0, 1.0, 1.0, 1.0, 1.0, 1.0, 1.0, 1.0, 1.0, 1.0, 1.0, 1.0, 1.0, 1.0, 1.0, 1.0, 1.0, 1.0, 1.0, 1.0, 1.0, 1.0, 1.0, 1.0, 1.0, 1.0, 1.0, 1.0, 1.0, 1.0, 1.0, 1.0]
Final energies: [-417182.84375, -515681.03125, -538472.0625, -539701.4375, -545911.4375, -548350.75, -553527.0625, -557534.6875, -568573.75, -591014.4375, -597274.4375, -619809.4375, -650353.25, -635975.75, -638929.875, -641992.3125, -646098.8125, -649051.25, -652729.875, -658119.0, -662365.1875, -668556.8125, -670811.4375, -673613.5, -675981.75, -678111.1875, -680567.25, -683246.625, -686528.1875, -692036.4375, -697913.625, -699995.5625, -702715.4375, -705174.5625, -709853.4375, -727376.5, -731239.1875, -737045.5, -757920.75, -762709.75, -787291.0, -800494.8125, -804267.0, -807950.375, -812920.1875, -816972.9375, -819535.5625, -822356.75, -831536.4375, -834308.375, -837033.0625, -839934.0, -842857.625, -852042.9375, -860871.1875, -866561.875, -885223.0625, -878065.625, -880470.125, -881550.5, -887968.375, -890784.8125, -894092.0, -896815.1875, -900800.5, -903680.25, -908885.9375, -915941.8125, -917925.25, -918346.625, -919847.6875, -922200.25, -932764.1875, -935513.625, -938102.5625, -941482.6875, -944847.0625, -948283.8125, -950481.6875, -952605.25, -955548.875, -958950.75, -961133.0, -966621.625, -970643.25, -972631.125, -976678.6875, -978889.3125, -981201.375, -971421.5, -969140.125, -971936.5, -973969.5625, -979458.0, -985186.875, -987433.4375, -989944.9375, -993332.5625, -995267.6875, -998427.375]
