Running with parameters: hidden=50, use_coupled=true, seed=79, lam=0.1, eta=0.5, batch=100
Test Loss: 0.0000, Test Accuracy: 0.6800, Energy: -671.8309326171875
Time taken:  0.5845780372619629
Test Loss: 0.0000, Test Accuracy: 0.9967, Energy: -10771.06640625
Time taken:  0.5705077648162842
Test Loss: 0.0000, Test Accuracy: 0.9967, Energy: -77704.515625
Time taken:  0.502206563949585
Test Loss: 0.0000, Test Accuracy: 0.9967, Energy: -249871.65625
Time taken:  0.49782657623291016
Test Loss: 0.0000, Test Accuracy: 0.9967, Energy: -466294.0625
Time taken:  0.48611950874328613
Test Loss: 0.0000, Test Accuracy: 0.9967, Energy: -685168.25
Time taken:  0.5535612106323242
Test Loss: 0.0000, Test Accuracy: 0.9967, Energy: -871963.375
Time taken:  0.47180604934692383
Test Loss: 0.0000, Test Accuracy: 0.9967, Energy: -1031869.4375
Time taken:  0.46213340759277344
Test Loss: 0.0000, Test Accuracy: 0.9967, Energy: -1174296.5
Time taken:  0.48038482666015625
Test Loss: 0.0000, Test Accuracy: 0.9967, Energy: -1297094.75
Time taken:  0.5219390392303467
Test Loss: 0.0000, Test Accuracy: 0.9967, Energy: -1406589.75
Time taken:  0.4664771556854248
Test Loss: 0.0000, Test Accuracy: 0.9967, Energy: -1504597.75
Time taken:  0.46382975578308105
Test Loss: 0.0000, Test Accuracy: 0.9967, Energy: -1592356.375
Time taken:  0.4687671661376953
Test Loss: 0.0000, Test Accuracy: 0.9967, Energy: -1673365.25
Time taken:  0.5129642486572266
Test Loss: 0.0000, Test Accuracy: 0.9967, Energy: -1747318.0
Time taken:  0.4587273597717285
Test Loss: 0.0000, Test Accuracy: 0.9967, Energy: -1813137.25
Time taken:  0.469088077545166
Test Loss: 0.0000, Test Accuracy: 0.9967, Energy: -1874215.75
Time taken:  0.49571824073791504
Test Loss: 0.0000, Test Accuracy: 0.9967, Energy: -1929541.125
Time taken:  0.466477632522583
Test Loss: 0.0000, Test Accuracy: 0.9967, Energy: -1981066.75
Time taken:  0.49426698684692383
Test Loss: 0.0000, Test Accuracy: 0.9967, Energy: -2026460.75
Time taken:  0.4393036365509033
Test Loss: 0.0000, Test Accuracy: 0.9967, Energy: -2068525.25
Time taken:  0.43838930130004883
Test Loss: 0.0000, Test Accuracy: 0.9967, Energy: -2107209.5
Time taken:  0.42695093154907227
Test Loss: 0.0000, Test Accuracy: 0.9967, Energy: -2142700.25
Time taken:  0.48957037925720215
Test Loss: 0.0000, Test Accuracy: 0.9967, Energy: -2174378.0
Time taken:  0.4914870262145996
Test Loss: 0.0000, Test Accuracy: 0.9967, Energy: -2203058.5
Time taken:  0.4767935276031494
Test Loss: 0.0000, Test Accuracy: 0.9967, Energy: -2228586.25
Time taken:  0.4515066146850586
Test Loss: 0.0000, Test Accuracy: 0.9967, Energy: -2252569.0
Time taken:  0.461336612701416
Test Loss: 0.0000, Test Accuracy: 0.9967, Energy: -2273923.0
Time taken:  0.46970677375793457
Test Loss: 0.0000, Test Accuracy: 0.9967, Energy: -2293067.0
Time taken:  0.4427928924560547
Test Loss: 0.0000, Test Accuracy: 0.9967, Energy: -2312218.5
Time taken:  0.4482386112213135
Test Loss: 0.0000, Test Accuracy: 0.9967, Energy: -2328944.5
Time taken:  0.44228315353393555
Test Loss: 0.0000, Test Accuracy: 0.9967, Energy: -2344279.5
Time taken:  0.4427523612976074
Test Loss: 0.0000, Test Accuracy: 0.9967, Energy: -2358134.25
Time taken:  0.4328427314758301
Test Loss: 0.0000, Test Accuracy: 0.9967, Energy: -2371502.75
Time taken:  0.42499613761901855
Test Loss: 0.0000, Test Accuracy: 0.9967, Energy: -2382371.75
Time taken:  0.4523661136627197
Test Loss: 0.0000, Test Accuracy: 0.9967, Energy: -2392508.75
Time taken:  0.4676797389984131
Test Loss: 0.0000, Test Accuracy: 0.9967, Energy: -2402048.5
Time taken:  0.4532759189605713
Test Loss: 0.0000, Test Accuracy: 0.9967, Energy: -2410421.5
Time taken:  0.4315361976623535
Test Loss: 0.0000, Test Accuracy: 0.9967, Energy: -2418782.0
Time taken:  0.42299604415893555
Test Loss: 0.0000, Test Accuracy: 0.9967, Energy: -2426062.0
Time taken:  0.45148444175720215
Test Loss: 0.0000, Test Accuracy: 0.9967, Energy: -2432691.5
Time taken:  0.424058198928833
Test Loss: 0.0000, Test Accuracy: 0.9967, Energy: -2438777.5
Time taken:  0.445728063583374
Test Loss: 0.0000, Test Accuracy: 0.9967, Energy: -2444479.75
Time taken:  0.4496188163757324
Test Loss: 0.0000, Test Accuracy: 0.9967, Energy: -2449544.25
Time taken:  0.44940686225891113
Test Loss: 0.0000, Test Accuracy: 0.9967, Energy: -2453898.0
Time taken:  0.45331335067749023
Test Loss: 0.0000, Test Accuracy: 0.9967, Energy: -2458305.0
Time taken:  0.4493217468261719
Test Loss: 0.0000, Test Accuracy: 0.9967, Energy: -2461661.5
Time taken:  0.4389951229095459
Test Loss: 0.0000, Test Accuracy: 0.9967, Energy: -2465207.5
Time taken:  0.4511134624481201
Test Loss: 0.0000, Test Accuracy: 0.9967, Energy: -2468118.5
Time taken:  0.44588255882263184
Test Loss: 0.0000, Test Accuracy: 0.9967, Energy: -2470766.0
Time taken:  0.44316840171813965
Test Loss: 0.0000, Test Accuracy: 0.9967, Energy: -2474063.0
Time taken:  0.44055867195129395
Test Loss: 0.0000, Test Accuracy: 0.9967, Energy: -2476635.5
Time taken:  0.44013285636901855
Test Loss: 0.0000, Test Accuracy: 0.9967, Energy: -2478354.0
Time taken:  0.42961907386779785
Test Loss: 0.0000, Test Accuracy: 0.9967, Energy: -2480208.5
Time taken:  0.4260120391845703
Test Loss: 0.0000, Test Accuracy: 0.9967, Energy: -2481783.0
Time taken:  0.4391896724700928
Test Loss: 0.0000, Test Accuracy: 0.9967, Energy: -2483249.25
Time taken:  0.4462890625
Test Loss: 0.0000, Test Accuracy: 0.9967, Energy: -2484587.5
Time taken:  0.435699462890625
Test Loss: 0.0000, Test Accuracy: 0.9967, Energy: -2485943.5
Time taken:  0.4271996021270752
Test Loss: 0.0000, Test Accuracy: 0.9967, Energy: -2487122.0
Time taken:  0.42902421951293945
Test Loss: 0.0000, Test Accuracy: 0.9967, Energy: -2488155.0
Time taken:  0.43944311141967773
Test Loss: 0.0000, Test Accuracy: 0.9967, Energy: -2489081.5
Time taken:  0.4223310947418213
Test Loss: 0.0000, Test Accuracy: 0.9967, Energy: -2489950.5
Time taken:  0.43245697021484375
Test Loss: 0.0000, Test Accuracy: 0.9967, Energy: -2490713.5
Time taken:  0.4354100227355957
Test Loss: 0.0000, Test Accuracy: 0.9967, Energy: -2491536.75
Time taken:  0.44632744789123535
Test Loss: 0.0000, Test Accuracy: 0.9967, Energy: -2492202.0
Time taken:  0.4174537658691406
Test Loss: 0.0000, Test Accuracy: 0.9967, Energy: -2492794.5
Time taken:  0.4385366439819336
Test Loss: 0.0000, Test Accuracy: 0.9967, Energy: -2493413.0
Time taken:  0.4451291561126709
Test Loss: 0.0000, Test Accuracy: 0.9967, Energy: -2494099.25
Time taken:  0.4391796588897705
Test Loss: 0.0000, Test Accuracy: 0.9967, Energy: -2494706.5
Time taken:  0.44185709953308105
Test Loss: 0.0000, Test Accuracy: 0.9967, Energy: -2495027.5
Time taken:  0.43759965896606445
Test Loss: 0.0000, Test Accuracy: 0.9967, Energy: -2495461.5
Time taken:  0.4429032802581787
Test Loss: 0.0000, Test Accuracy: 0.9967, Energy: -2495960.75
Time taken:  0.4500279426574707
Test Loss: 0.0000, Test Accuracy: 0.9967, Energy: -2496272.5
Time taken:  0.4376547336578369
Test Loss: 0.0000, Test Accuracy: 0.9967, Energy: -2496510.5
Time taken:  0.4513411521911621
Test Loss: 0.0000, Test Accuracy: 0.9967, Energy: -2496805.5
Time taken:  0.4283018112182617
Test Loss: 0.0000, Test Accuracy: 0.9967, Energy: -2497063.5
Time taken:  0.45929861068725586
Test Loss: 0.0000, Test Accuracy: 0.9967, Energy: -2497336.0
Time taken:  0.42996835708618164
Test Loss: 0.0000, Test Accuracy: 0.9967, Energy: -2497775.5
Time taken:  0.441756010055542
Test Loss: 0.0000, Test Accuracy: 0.9967, Energy: -2497910.5
Time taken:  0.43223142623901367
Test Loss: 0.0000, Test Accuracy: 0.9967, Energy: -2498032.0
Time taken:  0.42740893363952637
Test Loss: 0.0000, Test Accuracy: 0.9967, Energy: -2498250.5
Time taken:  0.42946720123291016
Test Loss: 0.0000, Test Accuracy: 0.9967, Energy: -2498393.25
Time taken:  0.4310183525085449
Test Loss: 0.0000, Test Accuracy: 0.9967, Energy: -2498487.75
Time taken:  0.422548770904541
Test Loss: 0.0000, Test Accuracy: 0.9967, Energy: -2498607.75
Time taken:  0.4268956184387207
Test Loss: 0.0000, Test Accuracy: 0.9967, Energy: -2498718.75
Time taken:  0.45212221145629883
Test Loss: 0.0000, Test Accuracy: 0.9967, Energy: -2498808.5
Time taken:  0.4345836639404297
Test Loss: 0.0000, Test Accuracy: 0.9967, Energy: -2498872.75
Time taken:  0.4515414237976074
Test Loss: 0.0000, Test Accuracy: 0.9967, Energy: -2498962.25
Time taken:  0.4302103519439697
Test Loss: 0.0000, Test Accuracy: 0.9967, Energy: -2499014.25
Time taken:  0.4548466205596924
Test Loss: 0.0000, Test Accuracy: 0.9967, Energy: -2499105.5
Time taken:  0.4607388973236084
Test Loss: 0.0000, Test Accuracy: 0.9967, Energy: -2499148.25
Time taken:  0.4761478900909424
Test Loss: 0.0000, Test Accuracy: 0.9967, Energy: -2499186.5
Time taken:  0.46578431129455566
Test Loss: 0.0000, Test Accuracy: 0.9967, Energy: -2499221.5
Time taken:  0.48336195945739746
Test Loss: 0.0000, Test Accuracy: 0.9967, Energy: -2499252.75
Time taken:  0.4636204242706299
Test Loss: 0.0000, Test Accuracy: 0.9967, Energy: -2499281.5
Time taken:  0.45733094215393066
Test Loss: 0.0000, Test Accuracy: 0.9967, Energy: -2499307.25
Time taken:  0.45824146270751953
Test Loss: 0.0000, Test Accuracy: 0.9967, Energy: -2499330.5
Time taken:  0.4766504764556885
Test Loss: 0.0000, Test Accuracy: 0.9967, Energy: -2499351.5
Time taken:  0.45702266693115234
Test Loss: 0.0000, Test Accuracy: 0.9967, Energy: -2499370.75
Time taken:  0.45653581619262695
Test Loss: 0.0000, Test Accuracy: 0.9967, Energy: -2499396.25
Time taken:  0.4457559585571289
Final accuracies: [0.68, 0.9966666666666667, 0.9966666666666667, 0.9966666666666667, 0.9966666666666667, 0.9966666666666667, 0.9966666666666667, 0.9966666666666667, 0.9966666666666667, 0.9966666666666667, 0.9966666666666667, 0.9966666666666667, 0.9966666666666667, 0.9966666666666667, 0.9966666666666667, 0.9966666666666667, 0.9966666666666667, 0.9966666666666667, 0.9966666666666667, 0.9966666666666667, 0.9966666666666667, 0.9966666666666667, 0.9966666666666667, 0.9966666666666667, 0.9966666666666667, 0.9966666666666667, 0.9966666666666667, 0.9966666666666667, 0.9966666666666667, 0.9966666666666667, 0.9966666666666667, 0.9966666666666667, 0.9966666666666667, 0.9966666666666667, 0.9966666666666667, 0.9966666666666667, 0.9966666666666667, 0.9966666666666667, 0.9966666666666667, 0.9966666666666667, 0.9966666666666667, 0.9966666666666667, 0.9966666666666667, 0.9966666666666667, 0.9966666666666667, 0.9966666666666667, 0.9966666666666667, 0.9966666666666667, 0.9966666666666667, 0.9966666666666667, 0.9966666666666667, 0.9966666666666667, 0.9966666666666667, 0.9966666666666667, 0.9966666666666667, 0.9966666666666667, 0.9966666666666667, 0.9966666666666667, 0.9966666666666667, 0.9966666666666667, 0.9966666666666667, 0.9966666666666667, 0.9966666666666667, 0.9966666666666667, 0.9966666666666667, 0.9966666666666667, 0.9966666666666667, 0.9966666666666667, 0.9966666666666667, 0.9966666666666667, 0.9966666666666667, 0.9966666666666667, 0.9966666666666667, 0.9966666666666667, 0.9966666666666667, 0.9966666666666667, 0.9966666666666667, 0.9966666666666667, 0.9966666666666667, 0.9966666666666667, 0.9966666666666667, 0.9966666666666667, 0.9966666666666667, 0.9966666666666667, 0.9966666666666667, 0.9966666666666667, 0.9966666666666667, 0.9966666666666667, 0.9966666666666667, 0.9966666666666667, 0.9966666666666667, 0.9966666666666667, 0.9966666666666667, 0.9966666666666667, 0.9966666666666667, 0.9966666666666667, 0.9966666666666667, 0.9966666666666667, 0.9966666666666667, 0.9966666666666667]
Final energies: [-671.8309326171875, -10771.06640625, -77704.515625, -249871.65625, -466294.0625, -685168.25, -871963.375, -1031869.4375, -1174296.5, -1297094.75, -1406589.75, -1504597.75, -1592356.375, -1673365.25, -1747318.0, -1813137.25, -1874215.75, -1929541.125, -1981066.75, -2026460.75, -2068525.25, -2107209.5, -2142700.25, -2174378.0, -2203058.5, -2228586.25, -2252569.0, -2273923.0, -2293067.0, -2312218.5, -2328944.5, -2344279.5, -2358134.25, -2371502.75, -2382371.75, -2392508.75, -2402048.5, -2410421.5, -2418782.0, -2426062.0, -2432691.5, -2438777.5, -2444479.75, -2449544.25, -2453898.0, -2458305.0, -2461661.5, -2465207.5, -2468118.5, -2470766.0, -2474063.0, -2476635.5, -2478354.0, -2480208.5, -2481783.0, -2483249.25, -2484587.5, -2485943.5, -2487122.0, -2488155.0, -2489081.5, -2489950.5, -2490713.5, -2491536.75, -2492202.0, -2492794.5, -2493413.0, -2494099.25, -2494706.5, -2495027.5, -2495461.5, -2495960.75, -2496272.5, -2496510.5, -2496805.5, -2497063.5, -2497336.0, -2497775.5, -2497910.5, -2498032.0, -2498250.5, -2498393.25, -2498487.75, -2498607.75, -2498718.75, -2498808.5, -2498872.75, -2498962.25, -2499014.25, -2499105.5, -2499148.25, -2499186.5, -2499221.5, -2499252.75, -2499281.5, -2499307.25, -2499330.5, -2499351.5, -2499370.75, -2499396.25]
