Running with parameters: hidden=50, use_coupled=true, seed=82, lam=0.1, eta=0.5, batch=100
Test Loss: 0.0000, Test Accuracy: 0.8667, Energy: -169.0318145751953
Time taken:  0.45673441886901855
Test Loss: 0.0000, Test Accuracy: 0.9967, Energy: -4309.77490234375
Time taken:  0.5055398941040039
Test Loss: 0.0000, Test Accuracy: 0.9967, Energy: -31437.64453125
Time taken:  0.5164031982421875
Test Loss: 0.0000, Test Accuracy: 0.9967, Energy: -129492.265625
Time taken:  0.46004438400268555
Test Loss: 0.0000, Test Accuracy: 0.9967, Energy: -286670.375
Time taken:  0.508904218673706
Test Loss: 0.0000, Test Accuracy: 0.9967, Energy: -452938.625
Time taken:  0.43486857414245605
Test Loss: 0.0000, Test Accuracy: 0.9967, Energy: -604763.75
Time taken:  0.438671350479126
Test Loss: 0.0000, Test Accuracy: 0.9967, Energy: -736105.875
Time taken:  0.44351840019226074
Test Loss: 0.0000, Test Accuracy: 0.9967, Energy: -849567.125
Time taken:  0.423494815826416
Test Loss: 0.0000, Test Accuracy: 0.9967, Energy: -946785.75
Time taken:  0.4282653331756592
Test Loss: 0.0000, Test Accuracy: 0.9967, Energy: -1036227.25
Time taken:  0.42568230628967285
Test Loss: 0.0000, Test Accuracy: 0.9967, Energy: -1114221.5
Time taken:  0.4239926338195801
Test Loss: 0.0000, Test Accuracy: 0.9967, Energy: -1184222.25
Time taken:  0.43308377265930176
Test Loss: 0.0000, Test Accuracy: 0.9967, Energy: -1248789.0
Time taken:  0.42046141624450684
Test Loss: 0.0000, Test Accuracy: 0.9967, Energy: -1306734.25
Time taken:  0.42492246627807617
Test Loss: 0.0000, Test Accuracy: 0.9967, Energy: -1360229.5
Time taken:  0.41798949241638184
Test Loss: 0.0000, Test Accuracy: 0.9967, Energy: -1409031.75
Time taken:  0.42741823196411133
Test Loss: 0.0000, Test Accuracy: 0.9967, Energy: -1452893.875
Time taken:  0.4283781051635742
Test Loss: 0.0000, Test Accuracy: 0.9967, Energy: -1493559.125
Time taken:  0.42827486991882324
Test Loss: 0.0000, Test Accuracy: 0.9967, Energy: -1531118.75
Time taken:  0.43577098846435547
Test Loss: 0.0000, Test Accuracy: 0.9967, Energy: -1565216.875
Time taken:  0.42615795135498047
Test Loss: 0.0000, Test Accuracy: 0.9967, Energy: -1595893.375
Time taken:  0.43833160400390625
Test Loss: 0.0000, Test Accuracy: 0.9967, Energy: -1622943.5
Time taken:  0.4378836154937744
Test Loss: 0.0000, Test Accuracy: 0.9967, Energy: -1648274.75
Time taken:  0.4368557929992676
Test Loss: 0.0000, Test Accuracy: 0.9967, Energy: -1671709.25
Time taken:  0.43981313705444336
Test Loss: 0.0000, Test Accuracy: 0.9967, Energy: -1692503.0
Time taken:  0.4265265464782715
Test Loss: 0.0000, Test Accuracy: 0.9967, Energy: -1713055.5
Time taken:  0.4518394470214844
Test Loss: 0.0000, Test Accuracy: 0.9967, Energy: -1731287.0
Time taken:  0.43492650985717773
Test Loss: 0.0000, Test Accuracy: 0.9967, Energy: -1747205.25
Time taken:  0.4299647808074951
Test Loss: 0.0000, Test Accuracy: 0.9967, Energy: -1762139.75
Time taken:  0.42568540573120117
Test Loss: 0.0000, Test Accuracy: 0.9967, Energy: -1774538.5
Time taken:  0.4301295280456543
Test Loss: 0.0000, Test Accuracy: 0.9967, Energy: -1786703.75
Time taken:  0.42669153213500977
Test Loss: 0.0000, Test Accuracy: 0.9967, Energy: -1797281.5
Time taken:  0.4313478469848633
Test Loss: 0.0000, Test Accuracy: 0.9967, Energy: -1807201.25
Time taken:  0.42733335494995117
Test Loss: 0.0000, Test Accuracy: 0.9967, Energy: -1816288.375
Time taken:  0.43181681632995605
Test Loss: 0.0000, Test Accuracy: 0.9967, Energy: -1824785.625
Time taken:  0.4356391429901123
Test Loss: 0.0000, Test Accuracy: 0.9967, Energy: -1832693.0
Time taken:  0.4259061813354492
Test Loss: 0.0000, Test Accuracy: 0.9967, Energy: -1839434.5
Time taken:  0.4338114261627197
Test Loss: 0.0000, Test Accuracy: 0.9967, Energy: -1845761.5
Time taken:  0.4398815631866455
Test Loss: 0.0000, Test Accuracy: 0.9967, Energy: -1851923.625
Time taken:  0.4254415035247803
Test Loss: 0.0000, Test Accuracy: 0.9967, Energy: -1856802.375
Time taken:  0.43691182136535645
Test Loss: 0.0000, Test Accuracy: 0.9967, Energy: -1861452.5
Time taken:  0.43146252632141113
Test Loss: 0.0000, Test Accuracy: 0.9967, Energy: -1865874.75
Time taken:  0.4332270622253418
Test Loss: 0.0000, Test Accuracy: 0.9967, Energy: -1869793.375
Time taken:  0.43671679496765137
Test Loss: 0.0000, Test Accuracy: 0.9967, Energy: -1873449.0
Time taken:  0.43183255195617676
Test Loss: 0.0000, Test Accuracy: 0.9967, Energy: -1876674.25
Time taken:  0.43482470512390137
Test Loss: 0.0000, Test Accuracy: 0.9967, Energy: -1879724.75
Time taken:  0.4362776279449463
Test Loss: 0.0000, Test Accuracy: 0.9967, Energy: -1882395.0
Time taken:  0.44396543502807617
Test Loss: 0.0000, Test Accuracy: 0.9967, Energy: -1884466.25
Time taken:  0.4419138431549072
Test Loss: 0.0000, Test Accuracy: 0.9967, Energy: -1886680.0
Time taken:  0.43257904052734375
Test Loss: 0.0000, Test Accuracy: 0.9967, Energy: -1888770.5
Time taken:  0.4418210983276367
Test Loss: 0.0000, Test Accuracy: 0.9967, Energy: -1890842.25
Time taken:  0.4419569969177246
Test Loss: 0.0000, Test Accuracy: 0.9967, Energy: -1892564.5
Time taken:  0.4384293556213379
Test Loss: 0.0000, Test Accuracy: 0.9967, Energy: -1893839.125
Time taken:  0.4401726722717285
Test Loss: 0.0000, Test Accuracy: 0.9967, Energy: -1894786.75
Time taken:  0.4387965202331543
Test Loss: 0.0000, Test Accuracy: 0.9967, Energy: -1895922.0
Time taken:  0.445284366607666
Test Loss: 0.0000, Test Accuracy: 0.9967, Energy: -1897033.75
Time taken:  0.4397866725921631
Test Loss: 0.0000, Test Accuracy: 0.9967, Energy: -1898127.25
Time taken:  0.42505908012390137
Test Loss: 0.0000, Test Accuracy: 0.9967, Energy: -1899047.375
Time taken:  0.426908016204834
Test Loss: 0.0000, Test Accuracy: 0.9967, Energy: -1899941.25
Time taken:  0.4343993663787842
Test Loss: 0.0000, Test Accuracy: 0.9967, Energy: -1900769.5
Time taken:  0.42948317527770996
Test Loss: 0.0000, Test Accuracy: 0.9967, Energy: -1901459.5
Time taken:  0.43961095809936523
Test Loss: 0.0000, Test Accuracy: 0.9967, Energy: -1902102.375
Time taken:  0.4467349052429199
Test Loss: 0.0000, Test Accuracy: 0.9967, Energy: -1902428.75
Time taken:  0.45879602432250977
Test Loss: 0.0000, Test Accuracy: 0.9967, Energy: -1902878.5
Time taken:  0.46775245666503906
Test Loss: 0.0000, Test Accuracy: 0.9967, Energy: -1903428.25
Time taken:  0.44731712341308594
Test Loss: 0.0000, Test Accuracy: 0.9967, Energy: -1903903.0
Time taken:  0.4738640785217285
Test Loss: 0.0000, Test Accuracy: 0.9967, Energy: -1904165.25
Time taken:  0.462939977645874
Test Loss: 0.0000, Test Accuracy: 0.9967, Energy: -1904509.25
Time taken:  0.45212745666503906
Test Loss: 0.0000, Test Accuracy: 0.9967, Energy: -1904877.5
Time taken:  0.4641714096069336
Test Loss: 0.0000, Test Accuracy: 0.9967, Energy: -1905240.375
Time taken:  0.45531511306762695
Test Loss: 0.0000, Test Accuracy: 0.9967, Energy: -1905570.625
Time taken:  0.4448258876800537
Test Loss: 0.0000, Test Accuracy: 0.9967, Energy: -1905964.625
Time taken:  0.44944167137145996
Test Loss: 0.0000, Test Accuracy: 0.9967, Energy: -1906140.625
Time taken:  0.4393148422241211
Test Loss: 0.0000, Test Accuracy: 0.9967, Energy: -1906311.0
Time taken:  0.46111488342285156
Test Loss: 0.0000, Test Accuracy: 0.9967, Energy: -1906452.25
Time taken:  0.45722198486328125
Test Loss: 0.0000, Test Accuracy: 0.9967, Energy: -1906586.0
Time taken:  0.4503469467163086
Test Loss: 0.0000, Test Accuracy: 0.9967, Energy: -1906864.25
Time taken:  0.44298505783081055
Test Loss: 0.0000, Test Accuracy: 0.9967, Energy: -1906966.0
Time taken:  0.44356799125671387
Test Loss: 0.0000, Test Accuracy: 0.9967, Energy: -1907143.875
Time taken:  0.43929123878479004
Test Loss: 0.0000, Test Accuracy: 0.9967, Energy: -1907318.25
Time taken:  0.44237661361694336
Test Loss: 0.0000, Test Accuracy: 0.9967, Energy: -1907435.25
Time taken:  0.4472849369049072
Test Loss: 0.0000, Test Accuracy: 0.9967, Energy: -1907729.75
Time taken:  0.4307708740234375
Test Loss: 0.0000, Test Accuracy: 0.9967, Energy: -1907788.25
Time taken:  0.4325125217437744
Test Loss: 0.0000, Test Accuracy: 0.9967, Energy: -1907853.5
Time taken:  0.43222594261169434
Test Loss: 0.0000, Test Accuracy: 0.9967, Energy: -1907860.75
Time taken:  0.442502498626709
Test Loss: 0.0000, Test Accuracy: 0.9967, Energy: -1907899.25
Time taken:  0.43471312522888184
Test Loss: 0.0000, Test Accuracy: 0.9967, Energy: -1907933.5
Time taken:  0.43970704078674316
Test Loss: 0.0000, Test Accuracy: 0.9967, Energy: -1907964.25
Time taken:  0.43973875045776367
Test Loss: 0.0000, Test Accuracy: 0.9967, Energy: -1907979.5
Time taken:  0.4433104991912842
Test Loss: 0.0000, Test Accuracy: 0.9967, Energy: -1908052.0
Time taken:  0.4497864246368408
Test Loss: 0.0000, Test Accuracy: 0.9967, Energy: -1908080.75
Time taken:  0.4491586685180664
Test Loss: 0.0000, Test Accuracy: 0.9967, Energy: -1908099.0
Time taken:  0.4400472640991211
Test Loss: 0.0000, Test Accuracy: 0.9967, Energy: -1908110.75
Time taken:  0.4521365165710449
Test Loss: 0.0000, Test Accuracy: 0.9967, Energy: -1908116.5
Time taken:  0.4351797103881836
Test Loss: 0.0000, Test Accuracy: 0.9967, Energy: -1908123.25
Time taken:  0.44646358489990234
Test Loss: 0.0000, Test Accuracy: 0.9967, Energy: -1908119.75
Time taken:  0.4426541328430176
Test Loss: 0.0000, Test Accuracy: 0.9967, Energy: -1908069.75
Time taken:  0.4464104175567627
Test Loss: 0.0000, Test Accuracy: 0.9967, Energy: -1907984.625
Time taken:  0.4470698833465576
Test Loss: 0.0000, Test Accuracy: 0.9967, Energy: -1907990.875
Time taken:  0.4544370174407959
Final accuracies: [0.8666666666666667, 0.9966666666666667, 0.9966666666666667, 0.9966666666666667, 0.9966666666666667, 0.9966666666666667, 0.9966666666666667, 0.9966666666666667, 0.9966666666666667, 0.9966666666666667, 0.9966666666666667, 0.9966666666666667, 0.9966666666666667, 0.9966666666666667, 0.9966666666666667, 0.9966666666666667, 0.9966666666666667, 0.9966666666666667, 0.9966666666666667, 0.9966666666666667, 0.9966666666666667, 0.9966666666666667, 0.9966666666666667, 0.9966666666666667, 0.9966666666666667, 0.9966666666666667, 0.9966666666666667, 0.9966666666666667, 0.9966666666666667, 0.9966666666666667, 0.9966666666666667, 0.9966666666666667, 0.9966666666666667, 0.9966666666666667, 0.9966666666666667, 0.9966666666666667, 0.9966666666666667, 0.9966666666666667, 0.9966666666666667, 0.9966666666666667, 0.9966666666666667, 0.9966666666666667, 0.9966666666666667, 0.9966666666666667, 0.9966666666666667, 0.9966666666666667, 0.9966666666666667, 0.9966666666666667, 0.9966666666666667, 0.9966666666666667, 0.9966666666666667, 0.9966666666666667, 0.9966666666666667, 0.9966666666666667, 0.9966666666666667, 0.9966666666666667, 0.9966666666666667, 0.9966666666666667, 0.9966666666666667, 0.9966666666666667, 0.9966666666666667, 0.9966666666666667, 0.9966666666666667, 0.9966666666666667, 0.9966666666666667, 0.9966666666666667, 0.9966666666666667, 0.9966666666666667, 0.9966666666666667, 0.9966666666666667, 0.9966666666666667, 0.9966666666666667, 0.9966666666666667, 0.9966666666666667, 0.9966666666666667, 0.9966666666666667, 0.9966666666666667, 0.9966666666666667, 0.9966666666666667, 0.9966666666666667, 0.9966666666666667, 0.9966666666666667, 0.9966666666666667, 0.9966666666666667, 0.9966666666666667, 0.9966666666666667, 0.9966666666666667, 0.9966666666666667, 0.9966666666666667, 0.9966666666666667, 0.9966666666666667, 0.9966666666666667, 0.9966666666666667, 0.9966666666666667, 0.9966666666666667, 0.9966666666666667, 0.9966666666666667, 0.9966666666666667, 0.9966666666666667, 0.9966666666666667]
Final energies: [-169.0318145751953, -4309.77490234375, -31437.64453125, -129492.265625, -286670.375, -452938.625, -604763.75, -736105.875, -849567.125, -946785.75, -1036227.25, -1114221.5, -1184222.25, -1248789.0, -1306734.25, -1360229.5, -1409031.75, -1452893.875, -1493559.125, -1531118.75, -1565216.875, -1595893.375, -1622943.5, -1648274.75, -1671709.25, -1692503.0, -1713055.5, -1731287.0, -1747205.25, -1762139.75, -1774538.5, -1786703.75, -1797281.5, -1807201.25, -1816288.375, -1824785.625, -1832693.0, -1839434.5, -1845761.5, -1851923.625, -1856802.375, -1861452.5, -1865874.75, -1869793.375, -1873449.0, -1876674.25, -1879724.75, -1882395.0, -1884466.25, -1886680.0, -1888770.5, -1890842.25, -1892564.5, -1893839.125, -1894786.75, -1895922.0, -1897033.75, -1898127.25, -1899047.375, -1899941.25, -1900769.5, -1901459.5, -1902102.375, -1902428.75, -1902878.5, -1903428.25, -1903903.0, -1904165.25, -1904509.25, -1904877.5, -1905240.375, -1905570.625, -1905964.625, -1906140.625, -1906311.0, -1906452.25, -1906586.0, -1906864.25, -1906966.0, -1907143.875, -1907318.25, -1907435.25, -1907729.75, -1907788.25, -1907853.5, -1907860.75, -1907899.25, -1907933.5, -1907964.25, -1907979.5, -1908052.0, -1908080.75, -1908099.0, -1908110.75, -1908116.5, -1908123.25, -1908119.75, -1908069.75, -1907984.625, -1907990.875]
