Running with parameters: hidden=30, use_coupled=true, seed=19, lam=0.5, eta=0.5, batch=100
Test Loss: 0.0000, Test Accuracy: 0.9233, Energy: -303.73065185546875
Time taken:  0.2694382667541504
Test Loss: 0.0000, Test Accuracy: 0.9933, Energy: -3509.613525390625
Time taken:  0.29047155380249023
Test Loss: 0.0000, Test Accuracy: 0.9967, Energy: -19848.7578125
Time taken:  0.2925539016723633
Test Loss: 0.0000, Test Accuracy: 0.9967, Energy: -65380.2890625
Time taken:  0.26400041580200195
Test Loss: 0.0000, Test Accuracy: 0.9967, Energy: -143244.078125
Time taken:  0.25284814834594727
Test Loss: 0.0000, Test Accuracy: 0.9967, Energy: -233181.671875
Time taken:  0.255368709564209
Test Loss: 0.0000, Test Accuracy: 0.9967, Energy: -311979.75
Time taken:  0.2511410713195801
Test Loss: 0.0000, Test Accuracy: 0.9967, Energy: -378406.53125
Time taken:  0.2535820007324219
Test Loss: 0.0000, Test Accuracy: 0.9967, Energy: -436035.875
Time taken:  0.25638914108276367
Test Loss: 0.0000, Test Accuracy: 0.9967, Energy: -486632.375
Time taken:  0.25110721588134766
Test Loss: 0.0000, Test Accuracy: 0.9967, Energy: -531613.0
Time taken:  0.25577402114868164
Test Loss: 0.0000, Test Accuracy: 0.9967, Energy: -571565.625
Time taken:  0.25055480003356934
Test Loss: 0.0000, Test Accuracy: 0.9967, Energy: -607659.625
Time taken:  0.25211334228515625
Test Loss: 0.0000, Test Accuracy: 0.9967, Energy: -641135.125
Time taken:  0.2561349868774414
Test Loss: 0.0000, Test Accuracy: 0.9967, Energy: -670756.25
Time taken:  0.2510066032409668
Test Loss: 0.0000, Test Accuracy: 0.9967, Energy: -697626.75
Time taken:  0.25737929344177246
Test Loss: 0.0000, Test Accuracy: 0.9967, Energy: -722616.0625
Time taken:  0.25206875801086426
Test Loss: 0.0000, Test Accuracy: 0.9967, Energy: -745173.25
Time taken:  0.25271129608154297
Test Loss: 0.0000, Test Accuracy: 0.9967, Energy: -765676.375
Time taken:  0.25906896591186523
Test Loss: 0.0000, Test Accuracy: 0.9967, Energy: -784053.5625
Time taken:  0.2514028549194336
Test Loss: 0.0000, Test Accuracy: 0.9967, Energy: -799960.75
Time taken:  0.25693202018737793
Test Loss: 0.0000, Test Accuracy: 0.9967, Energy: -815043.0
Time taken:  0.2533085346221924
Test Loss: 0.0000, Test Accuracy: 0.9967, Energy: -829317.125
Time taken:  0.252368688583374
Test Loss: 0.0000, Test Accuracy: 0.9967, Energy: -841261.75
Time taken:  0.25815701484680176
Test Loss: 0.0000, Test Accuracy: 0.9967, Energy: -853304.625
Time taken:  0.2520637512207031
Test Loss: 0.0000, Test Accuracy: 0.9967, Energy: -863816.6875
Time taken:  0.2562291622161865
Test Loss: 0.0000, Test Accuracy: 0.9967, Energy: -873835.875
Time taken:  0.25182271003723145
Test Loss: 0.0000, Test Accuracy: 0.9967, Energy: -882672.1875
Time taken:  0.25284790992736816
Test Loss: 0.0000, Test Accuracy: 0.9967, Energy: -891641.25
Time taken:  0.2533292770385742
Test Loss: 0.0000, Test Accuracy: 0.9967, Energy: -899013.0625
Time taken:  0.25238728523254395
Test Loss: 0.0000, Test Accuracy: 0.9967, Energy: -904710.625
Time taken:  0.2550320625305176
Test Loss: 0.0000, Test Accuracy: 0.9967, Energy: -911212.5
Time taken:  0.2519824504852295
Test Loss: 0.0000, Test Accuracy: 0.9967, Energy: -916330.4375
Time taken:  0.2521545886993408
Test Loss: 0.0000, Test Accuracy: 0.9933, Energy: -922192.9375
Time taken:  0.2575991153717041
Test Loss: 0.0000, Test Accuracy: 0.9933, Energy: -926939.5
Time taken:  0.25192904472351074
Test Loss: 0.0000, Test Accuracy: 0.9933, Energy: -930341.5
Time taken:  0.25499725341796875
Test Loss: 0.0000, Test Accuracy: 0.9933, Energy: -933826.0
Time taken:  0.2517967224121094
Test Loss: 0.0000, Test Accuracy: 0.9933, Energy: -937719.25
Time taken:  0.2514665126800537
Test Loss: 0.0000, Test Accuracy: 0.9967, Energy: -939757.125
Time taken:  0.25727295875549316
Test Loss: 0.0000, Test Accuracy: 0.9967, Energy: -942777.0625
Time taken:  0.25165414810180664
Test Loss: 0.0000, Test Accuracy: 0.9967, Energy: -944991.875
Time taken:  0.25571346282958984
Test Loss: 0.0000, Test Accuracy: 0.9967, Energy: -947567.875
Time taken:  0.2511630058288574
Test Loss: 0.0000, Test Accuracy: 0.9967, Energy: -949832.0625
Time taken:  0.24920225143432617
Test Loss: 0.0000, Test Accuracy: 0.9967, Energy: -951741.875
Time taken:  0.25654149055480957
Test Loss: 0.0000, Test Accuracy: 0.9967, Energy: -952609.0
Time taken:  0.2540450096130371
Test Loss: 0.0000, Test Accuracy: 0.9967, Energy: -954634.375
Time taken:  0.2567925453186035
Test Loss: 0.0000, Test Accuracy: 0.9967, Energy: -955633.5625
Time taken:  0.2537109851837158
Test Loss: 0.0000, Test Accuracy: 0.9967, Energy: -957717.0625
Time taken:  0.2508425712585449
Test Loss: 0.0000, Test Accuracy: 0.9967, Energy: -958382.1875
Time taken:  0.2581799030303955
Test Loss: 0.0000, Test Accuracy: 0.9967, Energy: -960032.625
Time taken:  0.2494204044342041
Test Loss: 0.0000, Test Accuracy: 0.9967, Energy: -961024.0
Time taken:  0.2565882205963135
Test Loss: 0.0000, Test Accuracy: 0.9967, Energy: -961319.1875
Time taken:  0.25244975090026855
Test Loss: 0.0000, Test Accuracy: 0.9967, Energy: -962603.25
Time taken:  0.2522609233856201
Test Loss: 0.0000, Test Accuracy: 0.9967, Energy: -963364.0
Time taken:  0.256061315536499
Test Loss: 0.0000, Test Accuracy: 0.9967, Energy: -963587.875
Time taken:  0.2554926872253418
Test Loss: 0.0000, Test Accuracy: 0.9967, Energy: -964208.0
Time taken:  0.27602124214172363
Test Loss: 0.0000, Test Accuracy: 0.9967, Energy: -965374.25
Time taken:  0.25475430488586426
Test Loss: 0.0000, Test Accuracy: 0.9967, Energy: -965405.75
Time taken:  0.2513859272003174
Test Loss: 0.0000, Test Accuracy: 0.9967, Energy: -965586.8125
Time taken:  0.2563042640686035
Test Loss: 0.0000, Test Accuracy: 0.9967, Energy: -966106.375
Time taken:  0.252622127532959
Test Loss: 0.0000, Test Accuracy: 0.9967, Energy: -966537.25
Time taken:  0.2552943229675293
Test Loss: 0.0000, Test Accuracy: 0.9967, Energy: -967506.375
Time taken:  0.24796319007873535
Test Loss: 0.0000, Test Accuracy: 0.9967, Energy: -967114.75
Time taken:  0.2566196918487549
Test Loss: 0.0000, Test Accuracy: 0.9967, Energy: -967272.9375
Time taken:  0.26346635818481445
Test Loss: 0.0000, Test Accuracy: 0.9967, Energy: -967779.5
Time taken:  0.24961566925048828
Test Loss: 0.0000, Test Accuracy: 0.9967, Energy: -967792.75
Time taken:  0.25380945205688477
Test Loss: 0.0000, Test Accuracy: 0.9967, Energy: -968420.75
Time taken:  0.25067853927612305
Test Loss: 0.0000, Test Accuracy: 0.9967, Energy: -968117.875
Time taken:  0.25151610374450684
Test Loss: 0.0000, Test Accuracy: 0.9967, Energy: -969022.0
Time taken:  0.27156972885131836
Test Loss: 0.0000, Test Accuracy: 0.9967, Energy: -969236.25
Time taken:  0.2546985149383545
Test Loss: 0.0000, Test Accuracy: 0.9967, Energy: -969176.6875
Time taken:  0.2709989547729492
Test Loss: 0.0000, Test Accuracy: 0.9967, Energy: -969418.5
Time taken:  0.2544233798980713
Test Loss: 0.0000, Test Accuracy: 0.9967, Energy: -969762.125
Time taken:  0.2512063980102539
Test Loss: 0.0000, Test Accuracy: 0.9967, Energy: -969152.5625
Time taken:  0.254563570022583
Test Loss: 0.0000, Test Accuracy: 0.9967, Energy: -969062.25
Time taken:  0.251910924911499
Test Loss: 0.0000, Test Accuracy: 0.9967, Energy: -969497.0625
Time taken:  0.257885217666626
Test Loss: 0.0000, Test Accuracy: 0.9967, Energy: -969235.875
Time taken:  0.26206398010253906
Test Loss: 0.0000, Test Accuracy: 0.9967, Energy: -969160.75
Time taken:  0.26803135871887207
Test Loss: 0.0000, Test Accuracy: 0.9967, Energy: -970144.125
Time taken:  0.25177526473999023
Test Loss: 0.0000, Test Accuracy: 0.9967, Energy: -969430.1875
Time taken:  0.2600581645965576
Test Loss: 0.0000, Test Accuracy: 0.9967, Energy: -969426.4375
Time taken:  0.25431227684020996
Test Loss: 0.0000, Test Accuracy: 0.9967, Energy: -970279.75
Time taken:  0.25043344497680664
Test Loss: 0.0000, Test Accuracy: 0.9967, Energy: -970168.1875
Time taken:  0.2535889148712158
Test Loss: 0.0000, Test Accuracy: 0.9967, Energy: -969866.0
Time taken:  0.2502152919769287
Test Loss: 0.0000, Test Accuracy: 0.9967, Energy: -970147.375
Time taken:  0.2513751983642578
Test Loss: 0.0000, Test Accuracy: 0.9967, Energy: -969473.1875
Time taken:  0.25961995124816895
Test Loss: 0.0000, Test Accuracy: 0.9967, Energy: -970251.375
Time taken:  0.26862335205078125
Test Loss: 0.0000, Test Accuracy: 0.9967, Energy: -970074.0625
Time taken:  0.254453182220459
Test Loss: 0.0000, Test Accuracy: 0.9967, Energy: -969733.75
Time taken:  0.2516915798187256
Test Loss: 0.0000, Test Accuracy: 0.9967, Energy: -970399.125
Time taken:  0.2507917881011963
Test Loss: 0.0000, Test Accuracy: 0.9967, Energy: -970203.375
Time taken:  0.2549123764038086
Test Loss: 0.0000, Test Accuracy: 0.9967, Energy: -970180.625
Time taken:  0.24803709983825684
Test Loss: 0.0000, Test Accuracy: 0.9967, Energy: -970218.125
Time taken:  0.25884175300598145
Test Loss: 0.0000, Test Accuracy: 0.9967, Energy: -969720.5
Time taken:  0.2552621364593506
Test Loss: 0.0000, Test Accuracy: 0.9967, Energy: -970263.0
Time taken:  0.2665832042694092
Test Loss: 0.0000, Test Accuracy: 0.9967, Energy: -969859.8125
Time taken:  0.2579822540283203
Test Loss: 0.0000, Test Accuracy: 0.9967, Energy: -969712.875
Time taken:  0.2662086486816406
Test Loss: 0.0000, Test Accuracy: 0.9967, Energy: -970652.4375
Time taken:  0.25824689865112305
Test Loss: 0.0000, Test Accuracy: 0.9967, Energy: -969862.4375
Time taken:  0.2503981590270996
Test Loss: 0.0000, Test Accuracy: 0.9967, Energy: -970515.625
Time taken:  0.2439558506011963
Final accuracies: [0.9233333333333333, 0.9933333333333333, 0.9966666666666667, 0.9966666666666667, 0.9966666666666667, 0.9966666666666667, 0.9966666666666667, 0.9966666666666667, 0.9966666666666667, 0.9966666666666667, 0.9966666666666667, 0.9966666666666667, 0.9966666666666667, 0.9966666666666667, 0.9966666666666667, 0.9966666666666667, 0.9966666666666667, 0.9966666666666667, 0.9966666666666667, 0.9966666666666667, 0.9966666666666667, 0.9966666666666667, 0.9966666666666667, 0.9966666666666667, 0.9966666666666667, 0.9966666666666667, 0.9966666666666667, 0.9966666666666667, 0.9966666666666667, 0.9966666666666667, 0.9966666666666667, 0.9966666666666667, 0.9966666666666667, 0.9933333333333333, 0.9933333333333333, 0.9933333333333333, 0.9933333333333333, 0.9933333333333333, 0.9966666666666667, 0.9966666666666667, 0.9966666666666667, 0.9966666666666667, 0.9966666666666667, 0.9966666666666667, 0.9966666666666667, 0.9966666666666667, 0.9966666666666667, 0.9966666666666667, 0.9966666666666667, 0.9966666666666667, 0.9966666666666667, 0.9966666666666667, 0.9966666666666667, 0.9966666666666667, 0.9966666666666667, 0.9966666666666667, 0.9966666666666667, 0.9966666666666667, 0.9966666666666667, 0.9966666666666667, 0.9966666666666667, 0.9966666666666667, 0.9966666666666667, 0.9966666666666667, 0.9966666666666667, 0.9966666666666667, 0.9966666666666667, 0.9966666666666667, 0.9966666666666667, 0.9966666666666667, 0.9966666666666667, 0.9966666666666667, 0.9966666666666667, 0.9966666666666667, 0.9966666666666667, 0.9966666666666667, 0.9966666666666667, 0.9966666666666667, 0.9966666666666667, 0.9966666666666667, 0.9966666666666667, 0.9966666666666667, 0.9966666666666667, 0.9966666666666667, 0.9966666666666667, 0.9966666666666667, 0.9966666666666667, 0.9966666666666667, 0.9966666666666667, 0.9966666666666667, 0.9966666666666667, 0.9966666666666667, 0.9966666666666667, 0.9966666666666667, 0.9966666666666667, 0.9966666666666667, 0.9966666666666667, 0.9966666666666667, 0.9966666666666667, 0.9966666666666667]
Final energies: [-303.73065185546875, -3509.613525390625, -19848.7578125, -65380.2890625, -143244.078125, -233181.671875, -311979.75, -378406.53125, -436035.875, -486632.375, -531613.0, -571565.625, -607659.625, -641135.125, -670756.25, -697626.75, -722616.0625, -745173.25, -765676.375, -784053.5625, -799960.75, -815043.0, -829317.125, -841261.75, -853304.625, -863816.6875, -873835.875, -882672.1875, -891641.25, -899013.0625, -904710.625, -911212.5, -916330.4375, -922192.9375, -926939.5, -930341.5, -933826.0, -937719.25, -939757.125, -942777.0625, -944991.875, -947567.875, -949832.0625, -951741.875, -952609.0, -954634.375, -955633.5625, -957717.0625, -958382.1875, -960032.625, -961024.0, -961319.1875, -962603.25, -963364.0, -963587.875, -964208.0, -965374.25, -965405.75, -965586.8125, -966106.375, -966537.25, -967506.375, -967114.75, -967272.9375, -967779.5, -967792.75, -968420.75, -968117.875, -969022.0, -969236.25, -969176.6875, -969418.5, -969762.125, -969152.5625, -969062.25, -969497.0625, -969235.875, -969160.75, -970144.125, -969430.1875, -969426.4375, -970279.75, -970168.1875, -969866.0, -970147.375, -969473.1875, -970251.375, -970074.0625, -969733.75, -970399.125, -970203.375, -970180.625, -970218.125, -969720.5, -970263.0, -969859.8125, -969712.875, -970652.4375, -969862.4375, -970515.625]
