Running with parameters: hidden=30, use_coupled=true, seed=71, lam=0.5, eta=0.5, batch=100
Test Loss: 0.0000, Test Accuracy: 0.9900, Energy: -299.908447265625
Time taken:  0.2645080089569092
Test Loss: 0.0000, Test Accuracy: 0.9967, Energy: -2864.562255859375
Time taken:  0.2792825698852539
Test Loss: 0.0000, Test Accuracy: 1.0000, Energy: -16232.537109375
Time taken:  0.24698090553283691
Test Loss: 0.0000, Test Accuracy: 0.9967, Energy: -62205.4375
Time taken:  0.24622178077697754
Test Loss: 0.0000, Test Accuracy: 0.9967, Energy: -145074.28125
Time taken:  0.264965295791626
Test Loss: 0.0000, Test Accuracy: 0.9967, Energy: -240150.90625
Time taken:  0.24794316291809082
Test Loss: 0.0000, Test Accuracy: 0.9967, Energy: -325742.34375
Time taken:  0.24709725379943848
Test Loss: 0.0000, Test Accuracy: 0.9967, Energy: -401699.6875
Time taken:  0.24272871017456055
Test Loss: 0.0000, Test Accuracy: 0.9967, Energy: -467339.96875
Time taken:  0.24208831787109375
Test Loss: 0.0000, Test Accuracy: 0.9967, Energy: -525927.9375
Time taken:  0.24666833877563477
Test Loss: 0.0000, Test Accuracy: 0.9967, Energy: -579054.75
Time taken:  0.24422788619995117
Test Loss: 0.0000, Test Accuracy: 0.9967, Energy: -626433.0
Time taken:  0.24610686302185059
Test Loss: 0.0000, Test Accuracy: 0.9967, Energy: -669221.1875
Time taken:  0.24329590797424316
Test Loss: 0.0000, Test Accuracy: 0.9967, Energy: -708685.0625
Time taken:  0.2463669776916504
Test Loss: 0.0000, Test Accuracy: 0.9967, Energy: -744531.1875
Time taken:  0.24176406860351562
Test Loss: 0.0000, Test Accuracy: 0.9967, Energy: -776754.3125
Time taken:  0.2414398193359375
Test Loss: 0.0000, Test Accuracy: 0.9967, Energy: -805352.6875
Time taken:  0.24617934226989746
Test Loss: 0.0000, Test Accuracy: 0.9967, Energy: -832158.5
Time taken:  0.24356818199157715
Test Loss: 0.0000, Test Accuracy: 0.9967, Energy: -856467.5
Time taken:  0.24517059326171875
Test Loss: 0.0000, Test Accuracy: 0.9967, Energy: -878945.875
Time taken:  0.24144840240478516
Test Loss: 0.0000, Test Accuracy: 0.9967, Energy: -899133.5
Time taken:  0.2423412799835205
Test Loss: 0.0000, Test Accuracy: 0.9967, Energy: -916799.0
Time taken:  0.24567604064941406
Test Loss: 0.0000, Test Accuracy: 0.9967, Energy: -933157.75
Time taken:  0.24054241180419922
Test Loss: 0.0000, Test Accuracy: 0.9967, Energy: -948169.0
Time taken:  0.245286226272583
Test Loss: 0.0000, Test Accuracy: 0.9967, Energy: -962502.125
Time taken:  0.24214386940002441
Test Loss: 0.0000, Test Accuracy: 0.9967, Energy: -975638.625
Time taken:  0.24068546295166016
Test Loss: 0.0000, Test Accuracy: 0.9967, Energy: -986748.0
Time taken:  0.24524760246276855
Test Loss: 0.0000, Test Accuracy: 0.9967, Energy: -997193.375
Time taken:  0.24176406860351562
Test Loss: 0.0000, Test Accuracy: 0.9967, Energy: -1005936.5
Time taken:  0.24610590934753418
Test Loss: 0.0000, Test Accuracy: 0.9967, Energy: -1014837.0
Time taken:  0.24155068397521973
Test Loss: 0.0000, Test Accuracy: 0.9967, Energy: -1022594.5
Time taken:  0.24275732040405273
Test Loss: 0.0000, Test Accuracy: 0.9967, Energy: -1029483.125
Time taken:  0.24459481239318848
Test Loss: 0.0000, Test Accuracy: 0.9967, Energy: -1036840.0625
Time taken:  0.24329161643981934
Test Loss: 0.0000, Test Accuracy: 0.9967, Energy: -1043064.5
Time taken:  0.24468684196472168
Test Loss: 0.0000, Test Accuracy: 0.9967, Energy: -1048109.0
Time taken:  0.2422788143157959
Test Loss: 0.0000, Test Accuracy: 0.9967, Energy: -1053556.625
Time taken:  0.24132657051086426
Test Loss: 0.0000, Test Accuracy: 0.9967, Energy: -1058349.875
Time taken:  0.2455306053161621
Test Loss: 0.0000, Test Accuracy: 0.9967, Energy: -1062807.375
Time taken:  0.2418231964111328
Test Loss: 0.0000, Test Accuracy: 0.9967, Energy: -1066235.75
Time taken:  0.24321818351745605
Test Loss: 0.0000, Test Accuracy: 0.9967, Energy: -1069564.625
Time taken:  0.24282193183898926
Test Loss: 0.0000, Test Accuracy: 0.9967, Energy: -1071897.625
Time taken:  0.2399446964263916
Test Loss: 0.0000, Test Accuracy: 0.9967, Energy: -1074536.125
Time taken:  0.24504375457763672
Test Loss: 0.0000, Test Accuracy: 0.9967, Energy: -1077274.25
Time taken:  0.2395157814025879
Test Loss: 0.0000, Test Accuracy: 0.9967, Energy: -1079648.125
Time taken:  0.24426960945129395
Test Loss: 0.0000, Test Accuracy: 0.9967, Energy: -1081631.25
Time taken:  0.24091410636901855
Test Loss: 0.0000, Test Accuracy: 0.9967, Energy: -1083566.75
Time taken:  0.24138855934143066
Test Loss: 0.0000, Test Accuracy: 0.9967, Energy: -1085129.75
Time taken:  0.24598026275634766
Test Loss: 0.0000, Test Accuracy: 0.9967, Energy: -1086949.5
Time taken:  0.2428114414215088
Test Loss: 0.0000, Test Accuracy: 0.9967, Energy: -1088677.0
Time taken:  0.24531316757202148
Test Loss: 0.0000, Test Accuracy: 0.9967, Energy: -1089613.75
Time taken:  0.24031400680541992
Test Loss: 0.0000, Test Accuracy: 0.9967, Energy: -1091025.125
Time taken:  0.24184799194335938
Test Loss: 0.0000, Test Accuracy: 0.9967, Energy: -1092418.5
Time taken:  0.2454521656036377
Test Loss: 0.0000, Test Accuracy: 0.9967, Energy: -1092798.5
Time taken:  0.2415928840637207
Test Loss: 0.0000, Test Accuracy: 0.9967, Energy: -1093839.625
Time taken:  0.2423551082611084
Test Loss: 0.0000, Test Accuracy: 0.9967, Energy: -1094734.75
Time taken:  0.2394869327545166
Test Loss: 0.0000, Test Accuracy: 0.9967, Energy: -1095068.25
Time taken:  0.24217844009399414
Test Loss: 0.0000, Test Accuracy: 0.9967, Energy: -1096173.5
Time taken:  0.2433607578277588
Test Loss: 0.0000, Test Accuracy: 0.9967, Energy: -1096903.875
Time taken:  0.24038004875183105
Test Loss: 0.0000, Test Accuracy: 0.9967, Energy: -1097557.0
Time taken:  0.2440035343170166
Test Loss: 0.0000, Test Accuracy: 0.9967, Energy: -1097801.75
Time taken:  0.24021172523498535
Test Loss: 0.0000, Test Accuracy: 0.9967, Energy: -1098258.25
Time taken:  0.24434947967529297
Test Loss: 0.0000, Test Accuracy: 0.9967, Energy: -1098600.5
Time taken:  0.2411818504333496
Test Loss: 0.0000, Test Accuracy: 0.9967, Energy: -1098943.375
Time taken:  0.23910045623779297
Test Loss: 0.0000, Test Accuracy: 0.9967, Energy: -1099391.25
Time taken:  0.24218106269836426
Test Loss: 0.0000, Test Accuracy: 0.9967, Energy: -1099648.0
Time taken:  0.23903870582580566
Test Loss: 0.0000, Test Accuracy: 0.9967, Energy: -1099732.75
Time taken:  0.24443793296813965
Test Loss: 0.0000, Test Accuracy: 0.9967, Energy: -1100122.25
Time taken:  0.23868703842163086
Test Loss: 0.0000, Test Accuracy: 0.9967, Energy: -1100161.5
Time taken:  0.23922252655029297
Test Loss: 0.0000, Test Accuracy: 0.9967, Energy: -1100603.125
Time taken:  0.24167156219482422
Test Loss: 0.0000, Test Accuracy: 0.9967, Energy: -1101012.75
Time taken:  0.23866724967956543
Test Loss: 0.0000, Test Accuracy: 0.9967, Energy: -1101108.75
Time taken:  0.2414875030517578
Test Loss: 0.0000, Test Accuracy: 0.9967, Energy: -1101288.0
Time taken:  0.24062061309814453
Test Loss: 0.0000, Test Accuracy: 0.9967, Energy: -1101444.25
Time taken:  0.24034667015075684
Test Loss: 0.0000, Test Accuracy: 0.9967, Energy: -1101307.5
Time taken:  0.24288439750671387
Test Loss: 0.0000, Test Accuracy: 0.9967, Energy: -1101455.25
Time taken:  0.2392568588256836
Test Loss: 0.0000, Test Accuracy: 0.9967, Energy: -1101477.25
Time taken:  0.2425839900970459
Test Loss: 0.0000, Test Accuracy: 0.9967, Energy: -1101495.5
Time taken:  0.23867487907409668
Test Loss: 0.0000, Test Accuracy: 0.9967, Energy: -1101444.0
Time taken:  0.23819828033447266
Test Loss: 0.0000, Test Accuracy: 0.9967, Energy: -1101560.25
Time taken:  0.24394536018371582
Test Loss: 0.0000, Test Accuracy: 0.9967, Energy: -1101659.875
Time taken:  0.2404499053955078
Test Loss: 0.0000, Test Accuracy: 0.9967, Energy: -1101887.25
Time taken:  0.24246001243591309
Test Loss: 0.0000, Test Accuracy: 0.9967, Energy: -1102287.375
Time taken:  0.24170589447021484
Test Loss: 0.0000, Test Accuracy: 0.9967, Energy: -1101885.0
Time taken:  0.2418346405029297
Test Loss: 0.0000, Test Accuracy: 0.9967, Energy: -1102540.375
Time taken:  0.24480509757995605
Test Loss: 0.0000, Test Accuracy: 0.9967, Energy: -1102078.0
Time taken:  0.24118590354919434
Test Loss: 0.0000, Test Accuracy: 0.9967, Energy: -1102305.25
Time taken:  0.24401378631591797
Test Loss: 0.0000, Test Accuracy: 0.9967, Energy: -1102622.375
Time taken:  0.24229931831359863
Test Loss: 0.0000, Test Accuracy: 0.9967, Energy: -1102591.75
Time taken:  0.24194836616516113
Test Loss: 0.0000, Test Accuracy: 0.9967, Energy: -1102440.75
Time taken:  0.24364066123962402
Test Loss: 0.0000, Test Accuracy: 0.9967, Energy: -1102518.5
Time taken:  0.2412433624267578
Test Loss: 0.0000, Test Accuracy: 0.9967, Energy: -1102361.0
Time taken:  0.24522709846496582
Test Loss: 0.0000, Test Accuracy: 0.9967, Energy: -1102631.75
Time taken:  0.24119281768798828
Test Loss: 0.0000, Test Accuracy: 0.9967, Energy: -1102654.0
Time taken:  0.2430126667022705
Test Loss: 0.0000, Test Accuracy: 0.9967, Energy: -1102823.625
Time taken:  0.24398159980773926
Test Loss: 0.0000, Test Accuracy: 0.9967, Energy: -1102824.75
Time taken:  0.23923254013061523
Test Loss: 0.0000, Test Accuracy: 0.9967, Energy: -1102565.5
Time taken:  0.24344539642333984
Test Loss: 0.0000, Test Accuracy: 0.9967, Energy: -1102609.5
Time taken:  0.2413496971130371
Test Loss: 0.0000, Test Accuracy: 0.9967, Energy: -1102772.75
Time taken:  0.24060535430908203
Test Loss: 0.0000, Test Accuracy: 0.9967, Energy: -1102602.75
Time taken:  0.24350190162658691
Test Loss: 0.0000, Test Accuracy: 0.9967, Energy: -1102782.5
Time taken:  0.24138116836547852
Final accuracies: [0.99, 0.9966666666666667, 1.0, 0.9966666666666667, 0.9966666666666667, 0.9966666666666667, 0.9966666666666667, 0.9966666666666667, 0.9966666666666667, 0.9966666666666667, 0.9966666666666667, 0.9966666666666667, 0.9966666666666667, 0.9966666666666667, 0.9966666666666667, 0.9966666666666667, 0.9966666666666667, 0.9966666666666667, 0.9966666666666667, 0.9966666666666667, 0.9966666666666667, 0.9966666666666667, 0.9966666666666667, 0.9966666666666667, 0.9966666666666667, 0.9966666666666667, 0.9966666666666667, 0.9966666666666667, 0.9966666666666667, 0.9966666666666667, 0.9966666666666667, 0.9966666666666667, 0.9966666666666667, 0.9966666666666667, 0.9966666666666667, 0.9966666666666667, 0.9966666666666667, 0.9966666666666667, 0.9966666666666667, 0.9966666666666667, 0.9966666666666667, 0.9966666666666667, 0.9966666666666667, 0.9966666666666667, 0.9966666666666667, 0.9966666666666667, 0.9966666666666667, 0.9966666666666667, 0.9966666666666667, 0.9966666666666667, 0.9966666666666667, 0.9966666666666667, 0.9966666666666667, 0.9966666666666667, 0.9966666666666667, 0.9966666666666667, 0.9966666666666667, 0.9966666666666667, 0.9966666666666667, 0.9966666666666667, 0.9966666666666667, 0.9966666666666667, 0.9966666666666667, 0.9966666666666667, 0.9966666666666667, 0.9966666666666667, 0.9966666666666667, 0.9966666666666667, 0.9966666666666667, 0.9966666666666667, 0.9966666666666667, 0.9966666666666667, 0.9966666666666667, 0.9966666666666667, 0.9966666666666667, 0.9966666666666667, 0.9966666666666667, 0.9966666666666667, 0.9966666666666667, 0.9966666666666667, 0.9966666666666667, 0.9966666666666667, 0.9966666666666667, 0.9966666666666667, 0.9966666666666667, 0.9966666666666667, 0.9966666666666667, 0.9966666666666667, 0.9966666666666667, 0.9966666666666667, 0.9966666666666667, 0.9966666666666667, 0.9966666666666667, 0.9966666666666667, 0.9966666666666667, 0.9966666666666667, 0.9966666666666667, 0.9966666666666667, 0.9966666666666667, 0.9966666666666667]
Final energies: [-299.908447265625, -2864.562255859375, -16232.537109375, -62205.4375, -145074.28125, -240150.90625, -325742.34375, -401699.6875, -467339.96875, -525927.9375, -579054.75, -626433.0, -669221.1875, -708685.0625, -744531.1875, -776754.3125, -805352.6875, -832158.5, -856467.5, -878945.875, -899133.5, -916799.0, -933157.75, -948169.0, -962502.125, -975638.625, -986748.0, -997193.375, -1005936.5, -1014837.0, -1022594.5, -1029483.125, -1036840.0625, -1043064.5, -1048109.0, -1053556.625, -1058349.875, -1062807.375, -1066235.75, -1069564.625, -1071897.625, -1074536.125, -1077274.25, -1079648.125, -1081631.25, -1083566.75, -1085129.75, -1086949.5, -1088677.0, -1089613.75, -1091025.125, -1092418.5, -1092798.5, -1093839.625, -1094734.75, -1095068.25, -1096173.5, -1096903.875, -1097557.0, -1097801.75, -1098258.25, -1098600.5, -1098943.375, -1099391.25, -1099648.0, -1099732.75, -1100122.25, -1100161.5, -1100603.125, -1101012.75, -1101108.75, -1101288.0, -1101444.25, -1101307.5, -1101455.25, -1101477.25, -1101495.5, -1101444.0, -1101560.25, -1101659.875, -1101887.25, -1102287.375, -1101885.0, -1102540.375, -1102078.0, -1102305.25, -1102622.375, -1102591.75, -1102440.75, -1102518.5, -1102361.0, -1102631.75, -1102654.0, -1102823.625, -1102824.75, -1102565.5, -1102609.5, -1102772.75, -1102602.75, -1102782.5]
