Running with parameters: hidden=30, use_coupled=true, seed=25, lam=0.5, eta=0.5, batch=100
Test Loss: 0.0000, Test Accuracy: 0.6300, Energy: -151.67349243164062
Time taken:  0.27675795555114746
Test Loss: 0.0000, Test Accuracy: 1.0000, Energy: -3445.58935546875
Time taken:  0.29973745346069336
Test Loss: 0.0000, Test Accuracy: 1.0000, Energy: -23769.720703125
Time taken:  0.26148152351379395
Test Loss: 0.0000, Test Accuracy: 1.0000, Energy: -81513.046875
Time taken:  0.2654910087585449
Test Loss: 0.0000, Test Accuracy: 1.0000, Energy: -168139.0625
Time taken:  0.2723207473754883
Test Loss: 0.0000, Test Accuracy: 1.0000, Energy: -257818.21875
Time taken:  0.2615330219268799
Test Loss: 0.0000, Test Accuracy: 1.0000, Energy: -342022.65625
Time taken:  0.28397369384765625
Test Loss: 0.0000, Test Accuracy: 1.0000, Energy: -418034.21875
Time taken:  0.2552473545074463
Test Loss: 0.0000, Test Accuracy: 1.0000, Energy: -488018.0
Time taken:  0.286301851272583
Test Loss: 0.0000, Test Accuracy: 0.9967, Energy: -548891.4375
Time taken:  0.258281946182251
Test Loss: 0.0000, Test Accuracy: 0.9967, Energy: -603878.625
Time taken:  0.282329797744751
Test Loss: 0.0000, Test Accuracy: 0.9967, Energy: -654268.25
Time taken:  0.25671958923339844
Test Loss: 0.0000, Test Accuracy: 0.9967, Energy: -699593.125
Time taken:  0.27784228324890137
Test Loss: 0.0000, Test Accuracy: 0.9967, Energy: -740446.4375
Time taken:  0.2563514709472656
Test Loss: 0.0000, Test Accuracy: 0.9967, Energy: -777359.8125
Time taken:  0.2743034362792969
Test Loss: 0.0000, Test Accuracy: 0.9967, Energy: -809977.25
Time taken:  0.26262593269348145
Test Loss: 0.0000, Test Accuracy: 0.9967, Energy: -839988.625
Time taken:  0.251492977142334
Test Loss: 0.0000, Test Accuracy: 0.9967, Energy: -865616.0
Time taken:  0.2598392963409424
Test Loss: 0.0000, Test Accuracy: 0.9967, Energy: -890384.5
Time taken:  0.26259279251098633
Test Loss: 0.0000, Test Accuracy: 0.9967, Energy: -912168.5
Time taken:  0.25840282440185547
Test Loss: 0.0000, Test Accuracy: 0.9967, Energy: -932171.1875
Time taken:  0.26265907287597656
Test Loss: 0.0000, Test Accuracy: 0.9967, Energy: -950593.0
Time taken:  0.2533125877380371
Test Loss: 0.0000, Test Accuracy: 0.9967, Energy: -967672.0
Time taken:  0.25959300994873047
Test Loss: 0.0000, Test Accuracy: 0.9967, Energy: -984148.375
Time taken:  0.25650668144226074
Test Loss: 0.0000, Test Accuracy: 0.9967, Energy: -997432.6875
Time taken:  0.26145386695861816
Test Loss: 0.0000, Test Accuracy: 0.9967, Energy: -1010475.25
Time taken:  0.253068208694458
Test Loss: 0.0000, Test Accuracy: 0.9967, Energy: -1022088.625
Time taken:  0.2527785301208496
Test Loss: 0.0000, Test Accuracy: 0.9967, Energy: -1033300.6875
Time taken:  0.26749491691589355
Test Loss: 0.0000, Test Accuracy: 0.9967, Energy: -1042417.25
Time taken:  0.2512941360473633
Test Loss: 0.0000, Test Accuracy: 0.9967, Energy: -1051520.0
Time taken:  0.25838255882263184
Test Loss: 0.0000, Test Accuracy: 0.9967, Energy: -1059394.625
Time taken:  0.2553274631500244
Test Loss: 0.0000, Test Accuracy: 0.9967, Energy: -1066961.625
Time taken:  0.2542386054992676
Test Loss: 0.0000, Test Accuracy: 0.9967, Energy: -1072716.0
Time taken:  0.2567451000213623
Test Loss: 0.0000, Test Accuracy: 0.9967, Energy: -1079457.625
Time taken:  0.254497766494751
Test Loss: 0.0000, Test Accuracy: 0.9967, Energy: -1084256.375
Time taken:  0.2581939697265625
Test Loss: 0.0000, Test Accuracy: 0.9967, Energy: -1089319.25
Time taken:  0.25322556495666504
Test Loss: 0.0000, Test Accuracy: 0.9967, Energy: -1094093.0
Time taken:  0.2539665699005127
Test Loss: 0.0000, Test Accuracy: 0.9967, Energy: -1097474.5
Time taken:  0.25763678550720215
Test Loss: 0.0000, Test Accuracy: 0.9967, Energy: -1101776.125
Time taken:  0.2533605098724365
Test Loss: 0.0000, Test Accuracy: 0.9967, Energy: -1104874.0
Time taken:  0.2578580379486084
Test Loss: 0.0000, Test Accuracy: 0.9967, Energy: -1108476.125
Time taken:  0.25371336936950684
Test Loss: 0.0000, Test Accuracy: 0.9967, Energy: -1111130.125
Time taken:  0.25262880325317383
Test Loss: 0.0000, Test Accuracy: 0.9967, Energy: -1113572.375
Time taken:  0.2591977119445801
Test Loss: 0.0000, Test Accuracy: 0.9967, Energy: -1115750.75
Time taken:  0.25406384468078613
Test Loss: 0.0000, Test Accuracy: 0.9967, Energy: -1118314.375
Time taken:  0.2563004493713379
Test Loss: 0.0000, Test Accuracy: 0.9967, Energy: -1120227.75
Time taken:  0.25562143325805664
Test Loss: 0.0000, Test Accuracy: 0.9967, Energy: -1121680.5
Time taken:  0.2539639472961426
Test Loss: 0.0000, Test Accuracy: 0.9967, Energy: -1123215.875
Time taken:  0.2574582099914551
Test Loss: 0.0000, Test Accuracy: 0.9967, Energy: -1124486.75
Time taken:  0.2552173137664795
Test Loss: 0.0000, Test Accuracy: 0.9967, Energy: -1125943.375
Time taken:  0.25867724418640137
Test Loss: 0.0000, Test Accuracy: 0.9967, Energy: -1127055.25
Time taken:  0.2534458637237549
Test Loss: 0.0000, Test Accuracy: 0.9967, Energy: -1128172.0
Time taken:  0.2543947696685791
Test Loss: 0.0000, Test Accuracy: 0.9967, Energy: -1128935.25
Time taken:  0.2573363780975342
Test Loss: 0.0000, Test Accuracy: 0.9967, Energy: -1129960.0
Time taken:  0.2530202865600586
Test Loss: 0.0000, Test Accuracy: 0.9967, Energy: -1130858.25
Time taken:  0.2591593265533447
Test Loss: 0.0000, Test Accuracy: 0.9967, Energy: -1131232.375
Time taken:  0.25380659103393555
Test Loss: 0.0000, Test Accuracy: 0.9967, Energy: -1132146.25
Time taken:  0.2542126178741455
Test Loss: 0.0000, Test Accuracy: 0.9967, Energy: -1132749.5
Time taken:  0.25974106788635254
Test Loss: 0.0000, Test Accuracy: 0.9967, Energy: -1133198.125
Time taken:  0.25385403633117676
Test Loss: 0.0000, Test Accuracy: 0.9967, Energy: -1133582.375
Time taken:  0.2571389675140381
Test Loss: 0.0000, Test Accuracy: 0.9967, Energy: -1134136.25
Time taken:  0.25394201278686523
Test Loss: 0.0000, Test Accuracy: 0.9967, Energy: -1134408.5
Time taken:  0.25269579887390137
Test Loss: 0.0000, Test Accuracy: 0.9967, Energy: -1134751.375
Time taken:  0.25949621200561523
Test Loss: 0.0000, Test Accuracy: 0.9967, Energy: -1135342.25
Time taken:  0.25475382804870605
Test Loss: 0.0000, Test Accuracy: 0.9967, Energy: -1135612.625
Time taken:  0.25754833221435547
Test Loss: 0.0000, Test Accuracy: 0.9967, Energy: -1136083.0
Time taken:  0.25440073013305664
Test Loss: 0.0000, Test Accuracy: 0.9967, Energy: -1136096.5
Time taken:  0.25339412689208984
Test Loss: 0.0000, Test Accuracy: 0.9967, Energy: -1136235.0
Time taken:  0.2583951950073242
Test Loss: 0.0000, Test Accuracy: 0.9967, Energy: -1136458.5
Time taken:  0.2524139881134033
Test Loss: 0.0000, Test Accuracy: 0.9967, Energy: -1136754.875
Time taken:  0.25655698776245117
Test Loss: 0.0000, Test Accuracy: 0.9967, Energy: -1136857.0
Time taken:  0.2554357051849365
Test Loss: 0.0000, Test Accuracy: 0.9967, Energy: -1136954.5
Time taken:  0.251462459564209
Test Loss: 0.0000, Test Accuracy: 0.9967, Energy: -1137253.5
Time taken:  0.2573859691619873
Test Loss: 0.0000, Test Accuracy: 0.9967, Energy: -1137279.375
Time taken:  0.2515583038330078
Test Loss: 0.0000, Test Accuracy: 0.9967, Energy: -1137429.75
Time taken:  0.2577860355377197
Test Loss: 0.0000, Test Accuracy: 0.9967, Energy: -1137408.375
Time taken:  0.2511866092681885
Test Loss: 0.0000, Test Accuracy: 0.9967, Energy: -1137518.0
Time taken:  0.25336670875549316
Test Loss: 0.0000, Test Accuracy: 0.9967, Energy: -1137757.75
Time taken:  0.25803613662719727
Test Loss: 0.0000, Test Accuracy: 0.9967, Energy: -1137882.375
Time taken:  0.2534942626953125
Test Loss: 0.0000, Test Accuracy: 0.9967, Energy: -1137728.0
Time taken:  0.25733327865600586
Test Loss: 0.0000, Test Accuracy: 0.9967, Energy: -1137929.75
Time taken:  0.24886679649353027
Test Loss: 0.0000, Test Accuracy: 0.9967, Energy: -1138022.125
Time taken:  0.2447199821472168
Test Loss: 0.0000, Test Accuracy: 0.9967, Energy: -1137868.25
Time taken:  0.25545811653137207
Test Loss: 0.0000, Test Accuracy: 0.9967, Energy: -1137907.75
Time taken:  0.2520020008087158
Test Loss: 0.0000, Test Accuracy: 0.9967, Energy: -1138017.875
Time taken:  0.25734686851501465
Test Loss: 0.0000, Test Accuracy: 0.9967, Energy: -1138105.75
Time taken:  0.25481295585632324
Test Loss: 0.0000, Test Accuracy: 0.9967, Energy: -1138216.75
Time taken:  0.25414323806762695
Test Loss: 0.0000, Test Accuracy: 0.9967, Energy: -1138076.75
Time taken:  0.25855064392089844
Test Loss: 0.0000, Test Accuracy: 0.9967, Energy: -1138223.0
Time taken:  0.25411033630371094
Test Loss: 0.0000, Test Accuracy: 0.9967, Energy: -1138122.0
Time taken:  0.25665807723999023
Test Loss: 0.0000, Test Accuracy: 0.9967, Energy: -1138229.0
Time taken:  0.25457763671875
Test Loss: 0.0000, Test Accuracy: 0.9967, Energy: -1138187.625
Time taken:  0.25696873664855957
Test Loss: 0.0000, Test Accuracy: 0.9967, Energy: -1138290.25
Time taken:  0.25122976303100586
Test Loss: 0.0000, Test Accuracy: 0.9967, Energy: -1138228.0
Time taken:  0.25330185890197754
Test Loss: 0.0000, Test Accuracy: 0.9967, Energy: -1138294.25
Time taken:  0.25816988945007324
Test Loss: 0.0000, Test Accuracy: 0.9967, Energy: -1138256.75
Time taken:  0.2530066967010498
Test Loss: 0.0000, Test Accuracy: 0.9967, Energy: -1138316.5
Time taken:  0.25623393058776855
Test Loss: 0.0000, Test Accuracy: 0.9967, Energy: -1138397.375
Time taken:  0.2513425350189209
Test Loss: 0.0000, Test Accuracy: 0.9967, Energy: -1138231.625
Time taken:  0.2521536350250244
Test Loss: 0.0000, Test Accuracy: 0.9967, Energy: -1138242.25
Time taken:  0.2554619312286377
Final accuracies: [0.63, 1.0, 1.0, 1.0, 1.0, 1.0, 1.0, 1.0, 1.0, 0.9966666666666667, 0.9966666666666667, 0.9966666666666667, 0.9966666666666667, 0.9966666666666667, 0.9966666666666667, 0.9966666666666667, 0.9966666666666667, 0.9966666666666667, 0.9966666666666667, 0.9966666666666667, 0.9966666666666667, 0.9966666666666667, 0.9966666666666667, 0.9966666666666667, 0.9966666666666667, 0.9966666666666667, 0.9966666666666667, 0.9966666666666667, 0.9966666666666667, 0.9966666666666667, 0.9966666666666667, 0.9966666666666667, 0.9966666666666667, 0.9966666666666667, 0.9966666666666667, 0.9966666666666667, 0.9966666666666667, 0.9966666666666667, 0.9966666666666667, 0.9966666666666667, 0.9966666666666667, 0.9966666666666667, 0.9966666666666667, 0.9966666666666667, 0.9966666666666667, 0.9966666666666667, 0.9966666666666667, 0.9966666666666667, 0.9966666666666667, 0.9966666666666667, 0.9966666666666667, 0.9966666666666667, 0.9966666666666667, 0.9966666666666667, 0.9966666666666667, 0.9966666666666667, 0.9966666666666667, 0.9966666666666667, 0.9966666666666667, 0.9966666666666667, 0.9966666666666667, 0.9966666666666667, 0.9966666666666667, 0.9966666666666667, 0.9966666666666667, 0.9966666666666667, 0.9966666666666667, 0.9966666666666667, 0.9966666666666667, 0.9966666666666667, 0.9966666666666667, 0.9966666666666667, 0.9966666666666667, 0.9966666666666667, 0.9966666666666667, 0.9966666666666667, 0.9966666666666667, 0.9966666666666667, 0.9966666666666667, 0.9966666666666667, 0.9966666666666667, 0.9966666666666667, 0.9966666666666667, 0.9966666666666667, 0.9966666666666667, 0.9966666666666667, 0.9966666666666667, 0.9966666666666667, 0.9966666666666667, 0.9966666666666667, 0.9966666666666667, 0.9966666666666667, 0.9966666666666667, 0.9966666666666667, 0.9966666666666667, 0.9966666666666667, 0.9966666666666667, 0.9966666666666667, 0.9966666666666667, 0.9966666666666667]
Final energies: [-151.67349243164062, -3445.58935546875, -23769.720703125, -81513.046875, -168139.0625, -257818.21875, -342022.65625, -418034.21875, -488018.0, -548891.4375, -603878.625, -654268.25, -699593.125, -740446.4375, -777359.8125, -809977.25, -839988.625, -865616.0, -890384.5, -912168.5, -932171.1875, -950593.0, -967672.0, -984148.375, -997432.6875, -1010475.25, -1022088.625, -1033300.6875, -1042417.25, -1051520.0, -1059394.625, -1066961.625, -1072716.0, -1079457.625, -1084256.375, -1089319.25, -1094093.0, -1097474.5, -1101776.125, -1104874.0, -1108476.125, -1111130.125, -1113572.375, -1115750.75, -1118314.375, -1120227.75, -1121680.5, -1123215.875, -1124486.75, -1125943.375, -1127055.25, -1128172.0, -1128935.25, -1129960.0, -1130858.25, -1131232.375, -1132146.25, -1132749.5, -1133198.125, -1133582.375, -1134136.25, -1134408.5, -1134751.375, -1135342.25, -1135612.625, -1136083.0, -1136096.5, -1136235.0, -1136458.5, -1136754.875, -1136857.0, -1136954.5, -1137253.5, -1137279.375, -1137429.75, -1137408.375, -1137518.0, -1137757.75, -1137882.375, -1137728.0, -1137929.75, -1138022.125, -1137868.25, -1137907.75, -1138017.875, -1138105.75, -1138216.75, -1138076.75, -1138223.0, -1138122.0, -1138229.0, -1138187.625, -1138290.25, -1138228.0, -1138294.25, -1138256.75, -1138316.5, -1138397.375, -1138231.625, -1138242.25]
