Running with parameters: hidden=30, use_coupled=true, seed=78, lam=0.5, eta=0.5, batch=100
Test Loss: 0.0000, Test Accuracy: 0.9867, Energy: -429.3610534667969
Time taken:  0.26976919174194336
Test Loss: 0.0000, Test Accuracy: 0.9933, Energy: -4293.07763671875
Time taken:  0.2881338596343994
Test Loss: 0.0000, Test Accuracy: 0.9933, Energy: -25564.859375
Time taken:  0.2527034282684326
Test Loss: 0.0000, Test Accuracy: 0.9967, Energy: -80525.453125
Time taken:  0.2503836154937744
Test Loss: 0.0000, Test Accuracy: 0.9967, Energy: -166414.25
Time taken:  0.2541196346282959
Test Loss: 0.0000, Test Accuracy: 0.9967, Energy: -249000.09375
Time taken:  0.247039794921875
Test Loss: 0.0000, Test Accuracy: 0.9967, Energy: -321098.71875
Time taken:  0.25505709648132324
Test Loss: 0.0000, Test Accuracy: 0.9967, Energy: -385303.125
Time taken:  0.2679617404937744
Test Loss: 0.0000, Test Accuracy: 0.9967, Energy: -439443.3125
Time taken:  0.24900364875793457
Test Loss: 0.0000, Test Accuracy: 0.9967, Energy: -489352.3125
Time taken:  0.25232553482055664
Test Loss: 0.0000, Test Accuracy: 0.9967, Energy: -534157.6875
Time taken:  0.24919843673706055
Test Loss: 0.0000, Test Accuracy: 0.9967, Energy: -573975.5
Time taken:  0.2516803741455078
Test Loss: 0.0000, Test Accuracy: 0.9967, Energy: -609609.4375
Time taken:  0.24880051612854004
Test Loss: 0.0000, Test Accuracy: 0.9967, Energy: -641997.375
Time taken:  0.24644207954406738
Test Loss: 0.0000, Test Accuracy: 0.9967, Energy: -670645.6875
Time taken:  0.2628910541534424
Test Loss: 0.0000, Test Accuracy: 0.9967, Energy: -697886.375
Time taken:  0.2462456226348877
Test Loss: 0.0000, Test Accuracy: 0.9967, Energy: -721739.9375
Time taken:  0.24887681007385254
Test Loss: 0.0000, Test Accuracy: 0.9967, Energy: -743831.0
Time taken:  0.24452567100524902
Test Loss: 0.0000, Test Accuracy: 0.9967, Energy: -764442.0625
Time taken:  0.24794864654541016
Test Loss: 0.0000, Test Accuracy: 0.9933, Energy: -783831.625
Time taken:  0.26192355155944824
Test Loss: 0.0000, Test Accuracy: 0.9933, Energy: -800435.3125
Time taken:  0.24863648414611816
Test Loss: 0.0000, Test Accuracy: 0.9933, Energy: -815345.5
Time taken:  0.26972460746765137
Test Loss: 0.0000, Test Accuracy: 0.9933, Energy: -828487.875
Time taken:  0.24804043769836426
Test Loss: 0.0000, Test Accuracy: 0.9933, Energy: -841504.25
Time taken:  0.2607285976409912
Test Loss: 0.0000, Test Accuracy: 0.9933, Energy: -852923.4375
Time taken:  0.2536625862121582
Test Loss: 0.0000, Test Accuracy: 0.9933, Energy: -863195.0
Time taken:  0.2665133476257324
Test Loss: 0.0000, Test Accuracy: 0.9933, Energy: -872788.625
Time taken:  0.25354933738708496
Test Loss: 0.0000, Test Accuracy: 0.9933, Energy: -881279.9375
Time taken:  0.24814391136169434
Test Loss: 0.0000, Test Accuracy: 0.9933, Energy: -889287.125
Time taken:  0.24664878845214844
Test Loss: 0.0000, Test Accuracy: 0.9933, Energy: -896445.0625
Time taken:  0.2523467540740967
Test Loss: 0.0000, Test Accuracy: 0.9933, Energy: -903031.875
Time taken:  0.2464144229888916
Test Loss: 0.0000, Test Accuracy: 0.9933, Energy: -908840.375
Time taken:  0.2502140998840332
Test Loss: 0.0000, Test Accuracy: 0.9933, Energy: -914407.0625
Time taken:  0.24631094932556152
Test Loss: 0.0000, Test Accuracy: 0.9933, Energy: -919193.25
Time taken:  0.24661040306091309
Test Loss: 0.0000, Test Accuracy: 0.9933, Energy: -923679.625
Time taken:  0.2515387535095215
Test Loss: 0.0000, Test Accuracy: 0.9933, Energy: -927553.5
Time taken:  0.24730992317199707
Test Loss: 0.0000, Test Accuracy: 0.9933, Energy: -931674.25
Time taken:  0.2457275390625
Test Loss: 0.0000, Test Accuracy: 0.9933, Energy: -934983.375
Time taken:  0.25077390670776367
Test Loss: 0.0000, Test Accuracy: 0.9933, Energy: -937826.375
Time taken:  0.24665546417236328
Test Loss: 0.0000, Test Accuracy: 0.9933, Energy: -940770.75
Time taken:  0.2511630058288574
Test Loss: 0.0000, Test Accuracy: 0.9933, Energy: -943630.125
Time taken:  0.24861812591552734
Test Loss: 0.0000, Test Accuracy: 0.9933, Energy: -946105.1875
Time taken:  0.2488868236541748
Test Loss: 0.0000, Test Accuracy: 0.9933, Energy: -948161.0
Time taken:  0.2518889904022217
Test Loss: 0.0000, Test Accuracy: 0.9933, Energy: -949773.625
Time taken:  0.24771475791931152
Test Loss: 0.0000, Test Accuracy: 0.9933, Energy: -951596.625
Time taken:  0.2522251605987549
Test Loss: 0.0000, Test Accuracy: 0.9933, Energy: -953005.5
Time taken:  0.24560546875
Test Loss: 0.0000, Test Accuracy: 0.9933, Energy: -954470.4375
Time taken:  0.24897360801696777
Test Loss: 0.0000, Test Accuracy: 0.9933, Energy: -955730.1875
Time taken:  0.2519187927246094
Test Loss: 0.0000, Test Accuracy: 0.9933, Energy: -956852.0625
Time taken:  0.2471942901611328
Test Loss: 0.0000, Test Accuracy: 0.9933, Energy: -958227.875
Time taken:  0.2507026195526123
Test Loss: 0.0000, Test Accuracy: 0.9933, Energy: -959078.25
Time taken:  0.2539181709289551
Test Loss: 0.0000, Test Accuracy: 0.9933, Energy: -959844.0
Time taken:  0.24738550186157227
Test Loss: 0.0000, Test Accuracy: 0.9933, Energy: -960977.25
Time taken:  0.2520761489868164
Test Loss: 0.0000, Test Accuracy: 0.9933, Energy: -961626.5
Time taken:  0.24541926383972168
Test Loss: 0.0000, Test Accuracy: 0.9933, Energy: -962363.875
Time taken:  0.26775050163269043
Test Loss: 0.0000, Test Accuracy: 0.9933, Energy: -962839.375
Time taken:  0.24773168563842773
Test Loss: 0.0000, Test Accuracy: 0.9933, Energy: -963271.0625
Time taken:  0.2606017589569092
Test Loss: 0.0000, Test Accuracy: 0.9933, Energy: -963965.625
Time taken:  0.25325655937194824
Test Loss: 0.0000, Test Accuracy: 0.9933, Energy: -964239.875
Time taken:  0.2484910488128662
Test Loss: 0.0000, Test Accuracy: 0.9933, Energy: -964782.5
Time taken:  0.25480103492736816
Test Loss: 0.0000, Test Accuracy: 0.9933, Energy: -964981.0
Time taken:  0.25345325469970703
Test Loss: 0.0000, Test Accuracy: 0.9933, Energy: -965441.125
Time taken:  0.2472677230834961
Test Loss: 0.0000, Test Accuracy: 0.9933, Energy: -965560.4375
Time taken:  0.25130271911621094
Test Loss: 0.0000, Test Accuracy: 0.9933, Energy: -965714.875
Time taken:  0.2453153133392334
Test Loss: 0.0000, Test Accuracy: 0.9933, Energy: -965934.6875
Time taken:  0.2522573471069336
Test Loss: 0.0000, Test Accuracy: 0.9933, Energy: -966300.625
Time taken:  0.24620652198791504
Test Loss: 0.0000, Test Accuracy: 0.9933, Energy: -966453.75
Time taken:  0.24838757514953613
Test Loss: 0.0000, Test Accuracy: 0.9933, Energy: -966805.0625
Time taken:  0.25028395652770996
Test Loss: 0.0000, Test Accuracy: 0.9933, Energy: -967130.625
Time taken:  0.24744319915771484
Test Loss: 0.0000, Test Accuracy: 0.9933, Energy: -967047.5
Time taken:  0.2508101463317871
Test Loss: 0.0000, Test Accuracy: 0.9933, Energy: -967134.8125
Time taken:  0.2465212345123291
Test Loss: 0.0000, Test Accuracy: 0.9933, Energy: -967332.0
Time taken:  0.24798917770385742
Test Loss: 0.0000, Test Accuracy: 0.9933, Energy: -967382.6875
Time taken:  0.25138092041015625
Test Loss: 0.0000, Test Accuracy: 0.9933, Energy: -967608.625
Time taken:  0.24593734741210938
Test Loss: 0.0000, Test Accuracy: 0.9933, Energy: -967600.75
Time taken:  0.2455887794494629
Test Loss: 0.0000, Test Accuracy: 0.9933, Energy: -967709.875
Time taken:  0.25122809410095215
Test Loss: 0.0000, Test Accuracy: 0.9933, Energy: -967890.8125
Time taken:  0.24786686897277832
Test Loss: 0.0000, Test Accuracy: 0.9933, Energy: -967794.125
Time taken:  0.25127363204956055
Test Loss: 0.0000, Test Accuracy: 0.9933, Energy: -967954.375
Time taken:  0.247511625289917
Test Loss: 0.0000, Test Accuracy: 0.9933, Energy: -968099.5625
Time taken:  0.24756217002868652
Test Loss: 0.0000, Test Accuracy: 0.9933, Energy: -968019.0
Time taken:  0.2527139186859131
Test Loss: 0.0000, Test Accuracy: 0.9933, Energy: -968022.6875
Time taken:  0.24707508087158203
Test Loss: 0.0000, Test Accuracy: 0.9933, Energy: -968326.625
Time taken:  0.25272488594055176
Test Loss: 0.0000, Test Accuracy: 0.9933, Energy: -968241.25
Time taken:  0.24858617782592773
Test Loss: 0.0000, Test Accuracy: 0.9933, Energy: -968250.625
Time taken:  0.2466411590576172
Test Loss: 0.0000, Test Accuracy: 0.9933, Energy: -968277.0625
Time taken:  0.2524993419647217
Test Loss: 0.0000, Test Accuracy: 0.9933, Energy: -968384.0
Time taken:  0.24657678604125977
Test Loss: 0.0000, Test Accuracy: 0.9933, Energy: -968254.125
Time taken:  0.251392126083374
Test Loss: 0.0000, Test Accuracy: 0.9933, Energy: -968329.625
Time taken:  0.2473914623260498
Test Loss: 0.0000, Test Accuracy: 0.9933, Energy: -968591.125
Time taken:  0.2467951774597168
Test Loss: 0.0000, Test Accuracy: 0.9933, Energy: -968519.125
Time taken:  0.2528350353240967
Test Loss: 0.0000, Test Accuracy: 0.9933, Energy: -968466.125
Time taken:  0.24471187591552734
Test Loss: 0.0000, Test Accuracy: 0.9933, Energy: -968620.5
Time taken:  0.24986791610717773
Test Loss: 0.0000, Test Accuracy: 0.9933, Energy: -968646.125
Time taken:  0.2481250762939453
Test Loss: 0.0000, Test Accuracy: 0.9933, Energy: -968541.625
Time taken:  0.2450413703918457
Test Loss: 0.0000, Test Accuracy: 0.9933, Energy: -968590.8125
Time taken:  0.25028276443481445
Test Loss: 0.0000, Test Accuracy: 0.9933, Energy: -968396.625
Time taken:  0.25609707832336426
Test Loss: 0.0000, Test Accuracy: 0.9933, Energy: -968601.5
Time taken:  0.24798917770385742
Test Loss: 0.0000, Test Accuracy: 0.9933, Energy: -968693.5
Time taken:  0.24193406105041504
Test Loss: 0.0000, Test Accuracy: 0.9933, Energy: -968636.25
Time taken:  0.24231767654418945
Final accuracies: [0.9866666666666667, 0.9933333333333333, 0.9933333333333333, 0.9966666666666667, 0.9966666666666667, 0.9966666666666667, 0.9966666666666667, 0.9966666666666667, 0.9966666666666667, 0.9966666666666667, 0.9966666666666667, 0.9966666666666667, 0.9966666666666667, 0.9966666666666667, 0.9966666666666667, 0.9966666666666667, 0.9966666666666667, 0.9966666666666667, 0.9966666666666667, 0.9933333333333333, 0.9933333333333333, 0.9933333333333333, 0.9933333333333333, 0.9933333333333333, 0.9933333333333333, 0.9933333333333333, 0.9933333333333333, 0.9933333333333333, 0.9933333333333333, 0.9933333333333333, 0.9933333333333333, 0.9933333333333333, 0.9933333333333333, 0.9933333333333333, 0.9933333333333333, 0.9933333333333333, 0.9933333333333333, 0.9933333333333333, 0.9933333333333333, 0.9933333333333333, 0.9933333333333333, 0.9933333333333333, 0.9933333333333333, 0.9933333333333333, 0.9933333333333333, 0.9933333333333333, 0.9933333333333333, 0.9933333333333333, 0.9933333333333333, 0.9933333333333333, 0.9933333333333333, 0.9933333333333333, 0.9933333333333333, 0.9933333333333333, 0.9933333333333333, 0.9933333333333333, 0.9933333333333333, 0.9933333333333333, 0.9933333333333333, 0.9933333333333333, 0.9933333333333333, 0.9933333333333333, 0.9933333333333333, 0.9933333333333333, 0.9933333333333333, 0.9933333333333333, 0.9933333333333333, 0.9933333333333333, 0.9933333333333333, 0.9933333333333333, 0.9933333333333333, 0.9933333333333333, 0.9933333333333333, 0.9933333333333333, 0.9933333333333333, 0.9933333333333333, 0.9933333333333333, 0.9933333333333333, 0.9933333333333333, 0.9933333333333333, 0.9933333333333333, 0.9933333333333333, 0.9933333333333333, 0.9933333333333333, 0.9933333333333333, 0.9933333333333333, 0.9933333333333333, 0.9933333333333333, 0.9933333333333333, 0.9933333333333333, 0.9933333333333333, 0.9933333333333333, 0.9933333333333333, 0.9933333333333333, 0.9933333333333333, 0.9933333333333333, 0.9933333333333333, 0.9933333333333333, 0.9933333333333333, 0.9933333333333333]
Final energies: [-429.3610534667969, -4293.07763671875, -25564.859375, -80525.453125, -166414.25, -249000.09375, -321098.71875, -385303.125, -439443.3125, -489352.3125, -534157.6875, -573975.5, -609609.4375, -641997.375, -670645.6875, -697886.375, -721739.9375, -743831.0, -764442.0625, -783831.625, -800435.3125, -815345.5, -828487.875, -841504.25, -852923.4375, -863195.0, -872788.625, -881279.9375, -889287.125, -896445.0625, -903031.875, -908840.375, -914407.0625, -919193.25, -923679.625, -927553.5, -931674.25, -934983.375, -937826.375, -940770.75, -943630.125, -946105.1875, -948161.0, -949773.625, -951596.625, -953005.5, -954470.4375, -955730.1875, -956852.0625, -958227.875, -959078.25, -959844.0, -960977.25, -961626.5, -962363.875, -962839.375, -963271.0625, -963965.625, -964239.875, -964782.5, -964981.0, -965441.125, -965560.4375, -965714.875, -965934.6875, -966300.625, -966453.75, -966805.0625, -967130.625, -967047.5, -967134.8125, -967332.0, -967382.6875, -967608.625, -967600.75, -967709.875, -967890.8125, -967794.125, -967954.375, -968099.5625, -968019.0, -968022.6875, -968326.625, -968241.25, -968250.625, -968277.0625, -968384.0, -968254.125, -968329.625, -968591.125, -968519.125, -968466.125, -968620.5, -968646.125, -968541.625, -968590.8125, -968396.625, -968601.5, -968693.5, -968636.25]
