Running with parameters: hidden=30, use_coupled=true, seed=35, lam=0.5, eta=0.5, batch=100
Test Loss: 0.0000, Test Accuracy: 0.7933, Energy: 54.740787506103516
Time taken:  0.285625696182251
Test Loss: 0.0000, Test Accuracy: 0.9900, Energy: -1306.9888916015625
Time taken:  0.30379390716552734
Test Loss: 0.0000, Test Accuracy: 1.0000, Energy: -10901.5185546875
Time taken:  0.27100586891174316
Test Loss: 0.0000, Test Accuracy: 1.0000, Energy: -44223.609375
Time taken:  0.26941943168640137
Test Loss: 0.0000, Test Accuracy: 1.0000, Energy: -105002.578125
Time taken:  0.26638221740722656
Test Loss: 0.0000, Test Accuracy: 0.9967, Energy: -176619.46875
Time taken:  0.28696727752685547
Test Loss: 0.0000, Test Accuracy: 0.9967, Energy: -247770.25
Time taken:  0.26891517639160156
Test Loss: 0.0000, Test Accuracy: 0.9967, Energy: -314270.625
Time taken:  0.29059290885925293
Test Loss: 0.0000, Test Accuracy: 0.9967, Energy: -372358.0625
Time taken:  0.2598557472229004
Test Loss: 0.0000, Test Accuracy: 0.9967, Energy: -422880.125
Time taken:  0.2600400447845459
Test Loss: 0.0000, Test Accuracy: 0.9967, Energy: -467475.375
Time taken:  0.27034831047058105
Test Loss: 0.0000, Test Accuracy: 0.9967, Energy: -507852.875
Time taken:  0.2932865619659424
Test Loss: 0.0000, Test Accuracy: 0.9967, Energy: -544270.375
Time taken:  0.26888012886047363
Test Loss: 0.0000, Test Accuracy: 0.9967, Energy: -578377.8125
Time taken:  0.26238298416137695
Test Loss: 0.0000, Test Accuracy: 0.9967, Energy: -609201.0625
Time taken:  0.26682090759277344
Test Loss: 0.0000, Test Accuracy: 0.9967, Energy: -636790.75
Time taken:  0.2616119384765625
Test Loss: 0.0000, Test Accuracy: 0.9967, Energy: -662487.875
Time taken:  0.2600374221801758
Test Loss: 0.0000, Test Accuracy: 0.9967, Energy: -685843.9375
Time taken:  0.2678360939025879
Test Loss: 0.0000, Test Accuracy: 0.9967, Energy: -707222.25
Time taken:  0.26378536224365234
Test Loss: 0.0000, Test Accuracy: 0.9967, Energy: -726456.5625
Time taken:  0.265963077545166
Test Loss: 0.0000, Test Accuracy: 0.9967, Energy: -744062.4375
Time taken:  0.261852502822876
Test Loss: 0.0000, Test Accuracy: 0.9967, Energy: -760289.9375
Time taken:  0.2591729164123535
Test Loss: 0.0000, Test Accuracy: 0.9967, Energy: -774874.875
Time taken:  0.26429057121276855
Test Loss: 0.0000, Test Accuracy: 0.9967, Energy: -788281.875
Time taken:  0.2644517421722412
Test Loss: 0.0000, Test Accuracy: 0.9967, Energy: -801533.9375
Time taken:  0.26607394218444824
Test Loss: 0.0000, Test Accuracy: 0.9967, Energy: -811886.25
Time taken:  0.26186323165893555
Test Loss: 0.0000, Test Accuracy: 0.9967, Energy: -823192.875
Time taken:  0.26650285720825195
Test Loss: 0.0000, Test Accuracy: 0.9967, Energy: -832343.625
Time taken:  0.2639303207397461
Test Loss: 0.0000, Test Accuracy: 0.9967, Energy: -841172.375
Time taken:  0.26095080375671387
Test Loss: 0.0000, Test Accuracy: 0.9967, Energy: -849005.5
Time taken:  0.26516103744506836
Test Loss: 0.0000, Test Accuracy: 0.9967, Energy: -856608.5625
Time taken:  0.2627437114715576
Test Loss: 0.0000, Test Accuracy: 0.9967, Energy: -863660.6875
Time taken:  0.26387858390808105
Test Loss: 0.0000, Test Accuracy: 0.9967, Energy: -869270.5625
Time taken:  0.26197123527526855
Test Loss: 0.0000, Test Accuracy: 0.9967, Energy: -874667.75
Time taken:  0.2610456943511963
Test Loss: 0.0000, Test Accuracy: 0.9967, Energy: -879932.75
Time taken:  0.26711559295654297
Test Loss: 0.0000, Test Accuracy: 0.9967, Energy: -884226.25
Time taken:  0.26187849044799805
Test Loss: 0.0000, Test Accuracy: 0.9967, Energy: -888102.125
Time taken:  0.2672579288482666
Test Loss: 0.0000, Test Accuracy: 0.9967, Energy: -891677.9375
Time taken:  0.26227307319641113
Test Loss: 0.0000, Test Accuracy: 0.9967, Energy: -895150.25
Time taken:  0.2662785053253174
Test Loss: 0.0000, Test Accuracy: 0.9967, Energy: -898313.0
Time taken:  0.2615633010864258
Test Loss: 0.0000, Test Accuracy: 0.9967, Energy: -901029.0
Time taken:  0.26334547996520996
Test Loss: 0.0000, Test Accuracy: 0.9967, Energy: -903672.125
Time taken:  0.2660059928894043
Test Loss: 0.0000, Test Accuracy: 0.9967, Energy: -906302.0
Time taken:  0.2615182399749756
Test Loss: 0.0000, Test Accuracy: 0.9967, Energy: -908480.375
Time taken:  0.2640354633331299
Test Loss: 0.0000, Test Accuracy: 0.9967, Energy: -910486.0
Time taken:  0.26366424560546875
Test Loss: 0.0000, Test Accuracy: 0.9967, Energy: -912287.4375
Time taken:  0.2626309394836426
Test Loss: 0.0000, Test Accuracy: 0.9967, Energy: -913829.375
Time taken:  0.2642090320587158
Test Loss: 0.0000, Test Accuracy: 0.9967, Energy: -915482.0625
Time taken:  0.26117467880249023
Test Loss: 0.0000, Test Accuracy: 0.9967, Energy: -916637.625
Time taken:  0.2639293670654297
Test Loss: 0.0000, Test Accuracy: 0.9967, Energy: -917734.125
Time taken:  0.26009058952331543
Test Loss: 0.0000, Test Accuracy: 0.9967, Energy: -918944.1875
Time taken:  0.2642974853515625
Test Loss: 0.0000, Test Accuracy: 0.9967, Energy: -919943.75
Time taken:  0.26360130310058594
Test Loss: 0.0000, Test Accuracy: 0.9967, Energy: -920937.6875
Time taken:  0.25903773307800293
Test Loss: 0.0000, Test Accuracy: 0.9967, Energy: -921665.125
Time taken:  0.2653310298919678
Test Loss: 0.0000, Test Accuracy: 0.9967, Energy: -922327.875
Time taken:  0.2602524757385254
Test Loss: 0.0000, Test Accuracy: 0.9967, Energy: -922832.125
Time taken:  0.26598572731018066
Test Loss: 0.0000, Test Accuracy: 0.9967, Energy: -923379.625
Time taken:  0.2588326930999756
Test Loss: 0.0000, Test Accuracy: 0.9967, Energy: -923980.5
Time taken:  0.264240026473999
Test Loss: 0.0000, Test Accuracy: 0.9967, Energy: -924054.125
Time taken:  0.2657146453857422
Test Loss: 0.0000, Test Accuracy: 0.9967, Energy: -924652.3125
Time taken:  0.2626495361328125
Test Loss: 0.0000, Test Accuracy: 0.9967, Energy: -925088.8125
Time taken:  0.2624948024749756
Test Loss: 0.0000, Test Accuracy: 0.9967, Energy: -925380.875
Time taken:  0.26319241523742676
Test Loss: 0.0000, Test Accuracy: 0.9967, Energy: -925941.1875
Time taken:  0.26805973052978516
Test Loss: 0.0000, Test Accuracy: 0.9967, Energy: -926286.625
Time taken:  0.2618906497955322
Test Loss: 0.0000, Test Accuracy: 0.9967, Energy: -926513.25
Time taken:  0.25927042961120605
Test Loss: 0.0000, Test Accuracy: 0.9967, Energy: -926822.875
Time taken:  0.26489686965942383
Test Loss: 0.0000, Test Accuracy: 0.9967, Energy: -927028.75
Time taken:  0.26308393478393555
Test Loss: 0.0000, Test Accuracy: 0.9967, Energy: -927339.0
Time taken:  0.26532673835754395
Test Loss: 0.0000, Test Accuracy: 0.9967, Energy: -927404.25
Time taken:  0.25890040397644043
Test Loss: 0.0000, Test Accuracy: 0.9967, Energy: -927890.9375
Time taken:  0.2596426010131836
Test Loss: 0.0000, Test Accuracy: 0.9967, Energy: -927959.5
Time taken:  0.2633230686187744
Test Loss: 0.0000, Test Accuracy: 0.9967, Energy: -927950.0
Time taken:  0.26137399673461914
Test Loss: 0.0000, Test Accuracy: 0.9967, Energy: -928220.8125
Time taken:  0.2643251419067383
Test Loss: 0.0000, Test Accuracy: 0.9967, Energy: -928210.5
Time taken:  0.25780510902404785
Test Loss: 0.0000, Test Accuracy: 0.9967, Energy: -928415.6875
Time taken:  0.25553369522094727
Test Loss: 0.0000, Test Accuracy: 0.9967, Energy: -928612.3125
Time taken:  0.265164852142334
Test Loss: 0.0000, Test Accuracy: 0.9967, Energy: -928668.0625
Time taken:  0.2618391513824463
Test Loss: 0.0000, Test Accuracy: 0.9967, Energy: -928592.5625
Time taken:  0.2656667232513428
Test Loss: 0.0000, Test Accuracy: 0.9967, Energy: -928757.875
Time taken:  0.2655963897705078
Test Loss: 0.0000, Test Accuracy: 0.9967, Energy: -928777.125
Time taken:  0.2652754783630371
Test Loss: 0.0000, Test Accuracy: 0.9967, Energy: -928985.75
Time taken:  0.26199984550476074
Test Loss: 0.0000, Test Accuracy: 0.9967, Energy: -929019.6875
Time taken:  0.26064252853393555
Test Loss: 0.0000, Test Accuracy: 0.9967, Energy: -928916.375
Time taken:  0.26650547981262207
Test Loss: 0.0000, Test Accuracy: 0.9967, Energy: -929121.5625
Time taken:  0.26343226432800293
Test Loss: 0.0000, Test Accuracy: 0.9967, Energy: -929076.375
Time taken:  0.26719188690185547
Test Loss: 0.0000, Test Accuracy: 0.9967, Energy: -928981.75
Time taken:  0.2608034610748291
Test Loss: 0.0000, Test Accuracy: 0.9967, Energy: -929156.4375
Time taken:  0.2614157199859619
Test Loss: 0.0000, Test Accuracy: 0.9967, Energy: -929164.4375
Time taken:  0.266263484954834
Test Loss: 0.0000, Test Accuracy: 0.9967, Energy: -929394.3125
Time taken:  0.25995373725891113
Test Loss: 0.0000, Test Accuracy: 0.9967, Energy: -929213.125
Time taken:  0.2642979621887207
Test Loss: 0.0000, Test Accuracy: 0.9967, Energy: -929499.125
Time taken:  0.25958895683288574
Test Loss: 0.0000, Test Accuracy: 0.9967, Energy: -929193.75
Time taken:  0.2624673843383789
Test Loss: 0.0000, Test Accuracy: 0.9967, Energy: -929305.0
Time taken:  0.2529013156890869
Test Loss: 0.0000, Test Accuracy: 0.9967, Energy: -929224.25
Time taken:  0.2501652240753174
Test Loss: 0.0000, Test Accuracy: 0.9967, Energy: -929462.125
Time taken:  0.2532768249511719
Test Loss: 0.0000, Test Accuracy: 0.9967, Energy: -929398.375
Time taken:  0.24334979057312012
Test Loss: 0.0000, Test Accuracy: 0.9967, Energy: -929655.5625
Time taken:  0.2438983917236328
Test Loss: 0.0000, Test Accuracy: 0.9967, Energy: -929297.8125
Time taken:  0.2468430995941162
Test Loss: 0.0000, Test Accuracy: 0.9967, Energy: -929424.875
Time taken:  0.24185895919799805
Test Loss: 0.0000, Test Accuracy: 0.9967, Energy: -929416.9375
Time taken:  0.24244189262390137
Final accuracies: [0.7933333333333333, 0.99, 1.0, 1.0, 1.0, 0.9966666666666667, 0.9966666666666667, 0.9966666666666667, 0.9966666666666667, 0.9966666666666667, 0.9966666666666667, 0.9966666666666667, 0.9966666666666667, 0.9966666666666667, 0.9966666666666667, 0.9966666666666667, 0.9966666666666667, 0.9966666666666667, 0.9966666666666667, 0.9966666666666667, 0.9966666666666667, 0.9966666666666667, 0.9966666666666667, 0.9966666666666667, 0.9966666666666667, 0.9966666666666667, 0.9966666666666667, 0.9966666666666667, 0.9966666666666667, 0.9966666666666667, 0.9966666666666667, 0.9966666666666667, 0.9966666666666667, 0.9966666666666667, 0.9966666666666667, 0.9966666666666667, 0.9966666666666667, 0.9966666666666667, 0.9966666666666667, 0.9966666666666667, 0.9966666666666667, 0.9966666666666667, 0.9966666666666667, 0.9966666666666667, 0.9966666666666667, 0.9966666666666667, 0.9966666666666667, 0.9966666666666667, 0.9966666666666667, 0.9966666666666667, 0.9966666666666667, 0.9966666666666667, 0.9966666666666667, 0.9966666666666667, 0.9966666666666667, 0.9966666666666667, 0.9966666666666667, 0.9966666666666667, 0.9966666666666667, 0.9966666666666667, 0.9966666666666667, 0.9966666666666667, 0.9966666666666667, 0.9966666666666667, 0.9966666666666667, 0.9966666666666667, 0.9966666666666667, 0.9966666666666667, 0.9966666666666667, 0.9966666666666667, 0.9966666666666667, 0.9966666666666667, 0.9966666666666667, 0.9966666666666667, 0.9966666666666667, 0.9966666666666667, 0.9966666666666667, 0.9966666666666667, 0.9966666666666667, 0.9966666666666667, 0.9966666666666667, 0.9966666666666667, 0.9966666666666667, 0.9966666666666667, 0.9966666666666667, 0.9966666666666667, 0.9966666666666667, 0.9966666666666667, 0.9966666666666667, 0.9966666666666667, 0.9966666666666667, 0.9966666666666667, 0.9966666666666667, 0.9966666666666667, 0.9966666666666667, 0.9966666666666667, 0.9966666666666667, 0.9966666666666667, 0.9966666666666667, 0.9966666666666667]
Final energies: [54.740787506103516, -1306.9888916015625, -10901.5185546875, -44223.609375, -105002.578125, -176619.46875, -247770.25, -314270.625, -372358.0625, -422880.125, -467475.375, -507852.875, -544270.375, -578377.8125, -609201.0625, -636790.75, -662487.875, -685843.9375, -707222.25, -726456.5625, -744062.4375, -760289.9375, -774874.875, -788281.875, -801533.9375, -811886.25, -823192.875, -832343.625, -841172.375, -849005.5, -856608.5625, -863660.6875, -869270.5625, -874667.75, -879932.75, -884226.25, -888102.125, -891677.9375, -895150.25, -898313.0, -901029.0, -903672.125, -906302.0, -908480.375, -910486.0, -912287.4375, -913829.375, -915482.0625, -916637.625, -917734.125, -918944.1875, -919943.75, -920937.6875, -921665.125, -922327.875, -922832.125, -923379.625, -923980.5, -924054.125, -924652.3125, -925088.8125, -925380.875, -925941.1875, -926286.625, -926513.25, -926822.875, -927028.75, -927339.0, -927404.25, -927890.9375, -927959.5, -927950.0, -928220.8125, -928210.5, -928415.6875, -928612.3125, -928668.0625, -928592.5625, -928757.875, -928777.125, -928985.75, -929019.6875, -928916.375, -929121.5625, -929076.375, -928981.75, -929156.4375, -929164.4375, -929394.3125, -929213.125, -929499.125, -929193.75, -929305.0, -929224.25, -929462.125, -929398.375, -929655.5625, -929297.8125, -929424.875, -929416.9375]
