Running with parameters: hidden=30, use_coupled=true, seed=51, lam=0.5, eta=0.5, batch=100
Test Loss: 0.0000, Test Accuracy: 0.8933, Energy: -510.1108703613281
Time taken:  0.26201462745666504
Test Loss: 0.0000, Test Accuracy: 1.0000, Energy: -4441.951171875
Time taken:  0.2869412899017334
Test Loss: 0.0000, Test Accuracy: 0.9967, Energy: -25390.751953125
Time taken:  0.24804282188415527
Test Loss: 0.0000, Test Accuracy: 0.9967, Energy: -76230.953125
Time taken:  0.24788832664489746
Test Loss: 0.0000, Test Accuracy: 0.9967, Energy: -161790.296875
Time taken:  0.272810697555542
Test Loss: 0.0000, Test Accuracy: 0.9967, Energy: -251397.40625
Time taken:  0.24184370040893555
Test Loss: 0.0000, Test Accuracy: 0.9967, Energy: -330499.1875
Time taken:  0.26006221771240234
Test Loss: 0.0000, Test Accuracy: 0.9967, Energy: -399373.3125
Time taken:  0.2404618263244629
Test Loss: 0.0000, Test Accuracy: 0.9967, Energy: -459686.375
Time taken:  0.24024081230163574
Test Loss: 0.0000, Test Accuracy: 0.9967, Energy: -512977.0625
Time taken:  0.2427060604095459
Test Loss: 0.0000, Test Accuracy: 0.9967, Energy: -561767.125
Time taken:  0.23644018173217773
Test Loss: 0.0000, Test Accuracy: 0.9967, Energy: -603771.625
Time taken:  0.24005365371704102
Test Loss: 0.0000, Test Accuracy: 0.9967, Energy: -641525.8125
Time taken:  0.24391555786132812
Test Loss: 0.0000, Test Accuracy: 0.9967, Energy: -675835.625
Time taken:  0.2560305595397949
Test Loss: 0.0000, Test Accuracy: 0.9967, Energy: -706604.25
Time taken:  0.24440646171569824
Test Loss: 0.0000, Test Accuracy: 0.9967, Energy: -735334.6875
Time taken:  0.25329017639160156
Test Loss: 0.0000, Test Accuracy: 1.0000, Energy: -760395.9375
Time taken:  0.24202561378479004
Test Loss: 0.0000, Test Accuracy: 0.9967, Energy: -784013.6875
Time taken:  0.24245500564575195
Test Loss: 0.0000, Test Accuracy: 0.9967, Energy: -805101.4375
Time taken:  0.2376558780670166
Test Loss: 0.0000, Test Accuracy: 0.9967, Energy: -824865.5625
Time taken:  0.24240660667419434
Test Loss: 0.0000, Test Accuracy: 0.9967, Energy: -842237.125
Time taken:  0.2399303913116455
Test Loss: 0.0000, Test Accuracy: 0.9967, Energy: -857430.25
Time taken:  0.23902058601379395
Test Loss: 0.0000, Test Accuracy: 0.9967, Energy: -871685.875
Time taken:  0.24301862716674805
Test Loss: 0.0000, Test Accuracy: 0.9967, Energy: -884940.375
Time taken:  0.23731565475463867
Test Loss: 0.0000, Test Accuracy: 0.9967, Energy: -896803.625
Time taken:  0.23786449432373047
Test Loss: 0.0000, Test Accuracy: 0.9967, Energy: -906966.375
Time taken:  0.2417745590209961
Test Loss: 0.0000, Test Accuracy: 0.9967, Energy: -916555.625
Time taken:  0.2388772964477539
Test Loss: 0.0000, Test Accuracy: 0.9967, Energy: -925560.0
Time taken:  0.24168944358825684
Test Loss: 0.0000, Test Accuracy: 0.9967, Energy: -933947.75
Time taken:  0.23835992813110352
Test Loss: 0.0000, Test Accuracy: 0.9967, Energy: -941430.1875
Time taken:  0.23920893669128418
Test Loss: 0.0000, Test Accuracy: 0.9967, Energy: -948221.4375
Time taken:  0.2433156967163086
Test Loss: 0.0000, Test Accuracy: 1.0000, Energy: -953750.625
Time taken:  0.24369573593139648
Test Loss: 0.0000, Test Accuracy: 1.0000, Energy: -959285.9375
Time taken:  0.24817967414855957
Test Loss: 0.0000, Test Accuracy: 0.9967, Energy: -964836.0
Time taken:  0.24216699600219727
Test Loss: 0.0000, Test Accuracy: 0.9967, Energy: -969733.25
Time taken:  0.23804783821105957
Test Loss: 0.0000, Test Accuracy: 0.9967, Energy: -974108.9375
Time taken:  0.24134612083435059
Test Loss: 0.0000, Test Accuracy: 0.9967, Energy: -977870.875
Time taken:  0.23645734786987305
Test Loss: 0.0000, Test Accuracy: 0.9967, Energy: -981160.5625
Time taken:  0.23787903785705566
Test Loss: 0.0000, Test Accuracy: 0.9967, Energy: -984339.75
Time taken:  0.24200177192687988
Test Loss: 0.0000, Test Accuracy: 0.9967, Energy: -986981.75
Time taken:  0.23776793479919434
Test Loss: 0.0000, Test Accuracy: 0.9933, Energy: -990475.1875
Time taken:  0.24659991264343262
Test Loss: 0.0000, Test Accuracy: 0.9933, Energy: -992350.0
Time taken:  0.23690438270568848
Test Loss: 0.0000, Test Accuracy: 0.9967, Energy: -994401.25
Time taken:  0.23650693893432617
Test Loss: 0.0000, Test Accuracy: 0.9967, Energy: -996299.0
Time taken:  0.24141263961791992
Test Loss: 0.0000, Test Accuracy: 0.9967, Energy: -998178.75
Time taken:  0.23930048942565918
Test Loss: 0.0000, Test Accuracy: 0.9933, Energy: -999427.375
Time taken:  0.23568129539489746
Test Loss: 0.0000, Test Accuracy: 0.9933, Energy: -1000686.0625
Time taken:  0.24076557159423828
Test Loss: 0.0000, Test Accuracy: 0.9933, Energy: -1002296.25
Time taken:  0.23760008811950684
Test Loss: 0.0000, Test Accuracy: 0.9933, Energy: -1003574.3125
Time taken:  0.2425699234008789
Test Loss: 0.0000, Test Accuracy: 0.9933, Energy: -1004887.1875
Time taken:  0.23506546020507812
Test Loss: 0.0000, Test Accuracy: 0.9967, Energy: -1005985.875
Time taken:  0.2375643253326416
Test Loss: 0.0000, Test Accuracy: 0.9967, Energy: -1006799.375
Time taken:  0.2408769130706787
Test Loss: 0.0000, Test Accuracy: 0.9967, Energy: -1007533.3125
Time taken:  0.2382795810699463
Test Loss: 0.0000, Test Accuracy: 0.9967, Energy: -1008395.0
Time taken:  0.23634576797485352
Test Loss: 0.0000, Test Accuracy: 0.9967, Energy: -1009182.9375
Time taken:  0.24213814735412598
Test Loss: 0.0000, Test Accuracy: 0.9967, Energy: -1010118.875
Time taken:  0.23845767974853516
Test Loss: 0.0000, Test Accuracy: 0.9967, Energy: -1010573.125
Time taken:  0.23997116088867188
Test Loss: 0.0000, Test Accuracy: 0.9967, Energy: -1011128.4375
Time taken:  0.2368488311767578
Test Loss: 0.0000, Test Accuracy: 0.9967, Energy: -1011279.0
Time taken:  0.23870468139648438
Test Loss: 0.0000, Test Accuracy: 0.9967, Energy: -1012020.375
Time taken:  0.24185514450073242
Test Loss: 0.0000, Test Accuracy: 0.9967, Energy: -1012426.625
Time taken:  0.23738646507263184
Test Loss: 0.0000, Test Accuracy: 0.9967, Energy: -1012595.8125
Time taken:  0.23643064498901367
Test Loss: 0.0000, Test Accuracy: 0.9967, Energy: -1012773.25
Time taken:  0.24231362342834473
Test Loss: 0.0000, Test Accuracy: 0.9967, Energy: -1012925.4375
Time taken:  0.23871636390686035
Test Loss: 0.0000, Test Accuracy: 0.9967, Energy: -1013230.6875
Time taken:  0.2438373565673828
Test Loss: 0.0000, Test Accuracy: 0.9967, Energy: -1013569.3125
Time taken:  0.23846435546875
Test Loss: 0.0000, Test Accuracy: 0.9967, Energy: -1013511.3125
Time taken:  0.24016046524047852
Test Loss: 0.0000, Test Accuracy: 0.9967, Energy: -1014137.625
Time taken:  0.24529576301574707
Test Loss: 0.0000, Test Accuracy: 0.9967, Energy: -1014465.5625
Time taken:  0.2387256622314453
Test Loss: 0.0000, Test Accuracy: 0.9967, Energy: -1014126.6875
Time taken:  0.23899316787719727
Test Loss: 0.0000, Test Accuracy: 0.9967, Energy: -1014488.9375
Time taken:  0.2432548999786377
Test Loss: 0.0000, Test Accuracy: 0.9967, Energy: -1014830.0
Time taken:  0.23862624168395996
Test Loss: 0.0000, Test Accuracy: 0.9967, Energy: -1015035.3125
Time taken:  0.24540281295776367
Test Loss: 0.0000, Test Accuracy: 0.9967, Energy: -1015057.75
Time taken:  0.23819208145141602
Test Loss: 0.0000, Test Accuracy: 0.9967, Energy: -1015100.0625
Time taken:  0.2392725944519043
Test Loss: 0.0000, Test Accuracy: 0.9967, Energy: -1015210.5625
Time taken:  0.24455499649047852
Test Loss: 0.0000, Test Accuracy: 0.9967, Energy: -1015022.875
Time taken:  0.2387087345123291
Test Loss: 0.0000, Test Accuracy: 0.9967, Energy: -1015489.6875
Time taken:  0.2431776523590088
Test Loss: 0.0000, Test Accuracy: 0.9967, Energy: -1015340.75
Time taken:  0.23871350288391113
Test Loss: 0.0000, Test Accuracy: 0.9967, Energy: -1015219.1875
Time taken:  0.23734521865844727
Test Loss: 0.0000, Test Accuracy: 0.9967, Energy: -1015304.5
Time taken:  0.2435743808746338
Test Loss: 0.0000, Test Accuracy: 0.9967, Energy: -1015405.625
Time taken:  0.23920679092407227
Test Loss: 0.0000, Test Accuracy: 0.9967, Energy: -1015801.0
Time taken:  0.23773694038391113
Test Loss: 0.0000, Test Accuracy: 0.9967, Energy: -1015369.625
Time taken:  0.2424159049987793
Test Loss: 0.0000, Test Accuracy: 0.9967, Energy: -1015539.3125
Time taken:  0.23756194114685059
Test Loss: 0.0000, Test Accuracy: 0.9967, Energy: -1015756.625
Time taken:  0.2435455322265625
Test Loss: 0.0000, Test Accuracy: 0.9967, Energy: -1015575.125
Time taken:  0.23894643783569336
Test Loss: 0.0000, Test Accuracy: 0.9967, Energy: -1015786.625
Time taken:  0.2377185821533203
Test Loss: 0.0000, Test Accuracy: 0.9967, Energy: -1016067.3125
Time taken:  0.24243593215942383
Test Loss: 0.0000, Test Accuracy: 0.9967, Energy: -1015670.4375
Time taken:  0.2377455234527588
Test Loss: 0.0000, Test Accuracy: 0.9967, Energy: -1015510.25
Time taken:  0.23772048950195312
Test Loss: 0.0000, Test Accuracy: 0.9967, Energy: -1015803.5
Time taken:  0.2414093017578125
Test Loss: 0.0000, Test Accuracy: 0.9967, Energy: -1015537.0
Time taken:  0.23763394355773926
Test Loss: 0.0000, Test Accuracy: 0.9967, Energy: -1015682.4375
Time taken:  0.2419908046722412
Test Loss: 0.0000, Test Accuracy: 0.9967, Energy: -1015777.5
Time taken:  0.23769402503967285
Test Loss: 0.0000, Test Accuracy: 0.9967, Energy: -1015755.125
Time taken:  0.23796963691711426
Test Loss: 0.0000, Test Accuracy: 0.9967, Energy: -1015712.5625
Time taken:  0.24108314514160156
Test Loss: 0.0000, Test Accuracy: 0.9967, Energy: -1016160.375
Time taken:  0.23774433135986328
Test Loss: 0.0000, Test Accuracy: 0.9967, Energy: -1015780.375
Time taken:  0.23760223388671875
Test Loss: 0.0000, Test Accuracy: 0.9967, Energy: -1015999.0
Time taken:  0.24342966079711914
Final accuracies: [0.8933333333333333, 1.0, 0.9966666666666667, 0.9966666666666667, 0.9966666666666667, 0.9966666666666667, 0.9966666666666667, 0.9966666666666667, 0.9966666666666667, 0.9966666666666667, 0.9966666666666667, 0.9966666666666667, 0.9966666666666667, 0.9966666666666667, 0.9966666666666667, 0.9966666666666667, 1.0, 0.9966666666666667, 0.9966666666666667, 0.9966666666666667, 0.9966666666666667, 0.9966666666666667, 0.9966666666666667, 0.9966666666666667, 0.9966666666666667, 0.9966666666666667, 0.9966666666666667, 0.9966666666666667, 0.9966666666666667, 0.9966666666666667, 0.9966666666666667, 1.0, 1.0, 0.9966666666666667, 0.9966666666666667, 0.9966666666666667, 0.9966666666666667, 0.9966666666666667, 0.9966666666666667, 0.9966666666666667, 0.9933333333333333, 0.9933333333333333, 0.9966666666666667, 0.9966666666666667, 0.9966666666666667, 0.9933333333333333, 0.9933333333333333, 0.9933333333333333, 0.9933333333333333, 0.9933333333333333, 0.9966666666666667, 0.9966666666666667, 0.9966666666666667, 0.9966666666666667, 0.9966666666666667, 0.9966666666666667, 0.9966666666666667, 0.9966666666666667, 0.9966666666666667, 0.9966666666666667, 0.9966666666666667, 0.9966666666666667, 0.9966666666666667, 0.9966666666666667, 0.9966666666666667, 0.9966666666666667, 0.9966666666666667, 0.9966666666666667, 0.9966666666666667, 0.9966666666666667, 0.9966666666666667, 0.9966666666666667, 0.9966666666666667, 0.9966666666666667, 0.9966666666666667, 0.9966666666666667, 0.9966666666666667, 0.9966666666666667, 0.9966666666666667, 0.9966666666666667, 0.9966666666666667, 0.9966666666666667, 0.9966666666666667, 0.9966666666666667, 0.9966666666666667, 0.9966666666666667, 0.9966666666666667, 0.9966666666666667, 0.9966666666666667, 0.9966666666666667, 0.9966666666666667, 0.9966666666666667, 0.9966666666666667, 0.9966666666666667, 0.9966666666666667, 0.9966666666666667, 0.9966666666666667, 0.9966666666666667, 0.9966666666666667, 0.9966666666666667]
Final energies: [-510.1108703613281, -4441.951171875, -25390.751953125, -76230.953125, -161790.296875, -251397.40625, -330499.1875, -399373.3125, -459686.375, -512977.0625, -561767.125, -603771.625, -641525.8125, -675835.625, -706604.25, -735334.6875, -760395.9375, -784013.6875, -805101.4375, -824865.5625, -842237.125, -857430.25, -871685.875, -884940.375, -896803.625, -906966.375, -916555.625, -925560.0, -933947.75, -941430.1875, -948221.4375, -953750.625, -959285.9375, -964836.0, -969733.25, -974108.9375, -977870.875, -981160.5625, -984339.75, -986981.75, -990475.1875, -992350.0, -994401.25, -996299.0, -998178.75, -999427.375, -1000686.0625, -1002296.25, -1003574.3125, -1004887.1875, -1005985.875, -1006799.375, -1007533.3125, -1008395.0, -1009182.9375, -1010118.875, -1010573.125, -1011128.4375, -1011279.0, -1012020.375, -1012426.625, -1012595.8125, -1012773.25, -1012925.4375, -1013230.6875, -1013569.3125, -1013511.3125, -1014137.625, -1014465.5625, -1014126.6875, -1014488.9375, -1014830.0, -1015035.3125, -1015057.75, -1015100.0625, -1015210.5625, -1015022.875, -1015489.6875, -1015340.75, -1015219.1875, -1015304.5, -1015405.625, -1015801.0, -1015369.625, -1015539.3125, -1015756.625, -1015575.125, -1015786.625, -1016067.3125, -1015670.4375, -1015510.25, -1015803.5, -1015537.0, -1015682.4375, -1015777.5, -1015755.125, -1015712.5625, -1016160.375, -1015780.375, -1015999.0]
