Running with parameters: hidden=30, use_coupled=true, seed=45, lam=0.5, eta=0.5, batch=100
Test Loss: 0.0000, Test Accuracy: 0.8233, Energy: -210.0335693359375
Time taken:  0.2635207176208496
Test Loss: 0.0000, Test Accuracy: 1.0000, Energy: -3382.439453125
Time taken:  0.2876555919647217
Test Loss: 0.0000, Test Accuracy: 1.0000, Energy: -22323.029296875
Time taken:  0.25183868408203125
Test Loss: 0.0000, Test Accuracy: 0.9967, Energy: -76142.4140625
Time taken:  0.2464306354522705
Test Loss: 0.0000, Test Accuracy: 0.9967, Energy: -173691.0
Time taken:  0.2473146915435791
Test Loss: 0.0000, Test Accuracy: 0.9967, Energy: -280681.15625
Time taken:  0.2427988052368164
Test Loss: 0.0000, Test Accuracy: 0.9967, Energy: -369698.21875
Time taken:  0.24603962898254395
Test Loss: 0.0000, Test Accuracy: 0.9967, Energy: -447474.9375
Time taken:  0.24823760986328125
Test Loss: 0.0000, Test Accuracy: 0.9967, Energy: -516006.75
Time taken:  0.27150535583496094
Test Loss: 0.0000, Test Accuracy: 0.9967, Energy: -576692.875
Time taken:  0.25386929512023926
Test Loss: 0.0000, Test Accuracy: 0.9967, Energy: -632960.75
Time taken:  0.2616453170776367
Test Loss: 0.0000, Test Accuracy: 0.9967, Energy: -681285.125
Time taken:  0.25186944007873535
Test Loss: 0.0000, Test Accuracy: 0.9967, Energy: -725503.1875
Time taken:  0.2580254077911377
Test Loss: 0.0000, Test Accuracy: 0.9967, Energy: -766640.6875
Time taken:  0.2548332214355469
Test Loss: 0.0000, Test Accuracy: 0.9967, Energy: -802955.0
Time taken:  0.24820756912231445
Test Loss: 0.0000, Test Accuracy: 0.9967, Energy: -837132.8125
Time taken:  0.24830007553100586
Test Loss: 0.0000, Test Accuracy: 0.9967, Energy: -867054.1875
Time taken:  0.2500123977661133
Test Loss: 0.0000, Test Accuracy: 0.9967, Energy: -894405.875
Time taken:  0.2460484504699707
Test Loss: 0.0000, Test Accuracy: 0.9967, Energy: -919930.125
Time taken:  0.24843406677246094
Test Loss: 0.0000, Test Accuracy: 0.9967, Energy: -941856.6875
Time taken:  0.2554819583892822
Test Loss: 0.0000, Test Accuracy: 0.9967, Energy: -962264.875
Time taken:  0.24959015846252441
Test Loss: 0.0000, Test Accuracy: 0.9967, Energy: -980772.75
Time taken:  0.256411075592041
Test Loss: 0.0000, Test Accuracy: 0.9967, Energy: -997196.875
Time taken:  0.24743986129760742
Test Loss: 0.0000, Test Accuracy: 0.9967, Energy: -1012665.125
Time taken:  0.2463366985321045
Test Loss: 0.0000, Test Accuracy: 0.9967, Energy: -1026673.625
Time taken:  0.2507200241088867
Test Loss: 0.0000, Test Accuracy: 0.9967, Energy: -1039618.0
Time taken:  0.24829530715942383
Test Loss: 0.0000, Test Accuracy: 0.9967, Energy: -1051273.75
Time taken:  0.2535569667816162
Test Loss: 0.0000, Test Accuracy: 0.9967, Energy: -1061954.375
Time taken:  0.24665141105651855
Test Loss: 0.0000, Test Accuracy: 0.9967, Energy: -1071458.0
Time taken:  0.24797964096069336
Test Loss: 0.0000, Test Accuracy: 0.9967, Energy: -1080393.0
Time taken:  0.2517273426055908
Test Loss: 0.0000, Test Accuracy: 0.9967, Energy: -1088283.0
Time taken:  0.24561595916748047
Test Loss: 0.0000, Test Accuracy: 0.9967, Energy: -1096006.25
Time taken:  0.2531454563140869
Test Loss: 0.0000, Test Accuracy: 0.9967, Energy: -1102532.375
Time taken:  0.24680781364440918
Test Loss: 0.0000, Test Accuracy: 0.9967, Energy: -1108538.625
Time taken:  0.24612927436828613
Test Loss: 0.0000, Test Accuracy: 0.9967, Energy: -1114288.875
Time taken:  0.24805235862731934
Test Loss: 0.0000, Test Accuracy: 0.9967, Energy: -1118684.5
Time taken:  0.24348115921020508
Test Loss: 0.0000, Test Accuracy: 0.9967, Energy: -1123353.625
Time taken:  0.2495894432067871
Test Loss: 0.0000, Test Accuracy: 0.9967, Energy: -1127321.375
Time taken:  0.24336028099060059
Test Loss: 0.0000, Test Accuracy: 0.9967, Energy: -1131282.375
Time taken:  0.2420501708984375
Test Loss: 0.0000, Test Accuracy: 0.9967, Energy: -1134286.0
Time taken:  0.2521848678588867
Test Loss: 0.0000, Test Accuracy: 0.9967, Energy: -1137668.5
Time taken:  0.24544787406921387
Test Loss: 0.0000, Test Accuracy: 0.9967, Energy: -1140341.5
Time taken:  0.2534976005554199
Test Loss: 0.0000, Test Accuracy: 0.9967, Energy: -1142915.5
Time taken:  0.24700093269348145
Test Loss: 0.0000, Test Accuracy: 0.9967, Energy: -1145492.5
Time taken:  0.256946325302124
Test Loss: 0.0000, Test Accuracy: 0.9967, Energy: -1147285.125
Time taken:  0.2534177303314209
Test Loss: 0.0000, Test Accuracy: 0.9967, Energy: -1149663.125
Time taken:  0.2501838207244873
Test Loss: 0.0000, Test Accuracy: 0.9967, Energy: -1151402.125
Time taken:  0.25007104873657227
Test Loss: 0.0000, Test Accuracy: 0.9967, Energy: -1153085.0
Time taken:  0.2537059783935547
Test Loss: 0.0000, Test Accuracy: 0.9967, Energy: -1154438.5
Time taken:  0.2489466667175293
Test Loss: 0.0000, Test Accuracy: 0.9967, Energy: -1155561.0
Time taken:  0.251875638961792
Test Loss: 0.0000, Test Accuracy: 0.9967, Energy: -1156891.75
Time taken:  0.24940109252929688
Test Loss: 0.0000, Test Accuracy: 0.9967, Energy: -1158098.125
Time taken:  0.242326021194458
Test Loss: 0.0000, Test Accuracy: 0.9967, Energy: -1158972.875
Time taken:  0.2484416961669922
Test Loss: 0.0000, Test Accuracy: 0.9967, Energy: -1159915.5
Time taken:  0.24416875839233398
Test Loss: 0.0000, Test Accuracy: 0.9967, Energy: -1160815.625
Time taken:  0.2497882843017578
Test Loss: 0.0000, Test Accuracy: 0.9967, Energy: -1161361.375
Time taken:  0.2448415756225586
Test Loss: 0.0000, Test Accuracy: 0.9967, Energy: -1162113.75
Time taken:  0.24541258811950684
Test Loss: 0.0000, Test Accuracy: 0.9967, Energy: -1162591.5
Time taken:  0.251964807510376
Test Loss: 0.0000, Test Accuracy: 0.9967, Energy: -1163268.75
Time taken:  0.2438812255859375
Test Loss: 0.0000, Test Accuracy: 0.9967, Energy: -1163710.375
Time taken:  0.2546863555908203
Test Loss: 0.0000, Test Accuracy: 0.9967, Energy: -1164128.75
Time taken:  0.24760723114013672
Test Loss: 0.0000, Test Accuracy: 0.9967, Energy: -1164642.875
Time taken:  0.2433032989501953
Test Loss: 0.0000, Test Accuracy: 0.9967, Energy: -1164986.25
Time taken:  0.25241518020629883
Test Loss: 0.0000, Test Accuracy: 0.9967, Energy: -1165344.625
Time taken:  0.24650835990905762
Test Loss: 0.0000, Test Accuracy: 0.9967, Energy: -1165655.25
Time taken:  0.24883246421813965
Test Loss: 0.0000, Test Accuracy: 0.9967, Energy: -1165817.875
Time taken:  0.24309635162353516
Test Loss: 0.0000, Test Accuracy: 0.9967, Energy: -1166046.5
Time taken:  0.26285505294799805
Test Loss: 0.0000, Test Accuracy: 0.9967, Energy: -1166477.375
Time taken:  0.24307966232299805
Test Loss: 0.0000, Test Accuracy: 0.9967, Energy: -1166763.0
Time taken:  0.2525351047515869
Test Loss: 0.0000, Test Accuracy: 0.9967, Energy: -1167092.5
Time taken:  0.26227831840515137
Test Loss: 0.0000, Test Accuracy: 0.9967, Energy: -1167110.25
Time taken:  0.24703693389892578
Test Loss: 0.0000, Test Accuracy: 0.9967, Energy: -1167267.75
Time taken:  0.2642552852630615
Test Loss: 0.0000, Test Accuracy: 0.9967, Energy: -1167543.5
Time taken:  0.24692988395690918
Test Loss: 0.0000, Test Accuracy: 0.9967, Energy: -1167649.375
Time taken:  0.24531817436218262
Test Loss: 0.0000, Test Accuracy: 0.9967, Energy: -1167881.5
Time taken:  0.250622034072876
Test Loss: 0.0000, Test Accuracy: 0.9967, Energy: -1168041.5
Time taken:  0.2474219799041748
Test Loss: 0.0000, Test Accuracy: 0.9967, Energy: -1167970.25
Time taken:  0.25158023834228516
Test Loss: 0.0000, Test Accuracy: 0.9967, Energy: -1168058.75
Time taken:  0.2457282543182373
Test Loss: 0.0000, Test Accuracy: 0.9967, Energy: -1168319.625
Time taken:  0.2465674877166748
Test Loss: 0.0000, Test Accuracy: 0.9967, Energy: -1168445.25
Time taken:  0.2501795291900635
Test Loss: 0.0000, Test Accuracy: 0.9967, Energy: -1168534.625
Time taken:  0.24710512161254883
Test Loss: 0.0000, Test Accuracy: 0.9967, Energy: -1168497.0
Time taken:  0.24942684173583984
Test Loss: 0.0000, Test Accuracy: 0.9967, Energy: -1168555.875
Time taken:  0.24507665634155273
Test Loss: 0.0000, Test Accuracy: 0.9967, Energy: -1168592.375
Time taken:  0.24590134620666504
Test Loss: 0.0000, Test Accuracy: 0.9967, Energy: -1168737.25
Time taken:  0.24789214134216309
Test Loss: 0.0000, Test Accuracy: 0.9967, Energy: -1168602.125
Time taken:  0.24126005172729492
Test Loss: 0.0000, Test Accuracy: 0.9967, Energy: -1168769.25
Time taken:  0.2463998794555664
Test Loss: 0.0000, Test Accuracy: 0.9967, Energy: -1168669.25
Time taken:  0.24921751022338867
Test Loss: 0.0000, Test Accuracy: 0.9967, Energy: -1168714.25
Time taken:  0.24489355087280273
Test Loss: 0.0000, Test Accuracy: 0.9967, Energy: -1168659.75
Time taken:  0.24946832656860352
Test Loss: 0.0000, Test Accuracy: 0.9967, Energy: -1168729.0
Time taken:  0.24297213554382324
Test Loss: 0.0000, Test Accuracy: 0.9967, Energy: -1168815.625
Time taken:  0.24489760398864746
Test Loss: 0.0000, Test Accuracy: 0.9967, Energy: -1168819.75
Time taken:  0.2496645450592041
Test Loss: 0.0000, Test Accuracy: 0.9967, Energy: -1168757.5
Time taken:  0.24487948417663574
Test Loss: 0.0000, Test Accuracy: 0.9967, Energy: -1168753.25
Time taken:  0.2493889331817627
Test Loss: 0.0000, Test Accuracy: 0.9967, Energy: -1168816.875
Time taken:  0.24463438987731934
Test Loss: 0.0000, Test Accuracy: 0.9967, Energy: -1168797.0
Time taken:  0.24524974822998047
Test Loss: 0.0000, Test Accuracy: 0.9967, Energy: -1168929.875
Time taken:  0.24956440925598145
Test Loss: 0.0000, Test Accuracy: 0.9967, Energy: -1168920.375
Time taken:  0.24673962593078613
Test Loss: 0.0000, Test Accuracy: 0.9967, Energy: -1168890.75
Time taken:  0.2478477954864502
Final accuracies: [0.8233333333333334, 1.0, 1.0, 0.9966666666666667, 0.9966666666666667, 0.9966666666666667, 0.9966666666666667, 0.9966666666666667, 0.9966666666666667, 0.9966666666666667, 0.9966666666666667, 0.9966666666666667, 0.9966666666666667, 0.9966666666666667, 0.9966666666666667, 0.9966666666666667, 0.9966666666666667, 0.9966666666666667, 0.9966666666666667, 0.9966666666666667, 0.9966666666666667, 0.9966666666666667, 0.9966666666666667, 0.9966666666666667, 0.9966666666666667, 0.9966666666666667, 0.9966666666666667, 0.9966666666666667, 0.9966666666666667, 0.9966666666666667, 0.9966666666666667, 0.9966666666666667, 0.9966666666666667, 0.9966666666666667, 0.9966666666666667, 0.9966666666666667, 0.9966666666666667, 0.9966666666666667, 0.9966666666666667, 0.9966666666666667, 0.9966666666666667, 0.9966666666666667, 0.9966666666666667, 0.9966666666666667, 0.9966666666666667, 0.9966666666666667, 0.9966666666666667, 0.9966666666666667, 0.9966666666666667, 0.9966666666666667, 0.9966666666666667, 0.9966666666666667, 0.9966666666666667, 0.9966666666666667, 0.9966666666666667, 0.9966666666666667, 0.9966666666666667, 0.9966666666666667, 0.9966666666666667, 0.9966666666666667, 0.9966666666666667, 0.9966666666666667, 0.9966666666666667, 0.9966666666666667, 0.9966666666666667, 0.9966666666666667, 0.9966666666666667, 0.9966666666666667, 0.9966666666666667, 0.9966666666666667, 0.9966666666666667, 0.9966666666666667, 0.9966666666666667, 0.9966666666666667, 0.9966666666666667, 0.9966666666666667, 0.9966666666666667, 0.9966666666666667, 0.9966666666666667, 0.9966666666666667, 0.9966666666666667, 0.9966666666666667, 0.9966666666666667, 0.9966666666666667, 0.9966666666666667, 0.9966666666666667, 0.9966666666666667, 0.9966666666666667, 0.9966666666666667, 0.9966666666666667, 0.9966666666666667, 0.9966666666666667, 0.9966666666666667, 0.9966666666666667, 0.9966666666666667, 0.9966666666666667, 0.9966666666666667, 0.9966666666666667, 0.9966666666666667, 0.9966666666666667]
Final energies: [-210.0335693359375, -3382.439453125, -22323.029296875, -76142.4140625, -173691.0, -280681.15625, -369698.21875, -447474.9375, -516006.75, -576692.875, -632960.75, -681285.125, -725503.1875, -766640.6875, -802955.0, -837132.8125, -867054.1875, -894405.875, -919930.125, -941856.6875, -962264.875, -980772.75, -997196.875, -1012665.125, -1026673.625, -1039618.0, -1051273.75, -1061954.375, -1071458.0, -1080393.0, -1088283.0, -1096006.25, -1102532.375, -1108538.625, -1114288.875, -1118684.5, -1123353.625, -1127321.375, -1131282.375, -1134286.0, -1137668.5, -1140341.5, -1142915.5, -1145492.5, -1147285.125, -1149663.125, -1151402.125, -1153085.0, -1154438.5, -1155561.0, -1156891.75, -1158098.125, -1158972.875, -1159915.5, -1160815.625, -1161361.375, -1162113.75, -1162591.5, -1163268.75, -1163710.375, -1164128.75, -1164642.875, -1164986.25, -1165344.625, -1165655.25, -1165817.875, -1166046.5, -1166477.375, -1166763.0, -1167092.5, -1167110.25, -1167267.75, -1167543.5, -1167649.375, -1167881.5, -1168041.5, -1167970.25, -1168058.75, -1168319.625, -1168445.25, -1168534.625, -1168497.0, -1168555.875, -1168592.375, -1168737.25, -1168602.125, -1168769.25, -1168669.25, -1168714.25, -1168659.75, -1168729.0, -1168815.625, -1168819.75, -1168757.5, -1168753.25, -1168816.875, -1168797.0, -1168929.875, -1168920.375, -1168890.75]
