Running with parameters: hidden=30, use_coupled=true, seed=11, lam=0.5, eta=0.5, batch=100
Test Loss: 0.0000, Test Accuracy: 0.8567, Energy: -204.23916625976562
Time taken:  0.27675628662109375
Test Loss: 0.0000, Test Accuracy: 0.9967, Energy: -2431.191162109375
Time taken:  0.2941412925720215
Test Loss: 0.0000, Test Accuracy: 1.0000, Energy: -13982.7548828125
Time taken:  0.25474023818969727
Test Loss: 0.0000, Test Accuracy: 0.9967, Energy: -54641.87890625
Time taken:  0.26375365257263184
Test Loss: 0.0000, Test Accuracy: 0.9967, Energy: -126056.4375
Time taken:  0.27834463119506836
Test Loss: 0.0000, Test Accuracy: 0.9967, Energy: -215016.703125
Time taken:  0.25634121894836426
Test Loss: 0.0000, Test Accuracy: 0.9967, Energy: -295221.3125
Time taken:  0.25255846977233887
Test Loss: 0.0000, Test Accuracy: 0.9967, Energy: -366546.625
Time taken:  0.2537393569946289
Test Loss: 0.0000, Test Accuracy: 0.9967, Energy: -430351.8125
Time taken:  0.2556757926940918
Test Loss: 0.0000, Test Accuracy: 0.9967, Energy: -487607.59375
Time taken:  0.25287914276123047
Test Loss: 0.0000, Test Accuracy: 0.9967, Energy: -538172.5625
Time taken:  0.2544879913330078
Test Loss: 0.0000, Test Accuracy: 0.9967, Energy: -580843.125
Time taken:  0.2539060115814209
Test Loss: 0.0000, Test Accuracy: 0.9967, Energy: -621891.0
Time taken:  0.2513761520385742
Test Loss: 0.0000, Test Accuracy: 0.9967, Energy: -658662.875
Time taken:  0.25873398780822754
Test Loss: 0.0000, Test Accuracy: 0.9967, Energy: -690735.3125
Time taken:  0.25127458572387695
Test Loss: 0.0000, Test Accuracy: 0.9933, Energy: -721538.125
Time taken:  0.25934720039367676
Test Loss: 0.0000, Test Accuracy: 0.9933, Energy: -748869.375
Time taken:  0.25215911865234375
Test Loss: 0.0000, Test Accuracy: 0.9933, Energy: -775383.1875
Time taken:  0.25531458854675293
Test Loss: 0.0000, Test Accuracy: 0.9933, Energy: -797195.875
Time taken:  0.2670149803161621
Test Loss: 0.0000, Test Accuracy: 0.9933, Energy: -817471.125
Time taken:  0.25777411460876465
Test Loss: 0.0000, Test Accuracy: 0.9933, Energy: -835455.75
Time taken:  0.28006553649902344
Test Loss: 0.0000, Test Accuracy: 0.9933, Energy: -852518.75
Time taken:  0.254457950592041
Test Loss: 0.0000, Test Accuracy: 0.9933, Energy: -867476.0
Time taken:  0.25368285179138184
Test Loss: 0.0000, Test Accuracy: 0.9967, Energy: -882073.5
Time taken:  0.26018786430358887
Test Loss: 0.0000, Test Accuracy: 0.9967, Energy: -895486.1875
Time taken:  0.25983643531799316
Test Loss: 0.0000, Test Accuracy: 0.9967, Energy: -906825.5
Time taken:  0.26061248779296875
Test Loss: 0.0000, Test Accuracy: 0.9933, Energy: -917415.0625
Time taken:  0.2561004161834717
Test Loss: 0.0000, Test Accuracy: 0.9933, Energy: -927374.875
Time taken:  0.25353097915649414
Test Loss: 0.0000, Test Accuracy: 0.9967, Energy: -935973.625
Time taken:  0.25787353515625
Test Loss: 0.0000, Test Accuracy: 0.9967, Energy: -943879.875
Time taken:  0.254962682723999
Test Loss: 0.0000, Test Accuracy: 0.9967, Energy: -951950.25
Time taken:  0.2562108039855957
Test Loss: 0.0000, Test Accuracy: 0.9967, Energy: -958830.0
Time taken:  0.2560858726501465
Test Loss: 0.0000, Test Accuracy: 0.9967, Energy: -964843.875
Time taken:  0.25249648094177246
Test Loss: 0.0000, Test Accuracy: 0.9967, Energy: -970002.375
Time taken:  0.2650580406188965
Test Loss: 0.0000, Test Accuracy: 0.9967, Energy: -974755.75
Time taken:  0.2526051998138428
Test Loss: 0.0000, Test Accuracy: 0.9967, Energy: -979361.3125
Time taken:  0.2657053470611572
Test Loss: 0.0000, Test Accuracy: 0.9933, Energy: -983736.0
Time taken:  0.2570343017578125
Test Loss: 0.0000, Test Accuracy: 0.9933, Energy: -988074.875
Time taken:  0.2574172019958496
Test Loss: 0.0000, Test Accuracy: 0.9933, Energy: -991574.75
Time taken:  0.25492119789123535
Test Loss: 0.0000, Test Accuracy: 0.9933, Energy: -994836.5625
Time taken:  0.25462818145751953
Test Loss: 0.0000, Test Accuracy: 0.9967, Energy: -997231.875
Time taken:  0.2582876682281494
Test Loss: 0.0000, Test Accuracy: 0.9967, Energy: -1000522.125
Time taken:  0.25319528579711914
Test Loss: 0.0000, Test Accuracy: 0.9967, Energy: -1002787.875
Time taken:  0.2577686309814453
Test Loss: 0.0000, Test Accuracy: 0.9967, Energy: -1005140.375
Time taken:  0.2539083957672119
Test Loss: 0.0000, Test Accuracy: 0.9967, Energy: -1006862.5
Time taken:  0.2524700164794922
Test Loss: 0.0000, Test Accuracy: 0.9967, Energy: -1008919.0
Time taken:  0.25879907608032227
Test Loss: 0.0000, Test Accuracy: 0.9967, Energy: -1010671.1875
Time taken:  0.2537055015563965
Test Loss: 0.0000, Test Accuracy: 0.9967, Energy: -1012656.625
Time taken:  0.25922107696533203
Test Loss: 0.0000, Test Accuracy: 0.9967, Energy: -1013718.25
Time taken:  0.2532467842102051
Test Loss: 0.0000, Test Accuracy: 0.9967, Energy: -1014853.5
Time taken:  0.25351524353027344
Test Loss: 0.0000, Test Accuracy: 0.9967, Energy: -1016407.875
Time taken:  0.25867676734924316
Test Loss: 0.0000, Test Accuracy: 0.9967, Energy: -1017021.4375
Time taken:  0.25366735458374023
Test Loss: 0.0000, Test Accuracy: 0.9967, Energy: -1018386.25
Time taken:  0.2554357051849365
Test Loss: 0.0000, Test Accuracy: 0.9967, Energy: -1019217.75
Time taken:  0.2510206699371338
Test Loss: 0.0000, Test Accuracy: 0.9967, Energy: -1020126.25
Time taken:  0.2535240650177002
Test Loss: 0.0000, Test Accuracy: 0.9967, Energy: -1020686.375
Time taken:  0.25777506828308105
Test Loss: 0.0000, Test Accuracy: 0.9967, Energy: -1021413.625
Time taken:  0.2523362636566162
Test Loss: 0.0000, Test Accuracy: 0.9967, Energy: -1021761.75
Time taken:  0.25650668144226074
Test Loss: 0.0000, Test Accuracy: 0.9967, Energy: -1022486.875
Time taken:  0.2534143924713135
Test Loss: 0.0000, Test Accuracy: 0.9933, Energy: -1007009.25
Time taken:  0.25205326080322266
Test Loss: 0.0000, Test Accuracy: 0.9933, Energy: -993641.5
Time taken:  0.25998401641845703
Test Loss: 0.0000, Test Accuracy: 0.9967, Energy: -982917.8125
Time taken:  0.2518351078033447
Test Loss: 0.0000, Test Accuracy: 0.9967, Energy: -973569.375
Time taken:  0.25786375999450684
Test Loss: 0.0000, Test Accuracy: 0.9967, Energy: -965150.3125
Time taken:  0.2540616989135742
Test Loss: 0.0000, Test Accuracy: 0.9967, Energy: -957229.5
Time taken:  0.2641005516052246
Test Loss: 0.0000, Test Accuracy: 0.9967, Energy: -949790.5625
Time taken:  0.25940775871276855
Test Loss: 0.0000, Test Accuracy: 0.9967, Energy: -943401.25
Time taken:  0.25133681297302246
Test Loss: 0.0000, Test Accuracy: 0.9967, Energy: -936658.375
Time taken:  0.25726890563964844
Test Loss: 0.0000, Test Accuracy: 0.9967, Energy: -931336.25
Time taken:  0.25206995010375977
Test Loss: 0.0000, Test Accuracy: 0.9933, Energy: -925483.125
Time taken:  0.260974645614624
Test Loss: 0.0000, Test Accuracy: 0.9900, Energy: -920116.5
Time taken:  0.25579142570495605
Test Loss: 0.0000, Test Accuracy: 0.9900, Energy: -915718.0625
Time taken:  0.25151681900024414
Test Loss: 0.0000, Test Accuracy: 0.9900, Energy: -911934.5
Time taken:  0.25779056549072266
Test Loss: 0.0000, Test Accuracy: 0.9867, Energy: -907964.875
Time taken:  0.24776744842529297
Test Loss: 0.0000, Test Accuracy: 0.9867, Energy: -903993.5625
Time taken:  0.2521061897277832
Test Loss: 0.0000, Test Accuracy: 0.9867, Energy: -900495.5625
Time taken:  0.2560880184173584
Test Loss: 0.0000, Test Accuracy: 0.9867, Energy: -897657.0
Time taken:  0.2500145435333252
Test Loss: 0.0000, Test Accuracy: 0.9867, Energy: -895011.1875
Time taken:  0.255626916885376
Test Loss: 0.0000, Test Accuracy: 0.9867, Energy: -892488.5625
Time taken:  0.25208473205566406
Test Loss: 0.0000, Test Accuracy: 0.9867, Energy: -890394.75
Time taken:  0.24956226348876953
Test Loss: 0.0000, Test Accuracy: 0.9867, Energy: -888734.1875
Time taken:  0.25684380531311035
Test Loss: 0.0000, Test Accuracy: 0.9867, Energy: -887297.25
Time taken:  0.2504005432128906
Test Loss: 0.0000, Test Accuracy: 0.9867, Energy: -886121.9375
Time taken:  0.2558746337890625
Test Loss: 0.0000, Test Accuracy: 0.9867, Energy: -884695.375
Time taken:  0.2497997283935547
Test Loss: 0.0000, Test Accuracy: 0.9867, Energy: -883673.75
Time taken:  0.25090646743774414
Test Loss: 0.0000, Test Accuracy: 0.9867, Energy: -882555.5
Time taken:  0.2557027339935303
Test Loss: 0.0000, Test Accuracy: 0.9867, Energy: -881085.25
Time taken:  0.2507345676422119
Test Loss: 0.0000, Test Accuracy: 0.9867, Energy: -880257.625
Time taken:  0.2572617530822754
Test Loss: 0.0000, Test Accuracy: 0.9867, Energy: -879335.8125
Time taken:  0.25159764289855957
Test Loss: 0.0000, Test Accuracy: 0.9833, Energy: -878131.125
Time taken:  0.25243663787841797
Test Loss: 0.0000, Test Accuracy: 0.9833, Energy: -877174.0
Time taken:  0.25449419021606445
Test Loss: 0.0000, Test Accuracy: 0.9833, Energy: -876922.5
Time taken:  0.2514472007751465
Test Loss: 0.0000, Test Accuracy: 0.9833, Energy: -875950.75
Time taken:  0.25798535346984863
Test Loss: 0.0000, Test Accuracy: 0.9833, Energy: -875513.0625
Time taken:  0.25290393829345703
Test Loss: 0.0000, Test Accuracy: 0.9833, Energy: -874972.0
Time taken:  0.2500133514404297
Test Loss: 0.0000, Test Accuracy: 0.9833, Energy: -874533.0
Time taken:  0.25664687156677246
Test Loss: 0.0000, Test Accuracy: 0.9800, Energy: -873856.0
Time taken:  0.24926018714904785
Test Loss: 0.0000, Test Accuracy: 0.9800, Energy: -873846.625
Time taken:  0.2573051452636719
Test Loss: 0.0000, Test Accuracy: 0.9800, Energy: -873304.75
Time taken:  0.2488572597503662
Test Loss: 0.0000, Test Accuracy: 0.9800, Energy: -873067.625
Time taken:  0.2420516014099121
Final accuracies: [0.8566666666666667, 0.9966666666666667, 1.0, 0.9966666666666667, 0.9966666666666667, 0.9966666666666667, 0.9966666666666667, 0.9966666666666667, 0.9966666666666667, 0.9966666666666667, 0.9966666666666667, 0.9966666666666667, 0.9966666666666667, 0.9966666666666667, 0.9966666666666667, 0.9933333333333333, 0.9933333333333333, 0.9933333333333333, 0.9933333333333333, 0.9933333333333333, 0.9933333333333333, 0.9933333333333333, 0.9933333333333333, 0.9966666666666667, 0.9966666666666667, 0.9966666666666667, 0.9933333333333333, 0.9933333333333333, 0.9966666666666667, 0.9966666666666667, 0.9966666666666667, 0.9966666666666667, 0.9966666666666667, 0.9966666666666667, 0.9966666666666667, 0.9966666666666667, 0.9933333333333333, 0.9933333333333333, 0.9933333333333333, 0.9933333333333333, 0.9966666666666667, 0.9966666666666667, 0.9966666666666667, 0.9966666666666667, 0.9966666666666667, 0.9966666666666667, 0.9966666666666667, 0.9966666666666667, 0.9966666666666667, 0.9966666666666667, 0.9966666666666667, 0.9966666666666667, 0.9966666666666667, 0.9966666666666667, 0.9966666666666667, 0.9966666666666667, 0.9966666666666667, 0.9966666666666667, 0.9966666666666667, 0.9933333333333333, 0.9933333333333333, 0.9966666666666667, 0.9966666666666667, 0.9966666666666667, 0.9966666666666667, 0.9966666666666667, 0.9966666666666667, 0.9966666666666667, 0.9966666666666667, 0.9933333333333333, 0.99, 0.99, 0.99, 0.9866666666666667, 0.9866666666666667, 0.9866666666666667, 0.9866666666666667, 0.9866666666666667, 0.9866666666666667, 0.9866666666666667, 0.9866666666666667, 0.9866666666666667, 0.9866666666666667, 0.9866666666666667, 0.9866666666666667, 0.9866666666666667, 0.9866666666666667, 0.9866666666666667, 0.9866666666666667, 0.9833333333333333, 0.9833333333333333, 0.9833333333333333, 0.9833333333333333, 0.9833333333333333, 0.9833333333333333, 0.9833333333333333, 0.98, 0.98, 0.98, 0.98]
Final energies: [-204.23916625976562, -2431.191162109375, -13982.7548828125, -54641.87890625, -126056.4375, -215016.703125, -295221.3125, -366546.625, -430351.8125, -487607.59375, -538172.5625, -580843.125, -621891.0, -658662.875, -690735.3125, -721538.125, -748869.375, -775383.1875, -797195.875, -817471.125, -835455.75, -852518.75, -867476.0, -882073.5, -895486.1875, -906825.5, -917415.0625, -927374.875, -935973.625, -943879.875, -951950.25, -958830.0, -964843.875, -970002.375, -974755.75, -979361.3125, -983736.0, -988074.875, -991574.75, -994836.5625, -997231.875, -1000522.125, -1002787.875, -1005140.375, -1006862.5, -1008919.0, -1010671.1875, -1012656.625, -1013718.25, -1014853.5, -1016407.875, -1017021.4375, -1018386.25, -1019217.75, -1020126.25, -1020686.375, -1021413.625, -1021761.75, -1022486.875, -1007009.25, -993641.5, -982917.8125, -973569.375, -965150.3125, -957229.5, -949790.5625, -943401.25, -936658.375, -931336.25, -925483.125, -920116.5, -915718.0625, -911934.5, -907964.875, -903993.5625, -900495.5625, -897657.0, -895011.1875, -892488.5625, -890394.75, -888734.1875, -887297.25, -886121.9375, -884695.375, -883673.75, -882555.5, -881085.25, -880257.625, -879335.8125, -878131.125, -877174.0, -876922.5, -875950.75, -875513.0625, -874972.0, -874533.0, -873856.0, -873846.625, -873304.75, -873067.625]
