Running with parameters: hidden=30, use_coupled=true, seed=22, lam=0.5, eta=0.5, batch=100
Test Loss: 0.0000, Test Accuracy: 0.9467, Energy: -367.412109375
Time taken:  0.2806694507598877
Test Loss: 0.0000, Test Accuracy: 0.9933, Energy: -2135.470458984375
Time taken:  0.29996299743652344
Test Loss: 0.0000, Test Accuracy: 0.9967, Energy: -11296.298828125
Time taken:  0.26558375358581543
Test Loss: 0.0000, Test Accuracy: 0.9967, Energy: -42622.93359375
Time taken:  0.26450371742248535
Test Loss: 0.0000, Test Accuracy: 0.9967, Energy: -98450.6875
Time taken:  0.2872810363769531
Test Loss: 0.0000, Test Accuracy: 0.9967, Energy: -170532.359375
Time taken:  0.25385212898254395
Test Loss: 0.0000, Test Accuracy: 0.9967, Energy: -243855.609375
Time taken:  0.2625241279602051
Test Loss: 0.0000, Test Accuracy: 0.9967, Energy: -316266.21875
Time taken:  0.2522120475769043
Test Loss: 0.0000, Test Accuracy: 0.9967, Energy: -379017.3125
Time taken:  0.25113368034362793
Test Loss: 0.0000, Test Accuracy: 0.9967, Energy: -433642.4375
Time taken:  0.2569575309753418
Test Loss: 0.0000, Test Accuracy: 0.9967, Energy: -483494.75
Time taken:  0.2523655891418457
Test Loss: 0.0000, Test Accuracy: 0.9967, Energy: -528702.9375
Time taken:  0.2564406394958496
Test Loss: 0.0000, Test Accuracy: 0.9967, Energy: -570507.375
Time taken:  0.25217509269714355
Test Loss: 0.0000, Test Accuracy: 0.9967, Energy: -607621.25
Time taken:  0.25099730491638184
Test Loss: 0.0000, Test Accuracy: 0.9967, Energy: -641883.9375
Time taken:  0.2560086250305176
Test Loss: 0.0000, Test Accuracy: 0.9933, Energy: -671980.125
Time taken:  0.25107455253601074
Test Loss: 0.0000, Test Accuracy: 0.9967, Energy: -700062.9375
Time taken:  0.25751471519470215
Test Loss: 0.0000, Test Accuracy: 0.9933, Energy: -725783.375
Time taken:  0.25034308433532715
Test Loss: 0.0000, Test Accuracy: 0.9933, Energy: -748607.25
Time taken:  0.2506852149963379
Test Loss: 0.0000, Test Accuracy: 0.9933, Energy: -769175.9375
Time taken:  0.25650906562805176
Test Loss: 0.0000, Test Accuracy: 0.9933, Energy: -787459.75
Time taken:  0.2510819435119629
Test Loss: 0.0000, Test Accuracy: 0.9933, Energy: -804050.0
Time taken:  0.2568659782409668
Test Loss: 0.0000, Test Accuracy: 0.9933, Energy: -818942.4375
Time taken:  0.25174546241760254
Test Loss: 0.0000, Test Accuracy: 0.9933, Energy: -833160.75
Time taken:  0.2516322135925293
Test Loss: 0.0000, Test Accuracy: 0.9933, Energy: -845677.0
Time taken:  0.25748157501220703
Test Loss: 0.0000, Test Accuracy: 0.9933, Energy: -857207.375
Time taken:  0.25173354148864746
Test Loss: 0.0000, Test Accuracy: 0.9933, Energy: -867807.25
Time taken:  0.25548887252807617
Test Loss: 0.0000, Test Accuracy: 0.9933, Energy: -878099.125
Time taken:  0.25315380096435547
Test Loss: 0.0000, Test Accuracy: 0.9933, Energy: -887077.375
Time taken:  0.253462553024292
Test Loss: 0.0000, Test Accuracy: 0.9933, Energy: -894973.25
Time taken:  0.25788450241088867
Test Loss: 0.0000, Test Accuracy: 0.9933, Energy: -902172.0625
Time taken:  0.2510395050048828
Test Loss: 0.0000, Test Accuracy: 0.9933, Energy: -908849.5
Time taken:  0.2569563388824463
Test Loss: 0.0000, Test Accuracy: 0.9967, Energy: -897101.0
Time taken:  0.2505185604095459
Test Loss: 0.0000, Test Accuracy: 0.9967, Energy: -886343.0
Time taken:  0.24959015846252441
Test Loss: 0.0000, Test Accuracy: 0.9967, Energy: -878402.75
Time taken:  0.257765531539917
Test Loss: 0.0000, Test Accuracy: 0.9967, Energy: -869976.5625
Time taken:  0.25217723846435547
Test Loss: 0.0000, Test Accuracy: 0.9967, Energy: -862895.75
Time taken:  0.25461292266845703
Test Loss: 0.0000, Test Accuracy: 0.9967, Energy: -855509.8125
Time taken:  0.2528505325317383
Test Loss: 0.0000, Test Accuracy: 0.9967, Energy: -849430.3125
Time taken:  0.2510201930999756
Test Loss: 0.0000, Test Accuracy: 0.9967, Energy: -843486.75
Time taken:  0.25647521018981934
Test Loss: 0.0000, Test Accuracy: 0.9900, Energy: -838449.0
Time taken:  0.24765324592590332
Test Loss: 0.0000, Test Accuracy: 0.9900, Energy: -834148.3125
Time taken:  0.25490307807922363
Test Loss: 0.0000, Test Accuracy: 0.9900, Energy: -830206.5
Time taken:  0.25114989280700684
Test Loss: 0.0000, Test Accuracy: 0.9900, Energy: -826187.5625
Time taken:  0.24963617324829102
Test Loss: 0.0000, Test Accuracy: 0.9900, Energy: -822463.9375
Time taken:  0.2571732997894287
Test Loss: 0.0000, Test Accuracy: 0.9900, Energy: -819021.0
Time taken:  0.2504761219024658
Test Loss: 0.0000, Test Accuracy: 0.9900, Energy: -816475.5
Time taken:  0.2565591335296631
Test Loss: 0.0000, Test Accuracy: 0.9900, Energy: -813680.625
Time taken:  0.2523975372314453
Test Loss: 0.0000, Test Accuracy: 0.9900, Energy: -811484.9375
Time taken:  0.2519545555114746
Test Loss: 0.0000, Test Accuracy: 0.9900, Energy: -809690.375
Time taken:  0.25654149055480957
Test Loss: 0.0000, Test Accuracy: 0.9900, Energy: -807415.25
Time taken:  0.2501561641693115
Test Loss: 0.0000, Test Accuracy: 0.9900, Energy: -805445.1875
Time taken:  0.257659912109375
Test Loss: 0.0000, Test Accuracy: 0.9900, Energy: -803803.8125
Time taken:  0.25045061111450195
Test Loss: 0.0000, Test Accuracy: 0.9900, Energy: -802248.0
Time taken:  0.25027990341186523
Test Loss: 0.0000, Test Accuracy: 0.9900, Energy: -800853.75
Time taken:  0.25405097007751465
Test Loss: 0.0000, Test Accuracy: 0.9900, Energy: -799570.125
Time taken:  0.24790430068969727
Test Loss: 0.0000, Test Accuracy: 0.9867, Energy: -798359.875
Time taken:  0.2550027370452881
Test Loss: 0.0000, Test Accuracy: 0.9867, Energy: -797381.0
Time taken:  0.2518637180328369
Test Loss: 0.0000, Test Accuracy: 0.9867, Energy: -796777.125
Time taken:  0.25151968002319336
Test Loss: 0.0000, Test Accuracy: 0.9867, Energy: -795752.375
Time taken:  0.25509047508239746
Test Loss: 0.0000, Test Accuracy: 0.9867, Energy: -795698.25
Time taken:  0.25199437141418457
Test Loss: 0.0000, Test Accuracy: 0.9867, Energy: -795296.625
Time taken:  0.255842924118042
Test Loss: 0.0000, Test Accuracy: 0.9833, Energy: -794782.0
Time taken:  0.2494983673095703
Test Loss: 0.0000, Test Accuracy: 0.9833, Energy: -794311.5
Time taken:  0.250044584274292
Test Loss: 0.0000, Test Accuracy: 0.9833, Energy: -794048.4375
Time taken:  0.25478482246398926
Test Loss: 0.0000, Test Accuracy: 0.9833, Energy: -793310.4375
Time taken:  0.24888825416564941
Test Loss: 0.0000, Test Accuracy: 0.9833, Energy: -792911.875
Time taken:  0.2569284439086914
Test Loss: 0.0000, Test Accuracy: 0.9833, Energy: -792599.9375
Time taken:  0.2503962516784668
Test Loss: 0.0000, Test Accuracy: 0.9833, Energy: -792335.8125
Time taken:  0.2491133213043213
Test Loss: 0.0000, Test Accuracy: 0.9833, Energy: -792013.875
Time taken:  0.2545602321624756
Test Loss: 0.0000, Test Accuracy: 0.9833, Energy: -791858.375
Time taken:  0.2591543197631836
Test Loss: 0.0000, Test Accuracy: 0.9833, Energy: -791462.25
Time taken:  0.2557382583618164
Test Loss: 0.0000, Test Accuracy: 0.9833, Energy: -791242.1875
Time taken:  0.25183939933776855
Test Loss: 0.0000, Test Accuracy: 0.9833, Energy: -791028.3125
Time taken:  0.2494194507598877
Test Loss: 0.0000, Test Accuracy: 0.9833, Energy: -790878.6875
Time taken:  0.25612592697143555
Test Loss: 0.0000, Test Accuracy: 0.9833, Energy: -790693.6875
Time taken:  0.24763059616088867
Test Loss: 0.0000, Test Accuracy: 0.9833, Energy: -790724.1875
Time taken:  0.2566204071044922
Test Loss: 0.0000, Test Accuracy: 0.9833, Energy: -790667.5625
Time taken:  0.25152039527893066
Test Loss: 0.0000, Test Accuracy: 0.9833, Energy: -790459.125
Time taken:  0.2520172595977783
Test Loss: 0.0000, Test Accuracy: 0.9833, Energy: -790423.0
Time taken:  0.25487661361694336
Test Loss: 0.0000, Test Accuracy: 0.9833, Energy: -790320.25
Time taken:  0.25035548210144043
Test Loss: 0.0000, Test Accuracy: 0.9833, Energy: -790216.625
Time taken:  0.2553369998931885
Test Loss: 0.0000, Test Accuracy: 0.9833, Energy: -790107.8125
Time taken:  0.25033116340637207
Test Loss: 0.0000, Test Accuracy: 0.9833, Energy: -789868.5625
Time taken:  0.2500319480895996
Test Loss: 0.0000, Test Accuracy: 0.9833, Energy: -789835.0
Time taken:  0.25490617752075195
Test Loss: 0.0000, Test Accuracy: 0.9833, Energy: -789722.9375
Time taken:  0.2495098114013672
Test Loss: 0.0000, Test Accuracy: 0.9833, Energy: -789780.5625
Time taken:  0.25637006759643555
Test Loss: 0.0000, Test Accuracy: 0.9833, Energy: -789798.0
Time taken:  0.2491922378540039
Test Loss: 0.0000, Test Accuracy: 0.9833, Energy: -789632.9375
Time taken:  0.250896692276001
Test Loss: 0.0000, Test Accuracy: 0.9833, Energy: -789650.8125
Time taken:  0.254871129989624
Test Loss: 0.0000, Test Accuracy: 0.9833, Energy: -789571.3125
Time taken:  0.2503480911254883
Test Loss: 0.0000, Test Accuracy: 0.9833, Energy: -789560.625
Time taken:  0.2556781768798828
Test Loss: 0.0000, Test Accuracy: 0.9833, Energy: -789445.375
Time taken:  0.25296449661254883
Test Loss: 0.0000, Test Accuracy: 0.9833, Energy: -789501.1875
Time taken:  0.24800825119018555
Test Loss: 0.0000, Test Accuracy: 0.9833, Energy: -789509.5
Time taken:  0.2566225528717041
Test Loss: 0.0000, Test Accuracy: 0.9833, Energy: -789449.0
Time taken:  0.2489185333251953
Test Loss: 0.0000, Test Accuracy: 0.9833, Energy: -789479.0625
Time taken:  0.25409531593322754
Test Loss: 0.0000, Test Accuracy: 0.9833, Energy: -789531.875
Time taken:  0.25144410133361816
Test Loss: 0.0000, Test Accuracy: 0.9833, Energy: -789357.375
Time taken:  0.24985265731811523
Test Loss: 0.0000, Test Accuracy: 0.9833, Energy: -789479.3125
Time taken:  0.2512028217315674
Final accuracies: [0.9466666666666667, 0.9933333333333333, 0.9966666666666667, 0.9966666666666667, 0.9966666666666667, 0.9966666666666667, 0.9966666666666667, 0.9966666666666667, 0.9966666666666667, 0.9966666666666667, 0.9966666666666667, 0.9966666666666667, 0.9966666666666667, 0.9966666666666667, 0.9966666666666667, 0.9933333333333333, 0.9966666666666667, 0.9933333333333333, 0.9933333333333333, 0.9933333333333333, 0.9933333333333333, 0.9933333333333333, 0.9933333333333333, 0.9933333333333333, 0.9933333333333333, 0.9933333333333333, 0.9933333333333333, 0.9933333333333333, 0.9933333333333333, 0.9933333333333333, 0.9933333333333333, 0.9933333333333333, 0.9966666666666667, 0.9966666666666667, 0.9966666666666667, 0.9966666666666667, 0.9966666666666667, 0.9966666666666667, 0.9966666666666667, 0.9966666666666667, 0.99, 0.99, 0.99, 0.99, 0.99, 0.99, 0.99, 0.99, 0.99, 0.99, 0.99, 0.99, 0.99, 0.99, 0.99, 0.99, 0.9866666666666667, 0.9866666666666667, 0.9866666666666667, 0.9866666666666667, 0.9866666666666667, 0.9866666666666667, 0.9833333333333333, 0.9833333333333333, 0.9833333333333333, 0.9833333333333333, 0.9833333333333333, 0.9833333333333333, 0.9833333333333333, 0.9833333333333333, 0.9833333333333333, 0.9833333333333333, 0.9833333333333333, 0.9833333333333333, 0.9833333333333333, 0.9833333333333333, 0.9833333333333333, 0.9833333333333333, 0.9833333333333333, 0.9833333333333333, 0.9833333333333333, 0.9833333333333333, 0.9833333333333333, 0.9833333333333333, 0.9833333333333333, 0.9833333333333333, 0.9833333333333333, 0.9833333333333333, 0.9833333333333333, 0.9833333333333333, 0.9833333333333333, 0.9833333333333333, 0.9833333333333333, 0.9833333333333333, 0.9833333333333333, 0.9833333333333333, 0.9833333333333333, 0.9833333333333333, 0.9833333333333333, 0.9833333333333333]
Final energies: [-367.412109375, -2135.470458984375, -11296.298828125, -42622.93359375, -98450.6875, -170532.359375, -243855.609375, -316266.21875, -379017.3125, -433642.4375, -483494.75, -528702.9375, -570507.375, -607621.25, -641883.9375, -671980.125, -700062.9375, -725783.375, -748607.25, -769175.9375, -787459.75, -804050.0, -818942.4375, -833160.75, -845677.0, -857207.375, -867807.25, -878099.125, -887077.375, -894973.25, -902172.0625, -908849.5, -897101.0, -886343.0, -878402.75, -869976.5625, -862895.75, -855509.8125, -849430.3125, -843486.75, -838449.0, -834148.3125, -830206.5, -826187.5625, -822463.9375, -819021.0, -816475.5, -813680.625, -811484.9375, -809690.375, -807415.25, -805445.1875, -803803.8125, -802248.0, -800853.75, -799570.125, -798359.875, -797381.0, -796777.125, -795752.375, -795698.25, -795296.625, -794782.0, -794311.5, -794048.4375, -793310.4375, -792911.875, -792599.9375, -792335.8125, -792013.875, -791858.375, -791462.25, -791242.1875, -791028.3125, -790878.6875, -790693.6875, -790724.1875, -790667.5625, -790459.125, -790423.0, -790320.25, -790216.625, -790107.8125, -789868.5625, -789835.0, -789722.9375, -789780.5625, -789798.0, -789632.9375, -789650.8125, -789571.3125, -789560.625, -789445.375, -789501.1875, -789509.5, -789449.0, -789479.0625, -789531.875, -789357.375, -789479.3125]
