Running with parameters: hidden=30, use_coupled=true, seed=8, lam=0.5, eta=0.5, batch=100
Test Loss: 0.0000, Test Accuracy: 0.6833, Energy: 294.86895751953125
Time taken:  0.26335763931274414
Test Loss: 0.0000, Test Accuracy: 0.9967, Energy: -834.8042602539062
Time taken:  0.2803966999053955
Test Loss: 0.0000, Test Accuracy: 0.9967, Energy: -8628.4375
Time taken:  0.25189876556396484
Test Loss: 0.0000, Test Accuracy: 0.9967, Energy: -41770.70703125
Time taken:  0.25598669052124023
Test Loss: 0.0000, Test Accuracy: 0.9967, Energy: -113063.28125
Time taken:  0.2701084613800049
Test Loss: 0.0000, Test Accuracy: 0.9967, Energy: -216223.4375
Time taken:  0.2484722137451172
Test Loss: 0.0000, Test Accuracy: 0.9967, Energy: -312852.1875
Time taken:  0.24001049995422363
Test Loss: 0.0000, Test Accuracy: 0.9967, Energy: -397029.40625
Time taken:  0.2447664737701416
Test Loss: 0.0000, Test Accuracy: 1.0000, Energy: -469970.875
Time taken:  0.2682986259460449
Test Loss: 0.0000, Test Accuracy: 0.9967, Energy: -534184.625
Time taken:  0.24354887008666992
Test Loss: 0.0000, Test Accuracy: 0.9967, Energy: -591006.3125
Time taken:  0.24654316902160645
Test Loss: 0.0000, Test Accuracy: 0.9967, Energy: -643179.25
Time taken:  0.24995923042297363
Test Loss: 0.0000, Test Accuracy: 0.9967, Energy: -688522.875
Time taken:  0.24325323104858398
Test Loss: 0.0000, Test Accuracy: 0.9967, Energy: -731030.75
Time taken:  0.24792885780334473
Test Loss: 0.0000, Test Accuracy: 0.9967, Energy: -769249.0625
Time taken:  0.243088960647583
Test Loss: 0.0000, Test Accuracy: 0.9967, Energy: -803475.25
Time taken:  0.24508023262023926
Test Loss: 0.0000, Test Accuracy: 0.9967, Energy: -833777.75
Time taken:  0.24887633323669434
Test Loss: 0.0000, Test Accuracy: 0.9967, Energy: -861344.625
Time taken:  0.24280834197998047
Test Loss: 0.0000, Test Accuracy: 0.9967, Energy: -886390.6875
Time taken:  0.24750089645385742
Test Loss: 0.0000, Test Accuracy: 0.9967, Energy: -909693.0
Time taken:  0.24218201637268066
Test Loss: 0.0000, Test Accuracy: 0.9967, Energy: -930676.5
Time taken:  0.24140405654907227
Test Loss: 0.0000, Test Accuracy: 0.9967, Energy: -949322.75
Time taken:  0.24648785591125488
Test Loss: 0.0000, Test Accuracy: 0.9967, Energy: -966191.3125
Time taken:  0.24518060684204102
Test Loss: 0.0000, Test Accuracy: 0.9967, Energy: -982995.125
Time taken:  0.2535099983215332
Test Loss: 0.0000, Test Accuracy: 0.9967, Energy: -996529.625
Time taken:  0.2431652545928955
Test Loss: 0.0000, Test Accuracy: 0.9967, Energy: -1009579.875
Time taken:  0.24283313751220703
Test Loss: 0.0000, Test Accuracy: 0.9967, Energy: -1021829.75
Time taken:  0.2503516674041748
Test Loss: 0.0000, Test Accuracy: 0.9967, Energy: -1032462.125
Time taken:  0.24586129188537598
Test Loss: 0.0000, Test Accuracy: 0.9967, Energy: -1042812.125
Time taken:  0.24536943435668945
Test Loss: 0.0000, Test Accuracy: 0.9967, Energy: -1051854.5
Time taken:  0.2559092044830322
Test Loss: 0.0000, Test Accuracy: 0.9967, Energy: -1060468.125
Time taken:  0.254361629486084
Test Loss: 0.0000, Test Accuracy: 0.9967, Energy: -1068775.25
Time taken:  0.24872803688049316
Test Loss: 0.0000, Test Accuracy: 0.9967, Energy: -1075453.875
Time taken:  0.2432861328125
Test Loss: 0.0000, Test Accuracy: 0.9933, Energy: -1082498.25
Time taken:  0.24426627159118652
Test Loss: 0.0000, Test Accuracy: 0.9967, Energy: -1087976.625
Time taken:  0.24854516983032227
Test Loss: 0.0000, Test Accuracy: 0.9967, Energy: -1093106.5
Time taken:  0.24390864372253418
Test Loss: 0.0000, Test Accuracy: 0.9967, Energy: -1097450.5
Time taken:  0.24773836135864258
Test Loss: 0.0000, Test Accuracy: 0.9967, Energy: -1101450.0
Time taken:  0.24167799949645996
Test Loss: 0.0000, Test Accuracy: 0.9967, Energy: -1105811.5
Time taken:  0.24597859382629395
Test Loss: 0.0000, Test Accuracy: 1.0000, Energy: -1109802.25
Time taken:  0.2468879222869873
Test Loss: 0.0000, Test Accuracy: 1.0000, Energy: -1112926.0
Time taken:  0.2583012580871582
Test Loss: 0.0000, Test Accuracy: 1.0000, Energy: -1115749.875
Time taken:  0.24767184257507324
Test Loss: 0.0000, Test Accuracy: 0.9967, Energy: -1118063.0
Time taken:  0.24387812614440918
Test Loss: 0.0000, Test Accuracy: 0.9967, Energy: -1120457.125
Time taken:  0.24504470825195312
Test Loss: 0.0000, Test Accuracy: 0.9933, Energy: -1122906.875
Time taken:  0.2510950565338135
Test Loss: 0.0000, Test Accuracy: 0.9933, Energy: -1124631.25
Time taken:  0.24044322967529297
Test Loss: 0.0000, Test Accuracy: 0.9933, Energy: -1126575.625
Time taken:  0.24162840843200684
Test Loss: 0.0000, Test Accuracy: 0.9933, Energy: -1128186.0
Time taken:  0.2471158504486084
Test Loss: 0.0000, Test Accuracy: 0.9967, Energy: -1129779.625
Time taken:  0.24703359603881836
Test Loss: 0.0000, Test Accuracy: 0.9967, Energy: -1130999.25
Time taken:  0.2461528778076172
Test Loss: 0.0000, Test Accuracy: 0.9967, Energy: -1132380.5
Time taken:  0.2442176342010498
Test Loss: 0.0000, Test Accuracy: 0.9967, Energy: -1133690.75
Time taken:  0.2591383457183838
Test Loss: 0.0000, Test Accuracy: 0.9967, Energy: -1134596.625
Time taken:  0.25137877464294434
Test Loss: 0.0000, Test Accuracy: 0.9967, Energy: -1135410.25
Time taken:  0.260448694229126
Test Loss: 0.0000, Test Accuracy: 0.9967, Energy: -1136249.625
Time taken:  0.2500014305114746
Test Loss: 0.0000, Test Accuracy: 0.9967, Energy: -1136944.75
Time taken:  0.24235153198242188
Test Loss: 0.0000, Test Accuracy: 0.9967, Energy: -1137732.0
Time taken:  0.24597859382629395
Test Loss: 0.0000, Test Accuracy: 0.9967, Energy: -1138075.25
Time taken:  0.2613840103149414
Test Loss: 0.0000, Test Accuracy: 0.9967, Energy: -1138614.75
Time taken:  0.24576282501220703
Test Loss: 0.0000, Test Accuracy: 0.9967, Energy: -1139184.75
Time taken:  0.2674257755279541
Test Loss: 0.0000, Test Accuracy: 0.9967, Energy: -1139727.375
Time taken:  0.24704551696777344
Test Loss: 0.0000, Test Accuracy: 0.9967, Energy: -1140596.5
Time taken:  0.25789785385131836
Test Loss: 0.0000, Test Accuracy: 0.9967, Energy: -1140977.75
Time taken:  0.2540261745452881
Test Loss: 0.0000, Test Accuracy: 0.9967, Energy: -1141128.25
Time taken:  0.24390697479248047
Test Loss: 0.0000, Test Accuracy: 0.9967, Energy: -1141661.375
Time taken:  0.24922490119934082
Test Loss: 0.0000, Test Accuracy: 0.9967, Energy: -1141730.0
Time taken:  0.24331974983215332
Test Loss: 0.0000, Test Accuracy: 0.9967, Energy: -1142105.0
Time taken:  0.24512338638305664
Test Loss: 0.0000, Test Accuracy: 0.9967, Energy: -1142433.25
Time taken:  0.2505793571472168
Test Loss: 0.0000, Test Accuracy: 0.9967, Energy: -1142558.25
Time taken:  0.25812816619873047
Test Loss: 0.0000, Test Accuracy: 0.9967, Energy: -1142327.25
Time taken:  0.24822282791137695
Test Loss: 0.0000, Test Accuracy: 0.9967, Energy: -1142531.875
Time taken:  0.24708008766174316
Test Loss: 0.0000, Test Accuracy: 0.9967, Energy: -1142506.75
Time taken:  0.2509009838104248
Test Loss: 0.0000, Test Accuracy: 0.9967, Energy: -1142729.25
Time taken:  0.250032901763916
Test Loss: 0.0000, Test Accuracy: 0.9967, Energy: -1142828.25
Time taken:  0.24218440055847168
Test Loss: 0.0000, Test Accuracy: 0.9967, Energy: -1142900.25
Time taken:  0.24991559982299805
Test Loss: 0.0000, Test Accuracy: 0.9967, Energy: -1142704.375
Time taken:  0.24245786666870117
Test Loss: 0.0000, Test Accuracy: 0.9967, Energy: -1142936.375
Time taken:  0.24263763427734375
Test Loss: 0.0000, Test Accuracy: 0.9967, Energy: -1142933.0
Time taken:  0.24817681312561035
Test Loss: 0.0000, Test Accuracy: 0.9967, Energy: -1143222.5
Time taken:  0.2426149845123291
Test Loss: 0.0000, Test Accuracy: 0.9967, Energy: -1143139.0
Time taken:  0.24268794059753418
Test Loss: 0.0000, Test Accuracy: 0.9967, Energy: -1143400.375
Time taken:  0.24756789207458496
Test Loss: 0.0000, Test Accuracy: 0.9967, Energy: -1143537.375
Time taken:  0.24365973472595215
Test Loss: 0.0000, Test Accuracy: 0.9967, Energy: -1143482.25
Time taken:  0.24936223030090332
Test Loss: 0.0000, Test Accuracy: 0.9933, Energy: -1144144.875
Time taken:  0.2468273639678955
Test Loss: 0.0000, Test Accuracy: 0.9967, Energy: -1142611.25
Time taken:  0.24511408805847168
Test Loss: 0.0000, Test Accuracy: 0.9967, Energy: -1142291.25
Time taken:  0.250781774520874
Test Loss: 0.0000, Test Accuracy: 0.9967, Energy: -1141892.75
Time taken:  0.24372386932373047
Test Loss: 0.0000, Test Accuracy: 0.9967, Energy: -1141508.75
Time taken:  0.2494504451751709
Test Loss: 0.0000, Test Accuracy: 0.9967, Energy: -1141074.625
Time taken:  0.2455005645751953
Test Loss: 0.0000, Test Accuracy: 0.9967, Energy: -1141122.75
Time taken:  0.24491500854492188
Test Loss: 0.0000, Test Accuracy: 0.9967, Energy: -1139843.875
Time taken:  0.24889898300170898
Test Loss: 0.0000, Test Accuracy: 0.9967, Energy: -1139471.25
Time taken:  0.24331188201904297
Test Loss: 0.0000, Test Accuracy: 0.9967, Energy: -1138990.375
Time taken:  0.24734759330749512
Test Loss: 0.0000, Test Accuracy: 0.9967, Energy: -1138997.25
Time taken:  0.24321794509887695
Test Loss: 0.0000, Test Accuracy: 0.9967, Energy: -1138760.625
Time taken:  0.24220538139343262
Test Loss: 0.0000, Test Accuracy: 0.9967, Energy: -1138675.25
Time taken:  0.24687552452087402
Test Loss: 0.0000, Test Accuracy: 0.9967, Energy: -1138447.75
Time taken:  0.24361491203308105
Test Loss: 0.0000, Test Accuracy: 0.9967, Energy: -1138735.375
Time taken:  0.24322962760925293
Test Loss: 0.0000, Test Accuracy: 0.9967, Energy: -1138524.25
Time taken:  0.24816489219665527
Test Loss: 0.0000, Test Accuracy: 0.9967, Energy: -1138092.0
Time taken:  0.2448410987854004
Final accuracies: [0.6833333333333333, 0.9966666666666667, 0.9966666666666667, 0.9966666666666667, 0.9966666666666667, 0.9966666666666667, 0.9966666666666667, 0.9966666666666667, 1.0, 0.9966666666666667, 0.9966666666666667, 0.9966666666666667, 0.9966666666666667, 0.9966666666666667, 0.9966666666666667, 0.9966666666666667, 0.9966666666666667, 0.9966666666666667, 0.9966666666666667, 0.9966666666666667, 0.9966666666666667, 0.9966666666666667, 0.9966666666666667, 0.9966666666666667, 0.9966666666666667, 0.9966666666666667, 0.9966666666666667, 0.9966666666666667, 0.9966666666666667, 0.9966666666666667, 0.9966666666666667, 0.9966666666666667, 0.9966666666666667, 0.9933333333333333, 0.9966666666666667, 0.9966666666666667, 0.9966666666666667, 0.9966666666666667, 0.9966666666666667, 1.0, 1.0, 1.0, 0.9966666666666667, 0.9966666666666667, 0.9933333333333333, 0.9933333333333333, 0.9933333333333333, 0.9933333333333333, 0.9966666666666667, 0.9966666666666667, 0.9966666666666667, 0.9966666666666667, 0.9966666666666667, 0.9966666666666667, 0.9966666666666667, 0.9966666666666667, 0.9966666666666667, 0.9966666666666667, 0.9966666666666667, 0.9966666666666667, 0.9966666666666667, 0.9966666666666667, 0.9966666666666667, 0.9966666666666667, 0.9966666666666667, 0.9966666666666667, 0.9966666666666667, 0.9966666666666667, 0.9966666666666667, 0.9966666666666667, 0.9966666666666667, 0.9966666666666667, 0.9966666666666667, 0.9966666666666667, 0.9966666666666667, 0.9966666666666667, 0.9966666666666667, 0.9966666666666667, 0.9966666666666667, 0.9966666666666667, 0.9966666666666667, 0.9966666666666667, 0.9966666666666667, 0.9933333333333333, 0.9966666666666667, 0.9966666666666667, 0.9966666666666667, 0.9966666666666667, 0.9966666666666667, 0.9966666666666667, 0.9966666666666667, 0.9966666666666667, 0.9966666666666667, 0.9966666666666667, 0.9966666666666667, 0.9966666666666667, 0.9966666666666667, 0.9966666666666667, 0.9966666666666667, 0.9966666666666667]
Final energies: [294.86895751953125, -834.8042602539062, -8628.4375, -41770.70703125, -113063.28125, -216223.4375, -312852.1875, -397029.40625, -469970.875, -534184.625, -591006.3125, -643179.25, -688522.875, -731030.75, -769249.0625, -803475.25, -833777.75, -861344.625, -886390.6875, -909693.0, -930676.5, -949322.75, -966191.3125, -982995.125, -996529.625, -1009579.875, -1021829.75, -1032462.125, -1042812.125, -1051854.5, -1060468.125, -1068775.25, -1075453.875, -1082498.25, -1087976.625, -1093106.5, -1097450.5, -1101450.0, -1105811.5, -1109802.25, -1112926.0, -1115749.875, -1118063.0, -1120457.125, -1122906.875, -1124631.25, -1126575.625, -1128186.0, -1129779.625, -1130999.25, -1132380.5, -1133690.75, -1134596.625, -1135410.25, -1136249.625, -1136944.75, -1137732.0, -1138075.25, -1138614.75, -1139184.75, -1139727.375, -1140596.5, -1140977.75, -1141128.25, -1141661.375, -1141730.0, -1142105.0, -1142433.25, -1142558.25, -1142327.25, -1142531.875, -1142506.75, -1142729.25, -1142828.25, -1142900.25, -1142704.375, -1142936.375, -1142933.0, -1143222.5, -1143139.0, -1143400.375, -1143537.375, -1143482.25, -1144144.875, -1142611.25, -1142291.25, -1141892.75, -1141508.75, -1141074.625, -1141122.75, -1139843.875, -1139471.25, -1138990.375, -1138997.25, -1138760.625, -1138675.25, -1138447.75, -1138735.375, -1138524.25, -1138092.0]
