Running with parameters: hidden=30, use_coupled=true, seed=64, lam=0.5, eta=0.5, batch=100
Test Loss: 0.0000, Test Accuracy: 0.8833, Energy: 128.79672241210938
Time taken:  0.2589108943939209
Test Loss: 0.0000, Test Accuracy: 0.9967, Energy: -2055.03564453125
Time taken:  0.27574968338012695
Test Loss: 0.0000, Test Accuracy: 0.9967, Energy: -12959.953125
Time taken:  0.2523360252380371
Test Loss: 0.0000, Test Accuracy: 1.0000, Energy: -45810.6953125
Time taken:  0.24759888648986816
Test Loss: 0.0000, Test Accuracy: 1.0000, Energy: -109792.625
Time taken:  0.2695775032043457
Test Loss: 0.0000, Test Accuracy: 0.9967, Energy: -201901.3125
Time taken:  0.2388749122619629
Test Loss: 0.0000, Test Accuracy: 0.9967, Energy: -291062.78125
Time taken:  0.2377910614013672
Test Loss: 0.0000, Test Accuracy: 0.9967, Energy: -370788.9375
Time taken:  0.2586679458618164
Test Loss: 0.0000, Test Accuracy: 0.9967, Energy: -438499.8125
Time taken:  0.23899221420288086
Test Loss: 0.0000, Test Accuracy: 0.9967, Energy: -499205.4375
Time taken:  0.23934483528137207
Test Loss: 0.0000, Test Accuracy: 0.9967, Energy: -554524.6875
Time taken:  0.23519420623779297
Test Loss: 0.0000, Test Accuracy: 0.9967, Energy: -602688.0
Time taken:  0.23508977890014648
Test Loss: 0.0000, Test Accuracy: 0.9967, Energy: -645555.875
Time taken:  0.23773455619812012
Test Loss: 0.0000, Test Accuracy: 0.9967, Energy: -683845.1875
Time taken:  0.2349104881286621
Test Loss: 0.0000, Test Accuracy: 0.9967, Energy: -719825.6875
Time taken:  0.23475909233093262
Test Loss: 0.0000, Test Accuracy: 0.9967, Energy: -752961.75
Time taken:  0.23706436157226562
Test Loss: 0.0000, Test Accuracy: 0.9967, Energy: -781841.5625
Time taken:  0.23517847061157227
Test Loss: 0.0000, Test Accuracy: 0.9967, Energy: -808690.0
Time taken:  0.23779058456420898
Test Loss: 0.0000, Test Accuracy: 0.9967, Energy: -832554.375
Time taken:  0.2357490062713623
Test Loss: 0.0000, Test Accuracy: 0.9967, Energy: -854033.8125
Time taken:  0.2356109619140625
Test Loss: 0.0000, Test Accuracy: 0.9967, Energy: -873410.125
Time taken:  0.2381880283355713
Test Loss: 0.0000, Test Accuracy: 0.9967, Energy: -891914.4375
Time taken:  0.23750734329223633
Test Loss: 0.0000, Test Accuracy: 0.9967, Energy: -907895.0625
Time taken:  0.253309965133667
Test Loss: 0.0000, Test Accuracy: 0.9967, Energy: -922950.625
Time taken:  0.24141883850097656
Test Loss: 0.0000, Test Accuracy: 0.9967, Energy: -936154.125
Time taken:  0.25806164741516113
Test Loss: 0.0000, Test Accuracy: 0.9967, Energy: -948750.4375
Time taken:  0.24001789093017578
Test Loss: 0.0000, Test Accuracy: 0.9967, Energy: -959274.375
Time taken:  0.23418760299682617
Test Loss: 0.0000, Test Accuracy: 0.9967, Energy: -969424.625
Time taken:  0.23269200325012207
Test Loss: 0.0000, Test Accuracy: 0.9967, Energy: -978990.625
Time taken:  0.23755097389221191
Test Loss: 0.0000, Test Accuracy: 0.9967, Energy: -987305.375
Time taken:  0.23454761505126953
Test Loss: 0.0000, Test Accuracy: 0.9967, Energy: -994977.5
Time taken:  0.23480963706970215
Test Loss: 0.0000, Test Accuracy: 0.9967, Energy: -1002645.25
Time taken:  0.23731637001037598
Test Loss: 0.0000, Test Accuracy: 0.9967, Energy: -1009371.125
Time taken:  0.23439240455627441
Test Loss: 0.0000, Test Accuracy: 0.9967, Energy: -1014585.4375
Time taken:  0.24098777770996094
Test Loss: 0.0000, Test Accuracy: 0.9967, Energy: -1020196.75
Time taken:  0.2472236156463623
Test Loss: 0.0000, Test Accuracy: 0.9967, Energy: -1025187.75
Time taken:  0.23333215713500977
Test Loss: 0.0000, Test Accuracy: 0.9967, Energy: -1029067.25
Time taken:  0.24058318138122559
Test Loss: 0.0000, Test Accuracy: 0.9967, Energy: -1033049.5
Time taken:  0.23967218399047852
Test Loss: 0.0000, Test Accuracy: 0.9967, Energy: -1036943.3125
Time taken:  0.23355627059936523
Test Loss: 0.0000, Test Accuracy: 0.9967, Energy: -1040119.125
Time taken:  0.23855328559875488
Test Loss: 0.0000, Test Accuracy: 0.9967, Energy: -1043497.75
Time taken:  0.24724149703979492
Test Loss: 0.0000, Test Accuracy: 0.9967, Energy: -1046266.5
Time taken:  0.24239516258239746
Test Loss: 0.0000, Test Accuracy: 0.9967, Energy: -1048697.75
Time taken:  0.2333509922027588
Test Loss: 0.0000, Test Accuracy: 0.9967, Energy: -1051000.75
Time taken:  0.23032236099243164
Test Loss: 0.0000, Test Accuracy: 0.9967, Energy: -1053059.375
Time taken:  0.23569607734680176
Test Loss: 0.0000, Test Accuracy: 0.9967, Energy: -1055074.5
Time taken:  0.24427199363708496
Test Loss: 0.0000, Test Accuracy: 0.9967, Energy: -1056777.0
Time taken:  0.24784302711486816
Test Loss: 0.0000, Test Accuracy: 0.9967, Energy: -1057981.0
Time taken:  0.2324085235595703
Test Loss: 0.0000, Test Accuracy: 0.9967, Energy: -1059428.875
Time taken:  0.23697471618652344
Test Loss: 0.0000, Test Accuracy: 0.9967, Energy: -1061005.125
Time taken:  0.2367537021636963
Test Loss: 0.0000, Test Accuracy: 0.9967, Energy: -1061914.625
Time taken:  0.23671460151672363
Test Loss: 0.0000, Test Accuracy: 0.9967, Energy: -1063050.25
Time taken:  0.251082181930542
Test Loss: 0.0000, Test Accuracy: 0.9967, Energy: -1064083.25
Time taken:  0.239410400390625
Test Loss: 0.0000, Test Accuracy: 0.9967, Energy: -1065085.0
Time taken:  0.24853110313415527
Test Loss: 0.0000, Test Accuracy: 0.9967, Energy: -1065566.875
Time taken:  0.23960542678833008
Test Loss: 0.0000, Test Accuracy: 0.9967, Energy: -1066127.5
Time taken:  0.23310232162475586
Test Loss: 0.0000, Test Accuracy: 0.9967, Energy: -1066997.875
Time taken:  0.23073458671569824
Test Loss: 0.0000, Test Accuracy: 0.9967, Energy: -1067512.0
Time taken:  0.2379436492919922
Test Loss: 0.0000, Test Accuracy: 0.9967, Energy: -1068088.0
Time taken:  0.25182127952575684
Test Loss: 0.0000, Test Accuracy: 0.9967, Energy: -1068665.875
Time taken:  0.23764848709106445
Test Loss: 0.0000, Test Accuracy: 0.9967, Energy: -1069150.875
Time taken:  0.2525794506072998
Test Loss: 0.0000, Test Accuracy: 0.9967, Energy: -1069751.125
Time taken:  0.2358098030090332
Test Loss: 0.0000, Test Accuracy: 0.9967, Energy: -1069643.625
Time taken:  0.2514464855194092
Test Loss: 0.0000, Test Accuracy: 0.9967, Energy: -1070104.75
Time taken:  0.2367696762084961
Test Loss: 0.0000, Test Accuracy: 0.9967, Energy: -1069966.0
Time taken:  0.2346961498260498
Test Loss: 0.0000, Test Accuracy: 0.9967, Energy: -1070480.375
Time taken:  0.23754382133483887
Test Loss: 0.0000, Test Accuracy: 0.9967, Energy: -1070687.5
Time taken:  0.23483610153198242
Test Loss: 0.0000, Test Accuracy: 0.9967, Energy: -1070921.5
Time taken:  0.23305368423461914
Test Loss: 0.0000, Test Accuracy: 0.9967, Energy: -1071121.875
Time taken:  0.23845314979553223
Test Loss: 0.0000, Test Accuracy: 0.9967, Energy: -1071217.5
Time taken:  0.23245692253112793
Test Loss: 0.0000, Test Accuracy: 0.9967, Energy: -1071376.125
Time taken:  0.2386763095855713
Test Loss: 0.0000, Test Accuracy: 0.9967, Energy: -1071750.875
Time taken:  0.23418331146240234
Test Loss: 0.0000, Test Accuracy: 0.9967, Energy: -1071795.875
Time taken:  0.23330140113830566
Test Loss: 0.0000, Test Accuracy: 0.9967, Energy: -1071819.5
Time taken:  0.23698735237121582
Test Loss: 0.0000, Test Accuracy: 0.9967, Energy: -1072052.75
Time taken:  0.23158621788024902
Test Loss: 0.0000, Test Accuracy: 0.9967, Energy: -1072148.125
Time taken:  0.2326672077178955
Test Loss: 0.0000, Test Accuracy: 0.9967, Energy: -1072480.875
Time taken:  0.24016857147216797
Test Loss: 0.0000, Test Accuracy: 0.9967, Energy: -1072520.25
Time taken:  0.23418951034545898
Test Loss: 0.0000, Test Accuracy: 0.9967, Energy: -1072636.5
Time taken:  0.2364494800567627
Test Loss: 0.0000, Test Accuracy: 0.9967, Energy: -1072599.75
Time taken:  0.23494791984558105
Test Loss: 0.0000, Test Accuracy: 0.9967, Energy: -1072592.375
Time taken:  0.23966622352600098
Test Loss: 0.0000, Test Accuracy: 0.9967, Energy: -1072661.75
Time taken:  0.24209976196289062
Test Loss: 0.0000, Test Accuracy: 0.9967, Energy: -1072655.375
Time taken:  0.23331046104431152
Test Loss: 0.0000, Test Accuracy: 0.9967, Energy: -1072782.25
Time taken:  0.23396635055541992
Test Loss: 0.0000, Test Accuracy: 0.9967, Energy: -1072879.625
Time taken:  0.2370600700378418
Test Loss: 0.0000, Test Accuracy: 0.9967, Energy: -1072808.0
Time taken:  0.23416852951049805
Test Loss: 0.0000, Test Accuracy: 0.9967, Energy: -1072546.75
Time taken:  0.23903203010559082
Test Loss: 0.0000, Test Accuracy: 0.9967, Energy: -1072911.75
Time taken:  0.23471570014953613
Test Loss: 0.0000, Test Accuracy: 0.9967, Energy: -1072806.0
Time taken:  0.23446893692016602
Test Loss: 0.0000, Test Accuracy: 0.9967, Energy: -1072826.75
Time taken:  0.23798370361328125
Test Loss: 0.0000, Test Accuracy: 0.9967, Energy: -1073122.625
Time taken:  0.23352622985839844
Test Loss: 0.0000, Test Accuracy: 0.9967, Energy: -1072759.75
Time taken:  0.23302721977233887
Test Loss: 0.0000, Test Accuracy: 0.9967, Energy: -1072867.0
Time taken:  0.23652243614196777
Test Loss: 0.0000, Test Accuracy: 0.9967, Energy: -1073021.125
Time taken:  0.23318958282470703
Test Loss: 0.0000, Test Accuracy: 0.9967, Energy: -1073033.625
Time taken:  0.23796415328979492
Test Loss: 0.0000, Test Accuracy: 0.9967, Energy: -1072834.5
Time taken:  0.23376679420471191
Test Loss: 0.0000, Test Accuracy: 0.9967, Energy: -1072964.875
Time taken:  0.232330322265625
Test Loss: 0.0000, Test Accuracy: 0.9967, Energy: -1072884.5
Time taken:  0.23823142051696777
Test Loss: 0.0000, Test Accuracy: 0.9967, Energy: -1072984.375
Time taken:  0.23460650444030762
Test Loss: 0.0000, Test Accuracy: 0.9967, Energy: -1073190.0
Time taken:  0.23484063148498535
Final accuracies: [0.8833333333333333, 0.9966666666666667, 0.9966666666666667, 1.0, 1.0, 0.9966666666666667, 0.9966666666666667, 0.9966666666666667, 0.9966666666666667, 0.9966666666666667, 0.9966666666666667, 0.9966666666666667, 0.9966666666666667, 0.9966666666666667, 0.9966666666666667, 0.9966666666666667, 0.9966666666666667, 0.9966666666666667, 0.9966666666666667, 0.9966666666666667, 0.9966666666666667, 0.9966666666666667, 0.9966666666666667, 0.9966666666666667, 0.9966666666666667, 0.9966666666666667, 0.9966666666666667, 0.9966666666666667, 0.9966666666666667, 0.9966666666666667, 0.9966666666666667, 0.9966666666666667, 0.9966666666666667, 0.9966666666666667, 0.9966666666666667, 0.9966666666666667, 0.9966666666666667, 0.9966666666666667, 0.9966666666666667, 0.9966666666666667, 0.9966666666666667, 0.9966666666666667, 0.9966666666666667, 0.9966666666666667, 0.9966666666666667, 0.9966666666666667, 0.9966666666666667, 0.9966666666666667, 0.9966666666666667, 0.9966666666666667, 0.9966666666666667, 0.9966666666666667, 0.9966666666666667, 0.9966666666666667, 0.9966666666666667, 0.9966666666666667, 0.9966666666666667, 0.9966666666666667, 0.9966666666666667, 0.9966666666666667, 0.9966666666666667, 0.9966666666666667, 0.9966666666666667, 0.9966666666666667, 0.9966666666666667, 0.9966666666666667, 0.9966666666666667, 0.9966666666666667, 0.9966666666666667, 0.9966666666666667, 0.9966666666666667, 0.9966666666666667, 0.9966666666666667, 0.9966666666666667, 0.9966666666666667, 0.9966666666666667, 0.9966666666666667, 0.9966666666666667, 0.9966666666666667, 0.9966666666666667, 0.9966666666666667, 0.9966666666666667, 0.9966666666666667, 0.9966666666666667, 0.9966666666666667, 0.9966666666666667, 0.9966666666666667, 0.9966666666666667, 0.9966666666666667, 0.9966666666666667, 0.9966666666666667, 0.9966666666666667, 0.9966666666666667, 0.9966666666666667, 0.9966666666666667, 0.9966666666666667, 0.9966666666666667, 0.9966666666666667, 0.9966666666666667, 0.9966666666666667]
Final energies: [128.79672241210938, -2055.03564453125, -12959.953125, -45810.6953125, -109792.625, -201901.3125, -291062.78125, -370788.9375, -438499.8125, -499205.4375, -554524.6875, -602688.0, -645555.875, -683845.1875, -719825.6875, -752961.75, -781841.5625, -808690.0, -832554.375, -854033.8125, -873410.125, -891914.4375, -907895.0625, -922950.625, -936154.125, -948750.4375, -959274.375, -969424.625, -978990.625, -987305.375, -994977.5, -1002645.25, -1009371.125, -1014585.4375, -1020196.75, -1025187.75, -1029067.25, -1033049.5, -1036943.3125, -1040119.125, -1043497.75, -1046266.5, -1048697.75, -1051000.75, -1053059.375, -1055074.5, -1056777.0, -1057981.0, -1059428.875, -1061005.125, -1061914.625, -1063050.25, -1064083.25, -1065085.0, -1065566.875, -1066127.5, -1066997.875, -1067512.0, -1068088.0, -1068665.875, -1069150.875, -1069751.125, -1069643.625, -1070104.75, -1069966.0, -1070480.375, -1070687.5, -1070921.5, -1071121.875, -1071217.5, -1071376.125, -1071750.875, -1071795.875, -1071819.5, -1072052.75, -1072148.125, -1072480.875, -1072520.25, -1072636.5, -1072599.75, -1072592.375, -1072661.75, -1072655.375, -1072782.25, -1072879.625, -1072808.0, -1072546.75, -1072911.75, -1072806.0, -1072826.75, -1073122.625, -1072759.75, -1072867.0, -1073021.125, -1073033.625, -1072834.5, -1072964.875, -1072884.5, -1072984.375, -1073190.0]
