Running with parameters: hidden=50, use_coupled=true, seed=72, lam=0.1, eta=0.5
Test Accuracy: 0.9233, Energy: -12.80
Time Taken:  13.592641115188599
Test Accuracy: 0.9233, Energy: -14.87
Time Taken:  13.614504098892212
Test Accuracy: 0.9233, Energy: -13.21
Time Taken:  13.58672833442688
Test Accuracy: 0.9233, Energy: -11.15
Time Taken:  13.653303146362305
Test Accuracy: 0.9233, Energy: -12.84
Time Taken:  13.57493805885315
Test Accuracy: 0.9233, Energy: -21.10
Time Taken:  13.598336458206177
Test Accuracy: 0.9233, Energy: -21.64
Time Taken:  13.669687986373901
Test Accuracy: 0.9200, Energy: -22.85
Time Taken:  13.668678045272827
Test Accuracy: 0.9200, Energy: -25.13
Time Taken:  13.615484237670898
Test Accuracy: 0.9200, Energy: -30.34
Time Taken:  13.594487428665161
Test Accuracy: 0.9200, Energy: -32.14
Time Taken:  13.622800827026367
Test Accuracy: 0.9200, Energy: -32.32
Time Taken:  13.685776472091675
Test Accuracy: 0.9200, Energy: -31.63
Time Taken:  13.634961605072021
Test Accuracy: 0.9200, Energy: -33.90
Time Taken:  13.651792764663696
Test Accuracy: 0.9200, Energy: -37.24
Time Taken:  13.660721778869629
Test Accuracy: 0.9200, Energy: -34.43
Time Taken:  13.68520998954773
Test Accuracy: 0.9200, Energy: -35.46
Time Taken:  13.692810773849487
Test Accuracy: 0.9200, Energy: -36.70
Time Taken:  13.64352560043335
Test Accuracy: 0.9200, Energy: -35.46
Time Taken:  13.657786130905151
Test Accuracy: 0.9167, Energy: -37.42
Time Taken:  13.742308855056763
Test Accuracy: 0.9133, Energy: -38.42
Time Taken:  13.594461441040039
Test Accuracy: 0.9167, Energy: -40.29
Time Taken:  13.632291793823242
Test Accuracy: 0.9133, Energy: -37.35
Time Taken:  13.645421028137207
Test Accuracy: 0.9267, Energy: -39.08
Time Taken:  13.62853193283081
Test Accuracy: 0.9267, Energy: -36.91
Time Taken:  13.581163167953491
Test Accuracy: 0.9100, Energy: -35.33
Time Taken:  13.58678674697876
Test Accuracy: 0.9267, Energy: -38.58
Time Taken:  13.615680932998657
Test Accuracy: 0.9267, Energy: -37.03
Time Taken:  13.695796728134155
Test Accuracy: 0.9267, Energy: -37.97
Time Taken:  13.589492797851562
Test Accuracy: 0.9233, Energy: -42.08
Time Taken:  13.600434303283691
Test Accuracy: 0.9200, Energy: -40.91
Time Taken:  13.639679431915283
Test Accuracy: 0.9200, Energy: -38.56
Time Taken:  13.61076307296753
Test Accuracy: 0.9200, Energy: -37.08
Time Taken:  13.627825736999512
Test Accuracy: 0.9200, Energy: -35.84
Time Taken:  13.62053108215332
Test Accuracy: 0.9200, Energy: -34.67
Time Taken:  13.621490240097046
Test Accuracy: 0.9200, Energy: -34.37
Time Taken:  13.697301149368286
Test Accuracy: 0.9233, Energy: -31.52
Time Taken:  13.612730503082275
Test Accuracy: 0.9233, Energy: -32.73
Time Taken:  13.656724691390991
Test Accuracy: 0.9233, Energy: -29.76
Time Taken:  13.633641958236694
Test Accuracy: 0.9233, Energy: -29.70
Time Taken:  13.625224590301514
Test Accuracy: 0.9233, Energy: -27.12
Time Taken:  13.605026483535767
Test Accuracy: 0.9233, Energy: -30.07
Time Taken:  13.571797132492065
Test Accuracy: 0.9233, Energy: -34.92
Time Taken:  13.57588505744934
Test Accuracy: 0.9233, Energy: -34.60
Time Taken:  13.639516592025757
Test Accuracy: 0.9233, Energy: -33.38
Time Taken:  13.522499561309814
Test Accuracy: 0.9233, Energy: -37.21
Time Taken:  13.54828405380249
Test Accuracy: 0.9267, Energy: -35.39
Time Taken:  13.599303245544434
Test Accuracy: 0.9100, Energy: -38.56
Time Taken:  13.5955228805542
Test Accuracy: 0.9100, Energy: -39.30
Time Taken:  13.619373083114624
Test Accuracy: 0.9100, Energy: -40.92
Time Taken:  13.585121631622314
Test Accuracy: 0.8967, Energy: -41.26
Time Taken:  13.57654333114624
Test Accuracy: 0.9000, Energy: -43.63
Time Taken:  13.644732236862183
Test Accuracy: 0.9200, Energy: -45.43
Time Taken:  13.563481569290161
Test Accuracy: 0.9200, Energy: -46.88
Time Taken:  13.612006902694702
Test Accuracy: 0.9200, Energy: -49.80
Time Taken:  13.581708192825317
Test Accuracy: 0.9200, Energy: -50.60
Time Taken:  13.572219848632812
Test Accuracy: 0.9233, Energy: -47.78
Time Taken:  13.57286024093628
Test Accuracy: 0.9167, Energy: -48.27
Time Taken:  13.579387664794922
Test Accuracy: 0.9200, Energy: -51.89
Time Taken:  13.655035972595215
Test Accuracy: 0.9200, Energy: -55.21
Time Taken:  13.557655334472656
Test Accuracy: 0.9200, Energy: -52.35
Time Taken:  13.564692258834839
Test Accuracy: 0.9200, Energy: -49.04
Time Taken:  13.572904825210571
Test Accuracy: 0.9200, Energy: -49.03
Time Taken:  13.540613174438477
Test Accuracy: 0.9033, Energy: -52.60
Time Taken:  13.507267236709595
Test Accuracy: 0.9033, Energy: -52.83
Time Taken:  13.504742622375488
Test Accuracy: 0.9033, Energy: -54.84
Time Taken:  13.461434602737427
Test Accuracy: 0.9033, Energy: -57.12
Time Taken:  13.51804804801941
Test Accuracy: 0.9033, Energy: -60.54
Time Taken:  13.428086996078491
Test Accuracy: 0.9033, Energy: -66.45
Time Taken:  13.448426961898804
Test Accuracy: 0.9033, Energy: -61.40
Time Taken:  13.482158184051514
Test Accuracy: 0.9033, Energy: -63.10
Time Taken:  13.468347787857056
Test Accuracy: 0.9000, Energy: -66.09
Time Taken:  13.45666217803955
Test Accuracy: 0.9000, Energy: -63.38
Time Taken:  13.455197811126709
Test Accuracy: 0.9000, Energy: -66.23
Time Taken:  13.485090494155884
Test Accuracy: 0.9200, Energy: -60.47
Time Taken:  13.556149959564209
Test Accuracy: 0.9200, Energy: -56.88
Time Taken:  13.44657278060913
Test Accuracy: 0.9200, Energy: -55.28
Time Taken:  13.493161916732788
Test Accuracy: 0.9200, Energy: -54.88
Time Taken:  13.495598554611206
Test Accuracy: 0.9200, Energy: -53.40
Time Taken:  13.514817714691162
Test Accuracy: 0.9200, Energy: -50.87
Time Taken:  13.504926204681396
Test Accuracy: 0.9000, Energy: -49.14
Time Taken:  13.527047157287598
Test Accuracy: 0.9000, Energy: -48.78
Time Taken:  13.524575471878052
Test Accuracy: 0.8967, Energy: -48.49
Time Taken:  13.598437070846558
Test Accuracy: 0.8967, Energy: -50.10
Time Taken:  13.524404287338257
Test Accuracy: 0.8967, Energy: -53.01
Time Taken:  13.57975721359253
Test Accuracy: 0.8967, Energy: -54.41
Time Taken:  13.598310708999634
Test Accuracy: 0.8967, Energy: -59.17
Time Taken:  13.618321657180786
Test Accuracy: 0.8967, Energy: -58.67
Time Taken:  13.648681879043579
Test Accuracy: 0.8967, Energy: -59.10
Time Taken:  13.646384477615356
Test Accuracy: 0.8967, Energy: -63.73
Time Taken:  13.66509222984314
Test Accuracy: 0.8967, Energy: -67.74
Time Taken:  13.727730751037598
Test Accuracy: 0.9000, Energy: -66.50
Time Taken:  13.643710613250732
Test Accuracy: 0.9000, Energy: -70.49
Time Taken:  13.675425291061401
Test Accuracy: 0.9133, Energy: -70.71
Time Taken:  13.669668912887573
Test Accuracy: 0.9167, Energy: -70.13
Time Taken:  13.670722484588623
Test Accuracy: 0.9167, Energy: -74.21
Time Taken:  13.653583526611328
Test Accuracy: 0.9167, Energy: -70.70
Time Taken:  13.64354920387268
Test Accuracy: 0.9200, Energy: -69.05
Time Taken:  13.642365217208862
Test Accuracy: 0.9200, Energy: -69.72
Time Taken:  13.633766651153564
Test Accuracy: 0.9200, Energy: -70.26
Time Taken:  13.567142963409424
Final accuracies: [0.9233333333333333, 0.9233333333333333, 0.9233333333333333, 0.9233333333333333, 0.9233333333333333, 0.9233333333333333, 0.9233333333333333, 0.92, 0.92, 0.92, 0.92, 0.92, 0.92, 0.92, 0.92, 0.92, 0.92, 0.92, 0.92, 0.9166666666666666, 0.9133333333333333, 0.9166666666666666, 0.9133333333333333, 0.9266666666666666, 0.9266666666666666, 0.91, 0.9266666666666666, 0.9266666666666666, 0.9266666666666666, 0.9233333333333333, 0.92, 0.92, 0.92, 0.92, 0.92, 0.92, 0.9233333333333333, 0.9233333333333333, 0.9233333333333333, 0.9233333333333333, 0.9233333333333333, 0.9233333333333333, 0.9233333333333333, 0.9233333333333333, 0.9233333333333333, 0.9233333333333333, 0.9266666666666666, 0.91, 0.91, 0.91, 0.8966666666666666, 0.9, 0.92, 0.92, 0.92, 0.92, 0.9233333333333333, 0.9166666666666666, 0.92, 0.92, 0.92, 0.92, 0.92, 0.9033333333333333, 0.9033333333333333, 0.9033333333333333, 0.9033333333333333, 0.9033333333333333, 0.9033333333333333, 0.9033333333333333, 0.9033333333333333, 0.9, 0.9, 0.9, 0.92, 0.92, 0.92, 0.92, 0.92, 0.92, 0.9, 0.9, 0.8966666666666666, 0.8966666666666666, 0.8966666666666666, 0.8966666666666666, 0.8966666666666666, 0.8966666666666666, 0.8966666666666666, 0.8966666666666666, 0.8966666666666666, 0.9, 0.9, 0.9133333333333333, 0.9166666666666666, 0.9166666666666666, 0.9166666666666666, 0.92, 0.92, 0.92]
Final energies: [-12.800363540649414, -14.865121841430664, -13.208781242370605, -11.147191047668457, -12.835427284240723, -21.098154067993164, -21.641414642333984, -22.85080337524414, -25.12570571899414, -30.33524513244629, -32.14348220825195, -32.32304382324219, -31.632949829101562, -33.89777755737305, -37.239810943603516, -34.43460464477539, -35.460594177246094, -36.701778411865234, -35.46022415161133, -37.42211151123047, -38.421443939208984, -40.29151153564453, -37.34868621826172, -39.07832717895508, -36.906654357910156, -35.32841491699219, -38.58177185058594, -37.03435134887695, -37.97058868408203, -42.07539367675781, -40.905738830566406, -38.56039810180664, -37.08338165283203, -35.840850830078125, -34.66902542114258, -34.369850158691406, -31.51976776123047, -32.7303581237793, -29.76401710510254, -29.698448181152344, -27.117456436157227, -30.071819305419922, -34.92464065551758, -34.59914779663086, -33.38390350341797, -37.20608139038086, -35.394554138183594, -38.561588287353516, -39.29566192626953, -40.915489196777344, -41.25985336303711, -43.63351821899414, -45.433631896972656, -46.879539489746094, -49.79790115356445, -50.6032600402832, -47.78038024902344, -48.26616287231445, -51.891273498535156, -55.213478088378906, -52.3540153503418, -49.04298400878906, -49.02589797973633, -52.60362243652344, -52.82593536376953, -54.84048843383789, -57.11980056762695, -60.53760528564453, -66.4536361694336, -61.398597717285156, -63.09910583496094, -66.08842468261719, -63.378379821777344, -66.22907257080078, -60.46800231933594, -56.87866973876953, -55.28335952758789, -54.87724685668945, -53.397705078125, -50.86540222167969, -49.140380859375, -48.78122329711914, -48.48877716064453, -50.10015869140625, -53.00968933105469, -54.408058166503906, -59.16838836669922, -58.67338180541992, -59.09556579589844, -63.73029327392578, -67.74325561523438, -66.50019073486328, -70.48587036132812, -70.70763397216797, -70.12779998779297, -74.2093505859375, -70.70301818847656, -69.04657745361328, -69.72277069091797, -70.25971221923828]
