Running with parameters: hidden=50, use_coupled=true, seed=96, lam=0.1, eta=0.5
Test Accuracy: 0.8733, Energy: -39.57
Time Taken:  12.447843074798584
Test Accuracy: 0.8733, Energy: -37.73
Time Taken:  12.30432415008545
Test Accuracy: 0.8767, Energy: -37.28
Time Taken:  12.331458806991577
Test Accuracy: 0.8767, Energy: -37.52
Time Taken:  12.389397382736206
Test Accuracy: 0.8767, Energy: -36.63
Time Taken:  12.31619644165039
Test Accuracy: 0.8733, Energy: -37.43
Time Taken:  12.323018550872803
Test Accuracy: 0.8733, Energy: -41.13
Time Taken:  12.344489812850952
Test Accuracy: 0.8733, Energy: -38.21
Time Taken:  12.34355878829956
Test Accuracy: 0.8733, Energy: -39.35
Time Taken:  12.3535737991333
Test Accuracy: 0.8733, Energy: -40.10
Time Taken:  12.362018823623657
Test Accuracy: 0.8700, Energy: -41.05
Time Taken:  12.34212875366211
Test Accuracy: 0.8700, Energy: -42.34
Time Taken:  12.402249813079834
Test Accuracy: 0.8700, Energy: -44.93
Time Taken:  12.33617377281189
Test Accuracy: 0.8700, Energy: -45.11
Time Taken:  12.333930730819702
Test Accuracy: 0.8700, Energy: -46.75
Time Taken:  12.347798347473145
Test Accuracy: 0.8867, Energy: -46.02
Time Taken:  12.344534873962402
Test Accuracy: 0.8867, Energy: -47.21
Time Taken:  12.346238851547241
Test Accuracy: 0.8867, Energy: -43.88
Time Taken:  12.368178129196167
Test Accuracy: 0.8867, Energy: -43.77
Time Taken:  12.372291803359985
Test Accuracy: 0.8867, Energy: -44.63
Time Taken:  12.391615152359009
Test Accuracy: 0.8700, Energy: -45.52
Time Taken:  12.320079565048218
Test Accuracy: 0.8733, Energy: -48.19
Time Taken:  12.341572523117065
Test Accuracy: 0.8733, Energy: -48.63
Time Taken:  12.365552425384521
Test Accuracy: 0.8900, Energy: -50.58
Time Taken:  12.358561992645264
Test Accuracy: 0.8900, Energy: -47.60
Time Taken:  12.36695909500122
Test Accuracy: 0.8900, Energy: -48.81
Time Taken:  12.368957281112671
Test Accuracy: 0.8900, Energy: -50.56
Time Taken:  12.368532419204712
Test Accuracy: 0.8933, Energy: -50.55
Time Taken:  12.414611339569092
Test Accuracy: 0.8933, Energy: -49.43
Time Taken:  12.353520631790161
Test Accuracy: 0.8900, Energy: -44.27
Time Taken:  12.349031686782837
Test Accuracy: 0.8900, Energy: -44.12
Time Taken:  12.355968952178955
Test Accuracy: 0.8900, Energy: -46.36
Time Taken:  12.35842514038086
Test Accuracy: 0.8900, Energy: -42.93
Time Taken:  12.362488031387329
Test Accuracy: 0.8900, Energy: -40.01
Time Taken:  12.40990424156189
Test Accuracy: 0.8900, Energy: -39.57
Time Taken:  12.36969256401062
Test Accuracy: 0.8900, Energy: -40.63
Time Taken:  12.42096757888794
Test Accuracy: 0.8733, Energy: -41.04
Time Taken:  12.325592517852783
Test Accuracy: 0.8733, Energy: -38.58
Time Taken:  12.370821952819824
Test Accuracy: 0.8733, Energy: -38.86
Time Taken:  12.36016058921814
Test Accuracy: 0.8733, Energy: -35.99
Time Taken:  12.374331951141357
Test Accuracy: 0.8733, Energy: -34.71
Time Taken:  12.36070466041565
Test Accuracy: 0.8733, Energy: -33.76
Time Taken:  12.366425037384033
Test Accuracy: 0.8700, Energy: -36.66
Time Taken:  12.368540525436401
Test Accuracy: 0.8700, Energy: -38.60
Time Taken:  12.391103506088257
Test Accuracy: 0.8700, Energy: -40.72
Time Taken:  12.348896265029907
Test Accuracy: 0.8700, Energy: -39.26
Time Taken:  12.35608434677124
Test Accuracy: 0.8733, Energy: -41.46
Time Taken:  12.359731435775757
Test Accuracy: 0.8700, Energy: -42.99
Time Taken:  12.348313331604004
Test Accuracy: 0.8733, Energy: -42.73
Time Taken:  12.364896297454834
Test Accuracy: 0.8733, Energy: -43.66
Time Taken:  12.358574390411377
Test Accuracy: 0.8733, Energy: -45.12
Time Taken:  12.347413063049316
Test Accuracy: 0.8733, Energy: -44.74
Time Taken:  12.400113821029663
Test Accuracy: 0.8733, Energy: -45.06
Time Taken:  12.32728886604309
Test Accuracy: 0.8733, Energy: -45.19
Time Taken:  12.34123945236206
Test Accuracy: 0.8733, Energy: -42.59
Time Taken:  12.338748216629028
Test Accuracy: 0.8767, Energy: -42.33
Time Taken:  12.340871810913086
Test Accuracy: 0.8767, Energy: -42.48
Time Taken:  12.357721328735352
Test Accuracy: 0.8767, Energy: -45.29
Time Taken:  12.364782810211182
Test Accuracy: 0.8767, Energy: -45.55
Time Taken:  12.399545192718506
Test Accuracy: 0.8800, Energy: -45.82
Time Taken:  12.322491884231567
Test Accuracy: 0.8800, Energy: -46.70
Time Taken:  12.32976484298706
Test Accuracy: 0.8800, Energy: -43.56
Time Taken:  12.346678256988525
Test Accuracy: 0.8800, Energy: -41.43
Time Taken:  12.33495020866394
Test Accuracy: 0.8767, Energy: -43.83
Time Taken:  12.343386173248291
Test Accuracy: 0.8767, Energy: -45.09
Time Taken:  12.337776899337769
Test Accuracy: 0.8767, Energy: -45.18
Time Taken:  12.355064630508423
Test Accuracy: 0.8933, Energy: -43.76
Time Taken:  12.44592547416687
Test Accuracy: 0.8767, Energy: -42.93
Time Taken:  12.33972954750061
Test Accuracy: 0.8767, Energy: -41.01
Time Taken:  12.344663381576538
Test Accuracy: 0.8767, Energy: -42.04
Time Taken:  12.343677997589111
Test Accuracy: 0.8933, Energy: -40.86
Time Taken:  12.337300777435303
Test Accuracy: 0.8933, Energy: -39.45
Time Taken:  12.35467529296875
Test Accuracy: 0.8933, Energy: -38.60
Time Taken:  12.331032514572144
Test Accuracy: 0.8933, Energy: -37.25
Time Taken:  12.353218793869019
Test Accuracy: 0.8933, Energy: -36.06
Time Taken:  12.397156238555908
Test Accuracy: 0.8933, Energy: -35.09
Time Taken:  12.322500705718994
Test Accuracy: 0.8933, Energy: -35.45
Time Taken:  12.376141786575317
Test Accuracy: 0.8933, Energy: -37.94
Time Taken:  12.347978115081787
Test Accuracy: 0.8933, Energy: -37.25
Time Taken:  12.347338676452637
Test Accuracy: 0.8933, Energy: -36.58
Time Taken:  12.382605075836182
Test Accuracy: 0.8933, Energy: -35.26
Time Taken:  12.396151542663574
Test Accuracy: 0.8933, Energy: -38.31
Time Taken:  12.333236455917358
Test Accuracy: 0.8933, Energy: -39.66
Time Taken:  12.388620138168335
Test Accuracy: 0.8967, Energy: -39.62
Time Taken:  12.310731887817383
Test Accuracy: 0.8967, Energy: -40.78
Time Taken:  12.341365814208984
Test Accuracy: 0.8967, Energy: -42.08
Time Taken:  12.36225938796997
Test Accuracy: 0.8967, Energy: -42.79
Time Taken:  12.333118438720703
Test Accuracy: 0.8967, Energy: -44.45
Time Taken:  12.341132402420044
Test Accuracy: 0.8967, Energy: -42.67
Time Taken:  12.34705400466919
Test Accuracy: 0.8967, Energy: -42.89
Time Taken:  12.337000131607056
Test Accuracy: 0.8967, Energy: -42.61
Time Taken:  12.398060083389282
Test Accuracy: 0.8967, Energy: -44.36
Time Taken:  12.328057289123535
Test Accuracy: 0.8967, Energy: -46.32
Time Taken:  12.346874475479126
Test Accuracy: 0.8967, Energy: -49.61
Time Taken:  12.35338282585144
Test Accuracy: 0.8967, Energy: -50.57
Time Taken:  12.355594873428345
Test Accuracy: 0.8967, Energy: -51.45
Time Taken:  12.340559959411621
Test Accuracy: 0.8967, Energy: -54.10
Time Taken:  12.356999158859253
Test Accuracy: 0.8967, Energy: -53.96
Time Taken:  12.362324953079224
Test Accuracy: 0.8967, Energy: -54.71
Time Taken:  12.38958477973938
Test Accuracy: 0.8967, Energy: -51.97
Time Taken:  12.314570903778076
Final accuracies: [0.8733333333333333, 0.8733333333333333, 0.8766666666666667, 0.8766666666666667, 0.8766666666666667, 0.8733333333333333, 0.8733333333333333, 0.8733333333333333, 0.8733333333333333, 0.8733333333333333, 0.87, 0.87, 0.87, 0.87, 0.87, 0.8866666666666667, 0.8866666666666667, 0.8866666666666667, 0.8866666666666667, 0.8866666666666667, 0.87, 0.8733333333333333, 0.8733333333333333, 0.89, 0.89, 0.89, 0.89, 0.8933333333333333, 0.8933333333333333, 0.89, 0.89, 0.89, 0.89, 0.89, 0.89, 0.89, 0.8733333333333333, 0.8733333333333333, 0.8733333333333333, 0.8733333333333333, 0.8733333333333333, 0.8733333333333333, 0.87, 0.87, 0.87, 0.87, 0.8733333333333333, 0.87, 0.8733333333333333, 0.8733333333333333, 0.8733333333333333, 0.8733333333333333, 0.8733333333333333, 0.8733333333333333, 0.8733333333333333, 0.8766666666666667, 0.8766666666666667, 0.8766666666666667, 0.8766666666666667, 0.88, 0.88, 0.88, 0.88, 0.8766666666666667, 0.8766666666666667, 0.8766666666666667, 0.8933333333333333, 0.8766666666666667, 0.8766666666666667, 0.8766666666666667, 0.8933333333333333, 0.8933333333333333, 0.8933333333333333, 0.8933333333333333, 0.8933333333333333, 0.8933333333333333, 0.8933333333333333, 0.8933333333333333, 0.8933333333333333, 0.8933333333333333, 0.8933333333333333, 0.8933333333333333, 0.8933333333333333, 0.8966666666666666, 0.8966666666666666, 0.8966666666666666, 0.8966666666666666, 0.8966666666666666, 0.8966666666666666, 0.8966666666666666, 0.8966666666666666, 0.8966666666666666, 0.8966666666666666, 0.8966666666666666, 0.8966666666666666, 0.8966666666666666, 0.8966666666666666, 0.8966666666666666, 0.8966666666666666, 0.8966666666666666]
Final energies: [-39.56871032714844, -37.73405075073242, -37.283302307128906, -37.51991653442383, -36.627010345458984, -37.43459701538086, -41.13178253173828, -38.20606994628906, -39.348541259765625, -40.103858947753906, -41.045692443847656, -42.33821487426758, -44.9283332824707, -45.11155700683594, -46.75102615356445, -46.017051696777344, -47.20847702026367, -43.88302230834961, -43.768680572509766, -44.62958526611328, -45.52386474609375, -48.19197463989258, -48.631282806396484, -50.57695007324219, -47.60497283935547, -48.80631637573242, -50.55555725097656, -50.54697036743164, -49.425453186035156, -44.27118682861328, -44.12499237060547, -46.36159133911133, -42.932472229003906, -40.0143928527832, -39.5718994140625, -40.633331298828125, -41.04085159301758, -38.584922790527344, -38.862796783447266, -35.98610305786133, -34.714229583740234, -33.75576400756836, -36.657222747802734, -38.604305267333984, -40.71560287475586, -39.26294708251953, -41.462074279785156, -42.98927688598633, -42.73118209838867, -43.66459274291992, -45.121559143066406, -44.7376594543457, -45.064693450927734, -45.19496536254883, -42.59089279174805, -42.3301887512207, -42.479740142822266, -45.29247283935547, -45.5513801574707, -45.815887451171875, -46.697975158691406, -43.55992126464844, -41.43419647216797, -43.82957077026367, -45.086875915527344, -45.18013000488281, -43.75938034057617, -42.93457794189453, -41.01415252685547, -42.0391845703125, -40.86048126220703, -39.447750091552734, -38.60160446166992, -37.24658203125, -36.05877685546875, -35.09327697753906, -35.450626373291016, -37.94181823730469, -37.25438690185547, -36.578392028808594, -35.256229400634766, -38.30558776855469, -39.66255569458008, -39.62269592285156, -40.784034729003906, -42.08495330810547, -42.793766021728516, -44.445587158203125, -42.6679801940918, -42.891380310058594, -42.61206817626953, -44.360530853271484, -46.32081985473633, -49.60531234741211, -50.56659698486328, -51.44654846191406, -54.09715270996094, -53.956092834472656, -54.71394729614258, -51.97196578979492]
