Running with parameters: hidden=50, use_coupled=true, seed=32, lam=0.1, eta=0.5
Test Accuracy: 0.7900, Energy: 16.17
Time Taken:  12.877610445022583
Test Accuracy: 0.7900, Energy: 17.03
Time Taken:  12.838959217071533
Test Accuracy: 0.7900, Energy: 15.65
Time Taken:  12.86704683303833
Test Accuracy: 0.7900, Energy: 13.93
Time Taken:  12.928873300552368
Test Accuracy: 0.7500, Energy: 14.74
Time Taken:  12.836376667022705
Test Accuracy: 0.7500, Energy: 15.21
Time Taken:  12.867714166641235
Test Accuracy: 0.7900, Energy: 12.99
Time Taken:  12.870082378387451
Test Accuracy: 0.7900, Energy: 12.14
Time Taken:  12.871484756469727
Test Accuracy: 0.7900, Energy: 12.74
Time Taken:  12.888883590698242
Test Accuracy: 0.7933, Energy: 12.16
Time Taken:  12.892107009887695
Test Accuracy: 0.7933, Energy: 13.70
Time Taken:  12.917448043823242
Test Accuracy: 0.7933, Energy: 15.45
Time Taken:  12.962175130844116
Test Accuracy: 0.7967, Energy: 13.16
Time Taken:  12.86679220199585
Test Accuracy: 0.7600, Energy: 13.13
Time Taken:  12.878392696380615
Test Accuracy: 0.7600, Energy: 18.39
Time Taken:  12.893460035324097
Test Accuracy: 0.7567, Energy: 15.40
Time Taken:  12.923361778259277
Test Accuracy: 0.7900, Energy: 17.29
Time Taken:  12.911607027053833
Test Accuracy: 0.7900, Energy: 12.68
Time Taken:  12.905131578445435
Test Accuracy: 0.7900, Energy: 9.45
Time Taken:  12.906529664993286
Test Accuracy: 0.7900, Energy: 11.50
Time Taken:  12.951401948928833
Test Accuracy: 0.7567, Energy: 12.72
Time Taken:  12.85696029663086
Test Accuracy: 0.7567, Energy: 14.30
Time Taken:  12.869921922683716
Test Accuracy: 0.7533, Energy: 14.09
Time Taken:  12.88465690612793
Test Accuracy: 0.7533, Energy: 10.19
Time Taken:  12.916295051574707
Test Accuracy: 0.7533, Energy: 11.94
Time Taken:  12.909295797348022
Test Accuracy: 0.7533, Energy: 12.07
Time Taken:  12.911874294281006
Test Accuracy: 0.7533, Energy: 10.59
Time Taken:  12.911374807357788
Test Accuracy: 0.7533, Energy: 9.45
Time Taken:  12.93982720375061
Test Accuracy: 0.7667, Energy: 9.44
Time Taken:  12.861881494522095
Test Accuracy: 0.7667, Energy: 11.02
Time Taken:  12.86639404296875
Test Accuracy: 0.7633, Energy: 12.57
Time Taken:  12.885388612747192
Test Accuracy: 0.7633, Energy: 8.68
Time Taken:  12.86672854423523
Test Accuracy: 0.7633, Energy: 7.72
Time Taken:  12.842645168304443
Test Accuracy: 0.7633, Energy: 7.35
Time Taken:  12.86470651626587
Test Accuracy: 0.7633, Energy: 7.71
Time Taken:  12.852815628051758
Test Accuracy: 0.7633, Energy: 6.73
Time Taken:  12.899846076965332
Test Accuracy: 0.7667, Energy: 7.32
Time Taken:  12.821288347244263
Test Accuracy: 0.7700, Energy: 5.68
Time Taken:  12.82830286026001
Test Accuracy: 0.7700, Energy: 3.69
Time Taken:  12.819630861282349
Test Accuracy: 0.7700, Energy: 1.89
Time Taken:  12.839790105819702
Test Accuracy: 0.7700, Energy: 1.95
Time Taken:  12.847224235534668
Test Accuracy: 0.7633, Energy: 2.90
Time Taken:  12.854779481887817
Test Accuracy: 0.7633, Energy: 2.99
Time Taken:  12.837382078170776
Test Accuracy: 0.7633, Energy: 3.29
Time Taken:  12.8895263671875
Test Accuracy: 0.7700, Energy: 2.26
Time Taken:  12.83499789237976
Test Accuracy: 0.7700, Energy: 1.04
Time Taken:  12.845713376998901
Test Accuracy: 0.7700, Energy: -0.31
Time Taken:  12.858276605606079
Test Accuracy: 0.7700, Energy: 0.05
Time Taken:  12.84510326385498
Test Accuracy: 0.7733, Energy: 1.74
Time Taken:  12.872663736343384
Test Accuracy: 0.7733, Energy: 0.15
Time Taken:  12.916623830795288
Test Accuracy: 0.7733, Energy: -0.02
Time Taken:  12.897093534469604
Test Accuracy: 0.7733, Energy: -0.43
Time Taken:  12.939711093902588
Test Accuracy: 0.7733, Energy: -2.65
Time Taken:  12.864205598831177
Test Accuracy: 0.7667, Energy: -4.38
Time Taken:  12.889275550842285
Test Accuracy: 0.7667, Energy: -4.81
Time Taken:  12.903848886489868
Test Accuracy: 0.7667, Energy: -2.82
Time Taken:  12.907695055007935
Test Accuracy: 0.7667, Energy: -4.82
Time Taken:  12.907908201217651
Test Accuracy: 0.7667, Energy: -6.75
Time Taken:  12.912447452545166
Test Accuracy: 0.7667, Energy: -5.31
Time Taken:  12.969871997833252
Test Accuracy: 0.7667, Energy: -5.54
Time Taken:  12.885751962661743
Test Accuracy: 0.7633, Energy: -5.93
Time Taken:  12.89029836654663
Test Accuracy: 0.7600, Energy: -3.76
Time Taken:  12.889426708221436
Test Accuracy: 0.7600, Energy: -7.28
Time Taken:  12.883302688598633
Test Accuracy: 0.7600, Energy: -6.78
Time Taken:  12.873389720916748
Test Accuracy: 0.7667, Energy: -5.24
Time Taken:  12.894228458404541
Test Accuracy: 0.7667, Energy: -5.75
Time Taken:  12.894198894500732
Test Accuracy: 0.7667, Energy: -4.38
Time Taken:  12.92973780632019
Test Accuracy: 0.7667, Energy: -2.27
Time Taken:  12.81523609161377
Test Accuracy: 0.7667, Energy: 1.92
Time Taken:  12.83081579208374
Test Accuracy: 0.7700, Energy: 3.47
Time Taken:  12.841095447540283
Test Accuracy: 0.7700, Energy: 4.45
Time Taken:  12.843706369400024
Test Accuracy: 0.7700, Energy: 2.81
Time Taken:  12.845500707626343
Test Accuracy: 0.7700, Energy: 2.35
Time Taken:  12.8775315284729
Test Accuracy: 0.7667, Energy: 4.59
Time Taken:  12.872979879379272
Test Accuracy: 0.7667, Energy: 5.10
Time Taken:  12.912142992019653
Test Accuracy: 0.7667, Energy: 3.68
Time Taken:  12.825073719024658
Test Accuracy: 0.7667, Energy: 2.72
Time Taken:  12.83303713798523
Test Accuracy: 0.7667, Energy: 1.67
Time Taken:  12.86311650276184
Test Accuracy: 0.7667, Energy: -1.30
Time Taken:  12.860547542572021
Test Accuracy: 0.7667, Energy: 1.65
Time Taken:  12.85739541053772
Test Accuracy: 0.7667, Energy: 2.53
Time Taken:  12.860309600830078
Test Accuracy: 0.7667, Energy: 2.44
Time Taken:  12.880636215209961
Test Accuracy: 0.7667, Energy: 0.60
Time Taken:  12.92066740989685
Test Accuracy: 0.7700, Energy: 0.77
Time Taken:  12.83585238456726
Test Accuracy: 0.7700, Energy: 0.46
Time Taken:  12.856902599334717
Test Accuracy: 0.7700, Energy: 1.54
Time Taken:  12.844823598861694
Test Accuracy: 0.7700, Energy: 4.05
Time Taken:  12.842301607131958
Test Accuracy: 0.7700, Energy: 2.91
Time Taken:  12.90954303741455
Test Accuracy: 0.7700, Energy: -0.65
Time Taken:  12.917923212051392
Test Accuracy: 0.7700, Energy: 0.23
Time Taken:  12.915711641311646
Test Accuracy: 0.7700, Energy: -2.50
Time Taken:  12.980968236923218
Test Accuracy: 0.7767, Energy: -4.62
Time Taken:  12.914584636688232
Test Accuracy: 0.7767, Energy: -2.31
Time Taken:  12.92149543762207
Test Accuracy: 0.7767, Energy: -2.52
Time Taken:  12.954288959503174
Test Accuracy: 0.7800, Energy: -1.04
Time Taken:  12.939906358718872
Test Accuracy: 0.7767, Energy: -0.49
Time Taken:  12.9702889919281
Test Accuracy: 0.7767, Energy: -0.63
Time Taken:  12.949042081832886
Test Accuracy: 0.7767, Energy: 0.70
Time Taken:  12.93588900566101
Test Accuracy: 0.7800, Energy: 1.38
Time Taken:  12.995301008224487
Test Accuracy: 0.7767, Energy: -1.68
Time Taken:  13.48112154006958
Final accuracies: [0.79, 0.79, 0.79, 0.79, 0.75, 0.75, 0.79, 0.79, 0.79, 0.7933333333333333, 0.7933333333333333, 0.7933333333333333, 0.7966666666666666, 0.76, 0.76, 0.7566666666666667, 0.79, 0.79, 0.79, 0.79, 0.7566666666666667, 0.7566666666666667, 0.7533333333333333, 0.7533333333333333, 0.7533333333333333, 0.7533333333333333, 0.7533333333333333, 0.7533333333333333, 0.7666666666666667, 0.7666666666666667, 0.7633333333333333, 0.7633333333333333, 0.7633333333333333, 0.7633333333333333, 0.7633333333333333, 0.7633333333333333, 0.7666666666666667, 0.77, 0.77, 0.77, 0.77, 0.7633333333333333, 0.7633333333333333, 0.7633333333333333, 0.77, 0.77, 0.77, 0.77, 0.7733333333333333, 0.7733333333333333, 0.7733333333333333, 0.7733333333333333, 0.7733333333333333, 0.7666666666666667, 0.7666666666666667, 0.7666666666666667, 0.7666666666666667, 0.7666666666666667, 0.7666666666666667, 0.7666666666666667, 0.7633333333333333, 0.76, 0.76, 0.76, 0.7666666666666667, 0.7666666666666667, 0.7666666666666667, 0.7666666666666667, 0.7666666666666667, 0.77, 0.77, 0.77, 0.77, 0.7666666666666667, 0.7666666666666667, 0.7666666666666667, 0.7666666666666667, 0.7666666666666667, 0.7666666666666667, 0.7666666666666667, 0.7666666666666667, 0.7666666666666667, 0.7666666666666667, 0.77, 0.77, 0.77, 0.77, 0.77, 0.77, 0.77, 0.77, 0.7766666666666666, 0.7766666666666666, 0.7766666666666666, 0.78, 0.7766666666666666, 0.7766666666666666, 0.7766666666666666, 0.78, 0.7766666666666666]
Final energies: [16.174243927001953, 17.029403686523438, 15.654436111450195, 13.932939529418945, 14.742497444152832, 15.20795726776123, 12.993246078491211, 12.14477825164795, 12.740669250488281, 12.158024787902832, 13.695075035095215, 15.453757286071777, 13.158910751342773, 13.132476806640625, 18.394805908203125, 15.39968204498291, 17.289276123046875, 12.680182456970215, 9.454204559326172, 11.499738693237305, 12.723278045654297, 14.29998779296875, 14.087646484375, 10.188042640686035, 11.937945365905762, 12.068907737731934, 10.592259407043457, 9.448095321655273, 9.43603229522705, 11.021315574645996, 12.570852279663086, 8.684937477111816, 7.721377372741699, 7.3517842292785645, 7.714245796203613, 6.734530925750732, 7.319174289703369, 5.683261871337891, 3.685000419616699, 1.8871670961380005, 1.9452797174453735, 2.8979544639587402, 2.9856245517730713, 3.2939934730529785, 2.2599570751190186, 1.0392900705337524, -0.30997610092163086, 0.04684631526470184, 1.7397181987762451, 0.1458081603050232, -0.015756219625473022, -0.42932990193367004, -2.649055242538452, -4.382481575012207, -4.812381744384766, -2.8166663646698, -4.820270538330078, -6.753805160522461, -5.312066555023193, -5.537069797515869, -5.934340953826904, -3.7582128047943115, -7.279902458190918, -6.783777713775635, -5.235297203063965, -5.749540328979492, -4.380771636962891, -2.266976833343506, 1.9196006059646606, 3.467642307281494, 4.445438861846924, 2.811455011367798, 2.345317840576172, 4.588223934173584, 5.096230506896973, 3.683349132537842, 2.7227699756622314, 1.674923062324524, -1.30222749710083, 1.646154522895813, 2.530074119567871, 2.436253070831299, 0.5958341360092163, 0.7724609375, 0.455110639333725, 1.5446853637695312, 4.050421237945557, 2.912264347076416, -0.6519250869750977, 0.2283516526222229, -2.4977359771728516, -4.618709564208984, -2.314906597137451, -2.518714189529419, -1.036574363708496, -0.48993736505508423, -0.6294215321540833, 0.6969194412231445, 1.381571888923645, -1.683889627456665]
