Running with parameters: hidden=50, use_coupled=true, seed=50, lam=0.1, eta=0.5
Test Accuracy: 0.9633, Energy: -34.09
Time Taken:  12.953135967254639
Test Accuracy: 0.9633, Energy: -34.21
Time Taken:  12.905352592468262
Test Accuracy: 0.9600, Energy: -34.52
Time Taken:  12.912139892578125
Test Accuracy: 0.9567, Energy: -33.17
Time Taken:  13.029192686080933
Test Accuracy: 0.9567, Energy: -34.57
Time Taken:  12.942655086517334
Test Accuracy: 0.9567, Energy: -34.03
Time Taken:  12.937223672866821
Test Accuracy: 0.9567, Energy: -35.18
Time Taken:  12.950131177902222
Test Accuracy: 0.9567, Energy: -36.78
Time Taken:  12.89391016960144
Test Accuracy: 0.9567, Energy: -36.96
Time Taken:  12.892293691635132
Test Accuracy: 0.9567, Energy: -32.17
Time Taken:  12.872108936309814
Test Accuracy: 0.9567, Energy: -30.31
Time Taken:  12.919138431549072
Test Accuracy: 0.9567, Energy: -33.82
Time Taken:  13.028613567352295
Test Accuracy: 0.9567, Energy: -35.03
Time Taken:  12.893506526947021
Test Accuracy: 0.9567, Energy: -36.44
Time Taken:  12.854856729507446
Test Accuracy: 0.9567, Energy: -34.29
Time Taken:  12.864139080047607
Test Accuracy: 0.9567, Energy: -36.37
Time Taken:  12.890916347503662
Test Accuracy: 0.9567, Energy: -39.97
Time Taken:  12.881721019744873
Test Accuracy: 0.9100, Energy: -40.50
Time Taken:  12.860026597976685
Test Accuracy: 0.9100, Energy: -40.02
Time Taken:  12.8662428855896
Test Accuracy: 0.9100, Energy: -37.90
Time Taken:  12.989986658096313
Test Accuracy: 0.9100, Energy: -39.59
Time Taken:  12.836786985397339
Test Accuracy: 0.9367, Energy: -41.89
Time Taken:  12.845185995101929
Test Accuracy: 0.9367, Energy: -40.28
Time Taken:  12.86404037475586
Test Accuracy: 0.9367, Energy: -41.47
Time Taken:  12.823746919631958
Test Accuracy: 0.9333, Energy: -41.22
Time Taken:  12.775368928909302
Test Accuracy: 0.9333, Energy: -37.96
Time Taken:  12.80530595779419
Test Accuracy: 0.9333, Energy: -35.29
Time Taken:  12.807733297348022
Test Accuracy: 0.9333, Energy: -37.16
Time Taken:  12.915659666061401
Test Accuracy: 0.9333, Energy: -34.84
Time Taken:  12.77320384979248
Test Accuracy: 0.9333, Energy: -40.01
Time Taken:  12.776800155639648
Test Accuracy: 0.9367, Energy: -36.90
Time Taken:  12.790960550308228
Test Accuracy: 0.9367, Energy: -34.46
Time Taken:  12.79187297821045
Test Accuracy: 0.9367, Energy: -36.75
Time Taken:  12.773529291152954
Test Accuracy: 0.9367, Energy: -35.52
Time Taken:  12.801618576049805
Test Accuracy: 0.9400, Energy: -36.72
Time Taken:  12.782816171646118
Test Accuracy: 0.9400, Energy: -35.18
Time Taken:  12.869198083877563
Test Accuracy: 0.9400, Energy: -34.79
Time Taken:  12.77807331085205
Test Accuracy: 0.9400, Energy: -32.82
Time Taken:  12.797908782958984
Test Accuracy: 0.9400, Energy: -30.16
Time Taken:  12.780573844909668
Test Accuracy: 0.9400, Energy: -26.84
Time Taken:  12.798859119415283
Test Accuracy: 0.9400, Energy: -30.22
Time Taken:  12.794010162353516
Test Accuracy: 0.9400, Energy: -31.07
Time Taken:  12.810001850128174
Test Accuracy: 0.9400, Energy: -34.41
Time Taken:  12.810567140579224
Test Accuracy: 0.9433, Energy: -35.09
Time Taken:  12.907036304473877
Test Accuracy: 0.9433, Energy: -34.93
Time Taken:  12.777636766433716
Test Accuracy: 0.9433, Energy: -41.45
Time Taken:  12.808940649032593
Test Accuracy: 0.9433, Energy: -43.55
Time Taken:  12.782403707504272
Test Accuracy: 0.9433, Energy: -40.09
Time Taken:  12.78443956375122
Test Accuracy: 0.9433, Energy: -39.39
Time Taken:  12.790400266647339
Test Accuracy: 0.9433, Energy: -42.32
Time Taken:  12.804441213607788
Test Accuracy: 0.9433, Energy: -39.78
Time Taken:  12.798254489898682
Test Accuracy: 0.9433, Energy: -44.58
Time Taken:  12.88027024269104
Test Accuracy: 0.9433, Energy: -44.26
Time Taken:  12.777003765106201
Test Accuracy: 0.9433, Energy: -46.67
Time Taken:  12.817355394363403
Test Accuracy: 0.9433, Energy: -44.77
Time Taken:  12.840833187103271
Test Accuracy: 0.9433, Energy: -54.04
Time Taken:  12.839622735977173
Test Accuracy: 0.9433, Energy: -51.95
Time Taken:  12.860189437866211
Test Accuracy: 0.9400, Energy: -57.74
Time Taken:  12.856647253036499
Test Accuracy: 0.9400, Energy: -56.09
Time Taken:  12.939913272857666
Test Accuracy: 0.9400, Energy: -51.26
Time Taken:  12.824743270874023
Test Accuracy: 0.9433, Energy: -47.87
Time Taken:  12.85427737236023
Test Accuracy: 0.9433, Energy: -50.19
Time Taken:  12.847790718078613
Test Accuracy: 0.9433, Energy: -49.12
Time Taken:  12.840475082397461
Test Accuracy: 0.9433, Energy: -50.87
Time Taken:  12.829400777816772
Test Accuracy: 0.9600, Energy: -51.55
Time Taken:  12.835634469985962
Test Accuracy: 0.9600, Energy: -49.45
Time Taken:  12.844356298446655
Test Accuracy: 0.9600, Energy: -51.25
Time Taken:  12.917610168457031
Test Accuracy: 0.9567, Energy: -50.85
Time Taken:  12.816277980804443
Test Accuracy: 0.9433, Energy: -49.29
Time Taken:  12.834887027740479
Test Accuracy: 0.9433, Energy: -52.20
Time Taken:  12.83352017402649
Test Accuracy: 0.9433, Energy: -55.92
Time Taken:  12.851565837860107
Test Accuracy: 0.9433, Energy: -55.18
Time Taken:  12.837856769561768
Test Accuracy: 0.9400, Energy: -55.81
Time Taken:  12.843064069747925
Test Accuracy: 0.9433, Energy: -54.81
Time Taken:  12.851557493209839
Test Accuracy: 0.9433, Energy: -54.65
Time Taken:  12.953502178192139
Test Accuracy: 0.9433, Energy: -58.66
Time Taken:  12.840426921844482
Test Accuracy: 0.9433, Energy: -64.32
Time Taken:  12.858640432357788
Test Accuracy: 0.9433, Energy: -61.08
Time Taken:  12.861600637435913
Test Accuracy: 0.9433, Energy: -59.39
Time Taken:  12.838626861572266
Test Accuracy: 0.9433, Energy: -61.18
Time Taken:  12.86093544960022
Test Accuracy: 0.9467, Energy: -63.46
Time Taken:  12.862822771072388
Test Accuracy: 0.9467, Energy: -67.50
Time Taken:  12.859885931015015
Test Accuracy: 0.9467, Energy: -63.36
Time Taken:  12.914159059524536
Test Accuracy: 0.9467, Energy: -63.45
Time Taken:  12.830960035324097
Test Accuracy: 0.9500, Energy: -63.66
Time Taken:  12.850388765335083
Test Accuracy: 0.9500, Energy: -66.39
Time Taken:  12.860425233840942
Test Accuracy: 0.9400, Energy: -65.96
Time Taken:  12.844064712524414
Test Accuracy: 0.9400, Energy: -65.63
Time Taken:  12.857004165649414
Test Accuracy: 0.9400, Energy: -68.35
Time Taken:  12.869658470153809
Test Accuracy: 0.9400, Energy: -64.70
Time Taken:  12.848479747772217
Test Accuracy: 0.9400, Energy: -62.29
Time Taken:  12.894560098648071
Test Accuracy: 0.9400, Energy: -63.03
Time Taken:  12.831848859786987
Test Accuracy: 0.9400, Energy: -65.25
Time Taken:  12.86910343170166
Test Accuracy: 0.9100, Energy: -67.89
Time Taken:  12.853012800216675
Test Accuracy: 0.9100, Energy: -69.04
Time Taken:  12.848080396652222
Test Accuracy: 0.9533, Energy: -65.68
Time Taken:  12.841625690460205
Test Accuracy: 0.9533, Energy: -66.69
Time Taken:  12.87424087524414
Test Accuracy: 0.9533, Energy: -63.26
Time Taken:  12.842886686325073
Test Accuracy: 0.9567, Energy: -66.71
Time Taken:  12.897207736968994
Test Accuracy: 0.9567, Energy: -64.52
Time Taken:  12.896395921707153
Final accuracies: [0.9633333333333334, 0.9633333333333334, 0.96, 0.9566666666666667, 0.9566666666666667, 0.9566666666666667, 0.9566666666666667, 0.9566666666666667, 0.9566666666666667, 0.9566666666666667, 0.9566666666666667, 0.9566666666666667, 0.9566666666666667, 0.9566666666666667, 0.9566666666666667, 0.9566666666666667, 0.9566666666666667, 0.91, 0.91, 0.91, 0.91, 0.9366666666666666, 0.9366666666666666, 0.9366666666666666, 0.9333333333333333, 0.9333333333333333, 0.9333333333333333, 0.9333333333333333, 0.9333333333333333, 0.9333333333333333, 0.9366666666666666, 0.9366666666666666, 0.9366666666666666, 0.9366666666666666, 0.94, 0.94, 0.94, 0.94, 0.94, 0.94, 0.94, 0.94, 0.94, 0.9433333333333334, 0.9433333333333334, 0.9433333333333334, 0.9433333333333334, 0.9433333333333334, 0.9433333333333334, 0.9433333333333334, 0.9433333333333334, 0.9433333333333334, 0.9433333333333334, 0.9433333333333334, 0.9433333333333334, 0.9433333333333334, 0.9433333333333334, 0.94, 0.94, 0.94, 0.9433333333333334, 0.9433333333333334, 0.9433333333333334, 0.9433333333333334, 0.96, 0.96, 0.96, 0.9566666666666667, 0.9433333333333334, 0.9433333333333334, 0.9433333333333334, 0.9433333333333334, 0.94, 0.9433333333333334, 0.9433333333333334, 0.9433333333333334, 0.9433333333333334, 0.9433333333333334, 0.9433333333333334, 0.9433333333333334, 0.9466666666666667, 0.9466666666666667, 0.9466666666666667, 0.9466666666666667, 0.95, 0.95, 0.94, 0.94, 0.94, 0.94, 0.94, 0.94, 0.94, 0.91, 0.91, 0.9533333333333334, 0.9533333333333334, 0.9533333333333334, 0.9566666666666667, 0.9566666666666667]
Final energies: [-34.09105682373047, -34.20985412597656, -34.52495193481445, -33.16791534423828, -34.572940826416016, -34.027217864990234, -35.183162689208984, -36.77613830566406, -36.955196380615234, -32.171234130859375, -30.3059139251709, -33.82148742675781, -35.0345344543457, -36.43516540527344, -34.293434143066406, -36.37363052368164, -39.9699821472168, -40.500511169433594, -40.02363967895508, -37.90378189086914, -39.585933685302734, -41.88801574707031, -40.28255844116211, -41.47262954711914, -41.215614318847656, -37.95692443847656, -35.291446685791016, -37.155303955078125, -34.844303131103516, -40.01359558105469, -36.89625930786133, -34.460960388183594, -36.751930236816406, -35.524539947509766, -36.72137451171875, -35.177223205566406, -34.793190002441406, -32.82099533081055, -30.160505294799805, -26.84294891357422, -30.222137451171875, -31.07068634033203, -34.41062545776367, -35.090538024902344, -34.933990478515625, -41.449554443359375, -43.5489501953125, -40.08943176269531, -39.391502380371094, -42.320404052734375, -39.77607345581055, -44.582122802734375, -44.261260986328125, -46.673892974853516, -44.77490997314453, -54.03609848022461, -51.94758987426758, -57.738162994384766, -56.08939743041992, -51.256591796875, -47.86811828613281, -50.19308853149414, -49.11643600463867, -50.871726989746094, -51.55172348022461, -49.446739196777344, -51.25278854370117, -50.85248947143555, -49.293922424316406, -52.203250885009766, -55.919960021972656, -55.18143844604492, -55.81474304199219, -54.811363220214844, -54.64851760864258, -58.6630973815918, -64.32427978515625, -61.07525634765625, -59.391868591308594, -61.18181228637695, -63.45654296875, -67.49658966064453, -63.3632698059082, -63.446475982666016, -63.65632247924805, -66.38514709472656, -65.96173858642578, -65.63252258300781, -68.35494232177734, -64.69589233398438, -62.291500091552734, -63.02994918823242, -65.245849609375, -67.88908386230469, -69.0428466796875, -65.68072509765625, -66.68714904785156, -63.26485061645508, -66.70838928222656, -64.52462005615234]
