Running with parameters: hidden=50, use_coupled=true, seed=19, lam=0.1, eta=0.5
Test Accuracy: 0.9267, Energy: -20.14
Time Taken:  16.569950819015503
Test Accuracy: 0.9267, Energy: -21.30
Time Taken:  16.454150915145874
Test Accuracy: 0.9267, Energy: -22.05
Time Taken:  16.429067373275757
Test Accuracy: 0.9267, Energy: -24.96
Time Taken:  16.55487036705017
Test Accuracy: 0.9267, Energy: -22.17
Time Taken:  16.56729531288147
Test Accuracy: 0.8900, Energy: -26.76
Time Taken:  16.532248973846436
Test Accuracy: 0.8900, Energy: -26.64
Time Taken:  16.531641483306885
Test Accuracy: 0.8900, Energy: -25.71
Time Taken:  16.544135332107544
Test Accuracy: 0.8900, Energy: -25.56
Time Taken:  16.59502100944519
Test Accuracy: 0.9233, Energy: -27.29
Time Taken:  16.523953914642334
Test Accuracy: 0.9233, Energy: -30.16
Time Taken:  16.50038194656372
Test Accuracy: 0.9233, Energy: -27.19
Time Taken:  16.584543466567993
Test Accuracy: 0.9233, Energy: -26.55
Time Taken:  16.509753942489624
Test Accuracy: 0.9233, Energy: -29.35
Time Taken:  16.513753652572632
Test Accuracy: 0.9233, Energy: -28.52
Time Taken:  16.466657161712646
Test Accuracy: 0.9233, Energy: -30.94
Time Taken:  16.472755670547485
Test Accuracy: 0.9233, Energy: -28.46
Time Taken:  16.555951356887817
Test Accuracy: 0.9267, Energy: -22.77
Time Taken:  16.551115036010742
Test Accuracy: 0.9267, Energy: -23.78
Time Taken:  16.510991096496582
Test Accuracy: 0.9267, Energy: -24.58
Time Taken:  16.57671594619751
Test Accuracy: 0.9267, Energy: -24.55
Time Taken:  16.524344444274902
Test Accuracy: 0.9267, Energy: -27.43
Time Taken:  16.599913358688354
Test Accuracy: 0.9267, Energy: -28.90
Time Taken:  16.51579523086548
Test Accuracy: 0.8967, Energy: -30.09
Time Taken:  16.527517080307007
Test Accuracy: 0.8967, Energy: -33.22
Time Taken:  16.6126492023468
Test Accuracy: 0.8967, Energy: -32.75
Time Taken:  16.626911878585815
Test Accuracy: 0.8967, Energy: -34.12
Time Taken:  16.594032526016235
Test Accuracy: 0.8967, Energy: -34.67
Time Taken:  16.668513536453247
Test Accuracy: 0.8967, Energy: -35.44
Time Taken:  16.59103488922119
Test Accuracy: 0.8933, Energy: -40.83
Time Taken:  16.698031425476074
Test Accuracy: 0.8933, Energy: -43.14
Time Taken:  16.607670545578003
Test Accuracy: 0.8933, Energy: -41.27
Time Taken:  16.63071608543396
Test Accuracy: 0.8933, Energy: -40.02
Time Taken:  16.638160467147827
Test Accuracy: 0.8933, Energy: -40.40
Time Taken:  16.623461484909058
Test Accuracy: 0.8933, Energy: -37.78
Time Taken:  16.519522190093994
Test Accuracy: 0.8933, Energy: -35.66
Time Taken:  16.535633325576782
Test Accuracy: 0.8933, Energy: -34.05
Time Taken:  16.481905937194824
Test Accuracy: 0.8933, Energy: -34.86
Time Taken:  16.53929352760315
Test Accuracy: 0.8933, Energy: -35.12
Time Taken:  16.52181911468506
Test Accuracy: 0.8933, Energy: -33.73
Time Taken:  16.5146803855896
Test Accuracy: 0.9233, Energy: -34.24
Time Taken:  16.572185754776
Test Accuracy: 0.9233, Energy: -34.74
Time Taken:  16.64603543281555
Test Accuracy: 0.9233, Energy: -33.42
Time Taken:  16.541154384613037
Test Accuracy: 0.9233, Energy: -30.90
Time Taken:  16.540380239486694
Test Accuracy: 0.9233, Energy: -37.44
Time Taken:  16.55390977859497
Test Accuracy: 0.9233, Energy: -37.98
Time Taken:  16.65541696548462
Test Accuracy: 0.8933, Energy: -38.19
Time Taken:  16.590161323547363
Test Accuracy: 0.8933, Energy: -41.40
Time Taken:  16.52954387664795
Test Accuracy: 0.8933, Energy: -39.66
Time Taken:  16.59472131729126
Test Accuracy: 0.8933, Energy: -40.73
Time Taken:  16.653228521347046
Test Accuracy: 0.8933, Energy: -45.03
Time Taken:  16.60961937904358
Test Accuracy: 0.8933, Energy: -46.81
Time Taken:  16.60102081298828
Test Accuracy: 0.8933, Energy: -46.64
Time Taken:  16.5968017578125
Test Accuracy: 0.8933, Energy: -53.12
Time Taken:  16.63004159927368
Test Accuracy: 0.8933, Energy: -54.96
Time Taken:  16.653666257858276
Test Accuracy: 0.8933, Energy: -54.50
Time Taken:  16.580326557159424
Test Accuracy: 0.8933, Energy: -50.33
Time Taken:  16.598548650741577
Test Accuracy: 0.8933, Energy: -48.99
Time Taken:  16.668988466262817
Test Accuracy: 0.8933, Energy: -44.32
Time Taken:  16.73565149307251
Test Accuracy: 0.8933, Energy: -43.25
Time Taken:  16.525707483291626
Test Accuracy: 0.8967, Energy: -41.54
Time Taken:  16.58479881286621
Test Accuracy: 0.8967, Energy: -37.45
Time Taken:  16.660971641540527
Test Accuracy: 0.8967, Energy: -35.84
Time Taken:  16.642386198043823
Test Accuracy: 0.8967, Energy: -35.07
Time Taken:  16.602495908737183
Test Accuracy: 0.8933, Energy: -37.35
Time Taken:  16.55073094367981
Test Accuracy: 0.8933, Energy: -36.04
Time Taken:  16.63350534439087
Test Accuracy: 0.8933, Energy: -37.81
Time Taken:  16.748921871185303
Test Accuracy: 0.8933, Energy: -35.12
Time Taken:  16.59869956970215
Test Accuracy: 0.8933, Energy: -39.20
Time Taken:  16.558690786361694
Test Accuracy: 0.8967, Energy: -44.42
Time Taken:  16.703468799591064
Test Accuracy: 0.8967, Energy: -43.79
Time Taken:  16.7010657787323
Test Accuracy: 0.9000, Energy: -44.90
Time Taken:  16.651897192001343
Test Accuracy: 0.9033, Energy: -45.45
Time Taken:  16.654321670532227
Test Accuracy: 0.9033, Energy: -44.51
Time Taken:  16.604373931884766
Test Accuracy: 0.9033, Energy: -46.07
Time Taken:  16.688772678375244
Test Accuracy: 0.9033, Energy: -47.97
Time Taken:  16.654791831970215
Test Accuracy: 0.9033, Energy: -53.02
Time Taken:  16.574995279312134
Test Accuracy: 0.9033, Energy: -50.98
Time Taken:  16.62552809715271
Test Accuracy: 0.9033, Energy: -51.58
Time Taken:  16.61989450454712
Test Accuracy: 0.9033, Energy: -52.85
Time Taken:  16.606205224990845
Test Accuracy: 0.9033, Energy: -54.40
Time Taken:  16.073327779769897
Test Accuracy: 0.9000, Energy: -55.36
Time Taken:  15.589656352996826
Test Accuracy: 0.8967, Energy: -50.01
Time Taken:  15.609118223190308
Test Accuracy: 0.8933, Energy: -45.21
Time Taken:  15.544663906097412
Test Accuracy: 0.8967, Energy: -45.38
Time Taken:  15.556524753570557
Test Accuracy: 0.8967, Energy: -45.32
Time Taken:  15.574221134185791
Test Accuracy: 0.8967, Energy: -47.25
Time Taken:  15.580638408660889
Test Accuracy: 0.8967, Energy: -43.43
Time Taken:  15.589132070541382
Test Accuracy: 0.8967, Energy: -45.70
Time Taken:  15.574458360671997
Test Accuracy: 0.8967, Energy: -48.71
Time Taken:  15.600399732589722
Test Accuracy: 0.8967, Energy: -45.50
Time Taken:  15.620380163192749
Test Accuracy: 0.8967, Energy: -45.35
Time Taken:  15.55331015586853
Test Accuracy: 0.8967, Energy: -48.95
Time Taken:  15.580561399459839
Test Accuracy: 0.8967, Energy: -49.32
Time Taken:  15.560526847839355
Test Accuracy: 0.8967, Energy: -47.49
Time Taken:  15.564032316207886
Test Accuracy: 0.8967, Energy: -48.23
Time Taken:  15.578696012496948
Test Accuracy: 0.9000, Energy: -50.72
Time Taken:  15.565760374069214
Test Accuracy: 0.9000, Energy: -51.62
Time Taken:  15.540018320083618
Test Accuracy: 0.9000, Energy: -50.39
Time Taken:  15.60888671875
Test Accuracy: 0.8967, Energy: -53.76
Time Taken:  15.54827070236206
Final accuracies: [0.9266666666666666, 0.9266666666666666, 0.9266666666666666, 0.9266666666666666, 0.9266666666666666, 0.89, 0.89, 0.89, 0.89, 0.9233333333333333, 0.9233333333333333, 0.9233333333333333, 0.9233333333333333, 0.9233333333333333, 0.9233333333333333, 0.9233333333333333, 0.9233333333333333, 0.9266666666666666, 0.9266666666666666, 0.9266666666666666, 0.9266666666666666, 0.9266666666666666, 0.9266666666666666, 0.8966666666666666, 0.8966666666666666, 0.8966666666666666, 0.8966666666666666, 0.8966666666666666, 0.8966666666666666, 0.8933333333333333, 0.8933333333333333, 0.8933333333333333, 0.8933333333333333, 0.8933333333333333, 0.8933333333333333, 0.8933333333333333, 0.8933333333333333, 0.8933333333333333, 0.8933333333333333, 0.8933333333333333, 0.9233333333333333, 0.9233333333333333, 0.9233333333333333, 0.9233333333333333, 0.9233333333333333, 0.9233333333333333, 0.8933333333333333, 0.8933333333333333, 0.8933333333333333, 0.8933333333333333, 0.8933333333333333, 0.8933333333333333, 0.8933333333333333, 0.8933333333333333, 0.8933333333333333, 0.8933333333333333, 0.8933333333333333, 0.8933333333333333, 0.8933333333333333, 0.8933333333333333, 0.8966666666666666, 0.8966666666666666, 0.8966666666666666, 0.8966666666666666, 0.8933333333333333, 0.8933333333333333, 0.8933333333333333, 0.8933333333333333, 0.8933333333333333, 0.8966666666666666, 0.8966666666666666, 0.9, 0.9033333333333333, 0.9033333333333333, 0.9033333333333333, 0.9033333333333333, 0.9033333333333333, 0.9033333333333333, 0.9033333333333333, 0.9033333333333333, 0.9033333333333333, 0.9, 0.8966666666666666, 0.8933333333333333, 0.8966666666666666, 0.8966666666666666, 0.8966666666666666, 0.8966666666666666, 0.8966666666666666, 0.8966666666666666, 0.8966666666666666, 0.8966666666666666, 0.8966666666666666, 0.8966666666666666, 0.8966666666666666, 0.8966666666666666, 0.9, 0.9, 0.9, 0.8966666666666666]
Final energies: [-20.13857650756836, -21.29704475402832, -22.052148818969727, -24.96031951904297, -22.166362762451172, -26.758831024169922, -26.64089012145996, -25.709583282470703, -25.556989669799805, -27.292882919311523, -30.1646671295166, -27.19403839111328, -26.54973602294922, -29.351940155029297, -28.52431297302246, -30.93731117248535, -28.459959030151367, -22.774927139282227, -23.78116226196289, -24.58184051513672, -24.55295753479004, -27.42604637145996, -28.895151138305664, -30.08599281311035, -33.216773986816406, -32.74599838256836, -34.115516662597656, -34.671783447265625, -35.43610763549805, -40.83222961425781, -43.1431770324707, -41.270992279052734, -40.021568298339844, -40.39731979370117, -37.77694320678711, -35.65738296508789, -34.0496711730957, -34.86171340942383, -35.12497329711914, -33.72962951660156, -34.23681640625, -34.73906707763672, -33.42379379272461, -30.896888732910156, -37.4427490234375, -37.97727584838867, -38.192684173583984, -41.395721435546875, -39.66440963745117, -40.73454666137695, -45.025699615478516, -46.806610107421875, -46.64182662963867, -53.122806549072266, -54.960697174072266, -54.5039176940918, -50.3267936706543, -48.98628234863281, -44.31705856323242, -43.24720001220703, -41.53740310668945, -37.45123291015625, -35.84140396118164, -35.066219329833984, -37.351863861083984, -36.04319381713867, -37.81036376953125, -35.12102508544922, -39.20454025268555, -44.41854476928711, -43.79484176635742, -44.89763259887695, -45.448204040527344, -44.50571060180664, -46.0650520324707, -47.970611572265625, -53.01527404785156, -50.982696533203125, -51.57595443725586, -52.85421371459961, -54.40440368652344, -55.364402770996094, -50.01282501220703, -45.21076202392578, -45.37995529174805, -45.31767654418945, -47.24862289428711, -43.43056106567383, -45.70302963256836, -48.71074676513672, -45.495784759521484, -45.349456787109375, -48.94514083862305, -49.31899642944336, -47.48513412475586, -48.228885650634766, -50.724456787109375, -51.62300109863281, -50.39255905151367, -53.760372161865234]
