Running with parameters: hidden=30, use_coupled=true, seed=65, lam=0.1, eta=0.5
Test Accuracy: 0.8500, Energy: 14.98
Time Taken:  11.008091449737549
Test Accuracy: 0.8500, Energy: 14.57
Time Taken:  10.915118932723999
Test Accuracy: 0.8500, Energy: 13.28
Time Taken:  10.968781471252441
Test Accuracy: 0.8500, Energy: 13.75
Time Taken:  10.96865200996399
Test Accuracy: 0.8567, Energy: 12.05
Time Taken:  10.932440996170044
Test Accuracy: 0.8600, Energy: 12.49
Time Taken:  10.942087173461914
Test Accuracy: 0.8600, Energy: 12.62
Time Taken:  10.91770625114441
Test Accuracy: 0.8600, Energy: 14.90
Time Taken:  11.028028011322021
Test Accuracy: 0.8600, Energy: 13.33
Time Taken:  11.010571241378784
Test Accuracy: 0.8600, Energy: 12.09
Time Taken:  10.946323871612549
Test Accuracy: 0.8600, Energy: 8.82
Time Taken:  10.969696044921875
Test Accuracy: 0.8600, Energy: 7.77
Time Taken:  11.004571437835693
Test Accuracy: 0.8600, Energy: 10.99
Time Taken:  10.958275318145752
Test Accuracy: 0.8600, Energy: 12.15
Time Taken:  10.973020792007446
Test Accuracy: 0.8600, Energy: 11.81
Time Taken:  10.958749771118164
Test Accuracy: 0.8600, Energy: 5.50
Time Taken:  11.023957967758179
Test Accuracy: 0.8633, Energy: 5.23
Time Taken:  11.011502742767334
Test Accuracy: 0.8633, Energy: 7.73
Time Taken:  10.984411239624023
Test Accuracy: 0.8633, Energy: 7.62
Time Taken:  11.007941484451294
Test Accuracy: 0.8633, Energy: 3.66
Time Taken:  10.992429733276367
Test Accuracy: 0.8633, Energy: 4.22
Time Taken:  10.955299854278564
Test Accuracy: 0.8633, Energy: 6.04
Time Taken:  10.923187732696533
Test Accuracy: 0.8633, Energy: 7.32
Time Taken:  11.009454250335693
Test Accuracy: 0.8600, Energy: 16.72
Time Taken:  10.933419466018677
Test Accuracy: 0.8600, Energy: 14.30
Time Taken:  10.962603569030762
Test Accuracy: 0.8633, Energy: 16.47
Time Taken:  11.003913402557373
Test Accuracy: 0.8633, Energy: 11.75
Time Taken:  10.97472333908081
Test Accuracy: 0.8633, Energy: 10.43
Time Taken:  11.027131795883179
Test Accuracy: 0.8633, Energy: 11.33
Time Taken:  11.031413555145264
Test Accuracy: 0.8633, Energy: 6.04
Time Taken:  10.956027030944824
Test Accuracy: 0.8633, Energy: 5.59
Time Taken:  10.98239254951477
Test Accuracy: 0.8600, Energy: 0.58
Time Taken:  10.974242210388184
Test Accuracy: 0.8600, Energy: 3.65
Time Taken:  10.950769186019897
Test Accuracy: 0.8600, Energy: 1.32
Time Taken:  11.018326759338379
Test Accuracy: 0.8567, Energy: -0.69
Time Taken:  10.966750144958496
Test Accuracy: 0.8567, Energy: -2.97
Time Taken:  10.999914646148682
Test Accuracy: 0.8567, Energy: -3.96
Time Taken:  11.016091108322144
Test Accuracy: 0.8567, Energy: -2.63
Time Taken:  11.037744522094727
Test Accuracy: 0.8567, Energy: -3.25
Time Taken:  10.980345487594604
Test Accuracy: 0.8567, Energy: -5.95
Time Taken:  10.95574951171875
Test Accuracy: 0.8600, Energy: -8.29
Time Taken:  11.023422718048096
Test Accuracy: 0.8600, Energy: -6.65
Time Taken:  11.063953638076782
Test Accuracy: 0.8600, Energy: -4.80
Time Taken:  10.981452465057373
Test Accuracy: 0.8600, Energy: -5.61
Time Taken:  10.985798120498657
Test Accuracy: 0.8600, Energy: -2.23
Time Taken:  10.890937328338623
Test Accuracy: 0.8600, Energy: -0.36
Time Taken:  11.007973670959473
Test Accuracy: 0.8600, Energy: 0.28
Time Taken:  10.928570032119751
Test Accuracy: 0.8600, Energy: -0.93
Time Taken:  10.955579042434692
Test Accuracy: 0.8600, Energy: -2.48
Time Taken:  10.927323341369629
Test Accuracy: 0.8600, Energy: -3.95
Time Taken:  10.949129104614258
Test Accuracy: 0.8600, Energy: -1.41
Time Taken:  10.956233024597168
Test Accuracy: 0.8600, Energy: -1.60
Time Taken:  11.046652793884277
Test Accuracy: 0.8600, Energy: -2.79
Time Taken:  11.006027460098267
Test Accuracy: 0.8600, Energy: -0.12
Time Taken:  10.956662893295288
Test Accuracy: 0.8600, Energy: -1.10
Time Taken:  10.941403150558472
Test Accuracy: 0.8600, Energy: 2.38
Time Taken:  10.963366985321045
Test Accuracy: 0.8600, Energy: 1.19
Time Taken:  11.040337085723877
Test Accuracy: 0.8600, Energy: 1.84
Time Taken:  10.947331190109253
Test Accuracy: 0.8600, Energy: 1.35
Time Taken:  11.02288293838501
Test Accuracy: 0.8600, Energy: -2.74
Time Taken:  10.940924167633057
Test Accuracy: 0.8600, Energy: -1.40
Time Taken:  11.001805305480957
Test Accuracy: 0.8600, Energy: 0.93
Time Taken:  10.915950059890747
Test Accuracy: 0.8633, Energy: 0.22
Time Taken:  10.961358070373535
Test Accuracy: 0.8633, Energy: 0.00
Time Taken:  10.951132774353027
Test Accuracy: 0.8633, Energy: 0.73
Time Taken:  11.00483751296997
Test Accuracy: 0.8633, Energy: -1.99
Time Taken:  10.921714544296265
Test Accuracy: 0.8633, Energy: -1.42
Time Taken:  11.03486943244934
Test Accuracy: 0.8633, Energy: -0.93
Time Taken:  10.986502885818481
Test Accuracy: 0.8633, Energy: -1.61
Time Taken:  10.958322525024414
Test Accuracy: 0.8633, Energy: -4.07
Time Taken:  10.956133365631104
Test Accuracy: 0.8633, Energy: -4.61
Time Taken:  11.022497653961182
Test Accuracy: 0.8600, Energy: -6.08
Time Taken:  11.021930932998657
Test Accuracy: 0.8600, Energy: -4.67
Time Taken:  10.969014883041382
Test Accuracy: 0.8600, Energy: -2.27
Time Taken:  10.995895147323608
Test Accuracy: 0.8633, Energy: -2.61
Time Taken:  11.037160634994507
Test Accuracy: 0.8633, Energy: -1.01
Time Taken:  11.009938955307007
Test Accuracy: 0.8633, Energy: -2.22
Time Taken:  10.93586277961731
Test Accuracy: 0.8633, Energy: -2.90
Time Taken:  10.94723916053772
Test Accuracy: 0.8633, Energy: -2.68
Time Taken:  10.966398239135742
Test Accuracy: 0.8633, Energy: -6.86
Time Taken:  10.956451654434204
Test Accuracy: 0.8633, Energy: -7.05
Time Taken:  10.978737115859985
Test Accuracy: 0.8633, Energy: -6.98
Time Taken:  10.965044021606445
Test Accuracy: 0.8633, Energy: -0.92
Time Taken:  11.02193021774292
Test Accuracy: 0.8633, Energy: -1.51
Time Taken:  10.986754894256592
Test Accuracy: 0.8633, Energy: -1.15
Time Taken:  10.964094161987305
Test Accuracy: 0.8633, Energy: -3.10
Time Taken:  11.003478288650513
Test Accuracy: 0.8633, Energy: -4.39
Time Taken:  11.017467260360718
Test Accuracy: 0.8600, Energy: -7.53
Time Taken:  10.943167686462402
Test Accuracy: 0.8600, Energy: -9.18
Time Taken:  10.984880685806274
Test Accuracy: 0.8600, Energy: -16.48
Time Taken:  10.90629506111145
Test Accuracy: 0.8600, Energy: -14.97
Time Taken:  11.04018497467041
Test Accuracy: 0.8600, Energy: -16.11
Time Taken:  10.916975498199463
Test Accuracy: 0.8600, Energy: -19.98
Time Taken:  10.952693223953247
Test Accuracy: 0.8600, Energy: -24.53
Time Taken:  10.971879720687866
Test Accuracy: 0.8600, Energy: -22.99
Time Taken:  11.019904136657715
Test Accuracy: 0.8600, Energy: -23.77
Time Taken:  10.932893991470337
Test Accuracy: 0.8600, Energy: -20.99
Time Taken:  10.927515268325806
Test Accuracy: 0.8600, Energy: -23.00
Time Taken:  11.029680252075195
Test Accuracy: 0.8600, Energy: -19.82
Time Taken:  11.010421991348267
Test Accuracy: 0.8600, Energy: -17.84
Time Taken:  10.989738464355469
Final accuracies: [0.85, 0.85, 0.85, 0.85, 0.8566666666666667, 0.86, 0.86, 0.86, 0.86, 0.86, 0.86, 0.86, 0.86, 0.86, 0.86, 0.86, 0.8633333333333333, 0.8633333333333333, 0.8633333333333333, 0.8633333333333333, 0.8633333333333333, 0.8633333333333333, 0.8633333333333333, 0.86, 0.86, 0.8633333333333333, 0.8633333333333333, 0.8633333333333333, 0.8633333333333333, 0.8633333333333333, 0.8633333333333333, 0.86, 0.86, 0.86, 0.8566666666666667, 0.8566666666666667, 0.8566666666666667, 0.8566666666666667, 0.8566666666666667, 0.8566666666666667, 0.86, 0.86, 0.86, 0.86, 0.86, 0.86, 0.86, 0.86, 0.86, 0.86, 0.86, 0.86, 0.86, 0.86, 0.86, 0.86, 0.86, 0.86, 0.86, 0.86, 0.86, 0.86, 0.8633333333333333, 0.8633333333333333, 0.8633333333333333, 0.8633333333333333, 0.8633333333333333, 0.8633333333333333, 0.8633333333333333, 0.8633333333333333, 0.8633333333333333, 0.86, 0.86, 0.86, 0.8633333333333333, 0.8633333333333333, 0.8633333333333333, 0.8633333333333333, 0.8633333333333333, 0.8633333333333333, 0.8633333333333333, 0.8633333333333333, 0.8633333333333333, 0.8633333333333333, 0.8633333333333333, 0.8633333333333333, 0.8633333333333333, 0.86, 0.86, 0.86, 0.86, 0.86, 0.86, 0.86, 0.86, 0.86, 0.86, 0.86, 0.86, 0.86]
Final energies: [14.983000755310059, 14.573834419250488, 13.276087760925293, 13.750579833984375, 12.050802230834961, 12.490377426147461, 12.617409706115723, 14.897619247436523, 13.332952499389648, 12.093734741210938, 8.815152168273926, 7.766220569610596, 10.994735717773438, 12.147173881530762, 11.807397842407227, 5.501049041748047, 5.2297210693359375, 7.726070404052734, 7.62485408782959, 3.664324998855591, 4.217233657836914, 6.042252540588379, 7.316638946533203, 16.720369338989258, 14.301648139953613, 16.465375900268555, 11.751747131347656, 10.434799194335938, 11.333687782287598, 6.039855480194092, 5.586811065673828, 0.5845808386802673, 3.6544833183288574, 1.3209235668182373, -0.6876912713050842, -2.9691314697265625, -3.962392568588257, -2.6284518241882324, -3.2535338401794434, -5.95198917388916, -8.290514945983887, -6.654452800750732, -4.804512977600098, -5.6091766357421875, -2.225888252258301, -0.3612467646598816, 0.2779385447502136, -0.9342673420906067, -2.4764225482940674, -3.948904275894165, -1.410775899887085, -1.6017770767211914, -2.7945356369018555, -0.11889772117137909, -1.1030621528625488, 2.3780155181884766, 1.1892822980880737, 1.8411508798599243, 1.3455772399902344, -2.738755464553833, -1.4010355472564697, 0.9290029406547546, 0.2196200042963028, 0.0001055002212524414, 0.7305316925048828, -1.9940730333328247, -1.4190768003463745, -0.9271163940429688, -1.6050429344177246, -4.0696120262146, -4.609436511993408, -6.083653926849365, -4.665738105773926, -2.2694952487945557, -2.605011224746704, -1.0099674463272095, -2.2206954956054688, -2.8985350131988525, -2.6817080974578857, -6.863256931304932, -7.048911094665527, -6.975211143493652, -0.9195349216461182, -1.5090867280960083, -1.1519066095352173, -3.1009886264801025, -4.389355182647705, -7.527256488800049, -9.175775527954102, -16.475242614746094, -14.970122337341309, -16.107982635498047, -19.976388931274414, -24.529762268066406, -22.989824295043945, -23.76905059814453, -20.988431930541992, -23.00173568725586, -19.82316780090332, -17.843017578125]
