Running with parameters: hidden=30, use_coupled=true, seed=56, lam=0.1, eta=0.5
Test Accuracy: 0.8700, Energy: 32.21
Time Taken:  15.849151134490967
Test Accuracy: 0.8700, Energy: 31.52
Time Taken:  15.823543787002563
Test Accuracy: 0.8700, Energy: 31.99
Time Taken:  15.974848985671997
Test Accuracy: 0.8700, Energy: 30.18
Time Taken:  15.798400402069092
Test Accuracy: 0.8667, Energy: 29.29
Time Taken:  15.973937034606934
Test Accuracy: 0.8667, Energy: 28.60
Time Taken:  15.51682996749878
Test Accuracy: 0.8667, Energy: 30.47
Time Taken:  15.544163227081299
Test Accuracy: 0.8667, Energy: 30.09
Time Taken:  15.555314064025879
Test Accuracy: 0.8667, Energy: 30.03
Time Taken:  15.771780729293823
Test Accuracy: 0.8700, Energy: 26.80
Time Taken:  15.644194841384888
Test Accuracy: 0.8700, Energy: 24.67
Time Taken:  15.7592191696167
Test Accuracy: 0.8700, Energy: 23.63
Time Taken:  15.721396446228027
Test Accuracy: 0.8700, Energy: 25.81
Time Taken:  15.744008779525757
Test Accuracy: 0.8733, Energy: 25.03
Time Taken:  15.812198877334595
Test Accuracy: 0.8733, Energy: 24.37
Time Taken:  15.776378154754639
Test Accuracy: 0.8733, Energy: 25.13
Time Taken:  15.898154973983765
Test Accuracy: 0.8733, Energy: 25.28
Time Taken:  15.764127492904663
Test Accuracy: 0.8733, Energy: 20.41
Time Taken:  15.885844469070435
Test Accuracy: 0.8700, Energy: 17.18
Time Taken:  15.717363119125366
Test Accuracy: 0.8700, Energy: 12.36
Time Taken:  16.019405841827393
Test Accuracy: 0.8700, Energy: 11.97
Time Taken:  15.862121820449829
Test Accuracy: 0.8733, Energy: 17.38
Time Taken:  16.10264778137207
Test Accuracy: 0.8733, Energy: 18.68
Time Taken:  15.695072889328003
Test Accuracy: 0.8733, Energy: 20.37
Time Taken:  16.139748573303223
Test Accuracy: 0.8733, Energy: 22.20
Time Taken:  15.894635200500488
Test Accuracy: 0.8733, Energy: 21.31
Time Taken:  15.89970874786377
Test Accuracy: 0.8733, Energy: 17.31
Time Taken:  15.583860874176025
Test Accuracy: 0.8733, Energy: 17.39
Time Taken:  15.285110473632812
Test Accuracy: 0.8733, Energy: 14.55
Time Taken:  15.450700044631958
Test Accuracy: 0.8733, Energy: 16.47
Time Taken:  15.853734254837036
Test Accuracy: 0.8733, Energy: 13.29
Time Taken:  15.733028650283813
Test Accuracy: 0.8733, Energy: 13.56
Time Taken:  15.714630365371704
Test Accuracy: 0.8733, Energy: 13.74
Time Taken:  15.701687335968018
Test Accuracy: 0.8733, Energy: 14.12
Time Taken:  15.778796672821045
Test Accuracy: 0.8733, Energy: 16.73
Time Taken:  15.792436838150024
Test Accuracy: 0.8767, Energy: 16.82
Time Taken:  15.726985216140747
Test Accuracy: 0.8733, Energy: 16.44
Time Taken:  15.734905004501343
Test Accuracy: 0.8733, Energy: 18.71
Time Taken:  15.59345006942749
Test Accuracy: 0.8733, Energy: 17.98
Time Taken:  15.806061267852783
Test Accuracy: 0.8733, Energy: 17.52
Time Taken:  15.565300464630127
Test Accuracy: 0.8733, Energy: 14.25
Time Taken:  15.893654108047485
Test Accuracy: 0.8733, Energy: 13.38
Time Taken:  15.539926290512085
Test Accuracy: 0.8733, Energy: 8.85
Time Taken:  15.731539726257324
Test Accuracy: 0.8733, Energy: 5.69
Time Taken:  15.559020042419434
Test Accuracy: 0.8767, Energy: 4.52
Time Taken:  15.837313413619995
Test Accuracy: 0.8767, Energy: 4.77
Time Taken:  15.528110265731812
Test Accuracy: 0.8767, Energy: 2.38
Time Taken:  15.745518445968628
Test Accuracy: 0.8767, Energy: 4.34
Time Taken:  15.602671384811401
Test Accuracy: 0.8800, Energy: 4.50
Time Taken:  15.619189739227295
Test Accuracy: 0.8800, Energy: 5.59
Time Taken:  15.409486770629883
Test Accuracy: 0.8800, Energy: 4.67
Time Taken:  15.189731359481812
Test Accuracy: 0.8800, Energy: 0.55
Time Taken:  15.035406589508057
Test Accuracy: 0.8800, Energy: 2.18
Time Taken:  15.129618167877197
Test Accuracy: 0.8800, Energy: 5.43
Time Taken:  15.01979660987854
Test Accuracy: 0.8800, Energy: 4.81
Time Taken:  15.098146200180054
Test Accuracy: 0.8800, Energy: 8.52
Time Taken:  15.055803060531616
Test Accuracy: 0.8800, Energy: 6.39
Time Taken:  15.26524567604065
Test Accuracy: 0.8767, Energy: 3.73
Time Taken:  15.092603921890259
Test Accuracy: 0.8767, Energy: 0.96
Time Taken:  15.095032215118408
Test Accuracy: 0.8767, Energy: 0.32
Time Taken:  15.017188787460327
Test Accuracy: 0.8767, Energy: 1.10
Time Taken:  15.234891414642334
Test Accuracy: 0.8767, Energy: 1.02
Time Taken:  15.100054025650024
Test Accuracy: 0.8767, Energy: 1.65
Time Taken:  15.25551700592041
Test Accuracy: 0.8767, Energy: 2.24
Time Taken:  15.126074075698853
Test Accuracy: 0.8767, Energy: -0.67
Time Taken:  15.197797060012817
Test Accuracy: 0.8800, Energy: -7.08
Time Taken:  15.119300127029419
Test Accuracy: 0.8800, Energy: -7.40
Time Taken:  15.19142198562622
Test Accuracy: 0.8800, Energy: -7.47
Time Taken:  15.168270111083984
Test Accuracy: 0.8800, Energy: -8.09
Time Taken:  15.21679949760437
Test Accuracy: 0.8800, Energy: -9.24
Time Taken:  15.525647163391113
Test Accuracy: 0.8800, Energy: -9.84
Time Taken:  15.597286224365234
Test Accuracy: 0.8800, Energy: -12.84
Time Taken:  15.46348786354065
Test Accuracy: 0.8800, Energy: -11.61
Time Taken:  15.454801321029663
Test Accuracy: 0.8800, Energy: -12.01
Time Taken:  15.691011667251587
Test Accuracy: 0.8800, Energy: -13.56
Time Taken:  15.591940641403198
Test Accuracy: 0.8800, Energy: -14.18
Time Taken:  15.586856126785278
Test Accuracy: 0.8800, Energy: -16.13
Time Taken:  15.529020547866821
Test Accuracy: 0.8800, Energy: -15.85
Time Taken:  15.870014429092407
Test Accuracy: 0.8800, Energy: -18.52
Time Taken:  15.640639066696167
Test Accuracy: 0.8800, Energy: -18.04
Time Taken:  15.763843774795532
Test Accuracy: 0.8833, Energy: -14.14
Time Taken:  15.68535852432251
Test Accuracy: 0.8833, Energy: -8.65
Time Taken:  15.823883771896362
Test Accuracy: 0.8833, Energy: -9.92
Time Taken:  15.713394403457642
Test Accuracy: 0.8833, Energy: -7.57
Time Taken:  15.974734783172607
Test Accuracy: 0.8833, Energy: -6.15
Time Taken:  15.703659772872925
Test Accuracy: 0.8833, Energy: -7.81
Time Taken:  15.932748794555664
Test Accuracy: 0.8833, Energy: -10.15
Time Taken:  15.830374002456665
Test Accuracy: 0.8833, Energy: -9.15
Time Taken:  15.958353757858276
Test Accuracy: 0.8867, Energy: -8.77
Time Taken:  15.966576099395752
Test Accuracy: 0.8833, Energy: -9.21
Time Taken:  15.905200242996216
Test Accuracy: 0.8833, Energy: -6.92
Time Taken:  16.010684490203857
Test Accuracy: 0.8833, Energy: -7.96
Time Taken:  16.014199256896973
Test Accuracy: 0.8833, Energy: -5.70
Time Taken:  16.11026430130005
Test Accuracy: 0.8767, Energy: -10.20
Time Taken:  15.922059059143066
Test Accuracy: 0.8767, Energy: -11.76
Time Taken:  15.740026950836182
Test Accuracy: 0.8767, Energy: -10.45
Time Taken:  15.674896240234375
Test Accuracy: 0.8767, Energy: -13.70
Time Taken:  15.813419818878174
Test Accuracy: 0.8800, Energy: -16.10
Time Taken:  15.577752351760864
Test Accuracy: 0.8833, Energy: -18.58
Time Taken:  15.657188892364502
Test Accuracy: 0.8833, Energy: -21.99
Time Taken:  15.359039545059204
Final accuracies: [0.87, 0.87, 0.87, 0.87, 0.8666666666666667, 0.8666666666666667, 0.8666666666666667, 0.8666666666666667, 0.8666666666666667, 0.87, 0.87, 0.87, 0.87, 0.8733333333333333, 0.8733333333333333, 0.8733333333333333, 0.8733333333333333, 0.8733333333333333, 0.87, 0.87, 0.87, 0.8733333333333333, 0.8733333333333333, 0.8733333333333333, 0.8733333333333333, 0.8733333333333333, 0.8733333333333333, 0.8733333333333333, 0.8733333333333333, 0.8733333333333333, 0.8733333333333333, 0.8733333333333333, 0.8733333333333333, 0.8733333333333333, 0.8733333333333333, 0.8766666666666667, 0.8733333333333333, 0.8733333333333333, 0.8733333333333333, 0.8733333333333333, 0.8733333333333333, 0.8733333333333333, 0.8733333333333333, 0.8733333333333333, 0.8766666666666667, 0.8766666666666667, 0.8766666666666667, 0.8766666666666667, 0.88, 0.88, 0.88, 0.88, 0.88, 0.88, 0.88, 0.88, 0.88, 0.8766666666666667, 0.8766666666666667, 0.8766666666666667, 0.8766666666666667, 0.8766666666666667, 0.8766666666666667, 0.8766666666666667, 0.8766666666666667, 0.88, 0.88, 0.88, 0.88, 0.88, 0.88, 0.88, 0.88, 0.88, 0.88, 0.88, 0.88, 0.88, 0.88, 0.88, 0.8833333333333333, 0.8833333333333333, 0.8833333333333333, 0.8833333333333333, 0.8833333333333333, 0.8833333333333333, 0.8833333333333333, 0.8833333333333333, 0.8866666666666667, 0.8833333333333333, 0.8833333333333333, 0.8833333333333333, 0.8833333333333333, 0.8766666666666667, 0.8766666666666667, 0.8766666666666667, 0.8766666666666667, 0.88, 0.8833333333333333, 0.8833333333333333]
Final energies: [32.205078125, 31.517621994018555, 31.989221572875977, 30.182571411132812, 29.294614791870117, 28.597822189331055, 30.473920822143555, 30.094463348388672, 30.030963897705078, 26.79914093017578, 24.672128677368164, 23.62672996520996, 25.8135929107666, 25.02922821044922, 24.372196197509766, 25.128238677978516, 25.28228759765625, 20.405420303344727, 17.177282333374023, 12.35964298248291, 11.967272758483887, 17.37526512145996, 18.677675247192383, 20.37332534790039, 22.20075798034668, 21.31395721435547, 17.311382293701172, 17.388980865478516, 14.548001289367676, 16.46900749206543, 13.291465759277344, 13.560935974121094, 13.740020751953125, 14.122766494750977, 16.731403350830078, 16.818748474121094, 16.43552589416504, 18.707576751708984, 17.980730056762695, 17.520137786865234, 14.254290580749512, 13.375480651855469, 8.851730346679688, 5.689615249633789, 4.515368938446045, 4.766299247741699, 2.3821539878845215, 4.341718673706055, 4.500214099884033, 5.586844444274902, 4.666265487670898, 0.5524168014526367, 2.1797993183135986, 5.428493022918701, 4.813432216644287, 8.517837524414062, 6.393084526062012, 3.733739137649536, 0.961899995803833, 0.3221950829029083, 1.104786992073059, 1.024006724357605, 1.6505615711212158, 2.2377874851226807, -0.6680139303207397, -7.07772970199585, -7.397675514221191, -7.466928482055664, -8.092528343200684, -9.241875648498535, -9.838759422302246, -12.844970703125, -11.608850479125977, -12.008421897888184, -13.560820579528809, -14.181328773498535, -16.134963989257812, -15.847867965698242, -18.518230438232422, -18.035953521728516, -14.137190818786621, -8.653584480285645, -9.923539161682129, -7.569307327270508, -6.145850658416748, -7.813255310058594, -10.146629333496094, -9.146622657775879, -8.766843795776367, -9.209521293640137, -6.918091773986816, -7.958953380584717, -5.703927993774414, -10.198973655700684, -11.757184028625488, -10.448678970336914, -13.699631690979004, -16.10254669189453, -18.579904556274414, -21.986671447753906]
