Running with parameters: hidden=30, use_coupled=true, seed=71, lam=0.1, eta=0.5
Test Accuracy: 0.9700, Energy: 1.84
Time Taken:  11.135706901550293
Test Accuracy: 0.9700, Energy: 4.20
Time Taken:  11.067181587219238
Test Accuracy: 0.9733, Energy: 4.77
Time Taken:  11.127380132675171
Test Accuracy: 0.9733, Energy: 3.49
Time Taken:  11.191463470458984
Test Accuracy: 0.9733, Energy: 5.63
Time Taken:  11.071889877319336
Test Accuracy: 0.9733, Energy: 8.33
Time Taken:  11.048109531402588
Test Accuracy: 0.9733, Energy: 7.91
Time Taken:  11.123608827590942
Test Accuracy: 0.9733, Energy: 7.75
Time Taken:  11.105586767196655
Test Accuracy: 0.9733, Energy: 8.10
Time Taken:  11.119827270507812
Test Accuracy: 0.9733, Energy: 9.93
Time Taken:  11.184066534042358
Test Accuracy: 0.9733, Energy: 10.40
Time Taken:  11.13409686088562
Test Accuracy: 0.9733, Energy: 12.93
Time Taken:  11.172505378723145
Test Accuracy: 0.9733, Energy: 9.51
Time Taken:  11.142190217971802
Test Accuracy: 0.9733, Energy: 7.97
Time Taken:  11.082770347595215
Test Accuracy: 0.9733, Energy: 8.98
Time Taken:  11.1162748336792
Test Accuracy: 0.9733, Energy: 12.06
Time Taken:  11.072197675704956
Test Accuracy: 0.9733, Energy: 9.25
Time Taken:  11.126713991165161
Test Accuracy: 0.9733, Energy: 7.83
Time Taken:  11.243648290634155
Test Accuracy: 0.9733, Energy: 5.71
Time Taken:  11.151585817337036
Test Accuracy: 0.9733, Energy: 3.17
Time Taken:  11.169636011123657
Test Accuracy: 0.9733, Energy: 2.69
Time Taken:  11.250539064407349
Test Accuracy: 0.9733, Energy: -1.31
Time Taken:  11.132136344909668
Test Accuracy: 0.9733, Energy: -2.09
Time Taken:  11.140695095062256
Test Accuracy: 0.9733, Energy: -0.28
Time Taken:  11.133062839508057
Test Accuracy: 0.9733, Energy: -2.35
Time Taken:  11.152198314666748
Test Accuracy: 0.9733, Energy: -1.58
Time Taken:  11.170806169509888
Test Accuracy: 0.9733, Energy: -1.54
Time Taken:  11.071617364883423
Test Accuracy: 0.9733, Energy: 0.82
Time Taken:  11.300574541091919
Test Accuracy: 0.9733, Energy: 1.68
Time Taken:  11.148167610168457
Test Accuracy: 0.9733, Energy: -1.65
Time Taken:  11.337597846984863
Test Accuracy: 0.9733, Energy: -2.93
Time Taken:  11.162059545516968
Test Accuracy: 0.9733, Energy: -5.26
Time Taken:  11.081451654434204
Test Accuracy: 0.9733, Energy: -8.26
Time Taken:  11.114472150802612
Test Accuracy: 0.9733, Energy: -7.90
Time Taken:  11.133549690246582
Test Accuracy: 0.9733, Energy: -7.74
Time Taken:  11.104241132736206
Test Accuracy: 0.9733, Energy: -1.37
Time Taken:  11.166890144348145
Test Accuracy: 0.9733, Energy: 3.79
Time Taken:  11.163464784622192
Test Accuracy: 0.9733, Energy: 3.85
Time Taken:  11.140644788742065
Test Accuracy: 0.9733, Energy: 1.26
Time Taken:  11.253562927246094
Test Accuracy: 0.9733, Energy: -0.47
Time Taken:  11.324122428894043
Test Accuracy: 0.9733, Energy: -0.34
Time Taken:  11.145753622055054
Test Accuracy: 0.9733, Energy: -0.73
Time Taken:  11.213508367538452
Test Accuracy: 0.9733, Energy: -3.19
Time Taken:  11.108150482177734
Test Accuracy: 0.9733, Energy: -3.17
Time Taken:  11.1652672290802
Test Accuracy: 0.9733, Energy: -3.04
Time Taken:  11.0973961353302
Test Accuracy: 0.9733, Energy: -2.78
Time Taken:  11.175354957580566
Test Accuracy: 0.9733, Energy: -0.73
Time Taken:  11.140087604522705
Test Accuracy: 0.9733, Energy: -1.80
Time Taken:  11.22379994392395
Test Accuracy: 0.9733, Energy: -2.75
Time Taken:  11.162513017654419
Test Accuracy: 0.9733, Energy: -5.76
Time Taken:  11.117787837982178
Test Accuracy: 0.9700, Energy: -10.90
Time Taken:  11.120956420898438
Test Accuracy: 0.9700, Energy: -9.77
Time Taken:  11.106106042861938
Test Accuracy: 0.9700, Energy: -10.32
Time Taken:  11.046020030975342
Test Accuracy: 0.9700, Energy: -11.35
Time Taken:  11.119020938873291
Test Accuracy: 0.9700, Energy: -12.85
Time Taken:  11.248362302780151
Test Accuracy: 0.9700, Energy: -12.86
Time Taken:  11.157087564468384
Test Accuracy: 0.9700, Energy: -15.25
Time Taken:  11.111144304275513
Test Accuracy: 0.9700, Energy: -12.26
Time Taken:  11.18250036239624
Test Accuracy: 0.9700, Energy: -11.97
Time Taken:  11.190537452697754
Test Accuracy: 0.9700, Energy: -12.27
Time Taken:  11.228561401367188
Test Accuracy: 0.9700, Energy: -14.13
Time Taken:  11.145866394042969
Test Accuracy: 0.9733, Energy: -12.72
Time Taken:  11.114332914352417
Test Accuracy: 0.9733, Energy: -11.32
Time Taken:  11.098693370819092
Test Accuracy: 0.9733, Energy: -10.62
Time Taken:  11.115970611572266
Test Accuracy: 0.9733, Energy: -10.16
Time Taken:  11.09831714630127
Test Accuracy: 0.9733, Energy: -15.31
Time Taken:  11.204417943954468
Test Accuracy: 0.9733, Energy: -15.90
Time Taken:  11.154450178146362
Test Accuracy: 0.9700, Energy: -17.85
Time Taken:  11.104519844055176
Test Accuracy: 0.9700, Energy: -20.60
Time Taken:  11.12900447845459
Test Accuracy: 0.9700, Energy: -21.32
Time Taken:  11.131135940551758
Test Accuracy: 0.9700, Energy: -24.22
Time Taken:  11.09610629081726
Test Accuracy: 0.9700, Energy: -26.31
Time Taken:  11.102594375610352
Test Accuracy: 0.9700, Energy: -23.35
Time Taken:  11.167686939239502
Test Accuracy: 0.9700, Energy: -23.23
Time Taken:  11.131082534790039
Test Accuracy: 0.9700, Energy: -18.93
Time Taken:  11.160152912139893
Test Accuracy: 0.9700, Energy: -20.30
Time Taken:  11.091084718704224
Test Accuracy: 0.9700, Energy: -18.43
Time Taken:  11.07981824874878
Test Accuracy: 0.9700, Energy: -17.00
Time Taken:  11.142376899719238
Test Accuracy: 0.9700, Energy: -20.75
Time Taken:  11.126546621322632
Test Accuracy: 0.9700, Energy: -24.25
Time Taken:  11.123110055923462
Test Accuracy: 0.9700, Energy: -25.50
Time Taken:  11.040273666381836
Test Accuracy: 0.9700, Energy: -26.92
Time Taken:  11.175791501998901
Test Accuracy: 0.9700, Energy: -28.39
Time Taken:  11.192166328430176
Test Accuracy: 0.9700, Energy: -26.93
Time Taken:  11.153435468673706
Test Accuracy: 0.9700, Energy: -26.84
Time Taken:  11.075379848480225
Test Accuracy: 0.9700, Energy: -25.58
Time Taken:  11.018997430801392
Test Accuracy: 0.9700, Energy: -25.70
Time Taken:  11.111810684204102
Test Accuracy: 0.9700, Energy: -24.33
Time Taken:  11.128559589385986
Test Accuracy: 0.9700, Energy: -21.34
Time Taken:  11.138927698135376
Test Accuracy: 0.9700, Energy: -18.77
Time Taken:  11.15593934059143
Test Accuracy: 0.9700, Energy: -25.72
Time Taken:  11.215809345245361
Test Accuracy: 0.9700, Energy: -26.26
Time Taken:  11.08594036102295
Test Accuracy: 0.9700, Energy: -25.13
Time Taken:  11.064677953720093
Test Accuracy: 0.9700, Energy: -28.25
Time Taken:  11.09298062324524
Test Accuracy: 0.9700, Energy: -31.47
Time Taken:  11.145232677459717
Test Accuracy: 0.9700, Energy: -32.03
Time Taken:  11.07242202758789
Test Accuracy: 0.9700, Energy: -32.78
Time Taken:  11.202571868896484
Test Accuracy: 0.9700, Energy: -33.04
Time Taken:  11.125693798065186
Test Accuracy: 0.9700, Energy: -32.01
Time Taken:  11.146466970443726
Test Accuracy: 0.9700, Energy: -32.26
Time Taken:  11.074143409729004
Final accuracies: [0.97, 0.97, 0.9733333333333334, 0.9733333333333334, 0.9733333333333334, 0.9733333333333334, 0.9733333333333334, 0.9733333333333334, 0.9733333333333334, 0.9733333333333334, 0.9733333333333334, 0.9733333333333334, 0.9733333333333334, 0.9733333333333334, 0.9733333333333334, 0.9733333333333334, 0.9733333333333334, 0.9733333333333334, 0.9733333333333334, 0.9733333333333334, 0.9733333333333334, 0.9733333333333334, 0.9733333333333334, 0.9733333333333334, 0.9733333333333334, 0.9733333333333334, 0.9733333333333334, 0.9733333333333334, 0.9733333333333334, 0.9733333333333334, 0.9733333333333334, 0.9733333333333334, 0.9733333333333334, 0.9733333333333334, 0.9733333333333334, 0.9733333333333334, 0.9733333333333334, 0.9733333333333334, 0.9733333333333334, 0.9733333333333334, 0.9733333333333334, 0.9733333333333334, 0.9733333333333334, 0.9733333333333334, 0.9733333333333334, 0.9733333333333334, 0.9733333333333334, 0.9733333333333334, 0.9733333333333334, 0.9733333333333334, 0.97, 0.97, 0.97, 0.97, 0.97, 0.97, 0.97, 0.97, 0.97, 0.97, 0.97, 0.9733333333333334, 0.9733333333333334, 0.9733333333333334, 0.9733333333333334, 0.9733333333333334, 0.9733333333333334, 0.97, 0.97, 0.97, 0.97, 0.97, 0.97, 0.97, 0.97, 0.97, 0.97, 0.97, 0.97, 0.97, 0.97, 0.97, 0.97, 0.97, 0.97, 0.97, 0.97, 0.97, 0.97, 0.97, 0.97, 0.97, 0.97, 0.97, 0.97, 0.97, 0.97, 0.97, 0.97, 0.97]
Final energies: [1.8359943628311157, 4.202585697174072, 4.770172119140625, 3.491394281387329, 5.630155086517334, 8.334798812866211, 7.914422512054443, 7.746659278869629, 8.095232009887695, 9.933801651000977, 10.39870548248291, 12.932257652282715, 9.514558792114258, 7.973042011260986, 8.975374221801758, 12.062028884887695, 9.249237060546875, 7.833672523498535, 5.706067085266113, 3.1652402877807617, 2.6876108646392822, -1.3125393390655518, -2.0876059532165527, -0.28209125995635986, -2.348022937774658, -1.5811045169830322, -1.5401546955108643, 0.8197063207626343, 1.6818156242370605, -1.6538530588150024, -2.9315218925476074, -5.26027250289917, -8.258642196655273, -7.902595520019531, -7.738152503967285, -1.3685762882232666, 3.790031671524048, 3.853743553161621, 1.2626605033874512, -0.4659336805343628, -0.338506817817688, -0.7255018949508667, -3.192178726196289, -3.169516086578369, -3.0401079654693604, -2.777308225631714, -0.7271450757980347, -1.8006398677825928, -2.747985363006592, -5.761064529418945, -10.900705337524414, -9.772769927978516, -10.317632675170898, -11.350752830505371, -12.84619140625, -12.858936309814453, -15.253124237060547, -12.25866985321045, -11.966894149780273, -12.270682334899902, -14.129049301147461, -12.716443061828613, -11.317646026611328, -10.620966911315918, -10.16377067565918, -15.310806274414062, -15.9031982421875, -17.85150909423828, -20.599023818969727, -21.32210350036621, -24.22161865234375, -26.31460952758789, -23.350112915039062, -23.225406646728516, -18.934741973876953, -20.29905891418457, -18.428630828857422, -16.99632453918457, -20.754911422729492, -24.252735137939453, -25.501623153686523, -26.916553497314453, -28.391416549682617, -26.933284759521484, -26.843170166015625, -25.576152801513672, -25.70063018798828, -24.33339500427246, -21.33639144897461, -18.772348403930664, -25.716594696044922, -26.262083053588867, -25.13092613220215, -28.254047393798828, -31.4725341796875, -32.03339385986328, -32.78369903564453, -33.03529739379883, -32.01041030883789, -32.261680603027344]
