Running with parameters: hidden=30, use_coupled=true, seed=6, lam=0.1, eta=0.5
Test Accuracy: 0.8100, Energy: 3.38
Time Taken:  11.076305150985718
Test Accuracy: 0.8100, Energy: 0.46
Time Taken:  11.142224073410034
Test Accuracy: 0.8100, Energy: 2.91
Time Taken:  11.095476627349854
Test Accuracy: 0.8100, Energy: 2.76
Time Taken:  11.174546957015991
Test Accuracy: 0.8100, Energy: -0.07
Time Taken:  11.213245630264282
Test Accuracy: 0.8100, Energy: 1.50
Time Taken:  11.212103366851807
Test Accuracy: 0.8100, Energy: 2.27
Time Taken:  11.181925535202026
Test Accuracy: 0.8100, Energy: 1.16
Time Taken:  11.253560066223145
Test Accuracy: 0.8100, Energy: -0.12
Time Taken:  11.135354280471802
Test Accuracy: 0.8100, Energy: -0.24
Time Taken:  11.183531522750854
Test Accuracy: 0.8100, Energy: -1.37
Time Taken:  11.19483208656311
Test Accuracy: 0.8100, Energy: -4.82
Time Taken:  11.277151584625244
Test Accuracy: 0.8100, Energy: -2.55
Time Taken:  11.11878252029419
Test Accuracy: 0.8100, Energy: -6.08
Time Taken:  11.023124694824219
Test Accuracy: 0.8100, Energy: -6.58
Time Taken:  11.03392767906189
Test Accuracy: 0.8100, Energy: -5.83
Time Taken:  11.101779222488403
Test Accuracy: 0.8100, Energy: -5.35
Time Taken:  11.06805157661438
Test Accuracy: 0.8100, Energy: -2.47
Time Taken:  11.18772840499878
Test Accuracy: 0.8100, Energy: -1.59
Time Taken:  11.087384462356567
Test Accuracy: 0.8100, Energy: -0.26
Time Taken:  11.09209418296814
Test Accuracy: 0.8100, Energy: -0.76
Time Taken:  11.085976123809814
Test Accuracy: 0.8100, Energy: -3.17
Time Taken:  11.0543053150177
Test Accuracy: 0.8100, Energy: -0.96
Time Taken:  11.174662113189697
Test Accuracy: 0.8100, Energy: -1.93
Time Taken:  11.119773626327515
Test Accuracy: 0.8100, Energy: -0.06
Time Taken:  11.071504354476929
Test Accuracy: 0.8100, Energy: -0.93
Time Taken:  11.06721830368042
Test Accuracy: 0.8100, Energy: -0.94
Time Taken:  11.162757873535156
Test Accuracy: 0.8100, Energy: -2.49
Time Taken:  11.20276403427124
Test Accuracy: 0.8100, Energy: -0.43
Time Taken:  11.057521343231201
Test Accuracy: 0.8100, Energy: -2.24
Time Taken:  11.128965139389038
Test Accuracy: 0.8100, Energy: -3.02
Time Taken:  11.134619235992432
Test Accuracy: 0.8100, Energy: 1.95
Time Taken:  11.050148487091064
Test Accuracy: 0.8100, Energy: 6.76
Time Taken:  11.134905338287354
Test Accuracy: 0.8133, Energy: 5.53
Time Taken:  11.184669256210327
Test Accuracy: 0.8133, Energy: 5.63
Time Taken:  11.150086164474487
Test Accuracy: 0.8133, Energy: 4.54
Time Taken:  11.200672626495361
Test Accuracy: 0.8133, Energy: 3.13
Time Taken:  11.083510637283325
Test Accuracy: 0.8133, Energy: 8.17
Time Taken:  11.136701345443726
Test Accuracy: 0.8100, Energy: 7.03
Time Taken:  11.110985517501831
Test Accuracy: 0.8100, Energy: 5.11
Time Taken:  11.132142782211304
Test Accuracy: 0.8100, Energy: 7.30
Time Taken:  11.082515239715576
Test Accuracy: 0.8100, Energy: 6.93
Time Taken:  11.10227346420288
Test Accuracy: 0.8100, Energy: 8.17
Time Taken:  11.110138416290283
Test Accuracy: 0.8100, Energy: 5.95
Time Taken:  11.136390924453735
Test Accuracy: 0.8100, Energy: 4.94
Time Taken:  11.054600477218628
Test Accuracy: 0.8100, Energy: 3.40
Time Taken:  11.12865138053894
Test Accuracy: 0.8100, Energy: 1.17
Time Taken:  11.069219827651978
Test Accuracy: 0.8100, Energy: 1.83
Time Taken:  11.091654777526855
Test Accuracy: 0.8133, Energy: 2.15
Time Taken:  11.138535976409912
Test Accuracy: 0.8133, Energy: -0.58
Time Taken:  11.057402849197388
Test Accuracy: 0.8167, Energy: 2.87
Time Taken:  11.038124084472656
Test Accuracy: 0.8167, Energy: 2.25
Time Taken:  11.150991916656494
Test Accuracy: 0.8167, Energy: 1.27
Time Taken:  11.044391632080078
Test Accuracy: 0.8167, Energy: 3.43
Time Taken:  11.078570127487183
Test Accuracy: 0.8167, Energy: 3.96
Time Taken:  11.09447693824768
Test Accuracy: 0.8167, Energy: -2.66
Time Taken:  11.154748678207397
Test Accuracy: 0.8167, Energy: -1.90
Time Taken:  11.10261082649231
Test Accuracy: 0.8167, Energy: -5.17
Time Taken:  11.127785205841064
Test Accuracy: 0.8167, Energy: -4.50
Time Taken:  11.114662408828735
Test Accuracy: 0.8167, Energy: -2.51
Time Taken:  11.06394648551941
Test Accuracy: 0.8167, Energy: -3.17
Time Taken:  11.153464317321777
Test Accuracy: 0.8167, Energy: -3.42
Time Taken:  11.081631898880005
Test Accuracy: 0.8167, Energy: -2.46
Time Taken:  11.128257274627686
Test Accuracy: 0.8167, Energy: -3.30
Time Taken:  11.049155712127686
Test Accuracy: 0.8167, Energy: -1.92
Time Taken:  11.138211727142334
Test Accuracy: 0.8167, Energy: -2.98
Time Taken:  11.096872091293335
Test Accuracy: 0.8167, Energy: -3.69
Time Taken:  11.205186128616333
Test Accuracy: 0.8167, Energy: -3.77
Time Taken:  11.1387038230896
Test Accuracy: 0.8167, Energy: -2.07
Time Taken:  11.064246654510498
Test Accuracy: 0.8167, Energy: -3.83
Time Taken:  11.044978380203247
Test Accuracy: 0.8167, Energy: -2.14
Time Taken:  11.076221942901611
Test Accuracy: 0.8167, Energy: -1.72
Time Taken:  11.076755285263062
Test Accuracy: 0.8167, Energy: -0.12
Time Taken:  11.055668592453003
Test Accuracy: 0.8167, Energy: -2.12
Time Taken:  11.093257665634155
Test Accuracy: 0.8167, Energy: -1.86
Time Taken:  11.155696153640747
Test Accuracy: 0.8167, Energy: -1.85
Time Taken:  11.088951349258423
Test Accuracy: 0.8167, Energy: -2.49
Time Taken:  11.066516637802124
Test Accuracy: 0.8167, Energy: -3.31
Time Taken:  11.059308290481567
Test Accuracy: 0.8167, Energy: -6.06
Time Taken:  11.11013388633728
Test Accuracy: 0.8167, Energy: -4.82
Time Taken:  11.181331157684326
Test Accuracy: 0.8167, Energy: -3.57
Time Taken:  11.07851266860962
Test Accuracy: 0.8167, Energy: -3.41
Time Taken:  11.064987897872925
Test Accuracy: 0.8167, Energy: -5.23
Time Taken:  11.114640474319458
Test Accuracy: 0.8167, Energy: -9.13
Time Taken:  11.108274221420288
Test Accuracy: 0.8167, Energy: -8.57
Time Taken:  11.117719888687134
Test Accuracy: 0.8167, Energy: -11.40
Time Taken:  11.071868181228638
Test Accuracy: 0.8167, Energy: -10.59
Time Taken:  11.043152093887329
Test Accuracy: 0.8200, Energy: -9.74
Time Taken:  11.10230016708374
Test Accuracy: 0.8200, Energy: -6.38
Time Taken:  11.074700593948364
Test Accuracy: 0.8200, Energy: -6.31
Time Taken:  11.045247793197632
Test Accuracy: 0.8200, Energy: -1.94
Time Taken:  11.170326948165894
Test Accuracy: 0.8233, Energy: -6.69
Time Taken:  11.033056735992432
Test Accuracy: 0.8233, Energy: -8.92
Time Taken:  11.022444725036621
Test Accuracy: 0.8200, Energy: -10.14
Time Taken:  11.22076940536499
Test Accuracy: 0.8200, Energy: -15.55
Time Taken:  11.133689165115356
Test Accuracy: 0.8200, Energy: -16.72
Time Taken:  11.144454717636108
Test Accuracy: 0.8200, Energy: -14.61
Time Taken:  11.118542194366455
Test Accuracy: 0.8233, Energy: -14.18
Time Taken:  11.140722036361694
Test Accuracy: 0.8233, Energy: -15.13
Time Taken:  11.140238523483276
Test Accuracy: 0.8233, Energy: -15.53
Time Taken:  11.133869886398315
Final accuracies: [0.81, 0.81, 0.81, 0.81, 0.81, 0.81, 0.81, 0.81, 0.81, 0.81, 0.81, 0.81, 0.81, 0.81, 0.81, 0.81, 0.81, 0.81, 0.81, 0.81, 0.81, 0.81, 0.81, 0.81, 0.81, 0.81, 0.81, 0.81, 0.81, 0.81, 0.81, 0.81, 0.81, 0.8133333333333334, 0.8133333333333334, 0.8133333333333334, 0.8133333333333334, 0.8133333333333334, 0.81, 0.81, 0.81, 0.81, 0.81, 0.81, 0.81, 0.81, 0.81, 0.81, 0.8133333333333334, 0.8133333333333334, 0.8166666666666667, 0.8166666666666667, 0.8166666666666667, 0.8166666666666667, 0.8166666666666667, 0.8166666666666667, 0.8166666666666667, 0.8166666666666667, 0.8166666666666667, 0.8166666666666667, 0.8166666666666667, 0.8166666666666667, 0.8166666666666667, 0.8166666666666667, 0.8166666666666667, 0.8166666666666667, 0.8166666666666667, 0.8166666666666667, 0.8166666666666667, 0.8166666666666667, 0.8166666666666667, 0.8166666666666667, 0.8166666666666667, 0.8166666666666667, 0.8166666666666667, 0.8166666666666667, 0.8166666666666667, 0.8166666666666667, 0.8166666666666667, 0.8166666666666667, 0.8166666666666667, 0.8166666666666667, 0.8166666666666667, 0.8166666666666667, 0.8166666666666667, 0.8166666666666667, 0.8166666666666667, 0.82, 0.82, 0.82, 0.82, 0.8233333333333334, 0.8233333333333334, 0.82, 0.82, 0.82, 0.82, 0.8233333333333334, 0.8233333333333334, 0.8233333333333334]
Final energies: [3.38091778755188, 0.46157971024513245, 2.9121265411376953, 2.7589478492736816, -0.0666818618774414, 1.5036063194274902, 2.274766206741333, 1.1575288772583008, -0.11809021234512329, -0.23517003655433655, -1.368747591972351, -4.819676399230957, -2.54587721824646, -6.080334663391113, -6.579232692718506, -5.828217029571533, -5.345851421356201, -2.4699525833129883, -1.5939524173736572, -0.2611146569252014, -0.7613680958747864, -3.170508623123169, -0.9613338708877563, -1.928155779838562, -0.06094282865524292, -0.9267008304595947, -0.9433395862579346, -2.4936094284057617, -0.42765235900878906, -2.2381632328033447, -3.0223684310913086, 1.9507814645767212, 6.756103038787842, 5.531116485595703, 5.629615306854248, 4.543300628662109, 3.132237672805786, 8.169225692749023, 7.032689094543457, 5.113214015960693, 7.303030014038086, 6.927559852600098, 8.174031257629395, 5.954311847686768, 4.9417195320129395, 3.4008841514587402, 1.173593521118164, 1.83486008644104, 2.149221658706665, -0.5833947062492371, 2.872791290283203, 2.2520878314971924, 1.2698606252670288, 3.4277570247650146, 3.957780361175537, -2.657529830932617, -1.8968136310577393, -5.168868541717529, -4.504024028778076, -2.511427164077759, -3.173265218734741, -3.417473316192627, -2.463665008544922, -3.303694725036621, -1.917282223701477, -2.9780189990997314, -3.6937143802642822, -3.770672559738159, -2.0738582611083984, -3.829113006591797, -2.1350767612457275, -1.7212163209915161, -0.1238168329000473, -2.122755289077759, -1.86208975315094, -1.850232720375061, -2.488093376159668, -3.3091931343078613, -6.060399532318115, -4.821124076843262, -3.569654703140259, -3.4146602153778076, -5.225684642791748, -9.132356643676758, -8.573451042175293, -11.395920753479004, -10.585023880004883, -9.741354942321777, -6.377235412597656, -6.311522006988525, -1.9409822225570679, -6.688073635101318, -8.9249906539917, -10.136711120605469, -15.553582191467285, -16.71706199645996, -14.614198684692383, -14.18494987487793, -15.126992225646973, -15.532224655151367]
