Running with parameters: hidden=30, use_coupled=true, seed=52, lam=0.1, eta=0.5
Test Accuracy: 0.9167, Energy: 25.40
Time Taken:  11.1416916847229
Test Accuracy: 0.9167, Energy: 25.99
Time Taken:  11.061718702316284
Test Accuracy: 0.9167, Energy: 26.23
Time Taken:  11.03929591178894
Test Accuracy: 0.9167, Energy: 23.86
Time Taken:  11.14824628829956
Test Accuracy: 0.9167, Energy: 22.37
Time Taken:  11.043731451034546
Test Accuracy: 0.9167, Energy: 22.77
Time Taken:  11.087345361709595
Test Accuracy: 0.9167, Energy: 22.01
Time Taken:  10.996010065078735
Test Accuracy: 0.9167, Energy: 19.26
Time Taken:  11.020945072174072
Test Accuracy: 0.9167, Energy: 18.91
Time Taken:  11.014030694961548
Test Accuracy: 0.9167, Energy: 21.82
Time Taken:  11.038925170898438
Test Accuracy: 0.9167, Energy: 22.93
Time Taken:  11.077609062194824
Test Accuracy: 0.9167, Energy: 23.91
Time Taken:  11.081971883773804
Test Accuracy: 0.9167, Energy: 23.91
Time Taken:  11.070090770721436
Test Accuracy: 0.9167, Energy: 23.65
Time Taken:  11.00599217414856
Test Accuracy: 0.9167, Energy: 26.56
Time Taken:  11.104840278625488
Test Accuracy: 0.9167, Energy: 24.71
Time Taken:  11.055359125137329
Test Accuracy: 0.9167, Energy: 24.84
Time Taken:  11.102642297744751
Test Accuracy: 0.9167, Energy: 24.99
Time Taken:  11.091049909591675
Test Accuracy: 0.9167, Energy: 21.19
Time Taken:  11.098149299621582
Test Accuracy: 0.9167, Energy: 22.26
Time Taken:  11.112005710601807
Test Accuracy: 0.9167, Energy: 25.73
Time Taken:  11.053372383117676
Test Accuracy: 0.9167, Energy: 27.68
Time Taken:  11.057827949523926
Test Accuracy: 0.9167, Energy: 26.16
Time Taken:  10.988677740097046
Test Accuracy: 0.9167, Energy: 25.82
Time Taken:  11.07553768157959
Test Accuracy: 0.9167, Energy: 24.97
Time Taken:  10.98395824432373
Test Accuracy: 0.9167, Energy: 24.41
Time Taken:  11.068958520889282
Test Accuracy: 0.9167, Energy: 24.09
Time Taken:  11.059282302856445
Test Accuracy: 0.9167, Energy: 19.06
Time Taken:  11.142287015914917
Test Accuracy: 0.9167, Energy: 16.44
Time Taken:  11.049243688583374
Test Accuracy: 0.9167, Energy: 17.15
Time Taken:  11.029593229293823
Test Accuracy: 0.9167, Energy: 17.39
Time Taken:  11.064992666244507
Test Accuracy: 0.9167, Energy: 13.43
Time Taken:  11.034237384796143
Test Accuracy: 0.9167, Energy: 11.30
Time Taken:  11.13225507736206
Test Accuracy: 0.9167, Energy: 10.82
Time Taken:  10.992867708206177
Test Accuracy: 0.9167, Energy: 11.18
Time Taken:  11.130826711654663
Test Accuracy: 0.9167, Energy: 12.00
Time Taken:  11.146406888961792
Test Accuracy: 0.9167, Energy: 10.95
Time Taken:  11.075658321380615
Test Accuracy: 0.9167, Energy: 9.82
Time Taken:  11.019667148590088
Test Accuracy: 0.9167, Energy: 9.86
Time Taken:  11.138628959655762
Test Accuracy: 0.9167, Energy: 12.68
Time Taken:  11.15284514427185
Test Accuracy: 0.9167, Energy: 13.68
Time Taken:  11.047291278839111
Test Accuracy: 0.9167, Energy: 14.94
Time Taken:  11.076044082641602
Test Accuracy: 0.9167, Energy: 10.23
Time Taken:  10.99618935585022
Test Accuracy: 0.9167, Energy: 11.18
Time Taken:  11.180060386657715
Test Accuracy: 0.9167, Energy: 10.86
Time Taken:  10.979190111160278
Test Accuracy: 0.9167, Energy: 13.88
Time Taken:  11.080954551696777
Test Accuracy: 0.9167, Energy: 12.05
Time Taken:  11.038925886154175
Test Accuracy: 0.9167, Energy: 11.43
Time Taken:  10.97724986076355
Test Accuracy: 0.9167, Energy: 11.11
Time Taken:  11.057553768157959
Test Accuracy: 0.9167, Energy: 12.35
Time Taken:  11.034621477127075
Test Accuracy: 0.9167, Energy: 16.05
Time Taken:  11.129382133483887
Test Accuracy: 0.9167, Energy: 17.35
Time Taken:  11.082548141479492
Test Accuracy: 0.9167, Energy: 16.47
Time Taken:  11.111024618148804
Test Accuracy: 0.9167, Energy: 16.87
Time Taken:  11.002008199691772
Test Accuracy: 0.9167, Energy: 15.29
Time Taken:  11.103466272354126
Test Accuracy: 0.9167, Energy: 14.41
Time Taken:  10.99281644821167
Test Accuracy: 0.9167, Energy: 14.87
Time Taken:  11.088500499725342
Test Accuracy: 0.9167, Energy: 12.17
Time Taken:  11.012190580368042
Test Accuracy: 0.9167, Energy: 9.63
Time Taken:  11.19062066078186
Test Accuracy: 0.9233, Energy: 7.56
Time Taken:  11.081382274627686
Test Accuracy: 0.9200, Energy: 7.28
Time Taken:  11.024878025054932
Test Accuracy: 0.9200, Energy: 10.39
Time Taken:  11.174579858779907
Test Accuracy: 0.9200, Energy: 9.16
Time Taken:  11.151613235473633
Test Accuracy: 0.9200, Energy: 12.45
Time Taken:  11.108634233474731
Test Accuracy: 0.9200, Energy: 11.13
Time Taken:  11.034167051315308
Test Accuracy: 0.9200, Energy: 11.16
Time Taken:  11.189889192581177
Test Accuracy: 0.9200, Energy: 13.31
Time Taken:  11.042042016983032
Test Accuracy: 0.9200, Energy: 14.88
Time Taken:  11.13088083267212
Test Accuracy: 0.9200, Energy: 15.19
Time Taken:  11.122740030288696
Test Accuracy: 0.9200, Energy: 14.13
Time Taken:  11.153496265411377
Test Accuracy: 0.9200, Energy: 15.47
Time Taken:  11.076385259628296
Test Accuracy: 0.9200, Energy: 15.34
Time Taken:  11.021471500396729
Test Accuracy: 0.9200, Energy: 15.62
Time Taken:  11.143540382385254
Test Accuracy: 0.9200, Energy: 14.00
Time Taken:  10.97636866569519
Test Accuracy: 0.9200, Energy: 16.89
Time Taken:  11.14267110824585
Test Accuracy: 0.9200, Energy: 10.12
Time Taken:  11.070355892181396
Test Accuracy: 0.9200, Energy: 12.80
Time Taken:  11.107409715652466
Test Accuracy: 0.9200, Energy: 12.35
Time Taken:  11.029922485351562
Test Accuracy: 0.9200, Energy: 11.35
Time Taken:  11.038275480270386
Test Accuracy: 0.9200, Energy: 12.20
Time Taken:  11.054936647415161
Test Accuracy: 0.9200, Energy: 9.29
Time Taken:  11.11664867401123
Test Accuracy: 0.9233, Energy: 6.49
Time Taken:  11.09404993057251
Test Accuracy: 0.9233, Energy: 3.07
Time Taken:  11.097337245941162
Test Accuracy: 0.9233, Energy: 5.51
Time Taken:  11.083511590957642
Test Accuracy: 0.9233, Energy: 4.37
Time Taken:  10.977527379989624
Test Accuracy: 0.9233, Energy: 2.12
Time Taken:  11.110662460327148
Test Accuracy: 0.9233, Energy: 2.76
Time Taken:  11.023932933807373
Test Accuracy: 0.9233, Energy: -2.59
Time Taken:  11.154775381088257
Test Accuracy: 0.9233, Energy: -4.23
Time Taken:  11.156511306762695
Test Accuracy: 0.9233, Energy: -6.39
Time Taken:  11.07933759689331
Test Accuracy: 0.9233, Energy: -6.03
Time Taken:  11.100158929824829
Test Accuracy: 0.9233, Energy: -5.40
Time Taken:  11.039605140686035
Test Accuracy: 0.9233, Energy: -4.01
Time Taken:  11.042251586914062
Test Accuracy: 0.9233, Energy: -4.95
Time Taken:  11.06365156173706
Test Accuracy: 0.9233, Energy: -6.30
Time Taken:  11.117483615875244
Test Accuracy: 0.9233, Energy: -5.49
Time Taken:  11.013691425323486
Test Accuracy: 0.9233, Energy: -6.21
Time Taken:  11.181654930114746
Test Accuracy: 0.9233, Energy: -4.55
Time Taken:  11.016685485839844
Test Accuracy: 0.9233, Energy: -6.96
Time Taken:  11.194998502731323
Test Accuracy: 0.9200, Energy: -5.01
Time Taken:  11.151196956634521
Final accuracies: [0.9166666666666666, 0.9166666666666666, 0.9166666666666666, 0.9166666666666666, 0.9166666666666666, 0.9166666666666666, 0.9166666666666666, 0.9166666666666666, 0.9166666666666666, 0.9166666666666666, 0.9166666666666666, 0.9166666666666666, 0.9166666666666666, 0.9166666666666666, 0.9166666666666666, 0.9166666666666666, 0.9166666666666666, 0.9166666666666666, 0.9166666666666666, 0.9166666666666666, 0.9166666666666666, 0.9166666666666666, 0.9166666666666666, 0.9166666666666666, 0.9166666666666666, 0.9166666666666666, 0.9166666666666666, 0.9166666666666666, 0.9166666666666666, 0.9166666666666666, 0.9166666666666666, 0.9166666666666666, 0.9166666666666666, 0.9166666666666666, 0.9166666666666666, 0.9166666666666666, 0.9166666666666666, 0.9166666666666666, 0.9166666666666666, 0.9166666666666666, 0.9166666666666666, 0.9166666666666666, 0.9166666666666666, 0.9166666666666666, 0.9166666666666666, 0.9166666666666666, 0.9166666666666666, 0.9166666666666666, 0.9166666666666666, 0.9166666666666666, 0.9166666666666666, 0.9166666666666666, 0.9166666666666666, 0.9166666666666666, 0.9166666666666666, 0.9166666666666666, 0.9166666666666666, 0.9166666666666666, 0.9166666666666666, 0.9233333333333333, 0.92, 0.92, 0.92, 0.92, 0.92, 0.92, 0.92, 0.92, 0.92, 0.92, 0.92, 0.92, 0.92, 0.92, 0.92, 0.92, 0.92, 0.92, 0.92, 0.92, 0.92, 0.9233333333333333, 0.9233333333333333, 0.9233333333333333, 0.9233333333333333, 0.9233333333333333, 0.9233333333333333, 0.9233333333333333, 0.9233333333333333, 0.9233333333333333, 0.9233333333333333, 0.9233333333333333, 0.9233333333333333, 0.9233333333333333, 0.9233333333333333, 0.9233333333333333, 0.9233333333333333, 0.9233333333333333, 0.9233333333333333, 0.92]
Final energies: [25.404329299926758, 25.986209869384766, 26.227489471435547, 23.86270523071289, 22.368194580078125, 22.76603126525879, 22.013036727905273, 19.264169692993164, 18.90571403503418, 21.82243537902832, 22.926244735717773, 23.90890884399414, 23.90774154663086, 23.650474548339844, 26.5560245513916, 24.712242126464844, 24.837865829467773, 24.99181365966797, 21.18792724609375, 22.262344360351562, 25.72511100769043, 27.679065704345703, 26.16104507446289, 25.818561553955078, 24.969432830810547, 24.407915115356445, 24.091529846191406, 19.06319808959961, 16.435110092163086, 17.14681053161621, 17.387836456298828, 13.429342269897461, 11.297662734985352, 10.823358535766602, 11.184548377990723, 11.999951362609863, 10.946372985839844, 9.817166328430176, 9.86355209350586, 12.678659439086914, 13.684263229370117, 14.941718101501465, 10.225003242492676, 11.181007385253906, 10.85984992980957, 13.875133514404297, 12.04952335357666, 11.430582046508789, 11.108216285705566, 12.348655700683594, 16.04529571533203, 17.354049682617188, 16.465566635131836, 16.874000549316406, 15.290824890136719, 14.410852432250977, 14.873272895812988, 12.165139198303223, 9.627768516540527, 7.560566425323486, 7.276112079620361, 10.393467903137207, 9.161492347717285, 12.447076797485352, 11.129399299621582, 11.164146423339844, 13.314062118530273, 14.87535572052002, 15.192301750183105, 14.128341674804688, 15.472681045532227, 15.337263107299805, 15.620549201965332, 13.998967170715332, 16.888076782226562, 10.123632431030273, 12.79721450805664, 12.350346565246582, 11.352228164672852, 12.20400333404541, 9.289030075073242, 6.492327690124512, 3.0699691772460938, 5.512645721435547, 4.369898319244385, 2.1238789558410645, 2.7556099891662598, -2.5881733894348145, -4.232254505157471, -6.391895771026611, -6.0306596755981445, -5.396067142486572, -4.012673854827881, -4.950893878936768, -6.301407814025879, -5.493269920349121, -6.208475112915039, -4.551085472106934, -6.9645466804504395, -5.010518550872803]
