Running with parameters: hidden=30, use_coupled=true, seed=54, lam=0.1, eta=0.5
Test Accuracy: 0.7933, Energy: -13.63
Time Taken:  11.185395002365112
Test Accuracy: 0.7933, Energy: -11.90
Time Taken:  11.087504863739014
Test Accuracy: 0.7900, Energy: -13.51
Time Taken:  11.08197021484375
Test Accuracy: 0.7900, Energy: -14.82
Time Taken:  11.217269897460938
Test Accuracy: 0.7933, Energy: -12.55
Time Taken:  11.031386852264404
Test Accuracy: 0.7933, Energy: -12.13
Time Taken:  11.104922533035278
Test Accuracy: 0.7933, Energy: -12.25
Time Taken:  11.098222255706787
Test Accuracy: 0.7967, Energy: -10.42
Time Taken:  11.037625312805176
Test Accuracy: 0.7967, Energy: -11.55
Time Taken:  11.0650634765625
Test Accuracy: 0.7967, Energy: -11.79
Time Taken:  11.075576305389404
Test Accuracy: 0.7967, Energy: -12.68
Time Taken:  11.08879804611206
Test Accuracy: 0.7967, Energy: -15.45
Time Taken:  11.17350435256958
Test Accuracy: 0.7967, Energy: -14.50
Time Taken:  11.109599351882935
Test Accuracy: 0.8000, Energy: -15.26
Time Taken:  11.091055393218994
Test Accuracy: 0.8000, Energy: -17.96
Time Taken:  11.114439010620117
Test Accuracy: 0.8000, Energy: -18.24
Time Taken:  11.063865423202515
Test Accuracy: 0.8000, Energy: -15.58
Time Taken:  11.121059894561768
Test Accuracy: 0.8000, Energy: -16.31
Time Taken:  11.032095670700073
Test Accuracy: 0.8000, Energy: -16.50
Time Taken:  11.081197500228882
Test Accuracy: 0.8000, Energy: -15.72
Time Taken:  11.140308380126953
Test Accuracy: 0.8000, Energy: -16.69
Time Taken:  11.028000593185425
Test Accuracy: 0.8000, Energy: -17.76
Time Taken:  11.08451247215271
Test Accuracy: 0.8000, Energy: -19.33
Time Taken:  11.074906826019287
Test Accuracy: 0.8000, Energy: -20.42
Time Taken:  11.14193344116211
Test Accuracy: 0.8000, Energy: -19.42
Time Taken:  11.070016384124756
Test Accuracy: 0.8000, Energy: -21.47
Time Taken:  11.108811378479004
Test Accuracy: 0.8033, Energy: -23.78
Time Taken:  11.043451070785522
Test Accuracy: 0.8033, Energy: -21.07
Time Taken:  11.101722240447998
Test Accuracy: 0.8000, Energy: -21.75
Time Taken:  10.990000247955322
Test Accuracy: 0.8000, Energy: -23.23
Time Taken:  11.026846170425415
Test Accuracy: 0.8000, Energy: -22.12
Time Taken:  11.059171676635742
Test Accuracy: 0.8033, Energy: -21.47
Time Taken:  11.02921199798584
Test Accuracy: 0.8033, Energy: -22.92
Time Taken:  11.060044765472412
Test Accuracy: 0.8033, Energy: -25.65
Time Taken:  11.044363498687744
Test Accuracy: 0.8033, Energy: -29.69
Time Taken:  11.09641170501709
Test Accuracy: 0.8067, Energy: -26.91
Time Taken:  11.095332622528076
Test Accuracy: 0.8067, Energy: -24.83
Time Taken:  11.04504919052124
Test Accuracy: 0.8067, Energy: -23.64
Time Taken:  11.012771606445312
Test Accuracy: 0.8067, Energy: -24.73
Time Taken:  11.046539068222046
Test Accuracy: 0.8067, Energy: -22.70
Time Taken:  11.034337282180786
Test Accuracy: 0.7933, Energy: -25.72
Time Taken:  11.041006565093994
Test Accuracy: 0.7933, Energy: -24.97
Time Taken:  11.102361679077148
Test Accuracy: 0.7933, Energy: -24.73
Time Taken:  11.05840516090393
Test Accuracy: 0.7933, Energy: -26.04
Time Taken:  11.080893278121948
Test Accuracy: 0.8000, Energy: -25.44
Time Taken:  10.995308637619019
Test Accuracy: 0.8000, Energy: -25.09
Time Taken:  11.086366891860962
Test Accuracy: 0.8000, Energy: -27.85
Time Taken:  10.99479341506958
Test Accuracy: 0.8000, Energy: -26.60
Time Taken:  11.107064247131348
Test Accuracy: 0.8000, Energy: -28.69
Time Taken:  11.033884048461914
Test Accuracy: 0.8033, Energy: -27.62
Time Taken:  11.111337184906006
Test Accuracy: 0.8033, Energy: -32.49
Time Taken:  11.06455659866333
Test Accuracy: 0.8033, Energy: -35.20
Time Taken:  11.028910160064697
Test Accuracy: 0.8033, Energy: -35.73
Time Taken:  11.088336706161499
Test Accuracy: 0.8033, Energy: -30.99
Time Taken:  11.021783113479614
Test Accuracy: 0.8033, Energy: -31.71
Time Taken:  11.062533617019653
Test Accuracy: 0.8033, Energy: -34.71
Time Taken:  11.061047315597534
Test Accuracy: 0.8033, Energy: -33.95
Time Taken:  11.117116689682007
Test Accuracy: 0.8033, Energy: -31.13
Time Taken:  11.034564733505249
Test Accuracy: 0.8033, Energy: -28.26
Time Taken:  11.13656497001648
Test Accuracy: 0.8033, Energy: -29.31
Time Taken:  11.062453508377075
Test Accuracy: 0.8033, Energy: -31.17
Time Taken:  10.998321533203125
Test Accuracy: 0.8000, Energy: -34.09
Time Taken:  11.091830492019653
Test Accuracy: 0.8000, Energy: -32.59
Time Taken:  11.052550315856934
Test Accuracy: 0.8000, Energy: -33.80
Time Taken:  11.103615522384644
Test Accuracy: 0.8033, Energy: -36.32
Time Taken:  11.051613092422485
Test Accuracy: 0.8033, Energy: -33.43
Time Taken:  11.087037324905396
Test Accuracy: 0.8067, Energy: -34.85
Time Taken:  11.05156397819519
Test Accuracy: 0.8067, Energy: -36.08
Time Taken:  11.051742792129517
Test Accuracy: 0.8067, Energy: -40.03
Time Taken:  11.057649612426758
Test Accuracy: 0.8100, Energy: -41.43
Time Taken:  11.04317831993103
Test Accuracy: 0.8100, Energy: -44.00
Time Taken:  11.044270753860474
Test Accuracy: 0.8100, Energy: -45.47
Time Taken:  11.017545700073242
Test Accuracy: 0.8067, Energy: -45.71
Time Taken:  11.088665962219238
Test Accuracy: 0.8067, Energy: -46.23
Time Taken:  11.045253276824951
Test Accuracy: 0.8067, Energy: -49.34
Time Taken:  11.145512580871582
Test Accuracy: 0.8067, Energy: -48.28
Time Taken:  11.075009822845459
Test Accuracy: 0.8067, Energy: -47.58
Time Taken:  11.083062171936035
Test Accuracy: 0.8067, Energy: -49.26
Time Taken:  11.028943300247192
Test Accuracy: 0.8033, Energy: -47.50
Time Taken:  11.078438997268677
Test Accuracy: 0.8033, Energy: -47.81
Time Taken:  11.0225088596344
Test Accuracy: 0.8033, Energy: -48.39
Time Taken:  11.033651351928711
Test Accuracy: 0.8033, Energy: -55.91
Time Taken:  11.112712621688843
Test Accuracy: 0.8033, Energy: -53.21
Time Taken:  11.113063335418701
Test Accuracy: 0.8033, Energy: -50.15
Time Taken:  11.167646169662476
Test Accuracy: 0.8033, Energy: -54.94
Time Taken:  11.065396308898926
Test Accuracy: 0.8033, Energy: -55.69
Time Taken:  11.132611274719238
Test Accuracy: 0.8033, Energy: -55.57
Time Taken:  10.998351812362671
Test Accuracy: 0.8033, Energy: -56.02
Time Taken:  11.09109616279602
Test Accuracy: 0.8067, Energy: -54.67
Time Taken:  11.03882622718811
Test Accuracy: 0.8100, Energy: -57.59
Time Taken:  11.030719757080078
Test Accuracy: 0.8100, Energy: -57.26
Time Taken:  11.134177446365356
Test Accuracy: 0.8100, Energy: -58.86
Time Taken:  11.051852941513062
Test Accuracy: 0.8067, Energy: -58.99
Time Taken:  11.136905193328857
Test Accuracy: 0.8067, Energy: -55.84
Time Taken:  11.00776720046997
Test Accuracy: 0.8067, Energy: -56.64
Time Taken:  11.16208267211914
Test Accuracy: 0.8033, Energy: -57.27
Time Taken:  11.027355909347534
Test Accuracy: 0.8000, Energy: -56.40
Time Taken:  11.11444878578186
Test Accuracy: 0.8033, Energy: -55.63
Time Taken:  11.05322527885437
Test Accuracy: 0.8033, Energy: -53.62
Time Taken:  11.11959457397461
Test Accuracy: 0.8033, Energy: -56.07
Time Taken:  11.044809579849243
Final accuracies: [0.7933333333333333, 0.7933333333333333, 0.79, 0.79, 0.7933333333333333, 0.7933333333333333, 0.7933333333333333, 0.7966666666666666, 0.7966666666666666, 0.7966666666666666, 0.7966666666666666, 0.7966666666666666, 0.7966666666666666, 0.8, 0.8, 0.8, 0.8, 0.8, 0.8, 0.8, 0.8, 0.8, 0.8, 0.8, 0.8, 0.8, 0.8033333333333333, 0.8033333333333333, 0.8, 0.8, 0.8, 0.8033333333333333, 0.8033333333333333, 0.8033333333333333, 0.8033333333333333, 0.8066666666666666, 0.8066666666666666, 0.8066666666666666, 0.8066666666666666, 0.8066666666666666, 0.7933333333333333, 0.7933333333333333, 0.7933333333333333, 0.7933333333333333, 0.8, 0.8, 0.8, 0.8, 0.8, 0.8033333333333333, 0.8033333333333333, 0.8033333333333333, 0.8033333333333333, 0.8033333333333333, 0.8033333333333333, 0.8033333333333333, 0.8033333333333333, 0.8033333333333333, 0.8033333333333333, 0.8033333333333333, 0.8033333333333333, 0.8, 0.8, 0.8, 0.8033333333333333, 0.8033333333333333, 0.8066666666666666, 0.8066666666666666, 0.8066666666666666, 0.81, 0.81, 0.81, 0.8066666666666666, 0.8066666666666666, 0.8066666666666666, 0.8066666666666666, 0.8066666666666666, 0.8066666666666666, 0.8033333333333333, 0.8033333333333333, 0.8033333333333333, 0.8033333333333333, 0.8033333333333333, 0.8033333333333333, 0.8033333333333333, 0.8033333333333333, 0.8033333333333333, 0.8033333333333333, 0.8066666666666666, 0.81, 0.81, 0.81, 0.8066666666666666, 0.8066666666666666, 0.8066666666666666, 0.8033333333333333, 0.8, 0.8033333333333333, 0.8033333333333333, 0.8033333333333333]
Final energies: [-13.62562084197998, -11.90418529510498, -13.508135795593262, -14.824915885925293, -12.5457181930542, -12.130141258239746, -12.24649715423584, -10.42241096496582, -11.548367500305176, -11.791780471801758, -12.675048828125, -15.447320938110352, -14.497377395629883, -15.259427070617676, -17.95684814453125, -18.23809814453125, -15.58035945892334, -16.310951232910156, -16.50263786315918, -15.721328735351562, -16.688873291015625, -17.759370803833008, -19.329992294311523, -20.422828674316406, -19.41728401184082, -21.467195510864258, -23.776723861694336, -21.070236206054688, -21.745460510253906, -23.23491859436035, -22.11724281311035, -21.470243453979492, -22.919946670532227, -25.650848388671875, -29.693702697753906, -26.90726661682129, -24.83201789855957, -23.643653869628906, -24.726146697998047, -22.700054168701172, -25.718088150024414, -24.974742889404297, -24.731876373291016, -26.040706634521484, -25.443424224853516, -25.092504501342773, -27.848928451538086, -26.60040283203125, -28.694210052490234, -27.62201499938965, -32.48768997192383, -35.2009162902832, -35.727325439453125, -30.99308204650879, -31.70984649658203, -34.71491622924805, -33.946136474609375, -31.12810707092285, -28.259498596191406, -29.313425064086914, -31.165367126464844, -34.09124755859375, -32.59223937988281, -33.801795959472656, -36.315521240234375, -33.433738708496094, -34.849700927734375, -36.08040237426758, -40.02790069580078, -41.427330017089844, -44.00238800048828, -45.47390365600586, -45.71482849121094, -46.23335266113281, -49.34439468383789, -48.28201675415039, -47.580631256103516, -49.25677490234375, -47.498409271240234, -47.81397247314453, -48.39473342895508, -55.908912658691406, -53.21229934692383, -50.14814758300781, -54.93566131591797, -55.68698501586914, -55.568912506103516, -56.01987838745117, -54.668251037597656, -57.59367752075195, -57.262367248535156, -58.857566833496094, -58.992313385009766, -55.83676528930664, -56.64409637451172, -57.27309036254883, -56.40108871459961, -55.63420104980469, -53.622562408447266, -56.072181701660156]
