Running with parameters: hidden=50, use_coupled=true, seed=10, lam=0.0, eta=1.0, batch=1
Test Loss: 0.0000, Test Accuracy: 1.0000, Energy: -1298086.375
Time taken:  12.60197925567627
Test Loss: 0.0000, Test Accuracy: 1.0000, Energy: -1325835.375
Time taken:  12.541490077972412
Test Loss: 0.0000, Test Accuracy: 1.0000, Energy: -1346999.875
Time taken:  12.593271732330322
Test Loss: 0.0000, Test Accuracy: 1.0000, Energy: -1369015.625
Time taken:  12.669647216796875
Test Loss: 0.0000, Test Accuracy: 1.0000, Energy: -1394815.0
Time taken:  12.57159161567688
Test Loss: 0.0000, Test Accuracy: 1.0000, Energy: -1430523.375
Time taken:  12.59324049949646
Test Loss: 0.0000, Test Accuracy: 1.0000, Energy: -1450610.125
Time taken:  12.582478046417236
Test Loss: 0.0000, Test Accuracy: 1.0000, Energy: -1471740.375
Time taken:  12.670562028884888
Test Loss: 0.0000, Test Accuracy: 1.0000, Energy: -1491528.625
Time taken:  12.575815439224243
Test Loss: 0.0000, Test Accuracy: 1.0000, Energy: -1509331.125
Time taken:  12.579273223876953
Test Loss: 0.0000, Test Accuracy: 1.0000, Energy: -1525042.375
Time taken:  12.562005996704102
Test Loss: 0.0000, Test Accuracy: 1.0000, Energy: -1542500.125
Time taken:  12.674655437469482
Test Loss: 0.0000, Test Accuracy: 1.0000, Energy: -1535329.0
Time taken:  12.5651113986969
Test Loss: 0.0000, Test Accuracy: 1.0000, Energy: -1531677.0
Time taken:  12.560429334640503
Test Loss: 0.0000, Test Accuracy: 1.0000, Energy: -1541229.125
Time taken:  12.56265902519226
Test Loss: 0.0000, Test Accuracy: 1.0000, Energy: -1554026.25
Time taken:  12.658321619033813
Test Loss: 0.0000, Test Accuracy: 1.0000, Energy: -1567027.25
Time taken:  12.578394651412964
Test Loss: 0.0000, Test Accuracy: 1.0000, Energy: -1580267.75
Time taken:  12.57251524925232
Test Loss: 0.0000, Test Accuracy: 1.0000, Energy: -1594317.375
Time taken:  12.57365107536316
Test Loss: 0.0000, Test Accuracy: 1.0000, Energy: -1607378.0
Time taken:  12.670678615570068
Test Loss: 0.0000, Test Accuracy: 1.0000, Energy: -1623993.0
Time taken:  12.548575401306152
Test Loss: 0.0000, Test Accuracy: 1.0000, Energy: -1638249.25
Time taken:  12.591864109039307
Test Loss: 0.0000, Test Accuracy: 1.0000, Energy: -1652145.5
Time taken:  12.67454481124878
Test Loss: 0.0000, Test Accuracy: 1.0000, Energy: -1688952.625
Time taken:  12.569339036941528
Test Loss: 0.0000, Test Accuracy: 1.0000, Energy: -1713625.5
Time taken:  12.591304063796997
Test Loss: 0.0000, Test Accuracy: 1.0000, Energy: -1721487.125
Time taken:  12.558888912200928
Test Loss: 0.0000, Test Accuracy: 1.0000, Energy: -1759523.625
Time taken:  12.732620000839233
Test Loss: 0.0000, Test Accuracy: 1.0000, Energy: -1774793.75
Time taken:  12.593262434005737
Test Loss: 0.0000, Test Accuracy: 1.0000, Energy: -1784539.5
Time taken:  12.578482627868652
Test Loss: 0.0000, Test Accuracy: 1.0000, Energy: -1801370.875
Time taken:  12.587243556976318
Test Loss: 0.0000, Test Accuracy: 1.0000, Energy: -1814421.125
Time taken:  12.659558296203613
Test Loss: 0.0000, Test Accuracy: 1.0000, Energy: -1825290.75
Time taken:  12.603064060211182
Test Loss: 0.0000, Test Accuracy: 1.0000, Energy: -1839340.375
Time taken:  12.572460412979126
Test Loss: 0.0000, Test Accuracy: 1.0000, Energy: -1853027.875
Time taken:  12.572149991989136
Test Loss: 0.0000, Test Accuracy: 1.0000, Energy: -1870457.0
Time taken:  12.707492351531982
Test Loss: 0.0000, Test Accuracy: 1.0000, Energy: -1882416.0
Time taken:  12.56532907485962
Test Loss: 0.0000, Test Accuracy: 1.0000, Energy: -1876013.875
Time taken:  12.53635859489441
Test Loss: 0.0000, Test Accuracy: 1.0000, Energy: -1885972.5
Time taken:  12.552785158157349
Test Loss: 0.0000, Test Accuracy: 1.0000, Energy: -1895288.5
Time taken:  12.661495685577393
Test Loss: 0.0000, Test Accuracy: 1.0000, Energy: -1916770.125
Time taken:  12.582848310470581
Test Loss: 0.0000, Test Accuracy: 1.0000, Energy: -1929763.625
Time taken:  12.550998210906982
Test Loss: 0.0000, Test Accuracy: 1.0000, Energy: -1940619.125
Time taken:  12.542959690093994
Test Loss: 0.0000, Test Accuracy: 1.0000, Energy: -1960353.875
Time taken:  12.669396162033081
Test Loss: 0.0000, Test Accuracy: 1.0000, Energy: -1971741.375
Time taken:  12.562560319900513
Test Loss: 0.0000, Test Accuracy: 1.0000, Energy: -1980772.375
Time taken:  12.542934894561768
Test Loss: 0.0000, Test Accuracy: 1.0000, Energy: -1991488.875
Time taken:  12.55710244178772
Test Loss: 0.0000, Test Accuracy: 1.0000, Energy: -2002053.5
Time taken:  12.68149709701538
Test Loss: 0.0000, Test Accuracy: 1.0000, Energy: -2012370.125
Time taken:  12.53922963142395
Test Loss: 0.0000, Test Accuracy: 1.0000, Energy: -2026265.125
Time taken:  12.562671661376953
Test Loss: 0.0000, Test Accuracy: 1.0000, Energy: -2056100.875
Time taken:  12.55892276763916
Test Loss: 0.0000, Test Accuracy: 1.0000, Energy: -2069357.0
Time taken:  12.682036876678467
Test Loss: 0.0000, Test Accuracy: 1.0000, Energy: -2079486.75
Time taken:  12.580012083053589
Test Loss: 0.0000, Test Accuracy: 1.0000, Energy: -2089162.875
Time taken:  12.57751727104187
Test Loss: 0.0000, Test Accuracy: 1.0000, Energy: -2102449.75
Time taken:  12.592751026153564
Test Loss: 0.0000, Test Accuracy: 1.0000, Energy: -2113747.0
Time taken:  12.66706371307373
Test Loss: 0.0000, Test Accuracy: 1.0000, Energy: -2124988.25
Time taken:  12.550507545471191
Test Loss: 0.0000, Test Accuracy: 1.0000, Energy: -2136911.5
Time taken:  12.530069828033447
Test Loss: 0.0000, Test Accuracy: 1.0000, Energy: -2146271.0
Time taken:  12.572303771972656
Test Loss: 0.0000, Test Accuracy: 1.0000, Energy: -2155206.5
Time taken:  12.680670022964478
Test Loss: 0.0000, Test Accuracy: 1.0000, Energy: -2165244.5
Time taken:  12.547169923782349
Test Loss: 0.0000, Test Accuracy: 1.0000, Energy: -2175153.0
Time taken:  12.530173540115356
Test Loss: 0.0000, Test Accuracy: 1.0000, Energy: -2184186.25
Time taken:  12.571357250213623
Test Loss: 0.0000, Test Accuracy: 1.0000, Energy: -2194568.0
Time taken:  12.662005424499512
Test Loss: 0.0000, Test Accuracy: 1.0000, Energy: -2208034.25
Time taken:  12.539226293563843
Test Loss: 0.0000, Test Accuracy: 1.0000, Energy: -2213760.75
Time taken:  12.543997526168823
Test Loss: 0.0000, Test Accuracy: 1.0000, Energy: -2229612.75
Time taken:  12.66648530960083
Test Loss: 0.0000, Test Accuracy: 1.0000, Energy: -2237800.5
Time taken:  12.572217226028442
Test Loss: 0.0000, Test Accuracy: 1.0000, Energy: -2243286.5
Time taken:  12.604951620101929
Test Loss: 0.0000, Test Accuracy: 1.0000, Energy: -2252120.5
Time taken:  12.592495679855347
Test Loss: 0.0000, Test Accuracy: 1.0000, Energy: -2244308.75
Time taken:  12.695969104766846
Test Loss: 0.0000, Test Accuracy: 1.0000, Energy: -2252937.75
Time taken:  12.576141357421875
Test Loss: 0.0000, Test Accuracy: 1.0000, Energy: -2260146.25
Time taken:  12.578182220458984
Test Loss: 0.0000, Test Accuracy: 1.0000, Energy: -2267588.5
Time taken:  12.57081151008606
Test Loss: 0.0000, Test Accuracy: 1.0000, Energy: -2276032.0
Time taken:  12.678365707397461
Test Loss: 0.0000, Test Accuracy: 1.0000, Energy: -2284128.75
Time taken:  12.551458835601807
Test Loss: 0.0000, Test Accuracy: 1.0000, Energy: -2291375.5
Time taken:  12.540618419647217
Test Loss: 0.0000, Test Accuracy: 1.0000, Energy: -2297595.75
Time taken:  12.58100962638855
Test Loss: 0.0000, Test Accuracy: 1.0000, Energy: -2303865.0
Time taken:  12.675369262695312
Test Loss: 0.0000, Test Accuracy: 1.0000, Energy: -2312503.5
Time taken:  12.58136248588562
Test Loss: 0.0000, Test Accuracy: 1.0000, Energy: -2318427.0
Time taken:  12.598951578140259
Test Loss: 0.0000, Test Accuracy: 1.0000, Energy: -2324615.0
Time taken:  12.583135843276978
Test Loss: 0.0000, Test Accuracy: 1.0000, Energy: -2332889.25
Time taken:  12.702646493911743
Test Loss: 0.0000, Test Accuracy: 1.0000, Energy: -2340529.25
Time taken:  12.584146976470947
Test Loss: 0.0000, Test Accuracy: 1.0000, Energy: -2347799.25
Time taken:  12.606419563293457
Test Loss: 0.0000, Test Accuracy: 1.0000, Energy: -2354853.75
Time taken:  12.57416844367981
Test Loss: 0.0000, Test Accuracy: 1.0000, Energy: -2361550.5
Time taken:  12.680790901184082
Test Loss: 0.0000, Test Accuracy: 1.0000, Energy: -2368116.75
Time taken:  12.576074361801147
Test Loss: 0.0000, Test Accuracy: 1.0000, Energy: -2374592.0
Time taken:  12.597388505935669
Test Loss: 0.0000, Test Accuracy: 1.0000, Energy: -2380739.75
Time taken:  12.555382251739502
Test Loss: 0.0000, Test Accuracy: 1.0000, Energy: -2387810.5
Time taken:  12.651838302612305
Test Loss: 0.0000, Test Accuracy: 1.0000, Energy: -2388838.0
Time taken:  12.564662218093872
Test Loss: 0.0000, Test Accuracy: 1.0000, Energy: -2393081.75
Time taken:  12.56285548210144
Test Loss: 0.0000, Test Accuracy: 1.0000, Energy: -2398710.0
Time taken:  12.546938180923462
Test Loss: 0.0000, Test Accuracy: 1.0000, Energy: -2404400.5
Time taken:  12.688744068145752
Test Loss: 0.0000, Test Accuracy: 1.0000, Energy: -2411216.0
Time taken:  12.565918445587158
Test Loss: 0.0000, Test Accuracy: 1.0000, Energy: -2424496.75
Time taken:  12.590511798858643
Test Loss: 0.0000, Test Accuracy: 1.0000, Energy: -2431689.75
Time taken:  12.56399655342102
Test Loss: 0.0000, Test Accuracy: 1.0000, Energy: -2436490.5
Time taken:  12.65601396560669
Test Loss: 0.0000, Test Accuracy: 1.0000, Energy: -2440202.0
Time taken:  12.559850454330444
Test Loss: 0.0000, Test Accuracy: 1.0000, Energy: -2443915.0
Time taken:  12.47289490699768
Final accuracies: [1.0, 1.0, 1.0, 1.0, 1.0, 1.0, 1.0, 1.0, 1.0, 1.0, 1.0, 1.0, 1.0, 1.0, 1.0, 1.0, 1.0, 1.0, 1.0, 1.0, 1.0, 1.0, 1.0, 1.0, 1.0, 1.0, 1.0, 1.0, 1.0, 1.0, 1.0, 1.0, 1.0, 1.0, 1.0, 1.0, 1.0, 1.0, 1.0, 1.0, 1.0, 1.0, 1.0, 1.0, 1.0, 1.0, 1.0, 1.0, 1.0, 1.0, 1.0, 1.0, 1.0, 1.0, 1.0, 1.0, 1.0, 1.0, 1.0, 1.0, 1.0, 1.0, 1.0, 1.0, 1.0, 1.0, 1.0, 1.0, 1.0, 1.0, 1.0, 1.0, 1.0, 1.0, 1.0, 1.0, 1.0, 1.0, 1.0, 1.0, 1.0, 1.0, 1.0, 1.0, 1.0, 1.0, 1.0, 1.0, 1.0, 1.0, 1.0, 1.0, 1.0, 1.0, 1.0, 1.0, 1.0, 1.0, 1.0, 1.0]
Final energies: [-1298086.375, -1325835.375, -1346999.875, -1369015.625, -1394815.0, -1430523.375, -1450610.125, -1471740.375, -1491528.625, -1509331.125, -1525042.375, -1542500.125, -1535329.0, -1531677.0, -1541229.125, -1554026.25, -1567027.25, -1580267.75, -1594317.375, -1607378.0, -1623993.0, -1638249.25, -1652145.5, -1688952.625, -1713625.5, -1721487.125, -1759523.625, -1774793.75, -1784539.5, -1801370.875, -1814421.125, -1825290.75, -1839340.375, -1853027.875, -1870457.0, -1882416.0, -1876013.875, -1885972.5, -1895288.5, -1916770.125, -1929763.625, -1940619.125, -1960353.875, -1971741.375, -1980772.375, -1991488.875, -2002053.5, -2012370.125, -2026265.125, -2056100.875, -2069357.0, -2079486.75, -2089162.875, -2102449.75, -2113747.0, -2124988.25, -2136911.5, -2146271.0, -2155206.5, -2165244.5, -2175153.0, -2184186.25, -2194568.0, -2208034.25, -2213760.75, -2229612.75, -2237800.5, -2243286.5, -2252120.5, -2244308.75, -2252937.75, -2260146.25, -2267588.5, -2276032.0, -2284128.75, -2291375.5, -2297595.75, -2303865.0, -2312503.5, -2318427.0, -2324615.0, -2332889.25, -2340529.25, -2347799.25, -2354853.75, -2361550.5, -2368116.75, -2374592.0, -2380739.75, -2387810.5, -2388838.0, -2393081.75, -2398710.0, -2404400.5, -2411216.0, -2424496.75, -2431689.75, -2436490.5, -2440202.0, -2443915.0]
