Running with parameters: hidden=50, use_coupled=true, seed=36, lam=0.0, eta=1.0, batch=1
Test Loss: 0.0000, Test Accuracy: 0.9833, Energy: -496117.0
Time taken:  12.48382043838501
Test Loss: 0.0000, Test Accuracy: 0.9933, Energy: -253558.390625
Time taken:  12.50223970413208
Test Loss: 0.0000, Test Accuracy: 1.0000, Energy: -555580.6875
Time taken:  12.461501836776733
Test Loss: 0.0000, Test Accuracy: 1.0000, Energy: -609317.3125
Time taken:  12.596428155899048
Test Loss: 0.0000, Test Accuracy: 1.0000, Energy: -617191.9375
Time taken:  12.516510248184204
Test Loss: 0.0000, Test Accuracy: 1.0000, Energy: -626422.4375
Time taken:  12.529976606369019
Test Loss: 0.0000, Test Accuracy: 1.0000, Energy: -638032.25
Time taken:  12.528397798538208
Test Loss: 0.0000, Test Accuracy: 1.0000, Energy: -647479.875
Time taken:  12.62008023262024
Test Loss: 0.0000, Test Accuracy: 1.0000, Energy: -704788.5
Time taken:  12.510809421539307
Test Loss: 0.0000, Test Accuracy: 1.0000, Energy: -724423.625
Time taken:  12.49863076210022
Test Loss: 0.0000, Test Accuracy: 1.0000, Energy: -742434.4375
Time taken:  12.522371768951416
Test Loss: 0.0000, Test Accuracy: 1.0000, Energy: -775215.375
Time taken:  12.597833156585693
Test Loss: 0.0000, Test Accuracy: 1.0000, Energy: -792576.5625
Time taken:  12.522897720336914
Test Loss: 0.0000, Test Accuracy: 1.0000, Energy: -814921.125
Time taken:  12.48063039779663
Test Loss: 0.0000, Test Accuracy: 1.0000, Energy: -825821.0
Time taken:  12.510645389556885
Test Loss: 0.0000, Test Accuracy: 1.0000, Energy: -836653.8125
Time taken:  12.626769065856934
Test Loss: 0.0000, Test Accuracy: 1.0000, Energy: -848148.875
Time taken:  12.551725387573242
Test Loss: 0.0000, Test Accuracy: 1.0000, Energy: -857932.875
Time taken:  12.540011405944824
Test Loss: 0.0000, Test Accuracy: 1.0000, Energy: -868249.3125
Time taken:  12.540885210037231
Test Loss: 0.0000, Test Accuracy: 1.0000, Energy: -907720.8125
Time taken:  12.65415096282959
Test Loss: 0.0000, Test Accuracy: 1.0000, Energy: -866678.0625
Time taken:  12.55393934249878
Test Loss: 0.0000, Test Accuracy: 1.0000, Energy: -872393.125
Time taken:  12.588928699493408
Test Loss: 0.0000, Test Accuracy: 1.0000, Energy: -881577.5625
Time taken:  12.71267318725586
Test Loss: 0.0000, Test Accuracy: 1.0000, Energy: -890639.875
Time taken:  12.6474769115448
Test Loss: 0.0000, Test Accuracy: 1.0000, Energy: -899686.8125
Time taken:  12.604580163955688
Test Loss: 0.0000, Test Accuracy: 1.0000, Energy: -908459.8125
Time taken:  12.616103887557983
Test Loss: 0.0000, Test Accuracy: 1.0000, Energy: -922677.1875
Time taken:  12.773817777633667
Test Loss: 0.0000, Test Accuracy: 1.0000, Energy: -932046.875
Time taken:  12.621463298797607
Test Loss: 0.0000, Test Accuracy: 1.0000, Energy: -941571.125
Time taken:  12.669213771820068
Test Loss: 0.0000, Test Accuracy: 1.0000, Energy: -949643.75
Time taken:  12.625648260116577
Test Loss: 0.0000, Test Accuracy: 1.0000, Energy: -958030.6875
Time taken:  12.767139911651611
Test Loss: 0.0000, Test Accuracy: 1.0000, Energy: -966808.875
Time taken:  12.6014244556427
Test Loss: 0.0000, Test Accuracy: 1.0000, Energy: -975118.8125
Time taken:  12.558713674545288
Test Loss: 0.0000, Test Accuracy: 1.0000, Energy: -984015.75
Time taken:  12.559816122055054
Test Loss: 0.0000, Test Accuracy: 1.0000, Energy: -992902.0
Time taken:  12.641227006912231
Test Loss: 0.0000, Test Accuracy: 1.0000, Energy: -1001405.375
Time taken:  12.554471254348755
Test Loss: 0.0000, Test Accuracy: 1.0000, Energy: -1010924.0
Time taken:  12.5483877658844
Test Loss: 0.0000, Test Accuracy: 1.0000, Energy: -1019656.125
Time taken:  12.5435791015625
Test Loss: 0.0000, Test Accuracy: 1.0000, Energy: -1034808.375
Time taken:  12.637248277664185
Test Loss: 0.0000, Test Accuracy: 1.0000, Energy: -1042558.375
Time taken:  12.512988567352295
Test Loss: 0.0000, Test Accuracy: 1.0000, Energy: -1051359.375
Time taken:  12.556812763214111
Test Loss: 0.0000, Test Accuracy: 1.0000, Energy: -1059144.0
Time taken:  12.5212242603302
Test Loss: 0.0000, Test Accuracy: 1.0000, Energy: -1067292.625
Time taken:  12.634294986724854
Test Loss: 0.0000, Test Accuracy: 1.0000, Energy: -1075335.125
Time taken:  12.526267528533936
Test Loss: 0.0000, Test Accuracy: 1.0000, Energy: -1083174.125
Time taken:  12.483997344970703
Test Loss: 0.0000, Test Accuracy: 1.0000, Energy: -1090805.875
Time taken:  12.488353490829468
Test Loss: 0.0000, Test Accuracy: 1.0000, Energy: -1097445.625
Time taken:  12.603733539581299
Test Loss: 0.0000, Test Accuracy: 1.0000, Energy: -1104964.625
Time taken:  12.499232053756714
Test Loss: 0.0000, Test Accuracy: 1.0000, Energy: -1112421.5
Time taken:  12.506532192230225
Test Loss: 0.0000, Test Accuracy: 1.0000, Energy: -1120491.125
Time taken:  12.491260528564453
Test Loss: 0.0000, Test Accuracy: 1.0000, Energy: -1128477.75
Time taken:  12.602219581604004
Test Loss: 0.0000, Test Accuracy: 1.0000, Energy: -1136552.25
Time taken:  12.507696628570557
Test Loss: 0.0000, Test Accuracy: 1.0000, Energy: -1144869.375
Time taken:  12.493433475494385
Test Loss: 0.0000, Test Accuracy: 1.0000, Energy: -1151776.25
Time taken:  12.487084150314331
Test Loss: 0.0000, Test Accuracy: 1.0000, Energy: -1160183.75
Time taken:  12.617986917495728
Test Loss: 0.0000, Test Accuracy: 1.0000, Energy: -1166770.5
Time taken:  12.50455617904663
Test Loss: 0.0000, Test Accuracy: 1.0000, Energy: -1175081.625
Time taken:  12.49389100074768
Test Loss: 0.0000, Test Accuracy: 1.0000, Energy: -1181106.375
Time taken:  12.50138258934021
Test Loss: 0.0000, Test Accuracy: 1.0000, Energy: -1188792.375
Time taken:  12.63020944595337
Test Loss: 0.0000, Test Accuracy: 1.0000, Energy: -1194905.0
Time taken:  12.522685527801514
Test Loss: 0.0000, Test Accuracy: 1.0000, Energy: -1201653.875
Time taken:  12.530838251113892
Test Loss: 0.0000, Test Accuracy: 1.0000, Energy: -1208547.375
Time taken:  12.563467741012573
Test Loss: 0.0000, Test Accuracy: 1.0000, Energy: -1215832.25
Time taken:  12.674929141998291
Test Loss: 0.0000, Test Accuracy: 1.0000, Energy: -1222752.625
Time taken:  12.587290287017822
Test Loss: 0.0000, Test Accuracy: 1.0000, Energy: -1228084.375
Time taken:  12.61774730682373
Test Loss: 0.0000, Test Accuracy: 1.0000, Energy: -1235129.0
Time taken:  12.700108051300049
Test Loss: 0.0000, Test Accuracy: 1.0000, Energy: -1241738.125
Time taken:  12.613342523574829
Test Loss: 0.0000, Test Accuracy: 1.0000, Energy: -1249395.25
Time taken:  12.615721464157104
Test Loss: 0.0000, Test Accuracy: 1.0000, Energy: -1260490.625
Time taken:  12.613563299179077
Test Loss: 0.0000, Test Accuracy: 1.0000, Energy: -1312154.25
Time taken:  12.731700420379639
Test Loss: 0.0000, Test Accuracy: 1.0000, Energy: -1318767.5
Time taken:  12.589259624481201
Test Loss: 0.0000, Test Accuracy: 1.0000, Energy: -1324459.0
Time taken:  12.632062673568726
Test Loss: 0.0000, Test Accuracy: 1.0000, Energy: -1330829.125
Time taken:  12.594850778579712
Test Loss: 0.0000, Test Accuracy: 1.0000, Energy: -1336516.0
Time taken:  12.657140016555786
Test Loss: 0.0000, Test Accuracy: 1.0000, Energy: -1343448.875
Time taken:  12.539306640625
Test Loss: 0.0000, Test Accuracy: 1.0000, Energy: -1349542.625
Time taken:  12.52224588394165
Test Loss: 0.0000, Test Accuracy: 1.0000, Energy: -1356056.75
Time taken:  12.512791633605957
Test Loss: 0.0000, Test Accuracy: 1.0000, Energy: -1362554.5
Time taken:  12.616799116134644
Test Loss: 0.0000, Test Accuracy: 1.0000, Energy: -1375717.75
Time taken:  12.52865982055664
Test Loss: 0.0000, Test Accuracy: 1.0000, Energy: -1381845.125
Time taken:  12.529032945632935
Test Loss: 0.0000, Test Accuracy: 1.0000, Energy: -1387283.0
Time taken:  12.532317399978638
Test Loss: 0.0000, Test Accuracy: 1.0000, Energy: -1392655.25
Time taken:  12.663904666900635
Test Loss: 0.0000, Test Accuracy: 1.0000, Energy: -1397765.0
Time taken:  12.543031215667725
Test Loss: 0.0000, Test Accuracy: 1.0000, Energy: -1403371.0
Time taken:  12.556490421295166
Test Loss: 0.0000, Test Accuracy: 1.0000, Energy: -1408734.25
Time taken:  12.56201982498169
Test Loss: 0.0000, Test Accuracy: 1.0000, Energy: -1413271.0
Time taken:  12.649672031402588
Test Loss: 0.0000, Test Accuracy: 1.0000, Energy: -1419997.25
Time taken:  12.513770818710327
Test Loss: 0.0000, Test Accuracy: 1.0000, Energy: -1425769.0
Time taken:  12.527657508850098
Test Loss: 0.0000, Test Accuracy: 1.0000, Energy: -1430958.875
Time taken:  12.52291750907898
Test Loss: 0.0000, Test Accuracy: 1.0000, Energy: -1436662.875
Time taken:  12.627013921737671
Test Loss: 0.0000, Test Accuracy: 1.0000, Energy: -1442100.25
Time taken:  12.51640009880066
Test Loss: 0.0000, Test Accuracy: 1.0000, Energy: -1448461.0
Time taken:  12.530114650726318
Test Loss: 0.0000, Test Accuracy: 1.0000, Energy: -1453814.75
Time taken:  12.5280921459198
Test Loss: 0.0000, Test Accuracy: 1.0000, Energy: -1460094.375
Time taken:  12.619599103927612
Test Loss: 0.0000, Test Accuracy: 1.0000, Energy: -1466452.625
Time taken:  12.552664041519165
Test Loss: 0.0000, Test Accuracy: 1.0000, Energy: -1470792.75
Time taken:  12.527428150177002
Test Loss: 0.0000, Test Accuracy: 1.0000, Energy: -1476152.125
Time taken:  12.478665590286255
Test Loss: 0.0000, Test Accuracy: 1.0000, Energy: -1480764.375
Time taken:  12.601583003997803
Test Loss: 0.0000, Test Accuracy: 1.0000, Energy: -1485200.625
Time taken:  12.47519302368164
Test Loss: 0.0000, Test Accuracy: 1.0000, Energy: -1490295.5
Time taken:  12.496885538101196
Final accuracies: [0.9833333333333333, 0.9933333333333333, 1.0, 1.0, 1.0, 1.0, 1.0, 1.0, 1.0, 1.0, 1.0, 1.0, 1.0, 1.0, 1.0, 1.0, 1.0, 1.0, 1.0, 1.0, 1.0, 1.0, 1.0, 1.0, 1.0, 1.0, 1.0, 1.0, 1.0, 1.0, 1.0, 1.0, 1.0, 1.0, 1.0, 1.0, 1.0, 1.0, 1.0, 1.0, 1.0, 1.0, 1.0, 1.0, 1.0, 1.0, 1.0, 1.0, 1.0, 1.0, 1.0, 1.0, 1.0, 1.0, 1.0, 1.0, 1.0, 1.0, 1.0, 1.0, 1.0, 1.0, 1.0, 1.0, 1.0, 1.0, 1.0, 1.0, 1.0, 1.0, 1.0, 1.0, 1.0, 1.0, 1.0, 1.0, 1.0, 1.0, 1.0, 1.0, 1.0, 1.0, 1.0, 1.0, 1.0, 1.0, 1.0, 1.0, 1.0, 1.0, 1.0, 1.0, 1.0, 1.0, 1.0, 1.0, 1.0, 1.0, 1.0, 1.0]
Final energies: [-496117.0, -253558.390625, -555580.6875, -609317.3125, -617191.9375, -626422.4375, -638032.25, -647479.875, -704788.5, -724423.625, -742434.4375, -775215.375, -792576.5625, -814921.125, -825821.0, -836653.8125, -848148.875, -857932.875, -868249.3125, -907720.8125, -866678.0625, -872393.125, -881577.5625, -890639.875, -899686.8125, -908459.8125, -922677.1875, -932046.875, -941571.125, -949643.75, -958030.6875, -966808.875, -975118.8125, -984015.75, -992902.0, -1001405.375, -1010924.0, -1019656.125, -1034808.375, -1042558.375, -1051359.375, -1059144.0, -1067292.625, -1075335.125, -1083174.125, -1090805.875, -1097445.625, -1104964.625, -1112421.5, -1120491.125, -1128477.75, -1136552.25, -1144869.375, -1151776.25, -1160183.75, -1166770.5, -1175081.625, -1181106.375, -1188792.375, -1194905.0, -1201653.875, -1208547.375, -1215832.25, -1222752.625, -1228084.375, -1235129.0, -1241738.125, -1249395.25, -1260490.625, -1312154.25, -1318767.5, -1324459.0, -1330829.125, -1336516.0, -1343448.875, -1349542.625, -1356056.75, -1362554.5, -1375717.75, -1381845.125, -1387283.0, -1392655.25, -1397765.0, -1403371.0, -1408734.25, -1413271.0, -1419997.25, -1425769.0, -1430958.875, -1436662.875, -1442100.25, -1448461.0, -1453814.75, -1460094.375, -1466452.625, -1470792.75, -1476152.125, -1480764.375, -1485200.625, -1490295.5]
