Running with parameters: hidden=50, use_coupled=true, seed=1, lam=0.0, eta=1.0, batch=1
Test Loss: 0.0000, Test Accuracy: 1.0000, Energy: -946783.5
Time taken:  13.67925763130188
Test Loss: 0.0000, Test Accuracy: 1.0000, Energy: -1026509.25
Time taken:  13.581005096435547
Test Loss: 0.0000, Test Accuracy: 1.0000, Energy: -1053601.875
Time taken:  13.681155920028687
Test Loss: 0.0000, Test Accuracy: 1.0000, Energy: -1084221.5
Time taken:  13.779514789581299
Test Loss: 0.0000, Test Accuracy: 1.0000, Energy: -1092479.375
Time taken:  13.633246183395386
Test Loss: 0.0000, Test Accuracy: 1.0000, Energy: -1099720.5
Time taken:  13.659899950027466
Test Loss: 0.0000, Test Accuracy: 1.0000, Energy: -1104803.5
Time taken:  13.689318180084229
Test Loss: 0.0000, Test Accuracy: 1.0000, Energy: -1109522.375
Time taken:  13.686967372894287
Test Loss: 0.0000, Test Accuracy: 1.0000, Energy: -1113757.875
Time taken:  13.656150102615356
Test Loss: 0.0000, Test Accuracy: 1.0000, Energy: -1118009.5
Time taken:  13.588021755218506
Test Loss: 0.0000, Test Accuracy: 1.0000, Energy: -1120282.0
Time taken:  13.685464859008789
Test Loss: 0.0000, Test Accuracy: 1.0000, Energy: -1123258.0
Time taken:  13.786389112472534
Test Loss: 0.0000, Test Accuracy: 1.0000, Energy: -1126519.625
Time taken:  13.67150354385376
Test Loss: 0.0000, Test Accuracy: 1.0000, Energy: -1130006.125
Time taken:  13.671354293823242
Test Loss: 0.0000, Test Accuracy: 1.0000, Energy: -1134165.75
Time taken:  13.535758972167969
Test Loss: 0.0000, Test Accuracy: 1.0000, Energy: -1138019.75
Time taken:  13.706675291061401
Test Loss: 0.0000, Test Accuracy: 1.0000, Energy: -1142379.875
Time taken:  13.648399114608765
Test Loss: 0.0000, Test Accuracy: 1.0000, Energy: -1146422.375
Time taken:  13.689284801483154
Test Loss: 0.0000, Test Accuracy: 1.0000, Energy: -1149990.125
Time taken:  13.558621406555176
Test Loss: 0.0000, Test Accuracy: 1.0000, Energy: -1153373.25
Time taken:  13.792608976364136
Test Loss: 0.0000, Test Accuracy: 1.0000, Energy: -1156643.75
Time taken:  13.614526748657227
Test Loss: 0.0000, Test Accuracy: 1.0000, Energy: -1156728.125
Time taken:  13.676181316375732
Test Loss: 0.0000, Test Accuracy: 1.0000, Energy: -1160087.375
Time taken:  13.790266036987305
Test Loss: 0.0000, Test Accuracy: 1.0000, Energy: -1162614.125
Time taken:  13.594939947128296
Test Loss: 0.0000, Test Accuracy: 1.0000, Energy: -1165489.375
Time taken:  13.643190145492554
Test Loss: 0.0000, Test Accuracy: 1.0000, Energy: -1167955.75
Time taken:  13.647107124328613
Test Loss: 0.0000, Test Accuracy: 1.0000, Energy: -1171557.25
Time taken:  13.780490636825562
Test Loss: 0.0000, Test Accuracy: 1.0000, Energy: -1174777.0
Time taken:  13.585114240646362
Test Loss: 0.0000, Test Accuracy: 1.0000, Energy: -1177366.875
Time taken:  13.660111427307129
Test Loss: 0.0000, Test Accuracy: 1.0000, Energy: -1179590.5
Time taken:  13.548531293869019
Test Loss: 0.0000, Test Accuracy: 1.0000, Energy: -1183326.25
Time taken:  13.771681308746338
Test Loss: 0.0000, Test Accuracy: 1.0000, Energy: -1198579.125
Time taken:  13.558038473129272
Test Loss: 0.0000, Test Accuracy: 1.0000, Energy: -1198211.75
Time taken:  13.614582300186157
Test Loss: 0.0000, Test Accuracy: 1.0000, Energy: -1203149.375
Time taken:  13.657196760177612
Test Loss: 0.0000, Test Accuracy: 1.0000, Energy: -1209387.5
Time taken:  13.760589122772217
Test Loss: 0.0000, Test Accuracy: 1.0000, Energy: -1212625.375
Time taken:  13.640552759170532
Test Loss: 0.0000, Test Accuracy: 1.0000, Energy: -1219373.625
Time taken:  13.574018716812134
Test Loss: 0.0000, Test Accuracy: 1.0000, Energy: -1240591.5
Time taken:  13.644473314285278
Test Loss: 0.0000, Test Accuracy: 1.0000, Energy: -1311320.125
Time taken:  13.747682094573975
Test Loss: 0.0000, Test Accuracy: 1.0000, Energy: -1525018.875
Time taken:  13.648365497589111
Test Loss: 0.0000, Test Accuracy: 1.0000, Energy: -1727580.0
Time taken:  13.585926532745361
Test Loss: 0.0000, Test Accuracy: 1.0000, Energy: -1804244.0
Time taken:  13.64622712135315
Test Loss: 0.0000, Test Accuracy: 1.0000, Energy: -1863318.375
Time taken:  13.73776125907898
Test Loss: 0.0000, Test Accuracy: 1.0000, Energy: -1911090.375
Time taken:  13.628493785858154
Test Loss: 0.0000, Test Accuracy: 1.0000, Energy: -1944983.125
Time taken:  13.604159355163574
Test Loss: 0.0000, Test Accuracy: 1.0000, Energy: -1986719.625
Time taken:  13.550496816635132
Test Loss: 0.0000, Test Accuracy: 1.0000, Energy: -2023659.625
Time taken:  13.727256059646606
Test Loss: 0.0000, Test Accuracy: 1.0000, Energy: -2060448.125
Time taken:  13.644169330596924
Test Loss: 0.0000, Test Accuracy: 1.0000, Energy: -2093736.5
Time taken:  13.59579062461853
Test Loss: 0.0000, Test Accuracy: 1.0000, Energy: -2163040.0
Time taken:  13.560140371322632
Test Loss: 0.0000, Test Accuracy: 1.0000, Energy: -2192949.25
Time taken:  13.786760330200195
Test Loss: 0.0000, Test Accuracy: 1.0000, Energy: -2228673.5
Time taken:  13.490989446640015
Test Loss: 0.0000, Test Accuracy: 1.0000, Energy: -2251028.5
Time taken:  13.607686758041382
Test Loss: 0.0000, Test Accuracy: 1.0000, Energy: -2279228.5
Time taken:  13.561486005783081
Test Loss: 0.0000, Test Accuracy: 1.0000, Energy: -2298657.75
Time taken:  13.740818977355957
Test Loss: 0.0000, Test Accuracy: 1.0000, Energy: -2339443.25
Time taken:  13.600069761276245
Test Loss: 0.0000, Test Accuracy: 1.0000, Energy: -2360437.25
Time taken:  13.601333379745483
Test Loss: 0.0000, Test Accuracy: 1.0000, Energy: -2381119.75
Time taken:  13.584280729293823
Test Loss: 0.0000, Test Accuracy: 1.0000, Energy: -2403876.75
Time taken:  13.66061782836914
Test Loss: 0.0000, Test Accuracy: 1.0000, Energy: -2448455.25
Time taken:  13.606654644012451
Test Loss: 0.0000, Test Accuracy: 1.0000, Energy: -2472417.75
Time taken:  13.644449234008789
Test Loss: 0.0000, Test Accuracy: 1.0000, Energy: -2498357.0
Time taken:  13.645577430725098
Test Loss: 0.0000, Test Accuracy: 1.0000, Energy: -2517192.75
Time taken:  13.668029546737671
Test Loss: 0.0000, Test Accuracy: 1.0000, Energy: -2522307.75
Time taken:  13.633694171905518
Test Loss: 0.0000, Test Accuracy: 1.0000, Energy: -2539100.25
Time taken:  13.636939287185669
Test Loss: 0.0000, Test Accuracy: 1.0000, Energy: -2558931.75
Time taken:  13.776809215545654
Test Loss: 0.0000, Test Accuracy: 1.0000, Energy: -2577355.0
Time taken:  13.658392429351807
Test Loss: 0.0000, Test Accuracy: 1.0000, Energy: -2597583.75
Time taken:  13.58690094947815
Test Loss: 0.0000, Test Accuracy: 1.0000, Energy: -2604398.25
Time taken:  13.650521039962769
Test Loss: 0.0000, Test Accuracy: 1.0000, Energy: -2617624.75
Time taken:  13.804380416870117
Test Loss: 0.0000, Test Accuracy: 1.0000, Energy: -2630816.25
Time taken:  13.66926622390747
Test Loss: 0.0000, Test Accuracy: 1.0000, Energy: -2648955.0
Time taken:  13.572386980056763
Test Loss: 0.0000, Test Accuracy: 1.0000, Energy: -2665536.75
Time taken:  13.662919521331787
Test Loss: 0.0000, Test Accuracy: 1.0000, Energy: -2682250.0
Time taken:  13.686631917953491
Test Loss: 0.0000, Test Accuracy: 1.0000, Energy: -2697359.0
Time taken:  13.646416187286377
Test Loss: 0.0000, Test Accuracy: 1.0000, Energy: -2668789.5
Time taken:  13.551721811294556
Test Loss: 0.0000, Test Accuracy: 1.0000, Energy: -2687115.75
Time taken:  13.629921674728394
Test Loss: 0.0000, Test Accuracy: 1.0000, Energy: -2699650.75
Time taken:  13.817455053329468
Test Loss: 0.0000, Test Accuracy: 1.0000, Energy: -2709892.0
Time taken:  13.663901567459106
Test Loss: 0.0000, Test Accuracy: 1.0000, Energy: -2721970.0
Time taken:  13.660386800765991
Test Loss: 0.0000, Test Accuracy: 1.0000, Energy: -2734961.5
Time taken:  13.583207130432129
Test Loss: 0.0000, Test Accuracy: 1.0000, Energy: -2746843.0
Time taken:  13.779514789581299
Test Loss: 0.0000, Test Accuracy: 1.0000, Energy: -2758060.25
Time taken:  13.600483894348145
Test Loss: 0.0000, Test Accuracy: 1.0000, Energy: -2768173.5
Time taken:  13.638306617736816
Test Loss: 0.0000, Test Accuracy: 1.0000, Energy: -2780149.25
Time taken:  13.636183500289917
Test Loss: 0.0000, Test Accuracy: 1.0000, Energy: -2791611.0
Time taken:  13.77610468864441
Test Loss: 0.0000, Test Accuracy: 1.0000, Energy: -2801941.75
Time taken:  13.649136304855347
Test Loss: 0.0000, Test Accuracy: 1.0000, Energy: -2814598.5
Time taken:  13.632383346557617
Test Loss: 0.0000, Test Accuracy: 1.0000, Energy: -2825091.5
Time taken:  13.625798463821411
Test Loss: 0.0000, Test Accuracy: 1.0000, Energy: -2836783.25
Time taken:  13.756885290145874
Test Loss: 0.0000, Test Accuracy: 1.0000, Energy: -2845787.0
Time taken:  13.624086856842041
Test Loss: 0.0000, Test Accuracy: 1.0000, Energy: -2855728.75
Time taken:  13.580364465713501
Test Loss: 0.0000, Test Accuracy: 1.0000, Energy: -2866807.0
Time taken:  13.643713235855103
Test Loss: 0.0000, Test Accuracy: 1.0000, Energy: -2874414.25
Time taken:  13.680648565292358
Test Loss: 0.0000, Test Accuracy: 1.0000, Energy: -2878780.25
Time taken:  13.652053356170654
Test Loss: 0.0000, Test Accuracy: 1.0000, Energy: -2882679.5
Time taken:  13.52391266822815
Test Loss: 0.0000, Test Accuracy: 1.0000, Energy: -2887468.25
Time taken:  13.641720533370972
Test Loss: 0.0000, Test Accuracy: 1.0000, Energy: -2893655.5
Time taken:  13.692234754562378
Test Loss: 0.0000, Test Accuracy: 1.0000, Energy: -2898555.5
Time taken:  13.62580943107605
Test Loss: 0.0000, Test Accuracy: 1.0000, Energy: -2903702.75
Time taken:  13.76222562789917
Final accuracies: [1.0, 1.0, 1.0, 1.0, 1.0, 1.0, 1.0, 1.0, 1.0, 1.0, 1.0, 1.0, 1.0, 1.0, 1.0, 1.0, 1.0, 1.0, 1.0, 1.0, 1.0, 1.0, 1.0, 1.0, 1.0, 1.0, 1.0, 1.0, 1.0, 1.0, 1.0, 1.0, 1.0, 1.0, 1.0, 1.0, 1.0, 1.0, 1.0, 1.0, 1.0, 1.0, 1.0, 1.0, 1.0, 1.0, 1.0, 1.0, 1.0, 1.0, 1.0, 1.0, 1.0, 1.0, 1.0, 1.0, 1.0, 1.0, 1.0, 1.0, 1.0, 1.0, 1.0, 1.0, 1.0, 1.0, 1.0, 1.0, 1.0, 1.0, 1.0, 1.0, 1.0, 1.0, 1.0, 1.0, 1.0, 1.0, 1.0, 1.0, 1.0, 1.0, 1.0, 1.0, 1.0, 1.0, 1.0, 1.0, 1.0, 1.0, 1.0, 1.0, 1.0, 1.0, 1.0, 1.0, 1.0, 1.0, 1.0, 1.0]
Final energies: [-946783.5, -1026509.25, -1053601.875, -1084221.5, -1092479.375, -1099720.5, -1104803.5, -1109522.375, -1113757.875, -1118009.5, -1120282.0, -1123258.0, -1126519.625, -1130006.125, -1134165.75, -1138019.75, -1142379.875, -1146422.375, -1149990.125, -1153373.25, -1156643.75, -1156728.125, -1160087.375, -1162614.125, -1165489.375, -1167955.75, -1171557.25, -1174777.0, -1177366.875, -1179590.5, -1183326.25, -1198579.125, -1198211.75, -1203149.375, -1209387.5, -1212625.375, -1219373.625, -1240591.5, -1311320.125, -1525018.875, -1727580.0, -1804244.0, -1863318.375, -1911090.375, -1944983.125, -1986719.625, -2023659.625, -2060448.125, -2093736.5, -2163040.0, -2192949.25, -2228673.5, -2251028.5, -2279228.5, -2298657.75, -2339443.25, -2360437.25, -2381119.75, -2403876.75, -2448455.25, -2472417.75, -2498357.0, -2517192.75, -2522307.75, -2539100.25, -2558931.75, -2577355.0, -2597583.75, -2604398.25, -2617624.75, -2630816.25, -2648955.0, -2665536.75, -2682250.0, -2697359.0, -2668789.5, -2687115.75, -2699650.75, -2709892.0, -2721970.0, -2734961.5, -2746843.0, -2758060.25, -2768173.5, -2780149.25, -2791611.0, -2801941.75, -2814598.5, -2825091.5, -2836783.25, -2845787.0, -2855728.75, -2866807.0, -2874414.25, -2878780.25, -2882679.5, -2887468.25, -2893655.5, -2898555.5, -2903702.75]
