Running with parameters: hidden=50, use_coupled=true, seed=4, lam=0.0, eta=1.0, batch=1
Test Loss: 0.0000, Test Accuracy: 1.0000, Energy: -1230675.25
Time taken:  12.623438596725464
Test Loss: 0.0000, Test Accuracy: 1.0000, Energy: -1335672.375
Time taken:  12.596122026443481
Test Loss: 0.0000, Test Accuracy: 1.0000, Energy: -1331679.625
Time taken:  12.627891063690186
Test Loss: 0.0000, Test Accuracy: 1.0000, Energy: -1333042.25
Time taken:  12.728593587875366
Test Loss: 0.0000, Test Accuracy: 1.0000, Energy: -1334528.625
Time taken:  12.577128410339355
Test Loss: 0.0000, Test Accuracy: 1.0000, Energy: -1336569.0
Time taken:  12.597763538360596
Test Loss: 0.0000, Test Accuracy: 1.0000, Energy: -1340252.0
Time taken:  12.636774063110352
Test Loss: 0.0000, Test Accuracy: 1.0000, Energy: -1257731.125
Time taken:  12.74824833869934
Test Loss: 0.0000, Test Accuracy: 1.0000, Energy: -1258702.625
Time taken:  12.548828125
Test Loss: 0.0000, Test Accuracy: 1.0000, Energy: -1261413.5
Time taken:  12.626971006393433
Test Loss: 0.0000, Test Accuracy: 1.0000, Energy: -1262752.25
Time taken:  12.604039192199707
Test Loss: 0.0000, Test Accuracy: 1.0000, Energy: -1263985.375
Time taken:  12.695374727249146
Test Loss: 0.0000, Test Accuracy: 1.0000, Energy: -1266251.125
Time taken:  12.630665063858032
Test Loss: 0.0000, Test Accuracy: 1.0000, Energy: -1268302.5
Time taken:  12.61878752708435
Test Loss: 0.0000, Test Accuracy: 1.0000, Energy: -1272363.0
Time taken:  12.584145069122314
Test Loss: 0.0000, Test Accuracy: 1.0000, Energy: -1275550.5
Time taken:  12.722764253616333
Test Loss: 0.0000, Test Accuracy: 1.0000, Energy: -1279100.875
Time taken:  12.580175638198853
Test Loss: 0.0000, Test Accuracy: 1.0000, Energy: -1282882.875
Time taken:  12.597294569015503
Test Loss: 0.0000, Test Accuracy: 1.0000, Energy: -1286886.75
Time taken:  12.601490020751953
Test Loss: 0.0000, Test Accuracy: 1.0000, Energy: -1290118.75
Time taken:  12.703311204910278
Test Loss: 0.0000, Test Accuracy: 1.0000, Energy: -1294063.375
Time taken:  12.595484256744385
Test Loss: 0.0000, Test Accuracy: 1.0000, Energy: -1296219.375
Time taken:  12.607869386672974
Test Loss: 0.0000, Test Accuracy: 1.0000, Energy: -1299021.875
Time taken:  12.715792655944824
Test Loss: 0.0000, Test Accuracy: 1.0000, Energy: -1300388.25
Time taken:  12.617267370223999
Test Loss: 0.0000, Test Accuracy: 0.9967, Energy: -1302580.125
Time taken:  12.62250280380249
Test Loss: 0.0000, Test Accuracy: 0.9967, Energy: -1304762.375
Time taken:  12.596076726913452
Test Loss: 0.0000, Test Accuracy: 0.9967, Energy: -1306539.125
Time taken:  12.736989498138428
Test Loss: 0.0000, Test Accuracy: 1.0000, Energy: -1308805.0
Time taken:  12.616482496261597
Test Loss: 0.0000, Test Accuracy: 1.0000, Energy: -1310616.875
Time taken:  12.622180938720703
Test Loss: 0.0000, Test Accuracy: 1.0000, Energy: -1312667.125
Time taken:  12.601157665252686
Test Loss: 0.0000, Test Accuracy: 0.9967, Energy: -1314450.5
Time taken:  12.707546949386597
Test Loss: 0.0000, Test Accuracy: 0.9967, Energy: -1317424.75
Time taken:  12.613500833511353
Test Loss: 0.0000, Test Accuracy: 0.9967, Energy: -1319719.125
Time taken:  12.618321895599365
Test Loss: 0.0000, Test Accuracy: 0.9967, Energy: -1322529.375
Time taken:  12.597519874572754
Test Loss: 0.0000, Test Accuracy: 0.9967, Energy: -1329547.5
Time taken:  12.695032358169556
Test Loss: 0.0000, Test Accuracy: 0.9967, Energy: -1332256.0
Time taken:  12.60871696472168
Test Loss: 0.0000, Test Accuracy: 0.9967, Energy: -1333704.0
Time taken:  12.569610357284546
Test Loss: 0.0000, Test Accuracy: 0.9967, Energy: -1335788.875
Time taken:  12.582360744476318
Test Loss: 0.0000, Test Accuracy: 0.9967, Energy: -1337628.625
Time taken:  12.734252691268921
Test Loss: 0.0000, Test Accuracy: 0.9967, Energy: -1338524.625
Time taken:  12.592544555664062
Test Loss: 0.0000, Test Accuracy: 0.9967, Energy: -1341694.125
Time taken:  12.645614624023438
Test Loss: 0.0000, Test Accuracy: 0.9967, Energy: -1343445.875
Time taken:  12.596341848373413
Test Loss: 0.0000, Test Accuracy: 0.9967, Energy: -1345201.875
Time taken:  12.708353519439697
Test Loss: 0.0000, Test Accuracy: 0.9967, Energy: -1346771.375
Time taken:  12.592152118682861
Test Loss: 0.0000, Test Accuracy: 0.9967, Energy: -1348058.875
Time taken:  12.622154235839844
Test Loss: 0.0000, Test Accuracy: 0.9967, Energy: -1352174.625
Time taken:  12.60643458366394
Test Loss: 0.0000, Test Accuracy: 0.9967, Energy: -1354606.625
Time taken:  12.696685552597046
Test Loss: 0.0000, Test Accuracy: 0.9967, Energy: -1356603.875
Time taken:  12.631669044494629
Test Loss: 0.0000, Test Accuracy: 0.9967, Energy: -1358738.5
Time taken:  12.61191725730896
Test Loss: 0.0000, Test Accuracy: 0.9967, Energy: -1360851.625
Time taken:  12.583077907562256
Test Loss: 0.0000, Test Accuracy: 0.9967, Energy: -1362302.625
Time taken:  12.729661703109741
Test Loss: 0.0000, Test Accuracy: 0.9967, Energy: -1363731.375
Time taken:  12.574316263198853
Test Loss: 0.0000, Test Accuracy: 0.9967, Energy: -1365740.375
Time taken:  12.577582836151123
Test Loss: 0.0000, Test Accuracy: 0.9967, Energy: -1367523.375
Time taken:  12.607876777648926
Test Loss: 0.0000, Test Accuracy: 0.9967, Energy: -1369612.5
Time taken:  12.728785037994385
Test Loss: 0.0000, Test Accuracy: 0.9967, Energy: -1370426.0
Time taken:  12.584714651107788
Test Loss: 0.0000, Test Accuracy: 0.9967, Energy: -1372255.375
Time taken:  12.593121528625488
Test Loss: 0.0000, Test Accuracy: 0.9967, Energy: -1375436.375
Time taken:  12.621135950088501
Test Loss: 0.0000, Test Accuracy: 0.9967, Energy: -1389351.25
Time taken:  12.697127103805542
Test Loss: 0.0000, Test Accuracy: 0.9967, Energy: -1395428.0
Time taken:  12.618656158447266
Test Loss: 0.0000, Test Accuracy: 0.9967, Energy: -1397006.125
Time taken:  12.60616397857666
Test Loss: 0.0000, Test Accuracy: 0.9967, Energy: -1398874.5
Time taken:  12.61247205734253
Test Loss: 0.0000, Test Accuracy: 0.9967, Energy: -1400322.75
Time taken:  12.675783157348633
Test Loss: 0.0000, Test Accuracy: 0.9967, Energy: -1402687.625
Time taken:  12.597586870193481
Test Loss: 0.0000, Test Accuracy: 0.9967, Energy: -1405604.125
Time taken:  12.587936162948608
Test Loss: 0.0000, Test Accuracy: 0.9967, Energy: -1407305.25
Time taken:  12.704272031784058
Test Loss: 0.0000, Test Accuracy: 0.9967, Energy: -1408403.625
Time taken:  12.61945915222168
Test Loss: 0.0000, Test Accuracy: 0.9967, Energy: -1410073.25
Time taken:  12.621986865997314
Test Loss: 0.0000, Test Accuracy: 0.9967, Energy: -1411928.125
Time taken:  12.621978998184204
Test Loss: 0.0000, Test Accuracy: 0.9967, Energy: -1414420.0
Time taken:  12.741770029067993
Test Loss: 0.0000, Test Accuracy: 0.9967, Energy: -1416237.875
Time taken:  12.59852123260498
Test Loss: 0.0000, Test Accuracy: 0.9967, Energy: -1418436.75
Time taken:  12.617404699325562
Test Loss: 0.0000, Test Accuracy: 0.9967, Energy: -1420824.125
Time taken:  12.599371194839478
Test Loss: 0.0000, Test Accuracy: 0.9967, Energy: -1423971.25
Time taken:  12.748660326004028
Test Loss: 0.0000, Test Accuracy: 0.9967, Energy: -1425648.0
Time taken:  12.608650207519531
Test Loss: 0.0000, Test Accuracy: 0.9967, Energy: -1427649.5
Time taken:  12.591655969619751
Test Loss: 0.0000, Test Accuracy: 0.9967, Energy: -1429073.875
Time taken:  12.635000467300415
Test Loss: 0.0000, Test Accuracy: 0.9967, Energy: -1431158.0
Time taken:  12.711201906204224
Test Loss: 0.0000, Test Accuracy: 0.9967, Energy: -1432595.625
Time taken:  12.618016719818115
Test Loss: 0.0000, Test Accuracy: 0.9967, Energy: -1435019.625
Time taken:  12.60766339302063
Test Loss: 0.0000, Test Accuracy: 0.9967, Energy: -1437872.625
Time taken:  12.63039517402649
Test Loss: 0.0000, Test Accuracy: 0.9967, Energy: -1443339.75
Time taken:  12.704976797103882
Test Loss: 0.0000, Test Accuracy: 0.9967, Energy: -1445574.875
Time taken:  12.587797403335571
Test Loss: 0.0000, Test Accuracy: 0.9967, Energy: -1447723.0
Time taken:  12.604821681976318
Test Loss: 0.0000, Test Accuracy: 0.9967, Energy: -1449825.0
Time taken:  12.607314348220825
Test Loss: 0.0000, Test Accuracy: 0.9967, Energy: -1452188.375
Time taken:  12.72444462776184
Test Loss: 0.0000, Test Accuracy: 0.9967, Energy: -1453875.75
Time taken:  12.605125665664673
Test Loss: 0.0000, Test Accuracy: 0.9967, Energy: -1457755.5
Time taken:  12.578139543533325
Test Loss: 0.0000, Test Accuracy: 0.9967, Energy: -1478858.5
Time taken:  12.595836400985718
Test Loss: 0.0000, Test Accuracy: 1.0000, Energy: -1480703.875
Time taken:  12.666531324386597
Test Loss: 0.0000, Test Accuracy: 0.9967, Energy: -1480536.25
Time taken:  12.597546100616455
Test Loss: 0.0000, Test Accuracy: 0.9967, Energy: -1482836.75
Time taken:  12.597198009490967
Test Loss: 0.0000, Test Accuracy: 0.9967, Energy: -1485386.5
Time taken:  12.598832130432129
Test Loss: 0.0000, Test Accuracy: 0.9967, Energy: -1487500.5
Time taken:  12.68259334564209
Test Loss: 0.0000, Test Accuracy: 1.0000, Energy: -1489318.5
Time taken:  12.605189561843872
Test Loss: 0.0000, Test Accuracy: 0.9967, Energy: -1492545.5
Time taken:  12.606642007827759
Test Loss: 0.0000, Test Accuracy: 0.9967, Energy: -1494629.375
Time taken:  12.581185340881348
Test Loss: 0.0000, Test Accuracy: 0.9967, Energy: -1497014.125
Time taken:  12.688539505004883
Test Loss: 0.0000, Test Accuracy: 0.9967, Energy: -1498432.0
Time taken:  12.560445070266724
Test Loss: 0.0000, Test Accuracy: 0.9967, Energy: -1501067.375
Time taken:  12.490036010742188
Final accuracies: [1.0, 1.0, 1.0, 1.0, 1.0, 1.0, 1.0, 1.0, 1.0, 1.0, 1.0, 1.0, 1.0, 1.0, 1.0, 1.0, 1.0, 1.0, 1.0, 1.0, 1.0, 1.0, 1.0, 1.0, 0.9966666666666667, 0.9966666666666667, 0.9966666666666667, 1.0, 1.0, 1.0, 0.9966666666666667, 0.9966666666666667, 0.9966666666666667, 0.9966666666666667, 0.9966666666666667, 0.9966666666666667, 0.9966666666666667, 0.9966666666666667, 0.9966666666666667, 0.9966666666666667, 0.9966666666666667, 0.9966666666666667, 0.9966666666666667, 0.9966666666666667, 0.9966666666666667, 0.9966666666666667, 0.9966666666666667, 0.9966666666666667, 0.9966666666666667, 0.9966666666666667, 0.9966666666666667, 0.9966666666666667, 0.9966666666666667, 0.9966666666666667, 0.9966666666666667, 0.9966666666666667, 0.9966666666666667, 0.9966666666666667, 0.9966666666666667, 0.9966666666666667, 0.9966666666666667, 0.9966666666666667, 0.9966666666666667, 0.9966666666666667, 0.9966666666666667, 0.9966666666666667, 0.9966666666666667, 0.9966666666666667, 0.9966666666666667, 0.9966666666666667, 0.9966666666666667, 0.9966666666666667, 0.9966666666666667, 0.9966666666666667, 0.9966666666666667, 0.9966666666666667, 0.9966666666666667, 0.9966666666666667, 0.9966666666666667, 0.9966666666666667, 0.9966666666666667, 0.9966666666666667, 0.9966666666666667, 0.9966666666666667, 0.9966666666666667, 0.9966666666666667, 0.9966666666666667, 0.9966666666666667, 0.9966666666666667, 1.0, 0.9966666666666667, 0.9966666666666667, 0.9966666666666667, 0.9966666666666667, 1.0, 0.9966666666666667, 0.9966666666666667, 0.9966666666666667, 0.9966666666666667, 0.9966666666666667]
Final energies: [-1230675.25, -1335672.375, -1331679.625, -1333042.25, -1334528.625, -1336569.0, -1340252.0, -1257731.125, -1258702.625, -1261413.5, -1262752.25, -1263985.375, -1266251.125, -1268302.5, -1272363.0, -1275550.5, -1279100.875, -1282882.875, -1286886.75, -1290118.75, -1294063.375, -1296219.375, -1299021.875, -1300388.25, -1302580.125, -1304762.375, -1306539.125, -1308805.0, -1310616.875, -1312667.125, -1314450.5, -1317424.75, -1319719.125, -1322529.375, -1329547.5, -1332256.0, -1333704.0, -1335788.875, -1337628.625, -1338524.625, -1341694.125, -1343445.875, -1345201.875, -1346771.375, -1348058.875, -1352174.625, -1354606.625, -1356603.875, -1358738.5, -1360851.625, -1362302.625, -1363731.375, -1365740.375, -1367523.375, -1369612.5, -1370426.0, -1372255.375, -1375436.375, -1389351.25, -1395428.0, -1397006.125, -1398874.5, -1400322.75, -1402687.625, -1405604.125, -1407305.25, -1408403.625, -1410073.25, -1411928.125, -1414420.0, -1416237.875, -1418436.75, -1420824.125, -1423971.25, -1425648.0, -1427649.5, -1429073.875, -1431158.0, -1432595.625, -1435019.625, -1437872.625, -1443339.75, -1445574.875, -1447723.0, -1449825.0, -1452188.375, -1453875.75, -1457755.5, -1478858.5, -1480703.875, -1480536.25, -1482836.75, -1485386.5, -1487500.5, -1489318.5, -1492545.5, -1494629.375, -1497014.125, -1498432.0, -1501067.375]
