Running with parameters: hidden=50, use_coupled=true, seed=15, lam=0.0, eta=1.0, batch=1
Test Loss: 0.0000, Test Accuracy: 0.9600, Energy: -1266497.375
Time taken:  12.398414134979248
Test Loss: 0.0000, Test Accuracy: 0.9967, Energy: -1400972.75
Time taken:  12.365130424499512
Test Loss: 0.0000, Test Accuracy: 0.9933, Energy: -1487112.625
Time taken:  12.368589162826538
Test Loss: 0.0000, Test Accuracy: 0.9967, Energy: -1515481.875
Time taken:  12.50911831855774
Test Loss: 0.0000, Test Accuracy: 0.9967, Energy: -1551628.5
Time taken:  12.344175338745117
Test Loss: 0.0000, Test Accuracy: 0.9967, Energy: -1578815.5
Time taken:  12.378071546554565
Test Loss: 0.0000, Test Accuracy: 0.9967, Energy: -1603505.875
Time taken:  12.357082605361938
Test Loss: 0.0000, Test Accuracy: 0.9967, Energy: -1617262.625
Time taken:  12.494168519973755
Test Loss: 0.0000, Test Accuracy: 0.9967, Energy: -1630037.375
Time taken:  12.313326835632324
Test Loss: 0.0000, Test Accuracy: 0.9967, Energy: -1635418.25
Time taken:  12.385642528533936
Test Loss: 0.0000, Test Accuracy: 0.9967, Energy: -1656328.875
Time taken:  12.370466232299805
Test Loss: 0.0000, Test Accuracy: 0.9967, Energy: -1670659.375
Time taken:  12.458468675613403
Test Loss: 0.0000, Test Accuracy: 0.9967, Energy: -1688068.0
Time taken:  12.376210689544678
Test Loss: 0.0000, Test Accuracy: 0.9967, Energy: -1700254.375
Time taken:  12.391441822052002
Test Loss: 0.0000, Test Accuracy: 0.9967, Energy: -1711335.375
Time taken:  12.392473697662354
Test Loss: 0.0000, Test Accuracy: 0.9967, Energy: -1720959.625
Time taken:  12.485384702682495
Test Loss: 0.0000, Test Accuracy: 0.9967, Energy: -1730282.5
Time taken:  12.358253002166748
Test Loss: 0.0000, Test Accuracy: 0.9967, Energy: -1748991.25
Time taken:  12.359954118728638
Test Loss: 0.0000, Test Accuracy: 0.9967, Energy: -1760937.0
Time taken:  12.311507225036621
Test Loss: 0.0000, Test Accuracy: 0.9967, Energy: -1771089.25
Time taken:  12.471985340118408
Test Loss: 0.0000, Test Accuracy: 0.9967, Energy: -1780307.375
Time taken:  12.37009572982788
Test Loss: 0.0000, Test Accuracy: 0.9967, Energy: -1789369.625
Time taken:  12.357227563858032
Test Loss: 0.0000, Test Accuracy: 0.9967, Energy: -1796417.625
Time taken:  12.46815037727356
Test Loss: 0.0000, Test Accuracy: 0.9967, Energy: -1809417.875
Time taken:  12.414764642715454
Test Loss: 0.0000, Test Accuracy: 1.0000, Energy: -1817546.5
Time taken:  12.395098209381104
Test Loss: 0.0000, Test Accuracy: 1.0000, Energy: -1825993.25
Time taken:  12.3499915599823
Test Loss: 0.0000, Test Accuracy: 1.0000, Energy: -1838010.875
Time taken:  12.487269639968872
Test Loss: 0.0000, Test Accuracy: 1.0000, Energy: -1853094.625
Time taken:  12.395658493041992
Test Loss: 0.0000, Test Accuracy: 1.0000, Energy: -1864082.875
Time taken:  12.363832950592041
Test Loss: 0.0000, Test Accuracy: 1.0000, Energy: -1871332.0
Time taken:  12.389899015426636
Test Loss: 0.0000, Test Accuracy: 1.0000, Energy: -1878281.125
Time taken:  12.469217538833618
Test Loss: 0.0000, Test Accuracy: 1.0000, Energy: -1892174.875
Time taken:  12.35556411743164
Test Loss: 0.0000, Test Accuracy: 1.0000, Energy: -1898900.75
Time taken:  12.383857727050781
Test Loss: 0.0000, Test Accuracy: 1.0000, Energy: -1906281.5
Time taken:  12.361299753189087
Test Loss: 0.0000, Test Accuracy: 1.0000, Energy: -1913272.125
Time taken:  12.506441354751587
Test Loss: 0.0000, Test Accuracy: 1.0000, Energy: -1919745.0
Time taken:  12.4028959274292
Test Loss: 0.0000, Test Accuracy: 1.0000, Energy: -1940464.375
Time taken:  12.381143569946289
Test Loss: 0.0000, Test Accuracy: 1.0000, Energy: -1947199.25
Time taken:  12.376503705978394
Test Loss: 0.0000, Test Accuracy: 1.0000, Energy: -1952718.625
Time taken:  12.492769002914429
Test Loss: 0.0000, Test Accuracy: 1.0000, Energy: -1958605.875
Time taken:  12.391747951507568
Test Loss: 0.0000, Test Accuracy: 1.0000, Energy: -1965415.5
Time taken:  12.39574670791626
Test Loss: 0.0000, Test Accuracy: 1.0000, Energy: -1971295.375
Time taken:  12.395045280456543
Test Loss: 0.0000, Test Accuracy: 1.0000, Energy: -1976057.75
Time taken:  12.469324350357056
Test Loss: 0.0000, Test Accuracy: 1.0000, Energy: -1983957.875
Time taken:  12.359277486801147
Test Loss: 0.0000, Test Accuracy: 1.0000, Energy: -1989235.75
Time taken:  12.38426923751831
Test Loss: 0.0000, Test Accuracy: 1.0000, Energy: -2023808.875
Time taken:  12.371739625930786
Test Loss: 0.0000, Test Accuracy: 1.0000, Energy: -2030807.625
Time taken:  12.49626874923706
Test Loss: 0.0000, Test Accuracy: 1.0000, Energy: -2036076.0
Time taken:  12.330989599227905
Test Loss: 0.0000, Test Accuracy: 1.0000, Energy: -2043575.5
Time taken:  12.353513240814209
Test Loss: 0.0000, Test Accuracy: 1.0000, Energy: -2049358.125
Time taken:  12.375600099563599
Test Loss: 0.0000, Test Accuracy: 1.0000, Energy: -2056361.875
Time taken:  12.456429481506348
Test Loss: 0.0000, Test Accuracy: 1.0000, Energy: -2063099.375
Time taken:  12.365842580795288
Test Loss: 0.0000, Test Accuracy: 1.0000, Energy: -2066886.875
Time taken:  12.328683376312256
Test Loss: 0.0000, Test Accuracy: 1.0000, Energy: -2073460.25
Time taken:  12.376633405685425
Test Loss: 0.0000, Test Accuracy: 1.0000, Energy: -2078851.125
Time taken:  12.454503774642944
Test Loss: 0.0000, Test Accuracy: 1.0000, Energy: -2087277.125
Time taken:  12.372154951095581
Test Loss: 0.0000, Test Accuracy: 1.0000, Energy: -2090037.625
Time taken:  12.372350454330444
Test Loss: 0.0000, Test Accuracy: 0.9867, Energy: -3095272.25
Time taken:  12.398162126541138
Test Loss: 0.0000, Test Accuracy: 0.9933, Energy: -4937939.0
Time taken:  12.528583765029907
Test Loss: 0.0000, Test Accuracy: 0.9833, Energy: -5342444.0
Time taken:  12.45603084564209
Test Loss: 0.0000, Test Accuracy: 0.9767, Energy: -5373664.5
Time taken:  12.399914264678955
Test Loss: 0.0000, Test Accuracy: 0.9767, Energy: -5390083.5
Time taken:  12.386804819107056
Test Loss: 0.0000, Test Accuracy: 0.9767, Energy: -5390082.5
Time taken:  12.51163649559021
Test Loss: 0.0000, Test Accuracy: 0.9767, Energy: -5390082.5
Time taken:  12.416353464126587
Test Loss: 0.0000, Test Accuracy: 0.9767, Energy: -5390082.5
Time taken:  12.413878202438354
Test Loss: 0.0000, Test Accuracy: 0.9767, Energy: -5390082.5
Time taken:  12.512122392654419
Test Loss: 0.0000, Test Accuracy: 0.9767, Energy: -5390081.5
Time taken:  12.418310642242432
Test Loss: 0.0000, Test Accuracy: 0.9767, Energy: -5390081.5
Time taken:  12.424294233322144
Test Loss: 0.0000, Test Accuracy: 0.9767, Energy: -5390081.0
Time taken:  12.412165880203247
Test Loss: 0.0000, Test Accuracy: 0.9767, Energy: -5390079.0
Time taken:  12.511165380477905
Test Loss: 0.0000, Test Accuracy: 0.9767, Energy: -5390079.0
Time taken:  12.424726247787476
Test Loss: 0.0000, Test Accuracy: 0.9767, Energy: -5390079.0
Time taken:  12.391257047653198
Test Loss: 0.0000, Test Accuracy: 0.9767, Energy: -5390079.0
Time taken:  12.40900731086731
Test Loss: 0.0000, Test Accuracy: 0.9767, Energy: -5390079.0
Time taken:  12.48154592514038
Test Loss: 0.0000, Test Accuracy: 0.9767, Energy: -5390088.0
Time taken:  12.398234844207764
Test Loss: 0.0000, Test Accuracy: 0.9767, Energy: -5390087.5
Time taken:  12.492166757583618
Test Loss: 0.0000, Test Accuracy: 0.9767, Energy: -5390087.5
Time taken:  12.379706382751465
Test Loss: 0.0000, Test Accuracy: 0.9767, Energy: -5390087.5
Time taken:  12.521811246871948
Test Loss: 0.0000, Test Accuracy: 0.9767, Energy: -5390087.5
Time taken:  12.428975343704224
Test Loss: 0.0000, Test Accuracy: 0.9767, Energy: -5390087.5
Time taken:  12.401498079299927
Test Loss: 0.0000, Test Accuracy: 0.9767, Energy: -5390087.5
Time taken:  12.394588232040405
Test Loss: 0.0000, Test Accuracy: 0.9767, Energy: -5390087.5
Time taken:  12.499918222427368
Test Loss: 0.0000, Test Accuracy: 0.9767, Energy: -5390087.5
Time taken:  12.42670202255249
Test Loss: 0.0000, Test Accuracy: 0.9767, Energy: -5390086.5
Time taken:  12.411247253417969
Test Loss: 0.0000, Test Accuracy: 0.9767, Energy: -5390086.5
Time taken:  12.412183284759521
Test Loss: 0.0000, Test Accuracy: 0.9767, Energy: -5390086.5
Time taken:  12.520370721817017
Test Loss: 0.0000, Test Accuracy: 0.9767, Energy: -5390086.0
Time taken:  12.388569593429565
Test Loss: 0.0000, Test Accuracy: 0.9767, Energy: -5390086.0
Time taken:  12.42379879951477
Test Loss: 0.0000, Test Accuracy: 0.9767, Energy: -5390086.0
Time taken:  12.411896705627441
Test Loss: 0.0000, Test Accuracy: 0.9767, Energy: -5390086.0
Time taken:  12.509506225585938
Test Loss: 0.0000, Test Accuracy: 0.9767, Energy: -5390085.5
Time taken:  12.403218984603882
Test Loss: 0.0000, Test Accuracy: 0.9767, Energy: -5390085.5
Time taken:  12.383428573608398
Test Loss: 0.0000, Test Accuracy: 0.9767, Energy: -5390085.5
Time taken:  12.403725385665894
Test Loss: 0.0000, Test Accuracy: 0.9767, Energy: -5390085.0
Time taken:  12.503228425979614
Test Loss: 0.0000, Test Accuracy: 0.9767, Energy: -5390085.0
Time taken:  12.40551209449768
Test Loss: 0.0000, Test Accuracy: 0.9767, Energy: -5390085.0
Time taken:  12.42834210395813
Test Loss: 0.0000, Test Accuracy: 0.9767, Energy: -5390084.5
Time taken:  12.39281177520752
Test Loss: 0.0000, Test Accuracy: 0.9767, Energy: -5390084.5
Time taken:  12.528030633926392
Test Loss: 0.0000, Test Accuracy: 0.9767, Energy: -5390084.5
Time taken:  12.403865098953247
Test Loss: 0.0000, Test Accuracy: 0.9767, Energy: -5390084.5
Time taken:  12.404677629470825
Final accuracies: [0.96, 0.9966666666666667, 0.9933333333333333, 0.9966666666666667, 0.9966666666666667, 0.9966666666666667, 0.9966666666666667, 0.9966666666666667, 0.9966666666666667, 0.9966666666666667, 0.9966666666666667, 0.9966666666666667, 0.9966666666666667, 0.9966666666666667, 0.9966666666666667, 0.9966666666666667, 0.9966666666666667, 0.9966666666666667, 0.9966666666666667, 0.9966666666666667, 0.9966666666666667, 0.9966666666666667, 0.9966666666666667, 0.9966666666666667, 1.0, 1.0, 1.0, 1.0, 1.0, 1.0, 1.0, 1.0, 1.0, 1.0, 1.0, 1.0, 1.0, 1.0, 1.0, 1.0, 1.0, 1.0, 1.0, 1.0, 1.0, 1.0, 1.0, 1.0, 1.0, 1.0, 1.0, 1.0, 1.0, 1.0, 1.0, 1.0, 1.0, 0.9866666666666667, 0.9933333333333333, 0.9833333333333333, 0.9766666666666667, 0.9766666666666667, 0.9766666666666667, 0.9766666666666667, 0.9766666666666667, 0.9766666666666667, 0.9766666666666667, 0.9766666666666667, 0.9766666666666667, 0.9766666666666667, 0.9766666666666667, 0.9766666666666667, 0.9766666666666667, 0.9766666666666667, 0.9766666666666667, 0.9766666666666667, 0.9766666666666667, 0.9766666666666667, 0.9766666666666667, 0.9766666666666667, 0.9766666666666667, 0.9766666666666667, 0.9766666666666667, 0.9766666666666667, 0.9766666666666667, 0.9766666666666667, 0.9766666666666667, 0.9766666666666667, 0.9766666666666667, 0.9766666666666667, 0.9766666666666667, 0.9766666666666667, 0.9766666666666667, 0.9766666666666667, 0.9766666666666667, 0.9766666666666667, 0.9766666666666667, 0.9766666666666667, 0.9766666666666667, 0.9766666666666667]
Final energies: [-1266497.375, -1400972.75, -1487112.625, -1515481.875, -1551628.5, -1578815.5, -1603505.875, -1617262.625, -1630037.375, -1635418.25, -1656328.875, -1670659.375, -1688068.0, -1700254.375, -1711335.375, -1720959.625, -1730282.5, -1748991.25, -1760937.0, -1771089.25, -1780307.375, -1789369.625, -1796417.625, -1809417.875, -1817546.5, -1825993.25, -1838010.875, -1853094.625, -1864082.875, -1871332.0, -1878281.125, -1892174.875, -1898900.75, -1906281.5, -1913272.125, -1919745.0, -1940464.375, -1947199.25, -1952718.625, -1958605.875, -1965415.5, -1971295.375, -1976057.75, -1983957.875, -1989235.75, -2023808.875, -2030807.625, -2036076.0, -2043575.5, -2049358.125, -2056361.875, -2063099.375, -2066886.875, -2073460.25, -2078851.125, -2087277.125, -2090037.625, -3095272.25, -4937939.0, -5342444.0, -5373664.5, -5390083.5, -5390082.5, -5390082.5, -5390082.5, -5390082.5, -5390081.5, -5390081.5, -5390081.0, -5390079.0, -5390079.0, -5390079.0, -5390079.0, -5390079.0, -5390088.0, -5390087.5, -5390087.5, -5390087.5, -5390087.5, -5390087.5, -5390087.5, -5390087.5, -5390087.5, -5390086.5, -5390086.5, -5390086.5, -5390086.0, -5390086.0, -5390086.0, -5390086.0, -5390085.5, -5390085.5, -5390085.5, -5390085.0, -5390085.0, -5390085.0, -5390084.5, -5390084.5, -5390084.5, -5390084.5]
