Running with parameters: hidden=50, use_coupled=true, seed=84, lam=0.0, eta=1.0, batch=1
Test Loss: 0.0000, Test Accuracy: 0.9833, Energy: -1343101.0
Time taken:  12.200773000717163
Test Loss: 0.0000, Test Accuracy: 0.9967, Energy: -2094162.25
Time taken:  12.160277605056763
Test Loss: 0.0000, Test Accuracy: 0.9967, Energy: -2094154.875
Time taken:  12.19153118133545
Test Loss: 0.0000, Test Accuracy: 0.9967, Energy: -2094692.375
Time taken:  12.281422138214111
Test Loss: 0.0000, Test Accuracy: 0.9967, Energy: -2094323.625
Time taken:  12.155456066131592
Test Loss: 0.0000, Test Accuracy: 0.9967, Energy: -2093823.375
Time taken:  12.175883769989014
Test Loss: 0.0000, Test Accuracy: 0.9967, Energy: -2093559.75
Time taken:  12.162740468978882
Test Loss: 0.0000, Test Accuracy: 0.9967, Energy: -2093189.0
Time taken:  12.225949048995972
Test Loss: 0.0000, Test Accuracy: 0.9967, Energy: -2092581.5
Time taken:  12.160446405410767
Test Loss: 0.0000, Test Accuracy: 0.9967, Energy: -2092341.0
Time taken:  12.190628051757812
Test Loss: 0.0000, Test Accuracy: 0.9967, Energy: -2092361.375
Time taken:  12.182928323745728
Test Loss: 0.0000, Test Accuracy: 0.9967, Energy: -2092337.375
Time taken:  12.23858094215393
Test Loss: 0.0000, Test Accuracy: 0.9967, Energy: -2092332.5
Time taken:  12.163185596466064
Test Loss: 0.0000, Test Accuracy: 0.9967, Energy: -2092261.875
Time taken:  12.182955741882324
Test Loss: 0.0000, Test Accuracy: 0.9967, Energy: -2092264.875
Time taken:  12.154722213745117
Test Loss: 0.0000, Test Accuracy: 0.9967, Energy: -2092317.375
Time taken:  12.247183799743652
Test Loss: 0.0000, Test Accuracy: 0.9967, Energy: -2092302.5
Time taken:  12.167071342468262
Test Loss: 0.0000, Test Accuracy: 0.9967, Energy: -2092270.25
Time taken:  12.144365310668945
Test Loss: 0.0000, Test Accuracy: 0.9967, Energy: -2092333.25
Time taken:  12.171275854110718
Test Loss: 0.0000, Test Accuracy: 0.9967, Energy: -2092228.5
Time taken:  12.25530219078064
Test Loss: 0.0000, Test Accuracy: 0.9967, Energy: -2092346.625
Time taken:  12.162268161773682
Test Loss: 0.0000, Test Accuracy: 0.9967, Energy: -2092424.75
Time taken:  12.143017768859863
Test Loss: 0.0000, Test Accuracy: 0.9967, Energy: -2092511.75
Time taken:  12.239811420440674
Test Loss: 0.0000, Test Accuracy: 0.9967, Energy: -2092502.0
Time taken:  12.16895079612732
Test Loss: 0.0000, Test Accuracy: 0.9967, Energy: -2092594.25
Time taken:  12.164228200912476
Test Loss: 0.0000, Test Accuracy: 0.9967, Energy: -2092537.125
Time taken:  12.14183521270752
Test Loss: 0.0000, Test Accuracy: 0.9967, Energy: -2092511.0
Time taken:  12.269563674926758
Test Loss: 0.0000, Test Accuracy: 0.9967, Energy: -2092471.5
Time taken:  12.178373098373413
Test Loss: 0.0000, Test Accuracy: 0.9967, Energy: -2092394.25
Time taken:  12.160490274429321
Test Loss: 0.0000, Test Accuracy: 0.9967, Energy: -2092516.5
Time taken:  12.175436735153198
Test Loss: 0.0000, Test Accuracy: 0.9967, Energy: -2092803.625
Time taken:  12.254703760147095
Test Loss: 0.0000, Test Accuracy: 0.9967, Energy: -2092560.875
Time taken:  12.16700029373169
Test Loss: 0.0000, Test Accuracy: 0.9967, Energy: -2092755.75
Time taken:  12.155967712402344
Test Loss: 0.0000, Test Accuracy: 0.9967, Energy: -2092799.375
Time taken:  12.151582479476929
Test Loss: 0.0000, Test Accuracy: 0.9967, Energy: -2092629.5
Time taken:  12.258148670196533
Test Loss: 0.0000, Test Accuracy: 0.9967, Energy: -2092739.625
Time taken:  12.18790078163147
Test Loss: 0.0000, Test Accuracy: 0.9967, Energy: -2092725.375
Time taken:  12.18509840965271
Test Loss: 0.0000, Test Accuracy: 0.9967, Energy: -2092809.25
Time taken:  12.18637490272522
Test Loss: 0.0000, Test Accuracy: 0.9967, Energy: -2092938.875
Time taken:  12.242952108383179
Test Loss: 0.0000, Test Accuracy: 0.9967, Energy: -2093069.0
Time taken:  12.153271198272705
Test Loss: 0.0000, Test Accuracy: 0.9967, Energy: -2093293.5
Time taken:  12.15792179107666
Test Loss: 0.0000, Test Accuracy: 0.9967, Energy: -2093424.125
Time taken:  12.149511575698853
Test Loss: 0.0000, Test Accuracy: 0.9967, Energy: -2093473.125
Time taken:  12.245938777923584
Test Loss: 0.0000, Test Accuracy: 0.9967, Energy: -2093789.25
Time taken:  12.157582998275757
Test Loss: 0.0000, Test Accuracy: 0.9967, Energy: -2093982.125
Time taken:  12.149125814437866
Test Loss: 0.0000, Test Accuracy: 0.9967, Energy: -2094160.75
Time taken:  12.145799160003662
Test Loss: 0.0000, Test Accuracy: 0.9967, Energy: -2094093.0
Time taken:  12.236429929733276
Test Loss: 0.0000, Test Accuracy: 0.9967, Energy: -2094335.0
Time taken:  12.137162923812866
Test Loss: 0.0000, Test Accuracy: 0.9967, Energy: -2094554.0
Time taken:  12.152034759521484
Test Loss: 0.0000, Test Accuracy: 0.9967, Energy: -2094859.0
Time taken:  12.150402307510376
Test Loss: 0.0000, Test Accuracy: 0.9967, Energy: -2095094.375
Time taken:  12.25315546989441
Test Loss: 0.0000, Test Accuracy: 0.9967, Energy: -2095286.875
Time taken:  12.127135753631592
Test Loss: 0.0000, Test Accuracy: 0.9967, Energy: -2095410.5
Time taken:  12.13107180595398
Test Loss: 0.0000, Test Accuracy: 0.9967, Energy: -2094665.875
Time taken:  12.15821099281311
Test Loss: 0.0000, Test Accuracy: 0.9967, Energy: -2094912.875
Time taken:  12.241181135177612
Test Loss: 0.0000, Test Accuracy: 0.9967, Energy: -2095245.25
Time taken:  12.157347440719604
Test Loss: 0.0000, Test Accuracy: 0.9967, Energy: -2095565.625
Time taken:  12.146524906158447
Test Loss: 0.0000, Test Accuracy: 0.9967, Energy: -2095787.0
Time taken:  12.132188558578491
Test Loss: 0.0000, Test Accuracy: 0.9967, Energy: -2096121.5
Time taken:  12.255256414413452
Test Loss: 0.0000, Test Accuracy: 0.9967, Energy: -2095985.625
Time taken:  12.136520624160767
Test Loss: 0.0000, Test Accuracy: 0.9967, Energy: -2096211.625
Time taken:  12.153974056243896
Test Loss: 0.0000, Test Accuracy: 0.9967, Energy: -2096532.625
Time taken:  12.158674955368042
Test Loss: 0.0000, Test Accuracy: 0.9967, Energy: -2097014.75
Time taken:  12.236752271652222
Test Loss: 0.0000, Test Accuracy: 0.9967, Energy: -2097776.75
Time taken:  12.141487121582031
Test Loss: 0.0000, Test Accuracy: 0.9967, Energy: -2098428.0
Time taken:  12.13148832321167
Test Loss: 0.0000, Test Accuracy: 0.9967, Energy: -2098609.0
Time taken:  12.241687774658203
Test Loss: 0.0000, Test Accuracy: 0.9967, Energy: -2099199.0
Time taken:  12.185749292373657
Test Loss: 0.0000, Test Accuracy: 0.9967, Energy: -2099749.25
Time taken:  12.145905494689941
Test Loss: 0.0000, Test Accuracy: 0.9967, Energy: -2100196.25
Time taken:  12.162554025650024
Test Loss: 0.0000, Test Accuracy: 0.9967, Energy: -2100495.5
Time taken:  12.245121240615845
Test Loss: 0.0000, Test Accuracy: 0.9967, Energy: -2101102.0
Time taken:  12.168004512786865
Test Loss: 0.0000, Test Accuracy: 0.9967, Energy: -2101894.75
Time taken:  12.171353578567505
Test Loss: 0.0000, Test Accuracy: 0.9967, Energy: -2102425.75
Time taken:  12.154585123062134
Test Loss: 0.0000, Test Accuracy: 0.9967, Energy: -2102778.0
Time taken:  12.250427484512329
Test Loss: 0.0000, Test Accuracy: 0.9967, Energy: -2103749.5
Time taken:  12.165154218673706
Test Loss: 0.0000, Test Accuracy: 0.9967, Energy: -2104620.0
Time taken:  12.164718866348267
Test Loss: 0.0000, Test Accuracy: 0.9967, Energy: -2105156.25
Time taken:  12.177957773208618
Test Loss: 0.0000, Test Accuracy: 0.9967, Energy: -2106240.25
Time taken:  12.23685622215271
Test Loss: 0.0000, Test Accuracy: 0.9967, Energy: -2106486.0
Time taken:  12.150756597518921
Test Loss: 0.0000, Test Accuracy: 0.9967, Energy: -2107585.5
Time taken:  12.142551898956299
Test Loss: 0.0000, Test Accuracy: 0.9967, Energy: -2108960.0
Time taken:  12.18655276298523
Test Loss: 0.0000, Test Accuracy: 0.9967, Energy: -2110503.5
Time taken:  12.213808536529541
Test Loss: 0.0000, Test Accuracy: 1.0000, Energy: -2112946.0
Time taken:  12.158826112747192
Test Loss: 0.0000, Test Accuracy: 1.0000, Energy: -2115204.75
Time taken:  12.164661407470703
Test Loss: 0.0000, Test Accuracy: 1.0000, Energy: -2117780.25
Time taken:  12.166298389434814
Test Loss: 0.0000, Test Accuracy: 1.0000, Energy: -2120200.75
Time taken:  12.257490158081055
Test Loss: 0.0000, Test Accuracy: 1.0000, Energy: -2122501.25
Time taken:  12.174139976501465
Test Loss: 0.0000, Test Accuracy: 0.9967, Energy: -2127909.25
Time taken:  12.171115398406982
Test Loss: 0.0000, Test Accuracy: 0.9967, Energy: -2130290.75
Time taken:  12.174828052520752
Test Loss: 0.0000, Test Accuracy: 0.9967, Energy: -2130965.5
Time taken:  12.240207433700562
Test Loss: 0.0000, Test Accuracy: 0.9967, Energy: -2131702.25
Time taken:  12.135934829711914
Test Loss: 0.0000, Test Accuracy: 0.9967, Energy: -2132817.25
Time taken:  12.157870531082153
Test Loss: 0.0000, Test Accuracy: 0.9967, Energy: -2134290.0
Time taken:  12.143454790115356
Test Loss: 0.0000, Test Accuracy: 0.9967, Energy: -2135501.0
Time taken:  12.239601612091064
Test Loss: 0.0000, Test Accuracy: 0.9967, Energy: -2136269.0
Time taken:  12.148575067520142
Test Loss: 0.0000, Test Accuracy: 0.9967, Energy: -2137775.5
Time taken:  12.16314959526062
Test Loss: 0.0000, Test Accuracy: 0.9967, Energy: -2138787.75
Time taken:  12.163877964019775
Test Loss: 0.0000, Test Accuracy: 0.9967, Energy: -2139797.25
Time taken:  12.246381759643555
Test Loss: 0.0000, Test Accuracy: 0.9967, Energy: -2140962.25
Time taken:  12.161162853240967
Test Loss: 0.0000, Test Accuracy: 0.9967, Energy: -2142471.75
Time taken:  12.174203634262085
Final accuracies: [0.9833333333333333, 0.9966666666666667, 0.9966666666666667, 0.9966666666666667, 0.9966666666666667, 0.9966666666666667, 0.9966666666666667, 0.9966666666666667, 0.9966666666666667, 0.9966666666666667, 0.9966666666666667, 0.9966666666666667, 0.9966666666666667, 0.9966666666666667, 0.9966666666666667, 0.9966666666666667, 0.9966666666666667, 0.9966666666666667, 0.9966666666666667, 0.9966666666666667, 0.9966666666666667, 0.9966666666666667, 0.9966666666666667, 0.9966666666666667, 0.9966666666666667, 0.9966666666666667, 0.9966666666666667, 0.9966666666666667, 0.9966666666666667, 0.9966666666666667, 0.9966666666666667, 0.9966666666666667, 0.9966666666666667, 0.9966666666666667, 0.9966666666666667, 0.9966666666666667, 0.9966666666666667, 0.9966666666666667, 0.9966666666666667, 0.9966666666666667, 0.9966666666666667, 0.9966666666666667, 0.9966666666666667, 0.9966666666666667, 0.9966666666666667, 0.9966666666666667, 0.9966666666666667, 0.9966666666666667, 0.9966666666666667, 0.9966666666666667, 0.9966666666666667, 0.9966666666666667, 0.9966666666666667, 0.9966666666666667, 0.9966666666666667, 0.9966666666666667, 0.9966666666666667, 0.9966666666666667, 0.9966666666666667, 0.9966666666666667, 0.9966666666666667, 0.9966666666666667, 0.9966666666666667, 0.9966666666666667, 0.9966666666666667, 0.9966666666666667, 0.9966666666666667, 0.9966666666666667, 0.9966666666666667, 0.9966666666666667, 0.9966666666666667, 0.9966666666666667, 0.9966666666666667, 0.9966666666666667, 0.9966666666666667, 0.9966666666666667, 0.9966666666666667, 0.9966666666666667, 0.9966666666666667, 0.9966666666666667, 0.9966666666666667, 0.9966666666666667, 1.0, 1.0, 1.0, 1.0, 1.0, 0.9966666666666667, 0.9966666666666667, 0.9966666666666667, 0.9966666666666667, 0.9966666666666667, 0.9966666666666667, 0.9966666666666667, 0.9966666666666667, 0.9966666666666667, 0.9966666666666667, 0.9966666666666667, 0.9966666666666667, 0.9966666666666667]
Final energies: [-1343101.0, -2094162.25, -2094154.875, -2094692.375, -2094323.625, -2093823.375, -2093559.75, -2093189.0, -2092581.5, -2092341.0, -2092361.375, -2092337.375, -2092332.5, -2092261.875, -2092264.875, -2092317.375, -2092302.5, -2092270.25, -2092333.25, -2092228.5, -2092346.625, -2092424.75, -2092511.75, -2092502.0, -2092594.25, -2092537.125, -2092511.0, -2092471.5, -2092394.25, -2092516.5, -2092803.625, -2092560.875, -2092755.75, -2092799.375, -2092629.5, -2092739.625, -2092725.375, -2092809.25, -2092938.875, -2093069.0, -2093293.5, -2093424.125, -2093473.125, -2093789.25, -2093982.125, -2094160.75, -2094093.0, -2094335.0, -2094554.0, -2094859.0, -2095094.375, -2095286.875, -2095410.5, -2094665.875, -2094912.875, -2095245.25, -2095565.625, -2095787.0, -2096121.5, -2095985.625, -2096211.625, -2096532.625, -2097014.75, -2097776.75, -2098428.0, -2098609.0, -2099199.0, -2099749.25, -2100196.25, -2100495.5, -2101102.0, -2101894.75, -2102425.75, -2102778.0, -2103749.5, -2104620.0, -2105156.25, -2106240.25, -2106486.0, -2107585.5, -2108960.0, -2110503.5, -2112946.0, -2115204.75, -2117780.25, -2120200.75, -2122501.25, -2127909.25, -2130290.75, -2130965.5, -2131702.25, -2132817.25, -2134290.0, -2135501.0, -2136269.0, -2137775.5, -2138787.75, -2139797.25, -2140962.25, -2142471.75]
