Running with parameters: hidden=50, use_coupled=true, seed=45, lam=0.0, eta=1.0, batch=1
Test Loss: 0.0000, Test Accuracy: 1.0000, Energy: -1100996.25
Time taken:  12.502971887588501
Test Loss: 0.0000, Test Accuracy: 1.0000, Energy: -1325559.125
Time taken:  12.517367362976074
Test Loss: 0.0000, Test Accuracy: 1.0000, Energy: -1407841.0
Time taken:  12.489825010299683
Test Loss: 0.0000, Test Accuracy: 1.0000, Energy: -1434225.375
Time taken:  12.598691701889038
Test Loss: 0.0000, Test Accuracy: 1.0000, Energy: -1474912.625
Time taken:  12.498083591461182
Test Loss: 0.0000, Test Accuracy: 1.0000, Energy: -1505412.375
Time taken:  12.500041246414185
Test Loss: 0.0000, Test Accuracy: 1.0000, Energy: -1562472.75
Time taken:  12.490206003189087
Test Loss: 0.0000, Test Accuracy: 1.0000, Energy: -1609214.25
Time taken:  12.590833187103271
Test Loss: 0.0000, Test Accuracy: 1.0000, Energy: -1643148.625
Time taken:  12.466835975646973
Test Loss: 0.0000, Test Accuracy: 1.0000, Energy: -1675384.125
Time taken:  12.464096307754517
Test Loss: 0.0000, Test Accuracy: 1.0000, Energy: -1706298.0
Time taken:  12.484413385391235
Test Loss: 0.0000, Test Accuracy: 1.0000, Energy: -1732403.125
Time taken:  12.580810785293579
Test Loss: 0.0000, Test Accuracy: 1.0000, Energy: -1774770.875
Time taken:  12.475403547286987
Test Loss: 0.0000, Test Accuracy: 1.0000, Energy: -1792885.875
Time taken:  12.459653377532959
Test Loss: 0.0000, Test Accuracy: 1.0000, Energy: -1808831.875
Time taken:  12.470048904418945
Test Loss: 0.0000, Test Accuracy: 1.0000, Energy: -1824939.75
Time taken:  12.607097387313843
Test Loss: 0.0000, Test Accuracy: 1.0000, Energy: -1843857.875
Time taken:  12.514806032180786
Test Loss: 0.0000, Test Accuracy: 1.0000, Energy: -1857905.25
Time taken:  12.517976760864258
Test Loss: 0.0000, Test Accuracy: 1.0000, Energy: -1873292.875
Time taken:  12.560263872146606
Test Loss: 0.0000, Test Accuracy: 1.0000, Energy: -1886908.75
Time taken:  12.668692588806152
Test Loss: 0.0000, Test Accuracy: 1.0000, Energy: -1901026.625
Time taken:  12.57117486000061
Test Loss: 0.0000, Test Accuracy: 1.0000, Energy: -1929263.375
Time taken:  12.584104299545288
Test Loss: 0.0000, Test Accuracy: 1.0000, Energy: -1941644.375
Time taken:  12.708171606063843
Test Loss: 0.0000, Test Accuracy: 1.0000, Energy: -1952302.0
Time taken:  12.63247537612915
Test Loss: 0.0000, Test Accuracy: 1.0000, Energy: -1964055.625
Time taken:  12.607366561889648
Test Loss: 0.0000, Test Accuracy: 1.0000, Energy: -1975367.75
Time taken:  12.611357688903809
Test Loss: 0.0000, Test Accuracy: 1.0000, Energy: -1987450.75
Time taken:  12.747600078582764
Test Loss: 0.0000, Test Accuracy: 1.0000, Energy: -2000424.375
Time taken:  12.62578272819519
Test Loss: 0.0000, Test Accuracy: 1.0000, Energy: -2010377.75
Time taken:  12.580902576446533
Test Loss: 0.0000, Test Accuracy: 1.0000, Energy: -2021457.25
Time taken:  12.619526147842407
Test Loss: 0.0000, Test Accuracy: 1.0000, Energy: -2032588.0
Time taken:  12.716992139816284
Test Loss: 0.0000, Test Accuracy: 1.0000, Energy: -2069087.375
Time taken:  12.564039468765259
Test Loss: 0.0000, Test Accuracy: 1.0000, Energy: -2085260.875
Time taken:  12.539186239242554
Test Loss: 0.0000, Test Accuracy: 1.0000, Energy: -2097267.0
Time taken:  12.499772787094116
Test Loss: 0.0000, Test Accuracy: 1.0000, Energy: -2106665.5
Time taken:  12.627756834030151
Test Loss: 0.0000, Test Accuracy: 1.0000, Energy: -2116070.75
Time taken:  12.541480779647827
Test Loss: 0.0000, Test Accuracy: 1.0000, Energy: -2124253.0
Time taken:  12.528063535690308
Test Loss: 0.0000, Test Accuracy: 1.0000, Energy: -2135623.0
Time taken:  12.51265549659729
Test Loss: 0.0000, Test Accuracy: 1.0000, Energy: -2147668.0
Time taken:  12.62940239906311
Test Loss: 0.0000, Test Accuracy: 1.0000, Energy: -2156806.0
Time taken:  12.492204189300537
Test Loss: 0.0000, Test Accuracy: 1.0000, Energy: -2190478.25
Time taken:  12.507001161575317
Test Loss: 0.0000, Test Accuracy: 1.0000, Energy: -2200130.25
Time taken:  12.492810249328613
Test Loss: 0.0000, Test Accuracy: 1.0000, Energy: -2206068.5
Time taken:  12.608919620513916
Test Loss: 0.0000, Test Accuracy: 1.0000, Energy: -2214093.0
Time taken:  12.514676570892334
Test Loss: 0.0000, Test Accuracy: 1.0000, Energy: -2220882.75
Time taken:  12.478654384613037
Test Loss: 0.0000, Test Accuracy: 1.0000, Energy: -2228377.75
Time taken:  12.492056608200073
Test Loss: 0.0000, Test Accuracy: 1.0000, Energy: -2236039.0
Time taken:  12.597107648849487
Test Loss: 0.0000, Test Accuracy: 1.0000, Energy: -2242931.0
Time taken:  12.493181705474854
Test Loss: 0.0000, Test Accuracy: 1.0000, Energy: -2249170.5
Time taken:  12.48715090751648
Test Loss: 0.0000, Test Accuracy: 1.0000, Energy: -2255169.25
Time taken:  12.469660520553589
Test Loss: 0.0000, Test Accuracy: 1.0000, Energy: -2261002.5
Time taken:  12.56046462059021
Test Loss: 0.0000, Test Accuracy: 1.0000, Energy: -2268795.0
Time taken:  12.47340178489685
Test Loss: 0.0000, Test Accuracy: 1.0000, Energy: -2275123.75
Time taken:  12.479395151138306
Test Loss: 0.0000, Test Accuracy: 1.0000, Energy: -2280378.25
Time taken:  12.452764511108398
Test Loss: 0.0000, Test Accuracy: 1.0000, Energy: -2285716.0
Time taken:  12.595560550689697
Test Loss: 0.0000, Test Accuracy: 1.0000, Energy: -2290948.25
Time taken:  12.478853940963745
Test Loss: 0.0000, Test Accuracy: 1.0000, Energy: -2296456.75
Time taken:  12.46208667755127
Test Loss: 0.0000, Test Accuracy: 1.0000, Energy: -2301649.75
Time taken:  12.48092532157898
Test Loss: 0.0000, Test Accuracy: 1.0000, Energy: -2306736.5
Time taken:  12.58251404762268
Test Loss: 0.0000, Test Accuracy: 1.0000, Energy: -2311718.25
Time taken:  12.465467929840088
Test Loss: 0.0000, Test Accuracy: 1.0000, Energy: -2319227.5
Time taken:  12.462828159332275
Test Loss: 0.0000, Test Accuracy: 1.0000, Energy: -2321790.75
Time taken:  12.568970918655396
Test Loss: 0.0000, Test Accuracy: 1.0000, Energy: -2325993.25
Time taken:  12.66568899154663
Test Loss: 0.0000, Test Accuracy: 1.0000, Energy: -2331081.75
Time taken:  12.56182861328125
Test Loss: 0.0000, Test Accuracy: 1.0000, Energy: -2336410.75
Time taken:  12.538012266159058
Test Loss: 0.0000, Test Accuracy: 1.0000, Energy: -2340690.25
Time taken:  12.665008068084717
Test Loss: 0.0000, Test Accuracy: 1.0000, Energy: -2344867.25
Time taken:  12.608285665512085
Test Loss: 0.0000, Test Accuracy: 1.0000, Energy: -2349236.5
Time taken:  12.56953740119934
Test Loss: 0.0000, Test Accuracy: 1.0000, Energy: -2352570.75
Time taken:  12.566565990447998
Test Loss: 0.0000, Test Accuracy: 1.0000, Energy: -2356793.5
Time taken:  12.694552421569824
Test Loss: 0.0000, Test Accuracy: 1.0000, Energy: -2360923.0
Time taken:  12.564037799835205
Test Loss: 0.0000, Test Accuracy: 1.0000, Energy: -2364190.5
Time taken:  12.594404935836792
Test Loss: 0.0000, Test Accuracy: 1.0000, Energy: -2367463.75
Time taken:  12.56566596031189
Test Loss: 0.0000, Test Accuracy: 1.0000, Energy: -2370521.25
Time taken:  12.67413592338562
Test Loss: 0.0000, Test Accuracy: 1.0000, Energy: -2373213.5
Time taken:  12.529616355895996
Test Loss: 0.0000, Test Accuracy: 1.0000, Energy: -2382687.75
Time taken:  12.50181531906128
Test Loss: 0.0000, Test Accuracy: 1.0000, Energy: -2390451.5
Time taken:  12.547315120697021
Test Loss: 0.0000, Test Accuracy: 1.0000, Energy: -2392845.0
Time taken:  12.628695487976074
Test Loss: 0.0000, Test Accuracy: 1.0000, Energy: -2438661.0
Time taken:  12.512175798416138
Test Loss: 0.0000, Test Accuracy: 1.0000, Energy: -2456737.75
Time taken:  12.543557405471802
Test Loss: 0.0000, Test Accuracy: 1.0000, Energy: -2457241.25
Time taken:  12.530499935150146
Test Loss: 0.0000, Test Accuracy: 1.0000, Energy: -2461298.5
Time taken:  12.638362646102905
Test Loss: 0.0000, Test Accuracy: 1.0000, Energy: -2462635.25
Time taken:  12.541201114654541
Test Loss: 0.0000, Test Accuracy: 1.0000, Energy: -2465160.75
Time taken:  12.545483350753784
Test Loss: 0.0000, Test Accuracy: 1.0000, Energy: -2464615.5
Time taken:  12.524457454681396
Test Loss: 0.0000, Test Accuracy: 1.0000, Energy: -2465717.0
Time taken:  12.627618789672852
Test Loss: 0.0000, Test Accuracy: 1.0000, Energy: -2467041.25
Time taken:  12.527106285095215
Test Loss: 0.0000, Test Accuracy: 1.0000, Energy: -2471539.75
Time taken:  12.523330450057983
Test Loss: 0.0000, Test Accuracy: 1.0000, Energy: -2472986.0
Time taken:  12.513392925262451
Test Loss: 0.0000, Test Accuracy: 1.0000, Energy: -2474963.25
Time taken:  12.614773988723755
Test Loss: 0.0000, Test Accuracy: 1.0000, Energy: -2475721.5
Time taken:  12.490907669067383
Test Loss: 0.0000, Test Accuracy: 1.0000, Energy: -2477338.5
Time taken:  12.495051860809326
Test Loss: 0.0000, Test Accuracy: 0.9967, Energy: -2478566.25
Time taken:  12.504804611206055
Test Loss: 0.0000, Test Accuracy: 0.9967, Energy: -2478256.5
Time taken:  12.624818325042725
Test Loss: 0.0000, Test Accuracy: 0.9967, Energy: -2479836.0
Time taken:  12.494405031204224
Test Loss: 0.0000, Test Accuracy: 0.9967, Energy: -2481126.0
Time taken:  12.480231285095215
Test Loss: 0.0000, Test Accuracy: 0.9967, Energy: -2482030.5
Time taken:  12.47349762916565
Test Loss: 0.0000, Test Accuracy: 0.9967, Energy: -2483181.25
Time taken:  12.591596603393555
Test Loss: 0.0000, Test Accuracy: 0.9967, Energy: -2486224.25
Time taken:  12.472666025161743
Test Loss: 0.0000, Test Accuracy: 0.9967, Energy: -2485822.0
Time taken:  12.478121042251587
Final accuracies: [1.0, 1.0, 1.0, 1.0, 1.0, 1.0, 1.0, 1.0, 1.0, 1.0, 1.0, 1.0, 1.0, 1.0, 1.0, 1.0, 1.0, 1.0, 1.0, 1.0, 1.0, 1.0, 1.0, 1.0, 1.0, 1.0, 1.0, 1.0, 1.0, 1.0, 1.0, 1.0, 1.0, 1.0, 1.0, 1.0, 1.0, 1.0, 1.0, 1.0, 1.0, 1.0, 1.0, 1.0, 1.0, 1.0, 1.0, 1.0, 1.0, 1.0, 1.0, 1.0, 1.0, 1.0, 1.0, 1.0, 1.0, 1.0, 1.0, 1.0, 1.0, 1.0, 1.0, 1.0, 1.0, 1.0, 1.0, 1.0, 1.0, 1.0, 1.0, 1.0, 1.0, 1.0, 1.0, 1.0, 1.0, 1.0, 1.0, 1.0, 1.0, 1.0, 1.0, 1.0, 1.0, 1.0, 1.0, 1.0, 1.0, 1.0, 1.0, 1.0, 0.9966666666666667, 0.9966666666666667, 0.9966666666666667, 0.9966666666666667, 0.9966666666666667, 0.9966666666666667, 0.9966666666666667, 0.9966666666666667]
Final energies: [-1100996.25, -1325559.125, -1407841.0, -1434225.375, -1474912.625, -1505412.375, -1562472.75, -1609214.25, -1643148.625, -1675384.125, -1706298.0, -1732403.125, -1774770.875, -1792885.875, -1808831.875, -1824939.75, -1843857.875, -1857905.25, -1873292.875, -1886908.75, -1901026.625, -1929263.375, -1941644.375, -1952302.0, -1964055.625, -1975367.75, -1987450.75, -2000424.375, -2010377.75, -2021457.25, -2032588.0, -2069087.375, -2085260.875, -2097267.0, -2106665.5, -2116070.75, -2124253.0, -2135623.0, -2147668.0, -2156806.0, -2190478.25, -2200130.25, -2206068.5, -2214093.0, -2220882.75, -2228377.75, -2236039.0, -2242931.0, -2249170.5, -2255169.25, -2261002.5, -2268795.0, -2275123.75, -2280378.25, -2285716.0, -2290948.25, -2296456.75, -2301649.75, -2306736.5, -2311718.25, -2319227.5, -2321790.75, -2325993.25, -2331081.75, -2336410.75, -2340690.25, -2344867.25, -2349236.5, -2352570.75, -2356793.5, -2360923.0, -2364190.5, -2367463.75, -2370521.25, -2373213.5, -2382687.75, -2390451.5, -2392845.0, -2438661.0, -2456737.75, -2457241.25, -2461298.5, -2462635.25, -2465160.75, -2464615.5, -2465717.0, -2467041.25, -2471539.75, -2472986.0, -2474963.25, -2475721.5, -2477338.5, -2478566.25, -2478256.5, -2479836.0, -2481126.0, -2482030.5, -2483181.25, -2486224.25, -2485822.0]
