Running with parameters: hidden=30, use_coupled=false, seed=88, lam=0.0, eta=0.0
Test Accuracy: 0.8633, Energy: -352.70
Time Taken:  11.438197374343872
Test Accuracy: 0.8733, Energy: -356.49
Time Taken:  11.354411363601685
Test Accuracy: 0.8633, Energy: -355.54
Time Taken:  11.347651243209839
Test Accuracy: 0.8633, Energy: -348.04
Time Taken:  11.49892282485962
Test Accuracy: 0.8633, Energy: -359.31
Time Taken:  11.344623327255249
Test Accuracy: 0.8633, Energy: -357.35
Time Taken:  11.342745542526245
Test Accuracy: 0.8667, Energy: -367.20
Time Taken:  11.332419633865356
Test Accuracy: 0.8667, Energy: -377.97
Time Taken:  11.379310369491577
Test Accuracy: 0.8667, Energy: -371.62
Time Taken:  11.420067548751831
Test Accuracy: 0.8667, Energy: -369.92
Time Taken:  11.379511594772339
Test Accuracy: 0.8667, Energy: -367.10
Time Taken:  11.339053630828857
Test Accuracy: 0.8667, Energy: -378.27
Time Taken:  11.384616136550903
Test Accuracy: 0.8667, Energy: -377.94
Time Taken:  11.309283256530762
Test Accuracy: 0.8667, Energy: -379.32
Time Taken:  11.269812107086182
Test Accuracy: 0.8733, Energy: -386.97
Time Taken:  11.334945440292358
Test Accuracy: 0.8667, Energy: -390.99
Time Taken:  11.367218255996704
Test Accuracy: 0.8800, Energy: -391.98
Time Taken:  11.341787338256836
Test Accuracy: 0.8800, Energy: -396.47
Time Taken:  11.348520755767822
Test Accuracy: 0.8800, Energy: -395.37
Time Taken:  11.37209415435791
Test Accuracy: 0.8800, Energy: -393.31
Time Taken:  11.412555932998657
Test Accuracy: 0.8800, Energy: -395.30
Time Taken:  11.30826997756958
Test Accuracy: 0.8800, Energy: -394.35
Time Taken:  11.325749635696411
Test Accuracy: 0.8767, Energy: -384.40
Time Taken:  11.319047212600708
Test Accuracy: 0.8767, Energy: -382.23
Time Taken:  11.364824056625366
Test Accuracy: 0.8767, Energy: -391.69
Time Taken:  11.385915756225586
Test Accuracy: 0.8767, Energy: -402.07
Time Taken:  11.414973258972168
Test Accuracy: 0.8767, Energy: -399.66
Time Taken:  11.381580829620361
Test Accuracy: 0.8767, Energy: -402.42
Time Taken:  11.433897256851196
Test Accuracy: 0.8800, Energy: -412.82
Time Taken:  11.348475217819214
Test Accuracy: 0.8800, Energy: -413.74
Time Taken:  11.348778247833252
Test Accuracy: 0.8800, Energy: -426.91
Time Taken:  11.357477903366089
Test Accuracy: 0.8800, Energy: -427.47
Time Taken:  11.391317367553711
Test Accuracy: 0.8800, Energy: -431.90
Time Taken:  11.429168462753296
Test Accuracy: 0.8800, Energy: -436.77
Time Taken:  11.393187284469604
Test Accuracy: 0.8700, Energy: -441.69
Time Taken:  11.446802139282227
Test Accuracy: 0.8700, Energy: -439.71
Time Taken:  11.517462968826294
Test Accuracy: 0.8700, Energy: -444.36
Time Taken:  11.411754131317139
Test Accuracy: 0.8700, Energy: -446.73
Time Taken:  11.448207378387451
Test Accuracy: 0.8667, Energy: -454.23
Time Taken:  11.432259559631348
Test Accuracy: 0.8667, Energy: -461.61
Time Taken:  11.483107328414917
Test Accuracy: 0.8667, Energy: -468.67
Time Taken:  11.490082025527954
Test Accuracy: 0.8667, Energy: -473.80
Time Taken:  11.450289726257324
Test Accuracy: 0.8767, Energy: -463.00
Time Taken:  11.417494535446167
Test Accuracy: 0.8767, Energy: -468.13
Time Taken:  11.525825262069702
Test Accuracy: 0.8767, Energy: -463.71
Time Taken:  11.359699726104736
Test Accuracy: 0.8767, Energy: -465.88
Time Taken:  11.379595518112183
Test Accuracy: 0.8667, Energy: -461.00
Time Taken:  11.342100620269775
Test Accuracy: 0.8667, Energy: -466.64
Time Taken:  11.38216519355774
Test Accuracy: 0.8667, Energy: -465.95
Time Taken:  11.382155656814575
Test Accuracy: 0.8633, Energy: -487.01
Time Taken:  11.43641996383667
Test Accuracy: 0.8633, Energy: -473.95
Time Taken:  11.391228914260864
Test Accuracy: 0.8633, Energy: -469.24
Time Taken:  11.43746304512024
Test Accuracy: 0.8633, Energy: -467.60
Time Taken:  11.378818988800049
Test Accuracy: 0.8633, Energy: -462.20
Time Taken:  11.394145727157593
Test Accuracy: 0.8633, Energy: -472.22
Time Taken:  11.362654209136963
Test Accuracy: 0.8633, Energy: -479.76
Time Taken:  11.324907541275024
Test Accuracy: 0.8633, Energy: -487.03
Time Taken:  11.387865543365479
Test Accuracy: 0.8667, Energy: -492.40
Time Taken:  11.27876329421997
Test Accuracy: 0.8633, Energy: -489.77
Time Taken:  11.42576003074646
Test Accuracy: 0.8633, Energy: -489.85
Time Taken:  11.365119457244873
Test Accuracy: 0.8633, Energy: -482.21
Time Taken:  11.36962890625
Test Accuracy: 0.8667, Energy: -485.77
Time Taken:  11.38575291633606
Test Accuracy: 0.8633, Energy: -494.68
Time Taken:  11.369057416915894
Test Accuracy: 0.8800, Energy: -508.60
Time Taken:  11.291801691055298
Test Accuracy: 0.8667, Energy: -515.23
Time Taken:  11.349165439605713
Test Accuracy: 0.8633, Energy: -521.13
Time Taken:  11.396428108215332
Test Accuracy: 0.8633, Energy: -526.38
Time Taken:  11.494398832321167
Test Accuracy: 0.8700, Energy: -532.14
Time Taken:  11.381384134292603
Test Accuracy: 0.8700, Energy: -533.17
Time Taken:  11.3239004611969
Test Accuracy: 0.8733, Energy: -536.81
Time Taken:  11.354022741317749
Test Accuracy: 0.8733, Energy: -535.90
Time Taken:  11.32947587966919
Test Accuracy: 0.8733, Energy: -539.74
Time Taken:  11.379910230636597
Test Accuracy: 0.8733, Energy: -536.55
Time Taken:  11.369223833084106
Test Accuracy: 0.8733, Energy: -541.71
Time Taken:  11.329248428344727
Test Accuracy: 0.8733, Energy: -538.86
Time Taken:  11.43767523765564
Test Accuracy: 0.8700, Energy: -549.34
Time Taken:  11.331083297729492
Test Accuracy: 0.8700, Energy: -550.25
Time Taken:  11.34018063545227
Test Accuracy: 0.8700, Energy: -538.92
Time Taken:  11.332016229629517
Test Accuracy: 0.8700, Energy: -546.85
Time Taken:  11.304475545883179
Test Accuracy: 0.8700, Energy: -533.11
Time Taken:  11.339088201522827
Test Accuracy: 0.8700, Energy: -552.96
Time Taken:  11.41665244102478
Test Accuracy: 0.8733, Energy: -545.00
Time Taken:  11.428169012069702
Test Accuracy: 0.8733, Energy: -551.80
Time Taken:  11.4461088180542
Test Accuracy: 0.8733, Energy: -560.57
Time Taken:  11.365183591842651
Test Accuracy: 0.8733, Energy: -561.04
Time Taken:  11.406179428100586
Test Accuracy: 0.8767, Energy: -545.11
Time Taken:  11.429230213165283
Test Accuracy: 0.8767, Energy: -554.82
Time Taken:  11.395342588424683
Test Accuracy: 0.8767, Energy: -569.17
Time Taken:  11.418491125106812
Test Accuracy: 0.8733, Energy: -573.10
Time Taken:  11.368196725845337
Test Accuracy: 0.8767, Energy: -573.88
Time Taken:  11.369877338409424
Test Accuracy: 0.8767, Energy: -574.49
Time Taken:  11.437163829803467
Test Accuracy: 0.8767, Energy: -592.85
Time Taken:  11.338354110717773
Test Accuracy: 0.8733, Energy: -610.14
Time Taken:  11.356681823730469
Test Accuracy: 0.8733, Energy: -598.66
Time Taken:  11.447689533233643
Test Accuracy: 0.8733, Energy: -590.54
Time Taken:  11.391406297683716
Test Accuracy: 0.8733, Energy: -595.53
Time Taken:  11.38238263130188
Test Accuracy: 0.8733, Energy: -594.30
Time Taken:  11.34266448020935
Test Accuracy: 0.8733, Energy: -591.48
Time Taken:  11.401814937591553
Test Accuracy: 0.8733, Energy: -609.57
Time Taken:  11.460162162780762
Test Accuracy: 0.8733, Energy: -640.03
Time Taken:  11.513300657272339
Final accuracies: [0.8633333333333333, 0.8733333333333333, 0.8633333333333333, 0.8633333333333333, 0.8633333333333333, 0.8633333333333333, 0.8666666666666667, 0.8666666666666667, 0.8666666666666667, 0.8666666666666667, 0.8666666666666667, 0.8666666666666667, 0.8666666666666667, 0.8666666666666667, 0.8733333333333333, 0.8666666666666667, 0.88, 0.88, 0.88, 0.88, 0.88, 0.88, 0.8766666666666667, 0.8766666666666667, 0.8766666666666667, 0.8766666666666667, 0.8766666666666667, 0.8766666666666667, 0.88, 0.88, 0.88, 0.88, 0.88, 0.88, 0.87, 0.87, 0.87, 0.87, 0.8666666666666667, 0.8666666666666667, 0.8666666666666667, 0.8666666666666667, 0.8766666666666667, 0.8766666666666667, 0.8766666666666667, 0.8766666666666667, 0.8666666666666667, 0.8666666666666667, 0.8666666666666667, 0.8633333333333333, 0.8633333333333333, 0.8633333333333333, 0.8633333333333333, 0.8633333333333333, 0.8633333333333333, 0.8633333333333333, 0.8633333333333333, 0.8666666666666667, 0.8633333333333333, 0.8633333333333333, 0.8633333333333333, 0.8666666666666667, 0.8633333333333333, 0.88, 0.8666666666666667, 0.8633333333333333, 0.8633333333333333, 0.87, 0.87, 0.8733333333333333, 0.8733333333333333, 0.8733333333333333, 0.8733333333333333, 0.8733333333333333, 0.8733333333333333, 0.87, 0.87, 0.87, 0.87, 0.87, 0.87, 0.8733333333333333, 0.8733333333333333, 0.8733333333333333, 0.8733333333333333, 0.8766666666666667, 0.8766666666666667, 0.8766666666666667, 0.8733333333333333, 0.8766666666666667, 0.8766666666666667, 0.8766666666666667, 0.8733333333333333, 0.8733333333333333, 0.8733333333333333, 0.8733333333333333, 0.8733333333333333, 0.8733333333333333, 0.8733333333333333, 0.8733333333333333]
Final energies: [-352.69586181640625, -356.4873962402344, -355.53729248046875, -348.041015625, -359.3069152832031, -357.35040283203125, -367.2002868652344, -377.9676208496094, -371.6168212890625, -369.9227294921875, -367.09735107421875, -378.2679748535156, -377.94366455078125, -379.32403564453125, -386.9738464355469, -390.9925231933594, -391.984130859375, -396.4653015136719, -395.3741455078125, -393.3109436035156, -395.30096435546875, -394.353759765625, -384.40338134765625, -382.2290344238281, -391.6859436035156, -402.07159423828125, -399.6624755859375, -402.4185485839844, -412.8241882324219, -413.7386474609375, -426.9106750488281, -427.4651184082031, -431.9023742675781, -436.7743835449219, -441.6888427734375, -439.7142028808594, -444.35870361328125, -446.7263488769531, -454.2303466796875, -461.6146240234375, -468.6743469238281, -473.8041076660156, -462.9973449707031, -468.13031005859375, -463.7113037109375, -465.8772277832031, -461.0000305175781, -466.63946533203125, -465.9506530761719, -487.00958251953125, -473.9520568847656, -469.2444152832031, -467.6004333496094, -462.1950378417969, -472.2179260253906, -479.7638854980469, -487.0332946777344, -492.40350341796875, -489.7662048339844, -489.8521423339844, -482.2145080566406, -485.7705993652344, -494.6774597167969, -508.59710693359375, -515.227294921875, -521.1292114257812, -526.3809204101562, -532.1385498046875, -533.1697998046875, -536.810302734375, -535.9026489257812, -539.7432861328125, -536.5548095703125, -541.7098388671875, -538.8623657226562, -549.3375854492188, -550.2462158203125, -538.9229736328125, -546.8497924804688, -533.1118774414062, -552.9580688476562, -544.9996948242188, -551.7994995117188, -560.5737915039062, -561.0442504882812, -545.1126708984375, -554.8163452148438, -569.1693725585938, -573.0953979492188, -573.8846435546875, -574.4924926757812, -592.8461303710938, -610.1444091796875, -598.6647338867188, -590.5438232421875, -595.5333862304688, -594.2984619140625, -591.4784545898438, -609.5728149414062, -640.0289916992188]
