Running with parameters: hidden=30, use_coupled=false, seed=68, lam=0.0, eta=0.0
Test Accuracy: 0.9300, Energy: -112.44
Time Taken:  10.990821838378906
Test Accuracy: 0.9267, Energy: -109.16
Time Taken:  10.950823068618774
Test Accuracy: 0.9267, Energy: -106.93
Time Taken:  10.93734097480774
Test Accuracy: 0.9233, Energy: -115.70
Time Taken:  11.063584804534912
Test Accuracy: 0.9267, Energy: -112.86
Time Taken:  10.934284925460815
Test Accuracy: 0.9300, Energy: -109.14
Time Taken:  10.94876217842102
Test Accuracy: 0.9300, Energy: -109.64
Time Taken:  10.973628759384155
Test Accuracy: 0.9300, Energy: -113.90
Time Taken:  10.979800701141357
Test Accuracy: 0.9267, Energy: -115.65
Time Taken:  11.012805938720703
Test Accuracy: 0.9267, Energy: -115.31
Time Taken:  10.953141450881958
Test Accuracy: 0.9267, Energy: -117.47
Time Taken:  10.985214710235596
Test Accuracy: 0.9267, Energy: -114.90
Time Taken:  11.027362585067749
Test Accuracy: 0.9267, Energy: -116.38
Time Taken:  11.004443883895874
Test Accuracy: 0.9267, Energy: -118.58
Time Taken:  10.998592615127563
Test Accuracy: 0.9267, Energy: -128.07
Time Taken:  10.98279595375061
Test Accuracy: 0.9300, Energy: -126.77
Time Taken:  10.993504285812378
Test Accuracy: 0.9300, Energy: -128.16
Time Taken:  10.992414236068726
Test Accuracy: 0.9300, Energy: -129.00
Time Taken:  10.9540376663208
Test Accuracy: 0.9300, Energy: -126.02
Time Taken:  10.971707820892334
Test Accuracy: 0.9300, Energy: -126.44
Time Taken:  11.005821704864502
Test Accuracy: 0.9267, Energy: -129.93
Time Taken:  10.930379629135132
Test Accuracy: 0.9267, Energy: -121.90
Time Taken:  10.985932350158691
Test Accuracy: 0.9267, Energy: -122.69
Time Taken:  10.997750520706177
Test Accuracy: 0.9300, Energy: -120.90
Time Taken:  10.946633338928223
Test Accuracy: 0.9300, Energy: -119.77
Time Taken:  10.956796407699585
Test Accuracy: 0.9300, Energy: -118.94
Time Taken:  10.963687419891357
Test Accuracy: 0.9267, Energy: -123.18
Time Taken:  10.984965324401855
Test Accuracy: 0.9300, Energy: -125.98
Time Taken:  10.960972547531128
Test Accuracy: 0.9300, Energy: -125.25
Time Taken:  10.900396347045898
Test Accuracy: 0.9300, Energy: -127.84
Time Taken:  10.901384830474854
Test Accuracy: 0.9300, Energy: -135.09
Time Taken:  10.91437029838562
Test Accuracy: 0.9300, Energy: -135.55
Time Taken:  10.952168464660645
Test Accuracy: 0.9300, Energy: -136.11
Time Taken:  10.930662155151367
Test Accuracy: 0.9300, Energy: -139.14
Time Taken:  10.972205877304077
Test Accuracy: 0.9300, Energy: -141.81
Time Taken:  10.970404624938965
Test Accuracy: 0.9300, Energy: -143.35
Time Taken:  11.011789798736572
Test Accuracy: 0.9300, Energy: -143.91
Time Taken:  10.980467319488525
Test Accuracy: 0.9300, Energy: -152.79
Time Taken:  11.01379132270813
Test Accuracy: 0.9300, Energy: -152.70
Time Taken:  10.95213532447815
Test Accuracy: 0.9300, Energy: -156.95
Time Taken:  10.96680760383606
Test Accuracy: 0.9300, Energy: -156.95
Time Taken:  11.000549077987671
Test Accuracy: 0.9300, Energy: -162.15
Time Taken:  10.97681736946106
Test Accuracy: 0.9300, Energy: -160.76
Time Taken:  10.9618239402771
Test Accuracy: 0.9300, Energy: -161.26
Time Taken:  11.02639627456665
Test Accuracy: 0.9300, Energy: -159.17
Time Taken:  10.93034029006958
Test Accuracy: 0.9300, Energy: -161.78
Time Taken:  10.945859909057617
Test Accuracy: 0.9300, Energy: -163.20
Time Taken:  11.00032925605774
Test Accuracy: 0.9300, Energy: -161.53
Time Taken:  10.961130857467651
Test Accuracy: 0.9300, Energy: -157.73
Time Taken:  10.985008955001831
Test Accuracy: 0.9267, Energy: -158.80
Time Taken:  10.9397132396698
Test Accuracy: 0.9300, Energy: -157.86
Time Taken:  10.975067615509033
Test Accuracy: 0.9367, Energy: -157.64
Time Taken:  11.00680160522461
Test Accuracy: 0.9367, Energy: -161.37
Time Taken:  10.979726791381836
Test Accuracy: 0.9367, Energy: -169.11
Time Taken:  10.993551969528198
Test Accuracy: 0.9367, Energy: -166.62
Time Taken:  11.029717683792114
Test Accuracy: 0.9367, Energy: -168.50
Time Taken:  10.935875177383423
Test Accuracy: 0.9367, Energy: -165.74
Time Taken:  10.999866485595703
Test Accuracy: 0.9367, Energy: -167.25
Time Taken:  10.985632181167603
Test Accuracy: 0.9367, Energy: -167.68
Time Taken:  11.037806749343872
Test Accuracy: 0.9333, Energy: -166.63
Time Taken:  10.879265069961548
Test Accuracy: 0.9333, Energy: -165.59
Time Taken:  10.935232639312744
Test Accuracy: 0.9333, Energy: -166.37
Time Taken:  10.96226692199707
Test Accuracy: 0.9333, Energy: -171.03
Time Taken:  10.959645748138428
Test Accuracy: 0.9333, Energy: -167.86
Time Taken:  10.971190929412842
Test Accuracy: 0.9333, Energy: -163.36
Time Taken:  10.975497961044312
Test Accuracy: 0.9333, Energy: -165.97
Time Taken:  10.9752779006958
Test Accuracy: 0.9367, Energy: -166.68
Time Taken:  11.035762071609497
Test Accuracy: 0.9367, Energy: -173.94
Time Taken:  10.934900045394897
Test Accuracy: 0.9367, Energy: -173.10
Time Taken:  10.91277265548706
Test Accuracy: 0.9367, Energy: -167.72
Time Taken:  10.921367645263672
Test Accuracy: 0.9367, Energy: -168.01
Time Taken:  10.914682149887085
Test Accuracy: 0.9367, Energy: -174.07
Time Taken:  10.945003271102905
Test Accuracy: 0.9367, Energy: -170.26
Time Taken:  10.927241325378418
Test Accuracy: 0.9367, Energy: -174.12
Time Taken:  10.981467485427856
Test Accuracy: 0.9367, Energy: -175.99
Time Taken:  11.020807981491089
Test Accuracy: 0.9367, Energy: -178.81
Time Taken:  10.931675434112549
Test Accuracy: 0.9367, Energy: -175.62
Time Taken:  10.98613977432251
Test Accuracy: 0.9367, Energy: -181.40
Time Taken:  10.934325218200684
Test Accuracy: 0.9367, Energy: -183.34
Time Taken:  10.966620445251465
Test Accuracy: 0.9367, Energy: -192.62
Time Taken:  10.941295146942139
Test Accuracy: 0.9400, Energy: -191.64
Time Taken:  10.951881408691406
Test Accuracy: 0.9400, Energy: -186.08
Time Taken:  10.978573322296143
Test Accuracy: 0.9400, Energy: -186.82
Time Taken:  11.03550672531128
Test Accuracy: 0.9400, Energy: -191.73
Time Taken:  10.979700803756714
Test Accuracy: 0.9400, Energy: -190.41
Time Taken:  10.976043224334717
Test Accuracy: 0.9400, Energy: -189.35
Time Taken:  10.921258687973022
Test Accuracy: 0.9467, Energy: -189.68
Time Taken:  10.922300815582275
Test Accuracy: 0.9467, Energy: -184.32
Time Taken:  10.976149082183838
Test Accuracy: 0.9467, Energy: -185.40
Time Taken:  10.981113195419312
Test Accuracy: 0.9467, Energy: -187.05
Time Taken:  10.991652727127075
Test Accuracy: 0.9400, Energy: -185.34
Time Taken:  10.978353500366211
Test Accuracy: 0.9433, Energy: -188.57
Time Taken:  10.975653409957886
Test Accuracy: 0.9400, Energy: -192.22
Time Taken:  10.937848806381226
Test Accuracy: 0.9433, Energy: -197.29
Time Taken:  10.921456336975098
Test Accuracy: 0.9400, Energy: -192.33
Time Taken:  10.921047687530518
Test Accuracy: 0.9400, Energy: -187.70
Time Taken:  10.969343185424805
Test Accuracy: 0.9400, Energy: -189.48
Time Taken:  10.903504610061646
Test Accuracy: 0.9400, Energy: -192.05
Time Taken:  10.98325800895691
Test Accuracy: 0.9400, Energy: -196.38
Time Taken:  11.000563144683838
Test Accuracy: 0.9400, Energy: -201.42
Time Taken:  11.02841305732727
Final accuracies: [0.93, 0.9266666666666666, 0.9266666666666666, 0.9233333333333333, 0.9266666666666666, 0.93, 0.93, 0.93, 0.9266666666666666, 0.9266666666666666, 0.9266666666666666, 0.9266666666666666, 0.9266666666666666, 0.9266666666666666, 0.9266666666666666, 0.93, 0.93, 0.93, 0.93, 0.93, 0.9266666666666666, 0.9266666666666666, 0.9266666666666666, 0.93, 0.93, 0.93, 0.9266666666666666, 0.93, 0.93, 0.93, 0.93, 0.93, 0.93, 0.93, 0.93, 0.93, 0.93, 0.93, 0.93, 0.93, 0.93, 0.93, 0.93, 0.93, 0.93, 0.93, 0.93, 0.93, 0.93, 0.9266666666666666, 0.93, 0.9366666666666666, 0.9366666666666666, 0.9366666666666666, 0.9366666666666666, 0.9366666666666666, 0.9366666666666666, 0.9366666666666666, 0.9366666666666666, 0.9333333333333333, 0.9333333333333333, 0.9333333333333333, 0.9333333333333333, 0.9333333333333333, 0.9333333333333333, 0.9333333333333333, 0.9366666666666666, 0.9366666666666666, 0.9366666666666666, 0.9366666666666666, 0.9366666666666666, 0.9366666666666666, 0.9366666666666666, 0.9366666666666666, 0.9366666666666666, 0.9366666666666666, 0.9366666666666666, 0.9366666666666666, 0.9366666666666666, 0.9366666666666666, 0.94, 0.94, 0.94, 0.94, 0.94, 0.94, 0.9466666666666667, 0.9466666666666667, 0.9466666666666667, 0.9466666666666667, 0.94, 0.9433333333333334, 0.94, 0.9433333333333334, 0.94, 0.94, 0.94, 0.94, 0.94, 0.94]
Final energies: [-112.44169616699219, -109.16122436523438, -106.92703247070312, -115.70399475097656, -112.85741424560547, -109.14472198486328, -109.63691711425781, -113.89569854736328, -115.65277862548828, -115.30551147460938, -117.46511840820312, -114.89942169189453, -116.37870788574219, -118.58262634277344, -128.0718536376953, -126.7747802734375, -128.1557159423828, -129.00315856933594, -126.01625061035156, -126.43980407714844, -129.9254913330078, -121.90017700195312, -122.69146728515625, -120.9005126953125, -119.76713562011719, -118.9436264038086, -123.18122863769531, -125.9794921875, -125.24634552001953, -127.84187316894531, -135.09378051757812, -135.55307006835938, -136.11451721191406, -139.1372833251953, -141.8117218017578, -143.35028076171875, -143.90846252441406, -152.79241943359375, -152.69635009765625, -156.95372009277344, -156.94679260253906, -162.1474609375, -160.76113891601562, -161.26119995117188, -159.1703643798828, -161.78160095214844, -163.196533203125, -161.53138732910156, -157.73313903808594, -158.80198669433594, -157.86463928222656, -157.64120483398438, -161.36663818359375, -169.1061553955078, -166.6225128173828, -168.49896240234375, -165.73611450195312, -167.2471466064453, -167.6812744140625, -166.62908935546875, -165.5915985107422, -166.36822509765625, -171.0329132080078, -167.8575439453125, -163.3583984375, -165.9684295654297, -166.67991638183594, -173.9408416748047, -173.0998992919922, -167.71722412109375, -168.0067596435547, -174.07200622558594, -170.25782775878906, -174.12342834472656, -175.9945526123047, -178.81309509277344, -175.62403869628906, -181.4033660888672, -183.33847045898438, -192.6248016357422, -191.6404571533203, -186.08010864257812, -186.8165740966797, -191.73388671875, -190.41201782226562, -189.34642028808594, -189.68106079101562, -184.32327270507812, -185.4029541015625, -187.04798889160156, -185.3439178466797, -188.56895446777344, -192.2218780517578, -197.29029846191406, -192.334228515625, -187.70172119140625, -189.48403930664062, -192.04559326171875, -196.378662109375, -201.42364501953125]
