Running with parameters: hidden=30, use_coupled=false, seed=13, lam=0.0, eta=0.0
Test Accuracy: 0.8767, Energy: -145.28
Time Taken:  10.648694276809692
Test Accuracy: 0.8767, Energy: -145.48
Time Taken:  10.49944281578064
Test Accuracy: 0.8767, Energy: -152.92
Time Taken:  10.543929815292358
Test Accuracy: 0.8767, Energy: -153.21
Time Taken:  10.61811089515686
Test Accuracy: 0.8767, Energy: -154.34
Time Taken:  10.5003182888031
Test Accuracy: 0.8767, Energy: -149.65
Time Taken:  10.495427131652832
Test Accuracy: 0.8767, Energy: -148.80
Time Taken:  10.534434795379639
Test Accuracy: 0.8767, Energy: -147.97
Time Taken:  10.574207067489624
Test Accuracy: 0.8767, Energy: -146.26
Time Taken:  10.505313396453857
Test Accuracy: 0.8767, Energy: -143.16
Time Taken:  10.518587350845337
Test Accuracy: 0.8767, Energy: -146.93
Time Taken:  10.64121389389038
Test Accuracy: 0.8767, Energy: -147.84
Time Taken:  10.556571006774902
Test Accuracy: 0.8767, Energy: -155.92
Time Taken:  10.463537216186523
Test Accuracy: 0.8767, Energy: -160.02
Time Taken:  10.51732349395752
Test Accuracy: 0.8767, Energy: -159.45
Time Taken:  10.50836443901062
Test Accuracy: 0.8767, Energy: -158.81
Time Taken:  10.526035070419312
Test Accuracy: 0.8767, Energy: -157.52
Time Taken:  10.462676525115967
Test Accuracy: 0.8767, Energy: -151.20
Time Taken:  10.489648580551147
Test Accuracy: 0.8767, Energy: -152.24
Time Taken:  10.632845401763916
Test Accuracy: 0.8767, Energy: -151.63
Time Taken:  10.577170848846436
Test Accuracy: 0.8767, Energy: -152.21
Time Taken:  10.482269048690796
Test Accuracy: 0.8767, Energy: -151.42
Time Taken:  10.504345178604126
Test Accuracy: 0.8767, Energy: -152.56
Time Taken:  10.60244345664978
Test Accuracy: 0.8767, Energy: -152.10
Time Taken:  10.570172309875488
Test Accuracy: 0.8767, Energy: -148.47
Time Taken:  10.575412511825562
Test Accuracy: 0.8767, Energy: -147.06
Time Taken:  10.515799522399902
Test Accuracy: 0.8767, Energy: -150.43
Time Taken:  10.553795099258423
Test Accuracy: 0.8767, Energy: -152.86
Time Taken:  10.593960285186768
Test Accuracy: 0.8767, Energy: -153.69
Time Taken:  10.58334231376648
Test Accuracy: 0.8767, Energy: -151.46
Time Taken:  10.579299926757812
Test Accuracy: 0.8767, Energy: -155.38
Time Taken:  10.582947015762329
Test Accuracy: 0.8767, Energy: -158.81
Time Taken:  10.598258972167969
Test Accuracy: 0.8767, Energy: -160.51
Time Taken:  10.609184980392456
Test Accuracy: 0.8767, Energy: -158.43
Time Taken:  10.587940216064453
Test Accuracy: 0.8767, Energy: -157.67
Time Taken:  10.582454681396484
Test Accuracy: 0.8767, Energy: -149.47
Time Taken:  10.654181241989136
Test Accuracy: 0.8767, Energy: -147.15
Time Taken:  10.571821928024292
Test Accuracy: 0.8767, Energy: -152.13
Time Taken:  10.582154035568237
Test Accuracy: 0.8767, Energy: -154.71
Time Taken:  10.472644090652466
Test Accuracy: 0.8800, Energy: -154.09
Time Taken:  10.588263750076294
Test Accuracy: 0.8800, Energy: -152.29
Time Taken:  10.495615482330322
Test Accuracy: 0.8800, Energy: -157.57
Time Taken:  10.481975317001343
Test Accuracy: 0.8800, Energy: -157.01
Time Taken:  10.52351689338684
Test Accuracy: 0.8800, Energy: -156.56
Time Taken:  10.546598672866821
Test Accuracy: 0.8800, Energy: -159.54
Time Taken:  10.463261365890503
Test Accuracy: 0.8833, Energy: -161.32
Time Taken:  10.524985551834106
Test Accuracy: 0.8867, Energy: -158.39
Time Taken:  10.492995262145996
Test Accuracy: 0.8833, Energy: -157.99
Time Taken:  10.493820190429688
Test Accuracy: 0.8833, Energy: -158.04
Time Taken:  10.49166202545166
Test Accuracy: 0.8833, Energy: -170.03
Time Taken:  10.500329494476318
Test Accuracy: 0.8833, Energy: -173.14
Time Taken:  10.536158323287964
Test Accuracy: 0.8833, Energy: -175.23
Time Taken:  10.618717193603516
Test Accuracy: 0.8833, Energy: -175.67
Time Taken:  10.568641901016235
Test Accuracy: 0.8833, Energy: -177.66
Time Taken:  10.492228269577026
Test Accuracy: 0.8833, Energy: -177.63
Time Taken:  10.499887704849243
Test Accuracy: 0.8833, Energy: -183.46
Time Taken:  10.505447149276733
Test Accuracy: 0.8833, Energy: -184.16
Time Taken:  10.546521663665771
Test Accuracy: 0.8833, Energy: -188.20
Time Taken:  10.523605823516846
Test Accuracy: 0.8833, Energy: -186.87
Time Taken:  10.54584264755249
Test Accuracy: 0.8833, Energy: -183.93
Time Taken:  10.567829608917236
Test Accuracy: 0.8833, Energy: -180.38
Time Taken:  10.404611825942993
Test Accuracy: 0.8800, Energy: -177.90
Time Taken:  10.442766904830933
Test Accuracy: 0.8800, Energy: -179.71
Time Taken:  10.426241874694824
Test Accuracy: 0.8800, Energy: -179.21
Time Taken:  10.435072660446167
Test Accuracy: 0.8833, Energy: -181.65
Time Taken:  10.492671012878418
Test Accuracy: 0.8833, Energy: -188.27
Time Taken:  10.512403964996338
Test Accuracy: 0.8833, Energy: -188.01
Time Taken:  10.489901542663574
Test Accuracy: 0.8833, Energy: -190.54
Time Taken:  10.431451797485352
Test Accuracy: 0.8867, Energy: -196.81
Time Taken:  10.449960231781006
Test Accuracy: 0.8867, Energy: -198.01
Time Taken:  10.41061544418335
Test Accuracy: 0.8867, Energy: -195.37
Time Taken:  10.45468521118164
Test Accuracy: 0.8867, Energy: -193.89
Time Taken:  10.482357740402222
Test Accuracy: 0.8867, Energy: -194.43
Time Taken:  10.438837051391602
Test Accuracy: 0.8833, Energy: -196.65
Time Taken:  10.442243576049805
Test Accuracy: 0.8800, Energy: -190.93
Time Taken:  10.559197187423706
Test Accuracy: 0.8800, Energy: -190.38
Time Taken:  10.531594276428223
Test Accuracy: 0.8767, Energy: -193.84
Time Taken:  10.53342318534851
Test Accuracy: 0.8733, Energy: -198.40
Time Taken:  10.47935676574707
Test Accuracy: 0.8733, Energy: -198.75
Time Taken:  10.460455894470215
Test Accuracy: 0.8733, Energy: -200.32
Time Taken:  10.44886827468872
Test Accuracy: 0.8733, Energy: -200.90
Time Taken:  10.557401657104492
Test Accuracy: 0.8733, Energy: -204.69
Time Taken:  10.449605464935303
Test Accuracy: 0.8700, Energy: -202.29
Time Taken:  10.527376174926758
Test Accuracy: 0.8700, Energy: -199.96
Time Taken:  10.493479013442993
Test Accuracy: 0.8667, Energy: -203.17
Time Taken:  10.491715908050537
Test Accuracy: 0.8667, Energy: -205.27
Time Taken:  10.475378274917603
Test Accuracy: 0.8700, Energy: -203.56
Time Taken:  10.48849868774414
Test Accuracy: 0.8700, Energy: -206.37
Time Taken:  10.518804550170898
Test Accuracy: 0.8700, Energy: -202.97
Time Taken:  10.5158109664917
Test Accuracy: 0.8667, Energy: -201.82
Time Taken:  10.461264848709106
Test Accuracy: 0.8667, Energy: -202.02
Time Taken:  10.476704835891724
Test Accuracy: 0.8667, Energy: -203.87
Time Taken:  10.474045038223267
Test Accuracy: 0.8700, Energy: -211.60
Time Taken:  10.472626686096191
Test Accuracy: 0.8700, Energy: -208.47
Time Taken:  10.47858476638794
Test Accuracy: 0.8733, Energy: -207.65
Time Taken:  10.500011444091797
Test Accuracy: 0.8733, Energy: -206.32
Time Taken:  10.494965553283691
Test Accuracy: 0.8733, Energy: -209.50
Time Taken:  10.445446014404297
Test Accuracy: 0.8700, Energy: -210.09
Time Taken:  10.511237382888794
Test Accuracy: 0.8700, Energy: -213.90
Time Taken:  10.628133773803711
Test Accuracy: 0.8700, Energy: -216.08
Time Taken:  10.496138572692871
Final accuracies: [0.8766666666666667, 0.8766666666666667, 0.8766666666666667, 0.8766666666666667, 0.8766666666666667, 0.8766666666666667, 0.8766666666666667, 0.8766666666666667, 0.8766666666666667, 0.8766666666666667, 0.8766666666666667, 0.8766666666666667, 0.8766666666666667, 0.8766666666666667, 0.8766666666666667, 0.8766666666666667, 0.8766666666666667, 0.8766666666666667, 0.8766666666666667, 0.8766666666666667, 0.8766666666666667, 0.8766666666666667, 0.8766666666666667, 0.8766666666666667, 0.8766666666666667, 0.8766666666666667, 0.8766666666666667, 0.8766666666666667, 0.8766666666666667, 0.8766666666666667, 0.8766666666666667, 0.8766666666666667, 0.8766666666666667, 0.8766666666666667, 0.8766666666666667, 0.8766666666666667, 0.8766666666666667, 0.8766666666666667, 0.8766666666666667, 0.88, 0.88, 0.88, 0.88, 0.88, 0.88, 0.8833333333333333, 0.8866666666666667, 0.8833333333333333, 0.8833333333333333, 0.8833333333333333, 0.8833333333333333, 0.8833333333333333, 0.8833333333333333, 0.8833333333333333, 0.8833333333333333, 0.8833333333333333, 0.8833333333333333, 0.8833333333333333, 0.8833333333333333, 0.8833333333333333, 0.8833333333333333, 0.88, 0.88, 0.88, 0.8833333333333333, 0.8833333333333333, 0.8833333333333333, 0.8833333333333333, 0.8866666666666667, 0.8866666666666667, 0.8866666666666667, 0.8866666666666667, 0.8866666666666667, 0.8833333333333333, 0.88, 0.88, 0.8766666666666667, 0.8733333333333333, 0.8733333333333333, 0.8733333333333333, 0.8733333333333333, 0.8733333333333333, 0.87, 0.87, 0.8666666666666667, 0.8666666666666667, 0.87, 0.87, 0.87, 0.8666666666666667, 0.8666666666666667, 0.8666666666666667, 0.87, 0.87, 0.8733333333333333, 0.8733333333333333, 0.8733333333333333, 0.87, 0.87, 0.87]
Final energies: [-145.27838134765625, -145.4827117919922, -152.9186553955078, -153.21229553222656, -154.34173583984375, -149.65463256835938, -148.79562377929688, -147.97036743164062, -146.2637939453125, -143.16322326660156, -146.93484497070312, -147.8437042236328, -155.91592407226562, -160.02259826660156, -159.4513397216797, -158.80674743652344, -157.52432250976562, -151.1968536376953, -152.23658752441406, -151.63214111328125, -152.20716857910156, -151.4217071533203, -152.55540466308594, -152.09669494628906, -148.4720916748047, -147.06185913085938, -150.42860412597656, -152.86471557617188, -153.6900634765625, -151.4644012451172, -155.375, -158.80870056152344, -160.50576782226562, -158.4257354736328, -157.67462158203125, -149.46974182128906, -147.14688110351562, -152.13189697265625, -154.71063232421875, -154.092041015625, -152.29139709472656, -157.56939697265625, -157.00564575195312, -156.5642547607422, -159.53831481933594, -161.32403564453125, -158.3856658935547, -157.98532104492188, -158.0423583984375, -170.0304718017578, -173.13612365722656, -175.23081970214844, -175.6664276123047, -177.65713500976562, -177.63290405273438, -183.4556121826172, -184.15594482421875, -188.1963348388672, -186.872314453125, -183.93043518066406, -180.38174438476562, -177.89723205566406, -179.70570373535156, -179.2121124267578, -181.64527893066406, -188.269775390625, -188.00877380371094, -190.53668212890625, -196.810791015625, -198.00514221191406, -195.3686065673828, -193.89291381835938, -194.43023681640625, -196.65232849121094, -190.92669677734375, -190.38372802734375, -193.84434509277344, -198.39865112304688, -198.7484893798828, -200.32472229003906, -200.89981079101562, -204.6898193359375, -202.28604125976562, -199.95968627929688, -203.1695556640625, -205.26959228515625, -203.562255859375, -206.37306213378906, -202.96629333496094, -201.819580078125, -202.0244903564453, -203.8746795654297, -211.5971221923828, -208.4718017578125, -207.6479034423828, -206.32081604003906, -209.50442504882812, -210.0947723388672, -213.8973388671875, -216.0771484375]
