Running with parameters: hidden=30, use_coupled=false, seed=33, lam=0.0, eta=0.0
Test Accuracy: 0.7500, Energy: -449.59
Time Taken:  10.744164228439331
Test Accuracy: 0.7500, Energy: -451.52
Time Taken:  10.694865465164185
Test Accuracy: 0.7267, Energy: -455.54
Time Taken:  10.733081817626953
Test Accuracy: 0.7233, Energy: -454.73
Time Taken:  10.761686086654663
Test Accuracy: 0.7233, Energy: -453.34
Time Taken:  10.663826942443848
Test Accuracy: 0.7267, Energy: -453.85
Time Taken:  10.71884298324585
Test Accuracy: 0.7300, Energy: -449.89
Time Taken:  10.714966297149658
Test Accuracy: 0.7300, Energy: -459.80
Time Taken:  10.673817157745361
Test Accuracy: 0.7300, Energy: -456.20
Time Taken:  10.712254285812378
Test Accuracy: 0.7300, Energy: -459.64
Time Taken:  10.696326971054077
Test Accuracy: 0.7300, Energy: -462.59
Time Taken:  10.781605958938599
Test Accuracy: 0.7333, Energy: -454.78
Time Taken:  10.839118242263794
Test Accuracy: 0.7333, Energy: -471.16
Time Taken:  10.687275409698486
Test Accuracy: 0.7333, Energy: -466.96
Time Taken:  10.733967304229736
Test Accuracy: 0.7333, Energy: -476.86
Time Taken:  10.701600790023804
Test Accuracy: 0.7300, Energy: -481.99
Time Taken:  10.781391859054565
Test Accuracy: 0.7267, Energy: -490.60
Time Taken:  10.69620418548584
Test Accuracy: 0.7200, Energy: -474.27
Time Taken:  10.723934173583984
Test Accuracy: 0.7233, Energy: -491.90
Time Taken:  10.732926845550537
Test Accuracy: 0.7233, Energy: -491.75
Time Taken:  10.843872308731079
Test Accuracy: 0.7233, Energy: -473.52
Time Taken:  10.735294818878174
Test Accuracy: 0.7233, Energy: -468.26
Time Taken:  10.662015199661255
Test Accuracy: 0.7233, Energy: -478.89
Time Taken:  10.722517728805542
Test Accuracy: 0.7233, Energy: -487.71
Time Taken:  10.672086238861084
Test Accuracy: 0.7267, Energy: -479.71
Time Taken:  10.775570392608643
Test Accuracy: 0.7300, Energy: -476.66
Time Taken:  10.803993940353394
Test Accuracy: 0.7367, Energy: -467.67
Time Taken:  10.751328945159912
Test Accuracy: 0.7367, Energy: -470.17
Time Taken:  10.845637798309326
Test Accuracy: 0.7333, Energy: -482.15
Time Taken:  10.714301109313965
Test Accuracy: 0.7267, Energy: -479.42
Time Taken:  10.74934196472168
Test Accuracy: 0.7267, Energy: -494.20
Time Taken:  10.75266981124878
Test Accuracy: 0.7233, Energy: -495.81
Time Taken:  10.874919414520264
Test Accuracy: 0.7233, Energy: -499.17
Time Taken:  10.800209522247314
Test Accuracy: 0.7200, Energy: -502.09
Time Taken:  10.755930185317993
Test Accuracy: 0.7233, Energy: -507.86
Time Taken:  10.827193975448608
Test Accuracy: 0.7267, Energy: -520.37
Time Taken:  10.953992128372192
Test Accuracy: 0.7267, Energy: -521.81
Time Taken:  10.941395282745361
Test Accuracy: 0.7267, Energy: -531.65
Time Taken:  10.870073795318604
Test Accuracy: 0.7267, Energy: -541.40
Time Taken:  10.81695818901062
Test Accuracy: 0.7267, Energy: -542.38
Time Taken:  10.796399593353271
Test Accuracy: 0.7267, Energy: -539.32
Time Taken:  10.767253637313843
Test Accuracy: 0.7300, Energy: -535.98
Time Taken:  10.767045497894287
Test Accuracy: 0.7267, Energy: -547.53
Time Taken:  10.771514177322388
Test Accuracy: 0.7333, Energy: -550.82
Time Taken:  10.765137195587158
Test Accuracy: 0.7367, Energy: -561.20
Time Taken:  10.76220440864563
Test Accuracy: 0.7400, Energy: -568.20
Time Taken:  10.74755597114563
Test Accuracy: 0.7400, Energy: -573.41
Time Taken:  10.823953628540039
Test Accuracy: 0.7367, Energy: -565.82
Time Taken:  10.782893896102905
Test Accuracy: 0.7400, Energy: -569.74
Time Taken:  10.772268056869507
Test Accuracy: 0.7333, Energy: -569.66
Time Taken:  10.81270170211792
Test Accuracy: 0.7333, Energy: -575.01
Time Taken:  10.772762537002563
Test Accuracy: 0.7300, Energy: -578.20
Time Taken:  10.707584619522095
Test Accuracy: 0.7300, Energy: -580.69
Time Taken:  10.794154167175293
Test Accuracy: 0.7300, Energy: -567.81
Time Taken:  10.85209321975708
Test Accuracy: 0.7233, Energy: -574.80
Time Taken:  10.849001407623291
Test Accuracy: 0.7267, Energy: -571.67
Time Taken:  10.832123517990112
Test Accuracy: 0.7333, Energy: -587.27
Time Taken:  10.886985778808594
Test Accuracy: 0.7300, Energy: -595.79
Time Taken:  10.835607767105103
Test Accuracy: 0.7267, Energy: -592.37
Time Taken:  10.874613523483276
Test Accuracy: 0.7300, Energy: -601.77
Time Taken:  10.831080436706543
Test Accuracy: 0.7267, Energy: -608.09
Time Taken:  10.920379161834717
Test Accuracy: 0.7233, Energy: -605.46
Time Taken:  10.874542236328125
Test Accuracy: 0.7267, Energy: -617.34
Time Taken:  10.863171577453613
Test Accuracy: 0.7233, Energy: -613.35
Time Taken:  10.74235224723816
Test Accuracy: 0.7267, Energy: -611.71
Time Taken:  10.750488758087158
Test Accuracy: 0.7300, Energy: -617.90
Time Taken:  10.744332790374756
Test Accuracy: 0.7333, Energy: -611.93
Time Taken:  10.742447853088379
Test Accuracy: 0.7367, Energy: -609.36
Time Taken:  10.61951494216919
Test Accuracy: 0.7367, Energy: -617.89
Time Taken:  10.686573266983032
Test Accuracy: 0.7433, Energy: -613.72
Time Taken:  10.648949384689331
Test Accuracy: 0.7400, Energy: -617.71
Time Taken:  10.673210620880127
Test Accuracy: 0.7400, Energy: -630.05
Time Taken:  10.667099714279175
Test Accuracy: 0.7367, Energy: -622.79
Time Taken:  10.70118236541748
Test Accuracy: 0.7333, Energy: -624.21
Time Taken:  10.729310750961304
Test Accuracy: 0.7333, Energy: -629.16
Time Taken:  10.762856006622314
Test Accuracy: 0.7267, Energy: -628.96
Time Taken:  10.633579730987549
Test Accuracy: 0.7333, Energy: -646.56
Time Taken:  10.711905717849731
Test Accuracy: 0.7367, Energy: -631.01
Time Taken:  10.680735349655151
Test Accuracy: 0.7400, Energy: -639.31
Time Taken:  10.689442873001099
Test Accuracy: 0.7433, Energy: -649.05
Time Taken:  10.770582914352417
Test Accuracy: 0.7433, Energy: -648.86
Time Taken:  10.674122333526611
Test Accuracy: 0.7367, Energy: -653.53
Time Taken:  10.686060905456543
Test Accuracy: 0.7367, Energy: -644.60
Time Taken:  10.759423971176147
Test Accuracy: 0.7400, Energy: -653.22
Time Taken:  10.581250190734863
Test Accuracy: 0.7433, Energy: -652.27
Time Taken:  10.645972967147827
Test Accuracy: 0.7400, Energy: -660.35
Time Taken:  10.676224946975708
Test Accuracy: 0.7400, Energy: -670.45
Time Taken:  10.614011764526367
Test Accuracy: 0.7467, Energy: -687.40
Time Taken:  10.61414361000061
Test Accuracy: 0.7500, Energy: -681.99
Time Taken:  10.59981107711792
Test Accuracy: 0.7500, Energy: -689.58
Time Taken:  10.667301893234253
Test Accuracy: 0.7500, Energy: -696.33
Time Taken:  10.660832166671753
Test Accuracy: 0.7500, Energy: -682.78
Time Taken:  10.62149429321289
Test Accuracy: 0.7433, Energy: -674.89
Time Taken:  10.692071199417114
Test Accuracy: 0.7433, Energy: -679.37
Time Taken:  10.728516340255737
Test Accuracy: 0.7400, Energy: -680.30
Time Taken:  10.639302968978882
Test Accuracy: 0.7400, Energy: -689.44
Time Taken:  10.804813146591187
Test Accuracy: 0.7400, Energy: -714.78
Time Taken:  10.776094198226929
Test Accuracy: 0.7367, Energy: -732.28
Time Taken:  10.737480640411377
Test Accuracy: 0.7400, Energy: -738.97
Time Taken:  10.772149801254272
Test Accuracy: 0.7433, Energy: -736.16
Time Taken:  10.957369089126587
Final accuracies: [0.75, 0.75, 0.7266666666666667, 0.7233333333333334, 0.7233333333333334, 0.7266666666666667, 0.73, 0.73, 0.73, 0.73, 0.73, 0.7333333333333333, 0.7333333333333333, 0.7333333333333333, 0.7333333333333333, 0.73, 0.7266666666666667, 0.72, 0.7233333333333334, 0.7233333333333334, 0.7233333333333334, 0.7233333333333334, 0.7233333333333334, 0.7233333333333334, 0.7266666666666667, 0.73, 0.7366666666666667, 0.7366666666666667, 0.7333333333333333, 0.7266666666666667, 0.7266666666666667, 0.7233333333333334, 0.7233333333333334, 0.72, 0.7233333333333334, 0.7266666666666667, 0.7266666666666667, 0.7266666666666667, 0.7266666666666667, 0.7266666666666667, 0.7266666666666667, 0.73, 0.7266666666666667, 0.7333333333333333, 0.7366666666666667, 0.74, 0.74, 0.7366666666666667, 0.74, 0.7333333333333333, 0.7333333333333333, 0.73, 0.73, 0.73, 0.7233333333333334, 0.7266666666666667, 0.7333333333333333, 0.73, 0.7266666666666667, 0.73, 0.7266666666666667, 0.7233333333333334, 0.7266666666666667, 0.7233333333333334, 0.7266666666666667, 0.73, 0.7333333333333333, 0.7366666666666667, 0.7366666666666667, 0.7433333333333333, 0.74, 0.74, 0.7366666666666667, 0.7333333333333333, 0.7333333333333333, 0.7266666666666667, 0.7333333333333333, 0.7366666666666667, 0.74, 0.7433333333333333, 0.7433333333333333, 0.7366666666666667, 0.7366666666666667, 0.74, 0.7433333333333333, 0.74, 0.74, 0.7466666666666667, 0.75, 0.75, 0.75, 0.75, 0.7433333333333333, 0.7433333333333333, 0.74, 0.74, 0.74, 0.7366666666666667, 0.74, 0.7433333333333333]
Final energies: [-449.5897216796875, -451.5214538574219, -455.5411682128906, -454.7261962890625, -453.3395690917969, -453.84661865234375, -449.89141845703125, -459.7951354980469, -456.19512939453125, -459.6442565917969, -462.5926208496094, -454.7810974121094, -471.1627502441406, -466.9617919921875, -476.85516357421875, -481.98974609375, -490.5999755859375, -474.27203369140625, -491.9032897949219, -491.7545166015625, -473.5166931152344, -468.2621154785156, -478.8900451660156, -487.7055358886719, -479.7135009765625, -476.6576232910156, -467.6700134277344, -470.1688537597656, -482.14593505859375, -479.41534423828125, -494.20404052734375, -495.8088684082031, -499.16534423828125, -502.0854187011719, -507.8633117675781, -520.3673706054688, -521.8080444335938, -531.6531982421875, -541.4000244140625, -542.3789672851562, -539.3213500976562, -535.9813232421875, -547.5280151367188, -550.8159790039062, -561.2047729492188, -568.2040405273438, -573.4137573242188, -565.8237915039062, -569.7364501953125, -569.65625, -575.0116577148438, -578.1957397460938, -580.6922607421875, -567.8060302734375, -574.8030395507812, -571.6675415039062, -587.2695922851562, -595.7868041992188, -592.3719482421875, -601.7687377929688, -608.0890502929688, -605.4553833007812, -617.34423828125, -613.351806640625, -611.7092895507812, -617.903564453125, -611.93017578125, -609.3619384765625, -617.8875122070312, -613.715087890625, -617.70654296875, -630.047119140625, -622.7877807617188, -624.2094116210938, -629.1631469726562, -628.9566040039062, -646.5643920898438, -631.006103515625, -639.310791015625, -649.0504760742188, -648.860107421875, -653.5348510742188, -644.5991821289062, -653.2156372070312, -652.2669067382812, -660.3474731445312, -670.4510498046875, -687.4028930664062, -681.9946899414062, -689.5847778320312, -696.3344116210938, -682.7789916992188, -674.8912353515625, -679.3671875, -680.3040161132812, -689.442626953125, -714.775634765625, -732.2789916992188, -738.974853515625, -736.1588134765625]
