Running with parameters: hidden=30, use_coupled=false, seed=40, lam=0.0, eta=0.0
Test Accuracy: 0.7833, Energy: -487.28
Time Taken:  10.349590539932251
Test Accuracy: 0.7833, Energy: -491.18
Time Taken:  10.274256229400635
Test Accuracy: 0.7867, Energy: -492.50
Time Taken:  10.33696436882019
Test Accuracy: 0.7867, Energy: -495.88
Time Taken:  10.387354135513306
Test Accuracy: 0.7867, Energy: -487.95
Time Taken:  10.326340675354004
Test Accuracy: 0.7867, Energy: -488.59
Time Taken:  10.276694536209106
Test Accuracy: 0.7867, Energy: -503.73
Time Taken:  10.305188417434692
Test Accuracy: 0.7867, Energy: -513.86
Time Taken:  10.335335731506348
Test Accuracy: 0.7867, Energy: -508.16
Time Taken:  10.302047967910767
Test Accuracy: 0.7867, Energy: -511.21
Time Taken:  10.321439743041992
Test Accuracy: 0.7867, Energy: -504.20
Time Taken:  10.406680583953857
Test Accuracy: 0.7867, Energy: -495.42
Time Taken:  10.426169633865356
Test Accuracy: 0.7867, Energy: -490.56
Time Taken:  10.504740238189697
Test Accuracy: 0.7833, Energy: -500.54
Time Taken:  10.601055383682251
Test Accuracy: 0.7800, Energy: -502.04
Time Taken:  10.56923508644104
Test Accuracy: 0.7800, Energy: -501.62
Time Taken:  10.569897890090942
Test Accuracy: 0.7800, Energy: -508.59
Time Taken:  10.63967776298523
Test Accuracy: 0.7800, Energy: -499.91
Time Taken:  10.609371662139893
Test Accuracy: 0.7833, Energy: -490.49
Time Taken:  10.648069381713867
Test Accuracy: 0.7800, Energy: -498.41
Time Taken:  10.533584117889404
Test Accuracy: 0.7800, Energy: -505.54
Time Taken:  10.508290529251099
Test Accuracy: 0.7800, Energy: -507.89
Time Taken:  10.552997350692749
Test Accuracy: 0.7800, Energy: -501.35
Time Taken:  10.605139017105103
Test Accuracy: 0.7800, Energy: -504.72
Time Taken:  10.56129789352417
Test Accuracy: 0.7833, Energy: -513.92
Time Taken:  10.517860174179077
Test Accuracy: 0.7867, Energy: -514.00
Time Taken:  10.525062084197998
Test Accuracy: 0.7867, Energy: -513.58
Time Taken:  10.552695751190186
Test Accuracy: 0.7833, Energy: -524.33
Time Taken:  10.608345746994019
Test Accuracy: 0.7667, Energy: -531.94
Time Taken:  10.505812644958496
Test Accuracy: 0.7633, Energy: -530.48
Time Taken:  10.502488851547241
Test Accuracy: 0.7633, Energy: -534.53
Time Taken:  10.405691146850586
Test Accuracy: 0.7633, Energy: -546.14
Time Taken:  10.480297565460205
Test Accuracy: 0.7633, Energy: -548.76
Time Taken:  10.544228792190552
Test Accuracy: 0.7667, Energy: -549.83
Time Taken:  10.500385522842407
Test Accuracy: 0.7667, Energy: -555.78
Time Taken:  10.451131820678711
Test Accuracy: 0.7667, Energy: -551.18
Time Taken:  10.57411003112793
Test Accuracy: 0.7600, Energy: -546.73
Time Taken:  10.557499408721924
Test Accuracy: 0.7600, Energy: -546.91
Time Taken:  10.513354778289795
Test Accuracy: 0.7600, Energy: -548.70
Time Taken:  10.525424718856812
Test Accuracy: 0.7600, Energy: -547.85
Time Taken:  10.576677799224854
Test Accuracy: 0.7333, Energy: -560.33
Time Taken:  10.514307498931885
Test Accuracy: 0.7300, Energy: -571.93
Time Taken:  10.539809942245483
Test Accuracy: 0.7300, Energy: -575.79
Time Taken:  10.482733011245728
Test Accuracy: 0.7300, Energy: -577.96
Time Taken:  10.61808156967163
Test Accuracy: 0.7300, Energy: -575.35
Time Taken:  10.504923582077026
Test Accuracy: 0.7300, Energy: -575.27
Time Taken:  10.512609720230103
Test Accuracy: 0.7300, Energy: -594.01
Time Taken:  10.531611204147339
Test Accuracy: 0.7333, Energy: -594.06
Time Taken:  10.521410942077637
Test Accuracy: 0.7267, Energy: -605.67
Time Taken:  10.492063045501709
Test Accuracy: 0.7233, Energy: -615.01
Time Taken:  10.601285696029663
Test Accuracy: 0.7267, Energy: -617.94
Time Taken:  10.453965663909912
Test Accuracy: 0.7300, Energy: -619.19
Time Taken:  10.506301164627075
Test Accuracy: 0.7300, Energy: -622.83
Time Taken:  10.577309608459473
Test Accuracy: 0.7300, Energy: -634.89
Time Taken:  10.525568962097168
Test Accuracy: 0.7300, Energy: -631.31
Time Taken:  10.523664951324463
Test Accuracy: 0.7333, Energy: -629.22
Time Taken:  10.564205884933472
Test Accuracy: 0.7333, Energy: -625.64
Time Taken:  10.606557130813599
Test Accuracy: 0.7333, Energy: -620.45
Time Taken:  10.536439657211304
Test Accuracy: 0.7333, Energy: -635.25
Time Taken:  10.512740850448608
Test Accuracy: 0.7300, Energy: -639.89
Time Taken:  10.366756200790405
Test Accuracy: 0.7267, Energy: -661.56
Time Taken:  10.279642581939697
Test Accuracy: 0.7267, Energy: -668.76
Time Taken:  10.314950227737427
Test Accuracy: 0.7267, Energy: -662.94
Time Taken:  10.252400875091553
Test Accuracy: 0.7233, Energy: -664.37
Time Taken:  10.29025149345398
Test Accuracy: 0.7233, Energy: -651.40
Time Taken:  10.243679761886597
Test Accuracy: 0.7167, Energy: -658.21
Time Taken:  10.335296392440796
Test Accuracy: 0.7167, Energy: -656.04
Time Taken:  10.37594747543335
Test Accuracy: 0.7167, Energy: -658.26
Time Taken:  10.306790351867676
Test Accuracy: 0.7200, Energy: -671.06
Time Taken:  10.351723670959473
Test Accuracy: 0.7200, Energy: -679.24
Time Taken:  10.349456071853638
Test Accuracy: 0.7200, Energy: -670.41
Time Taken:  10.395474910736084
Test Accuracy: 0.7200, Energy: -675.53
Time Taken:  10.320028066635132
Test Accuracy: 0.7200, Energy: -669.30
Time Taken:  10.338714361190796
Test Accuracy: 0.7200, Energy: -666.65
Time Taken:  10.29602336883545
Test Accuracy: 0.7200, Energy: -668.80
Time Taken:  10.337438106536865
Test Accuracy: 0.7167, Energy: -673.91
Time Taken:  10.313366651535034
Test Accuracy: 0.7233, Energy: -675.80
Time Taken:  10.286795854568481
Test Accuracy: 0.7267, Energy: -674.69
Time Taken:  10.278437614440918
Test Accuracy: 0.7267, Energy: -683.35
Time Taken:  10.334772109985352
Test Accuracy: 0.7233, Energy: -688.85
Time Taken:  10.319684267044067
Test Accuracy: 0.7167, Energy: -684.97
Time Taken:  10.303743362426758
Test Accuracy: 0.7167, Energy: -685.52
Time Taken:  10.323898077011108
Test Accuracy: 0.7167, Energy: -695.31
Time Taken:  10.348544120788574
Test Accuracy: 0.7167, Energy: -711.54
Time Taken:  10.296234607696533
Test Accuracy: 0.7200, Energy: -718.75
Time Taken:  10.28393030166626
Test Accuracy: 0.7167, Energy: -714.30
Time Taken:  10.289719343185425
Test Accuracy: 0.7167, Energy: -707.51
Time Taken:  10.3080313205719
Test Accuracy: 0.7167, Energy: -712.06
Time Taken:  10.289316654205322
Test Accuracy: 0.7167, Energy: -714.51
Time Taken:  10.320095777511597
Test Accuracy: 0.7200, Energy: -721.13
Time Taken:  10.364608764648438
Test Accuracy: 0.7167, Energy: -726.60
Time Taken:  10.345521211624146
Test Accuracy: 0.7167, Energy: -733.74
Time Taken:  10.291632175445557
Test Accuracy: 0.7233, Energy: -728.76
Time Taken:  10.290436029434204
Test Accuracy: 0.7233, Energy: -741.95
Time Taken:  10.29122257232666
Test Accuracy: 0.7200, Energy: -745.34
Time Taken:  10.29844355583191
Test Accuracy: 0.7200, Energy: -746.17
Time Taken:  10.327797412872314
Test Accuracy: 0.7167, Energy: -740.57
Time Taken:  10.307376384735107
Test Accuracy: 0.7167, Energy: -748.81
Time Taken:  10.292709350585938
Test Accuracy: 0.7200, Energy: -750.45
Time Taken:  10.389028310775757
Test Accuracy: 0.7200, Energy: -760.70
Time Taken:  10.297832250595093
Final accuracies: [0.7833333333333333, 0.7833333333333333, 0.7866666666666666, 0.7866666666666666, 0.7866666666666666, 0.7866666666666666, 0.7866666666666666, 0.7866666666666666, 0.7866666666666666, 0.7866666666666666, 0.7866666666666666, 0.7866666666666666, 0.7866666666666666, 0.7833333333333333, 0.78, 0.78, 0.78, 0.78, 0.7833333333333333, 0.78, 0.78, 0.78, 0.78, 0.78, 0.7833333333333333, 0.7866666666666666, 0.7866666666666666, 0.7833333333333333, 0.7666666666666667, 0.7633333333333333, 0.7633333333333333, 0.7633333333333333, 0.7633333333333333, 0.7666666666666667, 0.7666666666666667, 0.7666666666666667, 0.76, 0.76, 0.76, 0.76, 0.7333333333333333, 0.73, 0.73, 0.73, 0.73, 0.73, 0.73, 0.7333333333333333, 0.7266666666666667, 0.7233333333333334, 0.7266666666666667, 0.73, 0.73, 0.73, 0.73, 0.7333333333333333, 0.7333333333333333, 0.7333333333333333, 0.7333333333333333, 0.73, 0.7266666666666667, 0.7266666666666667, 0.7266666666666667, 0.7233333333333334, 0.7233333333333334, 0.7166666666666667, 0.7166666666666667, 0.7166666666666667, 0.72, 0.72, 0.72, 0.72, 0.72, 0.72, 0.72, 0.7166666666666667, 0.7233333333333334, 0.7266666666666667, 0.7266666666666667, 0.7233333333333334, 0.7166666666666667, 0.7166666666666667, 0.7166666666666667, 0.7166666666666667, 0.72, 0.7166666666666667, 0.7166666666666667, 0.7166666666666667, 0.7166666666666667, 0.72, 0.7166666666666667, 0.7166666666666667, 0.7233333333333334, 0.7233333333333334, 0.72, 0.72, 0.7166666666666667, 0.7166666666666667, 0.72, 0.72]
Final energies: [-487.2760314941406, -491.17669677734375, -492.5012512207031, -495.8771667480469, -487.9541320800781, -488.5902404785156, -503.7320251464844, -513.8566284179688, -508.1641845703125, -511.21368408203125, -504.203857421875, -495.42437744140625, -490.56005859375, -500.5392761230469, -502.0397644042969, -501.6229248046875, -508.59002685546875, -499.91461181640625, -490.4861755371094, -498.4075927734375, -505.5438537597656, -507.8907165527344, -501.3464660644531, -504.72430419921875, -513.9171752929688, -513.9998168945312, -513.5848999023438, -524.3323364257812, -531.9437255859375, -530.47802734375, -534.53369140625, -546.141845703125, -548.7574462890625, -549.834228515625, -555.779541015625, -551.1838989257812, -546.7312622070312, -546.9127197265625, -548.7045288085938, -547.8453369140625, -560.3279418945312, -571.9266357421875, -575.787353515625, -577.9590454101562, -575.3451538085938, -575.2664794921875, -594.0105590820312, -594.0624389648438, -605.6692504882812, -615.0055541992188, -617.9407958984375, -619.1939086914062, -622.827880859375, -634.8947143554688, -631.3118896484375, -629.224365234375, -625.635009765625, -620.4495849609375, -635.2473754882812, -639.8949584960938, -661.5562133789062, -668.7557373046875, -662.9412841796875, -664.3655395507812, -651.4014282226562, -658.2081909179688, -656.0427856445312, -658.263427734375, -671.0560913085938, -679.243896484375, -670.40966796875, -675.5289916992188, -669.2990112304688, -666.654052734375, -668.8029174804688, -673.9102783203125, -675.7957763671875, -674.6864013671875, -683.3509521484375, -688.8510131835938, -684.9682006835938, -685.5240478515625, -695.3129272460938, -711.5391845703125, -718.7456665039062, -714.3030395507812, -707.5125732421875, -712.0560913085938, -714.5077514648438, -721.1256103515625, -726.60400390625, -733.73876953125, -728.7573852539062, -741.9544067382812, -745.3433837890625, -746.1744995117188, -740.5734252929688, -748.8123779296875, -750.4503784179688, -760.6997680664062]
