Running with parameters: hidden=30, use_coupled=false, seed=42, lam=0.0, eta=0.0
Test Accuracy: 0.8800, Energy: -399.99
Time Taken:  10.802500009536743
Test Accuracy: 0.8800, Energy: -402.66
Time Taken:  10.805402040481567
Test Accuracy: 0.8800, Energy: -406.31
Time Taken:  10.810512781143188
Test Accuracy: 0.8800, Energy: -406.08
Time Taken:  10.914146661758423
Test Accuracy: 0.8800, Energy: -410.08
Time Taken:  10.742122650146484
Test Accuracy: 0.8833, Energy: -406.88
Time Taken:  10.80484676361084
Test Accuracy: 0.8800, Energy: -403.80
Time Taken:  10.808462619781494
Test Accuracy: 0.8800, Energy: -394.65
Time Taken:  10.811744689941406
Test Accuracy: 0.8800, Energy: -401.40
Time Taken:  10.819513082504272
Test Accuracy: 0.8833, Energy: -398.76
Time Taken:  10.868602991104126
Test Accuracy: 0.8833, Energy: -398.70
Time Taken:  10.847192764282227
Test Accuracy: 0.8833, Energy: -406.03
Time Taken:  10.931197166442871
Test Accuracy: 0.8800, Energy: -402.01
Time Taken:  10.835434675216675
Test Accuracy: 0.8800, Energy: -400.80
Time Taken:  10.880428791046143
Test Accuracy: 0.8800, Energy: -409.09
Time Taken:  10.825879573822021
Test Accuracy: 0.8800, Energy: -414.63
Time Taken:  10.846373558044434
Test Accuracy: 0.8800, Energy: -412.34
Time Taken:  10.855035305023193
Test Accuracy: 0.8833, Energy: -413.62
Time Taken:  10.806908369064331
Test Accuracy: 0.8833, Energy: -414.37
Time Taken:  10.867982864379883
Test Accuracy: 0.8833, Energy: -413.71
Time Taken:  10.907251596450806
Test Accuracy: 0.8833, Energy: -407.18
Time Taken:  10.804150104522705
Test Accuracy: 0.8833, Energy: -406.10
Time Taken:  10.820790529251099
Test Accuracy: 0.8833, Energy: -401.57
Time Taken:  10.85120964050293
Test Accuracy: 0.8833, Energy: -406.21
Time Taken:  10.856759548187256
Test Accuracy: 0.8833, Energy: -413.26
Time Taken:  10.817341566085815
Test Accuracy: 0.8833, Energy: -403.05
Time Taken:  10.822171211242676
Test Accuracy: 0.8833, Energy: -410.64
Time Taken:  10.776262521743774
Test Accuracy: 0.8833, Energy: -412.39
Time Taken:  10.858869314193726
Test Accuracy: 0.8833, Energy: -421.36
Time Taken:  10.793326377868652
Test Accuracy: 0.8867, Energy: -426.82
Time Taken:  10.7933509349823
Test Accuracy: 0.8867, Energy: -433.96
Time Taken:  10.796625852584839
Test Accuracy: 0.8867, Energy: -445.16
Time Taken:  10.81082272529602
Test Accuracy: 0.8867, Energy: -449.78
Time Taken:  10.83067011833191
Test Accuracy: 0.8867, Energy: -449.70
Time Taken:  10.810113668441772
Test Accuracy: 0.8867, Energy: -452.55
Time Taken:  10.810426712036133
Test Accuracy: 0.8867, Energy: -457.41
Time Taken:  10.880589008331299
Test Accuracy: 0.8833, Energy: -460.56
Time Taken:  10.75151538848877
Test Accuracy: 0.8833, Energy: -466.40
Time Taken:  10.747277736663818
Test Accuracy: 0.8800, Energy: -469.90
Time Taken:  10.736629247665405
Test Accuracy: 0.8767, Energy: -470.02
Time Taken:  10.754048585891724
Test Accuracy: 0.8767, Energy: -472.24
Time Taken:  10.759658098220825
Test Accuracy: 0.8800, Energy: -469.17
Time Taken:  10.79710865020752
Test Accuracy: 0.8800, Energy: -479.78
Time Taken:  10.801222324371338
Test Accuracy: 0.8833, Energy: -487.53
Time Taken:  10.825380086898804
Test Accuracy: 0.8833, Energy: -485.31
Time Taken:  10.750571012496948
Test Accuracy: 0.8800, Energy: -501.02
Time Taken:  10.729671239852905
Test Accuracy: 0.8800, Energy: -501.67
Time Taken:  10.696625471115112
Test Accuracy: 0.8800, Energy: -494.88
Time Taken:  10.723856687545776
Test Accuracy: 0.8800, Energy: -492.35
Time Taken:  10.770662784576416
Test Accuracy: 0.8800, Energy: -493.97
Time Taken:  10.78444504737854
Test Accuracy: 0.8800, Energy: -496.42
Time Taken:  10.778976917266846
Test Accuracy: 0.8800, Energy: -491.98
Time Taken:  10.831202745437622
Test Accuracy: 0.8800, Energy: -495.26
Time Taken:  10.729302167892456
Test Accuracy: 0.8800, Energy: -497.27
Time Taken:  10.727490901947021
Test Accuracy: 0.8800, Energy: -500.73
Time Taken:  10.737236499786377
Test Accuracy: 0.8767, Energy: -502.65
Time Taken:  10.706912994384766
Test Accuracy: 0.8767, Energy: -507.30
Time Taken:  10.705655813217163
Test Accuracy: 0.8767, Energy: -506.81
Time Taken:  10.684097290039062
Test Accuracy: 0.8767, Energy: -520.31
Time Taken:  10.73686933517456
Test Accuracy: 0.8767, Energy: -524.00
Time Taken:  10.64675259590149
Test Accuracy: 0.8767, Energy: -528.34
Time Taken:  10.686079263687134
Test Accuracy: 0.8767, Energy: -532.50
Time Taken:  10.724520921707153
Test Accuracy: 0.8767, Energy: -525.67
Time Taken:  10.726250886917114
Test Accuracy: 0.8767, Energy: -533.00
Time Taken:  10.769165277481079
Test Accuracy: 0.8767, Energy: -539.16
Time Taken:  10.769897937774658
Test Accuracy: 0.8767, Energy: -541.00
Time Taken:  10.74987530708313
Test Accuracy: 0.8767, Energy: -534.32
Time Taken:  10.869073867797852
Test Accuracy: 0.8733, Energy: -537.59
Time Taken:  10.73279333114624
Test Accuracy: 0.8733, Energy: -539.80
Time Taken:  10.765624523162842
Test Accuracy: 0.8733, Energy: -539.03
Time Taken:  10.736905336380005
Test Accuracy: 0.8733, Energy: -535.73
Time Taken:  10.790555953979492
Test Accuracy: 0.8733, Energy: -533.67
Time Taken:  10.777376174926758
Test Accuracy: 0.8700, Energy: -542.78
Time Taken:  10.798983335494995
Test Accuracy: 0.8700, Energy: -551.74
Time Taken:  10.796372890472412
Test Accuracy: 0.8700, Energy: -558.11
Time Taken:  10.860512733459473
Test Accuracy: 0.8700, Energy: -564.44
Time Taken:  10.75029969215393
Test Accuracy: 0.8667, Energy: -560.87
Time Taken:  10.822058916091919
Test Accuracy: 0.8633, Energy: -561.66
Time Taken:  10.833032369613647
Test Accuracy: 0.8633, Energy: -565.97
Time Taken:  10.806023597717285
Test Accuracy: 0.8600, Energy: -570.27
Time Taken:  10.789355993270874
Test Accuracy: 0.8600, Energy: -570.90
Time Taken:  10.788007974624634
Test Accuracy: 0.8567, Energy: -567.72
Time Taken:  10.81473970413208
Test Accuracy: 0.8567, Energy: -578.64
Time Taken:  10.81615161895752
Test Accuracy: 0.8567, Energy: -576.23
Time Taken:  10.692156553268433
Test Accuracy: 0.8600, Energy: -583.91
Time Taken:  10.759204864501953
Test Accuracy: 0.8600, Energy: -587.51
Time Taken:  10.768452882766724
Test Accuracy: 0.8600, Energy: -587.57
Time Taken:  10.798470258712769
Test Accuracy: 0.8633, Energy: -581.46
Time Taken:  10.781848430633545
Test Accuracy: 0.8633, Energy: -577.80
Time Taken:  10.801711320877075
Test Accuracy: 0.8633, Energy: -579.43
Time Taken:  10.740721940994263
Test Accuracy: 0.8667, Energy: -572.23
Time Taken:  10.840944290161133
Test Accuracy: 0.8667, Energy: -573.65
Time Taken:  10.742531776428223
Test Accuracy: 0.8667, Energy: -586.45
Time Taken:  10.782165288925171
Test Accuracy: 0.8667, Energy: -590.71
Time Taken:  10.76409387588501
Test Accuracy: 0.8667, Energy: -591.31
Time Taken:  10.761645317077637
Test Accuracy: 0.8667, Energy: -593.55
Time Taken:  10.755656242370605
Test Accuracy: 0.8667, Energy: -606.70
Time Taken:  10.763936281204224
Test Accuracy: 0.8633, Energy: -595.59
Time Taken:  10.770282745361328
Test Accuracy: 0.8600, Energy: -597.33
Time Taken:  10.898512125015259
Test Accuracy: 0.8633, Energy: -599.13
Time Taken:  10.763182878494263
Final accuracies: [0.88, 0.88, 0.88, 0.88, 0.88, 0.8833333333333333, 0.88, 0.88, 0.88, 0.8833333333333333, 0.8833333333333333, 0.8833333333333333, 0.88, 0.88, 0.88, 0.88, 0.88, 0.8833333333333333, 0.8833333333333333, 0.8833333333333333, 0.8833333333333333, 0.8833333333333333, 0.8833333333333333, 0.8833333333333333, 0.8833333333333333, 0.8833333333333333, 0.8833333333333333, 0.8833333333333333, 0.8833333333333333, 0.8866666666666667, 0.8866666666666667, 0.8866666666666667, 0.8866666666666667, 0.8866666666666667, 0.8866666666666667, 0.8866666666666667, 0.8833333333333333, 0.8833333333333333, 0.88, 0.8766666666666667, 0.8766666666666667, 0.88, 0.88, 0.8833333333333333, 0.8833333333333333, 0.88, 0.88, 0.88, 0.88, 0.88, 0.88, 0.88, 0.88, 0.88, 0.88, 0.8766666666666667, 0.8766666666666667, 0.8766666666666667, 0.8766666666666667, 0.8766666666666667, 0.8766666666666667, 0.8766666666666667, 0.8766666666666667, 0.8766666666666667, 0.8766666666666667, 0.8766666666666667, 0.8766666666666667, 0.8733333333333333, 0.8733333333333333, 0.8733333333333333, 0.8733333333333333, 0.8733333333333333, 0.87, 0.87, 0.87, 0.87, 0.8666666666666667, 0.8633333333333333, 0.8633333333333333, 0.86, 0.86, 0.8566666666666667, 0.8566666666666667, 0.8566666666666667, 0.86, 0.86, 0.86, 0.8633333333333333, 0.8633333333333333, 0.8633333333333333, 0.8666666666666667, 0.8666666666666667, 0.8666666666666667, 0.8666666666666667, 0.8666666666666667, 0.8666666666666667, 0.8666666666666667, 0.8633333333333333, 0.86, 0.8633333333333333]
Final energies: [-399.9866943359375, -402.6587219238281, -406.3072814941406, -406.07708740234375, -410.0776672363281, -406.8768615722656, -403.80389404296875, -394.6494140625, -401.4021301269531, -398.7635498046875, -398.7032470703125, -406.02978515625, -402.010498046875, -400.79547119140625, -409.09405517578125, -414.6341247558594, -412.3365478515625, -413.6221618652344, -414.37164306640625, -413.7061767578125, -407.1768493652344, -406.0950622558594, -401.5726013183594, -406.21405029296875, -413.26483154296875, -403.05218505859375, -410.6362609863281, -412.3867492675781, -421.35870361328125, -426.8211975097656, -433.95867919921875, -445.1598815917969, -449.7789001464844, -449.7020568847656, -452.55242919921875, -457.4106140136719, -460.5579528808594, -466.3996887207031, -469.8994140625, -470.0187683105469, -472.2448425292969, -469.16510009765625, -479.7818298339844, -487.5301818847656, -485.31201171875, -501.023681640625, -501.6735534667969, -494.8752136230469, -492.35174560546875, -493.9656677246094, -496.4190368652344, -491.98431396484375, -495.25933837890625, -497.2656555175781, -500.7342224121094, -502.6490173339844, -507.30010986328125, -506.8114013671875, -520.3143310546875, -523.9963989257812, -528.343994140625, -532.504150390625, -525.6722412109375, -533.0025024414062, -539.163330078125, -541.0044555664062, -534.3236694335938, -537.5906982421875, -539.8049926757812, -539.0296630859375, -535.7268676757812, -533.6693115234375, -542.7786865234375, -551.7427368164062, -558.107666015625, -564.4432983398438, -560.8749389648438, -561.663818359375, -565.9729614257812, -570.2735595703125, -570.8956298828125, -567.72021484375, -578.6388549804688, -576.2295532226562, -583.9053955078125, -587.5070190429688, -587.5703125, -581.4646606445312, -577.7980346679688, -579.4266967773438, -572.2344360351562, -573.6488647460938, -586.447998046875, -590.7061157226562, -591.3082275390625, -593.5474853515625, -606.6950073242188, -595.5852661132812, -597.330810546875, -599.1259765625]
