Running with parameters: hidden=30, use_coupled=false, seed=58, lam=0.0, eta=0.0
Test Accuracy: 0.8433, Energy: -317.57
Time Taken:  10.706960201263428
Test Accuracy: 0.8433, Energy: -318.04
Time Taken:  10.707657098770142
Test Accuracy: 0.8433, Energy: -315.48
Time Taken:  10.640852212905884
Test Accuracy: 0.8433, Energy: -319.52
Time Taken:  10.745586156845093
Test Accuracy: 0.8433, Energy: -331.93
Time Taken:  10.687158584594727
Test Accuracy: 0.8433, Energy: -335.07
Time Taken:  10.732544660568237
Test Accuracy: 0.8433, Energy: -332.54
Time Taken:  10.721261501312256
Test Accuracy: 0.8433, Energy: -336.25
Time Taken:  10.711917877197266
Test Accuracy: 0.8433, Energy: -337.68
Time Taken:  10.692679405212402
Test Accuracy: 0.8433, Energy: -338.92
Time Taken:  10.70633339881897
Test Accuracy: 0.8433, Energy: -350.86
Time Taken:  10.67924427986145
Test Accuracy: 0.8433, Energy: -355.64
Time Taken:  10.759979724884033
Test Accuracy: 0.8433, Energy: -357.96
Time Taken:  10.643405199050903
Test Accuracy: 0.8400, Energy: -350.33
Time Taken:  10.708888530731201
Test Accuracy: 0.8400, Energy: -357.69
Time Taken:  10.754979372024536
Test Accuracy: 0.8400, Energy: -360.93
Time Taken:  10.695548057556152
Test Accuracy: 0.8400, Energy: -366.03
Time Taken:  10.687841415405273
Test Accuracy: 0.8400, Energy: -374.85
Time Taken:  10.678654670715332
Test Accuracy: 0.8400, Energy: -378.56
Time Taken:  10.720033645629883
Test Accuracy: 0.8400, Energy: -381.70
Time Taken:  10.811749458312988
Test Accuracy: 0.8400, Energy: -378.73
Time Taken:  10.627713441848755
Test Accuracy: 0.8400, Energy: -372.20
Time Taken:  10.673073053359985
Test Accuracy: 0.8367, Energy: -371.30
Time Taken:  10.723051309585571
Test Accuracy: 0.8400, Energy: -385.25
Time Taken:  10.673643589019775
Test Accuracy: 0.8400, Energy: -387.01
Time Taken:  10.709500312805176
Test Accuracy: 0.8400, Energy: -395.69
Time Taken:  10.680066347122192
Test Accuracy: 0.8400, Energy: -394.58
Time Taken:  10.656209230422974
Test Accuracy: 0.8400, Energy: -396.61
Time Taken:  10.732531309127808
Test Accuracy: 0.8400, Energy: -397.33
Time Taken:  10.660192012786865
Test Accuracy: 0.8433, Energy: -391.48
Time Taken:  10.640597105026245
Test Accuracy: 0.8400, Energy: -384.89
Time Taken:  10.662936687469482
Test Accuracy: 0.8400, Energy: -379.46
Time Taken:  10.663844108581543
Test Accuracy: 0.8400, Energy: -390.61
Time Taken:  10.674720525741577
Test Accuracy: 0.8400, Energy: -385.41
Time Taken:  10.709662199020386
Test Accuracy: 0.8400, Energy: -389.14
Time Taken:  10.711660146713257
Test Accuracy: 0.8367, Energy: -393.34
Time Taken:  10.762247323989868
Test Accuracy: 0.8333, Energy: -395.85
Time Taken:  10.65465259552002
Test Accuracy: 0.8333, Energy: -406.26
Time Taken:  10.680365085601807
Test Accuracy: 0.8367, Energy: -415.25
Time Taken:  10.697407960891724
Test Accuracy: 0.8367, Energy: -420.26
Time Taken:  10.686801195144653
Test Accuracy: 0.8333, Energy: -428.62
Time Taken:  10.70796513557434
Test Accuracy: 0.8333, Energy: -434.08
Time Taken:  10.71788215637207
Test Accuracy: 0.8333, Energy: -430.76
Time Taken:  10.698922395706177
Test Accuracy: 0.8333, Energy: -432.53
Time Taken:  10.816727638244629
Test Accuracy: 0.8367, Energy: -433.04
Time Taken:  10.670278549194336
Test Accuracy: 0.8367, Energy: -426.28
Time Taken:  10.69663381576538
Test Accuracy: 0.8367, Energy: -420.37
Time Taken:  10.705687761306763
Test Accuracy: 0.8367, Energy: -410.97
Time Taken:  10.663769721984863
Test Accuracy: 0.8367, Energy: -411.18
Time Taken:  10.7217276096344
Test Accuracy: 0.8400, Energy: -410.96
Time Taken:  10.76861310005188
Test Accuracy: 0.8400, Energy: -411.06
Time Taken:  10.714850902557373
Test Accuracy: 0.8400, Energy: -409.86
Time Taken:  10.735485315322876
Test Accuracy: 0.8433, Energy: -408.72
Time Taken:  10.679933071136475
Test Accuracy: 0.8433, Energy: -412.73
Time Taken:  10.655618667602539
Test Accuracy: 0.8400, Energy: -426.47
Time Taken:  10.810739517211914
Test Accuracy: 0.8433, Energy: -420.79
Time Taken:  10.704522371292114
Test Accuracy: 0.8433, Energy: -426.08
Time Taken:  10.79479193687439
Test Accuracy: 0.8433, Energy: -426.27
Time Taken:  10.662292242050171
Test Accuracy: 0.8467, Energy: -426.96
Time Taken:  10.74899411201477
Test Accuracy: 0.8467, Energy: -439.80
Time Taken:  10.65481448173523
Test Accuracy: 0.8467, Energy: -436.74
Time Taken:  10.684005498886108
Test Accuracy: 0.8467, Energy: -444.58
Time Taken:  10.69443154335022
Test Accuracy: 0.8467, Energy: -448.68
Time Taken:  10.80981707572937
Test Accuracy: 0.8467, Energy: -445.10
Time Taken:  10.69394850730896
Test Accuracy: 0.8433, Energy: -449.78
Time Taken:  10.698850393295288
Test Accuracy: 0.8433, Energy: -455.95
Time Taken:  10.864389419555664
Test Accuracy: 0.8433, Energy: -465.80
Time Taken:  10.82313847541809
Test Accuracy: 0.8400, Energy: -473.67
Time Taken:  10.692882776260376
Test Accuracy: 0.8433, Energy: -476.40
Time Taken:  10.808780908584595
Test Accuracy: 0.8433, Energy: -474.63
Time Taken:  10.845293760299683
Test Accuracy: 0.8433, Energy: -478.32
Time Taken:  10.763375520706177
Test Accuracy: 0.8400, Energy: -478.82
Time Taken:  10.757831573486328
Test Accuracy: 0.8400, Energy: -476.11
Time Taken:  10.690681219100952
Test Accuracy: 0.8400, Energy: -472.97
Time Taken:  10.693578958511353
Test Accuracy: 0.8400, Energy: -469.21
Time Taken:  10.869936227798462
Test Accuracy: 0.8400, Energy: -470.04
Time Taken:  10.812437772750854
Test Accuracy: 0.8333, Energy: -473.28
Time Taken:  10.681770086288452
Test Accuracy: 0.8300, Energy: -485.72
Time Taken:  10.67896556854248
Test Accuracy: 0.8300, Energy: -483.93
Time Taken:  10.820754766464233
Test Accuracy: 0.8333, Energy: -475.98
Time Taken:  10.696061849594116
Test Accuracy: 0.8333, Energy: -493.09
Time Taken:  10.717752933502197
Test Accuracy: 0.8367, Energy: -492.65
Time Taken:  10.68974781036377
Test Accuracy: 0.8367, Energy: -488.53
Time Taken:  10.72298264503479
Test Accuracy: 0.8300, Energy: -484.73
Time Taken:  10.713050603866577
Test Accuracy: 0.8300, Energy: -478.34
Time Taken:  10.64307951927185
Test Accuracy: 0.8300, Energy: -473.93
Time Taken:  10.802194356918335
Test Accuracy: 0.8333, Energy: -480.82
Time Taken:  10.82835578918457
Test Accuracy: 0.8333, Energy: -473.79
Time Taken:  10.687693119049072
Test Accuracy: 0.8333, Energy: -471.24
Time Taken:  10.698169946670532
Test Accuracy: 0.8333, Energy: -470.47
Time Taken:  10.802541017532349
Test Accuracy: 0.8367, Energy: -474.01
Time Taken:  10.74881386756897
Test Accuracy: 0.8400, Energy: -479.43
Time Taken:  10.64393424987793
Test Accuracy: 0.8400, Energy: -494.43
Time Taken:  10.685645580291748
Test Accuracy: 0.8400, Energy: -502.10
Time Taken:  10.825045585632324
Test Accuracy: 0.8400, Energy: -491.42
Time Taken:  10.812451124191284
Test Accuracy: 0.8400, Energy: -485.99
Time Taken:  10.692118167877197
Test Accuracy: 0.8400, Energy: -497.35
Time Taken:  10.68882417678833
Test Accuracy: 0.8400, Energy: -495.78
Time Taken:  10.789095401763916
Test Accuracy: 0.8400, Energy: -502.58
Time Taken:  10.754795789718628
Test Accuracy: 0.8433, Energy: -509.38
Time Taken:  10.596296787261963
Final accuracies: [0.8433333333333334, 0.8433333333333334, 0.8433333333333334, 0.8433333333333334, 0.8433333333333334, 0.8433333333333334, 0.8433333333333334, 0.8433333333333334, 0.8433333333333334, 0.8433333333333334, 0.8433333333333334, 0.8433333333333334, 0.8433333333333334, 0.84, 0.84, 0.84, 0.84, 0.84, 0.84, 0.84, 0.84, 0.84, 0.8366666666666667, 0.84, 0.84, 0.84, 0.84, 0.84, 0.84, 0.8433333333333334, 0.84, 0.84, 0.84, 0.84, 0.84, 0.8366666666666667, 0.8333333333333334, 0.8333333333333334, 0.8366666666666667, 0.8366666666666667, 0.8333333333333334, 0.8333333333333334, 0.8333333333333334, 0.8333333333333334, 0.8366666666666667, 0.8366666666666667, 0.8366666666666667, 0.8366666666666667, 0.8366666666666667, 0.84, 0.84, 0.84, 0.8433333333333334, 0.8433333333333334, 0.84, 0.8433333333333334, 0.8433333333333334, 0.8433333333333334, 0.8466666666666667, 0.8466666666666667, 0.8466666666666667, 0.8466666666666667, 0.8466666666666667, 0.8466666666666667, 0.8433333333333334, 0.8433333333333334, 0.8433333333333334, 0.84, 0.8433333333333334, 0.8433333333333334, 0.8433333333333334, 0.84, 0.84, 0.84, 0.84, 0.84, 0.8333333333333334, 0.83, 0.83, 0.8333333333333334, 0.8333333333333334, 0.8366666666666667, 0.8366666666666667, 0.83, 0.83, 0.83, 0.8333333333333334, 0.8333333333333334, 0.8333333333333334, 0.8333333333333334, 0.8366666666666667, 0.84, 0.84, 0.84, 0.84, 0.84, 0.84, 0.84, 0.84, 0.8433333333333334]
Final energies: [-317.5694274902344, -318.0438537597656, -315.4764404296875, -319.5189208984375, -331.93096923828125, -335.0719299316406, -332.5376892089844, -336.2508850097656, -337.67724609375, -338.9240417480469, -350.86297607421875, -355.6416931152344, -357.95709228515625, -350.32952880859375, -357.6873779296875, -360.93194580078125, -366.0322570800781, -374.8475341796875, -378.5574645996094, -381.7021179199219, -378.72772216796875, -372.19598388671875, -371.2988586425781, -385.2520446777344, -387.0118408203125, -395.6908264160156, -394.5841369628906, -396.60736083984375, -397.3310241699219, -391.4837646484375, -384.893310546875, -379.4604797363281, -390.6148681640625, -385.4148254394531, -389.135009765625, -393.3440246582031, -395.8532409667969, -406.255126953125, -415.2464294433594, -420.25860595703125, -428.6226806640625, -434.08074951171875, -430.76104736328125, -432.53326416015625, -433.0447082519531, -426.28460693359375, -420.3686828613281, -410.96533203125, -411.18212890625, -410.9631042480469, -411.058349609375, -409.8567199707031, -408.7232360839844, -412.7328796386719, -426.4686279296875, -420.7928466796875, -426.0800476074219, -426.26861572265625, -426.9618835449219, -439.8021240234375, -436.7374267578125, -444.5787658691406, -448.6769104003906, -445.10089111328125, -449.7765808105469, -455.9513854980469, -465.7973937988281, -473.67120361328125, -476.4031677246094, -474.62872314453125, -478.3241271972656, -478.8195495605469, -476.1148681640625, -472.972412109375, -469.2143249511719, -470.0400085449219, -473.27789306640625, -485.71783447265625, -483.9339599609375, -475.9814758300781, -493.09320068359375, -492.6455078125, -488.5332336425781, -484.7276306152344, -478.3394775390625, -473.9253234863281, -480.8240051269531, -473.7862854003906, -471.2367858886719, -470.4665832519531, -474.0082092285156, -479.42669677734375, -494.43017578125, -502.1036071777344, -491.4171447753906, -485.9856872558594, -497.3503112792969, -495.7763671875, -502.5788879394531, -509.3753967285156]
