Running with parameters: hidden=30, use_coupled=true, seed=60
Test Accuracy: 0.8833, Energy: 3.88
Time Taken:  11.97278094291687
Test Accuracy: 0.8833, Energy: 2.16
Time Taken:  11.978777170181274
Test Accuracy: 0.8833, Energy: 1.89
Time Taken:  11.972886800765991
Test Accuracy: 0.8833, Energy: 3.80
Time Taken:  12.051386594772339
Test Accuracy: 0.8833, Energy: 4.25
Time Taken:  11.907484292984009
Test Accuracy: 0.8833, Energy: -0.33
Time Taken:  11.928946495056152
Test Accuracy: 0.8833, Energy: 0.83
Time Taken:  11.953852415084839
Test Accuracy: 0.8833, Energy: 0.36
Time Taken:  11.983036994934082
Test Accuracy: 0.8800, Energy: -3.35
Time Taken:  11.995390892028809
Test Accuracy: 0.8800, Energy: -4.04
Time Taken:  12.011868238449097
Test Accuracy: 0.8800, Energy: -1.77
Time Taken:  11.987913846969604
Test Accuracy: 0.8800, Energy: 0.50
Time Taken:  12.019554138183594
Test Accuracy: 0.8800, Energy: 0.71
Time Taken:  11.920163631439209
Test Accuracy: 0.8800, Energy: -5.30
Time Taken:  11.911484003067017
Test Accuracy: 0.8800, Energy: -7.71
Time Taken:  11.943971157073975
Test Accuracy: 0.8800, Energy: -5.77
Time Taken:  11.998347282409668
Test Accuracy: 0.8800, Energy: -4.54
Time Taken:  11.945320129394531
Test Accuracy: 0.8800, Energy: -4.08
Time Taken:  11.996603012084961
Test Accuracy: 0.8800, Energy: -4.56
Time Taken:  11.988301277160645
Test Accuracy: 0.8800, Energy: -5.39
Time Taken:  12.03445839881897
Test Accuracy: 0.8800, Energy: -7.70
Time Taken:  11.955467224121094
Test Accuracy: 0.8800, Energy: -8.17
Time Taken:  11.928675651550293
Test Accuracy: 0.8800, Energy: -9.14
Time Taken:  11.93166732788086
Test Accuracy: 0.8800, Energy: -8.58
Time Taken:  11.940409660339355
Test Accuracy: 0.8800, Energy: -7.53
Time Taken:  11.945677757263184
Test Accuracy: 0.8800, Energy: -7.48
Time Taken:  11.927267789840698
Test Accuracy: 0.8800, Energy: -6.78
Time Taken:  11.985538005828857
Test Accuracy: 0.8800, Energy: -8.87
Time Taken:  12.034435987472534
Test Accuracy: 0.8800, Energy: -11.89
Time Taken:  11.939010381698608
Test Accuracy: 0.8800, Energy: -11.31
Time Taken:  11.902414560317993
Test Accuracy: 0.8800, Energy: -10.95
Time Taken:  11.935388803482056
Test Accuracy: 0.8800, Energy: -11.45
Time Taken:  11.903749942779541
Test Accuracy: 0.8800, Energy: -10.08
Time Taken:  11.907778978347778
Test Accuracy: 0.8800, Energy: -8.90
Time Taken:  11.982145071029663
Test Accuracy: 0.8800, Energy: -10.82
Time Taken:  11.955435037612915
Test Accuracy: 0.8800, Energy: -12.96
Time Taken:  12.005409955978394
Test Accuracy: 0.8800, Energy: -10.92
Time Taken:  11.930514097213745
Test Accuracy: 0.8800, Energy: -13.43
Time Taken:  11.95621657371521
Test Accuracy: 0.8800, Energy: -16.55
Time Taken:  11.95881175994873
Test Accuracy: 0.8800, Energy: -17.24
Time Taken:  11.904762506484985
Test Accuracy: 0.8800, Energy: -21.78
Time Taken:  11.913830041885376
Test Accuracy: 0.8800, Energy: -23.20
Time Taken:  11.978338956832886
Test Accuracy: 0.8800, Energy: -24.77
Time Taken:  11.845821380615234
Test Accuracy: 0.8800, Energy: -25.81
Time Taken:  11.682380437850952
Test Accuracy: 0.8767, Energy: -28.52
Time Taken:  11.62110447883606
Test Accuracy: 0.8767, Energy: -31.61
Time Taken:  11.688068628311157
Test Accuracy: 0.8767, Energy: -31.95
Time Taken:  11.575824975967407
Test Accuracy: 0.8767, Energy: -32.67
Time Taken:  11.614913702011108
Test Accuracy: 0.8767, Energy: -32.59
Time Taken:  11.624882221221924
Test Accuracy: 0.8767, Energy: -31.07
Time Taken:  11.668748617172241
Test Accuracy: 0.8767, Energy: -30.26
Time Taken:  11.659844160079956
Test Accuracy: 0.8767, Energy: -30.54
Time Taken:  11.635666131973267
Test Accuracy: 0.8767, Energy: -30.19
Time Taken:  11.6172616481781
Test Accuracy: 0.8800, Energy: -26.03
Time Taken:  11.644787549972534
Test Accuracy: 0.8967, Energy: -24.76
Time Taken:  11.622080564498901
Test Accuracy: 0.8967, Energy: -23.94
Time Taken:  11.625634670257568
Test Accuracy: 0.8967, Energy: -22.37
Time Taken:  11.588886260986328
Test Accuracy: 0.8967, Energy: -22.30
Time Taken:  11.596402883529663
Test Accuracy: 0.8967, Energy: -23.28
Time Taken:  11.737812280654907
Test Accuracy: 0.8967, Energy: -30.57
Time Taken:  11.57195496559143
Test Accuracy: 0.8967, Energy: -28.40
Time Taken:  11.65523362159729
Test Accuracy: 0.8967, Energy: -31.11
Time Taken:  11.662122249603271
Test Accuracy: 0.8967, Energy: -32.02
Time Taken:  11.682141304016113
Test Accuracy: 0.8967, Energy: -31.21
Time Taken:  11.596869707107544
Test Accuracy: 0.8967, Energy: -31.09
Time Taken:  11.624581813812256
Test Accuracy: 0.8967, Energy: -26.93
Time Taken:  11.61854100227356
Test Accuracy: 0.8967, Energy: -24.02
Time Taken:  11.737789392471313
Test Accuracy: 0.8933, Energy: -22.93
Time Taken:  11.695195198059082
Test Accuracy: 0.8933, Energy: -19.37
Time Taken:  11.577058792114258
Test Accuracy: 0.8933, Energy: -26.11
Time Taken:  11.649895906448364
Test Accuracy: 0.8933, Energy: -24.35
Time Taken:  11.653908252716064
Test Accuracy: 0.8933, Energy: -25.54
Time Taken:  11.609321594238281
Test Accuracy: 0.8933, Energy: -24.49
Time Taken:  11.621693134307861
Test Accuracy: 0.8933, Energy: -23.56
Time Taken:  11.629229068756104
Test Accuracy: 0.8900, Energy: -21.07
Time Taken:  11.686443567276001
Test Accuracy: 0.8900, Energy: -23.56
Time Taken:  11.61959981918335
Test Accuracy: 0.8900, Energy: -24.72
Time Taken:  11.59037733078003
Test Accuracy: 0.8900, Energy: -23.08
Time Taken:  11.577517986297607
Test Accuracy: 0.8900, Energy: -24.36
Time Taken:  11.637676000595093
Test Accuracy: 0.8900, Energy: -27.23
Time Taken:  11.696473836898804
Test Accuracy: 0.8900, Energy: -28.08
Time Taken:  11.634063720703125
Test Accuracy: 0.8867, Energy: -28.27
Time Taken:  11.581682205200195
Test Accuracy: 0.8867, Energy: -28.74
Time Taken:  11.704208850860596
Test Accuracy: 0.8867, Energy: -25.46
Time Taken:  11.554669857025146
Test Accuracy: 0.8867, Energy: -26.06
Time Taken:  11.615320682525635
Test Accuracy: 0.8867, Energy: -23.85
Time Taken:  11.651684761047363
Test Accuracy: 0.8867, Energy: -24.92
Time Taken:  11.58795952796936
Test Accuracy: 0.8867, Energy: -25.32
Time Taken:  11.653613805770874
Test Accuracy: 0.8867, Energy: -27.36
Time Taken:  11.652472019195557
Test Accuracy: 0.8900, Energy: -31.94
Time Taken:  11.651184797286987
Test Accuracy: 0.8900, Energy: -35.71
Time Taken:  11.689911603927612
Test Accuracy: 0.8900, Energy: -32.39
Time Taken:  11.599475622177124
Test Accuracy: 0.8900, Energy: -31.60
Time Taken:  11.597396612167358
Test Accuracy: 0.8900, Energy: -32.29
Time Taken:  11.619351387023926
Test Accuracy: 0.8900, Energy: -33.73
Time Taken:  11.572567701339722
Test Accuracy: 0.8900, Energy: -35.58
Time Taken:  11.6317880153656
Test Accuracy: 0.8900, Energy: -39.37
Time Taken:  11.597507238388062
Test Accuracy: 0.8900, Energy: -39.30
Time Taken:  11.592610836029053
Test Accuracy: 0.8900, Energy: -43.24
Time Taken:  11.706543207168579
Test Accuracy: 0.8900, Energy: -45.33
Time Taken:  11.855303287506104
Final accuracies: [0.8833333333333333, 0.8833333333333333, 0.8833333333333333, 0.8833333333333333, 0.8833333333333333, 0.8833333333333333, 0.8833333333333333, 0.8833333333333333, 0.88, 0.88, 0.88, 0.88, 0.88, 0.88, 0.88, 0.88, 0.88, 0.88, 0.88, 0.88, 0.88, 0.88, 0.88, 0.88, 0.88, 0.88, 0.88, 0.88, 0.88, 0.88, 0.88, 0.88, 0.88, 0.88, 0.88, 0.88, 0.88, 0.88, 0.88, 0.88, 0.88, 0.88, 0.88, 0.88, 0.8766666666666667, 0.8766666666666667, 0.8766666666666667, 0.8766666666666667, 0.8766666666666667, 0.8766666666666667, 0.8766666666666667, 0.8766666666666667, 0.8766666666666667, 0.88, 0.8966666666666666, 0.8966666666666666, 0.8966666666666666, 0.8966666666666666, 0.8966666666666666, 0.8966666666666666, 0.8966666666666666, 0.8966666666666666, 0.8966666666666666, 0.8966666666666666, 0.8966666666666666, 0.8966666666666666, 0.8966666666666666, 0.8933333333333333, 0.8933333333333333, 0.8933333333333333, 0.8933333333333333, 0.8933333333333333, 0.8933333333333333, 0.8933333333333333, 0.89, 0.89, 0.89, 0.89, 0.89, 0.89, 0.89, 0.8866666666666667, 0.8866666666666667, 0.8866666666666667, 0.8866666666666667, 0.8866666666666667, 0.8866666666666667, 0.8866666666666667, 0.8866666666666667, 0.89, 0.89, 0.89, 0.89, 0.89, 0.89, 0.89, 0.89, 0.89, 0.89, 0.89]
Final energies: [3.882714033126831, 2.1551389694213867, 1.8941600322723389, 3.799041748046875, 4.248234272003174, -0.33459511399269104, 0.8313802480697632, 0.36434629559516907, -3.348146915435791, -4.043619155883789, -1.7682479619979858, 0.4996911287307739, 0.7081458568572998, -5.302914619445801, -7.71143102645874, -5.773956298828125, -4.5374436378479, -4.0761566162109375, -4.555081844329834, -5.389750003814697, -7.700850963592529, -8.165629386901855, -9.142196655273438, -8.58442497253418, -7.531271457672119, -7.475825309753418, -6.775784015655518, -8.86933708190918, -11.888494491577148, -11.312947273254395, -10.953497886657715, -11.451446533203125, -10.082686424255371, -8.901318550109863, -10.820013999938965, -12.959782600402832, -10.915324211120605, -13.430401802062988, -16.546066284179688, -17.241945266723633, -21.778322219848633, -23.202064514160156, -24.770963668823242, -25.814374923706055, -28.520193099975586, -31.608800888061523, -31.952960968017578, -32.66842269897461, -32.59206008911133, -31.065380096435547, -30.262083053588867, -30.537939071655273, -30.194921493530273, -26.026103973388672, -24.75558090209961, -23.942216873168945, -22.37220001220703, -22.299592971801758, -23.281713485717773, -30.57491111755371, -28.401918411254883, -31.111852645874023, -32.018409729003906, -31.207168579101562, -31.08849334716797, -26.92905044555664, -24.01854705810547, -22.93086051940918, -19.3653507232666, -26.108736038208008, -24.35041618347168, -25.543760299682617, -24.489110946655273, -23.561141967773438, -21.065771102905273, -23.558109283447266, -24.71549415588379, -23.078964233398438, -24.355045318603516, -27.234699249267578, -28.07816505432129, -28.270118713378906, -28.740314483642578, -25.463623046875, -26.057697296142578, -23.845502853393555, -24.91975975036621, -25.32085418701172, -27.356712341308594, -31.938350677490234, -35.71299362182617, -32.39120864868164, -31.603288650512695, -32.29021453857422, -33.73085021972656, -35.583465576171875, -39.37047576904297, -39.30253982543945, -43.24187469482422, -45.327850341796875]
