Running with parameters: hidden=30, use_coupled=true, seed=63
Test Accuracy: 0.8233, Energy: 46.47
Time Taken:  13.231072187423706
Test Accuracy: 0.8233, Energy: 47.74
Time Taken:  13.125861644744873
Test Accuracy: 0.8233, Energy: 48.44
Time Taken:  13.286914587020874
Test Accuracy: 0.8233, Energy: 50.14
Time Taken:  13.276798486709595
Test Accuracy: 0.8233, Energy: 49.56
Time Taken:  13.190151691436768
Test Accuracy: 0.8233, Energy: 51.98
Time Taken:  13.237870693206787
Test Accuracy: 0.8233, Energy: 54.19
Time Taken:  13.284413576126099
Test Accuracy: 0.8233, Energy: 56.58
Time Taken:  13.261804342269897
Test Accuracy: 0.8233, Energy: 56.76
Time Taken:  13.280273675918579
Test Accuracy: 0.8233, Energy: 54.76
Time Taken:  13.369138240814209
Test Accuracy: 0.8233, Energy: 56.76
Time Taken:  13.312912940979004
Test Accuracy: 0.8267, Energy: 57.72
Time Taken:  13.34872817993164
Test Accuracy: 0.8267, Energy: 53.66
Time Taken:  13.257705211639404
Test Accuracy: 0.8267, Energy: 54.20
Time Taken:  13.242180347442627
Test Accuracy: 0.8267, Energy: 54.63
Time Taken:  13.083504915237427
Test Accuracy: 0.8267, Energy: 50.42
Time Taken:  13.237592697143555
Test Accuracy: 0.8267, Energy: 49.91
Time Taken:  13.161470413208008
Test Accuracy: 0.8267, Energy: 49.26
Time Taken:  13.181149244308472
Test Accuracy: 0.8267, Energy: 48.98
Time Taken:  13.14527940750122
Test Accuracy: 0.8267, Energy: 48.35
Time Taken:  13.250288724899292
Test Accuracy: 0.8267, Energy: 48.08
Time Taken:  13.12665843963623
Test Accuracy: 0.8267, Energy: 49.34
Time Taken:  13.131825923919678
Test Accuracy: 0.8267, Energy: 49.03
Time Taken:  13.111945152282715
Test Accuracy: 0.8267, Energy: 48.98
Time Taken:  13.169414520263672
Test Accuracy: 0.8267, Energy: 49.39
Time Taken:  13.183361291885376
Test Accuracy: 0.8267, Energy: 48.61
Time Taken:  13.169376373291016
Test Accuracy: 0.8267, Energy: 48.90
Time Taken:  13.144221782684326
Test Accuracy: 0.8267, Energy: 48.87
Time Taken:  13.240997552871704
Test Accuracy: 0.8267, Energy: 48.48
Time Taken:  13.132158517837524
Test Accuracy: 0.8267, Energy: 45.02
Time Taken:  13.170749187469482
Test Accuracy: 0.8267, Energy: 47.20
Time Taken:  13.191027402877808
Test Accuracy: 0.8267, Energy: 47.77
Time Taken:  12.960060119628906
Test Accuracy: 0.8267, Energy: 45.88
Time Taken:  12.869774103164673
Test Accuracy: 0.8267, Energy: 44.83
Time Taken:  12.870259284973145
Test Accuracy: 0.8267, Energy: 44.18
Time Taken:  12.939110040664673
Test Accuracy: 0.8267, Energy: 44.96
Time Taken:  13.030096530914307
Test Accuracy: 0.8267, Energy: 44.06
Time Taken:  12.916550397872925
Test Accuracy: 0.8267, Energy: 44.57
Time Taken:  12.944457054138184
Test Accuracy: 0.8267, Energy: 46.26
Time Taken:  13.116006135940552
Test Accuracy: 0.8267, Energy: 46.55
Time Taken:  13.212590456008911
Test Accuracy: 0.8267, Energy: 43.80
Time Taken:  13.078260660171509
Test Accuracy: 0.8267, Energy: 44.92
Time Taken:  12.941990613937378
Test Accuracy: 0.8267, Energy: 46.73
Time Taken:  12.914963006973267
Test Accuracy: 0.8267, Energy: 48.17
Time Taken:  13.02479338645935
Test Accuracy: 0.8267, Energy: 47.45
Time Taken:  12.955233573913574
Test Accuracy: 0.8267, Energy: 49.00
Time Taken:  13.112140417098999
Test Accuracy: 0.8267, Energy: 48.09
Time Taken:  13.31600022315979
Test Accuracy: 0.8233, Energy: 47.85
Time Taken:  13.309918880462646
Test Accuracy: 0.8233, Energy: 47.12
Time Taken:  13.381365776062012
Test Accuracy: 0.8233, Energy: 46.34
Time Taken:  13.31672978401184
Test Accuracy: 0.8233, Energy: 46.99
Time Taken:  13.336830377578735
Test Accuracy: 0.8233, Energy: 43.61
Time Taken:  13.34558391571045
Test Accuracy: 0.8233, Energy: 41.63
Time Taken:  13.19475793838501
Test Accuracy: 0.8233, Energy: 42.43
Time Taken:  13.215852737426758
Test Accuracy: 0.8233, Energy: 41.80
Time Taken:  13.18057632446289
Test Accuracy: 0.8233, Energy: 43.30
Time Taken:  13.232492208480835
Test Accuracy: 0.8233, Energy: 44.00
Time Taken:  13.223357200622559
Test Accuracy: 0.8233, Energy: 41.31
Time Taken:  13.334682703018188
Test Accuracy: 0.8233, Energy: 41.05
Time Taken:  13.421701431274414
Test Accuracy: 0.8233, Energy: 38.90
Time Taken:  13.358699560165405
Test Accuracy: 0.8233, Energy: 38.93
Time Taken:  13.44933009147644
Test Accuracy: 0.8233, Energy: 39.98
Time Taken:  13.384394645690918
Test Accuracy: 0.8233, Energy: 41.45
Time Taken:  13.201152563095093
Test Accuracy: 0.8233, Energy: 41.55
Time Taken:  13.15880799293518
Test Accuracy: 0.8233, Energy: 40.04
Time Taken:  13.163074493408203
Test Accuracy: 0.8233, Energy: 40.29
Time Taken:  13.236779928207397
Test Accuracy: 0.8233, Energy: 41.79
Time Taken:  13.282706499099731
Test Accuracy: 0.8233, Energy: 41.18
Time Taken:  13.169204473495483
Test Accuracy: 0.8233, Energy: 40.57
Time Taken:  13.151593685150146
Test Accuracy: 0.8233, Energy: 38.93
Time Taken:  13.238635540008545
Test Accuracy: 0.8233, Energy: 38.95
Time Taken:  13.186742305755615
Test Accuracy: 0.8233, Energy: 37.58
Time Taken:  12.206969022750854
Test Accuracy: 0.8233, Energy: 38.54
Time Taken:  12.099323511123657
Test Accuracy: 0.8233, Energy: 37.66
Time Taken:  12.116439819335938
Test Accuracy: 0.8233, Energy: 37.55
Time Taken:  12.179701328277588
Test Accuracy: 0.8233, Energy: 37.75
Time Taken:  12.186774730682373
Test Accuracy: 0.8233, Energy: 36.23
Time Taken:  12.138442754745483
Test Accuracy: 0.8233, Energy: 33.81
Time Taken:  12.16393518447876
Test Accuracy: 0.8233, Energy: 32.81
Time Taken:  12.226754903793335
Test Accuracy: 0.8267, Energy: 35.26
Time Taken:  12.151202201843262
Test Accuracy: 0.8267, Energy: 39.44
Time Taken:  12.154166460037231
Test Accuracy: 0.8267, Energy: 39.82
Time Taken:  12.105070114135742
Test Accuracy: 0.8267, Energy: 43.56
Time Taken:  12.18374228477478
Test Accuracy: 0.8267, Energy: 43.00
Time Taken:  12.13016414642334
Test Accuracy: 0.8267, Energy: 41.88
Time Taken:  12.22381043434143
Test Accuracy: 0.8267, Energy: 40.07
Time Taken:  12.171656608581543
Test Accuracy: 0.8267, Energy: 41.55
Time Taken:  12.122556686401367
Test Accuracy: 0.8267, Energy: 46.99
Time Taken:  12.201837539672852
Test Accuracy: 0.8267, Energy: 48.81
Time Taken:  12.14993405342102
Test Accuracy: 0.8267, Energy: 47.85
Time Taken:  12.11674427986145
Test Accuracy: 0.8267, Energy: 48.07
Time Taken:  12.25324034690857
Test Accuracy: 0.8267, Energy: 49.58
Time Taken:  12.15837574005127
Test Accuracy: 0.8233, Energy: 48.13
Time Taken:  12.144636631011963
Test Accuracy: 0.8233, Energy: 47.87
Time Taken:  12.06580662727356
Test Accuracy: 0.8233, Energy: 45.28
Time Taken:  11.623265504837036
Test Accuracy: 0.8267, Energy: 45.35
Time Taken:  11.396701574325562
Test Accuracy: 0.8267, Energy: 45.98
Time Taken:  11.34186577796936
Test Accuracy: 0.8267, Energy: 44.56
Time Taken:  11.468754291534424
Test Accuracy: 0.8267, Energy: 41.25
Time Taken:  11.473456144332886
Test Accuracy: 0.8233, Energy: 40.68
Time Taken:  11.275439977645874
Final accuracies: [0.8233333333333334, 0.8233333333333334, 0.8233333333333334, 0.8233333333333334, 0.8233333333333334, 0.8233333333333334, 0.8233333333333334, 0.8233333333333334, 0.8233333333333334, 0.8233333333333334, 0.8233333333333334, 0.8266666666666667, 0.8266666666666667, 0.8266666666666667, 0.8266666666666667, 0.8266666666666667, 0.8266666666666667, 0.8266666666666667, 0.8266666666666667, 0.8266666666666667, 0.8266666666666667, 0.8266666666666667, 0.8266666666666667, 0.8266666666666667, 0.8266666666666667, 0.8266666666666667, 0.8266666666666667, 0.8266666666666667, 0.8266666666666667, 0.8266666666666667, 0.8266666666666667, 0.8266666666666667, 0.8266666666666667, 0.8266666666666667, 0.8266666666666667, 0.8266666666666667, 0.8266666666666667, 0.8266666666666667, 0.8266666666666667, 0.8266666666666667, 0.8266666666666667, 0.8266666666666667, 0.8266666666666667, 0.8266666666666667, 0.8266666666666667, 0.8266666666666667, 0.8266666666666667, 0.8233333333333334, 0.8233333333333334, 0.8233333333333334, 0.8233333333333334, 0.8233333333333334, 0.8233333333333334, 0.8233333333333334, 0.8233333333333334, 0.8233333333333334, 0.8233333333333334, 0.8233333333333334, 0.8233333333333334, 0.8233333333333334, 0.8233333333333334, 0.8233333333333334, 0.8233333333333334, 0.8233333333333334, 0.8233333333333334, 0.8233333333333334, 0.8233333333333334, 0.8233333333333334, 0.8233333333333334, 0.8233333333333334, 0.8233333333333334, 0.8233333333333334, 0.8233333333333334, 0.8233333333333334, 0.8233333333333334, 0.8233333333333334, 0.8233333333333334, 0.8233333333333334, 0.8233333333333334, 0.8266666666666667, 0.8266666666666667, 0.8266666666666667, 0.8266666666666667, 0.8266666666666667, 0.8266666666666667, 0.8266666666666667, 0.8266666666666667, 0.8266666666666667, 0.8266666666666667, 0.8266666666666667, 0.8266666666666667, 0.8266666666666667, 0.8233333333333334, 0.8233333333333334, 0.8233333333333334, 0.8266666666666667, 0.8266666666666667, 0.8266666666666667, 0.8266666666666667, 0.8233333333333334]
Final energies: [46.47432327270508, 47.74026107788086, 48.44358444213867, 50.14156723022461, 49.56079864501953, 51.983768463134766, 54.19126510620117, 56.57949447631836, 56.75726318359375, 54.76161193847656, 56.76130294799805, 57.715816497802734, 53.658485412597656, 54.19926452636719, 54.633811950683594, 50.41944122314453, 49.9077033996582, 49.26166534423828, 48.981754302978516, 48.35175704956055, 48.079925537109375, 49.33717346191406, 49.02702331542969, 48.98265075683594, 49.39229965209961, 48.610015869140625, 48.89757537841797, 48.871299743652344, 48.483116149902344, 45.01656723022461, 47.20415115356445, 47.77052688598633, 45.881187438964844, 44.832557678222656, 44.17875289916992, 44.96446990966797, 44.06424331665039, 44.569801330566406, 46.25629806518555, 46.55295181274414, 43.797828674316406, 44.92491912841797, 46.7325325012207, 48.1688117980957, 47.45105743408203, 48.9951057434082, 48.09327697753906, 47.84910583496094, 47.12158203125, 46.33821487426758, 46.98798751831055, 43.614219665527344, 41.63475799560547, 42.43268585205078, 41.79512405395508, 43.30140686035156, 43.99725341796875, 41.308815002441406, 41.052337646484375, 38.89878463745117, 38.93124008178711, 39.97603225708008, 41.44585418701172, 41.54927062988281, 40.03532409667969, 40.29233169555664, 41.79153060913086, 41.17536163330078, 40.57128143310547, 38.92557907104492, 38.9517936706543, 37.57994842529297, 38.54222869873047, 37.663246154785156, 37.55436706542969, 37.750003814697266, 36.2294921875, 33.813350677490234, 32.80682373046875, 35.25749206542969, 39.43873596191406, 39.821136474609375, 43.56453323364258, 42.99744415283203, 41.876102447509766, 40.067710876464844, 41.54658508300781, 46.99390411376953, 48.80947494506836, 47.84931945800781, 48.066986083984375, 49.57583236694336, 48.12663269042969, 47.870460510253906, 45.28461837768555, 45.34990310668945, 45.97563552856445, 44.56051254272461, 41.250022888183594, 40.68407440185547]
