Running with parameters: hidden=100, use_coupled=true, seed=58, lam=0.0, eta=1.0, batch=1
Test Loss: 0.0000, Test Accuracy: 0.9800, Energy: -2902438.0
Time taken:  13.509269714355469
Test Loss: 0.0000, Test Accuracy: 1.0000, Energy: -2323513.5
Time taken:  13.11142349243164
Test Loss: 0.0000, Test Accuracy: 1.0000, Energy: -2342245.25
Time taken:  13.108394861221313
Test Loss: 0.0000, Test Accuracy: 1.0000, Energy: -2351276.75
Time taken:  13.2556791305542
Test Loss: 0.0000, Test Accuracy: 1.0000, Energy: -2351690.5
Time taken:  13.229102373123169
Test Loss: 0.0000, Test Accuracy: 1.0000, Energy: -2351736.25
Time taken:  13.116675615310669
Test Loss: 0.0000, Test Accuracy: 1.0000, Energy: -2351973.0
Time taken:  13.158824682235718
Test Loss: 0.0000, Test Accuracy: 1.0000, Energy: -2351973.0
Time taken:  13.233144521713257
Test Loss: 0.0000, Test Accuracy: 1.0000, Energy: -2352199.75
Time taken:  13.145193576812744
Test Loss: 0.0000, Test Accuracy: 1.0000, Energy: -2352150.25
Time taken:  13.14276671409607
Test Loss: 0.0000, Test Accuracy: 1.0000, Energy: -2352602.75
Time taken:  13.165812492370605
Test Loss: 0.0000, Test Accuracy: 1.0000, Energy: -2353560.25
Time taken:  13.271919012069702
Test Loss: 0.0000, Test Accuracy: 1.0000, Energy: -2356352.25
Time taken:  13.127878427505493
Test Loss: 0.0000, Test Accuracy: 1.0000, Energy: -2356620.75
Time taken:  13.184712648391724
Test Loss: 0.0000, Test Accuracy: 1.0000, Energy: -2356677.5
Time taken:  13.138724088668823
Test Loss: 0.0000, Test Accuracy: 1.0000, Energy: -2356661.5
Time taken:  13.286530256271362
Test Loss: 0.0000, Test Accuracy: 1.0000, Energy: -2356674.5
Time taken:  13.125637769699097
Test Loss: 0.0000, Test Accuracy: 1.0000, Energy: -2356779.25
Time taken:  13.167056560516357
Test Loss: 0.0000, Test Accuracy: 1.0000, Energy: -2356809.75
Time taken:  13.153759002685547
Test Loss: 0.0000, Test Accuracy: 1.0000, Energy: -2356757.5
Time taken:  13.240620613098145
Test Loss: 0.0000, Test Accuracy: 1.0000, Energy: -2356814.0
Time taken:  13.14269232749939
Test Loss: 0.0000, Test Accuracy: 1.0000, Energy: -2356939.25
Time taken:  13.123922348022461
Test Loss: 0.0000, Test Accuracy: 1.0000, Energy: -2357007.5
Time taken:  13.268098592758179
Test Loss: 0.0000, Test Accuracy: 1.0000, Energy: -2357025.0
Time taken:  13.116595029830933
Test Loss: 0.0000, Test Accuracy: 1.0000, Energy: -2357017.0
Time taken:  13.23600697517395
Test Loss: 0.0000, Test Accuracy: 1.0000, Energy: -2357071.75
Time taken:  13.14762544631958
Test Loss: 0.0000, Test Accuracy: 1.0000, Energy: -2357158.25
Time taken:  13.271607398986816
Test Loss: 0.0000, Test Accuracy: 1.0000, Energy: -2357946.0
Time taken:  13.266270637512207
Test Loss: 0.0000, Test Accuracy: 1.0000, Energy: -2358288.0
Time taken:  13.151070594787598
Test Loss: 0.0000, Test Accuracy: 1.0000, Energy: -2361224.25
Time taken:  13.180708885192871
Test Loss: 0.0000, Test Accuracy: 1.0000, Energy: -2361253.5
Time taken:  13.232329368591309
Test Loss: 0.0000, Test Accuracy: 1.0000, Energy: -2361421.75
Time taken:  13.165660381317139
Test Loss: 0.0000, Test Accuracy: 1.0000, Energy: -2361480.75
Time taken:  13.148983716964722
Test Loss: 0.0000, Test Accuracy: 1.0000, Energy: -2361516.25
Time taken:  13.15132188796997
Test Loss: 0.0000, Test Accuracy: 1.0000, Energy: -2361738.0
Time taken:  13.238117218017578
Test Loss: 0.0000, Test Accuracy: 1.0000, Energy: -2361889.5
Time taken:  13.119786977767944
Test Loss: 0.0000, Test Accuracy: 1.0000, Energy: -2362029.0
Time taken:  13.151612758636475
Test Loss: 0.0000, Test Accuracy: 1.0000, Energy: -2362139.0
Time taken:  13.163603067398071
Test Loss: 0.0000, Test Accuracy: 1.0000, Energy: -2362320.25
Time taken:  13.252922296524048
Test Loss: 0.0000, Test Accuracy: 1.0000, Energy: -2362535.25
Time taken:  13.138570547103882
Test Loss: 0.0000, Test Accuracy: 1.0000, Energy: -2362977.0
Time taken:  13.145031929016113
Test Loss: 0.0000, Test Accuracy: 1.0000, Energy: -2363259.0
Time taken:  13.076939344406128
Test Loss: 0.0000, Test Accuracy: 1.0000, Energy: -2371725.75
Time taken:  13.16786503791809
Test Loss: 0.0000, Test Accuracy: 1.0000, Energy: -2372597.75
Time taken:  13.118027210235596
Test Loss: 0.0000, Test Accuracy: 1.0000, Energy: -2372764.5
Time taken:  13.050739526748657
Test Loss: 0.0000, Test Accuracy: 1.0000, Energy: -2373360.5
Time taken:  13.112779140472412
Test Loss: 0.0000, Test Accuracy: 1.0000, Energy: -2373525.25
Time taken:  13.18014931678772
Test Loss: 0.0000, Test Accuracy: 1.0000, Energy: -2374339.5
Time taken:  13.058578968048096
Test Loss: 0.0000, Test Accuracy: 1.0000, Energy: -2374365.0
Time taken:  13.064161539077759
Test Loss: 0.0000, Test Accuracy: 1.0000, Energy: -2375073.0
Time taken:  13.032816410064697
Test Loss: 0.0000, Test Accuracy: 1.0000, Energy: -2375396.25
Time taken:  13.166970014572144
Test Loss: 0.0000, Test Accuracy: 1.0000, Energy: -2376429.75
Time taken:  13.050939083099365
Test Loss: 0.0000, Test Accuracy: 1.0000, Energy: -2376861.0
Time taken:  13.065441608428955
Test Loss: 0.0000, Test Accuracy: 1.0000, Energy: -2376973.0
Time taken:  13.088863849639893
Test Loss: 0.0000, Test Accuracy: 1.0000, Energy: -2377106.5
Time taken:  13.172199249267578
Test Loss: 0.0000, Test Accuracy: 1.0000, Energy: -2377110.75
Time taken:  13.043194770812988
Test Loss: 0.0000, Test Accuracy: 1.0000, Energy: -2377215.5
Time taken:  13.094079971313477
Test Loss: 0.0000, Test Accuracy: 1.0000, Energy: -2377360.25
Time taken:  13.123739242553711
Test Loss: 0.0000, Test Accuracy: 1.0000, Energy: -2377390.5
Time taken:  13.165113925933838
Test Loss: 0.0000, Test Accuracy: 1.0000, Energy: -2377509.75
Time taken:  13.056787967681885
Test Loss: 0.0000, Test Accuracy: 1.0000, Energy: -2377633.25
Time taken:  13.059167861938477
Test Loss: 0.0000, Test Accuracy: 1.0000, Energy: -2377655.75
Time taken:  13.102974891662598
Test Loss: 0.0000, Test Accuracy: 1.0000, Energy: -2377952.75
Time taken:  13.13452696800232
Test Loss: 0.0000, Test Accuracy: 1.0000, Energy: -2377938.5
Time taken:  13.168815851211548
Test Loss: 0.0000, Test Accuracy: 1.0000, Energy: -2378026.0
Time taken:  13.078478574752808
Test Loss: 0.0000, Test Accuracy: 1.0000, Energy: -2378164.5
Time taken:  13.233153581619263
Test Loss: 0.0000, Test Accuracy: 1.0000, Energy: -2378819.5
Time taken:  13.170652151107788
Test Loss: 0.0000, Test Accuracy: 1.0000, Energy: -2383049.5
Time taken:  13.085901498794556
Test Loss: 0.0000, Test Accuracy: 1.0000, Energy: -2385823.75
Time taken:  13.066209316253662
Test Loss: 0.0000, Test Accuracy: 1.0000, Energy: -2387307.75
Time taken:  13.19971752166748
Test Loss: 0.0000, Test Accuracy: 1.0000, Energy: -2387394.75
Time taken:  13.155869960784912
Test Loss: 0.0000, Test Accuracy: 1.0000, Energy: -2387598.0
Time taken:  13.05538535118103
Test Loss: 0.0000, Test Accuracy: 1.0000, Energy: -2387806.75
Time taken:  13.045973539352417
Test Loss: 0.0000, Test Accuracy: 1.0000, Energy: -2387948.0
Time taken:  13.194868564605713
Test Loss: 0.0000, Test Accuracy: 1.0000, Energy: -2388450.75
Time taken:  13.067249059677124
Test Loss: 0.0000, Test Accuracy: 1.0000, Energy: -2389041.75
Time taken:  13.106223344802856
Test Loss: 0.0000, Test Accuracy: 1.0000, Energy: -2389102.0
Time taken:  13.055132389068604
Test Loss: 0.0000, Test Accuracy: 1.0000, Energy: -2389158.5
Time taken:  13.170475244522095
Test Loss: 0.0000, Test Accuracy: 1.0000, Energy: -2389341.75
Time taken:  13.066840648651123
Test Loss: 0.0000, Test Accuracy: 1.0000, Energy: -2389745.75
Time taken:  13.092752695083618
Test Loss: 0.0000, Test Accuracy: 1.0000, Energy: -2389729.5
Time taken:  13.057181358337402
Test Loss: 0.0000, Test Accuracy: 1.0000, Energy: -2389894.5
Time taken:  13.16870903968811
Test Loss: 0.0000, Test Accuracy: 1.0000, Energy: -2389750.25
Time taken:  13.05587887763977
Test Loss: 0.0000, Test Accuracy: 1.0000, Energy: -2389864.25
Time taken:  13.073805093765259
Test Loss: 0.0000, Test Accuracy: 1.0000, Energy: -2389918.25
Time taken:  13.09338665008545
Test Loss: 0.0000, Test Accuracy: 1.0000, Energy: -2391964.25
Time taken:  13.151342868804932
Test Loss: 0.0000, Test Accuracy: 1.0000, Energy: -2392204.5
Time taken:  13.142560243606567
Test Loss: 0.0000, Test Accuracy: 1.0000, Energy: -2392375.5
Time taken:  13.057308435440063
Test Loss: 0.0000, Test Accuracy: 1.0000, Energy: -2392401.0
Time taken:  13.087630271911621
Test Loss: 0.0000, Test Accuracy: 1.0000, Energy: -2392703.25
Time taken:  13.195134401321411
Test Loss: 0.0000, Test Accuracy: 1.0000, Energy: -2392746.25
Time taken:  13.099450588226318
Test Loss: 0.0000, Test Accuracy: 1.0000, Energy: -2392936.5
Time taken:  13.076584339141846
Test Loss: 0.0000, Test Accuracy: 1.0000, Energy: -2393004.75
Time taken:  13.061753749847412
Test Loss: 0.0000, Test Accuracy: 1.0000, Energy: -2393325.0
Time taken:  13.193655252456665
Test Loss: 0.0000, Test Accuracy: 1.0000, Energy: -2393434.5
Time taken:  13.040542125701904
Test Loss: 0.0000, Test Accuracy: 1.0000, Energy: -2393637.25
Time taken:  13.151732921600342
Test Loss: 0.0000, Test Accuracy: 1.0000, Energy: -2393652.0
Time taken:  13.063905000686646
Test Loss: 0.0000, Test Accuracy: 1.0000, Energy: -2393689.75
Time taken:  13.189769983291626
Test Loss: 0.0000, Test Accuracy: 1.0000, Energy: -2393874.25
Time taken:  13.083651304244995
Test Loss: 0.0000, Test Accuracy: 1.0000, Energy: -2393889.75
Time taken:  13.046212434768677
Final accuracies: [0.98, 1.0, 1.0, 1.0, 1.0, 1.0, 1.0, 1.0, 1.0, 1.0, 1.0, 1.0, 1.0, 1.0, 1.0, 1.0, 1.0, 1.0, 1.0, 1.0, 1.0, 1.0, 1.0, 1.0, 1.0, 1.0, 1.0, 1.0, 1.0, 1.0, 1.0, 1.0, 1.0, 1.0, 1.0, 1.0, 1.0, 1.0, 1.0, 1.0, 1.0, 1.0, 1.0, 1.0, 1.0, 1.0, 1.0, 1.0, 1.0, 1.0, 1.0, 1.0, 1.0, 1.0, 1.0, 1.0, 1.0, 1.0, 1.0, 1.0, 1.0, 1.0, 1.0, 1.0, 1.0, 1.0, 1.0, 1.0, 1.0, 1.0, 1.0, 1.0, 1.0, 1.0, 1.0, 1.0, 1.0, 1.0, 1.0, 1.0, 1.0, 1.0, 1.0, 1.0, 1.0, 1.0, 1.0, 1.0, 1.0, 1.0, 1.0, 1.0, 1.0, 1.0, 1.0, 1.0, 1.0, 1.0, 1.0, 1.0]
Final energies: [-2902438.0, -2323513.5, -2342245.25, -2351276.75, -2351690.5, -2351736.25, -2351973.0, -2351973.0, -2352199.75, -2352150.25, -2352602.75, -2353560.25, -2356352.25, -2356620.75, -2356677.5, -2356661.5, -2356674.5, -2356779.25, -2356809.75, -2356757.5, -2356814.0, -2356939.25, -2357007.5, -2357025.0, -2357017.0, -2357071.75, -2357158.25, -2357946.0, -2358288.0, -2361224.25, -2361253.5, -2361421.75, -2361480.75, -2361516.25, -2361738.0, -2361889.5, -2362029.0, -2362139.0, -2362320.25, -2362535.25, -2362977.0, -2363259.0, -2371725.75, -2372597.75, -2372764.5, -2373360.5, -2373525.25, -2374339.5, -2374365.0, -2375073.0, -2375396.25, -2376429.75, -2376861.0, -2376973.0, -2377106.5, -2377110.75, -2377215.5, -2377360.25, -2377390.5, -2377509.75, -2377633.25, -2377655.75, -2377952.75, -2377938.5, -2378026.0, -2378164.5, -2378819.5, -2383049.5, -2385823.75, -2387307.75, -2387394.75, -2387598.0, -2387806.75, -2387948.0, -2388450.75, -2389041.75, -2389102.0, -2389158.5, -2389341.75, -2389745.75, -2389729.5, -2389894.5, -2389750.25, -2389864.25, -2389918.25, -2391964.25, -2392204.5, -2392375.5, -2392401.0, -2392703.25, -2392746.25, -2392936.5, -2393004.75, -2393325.0, -2393434.5, -2393637.25, -2393652.0, -2393689.75, -2393874.25, -2393889.75]
