Running with parameters: hidden=100, use_coupled=true, seed=9, lam=0.0, eta=1.0, batch=1
Test Loss: 0.0000, Test Accuracy: 1.0000, Energy: -1961758.625
Time taken:  14.21581768989563
Test Loss: 0.0000, Test Accuracy: 1.0000, Energy: -1986585.0
Time taken:  13.881989479064941
Test Loss: 0.0000, Test Accuracy: 1.0000, Energy: -1990134.625
Time taken:  13.833154678344727
Test Loss: 0.0000, Test Accuracy: 1.0000, Energy: -1993727.875
Time taken:  13.285220861434937
Test Loss: 0.0000, Test Accuracy: 0.9967, Energy: -2002101.875
Time taken:  13.133400201797485
Test Loss: 0.0000, Test Accuracy: 0.9967, Energy: -2008041.625
Time taken:  13.149668216705322
Test Loss: 0.0000, Test Accuracy: 0.9967, Energy: -2026643.375
Time taken:  13.155601978302002
Test Loss: 0.0000, Test Accuracy: 0.9967, Energy: -2033149.25
Time taken:  13.239802598953247
Test Loss: 0.0000, Test Accuracy: 0.9967, Energy: -2044204.375
Time taken:  13.1412672996521
Test Loss: 0.0000, Test Accuracy: 0.9933, Energy: -2049351.875
Time taken:  13.1423499584198
Test Loss: 0.0000, Test Accuracy: 0.9933, Energy: -2051690.75
Time taken:  13.148061275482178
Test Loss: 0.0000, Test Accuracy: 0.9933, Energy: -2054091.375
Time taken:  13.2453773021698
Test Loss: 0.0000, Test Accuracy: 0.9933, Energy: -2057021.25
Time taken:  13.117220163345337
Test Loss: 0.0000, Test Accuracy: 0.9967, Energy: -2060880.625
Time taken:  13.08936858177185
Test Loss: 0.0000, Test Accuracy: 0.9967, Energy: -2063536.0
Time taken:  13.117320537567139
Test Loss: 0.0000, Test Accuracy: 0.9967, Energy: -2066964.875
Time taken:  13.220187187194824
Test Loss: 0.0000, Test Accuracy: 1.0000, Energy: -2078562.625
Time taken:  13.153693437576294
Test Loss: 0.0000, Test Accuracy: 1.0000, Energy: -2087141.0
Time taken:  13.15439486503601
Test Loss: 0.0000, Test Accuracy: 1.0000, Energy: -2091534.375
Time taken:  13.145447015762329
Test Loss: 0.0000, Test Accuracy: 1.0000, Energy: -2062073.0
Time taken:  13.262928485870361
Test Loss: 0.0000, Test Accuracy: 1.0000, Energy: -2069882.5
Time taken:  13.111213445663452
Test Loss: 0.0000, Test Accuracy: 1.0000, Energy: -2072307.875
Time taken:  13.16930341720581
Test Loss: 0.0000, Test Accuracy: 1.0000, Energy: -2075250.125
Time taken:  13.242411613464355
Test Loss: 0.0000, Test Accuracy: 1.0000, Energy: -2078692.875
Time taken:  13.143786191940308
Test Loss: 0.0000, Test Accuracy: 1.0000, Energy: -2102612.25
Time taken:  13.169291257858276
Test Loss: 0.0000, Test Accuracy: 1.0000, Energy: -2117067.0
Time taken:  13.168508768081665
Test Loss: 0.0000, Test Accuracy: 1.0000, Energy: -2118909.0
Time taken:  13.287200927734375
Test Loss: 0.0000, Test Accuracy: 1.0000, Energy: -2123061.0
Time taken:  13.165969133377075
Test Loss: 0.0000, Test Accuracy: 1.0000, Energy: -2126003.0
Time taken:  13.165851593017578
Test Loss: 0.0000, Test Accuracy: 1.0000, Energy: -2130616.75
Time taken:  13.168679475784302
Test Loss: 0.0000, Test Accuracy: 1.0000, Energy: -2135981.75
Time taken:  13.264472246170044
Test Loss: 0.0000, Test Accuracy: 1.0000, Energy: -2143440.25
Time taken:  13.152379035949707
Test Loss: 0.0000, Test Accuracy: 1.0000, Energy: -2148729.0
Time taken:  13.138973236083984
Test Loss: 0.0000, Test Accuracy: 1.0000, Energy: -2153226.0
Time taken:  13.142029285430908
Test Loss: 0.0000, Test Accuracy: 1.0000, Energy: -2159393.0
Time taken:  13.254415512084961
Test Loss: 0.0000, Test Accuracy: 1.0000, Energy: -2162884.75
Time taken:  13.166704177856445
Test Loss: 0.0000, Test Accuracy: 1.0000, Energy: -2168512.0
Time taken:  13.12916374206543
Test Loss: 0.0000, Test Accuracy: 1.0000, Energy: -2170949.5
Time taken:  13.169356107711792
Test Loss: 0.0000, Test Accuracy: 1.0000, Energy: -2173507.5
Time taken:  13.264722108840942
Test Loss: 0.0000, Test Accuracy: 1.0000, Energy: -2176666.0
Time taken:  13.125834941864014
Test Loss: 0.0000, Test Accuracy: 1.0000, Energy: -2180237.75
Time taken:  13.132911443710327
Test Loss: 0.0000, Test Accuracy: 1.0000, Energy: -2182940.5
Time taken:  13.14711332321167
Test Loss: 0.0000, Test Accuracy: 1.0000, Energy: -2186277.0
Time taken:  13.304682493209839
Test Loss: 0.0000, Test Accuracy: 1.0000, Energy: -2189068.75
Time taken:  13.162719011306763
Test Loss: 0.0000, Test Accuracy: 1.0000, Energy: -2190594.0
Time taken:  13.165237426757812
Test Loss: 0.0000, Test Accuracy: 0.9967, Energy: -2199564.0
Time taken:  13.150872468948364
Test Loss: 0.0000, Test Accuracy: 0.9967, Energy: -2201753.0
Time taken:  13.265542984008789
Test Loss: 0.0000, Test Accuracy: 0.9967, Energy: -2204688.75
Time taken:  13.17350172996521
Test Loss: 0.0000, Test Accuracy: 0.9967, Energy: -2206907.25
Time taken:  13.14603853225708
Test Loss: 0.0000, Test Accuracy: 0.9967, Energy: -2207059.25
Time taken:  13.16117811203003
Test Loss: 0.0000, Test Accuracy: 0.9967, Energy: -2209018.75
Time taken:  13.265725374221802
Test Loss: 0.0000, Test Accuracy: 1.0000, Energy: -2211408.25
Time taken:  13.114863634109497
Test Loss: 0.0000, Test Accuracy: 1.0000, Energy: -2215163.75
Time taken:  13.119160175323486
Test Loss: 0.0000, Test Accuracy: 1.0000, Energy: -2219363.0
Time taken:  13.177239894866943
Test Loss: 0.0000, Test Accuracy: 1.0000, Energy: -2221823.5
Time taken:  13.29934549331665
Test Loss: 0.0000, Test Accuracy: 1.0000, Energy: -2224362.25
Time taken:  13.153582334518433
Test Loss: 0.0000, Test Accuracy: 1.0000, Energy: -2227667.25
Time taken:  13.198017358779907
Test Loss: 0.0000, Test Accuracy: 1.0000, Energy: -2229874.75
Time taken:  13.161232471466064
Test Loss: 0.0000, Test Accuracy: 1.0000, Energy: -2232838.75
Time taken:  13.286649227142334
Test Loss: 0.0000, Test Accuracy: 1.0000, Energy: -2234594.25
Time taken:  13.16228461265564
Test Loss: 0.0000, Test Accuracy: 1.0000, Energy: -2237495.75
Time taken:  13.144679546356201
Test Loss: 0.0000, Test Accuracy: 1.0000, Energy: -2240331.25
Time taken:  13.175370693206787
Test Loss: 0.0000, Test Accuracy: 1.0000, Energy: -2242952.25
Time taken:  13.227516412734985
Test Loss: 0.0000, Test Accuracy: 1.0000, Energy: -2245784.5
Time taken:  13.154922723770142
Test Loss: 0.0000, Test Accuracy: 1.0000, Energy: -2248290.25
Time taken:  13.125282287597656
Test Loss: 0.0000, Test Accuracy: 1.0000, Energy: -2250992.5
Time taken:  13.23973822593689
Test Loss: 0.0000, Test Accuracy: 1.0000, Energy: -2253340.25
Time taken:  13.159050941467285
Test Loss: 0.0000, Test Accuracy: 1.0000, Energy: -2256006.5
Time taken:  13.163191318511963
Test Loss: 0.0000, Test Accuracy: 1.0000, Energy: -2258187.25
Time taken:  13.167358636856079
Test Loss: 0.0000, Test Accuracy: 1.0000, Energy: -2261440.5
Time taken:  13.258724212646484
Test Loss: 0.0000, Test Accuracy: 1.0000, Energy: -2267264.75
Time taken:  13.173285007476807
Test Loss: 0.0000, Test Accuracy: 1.0000, Energy: -2275821.0
Time taken:  13.145416975021362
Test Loss: 0.0000, Test Accuracy: 1.0000, Energy: -2280014.75
Time taken:  13.147998809814453
Test Loss: 0.0000, Test Accuracy: 1.0000, Energy: -2283002.75
Time taken:  13.245386600494385
Test Loss: 0.0000, Test Accuracy: 1.0000, Energy: -2285789.5
Time taken:  13.129739999771118
Test Loss: 0.0000, Test Accuracy: 1.0000, Energy: -2288656.0
Time taken:  13.133694171905518
Test Loss: 0.0000, Test Accuracy: 1.0000, Energy: -2291308.0
Time taken:  13.153912782669067
Test Loss: 0.0000, Test Accuracy: 1.0000, Energy: -2294055.25
Time taken:  13.283933639526367
Test Loss: 0.0000, Test Accuracy: 1.0000, Energy: -2298080.5
Time taken:  13.147542238235474
Test Loss: 0.0000, Test Accuracy: 1.0000, Energy: -2314466.0
Time taken:  13.156401634216309
Test Loss: 0.0000, Test Accuracy: 1.0000, Energy: -2318025.5
Time taken:  13.127629280090332
Test Loss: 0.0000, Test Accuracy: 1.0000, Energy: -2320731.0
Time taken:  13.275400161743164
Test Loss: 0.0000, Test Accuracy: 1.0000, Energy: -2333006.75
Time taken:  13.14995527267456
Test Loss: 0.0000, Test Accuracy: 1.0000, Energy: -2336001.25
Time taken:  13.141052722930908
Test Loss: 0.0000, Test Accuracy: 1.0000, Energy: -2338541.75
Time taken:  13.146306991577148
Test Loss: 0.0000, Test Accuracy: 1.0000, Energy: -2340806.0
Time taken:  13.254257440567017
Test Loss: 0.0000, Test Accuracy: 1.0000, Energy: -2343456.75
Time taken:  13.144917726516724
Test Loss: 0.0000, Test Accuracy: 1.0000, Energy: -2346461.0
Time taken:  13.166311979293823
Test Loss: 0.0000, Test Accuracy: 1.0000, Energy: -2349284.5
Time taken:  13.151425838470459
Test Loss: 0.0000, Test Accuracy: 1.0000, Energy: -2351933.75
Time taken:  13.271743297576904
Test Loss: 0.0000, Test Accuracy: 1.0000, Energy: -2355134.25
Time taken:  13.14188551902771
Test Loss: 0.0000, Test Accuracy: 1.0000, Energy: -2357515.5
Time taken:  13.149743795394897
Test Loss: 0.0000, Test Accuracy: 1.0000, Energy: -2360157.5
Time taken:  13.151054859161377
Test Loss: 0.0000, Test Accuracy: 1.0000, Energy: -2362907.0
Time taken:  13.271897554397583
Test Loss: 0.0000, Test Accuracy: 1.0000, Energy: -2365381.5
Time taken:  13.136481285095215
Test Loss: 0.0000, Test Accuracy: 1.0000, Energy: -2363667.25
Time taken:  13.148974895477295
Test Loss: 0.0000, Test Accuracy: 1.0000, Energy: -2366007.5
Time taken:  13.158802032470703
Test Loss: 0.0000, Test Accuracy: 1.0000, Energy: -2369309.5
Time taken:  13.28018045425415
Test Loss: 0.0000, Test Accuracy: 0.9967, Energy: -2369647.25
Time taken:  13.143028259277344
Test Loss: 0.0000, Test Accuracy: 0.9967, Energy: -2372239.25
Time taken:  13.135015487670898
Final accuracies: [1.0, 1.0, 1.0, 1.0, 0.9966666666666667, 0.9966666666666667, 0.9966666666666667, 0.9966666666666667, 0.9966666666666667, 0.9933333333333333, 0.9933333333333333, 0.9933333333333333, 0.9933333333333333, 0.9966666666666667, 0.9966666666666667, 0.9966666666666667, 1.0, 1.0, 1.0, 1.0, 1.0, 1.0, 1.0, 1.0, 1.0, 1.0, 1.0, 1.0, 1.0, 1.0, 1.0, 1.0, 1.0, 1.0, 1.0, 1.0, 1.0, 1.0, 1.0, 1.0, 1.0, 1.0, 1.0, 1.0, 1.0, 0.9966666666666667, 0.9966666666666667, 0.9966666666666667, 0.9966666666666667, 0.9966666666666667, 0.9966666666666667, 1.0, 1.0, 1.0, 1.0, 1.0, 1.0, 1.0, 1.0, 1.0, 1.0, 1.0, 1.0, 1.0, 1.0, 1.0, 1.0, 1.0, 1.0, 1.0, 1.0, 1.0, 1.0, 1.0, 1.0, 1.0, 1.0, 1.0, 1.0, 1.0, 1.0, 1.0, 1.0, 1.0, 1.0, 1.0, 1.0, 1.0, 1.0, 1.0, 1.0, 1.0, 1.0, 1.0, 1.0, 1.0, 1.0, 1.0, 0.9966666666666667, 0.9966666666666667]
Final energies: [-1961758.625, -1986585.0, -1990134.625, -1993727.875, -2002101.875, -2008041.625, -2026643.375, -2033149.25, -2044204.375, -2049351.875, -2051690.75, -2054091.375, -2057021.25, -2060880.625, -2063536.0, -2066964.875, -2078562.625, -2087141.0, -2091534.375, -2062073.0, -2069882.5, -2072307.875, -2075250.125, -2078692.875, -2102612.25, -2117067.0, -2118909.0, -2123061.0, -2126003.0, -2130616.75, -2135981.75, -2143440.25, -2148729.0, -2153226.0, -2159393.0, -2162884.75, -2168512.0, -2170949.5, -2173507.5, -2176666.0, -2180237.75, -2182940.5, -2186277.0, -2189068.75, -2190594.0, -2199564.0, -2201753.0, -2204688.75, -2206907.25, -2207059.25, -2209018.75, -2211408.25, -2215163.75, -2219363.0, -2221823.5, -2224362.25, -2227667.25, -2229874.75, -2232838.75, -2234594.25, -2237495.75, -2240331.25, -2242952.25, -2245784.5, -2248290.25, -2250992.5, -2253340.25, -2256006.5, -2258187.25, -2261440.5, -2267264.75, -2275821.0, -2280014.75, -2283002.75, -2285789.5, -2288656.0, -2291308.0, -2294055.25, -2298080.5, -2314466.0, -2318025.5, -2320731.0, -2333006.75, -2336001.25, -2338541.75, -2340806.0, -2343456.75, -2346461.0, -2349284.5, -2351933.75, -2355134.25, -2357515.5, -2360157.5, -2362907.0, -2365381.5, -2363667.25, -2366007.5, -2369309.5, -2369647.25, -2372239.25]
