Running with parameters: hidden=100, use_coupled=true, seed=83, lam=0.0, eta=1.0, batch=1
Test Loss: 0.0000, Test Accuracy: 0.9933, Energy: -2020216.5
Time taken:  13.727033615112305
Test Loss: 0.0000, Test Accuracy: 1.0000, Energy: -2119792.0
Time taken:  13.32975149154663
Test Loss: 0.0000, Test Accuracy: 1.0000, Energy: -2157044.5
Time taken:  13.328441858291626
Test Loss: 0.0000, Test Accuracy: 1.0000, Energy: -2181559.5
Time taken:  13.408117055892944
Test Loss: 0.0000, Test Accuracy: 1.0000, Energy: -2198801.0
Time taken:  13.306413888931274
Test Loss: 0.0000, Test Accuracy: 1.0000, Energy: -2214783.75
Time taken:  13.300535917282104
Test Loss: 0.0000, Test Accuracy: 1.0000, Energy: -2228549.75
Time taken:  13.344237804412842
Test Loss: 0.0000, Test Accuracy: 1.0000, Energy: -2240278.0
Time taken:  13.427116394042969
Test Loss: 0.0000, Test Accuracy: 1.0000, Energy: -2249010.5
Time taken:  13.30103063583374
Test Loss: 0.0000, Test Accuracy: 1.0000, Energy: -2258435.25
Time taken:  13.342627763748169
Test Loss: 0.0000, Test Accuracy: 1.0000, Energy: -2267553.5
Time taken:  13.33920407295227
Test Loss: 0.0000, Test Accuracy: 1.0000, Energy: -2275960.0
Time taken:  13.505908727645874
Test Loss: 0.0000, Test Accuracy: 1.0000, Energy: -2283681.5
Time taken:  13.357351779937744
Test Loss: 0.0000, Test Accuracy: 1.0000, Energy: -2290997.75
Time taken:  13.356245040893555
Test Loss: 0.0000, Test Accuracy: 1.0000, Energy: -2298579.5
Time taken:  13.382890224456787
Test Loss: 0.0000, Test Accuracy: 1.0000, Energy: -2306798.25
Time taken:  13.471989631652832
Test Loss: 0.0000, Test Accuracy: 1.0000, Energy: -2312628.75
Time taken:  13.36443281173706
Test Loss: 0.0000, Test Accuracy: 1.0000, Energy: -2318519.0
Time taken:  13.352077722549438
Test Loss: 0.0000, Test Accuracy: 1.0000, Energy: -2325105.75
Time taken:  13.354411363601685
Test Loss: 0.0000, Test Accuracy: 1.0000, Energy: -2331124.0
Time taken:  13.474426507949829
Test Loss: 0.0000, Test Accuracy: 1.0000, Energy: -2337344.0
Time taken:  13.35909628868103
Test Loss: 0.0000, Test Accuracy: 1.0000, Energy: -2342367.0
Time taken:  13.338967561721802
Test Loss: 0.0000, Test Accuracy: 1.0000, Energy: -2354511.25
Time taken:  13.415450096130371
Test Loss: 0.0000, Test Accuracy: 1.0000, Energy: -2359751.75
Time taken:  13.317797422409058
Test Loss: 0.0000, Test Accuracy: 1.0000, Energy: -2364852.25
Time taken:  13.322813510894775
Test Loss: 0.0000, Test Accuracy: 1.0000, Energy: -2370219.0
Time taken:  13.34963583946228
Test Loss: 0.0000, Test Accuracy: 1.0000, Energy: -2374511.75
Time taken:  13.494019031524658
Test Loss: 0.0000, Test Accuracy: 1.0000, Energy: -2380005.0
Time taken:  13.35813570022583
Test Loss: 0.0000, Test Accuracy: 1.0000, Energy: -2384675.5
Time taken:  13.370934963226318
Test Loss: 0.0000, Test Accuracy: 1.0000, Energy: -2387084.75
Time taken:  13.349768877029419
Test Loss: 0.0000, Test Accuracy: 1.0000, Energy: -2390226.5
Time taken:  13.476435899734497
Test Loss: 0.0000, Test Accuracy: 1.0000, Energy: -2395306.0
Time taken:  13.346875667572021
Test Loss: 0.0000, Test Accuracy: 1.0000, Energy: -2399879.25
Time taken:  13.37204909324646
Test Loss: 0.0000, Test Accuracy: 1.0000, Energy: -2404160.5
Time taken:  13.385610103607178
Test Loss: 0.0000, Test Accuracy: 1.0000, Energy: -2409510.25
Time taken:  13.45156455039978
Test Loss: 0.0000, Test Accuracy: 1.0000, Energy: -2415107.75
Time taken:  13.31124210357666
Test Loss: 0.0000, Test Accuracy: 1.0000, Energy: -2420392.5
Time taken:  13.345226287841797
Test Loss: 0.0000, Test Accuracy: 1.0000, Energy: -2426605.25
Time taken:  13.302157878875732
Test Loss: 0.0000, Test Accuracy: 1.0000, Energy: -2431061.5
Time taken:  13.420342206954956
Test Loss: 0.0000, Test Accuracy: 1.0000, Energy: -2435293.0
Time taken:  13.32417917251587
Test Loss: 0.0000, Test Accuracy: 1.0000, Energy: -2439982.25
Time taken:  13.323583602905273
Test Loss: 0.0000, Test Accuracy: 1.0000, Energy: -2444282.75
Time taken:  13.287963390350342
Test Loss: 0.0000, Test Accuracy: 1.0000, Energy: -2448278.75
Time taken:  13.410140037536621
Test Loss: 0.0000, Test Accuracy: 1.0000, Energy: -2451915.0
Time taken:  13.348141193389893
Test Loss: 0.0000, Test Accuracy: 1.0000, Energy: -2455764.5
Time taken:  13.347983598709106
Test Loss: 0.0000, Test Accuracy: 1.0000, Energy: -2460451.5
Time taken:  13.347730875015259
Test Loss: 0.0000, Test Accuracy: 1.0000, Energy: -2465262.75
Time taken:  13.45529818534851
Test Loss: 0.0000, Test Accuracy: 1.0000, Energy: -2470112.0
Time taken:  13.377274513244629
Test Loss: 0.0000, Test Accuracy: 1.0000, Energy: -2476499.5
Time taken:  13.33310866355896
Test Loss: 0.0000, Test Accuracy: 1.0000, Energy: -2480411.5
Time taken:  13.338590383529663
Test Loss: 0.0000, Test Accuracy: 1.0000, Energy: -2484522.75
Time taken:  13.48514699935913
Test Loss: 0.0000, Test Accuracy: 1.0000, Energy: -2487882.0
Time taken:  13.374435424804688
Test Loss: 0.0000, Test Accuracy: 1.0000, Energy: -2491763.0
Time taken:  13.350566625595093
Test Loss: 0.0000, Test Accuracy: 1.0000, Energy: -2495366.5
Time taken:  13.359596252441406
Test Loss: 0.0000, Test Accuracy: 1.0000, Energy: -2498450.0
Time taken:  13.477200984954834
Test Loss: 0.0000, Test Accuracy: 0.9967, Energy: -2502835.75
Time taken:  13.332742691040039
Test Loss: 0.0000, Test Accuracy: 0.9967, Energy: -2506304.0
Time taken:  13.318343877792358
Test Loss: 0.0000, Test Accuracy: 0.9967, Energy: -2509756.5
Time taken:  13.32875680923462
Test Loss: 0.0000, Test Accuracy: 0.9967, Energy: -2512401.0
Time taken:  13.467074155807495
Test Loss: 0.0000, Test Accuracy: 0.9967, Energy: -2515802.75
Time taken:  13.34885048866272
Test Loss: 0.0000, Test Accuracy: 0.9967, Energy: -2519218.25
Time taken:  13.281262874603271
Test Loss: 0.0000, Test Accuracy: 0.9967, Energy: -2522134.0
Time taken:  13.297812461853027
Test Loss: 0.0000, Test Accuracy: 0.9967, Energy: -2525644.25
Time taken:  13.376479864120483
Test Loss: 0.0000, Test Accuracy: 0.9967, Energy: -2528480.25
Time taken:  13.283920288085938
Test Loss: 0.0000, Test Accuracy: 0.9967, Energy: -2531641.25
Time taken:  13.3009033203125
Test Loss: 0.0000, Test Accuracy: 0.9967, Energy: -2535131.0
Time taken:  13.415865421295166
Test Loss: 0.0000, Test Accuracy: 0.9967, Energy: -2538193.25
Time taken:  13.292831897735596
Test Loss: 0.0000, Test Accuracy: 0.9967, Energy: -2541119.0
Time taken:  13.250207662582397
Test Loss: 0.0000, Test Accuracy: 0.9967, Energy: -2543741.25
Time taken:  13.208030223846436
Test Loss: 0.0000, Test Accuracy: 0.9967, Energy: -2546504.25
Time taken:  13.36884880065918
Test Loss: 0.0000, Test Accuracy: 0.9967, Energy: -2548504.25
Time taken:  13.270938158035278
Test Loss: 0.0000, Test Accuracy: 0.9967, Energy: -2551661.75
Time taken:  13.242759943008423
Test Loss: 0.0000, Test Accuracy: 0.9967, Energy: -2555883.25
Time taken:  13.24245023727417
Test Loss: 0.0000, Test Accuracy: 0.9967, Energy: -2558128.5
Time taken:  13.383265018463135
Test Loss: 0.0000, Test Accuracy: 0.9967, Energy: -2560277.5
Time taken:  13.252434968948364
Test Loss: 0.0000, Test Accuracy: 0.9967, Energy: -2562692.0
Time taken:  13.24188232421875
Test Loss: 0.0000, Test Accuracy: 0.9967, Energy: -2565916.25
Time taken:  13.239101886749268
Test Loss: 0.0000, Test Accuracy: 0.9967, Energy: -2568472.75
Time taken:  13.391783714294434
Test Loss: 0.0000, Test Accuracy: 0.9967, Energy: -2570870.75
Time taken:  13.284718990325928
Test Loss: 0.0000, Test Accuracy: 0.9967, Energy: -2573306.0
Time taken:  13.294585943222046
Test Loss: 0.0000, Test Accuracy: 0.9967, Energy: -2575590.5
Time taken:  13.29936170578003
Test Loss: 0.0000, Test Accuracy: 0.9967, Energy: -2578175.5
Time taken:  13.398496150970459
Test Loss: 0.0000, Test Accuracy: 0.9967, Energy: -2580643.75
Time taken:  13.275232553482056
Test Loss: 0.0000, Test Accuracy: 0.9967, Energy: -2583460.5
Time taken:  13.280958414077759
Test Loss: 0.0000, Test Accuracy: 0.9967, Energy: -2586438.5
Time taken:  13.277238130569458
Test Loss: 0.0000, Test Accuracy: 0.9967, Energy: -2588615.5
Time taken:  13.374258279800415
Test Loss: 0.0000, Test Accuracy: 0.9967, Energy: -2591135.0
Time taken:  13.282585382461548
Test Loss: 0.0000, Test Accuracy: 0.9967, Energy: -2593846.5
Time taken:  13.28938603401184
Test Loss: 0.0000, Test Accuracy: 0.9967, Energy: -2596176.0
Time taken:  13.25760293006897
Test Loss: 0.0000, Test Accuracy: 0.9967, Energy: -2598275.75
Time taken:  13.400765895843506
Test Loss: 0.0000, Test Accuracy: 0.9967, Energy: -2600806.5
Time taken:  13.274367332458496
Test Loss: 0.0000, Test Accuracy: 0.9967, Energy: -2604181.5
Time taken:  13.294781684875488
Test Loss: 0.0000, Test Accuracy: 0.9967, Energy: -2606646.0
Time taken:  13.277708768844604
Test Loss: 0.0000, Test Accuracy: 0.9967, Energy: -2609000.75
Time taken:  13.39699912071228
Test Loss: 0.0000, Test Accuracy: 0.9967, Energy: -2611865.5
Time taken:  13.275590658187866
Test Loss: 0.0000, Test Accuracy: 0.9967, Energy: -2614137.0
Time taken:  13.303503513336182
Test Loss: 0.0000, Test Accuracy: 0.9967, Energy: -2617508.75
Time taken:  13.31985068321228
Test Loss: 0.0000, Test Accuracy: 0.9967, Energy: -2620640.5
Time taken:  13.385630130767822
Test Loss: 0.0000, Test Accuracy: 0.9967, Energy: -2623003.0
Time taken:  13.263631343841553
Test Loss: 0.0000, Test Accuracy: 0.9967, Energy: -2625369.5
Time taken:  13.220152616500854
Final accuracies: [0.9933333333333333, 1.0, 1.0, 1.0, 1.0, 1.0, 1.0, 1.0, 1.0, 1.0, 1.0, 1.0, 1.0, 1.0, 1.0, 1.0, 1.0, 1.0, 1.0, 1.0, 1.0, 1.0, 1.0, 1.0, 1.0, 1.0, 1.0, 1.0, 1.0, 1.0, 1.0, 1.0, 1.0, 1.0, 1.0, 1.0, 1.0, 1.0, 1.0, 1.0, 1.0, 1.0, 1.0, 1.0, 1.0, 1.0, 1.0, 1.0, 1.0, 1.0, 1.0, 1.0, 1.0, 1.0, 1.0, 0.9966666666666667, 0.9966666666666667, 0.9966666666666667, 0.9966666666666667, 0.9966666666666667, 0.9966666666666667, 0.9966666666666667, 0.9966666666666667, 0.9966666666666667, 0.9966666666666667, 0.9966666666666667, 0.9966666666666667, 0.9966666666666667, 0.9966666666666667, 0.9966666666666667, 0.9966666666666667, 0.9966666666666667, 0.9966666666666667, 0.9966666666666667, 0.9966666666666667, 0.9966666666666667, 0.9966666666666667, 0.9966666666666667, 0.9966666666666667, 0.9966666666666667, 0.9966666666666667, 0.9966666666666667, 0.9966666666666667, 0.9966666666666667, 0.9966666666666667, 0.9966666666666667, 0.9966666666666667, 0.9966666666666667, 0.9966666666666667, 0.9966666666666667, 0.9966666666666667, 0.9966666666666667, 0.9966666666666667, 0.9966666666666667, 0.9966666666666667, 0.9966666666666667, 0.9966666666666667, 0.9966666666666667, 0.9966666666666667, 0.9966666666666667]
Final energies: [-2020216.5, -2119792.0, -2157044.5, -2181559.5, -2198801.0, -2214783.75, -2228549.75, -2240278.0, -2249010.5, -2258435.25, -2267553.5, -2275960.0, -2283681.5, -2290997.75, -2298579.5, -2306798.25, -2312628.75, -2318519.0, -2325105.75, -2331124.0, -2337344.0, -2342367.0, -2354511.25, -2359751.75, -2364852.25, -2370219.0, -2374511.75, -2380005.0, -2384675.5, -2387084.75, -2390226.5, -2395306.0, -2399879.25, -2404160.5, -2409510.25, -2415107.75, -2420392.5, -2426605.25, -2431061.5, -2435293.0, -2439982.25, -2444282.75, -2448278.75, -2451915.0, -2455764.5, -2460451.5, -2465262.75, -2470112.0, -2476499.5, -2480411.5, -2484522.75, -2487882.0, -2491763.0, -2495366.5, -2498450.0, -2502835.75, -2506304.0, -2509756.5, -2512401.0, -2515802.75, -2519218.25, -2522134.0, -2525644.25, -2528480.25, -2531641.25, -2535131.0, -2538193.25, -2541119.0, -2543741.25, -2546504.25, -2548504.25, -2551661.75, -2555883.25, -2558128.5, -2560277.5, -2562692.0, -2565916.25, -2568472.75, -2570870.75, -2573306.0, -2575590.5, -2578175.5, -2580643.75, -2583460.5, -2586438.5, -2588615.5, -2591135.0, -2593846.5, -2596176.0, -2598275.75, -2600806.5, -2604181.5, -2606646.0, -2609000.75, -2611865.5, -2614137.0, -2617508.75, -2620640.5, -2623003.0, -2625369.5]
