Running with parameters: hidden=100, use_coupled=true, seed=71, lam=0.0, eta=1.0, batch=1
Test Loss: 0.0000, Test Accuracy: 1.0000, Energy: -3233297.5
Time taken:  13.585561513900757
Test Loss: 0.0000, Test Accuracy: 1.0000, Energy: -3436595.75
Time taken:  13.226664066314697
Test Loss: 0.0000, Test Accuracy: 1.0000, Energy: -3500660.75
Time taken:  13.232038021087646
Test Loss: 0.0000, Test Accuracy: 1.0000, Energy: -3540632.0
Time taken:  13.376495599746704
Test Loss: 0.0000, Test Accuracy: 1.0000, Energy: -3551579.5
Time taken:  13.23986005783081
Test Loss: 0.0000, Test Accuracy: 1.0000, Energy: -3576094.5
Time taken:  13.221899032592773
Test Loss: 0.0000, Test Accuracy: 1.0000, Energy: -3599573.5
Time taken:  13.234766960144043
Test Loss: 0.0000, Test Accuracy: 1.0000, Energy: -3635707.0
Time taken:  13.321672677993774
Test Loss: 0.0000, Test Accuracy: 1.0000, Energy: -3646749.0
Time taken:  13.203107118606567
Test Loss: 0.0000, Test Accuracy: 1.0000, Energy: -3658107.5
Time taken:  13.123536825180054
Test Loss: 0.0000, Test Accuracy: 1.0000, Energy: -3663363.0
Time taken:  13.097900152206421
Test Loss: 0.0000, Test Accuracy: 1.0000, Energy: -3679934.5
Time taken:  13.216456651687622
Test Loss: 0.0000, Test Accuracy: 1.0000, Energy: -3696126.75
Time taken:  13.08548641204834
Test Loss: 0.0000, Test Accuracy: 1.0000, Energy: -3709621.25
Time taken:  13.079389095306396
Test Loss: 0.0000, Test Accuracy: 1.0000, Energy: -3722348.75
Time taken:  13.105474710464478
Test Loss: 0.0000, Test Accuracy: 1.0000, Energy: -3745873.5
Time taken:  13.18671178817749
Test Loss: 0.0000, Test Accuracy: 1.0000, Energy: -3780659.0
Time taken:  13.091639995574951
Test Loss: 0.0000, Test Accuracy: 1.0000, Energy: -3791817.25
Time taken:  13.0662522315979
Test Loss: 0.0000, Test Accuracy: 1.0000, Energy: -3802016.0
Time taken:  13.08616304397583
Test Loss: 0.0000, Test Accuracy: 1.0000, Energy: -3810929.5
Time taken:  13.215071439743042
Test Loss: 0.0000, Test Accuracy: 1.0000, Energy: -3820048.5
Time taken:  13.133029222488403
Test Loss: 0.0000, Test Accuracy: 1.0000, Energy: -3828433.5
Time taken:  13.110026597976685
Test Loss: 0.0000, Test Accuracy: 1.0000, Energy: -3839791.0
Time taken:  13.228339195251465
Test Loss: 0.0000, Test Accuracy: 1.0000, Energy: -3848753.0
Time taken:  13.110129117965698
Test Loss: 0.0000, Test Accuracy: 1.0000, Energy: -3859987.25
Time taken:  13.140117883682251
Test Loss: 0.0000, Test Accuracy: 1.0000, Energy: -3870660.25
Time taken:  13.077708721160889
Test Loss: 0.0000, Test Accuracy: 1.0000, Energy: -3882240.5
Time taken:  13.253718852996826
Test Loss: 0.0000, Test Accuracy: 1.0000, Energy: -3894150.25
Time taken:  13.114935636520386
Test Loss: 0.0000, Test Accuracy: 1.0000, Energy: -3905372.0
Time taken:  13.090744972229004
Test Loss: 0.0000, Test Accuracy: 1.0000, Energy: -3919629.0
Time taken:  13.109129190444946
Test Loss: 0.0000, Test Accuracy: 1.0000, Energy: -3947888.0
Time taken:  13.207915306091309
Test Loss: 0.0000, Test Accuracy: 1.0000, Energy: -4023184.5
Time taken:  13.112706184387207
Test Loss: 0.0000, Test Accuracy: 1.0000, Energy: -4037808.75
Time taken:  13.103190660476685
Test Loss: 0.0000, Test Accuracy: 1.0000, Energy: -4047566.25
Time taken:  13.092276573181152
Test Loss: 0.0000, Test Accuracy: 1.0000, Energy: -4098717.0
Time taken:  13.18497109413147
Test Loss: 0.0000, Test Accuracy: 1.0000, Energy: -4118754.5
Time taken:  13.1436288356781
Test Loss: 0.0000, Test Accuracy: 1.0000, Energy: -4127899.5
Time taken:  13.171513319015503
Test Loss: 0.0000, Test Accuracy: 1.0000, Energy: -4137486.75
Time taken:  13.234347820281982
Test Loss: 0.0000, Test Accuracy: 1.0000, Energy: -4144698.75
Time taken:  13.342174768447876
Test Loss: 0.0000, Test Accuracy: 1.0000, Energy: -4156805.5
Time taken:  13.274147272109985
Test Loss: 0.0000, Test Accuracy: 1.0000, Energy: -4179279.25
Time taken:  13.212558269500732
Test Loss: 0.0000, Test Accuracy: 1.0000, Energy: -4210520.0
Time taken:  13.20900559425354
Test Loss: 0.0000, Test Accuracy: 1.0000, Energy: -4217378.5
Time taken:  13.379130840301514
Test Loss: 0.0000, Test Accuracy: 1.0000, Energy: -4225387.0
Time taken:  13.22496747970581
Test Loss: 0.0000, Test Accuracy: 1.0000, Energy: -4234896.5
Time taken:  13.241606950759888
Test Loss: 0.0000, Test Accuracy: 1.0000, Energy: -4254662.5
Time taken:  13.233417272567749
Test Loss: 0.0000, Test Accuracy: 1.0000, Energy: -4261764.0
Time taken:  13.33233642578125
Test Loss: 0.0000, Test Accuracy: 1.0000, Energy: -4269084.5
Time taken:  13.230159044265747
Test Loss: 0.0000, Test Accuracy: 1.0000, Energy: -4283069.0
Time taken:  13.21234130859375
Test Loss: 0.0000, Test Accuracy: 1.0000, Energy: -4292887.0
Time taken:  13.111286878585815
Test Loss: 0.0000, Test Accuracy: 1.0000, Energy: -4302722.5
Time taken:  13.191357612609863
Test Loss: 0.0000, Test Accuracy: 1.0000, Energy: -4302628.0
Time taken:  13.120188474655151
Test Loss: 0.0000, Test Accuracy: 1.0000, Energy: -4307228.5
Time taken:  13.08238673210144
Test Loss: 0.0000, Test Accuracy: 1.0000, Energy: -4314556.0
Time taken:  13.086116313934326
Test Loss: 0.0000, Test Accuracy: 1.0000, Energy: -4322167.5
Time taken:  13.19972276687622
Test Loss: 0.0000, Test Accuracy: 1.0000, Energy: -4329441.0
Time taken:  13.076133966445923
Test Loss: 0.0000, Test Accuracy: 1.0000, Energy: -4337714.0
Time taken:  13.08787226676941
Test Loss: 0.0000, Test Accuracy: 1.0000, Energy: -4345101.0
Time taken:  13.062834978103638
Test Loss: 0.0000, Test Accuracy: 1.0000, Energy: -4353874.5
Time taken:  13.197607517242432
Test Loss: 0.0000, Test Accuracy: 1.0000, Energy: -4360771.5
Time taken:  13.106994867324829
Test Loss: 0.0000, Test Accuracy: 1.0000, Energy: -4367756.5
Time taken:  13.09961986541748
Test Loss: 0.0000, Test Accuracy: 1.0000, Energy: -4374935.0
Time taken:  13.097975969314575
Test Loss: 0.0000, Test Accuracy: 1.0000, Energy: -4381939.5
Time taken:  13.2085542678833
Test Loss: 0.0000, Test Accuracy: 1.0000, Energy: -4388436.5
Time taken:  13.07533311843872
Test Loss: 0.0000, Test Accuracy: 1.0000, Energy: -4394506.0
Time taken:  13.106901407241821
Test Loss: 0.0000, Test Accuracy: 1.0000, Energy: -4402806.0
Time taken:  13.228564977645874
Test Loss: 0.0000, Test Accuracy: 1.0000, Energy: -4409695.0
Time taken:  13.11021637916565
Test Loss: 0.0000, Test Accuracy: 1.0000, Energy: -4417231.0
Time taken:  13.130255699157715
Test Loss: 0.0000, Test Accuracy: 1.0000, Energy: -4424141.0
Time taken:  13.115126371383667
Test Loss: 0.0000, Test Accuracy: 1.0000, Energy: -4432667.5
Time taken:  13.235209465026855
Test Loss: 0.0000, Test Accuracy: 1.0000, Energy: -4439657.5
Time taken:  13.104680299758911
Test Loss: 0.0000, Test Accuracy: 1.0000, Energy: -4448385.0
Time taken:  13.124044418334961
Test Loss: 0.0000, Test Accuracy: 1.0000, Energy: -4455557.0
Time taken:  13.111156702041626
Test Loss: 0.0000, Test Accuracy: 1.0000, Energy: -4463658.0
Time taken:  13.200300931930542
Test Loss: 0.0000, Test Accuracy: 1.0000, Energy: -4471842.5
Time taken:  13.108771562576294
Test Loss: 0.0000, Test Accuracy: 1.0000, Energy: -4479317.0
Time taken:  13.120877265930176
Test Loss: 0.0000, Test Accuracy: 1.0000, Energy: -4487263.5
Time taken:  13.137635231018066
Test Loss: 0.0000, Test Accuracy: 1.0000, Energy: -4495117.5
Time taken:  13.338269710540771
Test Loss: 0.0000, Test Accuracy: 1.0000, Energy: -4500862.0
Time taken:  13.237261533737183
Test Loss: 0.0000, Test Accuracy: 1.0000, Energy: -4507730.0
Time taken:  13.268204689025879
Test Loss: 0.0000, Test Accuracy: 1.0000, Energy: -4514513.0
Time taken:  13.240795850753784
Test Loss: 0.0000, Test Accuracy: 1.0000, Energy: -4520667.5
Time taken:  13.366072177886963
Test Loss: 0.0000, Test Accuracy: 1.0000, Energy: -4526267.5
Time taken:  13.278692245483398
Test Loss: 0.0000, Test Accuracy: 1.0000, Energy: -4531307.5
Time taken:  13.287673234939575
Test Loss: 0.0000, Test Accuracy: 1.0000, Energy: -4538266.5
Time taken:  13.21877908706665
Test Loss: 0.0000, Test Accuracy: 1.0000, Energy: -4543670.0
Time taken:  13.323788166046143
Test Loss: 0.0000, Test Accuracy: 1.0000, Energy: -4550082.5
Time taken:  13.193077087402344
Test Loss: 0.0000, Test Accuracy: 1.0000, Energy: -4555480.5
Time taken:  13.172673225402832
Test Loss: 0.0000, Test Accuracy: 1.0000, Energy: -4562127.0
Time taken:  13.157144546508789
Test Loss: 0.0000, Test Accuracy: 1.0000, Energy: -4567346.0
Time taken:  13.176860809326172
Test Loss: 0.0000, Test Accuracy: 1.0000, Energy: -4571900.5
Time taken:  13.05516242980957
Test Loss: 0.0000, Test Accuracy: 1.0000, Energy: -4577520.5
Time taken:  13.05289626121521
Test Loss: 0.0000, Test Accuracy: 1.0000, Energy: -4582700.0
Time taken:  13.03891634941101
Test Loss: 0.0000, Test Accuracy: 1.0000, Energy: -4588817.5
Time taken:  13.179667949676514
Test Loss: 0.0000, Test Accuracy: 1.0000, Energy: -4593918.5
Time taken:  13.058874130249023
Test Loss: 0.0000, Test Accuracy: 1.0000, Energy: -4577605.5
Time taken:  13.052016258239746
Test Loss: 0.0000, Test Accuracy: 1.0000, Energy: -4563700.5
Time taken:  13.007962703704834
Test Loss: 0.0000, Test Accuracy: 1.0000, Energy: -4535194.0
Time taken:  13.097522974014282
Test Loss: 0.0000, Test Accuracy: 1.0000, Energy: -4539007.5
Time taken:  12.957733154296875
Test Loss: 0.0000, Test Accuracy: 1.0000, Energy: -4543196.5
Time taken:  12.969791173934937
Final accuracies: [1.0, 1.0, 1.0, 1.0, 1.0, 1.0, 1.0, 1.0, 1.0, 1.0, 1.0, 1.0, 1.0, 1.0, 1.0, 1.0, 1.0, 1.0, 1.0, 1.0, 1.0, 1.0, 1.0, 1.0, 1.0, 1.0, 1.0, 1.0, 1.0, 1.0, 1.0, 1.0, 1.0, 1.0, 1.0, 1.0, 1.0, 1.0, 1.0, 1.0, 1.0, 1.0, 1.0, 1.0, 1.0, 1.0, 1.0, 1.0, 1.0, 1.0, 1.0, 1.0, 1.0, 1.0, 1.0, 1.0, 1.0, 1.0, 1.0, 1.0, 1.0, 1.0, 1.0, 1.0, 1.0, 1.0, 1.0, 1.0, 1.0, 1.0, 1.0, 1.0, 1.0, 1.0, 1.0, 1.0, 1.0, 1.0, 1.0, 1.0, 1.0, 1.0, 1.0, 1.0, 1.0, 1.0, 1.0, 1.0, 1.0, 1.0, 1.0, 1.0, 1.0, 1.0, 1.0, 1.0, 1.0, 1.0, 1.0, 1.0]
Final energies: [-3233297.5, -3436595.75, -3500660.75, -3540632.0, -3551579.5, -3576094.5, -3599573.5, -3635707.0, -3646749.0, -3658107.5, -3663363.0, -3679934.5, -3696126.75, -3709621.25, -3722348.75, -3745873.5, -3780659.0, -3791817.25, -3802016.0, -3810929.5, -3820048.5, -3828433.5, -3839791.0, -3848753.0, -3859987.25, -3870660.25, -3882240.5, -3894150.25, -3905372.0, -3919629.0, -3947888.0, -4023184.5, -4037808.75, -4047566.25, -4098717.0, -4118754.5, -4127899.5, -4137486.75, -4144698.75, -4156805.5, -4179279.25, -4210520.0, -4217378.5, -4225387.0, -4234896.5, -4254662.5, -4261764.0, -4269084.5, -4283069.0, -4292887.0, -4302722.5, -4302628.0, -4307228.5, -4314556.0, -4322167.5, -4329441.0, -4337714.0, -4345101.0, -4353874.5, -4360771.5, -4367756.5, -4374935.0, -4381939.5, -4388436.5, -4394506.0, -4402806.0, -4409695.0, -4417231.0, -4424141.0, -4432667.5, -4439657.5, -4448385.0, -4455557.0, -4463658.0, -4471842.5, -4479317.0, -4487263.5, -4495117.5, -4500862.0, -4507730.0, -4514513.0, -4520667.5, -4526267.5, -4531307.5, -4538266.5, -4543670.0, -4550082.5, -4555480.5, -4562127.0, -4567346.0, -4571900.5, -4577520.5, -4582700.0, -4588817.5, -4593918.5, -4577605.5, -4563700.5, -4535194.0, -4539007.5, -4543196.5]
