Running with parameters: hidden=100, use_coupled=true, seed=69, lam=0.0, eta=1.0, batch=1
Test Loss: 0.0000, Test Accuracy: 0.9867, Energy: -3939827.75
Time taken:  13.73439073562622
Test Loss: 0.0000, Test Accuracy: 0.9867, Energy: -4140993.25
Time taken:  13.380799770355225
Test Loss: 0.0000, Test Accuracy: 0.9867, Energy: -4165100.5
Time taken:  13.412047147750854
Test Loss: 0.0000, Test Accuracy: 0.9867, Energy: -4177210.5
Time taken:  13.50196385383606
Test Loss: 0.0000, Test Accuracy: 0.9867, Energy: -4217050.0
Time taken:  13.414966344833374
Test Loss: 0.0000, Test Accuracy: 0.9867, Energy: -4253903.5
Time taken:  13.391036987304688
Test Loss: 0.0000, Test Accuracy: 0.9867, Energy: -4274320.5
Time taken:  13.383900165557861
Test Loss: 0.0000, Test Accuracy: 0.9867, Energy: -4298319.5
Time taken:  13.465306282043457
Test Loss: 0.0000, Test Accuracy: 0.9867, Energy: -4313361.5
Time taken:  13.348777770996094
Test Loss: 0.0000, Test Accuracy: 0.9867, Energy: -4330772.0
Time taken:  13.24477481842041
Test Loss: 0.0000, Test Accuracy: 0.9867, Energy: -4351314.0
Time taken:  13.262135982513428
Test Loss: 0.0000, Test Accuracy: 0.9867, Energy: -4358271.0
Time taken:  13.378239870071411
Test Loss: 0.0000, Test Accuracy: 0.9867, Energy: -4367079.0
Time taken:  13.23879885673523
Test Loss: 0.0000, Test Accuracy: 0.9867, Energy: -4388339.5
Time taken:  13.247793674468994
Test Loss: 0.0000, Test Accuracy: 0.9867, Energy: -4396843.0
Time taken:  13.277321100234985
Test Loss: 0.0000, Test Accuracy: 0.9867, Energy: -4383541.0
Time taken:  13.336167573928833
Test Loss: 0.0000, Test Accuracy: 0.9867, Energy: -4390630.5
Time taken:  13.249736547470093
Test Loss: 0.0000, Test Accuracy: 0.9867, Energy: -4357159.0
Time taken:  13.247322797775269
Test Loss: 0.0000, Test Accuracy: 0.9867, Energy: -4359515.0
Time taken:  13.264287948608398
Test Loss: 0.0000, Test Accuracy: 0.9867, Energy: -4365907.5
Time taken:  13.362436056137085
Test Loss: 0.0000, Test Accuracy: 0.9867, Energy: -4371516.0
Time taken:  13.267967462539673
Test Loss: 0.0000, Test Accuracy: 0.9867, Energy: -4378224.0
Time taken:  13.265340805053711
Test Loss: 0.0000, Test Accuracy: 0.9867, Energy: -4385057.0
Time taken:  13.410621881484985
Test Loss: 0.0000, Test Accuracy: 0.9867, Energy: -4404217.0
Time taken:  13.281877756118774
Test Loss: 0.0000, Test Accuracy: 0.9867, Energy: -4411312.0
Time taken:  13.27342438697815
Test Loss: 0.0000, Test Accuracy: 0.9867, Energy: -4416787.5
Time taken:  13.253230094909668
Test Loss: 0.0000, Test Accuracy: 0.9867, Energy: -4423642.0
Time taken:  13.391164064407349
Test Loss: 0.0000, Test Accuracy: 0.9867, Energy: -4429425.5
Time taken:  13.274755477905273
Test Loss: 0.0000, Test Accuracy: 0.9867, Energy: -4436047.0
Time taken:  13.278011798858643
Test Loss: 0.0000, Test Accuracy: 0.9867, Energy: -4440804.0
Time taken:  13.297520160675049
Test Loss: 0.0000, Test Accuracy: 0.9867, Energy: -4447244.5
Time taken:  13.351136207580566
Test Loss: 0.0000, Test Accuracy: 0.9867, Energy: -4452885.5
Time taken:  13.286321878433228
Test Loss: 0.0000, Test Accuracy: 0.9867, Energy: -4459986.5
Time taken:  13.276346445083618
Test Loss: 0.0000, Test Accuracy: 0.9867, Energy: -4468616.0
Time taken:  13.267659902572632
Test Loss: 0.0000, Test Accuracy: 0.9867, Energy: -4475300.5
Time taken:  13.38762092590332
Test Loss: 0.0000, Test Accuracy: 0.9867, Energy: -4481164.5
Time taken:  13.287825584411621
Test Loss: 0.0000, Test Accuracy: 0.9867, Energy: -4487041.5
Time taken:  13.37567925453186
Test Loss: 0.0000, Test Accuracy: 0.9867, Energy: -4493999.5
Time taken:  13.387550354003906
Test Loss: 0.0000, Test Accuracy: 0.9867, Energy: -4499900.0
Time taken:  13.521159887313843
Test Loss: 0.0000, Test Accuracy: 0.9867, Energy: -4505392.0
Time taken:  13.373181343078613
Test Loss: 0.0000, Test Accuracy: 0.9867, Energy: -4514387.5
Time taken:  13.374111413955688
Test Loss: 0.0000, Test Accuracy: 0.9867, Energy: -4520267.0
Time taken:  13.397095441818237
Test Loss: 0.0000, Test Accuracy: 0.9867, Energy: -4531617.0
Time taken:  13.520098447799683
Test Loss: 0.0000, Test Accuracy: 0.9867, Energy: -4542588.0
Time taken:  13.361480236053467
Test Loss: 0.0000, Test Accuracy: 0.9867, Energy: -4549431.5
Time taken:  13.406956911087036
Test Loss: 0.0000, Test Accuracy: 0.9867, Energy: -4555929.0
Time taken:  13.37124752998352
Test Loss: 0.0000, Test Accuracy: 0.9867, Energy: -4561700.5
Time taken:  13.529585361480713
Test Loss: 0.0000, Test Accuracy: 0.9867, Energy: -4568221.0
Time taken:  13.332051992416382
Test Loss: 0.0000, Test Accuracy: 0.9867, Energy: -4574511.0
Time taken:  13.310198545455933
Test Loss: 0.0000, Test Accuracy: 0.9867, Energy: -4581931.5
Time taken:  13.266362190246582
Test Loss: 0.0000, Test Accuracy: 0.9867, Energy: -4585938.0
Time taken:  13.37282919883728
Test Loss: 0.0000, Test Accuracy: 0.9867, Energy: -4592233.0
Time taken:  13.270664691925049
Test Loss: 0.0000, Test Accuracy: 0.9867, Energy: -4597845.0
Time taken:  13.257057905197144
Test Loss: 0.0000, Test Accuracy: 0.9867, Energy: -4602224.5
Time taken:  13.25552487373352
Test Loss: 0.0000, Test Accuracy: 0.9867, Energy: -4607473.0
Time taken:  13.386333465576172
Test Loss: 0.0000, Test Accuracy: 0.9867, Energy: -4612719.5
Time taken:  13.262690544128418
Test Loss: 0.0000, Test Accuracy: 0.9867, Energy: -4620015.5
Time taken:  13.29118299484253
Test Loss: 0.0000, Test Accuracy: 0.9867, Energy: -4626270.0
Time taken:  13.25680422782898
Test Loss: 0.0000, Test Accuracy: 0.9900, Energy: -4636802.0
Time taken:  13.38562273979187
Test Loss: 0.0000, Test Accuracy: 0.9900, Energy: -4660542.5
Time taken:  13.261824131011963
Test Loss: 0.0000, Test Accuracy: 0.9900, Energy: -4664358.5
Time taken:  13.255869626998901
Test Loss: 0.0000, Test Accuracy: 0.9900, Energy: -4669311.5
Time taken:  13.286941528320312
Test Loss: 0.0000, Test Accuracy: 0.9900, Energy: -4673313.5
Time taken:  13.354422330856323
Test Loss: 0.0000, Test Accuracy: 0.9900, Energy: -4675901.0
Time taken:  13.261244773864746
Test Loss: 0.0000, Test Accuracy: 0.9900, Energy: -4678489.0
Time taken:  13.249727725982666
Test Loss: 0.0000, Test Accuracy: 0.9900, Energy: -4680231.5
Time taken:  13.356146574020386
Test Loss: 0.0000, Test Accuracy: 0.9900, Energy: -4685503.0
Time taken:  13.300083637237549
Test Loss: 0.0000, Test Accuracy: 0.9900, Energy: -4691522.5
Time taken:  13.277755737304688
Test Loss: 0.0000, Test Accuracy: 0.9900, Energy: -4696919.0
Time taken:  13.257267236709595
Test Loss: 0.0000, Test Accuracy: 0.9900, Energy: -4704034.0
Time taken:  13.387032270431519
Test Loss: 0.0000, Test Accuracy: 0.9900, Energy: -4709695.0
Time taken:  13.287753105163574
Test Loss: 0.0000, Test Accuracy: 0.9900, Energy: -4713307.0
Time taken:  13.295901536941528
Test Loss: 0.0000, Test Accuracy: 0.9900, Energy: -4718155.5
Time taken:  13.278881549835205
Test Loss: 0.0000, Test Accuracy: 0.9900, Energy: -4722764.0
Time taken:  13.311161041259766
Test Loss: 0.0000, Test Accuracy: 0.9900, Energy: -4727258.0
Time taken:  13.223803043365479
Test Loss: 0.0000, Test Accuracy: 0.9900, Energy: -4731559.5
Time taken:  13.248036623001099
Test Loss: 0.0000, Test Accuracy: 0.9900, Energy: -4736381.0
Time taken:  13.32376503944397
Test Loss: 0.0000, Test Accuracy: 0.9900, Energy: -4740875.5
Time taken:  13.417338609695435
Test Loss: 0.0000, Test Accuracy: 0.9900, Energy: -4725247.0
Time taken:  13.367712020874023
Test Loss: 0.0000, Test Accuracy: 0.9900, Energy: -4747999.0
Time taken:  13.325829029083252
Test Loss: 0.0000, Test Accuracy: 0.9900, Energy: -4753586.5
Time taken:  13.375388145446777
Test Loss: 0.0000, Test Accuracy: 0.9900, Energy: -4775128.0
Time taken:  13.45547103881836
Test Loss: 0.0000, Test Accuracy: 0.9900, Energy: -4792127.0
Time taken:  13.352786302566528
Test Loss: 0.0000, Test Accuracy: 0.9900, Energy: -4837717.5
Time taken:  13.301696538925171
Test Loss: 0.0000, Test Accuracy: 0.9900, Energy: -4788034.5
Time taken:  13.322182416915894
Test Loss: 0.0000, Test Accuracy: 0.9900, Energy: -4801975.5
Time taken:  13.447333574295044
Test Loss: 0.0000, Test Accuracy: 0.9900, Energy: -4975250.5
Time taken:  13.319029569625854
Test Loss: 0.0000, Test Accuracy: 0.9900, Energy: -4977099.5
Time taken:  13.279298305511475
Test Loss: 0.0000, Test Accuracy: 0.9900, Energy: -4978565.0
Time taken:  13.212559938430786
Test Loss: 0.0000, Test Accuracy: 0.9900, Energy: -4984580.0
Time taken:  13.303484678268433
Test Loss: 0.0000, Test Accuracy: 0.9900, Energy: -4989245.5
Time taken:  13.206071138381958
Test Loss: 0.0000, Test Accuracy: 0.9900, Energy: -4994457.5
Time taken:  13.190889596939087
Test Loss: 0.0000, Test Accuracy: 0.9900, Energy: -4998928.5
Time taken:  13.19373893737793
Test Loss: 0.0000, Test Accuracy: 0.9900, Energy: -5003563.5
Time taken:  13.314728021621704
Test Loss: 0.0000, Test Accuracy: 0.9900, Energy: -5007943.0
Time taken:  13.183086395263672
Test Loss: 0.0000, Test Accuracy: 0.9900, Energy: -5012677.5
Time taken:  13.16529130935669
Test Loss: 0.0000, Test Accuracy: 0.9900, Energy: -5016064.0
Time taken:  13.121771574020386
Test Loss: 0.0000, Test Accuracy: 0.9900, Energy: -5021100.0
Time taken:  13.191838026046753
Test Loss: 0.0000, Test Accuracy: 0.9900, Energy: -5025180.5
Time taken:  13.106734037399292
Test Loss: 0.0000, Test Accuracy: 0.9900, Energy: -5029574.0
Time taken:  12.98919677734375
Final accuracies: [0.9866666666666667, 0.9866666666666667, 0.9866666666666667, 0.9866666666666667, 0.9866666666666667, 0.9866666666666667, 0.9866666666666667, 0.9866666666666667, 0.9866666666666667, 0.9866666666666667, 0.9866666666666667, 0.9866666666666667, 0.9866666666666667, 0.9866666666666667, 0.9866666666666667, 0.9866666666666667, 0.9866666666666667, 0.9866666666666667, 0.9866666666666667, 0.9866666666666667, 0.9866666666666667, 0.9866666666666667, 0.9866666666666667, 0.9866666666666667, 0.9866666666666667, 0.9866666666666667, 0.9866666666666667, 0.9866666666666667, 0.9866666666666667, 0.9866666666666667, 0.9866666666666667, 0.9866666666666667, 0.9866666666666667, 0.9866666666666667, 0.9866666666666667, 0.9866666666666667, 0.9866666666666667, 0.9866666666666667, 0.9866666666666667, 0.9866666666666667, 0.9866666666666667, 0.9866666666666667, 0.9866666666666667, 0.9866666666666667, 0.9866666666666667, 0.9866666666666667, 0.9866666666666667, 0.9866666666666667, 0.9866666666666667, 0.9866666666666667, 0.9866666666666667, 0.9866666666666667, 0.9866666666666667, 0.9866666666666667, 0.9866666666666667, 0.9866666666666667, 0.9866666666666667, 0.9866666666666667, 0.99, 0.99, 0.99, 0.99, 0.99, 0.99, 0.99, 0.99, 0.99, 0.99, 0.99, 0.99, 0.99, 0.99, 0.99, 0.99, 0.99, 0.99, 0.99, 0.99, 0.99, 0.99, 0.99, 0.99, 0.99, 0.99, 0.99, 0.99, 0.99, 0.99, 0.99, 0.99, 0.99, 0.99, 0.99, 0.99, 0.99, 0.99, 0.99, 0.99, 0.99, 0.99]
Final energies: [-3939827.75, -4140993.25, -4165100.5, -4177210.5, -4217050.0, -4253903.5, -4274320.5, -4298319.5, -4313361.5, -4330772.0, -4351314.0, -4358271.0, -4367079.0, -4388339.5, -4396843.0, -4383541.0, -4390630.5, -4357159.0, -4359515.0, -4365907.5, -4371516.0, -4378224.0, -4385057.0, -4404217.0, -4411312.0, -4416787.5, -4423642.0, -4429425.5, -4436047.0, -4440804.0, -4447244.5, -4452885.5, -4459986.5, -4468616.0, -4475300.5, -4481164.5, -4487041.5, -4493999.5, -4499900.0, -4505392.0, -4514387.5, -4520267.0, -4531617.0, -4542588.0, -4549431.5, -4555929.0, -4561700.5, -4568221.0, -4574511.0, -4581931.5, -4585938.0, -4592233.0, -4597845.0, -4602224.5, -4607473.0, -4612719.5, -4620015.5, -4626270.0, -4636802.0, -4660542.5, -4664358.5, -4669311.5, -4673313.5, -4675901.0, -4678489.0, -4680231.5, -4685503.0, -4691522.5, -4696919.0, -4704034.0, -4709695.0, -4713307.0, -4718155.5, -4722764.0, -4727258.0, -4731559.5, -4736381.0, -4740875.5, -4725247.0, -4747999.0, -4753586.5, -4775128.0, -4792127.0, -4837717.5, -4788034.5, -4801975.5, -4975250.5, -4977099.5, -4978565.0, -4984580.0, -4989245.5, -4994457.5, -4998928.5, -5003563.5, -5007943.0, -5012677.5, -5016064.0, -5021100.0, -5025180.5, -5029574.0]
