Running with parameters: hidden=100, use_coupled=true, seed=43, lam=0.0, eta=1.0, batch=1
Test Loss: 0.0000, Test Accuracy: 0.9833, Energy: -1798489.125
Time taken:  13.283516645431519
Test Loss: 0.0000, Test Accuracy: 0.9967, Energy: -3122696.0
Time taken:  12.894999504089355
Test Loss: 0.0000, Test Accuracy: 0.9900, Energy: -5543519.5
Time taken:  12.862060785293579
Test Loss: 0.0000, Test Accuracy: 0.9767, Energy: -5226033.0
Time taken:  12.9631028175354
Test Loss: 0.0000, Test Accuracy: 1.0000, Energy: -5931525.5
Time taken:  12.963789224624634
Test Loss: 0.0000, Test Accuracy: 1.0000, Energy: -6259392.0
Time taken:  13.152274370193481
Test Loss: 0.0000, Test Accuracy: 1.0000, Energy: -6207071.0
Time taken:  13.154428243637085
Test Loss: 0.0000, Test Accuracy: 1.0000, Energy: -6232144.0
Time taken:  13.244073152542114
Test Loss: 0.0000, Test Accuracy: 0.9967, Energy: -6324691.0
Time taken:  13.15643048286438
Test Loss: 0.0000, Test Accuracy: 0.9967, Energy: -6357682.0
Time taken:  13.15417766571045
Test Loss: 0.0000, Test Accuracy: 0.9967, Energy: -6355359.0
Time taken:  13.129331111907959
Test Loss: 0.0000, Test Accuracy: 0.9967, Energy: -6355290.5
Time taken:  13.209590435028076
Test Loss: 0.0000, Test Accuracy: 0.9967, Energy: -6354357.0
Time taken:  12.86707615852356
Test Loss: 0.0000, Test Accuracy: 0.9967, Energy: -6353998.0
Time taken:  12.86531138420105
Test Loss: 0.0000, Test Accuracy: 0.9967, Energy: -6354376.0
Time taken:  12.841985702514648
Test Loss: 0.0000, Test Accuracy: 0.9967, Energy: -6354191.5
Time taken:  12.96435022354126
Test Loss: 0.0000, Test Accuracy: 0.9967, Energy: -6353943.5
Time taken:  12.83767318725586
Test Loss: 0.0000, Test Accuracy: 0.9967, Energy: -6354500.5
Time taken:  12.842175960540771
Test Loss: 0.0000, Test Accuracy: 0.9967, Energy: -6354727.5
Time taken:  12.840833902359009
Test Loss: 0.0000, Test Accuracy: 0.9967, Energy: -6353966.0
Time taken:  12.951097011566162
Test Loss: 0.0000, Test Accuracy: 0.9967, Energy: -6352851.0
Time taken:  12.832372665405273
Test Loss: 0.0000, Test Accuracy: 0.9967, Energy: -6353417.0
Time taken:  12.840773344039917
Test Loss: 0.0000, Test Accuracy: 0.9967, Energy: -6353531.5
Time taken:  12.918033838272095
Test Loss: 0.0000, Test Accuracy: 0.9967, Energy: -6354869.5
Time taken:  12.845111846923828
Test Loss: 0.0000, Test Accuracy: 0.9967, Energy: -6364243.0
Time taken:  12.874253273010254
Test Loss: 0.0000, Test Accuracy: 0.9967, Energy: -6367402.5
Time taken:  12.857127904891968
Test Loss: 0.0000, Test Accuracy: 0.9967, Energy: -6365337.5
Time taken:  12.97163462638855
Test Loss: 0.0000, Test Accuracy: 0.9967, Energy: -6361450.0
Time taken:  12.890840768814087
Test Loss: 0.0000, Test Accuracy: 0.9967, Energy: -6361540.0
Time taken:  12.85985541343689
Test Loss: 0.0000, Test Accuracy: 0.9967, Energy: -6360957.5
Time taken:  12.862247705459595
Test Loss: 0.0000, Test Accuracy: 0.9967, Energy: -6361075.5
Time taken:  12.929150581359863
Test Loss: 0.0000, Test Accuracy: 0.9967, Energy: -6361077.0
Time taken:  12.842051982879639
Test Loss: 0.0000, Test Accuracy: 0.9967, Energy: -6360996.0
Time taken:  12.844030141830444
Test Loss: 0.0000, Test Accuracy: 0.9967, Energy: -6360965.5
Time taken:  12.817385911941528
Test Loss: 0.0000, Test Accuracy: 0.9967, Energy: -6360982.0
Time taken:  12.958649396896362
Test Loss: 0.0000, Test Accuracy: 0.9967, Energy: -6360502.5
Time taken:  12.842830896377563
Test Loss: 0.0000, Test Accuracy: 0.9967, Energy: -6360186.0
Time taken:  12.838419914245605
Test Loss: 0.0000, Test Accuracy: 0.9967, Energy: -6359769.0
Time taken:  12.83560037612915
Test Loss: 0.0000, Test Accuracy: 0.9967, Energy: -6359464.5
Time taken:  12.920461893081665
Test Loss: 0.0000, Test Accuracy: 0.9967, Energy: -6359445.5
Time taken:  12.842044830322266
Test Loss: 0.0000, Test Accuracy: 0.9967, Energy: -6359358.0
Time taken:  12.855824947357178
Test Loss: 0.0000, Test Accuracy: 0.9967, Energy: -6360308.0
Time taken:  12.855017185211182
Test Loss: 0.0000, Test Accuracy: 0.9967, Energy: -6360799.0
Time taken:  12.934048652648926
Test Loss: 0.0000, Test Accuracy: 0.9967, Energy: -6360437.5
Time taken:  12.844639301300049
Test Loss: 0.0000, Test Accuracy: 0.9967, Energy: -6358813.0
Time taken:  12.834198236465454
Test Loss: 0.0000, Test Accuracy: 0.9967, Energy: -6358184.5
Time taken:  12.821184635162354
Test Loss: 0.0000, Test Accuracy: 0.9967, Energy: -6357486.5
Time taken:  12.931283712387085
Test Loss: 0.0000, Test Accuracy: 0.9967, Energy: -6357468.5
Time taken:  12.826858282089233
Test Loss: 0.0000, Test Accuracy: 0.9967, Energy: -6358157.0
Time taken:  12.850508689880371
Test Loss: 0.0000, Test Accuracy: 0.9967, Energy: -6356253.0
Time taken:  12.96358609199524
Test Loss: 0.0000, Test Accuracy: 0.9967, Energy: -6278468.0
Time taken:  13.104337453842163
Test Loss: 0.0000, Test Accuracy: 0.9967, Energy: -6277675.5
Time taken:  12.955844163894653
Test Loss: 0.0000, Test Accuracy: 0.9967, Energy: -6277827.0
Time taken:  12.906102180480957
Test Loss: 0.0000, Test Accuracy: 0.9967, Energy: -6277088.0
Time taken:  12.902174949645996
Test Loss: 0.0000, Test Accuracy: 0.9967, Energy: -6275941.5
Time taken:  13.051202774047852
Test Loss: 0.0000, Test Accuracy: 0.9967, Energy: -6225490.5
Time taken:  12.921297788619995
Test Loss: 0.0000, Test Accuracy: 0.9967, Energy: -6219907.0
Time taken:  12.887385368347168
Test Loss: 0.0000, Test Accuracy: 0.9967, Energy: -6219909.0
Time taken:  12.887518405914307
Test Loss: 0.0000, Test Accuracy: 0.9967, Energy: -6219246.5
Time taken:  13.035566568374634
Test Loss: 0.0000, Test Accuracy: 0.9967, Energy: -6219056.5
Time taken:  13.072415351867676
Test Loss: 0.0000, Test Accuracy: 0.9967, Energy: -6218928.5
Time taken:  13.029715538024902
Test Loss: 0.0000, Test Accuracy: 0.9967, Energy: -6218761.5
Time taken:  13.015718460083008
Test Loss: 0.0000, Test Accuracy: 0.9967, Energy: -6218604.5
Time taken:  13.132535934448242
Test Loss: 0.0000, Test Accuracy: 0.9967, Energy: -6218347.5
Time taken:  13.052105903625488
Test Loss: 0.0000, Test Accuracy: 0.9967, Energy: -6218481.5
Time taken:  13.098580837249756
Test Loss: 0.0000, Test Accuracy: 0.9967, Energy: -6218167.0
Time taken:  13.29209566116333
Test Loss: 0.0000, Test Accuracy: 0.9967, Energy: -6217659.5
Time taken:  13.16060185432434
Test Loss: 0.0000, Test Accuracy: 0.9967, Energy: -6217450.0
Time taken:  12.966931343078613
Test Loss: 0.0000, Test Accuracy: 0.9967, Energy: -6217334.5
Time taken:  12.8967866897583
Test Loss: 0.0000, Test Accuracy: 0.9967, Energy: -6215771.5
Time taken:  13.116480588912964
Test Loss: 0.0000, Test Accuracy: 0.9967, Energy: -6215168.5
Time taken:  13.014323949813843
Test Loss: 0.0000, Test Accuracy: 0.9967, Energy: -6214851.5
Time taken:  12.983578443527222
Test Loss: 0.0000, Test Accuracy: 0.9967, Energy: -6213286.0
Time taken:  12.96265435218811
Test Loss: 0.0000, Test Accuracy: 0.9967, Energy: -6213191.0
Time taken:  13.042924642562866
Test Loss: 0.0000, Test Accuracy: 0.9967, Energy: -6213300.0
Time taken:  12.894634008407593
Test Loss: 0.0000, Test Accuracy: 0.9967, Energy: -6212804.0
Time taken:  12.87566876411438
Test Loss: 0.0000, Test Accuracy: 0.9967, Energy: -6212443.0
Time taken:  12.855985403060913
Test Loss: 0.0000, Test Accuracy: 0.9967, Energy: -6212522.0
Time taken:  12.918506622314453
Test Loss: 0.0000, Test Accuracy: 0.9967, Energy: -6210687.0
Time taken:  12.852195501327515
Test Loss: 0.0000, Test Accuracy: 0.9967, Energy: -6210214.0
Time taken:  12.847700357437134
Test Loss: 0.0000, Test Accuracy: 0.9967, Energy: -6210101.5
Time taken:  12.868860006332397
Test Loss: 0.0000, Test Accuracy: 0.9967, Energy: -6210030.5
Time taken:  12.924969911575317
Test Loss: 0.0000, Test Accuracy: 0.9967, Energy: -6210188.0
Time taken:  12.858487606048584
Test Loss: 0.0000, Test Accuracy: 0.9967, Energy: -6210346.0
Time taken:  12.840407609939575
Test Loss: 0.0000, Test Accuracy: 0.9967, Energy: -6210721.5
Time taken:  12.830456972122192
Test Loss: 0.0000, Test Accuracy: 0.9967, Energy: -6209153.5
Time taken:  12.935267925262451
Test Loss: 0.0000, Test Accuracy: 0.9967, Energy: -6209199.5
Time taken:  12.825186252593994
Test Loss: 0.0000, Test Accuracy: 0.9967, Energy: -6200852.0
Time taken:  12.847458600997925
Test Loss: 0.0000, Test Accuracy: 0.9967, Energy: -6189564.5
Time taken:  12.82879376411438
Test Loss: 0.0000, Test Accuracy: 0.9967, Energy: -6176443.5
Time taken:  12.93198847770691
Test Loss: 0.0000, Test Accuracy: 0.9967, Energy: -6176450.5
Time taken:  12.829334259033203
Test Loss: 0.0000, Test Accuracy: 0.9967, Energy: -6175185.5
Time taken:  12.822543144226074
Test Loss: 0.0000, Test Accuracy: 0.9967, Energy: -6175014.0
Time taken:  12.814480543136597
Test Loss: 0.0000, Test Accuracy: 0.9967, Energy: -6170362.5
Time taken:  12.922021627426147
Test Loss: 0.0000, Test Accuracy: 0.9967, Energy: -6171448.0
Time taken:  12.842328071594238
Test Loss: 0.0000, Test Accuracy: 0.9967, Energy: -6175668.5
Time taken:  12.826963663101196
Test Loss: 0.0000, Test Accuracy: 0.9967, Energy: -6178669.5
Time taken:  12.849867582321167
Test Loss: 0.0000, Test Accuracy: 0.9967, Energy: -6178771.0
Time taken:  12.921298503875732
Test Loss: 0.0000, Test Accuracy: 0.9967, Energy: -6178676.5
Time taken:  12.813214540481567
Test Loss: 0.0000, Test Accuracy: 0.9967, Energy: -6177505.0
Time taken:  12.813396453857422
Final accuracies: [0.9833333333333333, 0.9966666666666667, 0.99, 0.9766666666666667, 1.0, 1.0, 1.0, 1.0, 0.9966666666666667, 0.9966666666666667, 0.9966666666666667, 0.9966666666666667, 0.9966666666666667, 0.9966666666666667, 0.9966666666666667, 0.9966666666666667, 0.9966666666666667, 0.9966666666666667, 0.9966666666666667, 0.9966666666666667, 0.9966666666666667, 0.9966666666666667, 0.9966666666666667, 0.9966666666666667, 0.9966666666666667, 0.9966666666666667, 0.9966666666666667, 0.9966666666666667, 0.9966666666666667, 0.9966666666666667, 0.9966666666666667, 0.9966666666666667, 0.9966666666666667, 0.9966666666666667, 0.9966666666666667, 0.9966666666666667, 0.9966666666666667, 0.9966666666666667, 0.9966666666666667, 0.9966666666666667, 0.9966666666666667, 0.9966666666666667, 0.9966666666666667, 0.9966666666666667, 0.9966666666666667, 0.9966666666666667, 0.9966666666666667, 0.9966666666666667, 0.9966666666666667, 0.9966666666666667, 0.9966666666666667, 0.9966666666666667, 0.9966666666666667, 0.9966666666666667, 0.9966666666666667, 0.9966666666666667, 0.9966666666666667, 0.9966666666666667, 0.9966666666666667, 0.9966666666666667, 0.9966666666666667, 0.9966666666666667, 0.9966666666666667, 0.9966666666666667, 0.9966666666666667, 0.9966666666666667, 0.9966666666666667, 0.9966666666666667, 0.9966666666666667, 0.9966666666666667, 0.9966666666666667, 0.9966666666666667, 0.9966666666666667, 0.9966666666666667, 0.9966666666666667, 0.9966666666666667, 0.9966666666666667, 0.9966666666666667, 0.9966666666666667, 0.9966666666666667, 0.9966666666666667, 0.9966666666666667, 0.9966666666666667, 0.9966666666666667, 0.9966666666666667, 0.9966666666666667, 0.9966666666666667, 0.9966666666666667, 0.9966666666666667, 0.9966666666666667, 0.9966666666666667, 0.9966666666666667, 0.9966666666666667, 0.9966666666666667, 0.9966666666666667, 0.9966666666666667, 0.9966666666666667, 0.9966666666666667, 0.9966666666666667, 0.9966666666666667]
Final energies: [-1798489.125, -3122696.0, -5543519.5, -5226033.0, -5931525.5, -6259392.0, -6207071.0, -6232144.0, -6324691.0, -6357682.0, -6355359.0, -6355290.5, -6354357.0, -6353998.0, -6354376.0, -6354191.5, -6353943.5, -6354500.5, -6354727.5, -6353966.0, -6352851.0, -6353417.0, -6353531.5, -6354869.5, -6364243.0, -6367402.5, -6365337.5, -6361450.0, -6361540.0, -6360957.5, -6361075.5, -6361077.0, -6360996.0, -6360965.5, -6360982.0, -6360502.5, -6360186.0, -6359769.0, -6359464.5, -6359445.5, -6359358.0, -6360308.0, -6360799.0, -6360437.5, -6358813.0, -6358184.5, -6357486.5, -6357468.5, -6358157.0, -6356253.0, -6278468.0, -6277675.5, -6277827.0, -6277088.0, -6275941.5, -6225490.5, -6219907.0, -6219909.0, -6219246.5, -6219056.5, -6218928.5, -6218761.5, -6218604.5, -6218347.5, -6218481.5, -6218167.0, -6217659.5, -6217450.0, -6217334.5, -6215771.5, -6215168.5, -6214851.5, -6213286.0, -6213191.0, -6213300.0, -6212804.0, -6212443.0, -6212522.0, -6210687.0, -6210214.0, -6210101.5, -6210030.5, -6210188.0, -6210346.0, -6210721.5, -6209153.5, -6209199.5, -6200852.0, -6189564.5, -6176443.5, -6176450.5, -6175185.5, -6175014.0, -6170362.5, -6171448.0, -6175668.5, -6178669.5, -6178771.0, -6178676.5, -6177505.0]
