Running with parameters: hidden=30, use_coupled=true, seed=96, lam=0.0, eta=1.0
Test Accuracy: 0.7967, Energy: -56.26
Time Taken:  11.25925612449646
Test Accuracy: 0.7967, Energy: -55.57
Time Taken:  11.027366399765015
Test Accuracy: 0.7567, Energy: -56.03
Time Taken:  11.22774887084961
Test Accuracy: 0.7567, Energy: -56.09
Time Taken:  11.225582122802734
Test Accuracy: 0.7567, Energy: -55.63
Time Taken:  11.068865060806274
Test Accuracy: 0.7567, Energy: -54.28
Time Taken:  11.243878841400146
Test Accuracy: 0.7567, Energy: -53.53
Time Taken:  11.065672159194946
Test Accuracy: 0.7567, Energy: -53.63
Time Taken:  11.139516115188599
Test Accuracy: 0.7567, Energy: -52.56
Time Taken:  11.101023435592651
Test Accuracy: 0.7600, Energy: -52.08
Time Taken:  11.077030658721924
Test Accuracy: 0.7600, Energy: -53.35
Time Taken:  11.107985019683838
Test Accuracy: 0.7933, Energy: -51.47
Time Taken:  11.277358770370483
Test Accuracy: 0.7933, Energy: -51.12
Time Taken:  11.12343978881836
Test Accuracy: 0.7933, Energy: -50.75
Time Taken:  11.078655481338501
Test Accuracy: 0.7933, Energy: -53.42
Time Taken:  11.148517608642578
Test Accuracy: 0.7933, Energy: -53.18
Time Taken:  11.555459022521973
Test Accuracy: 0.7933, Energy: -54.10
Time Taken:  11.089544534683228
Test Accuracy: 0.7933, Energy: -53.37
Time Taken:  11.094715118408203
Test Accuracy: 0.7933, Energy: -52.69
Time Taken:  11.050293684005737
Test Accuracy: 0.7933, Energy: -52.84
Time Taken:  11.147777318954468
Test Accuracy: 0.7933, Energy: -51.37
Time Taken:  11.08172869682312
Test Accuracy: 0.7933, Energy: -52.47
Time Taken:  11.193529605865479
Test Accuracy: 0.7933, Energy: -53.60
Time Taken:  11.144619941711426
Test Accuracy: 0.7933, Energy: -53.96
Time Taken:  11.121969223022461
Test Accuracy: 0.7933, Energy: -54.49
Time Taken:  11.069331169128418
Test Accuracy: 0.7900, Energy: -52.97
Time Taken:  11.087093353271484
Test Accuracy: 0.7900, Energy: -53.38
Time Taken:  11.134334087371826
Test Accuracy: 0.7900, Energy: -51.72
Time Taken:  11.116259813308716
Test Accuracy: 0.7900, Energy: -55.87
Time Taken:  11.102185726165771
Test Accuracy: 0.7900, Energy: -55.15
Time Taken:  11.072319269180298
Test Accuracy: 0.7900, Energy: -54.95
Time Taken:  11.11686396598816
Test Accuracy: 0.7900, Energy: -53.78
Time Taken:  11.12469744682312
Test Accuracy: 0.7900, Energy: -56.61
Time Taken:  11.137520551681519
Test Accuracy: 0.7933, Energy: -57.82
Time Taken:  11.186230659484863
Test Accuracy: 0.7900, Energy: -57.54
Time Taken:  11.10977816581726
Test Accuracy: 0.7900, Energy: -56.20
Time Taken:  11.14506983757019
Test Accuracy: 0.7900, Energy: -58.53
Time Taken:  11.118923902511597
Test Accuracy: 0.7933, Energy: -57.22
Time Taken:  11.08432126045227
Test Accuracy: 0.7933, Energy: -55.34
Time Taken:  11.062675476074219
Test Accuracy: 0.7933, Energy: -52.77
Time Taken:  11.070429801940918
Test Accuracy: 0.7933, Energy: -51.85
Time Taken:  11.099900484085083
Test Accuracy: 0.7933, Energy: -52.19
Time Taken:  11.109881162643433
Test Accuracy: 0.7933, Energy: -51.27
Time Taken:  11.157341718673706
Test Accuracy: 0.7933, Energy: -52.81
Time Taken:  11.172031164169312
Test Accuracy: 0.7933, Energy: -54.44
Time Taken:  11.14673137664795
Test Accuracy: 0.7933, Energy: -54.75
Time Taken:  11.081966400146484
Test Accuracy: 0.7933, Energy: -54.14
Time Taken:  11.094371318817139
Test Accuracy: 0.7933, Energy: -55.58
Time Taken:  11.088510990142822
Test Accuracy: 0.7933, Energy: -52.34
Time Taken:  11.112186431884766
Test Accuracy: 0.7933, Energy: -52.30
Time Taken:  11.189938306808472
Test Accuracy: 0.7933, Energy: -54.15
Time Taken:  11.236504316329956
Test Accuracy: 0.7933, Energy: -54.39
Time Taken:  11.166425466537476
Test Accuracy: 0.7933, Energy: -53.83
Time Taken:  11.143115758895874
Test Accuracy: 0.7933, Energy: -53.47
Time Taken:  11.084262371063232
Test Accuracy: 0.7933, Energy: -53.48
Time Taken:  11.054273128509521
Test Accuracy: 0.7933, Energy: -52.57
Time Taken:  11.161014556884766
Test Accuracy: 0.7933, Energy: -53.68
Time Taken:  11.084540605545044
Test Accuracy: 0.7900, Energy: -56.08
Time Taken:  11.129451751708984
Test Accuracy: 0.7900, Energy: -54.90
Time Taken:  11.20663571357727
Test Accuracy: 0.7867, Energy: -54.20
Time Taken:  11.096412897109985
Test Accuracy: 0.7900, Energy: -56.10
Time Taken:  11.100953817367554
Test Accuracy: 0.7867, Energy: -55.49
Time Taken:  11.081032752990723
Test Accuracy: 0.7867, Energy: -55.93
Time Taken:  11.106655597686768
Test Accuracy: 0.7867, Energy: -58.37
Time Taken:  11.161176919937134
Test Accuracy: 0.7867, Energy: -58.35
Time Taken:  11.22754168510437
Test Accuracy: 0.7867, Energy: -59.56
Time Taken:  11.060890197753906
Test Accuracy: 0.7867, Energy: -59.07
Time Taken:  11.167570114135742
Test Accuracy: 0.7867, Energy: -57.42
Time Taken:  11.122020721435547
Test Accuracy: 0.7867, Energy: -57.59
Time Taken:  11.072542428970337
Test Accuracy: 0.7867, Energy: -56.96
Time Taken:  11.155436754226685
Test Accuracy: 0.7867, Energy: -59.02
Time Taken:  11.129152774810791
Test Accuracy: 0.7900, Energy: -60.64
Time Taken:  11.097982168197632
Test Accuracy: 0.7900, Energy: -61.46
Time Taken:  11.110441446304321
Test Accuracy: 0.7900, Energy: -62.93
Time Taken:  11.0989248752594
Test Accuracy: 0.7900, Energy: -63.48
Time Taken:  11.228424072265625
Test Accuracy: 0.7900, Energy: -65.33
Time Taken:  11.20984411239624
Test Accuracy: 0.7900, Energy: -63.03
Time Taken:  11.157299041748047
Test Accuracy: 0.7900, Energy: -65.17
Time Taken:  11.098761796951294
Test Accuracy: 0.7900, Energy: -68.29
Time Taken:  11.237614870071411
Test Accuracy: 0.8000, Energy: -65.16
Time Taken:  11.10275411605835
Test Accuracy: 0.8000, Energy: -64.41
Time Taken:  11.237489700317383
Test Accuracy: 0.8000, Energy: -63.22
Time Taken:  11.144634008407593
Test Accuracy: 0.8000, Energy: -63.64
Time Taken:  11.166901588439941
Test Accuracy: 0.8000, Energy: -62.17
Time Taken:  11.05973505973816
Test Accuracy: 0.8000, Energy: -59.62
Time Taken:  11.14334511756897
Test Accuracy: 0.7967, Energy: -57.93
Time Taken:  11.124553918838501
Test Accuracy: 0.7967, Energy: -55.08
Time Taken:  11.052337646484375
Test Accuracy: 0.7967, Energy: -53.03
Time Taken:  11.101601600646973
Test Accuracy: 0.7900, Energy: -53.37
Time Taken:  11.09886360168457
Test Accuracy: 0.7900, Energy: -51.78
Time Taken:  11.095775365829468
Test Accuracy: 0.7933, Energy: -52.69
Time Taken:  11.146113157272339
Test Accuracy: 0.7600, Energy: -53.56
Time Taken:  11.053377866744995
Test Accuracy: 0.7600, Energy: -58.19
Time Taken:  11.08089017868042
Test Accuracy: 0.7600, Energy: -55.69
Time Taken:  11.12829852104187
Test Accuracy: 0.7600, Energy: -58.17
Time Taken:  11.106069326400757
Test Accuracy: 0.7600, Energy: -59.79
Time Taken:  11.109661102294922
Test Accuracy: 0.7633, Energy: -61.63
Time Taken:  11.127734422683716
Test Accuracy: 0.7633, Energy: -60.39
Time Taken:  11.091919422149658
Test Accuracy: 0.7633, Energy: -65.16
Time Taken:  11.190943241119385
Test Accuracy: 0.7633, Energy: -65.57
Time Taken:  11.080024242401123
Final accuracies: [0.7966666666666666, 0.7966666666666666, 0.7566666666666667, 0.7566666666666667, 0.7566666666666667, 0.7566666666666667, 0.7566666666666667, 0.7566666666666667, 0.7566666666666667, 0.76, 0.76, 0.7933333333333333, 0.7933333333333333, 0.7933333333333333, 0.7933333333333333, 0.7933333333333333, 0.7933333333333333, 0.7933333333333333, 0.7933333333333333, 0.7933333333333333, 0.7933333333333333, 0.7933333333333333, 0.7933333333333333, 0.7933333333333333, 0.7933333333333333, 0.79, 0.79, 0.79, 0.79, 0.79, 0.79, 0.79, 0.79, 0.7933333333333333, 0.79, 0.79, 0.79, 0.7933333333333333, 0.7933333333333333, 0.7933333333333333, 0.7933333333333333, 0.7933333333333333, 0.7933333333333333, 0.7933333333333333, 0.7933333333333333, 0.7933333333333333, 0.7933333333333333, 0.7933333333333333, 0.7933333333333333, 0.7933333333333333, 0.7933333333333333, 0.7933333333333333, 0.7933333333333333, 0.7933333333333333, 0.7933333333333333, 0.7933333333333333, 0.7933333333333333, 0.79, 0.79, 0.7866666666666666, 0.79, 0.7866666666666666, 0.7866666666666666, 0.7866666666666666, 0.7866666666666666, 0.7866666666666666, 0.7866666666666666, 0.7866666666666666, 0.7866666666666666, 0.7866666666666666, 0.7866666666666666, 0.79, 0.79, 0.79, 0.79, 0.79, 0.79, 0.79, 0.79, 0.8, 0.8, 0.8, 0.8, 0.8, 0.8, 0.7966666666666666, 0.7966666666666666, 0.7966666666666666, 0.79, 0.79, 0.7933333333333333, 0.76, 0.76, 0.76, 0.76, 0.76, 0.7633333333333333, 0.7633333333333333, 0.7633333333333333, 0.7633333333333333]
Final energies: [-56.257652282714844, -55.57471466064453, -56.03492736816406, -56.092926025390625, -55.629661560058594, -54.284828186035156, -53.53363037109375, -53.628475189208984, -52.56144714355469, -52.082672119140625, -53.34649658203125, -51.4722900390625, -51.12376022338867, -50.74607849121094, -53.41984558105469, -53.18359375, -54.10184097290039, -53.36517333984375, -52.68621063232422, -52.836402893066406, -51.3747673034668, -52.46921920776367, -53.60133361816406, -53.96232604980469, -54.493812561035156, -52.966270446777344, -53.38389587402344, -51.723960876464844, -55.869422912597656, -55.14585876464844, -54.948028564453125, -53.78230667114258, -56.60728073120117, -57.818695068359375, -57.542728424072266, -56.20042419433594, -58.52789306640625, -57.21958923339844, -55.33744430541992, -52.765403747558594, -51.85021209716797, -52.18893051147461, -51.268131256103516, -52.81205368041992, -54.438621520996094, -54.750511169433594, -54.13566589355469, -55.58312225341797, -52.34481430053711, -52.29792022705078, -54.14567565917969, -54.39134979248047, -53.82971954345703, -53.4732780456543, -53.47649002075195, -52.56658172607422, -53.68476867675781, -56.08173751831055, -54.903526306152344, -54.20273971557617, -56.09823226928711, -55.49030685424805, -55.92716979980469, -58.36980056762695, -58.347801208496094, -59.56264114379883, -59.06983184814453, -57.4178581237793, -57.589237213134766, -56.962528228759766, -59.015586853027344, -60.64065933227539, -61.46244430541992, -62.92748260498047, -63.482093811035156, -65.3299560546875, -63.03164291381836, -65.17340087890625, -68.29165649414062, -65.15912628173828, -64.41263580322266, -63.22026824951172, -63.64228439331055, -62.174476623535156, -59.62362289428711, -57.93223571777344, -55.084598541259766, -53.03225326538086, -53.371429443359375, -51.78402328491211, -52.6890754699707, -53.557273864746094, -58.19449996948242, -55.686641693115234, -58.16810989379883, -59.79191589355469, -61.63170623779297, -60.39354705810547, -65.15654754638672, -65.568603515625]
