Running with parameters: hidden=30, use_coupled=true, seed=2, lam=0.0, eta=1.0
Test Accuracy: 0.8800, Energy: -25.98
Time Taken:  11.07141900062561
Test Accuracy: 0.8800, Energy: -29.08
Time Taken:  11.077021837234497
Test Accuracy: 0.8800, Energy: -28.92
Time Taken:  11.056090354919434
Test Accuracy: 0.8800, Energy: -30.19
Time Taken:  11.154680728912354
Test Accuracy: 0.8800, Energy: -31.16
Time Taken:  11.049919366836548
Test Accuracy: 0.8800, Energy: -31.88
Time Taken:  11.088416337966919
Test Accuracy: 0.8800, Energy: -33.36
Time Taken:  11.06747841835022
Test Accuracy: 0.8800, Energy: -33.99
Time Taken:  11.094148874282837
Test Accuracy: 0.8800, Energy: -32.49
Time Taken:  11.14158844947815
Test Accuracy: 0.8833, Energy: -33.42
Time Taken:  11.068004369735718
Test Accuracy: 0.8833, Energy: -34.87
Time Taken:  11.092724800109863
Test Accuracy: 0.8833, Energy: -43.52
Time Taken:  11.135597705841064
Test Accuracy: 0.8833, Energy: -45.32
Time Taken:  11.044034957885742
Test Accuracy: 0.8833, Energy: -44.85
Time Taken:  11.06799054145813
Test Accuracy: 0.8833, Energy: -40.52
Time Taken:  11.06314730644226
Test Accuracy: 0.8833, Energy: -41.59
Time Taken:  11.074233531951904
Test Accuracy: 0.8833, Energy: -40.90
Time Taken:  11.11353063583374
Test Accuracy: 0.8833, Energy: -47.28
Time Taken:  11.05565881729126
Test Accuracy: 0.8800, Energy: -49.09
Time Taken:  11.123911619186401
Test Accuracy: 0.8800, Energy: -52.44
Time Taken:  11.09969425201416
Test Accuracy: 0.8800, Energy: -57.63
Time Taken:  11.100015878677368
Test Accuracy: 0.8800, Energy: -51.88
Time Taken:  11.111035108566284
Test Accuracy: 0.8800, Energy: -55.33
Time Taken:  11.150977611541748
Test Accuracy: 0.8800, Energy: -57.29
Time Taken:  11.100000619888306
Test Accuracy: 0.8833, Energy: -59.25
Time Taken:  11.103912591934204
Test Accuracy: 0.8833, Energy: -58.26
Time Taken:  11.09839653968811
Test Accuracy: 0.8833, Energy: -60.11
Time Taken:  11.189435005187988
Test Accuracy: 0.8833, Energy: -62.66
Time Taken:  11.16586184501648
Test Accuracy: 0.8833, Energy: -60.54
Time Taken:  11.100872993469238
Test Accuracy: 0.8867, Energy: -49.65
Time Taken:  11.095171928405762
Test Accuracy: 0.8833, Energy: -47.76
Time Taken:  11.071406602859497
Test Accuracy: 0.8833, Energy: -50.66
Time Taken:  11.120080947875977
Test Accuracy: 0.8833, Energy: -48.53
Time Taken:  11.140519857406616
Test Accuracy: 0.8833, Energy: -48.42
Time Taken:  11.11541199684143
Test Accuracy: 0.8833, Energy: -48.83
Time Taken:  11.173139333724976
Test Accuracy: 0.8833, Energy: -48.02
Time Taken:  11.152607917785645
Test Accuracy: 0.8833, Energy: -53.88
Time Taken:  11.03065037727356
Test Accuracy: 0.8833, Energy: -57.05
Time Taken:  11.079101800918579
Test Accuracy: 0.8833, Energy: -54.36
Time Taken:  11.084067106246948
Test Accuracy: 0.8833, Energy: -55.41
Time Taken:  11.081133842468262
Test Accuracy: 0.8833, Energy: -49.26
Time Taken:  11.122352123260498
Test Accuracy: 0.8833, Energy: -50.33
Time Taken:  11.106875658035278
Test Accuracy: 0.8800, Energy: -50.35
Time Taken:  11.152090311050415
Test Accuracy: 0.8800, Energy: -49.92
Time Taken:  11.108478307723999
Test Accuracy: 0.8833, Energy: -56.81
Time Taken:  11.074489831924438
Test Accuracy: 0.8833, Energy: -61.63
Time Taken:  11.165996074676514
Test Accuracy: 0.8833, Energy: -63.69
Time Taken:  11.048916578292847
Test Accuracy: 0.8900, Energy: -58.95
Time Taken:  11.127171516418457
Test Accuracy: 0.8900, Energy: -57.11
Time Taken:  11.09378981590271
Test Accuracy: 0.8900, Energy: -60.64
Time Taken:  11.142905950546265
Test Accuracy: 0.8933, Energy: -57.45
Time Taken:  11.095780849456787
Test Accuracy: 0.8933, Energy: -60.40
Time Taken:  11.160373210906982
Test Accuracy: 0.8933, Energy: -66.60
Time Taken:  11.08058214187622
Test Accuracy: 0.8933, Energy: -63.87
Time Taken:  11.113193273544312
Test Accuracy: 0.8867, Energy: -64.17
Time Taken:  11.073928594589233
Test Accuracy: 0.8867, Energy: -63.82
Time Taken:  11.103524923324585
Test Accuracy: 0.8867, Energy: -61.06
Time Taken:  11.10040807723999
Test Accuracy: 0.8867, Energy: -63.38
Time Taken:  11.078554630279541
Test Accuracy: 0.8867, Energy: -63.01
Time Taken:  11.105630159378052
Test Accuracy: 0.8867, Energy: -62.17
Time Taken:  11.026048183441162
Test Accuracy: 0.8867, Energy: -58.53
Time Taken:  11.02537727355957
Test Accuracy: 0.8867, Energy: -63.49
Time Taken:  11.102614164352417
Test Accuracy: 0.8867, Energy: -66.30
Time Taken:  11.106404066085815
Test Accuracy: 0.8867, Energy: -71.20
Time Taken:  11.076838254928589
Test Accuracy: 0.8833, Energy: -72.30
Time Taken:  11.136604309082031
Test Accuracy: 0.8867, Energy: -71.53
Time Taken:  11.144439220428467
Test Accuracy: 0.8867, Energy: -73.20
Time Taken:  11.133488655090332
Test Accuracy: 0.8867, Energy: -67.05
Time Taken:  11.061010599136353
Test Accuracy: 0.8867, Energy: -66.29
Time Taken:  11.129066228866577
Test Accuracy: 0.8867, Energy: -66.25
Time Taken:  11.111324310302734
Test Accuracy: 0.8867, Energy: -68.01
Time Taken:  11.116560459136963
Test Accuracy: 0.8867, Energy: -65.20
Time Taken:  11.1069655418396
Test Accuracy: 0.8867, Energy: -68.69
Time Taken:  11.159495115280151
Test Accuracy: 0.8867, Energy: -71.53
Time Taken:  11.117793798446655
Test Accuracy: 0.8867, Energy: -71.63
Time Taken:  11.197554111480713
Test Accuracy: 0.8867, Energy: -72.19
Time Taken:  11.122378587722778
Test Accuracy: 0.8867, Energy: -71.64
Time Taken:  11.083000421524048
Test Accuracy: 0.8867, Energy: -66.46
Time Taken:  11.066472291946411
Test Accuracy: 0.8867, Energy: -66.56
Time Taken:  11.146986722946167
Test Accuracy: 0.8867, Energy: -72.47
Time Taken:  11.104146718978882
Test Accuracy: 0.8867, Energy: -75.04
Time Taken:  11.166133165359497
Test Accuracy: 0.8867, Energy: -75.51
Time Taken:  11.16295075416565
Test Accuracy: 0.8867, Energy: -77.26
Time Taken:  11.150327682495117
Test Accuracy: 0.8867, Energy: -78.07
Time Taken:  11.089714765548706
Test Accuracy: 0.8867, Energy: -81.13
Time Taken:  11.085314512252808
Test Accuracy: 0.8833, Energy: -79.04
Time Taken:  11.051692962646484
Test Accuracy: 0.8833, Energy: -78.94
Time Taken:  11.019564390182495
Test Accuracy: 0.8833, Energy: -81.82
Time Taken:  11.052711725234985
Test Accuracy: 0.8833, Energy: -84.99
Time Taken:  11.05590009689331
Test Accuracy: 0.8833, Energy: -84.35
Time Taken:  11.019377946853638
Test Accuracy: 0.8833, Energy: -86.78
Time Taken:  11.091357231140137
Test Accuracy: 0.8833, Energy: -82.52
Time Taken:  11.02136492729187
Test Accuracy: 0.8833, Energy: -81.81
Time Taken:  11.015159368515015
Test Accuracy: 0.8833, Energy: -79.05
Time Taken:  11.050578355789185
Test Accuracy: 0.8833, Energy: -84.43
Time Taken:  11.064331531524658
Test Accuracy: 0.8833, Energy: -84.99
Time Taken:  11.071698188781738
Test Accuracy: 0.8833, Energy: -87.73
Time Taken:  11.089422941207886
Test Accuracy: 0.8833, Energy: -89.28
Time Taken:  11.028785467147827
Test Accuracy: 0.8833, Energy: -95.35
Time Taken:  11.048478841781616
Test Accuracy: 0.8833, Energy: -95.76
Time Taken:  11.10281777381897
Final accuracies: [0.88, 0.88, 0.88, 0.88, 0.88, 0.88, 0.88, 0.88, 0.88, 0.8833333333333333, 0.8833333333333333, 0.8833333333333333, 0.8833333333333333, 0.8833333333333333, 0.8833333333333333, 0.8833333333333333, 0.8833333333333333, 0.8833333333333333, 0.88, 0.88, 0.88, 0.88, 0.88, 0.88, 0.8833333333333333, 0.8833333333333333, 0.8833333333333333, 0.8833333333333333, 0.8833333333333333, 0.8866666666666667, 0.8833333333333333, 0.8833333333333333, 0.8833333333333333, 0.8833333333333333, 0.8833333333333333, 0.8833333333333333, 0.8833333333333333, 0.8833333333333333, 0.8833333333333333, 0.8833333333333333, 0.8833333333333333, 0.8833333333333333, 0.88, 0.88, 0.8833333333333333, 0.8833333333333333, 0.8833333333333333, 0.89, 0.89, 0.89, 0.8933333333333333, 0.8933333333333333, 0.8933333333333333, 0.8933333333333333, 0.8866666666666667, 0.8866666666666667, 0.8866666666666667, 0.8866666666666667, 0.8866666666666667, 0.8866666666666667, 0.8866666666666667, 0.8866666666666667, 0.8866666666666667, 0.8866666666666667, 0.8833333333333333, 0.8866666666666667, 0.8866666666666667, 0.8866666666666667, 0.8866666666666667, 0.8866666666666667, 0.8866666666666667, 0.8866666666666667, 0.8866666666666667, 0.8866666666666667, 0.8866666666666667, 0.8866666666666667, 0.8866666666666667, 0.8866666666666667, 0.8866666666666667, 0.8866666666666667, 0.8866666666666667, 0.8866666666666667, 0.8866666666666667, 0.8866666666666667, 0.8866666666666667, 0.8833333333333333, 0.8833333333333333, 0.8833333333333333, 0.8833333333333333, 0.8833333333333333, 0.8833333333333333, 0.8833333333333333, 0.8833333333333333, 0.8833333333333333, 0.8833333333333333, 0.8833333333333333, 0.8833333333333333, 0.8833333333333333, 0.8833333333333333, 0.8833333333333333]
Final energies: [-25.977489471435547, -29.08339500427246, -28.915246963500977, -30.189804077148438, -31.155073165893555, -31.87539291381836, -33.35763931274414, -33.99126052856445, -32.49266815185547, -33.41944885253906, -34.872650146484375, -43.5179328918457, -45.32295227050781, -44.85062026977539, -40.52108383178711, -41.593055725097656, -40.90298080444336, -47.27832794189453, -49.09306335449219, -52.436649322509766, -57.634212493896484, -51.884010314941406, -55.32851791381836, -57.2855110168457, -59.251258850097656, -58.25746536254883, -60.11326599121094, -62.66434860229492, -60.54004669189453, -49.64575958251953, -47.75740432739258, -50.66365051269531, -48.529701232910156, -48.418392181396484, -48.83234786987305, -48.01858901977539, -53.880245208740234, -57.05360794067383, -54.36466979980469, -55.40656280517578, -49.262062072753906, -50.32887649536133, -50.351985931396484, -49.91879653930664, -56.810264587402344, -61.633480072021484, -63.68899154663086, -58.94611358642578, -57.10544967651367, -60.639747619628906, -57.449729919433594, -60.40157699584961, -66.60169219970703, -63.874725341796875, -64.16776275634766, -63.82496643066406, -61.06155776977539, -63.37892532348633, -63.00550842285156, -62.16951370239258, -58.531246185302734, -63.494266510009766, -66.3043212890625, -71.1971664428711, -72.29801940917969, -71.53172302246094, -73.19910430908203, -67.04561614990234, -66.2872085571289, -66.24957275390625, -68.01472473144531, -65.20122528076172, -68.69248962402344, -71.5255126953125, -71.63064575195312, -72.18621826171875, -71.63554382324219, -66.45916748046875, -66.56259155273438, -72.46857452392578, -75.03887176513672, -75.51242065429688, -77.26155090332031, -78.07319641113281, -81.13246154785156, -79.04224395751953, -78.94469451904297, -81.82154846191406, -84.99348449707031, -84.35346984863281, -86.7815933227539, -82.5198745727539, -81.80543518066406, -79.04529571533203, -84.43130493164062, -84.99427032470703, -87.73352813720703, -89.28324890136719, -95.35076141357422, -95.75816345214844]
