Running with parameters: hidden=30, use_coupled=true, seed=80, lam=0.0, eta=1.0
Test Accuracy: 0.8733, Energy: -59.35
Time Taken:  11.287096738815308
Test Accuracy: 0.8733, Energy: -58.57
Time Taken:  11.075427770614624
Test Accuracy: 0.8733, Energy: -59.91
Time Taken:  11.105360746383667
Test Accuracy: 0.8800, Energy: -63.83
Time Taken:  11.174025297164917
Test Accuracy: 0.8700, Energy: -65.43
Time Taken:  11.137910842895508
Test Accuracy: 0.8700, Energy: -64.78
Time Taken:  11.16081714630127
Test Accuracy: 0.8700, Energy: -66.30
Time Taken:  11.130244493484497
Test Accuracy: 0.8700, Energy: -65.24
Time Taken:  11.202130794525146
Test Accuracy: 0.8767, Energy: -64.41
Time Taken:  11.13752293586731
Test Accuracy: 0.8767, Energy: -65.66
Time Taken:  11.159366130828857
Test Accuracy: 0.8700, Energy: -68.92
Time Taken:  11.223912239074707
Test Accuracy: 0.8700, Energy: -70.32
Time Taken:  11.159817457199097
Test Accuracy: 0.8700, Energy: -71.69
Time Taken:  11.089901685714722
Test Accuracy: 0.8700, Energy: -74.08
Time Taken:  11.107125997543335
Test Accuracy: 0.8700, Energy: -74.74
Time Taken:  11.082690238952637
Test Accuracy: 0.8700, Energy: -73.28
Time Taken:  11.16830587387085
Test Accuracy: 0.8700, Energy: -74.06
Time Taken:  11.155919551849365
Test Accuracy: 0.8700, Energy: -79.30
Time Taken:  11.131465911865234
Test Accuracy: 0.8700, Energy: -82.27
Time Taken:  11.209591150283813
Test Accuracy: 0.8733, Energy: -84.09
Time Taken:  11.284129858016968
Test Accuracy: 0.8733, Energy: -83.11
Time Taken:  11.223644971847534
Test Accuracy: 0.8733, Energy: -83.99
Time Taken:  11.083768844604492
Test Accuracy: 0.8800, Energy: -79.08
Time Taken:  11.193666934967041
Test Accuracy: 0.8733, Energy: -78.47
Time Taken:  11.164127349853516
Test Accuracy: 0.8733, Energy: -74.83
Time Taken:  11.140420913696289
Test Accuracy: 0.8800, Energy: -75.50
Time Taken:  11.193140506744385
Test Accuracy: 0.8800, Energy: -76.05
Time Taken:  11.141109943389893
Test Accuracy: 0.8800, Energy: -80.68
Time Taken:  11.217970371246338
Test Accuracy: 0.8800, Energy: -82.15
Time Taken:  11.091404914855957
Test Accuracy: 0.8800, Energy: -80.69
Time Taken:  11.129392385482788
Test Accuracy: 0.8833, Energy: -74.33
Time Taken:  11.141895532608032
Test Accuracy: 0.8833, Energy: -74.88
Time Taken:  11.156869649887085
Test Accuracy: 0.8833, Energy: -75.47
Time Taken:  11.136534214019775
Test Accuracy: 0.8800, Energy: -77.33
Time Taken:  11.14825439453125
Test Accuracy: 0.8800, Energy: -77.44
Time Taken:  11.239554166793823
Test Accuracy: 0.8733, Energy: -80.41
Time Taken:  11.187459230422974
Test Accuracy: 0.8733, Energy: -77.96
Time Taken:  11.09217357635498
Test Accuracy: 0.8700, Energy: -79.24
Time Taken:  11.128119945526123
Test Accuracy: 0.8633, Energy: -82.87
Time Taken:  11.142351150512695
Test Accuracy: 0.8633, Energy: -84.75
Time Taken:  11.13364577293396
Test Accuracy: 0.8633, Energy: -84.64
Time Taken:  11.144890546798706
Test Accuracy: 0.8633, Energy: -86.17
Time Taken:  11.251103162765503
Test Accuracy: 0.8633, Energy: -85.94
Time Taken:  11.173771858215332
Test Accuracy: 0.8633, Energy: -88.97
Time Taken:  11.195736646652222
Test Accuracy: 0.8600, Energy: -89.85
Time Taken:  11.115031003952026
Test Accuracy: 0.8600, Energy: -91.40
Time Taken:  11.130760192871094
Test Accuracy: 0.8600, Energy: -91.11
Time Taken:  11.15329098701477
Test Accuracy: 0.8600, Energy: -89.76
Time Taken:  11.255192756652832
Test Accuracy: 0.8600, Energy: -88.69
Time Taken:  11.127443313598633
Test Accuracy: 0.8600, Energy: -89.38
Time Taken:  11.152499437332153
Test Accuracy: 0.8600, Energy: -88.44
Time Taken:  11.132323265075684
Test Accuracy: 0.8600, Energy: -88.11
Time Taken:  11.183261394500732
Test Accuracy: 0.8600, Energy: -85.45
Time Taken:  11.111943483352661
Test Accuracy: 0.8600, Energy: -82.76
Time Taken:  11.112212181091309
Test Accuracy: 0.8600, Energy: -85.37
Time Taken:  11.11964750289917
Test Accuracy: 0.8600, Energy: -90.74
Time Taken:  11.15643572807312
Test Accuracy: 0.8633, Energy: -87.49
Time Taken:  11.240239381790161
Test Accuracy: 0.8633, Energy: -92.27
Time Taken:  11.1229407787323
Test Accuracy: 0.8633, Energy: -93.68
Time Taken:  11.257729530334473
Test Accuracy: 0.8633, Energy: -94.97
Time Taken:  11.098711013793945
Test Accuracy: 0.8633, Energy: -94.94
Time Taken:  11.137186527252197
Test Accuracy: 0.8633, Energy: -97.68
Time Taken:  11.157801866531372
Test Accuracy: 0.8667, Energy: -97.39
Time Taken:  11.116451263427734
Test Accuracy: 0.8667, Energy: -97.58
Time Taken:  11.14818024635315
Test Accuracy: 0.8700, Energy: -97.73
Time Taken:  11.134576082229614
Test Accuracy: 0.8700, Energy: -101.49
Time Taken:  11.15596866607666
Test Accuracy: 0.8700, Energy: -102.10
Time Taken:  11.178662300109863
Test Accuracy: 0.8700, Energy: -108.54
Time Taken:  11.094515323638916
Test Accuracy: 0.8700, Energy: -105.72
Time Taken:  11.121814727783203
Test Accuracy: 0.8700, Energy: -101.49
Time Taken:  11.188634872436523
Test Accuracy: 0.8733, Energy: -100.78
Time Taken:  11.160555601119995
Test Accuracy: 0.8733, Energy: -102.97
Time Taken:  11.119603633880615
Test Accuracy: 0.8733, Energy: -109.65
Time Taken:  11.117743015289307
Test Accuracy: 0.8733, Energy: -111.47
Time Taken:  11.132623195648193
Test Accuracy: 0.8733, Energy: -108.48
Time Taken:  11.250260353088379
Test Accuracy: 0.8733, Energy: -110.14
Time Taken:  11.18581509590149
Test Accuracy: 0.8733, Energy: -107.53
Time Taken:  11.105834007263184
Test Accuracy: 0.8733, Energy: -108.45
Time Taken:  11.147638082504272
Test Accuracy: 0.8733, Energy: -109.51
Time Taken:  11.166151523590088
Test Accuracy: 0.8700, Energy: -114.71
Time Taken:  11.137657165527344
Test Accuracy: 0.8700, Energy: -116.10
Time Taken:  11.151624917984009
Test Accuracy: 0.8700, Energy: -118.06
Time Taken:  11.149670839309692
Test Accuracy: 0.8700, Energy: -121.46
Time Taken:  11.199220418930054
Test Accuracy: 0.8700, Energy: -121.10
Time Taken:  11.09736180305481
Test Accuracy: 0.8700, Energy: -121.30
Time Taken:  11.167304515838623
Test Accuracy: 0.8633, Energy: -120.09
Time Taken:  11.143742799758911
Test Accuracy: 0.8600, Energy: -119.55
Time Taken:  11.160001039505005
Test Accuracy: 0.8600, Energy: -122.20
Time Taken:  11.122336864471436
Test Accuracy: 0.8567, Energy: -120.06
Time Taken:  11.1683509349823
Test Accuracy: 0.8567, Energy: -115.33
Time Taken:  11.163680076599121
Test Accuracy: 0.8567, Energy: -113.62
Time Taken:  11.230466604232788
Test Accuracy: 0.8567, Energy: -111.27
Time Taken:  11.121397972106934
Test Accuracy: 0.8567, Energy: -113.48
Time Taken:  11.140167951583862
Test Accuracy: 0.8567, Energy: -116.86
Time Taken:  11.126017332077026
Test Accuracy: 0.8567, Energy: -115.73
Time Taken:  11.153476476669312
Test Accuracy: 0.8567, Energy: -117.59
Time Taken:  11.178349733352661
Test Accuracy: 0.8567, Energy: -117.37
Time Taken:  11.165801525115967
Test Accuracy: 0.8567, Energy: -119.00
Time Taken:  11.105238199234009
Test Accuracy: 0.8567, Energy: -115.71
Time Taken:  11.188020706176758
Test Accuracy: 0.8567, Energy: -111.42
Time Taken:  11.138181209564209
Final accuracies: [0.8733333333333333, 0.8733333333333333, 0.8733333333333333, 0.88, 0.87, 0.87, 0.87, 0.87, 0.8766666666666667, 0.8766666666666667, 0.87, 0.87, 0.87, 0.87, 0.87, 0.87, 0.87, 0.87, 0.87, 0.8733333333333333, 0.8733333333333333, 0.8733333333333333, 0.88, 0.8733333333333333, 0.8733333333333333, 0.88, 0.88, 0.88, 0.88, 0.88, 0.8833333333333333, 0.8833333333333333, 0.8833333333333333, 0.88, 0.88, 0.8733333333333333, 0.8733333333333333, 0.87, 0.8633333333333333, 0.8633333333333333, 0.8633333333333333, 0.8633333333333333, 0.8633333333333333, 0.8633333333333333, 0.86, 0.86, 0.86, 0.86, 0.86, 0.86, 0.86, 0.86, 0.86, 0.86, 0.86, 0.86, 0.8633333333333333, 0.8633333333333333, 0.8633333333333333, 0.8633333333333333, 0.8633333333333333, 0.8633333333333333, 0.8666666666666667, 0.8666666666666667, 0.87, 0.87, 0.87, 0.87, 0.87, 0.87, 0.8733333333333333, 0.8733333333333333, 0.8733333333333333, 0.8733333333333333, 0.8733333333333333, 0.8733333333333333, 0.8733333333333333, 0.8733333333333333, 0.8733333333333333, 0.87, 0.87, 0.87, 0.87, 0.87, 0.87, 0.8633333333333333, 0.86, 0.86, 0.8566666666666667, 0.8566666666666667, 0.8566666666666667, 0.8566666666666667, 0.8566666666666667, 0.8566666666666667, 0.8566666666666667, 0.8566666666666667, 0.8566666666666667, 0.8566666666666667, 0.8566666666666667, 0.8566666666666667]
Final energies: [-59.35049057006836, -58.57168960571289, -59.90911102294922, -63.82878112792969, -65.43144989013672, -64.77982330322266, -66.30355072021484, -65.23929595947266, -64.40992736816406, -65.66033172607422, -68.91527557373047, -70.32498168945312, -71.68804931640625, -74.08326721191406, -74.7358169555664, -73.28414916992188, -74.0579605102539, -79.29673767089844, -82.27284240722656, -84.09481048583984, -83.11296844482422, -83.98987579345703, -79.07594299316406, -78.46603393554688, -74.8268814086914, -75.49945831298828, -76.04618835449219, -80.68421173095703, -82.15174102783203, -80.69452667236328, -74.3270263671875, -74.8842544555664, -75.46591186523438, -77.3340072631836, -77.43589782714844, -80.41353607177734, -77.95579528808594, -79.23763275146484, -82.87126159667969, -84.75096893310547, -84.63517761230469, -86.16734313964844, -85.94424438476562, -88.97367858886719, -89.85173797607422, -91.39986419677734, -91.1138687133789, -89.76386260986328, -88.68863677978516, -89.37728118896484, -88.43531799316406, -88.10929870605469, -85.449462890625, -82.76207733154297, -85.37469482421875, -90.73990631103516, -87.4940414428711, -92.26820373535156, -93.67758178710938, -94.96810913085938, -94.93701171875, -97.6767807006836, -97.390380859375, -97.58050537109375, -97.73400115966797, -101.48689270019531, -102.09677124023438, -108.53913879394531, -105.72108459472656, -101.4887924194336, -100.77823638916016, -102.97077941894531, -109.64939880371094, -111.47103881835938, -108.47563171386719, -110.1429672241211, -107.52525329589844, -108.44512939453125, -109.5066146850586, -114.7105941772461, -116.0995101928711, -118.06285095214844, -121.46424102783203, -121.10047149658203, -121.30293273925781, -120.09034729003906, -119.54711151123047, -122.19514465332031, -120.05979919433594, -115.32792663574219, -113.62281799316406, -111.26994323730469, -113.47755432128906, -116.86128997802734, -115.72880554199219, -117.58917236328125, -117.37065124511719, -118.99654388427734, -115.70735168457031, -111.42034149169922]
