Running with parameters: hidden=30, use_coupled=true, seed=9, lam=0.0, eta=1.0
Test Accuracy: 0.9367, Energy: 40.18
Time Taken:  11.07332992553711
Test Accuracy: 0.9367, Energy: 37.96
Time Taken:  11.0840003490448
Test Accuracy: 0.9367, Energy: 36.28
Time Taken:  11.178548097610474
Test Accuracy: 0.9367, Energy: 34.06
Time Taken:  11.194870233535767
Test Accuracy: 0.9333, Energy: 32.18
Time Taken:  11.117027759552002
Test Accuracy: 0.9367, Energy: 38.75
Time Taken:  11.133001804351807
Test Accuracy: 0.9367, Energy: 36.09
Time Taken:  11.194904327392578
Test Accuracy: 0.9367, Energy: 30.64
Time Taken:  11.194844961166382
Test Accuracy: 0.9367, Energy: 29.62
Time Taken:  11.137927055358887
Test Accuracy: 0.9367, Energy: 29.32
Time Taken:  11.183670997619629
Test Accuracy: 0.9367, Energy: 27.64
Time Taken:  11.17850923538208
Test Accuracy: 0.9400, Energy: 29.09
Time Taken:  11.203988790512085
Test Accuracy: 0.9400, Energy: 25.16
Time Taken:  11.14595365524292
Test Accuracy: 0.9400, Energy: 31.39
Time Taken:  11.211920976638794
Test Accuracy: 0.9400, Energy: 31.18
Time Taken:  11.152886867523193
Test Accuracy: 0.9300, Energy: 34.29
Time Taken:  11.164924144744873
Test Accuracy: 0.9267, Energy: 32.09
Time Taken:  11.089956283569336
Test Accuracy: 0.9267, Energy: 30.53
Time Taken:  11.11764121055603
Test Accuracy: 0.9300, Energy: 28.59
Time Taken:  11.098704814910889
Test Accuracy: 0.9300, Energy: 23.42
Time Taken:  11.172969818115234
Test Accuracy: 0.9300, Energy: 25.45
Time Taken:  11.122406005859375
Test Accuracy: 0.9300, Energy: 24.73
Time Taken:  11.102294921875
Test Accuracy: 0.9333, Energy: 23.69
Time Taken:  11.09003233909607
Test Accuracy: 0.9333, Energy: 21.91
Time Taken:  11.085845947265625
Test Accuracy: 0.9333, Energy: 21.92
Time Taken:  11.115972518920898
Test Accuracy: 0.9333, Energy: 19.98
Time Taken:  11.149461507797241
Test Accuracy: 0.9333, Energy: 23.18
Time Taken:  11.158928871154785
Test Accuracy: 0.9333, Energy: 25.05
Time Taken:  11.193402290344238
Test Accuracy: 0.9333, Energy: 22.32
Time Taken:  11.089385271072388
Test Accuracy: 0.9333, Energy: 24.52
Time Taken:  11.168891668319702
Test Accuracy: 0.9333, Energy: 25.92
Time Taken:  11.093908309936523
Test Accuracy: 0.9333, Energy: 23.87
Time Taken:  11.114797115325928
Test Accuracy: 0.9333, Energy: 22.48
Time Taken:  11.115897178649902
Test Accuracy: 0.9333, Energy: 23.48
Time Taken:  11.228698253631592
Test Accuracy: 0.9333, Energy: 23.07
Time Taken:  11.185649394989014
Test Accuracy: 0.9333, Energy: 20.44
Time Taken:  11.250006914138794
Test Accuracy: 0.9367, Energy: 26.47
Time Taken:  11.124041557312012
Test Accuracy: 0.9367, Energy: 27.98
Time Taken:  11.121323347091675
Test Accuracy: 0.9367, Energy: 29.35
Time Taken:  11.144575119018555
Test Accuracy: 0.9367, Energy: 25.34
Time Taken:  11.111783742904663
Test Accuracy: 0.8833, Energy: 25.33
Time Taken:  11.11768102645874
Test Accuracy: 0.8833, Energy: 25.41
Time Taken:  11.165395498275757
Test Accuracy: 0.9367, Energy: 26.83
Time Taken:  11.12283182144165
Test Accuracy: 0.9367, Energy: 26.07
Time Taken:  11.222395420074463
Test Accuracy: 0.8800, Energy: 25.83
Time Taken:  11.130702495574951
Test Accuracy: 0.8833, Energy: 25.21
Time Taken:  11.081059217453003
Test Accuracy: 0.8867, Energy: 24.21
Time Taken:  11.11400818824768
Test Accuracy: 0.8900, Energy: 24.93
Time Taken:  11.101119995117188
Test Accuracy: 0.8967, Energy: 19.75
Time Taken:  11.118443250656128
Test Accuracy: 0.8967, Energy: 20.55
Time Taken:  11.11372971534729
Test Accuracy: 0.8833, Energy: 20.64
Time Taken:  11.135010957717896
Test Accuracy: 0.8967, Energy: 17.33
Time Taken:  11.120795488357544
Test Accuracy: 0.8967, Energy: 18.14
Time Taken:  11.042156219482422
Test Accuracy: 0.8900, Energy: 13.92
Time Taken:  11.107934713363647
Test Accuracy: 0.8900, Energy: 14.58
Time Taken:  11.091261863708496
Test Accuracy: 0.8900, Energy: 10.87
Time Taken:  11.172733068466187
Test Accuracy: 0.8933, Energy: 8.53
Time Taken:  11.157578706741333
Test Accuracy: 0.8933, Energy: 4.38
Time Taken:  11.135452508926392
Test Accuracy: 0.8900, Energy: 4.37
Time Taken:  11.13348650932312
Test Accuracy: 0.8900, Energy: 2.56
Time Taken:  11.097314357757568
Test Accuracy: 0.8900, Energy: 6.62
Time Taken:  11.096461772918701
Test Accuracy: 0.8900, Energy: 7.69
Time Taken:  11.127636194229126
Test Accuracy: 0.8900, Energy: 4.42
Time Taken:  11.059178352355957
Test Accuracy: 0.9367, Energy: 0.86
Time Taken:  11.108173847198486
Test Accuracy: 0.9367, Energy: -2.10
Time Taken:  11.172626256942749
Test Accuracy: 0.9400, Energy: -1.53
Time Taken:  11.13983416557312
Test Accuracy: 0.9400, Energy: 0.16
Time Taken:  11.157751560211182
Test Accuracy: 0.9400, Energy: -0.70
Time Taken:  11.159983158111572
Test Accuracy: 0.9400, Energy: 1.94
Time Taken:  11.139010667800903
Test Accuracy: 0.9367, Energy: 3.64
Time Taken:  11.207573890686035
Test Accuracy: 0.9333, Energy: 0.54
Time Taken:  11.137644529342651
Test Accuracy: 0.9333, Energy: -3.04
Time Taken:  11.170677900314331
Test Accuracy: 0.9333, Energy: -5.33
Time Taken:  11.171848058700562
Test Accuracy: 0.9333, Energy: -5.54
Time Taken:  11.113796472549438
Test Accuracy: 0.9333, Energy: -4.95
Time Taken:  11.167636394500732
Test Accuracy: 0.9333, Energy: -6.02
Time Taken:  11.100006580352783
Test Accuracy: 0.9333, Energy: -7.22
Time Taken:  11.17704463005066
Test Accuracy: 0.9300, Energy: -5.44
Time Taken:  11.196911096572876
Test Accuracy: 0.9300, Energy: -4.63
Time Taken:  11.178147315979004
Test Accuracy: 0.9300, Energy: -3.42
Time Taken:  11.11796259880066
Test Accuracy: 0.9333, Energy: -3.31
Time Taken:  11.144978284835815
Test Accuracy: 0.9333, Energy: -8.18
Time Taken:  11.118270874023438
Test Accuracy: 0.9333, Energy: -6.93
Time Taken:  11.147288799285889
Test Accuracy: 0.9333, Energy: -11.20
Time Taken:  11.134230852127075
Test Accuracy: 0.9333, Energy: -7.31
Time Taken:  11.107999086380005
Test Accuracy: 0.9333, Energy: -8.02
Time Taken:  11.058755159378052
Test Accuracy: 0.9333, Energy: -8.89
Time Taken:  11.107779264450073
Test Accuracy: 0.9333, Energy: -7.39
Time Taken:  11.022039890289307
Test Accuracy: 0.9333, Energy: -6.94
Time Taken:  11.013385534286499
Test Accuracy: 0.9333, Energy: -2.24
Time Taken:  11.093900203704834
Test Accuracy: 0.9333, Energy: -0.91
Time Taken:  11.0755615234375
Test Accuracy: 0.9300, Energy: -2.66
Time Taken:  11.038038969039917
Test Accuracy: 0.9300, Energy: -2.76
Time Taken:  11.075532913208008
Test Accuracy: 0.9333, Energy: -7.40
Time Taken:  11.057154893875122
Test Accuracy: 0.9333, Energy: -9.52
Time Taken:  11.023486614227295
Test Accuracy: 0.9333, Energy: -7.54
Time Taken:  11.03158712387085
Test Accuracy: 0.9333, Energy: -11.13
Time Taken:  11.065063238143921
Test Accuracy: 0.9333, Energy: -14.41
Time Taken:  11.038240671157837
Test Accuracy: 0.9333, Energy: -11.64
Time Taken:  11.08399224281311
Test Accuracy: 0.9333, Energy: -11.18
Time Taken:  11.04976201057434
Final accuracies: [0.9366666666666666, 0.9366666666666666, 0.9366666666666666, 0.9366666666666666, 0.9333333333333333, 0.9366666666666666, 0.9366666666666666, 0.9366666666666666, 0.9366666666666666, 0.9366666666666666, 0.9366666666666666, 0.94, 0.94, 0.94, 0.94, 0.93, 0.9266666666666666, 0.9266666666666666, 0.93, 0.93, 0.93, 0.93, 0.9333333333333333, 0.9333333333333333, 0.9333333333333333, 0.9333333333333333, 0.9333333333333333, 0.9333333333333333, 0.9333333333333333, 0.9333333333333333, 0.9333333333333333, 0.9333333333333333, 0.9333333333333333, 0.9333333333333333, 0.9333333333333333, 0.9333333333333333, 0.9366666666666666, 0.9366666666666666, 0.9366666666666666, 0.9366666666666666, 0.8833333333333333, 0.8833333333333333, 0.9366666666666666, 0.9366666666666666, 0.88, 0.8833333333333333, 0.8866666666666667, 0.89, 0.8966666666666666, 0.8966666666666666, 0.8833333333333333, 0.8966666666666666, 0.8966666666666666, 0.89, 0.89, 0.89, 0.8933333333333333, 0.8933333333333333, 0.89, 0.89, 0.89, 0.89, 0.89, 0.9366666666666666, 0.9366666666666666, 0.94, 0.94, 0.94, 0.94, 0.9366666666666666, 0.9333333333333333, 0.9333333333333333, 0.9333333333333333, 0.9333333333333333, 0.9333333333333333, 0.9333333333333333, 0.9333333333333333, 0.93, 0.93, 0.93, 0.9333333333333333, 0.9333333333333333, 0.9333333333333333, 0.9333333333333333, 0.9333333333333333, 0.9333333333333333, 0.9333333333333333, 0.9333333333333333, 0.9333333333333333, 0.9333333333333333, 0.9333333333333333, 0.93, 0.93, 0.9333333333333333, 0.9333333333333333, 0.9333333333333333, 0.9333333333333333, 0.9333333333333333, 0.9333333333333333, 0.9333333333333333]
Final energies: [40.17847442626953, 37.955081939697266, 36.28395080566406, 34.06196212768555, 32.18233871459961, 38.74896240234375, 36.0905876159668, 30.63772964477539, 29.616785049438477, 29.321306228637695, 27.637676239013672, 29.089927673339844, 25.155200958251953, 31.390140533447266, 31.178667068481445, 34.286346435546875, 32.085052490234375, 30.530811309814453, 28.589183807373047, 23.417984008789062, 25.452863693237305, 24.72797203063965, 23.68779182434082, 21.90943145751953, 21.923999786376953, 19.97737693786621, 23.177623748779297, 25.04803466796875, 22.32171630859375, 24.524982452392578, 25.916414260864258, 23.87323760986328, 22.478683471679688, 23.478681564331055, 23.065631866455078, 20.43984031677246, 26.474233627319336, 27.977113723754883, 29.353506088256836, 25.33573341369629, 25.327938079833984, 25.414230346679688, 26.834980010986328, 26.067819595336914, 25.83243751525879, 25.21251678466797, 24.20612144470215, 24.927310943603516, 19.747350692749023, 20.553239822387695, 20.636728286743164, 17.33328628540039, 18.14107322692871, 13.923197746276855, 14.582263946533203, 10.866615295410156, 8.531320571899414, 4.37732458114624, 4.374635219573975, 2.5634877681732178, 6.619243621826172, 7.694043159484863, 4.4164252281188965, 0.8571406006813049, -2.097903251647949, -1.5295896530151367, 0.1588984727859497, -0.696201741695404, 1.9377496242523193, 3.637686014175415, 0.5432722568511963, -3.040006637573242, -5.325600624084473, -5.542722702026367, -4.945085525512695, -6.0171990394592285, -7.221005916595459, -5.4359130859375, -4.625344276428223, -3.415174961090088, -3.3103926181793213, -8.181300163269043, -6.934387683868408, -11.204524040222168, -7.314052581787109, -8.015298843383789, -8.892775535583496, -7.3902082443237305, -6.940847873687744, -2.241910219192505, -0.9077772498130798, -2.6553194522857666, -2.7551705837249756, -7.4034600257873535, -9.523844718933105, -7.536074161529541, -11.127896308898926, -14.413326263427734, -11.638483047485352, -11.176933288574219]
