Running with parameters: hidden=30, use_coupled=true, seed=77, lam=0.0, eta=1.0
Test Accuracy: 0.8933, Energy: -46.68
Time Taken:  11.011544942855835
Test Accuracy: 0.8933, Energy: -51.72
Time Taken:  10.93108057975769
Test Accuracy: 0.8933, Energy: -49.24
Time Taken:  10.929737329483032
Test Accuracy: 0.8933, Energy: -49.19
Time Taken:  11.069101095199585
Test Accuracy: 0.8933, Energy: -50.56
Time Taken:  10.985448122024536
Test Accuracy: 0.8933, Energy: -52.40
Time Taken:  10.97846508026123
Test Accuracy: 0.9000, Energy: -55.77
Time Taken:  10.950417041778564
Test Accuracy: 0.9000, Energy: -57.54
Time Taken:  10.95559024810791
Test Accuracy: 0.9000, Energy: -56.38
Time Taken:  10.945409297943115
Test Accuracy: 0.8400, Energy: -59.21
Time Taken:  10.9734947681427
Test Accuracy: 0.8400, Energy: -59.91
Time Taken:  10.999549388885498
Test Accuracy: 0.8400, Energy: -59.11
Time Taken:  11.00502610206604
Test Accuracy: 0.8967, Energy: -55.93
Time Taken:  10.96096134185791
Test Accuracy: 0.8933, Energy: -56.65
Time Taken:  10.967359781265259
Test Accuracy: 0.8933, Energy: -56.10
Time Taken:  10.961422681808472
Test Accuracy: 0.8933, Energy: -57.76
Time Taken:  10.979652404785156
Test Accuracy: 0.8933, Energy: -55.18
Time Taken:  10.957798957824707
Test Accuracy: 0.9133, Energy: -57.55
Time Taken:  11.008010387420654
Test Accuracy: 0.9133, Energy: -60.05
Time Taken:  11.016925573348999
Test Accuracy: 0.9133, Energy: -58.43
Time Taken:  11.034406661987305
Test Accuracy: 0.9133, Energy: -57.00
Time Taken:  10.979097604751587
Test Accuracy: 0.9133, Energy: -58.92
Time Taken:  10.965471267700195
Test Accuracy: 0.9133, Energy: -55.86
Time Taken:  10.975958585739136
Test Accuracy: 0.9133, Energy: -55.35
Time Taken:  10.994627952575684
Test Accuracy: 0.9100, Energy: -54.33
Time Taken:  10.993397951126099
Test Accuracy: 0.9100, Energy: -50.08
Time Taken:  10.9901762008667
Test Accuracy: 0.9100, Energy: -54.01
Time Taken:  10.948017835617065
Test Accuracy: 0.9100, Energy: -57.15
Time Taken:  11.00145697593689
Test Accuracy: 0.9100, Energy: -58.35
Time Taken:  10.92788052558899
Test Accuracy: 0.9100, Energy: -60.54
Time Taken:  10.951425075531006
Test Accuracy: 0.9100, Energy: -61.62
Time Taken:  10.96639633178711
Test Accuracy: 0.9100, Energy: -59.09
Time Taken:  10.981790542602539
Test Accuracy: 0.9100, Energy: -58.82
Time Taken:  10.95404314994812
Test Accuracy: 0.9100, Energy: -56.62
Time Taken:  10.94412899017334
Test Accuracy: 0.9100, Energy: -56.89
Time Taken:  11.000001192092896
Test Accuracy: 0.9100, Energy: -60.42
Time Taken:  11.05710482597351
Test Accuracy: 0.9067, Energy: -59.75
Time Taken:  10.95078444480896
Test Accuracy: 0.9067, Energy: -59.69
Time Taken:  10.937059164047241
Test Accuracy: 0.9067, Energy: -60.47
Time Taken:  10.948730707168579
Test Accuracy: 0.9067, Energy: -64.13
Time Taken:  10.969300985336304
Test Accuracy: 0.9100, Energy: -64.19
Time Taken:  10.982769966125488
Test Accuracy: 0.9100, Energy: -65.54
Time Taken:  11.026772022247314
Test Accuracy: 0.9100, Energy: -65.58
Time Taken:  10.921242237091064
Test Accuracy: 0.9100, Energy: -66.87
Time Taken:  10.94482159614563
Test Accuracy: 0.9100, Energy: -68.37
Time Taken:  10.947292566299438
Test Accuracy: 0.9100, Energy: -64.73
Time Taken:  10.928048133850098
Test Accuracy: 0.9100, Energy: -63.67
Time Taken:  10.935352325439453
Test Accuracy: 0.9100, Energy: -60.65
Time Taken:  10.919193983078003
Test Accuracy: 0.9100, Energy: -61.24
Time Taken:  11.014602422714233
Test Accuracy: 0.9100, Energy: -59.68
Time Taken:  10.897539377212524
Test Accuracy: 0.9100, Energy: -53.98
Time Taken:  10.952051877975464
Test Accuracy: 0.9133, Energy: -55.80
Time Taken:  10.967222213745117
Test Accuracy: 0.8600, Energy: -55.65
Time Taken:  10.914279699325562
Test Accuracy: 0.8600, Energy: -54.08
Time Taken:  10.986222743988037
Test Accuracy: 0.8600, Energy: -54.36
Time Taken:  10.947572231292725
Test Accuracy: 0.8600, Energy: -51.38
Time Taken:  10.935171604156494
Test Accuracy: 0.8567, Energy: -45.42
Time Taken:  11.021421909332275
Test Accuracy: 0.8567, Energy: -45.46
Time Taken:  10.995739936828613
Test Accuracy: 0.8533, Energy: -48.19
Time Taken:  10.978995084762573
Test Accuracy: 0.8533, Energy: -50.76
Time Taken:  10.969785928726196
Test Accuracy: 0.8533, Energy: -50.12
Time Taken:  10.964725017547607
Test Accuracy: 0.8533, Energy: -52.73
Time Taken:  10.987455129623413
Test Accuracy: 0.8533, Energy: -51.68
Time Taken:  11.000651597976685
Test Accuracy: 0.8533, Energy: -55.61
Time Taken:  10.946422576904297
Test Accuracy: 0.8533, Energy: -57.55
Time Taken:  10.929991960525513
Test Accuracy: 0.8533, Energy: -60.04
Time Taken:  11.00368857383728
Test Accuracy: 0.8567, Energy: -56.26
Time Taken:  11.059714555740356
Test Accuracy: 0.8567, Energy: -57.50
Time Taken:  10.94772481918335
Test Accuracy: 0.8567, Energy: -56.76
Time Taken:  10.924184799194336
Test Accuracy: 0.8567, Energy: -57.88
Time Taken:  10.98286747932434
Test Accuracy: 0.8567, Energy: -61.96
Time Taken:  11.005200147628784
Test Accuracy: 0.8567, Energy: -58.16
Time Taken:  10.98665738105774
Test Accuracy: 0.8567, Energy: -61.23
Time Taken:  10.968440294265747
Test Accuracy: 0.8567, Energy: -55.80
Time Taken:  10.985953092575073
Test Accuracy: 0.8567, Energy: -54.87
Time Taken:  11.018563032150269
Test Accuracy: 0.8567, Energy: -58.89
Time Taken:  10.926617860794067
Test Accuracy: 0.8567, Energy: -58.70
Time Taken:  10.96320652961731
Test Accuracy: 0.8567, Energy: -58.93
Time Taken:  10.980953931808472
Test Accuracy: 0.8600, Energy: -59.53
Time Taken:  10.988297462463379
Test Accuracy: 0.8567, Energy: -58.18
Time Taken:  10.991048574447632
Test Accuracy: 0.8600, Energy: -59.52
Time Taken:  11.008235216140747
Test Accuracy: 0.8600, Energy: -59.52
Time Taken:  10.992247819900513
Test Accuracy: 0.8600, Energy: -57.43
Time Taken:  10.975969314575195
Test Accuracy: 0.8600, Energy: -58.54
Time Taken:  10.894773721694946
Test Accuracy: 0.8600, Energy: -57.18
Time Taken:  10.937319278717041
Test Accuracy: 0.8600, Energy: -55.99
Time Taken:  10.94695234298706
Test Accuracy: 0.8567, Energy: -59.34
Time Taken:  10.921454906463623
Test Accuracy: 0.8567, Energy: -56.64
Time Taken:  10.96540355682373
Test Accuracy: 0.8600, Energy: -57.73
Time Taken:  10.976895332336426
Test Accuracy: 0.8600, Energy: -60.58
Time Taken:  10.957831621170044
Test Accuracy: 0.8600, Energy: -59.30
Time Taken:  11.001561164855957
Test Accuracy: 0.8600, Energy: -56.31
Time Taken:  10.909621477127075
Test Accuracy: 0.8600, Energy: -55.84
Time Taken:  10.935380458831787
Test Accuracy: 0.8567, Energy: -56.79
Time Taken:  10.969602346420288
Test Accuracy: 0.8600, Energy: -56.66
Time Taken:  10.981489419937134
Test Accuracy: 0.8600, Energy: -60.13
Time Taken:  10.958435535430908
Test Accuracy: 0.8633, Energy: -59.98
Time Taken:  11.018796682357788
Test Accuracy: 0.8633, Energy: -59.34
Time Taken:  10.990763902664185
Test Accuracy: 0.8633, Energy: -55.69
Time Taken:  11.023158311843872
Test Accuracy: 0.8600, Energy: -52.36
Time Taken:  10.938424587249756
Final accuracies: [0.8933333333333333, 0.8933333333333333, 0.8933333333333333, 0.8933333333333333, 0.8933333333333333, 0.8933333333333333, 0.9, 0.9, 0.9, 0.84, 0.84, 0.84, 0.8966666666666666, 0.8933333333333333, 0.8933333333333333, 0.8933333333333333, 0.8933333333333333, 0.9133333333333333, 0.9133333333333333, 0.9133333333333333, 0.9133333333333333, 0.9133333333333333, 0.9133333333333333, 0.9133333333333333, 0.91, 0.91, 0.91, 0.91, 0.91, 0.91, 0.91, 0.91, 0.91, 0.91, 0.91, 0.91, 0.9066666666666666, 0.9066666666666666, 0.9066666666666666, 0.9066666666666666, 0.91, 0.91, 0.91, 0.91, 0.91, 0.91, 0.91, 0.91, 0.91, 0.91, 0.91, 0.9133333333333333, 0.86, 0.86, 0.86, 0.86, 0.8566666666666667, 0.8566666666666667, 0.8533333333333334, 0.8533333333333334, 0.8533333333333334, 0.8533333333333334, 0.8533333333333334, 0.8533333333333334, 0.8533333333333334, 0.8533333333333334, 0.8566666666666667, 0.8566666666666667, 0.8566666666666667, 0.8566666666666667, 0.8566666666666667, 0.8566666666666667, 0.8566666666666667, 0.8566666666666667, 0.8566666666666667, 0.8566666666666667, 0.8566666666666667, 0.8566666666666667, 0.86, 0.8566666666666667, 0.86, 0.86, 0.86, 0.86, 0.86, 0.86, 0.8566666666666667, 0.8566666666666667, 0.86, 0.86, 0.86, 0.86, 0.86, 0.8566666666666667, 0.86, 0.86, 0.8633333333333333, 0.8633333333333333, 0.8633333333333333, 0.86]
Final energies: [-46.67970275878906, -51.72459030151367, -49.235538482666016, -49.19102478027344, -50.561363220214844, -52.402217864990234, -55.770755767822266, -57.5392951965332, -56.38064193725586, -59.21263885498047, -59.911102294921875, -59.106109619140625, -55.930171966552734, -56.64894485473633, -56.09507369995117, -57.760284423828125, -55.18289566040039, -57.548343658447266, -60.04643249511719, -58.4278564453125, -56.99684524536133, -58.92045974731445, -55.855491638183594, -55.34807205200195, -54.32526397705078, -50.077735900878906, -54.0059700012207, -57.1469841003418, -58.352500915527344, -60.54383850097656, -61.616519927978516, -59.08949661254883, -58.817481994628906, -56.616783142089844, -56.885196685791016, -60.41985321044922, -59.75044631958008, -59.691184997558594, -60.469642639160156, -64.12701416015625, -64.1855239868164, -65.5393295288086, -65.57719421386719, -66.86781311035156, -68.37184143066406, -64.72859954833984, -63.670562744140625, -60.64502716064453, -61.242034912109375, -59.67585754394531, -53.97682571411133, -55.802825927734375, -55.64757537841797, -54.08003234863281, -54.35568618774414, -51.38078689575195, -45.41962814331055, -45.45920181274414, -48.192291259765625, -50.75857162475586, -50.12192916870117, -52.732887268066406, -51.68096160888672, -55.60556411743164, -57.549476623535156, -60.04338455200195, -56.25869369506836, -57.4951286315918, -56.76078796386719, -57.8775749206543, -61.961753845214844, -58.15520477294922, -61.233619689941406, -55.79690170288086, -54.870792388916016, -58.88582992553711, -58.69854736328125, -58.93367385864258, -59.53364562988281, -58.18125915527344, -59.518959045410156, -59.51611328125, -57.42776107788086, -58.53697204589844, -57.17631530761719, -55.994293212890625, -59.34442901611328, -56.63921356201172, -57.73482131958008, -60.577938079833984, -59.30228805541992, -56.30660629272461, -55.838356018066406, -56.78604507446289, -56.65575408935547, -60.13067626953125, -59.98200607299805, -59.34199523925781, -55.687461853027344, -52.36198425292969]
