Running with parameters: hidden=30, use_coupled=true, seed=51, lam=0.0, eta=1.0
Test Accuracy: 0.8800, Energy: -81.25
Time Taken:  10.872287511825562
Test Accuracy: 0.8800, Energy: -85.24
Time Taken:  10.891303777694702
Test Accuracy: 0.8800, Energy: -91.45
Time Taken:  10.901009798049927
Test Accuracy: 0.8800, Energy: -91.60
Time Taken:  10.989631652832031
Test Accuracy: 0.8967, Energy: -87.05
Time Taken:  10.984577894210815
Test Accuracy: 0.8967, Energy: -89.62
Time Taken:  10.942397117614746
Test Accuracy: 0.8967, Energy: -90.52
Time Taken:  10.968970537185669
Test Accuracy: 0.8967, Energy: -91.28
Time Taken:  10.981390237808228
Test Accuracy: 0.8967, Energy: -84.08
Time Taken:  11.007432460784912
Test Accuracy: 0.8433, Energy: -84.38
Time Taken:  10.939851760864258
Test Accuracy: 0.8433, Energy: -86.25
Time Taken:  10.940561532974243
Test Accuracy: 0.8933, Energy: -88.31
Time Taken:  10.990912914276123
Test Accuracy: 0.8967, Energy: -91.25
Time Taken:  10.908114433288574
Test Accuracy: 0.8433, Energy: -87.24
Time Taken:  10.956446647644043
Test Accuracy: 0.9000, Energy: -84.81
Time Taken:  10.963549852371216
Test Accuracy: 0.8967, Energy: -86.24
Time Taken:  11.015799760818481
Test Accuracy: 0.8967, Energy: -86.95
Time Taken:  11.012232303619385
Test Accuracy: 0.8967, Energy: -88.68
Time Taken:  10.98280382156372
Test Accuracy: 0.8967, Energy: -91.15
Time Taken:  10.994329452514648
Test Accuracy: 0.8967, Energy: -84.95
Time Taken:  11.103539943695068
Test Accuracy: 0.8967, Energy: -82.45
Time Taken:  10.94278335571289
Test Accuracy: 0.8967, Energy: -82.12
Time Taken:  10.971049785614014
Test Accuracy: 0.8967, Energy: -88.43
Time Taken:  11.038516283035278
Test Accuracy: 0.8967, Energy: -87.77
Time Taken:  10.945196866989136
Test Accuracy: 0.8967, Energy: -93.98
Time Taken:  10.952114343643188
Test Accuracy: 0.8967, Energy: -91.99
Time Taken:  10.95642375946045
Test Accuracy: 0.8967, Energy: -96.20
Time Taken:  11.007132053375244
Test Accuracy: 0.8967, Energy: -96.61
Time Taken:  10.96420407295227
Test Accuracy: 0.8967, Energy: -98.78
Time Taken:  10.933516263961792
Test Accuracy: 0.8967, Energy: -99.68
Time Taken:  10.917843580245972
Test Accuracy: 0.8967, Energy: -96.64
Time Taken:  10.950025081634521
Test Accuracy: 0.8933, Energy: -91.74
Time Taken:  11.000550985336304
Test Accuracy: 0.8933, Energy: -89.64
Time Taken:  10.974652767181396
Test Accuracy: 0.8933, Energy: -87.60
Time Taken:  10.972784280776978
Test Accuracy: 0.8933, Energy: -89.01
Time Taken:  10.982394456863403
Test Accuracy: 0.8933, Energy: -97.56
Time Taken:  11.029728889465332
Test Accuracy: 0.8933, Energy: -97.23
Time Taken:  10.92021107673645
Test Accuracy: 0.8933, Energy: -95.18
Time Taken:  11.00427508354187
Test Accuracy: 0.8933, Energy: -96.20
Time Taken:  10.955173015594482
Test Accuracy: 0.8933, Energy: -100.84
Time Taken:  10.938145160675049
Test Accuracy: 0.8933, Energy: -100.55
Time Taken:  10.950000762939453
Test Accuracy: 0.8933, Energy: -97.33
Time Taken:  10.954543352127075
Test Accuracy: 0.8933, Energy: -97.74
Time Taken:  11.014771699905396
Test Accuracy: 0.8433, Energy: -94.20
Time Taken:  11.012885808944702
Test Accuracy: 0.8400, Energy: -96.79
Time Taken:  10.926132440567017
Test Accuracy: 0.8400, Energy: -98.92
Time Taken:  10.954746007919312
Test Accuracy: 0.8433, Energy: -99.42
Time Taken:  10.976773023605347
Test Accuracy: 0.8433, Energy: -98.69
Time Taken:  10.962719678878784
Test Accuracy: 0.8433, Energy: -93.41
Time Taken:  10.96519160270691
Test Accuracy: 0.8433, Energy: -92.44
Time Taken:  10.957404136657715
Test Accuracy: 0.8433, Energy: -96.75
Time Taken:  10.992125272750854
Test Accuracy: 0.8433, Energy: -101.35
Time Taken:  10.972237348556519
Test Accuracy: 0.8433, Energy: -108.44
Time Taken:  10.956000566482544
Test Accuracy: 0.8433, Energy: -109.83
Time Taken:  10.977325916290283
Test Accuracy: 0.8433, Energy: -109.70
Time Taken:  11.008806228637695
Test Accuracy: 0.8433, Energy: -108.60
Time Taken:  10.989432334899902
Test Accuracy: 0.8433, Energy: -105.40
Time Taken:  10.978886604309082
Test Accuracy: 0.8433, Energy: -105.99
Time Taken:  10.99404788017273
Test Accuracy: 0.8433, Energy: -104.59
Time Taken:  10.982441425323486
Test Accuracy: 0.8433, Energy: -112.46
Time Taken:  10.966845989227295
Test Accuracy: 0.8400, Energy: -118.29
Time Taken:  10.964477777481079
Test Accuracy: 0.8400, Energy: -124.26
Time Taken:  10.925402402877808
Test Accuracy: 0.8400, Energy: -118.67
Time Taken:  10.92037844657898
Test Accuracy: 0.8400, Energy: -126.35
Time Taken:  10.943745851516724
Test Accuracy: 0.8400, Energy: -125.87
Time Taken:  10.920873880386353
Test Accuracy: 0.8400, Energy: -121.53
Time Taken:  10.959116458892822
Test Accuracy: 0.8400, Energy: -128.44
Time Taken:  11.00574016571045
Test Accuracy: 0.8400, Energy: -131.94
Time Taken:  10.943541765213013
Test Accuracy: 0.8400, Energy: -136.72
Time Taken:  10.915843486785889
Test Accuracy: 0.8367, Energy: -131.03
Time Taken:  10.902260065078735
Test Accuracy: 0.8367, Energy: -128.04
Time Taken:  10.976699352264404
Test Accuracy: 0.8367, Energy: -126.98
Time Taken:  10.974183320999146
Test Accuracy: 0.8367, Energy: -125.46
Time Taken:  10.950627565383911
Test Accuracy: 0.8367, Energy: -115.59
Time Taken:  10.97521686553955
Test Accuracy: 0.8367, Energy: -115.65
Time Taken:  11.04570722579956
Test Accuracy: 0.8367, Energy: -117.29
Time Taken:  11.008528470993042
Test Accuracy: 0.8367, Energy: -116.17
Time Taken:  10.925199031829834
Test Accuracy: 0.8400, Energy: -114.88
Time Taken:  10.908989667892456
Test Accuracy: 0.8433, Energy: -105.14
Time Taken:  10.971010446548462
Test Accuracy: 0.8467, Energy: -99.78
Time Taken:  10.91534948348999
Test Accuracy: 0.8467, Energy: -102.81
Time Taken:  10.929795026779175
Test Accuracy: 0.8433, Energy: -107.44
Time Taken:  10.961806058883667
Test Accuracy: 0.8467, Energy: -110.72
Time Taken:  10.993422031402588
Test Accuracy: 0.8467, Energy: -117.48
Time Taken:  10.964579582214355
Test Accuracy: 0.8467, Energy: -119.96
Time Taken:  10.923773050308228
Test Accuracy: 0.8467, Energy: -123.83
Time Taken:  10.939281463623047
Test Accuracy: 0.8467, Energy: -123.54
Time Taken:  11.003925085067749
Test Accuracy: 0.8467, Energy: -125.04
Time Taken:  10.942614316940308
Test Accuracy: 0.8467, Energy: -128.32
Time Taken:  10.996132135391235
Test Accuracy: 0.8467, Energy: -135.56
Time Taken:  10.969874620437622
Test Accuracy: 0.8433, Energy: -143.74
Time Taken:  11.00721025466919
Test Accuracy: 0.8433, Energy: -143.51
Time Taken:  10.9434814453125
Test Accuracy: 0.8433, Energy: -147.15
Time Taken:  10.996524810791016
Test Accuracy: 0.8433, Energy: -146.54
Time Taken:  10.995441436767578
Test Accuracy: 0.8500, Energy: -154.58
Time Taken:  10.892625093460083
Test Accuracy: 0.8500, Energy: -147.89
Time Taken:  11.028133392333984
Test Accuracy: 0.8533, Energy: -137.40
Time Taken:  10.937814712524414
Test Accuracy: 0.8533, Energy: -140.08
Time Taken:  11.009194374084473
Test Accuracy: 0.8533, Energy: -142.04
Time Taken:  11.08322024345398
Test Accuracy: 0.8533, Energy: -141.57
Time Taken:  11.016486167907715
Final accuracies: [0.88, 0.88, 0.88, 0.88, 0.8966666666666666, 0.8966666666666666, 0.8966666666666666, 0.8966666666666666, 0.8966666666666666, 0.8433333333333334, 0.8433333333333334, 0.8933333333333333, 0.8966666666666666, 0.8433333333333334, 0.9, 0.8966666666666666, 0.8966666666666666, 0.8966666666666666, 0.8966666666666666, 0.8966666666666666, 0.8966666666666666, 0.8966666666666666, 0.8966666666666666, 0.8966666666666666, 0.8966666666666666, 0.8966666666666666, 0.8966666666666666, 0.8966666666666666, 0.8966666666666666, 0.8966666666666666, 0.8966666666666666, 0.8933333333333333, 0.8933333333333333, 0.8933333333333333, 0.8933333333333333, 0.8933333333333333, 0.8933333333333333, 0.8933333333333333, 0.8933333333333333, 0.8933333333333333, 0.8933333333333333, 0.8933333333333333, 0.8933333333333333, 0.8433333333333334, 0.84, 0.84, 0.8433333333333334, 0.8433333333333334, 0.8433333333333334, 0.8433333333333334, 0.8433333333333334, 0.8433333333333334, 0.8433333333333334, 0.8433333333333334, 0.8433333333333334, 0.8433333333333334, 0.8433333333333334, 0.8433333333333334, 0.8433333333333334, 0.8433333333333334, 0.84, 0.84, 0.84, 0.84, 0.84, 0.84, 0.84, 0.84, 0.84, 0.8366666666666667, 0.8366666666666667, 0.8366666666666667, 0.8366666666666667, 0.8366666666666667, 0.8366666666666667, 0.8366666666666667, 0.8366666666666667, 0.84, 0.8433333333333334, 0.8466666666666667, 0.8466666666666667, 0.8433333333333334, 0.8466666666666667, 0.8466666666666667, 0.8466666666666667, 0.8466666666666667, 0.8466666666666667, 0.8466666666666667, 0.8466666666666667, 0.8466666666666667, 0.8433333333333334, 0.8433333333333334, 0.8433333333333334, 0.8433333333333334, 0.85, 0.85, 0.8533333333333334, 0.8533333333333334, 0.8533333333333334, 0.8533333333333334]
Final energies: [-81.24626159667969, -85.23684692382812, -91.45458984375, -91.60094451904297, -87.049560546875, -89.62017059326172, -90.52275848388672, -91.28030395507812, -84.07527160644531, -84.38094329833984, -86.24903869628906, -88.30924987792969, -91.25321960449219, -87.23841857910156, -84.81486511230469, -86.23783874511719, -86.9522705078125, -88.67900848388672, -91.1460189819336, -84.9520492553711, -82.44622802734375, -82.11798095703125, -88.42564392089844, -87.76850128173828, -93.9761734008789, -91.98909759521484, -96.2048568725586, -96.61053466796875, -98.78044891357422, -99.68109130859375, -96.63676452636719, -91.74411010742188, -89.63850402832031, -87.59526062011719, -89.00627899169922, -97.55625915527344, -97.23027801513672, -95.18091583251953, -96.19564819335938, -100.8428726196289, -100.55155944824219, -97.32630920410156, -97.74272155761719, -94.19989013671875, -96.7921142578125, -98.92167663574219, -99.41783142089844, -98.69107818603516, -93.41355895996094, -92.43829345703125, -96.75249481201172, -101.35372924804688, -108.44171142578125, -109.82972717285156, -109.69857025146484, -108.60189056396484, -105.40052032470703, -105.98941802978516, -104.59458923339844, -112.45581817626953, -118.29078674316406, -124.26493072509766, -118.66626739501953, -126.35162353515625, -125.86759185791016, -121.52754211425781, -128.4376220703125, -131.9403839111328, -136.72085571289062, -131.03187561035156, -128.03997802734375, -126.97791290283203, -125.46477508544922, -115.5931396484375, -115.6504898071289, -117.28752136230469, -116.16714477539062, -114.87567138671875, -105.13539123535156, -99.7847671508789, -102.80644226074219, -107.44459533691406, -110.7185287475586, -117.47596740722656, -119.96121215820312, -123.82539367675781, -123.54180908203125, -125.04256439208984, -128.3223114013672, -135.5614776611328, -143.74041748046875, -143.50503540039062, -147.14877319335938, -146.54209899902344, -154.58177185058594, -147.8898162841797, -137.39967346191406, -140.08021545410156, -142.04417419433594, -141.56918334960938]
