Running with parameters: hidden=100, use_coupled=true, seed=1, lam=0.1, eta=1.0, batch=100
Test Loss: 0.0000, Test Accuracy: 0.8167, Energy: -942.4144897460938
Time taken:  1.8264005184173584
Test Loss: 0.0000, Test Accuracy: 1.0000, Energy: -66497.8828125
Time taken:  2.1222715377807617
Test Loss: 0.0000, Test Accuracy: 0.9967, Energy: -439674.65625
Time taken:  2.023883819580078
Test Loss: 0.0000, Test Accuracy: 0.9967, Energy: -783406.875
Time taken:  1.911562442779541
Test Loss: 0.0000, Test Accuracy: 0.9967, Energy: -1076198.25
Time taken:  2.115422248840332
Test Loss: 0.0000, Test Accuracy: 0.9967, Energy: -1344557.625
Time taken:  1.8695347309112549
Test Loss: 0.0000, Test Accuracy: 0.9933, Energy: -1584419.875
Time taken:  2.1002140045166016
Test Loss: 0.0000, Test Accuracy: 0.9867, Energy: -1794635.5
Time taken:  1.8345191478729248
Test Loss: 0.0000, Test Accuracy: 0.9867, Energy: -1985091.25
Time taken:  2.107645034790039
Test Loss: 0.0000, Test Accuracy: 0.9867, Energy: -2154256.25
Time taken:  1.8347411155700684
Test Loss: 0.0000, Test Accuracy: 0.9867, Energy: -2304012.75
Time taken:  1.8651530742645264
Test Loss: 0.0000, Test Accuracy: 0.9867, Energy: -2442345.5
Time taken:  1.7992801666259766
Test Loss: 0.0000, Test Accuracy: 0.9867, Energy: -2563456.5
Time taken:  1.8344902992248535
Test Loss: 0.0000, Test Accuracy: 0.9867, Energy: -2672777.5
Time taken:  1.9764440059661865
Test Loss: 0.0000, Test Accuracy: 0.9867, Energy: -2771450.75
Time taken:  1.8522098064422607
Test Loss: 0.0000, Test Accuracy: 0.9867, Energy: -2861442.25
Time taken:  1.9859941005706787
Test Loss: 0.0000, Test Accuracy: 0.9867, Energy: -2941169.25
Time taken:  1.8365058898925781
Test Loss: 0.0000, Test Accuracy: 0.9867, Energy: -3015110.25
Time taken:  2.041959524154663
Test Loss: 0.0000, Test Accuracy: 0.9867, Energy: -3081733.0
Time taken:  1.8581159114837646
Test Loss: 0.0000, Test Accuracy: 0.9867, Energy: -3142600.0
Time taken:  1.8262982368469238
Test Loss: 0.0000, Test Accuracy: 0.9867, Energy: -3198895.0
Time taken:  1.9908905029296875
Test Loss: 0.0000, Test Accuracy: 0.9900, Energy: -3249848.25
Time taken:  1.8295924663543701
Test Loss: 0.0000, Test Accuracy: 0.9900, Energy: -3294185.0
Time taken:  2.0529205799102783
Test Loss: 0.0000, Test Accuracy: 0.9900, Energy: -3334206.0
Time taken:  1.8759181499481201
Test Loss: 0.0000, Test Accuracy: 0.9900, Energy: -3371847.75
Time taken:  2.0879712104797363
Test Loss: 0.0000, Test Accuracy: 0.9900, Energy: -3406485.0
Time taken:  1.9008078575134277
Test Loss: 0.0000, Test Accuracy: 0.9900, Energy: -3437757.0
Time taken:  2.0580248832702637
Test Loss: 0.0000, Test Accuracy: 0.9900, Energy: -3465665.5
Time taken:  1.8665897846221924
Test Loss: 0.0000, Test Accuracy: 0.9900, Energy: -3491145.25
Time taken:  1.831439733505249
Test Loss: 0.0000, Test Accuracy: 0.9900, Energy: -3514544.5
Time taken:  1.877807378768921
Test Loss: 0.0000, Test Accuracy: 0.9933, Energy: -3536474.0
Time taken:  2.1300649642944336
Test Loss: 0.0000, Test Accuracy: 0.9900, Energy: -3555432.25
Time taken:  1.9218199253082275
Test Loss: 0.0000, Test Accuracy: 0.9900, Energy: -3573021.5
Time taken:  2.1354143619537354
Test Loss: 0.0000, Test Accuracy: 0.9900, Energy: -3589070.0
Time taken:  1.9215307235717773
Test Loss: 0.0000, Test Accuracy: 0.9933, Energy: -3603299.25
Time taken:  1.8912568092346191
Test Loss: 0.0000, Test Accuracy: 0.9933, Energy: -3617236.5
Time taken:  1.8871865272521973
Test Loss: 0.0000, Test Accuracy: 0.9933, Energy: -3629406.5
Time taken:  1.889899730682373
Test Loss: 0.0000, Test Accuracy: 0.9933, Energy: -3639990.0
Time taken:  1.8766002655029297
Test Loss: 0.0000, Test Accuracy: 0.9933, Energy: -3650158.5
Time taken:  1.8375523090362549
Test Loss: 0.0000, Test Accuracy: 0.9933, Energy: -3659101.0
Time taken:  1.8491308689117432
Test Loss: 0.0000, Test Accuracy: 0.9933, Energy: -3667418.5
Time taken:  1.8496177196502686
Test Loss: 0.0000, Test Accuracy: 0.9933, Energy: -3674705.5
Time taken:  1.8340098857879639
Test Loss: 0.0000, Test Accuracy: 0.9933, Energy: -3681636.0
Time taken:  1.8352346420288086
Test Loss: 0.0000, Test Accuracy: 0.9933, Energy: -3687953.0
Time taken:  1.921727180480957
Test Loss: 0.0000, Test Accuracy: 0.9933, Energy: -3694158.25
Time taken:  1.93056321144104
Test Loss: 0.0000, Test Accuracy: 0.9933, Energy: -3699329.5
Time taken:  1.9257535934448242
Test Loss: 0.0000, Test Accuracy: 0.9933, Energy: -3703890.0
Time taken:  1.8590598106384277
Test Loss: 0.0000, Test Accuracy: 0.9933, Energy: -3708086.75
Time taken:  1.8869898319244385
Test Loss: 0.0000, Test Accuracy: 0.9933, Energy: -3711961.5
Time taken:  1.872415542602539
Test Loss: 0.0000, Test Accuracy: 0.9933, Energy: -3715166.25
Time taken:  1.9404668807983398
Test Loss: 0.0000, Test Accuracy: 0.9933, Energy: -3718480.0
Time taken:  1.921454906463623
Test Loss: 0.0000, Test Accuracy: 0.9933, Energy: -3721627.75
Time taken:  1.9655141830444336
Test Loss: 0.0000, Test Accuracy: 0.9933, Energy: -3724229.75
Time taken:  1.9365346431732178
Test Loss: 0.0000, Test Accuracy: 0.9933, Energy: -3726610.5
Time taken:  1.8471660614013672
Test Loss: 0.0000, Test Accuracy: 0.9933, Energy: -3728686.5
Time taken:  1.8539044857025146
Test Loss: 0.0000, Test Accuracy: 0.9933, Energy: -3730686.5
Time taken:  1.8314728736877441
Test Loss: 0.0000, Test Accuracy: 0.9933, Energy: -3732592.75
Time taken:  1.8726093769073486
Test Loss: 0.0000, Test Accuracy: 0.9933, Energy: -3734340.5
Time taken:  1.8657333850860596
Test Loss: 0.0000, Test Accuracy: 0.9933, Energy: -3736173.0
Time taken:  1.8398654460906982
Test Loss: 0.0000, Test Accuracy: 0.9933, Energy: -3737587.75
Time taken:  1.8740365505218506
Test Loss: 0.0000, Test Accuracy: 0.9933, Energy: -3738942.75
Time taken:  1.8845345973968506
Test Loss: 0.0000, Test Accuracy: 0.9933, Energy: -3739915.5
Time taken:  2.0846056938171387
Test Loss: 0.0000, Test Accuracy: 0.9933, Energy: -3740769.5
Time taken:  1.9066486358642578
Test Loss: 0.0000, Test Accuracy: 0.9933, Energy: -3741597.0
Time taken:  1.812316656112671
Test Loss: 0.0000, Test Accuracy: 0.9933, Energy: -3742399.5
Time taken:  1.8299806118011475
Test Loss: 0.0000, Test Accuracy: 0.9933, Energy: -3743178.0
Time taken:  1.9472320079803467
Test Loss: 0.0000, Test Accuracy: 0.9933, Energy: -3743841.0
Time taken:  1.9545199871063232
Test Loss: 0.0000, Test Accuracy: 0.9933, Energy: -3744489.0
Time taken:  1.9448814392089844
Test Loss: 0.0000, Test Accuracy: 0.9933, Energy: -3745032.0
Time taken:  1.9647040367126465
Test Loss: 0.0000, Test Accuracy: 0.9933, Energy: -3745561.5
Time taken:  1.9236524105072021
Test Loss: 0.0000, Test Accuracy: 0.9933, Energy: -3746055.0
Time taken:  2.091766834259033
Test Loss: 0.0000, Test Accuracy: 0.9933, Energy: -3746441.0
Time taken:  1.9331467151641846
Test Loss: 0.0000, Test Accuracy: 0.9933, Energy: -3746827.75
Time taken:  2.0668294429779053
Test Loss: 0.0000, Test Accuracy: 0.9933, Energy: -3747236.5
Time taken:  1.9596664905548096
Test Loss: 0.0000, Test Accuracy: 0.9933, Energy: -3747512.0
Time taken:  2.0531163215637207
Test Loss: 0.0000, Test Accuracy: 0.9933, Energy: -3747853.0
Time taken:  1.8941810131072998
Test Loss: 0.0000, Test Accuracy: 0.9933, Energy: -3748093.75
Time taken:  2.0478718280792236
Test Loss: 0.0000, Test Accuracy: 0.9933, Energy: -3748311.0
Time taken:  1.894787073135376
Test Loss: 0.0000, Test Accuracy: 0.9933, Energy: -3748486.0
Time taken:  2.0051867961883545
Test Loss: 0.0000, Test Accuracy: 0.9933, Energy: -3748638.0
Time taken:  1.872345209121704
Test Loss: 0.0000, Test Accuracy: 0.9933, Energy: -3748788.5
Time taken:  1.8928513526916504
Test Loss: 0.0000, Test Accuracy: 0.9933, Energy: -3748943.5
Time taken:  1.9564225673675537
Test Loss: 0.0000, Test Accuracy: 0.9933, Energy: -3749050.0
Time taken:  1.889451265335083
Test Loss: 0.0000, Test Accuracy: 0.9933, Energy: -3749213.25
Time taken:  1.9007079601287842
Test Loss: 0.0000, Test Accuracy: 0.9933, Energy: -3749304.0
Time taken:  1.8883626461029053
Test Loss: 0.0000, Test Accuracy: 0.9933, Energy: -3749380.5
Time taken:  1.8536279201507568
Test Loss: 0.0000, Test Accuracy: 0.9933, Energy: -3749471.0
Time taken:  1.8828976154327393
Test Loss: 0.0000, Test Accuracy: 0.9933, Energy: -3749534.75
Time taken:  1.8647794723510742
Test Loss: 0.0000, Test Accuracy: 0.9933, Energy: -3749547.25
Time taken:  1.8635692596435547
Test Loss: 0.0000, Test Accuracy: 0.9933, Energy: -3749601.0
Time taken:  1.876929521560669
Test Loss: 0.0000, Test Accuracy: 0.9933, Energy: -3749694.5
Time taken:  1.8755264282226562
Test Loss: 0.0000, Test Accuracy: 0.9933, Energy: -3749738.5
Time taken:  1.8670756816864014
Test Loss: 0.0000, Test Accuracy: 0.9933, Energy: -3749768.5
Time taken:  1.9855475425720215
Test Loss: 0.0000, Test Accuracy: 0.9933, Energy: -3749817.0
Time taken:  1.9677810668945312
Test Loss: 0.0000, Test Accuracy: 0.9933, Energy: -3749860.25
Time taken:  1.9657249450683594
Test Loss: 0.0000, Test Accuracy: 0.9933, Energy: -3749886.75
Time taken:  1.976515531539917
Test Loss: 0.0000, Test Accuracy: 0.9933, Energy: -3749889.0
Time taken:  1.8944261074066162
Test Loss: 0.0000, Test Accuracy: 0.9933, Energy: -3749894.5
Time taken:  1.736741304397583
Test Loss: 0.0000, Test Accuracy: 0.9933, Energy: -3749912.25
Time taken:  1.583130121231079
Test Loss: 0.0000, Test Accuracy: 0.9933, Energy: -3749918.0
Time taken:  1.5670561790466309
Final accuracies: [0.8166666666666667, 1.0, 0.9966666666666667, 0.9966666666666667, 0.9966666666666667, 0.9966666666666667, 0.9933333333333333, 0.9866666666666667, 0.9866666666666667, 0.9866666666666667, 0.9866666666666667, 0.9866666666666667, 0.9866666666666667, 0.9866666666666667, 0.9866666666666667, 0.9866666666666667, 0.9866666666666667, 0.9866666666666667, 0.9866666666666667, 0.9866666666666667, 0.9866666666666667, 0.99, 0.99, 0.99, 0.99, 0.99, 0.99, 0.99, 0.99, 0.99, 0.9933333333333333, 0.99, 0.99, 0.99, 0.9933333333333333, 0.9933333333333333, 0.9933333333333333, 0.9933333333333333, 0.9933333333333333, 0.9933333333333333, 0.9933333333333333, 0.9933333333333333, 0.9933333333333333, 0.9933333333333333, 0.9933333333333333, 0.9933333333333333, 0.9933333333333333, 0.9933333333333333, 0.9933333333333333, 0.9933333333333333, 0.9933333333333333, 0.9933333333333333, 0.9933333333333333, 0.9933333333333333, 0.9933333333333333, 0.9933333333333333, 0.9933333333333333, 0.9933333333333333, 0.9933333333333333, 0.9933333333333333, 0.9933333333333333, 0.9933333333333333, 0.9933333333333333, 0.9933333333333333, 0.9933333333333333, 0.9933333333333333, 0.9933333333333333, 0.9933333333333333, 0.9933333333333333, 0.9933333333333333, 0.9933333333333333, 0.9933333333333333, 0.9933333333333333, 0.9933333333333333, 0.9933333333333333, 0.9933333333333333, 0.9933333333333333, 0.9933333333333333, 0.9933333333333333, 0.9933333333333333, 0.9933333333333333, 0.9933333333333333, 0.9933333333333333, 0.9933333333333333, 0.9933333333333333, 0.9933333333333333, 0.9933333333333333, 0.9933333333333333, 0.9933333333333333, 0.9933333333333333, 0.9933333333333333, 0.9933333333333333, 0.9933333333333333, 0.9933333333333333, 0.9933333333333333, 0.9933333333333333, 0.9933333333333333, 0.9933333333333333, 0.9933333333333333, 0.9933333333333333]
Final energies: [-942.4144897460938, -66497.8828125, -439674.65625, -783406.875, -1076198.25, -1344557.625, -1584419.875, -1794635.5, -1985091.25, -2154256.25, -2304012.75, -2442345.5, -2563456.5, -2672777.5, -2771450.75, -2861442.25, -2941169.25, -3015110.25, -3081733.0, -3142600.0, -3198895.0, -3249848.25, -3294185.0, -3334206.0, -3371847.75, -3406485.0, -3437757.0, -3465665.5, -3491145.25, -3514544.5, -3536474.0, -3555432.25, -3573021.5, -3589070.0, -3603299.25, -3617236.5, -3629406.5, -3639990.0, -3650158.5, -3659101.0, -3667418.5, -3674705.5, -3681636.0, -3687953.0, -3694158.25, -3699329.5, -3703890.0, -3708086.75, -3711961.5, -3715166.25, -3718480.0, -3721627.75, -3724229.75, -3726610.5, -3728686.5, -3730686.5, -3732592.75, -3734340.5, -3736173.0, -3737587.75, -3738942.75, -3739915.5, -3740769.5, -3741597.0, -3742399.5, -3743178.0, -3743841.0, -3744489.0, -3745032.0, -3745561.5, -3746055.0, -3746441.0, -3746827.75, -3747236.5, -3747512.0, -3747853.0, -3748093.75, -3748311.0, -3748486.0, -3748638.0, -3748788.5, -3748943.5, -3749050.0, -3749213.25, -3749304.0, -3749380.5, -3749471.0, -3749534.75, -3749547.25, -3749601.0, -3749694.5, -3749738.5, -3749768.5, -3749817.0, -3749860.25, -3749886.75, -3749889.0, -3749894.5, -3749912.25, -3749918.0]
