Running with parameters: hidden=100, use_coupled=true, seed=25, lam=0.1, eta=1.0, batch=100
Test Loss: 0.0000, Test Accuracy: 0.7667, Energy: -700.904052734375
Time taken:  1.5038878917694092
Test Loss: 0.0000, Test Accuracy: 1.0000, Energy: -69076.453125
Time taken:  1.7602100372314453
Test Loss: 0.0000, Test Accuracy: 1.0000, Energy: -494564.0
Time taken:  1.784721851348877
Test Loss: 0.0000, Test Accuracy: 0.9967, Energy: -931124.9375
Time taken:  1.5562796592712402
Test Loss: 0.0000, Test Accuracy: 0.9967, Energy: -1296580.0
Time taken:  1.817908525466919
Test Loss: 0.0000, Test Accuracy: 0.9967, Energy: -1616992.0
Time taken:  1.5099341869354248
Test Loss: 0.0000, Test Accuracy: 0.9933, Energy: -1904100.25
Time taken:  1.5120015144348145
Test Loss: 0.0000, Test Accuracy: 0.9867, Energy: -2165062.0
Time taken:  1.5098512172698975
Test Loss: 0.0000, Test Accuracy: 0.9867, Energy: -2402558.0
Time taken:  1.5366747379302979
Test Loss: 0.0000, Test Accuracy: 0.9833, Energy: -2618038.25
Time taken:  1.720754861831665
Test Loss: 0.0000, Test Accuracy: 0.9800, Energy: -2807766.0
Time taken:  1.5775766372680664
Test Loss: 0.0000, Test Accuracy: 0.9800, Energy: -2974795.5
Time taken:  1.7966113090515137
Test Loss: 0.0000, Test Accuracy: 0.9800, Energy: -3123977.75
Time taken:  1.5536413192749023
Test Loss: 0.0000, Test Accuracy: 0.9800, Energy: -3253355.5
Time taken:  1.6616978645324707
Test Loss: 0.0000, Test Accuracy: 0.9767, Energy: -3369283.25
Time taken:  1.772765874862671
Test Loss: 0.0000, Test Accuracy: 0.9833, Energy: -3473872.5
Time taken:  1.5132355690002441
Test Loss: 0.0000, Test Accuracy: 0.9833, Energy: -3567527.75
Time taken:  1.540489673614502
Test Loss: 0.0000, Test Accuracy: 0.9833, Energy: -3653142.5
Time taken:  1.5722064971923828
Test Loss: 0.0000, Test Accuracy: 0.9833, Energy: -3730499.0
Time taken:  1.7760729789733887
Test Loss: 0.0000, Test Accuracy: 0.9800, Energy: -3800260.5
Time taken:  1.53493332862854
Test Loss: 0.0000, Test Accuracy: 0.9800, Energy: -3865262.5
Time taken:  1.560858964920044
Test Loss: 0.0000, Test Accuracy: 0.9800, Energy: -3924661.0
Time taken:  1.5091726779937744
Test Loss: 0.0000, Test Accuracy: 0.9800, Energy: -3979130.5
Time taken:  1.5793354511260986
Test Loss: 0.0000, Test Accuracy: 0.9800, Energy: -4028018.5
Time taken:  1.6717886924743652
Test Loss: 0.0000, Test Accuracy: 0.9800, Energy: -4072778.0
Time taken:  1.6445798873901367
Test Loss: 0.0000, Test Accuracy: 0.9800, Energy: -4112053.5
Time taken:  1.5426840782165527
Test Loss: 0.0000, Test Accuracy: 0.9800, Energy: -4148232.0
Time taken:  1.5322668552398682
Test Loss: 0.0000, Test Accuracy: 0.9800, Energy: -4182175.0
Time taken:  1.5501761436462402
Test Loss: 0.0000, Test Accuracy: 0.9833, Energy: -4212060.0
Time taken:  1.6649584770202637
Test Loss: 0.0000, Test Accuracy: 0.9800, Energy: -4240030.0
Time taken:  1.5425212383270264
Test Loss: 0.0000, Test Accuracy: 0.9800, Energy: -4265207.0
Time taken:  1.5561110973358154
Test Loss: 0.0000, Test Accuracy: 0.9800, Energy: -4288629.0
Time taken:  1.5621871948242188
Test Loss: 0.0000, Test Accuracy: 0.9800, Energy: -4309044.5
Time taken:  1.5346887111663818
Test Loss: 0.0000, Test Accuracy: 0.9800, Energy: -4328209.5
Time taken:  1.517087697982788
Test Loss: 0.0000, Test Accuracy: 0.9800, Energy: -4346026.5
Time taken:  1.5315322875976562
Test Loss: 0.0000, Test Accuracy: 0.9800, Energy: -4360993.5
Time taken:  1.522963523864746
Test Loss: 0.0000, Test Accuracy: 0.9800, Energy: -4375473.0
Time taken:  1.539457082748413
Test Loss: 0.0000, Test Accuracy: 0.9833, Energy: -4388046.5
Time taken:  1.5564568042755127
Test Loss: 0.0000, Test Accuracy: 0.9833, Energy: -4399789.0
Time taken:  1.598745346069336
Test Loss: 0.0000, Test Accuracy: 0.9833, Energy: -4410608.0
Time taken:  1.552595853805542
Test Loss: 0.0000, Test Accuracy: 0.9800, Energy: -4418941.5
Time taken:  1.5318851470947266
Test Loss: 0.0000, Test Accuracy: 0.9800, Energy: -4428038.0
Time taken:  1.5094544887542725
Test Loss: 0.0000, Test Accuracy: 0.9800, Energy: -4435958.0
Time taken:  1.5273289680480957
Test Loss: 0.0000, Test Accuracy: 0.9800, Energy: -4443428.5
Time taken:  1.5146684646606445
Test Loss: 0.0000, Test Accuracy: 0.9800, Energy: -4449679.0
Time taken:  1.539158821105957
Test Loss: 0.0000, Test Accuracy: 0.9833, Energy: -4455498.5
Time taken:  1.5407679080963135
Test Loss: 0.0000, Test Accuracy: 0.9833, Energy: -4460896.5
Time taken:  1.5500454902648926
Test Loss: 0.0000, Test Accuracy: 0.9833, Energy: -4466029.5
Time taken:  1.5317895412445068
Test Loss: 0.0000, Test Accuracy: 0.9833, Energy: -4471175.0
Time taken:  1.5102448463439941
Test Loss: 0.0000, Test Accuracy: 0.9833, Energy: -4475116.5
Time taken:  1.5458886623382568
Test Loss: 0.0000, Test Accuracy: 0.9833, Energy: -4478991.0
Time taken:  1.5257279872894287
Test Loss: 0.0000, Test Accuracy: 0.9833, Energy: -4482677.0
Time taken:  1.5233814716339111
Test Loss: 0.0000, Test Accuracy: 0.9833, Energy: -4485937.5
Time taken:  1.5295829772949219
Test Loss: 0.0000, Test Accuracy: 0.9833, Energy: -4488681.0
Time taken:  1.5210704803466797
Test Loss: 0.0000, Test Accuracy: 0.9833, Energy: -4491111.5
Time taken:  1.570997714996338
Test Loss: 0.0000, Test Accuracy: 0.9833, Energy: -4493406.5
Time taken:  1.5750465393066406
Test Loss: 0.0000, Test Accuracy: 0.9833, Energy: -4495699.0
Time taken:  1.5456571578979492
Test Loss: 0.0000, Test Accuracy: 0.9833, Energy: -4497741.5
Time taken:  1.5380589962005615
Test Loss: 0.0000, Test Accuracy: 0.9833, Energy: -4499567.0
Time taken:  1.534087896347046
Test Loss: 0.0000, Test Accuracy: 0.9833, Energy: -4501332.5
Time taken:  1.5363917350769043
Test Loss: 0.0000, Test Accuracy: 0.9833, Energy: -4502760.5
Time taken:  1.5315101146697998
Test Loss: 0.0000, Test Accuracy: 0.9833, Energy: -4504025.0
Time taken:  1.5800013542175293
Test Loss: 0.0000, Test Accuracy: 0.9833, Energy: -4505115.0
Time taken:  1.5348267555236816
Test Loss: 0.0000, Test Accuracy: 0.9833, Energy: -4506363.0
Time taken:  1.5436291694641113
Test Loss: 0.0000, Test Accuracy: 0.9800, Energy: -4507758.5
Time taken:  1.5745151042938232
Test Loss: 0.0000, Test Accuracy: 0.9800, Energy: -4508496.0
Time taken:  1.600766897201538
Test Loss: 0.0000, Test Accuracy: 0.9800, Energy: -4509248.5
Time taken:  1.559009075164795
Test Loss: 0.0000, Test Accuracy: 0.9800, Energy: -4510010.0
Time taken:  1.5595548152923584
Test Loss: 0.0000, Test Accuracy: 0.9800, Energy: -4510761.0
Time taken:  1.5332107543945312
Test Loss: 0.0000, Test Accuracy: 0.9800, Energy: -4511346.0
Time taken:  1.5361411571502686
Test Loss: 0.0000, Test Accuracy: 0.9800, Energy: -4511908.0
Time taken:  1.5117075443267822
Test Loss: 0.0000, Test Accuracy: 0.9800, Energy: -4512505.5
Time taken:  1.5271859169006348
Test Loss: 0.0000, Test Accuracy: 0.9800, Energy: -4513047.0
Time taken:  1.5206832885742188
Test Loss: 0.0000, Test Accuracy: 0.9800, Energy: -4513456.0
Time taken:  1.5584118366241455
Test Loss: 0.0000, Test Accuracy: 0.9800, Energy: -4513819.5
Time taken:  1.5449426174163818
Test Loss: 0.0000, Test Accuracy: 0.9800, Energy: -4514133.5
Time taken:  1.5397288799285889
Test Loss: 0.0000, Test Accuracy: 0.9800, Energy: -4514332.5
Time taken:  1.536377191543579
Test Loss: 0.0000, Test Accuracy: 0.9800, Energy: -4514624.5
Time taken:  1.5201756954193115
Test Loss: 0.0000, Test Accuracy: 0.9800, Energy: -4514888.0
Time taken:  1.5245251655578613
Test Loss: 0.0000, Test Accuracy: 0.9800, Energy: -4514923.0
Time taken:  1.5237455368041992
Test Loss: 0.0000, Test Accuracy: 0.9800, Energy: -4515177.5
Time taken:  1.5154988765716553
Test Loss: 0.0000, Test Accuracy: 0.9800, Energy: -4515360.5
Time taken:  1.5566344261169434
Test Loss: 0.0000, Test Accuracy: 0.9800, Energy: -4515525.0
Time taken:  1.537097454071045
Test Loss: 0.0000, Test Accuracy: 0.9800, Energy: -4515707.0
Time taken:  1.5622062683105469
Test Loss: 0.0000, Test Accuracy: 0.9800, Energy: -4515872.0
Time taken:  1.5944969654083252
Test Loss: 0.0000, Test Accuracy: 0.9800, Energy: -4516136.5
Time taken:  1.544696569442749
Test Loss: 0.0000, Test Accuracy: 0.9800, Energy: -4516304.0
Time taken:  1.5876855850219727
Test Loss: 0.0000, Test Accuracy: 0.9800, Energy: -4516545.0
Time taken:  1.5374493598937988
Test Loss: 0.0000, Test Accuracy: 0.9800, Energy: -4516636.5
Time taken:  1.5948529243469238
Test Loss: 0.0000, Test Accuracy: 0.9800, Energy: -4516787.0
Time taken:  1.5346641540527344
Test Loss: 0.0000, Test Accuracy: 0.9800, Energy: -4516665.0
Time taken:  1.5227594375610352
Test Loss: 0.0000, Test Accuracy: 0.9800, Energy: -4516567.5
Time taken:  1.549574851989746
Test Loss: 0.0000, Test Accuracy: 0.9800, Energy: -4516630.0
Time taken:  1.555983304977417
Test Loss: 0.0000, Test Accuracy: 0.9800, Energy: -4516681.5
Time taken:  1.5553975105285645
Test Loss: 0.0000, Test Accuracy: 0.9800, Energy: -4516727.5
Time taken:  1.530815839767456
Test Loss: 0.0000, Test Accuracy: 0.9800, Energy: -4516769.0
Time taken:  1.5331661701202393
Test Loss: 0.0000, Test Accuracy: 0.9800, Energy: -4516806.0
Time taken:  1.5307087898254395
Test Loss: 0.0000, Test Accuracy: 0.9800, Energy: -4516840.0
Time taken:  1.5129950046539307
Test Loss: 0.0000, Test Accuracy: 0.9800, Energy: -4516866.5
Time taken:  1.4408154487609863
Test Loss: 0.0000, Test Accuracy: 0.9800, Energy: -4516894.5
Time taken:  1.323300838470459
Final accuracies: [0.7666666666666667, 1.0, 1.0, 0.9966666666666667, 0.9966666666666667, 0.9966666666666667, 0.9933333333333333, 0.9866666666666667, 0.9866666666666667, 0.9833333333333333, 0.98, 0.98, 0.98, 0.98, 0.9766666666666667, 0.9833333333333333, 0.9833333333333333, 0.9833333333333333, 0.9833333333333333, 0.98, 0.98, 0.98, 0.98, 0.98, 0.98, 0.98, 0.98, 0.98, 0.9833333333333333, 0.98, 0.98, 0.98, 0.98, 0.98, 0.98, 0.98, 0.98, 0.9833333333333333, 0.9833333333333333, 0.9833333333333333, 0.98, 0.98, 0.98, 0.98, 0.98, 0.9833333333333333, 0.9833333333333333, 0.9833333333333333, 0.9833333333333333, 0.9833333333333333, 0.9833333333333333, 0.9833333333333333, 0.9833333333333333, 0.9833333333333333, 0.9833333333333333, 0.9833333333333333, 0.9833333333333333, 0.9833333333333333, 0.9833333333333333, 0.9833333333333333, 0.9833333333333333, 0.9833333333333333, 0.9833333333333333, 0.9833333333333333, 0.98, 0.98, 0.98, 0.98, 0.98, 0.98, 0.98, 0.98, 0.98, 0.98, 0.98, 0.98, 0.98, 0.98, 0.98, 0.98, 0.98, 0.98, 0.98, 0.98, 0.98, 0.98, 0.98, 0.98, 0.98, 0.98, 0.98, 0.98, 0.98, 0.98, 0.98, 0.98, 0.98, 0.98, 0.98, 0.98]
Final energies: [-700.904052734375, -69076.453125, -494564.0, -931124.9375, -1296580.0, -1616992.0, -1904100.25, -2165062.0, -2402558.0, -2618038.25, -2807766.0, -2974795.5, -3123977.75, -3253355.5, -3369283.25, -3473872.5, -3567527.75, -3653142.5, -3730499.0, -3800260.5, -3865262.5, -3924661.0, -3979130.5, -4028018.5, -4072778.0, -4112053.5, -4148232.0, -4182175.0, -4212060.0, -4240030.0, -4265207.0, -4288629.0, -4309044.5, -4328209.5, -4346026.5, -4360993.5, -4375473.0, -4388046.5, -4399789.0, -4410608.0, -4418941.5, -4428038.0, -4435958.0, -4443428.5, -4449679.0, -4455498.5, -4460896.5, -4466029.5, -4471175.0, -4475116.5, -4478991.0, -4482677.0, -4485937.5, -4488681.0, -4491111.5, -4493406.5, -4495699.0, -4497741.5, -4499567.0, -4501332.5, -4502760.5, -4504025.0, -4505115.0, -4506363.0, -4507758.5, -4508496.0, -4509248.5, -4510010.0, -4510761.0, -4511346.0, -4511908.0, -4512505.5, -4513047.0, -4513456.0, -4513819.5, -4514133.5, -4514332.5, -4514624.5, -4514888.0, -4514923.0, -4515177.5, -4515360.5, -4515525.0, -4515707.0, -4515872.0, -4516136.5, -4516304.0, -4516545.0, -4516636.5, -4516787.0, -4516665.0, -4516567.5, -4516630.0, -4516681.5, -4516727.5, -4516769.0, -4516806.0, -4516840.0, -4516866.5, -4516894.5]
