Running with parameters: hidden=100, use_coupled=true, seed=85, lam=0.1, eta=1.0, batch=100
Test Loss: 0.0000, Test Accuracy: 0.7233, Energy: -522.0010375976562
Time taken:  2.4440910816192627
Test Loss: 0.0000, Test Accuracy: 1.0000, Energy: -57855.0390625
Time taken:  2.4900012016296387
Test Loss: 0.0000, Test Accuracy: 1.0000, Energy: -399775.46875
Time taken:  2.251389980316162
Test Loss: 0.0000, Test Accuracy: 0.9967, Energy: -751273.1875
Time taken:  2.2969112396240234
Test Loss: 0.0000, Test Accuracy: 0.9967, Energy: -1043492.625
Time taken:  2.24619197845459
Test Loss: 0.0000, Test Accuracy: 0.9967, Energy: -1296863.625
Time taken:  2.3018691539764404
Test Loss: 0.0000, Test Accuracy: 0.9967, Energy: -1519310.75
Time taken:  2.298785924911499
Test Loss: 0.0000, Test Accuracy: 0.9933, Energy: -1716624.5
Time taken:  2.313661575317383
Test Loss: 0.0000, Test Accuracy: 0.9900, Energy: -1899461.375
Time taken:  2.310222625732422
Test Loss: 0.0000, Test Accuracy: 0.9867, Energy: -2064314.75
Time taken:  2.302259683609009
Test Loss: 0.0000, Test Accuracy: 0.9867, Energy: -2214319.0
Time taken:  2.290816068649292
Test Loss: 0.0000, Test Accuracy: 0.9867, Energy: -2349206.0
Time taken:  2.2906534671783447
Test Loss: 0.0000, Test Accuracy: 0.9867, Energy: -2469709.0
Time taken:  2.2598769664764404
Test Loss: 0.0000, Test Accuracy: 0.9867, Energy: -2581371.5
Time taken:  2.3074522018432617
Test Loss: 0.0000, Test Accuracy: 0.9867, Energy: -2681945.25
Time taken:  2.3272438049316406
Test Loss: 0.0000, Test Accuracy: 0.9867, Energy: -2773206.0
Time taken:  2.302288055419922
Test Loss: 0.0000, Test Accuracy: 0.9867, Energy: -2854417.5
Time taken:  2.327857494354248
Test Loss: 0.0000, Test Accuracy: 0.9867, Energy: -2929292.25
Time taken:  2.2925891876220703
Test Loss: 0.0000, Test Accuracy: 0.9867, Energy: -2996691.75
Time taken:  2.291975975036621
Test Loss: 0.0000, Test Accuracy: 0.9867, Energy: -3056121.5
Time taken:  2.255955457687378
Test Loss: 0.0000, Test Accuracy: 0.9867, Energy: -3111306.0
Time taken:  2.314701557159424
Test Loss: 0.0000, Test Accuracy: 0.9867, Energy: -3159122.75
Time taken:  2.2958710193634033
Test Loss: 0.0000, Test Accuracy: 0.9867, Energy: -3204669.25
Time taken:  2.3511548042297363
Test Loss: 0.0000, Test Accuracy: 0.9867, Energy: -3245566.75
Time taken:  2.316833972930908
Test Loss: 0.0000, Test Accuracy: 0.9867, Energy: -3284550.0
Time taken:  2.3327138423919678
Test Loss: 0.0000, Test Accuracy: 0.9867, Energy: -3319355.75
Time taken:  2.302100658416748
Test Loss: 0.0000, Test Accuracy: 0.9867, Energy: -3349410.5
Time taken:  2.3329110145568848
Test Loss: 0.0000, Test Accuracy: 0.9867, Energy: -3376473.25
Time taken:  2.3185763359069824
Test Loss: 0.0000, Test Accuracy: 0.9867, Energy: -3401120.0
Time taken:  2.2899086475372314
Test Loss: 0.0000, Test Accuracy: 0.9867, Energy: -3424561.0
Time taken:  2.297152042388916
Test Loss: 0.0000, Test Accuracy: 0.9867, Energy: -3445923.5
Time taken:  2.2571165561676025
Test Loss: 0.0000, Test Accuracy: 0.9867, Energy: -3464108.5
Time taken:  2.299276828765869
Test Loss: 0.0000, Test Accuracy: 0.9867, Energy: -3481701.5
Time taken:  2.2826263904571533
Test Loss: 0.0000, Test Accuracy: 0.9867, Energy: -3497781.5
Time taken:  2.2958626747131348
Test Loss: 0.0000, Test Accuracy: 0.9867, Energy: -3511644.5
Time taken:  2.3225347995758057
Test Loss: 0.0000, Test Accuracy: 0.9867, Energy: -3525200.5
Time taken:  2.3027231693267822
Test Loss: 0.0000, Test Accuracy: 0.9867, Energy: -3537279.5
Time taken:  2.2695653438568115
Test Loss: 0.0000, Test Accuracy: 0.9867, Energy: -3547701.0
Time taken:  2.285238742828369
Test Loss: 0.0000, Test Accuracy: 0.9867, Energy: -3558165.5
Time taken:  2.2670867443084717
Test Loss: 0.0000, Test Accuracy: 0.9867, Energy: -3566747.5
Time taken:  2.3073887825012207
Test Loss: 0.0000, Test Accuracy: 0.9867, Energy: -3574315.5
Time taken:  2.2955451011657715
Test Loss: 0.0000, Test Accuracy: 0.9867, Energy: -3581916.75
Time taken:  2.292922019958496
Test Loss: 0.0000, Test Accuracy: 0.9867, Energy: -3588772.5
Time taken:  2.306893825531006
Test Loss: 0.0000, Test Accuracy: 0.9867, Energy: -3595418.0
Time taken:  2.2864623069763184
Test Loss: 0.0000, Test Accuracy: 0.9867, Energy: -3601087.0
Time taken:  2.3401172161102295
Test Loss: 0.0000, Test Accuracy: 0.9867, Energy: -3606064.5
Time taken:  2.239522933959961
Test Loss: 0.0000, Test Accuracy: 0.9867, Energy: -3611188.25
Time taken:  2.287951707839966
Test Loss: 0.0000, Test Accuracy: 0.9867, Energy: -3615291.0
Time taken:  2.32283091545105
Test Loss: 0.0000, Test Accuracy: 0.9867, Energy: -3619281.75
Time taken:  2.3004138469696045
Test Loss: 0.0000, Test Accuracy: 0.9867, Energy: -3622277.5
Time taken:  2.299513816833496
Test Loss: 0.0000, Test Accuracy: 0.9867, Energy: -3625449.0
Time taken:  2.28505802154541
Test Loss: 0.0000, Test Accuracy: 0.9867, Energy: -3628769.5
Time taken:  2.281633138656616
Test Loss: 0.0000, Test Accuracy: 0.9867, Energy: -3631042.0
Time taken:  2.3056952953338623
Test Loss: 0.0000, Test Accuracy: 0.9867, Energy: -3633508.5
Time taken:  2.2913222312927246
Test Loss: 0.0000, Test Accuracy: 0.9867, Energy: -3635778.0
Time taken:  2.3067855834960938
Test Loss: 0.0000, Test Accuracy: 0.9867, Energy: -3637601.0
Time taken:  2.3099822998046875
Test Loss: 0.0000, Test Accuracy: 0.9867, Energy: -3639354.0
Time taken:  2.3080461025238037
Test Loss: 0.0000, Test Accuracy: 0.9867, Energy: -3640968.5
Time taken:  2.332669496536255
Test Loss: 0.0000, Test Accuracy: 0.9867, Energy: -3642405.0
Time taken:  2.297274351119995
Test Loss: 0.0000, Test Accuracy: 0.9867, Energy: -3643939.25
Time taken:  2.3247482776641846
Test Loss: 0.0000, Test Accuracy: 0.9867, Energy: -3644989.5
Time taken:  2.3062899112701416
Test Loss: 0.0000, Test Accuracy: 0.9867, Energy: -3646013.75
Time taken:  2.3255035877227783
Test Loss: 0.0000, Test Accuracy: 0.9867, Energy: -3647033.25
Time taken:  2.3062241077423096
Test Loss: 0.0000, Test Accuracy: 0.9867, Energy: -3647953.5
Time taken:  2.322700023651123
Test Loss: 0.0000, Test Accuracy: 0.9867, Energy: -3648719.5
Time taken:  2.3052444458007812
Test Loss: 0.0000, Test Accuracy: 0.9867, Energy: -3649574.0
Time taken:  2.327383279800415
Test Loss: 0.0000, Test Accuracy: 0.9867, Energy: -3650190.25
Time taken:  2.322545051574707
Test Loss: 0.0000, Test Accuracy: 0.9867, Energy: -3650931.75
Time taken:  2.2922427654266357
Test Loss: 0.0000, Test Accuracy: 0.9867, Energy: -3651469.75
Time taken:  2.303886651992798
Test Loss: 0.0000, Test Accuracy: 0.9867, Energy: -3651949.5
Time taken:  2.288034439086914
Test Loss: 0.0000, Test Accuracy: 0.9867, Energy: -3652258.75
Time taken:  2.312072277069092
Test Loss: 0.0000, Test Accuracy: 0.9867, Energy: -3652724.5
Time taken:  2.2002787590026855
Test Loss: 0.0000, Test Accuracy: 0.9867, Energy: -3653035.0
Time taken:  2.3289313316345215
Test Loss: 0.0000, Test Accuracy: 0.9867, Energy: -3653377.5
Time taken:  2.275716781616211
Test Loss: 0.0000, Test Accuracy: 0.9867, Energy: -3653649.75
Time taken:  2.3171327114105225
Test Loss: 0.0000, Test Accuracy: 0.9867, Energy: -3653859.0
Time taken:  2.3091204166412354
Test Loss: 0.0000, Test Accuracy: 0.9867, Energy: -3654080.5
Time taken:  2.3385093212127686
Test Loss: 0.0000, Test Accuracy: 0.9867, Energy: -3654267.75
Time taken:  2.399348020553589
Test Loss: 0.0000, Test Accuracy: 0.9867, Energy: -3654467.0
Time taken:  2.5822315216064453
Test Loss: 0.0000, Test Accuracy: 0.9867, Energy: -3654663.0
Time taken:  2.3429794311523438
Test Loss: 0.0000, Test Accuracy: 0.9867, Energy: -3654804.5
Time taken:  2.56192946434021
Test Loss: 0.0000, Test Accuracy: 0.9867, Energy: -3654931.0
Time taken:  2.3614563941955566
Test Loss: 0.0000, Test Accuracy: 0.9867, Energy: -3655040.0
Time taken:  2.5721561908721924
Test Loss: 0.0000, Test Accuracy: 0.9867, Energy: -3655194.25
Time taken:  2.3459434509277344
Test Loss: 0.0000, Test Accuracy: 0.9867, Energy: -3655245.0
Time taken:  2.5544309616088867
Test Loss: 0.0000, Test Accuracy: 0.9867, Energy: -3655357.75
Time taken:  2.3388500213623047
Test Loss: 0.0000, Test Accuracy: 0.9867, Energy: -3655579.25
Time taken:  2.5638539791107178
Test Loss: 0.0000, Test Accuracy: 0.9867, Energy: -3655679.0
Time taken:  2.332839250564575
Test Loss: 0.0000, Test Accuracy: 0.9867, Energy: -3655777.25
Time taken:  2.293442964553833
Test Loss: 0.0000, Test Accuracy: 0.9867, Energy: -3655846.5
Time taken:  2.3378119468688965
Test Loss: 0.0000, Test Accuracy: 0.9867, Energy: -3655925.0
Time taken:  2.3155910968780518
Test Loss: 0.0000, Test Accuracy: 0.9867, Energy: -3655960.5
Time taken:  2.3216235637664795
Test Loss: 0.0000, Test Accuracy: 0.9867, Energy: -3655976.0
Time taken:  2.3002495765686035
Test Loss: 0.0000, Test Accuracy: 0.9867, Energy: -3655960.5
Time taken:  2.2862250804901123
Test Loss: 0.0000, Test Accuracy: 0.9867, Energy: -3656005.0
Time taken:  2.3114943504333496
Test Loss: 0.0000, Test Accuracy: 0.9867, Energy: -3656018.0
Time taken:  2.304866075515747
Test Loss: 0.0000, Test Accuracy: 0.9867, Energy: -3656030.0
Time taken:  2.290705442428589
Test Loss: 0.0000, Test Accuracy: 0.9867, Energy: -3656055.5
Time taken:  2.198917865753174
Test Loss: 0.0000, Test Accuracy: 0.9867, Energy: -3656080.75
Time taken:  2.0457632541656494
Test Loss: 0.0000, Test Accuracy: 0.9867, Energy: -3656101.5
Time taken:  1.5293166637420654
Final accuracies: [0.7233333333333334, 1.0, 1.0, 0.9966666666666667, 0.9966666666666667, 0.9966666666666667, 0.9966666666666667, 0.9933333333333333, 0.99, 0.9866666666666667, 0.9866666666666667, 0.9866666666666667, 0.9866666666666667, 0.9866666666666667, 0.9866666666666667, 0.9866666666666667, 0.9866666666666667, 0.9866666666666667, 0.9866666666666667, 0.9866666666666667, 0.9866666666666667, 0.9866666666666667, 0.9866666666666667, 0.9866666666666667, 0.9866666666666667, 0.9866666666666667, 0.9866666666666667, 0.9866666666666667, 0.9866666666666667, 0.9866666666666667, 0.9866666666666667, 0.9866666666666667, 0.9866666666666667, 0.9866666666666667, 0.9866666666666667, 0.9866666666666667, 0.9866666666666667, 0.9866666666666667, 0.9866666666666667, 0.9866666666666667, 0.9866666666666667, 0.9866666666666667, 0.9866666666666667, 0.9866666666666667, 0.9866666666666667, 0.9866666666666667, 0.9866666666666667, 0.9866666666666667, 0.9866666666666667, 0.9866666666666667, 0.9866666666666667, 0.9866666666666667, 0.9866666666666667, 0.9866666666666667, 0.9866666666666667, 0.9866666666666667, 0.9866666666666667, 0.9866666666666667, 0.9866666666666667, 0.9866666666666667, 0.9866666666666667, 0.9866666666666667, 0.9866666666666667, 0.9866666666666667, 0.9866666666666667, 0.9866666666666667, 0.9866666666666667, 0.9866666666666667, 0.9866666666666667, 0.9866666666666667, 0.9866666666666667, 0.9866666666666667, 0.9866666666666667, 0.9866666666666667, 0.9866666666666667, 0.9866666666666667, 0.9866666666666667, 0.9866666666666667, 0.9866666666666667, 0.9866666666666667, 0.9866666666666667, 0.9866666666666667, 0.9866666666666667, 0.9866666666666667, 0.9866666666666667, 0.9866666666666667, 0.9866666666666667, 0.9866666666666667, 0.9866666666666667, 0.9866666666666667, 0.9866666666666667, 0.9866666666666667, 0.9866666666666667, 0.9866666666666667, 0.9866666666666667, 0.9866666666666667, 0.9866666666666667, 0.9866666666666667, 0.9866666666666667, 0.9866666666666667]
Final energies: [-522.0010375976562, -57855.0390625, -399775.46875, -751273.1875, -1043492.625, -1296863.625, -1519310.75, -1716624.5, -1899461.375, -2064314.75, -2214319.0, -2349206.0, -2469709.0, -2581371.5, -2681945.25, -2773206.0, -2854417.5, -2929292.25, -2996691.75, -3056121.5, -3111306.0, -3159122.75, -3204669.25, -3245566.75, -3284550.0, -3319355.75, -3349410.5, -3376473.25, -3401120.0, -3424561.0, -3445923.5, -3464108.5, -3481701.5, -3497781.5, -3511644.5, -3525200.5, -3537279.5, -3547701.0, -3558165.5, -3566747.5, -3574315.5, -3581916.75, -3588772.5, -3595418.0, -3601087.0, -3606064.5, -3611188.25, -3615291.0, -3619281.75, -3622277.5, -3625449.0, -3628769.5, -3631042.0, -3633508.5, -3635778.0, -3637601.0, -3639354.0, -3640968.5, -3642405.0, -3643939.25, -3644989.5, -3646013.75, -3647033.25, -3647953.5, -3648719.5, -3649574.0, -3650190.25, -3650931.75, -3651469.75, -3651949.5, -3652258.75, -3652724.5, -3653035.0, -3653377.5, -3653649.75, -3653859.0, -3654080.5, -3654267.75, -3654467.0, -3654663.0, -3654804.5, -3654931.0, -3655040.0, -3655194.25, -3655245.0, -3655357.75, -3655579.25, -3655679.0, -3655777.25, -3655846.5, -3655925.0, -3655960.5, -3655976.0, -3655960.5, -3656005.0, -3656018.0, -3656030.0, -3656055.5, -3656080.75, -3656101.5]
