Running with parameters: hidden=100, use_coupled=true, seed=9, lam=0.1, eta=1.0, batch=100
Test Loss: 0.0000, Test Accuracy: 0.9800, Energy: -1374.0029296875
Time taken:  1.6892766952514648
Test Loss: 0.0000, Test Accuracy: 1.0000, Energy: -124022.234375
Time taken:  1.8643271923065186
Test Loss: 0.0000, Test Accuracy: 0.9967, Energy: -665074.5
Time taken:  1.8488218784332275
Test Loss: 0.0000, Test Accuracy: 0.9967, Energy: -1136412.875
Time taken:  1.9980604648590088
Test Loss: 0.0000, Test Accuracy: 0.9967, Energy: -1549014.75
Time taken:  2.104602336883545
Test Loss: 0.0000, Test Accuracy: 0.9933, Energy: -1914785.75
Time taken:  2.0947000980377197
Test Loss: 0.0000, Test Accuracy: 0.9867, Energy: -2232333.5
Time taken:  2.080700397491455
Test Loss: 0.0000, Test Accuracy: 0.9833, Energy: -2512097.0
Time taken:  2.0742714405059814
Test Loss: 0.0000, Test Accuracy: 0.9833, Energy: -2760049.25
Time taken:  2.080970287322998
Test Loss: 0.0000, Test Accuracy: 0.9833, Energy: -2977450.75
Time taken:  2.0801572799682617
Test Loss: 0.0000, Test Accuracy: 0.9833, Energy: -3170505.0
Time taken:  2.090019464492798
Test Loss: 0.0000, Test Accuracy: 0.9833, Energy: -3346544.5
Time taken:  2.0821750164031982
Test Loss: 0.0000, Test Accuracy: 0.9833, Energy: -3507593.0
Time taken:  2.098627805709839
Test Loss: 0.0000, Test Accuracy: 0.9833, Energy: -3648944.0
Time taken:  2.0757877826690674
Test Loss: 0.0000, Test Accuracy: 0.9800, Energy: -3778268.5
Time taken:  2.0881435871124268
Test Loss: 0.0000, Test Accuracy: 0.9800, Energy: -3896777.0
Time taken:  2.0508320331573486
Test Loss: 0.0000, Test Accuracy: 0.9800, Energy: -4003141.75
Time taken:  2.10426926612854
Test Loss: 0.0000, Test Accuracy: 0.9800, Energy: -4100476.25
Time taken:  2.0860297679901123
Test Loss: 0.0000, Test Accuracy: 0.9800, Energy: -4190492.5
Time taken:  2.0677809715270996
Test Loss: 0.0000, Test Accuracy: 0.9767, Energy: -4269730.5
Time taken:  2.1173152923583984
Test Loss: 0.0000, Test Accuracy: 0.9767, Energy: -4342849.0
Time taken:  2.0988667011260986
Test Loss: 0.0000, Test Accuracy: 0.9767, Energy: -4410028.5
Time taken:  2.081155300140381
Test Loss: 0.0000, Test Accuracy: 0.9767, Energy: -4468020.5
Time taken:  2.0659737586975098
Test Loss: 0.0000, Test Accuracy: 0.9767, Energy: -4522303.0
Time taken:  2.060697317123413
Test Loss: 0.0000, Test Accuracy: 0.9767, Energy: -4572693.5
Time taken:  2.088407278060913
Test Loss: 0.0000, Test Accuracy: 0.9733, Energy: -4617569.5
Time taken:  2.2628657817840576
Test Loss: 0.0000, Test Accuracy: 0.9733, Energy: -4659233.5
Time taken:  2.0749709606170654
Test Loss: 0.0000, Test Accuracy: 0.9733, Energy: -4695824.5
Time taken:  2.235215425491333
Test Loss: 0.0000, Test Accuracy: 0.9733, Energy: -4729931.0
Time taken:  2.0819308757781982
Test Loss: 0.0000, Test Accuracy: 0.9733, Energy: -4763729.0
Time taken:  2.0909154415130615
Test Loss: 0.0000, Test Accuracy: 0.9733, Energy: -4791424.0
Time taken:  2.0853726863861084
Test Loss: 0.0000, Test Accuracy: 0.9733, Energy: -4818539.0
Time taken:  2.054647922515869
Test Loss: 0.0000, Test Accuracy: 0.9733, Energy: -4841387.5
Time taken:  2.0735373497009277
Test Loss: 0.0000, Test Accuracy: 0.9733, Energy: -4862407.5
Time taken:  2.0675196647644043
Test Loss: 0.0000, Test Accuracy: 0.9733, Energy: -4882338.5
Time taken:  2.0576021671295166
Test Loss: 0.0000, Test Accuracy: 0.9733, Energy: -4901506.5
Time taken:  2.0628929138183594
Test Loss: 0.0000, Test Accuracy: 0.9733, Energy: -4917572.5
Time taken:  2.0694215297698975
Test Loss: 0.0000, Test Accuracy: 0.9733, Energy: -4931568.5
Time taken:  2.087878465652466
Test Loss: 0.0000, Test Accuracy: 0.9733, Energy: -4944041.0
Time taken:  2.0618717670440674
Test Loss: 0.0000, Test Accuracy: 0.9733, Energy: -4955860.0
Time taken:  2.0928988456726074
Test Loss: 0.0000, Test Accuracy: 0.9733, Energy: -4967410.0
Time taken:  2.070371389389038
Test Loss: 0.0000, Test Accuracy: 0.9733, Energy: -4978437.5
Time taken:  2.111609697341919
Test Loss: 0.0000, Test Accuracy: 0.9733, Energy: -4987094.5
Time taken:  2.0697624683380127
Test Loss: 0.0000, Test Accuracy: 0.9733, Energy: -4995196.0
Time taken:  2.0672852993011475
Test Loss: 0.0000, Test Accuracy: 0.9733, Energy: -5003628.5
Time taken:  2.105558156967163
Test Loss: 0.0000, Test Accuracy: 0.9733, Energy: -5010755.0
Time taken:  2.0921239852905273
Test Loss: 0.0000, Test Accuracy: 0.9733, Energy: -5017466.0
Time taken:  2.2191648483276367
Test Loss: 0.0000, Test Accuracy: 0.9733, Energy: -5023739.0
Time taken:  2.0956032276153564
Test Loss: 0.0000, Test Accuracy: 0.9733, Energy: -5029001.0
Time taken:  2.211444854736328
Test Loss: 0.0000, Test Accuracy: 0.9733, Energy: -5033463.5
Time taken:  2.083400011062622
Test Loss: 0.0000, Test Accuracy: 0.9733, Energy: -5037536.0
Time taken:  2.0631914138793945
Test Loss: 0.0000, Test Accuracy: 0.9733, Energy: -5041176.0
Time taken:  2.048447847366333
Test Loss: 0.0000, Test Accuracy: 0.9733, Energy: -5044734.0
Time taken:  2.0930697917938232
Test Loss: 0.0000, Test Accuracy: 0.9733, Energy: -5047915.0
Time taken:  2.0762805938720703
Test Loss: 0.0000, Test Accuracy: 0.9733, Energy: -5050866.0
Time taken:  2.093651533126831
Test Loss: 0.0000, Test Accuracy: 0.9733, Energy: -5053551.5
Time taken:  2.0935561656951904
Test Loss: 0.0000, Test Accuracy: 0.9733, Energy: -5056215.5
Time taken:  2.0968782901763916
Test Loss: 0.0000, Test Accuracy: 0.9733, Energy: -5058381.0
Time taken:  2.087674379348755
Test Loss: 0.0000, Test Accuracy: 0.9733, Energy: -5060815.0
Time taken:  2.1026580333709717
Test Loss: 0.0000, Test Accuracy: 0.9733, Energy: -5062504.0
Time taken:  2.08176851272583
Test Loss: 0.0000, Test Accuracy: 0.9733, Energy: -5064222.5
Time taken:  2.1156489849090576
Test Loss: 0.0000, Test Accuracy: 0.9733, Energy: -5065671.0
Time taken:  2.081411600112915
Test Loss: 0.0000, Test Accuracy: 0.9733, Energy: -5067080.0
Time taken:  2.0803866386413574
Test Loss: 0.0000, Test Accuracy: 0.9733, Energy: -5068375.0
Time taken:  2.098116636276245
Test Loss: 0.0000, Test Accuracy: 0.9733, Energy: -5069499.0
Time taken:  2.130521774291992
Test Loss: 0.0000, Test Accuracy: 0.9733, Energy: -5070706.5
Time taken:  2.0801074504852295
Test Loss: 0.0000, Test Accuracy: 0.9733, Energy: -5071557.0
Time taken:  2.161224126815796
Test Loss: 0.0000, Test Accuracy: 0.9733, Energy: -5072311.0
Time taken:  2.086153268814087
Test Loss: 0.0000, Test Accuracy: 0.9733, Energy: -5073071.0
Time taken:  2.117765426635742
Test Loss: 0.0000, Test Accuracy: 0.9733, Energy: -5074010.0
Time taken:  2.075770378112793
Test Loss: 0.0000, Test Accuracy: 0.9733, Energy: -5074826.0
Time taken:  2.0910112857818604
Test Loss: 0.0000, Test Accuracy: 0.9733, Energy: -5075326.0
Time taken:  2.079087734222412
Test Loss: 0.0000, Test Accuracy: 0.9733, Energy: -5076030.0
Time taken:  2.0899085998535156
Test Loss: 0.0000, Test Accuracy: 0.9733, Energy: -5076483.5
Time taken:  2.07196307182312
Test Loss: 0.0000, Test Accuracy: 0.9733, Energy: -5076956.0
Time taken:  2.0828166007995605
Test Loss: 0.0000, Test Accuracy: 0.9733, Energy: -5077234.5
Time taken:  2.0775814056396484
Test Loss: 0.0000, Test Accuracy: 0.9733, Energy: -5077680.5
Time taken:  2.0838396549224854
Test Loss: 0.0000, Test Accuracy: 0.9733, Energy: -5077983.0
Time taken:  2.086106061935425
Test Loss: 0.0000, Test Accuracy: 0.9733, Energy: -5078255.5
Time taken:  2.115034818649292
Test Loss: 0.0000, Test Accuracy: 0.9733, Energy: -5078520.5
Time taken:  2.1352617740631104
Test Loss: 0.0000, Test Accuracy: 0.9733, Energy: -5078767.0
Time taken:  2.078742504119873
Test Loss: 0.0000, Test Accuracy: 0.9733, Energy: -5079079.0
Time taken:  2.109686851501465
Test Loss: 0.0000, Test Accuracy: 0.9733, Energy: -5079380.5
Time taken:  2.1096303462982178
Test Loss: 0.0000, Test Accuracy: 0.9733, Energy: -5079540.5
Time taken:  2.0951550006866455
Test Loss: 0.0000, Test Accuracy: 0.9733, Energy: -5079690.0
Time taken:  2.0792224407196045
Test Loss: 0.0000, Test Accuracy: 0.9733, Energy: -5079832.0
Time taken:  2.0607104301452637
Test Loss: 0.0000, Test Accuracy: 0.9733, Energy: -5079963.0
Time taken:  2.0968379974365234
Test Loss: 0.0000, Test Accuracy: 0.9733, Energy: -5080256.5
Time taken:  2.0678489208221436
Test Loss: 0.0000, Test Accuracy: 0.9733, Energy: -5080351.0
Time taken:  2.0919570922851562
Test Loss: 0.0000, Test Accuracy: 0.9733, Energy: -5080452.0
Time taken:  2.0928053855895996
Test Loss: 0.0000, Test Accuracy: 0.9733, Energy: -5080579.0
Time taken:  2.117388963699341
Test Loss: 0.0000, Test Accuracy: 0.9733, Energy: -5080620.0
Time taken:  2.078071355819702
Test Loss: 0.0000, Test Accuracy: 0.9733, Energy: -5080683.0
Time taken:  2.0713016986846924
Test Loss: 0.0000, Test Accuracy: 0.9733, Energy: -5080746.0
Time taken:  2.0918116569519043
Test Loss: 0.0000, Test Accuracy: 0.9733, Energy: -5080797.0
Time taken:  2.0825178623199463
Test Loss: 0.0000, Test Accuracy: 0.9733, Energy: -5080861.0
Time taken:  2.0996696949005127
Test Loss: 0.0000, Test Accuracy: 0.9733, Energy: -5080896.0
Time taken:  2.081827402114868
Test Loss: 0.0000, Test Accuracy: 0.9733, Energy: -5080934.5
Time taken:  2.0433497428894043
Test Loss: 0.0000, Test Accuracy: 0.9733, Energy: -5080969.0
Time taken:  1.8003435134887695
Test Loss: 0.0000, Test Accuracy: 0.9733, Energy: -5080978.0
Time taken:  1.6688334941864014
Final accuracies: [0.98, 1.0, 0.9966666666666667, 0.9966666666666667, 0.9966666666666667, 0.9933333333333333, 0.9866666666666667, 0.9833333333333333, 0.9833333333333333, 0.9833333333333333, 0.9833333333333333, 0.9833333333333333, 0.9833333333333333, 0.9833333333333333, 0.98, 0.98, 0.98, 0.98, 0.98, 0.9766666666666667, 0.9766666666666667, 0.9766666666666667, 0.9766666666666667, 0.9766666666666667, 0.9766666666666667, 0.9733333333333334, 0.9733333333333334, 0.9733333333333334, 0.9733333333333334, 0.9733333333333334, 0.9733333333333334, 0.9733333333333334, 0.9733333333333334, 0.9733333333333334, 0.9733333333333334, 0.9733333333333334, 0.9733333333333334, 0.9733333333333334, 0.9733333333333334, 0.9733333333333334, 0.9733333333333334, 0.9733333333333334, 0.9733333333333334, 0.9733333333333334, 0.9733333333333334, 0.9733333333333334, 0.9733333333333334, 0.9733333333333334, 0.9733333333333334, 0.9733333333333334, 0.9733333333333334, 0.9733333333333334, 0.9733333333333334, 0.9733333333333334, 0.9733333333333334, 0.9733333333333334, 0.9733333333333334, 0.9733333333333334, 0.9733333333333334, 0.9733333333333334, 0.9733333333333334, 0.9733333333333334, 0.9733333333333334, 0.9733333333333334, 0.9733333333333334, 0.9733333333333334, 0.9733333333333334, 0.9733333333333334, 0.9733333333333334, 0.9733333333333334, 0.9733333333333334, 0.9733333333333334, 0.9733333333333334, 0.9733333333333334, 0.9733333333333334, 0.9733333333333334, 0.9733333333333334, 0.9733333333333334, 0.9733333333333334, 0.9733333333333334, 0.9733333333333334, 0.9733333333333334, 0.9733333333333334, 0.9733333333333334, 0.9733333333333334, 0.9733333333333334, 0.9733333333333334, 0.9733333333333334, 0.9733333333333334, 0.9733333333333334, 0.9733333333333334, 0.9733333333333334, 0.9733333333333334, 0.9733333333333334, 0.9733333333333334, 0.9733333333333334, 0.9733333333333334, 0.9733333333333334, 0.9733333333333334, 0.9733333333333334]
Final energies: [-1374.0029296875, -124022.234375, -665074.5, -1136412.875, -1549014.75, -1914785.75, -2232333.5, -2512097.0, -2760049.25, -2977450.75, -3170505.0, -3346544.5, -3507593.0, -3648944.0, -3778268.5, -3896777.0, -4003141.75, -4100476.25, -4190492.5, -4269730.5, -4342849.0, -4410028.5, -4468020.5, -4522303.0, -4572693.5, -4617569.5, -4659233.5, -4695824.5, -4729931.0, -4763729.0, -4791424.0, -4818539.0, -4841387.5, -4862407.5, -4882338.5, -4901506.5, -4917572.5, -4931568.5, -4944041.0, -4955860.0, -4967410.0, -4978437.5, -4987094.5, -4995196.0, -5003628.5, -5010755.0, -5017466.0, -5023739.0, -5029001.0, -5033463.5, -5037536.0, -5041176.0, -5044734.0, -5047915.0, -5050866.0, -5053551.5, -5056215.5, -5058381.0, -5060815.0, -5062504.0, -5064222.5, -5065671.0, -5067080.0, -5068375.0, -5069499.0, -5070706.5, -5071557.0, -5072311.0, -5073071.0, -5074010.0, -5074826.0, -5075326.0, -5076030.0, -5076483.5, -5076956.0, -5077234.5, -5077680.5, -5077983.0, -5078255.5, -5078520.5, -5078767.0, -5079079.0, -5079380.5, -5079540.5, -5079690.0, -5079832.0, -5079963.0, -5080256.5, -5080351.0, -5080452.0, -5080579.0, -5080620.0, -5080683.0, -5080746.0, -5080797.0, -5080861.0, -5080896.0, -5080934.5, -5080969.0, -5080978.0]
