Running with parameters: hidden=50, use_coupled=true, seed=82, lam=0.5, eta=0.5, batch=1
Test Loss: 0.0000, Test Accuracy: 1.0000, Energy: -606496.3125
Time taken:  15.373926162719727
Test Loss: 0.0000, Test Accuracy: 1.0000, Energy: -1211894.0
Time taken:  15.3649001121521
Test Loss: 0.0000, Test Accuracy: 1.0000, Energy: -1266072.125
Time taken:  15.361368179321289
Test Loss: 0.0000, Test Accuracy: 1.0000, Energy: -1464412.375
Time taken:  15.481476783752441
Test Loss: 0.0000, Test Accuracy: 1.0000, Energy: -1671421.125
Time taken:  15.379597187042236
Test Loss: 0.0000, Test Accuracy: 1.0000, Energy: -1774456.625
Time taken:  15.395011186599731
Test Loss: 0.0000, Test Accuracy: 1.0000, Energy: -4237619.5
Time taken:  15.379768133163452
Test Loss: 0.0000, Test Accuracy: 0.9967, Energy: -3122589.75
Time taken:  15.493518114089966
Test Loss: 0.0000, Test Accuracy: 0.9967, Energy: -3101176.25
Time taken:  15.424473285675049
Test Loss: 0.0000, Test Accuracy: 0.9967, Energy: -3175226.5
Time taken:  15.421424627304077
Test Loss: 0.0000, Test Accuracy: 0.9967, Energy: -3174940.0
Time taken:  15.40391993522644
Test Loss: 0.0000, Test Accuracy: 0.9967, Energy: -3175121.25
Time taken:  15.499736547470093
Test Loss: 0.0000, Test Accuracy: 0.9967, Energy: -3175118.75
Time taken:  15.404153823852539
Test Loss: 0.0000, Test Accuracy: 0.9967, Energy: -3175352.0
Time taken:  15.368045330047607
Test Loss: 0.0000, Test Accuracy: 0.9967, Energy: -3175262.0
Time taken:  15.398354053497314
Test Loss: 0.0000, Test Accuracy: 0.9967, Energy: -3175425.5
Time taken:  15.510536670684814
Test Loss: 0.0000, Test Accuracy: 0.9967, Energy: -3176087.75
Time taken:  15.432381629943848
Test Loss: 0.0000, Test Accuracy: 0.9967, Energy: -3176300.75
Time taken:  15.423095703125
Test Loss: 0.0000, Test Accuracy: 0.9967, Energy: -3175899.75
Time taken:  15.406713724136353
Test Loss: 0.0000, Test Accuracy: 0.9967, Energy: -3175782.5
Time taken:  15.498950481414795
Test Loss: 0.0000, Test Accuracy: 0.9967, Energy: -3176126.25
Time taken:  15.410477638244629
Test Loss: 0.0000, Test Accuracy: 0.9967, Energy: -3176540.75
Time taken:  15.41520881652832
Test Loss: 0.0000, Test Accuracy: 0.9967, Energy: -3176485.75
Time taken:  15.51164722442627
Test Loss: 0.0000, Test Accuracy: 0.9967, Energy: -3177453.25
Time taken:  15.408841371536255
Test Loss: 0.0000, Test Accuracy: 0.9967, Energy: -3177760.5
Time taken:  15.393043279647827
Test Loss: 0.0000, Test Accuracy: 0.9967, Energy: -3178181.25
Time taken:  15.407198429107666
Test Loss: 0.0000, Test Accuracy: 0.9967, Energy: -3178355.5
Time taken:  15.51601529121399
Test Loss: 0.0000, Test Accuracy: 0.9967, Energy: -3178602.5
Time taken:  15.429728269577026
Test Loss: 0.0000, Test Accuracy: 0.9967, Energy: -3179048.75
Time taken:  15.426102876663208
Test Loss: 0.0000, Test Accuracy: 0.9967, Energy: -3180104.5
Time taken:  15.42725396156311
Test Loss: 0.0000, Test Accuracy: 0.9967, Energy: -3180166.0
Time taken:  15.483808994293213
Test Loss: 0.0000, Test Accuracy: 0.9967, Energy: -3180463.75
Time taken:  15.391974687576294
Test Loss: 0.0000, Test Accuracy: 0.9967, Energy: -3180443.75
Time taken:  15.413461446762085
Test Loss: 0.0000, Test Accuracy: 0.9967, Energy: -3180862.0
Time taken:  15.384055852890015
Test Loss: 0.0000, Test Accuracy: 0.9967, Energy: -3180836.0
Time taken:  15.493741273880005
Test Loss: 0.0000, Test Accuracy: 0.9967, Energy: -3181356.75
Time taken:  15.370056390762329
Test Loss: 0.0000, Test Accuracy: 0.9967, Energy: -3181420.25
Time taken:  15.4000723361969
Test Loss: 0.0000, Test Accuracy: 0.9967, Energy: -3181616.5
Time taken:  15.39089560508728
Test Loss: 0.0000, Test Accuracy: 0.9967, Energy: -3182161.75
Time taken:  15.507738828659058
Test Loss: 0.0000, Test Accuracy: 0.9967, Energy: -3182279.25
Time taken:  15.410531759262085
Test Loss: 0.0000, Test Accuracy: 0.9967, Energy: -3182329.0
Time taken:  15.400264501571655
Test Loss: 0.0000, Test Accuracy: 0.9967, Energy: -3182805.5
Time taken:  15.396551609039307
Test Loss: 0.0000, Test Accuracy: 0.9967, Energy: -3182783.5
Time taken:  15.502772092819214
Test Loss: 0.0000, Test Accuracy: 0.9967, Energy: -3183415.0
Time taken:  15.402364015579224
Test Loss: 0.0000, Test Accuracy: 0.9967, Energy: -3184063.75
Time taken:  15.396115779876709
Test Loss: 0.0000, Test Accuracy: 0.9967, Energy: -3184286.5
Time taken:  15.40753698348999
Test Loss: 0.0000, Test Accuracy: 0.9967, Energy: -3184683.25
Time taken:  15.51803469657898
Test Loss: 0.0000, Test Accuracy: 0.9967, Energy: -3185130.5
Time taken:  15.399128675460815
Test Loss: 0.0000, Test Accuracy: 0.9967, Energy: -3185343.0
Time taken:  15.41113018989563
Test Loss: 0.0000, Test Accuracy: 0.9933, Energy: -3185377.0
Time taken:  15.409909725189209
Test Loss: 0.0000, Test Accuracy: 0.9933, Energy: -3185337.25
Time taken:  15.493463039398193
Test Loss: 0.0000, Test Accuracy: 0.9933, Energy: -3185513.0
Time taken:  15.399415254592896
Test Loss: 0.0000, Test Accuracy: 0.9933, Energy: -3185886.25
Time taken:  15.414656400680542
Test Loss: 0.0000, Test Accuracy: 0.9933, Energy: -3186349.25
Time taken:  15.417971849441528
Test Loss: 0.0000, Test Accuracy: 0.9933, Energy: -3186789.5
Time taken:  15.484851360321045
Test Loss: 0.0000, Test Accuracy: 0.9933, Energy: -3186947.75
Time taken:  15.37752652168274
Test Loss: 0.0000, Test Accuracy: 0.9967, Energy: -3187765.0
Time taken:  15.404602527618408
Test Loss: 0.0000, Test Accuracy: 0.9967, Energy: -3188163.75
Time taken:  15.424182176589966
Test Loss: 0.0000, Test Accuracy: 0.9967, Energy: -3195747.5
Time taken:  15.501130104064941
Test Loss: 0.0000, Test Accuracy: 0.9967, Energy: -3196128.75
Time taken:  15.394004344940186
Test Loss: 0.0000, Test Accuracy: 0.9967, Energy: -3196141.0
Time taken:  15.401192903518677
Test Loss: 0.0000, Test Accuracy: 0.9933, Energy: -3195775.25
Time taken:  15.407810688018799
Test Loss: 0.0000, Test Accuracy: 0.9933, Energy: -3196100.5
Time taken:  15.491831302642822
Test Loss: 0.0000, Test Accuracy: 0.9933, Energy: -3196185.5
Time taken:  15.41229248046875
Test Loss: 0.0000, Test Accuracy: 0.9933, Energy: -3196430.25
Time taken:  15.421757936477661
Test Loss: 0.0000, Test Accuracy: 0.9933, Energy: -3196563.5
Time taken:  15.502938747406006
Test Loss: 0.0000, Test Accuracy: 0.9933, Energy: -3197479.0
Time taken:  15.427636861801147
Test Loss: 0.0000, Test Accuracy: 0.9933, Energy: -3197790.5
Time taken:  15.409571409225464
Test Loss: 0.0000, Test Accuracy: 0.9933, Energy: -3198016.75
Time taken:  15.420985460281372
Test Loss: 0.0000, Test Accuracy: 0.9933, Energy: -3198180.0
Time taken:  15.494361639022827
Test Loss: 0.0000, Test Accuracy: 0.9967, Energy: -3198825.5
Time taken:  15.411787986755371
Test Loss: 0.0000, Test Accuracy: 0.9967, Energy: -3198901.25
Time taken:  15.401626586914062
Test Loss: 0.0000, Test Accuracy: 0.9967, Energy: -3199162.75
Time taken:  15.430871963500977
Test Loss: 0.0000, Test Accuracy: 0.9933, Energy: -3199326.75
Time taken:  15.503594875335693
Test Loss: 0.0000, Test Accuracy: 0.9933, Energy: -3199436.0
Time taken:  15.402981996536255
Test Loss: 0.0000, Test Accuracy: 0.9933, Energy: -3199611.75
Time taken:  15.403017282485962
Test Loss: 0.0000, Test Accuracy: 0.9933, Energy: -3200813.0
Time taken:  15.407343864440918
Test Loss: 0.0000, Test Accuracy: 0.9933, Energy: -3200578.25
Time taken:  15.516333818435669
Test Loss: 0.0000, Test Accuracy: 0.9933, Energy: -3201407.75
Time taken:  15.397990226745605
Test Loss: 0.0000, Test Accuracy: 0.9933, Energy: -3201629.5
Time taken:  15.411300420761108
Test Loss: 0.0000, Test Accuracy: 0.9967, Energy: -3195191.5
Time taken:  15.36265230178833
Test Loss: 0.0000, Test Accuracy: 0.9967, Energy: -3195811.0
Time taken:  15.468634605407715
Test Loss: 0.0000, Test Accuracy: 0.9967, Energy: -3197923.25
Time taken:  15.39263916015625
Test Loss: 0.0000, Test Accuracy: 0.9967, Energy: -3198214.0
Time taken:  15.387605905532837
Test Loss: 0.0000, Test Accuracy: 0.9967, Energy: -3197848.5
Time taken:  15.399433851242065
Test Loss: 0.0000, Test Accuracy: 0.9967, Energy: -3198781.75
Time taken:  15.464203834533691
Test Loss: 0.0000, Test Accuracy: 0.9967, Energy: -3200060.75
Time taken:  15.353713512420654
Test Loss: 0.0000, Test Accuracy: 0.9967, Energy: -3200475.75
Time taken:  15.34161925315857
Test Loss: 0.0000, Test Accuracy: 0.9967, Energy: -3200832.25
Time taken:  15.363611698150635
Test Loss: 0.0000, Test Accuracy: 0.9967, Energy: -3208317.25
Time taken:  15.46060848236084
Test Loss: 0.0000, Test Accuracy: 0.9967, Energy: -3208606.25
Time taken:  15.346240997314453
Test Loss: 0.0000, Test Accuracy: 0.9967, Energy: -3208957.25
Time taken:  15.376103639602661
Test Loss: 0.0000, Test Accuracy: 0.9967, Energy: -3209025.5
Time taken:  15.379109621047974
Test Loss: 0.0000, Test Accuracy: 0.9967, Energy: -3209055.75
Time taken:  15.439852237701416
Test Loss: 0.0000, Test Accuracy: 0.9967, Energy: -3209891.5
Time taken:  15.35026478767395
Test Loss: 0.0000, Test Accuracy: 0.9967, Energy: -3210173.5
Time taken:  15.348952531814575
Test Loss: 0.0000, Test Accuracy: 0.9967, Energy: -3210193.75
Time taken:  15.363022327423096
Test Loss: 0.0000, Test Accuracy: 0.9967, Energy: -3209139.75
Time taken:  15.437119245529175
Test Loss: 0.0000, Test Accuracy: 0.9933, Energy: -3209246.25
Time taken:  15.339891195297241
Test Loss: 0.0000, Test Accuracy: 0.9933, Energy: -3209440.75
Time taken:  15.347809314727783
Final accuracies: [1.0, 1.0, 1.0, 1.0, 1.0, 1.0, 1.0, 0.9966666666666667, 0.9966666666666667, 0.9966666666666667, 0.9966666666666667, 0.9966666666666667, 0.9966666666666667, 0.9966666666666667, 0.9966666666666667, 0.9966666666666667, 0.9966666666666667, 0.9966666666666667, 0.9966666666666667, 0.9966666666666667, 0.9966666666666667, 0.9966666666666667, 0.9966666666666667, 0.9966666666666667, 0.9966666666666667, 0.9966666666666667, 0.9966666666666667, 0.9966666666666667, 0.9966666666666667, 0.9966666666666667, 0.9966666666666667, 0.9966666666666667, 0.9966666666666667, 0.9966666666666667, 0.9966666666666667, 0.9966666666666667, 0.9966666666666667, 0.9966666666666667, 0.9966666666666667, 0.9966666666666667, 0.9966666666666667, 0.9966666666666667, 0.9966666666666667, 0.9966666666666667, 0.9966666666666667, 0.9966666666666667, 0.9966666666666667, 0.9966666666666667, 0.9966666666666667, 0.9933333333333333, 0.9933333333333333, 0.9933333333333333, 0.9933333333333333, 0.9933333333333333, 0.9933333333333333, 0.9933333333333333, 0.9966666666666667, 0.9966666666666667, 0.9966666666666667, 0.9966666666666667, 0.9966666666666667, 0.9933333333333333, 0.9933333333333333, 0.9933333333333333, 0.9933333333333333, 0.9933333333333333, 0.9933333333333333, 0.9933333333333333, 0.9933333333333333, 0.9933333333333333, 0.9966666666666667, 0.9966666666666667, 0.9966666666666667, 0.9933333333333333, 0.9933333333333333, 0.9933333333333333, 0.9933333333333333, 0.9933333333333333, 0.9933333333333333, 0.9933333333333333, 0.9966666666666667, 0.9966666666666667, 0.9966666666666667, 0.9966666666666667, 0.9966666666666667, 0.9966666666666667, 0.9966666666666667, 0.9966666666666667, 0.9966666666666667, 0.9966666666666667, 0.9966666666666667, 0.9966666666666667, 0.9966666666666667, 0.9966666666666667, 0.9966666666666667, 0.9966666666666667, 0.9966666666666667, 0.9966666666666667, 0.9933333333333333, 0.9933333333333333]
Final energies: [-606496.3125, -1211894.0, -1266072.125, -1464412.375, -1671421.125, -1774456.625, -4237619.5, -3122589.75, -3101176.25, -3175226.5, -3174940.0, -3175121.25, -3175118.75, -3175352.0, -3175262.0, -3175425.5, -3176087.75, -3176300.75, -3175899.75, -3175782.5, -3176126.25, -3176540.75, -3176485.75, -3177453.25, -3177760.5, -3178181.25, -3178355.5, -3178602.5, -3179048.75, -3180104.5, -3180166.0, -3180463.75, -3180443.75, -3180862.0, -3180836.0, -3181356.75, -3181420.25, -3181616.5, -3182161.75, -3182279.25, -3182329.0, -3182805.5, -3182783.5, -3183415.0, -3184063.75, -3184286.5, -3184683.25, -3185130.5, -3185343.0, -3185377.0, -3185337.25, -3185513.0, -3185886.25, -3186349.25, -3186789.5, -3186947.75, -3187765.0, -3188163.75, -3195747.5, -3196128.75, -3196141.0, -3195775.25, -3196100.5, -3196185.5, -3196430.25, -3196563.5, -3197479.0, -3197790.5, -3198016.75, -3198180.0, -3198825.5, -3198901.25, -3199162.75, -3199326.75, -3199436.0, -3199611.75, -3200813.0, -3200578.25, -3201407.75, -3201629.5, -3195191.5, -3195811.0, -3197923.25, -3198214.0, -3197848.5, -3198781.75, -3200060.75, -3200475.75, -3200832.25, -3208317.25, -3208606.25, -3208957.25, -3209025.5, -3209055.75, -3209891.5, -3210173.5, -3210193.75, -3209139.75, -3209246.25, -3209440.75]
