Running with parameters: hidden=50, use_coupled=true, seed=31, lam=0.5, eta=0.5, batch=1
Test Loss: 0.0000, Test Accuracy: 0.9967, Energy: -1041663.4375
Time taken:  12.495530366897583
Test Loss: 0.0000, Test Accuracy: 0.9900, Energy: -1233671.0
Time taken:  12.481127977371216
Test Loss: 0.0000, Test Accuracy: 0.9567, Energy: -1911125.375
Time taken:  12.501463174819946
Test Loss: 0.0000, Test Accuracy: 1.0000, Energy: -1486407.625
Time taken:  12.594264030456543
Test Loss: 0.0000, Test Accuracy: 1.0000, Energy: -1492074.75
Time taken:  12.485373973846436
Test Loss: 0.0000, Test Accuracy: 1.0000, Energy: -1495602.5
Time taken:  12.53376841545105
Test Loss: 0.0000, Test Accuracy: 1.0000, Energy: -1497210.875
Time taken:  12.536422729492188
Test Loss: 0.0000, Test Accuracy: 0.9967, Energy: -1500243.25
Time taken:  12.606285095214844
Test Loss: 0.0000, Test Accuracy: 0.9967, Energy: -1502517.25
Time taken:  12.482917308807373
Test Loss: 0.0000, Test Accuracy: 0.9967, Energy: -1496788.5
Time taken:  12.519605159759521
Test Loss: 0.0000, Test Accuracy: 0.9967, Energy: -1497797.75
Time taken:  12.513857126235962
Test Loss: 0.0000, Test Accuracy: 0.9967, Energy: -1498437.625
Time taken:  12.583379983901978
Test Loss: 0.0000, Test Accuracy: 0.9967, Energy: -1497900.375
Time taken:  12.486759662628174
Test Loss: 0.0000, Test Accuracy: 0.9967, Energy: -1498229.375
Time taken:  12.484920263290405
Test Loss: 0.0000, Test Accuracy: 0.9967, Energy: -1498508.125
Time taken:  12.498841524124146
Test Loss: 0.0000, Test Accuracy: 0.9967, Energy: -1498548.25
Time taken:  12.567704439163208
Test Loss: 0.0000, Test Accuracy: 0.9967, Energy: -1498779.875
Time taken:  12.472451448440552
Test Loss: 0.0000, Test Accuracy: 0.9967, Energy: -1499009.5
Time taken:  12.488180160522461
Test Loss: 0.0000, Test Accuracy: 0.9967, Energy: -1500021.25
Time taken:  12.473611116409302
Test Loss: 0.0000, Test Accuracy: 0.9967, Energy: -1500399.375
Time taken:  12.558183193206787
Test Loss: 0.0000, Test Accuracy: 0.9967, Energy: -1500888.375
Time taken:  12.452299356460571
Test Loss: 0.0000, Test Accuracy: 0.9967, Energy: -1501167.5
Time taken:  12.439464569091797
Test Loss: 0.0000, Test Accuracy: 0.9967, Energy: -1501434.875
Time taken:  12.53626561164856
Test Loss: 0.0000, Test Accuracy: 0.9967, Energy: -1500849.625
Time taken:  12.467793226242065
Test Loss: 0.0000, Test Accuracy: 0.9967, Energy: -1501079.375
Time taken:  12.447848796844482
Test Loss: 0.0000, Test Accuracy: 0.9967, Energy: -1501689.125
Time taken:  12.472763538360596
Test Loss: 0.0000, Test Accuracy: 0.9967, Energy: -1502407.875
Time taken:  12.608269214630127
Test Loss: 0.0000, Test Accuracy: 0.9967, Energy: -1502706.375
Time taken:  12.465865850448608
Test Loss: 0.0000, Test Accuracy: 0.9967, Energy: -1503073.75
Time taken:  12.495576620101929
Test Loss: 0.0000, Test Accuracy: 0.9967, Energy: -1502941.875
Time taken:  12.468558073043823
Test Loss: 0.0000, Test Accuracy: 0.9967, Energy: -1504562.75
Time taken:  12.581796169281006
Test Loss: 0.0000, Test Accuracy: 0.9967, Energy: -1504591.75
Time taken:  12.468204021453857
Test Loss: 0.0000, Test Accuracy: 0.9967, Energy: -1506601.25
Time taken:  12.451966762542725
Test Loss: 0.0000, Test Accuracy: 0.9967, Energy: -1508636.875
Time taken:  12.456546068191528
Test Loss: 0.0000, Test Accuracy: 0.9967, Energy: -1509703.875
Time taken:  12.542248725891113
Test Loss: 0.0000, Test Accuracy: 0.9967, Energy: -1510350.625
Time taken:  12.455327987670898
Test Loss: 0.0000, Test Accuracy: 0.9967, Energy: -1510812.125
Time taken:  12.454148054122925
Test Loss: 0.0000, Test Accuracy: 0.9967, Energy: -1511255.5
Time taken:  12.447115898132324
Test Loss: 0.0000, Test Accuracy: 0.9967, Energy: -1512434.5
Time taken:  12.554633140563965
Test Loss: 0.0000, Test Accuracy: 0.9967, Energy: -1512880.625
Time taken:  12.421890258789062
Test Loss: 0.0000, Test Accuracy: 0.9967, Energy: -1513456.0
Time taken:  12.459751605987549
Test Loss: 0.0000, Test Accuracy: 0.9967, Energy: -1515492.875
Time taken:  12.415621280670166
Test Loss: 0.0000, Test Accuracy: 0.9967, Energy: -1515904.625
Time taken:  12.526963472366333
Test Loss: 0.0000, Test Accuracy: 0.9967, Energy: -1516337.75
Time taken:  12.437727689743042
Test Loss: 0.0000, Test Accuracy: 0.9967, Energy: -1516911.625
Time taken:  12.43847393989563
Test Loss: 0.0000, Test Accuracy: 0.9967, Energy: -1517249.0
Time taken:  12.46625828742981
Test Loss: 0.0000, Test Accuracy: 0.9967, Energy: -1517567.75
Time taken:  12.544990062713623
Test Loss: 0.0000, Test Accuracy: 0.9967, Energy: -1518175.625
Time taken:  12.430984258651733
Test Loss: 0.0000, Test Accuracy: 0.9967, Energy: -1518586.375
Time taken:  12.438652515411377
Test Loss: 0.0000, Test Accuracy: 0.9967, Energy: -1518616.125
Time taken:  12.435302972793579
Test Loss: 0.0000, Test Accuracy: 0.9967, Energy: -1519190.875
Time taken:  12.513489961624146
Test Loss: 0.0000, Test Accuracy: 0.9967, Energy: -1519819.125
Time taken:  12.440986156463623
Test Loss: 0.0000, Test Accuracy: 0.9967, Energy: -1520023.375
Time taken:  12.44751524925232
Test Loss: 0.0000, Test Accuracy: 0.9967, Energy: -1520482.25
Time taken:  12.472391128540039
Test Loss: 0.0000, Test Accuracy: 0.9967, Energy: -1520962.75
Time taken:  12.534274101257324
Test Loss: 0.0000, Test Accuracy: 0.9967, Energy: -1521528.625
Time taken:  12.433180093765259
Test Loss: 0.0000, Test Accuracy: 0.9967, Energy: -1522207.0
Time taken:  12.457517385482788
Test Loss: 0.0000, Test Accuracy: 0.9967, Energy: -1522814.375
Time taken:  12.44243597984314
Test Loss: 0.0000, Test Accuracy: 0.9967, Energy: -1523427.625
Time taken:  12.56602954864502
Test Loss: 0.0000, Test Accuracy: 0.9967, Energy: -1523732.25
Time taken:  12.444404125213623
Test Loss: 0.0000, Test Accuracy: 0.9967, Energy: -1524427.25
Time taken:  12.427928447723389
Test Loss: 0.0000, Test Accuracy: 0.9967, Energy: -1524483.0
Time taken:  12.445193529129028
Test Loss: 0.0000, Test Accuracy: 0.9967, Energy: -1525324.25
Time taken:  12.53691816329956
Test Loss: 0.0000, Test Accuracy: 0.9967, Energy: -1526278.125
Time taken:  12.433483839035034
Test Loss: 0.0000, Test Accuracy: 0.9967, Energy: -1526697.5
Time taken:  12.428427934646606
Test Loss: 0.0000, Test Accuracy: 0.9967, Energy: -1526910.625
Time taken:  12.546264886856079
Test Loss: 0.0000, Test Accuracy: 0.9967, Energy: -1528243.0
Time taken:  12.449779987335205
Test Loss: 0.0000, Test Accuracy: 0.9967, Energy: -1528690.375
Time taken:  12.445955038070679
Test Loss: 0.0000, Test Accuracy: 0.9967, Energy: -1529294.875
Time taken:  12.431404829025269
Test Loss: 0.0000, Test Accuracy: 0.9967, Energy: -1530006.625
Time taken:  12.528797626495361
Test Loss: 0.0000, Test Accuracy: 0.9967, Energy: -1531255.875
Time taken:  12.44770622253418
Test Loss: 0.0000, Test Accuracy: 0.9967, Energy: -1532835.0
Time taken:  12.426196575164795
Test Loss: 0.0000, Test Accuracy: 0.9967, Energy: -1533653.375
Time taken:  12.447362661361694
Test Loss: 0.0000, Test Accuracy: 0.9967, Energy: -1534305.875
Time taken:  12.578105211257935
Test Loss: 0.0000, Test Accuracy: 0.9967, Energy: -1535389.625
Time taken:  12.422836303710938
Test Loss: 0.0000, Test Accuracy: 0.9967, Energy: -1536343.25
Time taken:  12.429965734481812
Test Loss: 0.0000, Test Accuracy: 0.9967, Energy: -1538274.375
Time taken:  12.437708377838135
Test Loss: 0.0000, Test Accuracy: 0.9967, Energy: -1539033.125
Time taken:  12.56507420539856
Test Loss: 0.0000, Test Accuracy: 0.9967, Energy: -1540204.0
Time taken:  12.441033840179443
Test Loss: 0.0000, Test Accuracy: 0.9967, Energy: -1541563.0
Time taken:  12.450711250305176
Test Loss: 0.0000, Test Accuracy: 0.9967, Energy: -1542200.25
Time taken:  12.430291414260864
Test Loss: 0.0000, Test Accuracy: 0.9967, Energy: -1543119.75
Time taken:  12.5300452709198
Test Loss: 0.0000, Test Accuracy: 0.9967, Energy: -1542714.75
Time taken:  12.43150520324707
Test Loss: 0.0000, Test Accuracy: 0.9967, Energy: -1543202.0
Time taken:  12.421294450759888
Test Loss: 0.0000, Test Accuracy: 0.9967, Energy: -1544070.375
Time taken:  12.416563272476196
Test Loss: 0.0000, Test Accuracy: 0.9967, Energy: -1544002.875
Time taken:  12.537984132766724
Test Loss: 0.0000, Test Accuracy: 0.9967, Energy: -1545137.0
Time taken:  12.443619966506958
Test Loss: 0.0000, Test Accuracy: 0.9967, Energy: -1546380.125
Time taken:  12.456501245498657
Test Loss: 0.0000, Test Accuracy: 0.9967, Energy: -1549466.375
Time taken:  12.435039520263672
Test Loss: 0.0000, Test Accuracy: 0.9967, Energy: -1550760.75
Time taken:  12.543349742889404
Test Loss: 0.0000, Test Accuracy: 0.9967, Energy: -1555458.25
Time taken:  12.440786123275757
Test Loss: 0.0000, Test Accuracy: 0.9967, Energy: -1556448.75
Time taken:  12.433022737503052
Test Loss: 0.0000, Test Accuracy: 0.9967, Energy: -1557080.875
Time taken:  12.412191390991211
Test Loss: 0.0000, Test Accuracy: 0.9967, Energy: -1560446.0
Time taken:  12.53651237487793
Test Loss: 0.0000, Test Accuracy: 0.9967, Energy: -1561298.875
Time taken:  12.4428129196167
Test Loss: 0.0000, Test Accuracy: 0.9967, Energy: -1573319.75
Time taken:  12.439028263092041
Test Loss: 0.0000, Test Accuracy: 0.9967, Energy: -1574849.375
Time taken:  12.430053472518921
Test Loss: 0.0000, Test Accuracy: 0.9967, Energy: -1574960.375
Time taken:  12.53115177154541
Test Loss: 0.0000, Test Accuracy: 0.9967, Energy: -1575088.375
Time taken:  12.452592611312866
Test Loss: 0.0000, Test Accuracy: 0.9967, Energy: -1575414.375
Time taken:  12.437575578689575
Final accuracies: [0.9966666666666667, 0.99, 0.9566666666666667, 1.0, 1.0, 1.0, 1.0, 0.9966666666666667, 0.9966666666666667, 0.9966666666666667, 0.9966666666666667, 0.9966666666666667, 0.9966666666666667, 0.9966666666666667, 0.9966666666666667, 0.9966666666666667, 0.9966666666666667, 0.9966666666666667, 0.9966666666666667, 0.9966666666666667, 0.9966666666666667, 0.9966666666666667, 0.9966666666666667, 0.9966666666666667, 0.9966666666666667, 0.9966666666666667, 0.9966666666666667, 0.9966666666666667, 0.9966666666666667, 0.9966666666666667, 0.9966666666666667, 0.9966666666666667, 0.9966666666666667, 0.9966666666666667, 0.9966666666666667, 0.9966666666666667, 0.9966666666666667, 0.9966666666666667, 0.9966666666666667, 0.9966666666666667, 0.9966666666666667, 0.9966666666666667, 0.9966666666666667, 0.9966666666666667, 0.9966666666666667, 0.9966666666666667, 0.9966666666666667, 0.9966666666666667, 0.9966666666666667, 0.9966666666666667, 0.9966666666666667, 0.9966666666666667, 0.9966666666666667, 0.9966666666666667, 0.9966666666666667, 0.9966666666666667, 0.9966666666666667, 0.9966666666666667, 0.9966666666666667, 0.9966666666666667, 0.9966666666666667, 0.9966666666666667, 0.9966666666666667, 0.9966666666666667, 0.9966666666666667, 0.9966666666666667, 0.9966666666666667, 0.9966666666666667, 0.9966666666666667, 0.9966666666666667, 0.9966666666666667, 0.9966666666666667, 0.9966666666666667, 0.9966666666666667, 0.9966666666666667, 0.9966666666666667, 0.9966666666666667, 0.9966666666666667, 0.9966666666666667, 0.9966666666666667, 0.9966666666666667, 0.9966666666666667, 0.9966666666666667, 0.9966666666666667, 0.9966666666666667, 0.9966666666666667, 0.9966666666666667, 0.9966666666666667, 0.9966666666666667, 0.9966666666666667, 0.9966666666666667, 0.9966666666666667, 0.9966666666666667, 0.9966666666666667, 0.9966666666666667, 0.9966666666666667, 0.9966666666666667, 0.9966666666666667, 0.9966666666666667, 0.9966666666666667]
Final energies: [-1041663.4375, -1233671.0, -1911125.375, -1486407.625, -1492074.75, -1495602.5, -1497210.875, -1500243.25, -1502517.25, -1496788.5, -1497797.75, -1498437.625, -1497900.375, -1498229.375, -1498508.125, -1498548.25, -1498779.875, -1499009.5, -1500021.25, -1500399.375, -1500888.375, -1501167.5, -1501434.875, -1500849.625, -1501079.375, -1501689.125, -1502407.875, -1502706.375, -1503073.75, -1502941.875, -1504562.75, -1504591.75, -1506601.25, -1508636.875, -1509703.875, -1510350.625, -1510812.125, -1511255.5, -1512434.5, -1512880.625, -1513456.0, -1515492.875, -1515904.625, -1516337.75, -1516911.625, -1517249.0, -1517567.75, -1518175.625, -1518586.375, -1518616.125, -1519190.875, -1519819.125, -1520023.375, -1520482.25, -1520962.75, -1521528.625, -1522207.0, -1522814.375, -1523427.625, -1523732.25, -1524427.25, -1524483.0, -1525324.25, -1526278.125, -1526697.5, -1526910.625, -1528243.0, -1528690.375, -1529294.875, -1530006.625, -1531255.875, -1532835.0, -1533653.375, -1534305.875, -1535389.625, -1536343.25, -1538274.375, -1539033.125, -1540204.0, -1541563.0, -1542200.25, -1543119.75, -1542714.75, -1543202.0, -1544070.375, -1544002.875, -1545137.0, -1546380.125, -1549466.375, -1550760.75, -1555458.25, -1556448.75, -1557080.875, -1560446.0, -1561298.875, -1573319.75, -1574849.375, -1574960.375, -1575088.375, -1575414.375]
