Running with parameters: hidden=50, use_coupled=true, seed=50, lam=0.5, eta=0.5, batch=1
Test Loss: 0.0000, Test Accuracy: 1.0000, Energy: -512311.96875
Time taken:  12.298243761062622
Test Loss: 0.0000, Test Accuracy: 0.9967, Energy: -579863.1875
Time taken:  12.27866005897522
Test Loss: 0.0000, Test Accuracy: 1.0000, Energy: -725684.25
Time taken:  12.25577163696289
Test Loss: 0.0000, Test Accuracy: 1.0000, Energy: -748168.4375
Time taken:  12.36282730102539
Test Loss: 0.0000, Test Accuracy: 1.0000, Energy: -761110.1875
Time taken:  12.257928133010864
Test Loss: 0.0000, Test Accuracy: 1.0000, Energy: -798379.125
Time taken:  12.259736061096191
Test Loss: 0.0000, Test Accuracy: 1.0000, Energy: -812108.25
Time taken:  12.273666143417358
Test Loss: 0.0000, Test Accuracy: 1.0000, Energy: -827065.5
Time taken:  12.348742246627808
Test Loss: 0.0000, Test Accuracy: 1.0000, Energy: -845746.4375
Time taken:  12.259467124938965
Test Loss: 0.0000, Test Accuracy: 1.0000, Energy: -853520.5
Time taken:  12.256335258483887
Test Loss: 0.0000, Test Accuracy: 1.0000, Energy: -862658.8125
Time taken:  12.240028858184814
Test Loss: 0.0000, Test Accuracy: 1.0000, Energy: -867279.375
Time taken:  12.346587657928467
Test Loss: 0.0000, Test Accuracy: 1.0000, Energy: -875953.0625
Time taken:  12.215818881988525
Test Loss: 0.0000, Test Accuracy: 1.0000, Energy: -881311.5
Time taken:  12.245893001556396
Test Loss: 0.0000, Test Accuracy: 1.0000, Energy: -885971.125
Time taken:  12.221269607543945
Test Loss: 0.0000, Test Accuracy: 1.0000, Energy: -891328.5
Time taken:  12.340437650680542
Test Loss: 0.0000, Test Accuracy: 1.0000, Energy: -893954.0
Time taken:  12.234200716018677
Test Loss: 0.0000, Test Accuracy: 1.0000, Energy: -897172.4375
Time taken:  12.222614526748657
Test Loss: 0.0000, Test Accuracy: 1.0000, Energy: -900084.25
Time taken:  12.228541612625122
Test Loss: 0.0000, Test Accuracy: 1.0000, Energy: -902216.9375
Time taken:  12.333275318145752
Test Loss: 0.0000, Test Accuracy: 1.0000, Energy: -905087.375
Time taken:  12.221528053283691
Test Loss: 0.0000, Test Accuracy: 1.0000, Energy: -908252.75
Time taken:  12.228995561599731
Test Loss: 0.0000, Test Accuracy: 1.0000, Energy: -911694.9375
Time taken:  12.328091859817505
Test Loss: 0.0000, Test Accuracy: 1.0000, Energy: -916662.6875
Time taken:  12.23918342590332
Test Loss: 0.0000, Test Accuracy: 1.0000, Energy: -922392.3125
Time taken:  12.227720737457275
Test Loss: 0.0000, Test Accuracy: 1.0000, Energy: -926950.5
Time taken:  12.234145164489746
Test Loss: 0.0000, Test Accuracy: 1.0000, Energy: -933109.0625
Time taken:  12.345715522766113
Test Loss: 0.0000, Test Accuracy: 1.0000, Energy: -938245.0
Time taken:  12.237316131591797
Test Loss: 0.0000, Test Accuracy: 1.0000, Energy: -942484.5625
Time taken:  12.209281206130981
Test Loss: 0.0000, Test Accuracy: 1.0000, Energy: -948984.5625
Time taken:  12.20413064956665
Test Loss: 0.0000, Test Accuracy: 1.0000, Energy: -953195.8125
Time taken:  12.320160388946533
Test Loss: 0.0000, Test Accuracy: 1.0000, Energy: -956857.625
Time taken:  12.20804214477539
Test Loss: 0.0000, Test Accuracy: 1.0000, Energy: -963391.1875
Time taken:  12.230496644973755
Test Loss: 0.0000, Test Accuracy: 1.0000, Energy: -981361.1875
Time taken:  12.246571779251099
Test Loss: 0.0000, Test Accuracy: 1.0000, Energy: -1443544.25
Time taken:  12.314815521240234
Test Loss: 0.0000, Test Accuracy: 1.0000, Energy: -1444007.0
Time taken:  12.214386463165283
Test Loss: 0.0000, Test Accuracy: 1.0000, Energy: -1454488.625
Time taken:  12.22863245010376
Test Loss: 0.0000, Test Accuracy: 0.9967, Energy: -1569413.625
Time taken:  12.204588651657104
Test Loss: 0.0000, Test Accuracy: 0.9933, Energy: -2457156.25
Time taken:  12.308407545089722
Test Loss: 0.0000, Test Accuracy: 0.9900, Energy: -2600561.75
Time taken:  12.24343752861023
Test Loss: 0.0000, Test Accuracy: 0.9033, Energy: -3047884.75
Time taken:  12.255982160568237
Test Loss: 0.0000, Test Accuracy: 0.9567, Energy: -3105069.25
Time taken:  12.25425100326538
Test Loss: 0.0000, Test Accuracy: 0.9967, Energy: -2484312.25
Time taken:  12.337714195251465
Test Loss: 0.0000, Test Accuracy: 0.9967, Energy: -2664344.0
Time taken:  12.253556251525879
Test Loss: 0.0000, Test Accuracy: 0.9933, Energy: -2664025.25
Time taken:  12.254459142684937
Test Loss: 0.0000, Test Accuracy: 0.9967, Energy: -2673914.75
Time taken:  12.265461444854736
Test Loss: 0.0000, Test Accuracy: 0.9967, Energy: -2673914.75
Time taken:  12.392666816711426
Test Loss: 0.0000, Test Accuracy: 0.9967, Energy: -2673914.75
Time taken:  12.29154372215271
Test Loss: 0.0000, Test Accuracy: 0.9967, Energy: -2675803.0
Time taken:  12.309877872467041
Test Loss: 0.0000, Test Accuracy: 0.9967, Energy: -2675534.25
Time taken:  12.26052713394165
Test Loss: 0.0000, Test Accuracy: 0.9967, Energy: -2675538.75
Time taken:  12.38280200958252
Test Loss: 0.0000, Test Accuracy: 0.9967, Energy: -2675562.5
Time taken:  12.252631902694702
Test Loss: 0.0000, Test Accuracy: 0.9967, Energy: -2673914.75
Time taken:  12.236348390579224
Test Loss: 0.0000, Test Accuracy: 0.9967, Energy: -2673914.75
Time taken:  12.278256177902222
Test Loss: 0.0000, Test Accuracy: 0.9967, Energy: -2673914.75
Time taken:  12.391228675842285
Test Loss: 0.0000, Test Accuracy: 0.9967, Energy: -2673914.75
Time taken:  12.285658121109009
Test Loss: 0.0000, Test Accuracy: 0.9967, Energy: -2675426.25
Time taken:  12.277320146560669
Test Loss: 0.0000, Test Accuracy: 0.9967, Energy: -2673914.75
Time taken:  12.266929864883423
Test Loss: 0.0000, Test Accuracy: 0.9967, Energy: -2673979.5
Time taken:  12.394197702407837
Test Loss: 0.0000, Test Accuracy: 0.9967, Energy: -2673881.75
Time taken:  12.244019508361816
Test Loss: 0.0000, Test Accuracy: 0.9967, Energy: -2673922.75
Time taken:  12.267256021499634
Test Loss: 0.0000, Test Accuracy: 0.9967, Energy: -2675514.5
Time taken:  12.268917560577393
Test Loss: 0.0000, Test Accuracy: 0.9967, Energy: -2675542.25
Time taken:  12.367568254470825
Test Loss: 0.0000, Test Accuracy: 0.9967, Energy: -2675557.75
Time taken:  12.2800931930542
Test Loss: 0.0000, Test Accuracy: 0.9967, Energy: -2675542.25
Time taken:  12.263347387313843
Test Loss: 0.0000, Test Accuracy: 0.9967, Energy: -2673923.0
Time taken:  12.371171474456787
Test Loss: 0.0000, Test Accuracy: 0.9967, Energy: -2673923.0
Time taken:  12.291117191314697
Test Loss: 0.0000, Test Accuracy: 0.9967, Energy: -2673923.0
Time taken:  12.272803783416748
Test Loss: 0.0000, Test Accuracy: 0.9967, Energy: -2673923.0
Time taken:  12.269940376281738
Test Loss: 0.0000, Test Accuracy: 0.9967, Energy: -2675524.25
Time taken:  12.385881900787354
Test Loss: 0.0000, Test Accuracy: 0.9967, Energy: -2673923.0
Time taken:  12.321861267089844
Test Loss: 0.0000, Test Accuracy: 0.9967, Energy: -2673975.75
Time taken:  12.296190023422241
Test Loss: 0.0000, Test Accuracy: 0.9967, Energy: -2675599.75
Time taken:  12.322535753250122
Test Loss: 0.0000, Test Accuracy: 0.9967, Energy: -2675576.75
Time taken:  12.378732919692993
Test Loss: 0.0000, Test Accuracy: 0.9967, Energy: -2673975.5
Time taken:  12.306219339370728
Test Loss: 0.0000, Test Accuracy: 0.9967, Energy: -2673954.25
Time taken:  12.311103582382202
Test Loss: 0.0000, Test Accuracy: 0.9967, Energy: -2673975.5
Time taken:  12.27850079536438
Test Loss: 0.0000, Test Accuracy: 0.9967, Energy: -2673975.5
Time taken:  12.384321212768555
Test Loss: 0.0000, Test Accuracy: 0.9967, Energy: -2675580.25
Time taken:  12.302958965301514
Test Loss: 0.0000, Test Accuracy: 0.9967, Energy: -2673975.75
Time taken:  12.288229703903198
Test Loss: 0.0000, Test Accuracy: 0.9967, Energy: -2673975.75
Time taken:  12.28951644897461
Test Loss: 0.0000, Test Accuracy: 0.9967, Energy: -2673975.75
Time taken:  12.400045394897461
Test Loss: 0.0000, Test Accuracy: 0.9967, Energy: -2675595.25
Time taken:  12.315781593322754
Test Loss: 0.0000, Test Accuracy: 0.9967, Energy: -2673976.0
Time taken:  12.273991823196411
Test Loss: 0.0000, Test Accuracy: 0.9967, Energy: -2673976.0
Time taken:  12.266929626464844
Test Loss: 0.0000, Test Accuracy: 0.9967, Energy: -2673976.5
Time taken:  12.368806838989258
Test Loss: 0.0000, Test Accuracy: 0.9967, Energy: -2674027.0
Time taken:  12.299506425857544
Test Loss: 0.0000, Test Accuracy: 0.9967, Energy: -2675589.25
Time taken:  12.256225109100342
Test Loss: 0.0000, Test Accuracy: 0.9967, Energy: -2673976.75
Time taken:  12.279152393341064
Test Loss: 0.0000, Test Accuracy: 0.9967, Energy: -2675511.25
Time taken:  12.354108333587646
Test Loss: 0.0000, Test Accuracy: 0.9967, Energy: -2673977.25
Time taken:  12.295759916305542
Test Loss: 0.0000, Test Accuracy: 0.9967, Energy: -2673982.25
Time taken:  12.299563646316528
Test Loss: 0.0000, Test Accuracy: 0.9967, Energy: -2675617.25
Time taken:  12.28684687614441
Test Loss: 0.0000, Test Accuracy: 0.9967, Energy: -2675752.25
Time taken:  12.371354103088379
Test Loss: 0.0000, Test Accuracy: 0.9967, Energy: -2673987.75
Time taken:  12.284903049468994
Test Loss: 0.0000, Test Accuracy: 0.9967, Energy: -2675589.25
Time taken:  12.285732507705688
Test Loss: 0.0000, Test Accuracy: 0.9967, Energy: -2675589.25
Time taken:  12.27080488204956
Test Loss: 0.0000, Test Accuracy: 0.9967, Energy: -2673987.75
Time taken:  12.36396312713623
Test Loss: 0.0000, Test Accuracy: 0.9967, Energy: -2673987.75
Time taken:  12.26742959022522
Test Loss: 0.0000, Test Accuracy: 0.9967, Energy: -2673954.5
Time taken:  12.265819549560547
Final accuracies: [1.0, 0.9966666666666667, 1.0, 1.0, 1.0, 1.0, 1.0, 1.0, 1.0, 1.0, 1.0, 1.0, 1.0, 1.0, 1.0, 1.0, 1.0, 1.0, 1.0, 1.0, 1.0, 1.0, 1.0, 1.0, 1.0, 1.0, 1.0, 1.0, 1.0, 1.0, 1.0, 1.0, 1.0, 1.0, 1.0, 1.0, 1.0, 0.9966666666666667, 0.9933333333333333, 0.99, 0.9033333333333333, 0.9566666666666667, 0.9966666666666667, 0.9966666666666667, 0.9933333333333333, 0.9966666666666667, 0.9966666666666667, 0.9966666666666667, 0.9966666666666667, 0.9966666666666667, 0.9966666666666667, 0.9966666666666667, 0.9966666666666667, 0.9966666666666667, 0.9966666666666667, 0.9966666666666667, 0.9966666666666667, 0.9966666666666667, 0.9966666666666667, 0.9966666666666667, 0.9966666666666667, 0.9966666666666667, 0.9966666666666667, 0.9966666666666667, 0.9966666666666667, 0.9966666666666667, 0.9966666666666667, 0.9966666666666667, 0.9966666666666667, 0.9966666666666667, 0.9966666666666667, 0.9966666666666667, 0.9966666666666667, 0.9966666666666667, 0.9966666666666667, 0.9966666666666667, 0.9966666666666667, 0.9966666666666667, 0.9966666666666667, 0.9966666666666667, 0.9966666666666667, 0.9966666666666667, 0.9966666666666667, 0.9966666666666667, 0.9966666666666667, 0.9966666666666667, 0.9966666666666667, 0.9966666666666667, 0.9966666666666667, 0.9966666666666667, 0.9966666666666667, 0.9966666666666667, 0.9966666666666667, 0.9966666666666667, 0.9966666666666667, 0.9966666666666667, 0.9966666666666667, 0.9966666666666667, 0.9966666666666667, 0.9966666666666667]
Final energies: [-512311.96875, -579863.1875, -725684.25, -748168.4375, -761110.1875, -798379.125, -812108.25, -827065.5, -845746.4375, -853520.5, -862658.8125, -867279.375, -875953.0625, -881311.5, -885971.125, -891328.5, -893954.0, -897172.4375, -900084.25, -902216.9375, -905087.375, -908252.75, -911694.9375, -916662.6875, -922392.3125, -926950.5, -933109.0625, -938245.0, -942484.5625, -948984.5625, -953195.8125, -956857.625, -963391.1875, -981361.1875, -1443544.25, -1444007.0, -1454488.625, -1569413.625, -2457156.25, -2600561.75, -3047884.75, -3105069.25, -2484312.25, -2664344.0, -2664025.25, -2673914.75, -2673914.75, -2673914.75, -2675803.0, -2675534.25, -2675538.75, -2675562.5, -2673914.75, -2673914.75, -2673914.75, -2673914.75, -2675426.25, -2673914.75, -2673979.5, -2673881.75, -2673922.75, -2675514.5, -2675542.25, -2675557.75, -2675542.25, -2673923.0, -2673923.0, -2673923.0, -2673923.0, -2675524.25, -2673923.0, -2673975.75, -2675599.75, -2675576.75, -2673975.5, -2673954.25, -2673975.5, -2673975.5, -2675580.25, -2673975.75, -2673975.75, -2673975.75, -2675595.25, -2673976.0, -2673976.0, -2673976.5, -2674027.0, -2675589.25, -2673976.75, -2675511.25, -2673977.25, -2673982.25, -2675617.25, -2675752.25, -2673987.75, -2675589.25, -2675589.25, -2673987.75, -2673987.75, -2673954.5]
