Running with parameters: hidden=50, use_coupled=true, seed=23, lam=0.5, eta=0.5, batch=1
Test Loss: 0.0000, Test Accuracy: 0.9933, Energy: -1092559.75
Time taken:  12.55136489868164
Test Loss: 0.0000, Test Accuracy: 0.9900, Energy: -1262893.5
Time taken:  12.51097297668457
Test Loss: 0.0000, Test Accuracy: 0.9933, Energy: -1407958.5
Time taken:  12.534353017807007
Test Loss: 0.0000, Test Accuracy: 1.0000, Energy: -1422965.875
Time taken:  12.61506199836731
Test Loss: 0.0000, Test Accuracy: 1.0000, Energy: -1431128.875
Time taken:  12.52597188949585
Test Loss: 0.0000, Test Accuracy: 1.0000, Energy: -1444368.0
Time taken:  12.529504776000977
Test Loss: 0.0000, Test Accuracy: 1.0000, Energy: -1455753.75
Time taken:  12.542330980300903
Test Loss: 0.0000, Test Accuracy: 1.0000, Energy: -1465420.875
Time taken:  12.627755880355835
Test Loss: 0.0000, Test Accuracy: 1.0000, Energy: -1479371.75
Time taken:  12.525096416473389
Test Loss: 0.0000, Test Accuracy: 1.0000, Energy: -1488756.875
Time taken:  12.524473905563354
Test Loss: 0.0000, Test Accuracy: 1.0000, Energy: -1496700.75
Time taken:  12.521790027618408
Test Loss: 0.0000, Test Accuracy: 1.0000, Energy: -1504873.5
Time taken:  12.627513647079468
Test Loss: 0.0000, Test Accuracy: 1.0000, Energy: -1511468.25
Time taken:  12.539249897003174
Test Loss: 0.0000, Test Accuracy: 1.0000, Energy: -1519374.875
Time taken:  12.550858736038208
Test Loss: 0.0000, Test Accuracy: 1.0000, Energy: -1527229.25
Time taken:  12.527392387390137
Test Loss: 0.0000, Test Accuracy: 1.0000, Energy: -1533129.625
Time taken:  12.622060537338257
Test Loss: 0.0000, Test Accuracy: 1.0000, Energy: -1539234.375
Time taken:  12.50515866279602
Test Loss: 0.0000, Test Accuracy: 1.0000, Energy: -1546376.875
Time taken:  12.50375747680664
Test Loss: 0.0000, Test Accuracy: 1.0000, Energy: -1551676.75
Time taken:  12.494437217712402
Test Loss: 0.0000, Test Accuracy: 1.0000, Energy: -1559477.875
Time taken:  12.594822883605957
Test Loss: 0.0000, Test Accuracy: 1.0000, Energy: -1565306.625
Time taken:  12.515857934951782
Test Loss: 0.0000, Test Accuracy: 1.0000, Energy: -1570195.625
Time taken:  12.49983286857605
Test Loss: 0.0000, Test Accuracy: 1.0000, Energy: -1575223.5
Time taken:  12.633015632629395
Test Loss: 0.0000, Test Accuracy: 1.0000, Energy: -1580821.625
Time taken:  12.50645637512207
Test Loss: 0.0000, Test Accuracy: 1.0000, Energy: -1585897.375
Time taken:  12.538496255874634
Test Loss: 0.0000, Test Accuracy: 1.0000, Energy: -1590342.0
Time taken:  12.539927244186401
Test Loss: 0.0000, Test Accuracy: 1.0000, Energy: -1596345.375
Time taken:  12.62021017074585
Test Loss: 0.0000, Test Accuracy: 1.0000, Energy: -1601956.875
Time taken:  12.539495706558228
Test Loss: 0.0000, Test Accuracy: 1.0000, Energy: -1607607.625
Time taken:  12.541261196136475
Test Loss: 0.0000, Test Accuracy: 1.0000, Energy: -1612713.375
Time taken:  12.547479629516602
Test Loss: 0.0000, Test Accuracy: 1.0000, Energy: -1617338.125
Time taken:  12.591887712478638
Test Loss: 0.0000, Test Accuracy: 1.0000, Energy: -1621518.5
Time taken:  12.508470296859741
Test Loss: 0.0000, Test Accuracy: 1.0000, Energy: -1625258.5
Time taken:  12.509459733963013
Test Loss: 0.0000, Test Accuracy: 1.0000, Energy: -1629516.75
Time taken:  12.505955934524536
Test Loss: 0.0000, Test Accuracy: 1.0000, Energy: -1633315.25
Time taken:  12.631419658660889
Test Loss: 0.0000, Test Accuracy: 1.0000, Energy: -1637470.375
Time taken:  12.511243104934692
Test Loss: 0.0000, Test Accuracy: 1.0000, Energy: -1641707.875
Time taken:  12.53363847732544
Test Loss: 0.0000, Test Accuracy: 1.0000, Energy: -1646111.875
Time taken:  12.53881573677063
Test Loss: 0.0000, Test Accuracy: 1.0000, Energy: -1650264.625
Time taken:  12.616382360458374
Test Loss: 0.0000, Test Accuracy: 1.0000, Energy: -1654052.125
Time taken:  12.5264310836792
Test Loss: 0.0000, Test Accuracy: 1.0000, Energy: -1657163.125
Time taken:  12.515615463256836
Test Loss: 0.0000, Test Accuracy: 1.0000, Energy: -1660720.0
Time taken:  12.513286113739014
Test Loss: 0.0000, Test Accuracy: 1.0000, Energy: -1664207.125
Time taken:  12.616584062576294
Test Loss: 0.0000, Test Accuracy: 1.0000, Energy: -1668197.75
Time taken:  12.52625823020935
Test Loss: 0.0000, Test Accuracy: 1.0000, Energy: -1671907.5
Time taken:  12.519952058792114
Test Loss: 0.0000, Test Accuracy: 1.0000, Energy: -1675106.75
Time taken:  12.515389442443848
Test Loss: 0.0000, Test Accuracy: 1.0000, Energy: -1678746.5
Time taken:  12.581756591796875
Test Loss: 0.0000, Test Accuracy: 1.0000, Energy: -1681889.875
Time taken:  12.487019300460815
Test Loss: 0.0000, Test Accuracy: 1.0000, Energy: -1684912.25
Time taken:  12.508751630783081
Test Loss: 0.0000, Test Accuracy: 1.0000, Energy: -1688870.625
Time taken:  12.513195753097534
Test Loss: 0.0000, Test Accuracy: 1.0000, Energy: -1693078.875
Time taken:  12.59544324874878
Test Loss: 0.0000, Test Accuracy: 1.0000, Energy: -1696100.375
Time taken:  12.506717681884766
Test Loss: 0.0000, Test Accuracy: 1.0000, Energy: -1699722.375
Time taken:  12.502431392669678
Test Loss: 0.0000, Test Accuracy: 1.0000, Energy: -1702516.5
Time taken:  12.52352237701416
Test Loss: 0.0000, Test Accuracy: 1.0000, Energy: -1705374.5
Time taken:  12.60009241104126
Test Loss: 0.0000, Test Accuracy: 1.0000, Energy: -1708709.0
Time taken:  12.49943494796753
Test Loss: 0.0000, Test Accuracy: 1.0000, Energy: -1711567.75
Time taken:  12.508281469345093
Test Loss: 0.0000, Test Accuracy: 1.0000, Energy: -1715034.25
Time taken:  12.520911455154419
Test Loss: 0.0000, Test Accuracy: 1.0000, Energy: -1718363.75
Time taken:  12.616604328155518
Test Loss: 0.0000, Test Accuracy: 1.0000, Energy: -1721179.375
Time taken:  12.50408387184143
Test Loss: 0.0000, Test Accuracy: 1.0000, Energy: -1723546.875
Time taken:  12.515109300613403
Test Loss: 0.0000, Test Accuracy: 1.0000, Energy: -1726332.0
Time taken:  12.51902437210083
Test Loss: 0.0000, Test Accuracy: 1.0000, Energy: -1729355.875
Time taken:  12.604589223861694
Test Loss: 0.0000, Test Accuracy: 1.0000, Energy: -1732127.25
Time taken:  12.513997077941895
Test Loss: 0.0000, Test Accuracy: 1.0000, Energy: -1734759.875
Time taken:  12.535671949386597
Test Loss: 0.0000, Test Accuracy: 1.0000, Energy: -1737546.625
Time taken:  12.62319540977478
Test Loss: 0.0000, Test Accuracy: 1.0000, Energy: -1740386.5
Time taken:  12.520065069198608
Test Loss: 0.0000, Test Accuracy: 1.0000, Energy: -1743567.25
Time taken:  12.498375177383423
Test Loss: 0.0000, Test Accuracy: 1.0000, Energy: -1746331.375
Time taken:  12.50717568397522
Test Loss: 0.0000, Test Accuracy: 1.0000, Energy: -1748629.5
Time taken:  12.642873525619507
Test Loss: 0.0000, Test Accuracy: 1.0000, Energy: -1751101.25
Time taken:  12.514618396759033
Test Loss: 0.0000, Test Accuracy: 1.0000, Energy: -1753559.625
Time taken:  12.555412769317627
Test Loss: 0.0000, Test Accuracy: 1.0000, Energy: -1756250.875
Time taken:  12.496910810470581
Test Loss: 0.0000, Test Accuracy: 1.0000, Energy: -1758765.625
Time taken:  12.631974697113037
Test Loss: 0.0000, Test Accuracy: 1.0000, Energy: -1761195.75
Time taken:  12.49825930595398
Test Loss: 0.0000, Test Accuracy: 1.0000, Energy: -1763516.625
Time taken:  12.490792512893677
Test Loss: 0.0000, Test Accuracy: 1.0000, Energy: -1765653.5
Time taken:  12.50370478630066
Test Loss: 0.0000, Test Accuracy: 1.0000, Energy: -1768072.0
Time taken:  12.600311756134033
Test Loss: 0.0000, Test Accuracy: 1.0000, Energy: -1770595.875
Time taken:  12.542675018310547
Test Loss: 0.0000, Test Accuracy: 1.0000, Energy: -1772666.875
Time taken:  12.537874698638916
Test Loss: 0.0000, Test Accuracy: 1.0000, Energy: -1774943.25
Time taken:  12.531054973602295
Test Loss: 0.0000, Test Accuracy: 1.0000, Energy: -1777341.25
Time taken:  12.63644790649414
Test Loss: 0.0000, Test Accuracy: 1.0000, Energy: -1779372.625
Time taken:  12.520252227783203
Test Loss: 0.0000, Test Accuracy: 1.0000, Energy: -1782423.125
Time taken:  12.51607060432434
Test Loss: 0.0000, Test Accuracy: 1.0000, Energy: -1784806.0
Time taken:  12.516890048980713
Test Loss: 0.0000, Test Accuracy: 1.0000, Energy: -1787424.125
Time taken:  12.628724098205566
Test Loss: 0.0000, Test Accuracy: 1.0000, Energy: -1789868.875
Time taken:  12.490152835845947
Test Loss: 0.0000, Test Accuracy: 1.0000, Energy: -1792747.25
Time taken:  12.50894808769226
Test Loss: 0.0000, Test Accuracy: 1.0000, Energy: -1795070.75
Time taken:  12.475411891937256
Test Loss: 0.0000, Test Accuracy: 1.0000, Energy: -1798127.625
Time taken:  12.62290334701538
Test Loss: 0.0000, Test Accuracy: 1.0000, Energy: -1800571.0
Time taken:  12.504785537719727
Test Loss: 0.0000, Test Accuracy: 1.0000, Energy: -1802322.75
Time taken:  12.492752313613892
Test Loss: 0.0000, Test Accuracy: 1.0000, Energy: -1803957.625
Time taken:  12.498212575912476
Test Loss: 0.0000, Test Accuracy: 1.0000, Energy: -1806312.5
Time taken:  12.617236614227295
Test Loss: 0.0000, Test Accuracy: 1.0000, Energy: -1808363.5
Time taken:  12.511235475540161
Test Loss: 0.0000, Test Accuracy: 1.0000, Energy: -1810448.375
Time taken:  12.511286973953247
Test Loss: 0.0000, Test Accuracy: 1.0000, Energy: -1812463.875
Time taken:  12.483442306518555
Test Loss: 0.0000, Test Accuracy: 1.0000, Energy: -1813916.125
Time taken:  12.598005771636963
Test Loss: 0.0000, Test Accuracy: 1.0000, Energy: -1815653.625
Time taken:  12.475755453109741
Test Loss: 0.0000, Test Accuracy: 1.0000, Energy: -1818570.0
Time taken:  12.428123712539673
Final accuracies: [0.9933333333333333, 0.99, 0.9933333333333333, 1.0, 1.0, 1.0, 1.0, 1.0, 1.0, 1.0, 1.0, 1.0, 1.0, 1.0, 1.0, 1.0, 1.0, 1.0, 1.0, 1.0, 1.0, 1.0, 1.0, 1.0, 1.0, 1.0, 1.0, 1.0, 1.0, 1.0, 1.0, 1.0, 1.0, 1.0, 1.0, 1.0, 1.0, 1.0, 1.0, 1.0, 1.0, 1.0, 1.0, 1.0, 1.0, 1.0, 1.0, 1.0, 1.0, 1.0, 1.0, 1.0, 1.0, 1.0, 1.0, 1.0, 1.0, 1.0, 1.0, 1.0, 1.0, 1.0, 1.0, 1.0, 1.0, 1.0, 1.0, 1.0, 1.0, 1.0, 1.0, 1.0, 1.0, 1.0, 1.0, 1.0, 1.0, 1.0, 1.0, 1.0, 1.0, 1.0, 1.0, 1.0, 1.0, 1.0, 1.0, 1.0, 1.0, 1.0, 1.0, 1.0, 1.0, 1.0, 1.0, 1.0, 1.0, 1.0, 1.0, 1.0]
Final energies: [-1092559.75, -1262893.5, -1407958.5, -1422965.875, -1431128.875, -1444368.0, -1455753.75, -1465420.875, -1479371.75, -1488756.875, -1496700.75, -1504873.5, -1511468.25, -1519374.875, -1527229.25, -1533129.625, -1539234.375, -1546376.875, -1551676.75, -1559477.875, -1565306.625, -1570195.625, -1575223.5, -1580821.625, -1585897.375, -1590342.0, -1596345.375, -1601956.875, -1607607.625, -1612713.375, -1617338.125, -1621518.5, -1625258.5, -1629516.75, -1633315.25, -1637470.375, -1641707.875, -1646111.875, -1650264.625, -1654052.125, -1657163.125, -1660720.0, -1664207.125, -1668197.75, -1671907.5, -1675106.75, -1678746.5, -1681889.875, -1684912.25, -1688870.625, -1693078.875, -1696100.375, -1699722.375, -1702516.5, -1705374.5, -1708709.0, -1711567.75, -1715034.25, -1718363.75, -1721179.375, -1723546.875, -1726332.0, -1729355.875, -1732127.25, -1734759.875, -1737546.625, -1740386.5, -1743567.25, -1746331.375, -1748629.5, -1751101.25, -1753559.625, -1756250.875, -1758765.625, -1761195.75, -1763516.625, -1765653.5, -1768072.0, -1770595.875, -1772666.875, -1774943.25, -1777341.25, -1779372.625, -1782423.125, -1784806.0, -1787424.125, -1789868.875, -1792747.25, -1795070.75, -1798127.625, -1800571.0, -1802322.75, -1803957.625, -1806312.5, -1808363.5, -1810448.375, -1812463.875, -1813916.125, -1815653.625, -1818570.0]
