Running with parameters: hidden=50, use_coupled=true, seed=57, lam=0.5, eta=0.5, batch=1
Test Loss: 0.0000, Test Accuracy: 1.0000, Energy: -1620729.625
Time taken:  12.253887414932251
Test Loss: 0.0000, Test Accuracy: 0.9967, Energy: -1688226.375
Time taken:  12.24483609199524
Test Loss: 0.0000, Test Accuracy: 1.0000, Energy: -1695332.125
Time taken:  12.255625486373901
Test Loss: 0.0000, Test Accuracy: 1.0000, Energy: -1699631.75
Time taken:  12.36771559715271
Test Loss: 0.0000, Test Accuracy: 1.0000, Energy: -1706624.125
Time taken:  12.264509201049805
Test Loss: 0.0000, Test Accuracy: 1.0000, Energy: -1710552.375
Time taken:  12.255714654922485
Test Loss: 0.0000, Test Accuracy: 1.0000, Energy: -1714694.375
Time taken:  12.266658067703247
Test Loss: 0.0000, Test Accuracy: 1.0000, Energy: -1718623.0
Time taken:  12.340630769729614
Test Loss: 0.0000, Test Accuracy: 1.0000, Energy: -1722959.125
Time taken:  12.23785662651062
Test Loss: 0.0000, Test Accuracy: 1.0000, Energy: -1727029.75
Time taken:  12.242655038833618
Test Loss: 0.0000, Test Accuracy: 1.0000, Energy: -1729270.75
Time taken:  12.237621784210205
Test Loss: 0.0000, Test Accuracy: 1.0000, Energy: -1733425.75
Time taken:  12.350701570510864
Test Loss: 0.0000, Test Accuracy: 1.0000, Energy: -1735763.125
Time taken:  12.236289024353027
Test Loss: 0.0000, Test Accuracy: 1.0000, Energy: -1740378.5
Time taken:  12.214565515518188
Test Loss: 0.0000, Test Accuracy: 1.0000, Energy: -1749414.125
Time taken:  12.235409259796143
Test Loss: 0.0000, Test Accuracy: 1.0000, Energy: -1751326.375
Time taken:  12.341129541397095
Test Loss: 0.0000, Test Accuracy: 1.0000, Energy: -1757372.5
Time taken:  12.250128030776978
Test Loss: 0.0000, Test Accuracy: 1.0000, Energy: -1758275.0
Time taken:  12.220130920410156
Test Loss: 0.0000, Test Accuracy: 1.0000, Energy: -1759285.875
Time taken:  12.222997665405273
Test Loss: 0.0000, Test Accuracy: 1.0000, Energy: -1759646.875
Time taken:  12.320923328399658
Test Loss: 0.0000, Test Accuracy: 1.0000, Energy: -1760345.5
Time taken:  12.215830087661743
Test Loss: 0.0000, Test Accuracy: 1.0000, Energy: -1761402.25
Time taken:  12.221094846725464
Test Loss: 0.0000, Test Accuracy: 1.0000, Energy: -1762286.75
Time taken:  12.317054986953735
Test Loss: 0.0000, Test Accuracy: 1.0000, Energy: -1763357.375
Time taken:  12.234115362167358
Test Loss: 0.0000, Test Accuracy: 1.0000, Energy: -1763895.75
Time taken:  12.242241859436035
Test Loss: 0.0000, Test Accuracy: 1.0000, Energy: -1765397.25
Time taken:  12.220057010650635
Test Loss: 0.0000, Test Accuracy: 1.0000, Energy: -1766403.25
Time taken:  12.320614337921143
Test Loss: 0.0000, Test Accuracy: 1.0000, Energy: -1767377.875
Time taken:  12.206702709197998
Test Loss: 0.0000, Test Accuracy: 1.0000, Energy: -1768778.0
Time taken:  12.198328018188477
Test Loss: 0.0000, Test Accuracy: 1.0000, Energy: -1770331.125
Time taken:  12.224750518798828
Test Loss: 0.0000, Test Accuracy: 1.0000, Energy: -1771471.25
Time taken:  12.329898357391357
Test Loss: 0.0000, Test Accuracy: 1.0000, Energy: -1771994.25
Time taken:  12.235229730606079
Test Loss: 0.0000, Test Accuracy: 1.0000, Energy: -1772982.125
Time taken:  12.24296236038208
Test Loss: 0.0000, Test Accuracy: 1.0000, Energy: -1773872.0
Time taken:  12.199876546859741
Test Loss: 0.0000, Test Accuracy: 1.0000, Energy: -1775009.125
Time taken:  12.325140237808228
Test Loss: 0.0000, Test Accuracy: 1.0000, Energy: -1775776.875
Time taken:  12.223797798156738
Test Loss: 0.0000, Test Accuracy: 1.0000, Energy: -1777395.125
Time taken:  12.219304084777832
Test Loss: 0.0000, Test Accuracy: 1.0000, Energy: -1778409.625
Time taken:  12.242503643035889
Test Loss: 0.0000, Test Accuracy: 1.0000, Energy: -1778799.0
Time taken:  12.335185766220093
Test Loss: 0.0000, Test Accuracy: 1.0000, Energy: -1779476.75
Time taken:  12.214864015579224
Test Loss: 0.0000, Test Accuracy: 1.0000, Energy: -1779949.375
Time taken:  12.213808298110962
Test Loss: 0.0000, Test Accuracy: 1.0000, Energy: -1780842.75
Time taken:  12.226308584213257
Test Loss: 0.0000, Test Accuracy: 1.0000, Energy: -1782093.875
Time taken:  12.24692177772522
Test Loss: 0.0000, Test Accuracy: 1.0000, Energy: -1782982.25
Time taken:  12.145923376083374
Test Loss: 0.0000, Test Accuracy: 1.0000, Energy: -1783895.75
Time taken:  12.151236772537231
Test Loss: 0.0000, Test Accuracy: 1.0000, Energy: -1784958.5
Time taken:  12.14485478401184
Test Loss: 0.0000, Test Accuracy: 1.0000, Energy: -1786040.0
Time taken:  12.25644040107727
Test Loss: 0.0000, Test Accuracy: 1.0000, Energy: -1787212.375
Time taken:  12.150905132293701
Test Loss: 0.0000, Test Accuracy: 1.0000, Energy: -1788092.125
Time taken:  12.162383794784546
Test Loss: 0.0000, Test Accuracy: 1.0000, Energy: -1789051.375
Time taken:  12.186039924621582
Test Loss: 0.0000, Test Accuracy: 1.0000, Energy: -1790265.5
Time taken:  12.282210350036621
Test Loss: 0.0000, Test Accuracy: 1.0000, Energy: -1791213.5
Time taken:  12.165217161178589
Test Loss: 0.0000, Test Accuracy: 1.0000, Energy: -1791800.875
Time taken:  12.167653799057007
Test Loss: 0.0000, Test Accuracy: 1.0000, Energy: -1792331.75
Time taken:  12.164330244064331
Test Loss: 0.0000, Test Accuracy: 1.0000, Energy: -1793669.625
Time taken:  12.282883644104004
Test Loss: 0.0000, Test Accuracy: 1.0000, Energy: -1794571.375
Time taken:  12.189680814743042
Test Loss: 0.0000, Test Accuracy: 1.0000, Energy: -1795425.625
Time taken:  12.176994323730469
Test Loss: 0.0000, Test Accuracy: 1.0000, Energy: -1796075.0
Time taken:  12.185884714126587
Test Loss: 0.0000, Test Accuracy: 1.0000, Energy: -1797324.625
Time taken:  12.279349327087402
Test Loss: 0.0000, Test Accuracy: 1.0000, Energy: -1798220.75
Time taken:  12.200459480285645
Test Loss: 0.0000, Test Accuracy: 1.0000, Energy: -1799250.625
Time taken:  12.180197477340698
Test Loss: 0.0000, Test Accuracy: 1.0000, Energy: -1800375.0
Time taken:  12.213614225387573
Test Loss: 0.0000, Test Accuracy: 1.0000, Energy: -1801324.125
Time taken:  12.265420198440552
Test Loss: 0.0000, Test Accuracy: 1.0000, Energy: -1801800.125
Time taken:  12.189793586730957
Test Loss: 0.0000, Test Accuracy: 1.0000, Energy: -1802966.5
Time taken:  12.164915800094604
Test Loss: 0.0000, Test Accuracy: 1.0000, Energy: -1803789.625
Time taken:  12.262978553771973
Test Loss: 0.0000, Test Accuracy: 1.0000, Energy: -1804479.875
Time taken:  12.18593454360962
Test Loss: 0.0000, Test Accuracy: 1.0000, Energy: -1805221.375
Time taken:  12.162852048873901
Test Loss: 0.0000, Test Accuracy: 1.0000, Energy: -1806058.625
Time taken:  12.182676076889038
Test Loss: 0.0000, Test Accuracy: 1.0000, Energy: -1807153.0
Time taken:  12.263903856277466
Test Loss: 0.0000, Test Accuracy: 1.0000, Energy: -1808974.25
Time taken:  12.18470811843872
Test Loss: 0.0000, Test Accuracy: 1.0000, Energy: -1810069.25
Time taken:  12.186213731765747
Test Loss: 0.0000, Test Accuracy: 1.0000, Energy: -1811406.75
Time taken:  12.179800271987915
Test Loss: 0.0000, Test Accuracy: 1.0000, Energy: -1811774.375
Time taken:  12.24597978591919
Test Loss: 0.0000, Test Accuracy: 1.0000, Energy: -1812839.75
Time taken:  12.1650390625
Test Loss: 0.0000, Test Accuracy: 1.0000, Energy: -1814337.375
Time taken:  12.149771213531494
Test Loss: 0.0000, Test Accuracy: 1.0000, Energy: -1815724.5
Time taken:  12.16182017326355
Test Loss: 0.0000, Test Accuracy: 1.0000, Energy: -1816543.125
Time taken:  12.251453638076782
Test Loss: 0.0000, Test Accuracy: 1.0000, Energy: -1817895.75
Time taken:  12.171607971191406
Test Loss: 0.0000, Test Accuracy: 1.0000, Energy: -1818565.125
Time taken:  12.152791976928711
Test Loss: 0.0000, Test Accuracy: 1.0000, Energy: -1819885.875
Time taken:  12.169207572937012
Test Loss: 0.0000, Test Accuracy: 1.0000, Energy: -1820653.125
Time taken:  12.260826587677002
Test Loss: 0.0000, Test Accuracy: 1.0000, Energy: -1822151.5
Time taken:  12.176218509674072
Test Loss: 0.0000, Test Accuracy: 1.0000, Energy: -1823035.125
Time taken:  12.174785614013672
Test Loss: 0.0000, Test Accuracy: 1.0000, Energy: -1824443.5
Time taken:  12.149625539779663
Test Loss: 0.0000, Test Accuracy: 1.0000, Energy: -1825051.375
Time taken:  12.27061915397644
Test Loss: 0.0000, Test Accuracy: 1.0000, Energy: -1826572.0
Time taken:  12.177009105682373
Test Loss: 0.0000, Test Accuracy: 1.0000, Energy: -1827444.875
Time taken:  12.16348648071289
Test Loss: 0.0000, Test Accuracy: 1.0000, Energy: -1827849.25
Time taken:  12.177595138549805
Test Loss: 0.0000, Test Accuracy: 1.0000, Energy: -1829090.25
Time taken:  12.276334047317505
Test Loss: 0.0000, Test Accuracy: 1.0000, Energy: -1829796.75
Time taken:  12.170186996459961
Test Loss: 0.0000, Test Accuracy: 1.0000, Energy: -1830738.625
Time taken:  12.180888891220093
Test Loss: 0.0000, Test Accuracy: 1.0000, Energy: -1831937.25
Time taken:  12.158804893493652
Test Loss: 0.0000, Test Accuracy: 1.0000, Energy: -1832835.875
Time taken:  12.249494552612305
Test Loss: 0.0000, Test Accuracy: 1.0000, Energy: -1834338.0
Time taken:  12.186394453048706
Test Loss: 0.0000, Test Accuracy: 1.0000, Energy: -1835183.875
Time taken:  12.177970170974731
Test Loss: 0.0000, Test Accuracy: 1.0000, Energy: -1835840.375
Time taken:  12.159484624862671
Test Loss: 0.0000, Test Accuracy: 1.0000, Energy: -1836421.625
Time taken:  12.272691249847412
Test Loss: 0.0000, Test Accuracy: 1.0000, Energy: -1837492.25
Time taken:  12.196731090545654
Test Loss: 0.0000, Test Accuracy: 1.0000, Energy: -1838305.875
Time taken:  12.182913064956665
Final accuracies: [1.0, 0.9966666666666667, 1.0, 1.0, 1.0, 1.0, 1.0, 1.0, 1.0, 1.0, 1.0, 1.0, 1.0, 1.0, 1.0, 1.0, 1.0, 1.0, 1.0, 1.0, 1.0, 1.0, 1.0, 1.0, 1.0, 1.0, 1.0, 1.0, 1.0, 1.0, 1.0, 1.0, 1.0, 1.0, 1.0, 1.0, 1.0, 1.0, 1.0, 1.0, 1.0, 1.0, 1.0, 1.0, 1.0, 1.0, 1.0, 1.0, 1.0, 1.0, 1.0, 1.0, 1.0, 1.0, 1.0, 1.0, 1.0, 1.0, 1.0, 1.0, 1.0, 1.0, 1.0, 1.0, 1.0, 1.0, 1.0, 1.0, 1.0, 1.0, 1.0, 1.0, 1.0, 1.0, 1.0, 1.0, 1.0, 1.0, 1.0, 1.0, 1.0, 1.0, 1.0, 1.0, 1.0, 1.0, 1.0, 1.0, 1.0, 1.0, 1.0, 1.0, 1.0, 1.0, 1.0, 1.0, 1.0, 1.0, 1.0, 1.0]
Final energies: [-1620729.625, -1688226.375, -1695332.125, -1699631.75, -1706624.125, -1710552.375, -1714694.375, -1718623.0, -1722959.125, -1727029.75, -1729270.75, -1733425.75, -1735763.125, -1740378.5, -1749414.125, -1751326.375, -1757372.5, -1758275.0, -1759285.875, -1759646.875, -1760345.5, -1761402.25, -1762286.75, -1763357.375, -1763895.75, -1765397.25, -1766403.25, -1767377.875, -1768778.0, -1770331.125, -1771471.25, -1771994.25, -1772982.125, -1773872.0, -1775009.125, -1775776.875, -1777395.125, -1778409.625, -1778799.0, -1779476.75, -1779949.375, -1780842.75, -1782093.875, -1782982.25, -1783895.75, -1784958.5, -1786040.0, -1787212.375, -1788092.125, -1789051.375, -1790265.5, -1791213.5, -1791800.875, -1792331.75, -1793669.625, -1794571.375, -1795425.625, -1796075.0, -1797324.625, -1798220.75, -1799250.625, -1800375.0, -1801324.125, -1801800.125, -1802966.5, -1803789.625, -1804479.875, -1805221.375, -1806058.625, -1807153.0, -1808974.25, -1810069.25, -1811406.75, -1811774.375, -1812839.75, -1814337.375, -1815724.5, -1816543.125, -1817895.75, -1818565.125, -1819885.875, -1820653.125, -1822151.5, -1823035.125, -1824443.5, -1825051.375, -1826572.0, -1827444.875, -1827849.25, -1829090.25, -1829796.75, -1830738.625, -1831937.25, -1832835.875, -1834338.0, -1835183.875, -1835840.375, -1836421.625, -1837492.25, -1838305.875]
