Running with parameters: hidden=50, use_coupled=true, seed=19, lam=0.5, eta=0.5, batch=1
Test Loss: 0.0000, Test Accuracy: 0.9967, Energy: -1322421.625
Time taken:  12.748587131500244
Test Loss: 0.0000, Test Accuracy: 0.9967, Energy: -1394618.75
Time taken:  12.753196001052856
Test Loss: 0.0000, Test Accuracy: 0.9967, Energy: -1404640.375
Time taken:  12.72065258026123
Test Loss: 0.0000, Test Accuracy: 0.9967, Energy: -1415637.875
Time taken:  12.845810413360596
Test Loss: 0.0000, Test Accuracy: 1.0000, Energy: -1467133.5
Time taken:  12.719700813293457
Test Loss: 0.0000, Test Accuracy: 1.0000, Energy: -1478865.125
Time taken:  12.726120471954346
Test Loss: 0.0000, Test Accuracy: 1.0000, Energy: -1487442.0
Time taken:  12.714098930358887
Test Loss: 0.0000, Test Accuracy: 1.0000, Energy: -1496193.0
Time taken:  12.864745378494263
Test Loss: 0.0000, Test Accuracy: 1.0000, Energy: -1500675.0
Time taken:  12.714801549911499
Test Loss: 0.0000, Test Accuracy: 1.0000, Energy: -1502868.375
Time taken:  12.737347602844238
Test Loss: 0.0000, Test Accuracy: 1.0000, Energy: -1509017.625
Time taken:  12.715500593185425
Test Loss: 0.0000, Test Accuracy: 1.0000, Energy: -1513946.75
Time taken:  12.845001697540283
Test Loss: 0.0000, Test Accuracy: 1.0000, Energy: -1515147.0
Time taken:  12.764261245727539
Test Loss: 0.0000, Test Accuracy: 1.0000, Energy: -1516876.25
Time taken:  12.743493556976318
Test Loss: 0.0000, Test Accuracy: 1.0000, Energy: -1517787.875
Time taken:  12.739387273788452
Test Loss: 0.0000, Test Accuracy: 1.0000, Energy: -1518857.25
Time taken:  12.847050189971924
Test Loss: 0.0000, Test Accuracy: 1.0000, Energy: -1520483.625
Time taken:  12.7024405002594
Test Loss: 0.0000, Test Accuracy: 1.0000, Energy: -1521597.0
Time taken:  12.719245910644531
Test Loss: 0.0000, Test Accuracy: 1.0000, Energy: -1523259.75
Time taken:  12.743266344070435
Test Loss: 0.0000, Test Accuracy: 1.0000, Energy: -1524979.625
Time taken:  12.817953824996948
Test Loss: 0.0000, Test Accuracy: 1.0000, Energy: -1526482.875
Time taken:  12.695852518081665
Test Loss: 0.0000, Test Accuracy: 0.9967, Energy: -1528181.125
Time taken:  12.682451486587524
Test Loss: 0.0000, Test Accuracy: 0.9967, Energy: -1529988.875
Time taken:  12.86057734489441
Test Loss: 0.0000, Test Accuracy: 0.9967, Energy: -1530476.875
Time taken:  12.846197366714478
Test Loss: 0.0000, Test Accuracy: 1.0000, Energy: -1531815.875
Time taken:  12.80163288116455
Test Loss: 0.0000, Test Accuracy: 1.0000, Energy: -1532489.875
Time taken:  12.799000263214111
Test Loss: 0.0000, Test Accuracy: 1.0000, Energy: -1533463.125
Time taken:  12.894972801208496
Test Loss: 0.0000, Test Accuracy: 1.0000, Energy: -1534391.875
Time taken:  12.79324197769165
Test Loss: 0.0000, Test Accuracy: 1.0000, Energy: -1534998.0
Time taken:  12.775972366333008
Test Loss: 0.0000, Test Accuracy: 1.0000, Energy: -1538004.0
Time taken:  12.76974105834961
Test Loss: 0.0000, Test Accuracy: 1.0000, Energy: -1538766.875
Time taken:  12.889254808425903
Test Loss: 0.0000, Test Accuracy: 1.0000, Energy: -1539523.25
Time taken:  12.782154083251953
Test Loss: 0.0000, Test Accuracy: 1.0000, Energy: -1540211.375
Time taken:  12.792011499404907
Test Loss: 0.0000, Test Accuracy: 1.0000, Energy: -1541049.0
Time taken:  12.78678297996521
Test Loss: 0.0000, Test Accuracy: 1.0000, Energy: -1541945.125
Time taken:  12.904114246368408
Test Loss: 0.0000, Test Accuracy: 1.0000, Energy: -1542945.75
Time taken:  12.773580551147461
Test Loss: 0.0000, Test Accuracy: 1.0000, Energy: -1543995.875
Time taken:  12.74217414855957
Test Loss: 0.0000, Test Accuracy: 1.0000, Energy: -1545100.25
Time taken:  12.738850116729736
Test Loss: 0.0000, Test Accuracy: 1.0000, Energy: -1545927.625
Time taken:  12.827196836471558
Test Loss: 0.0000, Test Accuracy: 1.0000, Energy: -1546550.375
Time taken:  12.722517728805542
Test Loss: 0.0000, Test Accuracy: 1.0000, Energy: -1547749.375
Time taken:  12.726807355880737
Test Loss: 0.0000, Test Accuracy: 1.0000, Energy: -1548070.5
Time taken:  12.710598707199097
Test Loss: 0.0000, Test Accuracy: 1.0000, Energy: -1549238.75
Time taken:  12.842416524887085
Test Loss: 0.0000, Test Accuracy: 1.0000, Energy: -1550685.75
Time taken:  12.738763570785522
Test Loss: 0.0000, Test Accuracy: 1.0000, Energy: -1551480.75
Time taken:  12.75640082359314
Test Loss: 0.0000, Test Accuracy: 1.0000, Energy: -1552715.375
Time taken:  12.742518186569214
Test Loss: 0.0000, Test Accuracy: 1.0000, Energy: -1553341.125
Time taken:  12.829983711242676
Test Loss: 0.0000, Test Accuracy: 1.0000, Energy: -1554049.375
Time taken:  12.730580806732178
Test Loss: 0.0000, Test Accuracy: 1.0000, Energy: -1555126.125
Time taken:  12.74718451499939
Test Loss: 0.0000, Test Accuracy: 1.0000, Energy: -1556047.0
Time taken:  12.735800504684448
Test Loss: 0.0000, Test Accuracy: 1.0000, Energy: -1557155.875
Time taken:  12.822338819503784
Test Loss: 0.0000, Test Accuracy: 1.0000, Energy: -1557860.0
Time taken:  12.732025623321533
Test Loss: 0.0000, Test Accuracy: 1.0000, Energy: -1559493.75
Time taken:  12.739259958267212
Test Loss: 0.0000, Test Accuracy: 1.0000, Energy: -1561058.75
Time taken:  12.733510255813599
Test Loss: 0.0000, Test Accuracy: 1.0000, Energy: -1567331.375
Time taken:  12.840794563293457
Test Loss: 0.0000, Test Accuracy: 1.0000, Energy: -1568273.75
Time taken:  12.723734617233276
Test Loss: 0.0000, Test Accuracy: 0.9967, Energy: -1569286.625
Time taken:  12.711983680725098
Test Loss: 0.0000, Test Accuracy: 0.9967, Energy: -1570100.5
Time taken:  12.742295265197754
Test Loss: 0.0000, Test Accuracy: 0.9967, Energy: -1570912.125
Time taken:  12.889129161834717
Test Loss: 0.0000, Test Accuracy: 0.9967, Energy: -1571802.125
Time taken:  12.773263454437256
Test Loss: 0.0000, Test Accuracy: 0.9967, Energy: -1572961.25
Time taken:  12.763389348983765
Test Loss: 0.0000, Test Accuracy: 1.0000, Energy: -1573743.375
Time taken:  12.817784547805786
Test Loss: 0.0000, Test Accuracy: 0.9967, Energy: -1575640.875
Time taken:  12.893587350845337
Test Loss: 0.0000, Test Accuracy: 1.0000, Energy: -1576957.125
Time taken:  12.759690999984741
Test Loss: 0.0000, Test Accuracy: 1.0000, Energy: -1578084.5
Time taken:  12.7566237449646
Test Loss: 0.0000, Test Accuracy: 1.0000, Energy: -1578329.875
Time taken:  12.895776271820068
Test Loss: 0.0000, Test Accuracy: 1.0000, Energy: -1579516.5
Time taken:  12.794967889785767
Test Loss: 0.0000, Test Accuracy: 1.0000, Energy: -1581963.625
Time taken:  12.796075820922852
Test Loss: 0.0000, Test Accuracy: 1.0000, Energy: -1582819.375
Time taken:  12.779593467712402
Test Loss: 0.0000, Test Accuracy: 1.0000, Energy: -1584454.625
Time taken:  12.921904563903809
Test Loss: 0.0000, Test Accuracy: 1.0000, Energy: -1586262.75
Time taken:  12.74467158317566
Test Loss: 0.0000, Test Accuracy: 1.0000, Energy: -1587114.0
Time taken:  12.727186918258667
Test Loss: 0.0000, Test Accuracy: 1.0000, Energy: -1588189.125
Time taken:  12.755855321884155
Test Loss: 0.0000, Test Accuracy: 1.0000, Energy: -1590107.25
Time taken:  12.8723304271698
Test Loss: 0.0000, Test Accuracy: 1.0000, Energy: -1592310.5
Time taken:  12.73707127571106
Test Loss: 0.0000, Test Accuracy: 1.0000, Energy: -1593967.375
Time taken:  12.738321542739868
Test Loss: 0.0000, Test Accuracy: 1.0000, Energy: -1595191.375
Time taken:  12.732701301574707
Test Loss: 0.0000, Test Accuracy: 1.0000, Energy: -1597649.375
Time taken:  12.850816488265991
Test Loss: 0.0000, Test Accuracy: 1.0000, Energy: -1598998.5
Time taken:  12.71922755241394
Test Loss: 0.0000, Test Accuracy: 1.0000, Energy: -1601968.875
Time taken:  12.720913887023926
Test Loss: 0.0000, Test Accuracy: 1.0000, Energy: -1603750.0
Time taken:  12.727157354354858
Test Loss: 0.0000, Test Accuracy: 1.0000, Energy: -1605758.5
Time taken:  12.818881511688232
Test Loss: 0.0000, Test Accuracy: 1.0000, Energy: -1606944.75
Time taken:  12.742125272750854
Test Loss: 0.0000, Test Accuracy: 1.0000, Energy: -1609468.375
Time taken:  12.760640859603882
Test Loss: 0.0000, Test Accuracy: 1.0000, Energy: -1612582.625
Time taken:  12.739969491958618
Test Loss: 0.0000, Test Accuracy: 1.0000, Energy: -1614731.375
Time taken:  12.81775689125061
Test Loss: 0.0000, Test Accuracy: 1.0000, Energy: -1616219.125
Time taken:  12.7411789894104
Test Loss: 0.0000, Test Accuracy: 1.0000, Energy: -1620472.5
Time taken:  12.756161212921143
Test Loss: 0.0000, Test Accuracy: 1.0000, Energy: -1624510.25
Time taken:  12.728512525558472
Test Loss: 0.0000, Test Accuracy: 1.0000, Energy: -1626619.75
Time taken:  12.822170495986938
Test Loss: 0.0000, Test Accuracy: 1.0000, Energy: -1629051.5
Time taken:  12.735484600067139
Test Loss: 0.0000, Test Accuracy: 1.0000, Energy: -1632955.5
Time taken:  12.721174955368042
Test Loss: 0.0000, Test Accuracy: 1.0000, Energy: -1637601.875
Time taken:  12.75287652015686
Test Loss: 0.0000, Test Accuracy: 1.0000, Energy: -1639604.875
Time taken:  12.894071578979492
Test Loss: 0.0000, Test Accuracy: 1.0000, Energy: -1642652.5
Time taken:  12.773653984069824
Test Loss: 0.0000, Test Accuracy: 1.0000, Energy: -1647043.625
Time taken:  12.788187026977539
Test Loss: 0.0000, Test Accuracy: 1.0000, Energy: -1652025.0
Time taken:  12.792739629745483
Test Loss: 0.0000, Test Accuracy: 1.0000, Energy: -1655864.0
Time taken:  12.911363124847412
Test Loss: 0.0000, Test Accuracy: 1.0000, Energy: -1657543.25
Time taken:  12.808978080749512
Test Loss: 0.0000, Test Accuracy: 1.0000, Energy: -1658923.875
Time taken:  12.784928798675537
Final accuracies: [0.9966666666666667, 0.9966666666666667, 0.9966666666666667, 0.9966666666666667, 1.0, 1.0, 1.0, 1.0, 1.0, 1.0, 1.0, 1.0, 1.0, 1.0, 1.0, 1.0, 1.0, 1.0, 1.0, 1.0, 1.0, 0.9966666666666667, 0.9966666666666667, 0.9966666666666667, 1.0, 1.0, 1.0, 1.0, 1.0, 1.0, 1.0, 1.0, 1.0, 1.0, 1.0, 1.0, 1.0, 1.0, 1.0, 1.0, 1.0, 1.0, 1.0, 1.0, 1.0, 1.0, 1.0, 1.0, 1.0, 1.0, 1.0, 1.0, 1.0, 1.0, 1.0, 1.0, 0.9966666666666667, 0.9966666666666667, 0.9966666666666667, 0.9966666666666667, 0.9966666666666667, 1.0, 0.9966666666666667, 1.0, 1.0, 1.0, 1.0, 1.0, 1.0, 1.0, 1.0, 1.0, 1.0, 1.0, 1.0, 1.0, 1.0, 1.0, 1.0, 1.0, 1.0, 1.0, 1.0, 1.0, 1.0, 1.0, 1.0, 1.0, 1.0, 1.0, 1.0, 1.0, 1.0, 1.0, 1.0, 1.0, 1.0, 1.0, 1.0, 1.0]
Final energies: [-1322421.625, -1394618.75, -1404640.375, -1415637.875, -1467133.5, -1478865.125, -1487442.0, -1496193.0, -1500675.0, -1502868.375, -1509017.625, -1513946.75, -1515147.0, -1516876.25, -1517787.875, -1518857.25, -1520483.625, -1521597.0, -1523259.75, -1524979.625, -1526482.875, -1528181.125, -1529988.875, -1530476.875, -1531815.875, -1532489.875, -1533463.125, -1534391.875, -1534998.0, -1538004.0, -1538766.875, -1539523.25, -1540211.375, -1541049.0, -1541945.125, -1542945.75, -1543995.875, -1545100.25, -1545927.625, -1546550.375, -1547749.375, -1548070.5, -1549238.75, -1550685.75, -1551480.75, -1552715.375, -1553341.125, -1554049.375, -1555126.125, -1556047.0, -1557155.875, -1557860.0, -1559493.75, -1561058.75, -1567331.375, -1568273.75, -1569286.625, -1570100.5, -1570912.125, -1571802.125, -1572961.25, -1573743.375, -1575640.875, -1576957.125, -1578084.5, -1578329.875, -1579516.5, -1581963.625, -1582819.375, -1584454.625, -1586262.75, -1587114.0, -1588189.125, -1590107.25, -1592310.5, -1593967.375, -1595191.375, -1597649.375, -1598998.5, -1601968.875, -1603750.0, -1605758.5, -1606944.75, -1609468.375, -1612582.625, -1614731.375, -1616219.125, -1620472.5, -1624510.25, -1626619.75, -1629051.5, -1632955.5, -1637601.875, -1639604.875, -1642652.5, -1647043.625, -1652025.0, -1655864.0, -1657543.25, -1658923.875]
