Running with parameters: hidden=50, use_coupled=false, seed=32, lam=0.0, eta=0.0, batch=1
Test Loss: 0.0000, Test Accuracy: 0.9500, Energy: -330731.5
Time taken:  11.624459743499756
Test Loss: 0.0000, Test Accuracy: 0.9600, Energy: -293873.8125
Time taken:  11.708556890487671
Test Loss: 0.0000, Test Accuracy: 0.9733, Energy: -507403.0625
Time taken:  11.702203273773193
Test Loss: 0.0000, Test Accuracy: 0.9733, Energy: -528101.375
Time taken:  11.754058122634888
Test Loss: 0.0000, Test Accuracy: 0.9733, Energy: -529936.1875
Time taken:  11.914182186126709
Test Loss: 0.0000, Test Accuracy: 0.9733, Energy: -531259.1875
Time taken:  11.876456499099731
Test Loss: 0.0000, Test Accuracy: 0.9733, Energy: -532296.3125
Time taken:  11.87274694442749
Test Loss: 0.0000, Test Accuracy: 0.9733, Energy: -533214.5
Time taken:  11.90203857421875
Test Loss: 0.0000, Test Accuracy: 0.9733, Energy: -534060.25
Time taken:  12.018435001373291
Test Loss: 0.0000, Test Accuracy: 0.9733, Energy: -534902.9375
Time taken:  12.187963247299194
Test Loss: 0.0000, Test Accuracy: 0.9733, Energy: -535832.125
Time taken:  12.031841278076172
Test Loss: 0.0000, Test Accuracy: 0.9733, Energy: -536546.6875
Time taken:  12.030097961425781
Test Loss: 0.0000, Test Accuracy: 0.9733, Energy: -537409.1875
Time taken:  12.006362915039062
Test Loss: 0.0000, Test Accuracy: 0.9733, Energy: -538305.5
Time taken:  12.03577208518982
Test Loss: 0.0000, Test Accuracy: 0.9733, Energy: -539176.8125
Time taken:  12.225962162017822
Test Loss: 0.0000, Test Accuracy: 0.9733, Energy: -540186.375
Time taken:  11.964231252670288
Test Loss: 0.0000, Test Accuracy: 0.9733, Energy: -541285.25
Time taken:  11.889310836791992
Test Loss: 0.0000, Test Accuracy: 0.9733, Energy: -542374.0
Time taken:  11.77175760269165
Test Loss: 0.0000, Test Accuracy: 0.9733, Energy: -543526.0625
Time taken:  11.696901798248291
Test Loss: 0.0000, Test Accuracy: 0.9733, Energy: -544528.0625
Time taken:  11.992008924484253
Test Loss: 0.0000, Test Accuracy: 0.9733, Energy: -545622.5625
Time taken:  11.63131833076477
Test Loss: 0.0000, Test Accuracy: 0.9733, Energy: -546661.9375
Time taken:  11.505390167236328
Test Loss: 0.0000, Test Accuracy: 0.9733, Energy: -547713.1875
Time taken:  11.336169004440308
Test Loss: 0.0000, Test Accuracy: 0.9733, Energy: -548664.5
Time taken:  11.220258235931396
Test Loss: 0.0000, Test Accuracy: 0.9733, Energy: -549729.875
Time taken:  11.42003583908081
Test Loss: 0.0000, Test Accuracy: 0.9733, Energy: -550638.125
Time taken:  11.311798810958862
Test Loss: 0.0000, Test Accuracy: 0.9733, Energy: -551651.625
Time taken:  11.27015209197998
Test Loss: 0.0000, Test Accuracy: 0.9733, Energy: -552587.5
Time taken:  11.418822765350342
Test Loss: 0.0000, Test Accuracy: 0.9733, Energy: -553401.125
Time taken:  11.484171390533447
Test Loss: 0.0000, Test Accuracy: 0.9733, Energy: -554235.625
Time taken:  11.639151573181152
Test Loss: 0.0000, Test Accuracy: 0.9733, Energy: -555025.875
Time taken:  11.468642473220825
Test Loss: 0.0000, Test Accuracy: 0.9733, Energy: -555792.8125
Time taken:  11.600340604782104
Test Loss: 0.0000, Test Accuracy: 0.9733, Energy: -556508.75
Time taken:  11.471434831619263
Test Loss: 0.0000, Test Accuracy: 0.9733, Energy: -557308.875
Time taken:  11.510224103927612
Test Loss: 0.0000, Test Accuracy: 0.9733, Energy: -558063.5
Time taken:  11.799783706665039
Test Loss: 0.0000, Test Accuracy: 0.9733, Energy: -558769.625
Time taken:  11.669306516647339
Test Loss: 0.0000, Test Accuracy: 0.9733, Energy: -559525.6875
Time taken:  11.58874225616455
Test Loss: 0.0000, Test Accuracy: 0.9733, Energy: -560280.125
Time taken:  11.67360806465149
Test Loss: 0.0000, Test Accuracy: 0.9733, Energy: -561045.875
Time taken:  11.64171314239502
Test Loss: 0.0000, Test Accuracy: 0.9733, Energy: -561765.3125
Time taken:  11.850112915039062
Test Loss: 0.0000, Test Accuracy: 0.9733, Energy: -562444.75
Time taken:  11.695870161056519
Test Loss: 0.0000, Test Accuracy: 0.9733, Energy: -563076.5
Time taken:  11.648614883422852
Test Loss: 0.0000, Test Accuracy: 0.9733, Energy: -563694.75
Time taken:  11.672258615493774
Test Loss: 0.0000, Test Accuracy: 0.9733, Energy: -564246.75
Time taken:  11.642961740493774
Test Loss: 0.0000, Test Accuracy: 0.9733, Energy: -564955.0625
Time taken:  11.873998165130615
Test Loss: 0.0000, Test Accuracy: 0.9733, Energy: -565455.8125
Time taken:  11.6766357421875
Test Loss: 0.0000, Test Accuracy: 0.9733, Energy: -566057.375
Time taken:  11.729053735733032
Test Loss: 0.0000, Test Accuracy: 0.9733, Energy: -566618.75
Time taken:  11.62626576423645
Test Loss: 0.0000, Test Accuracy: 0.9733, Energy: -567169.125
Time taken:  11.804205894470215
Test Loss: 0.0000, Test Accuracy: 0.9733, Energy: -567791.5625
Time taken:  11.997959613800049
Test Loss: 0.0000, Test Accuracy: 0.9733, Energy: -568329.5
Time taken:  11.722721099853516
Test Loss: 0.0000, Test Accuracy: 0.9733, Energy: -568922.5
Time taken:  11.881464958190918
Test Loss: 0.0000, Test Accuracy: 0.9733, Energy: -569545.875
Time taken:  11.861866235733032
Test Loss: 0.0000, Test Accuracy: 0.9733, Energy: -570123.5
Time taken:  11.935198068618774
Test Loss: 0.0000, Test Accuracy: 0.9733, Energy: -570746.8125
Time taken:  12.238670349121094
Test Loss: 0.0000, Test Accuracy: 0.9733, Energy: -571384.375
Time taken:  12.083802461624146
Test Loss: 0.0000, Test Accuracy: 0.9733, Energy: -572003.375
Time taken:  12.021328687667847
Test Loss: 0.0000, Test Accuracy: 0.9733, Energy: -572534.125
Time taken:  11.99293851852417
Test Loss: 0.0000, Test Accuracy: 0.9733, Energy: -573159.5625
Time taken:  12.01996111869812
Test Loss: 0.0000, Test Accuracy: 0.9733, Energy: -573798.1875
Time taken:  12.224531650543213
Test Loss: 0.0000, Test Accuracy: 0.9733, Energy: -574474.8125
Time taken:  12.111652851104736
Test Loss: 0.0000, Test Accuracy: 0.9733, Energy: -575149.25
Time taken:  11.89150595664978
Test Loss: 0.0000, Test Accuracy: 0.9733, Energy: -575870.0625
Time taken:  11.883493185043335
Test Loss: 0.0000, Test Accuracy: 0.9733, Energy: -576842.3125
Time taken:  11.806888580322266
Test Loss: 0.0000, Test Accuracy: 0.9767, Energy: -577708.4375
Time taken:  11.939187049865723
Test Loss: 0.0000, Test Accuracy: 0.9767, Energy: -581086.1875
Time taken:  11.679068565368652
Test Loss: 0.0000, Test Accuracy: 0.9767, Energy: -591327.0625
Time taken:  11.619293212890625
Test Loss: 0.0000, Test Accuracy: 0.9767, Energy: -609663.625
Time taken:  11.437435865402222
Test Loss: 0.0000, Test Accuracy: 0.9767, Energy: -615771.0625
Time taken:  11.475990772247314
Test Loss: 0.0000, Test Accuracy: 0.9767, Energy: -619465.0
Time taken:  11.44102430343628
Test Loss: 0.0000, Test Accuracy: 0.9767, Energy: -622174.4375
Time taken:  11.231103897094727
Test Loss: 0.0000, Test Accuracy: 0.9767, Energy: -624042.5
Time taken:  11.279885530471802
Test Loss: 0.0000, Test Accuracy: 0.9767, Energy: -625906.0625
Time taken:  11.31381106376648
Test Loss: 0.0000, Test Accuracy: 0.9767, Energy: -627613.625
Time taken:  11.420534133911133
Test Loss: 0.0000, Test Accuracy: 0.9767, Energy: -629348.0
Time taken:  11.652196645736694
Test Loss: 0.0000, Test Accuracy: 0.9767, Energy: -630927.8125
Time taken:  11.468868970870972
Test Loss: 0.0000, Test Accuracy: 0.9767, Energy: -632667.0
Time taken:  11.53801941871643
Test Loss: 0.0000, Test Accuracy: 0.9767, Energy: -634239.125
Time taken:  11.448070049285889
Test Loss: 0.0000, Test Accuracy: 0.9767, Energy: -635899.3125
Time taken:  11.510964393615723
Test Loss: 0.0000, Test Accuracy: 0.9767, Energy: -637388.8125
Time taken:  11.719763278961182
Test Loss: 0.0000, Test Accuracy: 0.9767, Energy: -638688.75
Time taken:  11.67682933807373
Test Loss: 0.0000, Test Accuracy: 0.9767, Energy: -639852.125
Time taken:  11.640658378601074
Test Loss: 0.0000, Test Accuracy: 0.9767, Energy: -641208.25
Time taken:  11.614543676376343
Test Loss: 0.0000, Test Accuracy: 0.9767, Energy: -642822.25
Time taken:  11.681965112686157
Test Loss: 0.0000, Test Accuracy: 0.9767, Energy: -644237.1875
Time taken:  11.844145774841309
Test Loss: 0.0000, Test Accuracy: 0.9767, Energy: -645822.4375
Time taken:  11.645281076431274
Test Loss: 0.0000, Test Accuracy: 0.9767, Energy: -648095.25
Time taken:  11.637084245681763
Test Loss: 0.0000, Test Accuracy: 0.9767, Energy: -649222.125
Time taken:  11.667968511581421
Test Loss: 0.0000, Test Accuracy: 0.9767, Energy: -650128.6875
Time taken:  11.649409532546997
Test Loss: 0.0000, Test Accuracy: 0.9767, Energy: -651245.875
Time taken:  11.871801614761353
Test Loss: 0.0000, Test Accuracy: 0.9767, Energy: -652250.6875
Time taken:  11.715600728988647
Test Loss: 0.0000, Test Accuracy: 0.9767, Energy: -653240.9375
Time taken:  11.60436749458313
Test Loss: 0.0000, Test Accuracy: 0.9767, Energy: -654161.6875
Time taken:  11.734997749328613
Test Loss: 0.0000, Test Accuracy: 0.9767, Energy: -655068.0625
Time taken:  11.66574740409851
Test Loss: 0.0000, Test Accuracy: 0.9767, Energy: -655961.5
Time taken:  11.990753889083862
Test Loss: 0.0000, Test Accuracy: 0.9767, Energy: -657019.75
Time taken:  11.7775297164917
Test Loss: 0.0000, Test Accuracy: 0.9767, Energy: -657866.875
Time taken:  11.721826791763306
Test Loss: 0.0000, Test Accuracy: 0.9767, Energy: -658777.0625
Time taken:  11.921504497528076
Test Loss: 0.0000, Test Accuracy: 0.9767, Energy: -659582.8125
Time taken:  11.915507078170776
Test Loss: 0.0000, Test Accuracy: 0.9767, Energy: -660379.6875
Time taken:  12.12636685371399
Final accuracies: [0.95, 0.96, 0.9733333333333334, 0.9733333333333334, 0.9733333333333334, 0.9733333333333334, 0.9733333333333334, 0.9733333333333334, 0.9733333333333334, 0.9733333333333334, 0.9733333333333334, 0.9733333333333334, 0.9733333333333334, 0.9733333333333334, 0.9733333333333334, 0.9733333333333334, 0.9733333333333334, 0.9733333333333334, 0.9733333333333334, 0.9733333333333334, 0.9733333333333334, 0.9733333333333334, 0.9733333333333334, 0.9733333333333334, 0.9733333333333334, 0.9733333333333334, 0.9733333333333334, 0.9733333333333334, 0.9733333333333334, 0.9733333333333334, 0.9733333333333334, 0.9733333333333334, 0.9733333333333334, 0.9733333333333334, 0.9733333333333334, 0.9733333333333334, 0.9733333333333334, 0.9733333333333334, 0.9733333333333334, 0.9733333333333334, 0.9733333333333334, 0.9733333333333334, 0.9733333333333334, 0.9733333333333334, 0.9733333333333334, 0.9733333333333334, 0.9733333333333334, 0.9733333333333334, 0.9733333333333334, 0.9733333333333334, 0.9733333333333334, 0.9733333333333334, 0.9733333333333334, 0.9733333333333334, 0.9733333333333334, 0.9733333333333334, 0.9733333333333334, 0.9733333333333334, 0.9733333333333334, 0.9733333333333334, 0.9733333333333334, 0.9733333333333334, 0.9733333333333334, 0.9733333333333334, 0.9766666666666667, 0.9766666666666667, 0.9766666666666667, 0.9766666666666667, 0.9766666666666667, 0.9766666666666667, 0.9766666666666667, 0.9766666666666667, 0.9766666666666667, 0.9766666666666667, 0.9766666666666667, 0.9766666666666667, 0.9766666666666667, 0.9766666666666667, 0.9766666666666667, 0.9766666666666667, 0.9766666666666667, 0.9766666666666667, 0.9766666666666667, 0.9766666666666667, 0.9766666666666667, 0.9766666666666667, 0.9766666666666667, 0.9766666666666667, 0.9766666666666667, 0.9766666666666667, 0.9766666666666667, 0.9766666666666667, 0.9766666666666667, 0.9766666666666667, 0.9766666666666667, 0.9766666666666667, 0.9766666666666667, 0.9766666666666667, 0.9766666666666667, 0.9766666666666667]
Final energies: [-330731.5, -293873.8125, -507403.0625, -528101.375, -529936.1875, -531259.1875, -532296.3125, -533214.5, -534060.25, -534902.9375, -535832.125, -536546.6875, -537409.1875, -538305.5, -539176.8125, -540186.375, -541285.25, -542374.0, -543526.0625, -544528.0625, -545622.5625, -546661.9375, -547713.1875, -548664.5, -549729.875, -550638.125, -551651.625, -552587.5, -553401.125, -554235.625, -555025.875, -555792.8125, -556508.75, -557308.875, -558063.5, -558769.625, -559525.6875, -560280.125, -561045.875, -561765.3125, -562444.75, -563076.5, -563694.75, -564246.75, -564955.0625, -565455.8125, -566057.375, -566618.75, -567169.125, -567791.5625, -568329.5, -568922.5, -569545.875, -570123.5, -570746.8125, -571384.375, -572003.375, -572534.125, -573159.5625, -573798.1875, -574474.8125, -575149.25, -575870.0625, -576842.3125, -577708.4375, -581086.1875, -591327.0625, -609663.625, -615771.0625, -619465.0, -622174.4375, -624042.5, -625906.0625, -627613.625, -629348.0, -630927.8125, -632667.0, -634239.125, -635899.3125, -637388.8125, -638688.75, -639852.125, -641208.25, -642822.25, -644237.1875, -645822.4375, -648095.25, -649222.125, -650128.6875, -651245.875, -652250.6875, -653240.9375, -654161.6875, -655068.0625, -655961.5, -657019.75, -657866.875, -658777.0625, -659582.8125, -660379.6875]
