Running with parameters: hidden=50, use_coupled=false, seed=67, lam=0.0, eta=0.0, batch=1
Test Loss: 0.0000, Test Accuracy: 0.9500, Energy: -148164.8125
Time taken:  10.962710857391357
Test Loss: 0.0000, Test Accuracy: 0.9733, Energy: -87986.3671875
Time taken:  10.953983545303345
Test Loss: 0.0000, Test Accuracy: 0.8400, Energy: -547268.25
Time taken:  10.93675947189331
Test Loss: 0.0000, Test Accuracy: 0.9333, Energy: -410105.59375
Time taken:  10.94556474685669
Test Loss: 0.0000, Test Accuracy: 0.8967, Energy: -910422.875
Time taken:  11.038309574127197
Test Loss: 0.0000, Test Accuracy: 0.9467, Energy: -479717.15625
Time taken:  10.938635110855103
Test Loss: 0.0000, Test Accuracy: 0.9700, Energy: -321431.15625
Time taken:  10.930120944976807
Test Loss: 0.0000, Test Accuracy: 0.9767, Energy: -344528.65625
Time taken:  10.94168210029602
Test Loss: 0.0000, Test Accuracy: 0.9633, Energy: -358446.875
Time taken:  10.93117904663086
Test Loss: 0.0000, Test Accuracy: 0.9667, Energy: -362003.90625
Time taken:  11.025703430175781
Test Loss: 0.0000, Test Accuracy: 0.9700, Energy: -363916.40625
Time taken:  10.923786401748657
Test Loss: 0.0000, Test Accuracy: 0.9700, Energy: -365658.09375
Time taken:  10.938303709030151
Test Loss: 0.0000, Test Accuracy: 0.9733, Energy: -367749.59375
Time taken:  10.949657917022705
Test Loss: 0.0000, Test Accuracy: 0.9700, Energy: -369871.53125
Time taken:  10.941999673843384
Test Loss: 0.0000, Test Accuracy: 0.9700, Energy: -372027.5
Time taken:  11.018818378448486
Test Loss: 0.0000, Test Accuracy: 0.9733, Energy: -373874.15625
Time taken:  10.929460287094116
Test Loss: 0.0000, Test Accuracy: 0.9667, Energy: -375133.78125
Time taken:  10.936322927474976
Test Loss: 0.0000, Test Accuracy: 0.9733, Energy: -379156.84375
Time taken:  10.930411577224731
Test Loss: 0.0000, Test Accuracy: 0.9733, Energy: -379884.9375
Time taken:  10.912520170211792
Test Loss: 0.0000, Test Accuracy: 0.9733, Energy: -381049.375
Time taken:  11.041144371032715
Test Loss: 0.0000, Test Accuracy: 0.9733, Energy: -382328.875
Time taken:  10.92440414428711
Test Loss: 0.0000, Test Accuracy: 0.9733, Energy: -383469.1875
Time taken:  10.898363590240479
Test Loss: 0.0000, Test Accuracy: 0.9733, Energy: -383959.3125
Time taken:  10.92780590057373
Test Loss: 0.0000, Test Accuracy: 0.9733, Energy: -384334.375
Time taken:  10.914173603057861
Test Loss: 0.0000, Test Accuracy: 0.9733, Energy: -385676.40625
Time taken:  11.064945936203003
Test Loss: 0.0000, Test Accuracy: 0.9733, Energy: -387209.9375
Time taken:  10.947545051574707
Test Loss: 0.0000, Test Accuracy: 0.9767, Energy: -387006.25
Time taken:  10.929014682769775
Test Loss: 0.0000, Test Accuracy: 0.9733, Energy: -534060.4375
Time taken:  10.94486927986145
Test Loss: 0.0000, Test Accuracy: 0.9767, Energy: -555271.375
Time taken:  10.935328722000122
Test Loss: 0.0000, Test Accuracy: 0.9767, Energy: -555426.3125
Time taken:  11.038540363311768
Test Loss: 0.0000, Test Accuracy: 0.9767, Energy: -555935.25
Time taken:  10.945360660552979
Test Loss: 0.0000, Test Accuracy: 0.9767, Energy: -556084.125
Time taken:  10.921190977096558
Test Loss: 0.0000, Test Accuracy: 0.9767, Energy: -557404.6875
Time taken:  10.932881116867065
Test Loss: 0.0000, Test Accuracy: 0.9767, Energy: -558167.375
Time taken:  10.934120655059814
Test Loss: 0.0000, Test Accuracy: 0.9767, Energy: -558604.4375
Time taken:  11.060130596160889
Test Loss: 0.0000, Test Accuracy: 0.9767, Energy: -557599.6875
Time taken:  10.932251691818237
Test Loss: 0.0000, Test Accuracy: 0.9767, Energy: -558995.875
Time taken:  10.913610458374023
Test Loss: 0.0000, Test Accuracy: 0.9767, Energy: -561236.3125
Time taken:  10.934736490249634
Test Loss: 0.0000, Test Accuracy: 0.9767, Energy: -561374.5
Time taken:  10.934637308120728
Test Loss: 0.0000, Test Accuracy: 0.9767, Energy: -561749.875
Time taken:  11.038532733917236
Test Loss: 0.0000, Test Accuracy: 0.9767, Energy: -561870.3125
Time taken:  10.960978507995605
Test Loss: 0.0000, Test Accuracy: 0.9767, Energy: -561698.8125
Time taken:  10.948293924331665
Test Loss: 0.0000, Test Accuracy: 0.9767, Energy: -561576.8125
Time taken:  10.961681365966797
Test Loss: 0.0000, Test Accuracy: 0.9767, Energy: -561838.0
Time taken:  10.92898154258728
Test Loss: 0.0000, Test Accuracy: 0.9767, Energy: -562441.6875
Time taken:  11.06027340888977
Test Loss: 0.0000, Test Accuracy: 0.9767, Energy: -562795.5
Time taken:  10.955905199050903
Test Loss: 0.0000, Test Accuracy: 0.9767, Energy: -563066.0
Time taken:  10.93900728225708
Test Loss: 0.0000, Test Accuracy: 0.9767, Energy: -563100.75
Time taken:  10.952225923538208
Test Loss: 0.0000, Test Accuracy: 0.9767, Energy: -563207.4375
Time taken:  10.931991577148438
Test Loss: 0.0000, Test Accuracy: 0.9767, Energy: -563409.75
Time taken:  11.044886350631714
Test Loss: 0.0000, Test Accuracy: 0.9767, Energy: -563824.5625
Time taken:  10.94798731803894
Test Loss: 0.0000, Test Accuracy: 0.9767, Energy: -564162.4375
Time taken:  10.912323236465454
Test Loss: 0.0000, Test Accuracy: 0.9767, Energy: -564338.0625
Time taken:  10.93597412109375
Test Loss: 0.0000, Test Accuracy: 0.9733, Energy: -564532.875
Time taken:  10.927083969116211
Test Loss: 0.0000, Test Accuracy: 0.9733, Energy: -564941.5625
Time taken:  11.041908264160156
Test Loss: 0.0000, Test Accuracy: 0.9733, Energy: -565178.875
Time taken:  10.940401077270508
Test Loss: 0.0000, Test Accuracy: 0.9733, Energy: -565431.625
Time taken:  10.90856122970581
Test Loss: 0.0000, Test Accuracy: 0.9733, Energy: -565807.3125
Time taken:  10.92259693145752
Test Loss: 0.0000, Test Accuracy: 0.9733, Energy: -566178.75
Time taken:  10.913220643997192
Test Loss: 0.0000, Test Accuracy: 0.9733, Energy: -566610.5
Time taken:  11.05061936378479
Test Loss: 0.0000, Test Accuracy: 0.9733, Energy: -567004.75
Time taken:  10.949110507965088
Test Loss: 0.0000, Test Accuracy: 0.9733, Energy: -567454.6875
Time taken:  10.92827320098877
Test Loss: 0.0000, Test Accuracy: 0.9733, Energy: -567347.875
Time taken:  10.944788932800293
Test Loss: 0.0000, Test Accuracy: 0.9733, Energy: -567717.4375
Time taken:  10.929852724075317
Test Loss: 0.0000, Test Accuracy: 0.9733, Energy: -568299.125
Time taken:  11.068992376327515
Test Loss: 0.0000, Test Accuracy: 0.9733, Energy: -568508.875
Time taken:  10.956228971481323
Test Loss: 0.0000, Test Accuracy: 0.9733, Energy: -568632.125
Time taken:  10.928661823272705
Test Loss: 0.0000, Test Accuracy: 0.9733, Energy: -568710.375
Time taken:  10.943610191345215
Test Loss: 0.0000, Test Accuracy: 0.9733, Energy: -568993.1875
Time taken:  10.94435453414917
Test Loss: 0.0000, Test Accuracy: 0.9733, Energy: -569590.875
Time taken:  11.052325963973999
Test Loss: 0.0000, Test Accuracy: 0.9733, Energy: -570006.6875
Time taken:  10.931064367294312
Test Loss: 0.0000, Test Accuracy: 0.9733, Energy: -570146.875
Time taken:  10.914128541946411
Test Loss: 0.0000, Test Accuracy: 0.9733, Energy: -570505.125
Time taken:  10.942463636398315
Test Loss: 0.0000, Test Accuracy: 0.9700, Energy: -571280.0
Time taken:  10.918293476104736
Test Loss: 0.0000, Test Accuracy: 0.9700, Energy: -572123.875
Time taken:  11.037410259246826
Test Loss: 0.0000, Test Accuracy: 0.9700, Energy: -572551.0625
Time taken:  10.931474685668945
Test Loss: 0.0000, Test Accuracy: 0.9700, Energy: -572698.25
Time taken:  10.916191339492798
Test Loss: 0.0000, Test Accuracy: 0.9700, Energy: -573651.5
Time taken:  10.923575401306152
Test Loss: 0.0000, Test Accuracy: 0.9667, Energy: -574983.25
Time taken:  10.906503438949585
Test Loss: 0.0000, Test Accuracy: 0.9667, Energy: -575237.625
Time taken:  11.036705017089844
Test Loss: 0.0000, Test Accuracy: 0.9667, Energy: -576122.5625
Time taken:  10.930736541748047
Test Loss: 0.0000, Test Accuracy: 0.9667, Energy: -576278.8125
Time taken:  10.912760972976685
Test Loss: 0.0000, Test Accuracy: 0.9667, Energy: -577254.5625
Time taken:  10.922064304351807
Test Loss: 0.0000, Test Accuracy: 0.9667, Energy: -577991.1875
Time taken:  10.909123182296753
Test Loss: 0.0000, Test Accuracy: 0.9667, Energy: -578953.5625
Time taken:  11.088391304016113
Test Loss: 0.0000, Test Accuracy: 0.9667, Energy: -580250.25
Time taken:  10.933600664138794
Test Loss: 0.0000, Test Accuracy: 0.9667, Energy: -582045.5625
Time taken:  10.906389951705933
Test Loss: 0.0000, Test Accuracy: 0.9667, Energy: -582302.25
Time taken:  10.918734550476074
Test Loss: 0.0000, Test Accuracy: 0.9667, Energy: -582746.0625
Time taken:  10.950544595718384
Test Loss: 0.0000, Test Accuracy: 0.9667, Energy: -583334.75
Time taken:  11.048701524734497
Test Loss: 0.0000, Test Accuracy: 0.9700, Energy: -584277.125
Time taken:  10.949451208114624
Test Loss: 0.0000, Test Accuracy: 0.9700, Energy: -584786.375
Time taken:  10.914328813552856
Test Loss: 0.0000, Test Accuracy: 0.9700, Energy: -585405.75
Time taken:  10.927916288375854
Test Loss: 0.0000, Test Accuracy: 0.9700, Energy: -585762.8125
Time taken:  10.913784980773926
Test Loss: 0.0000, Test Accuracy: 0.9733, Energy: -586519.6875
Time taken:  11.059304237365723
Test Loss: 0.0000, Test Accuracy: 0.9733, Energy: -586719.6875
Time taken:  10.947789192199707
Test Loss: 0.0000, Test Accuracy: 0.9733, Energy: -587239.375
Time taken:  10.9354829788208
Test Loss: 0.0000, Test Accuracy: 0.9733, Energy: -587792.25
Time taken:  10.949151754379272
Test Loss: 0.0000, Test Accuracy: 0.9733, Energy: -589021.6875
Time taken:  10.927542209625244
Test Loss: 0.0000, Test Accuracy: 0.9733, Energy: -589717.125
Time taken:  11.042744398117065
Final accuracies: [0.95, 0.9733333333333334, 0.84, 0.9333333333333333, 0.8966666666666666, 0.9466666666666667, 0.97, 0.9766666666666667, 0.9633333333333334, 0.9666666666666667, 0.97, 0.97, 0.9733333333333334, 0.97, 0.97, 0.9733333333333334, 0.9666666666666667, 0.9733333333333334, 0.9733333333333334, 0.9733333333333334, 0.9733333333333334, 0.9733333333333334, 0.9733333333333334, 0.9733333333333334, 0.9733333333333334, 0.9733333333333334, 0.9766666666666667, 0.9733333333333334, 0.9766666666666667, 0.9766666666666667, 0.9766666666666667, 0.9766666666666667, 0.9766666666666667, 0.9766666666666667, 0.9766666666666667, 0.9766666666666667, 0.9766666666666667, 0.9766666666666667, 0.9766666666666667, 0.9766666666666667, 0.9766666666666667, 0.9766666666666667, 0.9766666666666667, 0.9766666666666667, 0.9766666666666667, 0.9766666666666667, 0.9766666666666667, 0.9766666666666667, 0.9766666666666667, 0.9766666666666667, 0.9766666666666667, 0.9766666666666667, 0.9766666666666667, 0.9733333333333334, 0.9733333333333334, 0.9733333333333334, 0.9733333333333334, 0.9733333333333334, 0.9733333333333334, 0.9733333333333334, 0.9733333333333334, 0.9733333333333334, 0.9733333333333334, 0.9733333333333334, 0.9733333333333334, 0.9733333333333334, 0.9733333333333334, 0.9733333333333334, 0.9733333333333334, 0.9733333333333334, 0.9733333333333334, 0.9733333333333334, 0.9733333333333334, 0.97, 0.97, 0.97, 0.97, 0.97, 0.9666666666666667, 0.9666666666666667, 0.9666666666666667, 0.9666666666666667, 0.9666666666666667, 0.9666666666666667, 0.9666666666666667, 0.9666666666666667, 0.9666666666666667, 0.9666666666666667, 0.9666666666666667, 0.9666666666666667, 0.97, 0.97, 0.97, 0.97, 0.9733333333333334, 0.9733333333333334, 0.9733333333333334, 0.9733333333333334, 0.9733333333333334, 0.9733333333333334]
Final energies: [-148164.8125, -87986.3671875, -547268.25, -410105.59375, -910422.875, -479717.15625, -321431.15625, -344528.65625, -358446.875, -362003.90625, -363916.40625, -365658.09375, -367749.59375, -369871.53125, -372027.5, -373874.15625, -375133.78125, -379156.84375, -379884.9375, -381049.375, -382328.875, -383469.1875, -383959.3125, -384334.375, -385676.40625, -387209.9375, -387006.25, -534060.4375, -555271.375, -555426.3125, -555935.25, -556084.125, -557404.6875, -558167.375, -558604.4375, -557599.6875, -558995.875, -561236.3125, -561374.5, -561749.875, -561870.3125, -561698.8125, -561576.8125, -561838.0, -562441.6875, -562795.5, -563066.0, -563100.75, -563207.4375, -563409.75, -563824.5625, -564162.4375, -564338.0625, -564532.875, -564941.5625, -565178.875, -565431.625, -565807.3125, -566178.75, -566610.5, -567004.75, -567454.6875, -567347.875, -567717.4375, -568299.125, -568508.875, -568632.125, -568710.375, -568993.1875, -569590.875, -570006.6875, -570146.875, -570505.125, -571280.0, -572123.875, -572551.0625, -572698.25, -573651.5, -574983.25, -575237.625, -576122.5625, -576278.8125, -577254.5625, -577991.1875, -578953.5625, -580250.25, -582045.5625, -582302.25, -582746.0625, -583334.75, -584277.125, -584786.375, -585405.75, -585762.8125, -586519.6875, -586719.6875, -587239.375, -587792.25, -589021.6875, -589717.125]
