Running with parameters: hidden=50, use_coupled=false, seed=46, lam=0.0, eta=0.0, batch=1
Test Loss: 0.0000, Test Accuracy: 0.9833, Energy: -415386.875
Time taken:  13.608192682266235
Test Loss: 0.0000, Test Accuracy: 0.9567, Energy: -717244.0625
Time taken:  13.59867262840271
Test Loss: 0.0000, Test Accuracy: 0.9567, Energy: -735939.5
Time taken:  13.60267448425293
Test Loss: 0.0000, Test Accuracy: 0.9567, Energy: -743299.625
Time taken:  13.607954740524292
Test Loss: 0.0000, Test Accuracy: 0.9567, Energy: -746364.5
Time taken:  13.695706129074097
Test Loss: 0.0000, Test Accuracy: 0.9567, Energy: -748228.875
Time taken:  13.626057863235474
Test Loss: 0.0000, Test Accuracy: 0.9567, Energy: -750748.6875
Time taken:  13.626662254333496
Test Loss: 0.0000, Test Accuracy: 0.9567, Energy: -752602.125
Time taken:  13.635701894760132
Test Loss: 0.0000, Test Accuracy: 0.9567, Energy: -753689.0
Time taken:  13.649301290512085
Test Loss: 0.0000, Test Accuracy: 0.9567, Energy: -754699.0625
Time taken:  13.718899726867676
Test Loss: 0.0000, Test Accuracy: 0.9567, Energy: -755703.5
Time taken:  13.626252174377441
Test Loss: 0.0000, Test Accuracy: 0.9567, Energy: -756228.1875
Time taken:  13.626322746276855
Test Loss: 0.0000, Test Accuracy: 0.9567, Energy: -756706.5
Time taken:  13.628759145736694
Test Loss: 0.0000, Test Accuracy: 0.9567, Energy: -757373.75
Time taken:  13.62719440460205
Test Loss: 0.0000, Test Accuracy: 0.9567, Energy: -757842.125
Time taken:  13.723194599151611
Test Loss: 0.0000, Test Accuracy: 0.9567, Energy: -758178.0625
Time taken:  13.636335372924805
Test Loss: 0.0000, Test Accuracy: 0.9567, Energy: -758534.3125
Time taken:  13.646920680999756
Test Loss: 0.0000, Test Accuracy: 0.9567, Energy: -758879.4375
Time taken:  13.629375457763672
Test Loss: 0.0000, Test Accuracy: 0.9567, Energy: -759116.875
Time taken:  13.629127502441406
Test Loss: 0.0000, Test Accuracy: 0.9567, Energy: -759446.125
Time taken:  13.72488784790039
Test Loss: 0.0000, Test Accuracy: 0.9567, Energy: -759808.0625
Time taken:  13.630279541015625
Test Loss: 0.0000, Test Accuracy: 0.9567, Energy: -759985.0
Time taken:  13.630173921585083
Test Loss: 0.0000, Test Accuracy: 0.9567, Energy: -760296.625
Time taken:  13.61665678024292
Test Loss: 0.0000, Test Accuracy: 0.9567, Energy: -760651.0
Time taken:  13.627135038375854
Test Loss: 0.0000, Test Accuracy: 0.9567, Energy: -761033.625
Time taken:  13.69552755355835
Test Loss: 0.0000, Test Accuracy: 0.9567, Energy: -761235.8125
Time taken:  13.634630918502808
Test Loss: 0.0000, Test Accuracy: 0.9567, Energy: -761718.0
Time taken:  13.633116483688354
Test Loss: 0.0000, Test Accuracy: 0.9567, Energy: -761940.0
Time taken:  13.627740144729614
Test Loss: 0.0000, Test Accuracy: 0.9567, Energy: -762256.875
Time taken:  13.636618614196777
Test Loss: 0.0000, Test Accuracy: 0.9567, Energy: -762615.875
Time taken:  13.713631868362427
Test Loss: 0.0000, Test Accuracy: 0.9567, Energy: -763152.3125
Time taken:  13.625307083129883
Test Loss: 0.0000, Test Accuracy: 0.9567, Energy: -763522.1875
Time taken:  13.636654376983643
Test Loss: 0.0000, Test Accuracy: 0.9567, Energy: -763858.9375
Time taken:  13.625458002090454
Test Loss: 0.0000, Test Accuracy: 0.9567, Energy: -764111.0
Time taken:  13.630987167358398
Test Loss: 0.0000, Test Accuracy: 0.9567, Energy: -764556.0625
Time taken:  13.72370457649231
Test Loss: 0.0000, Test Accuracy: 0.9567, Energy: -765065.5625
Time taken:  13.625886917114258
Test Loss: 0.0000, Test Accuracy: 0.9567, Energy: -765462.5
Time taken:  13.648060321807861
Test Loss: 0.0000, Test Accuracy: 0.9567, Energy: -765908.4375
Time taken:  13.623213291168213
Test Loss: 0.0000, Test Accuracy: 0.9567, Energy: -766254.875
Time taken:  13.619813203811646
Test Loss: 0.0000, Test Accuracy: 0.9567, Energy: -766837.1875
Time taken:  13.736692905426025
Test Loss: 0.0000, Test Accuracy: 0.9567, Energy: -767230.0625
Time taken:  13.626484870910645
Test Loss: 0.0000, Test Accuracy: 0.9567, Energy: -767879.75
Time taken:  13.6357102394104
Test Loss: 0.0000, Test Accuracy: 0.9567, Energy: -768142.8125
Time taken:  13.608221292495728
Test Loss: 0.0000, Test Accuracy: 0.9567, Energy: -768661.375
Time taken:  13.619493007659912
Test Loss: 0.0000, Test Accuracy: 0.9567, Energy: -769157.9375
Time taken:  13.714328050613403
Test Loss: 0.0000, Test Accuracy: 0.9567, Energy: -769618.1875
Time taken:  13.62782597541809
Test Loss: 0.0000, Test Accuracy: 0.9567, Energy: -770155.375
Time taken:  13.64149785041809
Test Loss: 0.0000, Test Accuracy: 0.9567, Energy: -770832.5625
Time taken:  13.63554310798645
Test Loss: 0.0000, Test Accuracy: 0.9567, Energy: -771497.125
Time taken:  13.62798023223877
Test Loss: 0.0000, Test Accuracy: 0.9567, Energy: -771829.1875
Time taken:  13.718480825424194
Test Loss: 0.0000, Test Accuracy: 0.9567, Energy: -772326.625
Time taken:  13.629642724990845
Test Loss: 0.0000, Test Accuracy: 0.9567, Energy: -772940.8125
Time taken:  13.64490032196045
Test Loss: 0.0000, Test Accuracy: 0.9567, Energy: -773334.3125
Time taken:  13.633372783660889
Test Loss: 0.0000, Test Accuracy: 0.9567, Energy: -773762.6875
Time taken:  13.616451263427734
Test Loss: 0.0000, Test Accuracy: 0.9567, Energy: -774391.4375
Time taken:  13.715906858444214
Test Loss: 0.0000, Test Accuracy: 0.9567, Energy: -774739.125
Time taken:  13.64333987236023
Test Loss: 0.0000, Test Accuracy: 0.9567, Energy: -775219.25
Time taken:  13.646053075790405
Test Loss: 0.0000, Test Accuracy: 0.9567, Energy: -775739.5
Time taken:  13.63999080657959
Test Loss: 0.0000, Test Accuracy: 0.9567, Energy: -776317.5625
Time taken:  13.64490008354187
Test Loss: 0.0000, Test Accuracy: 0.9567, Energy: -776842.125
Time taken:  13.724156379699707
Test Loss: 0.0000, Test Accuracy: 0.9567, Energy: -777229.25
Time taken:  13.625198125839233
Test Loss: 0.0000, Test Accuracy: 0.9567, Energy: -777802.5
Time taken:  13.628580331802368
Test Loss: 0.0000, Test Accuracy: 0.9567, Energy: -778270.625
Time taken:  13.63654899597168
Test Loss: 0.0000, Test Accuracy: 0.9567, Energy: -778743.75
Time taken:  13.634241819381714
Test Loss: 0.0000, Test Accuracy: 0.9567, Energy: -779282.6875
Time taken:  13.722010612487793
Test Loss: 0.0000, Test Accuracy: 0.9567, Energy: -779985.0
Time taken:  13.622668743133545
Test Loss: 0.0000, Test Accuracy: 0.9567, Energy: -780495.6875
Time taken:  13.631694793701172
Test Loss: 0.0000, Test Accuracy: 0.9567, Energy: -781078.75
Time taken:  13.618871212005615
Test Loss: 0.0000, Test Accuracy: 0.9567, Energy: -781699.4375
Time taken:  13.625041484832764
Test Loss: 0.0000, Test Accuracy: 0.9567, Energy: -782370.3125
Time taken:  13.721315860748291
Test Loss: 0.0000, Test Accuracy: 0.9567, Energy: -782975.3125
Time taken:  13.623578786849976
Test Loss: 0.0000, Test Accuracy: 0.9567, Energy: -783627.4375
Time taken:  13.634043455123901
Test Loss: 0.0000, Test Accuracy: 0.9567, Energy: -784380.6875
Time taken:  13.62076735496521
Test Loss: 0.0000, Test Accuracy: 0.9567, Energy: -785144.5625
Time taken:  13.630890607833862
Test Loss: 0.0000, Test Accuracy: 0.9567, Energy: -785877.9375
Time taken:  13.734724044799805
Test Loss: 0.0000, Test Accuracy: 0.9567, Energy: -786646.25
Time taken:  13.626533508300781
Test Loss: 0.0000, Test Accuracy: 0.9567, Energy: -787219.4375
Time taken:  13.64632773399353
Test Loss: 0.0000, Test Accuracy: 0.9567, Energy: -787852.75
Time taken:  13.618149757385254
Test Loss: 0.0000, Test Accuracy: 0.9567, Energy: -788713.875
Time taken:  13.63767957687378
Test Loss: 0.0000, Test Accuracy: 0.9567, Energy: -789363.8125
Time taken:  13.714137315750122
Test Loss: 0.0000, Test Accuracy: 0.9567, Energy: -790163.0625
Time taken:  13.627582311630249
Test Loss: 0.0000, Test Accuracy: 0.9567, Energy: -790829.0
Time taken:  13.588004350662231
Test Loss: 0.0000, Test Accuracy: 0.9567, Energy: -791574.5625
Time taken:  13.597745656967163
Test Loss: 0.0000, Test Accuracy: 0.9567, Energy: -792344.6875
Time taken:  13.5881986618042
Test Loss: 0.0000, Test Accuracy: 0.9567, Energy: -793165.0625
Time taken:  13.69230604171753
Test Loss: 0.0000, Test Accuracy: 0.9567, Energy: -793759.25
Time taken:  13.59309720993042
Test Loss: 0.0000, Test Accuracy: 0.9567, Energy: -794810.4375
Time taken:  13.60408091545105
Test Loss: 0.0000, Test Accuracy: 0.9567, Energy: -795679.375
Time taken:  13.587193727493286
Test Loss: 0.0000, Test Accuracy: 0.9533, Energy: -796412.5625
Time taken:  13.580006122589111
Test Loss: 0.0000, Test Accuracy: 0.9500, Energy: -796971.25
Time taken:  13.668480634689331
Test Loss: 0.0000, Test Accuracy: 0.9500, Energy: -797805.3125
Time taken:  13.572505235671997
Test Loss: 0.0000, Test Accuracy: 0.9500, Energy: -798968.1875
Time taken:  13.581481695175171
Test Loss: 0.0000, Test Accuracy: 0.9500, Energy: -799835.0625
Time taken:  13.56808090209961
Test Loss: 0.0000, Test Accuracy: 0.9500, Energy: -800710.0625
Time taken:  13.581841945648193
Test Loss: 0.0000, Test Accuracy: 0.9500, Energy: -801596.3125
Time taken:  13.672565698623657
Test Loss: 0.0000, Test Accuracy: 0.9467, Energy: -802227.875
Time taken:  13.584478855133057
Test Loss: 0.0000, Test Accuracy: 0.9467, Energy: -802927.5
Time taken:  13.588431358337402
Test Loss: 0.0000, Test Accuracy: 0.9467, Energy: -803775.375
Time taken:  13.562025785446167
Test Loss: 0.0000, Test Accuracy: 0.9467, Energy: -804418.1875
Time taken:  13.594839811325073
Test Loss: 0.0000, Test Accuracy: 0.9467, Energy: -805419.125
Time taken:  13.654002904891968
Final accuracies: [0.9833333333333333, 0.9566666666666667, 0.9566666666666667, 0.9566666666666667, 0.9566666666666667, 0.9566666666666667, 0.9566666666666667, 0.9566666666666667, 0.9566666666666667, 0.9566666666666667, 0.9566666666666667, 0.9566666666666667, 0.9566666666666667, 0.9566666666666667, 0.9566666666666667, 0.9566666666666667, 0.9566666666666667, 0.9566666666666667, 0.9566666666666667, 0.9566666666666667, 0.9566666666666667, 0.9566666666666667, 0.9566666666666667, 0.9566666666666667, 0.9566666666666667, 0.9566666666666667, 0.9566666666666667, 0.9566666666666667, 0.9566666666666667, 0.9566666666666667, 0.9566666666666667, 0.9566666666666667, 0.9566666666666667, 0.9566666666666667, 0.9566666666666667, 0.9566666666666667, 0.9566666666666667, 0.9566666666666667, 0.9566666666666667, 0.9566666666666667, 0.9566666666666667, 0.9566666666666667, 0.9566666666666667, 0.9566666666666667, 0.9566666666666667, 0.9566666666666667, 0.9566666666666667, 0.9566666666666667, 0.9566666666666667, 0.9566666666666667, 0.9566666666666667, 0.9566666666666667, 0.9566666666666667, 0.9566666666666667, 0.9566666666666667, 0.9566666666666667, 0.9566666666666667, 0.9566666666666667, 0.9566666666666667, 0.9566666666666667, 0.9566666666666667, 0.9566666666666667, 0.9566666666666667, 0.9566666666666667, 0.9566666666666667, 0.9566666666666667, 0.9566666666666667, 0.9566666666666667, 0.9566666666666667, 0.9566666666666667, 0.9566666666666667, 0.9566666666666667, 0.9566666666666667, 0.9566666666666667, 0.9566666666666667, 0.9566666666666667, 0.9566666666666667, 0.9566666666666667, 0.9566666666666667, 0.9566666666666667, 0.9566666666666667, 0.9566666666666667, 0.9566666666666667, 0.9566666666666667, 0.9566666666666667, 0.9566666666666667, 0.9566666666666667, 0.9566666666666667, 0.9533333333333334, 0.95, 0.95, 0.95, 0.95, 0.95, 0.95, 0.9466666666666667, 0.9466666666666667, 0.9466666666666667, 0.9466666666666667, 0.9466666666666667]
Final energies: [-415386.875, -717244.0625, -735939.5, -743299.625, -746364.5, -748228.875, -750748.6875, -752602.125, -753689.0, -754699.0625, -755703.5, -756228.1875, -756706.5, -757373.75, -757842.125, -758178.0625, -758534.3125, -758879.4375, -759116.875, -759446.125, -759808.0625, -759985.0, -760296.625, -760651.0, -761033.625, -761235.8125, -761718.0, -761940.0, -762256.875, -762615.875, -763152.3125, -763522.1875, -763858.9375, -764111.0, -764556.0625, -765065.5625, -765462.5, -765908.4375, -766254.875, -766837.1875, -767230.0625, -767879.75, -768142.8125, -768661.375, -769157.9375, -769618.1875, -770155.375, -770832.5625, -771497.125, -771829.1875, -772326.625, -772940.8125, -773334.3125, -773762.6875, -774391.4375, -774739.125, -775219.25, -775739.5, -776317.5625, -776842.125, -777229.25, -777802.5, -778270.625, -778743.75, -779282.6875, -779985.0, -780495.6875, -781078.75, -781699.4375, -782370.3125, -782975.3125, -783627.4375, -784380.6875, -785144.5625, -785877.9375, -786646.25, -787219.4375, -787852.75, -788713.875, -789363.8125, -790163.0625, -790829.0, -791574.5625, -792344.6875, -793165.0625, -793759.25, -794810.4375, -795679.375, -796412.5625, -796971.25, -797805.3125, -798968.1875, -799835.0625, -800710.0625, -801596.3125, -802227.875, -802927.5, -803775.375, -804418.1875, -805419.125]
