Running with parameters: hidden=50, use_coupled=false, seed=27, lam=0.0, eta=0.0, batch=1
Test Loss: 0.0000, Test Accuracy: 0.9467, Energy: -814117.625
Time taken:  11.64168381690979
Test Loss: 0.0000, Test Accuracy: 0.9900, Energy: -633014.5
Time taken:  11.764116048812866
Test Loss: 0.0000, Test Accuracy: 0.9900, Energy: -638982.8125
Time taken:  11.718433380126953
Test Loss: 0.0000, Test Accuracy: 0.9900, Energy: -639156.6875
Time taken:  11.768509864807129
Test Loss: 0.0000, Test Accuracy: 0.9900, Energy: -639158.8125
Time taken:  11.93341064453125
Test Loss: 0.0000, Test Accuracy: 0.9900, Energy: -638905.125
Time taken:  11.89337420463562
Test Loss: 0.0000, Test Accuracy: 0.9900, Energy: -639201.8125
Time taken:  11.926659345626831
Test Loss: 0.0000, Test Accuracy: 0.9900, Energy: -639461.9375
Time taken:  11.974347829818726
Test Loss: 0.0000, Test Accuracy: 0.9900, Energy: -640109.5
Time taken:  12.055818557739258
Test Loss: 0.0000, Test Accuracy: 0.9900, Energy: -641132.75
Time taken:  12.18485689163208
Test Loss: 0.0000, Test Accuracy: 0.9900, Energy: -642012.3125
Time taken:  12.039096117019653
Test Loss: 0.0000, Test Accuracy: 0.9900, Energy: -643014.5
Time taken:  12.058618783950806
Test Loss: 0.0000, Test Accuracy: 0.9900, Energy: -643986.375
Time taken:  12.016649723052979
Test Loss: 0.0000, Test Accuracy: 0.9900, Energy: -645096.5625
Time taken:  12.088042736053467
Test Loss: 0.0000, Test Accuracy: 0.9867, Energy: -646486.125
Time taken:  12.249977111816406
Test Loss: 0.0000, Test Accuracy: 0.9867, Energy: -647470.625
Time taken:  11.976771116256714
Test Loss: 0.0000, Test Accuracy: 0.9867, Energy: -648778.0625
Time taken:  11.91641640663147
Test Loss: 0.0000, Test Accuracy: 0.9867, Energy: -650017.25
Time taken:  11.798124551773071
Test Loss: 0.0000, Test Accuracy: 0.9867, Energy: -650970.875
Time taken:  11.767701387405396
Test Loss: 0.0000, Test Accuracy: 0.9867, Energy: -652131.25
Time taken:  11.983458757400513
Test Loss: 0.0000, Test Accuracy: 0.9867, Energy: -653310.5625
Time taken:  11.62671184539795
Test Loss: 0.0000, Test Accuracy: 0.9867, Energy: -654484.625
Time taken:  11.540720224380493
Test Loss: 0.0000, Test Accuracy: 0.9867, Energy: -655761.0
Time taken:  11.373521327972412
Test Loss: 0.0000, Test Accuracy: 0.9867, Energy: -656850.9375
Time taken:  11.242539882659912
Test Loss: 0.0000, Test Accuracy: 0.9867, Energy: -657838.5625
Time taken:  11.410332679748535
Test Loss: 0.0000, Test Accuracy: 0.9867, Energy: -659068.625
Time taken:  11.351481199264526
Test Loss: 0.0000, Test Accuracy: 0.9867, Energy: -660139.9375
Time taken:  11.346577167510986
Test Loss: 0.0000, Test Accuracy: 0.9867, Energy: -661235.5
Time taken:  11.443676710128784
Test Loss: 0.0000, Test Accuracy: 0.9867, Energy: -662249.0625
Time taken:  11.525338172912598
Test Loss: 0.0000, Test Accuracy: 0.9867, Energy: -663382.5625
Time taken:  11.628407955169678
Test Loss: 0.0000, Test Accuracy: 0.9867, Energy: -664454.8125
Time taken:  11.472135066986084
Test Loss: 0.0000, Test Accuracy: 0.9867, Energy: -665472.4375
Time taken:  11.610701322555542
Test Loss: 0.0000, Test Accuracy: 0.9867, Energy: -666512.625
Time taken:  11.52173662185669
Test Loss: 0.0000, Test Accuracy: 0.9867, Energy: -667612.25
Time taken:  11.488043546676636
Test Loss: 0.0000, Test Accuracy: 0.9867, Energy: -668630.5
Time taken:  11.855485677719116
Test Loss: 0.0000, Test Accuracy: 0.9867, Energy: -669749.9375
Time taken:  11.64208459854126
Test Loss: 0.0000, Test Accuracy: 0.9867, Energy: -670870.375
Time taken:  11.605297088623047
Test Loss: 0.0000, Test Accuracy: 0.9867, Energy: -671950.375
Time taken:  11.721198320388794
Test Loss: 0.0000, Test Accuracy: 0.9867, Energy: -672988.875
Time taken:  11.636848211288452
Test Loss: 0.0000, Test Accuracy: 0.9867, Energy: -673989.375
Time taken:  11.889469861984253
Test Loss: 0.0000, Test Accuracy: 0.9867, Energy: -674993.875
Time taken:  11.708686113357544
Test Loss: 0.0000, Test Accuracy: 0.9867, Energy: -675972.9375
Time taken:  11.697774648666382
Test Loss: 0.0000, Test Accuracy: 0.9867, Energy: -676929.1875
Time taken:  11.721047401428223
Test Loss: 0.0000, Test Accuracy: 0.9867, Energy: -677920.1875
Time taken:  11.689856767654419
Test Loss: 0.0000, Test Accuracy: 0.9867, Energy: -678860.375
Time taken:  11.875520706176758
Test Loss: 0.0000, Test Accuracy: 0.9867, Energy: -679764.125
Time taken:  11.646064758300781
Test Loss: 0.0000, Test Accuracy: 0.9867, Energy: -680757.1875
Time taken:  11.749307870864868
Test Loss: 0.0000, Test Accuracy: 0.9867, Energy: -681748.5
Time taken:  11.629033327102661
Test Loss: 0.0000, Test Accuracy: 0.9867, Energy: -682696.0625
Time taken:  11.815509557723999
Test Loss: 0.0000, Test Accuracy: 0.9867, Energy: -683564.6875
Time taken:  11.941623449325562
Test Loss: 0.0000, Test Accuracy: 0.9867, Energy: -684513.0625
Time taken:  11.776193141937256
Test Loss: 0.0000, Test Accuracy: 0.9867, Energy: -685504.25
Time taken:  11.963716745376587
Test Loss: 0.0000, Test Accuracy: 0.9867, Energy: -686462.75
Time taken:  11.879270076751709
Test Loss: 0.0000, Test Accuracy: 0.9867, Energy: -687349.625
Time taken:  12.036767721176147
Test Loss: 0.0000, Test Accuracy: 0.9867, Energy: -688291.0625
Time taken:  12.207328081130981
Test Loss: 0.0000, Test Accuracy: 0.9867, Energy: -689242.875
Time taken:  12.038397550582886
Test Loss: 0.0000, Test Accuracy: 0.9867, Energy: -690201.625
Time taken:  12.057740688323975
Test Loss: 0.0000, Test Accuracy: 0.9867, Energy: -691133.8125
Time taken:  11.979238271713257
Test Loss: 0.0000, Test Accuracy: 0.9867, Energy: -692131.5
Time taken:  12.05741262435913
Test Loss: 0.0000, Test Accuracy: 0.9867, Energy: -693082.0
Time taken:  12.260410785675049
Test Loss: 0.0000, Test Accuracy: 0.9867, Energy: -694004.9375
Time taken:  12.065202951431274
Test Loss: 0.0000, Test Accuracy: 0.9867, Energy: -694886.5625
Time taken:  11.930523872375488
Test Loss: 0.0000, Test Accuracy: 0.9867, Energy: -695816.3125
Time taken:  11.875911951065063
Test Loss: 0.0000, Test Accuracy: 0.9867, Energy: -696847.25
Time taken:  11.820608377456665
Test Loss: 0.0000, Test Accuracy: 0.9867, Energy: -697864.0625
Time taken:  11.944602489471436
Test Loss: 0.0000, Test Accuracy: 0.9867, Energy: -698706.6875
Time taken:  11.681833744049072
Test Loss: 0.0000, Test Accuracy: 0.9867, Energy: -699645.625
Time taken:  11.602965831756592
Test Loss: 0.0000, Test Accuracy: 0.9867, Energy: -700365.25
Time taken:  11.422577857971191
Test Loss: 0.0000, Test Accuracy: 0.9867, Energy: -701218.25
Time taken:  11.437332153320312
Test Loss: 0.0000, Test Accuracy: 0.9867, Energy: -702188.9375
Time taken:  11.46912956237793
Test Loss: 0.0000, Test Accuracy: 0.9867, Energy: -703002.5625
Time taken:  11.260804176330566
Test Loss: 0.0000, Test Accuracy: 0.9867, Energy: -703886.5
Time taken:  11.325697898864746
Test Loss: 0.0000, Test Accuracy: 0.9867, Energy: -704798.125
Time taken:  11.368887662887573
Test Loss: 0.0000, Test Accuracy: 0.9867, Energy: -705672.6875
Time taken:  11.452911853790283
Test Loss: 0.0000, Test Accuracy: 0.9867, Energy: -706569.1875
Time taken:  11.67139220237732
Test Loss: 0.0000, Test Accuracy: 0.9867, Energy: -707493.25
Time taken:  11.5193772315979
Test Loss: 0.0000, Test Accuracy: 0.9867, Energy: -708404.5625
Time taken:  11.531362533569336
Test Loss: 0.0000, Test Accuracy: 0.9867, Energy: -709269.25
Time taken:  11.492580652236938
Test Loss: 0.0000, Test Accuracy: 0.9867, Energy: -710107.8125
Time taken:  11.524894952774048
Test Loss: 0.0000, Test Accuracy: 0.9867, Energy: -710982.8125
Time taken:  11.737882137298584
Test Loss: 0.0000, Test Accuracy: 0.9867, Energy: -711894.1875
Time taken:  11.740735292434692
Test Loss: 0.0000, Test Accuracy: 0.9867, Energy: -712751.0625
Time taken:  11.621091365814209
Test Loss: 0.0000, Test Accuracy: 0.9867, Energy: -713654.0625
Time taken:  11.645357370376587
Test Loss: 0.0000, Test Accuracy: 0.9867, Energy: -714574.5625
Time taken:  11.69925308227539
Test Loss: 0.0000, Test Accuracy: 0.9867, Energy: -715382.375
Time taken:  11.89501404762268
Test Loss: 0.0000, Test Accuracy: 0.9867, Energy: -716265.5625
Time taken:  11.664472818374634
Test Loss: 0.0000, Test Accuracy: 0.9867, Energy: -717105.4375
Time taken:  11.675015449523926
Test Loss: 0.0000, Test Accuracy: 0.9867, Energy: -717932.9375
Time taken:  11.676016330718994
Test Loss: 0.0000, Test Accuracy: 0.9867, Energy: -718865.25
Time taken:  11.626832246780396
Test Loss: 0.0000, Test Accuracy: 0.9867, Energy: -719691.625
Time taken:  11.925568103790283
Test Loss: 0.0000, Test Accuracy: 0.9867, Energy: -720558.875
Time taken:  11.678494215011597
Test Loss: 0.0000, Test Accuracy: 0.9867, Energy: -721309.1875
Time taken:  11.676026105880737
Test Loss: 0.0000, Test Accuracy: 0.9867, Energy: -722101.5
Time taken:  11.725842952728271
Test Loss: 0.0000, Test Accuracy: 0.9867, Energy: -722792.4375
Time taken:  11.696912288665771
Test Loss: 0.0000, Test Accuracy: 0.9867, Energy: -723582.625
Time taken:  11.972921133041382
Test Loss: 0.0000, Test Accuracy: 0.9867, Energy: -724233.9375
Time taken:  11.80830717086792
Test Loss: 0.0000, Test Accuracy: 0.9867, Energy: -724777.5
Time taken:  11.831578731536865
Test Loss: 0.0000, Test Accuracy: 0.9867, Energy: -725051.8125
Time taken:  11.94860053062439
Test Loss: 0.0000, Test Accuracy: 0.9867, Energy: -725177.8125
Time taken:  11.959479570388794
Test Loss: 0.0000, Test Accuracy: 0.9867, Energy: -725002.5
Time taken:  12.198124885559082
Final accuracies: [0.9466666666666667, 0.99, 0.99, 0.99, 0.99, 0.99, 0.99, 0.99, 0.99, 0.99, 0.99, 0.99, 0.99, 0.99, 0.9866666666666667, 0.9866666666666667, 0.9866666666666667, 0.9866666666666667, 0.9866666666666667, 0.9866666666666667, 0.9866666666666667, 0.9866666666666667, 0.9866666666666667, 0.9866666666666667, 0.9866666666666667, 0.9866666666666667, 0.9866666666666667, 0.9866666666666667, 0.9866666666666667, 0.9866666666666667, 0.9866666666666667, 0.9866666666666667, 0.9866666666666667, 0.9866666666666667, 0.9866666666666667, 0.9866666666666667, 0.9866666666666667, 0.9866666666666667, 0.9866666666666667, 0.9866666666666667, 0.9866666666666667, 0.9866666666666667, 0.9866666666666667, 0.9866666666666667, 0.9866666666666667, 0.9866666666666667, 0.9866666666666667, 0.9866666666666667, 0.9866666666666667, 0.9866666666666667, 0.9866666666666667, 0.9866666666666667, 0.9866666666666667, 0.9866666666666667, 0.9866666666666667, 0.9866666666666667, 0.9866666666666667, 0.9866666666666667, 0.9866666666666667, 0.9866666666666667, 0.9866666666666667, 0.9866666666666667, 0.9866666666666667, 0.9866666666666667, 0.9866666666666667, 0.9866666666666667, 0.9866666666666667, 0.9866666666666667, 0.9866666666666667, 0.9866666666666667, 0.9866666666666667, 0.9866666666666667, 0.9866666666666667, 0.9866666666666667, 0.9866666666666667, 0.9866666666666667, 0.9866666666666667, 0.9866666666666667, 0.9866666666666667, 0.9866666666666667, 0.9866666666666667, 0.9866666666666667, 0.9866666666666667, 0.9866666666666667, 0.9866666666666667, 0.9866666666666667, 0.9866666666666667, 0.9866666666666667, 0.9866666666666667, 0.9866666666666667, 0.9866666666666667, 0.9866666666666667, 0.9866666666666667, 0.9866666666666667, 0.9866666666666667, 0.9866666666666667, 0.9866666666666667, 0.9866666666666667, 0.9866666666666667, 0.9866666666666667]
Final energies: [-814117.625, -633014.5, -638982.8125, -639156.6875, -639158.8125, -638905.125, -639201.8125, -639461.9375, -640109.5, -641132.75, -642012.3125, -643014.5, -643986.375, -645096.5625, -646486.125, -647470.625, -648778.0625, -650017.25, -650970.875, -652131.25, -653310.5625, -654484.625, -655761.0, -656850.9375, -657838.5625, -659068.625, -660139.9375, -661235.5, -662249.0625, -663382.5625, -664454.8125, -665472.4375, -666512.625, -667612.25, -668630.5, -669749.9375, -670870.375, -671950.375, -672988.875, -673989.375, -674993.875, -675972.9375, -676929.1875, -677920.1875, -678860.375, -679764.125, -680757.1875, -681748.5, -682696.0625, -683564.6875, -684513.0625, -685504.25, -686462.75, -687349.625, -688291.0625, -689242.875, -690201.625, -691133.8125, -692131.5, -693082.0, -694004.9375, -694886.5625, -695816.3125, -696847.25, -697864.0625, -698706.6875, -699645.625, -700365.25, -701218.25, -702188.9375, -703002.5625, -703886.5, -704798.125, -705672.6875, -706569.1875, -707493.25, -708404.5625, -709269.25, -710107.8125, -710982.8125, -711894.1875, -712751.0625, -713654.0625, -714574.5625, -715382.375, -716265.5625, -717105.4375, -717932.9375, -718865.25, -719691.625, -720558.875, -721309.1875, -722101.5, -722792.4375, -723582.625, -724233.9375, -724777.5, -725051.8125, -725177.8125, -725002.5]
