Running with parameters: hidden=30, use_coupled=true, seed=91, lam=0.0, eta=1.0, batch=1
Test Loss: 0.0000, Test Accuracy: 1.0000, Energy: -409129.4375
Time taken:  12.394496440887451
Test Loss: 0.0000, Test Accuracy: 1.0000, Energy: -430348.59375
Time taken:  12.655474662780762
Test Loss: 0.0000, Test Accuracy: 1.0000, Energy: -464731.75
Time taken:  12.606683254241943
Test Loss: 0.0000, Test Accuracy: 1.0000, Energy: -483095.90625
Time taken:  12.744776725769043
Test Loss: 0.0000, Test Accuracy: 1.0000, Energy: -492665.96875
Time taken:  12.518882751464844
Test Loss: 0.0000, Test Accuracy: 1.0000, Energy: -489264.0625
Time taken:  12.628822803497314
Test Loss: 0.0000, Test Accuracy: 1.0000, Energy: -499645.46875
Time taken:  12.333848237991333
Test Loss: 0.0000, Test Accuracy: 1.0000, Energy: -504416.09375
Time taken:  12.641206979751587
Test Loss: 0.0000, Test Accuracy: 1.0000, Energy: -619924.125
Time taken:  12.16935420036316
Test Loss: 0.0000, Test Accuracy: 1.0000, Energy: -924545.3125
Time taken:  12.35124135017395
Test Loss: 0.0000, Test Accuracy: 1.0000, Energy: -1069683.25
Time taken:  12.413532972335815
Test Loss: 0.0000, Test Accuracy: 1.0000, Energy: -1172646.625
Time taken:  12.568965673446655
Test Loss: 0.0000, Test Accuracy: 1.0000, Energy: -1249037.375
Time taken:  12.682042837142944
Test Loss: 0.0000, Test Accuracy: 1.0000, Energy: -1307892.125
Time taken:  12.589872121810913
Test Loss: 0.0000, Test Accuracy: 1.0000, Energy: -1308908.75
Time taken:  12.49003553390503
Test Loss: 0.0000, Test Accuracy: 1.0000, Energy: -1346306.0
Time taken:  12.827552795410156
Test Loss: 0.0000, Test Accuracy: 1.0000, Energy: -1388404.75
Time taken:  12.630740880966187
Test Loss: 0.0000, Test Accuracy: 1.0000, Energy: -1427859.0
Time taken:  12.503047227859497
Test Loss: 0.0000, Test Accuracy: 1.0000, Energy: -1462862.75
Time taken:  12.627377986907959
Test Loss: 0.0000, Test Accuracy: 1.0000, Energy: -1498759.75
Time taken:  12.779419660568237
Test Loss: 0.0000, Test Accuracy: 1.0000, Energy: -1528387.875
Time taken:  12.593112468719482
Test Loss: 0.0000, Test Accuracy: 1.0000, Energy: -1563563.25
Time taken:  12.948263883590698
Test Loss: 0.0000, Test Accuracy: 1.0000, Energy: -1594494.625
Time taken:  12.8190176486969
Test Loss: 0.0000, Test Accuracy: 1.0000, Energy: -1625086.25
Time taken:  12.713180303573608
Test Loss: 0.0000, Test Accuracy: 1.0000, Energy: -1649753.25
Time taken:  12.84259557723999
Test Loss: 0.0000, Test Accuracy: 1.0000, Energy: -1678197.0
Time taken:  12.805394649505615
Test Loss: 0.0000, Test Accuracy: 1.0000, Energy: -1703471.25
Time taken:  13.140668153762817
Test Loss: 0.0000, Test Accuracy: 1.0000, Energy: -1726890.75
Time taken:  13.14584231376648
Test Loss: 0.0000, Test Accuracy: 1.0000, Energy: -1747176.75
Time taken:  12.958552122116089
Test Loss: 0.0000, Test Accuracy: 1.0000, Energy: -1767727.75
Time taken:  12.931706666946411
Test Loss: 0.0000, Test Accuracy: 1.0000, Energy: -1787471.75
Time taken:  12.979334115982056
Test Loss: 0.0000, Test Accuracy: 1.0000, Energy: -1805243.0
Time taken:  12.66252088546753
Test Loss: 0.0000, Test Accuracy: 1.0000, Energy: -1822554.625
Time taken:  12.698163747787476
Test Loss: 0.0000, Test Accuracy: 1.0000, Energy: -1840524.75
Time taken:  12.49086618423462
Test Loss: 0.0000, Test Accuracy: 1.0000, Energy: -1856758.875
Time taken:  12.665021657943726
Test Loss: 0.0000, Test Accuracy: 1.0000, Energy: -1872161.625
Time taken:  12.51065731048584
Test Loss: 0.0000, Test Accuracy: 1.0000, Energy: -1886200.125
Time taken:  12.453356504440308
Test Loss: 0.0000, Test Accuracy: 1.0000, Energy: -1900729.0
Time taken:  12.436322450637817
Test Loss: 0.0000, Test Accuracy: 1.0000, Energy: -1913600.5
Time taken:  12.692660093307495
Test Loss: 0.0000, Test Accuracy: 1.0000, Energy: -1926667.25
Time taken:  12.36359691619873
Test Loss: 0.0000, Test Accuracy: 1.0000, Energy: -1939517.125
Time taken:  12.551551342010498
Test Loss: 0.0000, Test Accuracy: 1.0000, Energy: -1951504.375
Time taken:  12.69916033744812
Test Loss: 0.0000, Test Accuracy: 1.0000, Energy: -1963142.25
Time taken:  12.702856540679932
Test Loss: 0.0000, Test Accuracy: 1.0000, Energy: -1974822.75
Time taken:  12.664514541625977
Test Loss: 0.0000, Test Accuracy: 1.0000, Energy: -1986201.625
Time taken:  12.523123502731323
Test Loss: 0.0000, Test Accuracy: 1.0000, Energy: -1996752.875
Time taken:  12.630529403686523
Test Loss: 0.0000, Test Accuracy: 1.0000, Energy: -2012267.25
Time taken:  12.76983642578125
Test Loss: 0.0000, Test Accuracy: 1.0000, Energy: -2022381.0
Time taken:  12.426400423049927
Test Loss: 0.0000, Test Accuracy: 1.0000, Energy: -2031421.375
Time taken:  12.392025232315063
Test Loss: 0.0000, Test Accuracy: 1.0000, Energy: -2039872.625
Time taken:  12.583139657974243
Test Loss: 0.0000, Test Accuracy: 1.0000, Energy: -2048902.25
Time taken:  12.564783573150635
Test Loss: 0.0000, Test Accuracy: 1.0000, Energy: -2056353.125
Time taken:  12.327520847320557
Test Loss: 0.0000, Test Accuracy: 1.0000, Energy: -2064678.875
Time taken:  12.293540000915527
Test Loss: 0.0000, Test Accuracy: 0.9967, Energy: -2072530.875
Time taken:  12.327736616134644
Test Loss: 0.0000, Test Accuracy: 0.9967, Energy: -2079541.125
Time taken:  12.582706689834595
Test Loss: 0.0000, Test Accuracy: 1.0000, Energy: -2087021.375
Time taken:  12.519869565963745
Test Loss: 0.0000, Test Accuracy: 1.0000, Energy: -2094921.75
Time taken:  12.62906789779663
Test Loss: 0.0000, Test Accuracy: 1.0000, Energy: -2102395.5
Time taken:  12.59803819656372
Test Loss: 0.0000, Test Accuracy: 1.0000, Energy: -2109440.25
Time taken:  12.771361589431763
Test Loss: 0.0000, Test Accuracy: 1.0000, Energy: -2116173.75
Time taken:  12.486693620681763
Test Loss: 0.0000, Test Accuracy: 1.0000, Energy: -2123441.0
Time taken:  12.641463994979858
Test Loss: 0.0000, Test Accuracy: 1.0000, Energy: -2129280.5
Time taken:  12.543939352035522
Test Loss: 0.0000, Test Accuracy: 1.0000, Energy: -2135448.5
Time taken:  12.717385053634644
Test Loss: 0.0000, Test Accuracy: 1.0000, Energy: -2141926.5
Time taken:  12.625150442123413
Test Loss: 0.0000, Test Accuracy: 1.0000, Energy: -2147204.25
Time taken:  12.68388032913208
Test Loss: 0.0000, Test Accuracy: 1.0000, Energy: -2153091.0
Time taken:  13.010083436965942
Test Loss: 0.0000, Test Accuracy: 1.0000, Energy: -2158797.75
Time taken:  12.62319827079773
Test Loss: 0.0000, Test Accuracy: 0.9967, Energy: -2165300.5
Time taken:  12.640379190444946
Test Loss: 0.0000, Test Accuracy: 0.9967, Energy: -2170199.25
Time taken:  12.712857007980347
Test Loss: 0.0000, Test Accuracy: 0.9967, Energy: -2175870.25
Time taken:  13.086628675460815
Test Loss: 0.0000, Test Accuracy: 0.9967, Energy: -2181455.75
Time taken:  12.836286306381226
Test Loss: 0.0000, Test Accuracy: 0.9967, Energy: -2185074.0
Time taken:  12.969231367111206
Test Loss: 0.0000, Test Accuracy: 0.9967, Energy: -2190192.5
Time taken:  12.946732521057129
Test Loss: 0.0000, Test Accuracy: 0.9967, Energy: -2194158.75
Time taken:  13.022749662399292
Test Loss: 0.0000, Test Accuracy: 1.0000, Energy: -2200052.0
Time taken:  12.851778268814087
Test Loss: 0.0000, Test Accuracy: 1.0000, Energy: -2204743.5
Time taken:  12.57659363746643
Test Loss: 0.0000, Test Accuracy: 1.0000, Energy: -2209004.25
Time taken:  12.628259658813477
Test Loss: 0.0000, Test Accuracy: 1.0000, Energy: -2213170.75
Time taken:  12.62581729888916
Test Loss: 0.0000, Test Accuracy: 1.0000, Energy: -2217196.25
Time taken:  12.43058466911316
Test Loss: 0.0000, Test Accuracy: 1.0000, Energy: -2221704.5
Time taken:  12.4659104347229
Test Loss: 0.0000, Test Accuracy: 1.0000, Energy: -2225638.5
Time taken:  12.46443247795105
Test Loss: 0.0000, Test Accuracy: 1.0000, Energy: -2229829.25
Time taken:  12.522755861282349
Test Loss: 0.0000, Test Accuracy: 1.0000, Energy: -2234380.75
Time taken:  12.293437480926514
Test Loss: 0.0000, Test Accuracy: 1.0000, Energy: -2238007.25
Time taken:  12.416694402694702
Test Loss: 0.0000, Test Accuracy: 1.0000, Energy: -2241896.25
Time taken:  12.581298589706421
Test Loss: 0.0000, Test Accuracy: 1.0000, Energy: -2245585.75
Time taken:  12.689257144927979
Test Loss: 0.0000, Test Accuracy: 1.0000, Energy: -2249631.75
Time taken:  12.624968528747559
Test Loss: 0.0000, Test Accuracy: 1.0000, Energy: -2250112.0
Time taken:  12.56236982345581
Test Loss: 0.0000, Test Accuracy: 1.0000, Energy: -2255964.25
Time taken:  12.641846179962158
Test Loss: 0.0000, Test Accuracy: 0.9967, Energy: -2262534.0
Time taken:  12.693292617797852
Test Loss: 0.0000, Test Accuracy: 0.9967, Energy: -2270042.0
Time taken:  12.559844732284546
Test Loss: 0.0000, Test Accuracy: 0.9967, Energy: -2274858.0
Time taken:  12.473247766494751
Test Loss: 0.0000, Test Accuracy: 0.9967, Energy: -2279638.5
Time taken:  12.426340818405151
Test Loss: 0.0000, Test Accuracy: 0.9967, Energy: -2283987.0
Time taken:  12.773045539855957
Test Loss: 0.0000, Test Accuracy: 0.9967, Energy: -2290930.25
Time taken:  12.36988091468811
Test Loss: 0.0000, Test Accuracy: 0.9967, Energy: -2295037.25
Time taken:  12.457063436508179
Test Loss: 0.0000, Test Accuracy: 0.9967, Energy: -2298861.5
Time taken:  12.454964637756348
Test Loss: 0.0000, Test Accuracy: 0.9967, Energy: -2303063.0
Time taken:  12.591577291488647
Test Loss: 0.0000, Test Accuracy: 0.9967, Energy: -2307248.5
Time taken:  12.395364046096802
Test Loss: 0.0000, Test Accuracy: 0.9967, Energy: -2312017.5
Time taken:  12.679700136184692
Final accuracies: [1.0, 1.0, 1.0, 1.0, 1.0, 1.0, 1.0, 1.0, 1.0, 1.0, 1.0, 1.0, 1.0, 1.0, 1.0, 1.0, 1.0, 1.0, 1.0, 1.0, 1.0, 1.0, 1.0, 1.0, 1.0, 1.0, 1.0, 1.0, 1.0, 1.0, 1.0, 1.0, 1.0, 1.0, 1.0, 1.0, 1.0, 1.0, 1.0, 1.0, 1.0, 1.0, 1.0, 1.0, 1.0, 1.0, 1.0, 1.0, 1.0, 1.0, 1.0, 1.0, 1.0, 0.9966666666666667, 0.9966666666666667, 1.0, 1.0, 1.0, 1.0, 1.0, 1.0, 1.0, 1.0, 1.0, 1.0, 1.0, 1.0, 0.9966666666666667, 0.9966666666666667, 0.9966666666666667, 0.9966666666666667, 0.9966666666666667, 0.9966666666666667, 0.9966666666666667, 1.0, 1.0, 1.0, 1.0, 1.0, 1.0, 1.0, 1.0, 1.0, 1.0, 1.0, 1.0, 1.0, 1.0, 1.0, 0.9966666666666667, 0.9966666666666667, 0.9966666666666667, 0.9966666666666667, 0.9966666666666667, 0.9966666666666667, 0.9966666666666667, 0.9966666666666667, 0.9966666666666667, 0.9966666666666667, 0.9966666666666667]
Final energies: [-409129.4375, -430348.59375, -464731.75, -483095.90625, -492665.96875, -489264.0625, -499645.46875, -504416.09375, -619924.125, -924545.3125, -1069683.25, -1172646.625, -1249037.375, -1307892.125, -1308908.75, -1346306.0, -1388404.75, -1427859.0, -1462862.75, -1498759.75, -1528387.875, -1563563.25, -1594494.625, -1625086.25, -1649753.25, -1678197.0, -1703471.25, -1726890.75, -1747176.75, -1767727.75, -1787471.75, -1805243.0, -1822554.625, -1840524.75, -1856758.875, -1872161.625, -1886200.125, -1900729.0, -1913600.5, -1926667.25, -1939517.125, -1951504.375, -1963142.25, -1974822.75, -1986201.625, -1996752.875, -2012267.25, -2022381.0, -2031421.375, -2039872.625, -2048902.25, -2056353.125, -2064678.875, -2072530.875, -2079541.125, -2087021.375, -2094921.75, -2102395.5, -2109440.25, -2116173.75, -2123441.0, -2129280.5, -2135448.5, -2141926.5, -2147204.25, -2153091.0, -2158797.75, -2165300.5, -2170199.25, -2175870.25, -2181455.75, -2185074.0, -2190192.5, -2194158.75, -2200052.0, -2204743.5, -2209004.25, -2213170.75, -2217196.25, -2221704.5, -2225638.5, -2229829.25, -2234380.75, -2238007.25, -2241896.25, -2245585.75, -2249631.75, -2250112.0, -2255964.25, -2262534.0, -2270042.0, -2274858.0, -2279638.5, -2283987.0, -2290930.25, -2295037.25, -2298861.5, -2303063.0, -2307248.5, -2312017.5]
