Running with parameters: hidden=30, use_coupled=true, seed=56, lam=0.0, eta=1.0, batch=1
Test Loss: 0.0000, Test Accuracy: 1.0000, Energy: -605443.3125
Time taken:  11.431793689727783
Test Loss: 0.0000, Test Accuracy: 1.0000, Energy: -656277.3125
Time taken:  11.239329814910889
Test Loss: 0.0000, Test Accuracy: 1.0000, Energy: -673033.6875
Time taken:  11.227934837341309
Test Loss: 0.0000, Test Accuracy: 1.0000, Energy: -688921.75
Time taken:  11.33398151397705
Test Loss: 0.0000, Test Accuracy: 1.0000, Energy: -698480.1875
Time taken:  11.24667501449585
Test Loss: 0.0000, Test Accuracy: 1.0000, Energy: -708975.625
Time taken:  11.276181697845459
Test Loss: 0.0000, Test Accuracy: 1.0000, Energy: -719859.875
Time taken:  11.233647584915161
Test Loss: 0.0000, Test Accuracy: 1.0000, Energy: -729937.5
Time taken:  11.308255672454834
Test Loss: 0.0000, Test Accuracy: 1.0000, Energy: -741361.75
Time taken:  11.166871070861816
Test Loss: 0.0000, Test Accuracy: 1.0000, Energy: -747715.625
Time taken:  11.207152605056763
Test Loss: 0.0000, Test Accuracy: 1.0000, Energy: -759451.25
Time taken:  11.182596206665039
Test Loss: 0.0000, Test Accuracy: 1.0000, Energy: -767767.75
Time taken:  11.292306423187256
Test Loss: 0.0000, Test Accuracy: 1.0000, Energy: -776562.5
Time taken:  11.272981405258179
Test Loss: 0.0000, Test Accuracy: 1.0000, Energy: -784829.9375
Time taken:  11.225691318511963
Test Loss: 0.0000, Test Accuracy: 1.0000, Energy: -796497.375
Time taken:  11.200182676315308
Test Loss: 0.0000, Test Accuracy: 1.0000, Energy: -805769.375
Time taken:  11.34203815460205
Test Loss: 0.0000, Test Accuracy: 1.0000, Energy: -813589.1875
Time taken:  11.206046104431152
Test Loss: 0.0000, Test Accuracy: 1.0000, Energy: -821843.3125
Time taken:  11.227217435836792
Test Loss: 0.0000, Test Accuracy: 1.0000, Energy: -829829.375
Time taken:  11.258043766021729
Test Loss: 0.0000, Test Accuracy: 1.0000, Energy: -838517.9375
Time taken:  11.350788116455078
Test Loss: 0.0000, Test Accuracy: 1.0000, Energy: -845877.875
Time taken:  11.230166673660278
Test Loss: 0.0000, Test Accuracy: 1.0000, Energy: -855148.25
Time taken:  11.26121997833252
Test Loss: 0.0000, Test Accuracy: 1.0000, Energy: -863835.125
Time taken:  11.335420370101929
Test Loss: 0.0000, Test Accuracy: 1.0000, Energy: -871054.0625
Time taken:  11.255957126617432
Test Loss: 0.0000, Test Accuracy: 1.0000, Energy: -878889.0625
Time taken:  11.664304733276367
Test Loss: 0.0000, Test Accuracy: 1.0000, Energy: -886592.0625
Time taken:  11.293933391571045
Test Loss: 0.0000, Test Accuracy: 1.0000, Energy: -894119.125
Time taken:  11.35254716873169
Test Loss: 0.0000, Test Accuracy: 1.0000, Energy: -902151.5625
Time taken:  11.246519088745117
Test Loss: 0.0000, Test Accuracy: 1.0000, Energy: -909671.5625
Time taken:  11.23218584060669
Test Loss: 0.0000, Test Accuracy: 1.0000, Energy: -918106.25
Time taken:  11.215705394744873
Test Loss: 0.0000, Test Accuracy: 1.0000, Energy: -940484.1875
Time taken:  11.301944255828857
Test Loss: 0.0000, Test Accuracy: 1.0000, Energy: -948219.8125
Time taken:  11.179190158843994
Test Loss: 0.0000, Test Accuracy: 1.0000, Energy: -955568.375
Time taken:  11.19668984413147
Test Loss: 0.0000, Test Accuracy: 1.0000, Energy: -963536.375
Time taken:  11.235371828079224
Test Loss: 0.0000, Test Accuracy: 1.0000, Energy: -968760.75
Time taken:  11.327045917510986
Test Loss: 0.0000, Test Accuracy: 1.0000, Energy: -974195.875
Time taken:  11.248239755630493
Test Loss: 0.0000, Test Accuracy: 1.0000, Energy: -981774.3125
Time taken:  11.225576877593994
Test Loss: 0.0000, Test Accuracy: 1.0000, Energy: -988611.25
Time taken:  11.233221054077148
Test Loss: 0.0000, Test Accuracy: 1.0000, Energy: -994698.25
Time taken:  11.360264301300049
Test Loss: 0.0000, Test Accuracy: 1.0000, Energy: -1000838.0
Time taken:  11.265905141830444
Test Loss: 0.0000, Test Accuracy: 1.0000, Energy: -1008325.4375
Time taken:  11.238924026489258
Test Loss: 0.0000, Test Accuracy: 1.0000, Energy: -1014826.3125
Time taken:  11.186588525772095
Test Loss: 0.0000, Test Accuracy: 1.0000, Energy: -1021332.3125
Time taken:  11.297786474227905
Test Loss: 0.0000, Test Accuracy: 1.0000, Energy: -1027885.25
Time taken:  11.217845678329468
Test Loss: 0.0000, Test Accuracy: 1.0000, Energy: -1034386.4375
Time taken:  11.200737714767456
Test Loss: 0.0000, Test Accuracy: 1.0000, Energy: -1040989.75
Time taken:  11.19494915008545
Test Loss: 0.0000, Test Accuracy: 1.0000, Energy: -1047515.75
Time taken:  11.358779907226562
Test Loss: 0.0000, Test Accuracy: 1.0000, Energy: -1053488.375
Time taken:  11.20286750793457
Test Loss: 0.0000, Test Accuracy: 1.0000, Energy: -1059600.875
Time taken:  11.210681676864624
Test Loss: 0.0000, Test Accuracy: 1.0000, Energy: -1065088.125
Time taken:  11.216081142425537
Test Loss: 0.0000, Test Accuracy: 1.0000, Energy: -1070474.125
Time taken:  11.331804990768433
Test Loss: 0.0000, Test Accuracy: 1.0000, Energy: -1076331.875
Time taken:  11.232362508773804
Test Loss: 0.0000, Test Accuracy: 1.0000, Energy: -1082507.625
Time taken:  11.190227508544922
Test Loss: 0.0000, Test Accuracy: 1.0000, Energy: -1088440.5
Time taken:  11.219285249710083
Test Loss: 0.0000, Test Accuracy: 1.0000, Energy: -1094554.375
Time taken:  11.319165706634521
Test Loss: 0.0000, Test Accuracy: 1.0000, Energy: -1101185.25
Time taken:  11.205003023147583
Test Loss: 0.0000, Test Accuracy: 1.0000, Energy: -1110682.625
Time taken:  11.216315746307373
Test Loss: 0.0000, Test Accuracy: 1.0000, Energy: -1116120.0
Time taken:  11.218307971954346
Test Loss: 0.0000, Test Accuracy: 1.0000, Energy: -1121631.0
Time taken:  11.308165311813354
Test Loss: 0.0000, Test Accuracy: 1.0000, Energy: -1126937.0
Time taken:  11.196065902709961
Test Loss: 0.0000, Test Accuracy: 1.0000, Energy: -1132381.0
Time taken:  11.21686577796936
Test Loss: 0.0000, Test Accuracy: 1.0000, Energy: -1137349.5
Time taken:  11.226526498794556
Test Loss: 0.0000, Test Accuracy: 1.0000, Energy: -1142652.0
Time taken:  11.290581226348877
Test Loss: 0.0000, Test Accuracy: 1.0000, Energy: -1147960.25
Time taken:  11.241128206253052
Test Loss: 0.0000, Test Accuracy: 1.0000, Energy: -1153152.875
Time taken:  11.195071935653687
Test Loss: 0.0000, Test Accuracy: 1.0000, Energy: -1158169.5
Time taken:  11.300084114074707
Test Loss: 0.0000, Test Accuracy: 1.0000, Energy: -1163461.5
Time taken:  11.165716886520386
Test Loss: 0.0000, Test Accuracy: 1.0000, Energy: -1168259.125
Time taken:  11.188821792602539
Test Loss: 0.0000, Test Accuracy: 1.0000, Energy: -1173662.875
Time taken:  11.201818466186523
Test Loss: 0.0000, Test Accuracy: 1.0000, Energy: -1178262.25
Time taken:  11.307678461074829
Test Loss: 0.0000, Test Accuracy: 1.0000, Energy: -1183021.25
Time taken:  11.201887607574463
Test Loss: 0.0000, Test Accuracy: 1.0000, Energy: -1187639.375
Time taken:  11.203977584838867
Test Loss: 0.0000, Test Accuracy: 1.0000, Energy: -1191792.0
Time taken:  11.230725765228271
Test Loss: 0.0000, Test Accuracy: 1.0000, Energy: -1196393.5
Time taken:  11.481892108917236
Test Loss: 0.0000, Test Accuracy: 1.0000, Energy: -1200898.75
Time taken:  11.41787838935852
Test Loss: 0.0000, Test Accuracy: 1.0000, Energy: -1205411.375
Time taken:  11.406813621520996
Test Loss: 0.0000, Test Accuracy: 1.0000, Energy: -1210385.25
Time taken:  11.281192541122437
Test Loss: 0.0000, Test Accuracy: 1.0000, Energy: -1215196.75
Time taken:  11.334112644195557
Test Loss: 0.0000, Test Accuracy: 1.0000, Energy: -1219608.875
Time taken:  11.2345552444458
Test Loss: 0.0000, Test Accuracy: 1.0000, Energy: -1223653.875
Time taken:  11.196135997772217
Test Loss: 0.0000, Test Accuracy: 1.0000, Energy: -1227856.125
Time taken:  11.132978677749634
Test Loss: 0.0000, Test Accuracy: 1.0000, Energy: -1232111.625
Time taken:  11.22899603843689
Test Loss: 0.0000, Test Accuracy: 1.0000, Energy: -1235789.0
Time taken:  11.202868938446045
Test Loss: 0.0000, Test Accuracy: 1.0000, Energy: -1239845.125
Time taken:  11.301151275634766
Test Loss: 0.0000, Test Accuracy: 1.0000, Energy: -1243576.5
Time taken:  11.226112604141235
Test Loss: 0.0000, Test Accuracy: 1.0000, Energy: -1247263.5
Time taken:  11.310222148895264
Test Loss: 0.0000, Test Accuracy: 1.0000, Energy: -1250326.625
Time taken:  11.149737358093262
Test Loss: 0.0000, Test Accuracy: 1.0000, Energy: -1253872.0
Time taken:  11.146093845367432
Test Loss: 0.0000, Test Accuracy: 1.0000, Energy: -1257614.375
Time taken:  11.137327432632446
Test Loss: 0.0000, Test Accuracy: 1.0000, Energy: -1261173.5
Time taken:  11.250496864318848
Test Loss: 0.0000, Test Accuracy: 1.0000, Energy: -1264105.25
Time taken:  11.12235713005066
Test Loss: 0.0000, Test Accuracy: 1.0000, Energy: -1267525.625
Time taken:  11.12831997871399
Test Loss: 0.0000, Test Accuracy: 1.0000, Energy: -1271161.25
Time taken:  11.17797040939331
Test Loss: 0.0000, Test Accuracy: 1.0000, Energy: -1274615.0
Time taken:  11.275867223739624
Test Loss: 0.0000, Test Accuracy: 1.0000, Energy: -1278410.0
Time taken:  11.141686916351318
Test Loss: 0.0000, Test Accuracy: 1.0000, Energy: -1283101.875
Time taken:  11.124003410339355
Test Loss: 0.0000, Test Accuracy: 1.0000, Energy: -1286909.5
Time taken:  11.15405011177063
Test Loss: 0.0000, Test Accuracy: 1.0000, Energy: -1290167.25
Time taken:  11.237403631210327
Test Loss: 0.0000, Test Accuracy: 1.0000, Energy: -1293537.625
Time taken:  11.153036832809448
Test Loss: 0.0000, Test Accuracy: 1.0000, Energy: -1298091.625
Time taken:  11.132421255111694
Final accuracies: [1.0, 1.0, 1.0, 1.0, 1.0, 1.0, 1.0, 1.0, 1.0, 1.0, 1.0, 1.0, 1.0, 1.0, 1.0, 1.0, 1.0, 1.0, 1.0, 1.0, 1.0, 1.0, 1.0, 1.0, 1.0, 1.0, 1.0, 1.0, 1.0, 1.0, 1.0, 1.0, 1.0, 1.0, 1.0, 1.0, 1.0, 1.0, 1.0, 1.0, 1.0, 1.0, 1.0, 1.0, 1.0, 1.0, 1.0, 1.0, 1.0, 1.0, 1.0, 1.0, 1.0, 1.0, 1.0, 1.0, 1.0, 1.0, 1.0, 1.0, 1.0, 1.0, 1.0, 1.0, 1.0, 1.0, 1.0, 1.0, 1.0, 1.0, 1.0, 1.0, 1.0, 1.0, 1.0, 1.0, 1.0, 1.0, 1.0, 1.0, 1.0, 1.0, 1.0, 1.0, 1.0, 1.0, 1.0, 1.0, 1.0, 1.0, 1.0, 1.0, 1.0, 1.0, 1.0, 1.0, 1.0, 1.0, 1.0, 1.0]
Final energies: [-605443.3125, -656277.3125, -673033.6875, -688921.75, -698480.1875, -708975.625, -719859.875, -729937.5, -741361.75, -747715.625, -759451.25, -767767.75, -776562.5, -784829.9375, -796497.375, -805769.375, -813589.1875, -821843.3125, -829829.375, -838517.9375, -845877.875, -855148.25, -863835.125, -871054.0625, -878889.0625, -886592.0625, -894119.125, -902151.5625, -909671.5625, -918106.25, -940484.1875, -948219.8125, -955568.375, -963536.375, -968760.75, -974195.875, -981774.3125, -988611.25, -994698.25, -1000838.0, -1008325.4375, -1014826.3125, -1021332.3125, -1027885.25, -1034386.4375, -1040989.75, -1047515.75, -1053488.375, -1059600.875, -1065088.125, -1070474.125, -1076331.875, -1082507.625, -1088440.5, -1094554.375, -1101185.25, -1110682.625, -1116120.0, -1121631.0, -1126937.0, -1132381.0, -1137349.5, -1142652.0, -1147960.25, -1153152.875, -1158169.5, -1163461.5, -1168259.125, -1173662.875, -1178262.25, -1183021.25, -1187639.375, -1191792.0, -1196393.5, -1200898.75, -1205411.375, -1210385.25, -1215196.75, -1219608.875, -1223653.875, -1227856.125, -1232111.625, -1235789.0, -1239845.125, -1243576.5, -1247263.5, -1250326.625, -1253872.0, -1257614.375, -1261173.5, -1264105.25, -1267525.625, -1271161.25, -1274615.0, -1278410.0, -1283101.875, -1286909.5, -1290167.25, -1293537.625, -1298091.625]
