Running with parameters: hidden=30, use_coupled=true, seed=72, lam=0.0, eta=1.0, batch=1
Test Loss: 0.0000, Test Accuracy: 0.9667, Energy: -525447.8125
Time taken:  11.112053155899048
Test Loss: 0.0000, Test Accuracy: 0.9967, Energy: -612383.25
Time taken:  11.075146913528442
Test Loss: 0.0000, Test Accuracy: 1.0000, Energy: -1001651.0
Time taken:  11.08856463432312
Test Loss: 0.0000, Test Accuracy: 1.0000, Energy: -1237600.75
Time taken:  11.194567680358887
Test Loss: 0.0000, Test Accuracy: 1.0000, Energy: -1395543.625
Time taken:  11.068748474121094
Test Loss: 0.0000, Test Accuracy: 1.0000, Energy: -1500809.25
Time taken:  11.146038055419922
Test Loss: 0.0000, Test Accuracy: 1.0000, Energy: -1603064.0
Time taken:  11.09457278251648
Test Loss: 0.0000, Test Accuracy: 1.0000, Energy: -1685645.0
Time taken:  11.192494630813599
Test Loss: 0.0000, Test Accuracy: 1.0000, Energy: -1972503.375
Time taken:  11.113263845443726
Test Loss: 0.0000, Test Accuracy: 1.0000, Energy: -2116587.25
Time taken:  11.09769892692566
Test Loss: 0.0000, Test Accuracy: 1.0000, Energy: -2156471.0
Time taken:  11.08765435218811
Test Loss: 0.0000, Test Accuracy: 1.0000, Energy: -2217514.75
Time taken:  11.17673373222351
Test Loss: 0.0000, Test Accuracy: 1.0000, Energy: -2267698.25
Time taken:  11.076111793518066
Test Loss: 0.0000, Test Accuracy: 1.0000, Energy: -2316026.25
Time taken:  11.065049648284912
Test Loss: 0.0000, Test Accuracy: 1.0000, Energy: -2355701.5
Time taken:  11.090345859527588
Test Loss: 0.0000, Test Accuracy: 1.0000, Energy: -2395078.75
Time taken:  11.154381275177002
Test Loss: 0.0000, Test Accuracy: 1.0000, Energy: -2427219.75
Time taken:  11.079060316085815
Test Loss: 0.0000, Test Accuracy: 1.0000, Energy: -2463741.5
Time taken:  11.097464084625244
Test Loss: 0.0000, Test Accuracy: 1.0000, Energy: -2504571.25
Time taken:  11.112098455429077
Test Loss: 0.0000, Test Accuracy: 1.0000, Energy: -2564768.25
Time taken:  11.173104524612427
Test Loss: 0.0000, Test Accuracy: 1.0000, Energy: -2596379.25
Time taken:  11.109029769897461
Test Loss: 0.0000, Test Accuracy: 1.0000, Energy: -2622387.75
Time taken:  11.081034183502197
Test Loss: 0.0000, Test Accuracy: 1.0000, Energy: -2646618.75
Time taken:  11.1882004737854
Test Loss: 0.0000, Test Accuracy: 1.0000, Energy: -2671269.5
Time taken:  11.09666109085083
Test Loss: 0.0000, Test Accuracy: 1.0000, Energy: -2696951.5
Time taken:  11.108392000198364
Test Loss: 0.0000, Test Accuracy: 1.0000, Energy: -2722019.75
Time taken:  11.105949401855469
Test Loss: 0.0000, Test Accuracy: 1.0000, Energy: -2741044.5
Time taken:  11.204106330871582
Test Loss: 0.0000, Test Accuracy: 1.0000, Energy: -2758327.75
Time taken:  11.095226287841797
Test Loss: 0.0000, Test Accuracy: 1.0000, Energy: -2778605.5
Time taken:  11.101929187774658
Test Loss: 0.0000, Test Accuracy: 1.0000, Energy: -2797771.0
Time taken:  11.092036485671997
Test Loss: 0.0000, Test Accuracy: 1.0000, Energy: -2815467.0
Time taken:  11.188109397888184
Test Loss: 0.0000, Test Accuracy: 1.0000, Energy: -2831439.25
Time taken:  11.121565341949463
Test Loss: 0.0000, Test Accuracy: 1.0000, Energy: -2849223.75
Time taken:  11.070176124572754
Test Loss: 0.0000, Test Accuracy: 1.0000, Energy: -2864901.5
Time taken:  11.081811666488647
Test Loss: 0.0000, Test Accuracy: 1.0000, Energy: -2880523.0
Time taken:  11.191505670547485
Test Loss: 0.0000, Test Accuracy: 1.0000, Energy: -2895802.75
Time taken:  11.086012363433838
Test Loss: 0.0000, Test Accuracy: 1.0000, Energy: -2909700.25
Time taken:  11.078948259353638
Test Loss: 0.0000, Test Accuracy: 1.0000, Energy: -2924516.5
Time taken:  11.137627840042114
Test Loss: 0.0000, Test Accuracy: 1.0000, Energy: -2939283.75
Time taken:  11.184453964233398
Test Loss: 0.0000, Test Accuracy: 1.0000, Energy: -2952802.25
Time taken:  11.12780213356018
Test Loss: 0.0000, Test Accuracy: 1.0000, Energy: -2969550.5
Time taken:  11.071470737457275
Test Loss: 0.0000, Test Accuracy: 1.0000, Energy: -2981941.5
Time taken:  11.0947904586792
Test Loss: 0.0000, Test Accuracy: 1.0000, Energy: -2996892.25
Time taken:  11.179870843887329
Test Loss: 0.0000, Test Accuracy: 1.0000, Energy: -3008887.25
Time taken:  11.074151277542114
Test Loss: 0.0000, Test Accuracy: 1.0000, Energy: -3022859.5
Time taken:  11.107673406600952
Test Loss: 0.0000, Test Accuracy: 1.0000, Energy: -3035207.0
Time taken:  11.090986728668213
Test Loss: 0.0000, Test Accuracy: 1.0000, Energy: -3050626.75
Time taken:  11.158945798873901
Test Loss: 0.0000, Test Accuracy: 1.0000, Energy: -3066167.5
Time taken:  11.08480954170227
Test Loss: 0.0000, Test Accuracy: 1.0000, Energy: -3084483.75
Time taken:  11.113714694976807
Test Loss: 0.0000, Test Accuracy: 1.0000, Energy: -3091644.5
Time taken:  11.08772087097168
Test Loss: 0.0000, Test Accuracy: 1.0000, Energy: -3099692.75
Time taken:  11.150704145431519
Test Loss: 0.0000, Test Accuracy: 1.0000, Energy: -3108387.75
Time taken:  11.102177619934082
Test Loss: 0.0000, Test Accuracy: 1.0000, Energy: -3117404.0
Time taken:  11.090394735336304
Test Loss: 0.0000, Test Accuracy: 1.0000, Energy: -3130041.25
Time taken:  11.130173683166504
Test Loss: 0.0000, Test Accuracy: 1.0000, Energy: -3138689.75
Time taken:  11.159311294555664
Test Loss: 0.0000, Test Accuracy: 1.0000, Energy: -3145592.25
Time taken:  11.059963941574097
Test Loss: 0.0000, Test Accuracy: 1.0000, Energy: -3152855.0
Time taken:  11.098153114318848
Test Loss: 0.0000, Test Accuracy: 1.0000, Energy: -3160247.5
Time taken:  11.064998626708984
Test Loss: 0.0000, Test Accuracy: 1.0000, Energy: -3167032.75
Time taken:  11.181584596633911
Test Loss: 0.0000, Test Accuracy: 1.0000, Energy: -3173790.5
Time taken:  11.069684505462646
Test Loss: 0.0000, Test Accuracy: 1.0000, Energy: -3180612.75
Time taken:  11.136439800262451
Test Loss: 0.0000, Test Accuracy: 1.0000, Energy: -3186373.75
Time taken:  11.095151662826538
Test Loss: 0.0000, Test Accuracy: 1.0000, Energy: -3192925.25
Time taken:  11.171985626220703
Test Loss: 0.0000, Test Accuracy: 1.0000, Energy: -3199402.5
Time taken:  11.062402486801147
Test Loss: 0.0000, Test Accuracy: 1.0000, Energy: -3205622.5
Time taken:  11.080193519592285
Test Loss: 0.0000, Test Accuracy: 1.0000, Energy: -3211451.75
Time taken:  11.202211141586304
Test Loss: 0.0000, Test Accuracy: 1.0000, Energy: -3217375.75
Time taken:  11.09933090209961
Test Loss: 0.0000, Test Accuracy: 1.0000, Energy: -3223531.5
Time taken:  11.08427095413208
Test Loss: 0.0000, Test Accuracy: 1.0000, Energy: -3229387.75
Time taken:  11.065775156021118
Test Loss: 0.0000, Test Accuracy: 1.0000, Energy: -3234469.0
Time taken:  11.237472772598267
Test Loss: 0.0000, Test Accuracy: 1.0000, Energy: -3239849.25
Time taken:  11.093066215515137
Test Loss: 0.0000, Test Accuracy: 1.0000, Energy: -3245409.5
Time taken:  11.10848331451416
Test Loss: 0.0000, Test Accuracy: 1.0000, Energy: -3250244.25
Time taken:  11.122236728668213
Test Loss: 0.0000, Test Accuracy: 1.0000, Energy: -3255552.0
Time taken:  11.18655276298523
Test Loss: 0.0000, Test Accuracy: 1.0000, Energy: -3260821.0
Time taken:  11.104471445083618
Test Loss: 0.0000, Test Accuracy: 1.0000, Energy: -3265980.5
Time taken:  11.095762252807617
Test Loss: 0.0000, Test Accuracy: 1.0000, Energy: -3270744.75
Time taken:  11.08833646774292
Test Loss: 0.0000, Test Accuracy: 1.0000, Energy: -3201093.5
Time taken:  11.193622589111328
Test Loss: 0.0000, Test Accuracy: 1.0000, Energy: -3195469.5
Time taken:  11.10743522644043
Test Loss: 0.0000, Test Accuracy: 1.0000, Energy: -3198964.0
Time taken:  11.106977462768555
Test Loss: 0.0000, Test Accuracy: 1.0000, Energy: -3202297.75
Time taken:  11.121775388717651
Test Loss: 0.0000, Test Accuracy: 1.0000, Energy: -3206432.5
Time taken:  11.179191589355469
Test Loss: 0.0000, Test Accuracy: 1.0000, Energy: -3209873.0
Time taken:  11.123918056488037
Test Loss: 0.0000, Test Accuracy: 1.0000, Energy: -3213273.75
Time taken:  11.10939645767212
Test Loss: 0.0000, Test Accuracy: 1.0000, Energy: -3216871.75
Time taken:  11.119097471237183
Test Loss: 0.0000, Test Accuracy: 1.0000, Energy: -3110963.0
Time taken:  11.176913499832153
Test Loss: 0.0000, Test Accuracy: 1.0000, Energy: -3083764.75
Time taken:  11.091296911239624
Test Loss: 0.0000, Test Accuracy: 1.0000, Energy: -3087872.25
Time taken:  11.069919347763062
Test Loss: 0.0000, Test Accuracy: 1.0000, Energy: -3096547.25
Time taken:  11.094578266143799
Test Loss: 0.0000, Test Accuracy: 1.0000, Energy: -3100091.75
Time taken:  11.174315214157104
Test Loss: 0.0000, Test Accuracy: 1.0000, Energy: -3105083.5
Time taken:  11.069223165512085
Test Loss: 0.0000, Test Accuracy: 1.0000, Energy: -3108314.75
Time taken:  11.137835025787354
Test Loss: 0.0000, Test Accuracy: 1.0000, Energy: -3111298.25
Time taken:  11.102946519851685
Test Loss: 0.0000, Test Accuracy: 1.0000, Energy: -3114372.75
Time taken:  11.19199252128601
Test Loss: 0.0000, Test Accuracy: 1.0000, Energy: -3117344.0
Time taken:  11.104756832122803
Test Loss: 0.0000, Test Accuracy: 1.0000, Energy: -3120116.0
Time taken:  11.076361656188965
Test Loss: 0.0000, Test Accuracy: 1.0000, Energy: -3123061.75
Time taken:  11.111347436904907
Test Loss: 0.0000, Test Accuracy: 1.0000, Energy: -3125992.75
Time taken:  11.193746089935303
Test Loss: 0.0000, Test Accuracy: 1.0000, Energy: -3128623.75
Time taken:  11.09295392036438
Test Loss: 0.0000, Test Accuracy: 1.0000, Energy: -3132885.0
Time taken:  11.094833135604858
Final accuracies: [0.9666666666666667, 0.9966666666666667, 1.0, 1.0, 1.0, 1.0, 1.0, 1.0, 1.0, 1.0, 1.0, 1.0, 1.0, 1.0, 1.0, 1.0, 1.0, 1.0, 1.0, 1.0, 1.0, 1.0, 1.0, 1.0, 1.0, 1.0, 1.0, 1.0, 1.0, 1.0, 1.0, 1.0, 1.0, 1.0, 1.0, 1.0, 1.0, 1.0, 1.0, 1.0, 1.0, 1.0, 1.0, 1.0, 1.0, 1.0, 1.0, 1.0, 1.0, 1.0, 1.0, 1.0, 1.0, 1.0, 1.0, 1.0, 1.0, 1.0, 1.0, 1.0, 1.0, 1.0, 1.0, 1.0, 1.0, 1.0, 1.0, 1.0, 1.0, 1.0, 1.0, 1.0, 1.0, 1.0, 1.0, 1.0, 1.0, 1.0, 1.0, 1.0, 1.0, 1.0, 1.0, 1.0, 1.0, 1.0, 1.0, 1.0, 1.0, 1.0, 1.0, 1.0, 1.0, 1.0, 1.0, 1.0, 1.0, 1.0, 1.0, 1.0]
Final energies: [-525447.8125, -612383.25, -1001651.0, -1237600.75, -1395543.625, -1500809.25, -1603064.0, -1685645.0, -1972503.375, -2116587.25, -2156471.0, -2217514.75, -2267698.25, -2316026.25, -2355701.5, -2395078.75, -2427219.75, -2463741.5, -2504571.25, -2564768.25, -2596379.25, -2622387.75, -2646618.75, -2671269.5, -2696951.5, -2722019.75, -2741044.5, -2758327.75, -2778605.5, -2797771.0, -2815467.0, -2831439.25, -2849223.75, -2864901.5, -2880523.0, -2895802.75, -2909700.25, -2924516.5, -2939283.75, -2952802.25, -2969550.5, -2981941.5, -2996892.25, -3008887.25, -3022859.5, -3035207.0, -3050626.75, -3066167.5, -3084483.75, -3091644.5, -3099692.75, -3108387.75, -3117404.0, -3130041.25, -3138689.75, -3145592.25, -3152855.0, -3160247.5, -3167032.75, -3173790.5, -3180612.75, -3186373.75, -3192925.25, -3199402.5, -3205622.5, -3211451.75, -3217375.75, -3223531.5, -3229387.75, -3234469.0, -3239849.25, -3245409.5, -3250244.25, -3255552.0, -3260821.0, -3265980.5, -3270744.75, -3201093.5, -3195469.5, -3198964.0, -3202297.75, -3206432.5, -3209873.0, -3213273.75, -3216871.75, -3110963.0, -3083764.75, -3087872.25, -3096547.25, -3100091.75, -3105083.5, -3108314.75, -3111298.25, -3114372.75, -3117344.0, -3120116.0, -3123061.75, -3125992.75, -3128623.75, -3132885.0]
