Running with parameters: hidden=30, use_coupled=true, seed=90, lam=0.0, eta=1.0, batch=1
Test Loss: 0.0000, Test Accuracy: 1.0000, Energy: -519150.4375
Time taken:  12.303900480270386
Test Loss: 0.0000, Test Accuracy: 1.0000, Energy: -765869.5625
Time taken:  12.613889217376709
Test Loss: 0.0000, Test Accuracy: 1.0000, Energy: -790542.375
Time taken:  12.55720567703247
Test Loss: 0.0000, Test Accuracy: 1.0000, Energy: -811075.5625
Time taken:  12.649706840515137
Test Loss: 0.0000, Test Accuracy: 1.0000, Energy: -827974.75
Time taken:  12.430583238601685
Test Loss: 0.0000, Test Accuracy: 1.0000, Energy: -841067.5625
Time taken:  12.546220302581787
Test Loss: 0.0000, Test Accuracy: 1.0000, Energy: -863885.5625
Time taken:  12.281399726867676
Test Loss: 0.0000, Test Accuracy: 1.0000, Energy: -877841.0
Time taken:  12.604604482650757
Test Loss: 0.0000, Test Accuracy: 1.0000, Energy: -898514.0625
Time taken:  12.117092609405518
Test Loss: 0.0000, Test Accuracy: 1.0000, Energy: -908656.5625
Time taken:  12.29141902923584
Test Loss: 0.0000, Test Accuracy: 1.0000, Energy: -918759.0625
Time taken:  12.413982391357422
Test Loss: 0.0000, Test Accuracy: 1.0000, Energy: -928162.0625
Time taken:  12.555378437042236
Test Loss: 0.0000, Test Accuracy: 1.0000, Energy: -958775.6875
Time taken:  12.622709274291992
Test Loss: 0.0000, Test Accuracy: 1.0000, Energy: -1002851.0
Time taken:  12.566168069839478
Test Loss: 0.0000, Test Accuracy: 1.0000, Energy: -1149246.5
Time taken:  12.414612770080566
Test Loss: 0.0000, Test Accuracy: 1.0000, Energy: -1219180.0
Time taken:  12.693192720413208
Test Loss: 0.0000, Test Accuracy: 1.0000, Energy: -1261981.125
Time taken:  12.57901930809021
Test Loss: 0.0000, Test Accuracy: 1.0000, Energy: -1301880.0
Time taken:  12.417335510253906
Test Loss: 0.0000, Test Accuracy: 1.0000, Energy: -1306792.75
Time taken:  12.549065113067627
Test Loss: 0.0000, Test Accuracy: 1.0000, Energy: -1315034.125
Time taken:  12.708786725997925
Test Loss: 0.0000, Test Accuracy: 1.0000, Energy: -1338497.875
Time taken:  12.542203664779663
Test Loss: 0.0000, Test Accuracy: 1.0000, Energy: -1359976.5
Time taken:  12.845261573791504
Test Loss: 0.0000, Test Accuracy: 1.0000, Energy: -1378976.375
Time taken:  12.71048617362976
Test Loss: 0.0000, Test Accuracy: 1.0000, Energy: -1398527.625
Time taken:  12.631093502044678
Test Loss: 0.0000, Test Accuracy: 1.0000, Energy: -1415560.0
Time taken:  12.723609924316406
Test Loss: 0.0000, Test Accuracy: 1.0000, Energy: -1427811.625
Time taken:  12.73586392402649
Test Loss: 0.0000, Test Accuracy: 1.0000, Energy: -1443029.5
Time taken:  13.004863023757935
Test Loss: 0.0000, Test Accuracy: 1.0000, Energy: -1455069.375
Time taken:  13.035067796707153
Test Loss: 0.0000, Test Accuracy: 1.0000, Energy: -1467579.125
Time taken:  12.878239393234253
Test Loss: 0.0000, Test Accuracy: 1.0000, Energy: -1480743.0
Time taken:  12.821044206619263
Test Loss: 0.0000, Test Accuracy: 1.0000, Energy: -1493652.625
Time taken:  12.886904001235962
Test Loss: 0.0000, Test Accuracy: 1.0000, Energy: -1507416.0
Time taken:  12.549587726593018
Test Loss: 0.0000, Test Accuracy: 1.0000, Energy: -1519640.875
Time taken:  12.69735860824585
Test Loss: 0.0000, Test Accuracy: 1.0000, Energy: -1528656.875
Time taken:  12.43143630027771
Test Loss: 0.0000, Test Accuracy: 1.0000, Energy: -1505551.0
Time taken:  12.628924131393433
Test Loss: 0.0000, Test Accuracy: 1.0000, Energy: -1499049.25
Time taken:  12.398305416107178
Test Loss: 0.0000, Test Accuracy: 1.0000, Energy: -1506930.125
Time taken:  12.413083791732788
Test Loss: 0.0000, Test Accuracy: 1.0000, Energy: -1514001.0
Time taken:  12.331393241882324
Test Loss: 0.0000, Test Accuracy: 1.0000, Energy: -1521421.625
Time taken:  12.596793413162231
Test Loss: 0.0000, Test Accuracy: 1.0000, Energy: -1528521.25
Time taken:  12.310965776443481
Test Loss: 0.0000, Test Accuracy: 1.0000, Energy: -1535644.875
Time taken:  12.355639696121216
Test Loss: 0.0000, Test Accuracy: 1.0000, Energy: -1542691.25
Time taken:  12.567798614501953
Test Loss: 0.0000, Test Accuracy: 1.0000, Energy: -1549590.0
Time taken:  12.668599128723145
Test Loss: 0.0000, Test Accuracy: 1.0000, Energy: -1556847.25
Time taken:  12.475815057754517
Test Loss: 0.0000, Test Accuracy: 1.0000, Energy: -1563530.75
Time taken:  12.492674112319946
Test Loss: 0.0000, Test Accuracy: 1.0000, Energy: -1569880.5
Time taken:  12.478714227676392
Test Loss: 0.0000, Test Accuracy: 1.0000, Energy: -1576165.25
Time taken:  12.646732330322266
Test Loss: 0.0000, Test Accuracy: 1.0000, Energy: -1582209.625
Time taken:  12.358490705490112
Test Loss: 0.0000, Test Accuracy: 1.0000, Energy: -1587778.75
Time taken:  12.262580394744873
Test Loss: 0.0000, Test Accuracy: 1.0000, Energy: -1593553.125
Time taken:  12.497459173202515
Test Loss: 0.0000, Test Accuracy: 1.0000, Energy: -1599846.5
Time taken:  12.521761894226074
Test Loss: 0.0000, Test Accuracy: 1.0000, Energy: -1605540.5
Time taken:  12.22563886642456
Test Loss: 0.0000, Test Accuracy: 1.0000, Energy: -1610962.875
Time taken:  12.24222469329834
Test Loss: 0.0000, Test Accuracy: 1.0000, Energy: -1616586.0
Time taken:  12.207191944122314
Test Loss: 0.0000, Test Accuracy: 1.0000, Energy: -1622076.75
Time taken:  12.452966690063477
Test Loss: 0.0000, Test Accuracy: 1.0000, Energy: -1627189.625
Time taken:  12.361893653869629
Test Loss: 0.0000, Test Accuracy: 1.0000, Energy: -1632448.375
Time taken:  12.421156883239746
Test Loss: 0.0000, Test Accuracy: 1.0000, Energy: -1637380.5
Time taken:  12.512184381484985
Test Loss: 0.0000, Test Accuracy: 1.0000, Energy: -1642525.375
Time taken:  12.601049423217773
Test Loss: 0.0000, Test Accuracy: 1.0000, Energy: -1646910.5
Time taken:  12.435938596725464
Test Loss: 0.0000, Test Accuracy: 1.0000, Energy: -1652014.0
Time taken:  12.536818265914917
Test Loss: 0.0000, Test Accuracy: 1.0000, Energy: -1656332.875
Time taken:  12.448068618774414
Test Loss: 0.0000, Test Accuracy: 1.0000, Energy: -1660946.0
Time taken:  12.597045183181763
Test Loss: 0.0000, Test Accuracy: 1.0000, Energy: -1664914.5
Time taken:  12.444081783294678
Test Loss: 0.0000, Test Accuracy: 1.0000, Energy: -1669440.5
Time taken:  12.496444940567017
Test Loss: 0.0000, Test Accuracy: 1.0000, Energy: -1673176.5
Time taken:  12.801446914672852
Test Loss: 0.0000, Test Accuracy: 1.0000, Energy: -1676978.0
Time taken:  12.65293288230896
Test Loss: 0.0000, Test Accuracy: 1.0000, Energy: -1681244.625
Time taken:  12.4461989402771
Test Loss: 0.0000, Test Accuracy: 1.0000, Energy: -1685259.5
Time taken:  12.607231616973877
Test Loss: 0.0000, Test Accuracy: 1.0000, Energy: -1688683.0
Time taken:  12.961117506027222
Test Loss: 0.0000, Test Accuracy: 1.0000, Energy: -1692801.875
Time taken:  12.623061656951904
Test Loss: 0.0000, Test Accuracy: 1.0000, Energy: -1696318.625
Time taken:  12.889342308044434
Test Loss: 0.0000, Test Accuracy: 1.0000, Energy: -1700316.0
Time taken:  12.774220943450928
Test Loss: 0.0000, Test Accuracy: 1.0000, Energy: -1703756.25
Time taken:  12.935277223587036
Test Loss: 0.0000, Test Accuracy: 1.0000, Energy: -1707690.5
Time taken:  12.754282236099243
Test Loss: 0.0000, Test Accuracy: 1.0000, Energy: -1711131.5
Time taken:  12.564227819442749
Test Loss: 0.0000, Test Accuracy: 1.0000, Energy: -1714908.75
Time taken:  12.50281023979187
Test Loss: 0.0000, Test Accuracy: 1.0000, Energy: -1718196.125
Time taken:  12.608383417129517
Test Loss: 0.0000, Test Accuracy: 1.0000, Energy: -1721659.25
Time taken:  12.357609987258911
Test Loss: 0.0000, Test Accuracy: 1.0000, Energy: -1725135.875
Time taken:  12.318917036056519
Test Loss: 0.0000, Test Accuracy: 1.0000, Energy: -1728163.0
Time taken:  12.439289093017578
Test Loss: 0.0000, Test Accuracy: 1.0000, Energy: -1731363.25
Time taken:  12.387418985366821
Test Loss: 0.0000, Test Accuracy: 1.0000, Energy: -1734353.625
Time taken:  12.271937131881714
Test Loss: 0.0000, Test Accuracy: 1.0000, Energy: -1737584.625
Time taken:  12.260297536849976
Test Loss: 0.0000, Test Accuracy: 1.0000, Energy: -1740623.125
Time taken:  12.32821011543274
Test Loss: 0.0000, Test Accuracy: 1.0000, Energy: -1743754.5
Time taken:  12.629632949829102
Test Loss: 0.0000, Test Accuracy: 1.0000, Energy: -1746138.875
Time taken:  12.424440622329712
Test Loss: 0.0000, Test Accuracy: 1.0000, Energy: -1749154.25
Time taken:  12.499232769012451
Test Loss: 0.0000, Test Accuracy: 1.0000, Energy: -1751683.625
Time taken:  12.586920261383057
Test Loss: 0.0000, Test Accuracy: 1.0000, Energy: -1754294.625
Time taken:  12.691083669662476
Test Loss: 0.0000, Test Accuracy: 1.0000, Energy: -1756981.375
Time taken:  12.43568205833435
Test Loss: 0.0000, Test Accuracy: 1.0000, Energy: -1759900.5
Time taken:  12.478164672851562
Test Loss: 0.0000, Test Accuracy: 1.0000, Energy: -1762583.375
Time taken:  12.33593201637268
Test Loss: 0.0000, Test Accuracy: 1.0000, Energy: -1764655.5
Time taken:  12.597936868667603
Test Loss: 0.0000, Test Accuracy: 1.0000, Energy: -1767589.125
Time taken:  12.39246678352356
Test Loss: 0.0000, Test Accuracy: 1.0000, Energy: -1769903.75
Time taken:  12.380988121032715
Test Loss: 0.0000, Test Accuracy: 1.0000, Energy: -1772629.125
Time taken:  12.457722902297974
Test Loss: 0.0000, Test Accuracy: 1.0000, Energy: -1774972.125
Time taken:  12.490362167358398
Test Loss: 0.0000, Test Accuracy: 1.0000, Energy: -1777233.0
Time taken:  12.368464231491089
Test Loss: 0.0000, Test Accuracy: 1.0000, Energy: -1779729.0
Time taken:  12.385388612747192
Final accuracies: [1.0, 1.0, 1.0, 1.0, 1.0, 1.0, 1.0, 1.0, 1.0, 1.0, 1.0, 1.0, 1.0, 1.0, 1.0, 1.0, 1.0, 1.0, 1.0, 1.0, 1.0, 1.0, 1.0, 1.0, 1.0, 1.0, 1.0, 1.0, 1.0, 1.0, 1.0, 1.0, 1.0, 1.0, 1.0, 1.0, 1.0, 1.0, 1.0, 1.0, 1.0, 1.0, 1.0, 1.0, 1.0, 1.0, 1.0, 1.0, 1.0, 1.0, 1.0, 1.0, 1.0, 1.0, 1.0, 1.0, 1.0, 1.0, 1.0, 1.0, 1.0, 1.0, 1.0, 1.0, 1.0, 1.0, 1.0, 1.0, 1.0, 1.0, 1.0, 1.0, 1.0, 1.0, 1.0, 1.0, 1.0, 1.0, 1.0, 1.0, 1.0, 1.0, 1.0, 1.0, 1.0, 1.0, 1.0, 1.0, 1.0, 1.0, 1.0, 1.0, 1.0, 1.0, 1.0, 1.0, 1.0, 1.0, 1.0, 1.0]
Final energies: [-519150.4375, -765869.5625, -790542.375, -811075.5625, -827974.75, -841067.5625, -863885.5625, -877841.0, -898514.0625, -908656.5625, -918759.0625, -928162.0625, -958775.6875, -1002851.0, -1149246.5, -1219180.0, -1261981.125, -1301880.0, -1306792.75, -1315034.125, -1338497.875, -1359976.5, -1378976.375, -1398527.625, -1415560.0, -1427811.625, -1443029.5, -1455069.375, -1467579.125, -1480743.0, -1493652.625, -1507416.0, -1519640.875, -1528656.875, -1505551.0, -1499049.25, -1506930.125, -1514001.0, -1521421.625, -1528521.25, -1535644.875, -1542691.25, -1549590.0, -1556847.25, -1563530.75, -1569880.5, -1576165.25, -1582209.625, -1587778.75, -1593553.125, -1599846.5, -1605540.5, -1610962.875, -1616586.0, -1622076.75, -1627189.625, -1632448.375, -1637380.5, -1642525.375, -1646910.5, -1652014.0, -1656332.875, -1660946.0, -1664914.5, -1669440.5, -1673176.5, -1676978.0, -1681244.625, -1685259.5, -1688683.0, -1692801.875, -1696318.625, -1700316.0, -1703756.25, -1707690.5, -1711131.5, -1714908.75, -1718196.125, -1721659.25, -1725135.875, -1728163.0, -1731363.25, -1734353.625, -1737584.625, -1740623.125, -1743754.5, -1746138.875, -1749154.25, -1751683.625, -1754294.625, -1756981.375, -1759900.5, -1762583.375, -1764655.5, -1767589.125, -1769903.75, -1772629.125, -1774972.125, -1777233.0, -1779729.0]
