Running with parameters: hidden=30, use_coupled=true, seed=5, lam=0.0, eta=1.0, batch=1
Test Loss: 0.0000, Test Accuracy: 1.0000, Energy: -525080.1875
Time taken:  11.313282489776611
Test Loss: 0.0000, Test Accuracy: 1.0000, Energy: -740838.75
Time taken:  11.098249673843384
Test Loss: 0.0000, Test Accuracy: 1.0000, Energy: -768399.625
Time taken:  11.0670325756073
Test Loss: 0.0000, Test Accuracy: 1.0000, Energy: -782868.0
Time taken:  11.163346767425537
Test Loss: 0.0000, Test Accuracy: 1.0000, Energy: -796800.0
Time taken:  11.066014289855957
Test Loss: 0.0000, Test Accuracy: 1.0000, Energy: -815772.25
Time taken:  11.05158257484436
Test Loss: 0.0000, Test Accuracy: 1.0000, Energy: -829667.6875
Time taken:  11.059572219848633
Test Loss: 0.0000, Test Accuracy: 1.0000, Energy: -843139.1875
Time taken:  11.172866582870483
Test Loss: 0.0000, Test Accuracy: 1.0000, Energy: -857821.9375
Time taken:  11.063188314437866
Test Loss: 0.0000, Test Accuracy: 1.0000, Energy: -868078.5625
Time taken:  11.080459117889404
Test Loss: 0.0000, Test Accuracy: 1.0000, Energy: -885236.5
Time taken:  11.095289707183838
Test Loss: 0.0000, Test Accuracy: 1.0000, Energy: -900189.3125
Time taken:  11.17892575263977
Test Loss: 0.0000, Test Accuracy: 1.0000, Energy: -911116.6875
Time taken:  11.080262422561646
Test Loss: 0.0000, Test Accuracy: 1.0000, Energy: -925248.875
Time taken:  11.057366371154785
Test Loss: 0.0000, Test Accuracy: 1.0000, Energy: -934319.3125
Time taken:  11.07909107208252
Test Loss: 0.0000, Test Accuracy: 1.0000, Energy: -943640.6875
Time taken:  11.19127106666565
Test Loss: 0.0000, Test Accuracy: 1.0000, Energy: -951990.8125
Time taken:  11.073736667633057
Test Loss: 0.0000, Test Accuracy: 1.0000, Energy: -962357.75
Time taken:  11.029435396194458
Test Loss: 0.0000, Test Accuracy: 1.0000, Energy: -971329.3125
Time taken:  11.048250675201416
Test Loss: 0.0000, Test Accuracy: 1.0000, Energy: -980843.6875
Time taken:  11.17920970916748
Test Loss: 0.0000, Test Accuracy: 1.0000, Energy: -990432.5625
Time taken:  11.030017852783203
Test Loss: 0.0000, Test Accuracy: 1.0000, Energy: -1044104.6875
Time taken:  11.059158325195312
Test Loss: 0.0000, Test Accuracy: 1.0000, Energy: -1085407.0
Time taken:  11.165919065475464
Test Loss: 0.0000, Test Accuracy: 1.0000, Energy: -1096247.25
Time taken:  11.045897960662842
Test Loss: 0.0000, Test Accuracy: 1.0000, Energy: -1105527.625
Time taken:  11.034452199935913
Test Loss: 0.0000, Test Accuracy: 1.0000, Energy: -1116335.875
Time taken:  11.059493780136108
Test Loss: 0.0000, Test Accuracy: 1.0000, Energy: -1145122.875
Time taken:  11.195912599563599
Test Loss: 0.0000, Test Accuracy: 1.0000, Energy: -1154014.875
Time taken:  11.09384274482727
Test Loss: 0.0000, Test Accuracy: 1.0000, Energy: -1175464.125
Time taken:  11.067344665527344
Test Loss: 0.0000, Test Accuracy: 1.0000, Energy: -1183388.0
Time taken:  11.045565128326416
Test Loss: 0.0000, Test Accuracy: 1.0000, Energy: -1191319.375
Time taken:  11.18686580657959
Test Loss: 0.0000, Test Accuracy: 1.0000, Energy: -1198443.0
Time taken:  11.037911176681519
Test Loss: 0.0000, Test Accuracy: 1.0000, Energy: -1206179.0
Time taken:  11.038431406021118
Test Loss: 0.0000, Test Accuracy: 1.0000, Energy: -1213848.5
Time taken:  11.03715443611145
Test Loss: 0.0000, Test Accuracy: 1.0000, Energy: -1220080.0
Time taken:  11.177519083023071
Test Loss: 0.0000, Test Accuracy: 1.0000, Energy: -1228929.125
Time taken:  11.0159010887146
Test Loss: 0.0000, Test Accuracy: 1.0000, Energy: -1236349.0
Time taken:  11.06686544418335
Test Loss: 0.0000, Test Accuracy: 1.0000, Energy: -1242807.625
Time taken:  11.061349868774414
Test Loss: 0.0000, Test Accuracy: 1.0000, Energy: -1250899.875
Time taken:  11.149525880813599
Test Loss: 0.0000, Test Accuracy: 1.0000, Energy: -1257928.625
Time taken:  11.03858757019043
Test Loss: 0.0000, Test Accuracy: 1.0000, Energy: -1266412.75
Time taken:  11.066431522369385
Test Loss: 0.0000, Test Accuracy: 1.0000, Energy: -1272417.25
Time taken:  11.035808086395264
Test Loss: 0.0000, Test Accuracy: 1.0000, Energy: -1281165.125
Time taken:  11.16380262374878
Test Loss: 0.0000, Test Accuracy: 1.0000, Energy: -1290426.75
Time taken:  11.038975954055786
Test Loss: 0.0000, Test Accuracy: 1.0000, Energy: -1295374.125
Time taken:  11.028413772583008
Test Loss: 0.0000, Test Accuracy: 1.0000, Energy: -1302099.125
Time taken:  11.023647785186768
Test Loss: 0.0000, Test Accuracy: 1.0000, Energy: -1309100.0
Time taken:  11.148506164550781
Test Loss: 0.0000, Test Accuracy: 1.0000, Energy: -1315585.0
Time taken:  11.044510841369629
Test Loss: 0.0000, Test Accuracy: 1.0000, Energy: -1323151.0
Time taken:  10.99685788154602
Test Loss: 0.0000, Test Accuracy: 1.0000, Energy: -1329197.875
Time taken:  11.039839744567871
Test Loss: 0.0000, Test Accuracy: 1.0000, Energy: -1336658.375
Time taken:  11.16644024848938
Test Loss: 0.0000, Test Accuracy: 1.0000, Energy: -1343227.875
Time taken:  11.056906938552856
Test Loss: 0.0000, Test Accuracy: 1.0000, Energy: -1349078.25
Time taken:  11.034051656723022
Test Loss: 0.0000, Test Accuracy: 1.0000, Energy: -1355632.5
Time taken:  11.066452741622925
Test Loss: 0.0000, Test Accuracy: 1.0000, Energy: -1362463.125
Time taken:  11.134804248809814
Test Loss: 0.0000, Test Accuracy: 1.0000, Energy: -1368743.25
Time taken:  11.060768604278564
Test Loss: 0.0000, Test Accuracy: 1.0000, Energy: -1374201.875
Time taken:  11.056130647659302
Test Loss: 0.0000, Test Accuracy: 1.0000, Energy: -1380343.25
Time taken:  11.063531398773193
Test Loss: 0.0000, Test Accuracy: 1.0000, Energy: -1385852.125
Time taken:  11.142799854278564
Test Loss: 0.0000, Test Accuracy: 1.0000, Energy: -1391389.875
Time taken:  11.0204336643219
Test Loss: 0.0000, Test Accuracy: 1.0000, Energy: -1397387.5
Time taken:  11.053317070007324
Test Loss: 0.0000, Test Accuracy: 1.0000, Energy: -1402847.375
Time taken:  11.053568124771118
Test Loss: 0.0000, Test Accuracy: 1.0000, Energy: -1409307.125
Time taken:  11.145882368087769
Test Loss: 0.0000, Test Accuracy: 1.0000, Energy: -1414687.375
Time taken:  11.039679765701294
Test Loss: 0.0000, Test Accuracy: 1.0000, Energy: -1421093.375
Time taken:  11.054362773895264
Test Loss: 0.0000, Test Accuracy: 1.0000, Energy: -1427101.875
Time taken:  11.15051794052124
Test Loss: 0.0000, Test Accuracy: 1.0000, Energy: -1432917.875
Time taken:  11.04723310470581
Test Loss: 0.0000, Test Accuracy: 1.0000, Energy: -1438858.375
Time taken:  11.034189701080322
Test Loss: 0.0000, Test Accuracy: 1.0000, Energy: -1444726.5
Time taken:  11.043800115585327
Test Loss: 0.0000, Test Accuracy: 1.0000, Energy: -1450385.25
Time taken:  11.184082746505737
Test Loss: 0.0000, Test Accuracy: 1.0000, Energy: -1454833.375
Time taken:  11.03576111793518
Test Loss: 0.0000, Test Accuracy: 1.0000, Energy: -1461303.875
Time taken:  11.040289640426636
Test Loss: 0.0000, Test Accuracy: 1.0000, Energy: -1466864.375
Time taken:  11.047158479690552
Test Loss: 0.0000, Test Accuracy: 1.0000, Energy: -1472667.375
Time taken:  11.134305238723755
Test Loss: 0.0000, Test Accuracy: 1.0000, Energy: -1477703.625
Time taken:  11.067790985107422
Test Loss: 0.0000, Test Accuracy: 1.0000, Energy: -1482698.0
Time taken:  11.031028747558594
Test Loss: 0.0000, Test Accuracy: 1.0000, Energy: -1488603.125
Time taken:  11.060034036636353
Test Loss: 0.0000, Test Accuracy: 1.0000, Energy: -1494221.875
Time taken:  11.156395196914673
Test Loss: 0.0000, Test Accuracy: 1.0000, Energy: -1498705.125
Time taken:  11.046513795852661
Test Loss: 0.0000, Test Accuracy: 1.0000, Energy: -1503295.25
Time taken:  11.070998430252075
Test Loss: 0.0000, Test Accuracy: 1.0000, Energy: -1507800.125
Time taken:  11.052242279052734
Test Loss: 0.0000, Test Accuracy: 1.0000, Energy: -1513664.0
Time taken:  11.183361291885376
Test Loss: 0.0000, Test Accuracy: 1.0000, Energy: -1518484.875
Time taken:  11.066304206848145
Test Loss: 0.0000, Test Accuracy: 1.0000, Energy: -1523508.25
Time taken:  11.087462425231934
Test Loss: 0.0000, Test Accuracy: 1.0000, Energy: -1528084.375
Time taken:  11.05265212059021
Test Loss: 0.0000, Test Accuracy: 1.0000, Energy: -1532627.375
Time taken:  11.177081823348999
Test Loss: 0.0000, Test Accuracy: 1.0000, Energy: -1537785.625
Time taken:  11.0841543674469
Test Loss: 0.0000, Test Accuracy: 1.0000, Energy: -1542607.875
Time taken:  11.051182508468628
Test Loss: 0.0000, Test Accuracy: 1.0000, Energy: -1547164.125
Time taken:  11.097723007202148
Test Loss: 0.0000, Test Accuracy: 1.0000, Energy: -1551990.5
Time taken:  11.165639162063599
Test Loss: 0.0000, Test Accuracy: 1.0000, Energy: -1556769.75
Time taken:  11.031028747558594
Test Loss: 0.0000, Test Accuracy: 1.0000, Energy: -1561727.375
Time taken:  11.051321506500244
Test Loss: 0.0000, Test Accuracy: 1.0000, Energy: -1566811.5
Time taken:  11.082261085510254
Test Loss: 0.0000, Test Accuracy: 1.0000, Energy: -1571270.0
Time taken:  11.14834713935852
Test Loss: 0.0000, Test Accuracy: 1.0000, Energy: -1576355.75
Time taken:  11.075226306915283
Test Loss: 0.0000, Test Accuracy: 1.0000, Energy: -1580538.875
Time taken:  11.062406778335571
Test Loss: 0.0000, Test Accuracy: 1.0000, Energy: -1585174.625
Time taken:  11.051811456680298
Test Loss: 0.0000, Test Accuracy: 1.0000, Energy: -1589990.0
Time taken:  11.18597936630249
Test Loss: 0.0000, Test Accuracy: 1.0000, Energy: -1594506.625
Time taken:  11.082553148269653
Test Loss: 0.0000, Test Accuracy: 1.0000, Energy: -1599426.125
Time taken:  11.06347107887268
Final accuracies: [1.0, 1.0, 1.0, 1.0, 1.0, 1.0, 1.0, 1.0, 1.0, 1.0, 1.0, 1.0, 1.0, 1.0, 1.0, 1.0, 1.0, 1.0, 1.0, 1.0, 1.0, 1.0, 1.0, 1.0, 1.0, 1.0, 1.0, 1.0, 1.0, 1.0, 1.0, 1.0, 1.0, 1.0, 1.0, 1.0, 1.0, 1.0, 1.0, 1.0, 1.0, 1.0, 1.0, 1.0, 1.0, 1.0, 1.0, 1.0, 1.0, 1.0, 1.0, 1.0, 1.0, 1.0, 1.0, 1.0, 1.0, 1.0, 1.0, 1.0, 1.0, 1.0, 1.0, 1.0, 1.0, 1.0, 1.0, 1.0, 1.0, 1.0, 1.0, 1.0, 1.0, 1.0, 1.0, 1.0, 1.0, 1.0, 1.0, 1.0, 1.0, 1.0, 1.0, 1.0, 1.0, 1.0, 1.0, 1.0, 1.0, 1.0, 1.0, 1.0, 1.0, 1.0, 1.0, 1.0, 1.0, 1.0, 1.0, 1.0]
Final energies: [-525080.1875, -740838.75, -768399.625, -782868.0, -796800.0, -815772.25, -829667.6875, -843139.1875, -857821.9375, -868078.5625, -885236.5, -900189.3125, -911116.6875, -925248.875, -934319.3125, -943640.6875, -951990.8125, -962357.75, -971329.3125, -980843.6875, -990432.5625, -1044104.6875, -1085407.0, -1096247.25, -1105527.625, -1116335.875, -1145122.875, -1154014.875, -1175464.125, -1183388.0, -1191319.375, -1198443.0, -1206179.0, -1213848.5, -1220080.0, -1228929.125, -1236349.0, -1242807.625, -1250899.875, -1257928.625, -1266412.75, -1272417.25, -1281165.125, -1290426.75, -1295374.125, -1302099.125, -1309100.0, -1315585.0, -1323151.0, -1329197.875, -1336658.375, -1343227.875, -1349078.25, -1355632.5, -1362463.125, -1368743.25, -1374201.875, -1380343.25, -1385852.125, -1391389.875, -1397387.5, -1402847.375, -1409307.125, -1414687.375, -1421093.375, -1427101.875, -1432917.875, -1438858.375, -1444726.5, -1450385.25, -1454833.375, -1461303.875, -1466864.375, -1472667.375, -1477703.625, -1482698.0, -1488603.125, -1494221.875, -1498705.125, -1503295.25, -1507800.125, -1513664.0, -1518484.875, -1523508.25, -1528084.375, -1532627.375, -1537785.625, -1542607.875, -1547164.125, -1551990.5, -1556769.75, -1561727.375, -1566811.5, -1571270.0, -1576355.75, -1580538.875, -1585174.625, -1589990.0, -1594506.625, -1599426.125]
