Running with parameters: hidden=30, use_coupled=true, seed=52, lam=0.0, eta=1.0, batch=1
Test Loss: 0.0000, Test Accuracy: 1.0000, Energy: -368613.34375
Time taken:  11.341851711273193
Test Loss: 0.0000, Test Accuracy: 0.9967, Energy: -475522.25
Time taken:  11.188123226165771
Test Loss: 0.0000, Test Accuracy: 0.9967, Energy: -493650.65625
Time taken:  11.153037548065186
Test Loss: 0.0000, Test Accuracy: 0.9967, Energy: -498201.0625
Time taken:  11.288137912750244
Test Loss: 0.0000, Test Accuracy: 1.0000, Energy: -511603.03125
Time taken:  11.189594984054565
Test Loss: 0.0000, Test Accuracy: 1.0000, Energy: -515817.28125
Time taken:  11.198821067810059
Test Loss: 0.0000, Test Accuracy: 1.0000, Energy: -520160.78125
Time taken:  11.20565938949585
Test Loss: 0.0000, Test Accuracy: 1.0000, Energy: -522095.1875
Time taken:  11.225616216659546
Test Loss: 0.0000, Test Accuracy: 0.9967, Energy: -524077.90625
Time taken:  11.11187481880188
Test Loss: 0.0000, Test Accuracy: 0.9967, Energy: -531193.5625
Time taken:  11.125396013259888
Test Loss: 0.0000, Test Accuracy: 0.9967, Energy: -544627.8125
Time taken:  11.131238222122192
Test Loss: 0.0000, Test Accuracy: 0.9967, Energy: -553856.25
Time taken:  11.238704204559326
Test Loss: 0.0000, Test Accuracy: 0.9967, Energy: -574536.4375
Time taken:  11.182491064071655
Test Loss: 0.0000, Test Accuracy: 0.9967, Energy: -587842.625
Time taken:  11.174770832061768
Test Loss: 0.0000, Test Accuracy: 0.9967, Energy: -592120.6875
Time taken:  11.154776096343994
Test Loss: 0.0000, Test Accuracy: 0.9967, Energy: -596696.875
Time taken:  11.311069011688232
Test Loss: 0.0000, Test Accuracy: 0.9967, Energy: -601111.75
Time taken:  11.180830478668213
Test Loss: 0.0000, Test Accuracy: 0.9967, Energy: -605019.5625
Time taken:  11.177548170089722
Test Loss: 0.0000, Test Accuracy: 0.9967, Energy: -609526.6875
Time taken:  11.217505931854248
Test Loss: 0.0000, Test Accuracy: 1.0000, Energy: -614277.0
Time taken:  11.32318377494812
Test Loss: 0.0000, Test Accuracy: 1.0000, Energy: -618824.25
Time taken:  11.18260908126831
Test Loss: 0.0000, Test Accuracy: 1.0000, Energy: -623319.9375
Time taken:  11.213016748428345
Test Loss: 0.0000, Test Accuracy: 0.9967, Energy: -648131.3125
Time taken:  11.289226531982422
Test Loss: 0.0000, Test Accuracy: 0.9967, Energy: -653222.8125
Time taken:  11.193313121795654
Test Loss: 0.0000, Test Accuracy: 0.9967, Energy: -657613.9375
Time taken:  11.603681802749634
Test Loss: 0.0000, Test Accuracy: 0.9967, Energy: -661959.5
Time taken:  11.3173668384552
Test Loss: 0.0000, Test Accuracy: 0.9967, Energy: -667312.0625
Time taken:  11.28348994255066
Test Loss: 0.0000, Test Accuracy: 0.9967, Energy: -671889.9375
Time taken:  11.237154006958008
Test Loss: 0.0000, Test Accuracy: 0.9967, Energy: -676801.375
Time taken:  11.196969985961914
Test Loss: 0.0000, Test Accuracy: 0.9967, Energy: -681408.0625
Time taken:  11.177306175231934
Test Loss: 0.0000, Test Accuracy: 0.9967, Energy: -686031.9375
Time taken:  11.253782272338867
Test Loss: 0.0000, Test Accuracy: 0.9967, Energy: -690580.125
Time taken:  11.143287897109985
Test Loss: 0.0000, Test Accuracy: 0.9967, Energy: -695342.5
Time taken:  11.145668745040894
Test Loss: 0.0000, Test Accuracy: 0.9967, Energy: -700014.0
Time taken:  11.171162843704224
Test Loss: 0.0000, Test Accuracy: 0.9967, Energy: -705052.6875
Time taken:  11.317703247070312
Test Loss: 0.0000, Test Accuracy: 0.9967, Energy: -709476.75
Time taken:  11.174713611602783
Test Loss: 0.0000, Test Accuracy: 0.9967, Energy: -713755.3125
Time taken:  11.13998293876648
Test Loss: 0.0000, Test Accuracy: 0.9967, Energy: -718049.5
Time taken:  11.176032066345215
Test Loss: 0.0000, Test Accuracy: 0.9967, Energy: -722055.5
Time taken:  11.302904605865479
Test Loss: 0.0000, Test Accuracy: 0.9967, Energy: -726145.9375
Time taken:  11.217195510864258
Test Loss: 0.0000, Test Accuracy: 0.9967, Energy: -730495.0
Time taken:  11.170847415924072
Test Loss: 0.0000, Test Accuracy: 0.9967, Energy: -735365.625
Time taken:  11.132728338241577
Test Loss: 0.0000, Test Accuracy: 0.9967, Energy: -740027.875
Time taken:  11.26282525062561
Test Loss: 0.0000, Test Accuracy: 0.9967, Energy: -744332.3125
Time taken:  11.210873365402222
Test Loss: 0.0000, Test Accuracy: 0.9967, Energy: -749170.1875
Time taken:  11.194283723831177
Test Loss: 0.0000, Test Accuracy: 0.9967, Energy: -753504.8125
Time taken:  11.149670600891113
Test Loss: 0.0000, Test Accuracy: 0.9967, Energy: -758266.875
Time taken:  11.278325080871582
Test Loss: 0.0000, Test Accuracy: 0.9967, Energy: -763316.4375
Time taken:  11.175573110580444
Test Loss: 0.0000, Test Accuracy: 0.9967, Energy: -767638.5
Time taken:  11.172616958618164
Test Loss: 0.0000, Test Accuracy: 1.0000, Energy: -772275.1875
Time taken:  11.196385145187378
Test Loss: 0.0000, Test Accuracy: 1.0000, Energy: -777096.3125
Time taken:  11.286277770996094
Test Loss: 0.0000, Test Accuracy: 1.0000, Energy: -781505.75
Time taken:  11.144902229309082
Test Loss: 0.0000, Test Accuracy: 0.9967, Energy: -785825.0
Time taken:  11.162600994110107
Test Loss: 0.0000, Test Accuracy: 0.9967, Energy: -789640.3125
Time taken:  11.178746938705444
Test Loss: 0.0000, Test Accuracy: 0.9967, Energy: -793814.9375
Time taken:  11.273375749588013
Test Loss: 0.0000, Test Accuracy: 0.9967, Energy: -798305.5625
Time taken:  11.1728355884552
Test Loss: 0.0000, Test Accuracy: 0.9967, Energy: -802188.1875
Time taken:  11.18398928642273
Test Loss: 0.0000, Test Accuracy: 0.9967, Energy: -806228.0625
Time taken:  11.187559604644775
Test Loss: 0.0000, Test Accuracy: 0.9967, Energy: -810568.375
Time taken:  11.27549958229065
Test Loss: 0.0000, Test Accuracy: 0.9967, Energy: -814763.75
Time taken:  11.124960660934448
Test Loss: 0.0000, Test Accuracy: 0.9967, Energy: -819092.1875
Time taken:  11.166972637176514
Test Loss: 0.0000, Test Accuracy: 1.0000, Energy: -823159.0625
Time taken:  11.15649700164795
Test Loss: 0.0000, Test Accuracy: 0.9967, Energy: -827472.625
Time taken:  11.244057893753052
Test Loss: 0.0000, Test Accuracy: 0.9967, Energy: -831795.875
Time taken:  11.159698009490967
Test Loss: 0.0000, Test Accuracy: 0.9967, Energy: -836503.4375
Time taken:  11.20967698097229
Test Loss: 0.0000, Test Accuracy: 0.9967, Energy: -841214.125
Time taken:  11.272019624710083
Test Loss: 0.0000, Test Accuracy: 0.9967, Energy: -845461.1875
Time taken:  11.160238027572632
Test Loss: 0.0000, Test Accuracy: 0.9967, Energy: -849718.375
Time taken:  11.136225700378418
Test Loss: 0.0000, Test Accuracy: 0.9967, Energy: -854321.0625
Time taken:  11.152539491653442
Test Loss: 0.0000, Test Accuracy: 0.9967, Energy: -858392.125
Time taken:  11.303146600723267
Test Loss: 0.0000, Test Accuracy: 0.9967, Energy: -863159.5
Time taken:  11.188725471496582
Test Loss: 0.0000, Test Accuracy: 0.9967, Energy: -867606.9375
Time taken:  11.184661388397217
Test Loss: 0.0000, Test Accuracy: 0.9967, Energy: -872436.0
Time taken:  11.165038585662842
Test Loss: 0.0000, Test Accuracy: 0.9967, Energy: -877369.25
Time taken:  11.43094277381897
Test Loss: 0.0000, Test Accuracy: 0.9967, Energy: -881776.3125
Time taken:  11.330505132675171
Test Loss: 0.0000, Test Accuracy: 0.9967, Energy: -886734.4375
Time taken:  11.38455581665039
Test Loss: 0.0000, Test Accuracy: 0.9967, Energy: -891104.6875
Time taken:  11.275719165802002
Test Loss: 0.0000, Test Accuracy: 0.9967, Energy: -896031.5625
Time taken:  11.335156917572021
Test Loss: 0.0000, Test Accuracy: 0.9967, Energy: -899884.9375
Time taken:  11.23301911354065
Test Loss: 0.0000, Test Accuracy: 0.9967, Energy: -903408.4375
Time taken:  11.15459394454956
Test Loss: 0.0000, Test Accuracy: 0.9967, Energy: -907536.5625
Time taken:  11.060696840286255
Test Loss: 0.0000, Test Accuracy: 0.9967, Energy: -911627.6875
Time taken:  11.177194595336914
Test Loss: 0.0000, Test Accuracy: 0.9967, Energy: -915426.0625
Time taken:  11.118381977081299
Test Loss: 0.0000, Test Accuracy: 0.9967, Energy: -919343.8125
Time taken:  11.233912467956543
Test Loss: 0.0000, Test Accuracy: 0.9967, Energy: -923929.875
Time taken:  11.220665693283081
Test Loss: 0.0000, Test Accuracy: 0.9967, Energy: -927491.1875
Time taken:  11.251823663711548
Test Loss: 0.0000, Test Accuracy: 0.9967, Energy: -931253.1875
Time taken:  11.099422693252563
Test Loss: 0.0000, Test Accuracy: 0.9967, Energy: -934338.875
Time taken:  11.093367338180542
Test Loss: 0.0000, Test Accuracy: 0.9967, Energy: -937605.0
Time taken:  11.101996898651123
Test Loss: 0.0000, Test Accuracy: 0.9967, Energy: -941588.5625
Time taken:  11.213139772415161
Test Loss: 0.0000, Test Accuracy: 0.9967, Energy: -945664.25
Time taken:  11.11832880973816
Test Loss: 0.0000, Test Accuracy: 0.9967, Energy: -949557.25
Time taken:  11.105048179626465
Test Loss: 0.0000, Test Accuracy: 0.9967, Energy: -953343.875
Time taken:  11.122190237045288
Test Loss: 0.0000, Test Accuracy: 0.9967, Energy: -956883.8125
Time taken:  11.219461679458618
Test Loss: 0.0000, Test Accuracy: 0.9967, Energy: -963362.875
Time taken:  11.134395599365234
Test Loss: 0.0000, Test Accuracy: 0.9967, Energy: -966460.375
Time taken:  11.105504751205444
Test Loss: 0.0000, Test Accuracy: 0.9967, Energy: -969243.9375
Time taken:  11.088417053222656
Test Loss: 0.0000, Test Accuracy: 0.9967, Energy: -971992.625
Time taken:  11.179936170578003
Test Loss: 0.0000, Test Accuracy: 0.9967, Energy: -975110.9375
Time taken:  11.11211895942688
Test Loss: 0.0000, Test Accuracy: 0.9967, Energy: -978889.125
Time taken:  11.11625599861145
Final accuracies: [1.0, 0.9966666666666667, 0.9966666666666667, 0.9966666666666667, 1.0, 1.0, 1.0, 1.0, 0.9966666666666667, 0.9966666666666667, 0.9966666666666667, 0.9966666666666667, 0.9966666666666667, 0.9966666666666667, 0.9966666666666667, 0.9966666666666667, 0.9966666666666667, 0.9966666666666667, 0.9966666666666667, 1.0, 1.0, 1.0, 0.9966666666666667, 0.9966666666666667, 0.9966666666666667, 0.9966666666666667, 0.9966666666666667, 0.9966666666666667, 0.9966666666666667, 0.9966666666666667, 0.9966666666666667, 0.9966666666666667, 0.9966666666666667, 0.9966666666666667, 0.9966666666666667, 0.9966666666666667, 0.9966666666666667, 0.9966666666666667, 0.9966666666666667, 0.9966666666666667, 0.9966666666666667, 0.9966666666666667, 0.9966666666666667, 0.9966666666666667, 0.9966666666666667, 0.9966666666666667, 0.9966666666666667, 0.9966666666666667, 0.9966666666666667, 1.0, 1.0, 1.0, 0.9966666666666667, 0.9966666666666667, 0.9966666666666667, 0.9966666666666667, 0.9966666666666667, 0.9966666666666667, 0.9966666666666667, 0.9966666666666667, 0.9966666666666667, 1.0, 0.9966666666666667, 0.9966666666666667, 0.9966666666666667, 0.9966666666666667, 0.9966666666666667, 0.9966666666666667, 0.9966666666666667, 0.9966666666666667, 0.9966666666666667, 0.9966666666666667, 0.9966666666666667, 0.9966666666666667, 0.9966666666666667, 0.9966666666666667, 0.9966666666666667, 0.9966666666666667, 0.9966666666666667, 0.9966666666666667, 0.9966666666666667, 0.9966666666666667, 0.9966666666666667, 0.9966666666666667, 0.9966666666666667, 0.9966666666666667, 0.9966666666666667, 0.9966666666666667, 0.9966666666666667, 0.9966666666666667, 0.9966666666666667, 0.9966666666666667, 0.9966666666666667, 0.9966666666666667, 0.9966666666666667, 0.9966666666666667, 0.9966666666666667, 0.9966666666666667, 0.9966666666666667, 0.9966666666666667]
Final energies: [-368613.34375, -475522.25, -493650.65625, -498201.0625, -511603.03125, -515817.28125, -520160.78125, -522095.1875, -524077.90625, -531193.5625, -544627.8125, -553856.25, -574536.4375, -587842.625, -592120.6875, -596696.875, -601111.75, -605019.5625, -609526.6875, -614277.0, -618824.25, -623319.9375, -648131.3125, -653222.8125, -657613.9375, -661959.5, -667312.0625, -671889.9375, -676801.375, -681408.0625, -686031.9375, -690580.125, -695342.5, -700014.0, -705052.6875, -709476.75, -713755.3125, -718049.5, -722055.5, -726145.9375, -730495.0, -735365.625, -740027.875, -744332.3125, -749170.1875, -753504.8125, -758266.875, -763316.4375, -767638.5, -772275.1875, -777096.3125, -781505.75, -785825.0, -789640.3125, -793814.9375, -798305.5625, -802188.1875, -806228.0625, -810568.375, -814763.75, -819092.1875, -823159.0625, -827472.625, -831795.875, -836503.4375, -841214.125, -845461.1875, -849718.375, -854321.0625, -858392.125, -863159.5, -867606.9375, -872436.0, -877369.25, -881776.3125, -886734.4375, -891104.6875, -896031.5625, -899884.9375, -903408.4375, -907536.5625, -911627.6875, -915426.0625, -919343.8125, -923929.875, -927491.1875, -931253.1875, -934338.875, -937605.0, -941588.5625, -945664.25, -949557.25, -953343.875, -956883.8125, -963362.875, -966460.375, -969243.9375, -971992.625, -975110.9375, -978889.125]
