Running with parameters: hidden=30, use_coupled=true, seed=59, lam=0.0, eta=1.0, batch=1
Test Loss: 0.0000, Test Accuracy: 0.9500, Energy: -489685.125
Time taken:  11.40645456314087
Test Loss: 0.0000, Test Accuracy: 1.0000, Energy: -556154.0625
Time taken:  11.277276992797852
Test Loss: 0.0000, Test Accuracy: 1.0000, Energy: -563483.6875
Time taken:  11.265906810760498
Test Loss: 0.0000, Test Accuracy: 1.0000, Energy: -566275.75
Time taken:  11.33328914642334
Test Loss: 0.0000, Test Accuracy: 1.0000, Energy: -568682.9375
Time taken:  11.232399225234985
Test Loss: 0.0000, Test Accuracy: 1.0000, Energy: -571082.625
Time taken:  11.293521165847778
Test Loss: 0.0000, Test Accuracy: 1.0000, Energy: -575426.8125
Time taken:  11.282365798950195
Test Loss: 0.0000, Test Accuracy: 1.0000, Energy: -577398.875
Time taken:  11.316954612731934
Test Loss: 0.0000, Test Accuracy: 1.0000, Energy: -578958.3125
Time taken:  11.192809104919434
Test Loss: 0.0000, Test Accuracy: 1.0000, Energy: -581065.0
Time taken:  11.218304872512817
Test Loss: 0.0000, Test Accuracy: 1.0000, Energy: -594384.875
Time taken:  11.175162076950073
Test Loss: 0.0000, Test Accuracy: 1.0000, Energy: -668183.625
Time taken:  11.306195735931396
Test Loss: 0.0000, Test Accuracy: 1.0000, Energy: -851799.1875
Time taken:  11.255715131759644
Test Loss: 0.0000, Test Accuracy: 1.0000, Energy: -901703.5625
Time taken:  11.256515264511108
Test Loss: 0.0000, Test Accuracy: 1.0000, Energy: -943448.5625
Time taken:  11.259087324142456
Test Loss: 0.0000, Test Accuracy: 1.0000, Energy: -968473.875
Time taken:  11.360117435455322
Test Loss: 0.0000, Test Accuracy: 1.0000, Energy: -993603.75
Time taken:  11.24844741821289
Test Loss: 0.0000, Test Accuracy: 0.9967, Energy: -1002188.0
Time taken:  11.238282442092896
Test Loss: 0.0000, Test Accuracy: 0.9967, Energy: -995402.8125
Time taken:  11.262640237808228
Test Loss: 0.0000, Test Accuracy: 0.9967, Energy: -987758.8125
Time taken:  11.381985187530518
Test Loss: 0.0000, Test Accuracy: 0.9967, Energy: -996782.75
Time taken:  11.240949630737305
Test Loss: 0.0000, Test Accuracy: 0.9900, Energy: -1004023.4375
Time taken:  11.225967645645142
Test Loss: 0.0000, Test Accuracy: 0.9967, Energy: -1016980.125
Time taken:  11.344323873519897
Test Loss: 0.0000, Test Accuracy: 0.9933, Energy: -1022722.9375
Time taken:  11.285810708999634
Test Loss: 0.0000, Test Accuracy: 0.9933, Energy: -1028534.3125
Time taken:  11.690206050872803
Test Loss: 0.0000, Test Accuracy: 0.9933, Energy: -1035002.25
Time taken:  11.325160026550293
Test Loss: 0.0000, Test Accuracy: 0.9933, Energy: -1042946.4375
Time taken:  11.40710997581482
Test Loss: 0.0000, Test Accuracy: 0.9933, Energy: -1053610.375
Time taken:  11.306729555130005
Test Loss: 0.0000, Test Accuracy: 0.9967, Energy: -1060981.0
Time taken:  11.229550838470459
Test Loss: 0.0000, Test Accuracy: 0.9933, Energy: -1065969.875
Time taken:  11.231536388397217
Test Loss: 0.0000, Test Accuracy: 0.9933, Energy: -1073603.5
Time taken:  11.345054864883423
Test Loss: 0.0000, Test Accuracy: 0.9933, Energy: -1082160.5
Time taken:  11.210334062576294
Test Loss: 0.0000, Test Accuracy: 0.9933, Energy: -1092598.0
Time taken:  11.227386474609375
Test Loss: 0.0000, Test Accuracy: 0.9933, Energy: -1100251.375
Time taken:  11.254055500030518
Test Loss: 0.0000, Test Accuracy: 0.9933, Energy: -1107332.375
Time taken:  11.382728099822998
Test Loss: 0.0000, Test Accuracy: 0.9933, Energy: -1114849.625
Time taken:  11.262514114379883
Test Loss: 0.0000, Test Accuracy: 0.9933, Energy: -1121869.875
Time taken:  11.216350078582764
Test Loss: 0.0000, Test Accuracy: 0.9933, Energy: -1127444.25
Time taken:  11.237556457519531
Test Loss: 0.0000, Test Accuracy: 0.9933, Energy: -1133250.125
Time taken:  11.353515625
Test Loss: 0.0000, Test Accuracy: 0.9933, Energy: -1138821.875
Time taken:  11.29212498664856
Test Loss: 0.0000, Test Accuracy: 0.9933, Energy: -1144098.875
Time taken:  11.2825026512146
Test Loss: 0.0000, Test Accuracy: 0.9933, Energy: -1151906.75
Time taken:  11.20161771774292
Test Loss: 0.0000, Test Accuracy: 0.9933, Energy: -1157508.625
Time taken:  11.323191165924072
Test Loss: 0.0000, Test Accuracy: 0.9933, Energy: -1164134.0
Time taken:  11.278855800628662
Test Loss: 0.0000, Test Accuracy: 0.9933, Energy: -1169382.5
Time taken:  11.273295164108276
Test Loss: 0.0000, Test Accuracy: 0.9967, Energy: -1174498.875
Time taken:  11.30569076538086
Test Loss: 0.0000, Test Accuracy: 0.9967, Energy: -1179218.5
Time taken:  11.374873161315918
Test Loss: 0.0000, Test Accuracy: 0.9967, Energy: -1184418.0
Time taken:  11.246020793914795
Test Loss: 0.0000, Test Accuracy: 0.9967, Energy: -1189884.625
Time taken:  11.250287532806396
Test Loss: 0.0000, Test Accuracy: 0.9967, Energy: -1194491.125
Time taken:  11.245175123214722
Test Loss: 0.0000, Test Accuracy: 0.9967, Energy: -1199357.25
Time taken:  11.349065065383911
Test Loss: 0.0000, Test Accuracy: 0.9967, Energy: -1204239.125
Time taken:  11.244230508804321
Test Loss: 0.0000, Test Accuracy: 0.9967, Energy: -1209570.875
Time taken:  11.226732969284058
Test Loss: 0.0000, Test Accuracy: 0.9967, Energy: -1215293.25
Time taken:  11.264070510864258
Test Loss: 0.0000, Test Accuracy: 1.0000, Energy: -1219364.5
Time taken:  11.362033605575562
Test Loss: 0.0000, Test Accuracy: 1.0000, Energy: -1224452.25
Time taken:  11.224851846694946
Test Loss: 0.0000, Test Accuracy: 1.0000, Energy: -1229718.625
Time taken:  11.245131969451904
Test Loss: 0.0000, Test Accuracy: 1.0000, Energy: -1234949.75
Time taken:  11.210744142532349
Test Loss: 0.0000, Test Accuracy: 1.0000, Energy: -1239503.375
Time taken:  11.33964467048645
Test Loss: 0.0000, Test Accuracy: 1.0000, Energy: -1245092.5
Time taken:  11.203675031661987
Test Loss: 0.0000, Test Accuracy: 1.0000, Energy: -1250444.5
Time taken:  11.224976539611816
Test Loss: 0.0000, Test Accuracy: 1.0000, Energy: -1253904.25
Time taken:  11.25823187828064
Test Loss: 0.0000, Test Accuracy: 1.0000, Energy: -1258636.5
Time taken:  11.33804440498352
Test Loss: 0.0000, Test Accuracy: 1.0000, Energy: -1262373.75
Time taken:  11.275290727615356
Test Loss: 0.0000, Test Accuracy: 1.0000, Energy: -1267197.625
Time taken:  11.26387357711792
Test Loss: 0.0000, Test Accuracy: 1.0000, Energy: -1270794.125
Time taken:  11.359989881515503
Test Loss: 0.0000, Test Accuracy: 1.0000, Energy: -1275153.75
Time taken:  11.265482425689697
Test Loss: 0.0000, Test Accuracy: 1.0000, Energy: -1278855.375
Time taken:  11.221810102462769
Test Loss: 0.0000, Test Accuracy: 1.0000, Energy: -1282740.5
Time taken:  11.233687162399292
Test Loss: 0.0000, Test Accuracy: 1.0000, Energy: -1286787.0
Time taken:  11.34232497215271
Test Loss: 0.0000, Test Accuracy: 1.0000, Energy: -1291188.625
Time taken:  11.24586796760559
Test Loss: 0.0000, Test Accuracy: 1.0000, Energy: -1296994.875
Time taken:  11.236462593078613
Test Loss: 0.0000, Test Accuracy: 1.0000, Energy: -1300662.875
Time taken:  11.288320302963257
Test Loss: 0.0000, Test Accuracy: 1.0000, Energy: -1302955.25
Time taken:  11.50338864326477
Test Loss: 0.0000, Test Accuracy: 0.9967, Energy: -1306994.125
Time taken:  11.438532829284668
Test Loss: 0.0000, Test Accuracy: 0.9967, Energy: -1311268.125
Time taken:  11.406881332397461
Test Loss: 0.0000, Test Accuracy: 0.9967, Energy: -1315283.625
Time taken:  11.30573296546936
Test Loss: 0.0000, Test Accuracy: 0.9967, Energy: -1320536.5
Time taken:  11.391113996505737
Test Loss: 0.0000, Test Accuracy: 0.9967, Energy: -1324613.125
Time taken:  11.266990184783936
Test Loss: 0.0000, Test Accuracy: 0.9967, Energy: -1329227.25
Time taken:  11.228040218353271
Test Loss: 0.0000, Test Accuracy: 0.9967, Energy: -1333758.25
Time taken:  11.187199592590332
Test Loss: 0.0000, Test Accuracy: 0.9967, Energy: -1341813.375
Time taken:  11.281553745269775
Test Loss: 0.0000, Test Accuracy: 1.0000, Energy: -1344124.0
Time taken:  11.270364046096802
Test Loss: 0.0000, Test Accuracy: 0.9933, Energy: -1363884.625
Time taken:  11.276549100875854
Test Loss: 0.0000, Test Accuracy: 0.9967, Energy: -1368922.75
Time taken:  11.258778095245361
Test Loss: 0.0000, Test Accuracy: 0.9933, Energy: -1372262.25
Time taken:  11.334893465042114
Test Loss: 0.0000, Test Accuracy: 0.9967, Energy: -1381146.625
Time taken:  11.202693462371826
Test Loss: 0.0000, Test Accuracy: 0.9967, Energy: -1383466.125
Time taken:  11.192398071289062
Test Loss: 0.0000, Test Accuracy: 0.9967, Energy: -1384983.125
Time taken:  11.188307285308838
Test Loss: 0.0000, Test Accuracy: 0.9967, Energy: -1387820.375
Time taken:  11.311716556549072
Test Loss: 0.0000, Test Accuracy: 0.9967, Energy: -1391139.125
Time taken:  11.207577228546143
Test Loss: 0.0000, Test Accuracy: 0.9967, Energy: -1394105.375
Time taken:  11.200700521469116
Test Loss: 0.0000, Test Accuracy: 0.9967, Energy: -1396421.625
Time taken:  11.211419582366943
Test Loss: 0.0000, Test Accuracy: 0.9967, Energy: -1399480.125
Time taken:  11.3186194896698
Test Loss: 0.0000, Test Accuracy: 0.9933, Energy: -1402125.0
Time taken:  11.162846803665161
Test Loss: 0.0000, Test Accuracy: 0.9967, Energy: -1404029.75
Time taken:  11.17720079421997
Test Loss: 0.0000, Test Accuracy: 0.9967, Energy: -1407782.875
Time taken:  11.203307151794434
Test Loss: 0.0000, Test Accuracy: 0.9933, Energy: -1409909.0
Time taken:  11.298495292663574
Test Loss: 0.0000, Test Accuracy: 0.9933, Energy: -1413098.25
Time taken:  11.232830286026001
Test Loss: 0.0000, Test Accuracy: 0.9967, Energy: -1402324.25
Time taken:  11.131617784500122
Final accuracies: [0.95, 1.0, 1.0, 1.0, 1.0, 1.0, 1.0, 1.0, 1.0, 1.0, 1.0, 1.0, 1.0, 1.0, 1.0, 1.0, 1.0, 0.9966666666666667, 0.9966666666666667, 0.9966666666666667, 0.9966666666666667, 0.99, 0.9966666666666667, 0.9933333333333333, 0.9933333333333333, 0.9933333333333333, 0.9933333333333333, 0.9933333333333333, 0.9966666666666667, 0.9933333333333333, 0.9933333333333333, 0.9933333333333333, 0.9933333333333333, 0.9933333333333333, 0.9933333333333333, 0.9933333333333333, 0.9933333333333333, 0.9933333333333333, 0.9933333333333333, 0.9933333333333333, 0.9933333333333333, 0.9933333333333333, 0.9933333333333333, 0.9933333333333333, 0.9933333333333333, 0.9966666666666667, 0.9966666666666667, 0.9966666666666667, 0.9966666666666667, 0.9966666666666667, 0.9966666666666667, 0.9966666666666667, 0.9966666666666667, 0.9966666666666667, 1.0, 1.0, 1.0, 1.0, 1.0, 1.0, 1.0, 1.0, 1.0, 1.0, 1.0, 1.0, 1.0, 1.0, 1.0, 1.0, 1.0, 1.0, 1.0, 1.0, 0.9966666666666667, 0.9966666666666667, 0.9966666666666667, 0.9966666666666667, 0.9966666666666667, 0.9966666666666667, 0.9966666666666667, 0.9966666666666667, 1.0, 0.9933333333333333, 0.9966666666666667, 0.9933333333333333, 0.9966666666666667, 0.9966666666666667, 0.9966666666666667, 0.9966666666666667, 0.9966666666666667, 0.9966666666666667, 0.9966666666666667, 0.9966666666666667, 0.9933333333333333, 0.9966666666666667, 0.9966666666666667, 0.9933333333333333, 0.9933333333333333, 0.9966666666666667]
Final energies: [-489685.125, -556154.0625, -563483.6875, -566275.75, -568682.9375, -571082.625, -575426.8125, -577398.875, -578958.3125, -581065.0, -594384.875, -668183.625, -851799.1875, -901703.5625, -943448.5625, -968473.875, -993603.75, -1002188.0, -995402.8125, -987758.8125, -996782.75, -1004023.4375, -1016980.125, -1022722.9375, -1028534.3125, -1035002.25, -1042946.4375, -1053610.375, -1060981.0, -1065969.875, -1073603.5, -1082160.5, -1092598.0, -1100251.375, -1107332.375, -1114849.625, -1121869.875, -1127444.25, -1133250.125, -1138821.875, -1144098.875, -1151906.75, -1157508.625, -1164134.0, -1169382.5, -1174498.875, -1179218.5, -1184418.0, -1189884.625, -1194491.125, -1199357.25, -1204239.125, -1209570.875, -1215293.25, -1219364.5, -1224452.25, -1229718.625, -1234949.75, -1239503.375, -1245092.5, -1250444.5, -1253904.25, -1258636.5, -1262373.75, -1267197.625, -1270794.125, -1275153.75, -1278855.375, -1282740.5, -1286787.0, -1291188.625, -1296994.875, -1300662.875, -1302955.25, -1306994.125, -1311268.125, -1315283.625, -1320536.5, -1324613.125, -1329227.25, -1333758.25, -1341813.375, -1344124.0, -1363884.625, -1368922.75, -1372262.25, -1381146.625, -1383466.125, -1384983.125, -1387820.375, -1391139.125, -1394105.375, -1396421.625, -1399480.125, -1402125.0, -1404029.75, -1407782.875, -1409909.0, -1413098.25, -1402324.25]
