Running with parameters: hidden=50, use_coupled=false, seed=73, lam=0.0, eta=0.0, batch=100
Test Loss: 0.0000, Test Accuracy: 0.5133, Energy: -18942.041015625
Time taken:  0.27780890464782715
Test Loss: 0.0000, Test Accuracy: 0.9967, Energy: -136042.390625
Time taken:  0.26917147636413574
Test Loss: 0.0000, Test Accuracy: 0.9633, Energy: -198102.59375
Time taken:  0.24037480354309082
Test Loss: 0.0000, Test Accuracy: 1.0000, Energy: -312448.625
Time taken:  0.23662805557250977
Test Loss: 0.0000, Test Accuracy: 0.9967, Energy: -439493.34375
Time taken:  0.23992371559143066
Test Loss: 0.0000, Test Accuracy: 0.9933, Energy: -543249.3125
Time taken:  0.2399451732635498
Test Loss: 0.0000, Test Accuracy: 0.9767, Energy: -635281.5625
Time taken:  0.24070048332214355
Test Loss: 0.0000, Test Accuracy: 0.9733, Energy: -715438.25
Time taken:  0.24296164512634277
Test Loss: 0.0000, Test Accuracy: 0.9667, Energy: -791529.25
Time taken:  0.23501038551330566
Test Loss: 0.0000, Test Accuracy: 0.9633, Energy: -862036.0
Time taken:  0.23745203018188477
Test Loss: 0.0000, Test Accuracy: 0.9600, Energy: -924782.75
Time taken:  0.23868727684020996
Test Loss: 0.0000, Test Accuracy: 0.9600, Energy: -978301.0
Time taken:  0.24159026145935059
Test Loss: 0.0000, Test Accuracy: 0.9567, Energy: -1024653.9375
Time taken:  0.23881006240844727
Test Loss: 0.0000, Test Accuracy: 0.9533, Energy: -1064992.25
Time taken:  0.24843430519104004
Test Loss: 0.0000, Test Accuracy: 0.9533, Energy: -1098661.875
Time taken:  0.24471449851989746
Test Loss: 0.0000, Test Accuracy: 0.9500, Energy: -1131463.25
Time taken:  0.23684215545654297
Test Loss: 0.0000, Test Accuracy: 0.9500, Energy: -1160917.125
Time taken:  0.23707151412963867
Test Loss: 0.0000, Test Accuracy: 0.9500, Energy: -1188400.375
Time taken:  0.233412504196167
Test Loss: 0.0000, Test Accuracy: 0.9500, Energy: -1211313.125
Time taken:  0.23368549346923828
Test Loss: 0.0000, Test Accuracy: 0.9500, Energy: -1232184.625
Time taken:  0.22804737091064453
Test Loss: 0.0000, Test Accuracy: 0.9567, Energy: -1236705.0
Time taken:  0.23824143409729004
Test Loss: 0.0000, Test Accuracy: 0.9633, Energy: -1239878.0
Time taken:  0.23749017715454102
Test Loss: 0.0000, Test Accuracy: 0.9633, Energy: -1244915.75
Time taken:  0.23176336288452148
Test Loss: 0.0000, Test Accuracy: 0.9633, Energy: -1240955.875
Time taken:  0.24733567237854004
Test Loss: 0.0000, Test Accuracy: 0.9633, Energy: -1235025.125
Time taken:  0.2337331771850586
Test Loss: 0.0000, Test Accuracy: 0.9633, Energy: -1227073.0
Time taken:  0.23761749267578125
Test Loss: 0.0000, Test Accuracy: 0.9667, Energy: -1215630.75
Time taken:  0.24335122108459473
Test Loss: 0.0000, Test Accuracy: 0.9667, Energy: -1207243.0
Time taken:  0.24394917488098145
Test Loss: 0.0000, Test Accuracy: 0.9667, Energy: -1198849.125
Time taken:  0.2494044303894043
Test Loss: 0.0000, Test Accuracy: 0.9667, Energy: -1190794.0
Time taken:  0.23772048950195312
Test Loss: 0.0000, Test Accuracy: 0.9633, Energy: -1182334.625
Time taken:  0.2422032356262207
Test Loss: 0.0000, Test Accuracy: 0.9633, Energy: -1177116.5
Time taken:  0.2378244400024414
Test Loss: 0.0000, Test Accuracy: 0.9633, Energy: -1172331.5
Time taken:  0.2360217571258545
Test Loss: 0.0000, Test Accuracy: 0.9633, Energy: -1168382.375
Time taken:  0.24595355987548828
Test Loss: 0.0000, Test Accuracy: 0.9633, Energy: -1165284.375
Time taken:  0.2382516860961914
Test Loss: 0.0000, Test Accuracy: 0.9600, Energy: -1160192.0
Time taken:  0.24815654754638672
Test Loss: 0.0000, Test Accuracy: 0.9600, Energy: -1158748.5
Time taken:  0.25159192085266113
Test Loss: 0.0000, Test Accuracy: 0.9600, Energy: -1156916.75
Time taken:  0.25097203254699707
Test Loss: 0.0000, Test Accuracy: 0.9600, Energy: -1155810.5
Time taken:  0.24720501899719238
Test Loss: 0.0000, Test Accuracy: 0.9600, Energy: -1154561.25
Time taken:  0.24816060066223145
Test Loss: 0.0000, Test Accuracy: 0.9600, Energy: -1153713.5
Time taken:  0.25103306770324707
Test Loss: 0.0000, Test Accuracy: 0.9600, Energy: -1152818.125
Time taken:  0.2563023567199707
Test Loss: 0.0000, Test Accuracy: 0.9600, Energy: -1152112.375
Time taken:  0.24588751792907715
Test Loss: 0.0000, Test Accuracy: 0.9600, Energy: -1151110.125
Time taken:  0.2490534782409668
Test Loss: 0.0000, Test Accuracy: 0.9600, Energy: -1150340.25
Time taken:  0.2518129348754883
Test Loss: 0.0000, Test Accuracy: 0.9600, Energy: -1150738.75
Time taken:  0.24898147583007812
Test Loss: 0.0000, Test Accuracy: 0.9600, Energy: -1150209.75
Time taken:  0.24494361877441406
Test Loss: 0.0000, Test Accuracy: 0.9633, Energy: -1147947.0
Time taken:  0.24730634689331055
Test Loss: 0.0000, Test Accuracy: 0.9633, Energy: -1147637.125
Time taken:  0.24741172790527344
Test Loss: 0.0000, Test Accuracy: 0.9633, Energy: -1147152.375
Time taken:  0.24004030227661133
Test Loss: 0.0000, Test Accuracy: 0.9633, Energy: -1143428.5
Time taken:  0.24691104888916016
Test Loss: 0.0000, Test Accuracy: 0.9633, Energy: -1143693.25
Time taken:  0.24251294136047363
Test Loss: 0.0000, Test Accuracy: 0.9633, Energy: -1143707.875
Time taken:  0.2417311668395996
Test Loss: 0.0000, Test Accuracy: 0.9633, Energy: -1143661.375
Time taken:  0.2485818862915039
Test Loss: 0.0000, Test Accuracy: 0.9633, Energy: -1143430.875
Time taken:  0.23752307891845703
Test Loss: 0.0000, Test Accuracy: 0.9633, Energy: -1143422.625
Time taken:  0.23804593086242676
Test Loss: 0.0000, Test Accuracy: 0.9633, Energy: -1143316.5
Time taken:  0.24229979515075684
Test Loss: 0.0000, Test Accuracy: 0.9633, Energy: -1143218.125
Time taken:  0.25053954124450684
Test Loss: 0.0000, Test Accuracy: 0.9633, Energy: -1143318.625
Time taken:  0.2572197914123535
Test Loss: 0.0000, Test Accuracy: 0.9633, Energy: -1143167.75
Time taken:  0.24881863594055176
Test Loss: 0.0000, Test Accuracy: 0.9633, Energy: -1143046.875
Time taken:  0.2573370933532715
Test Loss: 0.0000, Test Accuracy: 0.9633, Energy: -1143088.75
Time taken:  0.25356006622314453
Test Loss: 0.0000, Test Accuracy: 0.9633, Energy: -1143135.125
Time taken:  0.2598719596862793
Test Loss: 0.0000, Test Accuracy: 0.9633, Energy: -1142971.5
Time taken:  0.24719667434692383
Test Loss: 0.0000, Test Accuracy: 0.9633, Energy: -1142811.0
Time taken:  0.2527155876159668
Test Loss: 0.0000, Test Accuracy: 0.9633, Energy: -1142731.75
Time taken:  0.25018906593322754
Test Loss: 0.0000, Test Accuracy: 0.9633, Energy: -1142758.375
Time taken:  0.24538803100585938
Test Loss: 0.0000, Test Accuracy: 0.9633, Energy: -1142795.375
Time taken:  0.24739789962768555
Test Loss: 0.0000, Test Accuracy: 0.9633, Energy: -1142740.75
Time taken:  0.24916648864746094
Test Loss: 0.0000, Test Accuracy: 0.9633, Energy: -1142646.5
Time taken:  0.2506129741668701
Test Loss: 0.0000, Test Accuracy: 0.9633, Energy: -1142630.5
Time taken:  0.25484800338745117
Test Loss: 0.0000, Test Accuracy: 0.9633, Energy: -1142639.625
Time taken:  0.25217676162719727
Test Loss: 0.0000, Test Accuracy: 0.9633, Energy: -1142635.75
Time taken:  0.2489781379699707
Test Loss: 0.0000, Test Accuracy: 0.9633, Energy: -1142631.0
Time taken:  0.23712420463562012
Test Loss: 0.0000, Test Accuracy: 0.9633, Energy: -1142600.5
Time taken:  0.23657512664794922
Test Loss: 0.0000, Test Accuracy: 0.9633, Energy: -1142656.5
Time taken:  0.245377779006958
Test Loss: 0.0000, Test Accuracy: 0.9633, Energy: -1142639.5
Time taken:  0.24277329444885254
Test Loss: 0.0000, Test Accuracy: 0.9633, Energy: -1142634.875
Time taken:  0.24551653861999512
Test Loss: 0.0000, Test Accuracy: 0.9633, Energy: -1142632.875
Time taken:  0.24845266342163086
Test Loss: 0.0000, Test Accuracy: 0.9633, Energy: -1142655.0
Time taken:  0.24944162368774414
Test Loss: 0.0000, Test Accuracy: 0.9633, Energy: -1142599.875
Time taken:  0.24953627586364746
Test Loss: 0.0000, Test Accuracy: 0.9633, Energy: -1142577.75
Time taken:  0.2488858699798584
Test Loss: 0.0000, Test Accuracy: 0.9633, Energy: -1142576.375
Time taken:  0.23578977584838867
Test Loss: 0.0000, Test Accuracy: 0.9633, Energy: -1142554.875
Time taken:  0.23790907859802246
Test Loss: 0.0000, Test Accuracy: 0.9633, Energy: -1142577.0
Time taken:  0.24090147018432617
Test Loss: 0.0000, Test Accuracy: 0.9633, Energy: -1142566.0
Time taken:  0.23867464065551758
Test Loss: 0.0000, Test Accuracy: 0.9633, Energy: -1142542.625
Time taken:  0.23552942276000977
Test Loss: 0.0000, Test Accuracy: 0.9633, Energy: -1142571.25
Time taken:  0.2558629512786865
Test Loss: 0.0000, Test Accuracy: 0.9633, Energy: -1142574.875
Time taken:  0.24490070343017578
Test Loss: 0.0000, Test Accuracy: 0.9633, Energy: -1142553.625
Time taken:  0.23306846618652344
Test Loss: 0.0000, Test Accuracy: 0.9633, Energy: -1142547.5
Time taken:  0.241257905960083
Test Loss: 0.0000, Test Accuracy: 0.9633, Energy: -1142546.875
Time taken:  0.24889659881591797
Test Loss: 0.0000, Test Accuracy: 0.9633, Energy: -1142541.25
Time taken:  0.2507748603820801
Test Loss: 0.0000, Test Accuracy: 0.9633, Energy: -1142510.5
Time taken:  0.25879836082458496
Test Loss: 0.0000, Test Accuracy: 0.9633, Energy: -1142508.5
Time taken:  0.24702119827270508
Test Loss: 0.0000, Test Accuracy: 0.9633, Energy: -1142509.375
Time taken:  0.25547099113464355
Test Loss: 0.0000, Test Accuracy: 0.9633, Energy: -1142517.5
Time taken:  0.24088835716247559
Test Loss: 0.0000, Test Accuracy: 0.9633, Energy: -1142552.0
Time taken:  0.24304676055908203
Test Loss: 0.0000, Test Accuracy: 0.9633, Energy: -1142559.625
Time taken:  0.24581360816955566
Test Loss: 0.0000, Test Accuracy: 0.9633, Energy: -1142553.5
Time taken:  0.2493126392364502
Final accuracies: [0.5133333333333333, 0.9966666666666667, 0.9633333333333334, 1.0, 0.9966666666666667, 0.9933333333333333, 0.9766666666666667, 0.9733333333333334, 0.9666666666666667, 0.9633333333333334, 0.96, 0.96, 0.9566666666666667, 0.9533333333333334, 0.9533333333333334, 0.95, 0.95, 0.95, 0.95, 0.95, 0.9566666666666667, 0.9633333333333334, 0.9633333333333334, 0.9633333333333334, 0.9633333333333334, 0.9633333333333334, 0.9666666666666667, 0.9666666666666667, 0.9666666666666667, 0.9666666666666667, 0.9633333333333334, 0.9633333333333334, 0.9633333333333334, 0.9633333333333334, 0.9633333333333334, 0.96, 0.96, 0.96, 0.96, 0.96, 0.96, 0.96, 0.96, 0.96, 0.96, 0.96, 0.96, 0.9633333333333334, 0.9633333333333334, 0.9633333333333334, 0.9633333333333334, 0.9633333333333334, 0.9633333333333334, 0.9633333333333334, 0.9633333333333334, 0.9633333333333334, 0.9633333333333334, 0.9633333333333334, 0.9633333333333334, 0.9633333333333334, 0.9633333333333334, 0.9633333333333334, 0.9633333333333334, 0.9633333333333334, 0.9633333333333334, 0.9633333333333334, 0.9633333333333334, 0.9633333333333334, 0.9633333333333334, 0.9633333333333334, 0.9633333333333334, 0.9633333333333334, 0.9633333333333334, 0.9633333333333334, 0.9633333333333334, 0.9633333333333334, 0.9633333333333334, 0.9633333333333334, 0.9633333333333334, 0.9633333333333334, 0.9633333333333334, 0.9633333333333334, 0.9633333333333334, 0.9633333333333334, 0.9633333333333334, 0.9633333333333334, 0.9633333333333334, 0.9633333333333334, 0.9633333333333334, 0.9633333333333334, 0.9633333333333334, 0.9633333333333334, 0.9633333333333334, 0.9633333333333334, 0.9633333333333334, 0.9633333333333334, 0.9633333333333334, 0.9633333333333334, 0.9633333333333334, 0.9633333333333334]
Final energies: [-18942.041015625, -136042.390625, -198102.59375, -312448.625, -439493.34375, -543249.3125, -635281.5625, -715438.25, -791529.25, -862036.0, -924782.75, -978301.0, -1024653.9375, -1064992.25, -1098661.875, -1131463.25, -1160917.125, -1188400.375, -1211313.125, -1232184.625, -1236705.0, -1239878.0, -1244915.75, -1240955.875, -1235025.125, -1227073.0, -1215630.75, -1207243.0, -1198849.125, -1190794.0, -1182334.625, -1177116.5, -1172331.5, -1168382.375, -1165284.375, -1160192.0, -1158748.5, -1156916.75, -1155810.5, -1154561.25, -1153713.5, -1152818.125, -1152112.375, -1151110.125, -1150340.25, -1150738.75, -1150209.75, -1147947.0, -1147637.125, -1147152.375, -1143428.5, -1143693.25, -1143707.875, -1143661.375, -1143430.875, -1143422.625, -1143316.5, -1143218.125, -1143318.625, -1143167.75, -1143046.875, -1143088.75, -1143135.125, -1142971.5, -1142811.0, -1142731.75, -1142758.375, -1142795.375, -1142740.75, -1142646.5, -1142630.5, -1142639.625, -1142635.75, -1142631.0, -1142600.5, -1142656.5, -1142639.5, -1142634.875, -1142632.875, -1142655.0, -1142599.875, -1142577.75, -1142576.375, -1142554.875, -1142577.0, -1142566.0, -1142542.625, -1142571.25, -1142574.875, -1142553.625, -1142547.5, -1142546.875, -1142541.25, -1142510.5, -1142508.5, -1142509.375, -1142517.5, -1142552.0, -1142559.625, -1142553.5]
