Running with parameters: hidden=50, use_coupled=false, seed=1, lam=0.0, eta=0.0, batch=100
Test Loss: 0.0000, Test Accuracy: 0.9933, Energy: -21890.796875
Time taken:  0.24970674514770508
Test Loss: 0.0000, Test Accuracy: 1.0000, Energy: -112800.5078125
Time taken:  0.2265760898590088
Test Loss: 0.0000, Test Accuracy: 1.0000, Energy: -242997.65625
Time taken:  0.20780420303344727
Test Loss: 0.0000, Test Accuracy: 1.0000, Energy: -353800.03125
Time taken:  0.22794842720031738
Test Loss: 0.0000, Test Accuracy: 1.0000, Energy: -448692.34375
Time taken:  0.20210003852844238
Test Loss: 0.0000, Test Accuracy: 1.0000, Energy: -534253.5
Time taken:  0.2106494903564453
Test Loss: 0.0000, Test Accuracy: 1.0000, Energy: -606815.6875
Time taken:  0.20543766021728516
Test Loss: 0.0000, Test Accuracy: 0.9967, Energy: -669358.375
Time taken:  0.2073659896850586
Test Loss: 0.0000, Test Accuracy: 0.9967, Energy: -725479.625
Time taken:  0.19887566566467285
Test Loss: 0.0000, Test Accuracy: 0.9967, Energy: -775777.6875
Time taken:  0.19501566886901855
Test Loss: 0.0000, Test Accuracy: 0.9967, Energy: -821463.3125
Time taken:  0.19489765167236328
Test Loss: 0.0000, Test Accuracy: 0.9967, Energy: -862104.75
Time taken:  0.20389771461486816
Test Loss: 0.0000, Test Accuracy: 0.9967, Energy: -898703.0
Time taken:  0.19597363471984863
Test Loss: 0.0000, Test Accuracy: 0.9967, Energy: -932332.25
Time taken:  0.19840097427368164
Test Loss: 0.0000, Test Accuracy: 0.9967, Energy: -962516.25
Time taken:  0.2059342861175537
Test Loss: 0.0000, Test Accuracy: 0.9967, Energy: -990218.875
Time taken:  0.1938035488128662
Test Loss: 0.0000, Test Accuracy: 0.9967, Energy: -1014995.3125
Time taken:  0.2030811309814453
Test Loss: 0.0000, Test Accuracy: 0.9967, Energy: -1037136.375
Time taken:  0.2200174331665039
Test Loss: 0.0000, Test Accuracy: 0.9967, Energy: -1057444.375
Time taken:  0.20264387130737305
Test Loss: 0.0000, Test Accuracy: 0.9967, Energy: -1075621.875
Time taken:  0.21413612365722656
Test Loss: 0.0000, Test Accuracy: 0.9967, Energy: -1092257.75
Time taken:  0.20910024642944336
Test Loss: 0.0000, Test Accuracy: 0.9967, Energy: -1107349.5
Time taken:  0.21964049339294434
Test Loss: 0.0000, Test Accuracy: 0.9967, Energy: -1120828.25
Time taken:  0.20027375221252441
Test Loss: 0.0000, Test Accuracy: 0.9967, Energy: -1133595.125
Time taken:  0.2094707489013672
Test Loss: 0.0000, Test Accuracy: 0.9967, Energy: -1145100.5
Time taken:  0.20086932182312012
Test Loss: 0.0000, Test Accuracy: 0.9967, Energy: -1155721.5
Time taken:  0.2032487392425537
Test Loss: 0.0000, Test Accuracy: 0.9967, Energy: -1165341.0
Time taken:  0.21179914474487305
Test Loss: 0.0000, Test Accuracy: 0.9967, Energy: -1173921.5
Time taken:  0.20687317848205566
Test Loss: 0.0000, Test Accuracy: 0.9967, Energy: -1181921.5
Time taken:  0.20577740669250488
Test Loss: 0.0000, Test Accuracy: 0.9967, Energy: -1188922.125
Time taken:  0.20340585708618164
Test Loss: 0.0000, Test Accuracy: 0.9967, Energy: -1195686.75
Time taken:  0.1987450122833252
Test Loss: 0.0000, Test Accuracy: 0.9967, Energy: -1201740.5
Time taken:  0.19492340087890625
Test Loss: 0.0000, Test Accuracy: 0.9967, Energy: -1207278.75
Time taken:  0.20207643508911133
Test Loss: 0.0000, Test Accuracy: 0.9967, Energy: -1212222.0
Time taken:  0.19848942756652832
Test Loss: 0.0000, Test Accuracy: 0.9967, Energy: -1216831.625
Time taken:  0.19780993461608887
Test Loss: 0.0000, Test Accuracy: 0.9967, Energy: -1220827.375
Time taken:  0.20219826698303223
Test Loss: 0.0000, Test Accuracy: 0.9967, Energy: -1224632.125
Time taken:  0.19526124000549316
Test Loss: 0.0000, Test Accuracy: 0.9967, Energy: -1228263.25
Time taken:  0.19797444343566895
Test Loss: 0.0000, Test Accuracy: 0.9967, Energy: -1231381.75
Time taken:  0.20027565956115723
Test Loss: 0.0000, Test Accuracy: 0.9967, Energy: -1234229.875
Time taken:  0.195603609085083
Test Loss: 0.0000, Test Accuracy: 0.9967, Energy: -1236783.25
Time taken:  0.19521546363830566
Test Loss: 0.0000, Test Accuracy: 0.9967, Energy: -1239174.75
Time taken:  0.2028794288635254
Test Loss: 0.0000, Test Accuracy: 0.9967, Energy: -1241273.25
Time taken:  0.2094733715057373
Test Loss: 0.0000, Test Accuracy: 0.9967, Energy: -1243251.75
Time taken:  0.19861936569213867
Test Loss: 0.0000, Test Accuracy: 0.9967, Energy: -1245005.375
Time taken:  0.20885848999023438
Test Loss: 0.0000, Test Accuracy: 0.9967, Energy: -1246556.0
Time taken:  0.20445990562438965
Test Loss: 0.0000, Test Accuracy: 0.9967, Energy: -1247981.375
Time taken:  0.1978776454925537
Test Loss: 0.0000, Test Accuracy: 0.9967, Energy: -1249367.0
Time taken:  0.20128822326660156
Test Loss: 0.0000, Test Accuracy: 0.9967, Energy: -1250700.0
Time taken:  0.19339895248413086
Test Loss: 0.0000, Test Accuracy: 0.9967, Energy: -1251697.75
Time taken:  0.19317126274108887
Test Loss: 0.0000, Test Accuracy: 0.9967, Energy: -1252639.375
Time taken:  0.19472646713256836
Test Loss: 0.0000, Test Accuracy: 0.9967, Energy: -1253493.125
Time taken:  0.1954638957977295
Test Loss: 0.0000, Test Accuracy: 0.9967, Energy: -1254302.0
Time taken:  0.18933677673339844
Test Loss: 0.0000, Test Accuracy: 0.9967, Energy: -1255030.0
Time taken:  0.19298076629638672
Test Loss: 0.0000, Test Accuracy: 0.9967, Energy: -1255407.125
Time taken:  0.19014668464660645
Test Loss: 0.0000, Test Accuracy: 0.9967, Energy: -1255988.375
Time taken:  0.19133377075195312
Test Loss: 0.0000, Test Accuracy: 0.9967, Energy: -1256537.75
Time taken:  0.20439529418945312
Test Loss: 0.0000, Test Accuracy: 0.9967, Energy: -1257058.75
Time taken:  0.19339847564697266
Test Loss: 0.0000, Test Accuracy: 0.9967, Energy: -1257456.75
Time taken:  0.19856834411621094
Test Loss: 0.0000, Test Accuracy: 0.9967, Energy: -1257874.75
Time taken:  0.1986093521118164
Test Loss: 0.0000, Test Accuracy: 0.9967, Energy: -1258278.875
Time taken:  0.19298720359802246
Test Loss: 0.0000, Test Accuracy: 0.9967, Energy: -1258618.0
Time taken:  0.19110488891601562
Test Loss: 0.0000, Test Accuracy: 0.9967, Energy: -1258953.0
Time taken:  0.19569611549377441
Test Loss: 0.0000, Test Accuracy: 0.9967, Energy: -1259209.75
Time taken:  0.19889426231384277
Test Loss: 0.0000, Test Accuracy: 0.9967, Energy: -1259451.375
Time taken:  0.19719719886779785
Test Loss: 0.0000, Test Accuracy: 0.9967, Energy: -1259674.5
Time taken:  0.19372224807739258
Test Loss: 0.0000, Test Accuracy: 0.9967, Energy: -1259872.625
Time taken:  0.19998788833618164
Test Loss: 0.0000, Test Accuracy: 0.9967, Energy: -1260041.25
Time taken:  0.19686031341552734
Test Loss: 0.0000, Test Accuracy: 0.9967, Energy: -1260206.125
Time taken:  0.20212602615356445
Test Loss: 0.0000, Test Accuracy: 0.9967, Energy: -1260337.0
Time taken:  0.19983792304992676
Test Loss: 0.0000, Test Accuracy: 0.9967, Energy: -1260458.625
Time taken:  0.19633746147155762
Test Loss: 0.0000, Test Accuracy: 0.9967, Energy: -1260621.0
Time taken:  0.1953296661376953
Test Loss: 0.0000, Test Accuracy: 0.9967, Energy: -1260745.75
Time taken:  0.2067253589630127
Test Loss: 0.0000, Test Accuracy: 0.9967, Energy: -1260847.5
Time taken:  0.19512557983398438
Test Loss: 0.0000, Test Accuracy: 0.9967, Energy: -1260933.25
Time taken:  0.20209670066833496
Test Loss: 0.0000, Test Accuracy: 0.9967, Energy: -1261002.75
Time taken:  0.20018434524536133
Test Loss: 0.0000, Test Accuracy: 0.9967, Energy: -1261075.375
Time taken:  0.19416546821594238
Test Loss: 0.0000, Test Accuracy: 0.9967, Energy: -1261165.5
Time taken:  0.19302678108215332
Test Loss: 0.0000, Test Accuracy: 0.9967, Energy: -1261226.5
Time taken:  0.1967761516571045
Test Loss: 0.0000, Test Accuracy: 0.9967, Energy: -1261283.25
Time taken:  0.19031310081481934
Test Loss: 0.0000, Test Accuracy: 0.9967, Energy: -1261363.875
Time taken:  0.19747042655944824
Test Loss: 0.0000, Test Accuracy: 0.9967, Energy: -1261406.375
Time taken:  0.1972484588623047
Test Loss: 0.0000, Test Accuracy: 0.9967, Energy: -1261446.75
Time taken:  0.19598054885864258
Test Loss: 0.0000, Test Accuracy: 0.9967, Energy: -1261482.5
Time taken:  0.19104981422424316
Test Loss: 0.0000, Test Accuracy: 0.9967, Energy: -1261506.75
Time taken:  0.1975412368774414
Test Loss: 0.0000, Test Accuracy: 0.9967, Energy: -1261552.625
Time taken:  0.19266128540039062
Test Loss: 0.0000, Test Accuracy: 0.9967, Energy: -1261567.0
Time taken:  0.20145773887634277
Test Loss: 0.0000, Test Accuracy: 0.9967, Energy: -1261591.5
Time taken:  0.2108447551727295
Test Loss: 0.0000, Test Accuracy: 0.9967, Energy: -1261613.5
Time taken:  0.19863414764404297
Test Loss: 0.0000, Test Accuracy: 0.9967, Energy: -1261633.625
Time taken:  0.1950221061706543
Test Loss: 0.0000, Test Accuracy: 0.9967, Energy: -1261657.5
Time taken:  0.19916510581970215
Test Loss: 0.0000, Test Accuracy: 0.9967, Energy: -1261674.0
Time taken:  0.2036426067352295
Test Loss: 0.0000, Test Accuracy: 0.9967, Energy: -1261688.75
Time taken:  0.19133424758911133
Test Loss: 0.0000, Test Accuracy: 0.9967, Energy: -1261723.75
Time taken:  0.1972339153289795
Test Loss: 0.0000, Test Accuracy: 0.9967, Energy: -1261738.375
Time taken:  0.1963481903076172
Test Loss: 0.0000, Test Accuracy: 0.9967, Energy: -1261749.375
Time taken:  0.1918027400970459
Test Loss: 0.0000, Test Accuracy: 0.9967, Energy: -1261759.375
Time taken:  0.19811487197875977
Test Loss: 0.0000, Test Accuracy: 0.9967, Energy: -1261782.375
Time taken:  0.20249605178833008
Test Loss: 0.0000, Test Accuracy: 0.9967, Energy: -1261788.125
Time taken:  0.1924304962158203
Test Loss: 0.0000, Test Accuracy: 0.9967, Energy: -1261795.25
Time taken:  0.19978666305541992
Final accuracies: [0.9933333333333333, 1.0, 1.0, 1.0, 1.0, 1.0, 1.0, 0.9966666666666667, 0.9966666666666667, 0.9966666666666667, 0.9966666666666667, 0.9966666666666667, 0.9966666666666667, 0.9966666666666667, 0.9966666666666667, 0.9966666666666667, 0.9966666666666667, 0.9966666666666667, 0.9966666666666667, 0.9966666666666667, 0.9966666666666667, 0.9966666666666667, 0.9966666666666667, 0.9966666666666667, 0.9966666666666667, 0.9966666666666667, 0.9966666666666667, 0.9966666666666667, 0.9966666666666667, 0.9966666666666667, 0.9966666666666667, 0.9966666666666667, 0.9966666666666667, 0.9966666666666667, 0.9966666666666667, 0.9966666666666667, 0.9966666666666667, 0.9966666666666667, 0.9966666666666667, 0.9966666666666667, 0.9966666666666667, 0.9966666666666667, 0.9966666666666667, 0.9966666666666667, 0.9966666666666667, 0.9966666666666667, 0.9966666666666667, 0.9966666666666667, 0.9966666666666667, 0.9966666666666667, 0.9966666666666667, 0.9966666666666667, 0.9966666666666667, 0.9966666666666667, 0.9966666666666667, 0.9966666666666667, 0.9966666666666667, 0.9966666666666667, 0.9966666666666667, 0.9966666666666667, 0.9966666666666667, 0.9966666666666667, 0.9966666666666667, 0.9966666666666667, 0.9966666666666667, 0.9966666666666667, 0.9966666666666667, 0.9966666666666667, 0.9966666666666667, 0.9966666666666667, 0.9966666666666667, 0.9966666666666667, 0.9966666666666667, 0.9966666666666667, 0.9966666666666667, 0.9966666666666667, 0.9966666666666667, 0.9966666666666667, 0.9966666666666667, 0.9966666666666667, 0.9966666666666667, 0.9966666666666667, 0.9966666666666667, 0.9966666666666667, 0.9966666666666667, 0.9966666666666667, 0.9966666666666667, 0.9966666666666667, 0.9966666666666667, 0.9966666666666667, 0.9966666666666667, 0.9966666666666667, 0.9966666666666667, 0.9966666666666667, 0.9966666666666667, 0.9966666666666667, 0.9966666666666667, 0.9966666666666667, 0.9966666666666667, 0.9966666666666667]
Final energies: [-21890.796875, -112800.5078125, -242997.65625, -353800.03125, -448692.34375, -534253.5, -606815.6875, -669358.375, -725479.625, -775777.6875, -821463.3125, -862104.75, -898703.0, -932332.25, -962516.25, -990218.875, -1014995.3125, -1037136.375, -1057444.375, -1075621.875, -1092257.75, -1107349.5, -1120828.25, -1133595.125, -1145100.5, -1155721.5, -1165341.0, -1173921.5, -1181921.5, -1188922.125, -1195686.75, -1201740.5, -1207278.75, -1212222.0, -1216831.625, -1220827.375, -1224632.125, -1228263.25, -1231381.75, -1234229.875, -1236783.25, -1239174.75, -1241273.25, -1243251.75, -1245005.375, -1246556.0, -1247981.375, -1249367.0, -1250700.0, -1251697.75, -1252639.375, -1253493.125, -1254302.0, -1255030.0, -1255407.125, -1255988.375, -1256537.75, -1257058.75, -1257456.75, -1257874.75, -1258278.875, -1258618.0, -1258953.0, -1259209.75, -1259451.375, -1259674.5, -1259872.625, -1260041.25, -1260206.125, -1260337.0, -1260458.625, -1260621.0, -1260745.75, -1260847.5, -1260933.25, -1261002.75, -1261075.375, -1261165.5, -1261226.5, -1261283.25, -1261363.875, -1261406.375, -1261446.75, -1261482.5, -1261506.75, -1261552.625, -1261567.0, -1261591.5, -1261613.5, -1261633.625, -1261657.5, -1261674.0, -1261688.75, -1261723.75, -1261738.375, -1261749.375, -1261759.375, -1261782.375, -1261788.125, -1261795.25]
