Running with parameters: hidden=50, use_coupled=false, seed=9, lam=0.0, eta=0.0, batch=100
Test Loss: 0.0000, Test Accuracy: 0.5000, Energy: -9370.625
Time taken:  0.27741408348083496
Test Loss: 0.0000, Test Accuracy: 0.9633, Energy: -140507.5
Time taken:  0.26706981658935547
Test Loss: 0.0000, Test Accuracy: 1.0000, Energy: -277581.90625
Time taken:  0.23350095748901367
Test Loss: 0.0000, Test Accuracy: 1.0000, Energy: -372893.59375
Time taken:  0.26615095138549805
Test Loss: 0.0000, Test Accuracy: 0.9967, Energy: -449065.5
Time taken:  0.23233389854431152
Test Loss: 0.0000, Test Accuracy: 0.9967, Energy: -513661.9375
Time taken:  0.22571730613708496
Test Loss: 0.0000, Test Accuracy: 0.9967, Energy: -568424.125
Time taken:  0.23268747329711914
Test Loss: 0.0000, Test Accuracy: 0.9967, Energy: -616942.375
Time taken:  0.2256917953491211
Test Loss: 0.0000, Test Accuracy: 0.9967, Energy: -659324.0
Time taken:  0.23830533027648926
Test Loss: 0.0000, Test Accuracy: 0.9933, Energy: -697396.25
Time taken:  0.222426176071167
Test Loss: 0.0000, Test Accuracy: 0.9867, Energy: -730623.25
Time taken:  0.2255573272705078
Test Loss: 0.0000, Test Accuracy: 0.9867, Energy: -761854.5
Time taken:  0.2396395206451416
Test Loss: 0.0000, Test Accuracy: 0.9867, Energy: -789848.25
Time taken:  0.22269248962402344
Test Loss: 0.0000, Test Accuracy: 0.9867, Energy: -814586.125
Time taken:  0.23714971542358398
Test Loss: 0.0000, Test Accuracy: 0.9867, Energy: -837798.25
Time taken:  0.22011470794677734
Test Loss: 0.0000, Test Accuracy: 0.9867, Energy: -858304.375
Time taken:  0.22993850708007812
Test Loss: 0.0000, Test Accuracy: 0.9867, Energy: -877074.0625
Time taken:  0.22921514511108398
Test Loss: 0.0000, Test Accuracy: 0.9867, Energy: -894084.8125
Time taken:  0.21050596237182617
Test Loss: 0.0000, Test Accuracy: 0.9867, Energy: -909423.3125
Time taken:  0.2090609073638916
Test Loss: 0.0000, Test Accuracy: 0.9833, Energy: -922920.4375
Time taken:  0.2156527042388916
Test Loss: 0.0000, Test Accuracy: 0.9833, Energy: -935524.625
Time taken:  0.23773789405822754
Test Loss: 0.0000, Test Accuracy: 0.9800, Energy: -946743.875
Time taken:  0.21782541275024414
Test Loss: 0.0000, Test Accuracy: 0.9800, Energy: -957694.5
Time taken:  0.23534917831420898
Test Loss: 0.0000, Test Accuracy: 0.9800, Energy: -967272.3125
Time taken:  0.22613000869750977
Test Loss: 0.0000, Test Accuracy: 0.9800, Energy: -975705.875
Time taken:  0.24087095260620117
Test Loss: 0.0000, Test Accuracy: 0.9800, Energy: -983975.75
Time taken:  0.22248268127441406
Test Loss: 0.0000, Test Accuracy: 0.9800, Energy: -991066.875
Time taken:  0.21667098999023438
Test Loss: 0.0000, Test Accuracy: 0.9733, Energy: -995890.25
Time taken:  0.22589516639709473
Test Loss: 0.0000, Test Accuracy: 0.9733, Energy: -1002333.625
Time taken:  0.2239367961883545
Test Loss: 0.0000, Test Accuracy: 0.9733, Energy: -1007372.0
Time taken:  0.22239184379577637
Test Loss: 0.0000, Test Accuracy: 0.9733, Energy: -1012289.25
Time taken:  0.22683358192443848
Test Loss: 0.0000, Test Accuracy: 0.9733, Energy: -1016606.625
Time taken:  0.2128129005432129
Test Loss: 0.0000, Test Accuracy: 0.9733, Energy: -1020428.9375
Time taken:  0.22203898429870605
Test Loss: 0.0000, Test Accuracy: 0.9700, Energy: -1010521.75
Time taken:  0.2118842601776123
Test Loss: 0.0000, Test Accuracy: 0.9700, Energy: -998171.0
Time taken:  0.21904897689819336
Test Loss: 0.0000, Test Accuracy: 0.9700, Energy: -988518.25
Time taken:  0.21710658073425293
Test Loss: 0.0000, Test Accuracy: 0.9700, Energy: -986172.75
Time taken:  0.2116107940673828
Test Loss: 0.0000, Test Accuracy: 0.9667, Energy: -987478.875
Time taken:  0.23410296440124512
Test Loss: 0.0000, Test Accuracy: 0.9667, Energy: -990246.75
Time taken:  0.23797893524169922
Test Loss: 0.0000, Test Accuracy: 0.9667, Energy: -992639.625
Time taken:  0.22508645057678223
Test Loss: 0.0000, Test Accuracy: 0.9667, Energy: -994862.1875
Time taken:  0.24205636978149414
Test Loss: 0.0000, Test Accuracy: 0.9700, Energy: -991041.5625
Time taken:  0.2273998260498047
Test Loss: 0.0000, Test Accuracy: 0.9733, Energy: -988079.1875
Time taken:  0.22688674926757812
Test Loss: 0.0000, Test Accuracy: 0.9733, Energy: -983851.875
Time taken:  0.23146677017211914
Test Loss: 0.0000, Test Accuracy: 0.9733, Energy: -981341.25
Time taken:  0.231184720993042
Test Loss: 0.0000, Test Accuracy: 0.9733, Energy: -980725.6875
Time taken:  0.22939825057983398
Test Loss: 0.0000, Test Accuracy: 0.9733, Energy: -981453.875
Time taken:  0.23159217834472656
Test Loss: 0.0000, Test Accuracy: 0.9733, Energy: -983593.9375
Time taken:  0.22715044021606445
Test Loss: 0.0000, Test Accuracy: 0.9733, Energy: -985860.8125
Time taken:  0.25981903076171875
Test Loss: 0.0000, Test Accuracy: 0.9733, Energy: -987689.375
Time taken:  0.22221040725708008
Test Loss: 0.0000, Test Accuracy: 0.9767, Energy: -990783.0
Time taken:  0.22543644905090332
Test Loss: 0.0000, Test Accuracy: 0.9767, Energy: -992957.5
Time taken:  0.22669506072998047
Test Loss: 0.0000, Test Accuracy: 0.9767, Energy: -994664.375
Time taken:  0.2315378189086914
Test Loss: 0.0000, Test Accuracy: 0.9767, Energy: -996344.0625
Time taken:  0.22856426239013672
Test Loss: 0.0000, Test Accuracy: 0.9767, Energy: -997768.75
Time taken:  0.22413086891174316
Test Loss: 0.0000, Test Accuracy: 0.9767, Energy: -999015.75
Time taken:  0.22675013542175293
Test Loss: 0.0000, Test Accuracy: 0.9767, Energy: -1000438.875
Time taken:  0.23411178588867188
Test Loss: 0.0000, Test Accuracy: 0.9767, Energy: -1001525.4375
Time taken:  0.22217488288879395
Test Loss: 0.0000, Test Accuracy: 0.9767, Energy: -1002509.125
Time taken:  0.22807979583740234
Test Loss: 0.0000, Test Accuracy: 0.9767, Energy: -1003285.625
Time taken:  0.23013973236083984
Test Loss: 0.0000, Test Accuracy: 0.9767, Energy: -1004094.625
Time taken:  0.23319649696350098
Test Loss: 0.0000, Test Accuracy: 0.9767, Energy: -1004754.875
Time taken:  0.23776984214782715
Test Loss: 0.0000, Test Accuracy: 0.9767, Energy: -1005371.5
Time taken:  0.23822760581970215
Test Loss: 0.0000, Test Accuracy: 0.9767, Energy: -1005920.375
Time taken:  0.2220165729522705
Test Loss: 0.0000, Test Accuracy: 0.9767, Energy: -1006394.875
Time taken:  0.23381376266479492
Test Loss: 0.0000, Test Accuracy: 0.9767, Energy: -1006856.5
Time taken:  0.22194647789001465
Test Loss: 0.0000, Test Accuracy: 0.9767, Energy: -1007335.625
Time taken:  0.2306678295135498
Test Loss: 0.0000, Test Accuracy: 0.9767, Energy: -1007759.625
Time taken:  0.2310352325439453
Test Loss: 0.0000, Test Accuracy: 0.9767, Energy: -1008075.0
Time taken:  0.2251121997833252
Test Loss: 0.0000, Test Accuracy: 0.9800, Energy: -1008666.0
Time taken:  0.22303247451782227
Test Loss: 0.0000, Test Accuracy: 0.9800, Energy: -1009045.5
Time taken:  0.23328685760498047
Test Loss: 0.0000, Test Accuracy: 0.9800, Energy: -1009399.375
Time taken:  0.22530651092529297
Test Loss: 0.0000, Test Accuracy: 0.9800, Energy: -1009726.375
Time taken:  0.22484612464904785
Test Loss: 0.0000, Test Accuracy: 0.9800, Energy: -1010663.75
Time taken:  0.22563457489013672
Test Loss: 0.0000, Test Accuracy: 0.9800, Energy: -1010897.25
Time taken:  0.2211592197418213
Test Loss: 0.0000, Test Accuracy: 0.9800, Energy: -1011083.125
Time taken:  0.2307429313659668
Test Loss: 0.0000, Test Accuracy: 0.9800, Energy: -1011281.75
Time taken:  0.2326347827911377
Test Loss: 0.0000, Test Accuracy: 0.9800, Energy: -1011417.8125
Time taken:  0.22498488426208496
Test Loss: 0.0000, Test Accuracy: 0.9800, Energy: -1011546.125
Time taken:  0.2347278594970703
Test Loss: 0.0000, Test Accuracy: 0.9800, Energy: -1011674.375
Time taken:  0.22787189483642578
Test Loss: 0.0000, Test Accuracy: 0.9800, Energy: -1011766.75
Time taken:  0.25513744354248047
Test Loss: 0.0000, Test Accuracy: 0.9800, Energy: -1011867.875
Time taken:  0.21988296508789062
Test Loss: 0.0000, Test Accuracy: 0.9800, Energy: -1011937.125
Time taken:  0.2251119613647461
Test Loss: 0.0000, Test Accuracy: 0.9800, Energy: -1012026.875
Time taken:  0.2291862964630127
Test Loss: 0.0000, Test Accuracy: 0.9800, Energy: -1012085.0625
Time taken:  0.22545933723449707
Test Loss: 0.0000, Test Accuracy: 0.9800, Energy: -1012158.75
Time taken:  0.22630524635314941
Test Loss: 0.0000, Test Accuracy: 0.9800, Energy: -1012222.625
Time taken:  0.2174205780029297
Test Loss: 0.0000, Test Accuracy: 0.9800, Energy: -1012322.75
Time taken:  0.2146604061126709
Test Loss: 0.0000, Test Accuracy: 0.9800, Energy: -1012355.125
Time taken:  0.22567224502563477
Test Loss: 0.0000, Test Accuracy: 0.9800, Energy: -1012393.1875
Time taken:  0.221893310546875
Test Loss: 0.0000, Test Accuracy: 0.9800, Energy: -1012433.75
Time taken:  0.22266054153442383
Test Loss: 0.0000, Test Accuracy: 0.9800, Energy: -1012463.875
Time taken:  0.23151040077209473
Test Loss: 0.0000, Test Accuracy: 0.9800, Energy: -1012509.375
Time taken:  0.2170724868774414
Test Loss: 0.0000, Test Accuracy: 0.9800, Energy: -1012530.375
Time taken:  0.22367143630981445
Test Loss: 0.0000, Test Accuracy: 0.9800, Energy: -1012546.75
Time taken:  0.2313985824584961
Test Loss: 0.0000, Test Accuracy: 0.9800, Energy: -1012561.125
Time taken:  0.21387505531311035
Test Loss: 0.0000, Test Accuracy: 0.9800, Energy: -1012572.5625
Time taken:  0.21404600143432617
Test Loss: 0.0000, Test Accuracy: 0.9800, Energy: -1012596.875
Time taken:  0.21146440505981445
Test Loss: 0.0000, Test Accuracy: 0.9800, Energy: -1012514.125
Time taken:  0.2158815860748291
Test Loss: 0.0000, Test Accuracy: 0.9800, Energy: -1012588.1875
Time taken:  0.21969842910766602
Final accuracies: [0.5, 0.9633333333333334, 1.0, 1.0, 0.9966666666666667, 0.9966666666666667, 0.9966666666666667, 0.9966666666666667, 0.9966666666666667, 0.9933333333333333, 0.9866666666666667, 0.9866666666666667, 0.9866666666666667, 0.9866666666666667, 0.9866666666666667, 0.9866666666666667, 0.9866666666666667, 0.9866666666666667, 0.9866666666666667, 0.9833333333333333, 0.9833333333333333, 0.98, 0.98, 0.98, 0.98, 0.98, 0.98, 0.9733333333333334, 0.9733333333333334, 0.9733333333333334, 0.9733333333333334, 0.9733333333333334, 0.9733333333333334, 0.97, 0.97, 0.97, 0.97, 0.9666666666666667, 0.9666666666666667, 0.9666666666666667, 0.9666666666666667, 0.97, 0.9733333333333334, 0.9733333333333334, 0.9733333333333334, 0.9733333333333334, 0.9733333333333334, 0.9733333333333334, 0.9733333333333334, 0.9733333333333334, 0.9766666666666667, 0.9766666666666667, 0.9766666666666667, 0.9766666666666667, 0.9766666666666667, 0.9766666666666667, 0.9766666666666667, 0.9766666666666667, 0.9766666666666667, 0.9766666666666667, 0.9766666666666667, 0.9766666666666667, 0.9766666666666667, 0.9766666666666667, 0.9766666666666667, 0.9766666666666667, 0.9766666666666667, 0.9766666666666667, 0.9766666666666667, 0.98, 0.98, 0.98, 0.98, 0.98, 0.98, 0.98, 0.98, 0.98, 0.98, 0.98, 0.98, 0.98, 0.98, 0.98, 0.98, 0.98, 0.98, 0.98, 0.98, 0.98, 0.98, 0.98, 0.98, 0.98, 0.98, 0.98, 0.98, 0.98, 0.98, 0.98]
Final energies: [-9370.625, -140507.5, -277581.90625, -372893.59375, -449065.5, -513661.9375, -568424.125, -616942.375, -659324.0, -697396.25, -730623.25, -761854.5, -789848.25, -814586.125, -837798.25, -858304.375, -877074.0625, -894084.8125, -909423.3125, -922920.4375, -935524.625, -946743.875, -957694.5, -967272.3125, -975705.875, -983975.75, -991066.875, -995890.25, -1002333.625, -1007372.0, -1012289.25, -1016606.625, -1020428.9375, -1010521.75, -998171.0, -988518.25, -986172.75, -987478.875, -990246.75, -992639.625, -994862.1875, -991041.5625, -988079.1875, -983851.875, -981341.25, -980725.6875, -981453.875, -983593.9375, -985860.8125, -987689.375, -990783.0, -992957.5, -994664.375, -996344.0625, -997768.75, -999015.75, -1000438.875, -1001525.4375, -1002509.125, -1003285.625, -1004094.625, -1004754.875, -1005371.5, -1005920.375, -1006394.875, -1006856.5, -1007335.625, -1007759.625, -1008075.0, -1008666.0, -1009045.5, -1009399.375, -1009726.375, -1010663.75, -1010897.25, -1011083.125, -1011281.75, -1011417.8125, -1011546.125, -1011674.375, -1011766.75, -1011867.875, -1011937.125, -1012026.875, -1012085.0625, -1012158.75, -1012222.625, -1012322.75, -1012355.125, -1012393.1875, -1012433.75, -1012463.875, -1012509.375, -1012530.375, -1012546.75, -1012561.125, -1012572.5625, -1012596.875, -1012514.125, -1012588.1875]
