Running with parameters: hidden=100, use_coupled=true, seed=64, lam=0.1, eta=1.0, batch=1
Test Loss: 0.0000, Test Accuracy: 0.9800, Energy: -2479524.25
Time taken:  14.132651090621948
Test Loss: 0.0000, Test Accuracy: 0.9967, Energy: -6141542.5
Time taken:  13.760000228881836
Test Loss: 0.0000, Test Accuracy: 1.0000, Energy: -6312771.0
Time taken:  13.77365493774414
Test Loss: 0.0000, Test Accuracy: 1.0000, Energy: -6360366.0
Time taken:  13.874216079711914
Test Loss: 0.0000, Test Accuracy: 1.0000, Energy: -6417585.5
Time taken:  13.76227593421936
Test Loss: 0.0000, Test Accuracy: 1.0000, Energy: -6426914.5
Time taken:  13.782869100570679
Test Loss: 0.0000, Test Accuracy: 1.0000, Energy: -6441269.5
Time taken:  13.836740493774414
Test Loss: 0.0000, Test Accuracy: 1.0000, Energy: -6453927.5
Time taken:  13.904956817626953
Test Loss: 0.0000, Test Accuracy: 1.0000, Energy: -6464418.0
Time taken:  13.817183256149292
Test Loss: 0.0000, Test Accuracy: 1.0000, Energy: -6469861.5
Time taken:  13.828217506408691
Test Loss: 0.0000, Test Accuracy: 1.0000, Energy: -6478015.5
Time taken:  13.820926427841187
Test Loss: 0.0000, Test Accuracy: 1.0000, Energy: -6487507.0
Time taken:  13.916081190109253
Test Loss: 0.0000, Test Accuracy: 1.0000, Energy: -6524117.0
Time taken:  13.758327722549438
Test Loss: 0.0000, Test Accuracy: 1.0000, Energy: -6534869.5
Time taken:  13.767140865325928
Test Loss: 0.0000, Test Accuracy: 1.0000, Energy: -6532250.0
Time taken:  13.770091772079468
Test Loss: 0.0000, Test Accuracy: 1.0000, Energy: -6537603.0
Time taken:  13.876014947891235
Test Loss: 0.0000, Test Accuracy: 1.0000, Energy: -6542635.5
Time taken:  13.745158433914185
Test Loss: 0.0000, Test Accuracy: 1.0000, Energy: -6546910.5
Time taken:  13.717562198638916
Test Loss: 0.0000, Test Accuracy: 1.0000, Energy: -6551667.5
Time taken:  13.714933395385742
Test Loss: 0.0000, Test Accuracy: 1.0000, Energy: -6555719.0
Time taken:  13.85190463066101
Test Loss: 0.0000, Test Accuracy: 1.0000, Energy: -6560094.5
Time taken:  13.722134590148926
Test Loss: 0.0000, Test Accuracy: 1.0000, Energy: -6563551.5
Time taken:  13.721438646316528
Test Loss: 0.0000, Test Accuracy: 1.0000, Energy: -6543066.0
Time taken:  13.843713283538818
Test Loss: 0.0000, Test Accuracy: 1.0000, Energy: -6556737.5
Time taken:  13.718710899353027
Test Loss: 0.0000, Test Accuracy: 1.0000, Energy: -6566331.0
Time taken:  13.736884832382202
Test Loss: 0.0000, Test Accuracy: 1.0000, Energy: -6583734.0
Time taken:  13.755539894104004
Test Loss: 0.0000, Test Accuracy: 1.0000, Energy: -6605032.5
Time taken:  13.90408182144165
Test Loss: 0.0000, Test Accuracy: 1.0000, Energy: -6612348.5
Time taken:  13.734755754470825
Test Loss: 0.0000, Test Accuracy: 1.0000, Energy: -6616628.5
Time taken:  13.721571922302246
Test Loss: 0.0000, Test Accuracy: 1.0000, Energy: -6621516.5
Time taken:  13.728660345077515
Test Loss: 0.0000, Test Accuracy: 1.0000, Energy: -6625116.0
Time taken:  13.83865475654602
Test Loss: 0.0000, Test Accuracy: 1.0000, Energy: -6627488.0
Time taken:  13.732074737548828
Test Loss: 0.0000, Test Accuracy: 1.0000, Energy: -6631175.0
Time taken:  13.75919795036316
Test Loss: 0.0000, Test Accuracy: 1.0000, Energy: -6633806.5
Time taken:  13.781093120574951
Test Loss: 0.0000, Test Accuracy: 1.0000, Energy: -6636954.5
Time taken:  13.892537355422974
Test Loss: 0.0000, Test Accuracy: 1.0000, Energy: -6641112.5
Time taken:  13.780290126800537
Test Loss: 0.0000, Test Accuracy: 1.0000, Energy: -6643957.5
Time taken:  13.745489120483398
Test Loss: 0.0000, Test Accuracy: 1.0000, Energy: -6646870.5
Time taken:  13.778213739395142
Test Loss: 0.0000, Test Accuracy: 1.0000, Energy: -6649517.5
Time taken:  13.942049026489258
Test Loss: 0.0000, Test Accuracy: 1.0000, Energy: -6651232.0
Time taken:  13.800929546356201
Test Loss: 0.0000, Test Accuracy: 1.0000, Energy: -6653432.5
Time taken:  13.832161664962769
Test Loss: 0.0000, Test Accuracy: 1.0000, Energy: -6654682.0
Time taken:  13.826872110366821
Test Loss: 0.0000, Test Accuracy: 1.0000, Energy: -6656447.0
Time taken:  13.899015665054321
Test Loss: 0.0000, Test Accuracy: 1.0000, Energy: -6657742.5
Time taken:  13.800374269485474
Test Loss: 0.0000, Test Accuracy: 1.0000, Energy: -6659274.5
Time taken:  13.792058229446411
Test Loss: 0.0000, Test Accuracy: 1.0000, Energy: -6660278.5
Time taken:  13.794893264770508
Test Loss: 0.0000, Test Accuracy: 1.0000, Energy: -6662514.5
Time taken:  13.861968517303467
Test Loss: 0.0000, Test Accuracy: 1.0000, Energy: -6664637.5
Time taken:  13.673780918121338
Test Loss: 0.0000, Test Accuracy: 1.0000, Energy: -6665191.5
Time taken:  13.635672092437744
Test Loss: 0.0000, Test Accuracy: 1.0000, Energy: -6673495.5
Time taken:  13.640264511108398
Test Loss: 0.0000, Test Accuracy: 1.0000, Energy: -6674981.0
Time taken:  13.74878978729248
Test Loss: 0.0000, Test Accuracy: 1.0000, Energy: -6679346.0
Time taken:  13.65307903289795
Test Loss: 0.0000, Test Accuracy: 1.0000, Energy: -6680624.5
Time taken:  13.627996444702148
Test Loss: 0.0000, Test Accuracy: 1.0000, Energy: -6681530.0
Time taken:  13.65437936782837
Test Loss: 0.0000, Test Accuracy: 1.0000, Energy: -6682515.0
Time taken:  13.782986640930176
Test Loss: 0.0000, Test Accuracy: 1.0000, Energy: -6685159.5
Time taken:  13.637482643127441
Test Loss: 0.0000, Test Accuracy: 1.0000, Energy: -6686133.5
Time taken:  13.647361993789673
Test Loss: 0.0000, Test Accuracy: 1.0000, Energy: -6686858.5
Time taken:  13.660959482192993
Test Loss: 0.0000, Test Accuracy: 1.0000, Energy: -6687154.0
Time taken:  13.760721921920776
Test Loss: 0.0000, Test Accuracy: 1.0000, Energy: -6688116.5
Time taken:  13.644453525543213
Test Loss: 0.0000, Test Accuracy: 1.0000, Energy: -6690550.5
Time taken:  13.650936841964722
Test Loss: 0.0000, Test Accuracy: 1.0000, Energy: -6691499.5
Time taken:  13.63333773612976
Test Loss: 0.0000, Test Accuracy: 1.0000, Energy: -6691862.5
Time taken:  13.761635541915894
Test Loss: 0.0000, Test Accuracy: 1.0000, Energy: -6692748.0
Time taken:  13.62198781967163
Test Loss: 0.0000, Test Accuracy: 1.0000, Energy: -6613977.0
Time taken:  13.681295156478882
Test Loss: 0.0000, Test Accuracy: 1.0000, Energy: -6614801.5
Time taken:  13.803951263427734
Test Loss: 0.0000, Test Accuracy: 1.0000, Energy: -6614509.5
Time taken:  13.722305297851562
Test Loss: 0.0000, Test Accuracy: 1.0000, Energy: -6614474.5
Time taken:  13.69645881652832
Test Loss: 0.0000, Test Accuracy: 1.0000, Energy: -6614367.0
Time taken:  13.720664024353027
Test Loss: 0.0000, Test Accuracy: 1.0000, Energy: -6615637.5
Time taken:  13.854936361312866
Test Loss: 0.0000, Test Accuracy: 1.0000, Energy: -6614457.0
Time taken:  13.736321687698364
Test Loss: 0.0000, Test Accuracy: 1.0000, Energy: -6615357.5
Time taken:  13.744332790374756
Test Loss: 0.0000, Test Accuracy: 1.0000, Energy: -6615737.0
Time taken:  13.749921560287476
Test Loss: 0.0000, Test Accuracy: 1.0000, Energy: -6622489.0
Time taken:  13.872307777404785
Test Loss: 0.0000, Test Accuracy: 1.0000, Energy: -6621946.0
Time taken:  13.727661848068237
Test Loss: 0.0000, Test Accuracy: 1.0000, Energy: -6620770.0
Time taken:  13.734091520309448
Test Loss: 0.0000, Test Accuracy: 1.0000, Energy: -6611119.0
Time taken:  13.731080770492554
Test Loss: 0.0000, Test Accuracy: 1.0000, Energy: -6590179.5
Time taken:  13.822940826416016
Test Loss: 0.0000, Test Accuracy: 1.0000, Energy: -6580165.0
Time taken:  13.696171760559082
Test Loss: 0.0000, Test Accuracy: 1.0000, Energy: -6575544.5
Time taken:  13.683098554611206
Test Loss: 0.0000, Test Accuracy: 1.0000, Energy: -6639312.0
Time taken:  13.674571514129639
Test Loss: 0.0000, Test Accuracy: 1.0000, Energy: -6638573.5
Time taken:  13.767906427383423
Test Loss: 0.0000, Test Accuracy: 1.0000, Energy: -6638316.0
Time taken:  13.698949098587036
Test Loss: 0.0000, Test Accuracy: 1.0000, Energy: -6638122.5
Time taken:  13.64578652381897
Test Loss: 0.0000, Test Accuracy: 1.0000, Energy: -6636867.0
Time taken:  13.645400047302246
Test Loss: 0.0000, Test Accuracy: 1.0000, Energy: -6628190.5
Time taken:  13.747735977172852
Test Loss: 0.0000, Test Accuracy: 1.0000, Energy: -6632077.5
Time taken:  13.633120059967041
Test Loss: 0.0000, Test Accuracy: 1.0000, Energy: -6628803.0
Time taken:  13.66849660873413
Test Loss: 0.0000, Test Accuracy: 1.0000, Energy: -6636784.5
Time taken:  13.660104274749756
Test Loss: 0.0000, Test Accuracy: 1.0000, Energy: -6813517.0
Time taken:  13.797106981277466
Test Loss: 0.0000, Test Accuracy: 1.0000, Energy: -7196546.5
Time taken:  13.655839443206787
Test Loss: 0.0000, Test Accuracy: 1.0000, Energy: -7313973.0
Time taken:  13.673701286315918
Test Loss: 0.0000, Test Accuracy: 1.0000, Energy: -7310974.5
Time taken:  13.660227537155151
Test Loss: 0.0000, Test Accuracy: 1.0000, Energy: -7429000.5
Time taken:  13.794768810272217
Test Loss: 0.0000, Test Accuracy: 1.0000, Energy: -7461664.0
Time taken:  13.672138452529907
Test Loss: 0.0000, Test Accuracy: 1.0000, Energy: -8315423.0
Time taken:  13.708742141723633
Test Loss: 0.0000, Test Accuracy: 1.0000, Energy: -11795337.0
Time taken:  13.691993236541748
Test Loss: 0.0000, Test Accuracy: 0.9267, Energy: -9013907.0
Time taken:  13.872438907623291
Test Loss: 0.0000, Test Accuracy: 0.9533, Energy: -7807086.0
Time taken:  13.809854507446289
Test Loss: 0.0000, Test Accuracy: 0.9933, Energy: -7936241.5
Time taken:  13.75382137298584
Final accuracies: [0.98, 0.9966666666666667, 1.0, 1.0, 1.0, 1.0, 1.0, 1.0, 1.0, 1.0, 1.0, 1.0, 1.0, 1.0, 1.0, 1.0, 1.0, 1.0, 1.0, 1.0, 1.0, 1.0, 1.0, 1.0, 1.0, 1.0, 1.0, 1.0, 1.0, 1.0, 1.0, 1.0, 1.0, 1.0, 1.0, 1.0, 1.0, 1.0, 1.0, 1.0, 1.0, 1.0, 1.0, 1.0, 1.0, 1.0, 1.0, 1.0, 1.0, 1.0, 1.0, 1.0, 1.0, 1.0, 1.0, 1.0, 1.0, 1.0, 1.0, 1.0, 1.0, 1.0, 1.0, 1.0, 1.0, 1.0, 1.0, 1.0, 1.0, 1.0, 1.0, 1.0, 1.0, 1.0, 1.0, 1.0, 1.0, 1.0, 1.0, 1.0, 1.0, 1.0, 1.0, 1.0, 1.0, 1.0, 1.0, 1.0, 1.0, 1.0, 1.0, 1.0, 1.0, 1.0, 1.0, 1.0, 1.0, 0.9266666666666666, 0.9533333333333334, 0.9933333333333333]
Final energies: [-2479524.25, -6141542.5, -6312771.0, -6360366.0, -6417585.5, -6426914.5, -6441269.5, -6453927.5, -6464418.0, -6469861.5, -6478015.5, -6487507.0, -6524117.0, -6534869.5, -6532250.0, -6537603.0, -6542635.5, -6546910.5, -6551667.5, -6555719.0, -6560094.5, -6563551.5, -6543066.0, -6556737.5, -6566331.0, -6583734.0, -6605032.5, -6612348.5, -6616628.5, -6621516.5, -6625116.0, -6627488.0, -6631175.0, -6633806.5, -6636954.5, -6641112.5, -6643957.5, -6646870.5, -6649517.5, -6651232.0, -6653432.5, -6654682.0, -6656447.0, -6657742.5, -6659274.5, -6660278.5, -6662514.5, -6664637.5, -6665191.5, -6673495.5, -6674981.0, -6679346.0, -6680624.5, -6681530.0, -6682515.0, -6685159.5, -6686133.5, -6686858.5, -6687154.0, -6688116.5, -6690550.5, -6691499.5, -6691862.5, -6692748.0, -6613977.0, -6614801.5, -6614509.5, -6614474.5, -6614367.0, -6615637.5, -6614457.0, -6615357.5, -6615737.0, -6622489.0, -6621946.0, -6620770.0, -6611119.0, -6590179.5, -6580165.0, -6575544.5, -6639312.0, -6638573.5, -6638316.0, -6638122.5, -6636867.0, -6628190.5, -6632077.5, -6628803.0, -6636784.5, -6813517.0, -7196546.5, -7313973.0, -7310974.5, -7429000.5, -7461664.0, -8315423.0, -11795337.0, -9013907.0, -7807086.0, -7936241.5]
