Running with parameters: hidden=100, use_coupled=true, seed=41, lam=0.1, eta=1.0, batch=1
Test Loss: 0.0000, Test Accuracy: 0.9967, Energy: -988371.1875
Time taken:  13.7252836227417
Test Loss: 0.0000, Test Accuracy: 1.0000, Energy: -1665823.625
Time taken:  13.334993600845337
Test Loss: 0.0000, Test Accuracy: 1.0000, Energy: -1716191.5
Time taken:  13.30524492263794
Test Loss: 0.0000, Test Accuracy: 1.0000, Energy: -1763622.875
Time taken:  13.38223648071289
Test Loss: 0.0000, Test Accuracy: 1.0000, Energy: -1773525.625
Time taken:  13.805123805999756
Test Loss: 0.0000, Test Accuracy: 1.0000, Energy: -1797938.0
Time taken:  14.310849905014038
Test Loss: 0.0000, Test Accuracy: 1.0000, Energy: -1811894.25
Time taken:  14.25869083404541
Test Loss: 0.0000, Test Accuracy: 1.0000, Energy: -1820690.0
Time taken:  14.367725133895874
Test Loss: 0.0000, Test Accuracy: 1.0000, Energy: -1836894.125
Time taken:  14.22574520111084
Test Loss: 0.0000, Test Accuracy: 1.0000, Energy: -1835496.5
Time taken:  14.247856855392456
Test Loss: 0.0000, Test Accuracy: 1.0000, Energy: -1842687.625
Time taken:  14.251972913742065
Test Loss: 0.0000, Test Accuracy: 1.0000, Energy: -1848877.875
Time taken:  14.36299204826355
Test Loss: 0.0000, Test Accuracy: 1.0000, Energy: -1857889.625
Time taken:  14.222678184509277
Test Loss: 0.0000, Test Accuracy: 1.0000, Energy: -1868510.625
Time taken:  14.233623743057251
Test Loss: 0.0000, Test Accuracy: 1.0000, Energy: -1898278.75
Time taken:  14.205172061920166
Test Loss: 0.0000, Test Accuracy: 1.0000, Energy: -1918781.25
Time taken:  13.79893445968628
Test Loss: 0.0000, Test Accuracy: 0.9967, Energy: -1928890.5
Time taken:  13.2657949924469
Test Loss: 0.0000, Test Accuracy: 0.9967, Energy: -1957758.5
Time taken:  13.305771589279175
Test Loss: 0.0000, Test Accuracy: 0.9967, Energy: -1964937.625
Time taken:  13.262553930282593
Test Loss: 0.0000, Test Accuracy: 0.9967, Energy: -1972237.625
Time taken:  13.41192364692688
Test Loss: 0.0000, Test Accuracy: 0.9967, Energy: -1978244.625
Time taken:  13.273282289505005
Test Loss: 0.0000, Test Accuracy: 1.0000, Energy: -2082497.75
Time taken:  13.301694631576538
Test Loss: 0.0000, Test Accuracy: 0.9967, Energy: -2091941.75
Time taken:  13.39110016822815
Test Loss: 0.0000, Test Accuracy: 0.9967, Energy: -2098123.5
Time taken:  13.300340414047241
Test Loss: 0.0000, Test Accuracy: 0.9967, Energy: -2102713.75
Time taken:  13.31139588356018
Test Loss: 0.0000, Test Accuracy: 0.9967, Energy: -2106406.25
Time taken:  13.311384677886963
Test Loss: 0.0000, Test Accuracy: 0.9967, Energy: -2107684.5
Time taken:  13.401793241500854
Test Loss: 0.0000, Test Accuracy: 0.9967, Energy: -2113589.5
Time taken:  13.306756258010864
Test Loss: 0.0000, Test Accuracy: 0.9967, Energy: -2115687.25
Time taken:  13.308614015579224
Test Loss: 0.0000, Test Accuracy: 0.9967, Energy: -2119284.5
Time taken:  13.287845134735107
Test Loss: 0.0000, Test Accuracy: 0.9967, Energy: -2124411.0
Time taken:  13.398160696029663
Test Loss: 0.0000, Test Accuracy: 0.9967, Energy: -2126618.0
Time taken:  13.320488691329956
Test Loss: 0.0000, Test Accuracy: 0.9967, Energy: -2131054.25
Time taken:  13.302168846130371
Test Loss: 0.0000, Test Accuracy: 0.9967, Energy: -2134445.25
Time taken:  13.289228916168213
Test Loss: 0.0000, Test Accuracy: 0.9967, Energy: -2151230.5
Time taken:  13.40589189529419
Test Loss: 0.0000, Test Accuracy: 0.9967, Energy: -2180264.75
Time taken:  13.322761535644531
Test Loss: 0.0000, Test Accuracy: 0.9967, Energy: -2193536.75
Time taken:  13.306281805038452
Test Loss: 0.0000, Test Accuracy: 0.9967, Energy: -2198969.0
Time taken:  13.31181788444519
Test Loss: 0.0000, Test Accuracy: 0.9967, Energy: -2203388.5
Time taken:  13.425434589385986
Test Loss: 0.0000, Test Accuracy: 0.9967, Energy: -2207291.5
Time taken:  13.363006830215454
Test Loss: 0.0000, Test Accuracy: 0.9967, Energy: -2210370.25
Time taken:  13.356925010681152
Test Loss: 0.0000, Test Accuracy: 0.9967, Energy: -2215997.75
Time taken:  13.360236167907715
Test Loss: 0.0000, Test Accuracy: 0.9967, Energy: -2218638.75
Time taken:  13.485054969787598
Test Loss: 0.0000, Test Accuracy: 0.9967, Energy: -2221957.0
Time taken:  13.3788321018219
Test Loss: 0.0000, Test Accuracy: 0.9967, Energy: -2239168.0
Time taken:  13.358873128890991
Test Loss: 0.0000, Test Accuracy: 0.9967, Energy: -2224565.75
Time taken:  13.354309320449829
Test Loss: 0.0000, Test Accuracy: 0.9967, Energy: -2225647.0
Time taken:  13.501544713973999
Test Loss: 0.0000, Test Accuracy: 0.9967, Energy: -2242919.75
Time taken:  13.403674364089966
Test Loss: 0.0000, Test Accuracy: 0.9967, Energy: -2260969.25
Time taken:  13.390620470046997
Test Loss: 0.0000, Test Accuracy: 0.9967, Energy: -2267052.75
Time taken:  13.3776535987854
Test Loss: 0.0000, Test Accuracy: 0.9967, Energy: -2272831.0
Time taken:  13.488657474517822
Test Loss: 0.0000, Test Accuracy: 0.9967, Energy: -2278332.0
Time taken:  13.371445655822754
Test Loss: 0.0000, Test Accuracy: 0.9967, Energy: -2282296.0
Time taken:  13.358444690704346
Test Loss: 0.0000, Test Accuracy: 0.9967, Energy: -2286403.0
Time taken:  13.367279052734375
Test Loss: 0.0000, Test Accuracy: 0.9967, Energy: -2291856.25
Time taken:  13.443101167678833
Test Loss: 0.0000, Test Accuracy: 0.9967, Energy: -2298589.25
Time taken:  13.326081037521362
Test Loss: 0.0000, Test Accuracy: 0.9967, Energy: -2320581.75
Time taken:  13.33767318725586
Test Loss: 0.0000, Test Accuracy: 0.9967, Energy: -2327862.25
Time taken:  13.323717594146729
Test Loss: 0.0000, Test Accuracy: 0.9967, Energy: -2332440.75
Time taken:  13.403306245803833
Test Loss: 0.0000, Test Accuracy: 0.9967, Energy: -2335660.5
Time taken:  13.309845447540283
Test Loss: 0.0000, Test Accuracy: 0.9967, Energy: -2330941.5
Time taken:  13.304536819458008
Test Loss: 0.0000, Test Accuracy: 0.9967, Energy: -2331716.75
Time taken:  13.30756425857544
Test Loss: 0.0000, Test Accuracy: 0.9967, Energy: -2336506.5
Time taken:  13.416622161865234
Test Loss: 0.0000, Test Accuracy: 0.9967, Energy: -2349645.25
Time taken:  13.339855432510376
Test Loss: 0.0000, Test Accuracy: 0.9967, Energy: -2355482.75
Time taken:  13.317877292633057
Test Loss: 0.0000, Test Accuracy: 0.9967, Energy: -2358466.75
Time taken:  13.432594299316406
Test Loss: 0.0000, Test Accuracy: 0.9967, Energy: -2368505.75
Time taken:  13.338951826095581
Test Loss: 0.0000, Test Accuracy: 0.9967, Energy: -2375692.75
Time taken:  13.334219455718994
Test Loss: 0.0000, Test Accuracy: 0.9967, Energy: -2398922.5
Time taken:  13.309888362884521
Test Loss: 0.0000, Test Accuracy: 0.9967, Energy: -2404721.25
Time taken:  13.44111704826355
Test Loss: 0.0000, Test Accuracy: 0.9967, Energy: -2407848.75
Time taken:  13.33731722831726
Test Loss: 0.0000, Test Accuracy: 0.9967, Energy: -2414530.25
Time taken:  13.347568035125732
Test Loss: 0.0000, Test Accuracy: 0.9967, Energy: -2416779.0
Time taken:  13.31773042678833
Test Loss: 0.0000, Test Accuracy: 0.9967, Energy: -2418216.0
Time taken:  13.428684949874878
Test Loss: 0.0000, Test Accuracy: 0.9967, Energy: -2418988.25
Time taken:  13.323105573654175
Test Loss: 0.0000, Test Accuracy: 0.9967, Energy: -2420975.5
Time taken:  13.311274766921997
Test Loss: 0.0000, Test Accuracy: 0.9967, Energy: -2422199.0
Time taken:  13.308081150054932
Test Loss: 0.0000, Test Accuracy: 0.9967, Energy: -2424742.0
Time taken:  13.424319982528687
Test Loss: 0.0000, Test Accuracy: 0.9967, Energy: -2426371.75
Time taken:  13.373592138290405
Test Loss: 0.0000, Test Accuracy: 0.9967, Energy: -2429425.0
Time taken:  13.36954402923584
Test Loss: 0.0000, Test Accuracy: 0.9967, Energy: -2431485.75
Time taken:  13.404684782028198
Test Loss: 0.0000, Test Accuracy: 0.9967, Energy: -2435230.25
Time taken:  13.49408769607544
Test Loss: 0.0000, Test Accuracy: 0.9967, Energy: -2436332.5
Time taken:  13.391232252120972
Test Loss: 0.0000, Test Accuracy: 0.9967, Energy: -2437456.5
Time taken:  13.380599975585938
Test Loss: 0.0000, Test Accuracy: 0.9967, Energy: -2438635.0
Time taken:  13.38765835762024
Test Loss: 0.0000, Test Accuracy: 0.9967, Energy: -2440654.75
Time taken:  13.485852241516113
Test Loss: 0.0000, Test Accuracy: 0.9967, Energy: -2441953.5
Time taken:  13.372626066207886
Test Loss: 0.0000, Test Accuracy: 0.9967, Energy: -2443678.25
Time taken:  13.377451181411743
Test Loss: 0.0000, Test Accuracy: 0.9967, Energy: -2445411.25
Time taken:  13.38136100769043
Test Loss: 0.0000, Test Accuracy: 0.9967, Energy: -2442955.0
Time taken:  13.488926887512207
Test Loss: 0.0000, Test Accuracy: 0.9967, Energy: -2442337.5
Time taken:  13.357555150985718
Test Loss: 0.0000, Test Accuracy: 0.9967, Energy: -2444174.25
Time taken:  13.32686734199524
Test Loss: 0.0000, Test Accuracy: 0.9967, Energy: -2447159.25
Time taken:  13.328996181488037
Test Loss: 0.0000, Test Accuracy: 0.9967, Energy: -2448908.0
Time taken:  13.418907165527344
Test Loss: 0.0000, Test Accuracy: 0.9967, Energy: -2453349.75
Time taken:  13.31557559967041
Test Loss: 0.0000, Test Accuracy: 0.9967, Energy: -2457863.5
Time taken:  13.321928024291992
Test Loss: 0.0000, Test Accuracy: 1.0000, Energy: -2413307.75
Time taken:  13.300346612930298
Test Loss: 0.0000, Test Accuracy: 1.0000, Energy: -2358400.5
Time taken:  13.333214044570923
Test Loss: 0.0000, Test Accuracy: 1.0000, Energy: -2384732.75
Time taken:  13.142765760421753
Test Loss: 0.0000, Test Accuracy: 1.0000, Energy: -2405551.75
Time taken:  13.148574829101562
Final accuracies: [0.9966666666666667, 1.0, 1.0, 1.0, 1.0, 1.0, 1.0, 1.0, 1.0, 1.0, 1.0, 1.0, 1.0, 1.0, 1.0, 1.0, 0.9966666666666667, 0.9966666666666667, 0.9966666666666667, 0.9966666666666667, 0.9966666666666667, 1.0, 0.9966666666666667, 0.9966666666666667, 0.9966666666666667, 0.9966666666666667, 0.9966666666666667, 0.9966666666666667, 0.9966666666666667, 0.9966666666666667, 0.9966666666666667, 0.9966666666666667, 0.9966666666666667, 0.9966666666666667, 0.9966666666666667, 0.9966666666666667, 0.9966666666666667, 0.9966666666666667, 0.9966666666666667, 0.9966666666666667, 0.9966666666666667, 0.9966666666666667, 0.9966666666666667, 0.9966666666666667, 0.9966666666666667, 0.9966666666666667, 0.9966666666666667, 0.9966666666666667, 0.9966666666666667, 0.9966666666666667, 0.9966666666666667, 0.9966666666666667, 0.9966666666666667, 0.9966666666666667, 0.9966666666666667, 0.9966666666666667, 0.9966666666666667, 0.9966666666666667, 0.9966666666666667, 0.9966666666666667, 0.9966666666666667, 0.9966666666666667, 0.9966666666666667, 0.9966666666666667, 0.9966666666666667, 0.9966666666666667, 0.9966666666666667, 0.9966666666666667, 0.9966666666666667, 0.9966666666666667, 0.9966666666666667, 0.9966666666666667, 0.9966666666666667, 0.9966666666666667, 0.9966666666666667, 0.9966666666666667, 0.9966666666666667, 0.9966666666666667, 0.9966666666666667, 0.9966666666666667, 0.9966666666666667, 0.9966666666666667, 0.9966666666666667, 0.9966666666666667, 0.9966666666666667, 0.9966666666666667, 0.9966666666666667, 0.9966666666666667, 0.9966666666666667, 0.9966666666666667, 0.9966666666666667, 0.9966666666666667, 0.9966666666666667, 0.9966666666666667, 0.9966666666666667, 0.9966666666666667, 1.0, 1.0, 1.0, 1.0]
Final energies: [-988371.1875, -1665823.625, -1716191.5, -1763622.875, -1773525.625, -1797938.0, -1811894.25, -1820690.0, -1836894.125, -1835496.5, -1842687.625, -1848877.875, -1857889.625, -1868510.625, -1898278.75, -1918781.25, -1928890.5, -1957758.5, -1964937.625, -1972237.625, -1978244.625, -2082497.75, -2091941.75, -2098123.5, -2102713.75, -2106406.25, -2107684.5, -2113589.5, -2115687.25, -2119284.5, -2124411.0, -2126618.0, -2131054.25, -2134445.25, -2151230.5, -2180264.75, -2193536.75, -2198969.0, -2203388.5, -2207291.5, -2210370.25, -2215997.75, -2218638.75, -2221957.0, -2239168.0, -2224565.75, -2225647.0, -2242919.75, -2260969.25, -2267052.75, -2272831.0, -2278332.0, -2282296.0, -2286403.0, -2291856.25, -2298589.25, -2320581.75, -2327862.25, -2332440.75, -2335660.5, -2330941.5, -2331716.75, -2336506.5, -2349645.25, -2355482.75, -2358466.75, -2368505.75, -2375692.75, -2398922.5, -2404721.25, -2407848.75, -2414530.25, -2416779.0, -2418216.0, -2418988.25, -2420975.5, -2422199.0, -2424742.0, -2426371.75, -2429425.0, -2431485.75, -2435230.25, -2436332.5, -2437456.5, -2438635.0, -2440654.75, -2441953.5, -2443678.25, -2445411.25, -2442955.0, -2442337.5, -2444174.25, -2447159.25, -2448908.0, -2453349.75, -2457863.5, -2413307.75, -2358400.5, -2384732.75, -2405551.75]
