Running with parameters: hidden=100, use_coupled=true, seed=10, lam=0.1, eta=1.0, batch=1
Test Loss: 0.0000, Test Accuracy: 1.0000, Energy: -5472796.5
Time taken:  13.622002840042114
Test Loss: 0.0000, Test Accuracy: 1.0000, Energy: -5481948.5
Time taken:  13.374069452285767
Test Loss: 0.0000, Test Accuracy: 1.0000, Energy: -5485708.5
Time taken:  13.358182668685913
Test Loss: 0.0000, Test Accuracy: 1.0000, Energy: -5490493.5
Time taken:  13.008401870727539
Test Loss: 0.0000, Test Accuracy: 1.0000, Energy: -5494151.5
Time taken:  12.857709169387817
Test Loss: 0.0000, Test Accuracy: 1.0000, Energy: -5501492.0
Time taken:  13.352916479110718
Test Loss: 0.0000, Test Accuracy: 1.0000, Energy: -5531386.5
Time taken:  13.332686185836792
Test Loss: 0.0000, Test Accuracy: 1.0000, Energy: -5562704.0
Time taken:  13.457524299621582
Test Loss: 0.0000, Test Accuracy: 1.0000, Energy: -5565789.0
Time taken:  13.32996654510498
Test Loss: 0.0000, Test Accuracy: 1.0000, Energy: -5567013.0
Time taken:  13.341134309768677
Test Loss: 0.0000, Test Accuracy: 1.0000, Energy: -5570020.0
Time taken:  13.338065385818481
Test Loss: 0.0000, Test Accuracy: 1.0000, Energy: -5604359.0
Time taken:  13.43022346496582
Test Loss: 0.0000, Test Accuracy: 1.0000, Energy: -5604890.0
Time taken:  13.304139852523804
Test Loss: 0.0000, Test Accuracy: 1.0000, Energy: -5604787.0
Time taken:  13.228565692901611
Test Loss: 0.0000, Test Accuracy: 1.0000, Energy: -5605647.5
Time taken:  13.272433280944824
Test Loss: 0.0000, Test Accuracy: 1.0000, Energy: -5607939.5
Time taken:  13.382691621780396
Test Loss: 0.0000, Test Accuracy: 1.0000, Energy: -5609030.5
Time taken:  13.308380603790283
Test Loss: 0.0000, Test Accuracy: 1.0000, Energy: -5610300.5
Time taken:  13.351208209991455
Test Loss: 0.0000, Test Accuracy: 1.0000, Energy: -5612102.5
Time taken:  13.306958675384521
Test Loss: 0.0000, Test Accuracy: 1.0000, Energy: -5613569.5
Time taken:  13.447585582733154
Test Loss: 0.0000, Test Accuracy: 1.0000, Energy: -5614845.5
Time taken:  13.322930335998535
Test Loss: 0.0000, Test Accuracy: 1.0000, Energy: -5616265.5
Time taken:  13.308252096176147
Test Loss: 0.0000, Test Accuracy: 1.0000, Energy: -5617521.0
Time taken:  13.399556398391724
Test Loss: 0.0000, Test Accuracy: 1.0000, Energy: -5619051.0
Time taken:  13.274945259094238
Test Loss: 0.0000, Test Accuracy: 1.0000, Energy: -5619840.0
Time taken:  13.317704916000366
Test Loss: 0.0000, Test Accuracy: 1.0000, Energy: -5621507.0
Time taken:  13.351846933364868
Test Loss: 0.0000, Test Accuracy: 1.0000, Energy: -5623398.5
Time taken:  13.436612129211426
Test Loss: 0.0000, Test Accuracy: 1.0000, Energy: -5625110.0
Time taken:  13.35006594657898
Test Loss: 0.0000, Test Accuracy: 1.0000, Energy: -5627331.0
Time taken:  13.330609560012817
Test Loss: 0.0000, Test Accuracy: 1.0000, Energy: -5629954.0
Time taken:  13.341599225997925
Test Loss: 0.0000, Test Accuracy: 1.0000, Energy: -5631280.5
Time taken:  13.443984508514404
Test Loss: 0.0000, Test Accuracy: 1.0000, Energy: -5633903.0
Time taken:  13.331994771957397
Test Loss: 0.0000, Test Accuracy: 1.0000, Energy: -5637245.5
Time taken:  13.385708093643188
Test Loss: 0.0000, Test Accuracy: 1.0000, Energy: -5654654.0
Time taken:  13.266672372817993
Test Loss: 0.0000, Test Accuracy: 1.0000, Energy: -5656349.5
Time taken:  13.4495267868042
Test Loss: 0.0000, Test Accuracy: 1.0000, Energy: -5658355.0
Time taken:  13.354206323623657
Test Loss: 0.0000, Test Accuracy: 1.0000, Energy: -5660317.5
Time taken:  13.261548519134521
Test Loss: 0.0000, Test Accuracy: 1.0000, Energy: -5662882.0
Time taken:  13.278366804122925
Test Loss: 0.0000, Test Accuracy: 1.0000, Energy: -5664541.5
Time taken:  13.372709274291992
Test Loss: 0.0000, Test Accuracy: 1.0000, Energy: -5666672.5
Time taken:  13.322692394256592
Test Loss: 0.0000, Test Accuracy: 1.0000, Energy: -5669357.0
Time taken:  13.053376197814941
Test Loss: 0.0000, Test Accuracy: 1.0000, Energy: -5671253.0
Time taken:  13.312806367874146
Test Loss: 0.0000, Test Accuracy: 1.0000, Energy: -5675988.5
Time taken:  13.399252891540527
Test Loss: 0.0000, Test Accuracy: 1.0000, Energy: -5711514.0
Time taken:  13.297792673110962
Test Loss: 0.0000, Test Accuracy: 1.0000, Energy: -5713499.0
Time taken:  13.36347222328186
Test Loss: 0.0000, Test Accuracy: 1.0000, Energy: -5715046.0
Time taken:  13.215883493423462
Test Loss: 0.0000, Test Accuracy: 1.0000, Energy: -5716380.0
Time taken:  13.454005002975464
Test Loss: 0.0000, Test Accuracy: 1.0000, Energy: -5718342.5
Time taken:  13.306905508041382
Test Loss: 0.0000, Test Accuracy: 1.0000, Energy: -5719900.0
Time taken:  13.326195478439331
Test Loss: 0.0000, Test Accuracy: 1.0000, Energy: -5721580.0
Time taken:  13.317752838134766
Test Loss: 0.0000, Test Accuracy: 1.0000, Energy: -5722912.5
Time taken:  13.430692911148071
Test Loss: 0.0000, Test Accuracy: 1.0000, Energy: -5724329.0
Time taken:  13.289010763168335
Test Loss: 0.0000, Test Accuracy: 1.0000, Energy: -5725722.0
Time taken:  13.159394979476929
Test Loss: 0.0000, Test Accuracy: 1.0000, Energy: -5726852.0
Time taken:  13.263254165649414
Test Loss: 0.0000, Test Accuracy: 1.0000, Energy: -5727725.5
Time taken:  13.425055265426636
Test Loss: 0.0000, Test Accuracy: 1.0000, Energy: -5729514.5
Time taken:  13.262125968933105
Test Loss: 0.0000, Test Accuracy: 1.0000, Energy: -5730724.0
Time taken:  13.379133462905884
Test Loss: 0.0000, Test Accuracy: 1.0000, Energy: -5732532.5
Time taken:  13.30826210975647
Test Loss: 0.0000, Test Accuracy: 1.0000, Energy: -5733703.5
Time taken:  13.447786331176758
Test Loss: 0.0000, Test Accuracy: 1.0000, Energy: -5734823.5
Time taken:  13.327902555465698
Test Loss: 0.0000, Test Accuracy: 1.0000, Energy: -5736251.0
Time taken:  13.368056774139404
Test Loss: 0.0000, Test Accuracy: 1.0000, Energy: -5737845.0
Time taken:  13.314852476119995
Test Loss: 0.0000, Test Accuracy: 1.0000, Energy: -5739081.0
Time taken:  13.38957691192627
Test Loss: 0.0000, Test Accuracy: 1.0000, Energy: -5740531.0
Time taken:  13.287624835968018
Test Loss: 0.0000, Test Accuracy: 1.0000, Energy: -5741827.0
Time taken:  13.329132318496704
Test Loss: 0.0000, Test Accuracy: 1.0000, Energy: -5743461.0
Time taken:  13.411442279815674
Test Loss: 0.0000, Test Accuracy: 1.0000, Energy: -5746092.5
Time taken:  13.347701072692871
Test Loss: 0.0000, Test Accuracy: 1.0000, Energy: -5754294.5
Time taken:  13.323964357376099
Test Loss: 0.0000, Test Accuracy: 1.0000, Energy: -5757564.5
Time taken:  13.373085021972656
Test Loss: 0.0000, Test Accuracy: 1.0000, Energy: -5797383.5
Time taken:  13.367717504501343
Test Loss: 0.0000, Test Accuracy: 1.0000, Energy: -5803032.0
Time taken:  13.261661291122437
Test Loss: 0.0000, Test Accuracy: 1.0000, Energy: -5804624.0
Time taken:  13.318492889404297
Test Loss: 0.0000, Test Accuracy: 1.0000, Energy: -5806264.0
Time taken:  13.234468698501587
Test Loss: 0.0000, Test Accuracy: 1.0000, Energy: -5808302.5
Time taken:  13.394045352935791
Test Loss: 0.0000, Test Accuracy: 1.0000, Energy: -5810080.0
Time taken:  13.33873701095581
Test Loss: 0.0000, Test Accuracy: 1.0000, Energy: -5813743.0
Time taken:  13.351478815078735
Test Loss: 0.0000, Test Accuracy: 1.0000, Energy: -5816113.5
Time taken:  13.32648754119873
Test Loss: 0.0000, Test Accuracy: 1.0000, Energy: -5818993.5
Time taken:  13.46006727218628
Test Loss: 0.0000, Test Accuracy: 1.0000, Energy: -5820965.5
Time taken:  13.36166524887085
Test Loss: 0.0000, Test Accuracy: 1.0000, Energy: -5823435.0
Time taken:  13.344024896621704
Test Loss: 0.0000, Test Accuracy: 1.0000, Energy: -5825894.5
Time taken:  13.371883153915405
Test Loss: 0.0000, Test Accuracy: 1.0000, Energy: -5832893.5
Time taken:  13.440075874328613
Test Loss: 0.0000, Test Accuracy: 1.0000, Energy: -5834659.5
Time taken:  13.210664749145508
Test Loss: 0.0000, Test Accuracy: 1.0000, Energy: -5841136.5
Time taken:  13.276653528213501
Test Loss: 0.0000, Test Accuracy: 1.0000, Energy: -5842879.5
Time taken:  13.352286100387573
Test Loss: 0.0000, Test Accuracy: 1.0000, Energy: -5845116.5
Time taken:  13.451661348342896
Test Loss: 0.0000, Test Accuracy: 1.0000, Energy: -5846986.5
Time taken:  13.354795932769775
Test Loss: 0.0000, Test Accuracy: 1.0000, Energy: -5848932.0
Time taken:  13.360544681549072
Test Loss: 0.0000, Test Accuracy: 1.0000, Energy: -5850743.5
Time taken:  13.330890417098999
Test Loss: 0.0000, Test Accuracy: 1.0000, Energy: -5853358.0
Time taken:  13.413255453109741
Test Loss: 0.0000, Test Accuracy: 1.0000, Energy: -5855834.0
Time taken:  13.303632259368896
Test Loss: 0.0000, Test Accuracy: 1.0000, Energy: -5857587.5
Time taken:  13.321439743041992
Test Loss: 0.0000, Test Accuracy: 1.0000, Energy: -5859393.5
Time taken:  13.357049465179443
Test Loss: 0.0000, Test Accuracy: 1.0000, Energy: -5861006.5
Time taken:  13.448201417922974
Test Loss: 0.0000, Test Accuracy: 1.0000, Energy: -5862749.0
Time taken:  13.300212383270264
Test Loss: 0.0000, Test Accuracy: 1.0000, Energy: -5864647.0
Time taken:  13.349882125854492
Test Loss: 0.0000, Test Accuracy: 1.0000, Energy: -5866417.5
Time taken:  13.3118577003479
Test Loss: 0.0000, Test Accuracy: 1.0000, Energy: -5868620.0
Time taken:  13.490879774093628
Test Loss: 0.0000, Test Accuracy: 1.0000, Energy: -5870623.5
Time taken:  13.319230318069458
Test Loss: 0.0000, Test Accuracy: 1.0000, Energy: -5886557.5
Time taken:  13.274979829788208
Final accuracies: [1.0, 1.0, 1.0, 1.0, 1.0, 1.0, 1.0, 1.0, 1.0, 1.0, 1.0, 1.0, 1.0, 1.0, 1.0, 1.0, 1.0, 1.0, 1.0, 1.0, 1.0, 1.0, 1.0, 1.0, 1.0, 1.0, 1.0, 1.0, 1.0, 1.0, 1.0, 1.0, 1.0, 1.0, 1.0, 1.0, 1.0, 1.0, 1.0, 1.0, 1.0, 1.0, 1.0, 1.0, 1.0, 1.0, 1.0, 1.0, 1.0, 1.0, 1.0, 1.0, 1.0, 1.0, 1.0, 1.0, 1.0, 1.0, 1.0, 1.0, 1.0, 1.0, 1.0, 1.0, 1.0, 1.0, 1.0, 1.0, 1.0, 1.0, 1.0, 1.0, 1.0, 1.0, 1.0, 1.0, 1.0, 1.0, 1.0, 1.0, 1.0, 1.0, 1.0, 1.0, 1.0, 1.0, 1.0, 1.0, 1.0, 1.0, 1.0, 1.0, 1.0, 1.0, 1.0, 1.0, 1.0, 1.0, 1.0, 1.0]
Final energies: [-5472796.5, -5481948.5, -5485708.5, -5490493.5, -5494151.5, -5501492.0, -5531386.5, -5562704.0, -5565789.0, -5567013.0, -5570020.0, -5604359.0, -5604890.0, -5604787.0, -5605647.5, -5607939.5, -5609030.5, -5610300.5, -5612102.5, -5613569.5, -5614845.5, -5616265.5, -5617521.0, -5619051.0, -5619840.0, -5621507.0, -5623398.5, -5625110.0, -5627331.0, -5629954.0, -5631280.5, -5633903.0, -5637245.5, -5654654.0, -5656349.5, -5658355.0, -5660317.5, -5662882.0, -5664541.5, -5666672.5, -5669357.0, -5671253.0, -5675988.5, -5711514.0, -5713499.0, -5715046.0, -5716380.0, -5718342.5, -5719900.0, -5721580.0, -5722912.5, -5724329.0, -5725722.0, -5726852.0, -5727725.5, -5729514.5, -5730724.0, -5732532.5, -5733703.5, -5734823.5, -5736251.0, -5737845.0, -5739081.0, -5740531.0, -5741827.0, -5743461.0, -5746092.5, -5754294.5, -5757564.5, -5797383.5, -5803032.0, -5804624.0, -5806264.0, -5808302.5, -5810080.0, -5813743.0, -5816113.5, -5818993.5, -5820965.5, -5823435.0, -5825894.5, -5832893.5, -5834659.5, -5841136.5, -5842879.5, -5845116.5, -5846986.5, -5848932.0, -5850743.5, -5853358.0, -5855834.0, -5857587.5, -5859393.5, -5861006.5, -5862749.0, -5864647.0, -5866417.5, -5868620.0, -5870623.5, -5886557.5]
