Running with parameters: hidden=100, use_coupled=true, seed=7, lam=0.1, eta=1.0, batch=1
Test Loss: 0.0000, Test Accuracy: 1.0000, Energy: -4800529.0
Time taken:  14.785811185836792
Test Loss: 0.0000, Test Accuracy: 1.0000, Energy: -4808252.0
Time taken:  14.400898933410645
Test Loss: 0.0000, Test Accuracy: 1.0000, Energy: -4808341.0
Time taken:  14.49164628982544
Test Loss: 0.0000, Test Accuracy: 1.0000, Energy: -4808489.5
Time taken:  13.895560503005981
Test Loss: 0.0000, Test Accuracy: 1.0000, Energy: -4809738.0
Time taken:  13.483632802963257
Test Loss: 0.0000, Test Accuracy: 1.0000, Energy: -4811972.5
Time taken:  13.526371717453003
Test Loss: 0.0000, Test Accuracy: 1.0000, Energy: -4813464.0
Time taken:  13.509033203125
Test Loss: 0.0000, Test Accuracy: 1.0000, Energy: -4813464.0
Time taken:  13.710086107254028
Test Loss: 0.0000, Test Accuracy: 1.0000, Energy: -4813575.5
Time taken:  14.571017265319824
Test Loss: 0.0000, Test Accuracy: 1.0000, Energy: -4813613.0
Time taken:  14.457116603851318
Test Loss: 0.0000, Test Accuracy: 1.0000, Energy: -4813650.5
Time taken:  14.401490926742554
Test Loss: 0.0000, Test Accuracy: 1.0000, Energy: -4813651.5
Time taken:  14.582187175750732
Test Loss: 0.0000, Test Accuracy: 1.0000, Energy: -4814634.5
Time taken:  14.405287504196167
Test Loss: 0.0000, Test Accuracy: 1.0000, Energy: -4814693.5
Time taken:  14.412429094314575
Test Loss: 0.0000, Test Accuracy: 1.0000, Energy: -4814736.5
Time taken:  14.449421882629395
Test Loss: 0.0000, Test Accuracy: 1.0000, Energy: -4814769.5
Time taken:  14.498716354370117
Test Loss: 0.0000, Test Accuracy: 1.0000, Energy: -4815372.5
Time taken:  14.403006553649902
Test Loss: 0.0000, Test Accuracy: 1.0000, Energy: -4815438.5
Time taken:  14.408026933670044
Test Loss: 0.0000, Test Accuracy: 1.0000, Energy: -4815548.5
Time taken:  14.081254005432129
Test Loss: 0.0000, Test Accuracy: 1.0000, Energy: -4815615.5
Time taken:  13.54561710357666
Test Loss: 0.0000, Test Accuracy: 1.0000, Energy: -4815653.5
Time taken:  13.497058868408203
Test Loss: 0.0000, Test Accuracy: 1.0000, Energy: -4815666.0
Time taken:  13.43389892578125
Test Loss: 0.0000, Test Accuracy: 1.0000, Energy: -4815702.0
Time taken:  13.570483922958374
Test Loss: 0.0000, Test Accuracy: 1.0000, Energy: -4815698.5
Time taken:  13.460049152374268
Test Loss: 0.0000, Test Accuracy: 1.0000, Energy: -4815740.0
Time taken:  13.469105958938599
Test Loss: 0.0000, Test Accuracy: 1.0000, Energy: -4815803.5
Time taken:  13.487029314041138
Test Loss: 0.0000, Test Accuracy: 1.0000, Energy: -4815318.0
Time taken:  13.569235801696777
Test Loss: 0.0000, Test Accuracy: 1.0000, Energy: -4817582.0
Time taken:  13.482250452041626
Test Loss: 0.0000, Test Accuracy: 1.0000, Energy: -4817703.0
Time taken:  13.48117709159851
Test Loss: 0.0000, Test Accuracy: 1.0000, Energy: -4817746.5
Time taken:  13.47688889503479
Test Loss: 0.0000, Test Accuracy: 1.0000, Energy: -4817783.5
Time taken:  13.588474750518799
Test Loss: 0.0000, Test Accuracy: 1.0000, Energy: -4817794.5
Time taken:  13.466063261032104
Test Loss: 0.0000, Test Accuracy: 1.0000, Energy: -4817814.0
Time taken:  13.4461190700531
Test Loss: 0.0000, Test Accuracy: 1.0000, Energy: -4818298.0
Time taken:  13.430081367492676
Test Loss: 0.0000, Test Accuracy: 1.0000, Energy: -4818298.5
Time taken:  13.586717128753662
Test Loss: 0.0000, Test Accuracy: 1.0000, Energy: -4818299.0
Time taken:  13.439549446105957
Test Loss: 0.0000, Test Accuracy: 1.0000, Energy: -4818355.0
Time taken:  13.451680898666382
Test Loss: 0.0000, Test Accuracy: 1.0000, Energy: -4818382.0
Time taken:  13.45340609550476
Test Loss: 0.0000, Test Accuracy: 1.0000, Energy: -4818414.0
Time taken:  13.542104482650757
Test Loss: 0.0000, Test Accuracy: 1.0000, Energy: -4818449.0
Time taken:  13.446771621704102
Test Loss: 0.0000, Test Accuracy: 1.0000, Energy: -4818443.0
Time taken:  13.467360973358154
Test Loss: 0.0000, Test Accuracy: 1.0000, Energy: -4818442.5
Time taken:  13.476662874221802
Test Loss: 0.0000, Test Accuracy: 1.0000, Energy: -4818596.0
Time taken:  13.594931364059448
Test Loss: 0.0000, Test Accuracy: 1.0000, Energy: -4818596.0
Time taken:  13.50040888786316
Test Loss: 0.0000, Test Accuracy: 1.0000, Energy: -4818619.0
Time taken:  13.539624214172363
Test Loss: 0.0000, Test Accuracy: 1.0000, Energy: -4818693.5
Time taken:  13.537737607955933
Test Loss: 0.0000, Test Accuracy: 1.0000, Energy: -4818708.5
Time taken:  13.642695426940918
Test Loss: 0.0000, Test Accuracy: 1.0000, Energy: -4818784.5
Time taken:  13.540781497955322
Test Loss: 0.0000, Test Accuracy: 1.0000, Energy: -4819126.0
Time taken:  13.55708122253418
Test Loss: 0.0000, Test Accuracy: 1.0000, Energy: -4819372.0
Time taken:  13.522040128707886
Test Loss: 0.0000, Test Accuracy: 1.0000, Energy: -4819991.5
Time taken:  13.650466442108154
Test Loss: 0.0000, Test Accuracy: 1.0000, Energy: -4820397.5
Time taken:  13.5427565574646
Test Loss: 0.0000, Test Accuracy: 1.0000, Energy: -4821623.0
Time taken:  13.54441237449646
Test Loss: 0.0000, Test Accuracy: 1.0000, Energy: -4842960.5
Time taken:  13.535308361053467
Test Loss: 0.0000, Test Accuracy: 1.0000, Energy: -4842861.5
Time taken:  13.6552414894104
Test Loss: 0.0000, Test Accuracy: 1.0000, Energy: -4842881.5
Time taken:  13.515933513641357
Test Loss: 0.0000, Test Accuracy: 1.0000, Energy: -4842913.5
Time taken:  13.514922142028809
Test Loss: 0.0000, Test Accuracy: 1.0000, Energy: -4842933.5
Time taken:  13.501423835754395
Test Loss: 0.0000, Test Accuracy: 1.0000, Energy: -4842945.5
Time taken:  13.58878469467163
Test Loss: 0.0000, Test Accuracy: 1.0000, Energy: -4842960.5
Time taken:  13.478591203689575
Test Loss: 0.0000, Test Accuracy: 1.0000, Energy: -4842961.5
Time taken:  13.461577892303467
Test Loss: 0.0000, Test Accuracy: 1.0000, Energy: -4842961.5
Time taken:  13.481609344482422
Test Loss: 0.0000, Test Accuracy: 1.0000, Energy: -4842979.5
Time taken:  13.587044954299927
Test Loss: 0.0000, Test Accuracy: 1.0000, Energy: -4842979.5
Time taken:  13.481631994247437
Test Loss: 0.0000, Test Accuracy: 1.0000, Energy: -4842979.5
Time taken:  13.48531460762024
Test Loss: 0.0000, Test Accuracy: 1.0000, Energy: -4842995.5
Time taken:  13.599884033203125
Test Loss: 0.0000, Test Accuracy: 1.0000, Energy: -4842995.5
Time taken:  13.503584861755371
Test Loss: 0.0000, Test Accuracy: 1.0000, Energy: -4843029.0
Time taken:  13.504380464553833
Test Loss: 0.0000, Test Accuracy: 1.0000, Energy: -4843066.0
Time taken:  13.487488985061646
Test Loss: 0.0000, Test Accuracy: 1.0000, Energy: -4843102.0
Time taken:  13.619102478027344
Test Loss: 0.0000, Test Accuracy: 1.0000, Energy: -4843124.5
Time taken:  13.493247985839844
Test Loss: 0.0000, Test Accuracy: 1.0000, Energy: -4843125.0
Time taken:  13.494608879089355
Test Loss: 0.0000, Test Accuracy: 1.0000, Energy: -4843140.0
Time taken:  13.481578350067139
Test Loss: 0.0000, Test Accuracy: 1.0000, Energy: -4843274.5
Time taken:  13.590494394302368
Test Loss: 0.0000, Test Accuracy: 1.0000, Energy: -4843289.5
Time taken:  13.491064071655273
Test Loss: 0.0000, Test Accuracy: 1.0000, Energy: -4843311.0
Time taken:  13.4983389377594
Test Loss: 0.0000, Test Accuracy: 1.0000, Energy: -4843468.0
Time taken:  13.504567384719849
Test Loss: 0.0000, Test Accuracy: 1.0000, Energy: -4843537.5
Time taken:  13.590946912765503
Test Loss: 0.0000, Test Accuracy: 1.0000, Energy: -4843646.5
Time taken:  13.476489782333374
Test Loss: 0.0000, Test Accuracy: 1.0000, Energy: -4843700.0
Time taken:  13.479601621627808
Test Loss: 0.0000, Test Accuracy: 1.0000, Energy: -4843701.5
Time taken:  13.5115065574646
Test Loss: 0.0000, Test Accuracy: 1.0000, Energy: -4843734.5
Time taken:  13.601392269134521
Test Loss: 0.0000, Test Accuracy: 1.0000, Energy: -4843737.0
Time taken:  13.505533695220947
Test Loss: 0.0000, Test Accuracy: 1.0000, Energy: -4843866.5
Time taken:  13.511226892471313
Test Loss: 0.0000, Test Accuracy: 1.0000, Energy: -4844007.0
Time taken:  13.533382177352905
Test Loss: 0.0000, Test Accuracy: 1.0000, Energy: -4844727.5
Time taken:  13.637890100479126
Test Loss: 0.0000, Test Accuracy: 1.0000, Energy: -4844886.5
Time taken:  13.54739236831665
Test Loss: 0.0000, Test Accuracy: 1.0000, Energy: -4844952.5
Time taken:  13.527076005935669
Test Loss: 0.0000, Test Accuracy: 1.0000, Energy: -4845351.5
Time taken:  13.557781219482422
Test Loss: 0.0000, Test Accuracy: 1.0000, Energy: -4845387.0
Time taken:  13.6406409740448
Test Loss: 0.0000, Test Accuracy: 1.0000, Energy: -4845656.0
Time taken:  13.525344610214233
Test Loss: 0.0000, Test Accuracy: 1.0000, Energy: -4845681.5
Time taken:  13.523624658584595
Test Loss: 0.0000, Test Accuracy: 1.0000, Energy: -4845720.0
Time taken:  13.543444633483887
Test Loss: 0.0000, Test Accuracy: 1.0000, Energy: -4845762.5
Time taken:  13.601568222045898
Test Loss: 0.0000, Test Accuracy: 1.0000, Energy: -4845753.0
Time taken:  13.489326000213623
Test Loss: 0.0000, Test Accuracy: 1.0000, Energy: -4845752.0
Time taken:  13.477464437484741
Test Loss: 0.0000, Test Accuracy: 1.0000, Energy: -4845781.0
Time taken:  13.51920771598816
Test Loss: 0.0000, Test Accuracy: 1.0000, Energy: -4845812.0
Time taken:  13.596808195114136
Test Loss: 0.0000, Test Accuracy: 1.0000, Energy: -4845824.5
Time taken:  13.484384059906006
Test Loss: 0.0000, Test Accuracy: 1.0000, Energy: -4845864.0
Time taken:  13.429830312728882
Final accuracies: [1.0, 1.0, 1.0, 1.0, 1.0, 1.0, 1.0, 1.0, 1.0, 1.0, 1.0, 1.0, 1.0, 1.0, 1.0, 1.0, 1.0, 1.0, 1.0, 1.0, 1.0, 1.0, 1.0, 1.0, 1.0, 1.0, 1.0, 1.0, 1.0, 1.0, 1.0, 1.0, 1.0, 1.0, 1.0, 1.0, 1.0, 1.0, 1.0, 1.0, 1.0, 1.0, 1.0, 1.0, 1.0, 1.0, 1.0, 1.0, 1.0, 1.0, 1.0, 1.0, 1.0, 1.0, 1.0, 1.0, 1.0, 1.0, 1.0, 1.0, 1.0, 1.0, 1.0, 1.0, 1.0, 1.0, 1.0, 1.0, 1.0, 1.0, 1.0, 1.0, 1.0, 1.0, 1.0, 1.0, 1.0, 1.0, 1.0, 1.0, 1.0, 1.0, 1.0, 1.0, 1.0, 1.0, 1.0, 1.0, 1.0, 1.0, 1.0, 1.0, 1.0, 1.0, 1.0, 1.0, 1.0, 1.0, 1.0, 1.0]
Final energies: [-4800529.0, -4808252.0, -4808341.0, -4808489.5, -4809738.0, -4811972.5, -4813464.0, -4813464.0, -4813575.5, -4813613.0, -4813650.5, -4813651.5, -4814634.5, -4814693.5, -4814736.5, -4814769.5, -4815372.5, -4815438.5, -4815548.5, -4815615.5, -4815653.5, -4815666.0, -4815702.0, -4815698.5, -4815740.0, -4815803.5, -4815318.0, -4817582.0, -4817703.0, -4817746.5, -4817783.5, -4817794.5, -4817814.0, -4818298.0, -4818298.5, -4818299.0, -4818355.0, -4818382.0, -4818414.0, -4818449.0, -4818443.0, -4818442.5, -4818596.0, -4818596.0, -4818619.0, -4818693.5, -4818708.5, -4818784.5, -4819126.0, -4819372.0, -4819991.5, -4820397.5, -4821623.0, -4842960.5, -4842861.5, -4842881.5, -4842913.5, -4842933.5, -4842945.5, -4842960.5, -4842961.5, -4842961.5, -4842979.5, -4842979.5, -4842979.5, -4842995.5, -4842995.5, -4843029.0, -4843066.0, -4843102.0, -4843124.5, -4843125.0, -4843140.0, -4843274.5, -4843289.5, -4843311.0, -4843468.0, -4843537.5, -4843646.5, -4843700.0, -4843701.5, -4843734.5, -4843737.0, -4843866.5, -4844007.0, -4844727.5, -4844886.5, -4844952.5, -4845351.5, -4845387.0, -4845656.0, -4845681.5, -4845720.0, -4845762.5, -4845753.0, -4845752.0, -4845781.0, -4845812.0, -4845824.5, -4845864.0]
