Running with parameters: hidden=100, use_coupled=true, seed=56, lam=0.1, eta=1.0, batch=1
Test Loss: 0.0000, Test Accuracy: 1.0000, Energy: -3013221.0
Time taken:  13.834961414337158
Test Loss: 0.0000, Test Accuracy: 0.9933, Energy: -4443877.0
Time taken:  13.512650966644287
Test Loss: 0.0000, Test Accuracy: 1.0000, Energy: -4968364.5
Time taken:  13.54819917678833
Test Loss: 0.0000, Test Accuracy: 1.0000, Energy: -5007588.5
Time taken:  13.66343069076538
Test Loss: 0.0000, Test Accuracy: 1.0000, Energy: -5016638.0
Time taken:  13.55311918258667
Test Loss: 0.0000, Test Accuracy: 1.0000, Energy: -5031754.5
Time taken:  13.542179107666016
Test Loss: 0.0000, Test Accuracy: 1.0000, Energy: -5030166.5
Time taken:  13.585902452468872
Test Loss: 0.0000, Test Accuracy: 1.0000, Energy: -5290802.0
Time taken:  13.692079305648804
Test Loss: 0.0000, Test Accuracy: 1.0000, Energy: -5278086.5
Time taken:  13.680087327957153
Test Loss: 0.0000, Test Accuracy: 1.0000, Energy: -5016786.0
Time taken:  13.680298566818237
Test Loss: 0.0000, Test Accuracy: 1.0000, Energy: -5140761.5
Time taken:  13.692132949829102
Test Loss: 0.0000, Test Accuracy: 1.0000, Energy: -5365703.0
Time taken:  13.83384084701538
Test Loss: 0.0000, Test Accuracy: 1.0000, Energy: -6813287.5
Time taken:  13.66813850402832
Test Loss: 0.0000, Test Accuracy: 1.0000, Energy: -6921949.5
Time taken:  13.668901205062866
Test Loss: 0.0000, Test Accuracy: 1.0000, Energy: -6962137.0
Time taken:  13.70477294921875
Test Loss: 0.0000, Test Accuracy: 1.0000, Energy: -6985368.5
Time taken:  13.835496425628662
Test Loss: 0.0000, Test Accuracy: 1.0000, Energy: -7028605.0
Time taken:  13.697369575500488
Test Loss: 0.0000, Test Accuracy: 1.0000, Energy: -7060954.0
Time taken:  13.667087078094482
Test Loss: 0.0000, Test Accuracy: 1.0000, Energy: -7159083.5
Time taken:  13.692980289459229
Test Loss: 0.0000, Test Accuracy: 1.0000, Energy: -7304360.0
Time taken:  13.7662672996521
Test Loss: 0.0000, Test Accuracy: 1.0000, Energy: -7483500.5
Time taken:  13.64418363571167
Test Loss: 0.0000, Test Accuracy: 1.0000, Energy: -7764491.5
Time taken:  13.566783428192139
Test Loss: 0.0000, Test Accuracy: 1.0000, Energy: -7889001.0
Time taken:  13.690453052520752
Test Loss: 0.0000, Test Accuracy: 1.0000, Energy: -8352644.5
Time taken:  13.592426300048828
Test Loss: 0.0000, Test Accuracy: 1.0000, Energy: -12285731.0
Time taken:  13.588533401489258
Test Loss: 0.0000, Test Accuracy: 1.0000, Energy: -11056020.0
Time taken:  13.562960863113403
Test Loss: 0.0000, Test Accuracy: 1.0000, Energy: -12125293.0
Time taken:  13.698793411254883
Test Loss: 0.0000, Test Accuracy: 1.0000, Energy: -12062587.0
Time taken:  13.58977198600769
Test Loss: 0.0000, Test Accuracy: 1.0000, Energy: -11950171.0
Time taken:  13.593522310256958
Test Loss: 0.0000, Test Accuracy: 1.0000, Energy: -11906149.0
Time taken:  13.585777997970581
Test Loss: 0.0000, Test Accuracy: 1.0000, Energy: -11905737.0
Time taken:  13.716496467590332
Test Loss: 0.0000, Test Accuracy: 1.0000, Energy: -11894307.0
Time taken:  13.593648195266724
Test Loss: 0.0000, Test Accuracy: 1.0000, Energy: -11898874.0
Time taken:  13.583027839660645
Test Loss: 0.0000, Test Accuracy: 1.0000, Energy: -11889807.0
Time taken:  13.593750953674316
Test Loss: 0.0000, Test Accuracy: 1.0000, Energy: -11892562.0
Time taken:  13.68796181678772
Test Loss: 0.0000, Test Accuracy: 1.0000, Energy: -11893689.0
Time taken:  13.601280927658081
Test Loss: 0.0000, Test Accuracy: 1.0000, Energy: -11892753.0
Time taken:  13.605278491973877
Test Loss: 0.0000, Test Accuracy: 1.0000, Energy: -11894338.0
Time taken:  13.602861642837524
Test Loss: 0.0000, Test Accuracy: 1.0000, Energy: -11896866.0
Time taken:  13.706593751907349
Test Loss: 0.0000, Test Accuracy: 1.0000, Energy: -11902354.0
Time taken:  13.592972040176392
Test Loss: 0.0000, Test Accuracy: 1.0000, Energy: -11906024.0
Time taken:  13.586336612701416
Test Loss: 0.0000, Test Accuracy: 1.0000, Energy: -11900631.0
Time taken:  13.590560674667358
Test Loss: 0.0000, Test Accuracy: 1.0000, Energy: -11903738.0
Time taken:  13.688637495040894
Test Loss: 0.0000, Test Accuracy: 1.0000, Energy: -11909664.0
Time taken:  13.602437257766724
Test Loss: 0.0000, Test Accuracy: 1.0000, Energy: -11896972.0
Time taken:  13.588016510009766
Test Loss: 0.0000, Test Accuracy: 1.0000, Energy: -12019552.0
Time taken:  13.582334995269775
Test Loss: 0.0000, Test Accuracy: 1.0000, Energy: -11988835.0
Time taken:  13.715470790863037
Test Loss: 0.0000, Test Accuracy: 1.0000, Energy: -11988279.0
Time taken:  13.665173768997192
Test Loss: 0.0000, Test Accuracy: 1.0000, Energy: -13247808.0
Time taken:  13.683039903640747
Test Loss: 0.0000, Test Accuracy: 0.9700, Energy: -14147993.0
Time taken:  13.683686256408691
Test Loss: 0.0000, Test Accuracy: 0.9467, Energy: -24491658.0
Time taken:  13.909176588058472
Test Loss: 0.0000, Test Accuracy: 0.9967, Energy: -29101196.0
Time taken:  13.811066150665283
Test Loss: 0.0000, Test Accuracy: 0.9967, Energy: -28803384.0
Time taken:  13.755303621292114
Test Loss: 0.0000, Test Accuracy: 0.9967, Energy: -28835564.0
Time taken:  13.817250490188599
Test Loss: 0.0000, Test Accuracy: 0.9967, Energy: -28854080.0
Time taken:  13.872228622436523
Test Loss: 0.0000, Test Accuracy: 0.9967, Energy: -28879892.0
Time taken:  13.764682292938232
Test Loss: 0.0000, Test Accuracy: 0.9967, Energy: -28879688.0
Time taken:  13.75854778289795
Test Loss: 0.0000, Test Accuracy: 0.9967, Energy: -28972582.0
Time taken:  13.770629167556763
Test Loss: 0.0000, Test Accuracy: 0.9933, Energy: -28885578.0
Time taken:  13.845627307891846
Test Loss: 0.0000, Test Accuracy: 0.9933, Energy: -28722892.0
Time taken:  13.714197635650635
Test Loss: 0.0000, Test Accuracy: 0.9933, Energy: -28618888.0
Time taken:  13.636058330535889
Test Loss: 0.0000, Test Accuracy: 0.9967, Energy: -28550048.0
Time taken:  13.659477710723877
Test Loss: 0.0000, Test Accuracy: 0.9967, Energy: -28481538.0
Time taken:  13.729588031768799
Test Loss: 0.0000, Test Accuracy: 0.9967, Energy: -28469858.0
Time taken:  13.618336915969849
Test Loss: 0.0000, Test Accuracy: 0.9967, Energy: -28468628.0
Time taken:  13.621725797653198
Test Loss: 0.0000, Test Accuracy: 0.9967, Energy: -28468528.0
Time taken:  13.736727952957153
Test Loss: 0.0000, Test Accuracy: 0.9967, Energy: -28446258.0
Time taken:  13.626018762588501
Test Loss: 0.0000, Test Accuracy: 0.9933, Energy: -28424758.0
Time taken:  13.645294666290283
Test Loss: 0.0000, Test Accuracy: 0.9967, Energy: -28379440.0
Time taken:  13.612049341201782
Test Loss: 0.0000, Test Accuracy: 0.9967, Energy: -28333596.0
Time taken:  13.724555253982544
Test Loss: 0.0000, Test Accuracy: 0.9967, Energy: -28292908.0
Time taken:  13.645035028457642
Test Loss: 0.0000, Test Accuracy: 0.9967, Energy: -28254382.0
Time taken:  13.625352382659912
Test Loss: 0.0000, Test Accuracy: 0.9967, Energy: -28248484.0
Time taken:  13.64603328704834
Test Loss: 0.0000, Test Accuracy: 0.9967, Energy: -28225290.0
Time taken:  13.718910217285156
Test Loss: 0.0000, Test Accuracy: 0.9967, Energy: -28205634.0
Time taken:  13.62592625617981
Test Loss: 0.0000, Test Accuracy: 0.9967, Energy: -28205530.0
Time taken:  13.630738735198975
Test Loss: 0.0000, Test Accuracy: 0.9967, Energy: -28206578.0
Time taken:  13.614065647125244
Test Loss: 0.0000, Test Accuracy: 0.9967, Energy: -28196910.0
Time taken:  13.724028825759888
Test Loss: 0.0000, Test Accuracy: 0.9967, Energy: -28159558.0
Time taken:  13.631813526153564
Test Loss: 0.0000, Test Accuracy: 0.9967, Energy: -28136716.0
Time taken:  13.636706113815308
Test Loss: 0.0000, Test Accuracy: 0.9967, Energy: -28136728.0
Time taken:  13.6146719455719
Test Loss: 0.0000, Test Accuracy: 0.9967, Energy: -28131544.0
Time taken:  13.721652030944824
Test Loss: 0.0000, Test Accuracy: 0.9967, Energy: -28131574.0
Time taken:  13.636768579483032
Test Loss: 0.0000, Test Accuracy: 0.9967, Energy: -28131820.0
Time taken:  13.649093866348267
Test Loss: 0.0000, Test Accuracy: 0.9967, Energy: -28124206.0
Time taken:  13.613796710968018
Test Loss: 0.0000, Test Accuracy: 0.9967, Energy: -28119786.0
Time taken:  13.744492292404175
Test Loss: 0.0000, Test Accuracy: 0.9967, Energy: -28116276.0
Time taken:  13.754400253295898
Test Loss: 0.0000, Test Accuracy: 0.9967, Energy: -28102980.0
Time taken:  13.74650764465332
Test Loss: 0.0000, Test Accuracy: 0.9967, Energy: -28096544.0
Time taken:  13.769575119018555
Test Loss: 0.0000, Test Accuracy: 0.9967, Energy: -28096344.0
Time taken:  13.855151891708374
Test Loss: 0.0000, Test Accuracy: 0.9967, Energy: -28080374.0
Time taken:  13.75969409942627
Test Loss: 0.0000, Test Accuracy: 0.9967, Energy: -28080294.0
Time taken:  13.749874114990234
Test Loss: 0.0000, Test Accuracy: 0.9967, Energy: -28072898.0
Time taken:  13.74748158454895
Test Loss: 0.0000, Test Accuracy: 0.9967, Energy: -28069806.0
Time taken:  13.834581136703491
Test Loss: 0.0000, Test Accuracy: 0.9967, Energy: -28070760.0
Time taken:  13.72293758392334
Test Loss: 0.0000, Test Accuracy: 0.9967, Energy: -28059210.0
Time taken:  13.677913427352905
Test Loss: 0.0000, Test Accuracy: 0.9967, Energy: -28051610.0
Time taken:  13.643771648406982
Test Loss: 0.0000, Test Accuracy: 0.9967, Energy: -28059672.0
Time taken:  13.708280086517334
Test Loss: 0.0000, Test Accuracy: 0.9967, Energy: -28050442.0
Time taken:  13.46687388420105
Test Loss: 0.0000, Test Accuracy: 0.9967, Energy: -28039532.0
Time taken:  13.439321041107178
Final accuracies: [1.0, 0.9933333333333333, 1.0, 1.0, 1.0, 1.0, 1.0, 1.0, 1.0, 1.0, 1.0, 1.0, 1.0, 1.0, 1.0, 1.0, 1.0, 1.0, 1.0, 1.0, 1.0, 1.0, 1.0, 1.0, 1.0, 1.0, 1.0, 1.0, 1.0, 1.0, 1.0, 1.0, 1.0, 1.0, 1.0, 1.0, 1.0, 1.0, 1.0, 1.0, 1.0, 1.0, 1.0, 1.0, 1.0, 1.0, 1.0, 1.0, 1.0, 0.97, 0.9466666666666667, 0.9966666666666667, 0.9966666666666667, 0.9966666666666667, 0.9966666666666667, 0.9966666666666667, 0.9966666666666667, 0.9966666666666667, 0.9933333333333333, 0.9933333333333333, 0.9933333333333333, 0.9966666666666667, 0.9966666666666667, 0.9966666666666667, 0.9966666666666667, 0.9966666666666667, 0.9966666666666667, 0.9933333333333333, 0.9966666666666667, 0.9966666666666667, 0.9966666666666667, 0.9966666666666667, 0.9966666666666667, 0.9966666666666667, 0.9966666666666667, 0.9966666666666667, 0.9966666666666667, 0.9966666666666667, 0.9966666666666667, 0.9966666666666667, 0.9966666666666667, 0.9966666666666667, 0.9966666666666667, 0.9966666666666667, 0.9966666666666667, 0.9966666666666667, 0.9966666666666667, 0.9966666666666667, 0.9966666666666667, 0.9966666666666667, 0.9966666666666667, 0.9966666666666667, 0.9966666666666667, 0.9966666666666667, 0.9966666666666667, 0.9966666666666667, 0.9966666666666667, 0.9966666666666667, 0.9966666666666667, 0.9966666666666667]
Final energies: [-3013221.0, -4443877.0, -4968364.5, -5007588.5, -5016638.0, -5031754.5, -5030166.5, -5290802.0, -5278086.5, -5016786.0, -5140761.5, -5365703.0, -6813287.5, -6921949.5, -6962137.0, -6985368.5, -7028605.0, -7060954.0, -7159083.5, -7304360.0, -7483500.5, -7764491.5, -7889001.0, -8352644.5, -12285731.0, -11056020.0, -12125293.0, -12062587.0, -11950171.0, -11906149.0, -11905737.0, -11894307.0, -11898874.0, -11889807.0, -11892562.0, -11893689.0, -11892753.0, -11894338.0, -11896866.0, -11902354.0, -11906024.0, -11900631.0, -11903738.0, -11909664.0, -11896972.0, -12019552.0, -11988835.0, -11988279.0, -13247808.0, -14147993.0, -24491658.0, -29101196.0, -28803384.0, -28835564.0, -28854080.0, -28879892.0, -28879688.0, -28972582.0, -28885578.0, -28722892.0, -28618888.0, -28550048.0, -28481538.0, -28469858.0, -28468628.0, -28468528.0, -28446258.0, -28424758.0, -28379440.0, -28333596.0, -28292908.0, -28254382.0, -28248484.0, -28225290.0, -28205634.0, -28205530.0, -28206578.0, -28196910.0, -28159558.0, -28136716.0, -28136728.0, -28131544.0, -28131574.0, -28131820.0, -28124206.0, -28119786.0, -28116276.0, -28102980.0, -28096544.0, -28096344.0, -28080374.0, -28080294.0, -28072898.0, -28069806.0, -28070760.0, -28059210.0, -28051610.0, -28059672.0, -28050442.0, -28039532.0]
