Running with parameters: hidden=30, use_coupled=true, seed=19, lam=0.0, eta=1.0, batch=100
Test Loss: 0.0000, Test Accuracy: 0.9200, Energy: -439.8252868652344
Time taken:  0.23685860633850098
Test Loss: 0.0000, Test Accuracy: 0.9933, Energy: -5767.11572265625
Time taken:  0.2433633804321289
Test Loss: 0.0000, Test Accuracy: 0.9967, Energy: -33195.3359375
Time taken:  0.24948716163635254
Test Loss: 0.0000, Test Accuracy: 0.9967, Energy: -104758.796875
Time taken:  0.22397613525390625
Test Loss: 0.0000, Test Accuracy: 0.9967, Energy: -196948.65625
Time taken:  0.25336623191833496
Test Loss: 0.0000, Test Accuracy: 0.9967, Energy: -281063.3125
Time taken:  0.22018218040466309
Test Loss: 0.0000, Test Accuracy: 0.9967, Energy: -352389.53125
Time taken:  0.2187793254852295
Test Loss: 0.0000, Test Accuracy: 0.9967, Energy: -414380.125
Time taken:  0.22828912734985352
Test Loss: 0.0000, Test Accuracy: 0.9967, Energy: -468534.625
Time taken:  0.23955464363098145
Test Loss: 0.0000, Test Accuracy: 0.9967, Energy: -515786.9375
Time taken:  0.22760295867919922
Test Loss: 0.0000, Test Accuracy: 0.9967, Energy: -558424.8125
Time taken:  0.25060176849365234
Test Loss: 0.0000, Test Accuracy: 0.9967, Energy: -597091.375
Time taken:  0.22617435455322266
Test Loss: 0.0000, Test Accuracy: 0.9967, Energy: -631747.625
Time taken:  0.22684884071350098
Test Loss: 0.0000, Test Accuracy: 0.9967, Energy: -662766.3125
Time taken:  0.23932862281799316
Test Loss: 0.0000, Test Accuracy: 0.9967, Energy: -691612.3125
Time taken:  0.237900972366333
Test Loss: 0.0000, Test Accuracy: 0.9967, Energy: -716860.5
Time taken:  0.24612164497375488
Test Loss: 0.0000, Test Accuracy: 0.9967, Energy: -739972.5
Time taken:  0.24347758293151855
Test Loss: 0.0000, Test Accuracy: 0.9967, Energy: -761562.0625
Time taken:  0.23875117301940918
Test Loss: 0.0000, Test Accuracy: 0.9967, Energy: -780212.875
Time taken:  0.2447681427001953
Test Loss: 0.0000, Test Accuracy: 0.9967, Energy: -797086.75
Time taken:  0.24937129020690918
Test Loss: 0.0000, Test Accuracy: 0.9967, Energy: -812915.375
Time taken:  0.25984716415405273
Test Loss: 0.0000, Test Accuracy: 0.9967, Energy: -827659.5
Time taken:  0.26693224906921387
Test Loss: 0.0000, Test Accuracy: 0.9967, Energy: -839631.5
Time taken:  0.26671266555786133
Test Loss: 0.0000, Test Accuracy: 0.9967, Energy: -851352.625
Time taken:  0.271970272064209
Test Loss: 0.0000, Test Accuracy: 0.9967, Energy: -861994.375
Time taken:  0.26793861389160156
Test Loss: 0.0000, Test Accuracy: 0.9967, Energy: -872258.0
Time taken:  0.2667121887207031
Test Loss: 0.0000, Test Accuracy: 0.9967, Energy: -881513.4375
Time taken:  0.27765798568725586
Test Loss: 0.0000, Test Accuracy: 0.9967, Energy: -889748.0
Time taken:  0.27301597595214844
Test Loss: 0.0000, Test Accuracy: 0.9967, Energy: -896728.5
Time taken:  0.2802102565765381
Test Loss: 0.0000, Test Accuracy: 0.9967, Energy: -903571.9375
Time taken:  0.2734987735748291
Test Loss: 0.0000, Test Accuracy: 0.9967, Energy: -909363.6875
Time taken:  0.27012085914611816
Test Loss: 0.0000, Test Accuracy: 0.9967, Energy: -914728.4375
Time taken:  0.277252197265625
Test Loss: 0.0000, Test Accuracy: 0.9967, Energy: -919683.75
Time taken:  0.2709956169128418
Test Loss: 0.0000, Test Accuracy: 0.9967, Energy: -923997.625
Time taken:  0.2785918712615967
Test Loss: 0.0000, Test Accuracy: 0.9967, Energy: -928023.5625
Time taken:  0.2711465358734131
Test Loss: 0.0000, Test Accuracy: 0.9967, Energy: -931841.125
Time taken:  0.2783949375152588
Test Loss: 0.0000, Test Accuracy: 0.9967, Energy: -935343.6875
Time taken:  0.2719550132751465
Test Loss: 0.0000, Test Accuracy: 0.9967, Energy: -938047.125
Time taken:  0.2717888355255127
Test Loss: 0.0000, Test Accuracy: 0.9967, Energy: -940842.875
Time taken:  0.2780113220214844
Test Loss: 0.0000, Test Accuracy: 0.9967, Energy: -943221.5625
Time taken:  0.2728843688964844
Test Loss: 0.0000, Test Accuracy: 0.9967, Energy: -944828.75
Time taken:  0.27864933013916016
Test Loss: 0.0000, Test Accuracy: 0.9967, Energy: -946480.5625
Time taken:  0.27390432357788086
Test Loss: 0.0000, Test Accuracy: 0.9967, Energy: -948377.375
Time taken:  0.2721700668334961
Test Loss: 0.0000, Test Accuracy: 0.9967, Energy: -949731.75
Time taken:  0.278963565826416
Test Loss: 0.0000, Test Accuracy: 0.9967, Energy: -951761.5
Time taken:  0.27152585983276367
Test Loss: 0.0000, Test Accuracy: 0.9967, Energy: -953297.5
Time taken:  0.2778432369232178
Test Loss: 0.0000, Test Accuracy: 0.9967, Energy: -954647.875
Time taken:  0.27350378036499023
Test Loss: 0.0000, Test Accuracy: 0.9967, Energy: -955732.25
Time taken:  0.272571325302124
Test Loss: 0.0000, Test Accuracy: 0.9967, Energy: -956655.6875
Time taken:  0.27702784538269043
Test Loss: 0.0000, Test Accuracy: 0.9967, Energy: -957429.0
Time taken:  0.27065134048461914
Test Loss: 0.0000, Test Accuracy: 0.9967, Energy: -958253.5
Time taken:  0.27542638778686523
Test Loss: 0.0000, Test Accuracy: 0.9967, Energy: -958967.375
Time taken:  0.2742178440093994
Test Loss: 0.0000, Test Accuracy: 0.9967, Energy: -959843.9375
Time taken:  0.2749812602996826
Test Loss: 0.0000, Test Accuracy: 0.9967, Energy: -960444.0
Time taken:  0.2715592384338379
Test Loss: 0.0000, Test Accuracy: 0.9967, Energy: -960752.375
Time taken:  0.27181100845336914
Test Loss: 0.0000, Test Accuracy: 0.9967, Energy: -961212.0
Time taken:  0.27666568756103516
Test Loss: 0.0000, Test Accuracy: 0.9967, Energy: -961722.5
Time taken:  0.27198076248168945
Test Loss: 0.0000, Test Accuracy: 0.9967, Energy: -962108.75
Time taken:  0.2775552272796631
Test Loss: 0.0000, Test Accuracy: 0.9967, Energy: -962410.125
Time taken:  0.27246904373168945
Test Loss: 0.0000, Test Accuracy: 0.9967, Energy: -962682.875
Time taken:  0.27219223976135254
Test Loss: 0.0000, Test Accuracy: 0.9967, Energy: -963059.9375
Time taken:  0.27817797660827637
Test Loss: 0.0000, Test Accuracy: 0.9967, Energy: -963534.8125
Time taken:  0.2709920406341553
Test Loss: 0.0000, Test Accuracy: 0.9967, Energy: -963803.9375
Time taken:  0.27816104888916016
Test Loss: 0.0000, Test Accuracy: 0.9967, Energy: -964004.9375
Time taken:  0.27070188522338867
Test Loss: 0.0000, Test Accuracy: 0.9967, Energy: -964228.625
Time taken:  0.2711033821105957
Test Loss: 0.0000, Test Accuracy: 0.9967, Energy: -964395.375
Time taken:  0.2791457176208496
Test Loss: 0.0000, Test Accuracy: 0.9967, Energy: -964540.75
Time taken:  0.27402472496032715
Test Loss: 0.0000, Test Accuracy: 0.9967, Energy: -964685.375
Time taken:  0.27738094329833984
Test Loss: 0.0000, Test Accuracy: 0.9967, Energy: -964831.9375
Time taken:  0.272747278213501
Test Loss: 0.0000, Test Accuracy: 0.9967, Energy: -964896.5625
Time taken:  0.2703578472137451
Test Loss: 0.0000, Test Accuracy: 0.9967, Energy: -965009.875
Time taken:  0.28188157081604004
Test Loss: 0.0000, Test Accuracy: 0.9967, Energy: -965118.875
Time taken:  0.2712264060974121
Test Loss: 0.0000, Test Accuracy: 0.9967, Energy: -965236.375
Time taken:  0.2772524356842041
Test Loss: 0.0000, Test Accuracy: 0.9967, Energy: -965330.4375
Time taken:  0.2744271755218506
Test Loss: 0.0000, Test Accuracy: 0.9967, Energy: -965402.625
Time taken:  0.2781562805175781
Test Loss: 0.0000, Test Accuracy: 0.9967, Energy: -965479.0
Time taken:  0.2723267078399658
Test Loss: 0.0000, Test Accuracy: 0.9967, Energy: -965552.125
Time taken:  0.2732231616973877
Test Loss: 0.0000, Test Accuracy: 0.9967, Energy: -965611.25
Time taken:  0.28093433380126953
Test Loss: 0.0000, Test Accuracy: 0.9967, Energy: -965664.125
Time taken:  0.274691104888916
Test Loss: 0.0000, Test Accuracy: 0.9967, Energy: -965789.5
Time taken:  0.27928876876831055
Test Loss: 0.0000, Test Accuracy: 0.9967, Energy: -965674.0
Time taken:  0.276106595993042
Test Loss: 0.0000, Test Accuracy: 0.9967, Energy: -965707.75
Time taken:  0.2732512950897217
Test Loss: 0.0000, Test Accuracy: 0.9967, Energy: -966008.5
Time taken:  0.2829294204711914
Test Loss: 0.0000, Test Accuracy: 0.9967, Energy: -966040.6875
Time taken:  0.2737879753112793
Test Loss: 0.0000, Test Accuracy: 0.9967, Energy: -966066.75
Time taken:  0.28080034255981445
Test Loss: 0.0000, Test Accuracy: 0.9967, Energy: -966093.0
Time taken:  0.27404165267944336
Test Loss: 0.0000, Test Accuracy: 0.9967, Energy: -966116.75
Time taken:  0.2801671028137207
Test Loss: 0.0000, Test Accuracy: 0.9967, Energy: -966174.875
Time taken:  0.27186107635498047
Test Loss: 0.0000, Test Accuracy: 0.9967, Energy: -966180.25
Time taken:  0.2732686996459961
Test Loss: 0.0000, Test Accuracy: 0.9967, Energy: -966197.75
Time taken:  0.27983999252319336
Test Loss: 0.0000, Test Accuracy: 0.9967, Energy: -965529.0625
Time taken:  0.27582573890686035
Test Loss: 0.0000, Test Accuracy: 0.9967, Energy: -965537.75
Time taken:  0.27672791481018066
Test Loss: 0.0000, Test Accuracy: 0.9967, Energy: -965550.625
Time taken:  0.2750270366668701
Test Loss: 0.0000, Test Accuracy: 0.9967, Energy: -965562.1875
Time taken:  0.27356529235839844
Test Loss: 0.0000, Test Accuracy: 0.9967, Energy: -965586.8125
Time taken:  0.27863168716430664
Test Loss: 0.0000, Test Accuracy: 0.9967, Energy: -965587.25
Time taken:  0.2725694179534912
Test Loss: 0.0000, Test Accuracy: 0.9967, Energy: -965595.625
Time taken:  0.28046250343322754
Test Loss: 0.0000, Test Accuracy: 0.9967, Energy: -965603.25
Time taken:  0.2749783992767334
Test Loss: 0.0000, Test Accuracy: 0.9967, Energy: -965620.0
Time taken:  0.27504515647888184
Test Loss: 0.0000, Test Accuracy: 0.9967, Energy: -965626.0
Time taken:  0.27366089820861816
Final accuracies: [0.92, 0.9933333333333333, 0.9966666666666667, 0.9966666666666667, 0.9966666666666667, 0.9966666666666667, 0.9966666666666667, 0.9966666666666667, 0.9966666666666667, 0.9966666666666667, 0.9966666666666667, 0.9966666666666667, 0.9966666666666667, 0.9966666666666667, 0.9966666666666667, 0.9966666666666667, 0.9966666666666667, 0.9966666666666667, 0.9966666666666667, 0.9966666666666667, 0.9966666666666667, 0.9966666666666667, 0.9966666666666667, 0.9966666666666667, 0.9966666666666667, 0.9966666666666667, 0.9966666666666667, 0.9966666666666667, 0.9966666666666667, 0.9966666666666667, 0.9966666666666667, 0.9966666666666667, 0.9966666666666667, 0.9966666666666667, 0.9966666666666667, 0.9966666666666667, 0.9966666666666667, 0.9966666666666667, 0.9966666666666667, 0.9966666666666667, 0.9966666666666667, 0.9966666666666667, 0.9966666666666667, 0.9966666666666667, 0.9966666666666667, 0.9966666666666667, 0.9966666666666667, 0.9966666666666667, 0.9966666666666667, 0.9966666666666667, 0.9966666666666667, 0.9966666666666667, 0.9966666666666667, 0.9966666666666667, 0.9966666666666667, 0.9966666666666667, 0.9966666666666667, 0.9966666666666667, 0.9966666666666667, 0.9966666666666667, 0.9966666666666667, 0.9966666666666667, 0.9966666666666667, 0.9966666666666667, 0.9966666666666667, 0.9966666666666667, 0.9966666666666667, 0.9966666666666667, 0.9966666666666667, 0.9966666666666667, 0.9966666666666667, 0.9966666666666667, 0.9966666666666667, 0.9966666666666667, 0.9966666666666667, 0.9966666666666667, 0.9966666666666667, 0.9966666666666667, 0.9966666666666667, 0.9966666666666667, 0.9966666666666667, 0.9966666666666667, 0.9966666666666667, 0.9966666666666667, 0.9966666666666667, 0.9966666666666667, 0.9966666666666667, 0.9966666666666667, 0.9966666666666667, 0.9966666666666667, 0.9966666666666667, 0.9966666666666667, 0.9966666666666667, 0.9966666666666667, 0.9966666666666667, 0.9966666666666667, 0.9966666666666667, 0.9966666666666667, 0.9966666666666667, 0.9966666666666667]
Final energies: [-439.8252868652344, -5767.11572265625, -33195.3359375, -104758.796875, -196948.65625, -281063.3125, -352389.53125, -414380.125, -468534.625, -515786.9375, -558424.8125, -597091.375, -631747.625, -662766.3125, -691612.3125, -716860.5, -739972.5, -761562.0625, -780212.875, -797086.75, -812915.375, -827659.5, -839631.5, -851352.625, -861994.375, -872258.0, -881513.4375, -889748.0, -896728.5, -903571.9375, -909363.6875, -914728.4375, -919683.75, -923997.625, -928023.5625, -931841.125, -935343.6875, -938047.125, -940842.875, -943221.5625, -944828.75, -946480.5625, -948377.375, -949731.75, -951761.5, -953297.5, -954647.875, -955732.25, -956655.6875, -957429.0, -958253.5, -958967.375, -959843.9375, -960444.0, -960752.375, -961212.0, -961722.5, -962108.75, -962410.125, -962682.875, -963059.9375, -963534.8125, -963803.9375, -964004.9375, -964228.625, -964395.375, -964540.75, -964685.375, -964831.9375, -964896.5625, -965009.875, -965118.875, -965236.375, -965330.4375, -965402.625, -965479.0, -965552.125, -965611.25, -965664.125, -965789.5, -965674.0, -965707.75, -966008.5, -966040.6875, -966066.75, -966093.0, -966116.75, -966174.875, -966180.25, -966197.75, -965529.0625, -965537.75, -965550.625, -965562.1875, -965586.8125, -965587.25, -965595.625, -965603.25, -965620.0, -965626.0]
