Running with parameters: hidden=30, use_coupled=true, seed=17, lam=0.0, eta=1.0, batch=100
Test Loss: 0.0000, Test Accuracy: 0.8267, Energy: -127.79082489013672
Time taken:  0.2660329341888428
Test Loss: 0.0000, Test Accuracy: 0.9967, Energy: -1488.392822265625
Time taken:  0.25268983840942383
Test Loss: 0.0000, Test Accuracy: 0.9967, Energy: -11303.4853515625
Time taken:  0.22814202308654785
Test Loss: 0.0000, Test Accuracy: 1.0000, Energy: -41778.765625
Time taken:  0.2278125286102295
Test Loss: 0.0000, Test Accuracy: 0.9967, Energy: -94214.8515625
Time taken:  0.25014400482177734
Test Loss: 0.0000, Test Accuracy: 0.9967, Energy: -158549.359375
Time taken:  0.22536945343017578
Test Loss: 0.0000, Test Accuracy: 0.9933, Energy: -225878.1875
Time taken:  0.2257237434387207
Test Loss: 0.0000, Test Accuracy: 0.9933, Energy: -286545.0
Time taken:  0.23044562339782715
Test Loss: 0.0000, Test Accuracy: 0.9967, Energy: -339707.53125
Time taken:  0.22114300727844238
Test Loss: 0.0000, Test Accuracy: 0.9933, Energy: -387497.25
Time taken:  0.2243649959564209
Test Loss: 0.0000, Test Accuracy: 0.9967, Energy: -430522.6875
Time taken:  0.24684405326843262
Test Loss: 0.0000, Test Accuracy: 0.9967, Energy: -467994.25
Time taken:  0.2257399559020996
Test Loss: 0.0000, Test Accuracy: 0.9967, Energy: -502262.1875
Time taken:  0.2274608612060547
Test Loss: 0.0000, Test Accuracy: 0.9967, Energy: -532324.6875
Time taken:  0.24605417251586914
Test Loss: 0.0000, Test Accuracy: 0.9967, Energy: -560009.875
Time taken:  0.2452530860900879
Test Loss: 0.0000, Test Accuracy: 0.9967, Energy: -583621.5
Time taken:  0.2477555274963379
Test Loss: 0.0000, Test Accuracy: 0.9967, Energy: -605879.0
Time taken:  0.2639029026031494
Test Loss: 0.0000, Test Accuracy: 0.9967, Energy: -625377.5
Time taken:  0.24685359001159668
Test Loss: 0.0000, Test Accuracy: 0.9967, Energy: -644050.875
Time taken:  0.27059340476989746
Test Loss: 0.0000, Test Accuracy: 0.9967, Energy: -661561.375
Time taken:  0.25857114791870117
Test Loss: 0.0000, Test Accuracy: 0.9967, Energy: -676626.5
Time taken:  0.27467870712280273
Test Loss: 0.0000, Test Accuracy: 0.9967, Energy: -691000.3125
Time taken:  0.2654757499694824
Test Loss: 0.0000, Test Accuracy: 0.9967, Energy: -703654.5
Time taken:  0.2662527561187744
Test Loss: 0.0000, Test Accuracy: 0.9967, Energy: -714891.9375
Time taken:  0.27536797523498535
Test Loss: 0.0000, Test Accuracy: 0.9967, Energy: -726039.125
Time taken:  0.2705352306365967
Test Loss: 0.0000, Test Accuracy: 0.9967, Energy: -736253.875
Time taken:  0.27578139305114746
Test Loss: 0.0000, Test Accuracy: 0.9967, Energy: -744766.5
Time taken:  0.27530717849731445
Test Loss: 0.0000, Test Accuracy: 0.9967, Energy: -752480.5
Time taken:  0.27461934089660645
Test Loss: 0.0000, Test Accuracy: 0.9967, Energy: -760332.1875
Time taken:  0.28118228912353516
Test Loss: 0.0000, Test Accuracy: 0.9967, Energy: -767145.5625
Time taken:  0.27774477005004883
Test Loss: 0.0000, Test Accuracy: 0.9967, Energy: -772566.0
Time taken:  0.28331518173217773
Test Loss: 0.0000, Test Accuracy: 0.9967, Energy: -778075.4375
Time taken:  0.27644824981689453
Test Loss: 0.0000, Test Accuracy: 0.9967, Energy: -783319.0
Time taken:  0.28174877166748047
Test Loss: 0.0000, Test Accuracy: 0.9967, Energy: -787959.3125
Time taken:  0.27416038513183594
Test Loss: 0.0000, Test Accuracy: 0.9967, Energy: -791822.1875
Time taken:  0.27156925201416016
Test Loss: 0.0000, Test Accuracy: 0.9967, Energy: -795488.0
Time taken:  0.2854938507080078
Test Loss: 0.0000, Test Accuracy: 0.9967, Energy: -798935.875
Time taken:  0.2872450351715088
Test Loss: 0.0000, Test Accuracy: 0.9967, Energy: -801876.75
Time taken:  0.2834014892578125
Test Loss: 0.0000, Test Accuracy: 0.9967, Energy: -804810.625
Time taken:  0.2875337600708008
Test Loss: 0.0000, Test Accuracy: 0.9967, Energy: -807487.125
Time taken:  0.2749814987182617
Test Loss: 0.0000, Test Accuracy: 0.9967, Energy: -809714.625
Time taken:  0.2805323600769043
Test Loss: 0.0000, Test Accuracy: 0.9967, Energy: -811774.25
Time taken:  0.27829766273498535
Test Loss: 0.0000, Test Accuracy: 0.9967, Energy: -813661.375
Time taken:  0.28077197074890137
Test Loss: 0.0000, Test Accuracy: 0.9967, Energy: -815342.375
Time taken:  0.2771594524383545
Test Loss: 0.0000, Test Accuracy: 0.9967, Energy: -816985.25
Time taken:  0.279937744140625
Test Loss: 0.0000, Test Accuracy: 0.9967, Energy: -818614.0
Time taken:  0.2743031978607178
Test Loss: 0.0000, Test Accuracy: 0.9967, Energy: -820048.3125
Time taken:  0.2738513946533203
Test Loss: 0.0000, Test Accuracy: 0.9967, Energy: -821219.75
Time taken:  0.2787468433380127
Test Loss: 0.0000, Test Accuracy: 0.9967, Energy: -822359.125
Time taken:  0.27388882637023926
Test Loss: 0.0000, Test Accuracy: 0.9967, Energy: -823323.5
Time taken:  0.27727603912353516
Test Loss: 0.0000, Test Accuracy: 0.9967, Energy: -824023.0625
Time taken:  0.2756202220916748
Test Loss: 0.0000, Test Accuracy: 0.9967, Energy: -824782.125
Time taken:  0.2776072025299072
Test Loss: 0.0000, Test Accuracy: 0.9967, Energy: -825543.625
Time taken:  0.31941843032836914
Test Loss: 0.0000, Test Accuracy: 0.9967, Energy: -826199.3125
Time taken:  0.27996015548706055
Test Loss: 0.0000, Test Accuracy: 0.9967, Energy: -826814.6875
Time taken:  0.29837775230407715
Test Loss: 0.0000, Test Accuracy: 0.9967, Energy: -827342.5
Time taken:  0.28069376945495605
Test Loss: 0.0000, Test Accuracy: 0.9967, Energy: -827824.25
Time taken:  0.2824547290802002
Test Loss: 0.0000, Test Accuracy: 0.9967, Energy: -828233.875
Time taken:  0.277752161026001
Test Loss: 0.0000, Test Accuracy: 0.9967, Energy: -828635.625
Time taken:  0.2981884479522705
Test Loss: 0.0000, Test Accuracy: 0.9967, Energy: -828981.625
Time taken:  0.28513312339782715
Test Loss: 0.0000, Test Accuracy: 0.9967, Energy: -829363.875
Time taken:  0.27934813499450684
Test Loss: 0.0000, Test Accuracy: 0.9967, Energy: -829656.4375
Time taken:  0.2814595699310303
Test Loss: 0.0000, Test Accuracy: 0.9967, Energy: -829931.6875
Time taken:  0.2888662815093994
Test Loss: 0.0000, Test Accuracy: 0.9967, Energy: -830231.375
Time taken:  0.2820863723754883
Test Loss: 0.0000, Test Accuracy: 0.9967, Energy: -830468.0
Time taken:  0.2791018486022949
Test Loss: 0.0000, Test Accuracy: 0.9967, Energy: -830668.5625
Time taken:  0.2774991989135742
Test Loss: 0.0000, Test Accuracy: 0.9967, Energy: -830889.0
Time taken:  0.2830657958984375
Test Loss: 0.0000, Test Accuracy: 0.9967, Energy: -831055.375
Time taken:  0.2760741710662842
Test Loss: 0.0000, Test Accuracy: 0.9967, Energy: -831205.375
Time taken:  0.2827458381652832
Test Loss: 0.0000, Test Accuracy: 0.9967, Energy: -831331.25
Time taken:  0.2775585651397705
Test Loss: 0.0000, Test Accuracy: 0.9967, Energy: -831435.875
Time taken:  0.2825915813446045
Test Loss: 0.0000, Test Accuracy: 0.9967, Energy: -831555.0
Time taken:  0.27736687660217285
Test Loss: 0.0000, Test Accuracy: 0.9967, Energy: -831635.75
Time taken:  0.2778921127319336
Test Loss: 0.0000, Test Accuracy: 0.9967, Energy: -831678.5625
Time taken:  0.28467392921447754
Test Loss: 0.0000, Test Accuracy: 0.9967, Energy: -831800.75
Time taken:  0.274860143661499
Test Loss: 0.0000, Test Accuracy: 0.9967, Energy: -831865.125
Time taken:  0.2842447757720947
Test Loss: 0.0000, Test Accuracy: 0.9967, Energy: -831894.0
Time taken:  0.27567172050476074
Test Loss: 0.0000, Test Accuracy: 0.9967, Energy: -831946.75
Time taken:  0.27829504013061523
Test Loss: 0.0000, Test Accuracy: 0.9967, Energy: -832013.25
Time taken:  0.2865571975708008
Test Loss: 0.0000, Test Accuracy: 0.9967, Energy: -832049.5
Time taken:  0.27614712715148926
Test Loss: 0.0000, Test Accuracy: 0.9967, Energy: -832101.5625
Time taken:  0.284898042678833
Test Loss: 0.0000, Test Accuracy: 0.9967, Energy: -832154.875
Time taken:  0.27457213401794434
Test Loss: 0.0000, Test Accuracy: 0.9967, Energy: -832186.9375
Time taken:  0.2808566093444824
Test Loss: 0.0000, Test Accuracy: 0.9967, Energy: -832229.0
Time taken:  0.2764272689819336
Test Loss: 0.0000, Test Accuracy: 0.9967, Energy: -832255.25
Time taken:  0.27146053314208984
Test Loss: 0.0000, Test Accuracy: 0.9967, Energy: -832279.125
Time taken:  0.2870793342590332
Test Loss: 0.0000, Test Accuracy: 0.9967, Energy: -832300.625
Time taken:  0.27312541007995605
Test Loss: 0.0000, Test Accuracy: 0.9967, Energy: -832320.125
Time taken:  0.28171300888061523
Test Loss: 0.0000, Test Accuracy: 0.9967, Energy: -832337.75
Time taken:  0.2786681652069092
Test Loss: 0.0000, Test Accuracy: 0.9967, Energy: -832353.625
Time taken:  0.2760763168334961
Test Loss: 0.0000, Test Accuracy: 0.9967, Energy: -832330.8125
Time taken:  0.28296613693237305
Test Loss: 0.0000, Test Accuracy: 0.9967, Energy: -832353.6875
Time taken:  0.27523231506347656
Test Loss: 0.0000, Test Accuracy: 0.9967, Energy: -832365.5
Time taken:  0.28271007537841797
Test Loss: 0.0000, Test Accuracy: 0.9967, Energy: -832347.25
Time taken:  0.2823960781097412
Test Loss: 0.0000, Test Accuracy: 0.9967, Energy: -832356.75
Time taken:  0.28150391578674316
Test Loss: 0.0000, Test Accuracy: 0.9967, Energy: -832365.3125
Time taken:  0.2764136791229248
Test Loss: 0.0000, Test Accuracy: 0.9967, Energy: -832365.3125
Time taken:  0.2774474620819092
Test Loss: 0.0000, Test Accuracy: 0.9967, Energy: -832372.25
Time taken:  0.28100061416625977
Test Loss: 0.0000, Test Accuracy: 0.9967, Energy: -832378.625
Time taken:  0.26426005363464355
Test Loss: 0.0000, Test Accuracy: 0.9967, Energy: -832391.5
Time taken:  0.2703514099121094
Final accuracies: [0.8266666666666667, 0.9966666666666667, 0.9966666666666667, 1.0, 0.9966666666666667, 0.9966666666666667, 0.9933333333333333, 0.9933333333333333, 0.9966666666666667, 0.9933333333333333, 0.9966666666666667, 0.9966666666666667, 0.9966666666666667, 0.9966666666666667, 0.9966666666666667, 0.9966666666666667, 0.9966666666666667, 0.9966666666666667, 0.9966666666666667, 0.9966666666666667, 0.9966666666666667, 0.9966666666666667, 0.9966666666666667, 0.9966666666666667, 0.9966666666666667, 0.9966666666666667, 0.9966666666666667, 0.9966666666666667, 0.9966666666666667, 0.9966666666666667, 0.9966666666666667, 0.9966666666666667, 0.9966666666666667, 0.9966666666666667, 0.9966666666666667, 0.9966666666666667, 0.9966666666666667, 0.9966666666666667, 0.9966666666666667, 0.9966666666666667, 0.9966666666666667, 0.9966666666666667, 0.9966666666666667, 0.9966666666666667, 0.9966666666666667, 0.9966666666666667, 0.9966666666666667, 0.9966666666666667, 0.9966666666666667, 0.9966666666666667, 0.9966666666666667, 0.9966666666666667, 0.9966666666666667, 0.9966666666666667, 0.9966666666666667, 0.9966666666666667, 0.9966666666666667, 0.9966666666666667, 0.9966666666666667, 0.9966666666666667, 0.9966666666666667, 0.9966666666666667, 0.9966666666666667, 0.9966666666666667, 0.9966666666666667, 0.9966666666666667, 0.9966666666666667, 0.9966666666666667, 0.9966666666666667, 0.9966666666666667, 0.9966666666666667, 0.9966666666666667, 0.9966666666666667, 0.9966666666666667, 0.9966666666666667, 0.9966666666666667, 0.9966666666666667, 0.9966666666666667, 0.9966666666666667, 0.9966666666666667, 0.9966666666666667, 0.9966666666666667, 0.9966666666666667, 0.9966666666666667, 0.9966666666666667, 0.9966666666666667, 0.9966666666666667, 0.9966666666666667, 0.9966666666666667, 0.9966666666666667, 0.9966666666666667, 0.9966666666666667, 0.9966666666666667, 0.9966666666666667, 0.9966666666666667, 0.9966666666666667, 0.9966666666666667, 0.9966666666666667, 0.9966666666666667, 0.9966666666666667]
Final energies: [-127.79082489013672, -1488.392822265625, -11303.4853515625, -41778.765625, -94214.8515625, -158549.359375, -225878.1875, -286545.0, -339707.53125, -387497.25, -430522.6875, -467994.25, -502262.1875, -532324.6875, -560009.875, -583621.5, -605879.0, -625377.5, -644050.875, -661561.375, -676626.5, -691000.3125, -703654.5, -714891.9375, -726039.125, -736253.875, -744766.5, -752480.5, -760332.1875, -767145.5625, -772566.0, -778075.4375, -783319.0, -787959.3125, -791822.1875, -795488.0, -798935.875, -801876.75, -804810.625, -807487.125, -809714.625, -811774.25, -813661.375, -815342.375, -816985.25, -818614.0, -820048.3125, -821219.75, -822359.125, -823323.5, -824023.0625, -824782.125, -825543.625, -826199.3125, -826814.6875, -827342.5, -827824.25, -828233.875, -828635.625, -828981.625, -829363.875, -829656.4375, -829931.6875, -830231.375, -830468.0, -830668.5625, -830889.0, -831055.375, -831205.375, -831331.25, -831435.875, -831555.0, -831635.75, -831678.5625, -831800.75, -831865.125, -831894.0, -831946.75, -832013.25, -832049.5, -832101.5625, -832154.875, -832186.9375, -832229.0, -832255.25, -832279.125, -832300.625, -832320.125, -832337.75, -832353.625, -832330.8125, -832353.6875, -832365.5, -832347.25, -832356.75, -832365.3125, -832365.3125, -832372.25, -832378.625, -832391.5]
