Running with parameters: hidden=30, use_coupled=true, seed=24, lam=0.0, eta=1.0, batch=100
Test Loss: 0.0000, Test Accuracy: 0.9767, Energy: -61.18852233886719
Time taken:  0.31903910636901855
Test Loss: 0.0000, Test Accuracy: 0.9867, Energy: -1997.94482421875
Time taken:  0.30471324920654297
Test Loss: 0.0000, Test Accuracy: 0.9967, Energy: -15722.537109375
Time taken:  0.2660036087036133
Test Loss: 0.0000, Test Accuracy: 0.9967, Energy: -64364.13671875
Time taken:  0.2853400707244873
Test Loss: 0.0000, Test Accuracy: 0.9967, Energy: -160341.6875
Time taken:  0.298051118850708
Test Loss: 0.0000, Test Accuracy: 0.9967, Energy: -256653.796875
Time taken:  0.2784421443939209
Test Loss: 0.0000, Test Accuracy: 0.9967, Energy: -339517.0625
Time taken:  0.29832005500793457
Test Loss: 0.0000, Test Accuracy: 0.9967, Energy: -412329.34375
Time taken:  0.27596354484558105
Test Loss: 0.0000, Test Accuracy: 0.9967, Energy: -476894.375
Time taken:  0.27385854721069336
Test Loss: 0.0000, Test Accuracy: 1.0000, Energy: -534131.5
Time taken:  0.27823877334594727
Test Loss: 0.0000, Test Accuracy: 1.0000, Energy: -585807.3125
Time taken:  0.2734661102294922
Test Loss: 0.0000, Test Accuracy: 1.0000, Energy: -633119.0625
Time taken:  0.2702043056488037
Test Loss: 0.0000, Test Accuracy: 1.0000, Energy: -674770.8125
Time taken:  0.27834415435791016
Test Loss: 0.0000, Test Accuracy: 0.9967, Energy: -712655.125
Time taken:  0.27089405059814453
Test Loss: 0.0000, Test Accuracy: 1.0000, Energy: -745081.0
Time taken:  0.2756667137145996
Test Loss: 0.0000, Test Accuracy: 0.9967, Energy: -774583.625
Time taken:  0.2705717086791992
Test Loss: 0.0000, Test Accuracy: 1.0000, Energy: -800983.5
Time taken:  0.27176761627197266
Test Loss: 0.0000, Test Accuracy: 0.9967, Energy: -825808.125
Time taken:  0.27594900131225586
Test Loss: 0.0000, Test Accuracy: 0.9967, Energy: -848796.25
Time taken:  0.27066946029663086
Test Loss: 0.0000, Test Accuracy: 0.9967, Energy: -868617.75
Time taken:  0.27680063247680664
Test Loss: 0.0000, Test Accuracy: 0.9967, Energy: -887314.5
Time taken:  0.2708706855773926
Test Loss: 0.0000, Test Accuracy: 0.9933, Energy: -903933.0
Time taken:  0.2710692882537842
Test Loss: 0.0000, Test Accuracy: 0.9933, Energy: -918429.875
Time taken:  0.2783036231994629
Test Loss: 0.0000, Test Accuracy: 0.9933, Energy: -931893.5
Time taken:  0.2719588279724121
Test Loss: 0.0000, Test Accuracy: 0.9933, Energy: -944367.0
Time taken:  0.2774636745452881
Test Loss: 0.0000, Test Accuracy: 0.9967, Energy: -955789.75
Time taken:  0.2709197998046875
Test Loss: 0.0000, Test Accuracy: 0.9967, Energy: -966314.0
Time taken:  0.27202415466308594
Test Loss: 0.0000, Test Accuracy: 0.9967, Energy: -975844.25
Time taken:  0.2799849510192871
Test Loss: 0.0000, Test Accuracy: 0.9967, Energy: -984212.25
Time taken:  0.26720142364501953
Test Loss: 0.0000, Test Accuracy: 0.9933, Energy: -991860.5625
Time taken:  0.2775149345397949
Test Loss: 0.0000, Test Accuracy: 0.9933, Energy: -998690.9375
Time taken:  0.2740812301635742
Test Loss: 0.0000, Test Accuracy: 0.9933, Energy: -1005307.75
Time taken:  0.2771575450897217
Test Loss: 0.0000, Test Accuracy: 0.9933, Energy: -1011574.375
Time taken:  0.2710084915161133
Test Loss: 0.0000, Test Accuracy: 0.9933, Energy: -1016707.125
Time taken:  0.2864682674407959
Test Loss: 0.0000, Test Accuracy: 0.9933, Energy: -1021477.0
Time taken:  0.27850794792175293
Test Loss: 0.0000, Test Accuracy: 0.9933, Energy: -1025516.1875
Time taken:  0.2728104591369629
Test Loss: 0.0000, Test Accuracy: 0.9933, Energy: -1029482.125
Time taken:  0.2778816223144531
Test Loss: 0.0000, Test Accuracy: 0.9933, Energy: -1033069.5
Time taken:  0.2698688507080078
Test Loss: 0.0000, Test Accuracy: 0.9933, Energy: -1036738.125
Time taken:  0.2789030075073242
Test Loss: 0.0000, Test Accuracy: 0.9933, Energy: -1039717.375
Time taken:  0.27260637283325195
Test Loss: 0.0000, Test Accuracy: 0.9967, Energy: -1043110.875
Time taken:  0.2731635570526123
Test Loss: 0.0000, Test Accuracy: 0.9933, Energy: -1044884.375
Time taken:  0.2790796756744385
Test Loss: 0.0000, Test Accuracy: 0.9933, Energy: -1046972.0
Time taken:  0.27159905433654785
Test Loss: 0.0000, Test Accuracy: 0.9933, Energy: -1049027.875
Time taken:  0.2783660888671875
Test Loss: 0.0000, Test Accuracy: 0.9933, Energy: -1050872.0
Time taken:  0.27474188804626465
Test Loss: 0.0000, Test Accuracy: 0.9967, Energy: -1046570.4375
Time taken:  0.2726566791534424
Test Loss: 0.0000, Test Accuracy: 0.9967, Energy: -1042652.875
Time taken:  0.27891039848327637
Test Loss: 0.0000, Test Accuracy: 0.9967, Energy: -1039461.875
Time taken:  0.2695145606994629
Test Loss: 0.0000, Test Accuracy: 0.9967, Energy: -1036463.125
Time taken:  0.2771565914154053
Test Loss: 0.0000, Test Accuracy: 0.9967, Energy: -1033677.6875
Time taken:  0.2750511169433594
Test Loss: 0.0000, Test Accuracy: 0.9967, Energy: -1031391.4375
Time taken:  0.27274012565612793
Test Loss: 0.0000, Test Accuracy: 0.9933, Energy: -1028342.375
Time taken:  0.2804536819458008
Test Loss: 0.0000, Test Accuracy: 0.9933, Energy: -1026222.75
Time taken:  0.2721679210662842
Test Loss: 0.0000, Test Accuracy: 0.9900, Energy: -1023576.3125
Time taken:  0.27823901176452637
Test Loss: 0.0000, Test Accuracy: 0.9900, Energy: -1021860.375
Time taken:  0.27182960510253906
Test Loss: 0.0000, Test Accuracy: 0.9900, Energy: -1020212.25
Time taken:  0.2797260284423828
Test Loss: 0.0000, Test Accuracy: 0.9867, Energy: -1017989.3125
Time taken:  0.27342891693115234
Test Loss: 0.0000, Test Accuracy: 0.9867, Energy: -1016604.875
Time taken:  0.2729361057281494
Test Loss: 0.0000, Test Accuracy: 0.9867, Energy: -1015239.75
Time taken:  0.27798914909362793
Test Loss: 0.0000, Test Accuracy: 0.9867, Energy: -1014178.625
Time taken:  0.27239346504211426
Test Loss: 0.0000, Test Accuracy: 0.9867, Energy: -1013346.5
Time taken:  0.2775235176086426
Test Loss: 0.0000, Test Accuracy: 0.9867, Energy: -1012433.5
Time taken:  0.27513551712036133
Test Loss: 0.0000, Test Accuracy: 0.9833, Energy: -1011890.875
Time taken:  0.27457618713378906
Test Loss: 0.0000, Test Accuracy: 0.9833, Energy: -1011240.0
Time taken:  0.2806854248046875
Test Loss: 0.0000, Test Accuracy: 0.9833, Energy: -1010544.4375
Time taken:  0.27330994606018066
Test Loss: 0.0000, Test Accuracy: 0.9833, Energy: -1009998.125
Time taken:  0.27962231636047363
Test Loss: 0.0000, Test Accuracy: 0.9833, Energy: -1009470.6875
Time taken:  0.2725193500518799
Test Loss: 0.0000, Test Accuracy: 0.9833, Energy: -1008951.5
Time taken:  0.27312254905700684
Test Loss: 0.0000, Test Accuracy: 0.9833, Energy: -1008486.5
Time taken:  0.2792799472808838
Test Loss: 0.0000, Test Accuracy: 0.9833, Energy: -1008116.625
Time taken:  0.2756342887878418
Test Loss: 0.0000, Test Accuracy: 0.9833, Energy: -1007584.5
Time taken:  0.2796823978424072
Test Loss: 0.0000, Test Accuracy: 0.9833, Energy: -1007063.5
Time taken:  0.27384138107299805
Test Loss: 0.0000, Test Accuracy: 0.9833, Energy: -1006706.875
Time taken:  0.277040958404541
Test Loss: 0.0000, Test Accuracy: 0.9833, Energy: -1006433.625
Time taken:  0.2686288356781006
Test Loss: 0.0000, Test Accuracy: 0.9833, Energy: -1006135.25
Time taken:  0.27353358268737793
Test Loss: 0.0000, Test Accuracy: 0.9833, Energy: -1005452.75
Time taken:  0.2788233757019043
Test Loss: 0.0000, Test Accuracy: 0.9833, Energy: -1005375.625
Time taken:  0.2700047492980957
Test Loss: 0.0000, Test Accuracy: 0.9833, Energy: -1005179.625
Time taken:  0.2782633304595947
Test Loss: 0.0000, Test Accuracy: 0.9833, Energy: -1004618.5625
Time taken:  0.2685210704803467
Test Loss: 0.0000, Test Accuracy: 0.9833, Energy: -1004406.0625
Time taken:  0.258319616317749
Test Loss: 0.0000, Test Accuracy: 0.9833, Energy: -1004397.5
Time taken:  0.2640411853790283
Test Loss: 0.0000, Test Accuracy: 0.9833, Energy: -1004276.6875
Time taken:  0.2545473575592041
Test Loss: 0.0000, Test Accuracy: 0.9833, Energy: -1004096.875
Time taken:  0.27690672874450684
Test Loss: 0.0000, Test Accuracy: 0.9833, Energy: -1003988.25
Time taken:  0.25020813941955566
Test Loss: 0.0000, Test Accuracy: 0.9833, Energy: -1003901.125
Time taken:  0.2604405879974365
Test Loss: 0.0000, Test Accuracy: 0.9833, Energy: -1003852.375
Time taken:  0.24967098236083984
Test Loss: 0.0000, Test Accuracy: 0.9833, Energy: -1003745.25
Time taken:  0.24864983558654785
Test Loss: 0.0000, Test Accuracy: 0.9833, Energy: -1003672.9375
Time taken:  0.27051877975463867
Test Loss: 0.0000, Test Accuracy: 0.9833, Energy: -1003489.25
Time taken:  0.24706363677978516
Test Loss: 0.0000, Test Accuracy: 0.9833, Energy: -1003416.9375
Time taken:  0.2526266574859619
Test Loss: 0.0000, Test Accuracy: 0.9833, Energy: -1003334.0
Time taken:  0.25005197525024414
Test Loss: 0.0000, Test Accuracy: 0.9833, Energy: -1003212.625
Time taken:  0.2542281150817871
Test Loss: 0.0000, Test Accuracy: 0.9833, Energy: -1003184.0
Time taken:  0.24549484252929688
Test Loss: 0.0000, Test Accuracy: 0.9833, Energy: -1003594.5
Time taken:  0.23218441009521484
Test Loss: 0.0000, Test Accuracy: 0.9833, Energy: -1003622.0
Time taken:  0.22827386856079102
Test Loss: 0.0000, Test Accuracy: 0.9833, Energy: -1003542.3125
Time taken:  0.23225069046020508
Test Loss: 0.0000, Test Accuracy: 0.9833, Energy: -1003539.25
Time taken:  0.2268664836883545
Test Loss: 0.0000, Test Accuracy: 0.9833, Energy: -1003547.75
Time taken:  0.2274773120880127
Test Loss: 0.0000, Test Accuracy: 0.9833, Energy: -1003520.375
Time taken:  0.22580385208129883
Test Loss: 0.0000, Test Accuracy: 0.9833, Energy: -1003496.4375
Time taken:  0.22570586204528809
Final accuracies: [0.9766666666666667, 0.9866666666666667, 0.9966666666666667, 0.9966666666666667, 0.9966666666666667, 0.9966666666666667, 0.9966666666666667, 0.9966666666666667, 0.9966666666666667, 1.0, 1.0, 1.0, 1.0, 0.9966666666666667, 1.0, 0.9966666666666667, 1.0, 0.9966666666666667, 0.9966666666666667, 0.9966666666666667, 0.9966666666666667, 0.9933333333333333, 0.9933333333333333, 0.9933333333333333, 0.9933333333333333, 0.9966666666666667, 0.9966666666666667, 0.9966666666666667, 0.9966666666666667, 0.9933333333333333, 0.9933333333333333, 0.9933333333333333, 0.9933333333333333, 0.9933333333333333, 0.9933333333333333, 0.9933333333333333, 0.9933333333333333, 0.9933333333333333, 0.9933333333333333, 0.9933333333333333, 0.9966666666666667, 0.9933333333333333, 0.9933333333333333, 0.9933333333333333, 0.9933333333333333, 0.9966666666666667, 0.9966666666666667, 0.9966666666666667, 0.9966666666666667, 0.9966666666666667, 0.9966666666666667, 0.9933333333333333, 0.9933333333333333, 0.99, 0.99, 0.99, 0.9866666666666667, 0.9866666666666667, 0.9866666666666667, 0.9866666666666667, 0.9866666666666667, 0.9866666666666667, 0.9833333333333333, 0.9833333333333333, 0.9833333333333333, 0.9833333333333333, 0.9833333333333333, 0.9833333333333333, 0.9833333333333333, 0.9833333333333333, 0.9833333333333333, 0.9833333333333333, 0.9833333333333333, 0.9833333333333333, 0.9833333333333333, 0.9833333333333333, 0.9833333333333333, 0.9833333333333333, 0.9833333333333333, 0.9833333333333333, 0.9833333333333333, 0.9833333333333333, 0.9833333333333333, 0.9833333333333333, 0.9833333333333333, 0.9833333333333333, 0.9833333333333333, 0.9833333333333333, 0.9833333333333333, 0.9833333333333333, 0.9833333333333333, 0.9833333333333333, 0.9833333333333333, 0.9833333333333333, 0.9833333333333333, 0.9833333333333333, 0.9833333333333333, 0.9833333333333333, 0.9833333333333333, 0.9833333333333333]
Final energies: [-61.18852233886719, -1997.94482421875, -15722.537109375, -64364.13671875, -160341.6875, -256653.796875, -339517.0625, -412329.34375, -476894.375, -534131.5, -585807.3125, -633119.0625, -674770.8125, -712655.125, -745081.0, -774583.625, -800983.5, -825808.125, -848796.25, -868617.75, -887314.5, -903933.0, -918429.875, -931893.5, -944367.0, -955789.75, -966314.0, -975844.25, -984212.25, -991860.5625, -998690.9375, -1005307.75, -1011574.375, -1016707.125, -1021477.0, -1025516.1875, -1029482.125, -1033069.5, -1036738.125, -1039717.375, -1043110.875, -1044884.375, -1046972.0, -1049027.875, -1050872.0, -1046570.4375, -1042652.875, -1039461.875, -1036463.125, -1033677.6875, -1031391.4375, -1028342.375, -1026222.75, -1023576.3125, -1021860.375, -1020212.25, -1017989.3125, -1016604.875, -1015239.75, -1014178.625, -1013346.5, -1012433.5, -1011890.875, -1011240.0, -1010544.4375, -1009998.125, -1009470.6875, -1008951.5, -1008486.5, -1008116.625, -1007584.5, -1007063.5, -1006706.875, -1006433.625, -1006135.25, -1005452.75, -1005375.625, -1005179.625, -1004618.5625, -1004406.0625, -1004397.5, -1004276.6875, -1004096.875, -1003988.25, -1003901.125, -1003852.375, -1003745.25, -1003672.9375, -1003489.25, -1003416.9375, -1003334.0, -1003212.625, -1003184.0, -1003594.5, -1003622.0, -1003542.3125, -1003539.25, -1003547.75, -1003520.375, -1003496.4375]
