Running with parameters: hidden=30, use_coupled=true, seed=32, lam=0.0, eta=1.0, batch=100
Test Loss: 0.0000, Test Accuracy: 0.6667, Energy: -291.8399658203125
Time taken:  0.32564234733581543
Test Loss: 0.0000, Test Accuracy: 0.9967, Energy: -3042.99169921875
Time taken:  0.3085052967071533
Test Loss: 0.0000, Test Accuracy: 1.0000, Energy: -21963.712890625
Time taken:  0.2683086395263672
Test Loss: 0.0000, Test Accuracy: 0.9967, Energy: -74791.8359375
Time taken:  0.27062344551086426
Test Loss: 0.0000, Test Accuracy: 0.9967, Energy: -161020.171875
Time taken:  0.2970309257507324
Test Loss: 0.0000, Test Accuracy: 0.9967, Energy: -249554.46875
Time taken:  0.26987624168395996
Test Loss: 0.0000, Test Accuracy: 0.9967, Energy: -328756.875
Time taken:  0.2717926502227783
Test Loss: 0.0000, Test Accuracy: 0.9967, Energy: -399969.1875
Time taken:  0.2702980041503906
Test Loss: 0.0000, Test Accuracy: 0.9967, Energy: -460369.3125
Time taken:  0.28324198722839355
Test Loss: 0.0000, Test Accuracy: 0.9967, Energy: -514566.09375
Time taken:  0.2800624370574951
Test Loss: 0.0000, Test Accuracy: 0.9967, Energy: -562854.1875
Time taken:  0.278637170791626
Test Loss: 0.0000, Test Accuracy: 0.9967, Energy: -606512.375
Time taken:  0.27561283111572266
Test Loss: 0.0000, Test Accuracy: 0.9967, Energy: -645091.5
Time taken:  0.26549768447875977
Test Loss: 0.0000, Test Accuracy: 0.9967, Energy: -681067.1875
Time taken:  0.27431702613830566
Test Loss: 0.0000, Test Accuracy: 0.9967, Energy: -714631.875
Time taken:  0.27713823318481445
Test Loss: 0.0000, Test Accuracy: 0.9967, Energy: -743860.25
Time taken:  0.27432799339294434
Test Loss: 0.0000, Test Accuracy: 0.9967, Energy: -770736.375
Time taken:  0.27515721321105957
Test Loss: 0.0000, Test Accuracy: 0.9967, Energy: -794533.75
Time taken:  0.27069902420043945
Test Loss: 0.0000, Test Accuracy: 0.9967, Energy: -817591.0
Time taken:  0.2752056121826172
Test Loss: 0.0000, Test Accuracy: 0.9967, Energy: -837906.25
Time taken:  0.27197980880737305
Test Loss: 0.0000, Test Accuracy: 0.9967, Energy: -856611.3125
Time taken:  0.269763708114624
Test Loss: 0.0000, Test Accuracy: 0.9967, Energy: -873732.5625
Time taken:  0.2712404727935791
Test Loss: 0.0000, Test Accuracy: 0.9967, Energy: -889627.125
Time taken:  0.2699615955352783
Test Loss: 0.0000, Test Accuracy: 0.9967, Energy: -903006.0625
Time taken:  0.27727246284484863
Test Loss: 0.0000, Test Accuracy: 0.9967, Energy: -916141.875
Time taken:  0.2699601650238037
Test Loss: 0.0000, Test Accuracy: 0.9967, Energy: -928505.125
Time taken:  0.2683837413787842
Test Loss: 0.0000, Test Accuracy: 0.9967, Energy: -939159.375
Time taken:  0.2854762077331543
Test Loss: 0.0000, Test Accuracy: 0.9967, Energy: -948863.875
Time taken:  0.27318358421325684
Test Loss: 0.0000, Test Accuracy: 0.9967, Energy: -957188.4375
Time taken:  0.2748997211456299
Test Loss: 0.0000, Test Accuracy: 0.9967, Energy: -964914.5625
Time taken:  0.26973438262939453
Test Loss: 0.0000, Test Accuracy: 0.9967, Energy: -972237.125
Time taken:  0.2862122058868408
Test Loss: 0.0000, Test Accuracy: 0.9967, Energy: -979054.0
Time taken:  0.2699267864227295
Test Loss: 0.0000, Test Accuracy: 0.9967, Energy: -985221.375
Time taken:  0.2780172824859619
Test Loss: 0.0000, Test Accuracy: 0.9967, Energy: -990361.375
Time taken:  0.27462148666381836
Test Loss: 0.0000, Test Accuracy: 0.9967, Energy: -994839.625
Time taken:  0.26972246170043945
Test Loss: 0.0000, Test Accuracy: 0.9967, Energy: -998414.4375
Time taken:  0.2759699821472168
Test Loss: 0.0000, Test Accuracy: 0.9967, Energy: -1002125.625
Time taken:  0.2702174186706543
Test Loss: 0.0000, Test Accuracy: 0.9967, Energy: -1005832.0
Time taken:  0.2741546630859375
Test Loss: 0.0000, Test Accuracy: 0.9967, Energy: -1008858.6875
Time taken:  0.26780200004577637
Test Loss: 0.0000, Test Accuracy: 0.9967, Energy: -1011748.3125
Time taken:  0.26988744735717773
Test Loss: 0.0000, Test Accuracy: 0.9967, Energy: -1014357.75
Time taken:  0.27397775650024414
Test Loss: 0.0000, Test Accuracy: 0.9967, Energy: -1016583.9375
Time taken:  0.27040576934814453
Test Loss: 0.0000, Test Accuracy: 0.9967, Energy: -1018725.5
Time taken:  0.2753868103027344
Test Loss: 0.0000, Test Accuracy: 0.9967, Energy: -1020944.875
Time taken:  0.27033472061157227
Test Loss: 0.0000, Test Accuracy: 0.9967, Energy: -1022860.875
Time taken:  0.26964378356933594
Test Loss: 0.0000, Test Accuracy: 0.9967, Energy: -1024561.25
Time taken:  0.2772858142852783
Test Loss: 0.0000, Test Accuracy: 0.9967, Energy: -1026096.125
Time taken:  0.2703235149383545
Test Loss: 0.0000, Test Accuracy: 0.9967, Energy: -1027245.25
Time taken:  0.2754185199737549
Test Loss: 0.0000, Test Accuracy: 0.9967, Energy: -1028415.0625
Time taken:  0.2698838710784912
Test Loss: 0.0000, Test Accuracy: 0.9967, Energy: -1029574.125
Time taken:  0.2704143524169922
Test Loss: 0.0000, Test Accuracy: 0.9967, Energy: -1030550.5
Time taken:  0.2739429473876953
Test Loss: 0.0000, Test Accuracy: 0.9967, Energy: -1031374.0
Time taken:  0.26973724365234375
Test Loss: 0.0000, Test Accuracy: 0.9967, Energy: -1032149.25
Time taken:  0.27685070037841797
Test Loss: 0.0000, Test Accuracy: 0.9967, Energy: -1032881.625
Time taken:  0.28165292739868164
Test Loss: 0.0000, Test Accuracy: 0.9967, Energy: -1033621.25
Time taken:  0.27826642990112305
Test Loss: 0.0000, Test Accuracy: 0.9967, Energy: -1034214.875
Time taken:  0.2720818519592285
Test Loss: 0.0000, Test Accuracy: 0.9967, Energy: -1034689.625
Time taken:  0.27483057975769043
Test Loss: 0.0000, Test Accuracy: 0.9967, Energy: -1035226.75
Time taken:  0.27512288093566895
Test Loss: 0.0000, Test Accuracy: 0.9967, Energy: -1035547.125
Time taken:  0.2715945243835449
Test Loss: 0.0000, Test Accuracy: 0.9967, Energy: -1035966.625
Time taken:  0.2753605842590332
Test Loss: 0.0000, Test Accuracy: 0.9967, Energy: -1036342.625
Time taken:  0.27088475227355957
Test Loss: 0.0000, Test Accuracy: 0.9967, Energy: -1036607.375
Time taken:  0.2713913917541504
Test Loss: 0.0000, Test Accuracy: 0.9967, Energy: -1036983.75
Time taken:  0.27784037590026855
Test Loss: 0.0000, Test Accuracy: 0.9967, Energy: -1037279.3125
Time taken:  0.27175021171569824
Test Loss: 0.0000, Test Accuracy: 0.9967, Energy: -1037444.0
Time taken:  0.27765727043151855
Test Loss: 0.0000, Test Accuracy: 0.9967, Energy: -1037723.375
Time taken:  0.2738184928894043
Test Loss: 0.0000, Test Accuracy: 0.9967, Energy: -1037974.25
Time taken:  0.2790195941925049
Test Loss: 0.0000, Test Accuracy: 0.9967, Energy: -1038182.4375
Time taken:  0.27152419090270996
Test Loss: 0.0000, Test Accuracy: 0.9967, Energy: -1038331.25
Time taken:  0.2697324752807617
Test Loss: 0.0000, Test Accuracy: 0.9967, Energy: -1038446.5625
Time taken:  0.2770516872406006
Test Loss: 0.0000, Test Accuracy: 0.9967, Energy: -1038555.6875
Time taken:  0.2692246437072754
Test Loss: 0.0000, Test Accuracy: 0.9967, Energy: -1038679.0
Time taken:  0.2747647762298584
Test Loss: 0.0000, Test Accuracy: 0.9967, Energy: -1038915.75
Time taken:  0.26909494400024414
Test Loss: 0.0000, Test Accuracy: 0.9967, Energy: -1039023.4375
Time taken:  0.26369404792785645
Test Loss: 0.0000, Test Accuracy: 0.9967, Energy: -1039113.375
Time taken:  0.26224589347839355
Test Loss: 0.0000, Test Accuracy: 0.9967, Energy: -1039193.0625
Time taken:  0.25533533096313477
Test Loss: 0.0000, Test Accuracy: 0.9967, Energy: -1039337.25
Time taken:  0.2566406726837158
Test Loss: 0.0000, Test Accuracy: 0.9967, Energy: -1039447.25
Time taken:  0.24404096603393555
Test Loss: 0.0000, Test Accuracy: 0.9967, Energy: -1039511.1875
Time taken:  0.24353861808776855
Test Loss: 0.0000, Test Accuracy: 0.9967, Energy: -1039576.0
Time taken:  0.24594402313232422
Test Loss: 0.0000, Test Accuracy: 0.9967, Energy: -1039632.25
Time taken:  0.24196386337280273
Test Loss: 0.0000, Test Accuracy: 0.9967, Energy: -1039718.125
Time taken:  0.24178481101989746
Test Loss: 0.0000, Test Accuracy: 0.9967, Energy: -1039783.375
Time taken:  0.2455153465270996
Test Loss: 0.0000, Test Accuracy: 0.9967, Energy: -1039811.75
Time taken:  0.2409987449645996
Test Loss: 0.0000, Test Accuracy: 0.9967, Energy: -1039842.9375
Time taken:  0.24384641647338867
Test Loss: 0.0000, Test Accuracy: 0.9967, Energy: -1039899.625
Time taken:  0.2418367862701416
Test Loss: 0.0000, Test Accuracy: 0.9967, Energy: -1039941.25
Time taken:  0.23806500434875488
Test Loss: 0.0000, Test Accuracy: 0.9967, Energy: -1039964.5625
Time taken:  0.2417597770690918
Test Loss: 0.0000, Test Accuracy: 0.9967, Energy: -1039993.4375
Time taken:  0.22809052467346191
Test Loss: 0.0000, Test Accuracy: 0.9967, Energy: -1040012.4375
Time taken:  0.22637677192687988
Test Loss: 0.0000, Test Accuracy: 0.9967, Energy: -1040029.625
Time taken:  0.23003697395324707
Test Loss: 0.0000, Test Accuracy: 0.9967, Energy: -1040047.75
Time taken:  0.22284483909606934
Test Loss: 0.0000, Test Accuracy: 0.9967, Energy: -1040098.875
Time taken:  0.22465300559997559
Test Loss: 0.0000, Test Accuracy: 0.9967, Energy: -1040114.0
Time taken:  0.21605587005615234
Test Loss: 0.0000, Test Accuracy: 0.9967, Energy: -1040134.25
Time taken:  0.21360445022583008
Test Loss: 0.0000, Test Accuracy: 0.9967, Energy: -1040134.5
Time taken:  0.21791338920593262
Test Loss: 0.0000, Test Accuracy: 0.9967, Energy: -1040143.875
Time taken:  0.2133932113647461
Test Loss: 0.0000, Test Accuracy: 0.9967, Energy: -1040166.875
Time taken:  0.20903444290161133
Test Loss: 0.0000, Test Accuracy: 0.9967, Energy: -1040182.75
Time taken:  0.2130439281463623
Test Loss: 0.0000, Test Accuracy: 0.9967, Energy: -1040199.125
Time taken:  0.20736145973205566
Final accuracies: [0.6666666666666666, 0.9966666666666667, 1.0, 0.9966666666666667, 0.9966666666666667, 0.9966666666666667, 0.9966666666666667, 0.9966666666666667, 0.9966666666666667, 0.9966666666666667, 0.9966666666666667, 0.9966666666666667, 0.9966666666666667, 0.9966666666666667, 0.9966666666666667, 0.9966666666666667, 0.9966666666666667, 0.9966666666666667, 0.9966666666666667, 0.9966666666666667, 0.9966666666666667, 0.9966666666666667, 0.9966666666666667, 0.9966666666666667, 0.9966666666666667, 0.9966666666666667, 0.9966666666666667, 0.9966666666666667, 0.9966666666666667, 0.9966666666666667, 0.9966666666666667, 0.9966666666666667, 0.9966666666666667, 0.9966666666666667, 0.9966666666666667, 0.9966666666666667, 0.9966666666666667, 0.9966666666666667, 0.9966666666666667, 0.9966666666666667, 0.9966666666666667, 0.9966666666666667, 0.9966666666666667, 0.9966666666666667, 0.9966666666666667, 0.9966666666666667, 0.9966666666666667, 0.9966666666666667, 0.9966666666666667, 0.9966666666666667, 0.9966666666666667, 0.9966666666666667, 0.9966666666666667, 0.9966666666666667, 0.9966666666666667, 0.9966666666666667, 0.9966666666666667, 0.9966666666666667, 0.9966666666666667, 0.9966666666666667, 0.9966666666666667, 0.9966666666666667, 0.9966666666666667, 0.9966666666666667, 0.9966666666666667, 0.9966666666666667, 0.9966666666666667, 0.9966666666666667, 0.9966666666666667, 0.9966666666666667, 0.9966666666666667, 0.9966666666666667, 0.9966666666666667, 0.9966666666666667, 0.9966666666666667, 0.9966666666666667, 0.9966666666666667, 0.9966666666666667, 0.9966666666666667, 0.9966666666666667, 0.9966666666666667, 0.9966666666666667, 0.9966666666666667, 0.9966666666666667, 0.9966666666666667, 0.9966666666666667, 0.9966666666666667, 0.9966666666666667, 0.9966666666666667, 0.9966666666666667, 0.9966666666666667, 0.9966666666666667, 0.9966666666666667, 0.9966666666666667, 0.9966666666666667, 0.9966666666666667, 0.9966666666666667, 0.9966666666666667, 0.9966666666666667, 0.9966666666666667]
Final energies: [-291.8399658203125, -3042.99169921875, -21963.712890625, -74791.8359375, -161020.171875, -249554.46875, -328756.875, -399969.1875, -460369.3125, -514566.09375, -562854.1875, -606512.375, -645091.5, -681067.1875, -714631.875, -743860.25, -770736.375, -794533.75, -817591.0, -837906.25, -856611.3125, -873732.5625, -889627.125, -903006.0625, -916141.875, -928505.125, -939159.375, -948863.875, -957188.4375, -964914.5625, -972237.125, -979054.0, -985221.375, -990361.375, -994839.625, -998414.4375, -1002125.625, -1005832.0, -1008858.6875, -1011748.3125, -1014357.75, -1016583.9375, -1018725.5, -1020944.875, -1022860.875, -1024561.25, -1026096.125, -1027245.25, -1028415.0625, -1029574.125, -1030550.5, -1031374.0, -1032149.25, -1032881.625, -1033621.25, -1034214.875, -1034689.625, -1035226.75, -1035547.125, -1035966.625, -1036342.625, -1036607.375, -1036983.75, -1037279.3125, -1037444.0, -1037723.375, -1037974.25, -1038182.4375, -1038331.25, -1038446.5625, -1038555.6875, -1038679.0, -1038915.75, -1039023.4375, -1039113.375, -1039193.0625, -1039337.25, -1039447.25, -1039511.1875, -1039576.0, -1039632.25, -1039718.125, -1039783.375, -1039811.75, -1039842.9375, -1039899.625, -1039941.25, -1039964.5625, -1039993.4375, -1040012.4375, -1040029.625, -1040047.75, -1040098.875, -1040114.0, -1040134.25, -1040134.5, -1040143.875, -1040166.875, -1040182.75, -1040199.125]
