Running with parameters: hidden=100, use_coupled=true, seed=45, lam=0.1, eta=0.5
Test Accuracy: 0.9167, Energy: -20.94
Time Taken:  14.336135625839233
Test Accuracy: 0.9167, Energy: -19.96
Time Taken:  14.328491687774658
Test Accuracy: 0.9167, Energy: -17.05
Time Taken:  14.388268232345581
Test Accuracy: 0.9167, Energy: -19.89
Time Taken:  14.40645432472229
Test Accuracy: 0.9167, Energy: -19.88
Time Taken:  14.410809516906738
Test Accuracy: 0.9133, Energy: -16.06
Time Taken:  14.273039817810059
Test Accuracy: 0.9133, Energy: -15.95
Time Taken:  14.380765438079834
Test Accuracy: 0.9133, Energy: -20.07
Time Taken:  14.408161878585815
Test Accuracy: 0.9133, Energy: -18.92
Time Taken:  14.40833067893982
Test Accuracy: 0.9133, Energy: -22.53
Time Taken:  14.45735216140747
Test Accuracy: 0.9133, Energy: -21.60
Time Taken:  14.350360870361328
Test Accuracy: 0.9133, Energy: -20.40
Time Taken:  14.510258436203003
Test Accuracy: 0.9133, Energy: -18.23
Time Taken:  14.481029510498047
Test Accuracy: 0.9133, Energy: -18.10
Time Taken:  14.40986967086792
Test Accuracy: 0.9133, Energy: -18.39
Time Taken:  14.3955078125
Test Accuracy: 0.9133, Energy: -15.85
Time Taken:  14.439604043960571
Test Accuracy: 0.9133, Energy: -13.00
Time Taken:  14.431532144546509
Test Accuracy: 0.9133, Energy: -14.77
Time Taken:  14.384889125823975
Test Accuracy: 0.9133, Energy: -14.20
Time Taken:  14.419746160507202
Test Accuracy: 0.9067, Energy: -15.33
Time Taken:  14.405775785446167
Test Accuracy: 0.9067, Energy: -16.99
Time Taken:  14.327153205871582
Test Accuracy: 0.9100, Energy: -16.28
Time Taken:  14.370501518249512
Test Accuracy: 0.9100, Energy: -18.37
Time Taken:  14.310632467269897
Test Accuracy: 0.9100, Energy: -15.02
Time Taken:  14.380538702011108
Test Accuracy: 0.9100, Energy: -17.43
Time Taken:  14.329400539398193
Test Accuracy: 0.9100, Energy: -15.87
Time Taken:  14.320362091064453
Test Accuracy: 0.9167, Energy: -16.88
Time Taken:  14.337604761123657
Test Accuracy: 0.9167, Energy: -16.27
Time Taken:  14.352558374404907
Test Accuracy: 0.9167, Energy: -13.94
Time Taken:  14.232166528701782
Test Accuracy: 0.9233, Energy: -12.65
Time Taken:  14.240783452987671
Test Accuracy: 0.9233, Energy: -10.70
Time Taken:  14.285066366195679
Test Accuracy: 0.9233, Energy: -10.39
Time Taken:  14.258660316467285
Test Accuracy: 0.9233, Energy: -8.84
Time Taken:  14.285133361816406
Test Accuracy: 0.9233, Energy: -10.46
Time Taken:  14.350830078125
Test Accuracy: 0.9233, Energy: -6.28
Time Taken:  14.317301988601685
Test Accuracy: 0.9233, Energy: -6.54
Time Taken:  14.38847541809082
Test Accuracy: 0.9233, Energy: -9.40
Time Taken:  14.317556381225586
Test Accuracy: 0.9233, Energy: -6.09
Time Taken:  14.273230791091919
Test Accuracy: 0.9233, Energy: -4.74
Time Taken:  14.321544170379639
Test Accuracy: 0.9200, Energy: -4.16
Time Taken:  14.312103748321533
Test Accuracy: 0.9200, Energy: -8.68
Time Taken:  14.27810525894165
Test Accuracy: 0.9200, Energy: -8.48
Time Taken:  14.33981728553772
Test Accuracy: 0.9267, Energy: -4.26
Time Taken:  14.269415616989136
Test Accuracy: 0.9300, Energy: -4.83
Time Taken:  14.369091033935547
Test Accuracy: 0.9300, Energy: -5.91
Time Taken:  14.306267023086548
Test Accuracy: 0.9300, Energy: -9.08
Time Taken:  14.397919416427612
Test Accuracy: 0.9300, Energy: -13.92
Time Taken:  14.362553119659424
Test Accuracy: 0.9300, Energy: -13.16
Time Taken:  14.369653701782227
Test Accuracy: 0.9300, Energy: -12.67
Time Taken:  14.388728618621826
Test Accuracy: 0.9300, Energy: -11.52
Time Taken:  14.338180780410767
Test Accuracy: 0.9300, Energy: -15.11
Time Taken:  14.373412132263184
Test Accuracy: 0.9267, Energy: -13.59
Time Taken:  14.459975481033325
Test Accuracy: 0.9267, Energy: -15.01
Time Taken:  14.359241485595703
Test Accuracy: 0.9267, Energy: -18.30
Time Taken:  14.370189666748047
Test Accuracy: 0.9267, Energy: -19.04
Time Taken:  14.317927360534668
Test Accuracy: 0.9267, Energy: -17.93
Time Taken:  14.399250984191895
Test Accuracy: 0.9267, Energy: -17.00
Time Taken:  14.402350425720215
Test Accuracy: 0.9267, Energy: -14.17
Time Taken:  14.380531072616577
Test Accuracy: 0.9267, Energy: -14.81
Time Taken:  14.387621641159058
Test Accuracy: 0.9100, Energy: -14.07
Time Taken:  14.343196630477905
Test Accuracy: 0.9133, Energy: -17.12
Time Taken:  14.301719427108765
Test Accuracy: 0.9267, Energy: -22.08
Time Taken:  14.360857725143433
Test Accuracy: 0.9267, Energy: -19.73
Time Taken:  14.35450792312622
Test Accuracy: 0.9133, Energy: -18.91
Time Taken:  14.346614122390747
Test Accuracy: 0.9133, Energy: -19.28
Time Taken:  14.358825445175171
Test Accuracy: 0.9133, Energy: -18.63
Time Taken:  14.375890493392944
Test Accuracy: 0.9133, Energy: -18.14
Time Taken:  14.40185022354126
Test Accuracy: 0.9133, Energy: -19.71
Time Taken:  14.300453901290894
Test Accuracy: 0.9133, Energy: -22.03
Time Taken:  14.283463478088379
Test Accuracy: 0.9133, Energy: -22.44
Time Taken:  14.302918910980225
Test Accuracy: 0.9133, Energy: -24.45
Time Taken:  14.279963731765747
Test Accuracy: 0.9133, Energy: -22.91
Time Taken:  14.291155099868774
Test Accuracy: 0.9167, Energy: -22.26
Time Taken:  14.279574632644653
Test Accuracy: 0.9167, Energy: -16.40
Time Taken:  14.323392152786255
Test Accuracy: 0.9167, Energy: -18.56
Time Taken:  14.301831722259521
Test Accuracy: 0.9167, Energy: -21.13
Time Taken:  14.282824993133545
Test Accuracy: 0.9167, Energy: -20.50
Time Taken:  14.252517938613892
Test Accuracy: 0.9167, Energy: -20.11
Time Taken:  14.258310556411743
Test Accuracy: 0.9167, Energy: -17.97
Time Taken:  14.24886441230774
Test Accuracy: 0.9167, Energy: -18.65
Time Taken:  14.22775149345398
Test Accuracy: 0.9167, Energy: -18.01
Time Taken:  14.257896184921265
Test Accuracy: 0.9167, Energy: -17.29
Time Taken:  14.244792938232422
Test Accuracy: 0.9167, Energy: -18.61
Time Taken:  14.312228202819824
Test Accuracy: 0.9167, Energy: -21.63
Time Taken:  14.220165729522705
Test Accuracy: 0.9167, Energy: -25.09
Time Taken:  14.216832876205444
Test Accuracy: 0.9167, Energy: -20.73
Time Taken:  14.22844409942627
Test Accuracy: 0.9167, Energy: -21.07
Time Taken:  14.245543956756592
Test Accuracy: 0.9167, Energy: -23.63
Time Taken:  14.23542833328247
Test Accuracy: 0.9167, Energy: -22.00
Time Taken:  14.239875078201294
Test Accuracy: 0.9167, Energy: -21.87
Time Taken:  14.23361611366272
Test Accuracy: 0.9200, Energy: -21.65
Time Taken:  14.271015882492065
Test Accuracy: 0.9200, Energy: -21.81
Time Taken:  14.304358005523682
Test Accuracy: 0.9233, Energy: -23.78
Time Taken:  14.269352197647095
Test Accuracy: 0.9267, Energy: -27.99
Time Taken:  14.218875169754028
Test Accuracy: 0.9233, Energy: -26.78
Time Taken:  14.26680588722229
Test Accuracy: 0.9233, Energy: -28.64
Time Taken:  14.244486808776855
Test Accuracy: 0.9267, Energy: -30.48
Time Taken:  14.221906661987305
Test Accuracy: 0.9267, Energy: -32.73
Time Taken:  14.23982834815979
Test Accuracy: 0.9267, Energy: -32.36
Time Taken:  14.308906078338623
Test Accuracy: 0.9267, Energy: -30.18
Time Taken:  13.862028121948242
Final accuracies: [0.9166666666666666, 0.9166666666666666, 0.9166666666666666, 0.9166666666666666, 0.9166666666666666, 0.9133333333333333, 0.9133333333333333, 0.9133333333333333, 0.9133333333333333, 0.9133333333333333, 0.9133333333333333, 0.9133333333333333, 0.9133333333333333, 0.9133333333333333, 0.9133333333333333, 0.9133333333333333, 0.9133333333333333, 0.9133333333333333, 0.9133333333333333, 0.9066666666666666, 0.9066666666666666, 0.91, 0.91, 0.91, 0.91, 0.91, 0.9166666666666666, 0.9166666666666666, 0.9166666666666666, 0.9233333333333333, 0.9233333333333333, 0.9233333333333333, 0.9233333333333333, 0.9233333333333333, 0.9233333333333333, 0.9233333333333333, 0.9233333333333333, 0.9233333333333333, 0.9233333333333333, 0.92, 0.92, 0.92, 0.9266666666666666, 0.93, 0.93, 0.93, 0.93, 0.93, 0.93, 0.93, 0.93, 0.9266666666666666, 0.9266666666666666, 0.9266666666666666, 0.9266666666666666, 0.9266666666666666, 0.9266666666666666, 0.9266666666666666, 0.9266666666666666, 0.91, 0.9133333333333333, 0.9266666666666666, 0.9266666666666666, 0.9133333333333333, 0.9133333333333333, 0.9133333333333333, 0.9133333333333333, 0.9133333333333333, 0.9133333333333333, 0.9133333333333333, 0.9133333333333333, 0.9133333333333333, 0.9166666666666666, 0.9166666666666666, 0.9166666666666666, 0.9166666666666666, 0.9166666666666666, 0.9166666666666666, 0.9166666666666666, 0.9166666666666666, 0.9166666666666666, 0.9166666666666666, 0.9166666666666666, 0.9166666666666666, 0.9166666666666666, 0.9166666666666666, 0.9166666666666666, 0.9166666666666666, 0.9166666666666666, 0.9166666666666666, 0.92, 0.92, 0.9233333333333333, 0.9266666666666666, 0.9233333333333333, 0.9233333333333333, 0.9266666666666666, 0.9266666666666666, 0.9266666666666666, 0.9266666666666666]
Final energies: [-20.94184684753418, -19.964075088500977, -17.050830841064453, -19.89327621459961, -19.882858276367188, -16.060672760009766, -15.94830322265625, -20.071746826171875, -18.92277717590332, -22.533855438232422, -21.60188102722168, -20.39591407775879, -18.234447479248047, -18.096899032592773, -18.38887596130371, -15.848428726196289, -13.000728607177734, -14.767011642456055, -14.203221321105957, -15.3251314163208, -16.989341735839844, -16.28142738342285, -18.36581802368164, -15.01943302154541, -17.426992416381836, -15.872913360595703, -16.87882423400879, -16.27252197265625, -13.941448211669922, -12.650659561157227, -10.697972297668457, -10.386516571044922, -8.835471153259277, -10.455374717712402, -6.2811150550842285, -6.537172794342041, -9.39647388458252, -6.092663288116455, -4.743521690368652, -4.161435604095459, -8.675047874450684, -8.478208541870117, -4.259055137634277, -4.830582618713379, -5.9074625968933105, -9.077070236206055, -13.915966987609863, -13.15809154510498, -12.665472984313965, -11.518159866333008, -15.107060432434082, -13.586170196533203, -15.007697105407715, -18.30170249938965, -19.037500381469727, -17.9250431060791, -16.99534034729004, -14.171501159667969, -14.80667781829834, -14.0734281539917, -17.120630264282227, -22.084074020385742, -19.734539031982422, -18.912321090698242, -19.276222229003906, -18.63106346130371, -18.144237518310547, -19.709880828857422, -22.033519744873047, -22.43612289428711, -24.453447341918945, -22.913856506347656, -22.257966995239258, -16.404626846313477, -18.559669494628906, -21.127817153930664, -20.49846839904785, -20.109603881835938, -17.9655704498291, -18.653240203857422, -18.00785255432129, -17.28586196899414, -18.611858367919922, -21.625648498535156, -25.092979431152344, -20.730854034423828, -21.07427406311035, -23.632583618164062, -22.000585556030273, -21.867948532104492, -21.64630889892578, -21.806386947631836, -23.78388023376465, -27.98855209350586, -26.778738021850586, -28.64311408996582, -30.47814178466797, -32.72511672973633, -32.360172271728516, -30.18014907836914]
