Running with parameters: hidden=100, use_coupled=true, seed=34, lam=0.1, eta=0.5
Test Accuracy: 0.8933, Energy: -3.73
Time Taken:  12.909613132476807
Test Accuracy: 0.8933, Energy: -2.40
Time Taken:  12.854577541351318
Test Accuracy: 0.8500, Energy: -1.98
Time Taken:  12.872596979141235
Test Accuracy: 0.8500, Energy: -2.07
Time Taken:  12.960038900375366
Test Accuracy: 0.8500, Energy: -2.82
Time Taken:  12.87038516998291
Test Accuracy: 0.8533, Energy: -2.43
Time Taken:  12.879319190979004
Test Accuracy: 0.8533, Energy: -1.10
Time Taken:  12.894511222839355
Test Accuracy: 0.8533, Energy: -5.51
Time Taken:  12.884073734283447
Test Accuracy: 0.8500, Energy: -4.54
Time Taken:  12.907741069793701
Test Accuracy: 0.8500, Energy: -6.73
Time Taken:  12.889840841293335
Test Accuracy: 0.8533, Energy: -6.85
Time Taken:  12.905685901641846
Test Accuracy: 0.8467, Energy: -5.03
Time Taken:  12.949729681015015
Test Accuracy: 0.8467, Energy: -3.68
Time Taken:  12.891528129577637
Test Accuracy: 0.8633, Energy: -5.12
Time Taken:  12.901170015335083
Test Accuracy: 0.8633, Energy: -4.05
Time Taken:  12.886454105377197
Test Accuracy: 0.8967, Energy: -4.18
Time Taken:  12.903117418289185
Test Accuracy: 0.8967, Energy: -5.53
Time Taken:  12.882052183151245
Test Accuracy: 0.8967, Energy: -6.43
Time Taken:  12.897401332855225
Test Accuracy: 0.8967, Energy: -8.05
Time Taken:  12.889331102371216
Test Accuracy: 0.8667, Energy: -10.40
Time Taken:  12.960076332092285
Test Accuracy: 0.8667, Energy: -9.46
Time Taken:  12.898308038711548
Test Accuracy: 0.8667, Energy: -7.09
Time Taken:  12.928950786590576
Test Accuracy: 0.8667, Energy: -4.63
Time Taken:  12.916265964508057
Test Accuracy: 0.8600, Energy: -3.21
Time Taken:  12.914504766464233
Test Accuracy: 0.8633, Energy: -5.90
Time Taken:  12.90481448173523
Test Accuracy: 0.8633, Energy: -9.68
Time Taken:  12.88321328163147
Test Accuracy: 0.8667, Energy: -11.82
Time Taken:  12.889008045196533
Test Accuracy: 0.8667, Energy: -13.22
Time Taken:  12.945237874984741
Test Accuracy: 0.8700, Energy: -13.53
Time Taken:  12.868533372879028
Test Accuracy: 0.8700, Energy: -10.55
Time Taken:  12.880674600601196
Test Accuracy: 0.8900, Energy: -12.56
Time Taken:  12.881145000457764
Test Accuracy: 0.8900, Energy: -10.38
Time Taken:  12.893027544021606
Test Accuracy: 0.8900, Energy: -12.62
Time Taken:  12.886081457138062
Test Accuracy: 0.8900, Energy: -15.32
Time Taken:  12.88585376739502
Test Accuracy: 0.8900, Energy: -13.09
Time Taken:  12.892071723937988
Test Accuracy: 0.8900, Energy: -12.34
Time Taken:  12.948862791061401
Test Accuracy: 0.8867, Energy: -12.04
Time Taken:  12.874295711517334
Test Accuracy: 0.8900, Energy: -9.99
Time Taken:  12.892729997634888
Test Accuracy: 0.8900, Energy: -14.22
Time Taken:  12.881395816802979
Test Accuracy: 0.8900, Energy: -8.53
Time Taken:  12.886585235595703
Test Accuracy: 0.8900, Energy: -11.31
Time Taken:  12.888858795166016
Test Accuracy: 0.8933, Energy: -11.15
Time Taken:  12.885135173797607
Test Accuracy: 0.8933, Energy: -11.19
Time Taken:  12.892100095748901
Test Accuracy: 0.8933, Energy: -9.68
Time Taken:  12.948872804641724
Test Accuracy: 0.8967, Energy: -6.02
Time Taken:  12.878958940505981
Test Accuracy: 0.8967, Energy: -6.65
Time Taken:  12.890212297439575
Test Accuracy: 0.8933, Energy: -9.62
Time Taken:  12.875448226928711
Test Accuracy: 0.8933, Energy: -8.50
Time Taken:  12.88082480430603
Test Accuracy: 0.8933, Energy: -12.15
Time Taken:  12.911797761917114
Test Accuracy: 0.8933, Energy: -11.33
Time Taken:  12.892029762268066
Test Accuracy: 0.8900, Energy: -9.73
Time Taken:  12.88599944114685
Test Accuracy: 0.8900, Energy: -9.01
Time Taken:  12.926974773406982
Test Accuracy: 0.8900, Energy: -14.82
Time Taken:  12.879912614822388
Test Accuracy: 0.8900, Energy: -16.63
Time Taken:  12.872945547103882
Test Accuracy: 0.8900, Energy: -14.82
Time Taken:  12.863905191421509
Test Accuracy: 0.8900, Energy: -13.99
Time Taken:  12.88258981704712
Test Accuracy: 0.8900, Energy: -19.17
Time Taken:  12.891518354415894
Test Accuracy: 0.8900, Energy: -19.42
Time Taken:  12.897746801376343
Test Accuracy: 0.8900, Energy: -20.93
Time Taken:  12.94069242477417
Test Accuracy: 0.8867, Energy: -18.15
Time Taken:  12.857328176498413
Test Accuracy: 0.8867, Energy: -16.52
Time Taken:  12.882395505905151
Test Accuracy: 0.8833, Energy: -19.22
Time Taken:  12.894652605056763
Test Accuracy: 0.8833, Energy: -18.01
Time Taken:  12.879515171051025
Test Accuracy: 0.8833, Energy: -20.88
Time Taken:  12.8844575881958
Test Accuracy: 0.8833, Energy: -20.82
Time Taken:  12.887394905090332
Test Accuracy: 0.8833, Energy: -20.18
Time Taken:  12.874822854995728
Test Accuracy: 0.8833, Energy: -20.91
Time Taken:  12.935364246368408
Test Accuracy: 0.8833, Energy: -24.08
Time Taken:  12.865229845046997
Test Accuracy: 0.8833, Energy: -24.13
Time Taken:  12.886929988861084
Test Accuracy: 0.8833, Energy: -22.98
Time Taken:  12.895829677581787
Test Accuracy: 0.8833, Energy: -24.96
Time Taken:  12.883976697921753
Test Accuracy: 0.8833, Energy: -22.61
Time Taken:  12.889734983444214
Test Accuracy: 0.8833, Energy: -22.67
Time Taken:  12.885009527206421
Test Accuracy: 0.8833, Energy: -19.73
Time Taken:  12.888407230377197
Test Accuracy: 0.8633, Energy: -22.94
Time Taken:  12.947176694869995
Test Accuracy: 0.8633, Energy: -24.50
Time Taken:  12.87183666229248
Test Accuracy: 0.8500, Energy: -24.72
Time Taken:  12.884819746017456
Test Accuracy: 0.8500, Energy: -24.52
Time Taken:  12.880684614181519
Test Accuracy: 0.8533, Energy: -21.18
Time Taken:  12.886450290679932
Test Accuracy: 0.8567, Energy: -21.70
Time Taken:  12.89831256866455
Test Accuracy: 0.8567, Energy: -21.72
Time Taken:  12.895684480667114
Test Accuracy: 0.8567, Energy: -25.06
Time Taken:  12.889725923538208
Test Accuracy: 0.8567, Energy: -26.52
Time Taken:  12.936171531677246
Test Accuracy: 0.8567, Energy: -27.88
Time Taken:  12.87144684791565
Test Accuracy: 0.8567, Energy: -25.13
Time Taken:  12.888113975524902
Test Accuracy: 0.8567, Energy: -26.31
Time Taken:  12.88230586051941
Test Accuracy: 0.8533, Energy: -29.10
Time Taken:  12.878785371780396
Test Accuracy: 0.8533, Energy: -27.14
Time Taken:  12.898645877838135
Test Accuracy: 0.8533, Energy: -26.85
Time Taken:  12.897184133529663
Test Accuracy: 0.8533, Energy: -25.21
Time Taken:  12.884768724441528
Test Accuracy: 0.8533, Energy: -29.51
Time Taken:  12.94041919708252
Test Accuracy: 0.8533, Energy: -28.88
Time Taken:  12.896354675292969
Test Accuracy: 0.8500, Energy: -31.83
Time Taken:  12.911699533462524
Test Accuracy: 0.8500, Energy: -34.10
Time Taken:  12.915232181549072
Test Accuracy: 0.8500, Energy: -35.80
Time Taken:  12.901689529418945
Test Accuracy: 0.8500, Energy: -37.90
Time Taken:  12.904903411865234
Test Accuracy: 0.8500, Energy: -42.83
Time Taken:  12.889214754104614
Test Accuracy: 0.8500, Energy: -41.89
Time Taken:  12.881335258483887
Test Accuracy: 0.8500, Energy: -41.27
Time Taken:  12.944455623626709
Test Accuracy: 0.8500, Energy: -40.52
Time Taken:  12.863201379776001
Final accuracies: [0.8933333333333333, 0.8933333333333333, 0.85, 0.85, 0.85, 0.8533333333333334, 0.8533333333333334, 0.8533333333333334, 0.85, 0.85, 0.8533333333333334, 0.8466666666666667, 0.8466666666666667, 0.8633333333333333, 0.8633333333333333, 0.8966666666666666, 0.8966666666666666, 0.8966666666666666, 0.8966666666666666, 0.8666666666666667, 0.8666666666666667, 0.8666666666666667, 0.8666666666666667, 0.86, 0.8633333333333333, 0.8633333333333333, 0.8666666666666667, 0.8666666666666667, 0.87, 0.87, 0.89, 0.89, 0.89, 0.89, 0.89, 0.89, 0.8866666666666667, 0.89, 0.89, 0.89, 0.89, 0.8933333333333333, 0.8933333333333333, 0.8933333333333333, 0.8966666666666666, 0.8966666666666666, 0.8933333333333333, 0.8933333333333333, 0.8933333333333333, 0.8933333333333333, 0.89, 0.89, 0.89, 0.89, 0.89, 0.89, 0.89, 0.89, 0.89, 0.8866666666666667, 0.8866666666666667, 0.8833333333333333, 0.8833333333333333, 0.8833333333333333, 0.8833333333333333, 0.8833333333333333, 0.8833333333333333, 0.8833333333333333, 0.8833333333333333, 0.8833333333333333, 0.8833333333333333, 0.8833333333333333, 0.8833333333333333, 0.8833333333333333, 0.8633333333333333, 0.8633333333333333, 0.85, 0.85, 0.8533333333333334, 0.8566666666666667, 0.8566666666666667, 0.8566666666666667, 0.8566666666666667, 0.8566666666666667, 0.8566666666666667, 0.8566666666666667, 0.8533333333333334, 0.8533333333333334, 0.8533333333333334, 0.8533333333333334, 0.8533333333333334, 0.8533333333333334, 0.85, 0.85, 0.85, 0.85, 0.85, 0.85, 0.85, 0.85]
Final energies: [-3.732699394226074, -2.396268606185913, -1.9767242670059204, -2.071730136871338, -2.81539249420166, -2.429668426513672, -1.095146656036377, -5.510526657104492, -4.538829803466797, -6.729150772094727, -6.847004413604736, -5.0327677726745605, -3.6812312602996826, -5.122124671936035, -4.051608562469482, -4.181346893310547, -5.5334792137146, -6.425782680511475, -8.051076889038086, -10.401175498962402, -9.456493377685547, -7.08543062210083, -4.625336170196533, -3.211735248565674, -5.900784969329834, -9.681102752685547, -11.820345878601074, -13.221034049987793, -13.530021667480469, -10.553324699401855, -12.557771682739258, -10.375465393066406, -12.61941146850586, -15.316478729248047, -13.093193054199219, -12.339512825012207, -12.040422439575195, -9.988092422485352, -14.22004222869873, -8.534610748291016, -11.308772087097168, -11.149280548095703, -11.19055461883545, -9.676907539367676, -6.0194549560546875, -6.6519694328308105, -9.624340057373047, -8.504263877868652, -12.149785041809082, -11.328080177307129, -9.730942726135254, -9.009523391723633, -14.823945999145508, -16.632116317749023, -14.821396827697754, -13.991874694824219, -19.174179077148438, -19.41847801208496, -20.931251525878906, -18.145435333251953, -16.51645851135254, -19.22478675842285, -18.008337020874023, -20.884357452392578, -20.81916046142578, -20.18168830871582, -20.909244537353516, -24.080522537231445, -24.133684158325195, -22.978008270263672, -24.964759826660156, -22.614944458007812, -22.66555404663086, -19.73226547241211, -22.941680908203125, -24.495098114013672, -24.71988868713379, -24.520401000976562, -21.1760196685791, -21.699199676513672, -21.718704223632812, -25.062894821166992, -26.522201538085938, -27.876222610473633, -25.129552841186523, -26.31463050842285, -29.096303939819336, -27.143394470214844, -26.846012115478516, -25.205242156982422, -29.51182746887207, -28.87608528137207, -31.829687118530273, -34.09539794921875, -35.8010139465332, -37.8952522277832, -42.83031463623047, -41.88685989379883, -41.2691764831543, -40.51845932006836]
