Running with parameters: hidden=100, use_coupled=true, seed=54, lam=0.1, eta=0.5
Test Accuracy: 0.9300, Energy: -10.45
Time Taken:  14.973931550979614
Test Accuracy: 0.9300, Energy: -11.25
Time Taken:  14.952736854553223
Test Accuracy: 0.9300, Energy: -11.86
Time Taken:  15.04363751411438
Test Accuracy: 0.9300, Energy: -10.28
Time Taken:  15.241790533065796
Test Accuracy: 0.9300, Energy: -9.46
Time Taken:  15.084112882614136
Test Accuracy: 0.9300, Energy: -10.58
Time Taken:  15.178832530975342
Test Accuracy: 0.9333, Energy: -9.92
Time Taken:  15.267125129699707
Test Accuracy: 0.9333, Energy: -11.32
Time Taken:  15.259485006332397
Test Accuracy: 0.9333, Energy: -16.41
Time Taken:  15.238241195678711
Test Accuracy: 0.9333, Energy: -14.86
Time Taken:  15.273416519165039
Test Accuracy: 0.9300, Energy: -15.39
Time Taken:  15.322892189025879
Test Accuracy: 0.9300, Energy: -13.50
Time Taken:  15.34845757484436
Test Accuracy: 0.9300, Energy: -14.59
Time Taken:  15.268363952636719
Test Accuracy: 0.9267, Energy: -14.05
Time Taken:  15.283263444900513
Test Accuracy: 0.9300, Energy: -14.13
Time Taken:  15.294222831726074
Test Accuracy: 0.9300, Energy: -17.04
Time Taken:  15.309769868850708
Test Accuracy: 0.9300, Energy: -15.46
Time Taken:  15.248484134674072
Test Accuracy: 0.9300, Energy: -14.33
Time Taken:  15.261043787002563
Test Accuracy: 0.9300, Energy: -14.79
Time Taken:  15.246144771575928
Test Accuracy: 0.9300, Energy: -13.35
Time Taken:  15.228064060211182
Test Accuracy: 0.9300, Energy: -11.53
Time Taken:  15.204835414886475
Test Accuracy: 0.9300, Energy: -9.89
Time Taken:  15.205315828323364
Test Accuracy: 0.9300, Energy: -12.49
Time Taken:  15.357706069946289
Test Accuracy: 0.9300, Energy: -14.94
Time Taken:  15.332947969436646
Test Accuracy: 0.9267, Energy: -14.74
Time Taken:  15.374568939208984
Test Accuracy: 0.9267, Energy: -14.43
Time Taken:  15.339797258377075
Test Accuracy: 0.9267, Energy: -14.62
Time Taken:  15.384258508682251
Test Accuracy: 0.9233, Energy: -19.41
Time Taken:  15.430657148361206
Test Accuracy: 0.9233, Energy: -17.09
Time Taken:  15.34073805809021
Test Accuracy: 0.9233, Energy: -17.44
Time Taken:  15.317538499832153
Test Accuracy: 0.9267, Energy: -16.54
Time Taken:  15.269969701766968
Test Accuracy: 0.9267, Energy: -19.32
Time Taken:  15.300395488739014
Test Accuracy: 0.9267, Energy: -21.87
Time Taken:  15.289111852645874
Test Accuracy: 0.9267, Energy: -25.39
Time Taken:  15.320202589035034
Test Accuracy: 0.9367, Energy: -25.11
Time Taken:  15.29521107673645
Test Accuracy: 0.9367, Energy: -24.59
Time Taken:  15.314124584197998
Test Accuracy: 0.9367, Energy: -25.35
Time Taken:  15.280114889144897
Test Accuracy: 0.9300, Energy: -20.29
Time Taken:  15.293036699295044
Test Accuracy: 0.9300, Energy: -22.81
Time Taken:  15.253443002700806
Test Accuracy: 0.9300, Energy: -26.96
Time Taken:  15.262954473495483
Test Accuracy: 0.9367, Energy: -29.61
Time Taken:  15.25840139389038
Test Accuracy: 0.9367, Energy: -29.59
Time Taken:  15.244098663330078
Test Accuracy: 0.9367, Energy: -32.08
Time Taken:  15.25639533996582
Test Accuracy: 0.9367, Energy: -33.40
Time Taken:  15.243714809417725
Test Accuracy: 0.9367, Energy: -35.91
Time Taken:  15.19056487083435
Test Accuracy: 0.9367, Energy: -36.88
Time Taken:  15.229618787765503
Test Accuracy: 0.9367, Energy: -36.01
Time Taken:  15.2830970287323
Test Accuracy: 0.9367, Energy: -32.30
Time Taken:  15.233879089355469
Test Accuracy: 0.9367, Energy: -30.63
Time Taken:  15.284970045089722
Test Accuracy: 0.9367, Energy: -30.78
Time Taken:  15.259770631790161
Test Accuracy: 0.9367, Energy: -30.28
Time Taken:  15.362304210662842
Test Accuracy: 0.9367, Energy: -33.91
Time Taken:  15.30081582069397
Test Accuracy: 0.9367, Energy: -40.78
Time Taken:  15.237386226654053
Test Accuracy: 0.9367, Energy: -43.12
Time Taken:  15.27329421043396
Test Accuracy: 0.9233, Energy: -45.64
Time Taken:  15.245699405670166
Test Accuracy: 0.9333, Energy: -42.92
Time Taken:  15.229402303695679
Test Accuracy: 0.9367, Energy: -39.16
Time Taken:  15.27312684059143
Test Accuracy: 0.9300, Energy: -40.61
Time Taken:  15.266788005828857
Test Accuracy: 0.9300, Energy: -39.39
Time Taken:  15.31084656715393
Test Accuracy: 0.9300, Energy: -39.05
Time Taken:  15.188472747802734
Test Accuracy: 0.9333, Energy: -37.60
Time Taken:  15.306243658065796
Test Accuracy: 0.9333, Energy: -35.24
Time Taken:  15.275107383728027
Test Accuracy: 0.9333, Energy: -35.61
Time Taken:  15.210582494735718
Test Accuracy: 0.9333, Energy: -39.80
Time Taken:  15.200340747833252
Test Accuracy: 0.9333, Energy: -41.50
Time Taken:  15.199666023254395
Test Accuracy: 0.9333, Energy: -38.58
Time Taken:  15.221908569335938
Test Accuracy: 0.9333, Energy: -39.68
Time Taken:  15.246918678283691
Test Accuracy: 0.9333, Energy: -37.71
Time Taken:  15.206314325332642
Test Accuracy: 0.9333, Energy: -39.68
Time Taken:  15.203219175338745
Test Accuracy: 0.9333, Energy: -39.41
Time Taken:  15.228191137313843
Test Accuracy: 0.9333, Energy: -40.10
Time Taken:  15.224003553390503
Test Accuracy: 0.9333, Energy: -39.46
Time Taken:  15.158238410949707
Test Accuracy: 0.9333, Energy: -35.82
Time Taken:  15.197206735610962
Test Accuracy: 0.9333, Energy: -36.59
Time Taken:  15.194140911102295
Test Accuracy: 0.9333, Energy: -31.95
Time Taken:  15.205751180648804
Test Accuracy: 0.9333, Energy: -35.57
Time Taken:  15.157992362976074
Test Accuracy: 0.9333, Energy: -34.20
Time Taken:  15.24286699295044
Test Accuracy: 0.9333, Energy: -37.24
Time Taken:  15.26088571548462
Test Accuracy: 0.9333, Energy: -39.31
Time Taken:  15.247329473495483
Test Accuracy: 0.9333, Energy: -40.47
Time Taken:  15.245147943496704
Test Accuracy: 0.9333, Energy: -38.50
Time Taken:  15.278058290481567
Test Accuracy: 0.9300, Energy: -39.25
Time Taken:  15.384836912155151
Test Accuracy: 0.9267, Energy: -40.91
Time Taken:  15.43097186088562
Test Accuracy: 0.9267, Energy: -40.86
Time Taken:  15.383031129837036
Test Accuracy: 0.9300, Energy: -42.13
Time Taken:  15.411412715911865
Test Accuracy: 0.9300, Energy: -37.74
Time Taken:  15.399856567382812
Test Accuracy: 0.9300, Energy: -39.41
Time Taken:  15.434761762619019
Test Accuracy: 0.9300, Energy: -40.55
Time Taken:  15.408952951431274
Test Accuracy: 0.9300, Energy: -43.44
Time Taken:  15.385801076889038
Test Accuracy: 0.9300, Energy: -42.07
Time Taken:  15.328410148620605
Test Accuracy: 0.9300, Energy: -45.01
Time Taken:  15.334999322891235
Test Accuracy: 0.9267, Energy: -44.87
Time Taken:  15.25110411643982
Test Accuracy: 0.9267, Energy: -49.03
Time Taken:  15.362985372543335
Test Accuracy: 0.9300, Energy: -44.26
Time Taken:  15.38558554649353
Test Accuracy: 0.9300, Energy: -45.11
Time Taken:  15.38233494758606
Test Accuracy: 0.9333, Energy: -44.07
Time Taken:  15.376591444015503
Test Accuracy: 0.9367, Energy: -45.52
Time Taken:  15.437294244766235
Test Accuracy: 0.9367, Energy: -46.50
Time Taken:  15.38669753074646
Test Accuracy: 0.9367, Energy: -50.28
Time Taken:  15.487964153289795
Test Accuracy: 0.9367, Energy: -53.47
Time Taken:  15.372687101364136
Final accuracies: [0.93, 0.93, 0.93, 0.93, 0.93, 0.93, 0.9333333333333333, 0.9333333333333333, 0.9333333333333333, 0.9333333333333333, 0.93, 0.93, 0.93, 0.9266666666666666, 0.93, 0.93, 0.93, 0.93, 0.93, 0.93, 0.93, 0.93, 0.93, 0.93, 0.9266666666666666, 0.9266666666666666, 0.9266666666666666, 0.9233333333333333, 0.9233333333333333, 0.9233333333333333, 0.9266666666666666, 0.9266666666666666, 0.9266666666666666, 0.9266666666666666, 0.9366666666666666, 0.9366666666666666, 0.9366666666666666, 0.93, 0.93, 0.93, 0.9366666666666666, 0.9366666666666666, 0.9366666666666666, 0.9366666666666666, 0.9366666666666666, 0.9366666666666666, 0.9366666666666666, 0.9366666666666666, 0.9366666666666666, 0.9366666666666666, 0.9366666666666666, 0.9366666666666666, 0.9366666666666666, 0.9366666666666666, 0.9233333333333333, 0.9333333333333333, 0.9366666666666666, 0.93, 0.93, 0.93, 0.9333333333333333, 0.9333333333333333, 0.9333333333333333, 0.9333333333333333, 0.9333333333333333, 0.9333333333333333, 0.9333333333333333, 0.9333333333333333, 0.9333333333333333, 0.9333333333333333, 0.9333333333333333, 0.9333333333333333, 0.9333333333333333, 0.9333333333333333, 0.9333333333333333, 0.9333333333333333, 0.9333333333333333, 0.9333333333333333, 0.9333333333333333, 0.9333333333333333, 0.9333333333333333, 0.93, 0.9266666666666666, 0.9266666666666666, 0.93, 0.93, 0.93, 0.93, 0.93, 0.93, 0.93, 0.9266666666666666, 0.9266666666666666, 0.93, 0.93, 0.9333333333333333, 0.9366666666666666, 0.9366666666666666, 0.9366666666666666, 0.9366666666666666]
Final energies: [-10.450839042663574, -11.252409934997559, -11.862005233764648, -10.280488014221191, -9.460794448852539, -10.578124046325684, -9.920279502868652, -11.318368911743164, -16.408395767211914, -14.860361099243164, -15.385330200195312, -13.504843711853027, -14.593405723571777, -14.053102493286133, -14.130224227905273, -17.041410446166992, -15.463659286499023, -14.32695484161377, -14.789713859558105, -13.352400779724121, -11.528796195983887, -9.888919830322266, -12.487083435058594, -14.94277286529541, -14.744479179382324, -14.431763648986816, -14.620628356933594, -19.406423568725586, -17.087305068969727, -17.440332412719727, -16.54144859313965, -19.316965103149414, -21.871505737304688, -25.393781661987305, -25.1118221282959, -24.593338012695312, -25.346128463745117, -20.29317855834961, -22.81118392944336, -26.96293830871582, -29.6110897064209, -29.59082794189453, -32.07842254638672, -33.39708709716797, -35.90507888793945, -36.879005432128906, -36.0130615234375, -32.29946517944336, -30.630117416381836, -30.778383255004883, -30.280269622802734, -33.90671920776367, -40.780521392822266, -43.124847412109375, -45.63715362548828, -42.92416763305664, -39.15639114379883, -40.608821868896484, -39.39445495605469, -39.04705047607422, -37.600440979003906, -35.23733139038086, -35.607547760009766, -39.80002975463867, -41.5040168762207, -38.58087921142578, -39.67646789550781, -37.710365295410156, -39.67856979370117, -39.41348648071289, -40.10426712036133, -39.463043212890625, -35.819271087646484, -36.590240478515625, -31.951208114624023, -35.56708908081055, -34.20460510253906, -37.23763656616211, -39.31442642211914, -40.466426849365234, -38.50078201293945, -39.251888275146484, -40.909481048583984, -40.86137008666992, -42.13093566894531, -37.73672103881836, -39.4125862121582, -40.54716110229492, -43.444480895996094, -42.071189880371094, -45.01212692260742, -44.86530303955078, -49.0304069519043, -44.258243560791016, -45.112953186035156, -44.06773376464844, -45.524925231933594, -46.49674606323242, -50.28193283081055, -53.46906661987305]
