Running with parameters: hidden=100, use_coupled=true, seed=92, lam=0.5, eta=0.5, batch=50
Test Loss: 0.0000, Test Accuracy: 1.0000, Energy: -35465.03125
Time taken:  1.5618443489074707
Test Loss: 0.0000, Test Accuracy: 1.0000, Energy: -994082.25
Time taken:  1.3263428211212158
Test Loss: 0.0000, Test Accuracy: 1.0000, Energy: -1907714.25
Time taken:  1.3579154014587402
Test Loss: 0.0000, Test Accuracy: 1.0000, Energy: -2585044.25
Time taken:  1.446315050125122
Test Loss: 0.0000, Test Accuracy: 1.0000, Energy: -3120584.5
Time taken:  1.4851889610290527
Test Loss: 0.0000, Test Accuracy: 1.0000, Energy: -3547187.0
Time taken:  1.548933982849121
Test Loss: 0.0000, Test Accuracy: 1.0000, Energy: -3889076.0
Time taken:  1.5007998943328857
Test Loss: 0.0000, Test Accuracy: 1.0000, Energy: -4167184.25
Time taken:  1.5270881652832031
Test Loss: 0.0000, Test Accuracy: 1.0000, Energy: -4393678.0
Time taken:  1.5230705738067627
Test Loss: 0.0000, Test Accuracy: 1.0000, Energy: -4585758.0
Time taken:  1.5095221996307373
Test Loss: 0.0000, Test Accuracy: 1.0000, Energy: -4744311.0
Time taken:  1.5108015537261963
Test Loss: 0.0000, Test Accuracy: 1.0000, Energy: -4874357.5
Time taken:  1.5185134410858154
Test Loss: 0.0000, Test Accuracy: 1.0000, Energy: -4982736.5
Time taken:  1.5109047889709473
Test Loss: 0.0000, Test Accuracy: 1.0000, Energy: -5073608.0
Time taken:  1.5283210277557373
Test Loss: 0.0000, Test Accuracy: 1.0000, Energy: -5149888.5
Time taken:  1.5260801315307617
Test Loss: 0.0000, Test Accuracy: 1.0000, Energy: -5213552.0
Time taken:  1.5220346450805664
Test Loss: 0.0000, Test Accuracy: 1.0000, Energy: -5266767.0
Time taken:  1.521653175354004
Test Loss: 0.0000, Test Accuracy: 1.0000, Energy: -5307254.0
Time taken:  1.5197882652282715
Test Loss: 0.0000, Test Accuracy: 1.0000, Energy: -5342415.5
Time taken:  1.5276823043823242
Test Loss: 0.0000, Test Accuracy: 1.0000, Energy: -5370630.0
Time taken:  1.524507999420166
Test Loss: 0.0000, Test Accuracy: 1.0000, Energy: -5396916.5
Time taken:  1.514514684677124
Test Loss: 0.0000, Test Accuracy: 1.0000, Energy: -5417924.5
Time taken:  1.5596206188201904
Test Loss: 0.0000, Test Accuracy: 1.0000, Energy: -5435491.0
Time taken:  1.5363960266113281
Test Loss: 0.0000, Test Accuracy: 1.0000, Energy: -5448398.5
Time taken:  1.5292425155639648
Test Loss: 0.0000, Test Accuracy: 1.0000, Energy: -5461389.5
Time taken:  1.5130877494812012
Test Loss: 0.0000, Test Accuracy: 1.0000, Energy: -5471139.0
Time taken:  1.520456314086914
Test Loss: 0.0000, Test Accuracy: 1.0000, Energy: -5477704.0
Time taken:  1.5334007740020752
Test Loss: 0.0000, Test Accuracy: 1.0000, Energy: -5485695.0
Time taken:  1.5121276378631592
Test Loss: 0.0000, Test Accuracy: 1.0000, Energy: -5490526.0
Time taken:  1.5370073318481445
Test Loss: 0.0000, Test Accuracy: 1.0000, Energy: -5494786.0
Time taken:  1.527791976928711
Test Loss: 0.0000, Test Accuracy: 1.0000, Energy: -5497932.5
Time taken:  1.5345656871795654
Test Loss: 0.0000, Test Accuracy: 1.0000, Energy: -5502122.0
Time taken:  1.5490097999572754
Test Loss: 0.0000, Test Accuracy: 1.0000, Energy: -5503200.5
Time taken:  1.5357747077941895
Test Loss: 0.0000, Test Accuracy: 1.0000, Energy: -5505141.5
Time taken:  1.5455067157745361
Test Loss: 0.0000, Test Accuracy: 1.0000, Energy: -5507781.5
Time taken:  1.5632669925689697
Test Loss: 0.0000, Test Accuracy: 1.0000, Energy: -5508830.0
Time taken:  1.575016736984253
Test Loss: 0.0000, Test Accuracy: 1.0000, Energy: -5510110.0
Time taken:  1.5685052871704102
Test Loss: 0.0000, Test Accuracy: 1.0000, Energy: -5511263.0
Time taken:  1.536794900894165
Test Loss: 0.0000, Test Accuracy: 1.0000, Energy: -5512215.5
Time taken:  1.5267555713653564
Test Loss: 0.0000, Test Accuracy: 1.0000, Energy: -5513324.0
Time taken:  1.5619807243347168
Test Loss: 0.0000, Test Accuracy: 1.0000, Energy: -5514632.5
Time taken:  1.5172944068908691
Test Loss: 0.0000, Test Accuracy: 1.0000, Energy: -5513276.0
Time taken:  1.5371348857879639
Test Loss: 0.0000, Test Accuracy: 1.0000, Energy: -5513777.5
Time taken:  1.533440351486206
Test Loss: 0.0000, Test Accuracy: 1.0000, Energy: -5514048.0
Time taken:  1.5182855129241943
Test Loss: 0.0000, Test Accuracy: 1.0000, Energy: -5515552.5
Time taken:  1.5754749774932861
Test Loss: 0.0000, Test Accuracy: 1.0000, Energy: -5514388.0
Time taken:  1.5308148860931396
Test Loss: 0.0000, Test Accuracy: 1.0000, Energy: -5514994.0
Time taken:  1.5530309677124023
Test Loss: 0.0000, Test Accuracy: 1.0000, Energy: -5514568.0
Time taken:  1.5283782482147217
Test Loss: 0.0000, Test Accuracy: 1.0000, Energy: -5514849.0
Time taken:  1.5222992897033691
Test Loss: 0.0000, Test Accuracy: 1.0000, Energy: -5514696.5
Time taken:  1.5149495601654053
Test Loss: 0.0000, Test Accuracy: 1.0000, Energy: -5515183.0
Time taken:  1.527691125869751
Test Loss: 0.0000, Test Accuracy: 1.0000, Energy: -5515135.0
Time taken:  1.534162998199463
Test Loss: 0.0000, Test Accuracy: 1.0000, Energy: -5515109.0
Time taken:  1.520268201828003
Test Loss: 0.0000, Test Accuracy: 1.0000, Energy: -5514809.0
Time taken:  1.5312042236328125
Test Loss: 0.0000, Test Accuracy: 1.0000, Energy: -5515447.0
Time taken:  1.5319101810455322
Test Loss: 0.0000, Test Accuracy: 1.0000, Energy: -5514871.5
Time taken:  1.5120959281921387
Test Loss: 0.0000, Test Accuracy: 1.0000, Energy: -5515752.5
Time taken:  1.5342509746551514
Test Loss: 0.0000, Test Accuracy: 1.0000, Energy: -5514927.0
Time taken:  1.535855770111084
Test Loss: 0.0000, Test Accuracy: 1.0000, Energy: -5515405.0
Time taken:  1.5464959144592285
Test Loss: 0.0000, Test Accuracy: 1.0000, Energy: -5515503.5
Time taken:  1.5533037185668945
Test Loss: 0.0000, Test Accuracy: 1.0000, Energy: -5515343.5
Time taken:  1.5534355640411377
Test Loss: 0.0000, Test Accuracy: 1.0000, Energy: -5515409.0
Time taken:  1.541715145111084
Test Loss: 0.0000, Test Accuracy: 1.0000, Energy: -5514863.0
Time taken:  1.5109012126922607
Test Loss: 0.0000, Test Accuracy: 1.0000, Energy: -5515371.5
Time taken:  1.5368115901947021
Test Loss: 0.0000, Test Accuracy: 1.0000, Energy: -5515938.5
Time taken:  1.5580735206604004
Test Loss: 0.0000, Test Accuracy: 1.0000, Energy: -5515500.0
Time taken:  1.509878396987915
Test Loss: 0.0000, Test Accuracy: 1.0000, Energy: -5514961.0
Time taken:  1.5579109191894531
Test Loss: 0.0000, Test Accuracy: 1.0000, Energy: -5515061.0
Time taken:  1.5204675197601318
Test Loss: 0.0000, Test Accuracy: 1.0000, Energy: -5515970.0
Time taken:  1.5190954208374023
Test Loss: 0.0000, Test Accuracy: 1.0000, Energy: -5515704.5
Time taken:  1.5261409282684326
Test Loss: 0.0000, Test Accuracy: 1.0000, Energy: -5516602.0
Time taken:  1.5227031707763672
Test Loss: 0.0000, Test Accuracy: 1.0000, Energy: -5515817.0
Time taken:  1.5094473361968994
Test Loss: 0.0000, Test Accuracy: 1.0000, Energy: -5515349.5
Time taken:  1.548382043838501
Test Loss: 0.0000, Test Accuracy: 1.0000, Energy: -5516190.5
Time taken:  1.5359909534454346
Test Loss: 0.0000, Test Accuracy: 1.0000, Energy: -5514734.0
Time taken:  1.5576856136322021
Test Loss: 0.0000, Test Accuracy: 1.0000, Energy: -5515829.5
Time taken:  1.5373048782348633
Test Loss: 0.0000, Test Accuracy: 1.0000, Energy: -5515603.0
Time taken:  1.5350019931793213
Test Loss: 0.0000, Test Accuracy: 1.0000, Energy: -5515121.0
Time taken:  1.575756311416626
Test Loss: 0.0000, Test Accuracy: 1.0000, Energy: -5515643.5
Time taken:  1.548288345336914
Test Loss: 0.0000, Test Accuracy: 1.0000, Energy: -5515741.5
Time taken:  1.528899908065796
Test Loss: 0.0000, Test Accuracy: 1.0000, Energy: -5515312.0
Time taken:  1.5526714324951172
Test Loss: 0.0000, Test Accuracy: 1.0000, Energy: -5515430.0
Time taken:  1.562716007232666
Test Loss: 0.0000, Test Accuracy: 1.0000, Energy: -5515856.0
Time taken:  1.5721213817596436
Test Loss: 0.0000, Test Accuracy: 1.0000, Energy: -5515322.0
Time taken:  1.535430908203125
Test Loss: 0.0000, Test Accuracy: 1.0000, Energy: -5516103.0
Time taken:  1.5071182250976562
Test Loss: 0.0000, Test Accuracy: 1.0000, Energy: -5516079.0
Time taken:  1.524953842163086
Test Loss: 0.0000, Test Accuracy: 1.0000, Energy: -5515890.0
Time taken:  1.5218663215637207
Test Loss: 0.0000, Test Accuracy: 1.0000, Energy: -5515806.5
Time taken:  1.5116357803344727
Test Loss: 0.0000, Test Accuracy: 1.0000, Energy: -5515482.0
Time taken:  1.5242712497711182
Test Loss: 0.0000, Test Accuracy: 1.0000, Energy: -5515801.5
Time taken:  1.5292689800262451
Test Loss: 0.0000, Test Accuracy: 1.0000, Energy: -5516067.0
Time taken:  1.5201735496520996
Test Loss: 0.0000, Test Accuracy: 1.0000, Energy: -5516150.5
Time taken:  1.5214147567749023
Test Loss: 0.0000, Test Accuracy: 1.0000, Energy: -5514915.5
Time taken:  1.5324501991271973
Test Loss: 0.0000, Test Accuracy: 1.0000, Energy: -5516113.0
Time taken:  1.5269560813903809
Test Loss: 0.0000, Test Accuracy: 1.0000, Energy: -5515723.5
Time taken:  1.5327579975128174
Test Loss: 0.0000, Test Accuracy: 1.0000, Energy: -5515874.5
Time taken:  1.5320775508880615
Test Loss: 0.0000, Test Accuracy: 1.0000, Energy: -5515572.5
Time taken:  1.5549540519714355
Test Loss: 0.0000, Test Accuracy: 1.0000, Energy: -5515522.0
Time taken:  1.5356011390686035
Test Loss: 0.0000, Test Accuracy: 1.0000, Energy: -5514831.0
Time taken:  1.5293927192687988
Test Loss: 0.0000, Test Accuracy: 1.0000, Energy: -5515739.5
Time taken:  1.5443124771118164
Final accuracies: [1.0, 1.0, 1.0, 1.0, 1.0, 1.0, 1.0, 1.0, 1.0, 1.0, 1.0, 1.0, 1.0, 1.0, 1.0, 1.0, 1.0, 1.0, 1.0, 1.0, 1.0, 1.0, 1.0, 1.0, 1.0, 1.0, 1.0, 1.0, 1.0, 1.0, 1.0, 1.0, 1.0, 1.0, 1.0, 1.0, 1.0, 1.0, 1.0, 1.0, 1.0, 1.0, 1.0, 1.0, 1.0, 1.0, 1.0, 1.0, 1.0, 1.0, 1.0, 1.0, 1.0, 1.0, 1.0, 1.0, 1.0, 1.0, 1.0, 1.0, 1.0, 1.0, 1.0, 1.0, 1.0, 1.0, 1.0, 1.0, 1.0, 1.0, 1.0, 1.0, 1.0, 1.0, 1.0, 1.0, 1.0, 1.0, 1.0, 1.0, 1.0, 1.0, 1.0, 1.0, 1.0, 1.0, 1.0, 1.0, 1.0, 1.0, 1.0, 1.0, 1.0, 1.0, 1.0, 1.0, 1.0, 1.0, 1.0, 1.0]
Final energies: [-35465.03125, -994082.25, -1907714.25, -2585044.25, -3120584.5, -3547187.0, -3889076.0, -4167184.25, -4393678.0, -4585758.0, -4744311.0, -4874357.5, -4982736.5, -5073608.0, -5149888.5, -5213552.0, -5266767.0, -5307254.0, -5342415.5, -5370630.0, -5396916.5, -5417924.5, -5435491.0, -5448398.5, -5461389.5, -5471139.0, -5477704.0, -5485695.0, -5490526.0, -5494786.0, -5497932.5, -5502122.0, -5503200.5, -5505141.5, -5507781.5, -5508830.0, -5510110.0, -5511263.0, -5512215.5, -5513324.0, -5514632.5, -5513276.0, -5513777.5, -5514048.0, -5515552.5, -5514388.0, -5514994.0, -5514568.0, -5514849.0, -5514696.5, -5515183.0, -5515135.0, -5515109.0, -5514809.0, -5515447.0, -5514871.5, -5515752.5, -5514927.0, -5515405.0, -5515503.5, -5515343.5, -5515409.0, -5514863.0, -5515371.5, -5515938.5, -5515500.0, -5514961.0, -5515061.0, -5515970.0, -5515704.5, -5516602.0, -5515817.0, -5515349.5, -5516190.5, -5514734.0, -5515829.5, -5515603.0, -5515121.0, -5515643.5, -5515741.5, -5515312.0, -5515430.0, -5515856.0, -5515322.0, -5516103.0, -5516079.0, -5515890.0, -5515806.5, -5515482.0, -5515801.5, -5516067.0, -5516150.5, -5514915.5, -5516113.0, -5515723.5, -5515874.5, -5515572.5, -5515522.0, -5514831.0, -5515739.5]
