Running with parameters: hidden=100, use_coupled=true, seed=32, lam=0.5, eta=0.5, batch=50
Test Loss: 0.0000, Test Accuracy: 1.0000, Energy: -43152.5234375
Time taken:  1.8925869464874268
Test Loss: 0.0000, Test Accuracy: 0.9967, Energy: -1119999.75
Time taken:  1.6574430465698242
Test Loss: 0.0000, Test Accuracy: 1.0000, Energy: -2119403.75
Time taken:  1.6313562393188477
Test Loss: 0.0000, Test Accuracy: 1.0000, Energy: -2856998.25
Time taken:  1.67746901512146
Test Loss: 0.0000, Test Accuracy: 1.0000, Energy: -3425698.25
Time taken:  1.644249439239502
Test Loss: 0.0000, Test Accuracy: 1.0000, Energy: -3889181.75
Time taken:  1.657210111618042
Test Loss: 0.0000, Test Accuracy: 0.9967, Energy: -4268695.0
Time taken:  1.6701700687408447
Test Loss: 0.0000, Test Accuracy: 0.9967, Energy: -4573301.0
Time taken:  1.705186367034912
Test Loss: 0.0000, Test Accuracy: 0.9967, Energy: -4827526.0
Time taken:  1.6794817447662354
Test Loss: 0.0000, Test Accuracy: 0.9967, Energy: -5034606.0
Time taken:  1.659775972366333
Test Loss: 0.0000, Test Accuracy: 0.9967, Energy: -5209785.0
Time taken:  1.6795928478240967
Test Loss: 0.0000, Test Accuracy: 0.9967, Energy: -5355381.5
Time taken:  1.670104742050171
Test Loss: 0.0000, Test Accuracy: 0.9967, Energy: -5473389.0
Time taken:  1.6663846969604492
Test Loss: 0.0000, Test Accuracy: 0.9967, Energy: -5572741.0
Time taken:  1.6655652523040771
Test Loss: 0.0000, Test Accuracy: 0.9967, Energy: -5654582.0
Time taken:  1.720665693283081
Test Loss: 0.0000, Test Accuracy: 0.9967, Energy: -5722207.5
Time taken:  1.702688217163086
Test Loss: 0.0000, Test Accuracy: 0.9967, Energy: -5778133.5
Time taken:  1.7085394859313965
Test Loss: 0.0000, Test Accuracy: 0.9967, Energy: -5823670.0
Time taken:  1.7035057544708252
Test Loss: 0.0000, Test Accuracy: 0.9967, Energy: -5862824.0
Time taken:  1.675288200378418
Test Loss: 0.0000, Test Accuracy: 0.9967, Energy: -5894740.0
Time taken:  1.6737892627716064
Test Loss: 0.0000, Test Accuracy: 0.9967, Energy: -5921510.5
Time taken:  1.677227258682251
Test Loss: 0.0000, Test Accuracy: 0.9967, Energy: -5942810.5
Time taken:  1.7269964218139648
Test Loss: 0.0000, Test Accuracy: 0.9967, Energy: -5962013.5
Time taken:  1.7059414386749268
Test Loss: 0.0000, Test Accuracy: 0.9967, Energy: -5976203.5
Time taken:  1.6698479652404785
Test Loss: 0.0000, Test Accuracy: 0.9967, Energy: -5988846.5
Time taken:  1.6797912120819092
Test Loss: 0.0000, Test Accuracy: 0.9967, Energy: -5998275.5
Time taken:  1.7078142166137695
Test Loss: 0.0000, Test Accuracy: 0.9967, Energy: -6006796.0
Time taken:  1.701474905014038
Test Loss: 0.0000, Test Accuracy: 0.9967, Energy: -6013771.5
Time taken:  1.667595624923706
Test Loss: 0.0000, Test Accuracy: 0.9967, Energy: -6020682.0
Time taken:  1.679105520248413
Test Loss: 0.0000, Test Accuracy: 0.9967, Energy: -6025298.0
Time taken:  1.6677958965301514
Test Loss: 0.0000, Test Accuracy: 0.9967, Energy: -6028917.0
Time taken:  1.7079682350158691
Test Loss: 0.0000, Test Accuracy: 0.9967, Energy: -6031660.5
Time taken:  1.671196699142456
Test Loss: 0.0000, Test Accuracy: 0.9967, Energy: -6034311.0
Time taken:  1.6927709579467773
Test Loss: 0.0000, Test Accuracy: 0.9967, Energy: -6036660.0
Time taken:  1.6849329471588135
Test Loss: 0.0000, Test Accuracy: 0.9967, Energy: -6038611.5
Time taken:  1.6753551959991455
Test Loss: 0.0000, Test Accuracy: 0.9967, Energy: -6039781.0
Time taken:  1.6762096881866455
Test Loss: 0.0000, Test Accuracy: 0.9967, Energy: -6041172.5
Time taken:  1.6738038063049316
Test Loss: 0.0000, Test Accuracy: 0.9967, Energy: -6041939.5
Time taken:  1.6677403450012207
Test Loss: 0.0000, Test Accuracy: 0.9967, Energy: -6042616.5
Time taken:  1.685711145401001
Test Loss: 0.0000, Test Accuracy: 0.9967, Energy: -6043335.5
Time taken:  1.6696243286132812
Test Loss: 0.0000, Test Accuracy: 0.9967, Energy: -6043712.0
Time taken:  1.7228505611419678
Test Loss: 0.0000, Test Accuracy: 0.9967, Energy: -6044243.0
Time taken:  1.7118427753448486
Test Loss: 0.0000, Test Accuracy: 0.9967, Energy: -6044414.0
Time taken:  1.674919605255127
Test Loss: 0.0000, Test Accuracy: 0.9967, Energy: -6045158.5
Time taken:  1.6790668964385986
Test Loss: 0.0000, Test Accuracy: 0.9967, Energy: -6044898.5
Time taken:  1.6873559951782227
Test Loss: 0.0000, Test Accuracy: 0.9967, Energy: -6045022.0
Time taken:  1.683159589767456
Test Loss: 0.0000, Test Accuracy: 0.9967, Energy: -6045261.0
Time taken:  1.670405387878418
Test Loss: 0.0000, Test Accuracy: 0.9967, Energy: -6045887.0
Time taken:  1.6832265853881836
Test Loss: 0.0000, Test Accuracy: 0.9967, Energy: -6045724.0
Time taken:  1.6679749488830566
Test Loss: 0.0000, Test Accuracy: 0.9967, Energy: -6046092.0
Time taken:  1.717545986175537
Test Loss: 0.0000, Test Accuracy: 0.9967, Energy: -6045699.5
Time taken:  1.6759614944458008
Test Loss: 0.0000, Test Accuracy: 0.9967, Energy: -6045993.0
Time taken:  1.6763741970062256
Test Loss: 0.0000, Test Accuracy: 0.9967, Energy: -6045903.0
Time taken:  1.7268598079681396
Test Loss: 0.0000, Test Accuracy: 0.9967, Energy: -6046203.5
Time taken:  1.6752996444702148
Test Loss: 0.0000, Test Accuracy: 0.9967, Energy: -6045749.0
Time taken:  1.7133784294128418
Test Loss: 0.0000, Test Accuracy: 0.9967, Energy: -6046063.0
Time taken:  1.6622989177703857
Test Loss: 0.0000, Test Accuracy: 0.9967, Energy: -6046123.0
Time taken:  1.665632963180542
Test Loss: 0.0000, Test Accuracy: 0.9967, Energy: -6046253.0
Time taken:  1.674102544784546
Test Loss: 0.0000, Test Accuracy: 0.9967, Energy: -6046062.0
Time taken:  1.7080729007720947
Test Loss: 0.0000, Test Accuracy: 0.9967, Energy: -6046212.0
Time taken:  1.722653865814209
Test Loss: 0.0000, Test Accuracy: 0.9967, Energy: -6046179.0
Time taken:  1.674011468887329
Test Loss: 0.0000, Test Accuracy: 0.9967, Energy: -6046127.0
Time taken:  1.6864652633666992
Test Loss: 0.0000, Test Accuracy: 0.9967, Energy: -6046211.5
Time taken:  1.6696264743804932
Test Loss: 0.0000, Test Accuracy: 0.9967, Energy: -6046259.5
Time taken:  1.7218098640441895
Test Loss: 0.0000, Test Accuracy: 0.9967, Energy: -6046404.0
Time taken:  1.668266773223877
Test Loss: 0.0000, Test Accuracy: 0.9967, Energy: -6045912.5
Time taken:  1.7349863052368164
Test Loss: 0.0000, Test Accuracy: 0.9967, Energy: -6046152.0
Time taken:  1.662158727645874
Test Loss: 0.0000, Test Accuracy: 0.9967, Energy: -6046369.0
Time taken:  1.6819431781768799
Test Loss: 0.0000, Test Accuracy: 0.9967, Energy: -6046310.5
Time taken:  1.6660003662109375
Test Loss: 0.0000, Test Accuracy: 0.9967, Energy: -6046165.5
Time taken:  1.7176225185394287
Test Loss: 0.0000, Test Accuracy: 0.9967, Energy: -6046486.0
Time taken:  1.6780407428741455
Test Loss: 0.0000, Test Accuracy: 0.9967, Energy: -6046031.0
Time taken:  1.7137751579284668
Test Loss: 0.0000, Test Accuracy: 0.9967, Energy: -6046445.5
Time taken:  1.6736161708831787
Test Loss: 0.0000, Test Accuracy: 0.9967, Energy: -6046125.5
Time taken:  1.7127254009246826
Test Loss: 0.0000, Test Accuracy: 0.9967, Energy: -6046112.0
Time taken:  1.681828260421753
Test Loss: 0.0000, Test Accuracy: 0.9967, Energy: -6046138.0
Time taken:  1.718153953552246
Test Loss: 0.0000, Test Accuracy: 0.9967, Energy: -6046348.0
Time taken:  1.6828088760375977
Test Loss: 0.0000, Test Accuracy: 0.9967, Energy: -6046228.5
Time taken:  1.6736037731170654
Test Loss: 0.0000, Test Accuracy: 0.9967, Energy: -6046055.0
Time taken:  1.6651184558868408
Test Loss: 0.0000, Test Accuracy: 0.9967, Energy: -6046056.0
Time taken:  1.7216899394989014
Test Loss: 0.0000, Test Accuracy: 0.9967, Energy: -6045952.5
Time taken:  1.730043888092041
Test Loss: 0.0000, Test Accuracy: 0.9967, Energy: -6046125.0
Time taken:  1.7129149436950684
Test Loss: 0.0000, Test Accuracy: 0.9967, Energy: -6046079.0
Time taken:  1.6731655597686768
Test Loss: 0.0000, Test Accuracy: 0.9967, Energy: -6046157.0
Time taken:  1.672675371170044
Test Loss: 0.0000, Test Accuracy: 0.9967, Energy: -6046471.0
Time taken:  1.702375888824463
Test Loss: 0.0000, Test Accuracy: 0.9967, Energy: -6046241.5
Time taken:  1.6630830764770508
Test Loss: 0.0000, Test Accuracy: 0.9967, Energy: -6046475.5
Time taken:  1.6671864986419678
Test Loss: 0.0000, Test Accuracy: 0.9967, Energy: -6045952.0
Time taken:  1.6641895771026611
Test Loss: 0.0000, Test Accuracy: 0.9967, Energy: -6046339.0
Time taken:  1.6730773448944092
Test Loss: 0.0000, Test Accuracy: 0.9967, Energy: -6045971.0
Time taken:  1.6794497966766357
Test Loss: 0.0000, Test Accuracy: 0.9967, Energy: -6046302.0
Time taken:  1.630237102508545
Test Loss: 0.0000, Test Accuracy: 0.9967, Energy: -6046371.0
Time taken:  1.5487556457519531
Test Loss: 0.0000, Test Accuracy: 0.9967, Energy: -6046205.5
Time taken:  1.3503367900848389
Test Loss: 0.0000, Test Accuracy: 0.9967, Energy: -6046216.0
Time taken:  1.362980842590332
Test Loss: 0.0000, Test Accuracy: 0.9967, Energy: -6046105.5
Time taken:  1.3581290245056152
Test Loss: 0.0000, Test Accuracy: 0.9967, Energy: -6046149.0
Time taken:  1.3255975246429443
Test Loss: 0.0000, Test Accuracy: 0.9967, Energy: -6046394.5
Time taken:  1.3099174499511719
Test Loss: 0.0000, Test Accuracy: 0.9967, Energy: -6046226.5
Time taken:  1.3167057037353516
Test Loss: 0.0000, Test Accuracy: 0.9967, Energy: -6046367.5
Time taken:  1.3129353523254395
Test Loss: 0.0000, Test Accuracy: 0.9967, Energy: -6046318.0
Time taken:  1.3184328079223633
Final accuracies: [1.0, 0.9966666666666667, 1.0, 1.0, 1.0, 1.0, 0.9966666666666667, 0.9966666666666667, 0.9966666666666667, 0.9966666666666667, 0.9966666666666667, 0.9966666666666667, 0.9966666666666667, 0.9966666666666667, 0.9966666666666667, 0.9966666666666667, 0.9966666666666667, 0.9966666666666667, 0.9966666666666667, 0.9966666666666667, 0.9966666666666667, 0.9966666666666667, 0.9966666666666667, 0.9966666666666667, 0.9966666666666667, 0.9966666666666667, 0.9966666666666667, 0.9966666666666667, 0.9966666666666667, 0.9966666666666667, 0.9966666666666667, 0.9966666666666667, 0.9966666666666667, 0.9966666666666667, 0.9966666666666667, 0.9966666666666667, 0.9966666666666667, 0.9966666666666667, 0.9966666666666667, 0.9966666666666667, 0.9966666666666667, 0.9966666666666667, 0.9966666666666667, 0.9966666666666667, 0.9966666666666667, 0.9966666666666667, 0.9966666666666667, 0.9966666666666667, 0.9966666666666667, 0.9966666666666667, 0.9966666666666667, 0.9966666666666667, 0.9966666666666667, 0.9966666666666667, 0.9966666666666667, 0.9966666666666667, 0.9966666666666667, 0.9966666666666667, 0.9966666666666667, 0.9966666666666667, 0.9966666666666667, 0.9966666666666667, 0.9966666666666667, 0.9966666666666667, 0.9966666666666667, 0.9966666666666667, 0.9966666666666667, 0.9966666666666667, 0.9966666666666667, 0.9966666666666667, 0.9966666666666667, 0.9966666666666667, 0.9966666666666667, 0.9966666666666667, 0.9966666666666667, 0.9966666666666667, 0.9966666666666667, 0.9966666666666667, 0.9966666666666667, 0.9966666666666667, 0.9966666666666667, 0.9966666666666667, 0.9966666666666667, 0.9966666666666667, 0.9966666666666667, 0.9966666666666667, 0.9966666666666667, 0.9966666666666667, 0.9966666666666667, 0.9966666666666667, 0.9966666666666667, 0.9966666666666667, 0.9966666666666667, 0.9966666666666667, 0.9966666666666667, 0.9966666666666667, 0.9966666666666667, 0.9966666666666667, 0.9966666666666667, 0.9966666666666667]
Final energies: [-43152.5234375, -1119999.75, -2119403.75, -2856998.25, -3425698.25, -3889181.75, -4268695.0, -4573301.0, -4827526.0, -5034606.0, -5209785.0, -5355381.5, -5473389.0, -5572741.0, -5654582.0, -5722207.5, -5778133.5, -5823670.0, -5862824.0, -5894740.0, -5921510.5, -5942810.5, -5962013.5, -5976203.5, -5988846.5, -5998275.5, -6006796.0, -6013771.5, -6020682.0, -6025298.0, -6028917.0, -6031660.5, -6034311.0, -6036660.0, -6038611.5, -6039781.0, -6041172.5, -6041939.5, -6042616.5, -6043335.5, -6043712.0, -6044243.0, -6044414.0, -6045158.5, -6044898.5, -6045022.0, -6045261.0, -6045887.0, -6045724.0, -6046092.0, -6045699.5, -6045993.0, -6045903.0, -6046203.5, -6045749.0, -6046063.0, -6046123.0, -6046253.0, -6046062.0, -6046212.0, -6046179.0, -6046127.0, -6046211.5, -6046259.5, -6046404.0, -6045912.5, -6046152.0, -6046369.0, -6046310.5, -6046165.5, -6046486.0, -6046031.0, -6046445.5, -6046125.5, -6046112.0, -6046138.0, -6046348.0, -6046228.5, -6046055.0, -6046056.0, -6045952.5, -6046125.0, -6046079.0, -6046157.0, -6046471.0, -6046241.5, -6046475.5, -6045952.0, -6046339.0, -6045971.0, -6046302.0, -6046371.0, -6046205.5, -6046216.0, -6046105.5, -6046149.0, -6046394.5, -6046226.5, -6046367.5, -6046318.0]
