Running with parameters: hidden=100, use_coupled=true, seed=78, lam=0.5, eta=0.5, batch=50
Test Loss: 0.0000, Test Accuracy: 1.0000, Energy: -26120.033203125
Time taken:  2.9502177238464355
Test Loss: 0.0000, Test Accuracy: 0.9967, Energy: -740674.6875
Time taken:  3.2096176147460938
Test Loss: 0.0000, Test Accuracy: 0.9967, Energy: -1457218.75
Time taken:  3.0488522052764893
Test Loss: 0.0000, Test Accuracy: 0.9967, Energy: -2034656.0
Time taken:  3.2187933921813965
Test Loss: 0.0000, Test Accuracy: 0.9967, Energy: -2497850.0
Time taken:  3.0301661491394043
Test Loss: 0.0000, Test Accuracy: 0.9967, Energy: -2878928.25
Time taken:  3.07322359085083
Test Loss: 0.0000, Test Accuracy: 0.9967, Energy: -3185419.25
Time taken:  3.113251209259033
Test Loss: 0.0000, Test Accuracy: 0.9967, Energy: -3436211.0
Time taken:  3.0710198879241943
Test Loss: 0.0000, Test Accuracy: 0.9967, Energy: -3641482.0
Time taken:  3.113950729370117
Test Loss: 0.0000, Test Accuracy: 0.9967, Energy: -3811050.25
Time taken:  3.1021485328674316
Test Loss: 0.0000, Test Accuracy: 0.9967, Energy: -3952625.5
Time taken:  3.210991621017456
Test Loss: 0.0000, Test Accuracy: 0.9967, Energy: -4067601.5
Time taken:  3.2821173667907715
Test Loss: 0.0000, Test Accuracy: 0.9967, Energy: -4164195.75
Time taken:  3.205631971359253
Test Loss: 0.0000, Test Accuracy: 0.9967, Energy: -4245513.0
Time taken:  3.1458323001861572
Test Loss: 0.0000, Test Accuracy: 0.9967, Energy: -4313329.5
Time taken:  3.086740016937256
Test Loss: 0.0000, Test Accuracy: 0.9967, Energy: -4369178.0
Time taken:  3.136934280395508
Test Loss: 0.0000, Test Accuracy: 0.9967, Energy: -4415820.0
Time taken:  3.0953903198242188
Test Loss: 0.0000, Test Accuracy: 0.9967, Energy: -4454646.5
Time taken:  3.1160073280334473
Test Loss: 0.0000, Test Accuracy: 0.9967, Energy: -4485651.5
Time taken:  3.1352057456970215
Test Loss: 0.0000, Test Accuracy: 0.9967, Energy: -4512129.0
Time taken:  3.075763702392578
Test Loss: 0.0000, Test Accuracy: 0.9967, Energy: -4535226.5
Time taken:  3.121448516845703
Test Loss: 0.0000, Test Accuracy: 0.9967, Energy: -4553388.5
Time taken:  3.131934881210327
Test Loss: 0.0000, Test Accuracy: 0.9967, Energy: -4567638.0
Time taken:  3.150383472442627
Test Loss: 0.0000, Test Accuracy: 0.9967, Energy: -4580625.5
Time taken:  3.201068878173828
Test Loss: 0.0000, Test Accuracy: 0.9967, Energy: -4590653.5
Time taken:  3.1680428981781006
Test Loss: 0.0000, Test Accuracy: 0.9967, Energy: -4599217.0
Time taken:  3.177100896835327
Test Loss: 0.0000, Test Accuracy: 0.9967, Energy: -4605579.5
Time taken:  3.1028056144714355
Test Loss: 0.0000, Test Accuracy: 0.9967, Energy: -4612235.0
Time taken:  3.080392360687256
Test Loss: 0.0000, Test Accuracy: 0.9967, Energy: -4616757.0
Time taken:  3.1782712936401367
Test Loss: 0.0000, Test Accuracy: 0.9967, Energy: -4620969.5
Time taken:  3.146449089050293
Test Loss: 0.0000, Test Accuracy: 0.9967, Energy: -4623493.5
Time taken:  3.043644905090332
Test Loss: 0.0000, Test Accuracy: 0.9967, Energy: -4627116.5
Time taken:  3.089510679244995
Test Loss: 0.0000, Test Accuracy: 0.9967, Energy: -4629068.5
Time taken:  3.005056142807007
Test Loss: 0.0000, Test Accuracy: 0.9967, Energy: -4630206.5
Time taken:  3.202315092086792
Test Loss: 0.0000, Test Accuracy: 0.9967, Energy: -4632228.0
Time taken:  3.1544742584228516
Test Loss: 0.0000, Test Accuracy: 0.9967, Energy: -4632699.5
Time taken:  3.0437748432159424
Test Loss: 0.0000, Test Accuracy: 0.9967, Energy: -4634000.5
Time taken:  3.0628914833068848
Test Loss: 0.0000, Test Accuracy: 0.9967, Energy: -4634685.5
Time taken:  3.092165470123291
Test Loss: 0.0000, Test Accuracy: 0.9967, Energy: -4634986.5
Time taken:  3.092111825942993
Test Loss: 0.0000, Test Accuracy: 0.9967, Energy: -4636657.0
Time taken:  3.0992343425750732
Test Loss: 0.0000, Test Accuracy: 0.9967, Energy: -4637011.0
Time taken:  3.0478196144104004
Test Loss: 0.0000, Test Accuracy: 0.9967, Energy: -4636900.5
Time taken:  3.0175323486328125
Test Loss: 0.0000, Test Accuracy: 0.9967, Energy: -4637884.5
Time taken:  2.9817967414855957
Test Loss: 0.0000, Test Accuracy: 0.9967, Energy: -4637768.0
Time taken:  3.0362627506256104
Test Loss: 0.0000, Test Accuracy: 0.9967, Energy: -4638415.0
Time taken:  3.0163140296936035
Test Loss: 0.0000, Test Accuracy: 0.9967, Energy: -4638286.5
Time taken:  3.076012134552002
Test Loss: 0.0000, Test Accuracy: 0.9967, Energy: -4638433.0
Time taken:  3.087639331817627
Test Loss: 0.0000, Test Accuracy: 0.9967, Energy: -4638474.5
Time taken:  3.0551435947418213
Test Loss: 0.0000, Test Accuracy: 0.9967, Energy: -4638407.5
Time taken:  3.0395758152008057
Test Loss: 0.0000, Test Accuracy: 0.9967, Energy: -4638458.0
Time taken:  3.0805091857910156
Test Loss: 0.0000, Test Accuracy: 0.9967, Energy: -4638712.0
Time taken:  3.1312949657440186
Test Loss: 0.0000, Test Accuracy: 0.9967, Energy: -4638721.5
Time taken:  3.149836301803589
Test Loss: 0.0000, Test Accuracy: 0.9967, Energy: -4638907.0
Time taken:  3.07503604888916
Test Loss: 0.0000, Test Accuracy: 0.9967, Energy: -4638828.0
Time taken:  3.1444790363311768
Test Loss: 0.0000, Test Accuracy: 0.9967, Energy: -4639003.0
Time taken:  3.090940237045288
Test Loss: 0.0000, Test Accuracy: 0.9967, Energy: -4638859.5
Time taken:  3.031477928161621
Test Loss: 0.0000, Test Accuracy: 0.9967, Energy: -4638539.0
Time taken:  3.0214993953704834
Test Loss: 0.0000, Test Accuracy: 0.9967, Energy: -4638909.5
Time taken:  2.9738988876342773
Test Loss: 0.0000, Test Accuracy: 0.9967, Energy: -4638525.0
Time taken:  2.8742306232452393
Test Loss: 0.0000, Test Accuracy: 0.9967, Energy: -4638610.0
Time taken:  2.9903523921966553
Test Loss: 0.0000, Test Accuracy: 0.9967, Energy: -4638643.0
Time taken:  2.9031119346618652
Test Loss: 0.0000, Test Accuracy: 0.9967, Energy: -4639030.5
Time taken:  2.9980275630950928
Test Loss: 0.0000, Test Accuracy: 0.9967, Energy: -4638842.5
Time taken:  2.9935286045074463
Test Loss: 0.0000, Test Accuracy: 0.9967, Energy: -4638357.0
Time taken:  3.0003085136413574
Test Loss: 0.0000, Test Accuracy: 0.9967, Energy: -4638717.0
Time taken:  2.9204745292663574
Test Loss: 0.0000, Test Accuracy: 0.9967, Energy: -4638802.0
Time taken:  2.9250173568725586
Test Loss: 0.0000, Test Accuracy: 0.9967, Energy: -4638895.5
Time taken:  2.8730618953704834
Test Loss: 0.0000, Test Accuracy: 0.9967, Energy: -4638541.0
Time taken:  2.897385597229004
Test Loss: 0.0000, Test Accuracy: 0.9967, Energy: -4638834.0
Time taken:  2.896017551422119
Test Loss: 0.0000, Test Accuracy: 0.9967, Energy: -4639127.5
Time taken:  2.850257158279419
Test Loss: 0.0000, Test Accuracy: 0.9967, Energy: -4638985.0
Time taken:  2.852095127105713
Test Loss: 0.0000, Test Accuracy: 0.9967, Energy: -4639264.5
Time taken:  2.8486273288726807
Test Loss: 0.0000, Test Accuracy: 0.9967, Energy: -4638530.5
Time taken:  2.7895848751068115
Test Loss: 0.0000, Test Accuracy: 0.9967, Energy: -4639133.5
Time taken:  2.762305736541748
Test Loss: 0.0000, Test Accuracy: 0.9967, Energy: -4638934.0
Time taken:  2.799248695373535
Test Loss: 0.0000, Test Accuracy: 0.9967, Energy: -4638890.0
Time taken:  2.7865467071533203
Test Loss: 0.0000, Test Accuracy: 0.9967, Energy: -4638904.5
Time taken:  2.809924602508545
Test Loss: 0.0000, Test Accuracy: 0.9967, Energy: -4639132.5
Time taken:  2.780856132507324
Test Loss: 0.0000, Test Accuracy: 0.9967, Energy: -4638828.0
Time taken:  2.7689273357391357
Test Loss: 0.0000, Test Accuracy: 0.9967, Energy: -4639098.0
Time taken:  2.8117642402648926
Test Loss: 0.0000, Test Accuracy: 0.9967, Energy: -4638813.5
Time taken:  2.8503031730651855
Test Loss: 0.0000, Test Accuracy: 0.9967, Energy: -4638861.0
Time taken:  2.8436813354492188
Test Loss: 0.0000, Test Accuracy: 0.9967, Energy: -4638368.0
Time taken:  2.8795619010925293
Test Loss: 0.0000, Test Accuracy: 0.9967, Energy: -4639312.0
Time taken:  2.8637242317199707
Test Loss: 0.0000, Test Accuracy: 0.9967, Energy: -4639051.5
Time taken:  2.867311477661133
Test Loss: 0.0000, Test Accuracy: 0.9967, Energy: -4639366.0
Time taken:  2.874485492706299
Test Loss: 0.0000, Test Accuracy: 0.9967, Energy: -4638843.0
Time taken:  2.7964370250701904
Test Loss: 0.0000, Test Accuracy: 0.9967, Energy: -4638602.5
Time taken:  2.7784173488616943
Test Loss: 0.0000, Test Accuracy: 0.9967, Energy: -4638985.5
Time taken:  2.7347941398620605
Test Loss: 0.0000, Test Accuracy: 0.9967, Energy: -4638596.5
Time taken:  2.7854230403900146
Test Loss: 0.0000, Test Accuracy: 0.9967, Energy: -4638814.0
Time taken:  2.827047348022461
Test Loss: 0.0000, Test Accuracy: 0.9967, Energy: -4638836.0
Time taken:  2.8093655109405518
Test Loss: 0.0000, Test Accuracy: 0.9967, Energy: -4639293.5
Time taken:  2.8034043312072754
Test Loss: 0.0000, Test Accuracy: 0.9967, Energy: -4639014.5
Time taken:  2.7972865104675293
Test Loss: 0.0000, Test Accuracy: 0.9967, Energy: -4638646.0
Time taken:  2.793745279312134
Test Loss: 0.0000, Test Accuracy: 0.9967, Energy: -4639050.5
Time taken:  2.8407576084136963
Test Loss: 0.0000, Test Accuracy: 0.9967, Energy: -4638561.0
Time taken:  2.7447569370269775
Test Loss: 0.0000, Test Accuracy: 0.9967, Energy: -4639101.0
Time taken:  2.539961814880371
Test Loss: 0.0000, Test Accuracy: 0.9967, Energy: -4639274.5
Time taken:  2.298577308654785
Test Loss: 0.0000, Test Accuracy: 0.9967, Energy: -4638767.5
Time taken:  1.9560575485229492
Final accuracies: [1.0, 0.9966666666666667, 0.9966666666666667, 0.9966666666666667, 0.9966666666666667, 0.9966666666666667, 0.9966666666666667, 0.9966666666666667, 0.9966666666666667, 0.9966666666666667, 0.9966666666666667, 0.9966666666666667, 0.9966666666666667, 0.9966666666666667, 0.9966666666666667, 0.9966666666666667, 0.9966666666666667, 0.9966666666666667, 0.9966666666666667, 0.9966666666666667, 0.9966666666666667, 0.9966666666666667, 0.9966666666666667, 0.9966666666666667, 0.9966666666666667, 0.9966666666666667, 0.9966666666666667, 0.9966666666666667, 0.9966666666666667, 0.9966666666666667, 0.9966666666666667, 0.9966666666666667, 0.9966666666666667, 0.9966666666666667, 0.9966666666666667, 0.9966666666666667, 0.9966666666666667, 0.9966666666666667, 0.9966666666666667, 0.9966666666666667, 0.9966666666666667, 0.9966666666666667, 0.9966666666666667, 0.9966666666666667, 0.9966666666666667, 0.9966666666666667, 0.9966666666666667, 0.9966666666666667, 0.9966666666666667, 0.9966666666666667, 0.9966666666666667, 0.9966666666666667, 0.9966666666666667, 0.9966666666666667, 0.9966666666666667, 0.9966666666666667, 0.9966666666666667, 0.9966666666666667, 0.9966666666666667, 0.9966666666666667, 0.9966666666666667, 0.9966666666666667, 0.9966666666666667, 0.9966666666666667, 0.9966666666666667, 0.9966666666666667, 0.9966666666666667, 0.9966666666666667, 0.9966666666666667, 0.9966666666666667, 0.9966666666666667, 0.9966666666666667, 0.9966666666666667, 0.9966666666666667, 0.9966666666666667, 0.9966666666666667, 0.9966666666666667, 0.9966666666666667, 0.9966666666666667, 0.9966666666666667, 0.9966666666666667, 0.9966666666666667, 0.9966666666666667, 0.9966666666666667, 0.9966666666666667, 0.9966666666666667, 0.9966666666666667, 0.9966666666666667, 0.9966666666666667, 0.9966666666666667, 0.9966666666666667, 0.9966666666666667, 0.9966666666666667, 0.9966666666666667, 0.9966666666666667, 0.9966666666666667, 0.9966666666666667, 0.9966666666666667, 0.9966666666666667, 0.9966666666666667]
Final energies: [-26120.033203125, -740674.6875, -1457218.75, -2034656.0, -2497850.0, -2878928.25, -3185419.25, -3436211.0, -3641482.0, -3811050.25, -3952625.5, -4067601.5, -4164195.75, -4245513.0, -4313329.5, -4369178.0, -4415820.0, -4454646.5, -4485651.5, -4512129.0, -4535226.5, -4553388.5, -4567638.0, -4580625.5, -4590653.5, -4599217.0, -4605579.5, -4612235.0, -4616757.0, -4620969.5, -4623493.5, -4627116.5, -4629068.5, -4630206.5, -4632228.0, -4632699.5, -4634000.5, -4634685.5, -4634986.5, -4636657.0, -4637011.0, -4636900.5, -4637884.5, -4637768.0, -4638415.0, -4638286.5, -4638433.0, -4638474.5, -4638407.5, -4638458.0, -4638712.0, -4638721.5, -4638907.0, -4638828.0, -4639003.0, -4638859.5, -4638539.0, -4638909.5, -4638525.0, -4638610.0, -4638643.0, -4639030.5, -4638842.5, -4638357.0, -4638717.0, -4638802.0, -4638895.5, -4638541.0, -4638834.0, -4639127.5, -4638985.0, -4639264.5, -4638530.5, -4639133.5, -4638934.0, -4638890.0, -4638904.5, -4639132.5, -4638828.0, -4639098.0, -4638813.5, -4638861.0, -4638368.0, -4639312.0, -4639051.5, -4639366.0, -4638843.0, -4638602.5, -4638985.5, -4638596.5, -4638814.0, -4638836.0, -4639293.5, -4639014.5, -4638646.0, -4639050.5, -4638561.0, -4639101.0, -4639274.5, -4638767.5]
