Running with parameters: hidden=100, use_coupled=true, seed=48, lam=0.5, eta=0.5, batch=50
Test Loss: 0.0000, Test Accuracy: 1.0000, Energy: -25176.662109375
Time taken:  1.755281686782837
Test Loss: 0.0000, Test Accuracy: 1.0000, Energy: -614874.0625
Time taken:  1.545386552810669
Test Loss: 0.0000, Test Accuracy: 0.9967, Energy: -1274826.0
Time taken:  1.5274381637573242
Test Loss: 0.0000, Test Accuracy: 0.9933, Energy: -1791519.875
Time taken:  1.6006712913513184
Test Loss: 0.0000, Test Accuracy: 0.9933, Energy: -2196217.5
Time taken:  1.560802936553955
Test Loss: 0.0000, Test Accuracy: 0.9933, Energy: -2519501.25
Time taken:  1.5810699462890625
Test Loss: 0.0000, Test Accuracy: 0.9933, Energy: -2779624.25
Time taken:  1.5862295627593994
Test Loss: 0.0000, Test Accuracy: 0.9933, Energy: -2991903.75
Time taken:  1.6196858882904053
Test Loss: 0.0000, Test Accuracy: 0.9933, Energy: -3168956.25
Time taken:  1.5987639427185059
Test Loss: 0.0000, Test Accuracy: 0.9933, Energy: -3314968.0
Time taken:  1.5845165252685547
Test Loss: 0.0000, Test Accuracy: 0.9933, Energy: -3435220.25
Time taken:  1.5830225944519043
Test Loss: 0.0000, Test Accuracy: 0.9933, Energy: -3533653.5
Time taken:  1.6055934429168701
Test Loss: 0.0000, Test Accuracy: 0.9933, Energy: -3615717.0
Time taken:  1.6106038093566895
Test Loss: 0.0000, Test Accuracy: 0.9933, Energy: -3684933.25
Time taken:  1.5858242511749268
Test Loss: 0.0000, Test Accuracy: 0.9933, Energy: -3740878.0
Time taken:  1.596684455871582
Test Loss: 0.0000, Test Accuracy: 0.9933, Energy: -3788504.5
Time taken:  1.6138014793395996
Test Loss: 0.0000, Test Accuracy: 0.9933, Energy: -3826775.5
Time taken:  1.604506254196167
Test Loss: 0.0000, Test Accuracy: 0.9933, Energy: -3858403.25
Time taken:  1.5783884525299072
Test Loss: 0.0000, Test Accuracy: 0.9933, Energy: -3884922.75
Time taken:  1.6028313636779785
Test Loss: 0.0000, Test Accuracy: 0.9933, Energy: -3906136.5
Time taken:  1.60799241065979
Test Loss: 0.0000, Test Accuracy: 0.9933, Energy: -3924166.25
Time taken:  1.6129748821258545
Test Loss: 0.0000, Test Accuracy: 0.9933, Energy: -3938972.0
Time taken:  1.607658863067627
Test Loss: 0.0000, Test Accuracy: 0.9933, Energy: -3950995.0
Time taken:  1.5966973304748535
Test Loss: 0.0000, Test Accuracy: 0.9933, Energy: -3961217.5
Time taken:  1.5916712284088135
Test Loss: 0.0000, Test Accuracy: 0.9933, Energy: -3969555.75
Time taken:  1.5905308723449707
Test Loss: 0.0000, Test Accuracy: 0.9933, Energy: -3975662.5
Time taken:  1.623669147491455
Test Loss: 0.0000, Test Accuracy: 0.9933, Energy: -3981189.5
Time taken:  1.598332166671753
Test Loss: 0.0000, Test Accuracy: 0.9933, Energy: -3985525.5
Time taken:  1.6067280769348145
Test Loss: 0.0000, Test Accuracy: 0.9933, Energy: -3989100.25
Time taken:  1.6043353080749512
Test Loss: 0.0000, Test Accuracy: 0.9933, Energy: -3991774.5
Time taken:  1.640244722366333
Test Loss: 0.0000, Test Accuracy: 0.9933, Energy: -3994528.5
Time taken:  1.5952677726745605
Test Loss: 0.0000, Test Accuracy: 0.9933, Energy: -3996041.25
Time taken:  1.5959982872009277
Test Loss: 0.0000, Test Accuracy: 0.9933, Energy: -3997676.75
Time taken:  1.660287857055664
Test Loss: 0.0000, Test Accuracy: 0.9933, Energy: -3998317.0
Time taken:  1.593170404434204
Test Loss: 0.0000, Test Accuracy: 0.9933, Energy: -3999219.75
Time taken:  1.6083407402038574
Test Loss: 0.0000, Test Accuracy: 0.9933, Energy: -3999836.0
Time taken:  1.639197826385498
Test Loss: 0.0000, Test Accuracy: 0.9933, Energy: -4000275.5
Time taken:  1.6442439556121826
Test Loss: 0.0000, Test Accuracy: 0.9933, Energy: -4000156.5
Time taken:  1.5974411964416504
Test Loss: 0.0000, Test Accuracy: 0.9933, Energy: -4000486.5
Time taken:  1.610907793045044
Test Loss: 0.0000, Test Accuracy: 0.9933, Energy: -4000632.0
Time taken:  1.6024632453918457
Test Loss: 0.0000, Test Accuracy: 0.9933, Energy: -4000463.25
Time taken:  1.604839563369751
Test Loss: 0.0000, Test Accuracy: 0.9933, Energy: -4000426.75
Time taken:  1.6028540134429932
Test Loss: 0.0000, Test Accuracy: 0.9933, Energy: -4000096.0
Time taken:  1.6005237102508545
Test Loss: 0.0000, Test Accuracy: 0.9933, Energy: -4000297.25
Time taken:  1.593794822692871
Test Loss: 0.0000, Test Accuracy: 0.9933, Energy: -3999672.75
Time taken:  1.6420574188232422
Test Loss: 0.0000, Test Accuracy: 0.9933, Energy: -3999803.0
Time taken:  1.6423377990722656
Test Loss: 0.0000, Test Accuracy: 0.9933, Energy: -3999549.0
Time taken:  1.597163200378418
Test Loss: 0.0000, Test Accuracy: 0.9933, Energy: -3999652.0
Time taken:  1.5927810668945312
Test Loss: 0.0000, Test Accuracy: 0.9933, Energy: -3999468.0
Time taken:  1.6596636772155762
Test Loss: 0.0000, Test Accuracy: 0.9933, Energy: -3998723.75
Time taken:  1.6487696170806885
Test Loss: 0.0000, Test Accuracy: 0.9933, Energy: -3998359.5
Time taken:  1.6041228771209717
Test Loss: 0.0000, Test Accuracy: 0.9933, Energy: -3998152.75
Time taken:  1.6458415985107422
Test Loss: 0.0000, Test Accuracy: 0.9933, Energy: -3997804.25
Time taken:  1.5958189964294434
Test Loss: 0.0000, Test Accuracy: 0.9933, Energy: -3997500.75
Time taken:  1.6236004829406738
Test Loss: 0.0000, Test Accuracy: 0.9933, Energy: -3997094.5
Time taken:  1.6034815311431885
Test Loss: 0.0000, Test Accuracy: 0.9933, Energy: -3997014.0
Time taken:  1.6306877136230469
Test Loss: 0.0000, Test Accuracy: 0.9933, Energy: -3996537.75
Time taken:  1.596189260482788
Test Loss: 0.0000, Test Accuracy: 0.9933, Energy: -3996456.25
Time taken:  1.5919411182403564
Test Loss: 0.0000, Test Accuracy: 0.9933, Energy: -3996571.75
Time taken:  1.608602523803711
Test Loss: 0.0000, Test Accuracy: 0.9933, Energy: -3995631.5
Time taken:  1.5972001552581787
Test Loss: 0.0000, Test Accuracy: 0.9933, Energy: -3995404.25
Time taken:  1.60349702835083
Test Loss: 0.0000, Test Accuracy: 0.9933, Energy: -3995071.0
Time taken:  1.6043810844421387
Test Loss: 0.0000, Test Accuracy: 0.9933, Energy: -3994676.0
Time taken:  1.609314203262329
Test Loss: 0.0000, Test Accuracy: 0.9933, Energy: -3993894.25
Time taken:  1.5973105430603027
Test Loss: 0.0000, Test Accuracy: 0.9933, Energy: -3993436.5
Time taken:  1.6099672317504883
Test Loss: 0.0000, Test Accuracy: 0.9933, Energy: -3993774.0
Time taken:  1.5874319076538086
Test Loss: 0.0000, Test Accuracy: 0.9933, Energy: -3993211.5
Time taken:  1.5969631671905518
Test Loss: 0.0000, Test Accuracy: 0.9933, Energy: -3993064.0
Time taken:  1.6058733463287354
Test Loss: 0.0000, Test Accuracy: 0.9933, Energy: -3992950.5
Time taken:  1.6030807495117188
Test Loss: 0.0000, Test Accuracy: 0.9933, Energy: -3992656.0
Time taken:  1.608372449874878
Test Loss: 0.0000, Test Accuracy: 0.9933, Energy: -3992026.25
Time taken:  1.606257677078247
Test Loss: 0.0000, Test Accuracy: 0.9933, Energy: -3991658.5
Time taken:  1.6174437999725342
Test Loss: 0.0000, Test Accuracy: 0.9933, Energy: -3991349.75
Time taken:  1.6377644538879395
Test Loss: 0.0000, Test Accuracy: 0.9933, Energy: -3991145.5
Time taken:  1.6045963764190674
Test Loss: 0.0000, Test Accuracy: 0.9933, Energy: -3990737.75
Time taken:  1.6078259944915771
Test Loss: 0.0000, Test Accuracy: 0.9933, Energy: -3990572.5
Time taken:  1.5983555316925049
Test Loss: 0.0000, Test Accuracy: 0.9933, Energy: -3989617.5
Time taken:  1.651169776916504
Test Loss: 0.0000, Test Accuracy: 0.9933, Energy: -3989300.75
Time taken:  1.5932910442352295
Test Loss: 0.0000, Test Accuracy: 0.9933, Energy: -3989024.75
Time taken:  1.642976999282837
Test Loss: 0.0000, Test Accuracy: 0.9933, Energy: -3988812.0
Time taken:  1.6074354648590088
Test Loss: 0.0000, Test Accuracy: 0.9933, Energy: -3988375.5
Time taken:  1.5993125438690186
Test Loss: 0.0000, Test Accuracy: 0.9933, Energy: -3987787.5
Time taken:  1.5988147258758545
Test Loss: 0.0000, Test Accuracy: 0.9933, Energy: -3988025.75
Time taken:  1.5823626518249512
Test Loss: 0.0000, Test Accuracy: 0.9933, Energy: -3987231.0
Time taken:  1.6013216972351074
Test Loss: 0.0000, Test Accuracy: 0.9933, Energy: -3987124.0
Time taken:  1.612833023071289
Test Loss: 0.0000, Test Accuracy: 0.9933, Energy: -3986630.5
Time taken:  1.6024422645568848
Test Loss: 0.0000, Test Accuracy: 0.9933, Energy: -3986655.75
Time taken:  1.643681287765503
Test Loss: 0.0000, Test Accuracy: 0.9933, Energy: -3986257.25
Time taken:  1.65305495262146
Test Loss: 0.0000, Test Accuracy: 0.9933, Energy: -3985880.0
Time taken:  1.6555416584014893
Test Loss: 0.0000, Test Accuracy: 0.9933, Energy: -3985792.25
Time taken:  1.593700885772705
Test Loss: 0.0000, Test Accuracy: 0.9933, Energy: -3985773.75
Time taken:  1.602674961090088
Test Loss: 0.0000, Test Accuracy: 0.9933, Energy: -3985419.25
Time taken:  1.6537470817565918
Test Loss: 0.0000, Test Accuracy: 0.9933, Energy: -3985375.25
Time taken:  1.539499044418335
Test Loss: 0.0000, Test Accuracy: 0.9933, Energy: -3984532.25
Time taken:  1.5414843559265137
Test Loss: 0.0000, Test Accuracy: 0.9933, Energy: -3984399.25
Time taken:  1.5523817539215088
Test Loss: 0.0000, Test Accuracy: 0.9933, Energy: -3984274.5
Time taken:  1.539330005645752
Test Loss: 0.0000, Test Accuracy: 0.9933, Energy: -3984348.0
Time taken:  1.5505447387695312
Test Loss: 0.0000, Test Accuracy: 0.9933, Energy: -3984062.75
Time taken:  1.5164282321929932
Test Loss: 0.0000, Test Accuracy: 0.9933, Energy: -3983444.0
Time taken:  1.41522216796875
Test Loss: 0.0000, Test Accuracy: 0.9933, Energy: -3982991.75
Time taken:  1.4151647090911865
Final accuracies: [1.0, 1.0, 0.9966666666666667, 0.9933333333333333, 0.9933333333333333, 0.9933333333333333, 0.9933333333333333, 0.9933333333333333, 0.9933333333333333, 0.9933333333333333, 0.9933333333333333, 0.9933333333333333, 0.9933333333333333, 0.9933333333333333, 0.9933333333333333, 0.9933333333333333, 0.9933333333333333, 0.9933333333333333, 0.9933333333333333, 0.9933333333333333, 0.9933333333333333, 0.9933333333333333, 0.9933333333333333, 0.9933333333333333, 0.9933333333333333, 0.9933333333333333, 0.9933333333333333, 0.9933333333333333, 0.9933333333333333, 0.9933333333333333, 0.9933333333333333, 0.9933333333333333, 0.9933333333333333, 0.9933333333333333, 0.9933333333333333, 0.9933333333333333, 0.9933333333333333, 0.9933333333333333, 0.9933333333333333, 0.9933333333333333, 0.9933333333333333, 0.9933333333333333, 0.9933333333333333, 0.9933333333333333, 0.9933333333333333, 0.9933333333333333, 0.9933333333333333, 0.9933333333333333, 0.9933333333333333, 0.9933333333333333, 0.9933333333333333, 0.9933333333333333, 0.9933333333333333, 0.9933333333333333, 0.9933333333333333, 0.9933333333333333, 0.9933333333333333, 0.9933333333333333, 0.9933333333333333, 0.9933333333333333, 0.9933333333333333, 0.9933333333333333, 0.9933333333333333, 0.9933333333333333, 0.9933333333333333, 0.9933333333333333, 0.9933333333333333, 0.9933333333333333, 0.9933333333333333, 0.9933333333333333, 0.9933333333333333, 0.9933333333333333, 0.9933333333333333, 0.9933333333333333, 0.9933333333333333, 0.9933333333333333, 0.9933333333333333, 0.9933333333333333, 0.9933333333333333, 0.9933333333333333, 0.9933333333333333, 0.9933333333333333, 0.9933333333333333, 0.9933333333333333, 0.9933333333333333, 0.9933333333333333, 0.9933333333333333, 0.9933333333333333, 0.9933333333333333, 0.9933333333333333, 0.9933333333333333, 0.9933333333333333, 0.9933333333333333, 0.9933333333333333, 0.9933333333333333, 0.9933333333333333, 0.9933333333333333, 0.9933333333333333, 0.9933333333333333, 0.9933333333333333]
Final energies: [-25176.662109375, -614874.0625, -1274826.0, -1791519.875, -2196217.5, -2519501.25, -2779624.25, -2991903.75, -3168956.25, -3314968.0, -3435220.25, -3533653.5, -3615717.0, -3684933.25, -3740878.0, -3788504.5, -3826775.5, -3858403.25, -3884922.75, -3906136.5, -3924166.25, -3938972.0, -3950995.0, -3961217.5, -3969555.75, -3975662.5, -3981189.5, -3985525.5, -3989100.25, -3991774.5, -3994528.5, -3996041.25, -3997676.75, -3998317.0, -3999219.75, -3999836.0, -4000275.5, -4000156.5, -4000486.5, -4000632.0, -4000463.25, -4000426.75, -4000096.0, -4000297.25, -3999672.75, -3999803.0, -3999549.0, -3999652.0, -3999468.0, -3998723.75, -3998359.5, -3998152.75, -3997804.25, -3997500.75, -3997094.5, -3997014.0, -3996537.75, -3996456.25, -3996571.75, -3995631.5, -3995404.25, -3995071.0, -3994676.0, -3993894.25, -3993436.5, -3993774.0, -3993211.5, -3993064.0, -3992950.5, -3992656.0, -3992026.25, -3991658.5, -3991349.75, -3991145.5, -3990737.75, -3990572.5, -3989617.5, -3989300.75, -3989024.75, -3988812.0, -3988375.5, -3987787.5, -3988025.75, -3987231.0, -3987124.0, -3986630.5, -3986655.75, -3986257.25, -3985880.0, -3985792.25, -3985773.75, -3985419.25, -3985375.25, -3984532.25, -3984399.25, -3984274.5, -3984348.0, -3984062.75, -3983444.0, -3982991.75]
