Running with parameters: hidden=50, use_coupled=true, seed=5, lam=0.1, eta=1.0, batch=1
Test Loss: 0.0000, Test Accuracy: 0.9833, Energy: -1050333.125
Time taken:  12.572054147720337
Test Loss: 0.0000, Test Accuracy: 0.9933, Energy: -1509156.875
Time taken:  12.523202419281006
Test Loss: 0.0000, Test Accuracy: 1.0000, Energy: -1760210.25
Time taken:  12.4307382106781
Test Loss: 0.0000, Test Accuracy: 1.0000, Energy: -2194599.5
Time taken:  12.543556928634644
Test Loss: 0.0000, Test Accuracy: 1.0000, Energy: -2367699.75
Time taken:  12.477628707885742
Test Loss: 0.0000, Test Accuracy: 1.0000, Energy: -2523622.75
Time taken:  12.579745054244995
Test Loss: 0.0000, Test Accuracy: 1.0000, Energy: -2606881.75
Time taken:  12.57491421699524
Test Loss: 0.0000, Test Accuracy: 1.0000, Energy: -2669984.75
Time taken:  12.699642896652222
Test Loss: 0.0000, Test Accuracy: 1.0000, Energy: -2940764.75
Time taken:  12.472612380981445
Test Loss: 0.0000, Test Accuracy: 1.0000, Energy: -3118986.0
Time taken:  12.539608240127563
Test Loss: 0.0000, Test Accuracy: 1.0000, Energy: -3234391.5
Time taken:  12.654569387435913
Test Loss: 0.0000, Test Accuracy: 1.0000, Energy: -3303678.25
Time taken:  12.763749599456787
Test Loss: 0.0000, Test Accuracy: 1.0000, Energy: -3375895.75
Time taken:  12.644436120986938
Test Loss: 0.0000, Test Accuracy: 1.0000, Energy: -3382032.75
Time taken:  12.691484689712524
Test Loss: 0.0000, Test Accuracy: 1.0000, Energy: -3433542.75
Time taken:  12.664867877960205
Test Loss: 0.0000, Test Accuracy: 1.0000, Energy: -3483049.5
Time taken:  12.795478820800781
Test Loss: 0.0000, Test Accuracy: 1.0000, Energy: -3535973.25
Time taken:  12.65348768234253
Test Loss: 0.0000, Test Accuracy: 1.0000, Energy: -3604437.0
Time taken:  12.645567655563354
Test Loss: 0.0000, Test Accuracy: 1.0000, Energy: -3676114.75
Time taken:  12.64841604232788
Test Loss: 0.0000, Test Accuracy: 1.0000, Energy: -3736398.5
Time taken:  12.543646097183228
Test Loss: 0.0000, Test Accuracy: 1.0000, Energy: -3805601.5
Time taken:  12.437324285507202
Test Loss: 0.0000, Test Accuracy: 1.0000, Energy: -3841837.75
Time taken:  12.445057392120361
Test Loss: 0.0000, Test Accuracy: 1.0000, Energy: -3887558.5
Time taken:  12.552648305892944
Test Loss: 0.0000, Test Accuracy: 1.0000, Energy: -3958840.5
Time taken:  12.435110569000244
Test Loss: 0.0000, Test Accuracy: 1.0000, Energy: -4016551.25
Time taken:  12.458941221237183
Test Loss: 0.0000, Test Accuracy: 1.0000, Energy: -4032189.25
Time taken:  12.436185359954834
Test Loss: 0.0000, Test Accuracy: 1.0000, Energy: -4079247.5
Time taken:  12.565415620803833
Test Loss: 0.0000, Test Accuracy: 1.0000, Energy: -4148073.0
Time taken:  12.445035219192505
Test Loss: 0.0000, Test Accuracy: 1.0000, Energy: -4226598.5
Time taken:  12.457696676254272
Test Loss: 0.0000, Test Accuracy: 1.0000, Energy: -4274210.0
Time taken:  12.429983615875244
Test Loss: 0.0000, Test Accuracy: 1.0000, Energy: -4320250.5
Time taken:  12.534973621368408
Test Loss: 0.0000, Test Accuracy: 1.0000, Energy: -4359547.0
Time taken:  12.45515751838684
Test Loss: 0.0000, Test Accuracy: 1.0000, Energy: -4395988.5
Time taken:  12.433794260025024
Test Loss: 0.0000, Test Accuracy: 1.0000, Energy: -4438704.5
Time taken:  12.417995691299438
Test Loss: 0.0000, Test Accuracy: 1.0000, Energy: -4476297.5
Time taken:  12.554779529571533
Test Loss: 0.0000, Test Accuracy: 1.0000, Energy: -4513028.0
Time taken:  12.458876132965088
Test Loss: 0.0000, Test Accuracy: 1.0000, Energy: -4552268.5
Time taken:  12.438310861587524
Test Loss: 0.0000, Test Accuracy: 1.0000, Energy: -4585110.0
Time taken:  12.440412998199463
Test Loss: 0.0000, Test Accuracy: 1.0000, Energy: -4624727.5
Time taken:  12.547174453735352
Test Loss: 0.0000, Test Accuracy: 1.0000, Energy: -4658020.0
Time taken:  12.452452421188354
Test Loss: 0.0000, Test Accuracy: 1.0000, Energy: -4690297.5
Time taken:  12.45275330543518
Test Loss: 0.0000, Test Accuracy: 1.0000, Energy: -4724075.5
Time taken:  12.440925359725952
Test Loss: 0.0000, Test Accuracy: 1.0000, Energy: -4755999.0
Time taken:  12.51663851737976
Test Loss: 0.0000, Test Accuracy: 1.0000, Energy: -4785931.5
Time taken:  12.428901672363281
Test Loss: 0.0000, Test Accuracy: 1.0000, Energy: -4810785.5
Time taken:  12.412679433822632
Test Loss: 0.0000, Test Accuracy: 1.0000, Energy: -4837187.0
Time taken:  12.42020869255066
Test Loss: 0.0000, Test Accuracy: 1.0000, Energy: -4865450.0
Time taken:  12.493883848190308
Test Loss: 0.0000, Test Accuracy: 1.0000, Energy: -4890142.0
Time taken:  12.423526525497437
Test Loss: 0.0000, Test Accuracy: 1.0000, Energy: -4917639.0
Time taken:  12.39237666130066
Test Loss: 0.0000, Test Accuracy: 1.0000, Energy: -4944679.0
Time taken:  12.420263767242432
Test Loss: 0.0000, Test Accuracy: 1.0000, Energy: -4971256.0
Time taken:  12.531574010848999
Test Loss: 0.0000, Test Accuracy: 1.0000, Energy: -4998355.5
Time taken:  12.42418122291565
Test Loss: 0.0000, Test Accuracy: 1.0000, Energy: -5022848.5
Time taken:  12.43057131767273
Test Loss: 0.0000, Test Accuracy: 1.0000, Energy: -5047294.0
Time taken:  12.421171426773071
Test Loss: 0.0000, Test Accuracy: 1.0000, Energy: -5067358.0
Time taken:  12.531970262527466
Test Loss: 0.0000, Test Accuracy: 1.0000, Energy: -5091374.5
Time taken:  12.438149213790894
Test Loss: 0.0000, Test Accuracy: 1.0000, Energy: -5114011.0
Time taken:  12.43304705619812
Test Loss: 0.0000, Test Accuracy: 1.0000, Energy: -5132972.0
Time taken:  12.431827068328857
Test Loss: 0.0000, Test Accuracy: 1.0000, Energy: -5155919.0
Time taken:  12.530346632003784
Test Loss: 0.0000, Test Accuracy: 1.0000, Energy: -5179549.0
Time taken:  12.454958438873291
Test Loss: 0.0000, Test Accuracy: 1.0000, Energy: -5198725.0
Time taken:  12.430923461914062
Test Loss: 0.0000, Test Accuracy: 1.0000, Energy: -5224961.5
Time taken:  12.445460557937622
Test Loss: 0.0000, Test Accuracy: 1.0000, Energy: -5245212.0
Time taken:  12.535810470581055
Test Loss: 0.0000, Test Accuracy: 1.0000, Energy: -5263653.0
Time taken:  12.421254634857178
Test Loss: 0.0000, Test Accuracy: 1.0000, Energy: -5282984.5
Time taken:  12.432663202285767
Test Loss: 0.0000, Test Accuracy: 1.0000, Energy: -5305416.5
Time taken:  12.531859397888184
Test Loss: 0.0000, Test Accuracy: 1.0000, Energy: -5326094.0
Time taken:  12.439199209213257
Test Loss: 0.0000, Test Accuracy: 1.0000, Energy: -5344075.5
Time taken:  12.452691078186035
Test Loss: 0.0000, Test Accuracy: 1.0000, Energy: -5363107.5
Time taken:  12.456017017364502
Test Loss: 0.0000, Test Accuracy: 1.0000, Energy: -5410509.5
Time taken:  12.55393671989441
Test Loss: 0.0000, Test Accuracy: 1.0000, Energy: -5426018.0
Time taken:  12.447077751159668
Test Loss: 0.0000, Test Accuracy: 1.0000, Energy: -5441379.5
Time taken:  12.445599794387817
Test Loss: 0.0000, Test Accuracy: 1.0000, Energy: -5508341.5
Time taken:  12.4616060256958
Test Loss: 0.0000, Test Accuracy: 1.0000, Energy: -5419401.0
Time taken:  12.529136896133423
Test Loss: 0.0000, Test Accuracy: 1.0000, Energy: -5388274.0
Time taken:  12.443016052246094
Test Loss: 0.0000, Test Accuracy: 1.0000, Energy: -5427943.0
Time taken:  12.438294887542725
Test Loss: 0.0000, Test Accuracy: 1.0000, Energy: -5498350.0
Time taken:  12.470405578613281
Test Loss: 0.0000, Test Accuracy: 1.0000, Energy: -5544696.5
Time taken:  12.541711330413818
Test Loss: 0.0000, Test Accuracy: 1.0000, Energy: -5358422.5
Time taken:  12.44311237335205
Test Loss: 0.0000, Test Accuracy: 1.0000, Energy: -5356422.0
Time taken:  12.471569299697876
Test Loss: 0.0000, Test Accuracy: 1.0000, Energy: -5424250.5
Time taken:  12.495972871780396
Test Loss: 0.0000, Test Accuracy: 0.9633, Energy: -8014742.0
Time taken:  12.542661666870117
Test Loss: 0.0000, Test Accuracy: 0.9933, Energy: -9720129.0
Time taken:  12.52683138847351
Test Loss: 0.0000, Test Accuracy: 0.9900, Energy: -9217484.0
Time taken:  12.532799243927002
Test Loss: 0.0000, Test Accuracy: 0.9900, Energy: -9186242.0
Time taken:  12.538057804107666
Test Loss: 0.0000, Test Accuracy: 0.9900, Energy: -9186120.0
Time taken:  12.616278409957886
Test Loss: 0.0000, Test Accuracy: 0.9900, Energy: -9186250.0
Time taken:  12.537590026855469
Test Loss: 0.0000, Test Accuracy: 0.9900, Energy: -9186254.0
Time taken:  12.512922763824463
Test Loss: 0.0000, Test Accuracy: 0.9900, Energy: -9187018.0
Time taken:  12.50719428062439
Test Loss: 0.0000, Test Accuracy: 0.9900, Energy: -9188200.0
Time taken:  12.637556552886963
Test Loss: 0.0000, Test Accuracy: 0.9900, Energy: -9188310.0
Time taken:  12.511857032775879
Test Loss: 0.0000, Test Accuracy: 0.9900, Energy: -9188310.0
Time taken:  12.503872394561768
Test Loss: 0.0000, Test Accuracy: 0.9900, Energy: -9188310.0
Time taken:  12.524633884429932
Test Loss: 0.0000, Test Accuracy: 0.9900, Energy: -9188310.0
Time taken:  12.621885061264038
Test Loss: 0.0000, Test Accuracy: 0.9900, Energy: -9188310.0
Time taken:  12.503352165222168
Test Loss: 0.0000, Test Accuracy: 0.9900, Energy: -9188310.0
Time taken:  12.504319429397583
Test Loss: 0.0000, Test Accuracy: 0.9900, Energy: -9188310.0
Time taken:  12.519875288009644
Test Loss: 0.0000, Test Accuracy: 0.9900, Energy: -9188310.0
Time taken:  12.630153179168701
Test Loss: 0.0000, Test Accuracy: 0.9900, Energy: -9188310.0
Time taken:  12.508546590805054
Test Loss: 0.0000, Test Accuracy: 0.9900, Energy: -9188310.0
Time taken:  12.504347085952759
Final accuracies: [0.9833333333333333, 0.9933333333333333, 1.0, 1.0, 1.0, 1.0, 1.0, 1.0, 1.0, 1.0, 1.0, 1.0, 1.0, 1.0, 1.0, 1.0, 1.0, 1.0, 1.0, 1.0, 1.0, 1.0, 1.0, 1.0, 1.0, 1.0, 1.0, 1.0, 1.0, 1.0, 1.0, 1.0, 1.0, 1.0, 1.0, 1.0, 1.0, 1.0, 1.0, 1.0, 1.0, 1.0, 1.0, 1.0, 1.0, 1.0, 1.0, 1.0, 1.0, 1.0, 1.0, 1.0, 1.0, 1.0, 1.0, 1.0, 1.0, 1.0, 1.0, 1.0, 1.0, 1.0, 1.0, 1.0, 1.0, 1.0, 1.0, 1.0, 1.0, 1.0, 1.0, 1.0, 1.0, 1.0, 1.0, 1.0, 1.0, 1.0, 1.0, 1.0, 1.0, 0.9633333333333334, 0.9933333333333333, 0.99, 0.99, 0.99, 0.99, 0.99, 0.99, 0.99, 0.99, 0.99, 0.99, 0.99, 0.99, 0.99, 0.99, 0.99, 0.99, 0.99]
Final energies: [-1050333.125, -1509156.875, -1760210.25, -2194599.5, -2367699.75, -2523622.75, -2606881.75, -2669984.75, -2940764.75, -3118986.0, -3234391.5, -3303678.25, -3375895.75, -3382032.75, -3433542.75, -3483049.5, -3535973.25, -3604437.0, -3676114.75, -3736398.5, -3805601.5, -3841837.75, -3887558.5, -3958840.5, -4016551.25, -4032189.25, -4079247.5, -4148073.0, -4226598.5, -4274210.0, -4320250.5, -4359547.0, -4395988.5, -4438704.5, -4476297.5, -4513028.0, -4552268.5, -4585110.0, -4624727.5, -4658020.0, -4690297.5, -4724075.5, -4755999.0, -4785931.5, -4810785.5, -4837187.0, -4865450.0, -4890142.0, -4917639.0, -4944679.0, -4971256.0, -4998355.5, -5022848.5, -5047294.0, -5067358.0, -5091374.5, -5114011.0, -5132972.0, -5155919.0, -5179549.0, -5198725.0, -5224961.5, -5245212.0, -5263653.0, -5282984.5, -5305416.5, -5326094.0, -5344075.5, -5363107.5, -5410509.5, -5426018.0, -5441379.5, -5508341.5, -5419401.0, -5388274.0, -5427943.0, -5498350.0, -5544696.5, -5358422.5, -5356422.0, -5424250.5, -8014742.0, -9720129.0, -9217484.0, -9186242.0, -9186120.0, -9186250.0, -9186254.0, -9187018.0, -9188200.0, -9188310.0, -9188310.0, -9188310.0, -9188310.0, -9188310.0, -9188310.0, -9188310.0, -9188310.0, -9188310.0, -9188310.0]
