Running with parameters: hidden=50, use_coupled=true, seed=47, lam=0.1, eta=1.0, batch=1
Test Loss: 0.0000, Test Accuracy: 1.0000, Energy: -1646329.25
Time taken:  12.839585065841675
Test Loss: 0.0000, Test Accuracy: 1.0000, Energy: -1837068.875
Time taken:  12.76554560661316
Test Loss: 0.0000, Test Accuracy: 1.0000, Energy: -1947637.5
Time taken:  12.848743200302124
Test Loss: 0.0000, Test Accuracy: 1.0000, Energy: -1999900.375
Time taken:  12.854997396469116
Test Loss: 0.0000, Test Accuracy: 1.0000, Energy: -2026779.0
Time taken:  12.560250043869019
Test Loss: 0.0000, Test Accuracy: 1.0000, Energy: -2045887.375
Time taken:  12.553186178207397
Test Loss: 0.0000, Test Accuracy: 1.0000, Energy: -2077169.125
Time taken:  12.54386043548584
Test Loss: 0.0000, Test Accuracy: 1.0000, Energy: -2117234.75
Time taken:  12.667041063308716
Test Loss: 0.0000, Test Accuracy: 1.0000, Energy: -2411128.25
Time taken:  12.500444173812866
Test Loss: 0.0000, Test Accuracy: 1.0000, Energy: -2639906.75
Time taken:  12.497058391571045
Test Loss: 0.0000, Test Accuracy: 1.0000, Energy: -2705392.75
Time taken:  12.520106077194214
Test Loss: 0.0000, Test Accuracy: 1.0000, Energy: -2750625.5
Time taken:  12.702582120895386
Test Loss: 0.0000, Test Accuracy: 1.0000, Energy: -2795295.75
Time taken:  12.538616180419922
Test Loss: 0.0000, Test Accuracy: 1.0000, Energy: -2834944.0
Time taken:  12.500298023223877
Test Loss: 0.0000, Test Accuracy: 1.0000, Energy: -2867698.5
Time taken:  12.503027200698853
Test Loss: 0.0000, Test Accuracy: 1.0000, Energy: -2898471.5
Time taken:  12.635430097579956
Test Loss: 0.0000, Test Accuracy: 1.0000, Energy: -2925628.75
Time taken:  12.624542236328125
Test Loss: 0.0000, Test Accuracy: 1.0000, Energy: -2944094.25
Time taken:  12.545774698257446
Test Loss: 0.0000, Test Accuracy: 1.0000, Energy: -2965017.75
Time taken:  12.641406536102295
Test Loss: 0.0000, Test Accuracy: 1.0000, Energy: -2984434.0
Time taken:  12.717894315719604
Test Loss: 0.0000, Test Accuracy: 1.0000, Energy: -3003110.75
Time taken:  12.562185287475586
Test Loss: 0.0000, Test Accuracy: 1.0000, Energy: -3020322.75
Time taken:  12.663410902023315
Test Loss: 0.0000, Test Accuracy: 1.0000, Energy: -3034382.5
Time taken:  12.773653507232666
Test Loss: 0.0000, Test Accuracy: 1.0000, Energy: -3043531.75
Time taken:  12.635076999664307
Test Loss: 0.0000, Test Accuracy: 1.0000, Energy: -3056648.0
Time taken:  12.66341757774353
Test Loss: 0.0000, Test Accuracy: 1.0000, Energy: -3071310.25
Time taken:  12.66189169883728
Test Loss: 0.0000, Test Accuracy: 1.0000, Energy: -3084400.0
Time taken:  12.856091022491455
Test Loss: 0.0000, Test Accuracy: 1.0000, Energy: -3095849.25
Time taken:  12.680120706558228
Test Loss: 0.0000, Test Accuracy: 1.0000, Energy: -3106780.25
Time taken:  12.769051790237427
Test Loss: 0.0000, Test Accuracy: 1.0000, Energy: -3115891.75
Time taken:  12.75174593925476
Test Loss: 0.0000, Test Accuracy: 1.0000, Energy: -3126336.0
Time taken:  12.900261402130127
Test Loss: 0.0000, Test Accuracy: 1.0000, Energy: -3135668.25
Time taken:  12.966890096664429
Test Loss: 0.0000, Test Accuracy: 1.0000, Energy: -3144083.25
Time taken:  13.399688720703125
Test Loss: 0.0000, Test Accuracy: 1.0000, Energy: -3153316.75
Time taken:  13.370331287384033
Test Loss: 0.0000, Test Accuracy: 1.0000, Energy: -3161679.5
Time taken:  13.467630624771118
Test Loss: 0.0000, Test Accuracy: 1.0000, Energy: -3169819.25
Time taken:  13.318931341171265
Test Loss: 0.0000, Test Accuracy: 1.0000, Energy: -3177128.0
Time taken:  13.316589117050171
Test Loss: 0.0000, Test Accuracy: 1.0000, Energy: -3183729.75
Time taken:  12.928104162216187
Test Loss: 0.0000, Test Accuracy: 1.0000, Energy: -3190659.25
Time taken:  13.473616123199463
Test Loss: 0.0000, Test Accuracy: 1.0000, Energy: -3207935.75
Time taken:  13.211096286773682
Test Loss: 0.0000, Test Accuracy: 1.0000, Energy: -3212868.0
Time taken:  13.065307378768921
Test Loss: 0.0000, Test Accuracy: 1.0000, Energy: -3219773.0
Time taken:  12.989225625991821
Test Loss: 0.0000, Test Accuracy: 1.0000, Energy: -3224742.25
Time taken:  12.801964282989502
Test Loss: 0.0000, Test Accuracy: 1.0000, Energy: -3231389.5
Time taken:  12.746688842773438
Test Loss: 0.0000, Test Accuracy: 1.0000, Energy: -3237450.25
Time taken:  12.810522317886353
Test Loss: 0.0000, Test Accuracy: 1.0000, Energy: -3243239.25
Time taken:  12.67177414894104
Test Loss: 0.0000, Test Accuracy: 1.0000, Energy: -3247938.5
Time taken:  12.630420923233032
Test Loss: 0.0000, Test Accuracy: 1.0000, Energy: -3252288.0
Time taken:  12.551816940307617
Test Loss: 0.0000, Test Accuracy: 1.0000, Energy: -3256807.75
Time taken:  12.469908952713013
Test Loss: 0.0000, Test Accuracy: 1.0000, Energy: -3261929.25
Time taken:  12.57033395767212
Test Loss: 0.0000, Test Accuracy: 1.0000, Energy: -3265685.5
Time taken:  12.61218810081482
Test Loss: 0.0000, Test Accuracy: 1.0000, Energy: -3270253.25
Time taken:  12.492117166519165
Test Loss: 0.0000, Test Accuracy: 1.0000, Energy: -3274301.25
Time taken:  12.51473331451416
Test Loss: 0.0000, Test Accuracy: 1.0000, Energy: -3278420.0
Time taken:  12.566128730773926
Test Loss: 0.0000, Test Accuracy: 1.0000, Energy: -3281820.5
Time taken:  12.611932039260864
Test Loss: 0.0000, Test Accuracy: 1.0000, Energy: -3286253.5
Time taken:  12.49872636795044
Test Loss: 0.0000, Test Accuracy: 1.0000, Energy: -3289815.25
Time taken:  12.479066371917725
Test Loss: 0.0000, Test Accuracy: 1.0000, Energy: -3293851.5
Time taken:  12.543292999267578
Test Loss: 0.0000, Test Accuracy: 1.0000, Energy: -3296882.0
Time taken:  12.691020965576172
Test Loss: 0.0000, Test Accuracy: 1.0000, Energy: -3300227.25
Time taken:  12.56339430809021
Test Loss: 0.0000, Test Accuracy: 1.0000, Energy: -3303485.5
Time taken:  12.577962875366211
Test Loss: 0.0000, Test Accuracy: 1.0000, Energy: -3306469.5
Time taken:  12.547678709030151
Test Loss: 0.0000, Test Accuracy: 1.0000, Energy: -3309397.0
Time taken:  12.635596990585327
Test Loss: 0.0000, Test Accuracy: 1.0000, Energy: -3312379.0
Time taken:  12.629249095916748
Test Loss: 0.0000, Test Accuracy: 1.0000, Energy: -3314682.75
Time taken:  12.620078086853027
Test Loss: 0.0000, Test Accuracy: 1.0000, Energy: -3317666.5
Time taken:  12.721117973327637
Test Loss: 0.0000, Test Accuracy: 1.0000, Energy: -3320271.25
Time taken:  12.62279725074768
Test Loss: 0.0000, Test Accuracy: 1.0000, Energy: -3324942.25
Time taken:  12.689459323883057
Test Loss: 0.0000, Test Accuracy: 1.0000, Energy: -3327363.5
Time taken:  12.668139219284058
Test Loss: 0.0000, Test Accuracy: 1.0000, Energy: -3329661.5
Time taken:  12.809211492538452
Test Loss: 0.0000, Test Accuracy: 1.0000, Energy: -3335219.0
Time taken:  12.770440340042114
Test Loss: 0.0000, Test Accuracy: 1.0000, Energy: -3337429.25
Time taken:  12.718871593475342
Test Loss: 0.0000, Test Accuracy: 1.0000, Energy: -3339839.0
Time taken:  12.79414677619934
Test Loss: 0.0000, Test Accuracy: 1.0000, Energy: -3342469.25
Time taken:  13.611400365829468
Test Loss: 0.0000, Test Accuracy: 1.0000, Energy: -3345052.0
Time taken:  13.458063125610352
Test Loss: 0.0000, Test Accuracy: 1.0000, Energy: -3346996.0
Time taken:  13.418427228927612
Test Loss: 0.0000, Test Accuracy: 1.0000, Energy: -3349510.5
Time taken:  13.371357440948486
Test Loss: 0.0000, Test Accuracy: 1.0000, Energy: -3351599.5
Time taken:  13.334179639816284
Test Loss: 0.0000, Test Accuracy: 1.0000, Energy: -3353284.25
Time taken:  12.315988063812256
Test Loss: 0.0000, Test Accuracy: 1.0000, Energy: -3355541.25
Time taken:  12.331252336502075
Test Loss: 0.0000, Test Accuracy: 1.0000, Energy: -3357148.5
Time taken:  12.64296579360962
Test Loss: 0.0000, Test Accuracy: 1.0000, Energy: -3358959.5
Time taken:  12.537482261657715
Test Loss: 0.0000, Test Accuracy: 1.0000, Energy: -3360587.5
Time taken:  12.570662260055542
Test Loss: 0.0000, Test Accuracy: 1.0000, Energy: -3362239.0
Time taken:  12.483200550079346
Test Loss: 0.0000, Test Accuracy: 1.0000, Energy: -3363382.0
Time taken:  12.304004192352295
Test Loss: 0.0000, Test Accuracy: 1.0000, Energy: -3365483.75
Time taken:  12.548922300338745
Test Loss: 0.0000, Test Accuracy: 1.0000, Energy: -3366754.75
Time taken:  12.459323406219482
Test Loss: 0.0000, Test Accuracy: 1.0000, Energy: -3368653.75
Time taken:  12.294225692749023
Test Loss: 0.0000, Test Accuracy: 1.0000, Energy: -3369982.25
Time taken:  12.324296712875366
Test Loss: 0.0000, Test Accuracy: 1.0000, Energy: -3371441.5
Time taken:  12.459182262420654
Test Loss: 0.0000, Test Accuracy: 1.0000, Energy: -3372861.5
Time taken:  12.314932823181152
Test Loss: 0.0000, Test Accuracy: 1.0000, Energy: -3376055.75
Time taken:  12.374515295028687
Test Loss: 0.0000, Test Accuracy: 1.0000, Energy: -3377383.0
Time taken:  12.897128343582153
Test Loss: 0.0000, Test Accuracy: 1.0000, Energy: -3379062.0
Time taken:  13.545062780380249
Test Loss: 0.0000, Test Accuracy: 1.0000, Energy: -3380227.0
Time taken:  13.254681587219238
Test Loss: 0.0000, Test Accuracy: 1.0000, Energy: -3381738.25
Time taken:  13.173680543899536
Test Loss: 0.0000, Test Accuracy: 1.0000, Energy: -3382719.5
Time taken:  12.918211460113525
Test Loss: 0.0000, Test Accuracy: 1.0000, Energy: -3384165.25
Time taken:  12.797693967819214
Test Loss: 0.0000, Test Accuracy: 1.0000, Energy: -3385546.25
Time taken:  12.84569501876831
Test Loss: 0.0000, Test Accuracy: 1.0000, Energy: -3387283.5
Time taken:  12.802486896514893
Final accuracies: [1.0, 1.0, 1.0, 1.0, 1.0, 1.0, 1.0, 1.0, 1.0, 1.0, 1.0, 1.0, 1.0, 1.0, 1.0, 1.0, 1.0, 1.0, 1.0, 1.0, 1.0, 1.0, 1.0, 1.0, 1.0, 1.0, 1.0, 1.0, 1.0, 1.0, 1.0, 1.0, 1.0, 1.0, 1.0, 1.0, 1.0, 1.0, 1.0, 1.0, 1.0, 1.0, 1.0, 1.0, 1.0, 1.0, 1.0, 1.0, 1.0, 1.0, 1.0, 1.0, 1.0, 1.0, 1.0, 1.0, 1.0, 1.0, 1.0, 1.0, 1.0, 1.0, 1.0, 1.0, 1.0, 1.0, 1.0, 1.0, 1.0, 1.0, 1.0, 1.0, 1.0, 1.0, 1.0, 1.0, 1.0, 1.0, 1.0, 1.0, 1.0, 1.0, 1.0, 1.0, 1.0, 1.0, 1.0, 1.0, 1.0, 1.0, 1.0, 1.0, 1.0, 1.0, 1.0, 1.0, 1.0, 1.0, 1.0, 1.0]
Final energies: [-1646329.25, -1837068.875, -1947637.5, -1999900.375, -2026779.0, -2045887.375, -2077169.125, -2117234.75, -2411128.25, -2639906.75, -2705392.75, -2750625.5, -2795295.75, -2834944.0, -2867698.5, -2898471.5, -2925628.75, -2944094.25, -2965017.75, -2984434.0, -3003110.75, -3020322.75, -3034382.5, -3043531.75, -3056648.0, -3071310.25, -3084400.0, -3095849.25, -3106780.25, -3115891.75, -3126336.0, -3135668.25, -3144083.25, -3153316.75, -3161679.5, -3169819.25, -3177128.0, -3183729.75, -3190659.25, -3207935.75, -3212868.0, -3219773.0, -3224742.25, -3231389.5, -3237450.25, -3243239.25, -3247938.5, -3252288.0, -3256807.75, -3261929.25, -3265685.5, -3270253.25, -3274301.25, -3278420.0, -3281820.5, -3286253.5, -3289815.25, -3293851.5, -3296882.0, -3300227.25, -3303485.5, -3306469.5, -3309397.0, -3312379.0, -3314682.75, -3317666.5, -3320271.25, -3324942.25, -3327363.5, -3329661.5, -3335219.0, -3337429.25, -3339839.0, -3342469.25, -3345052.0, -3346996.0, -3349510.5, -3351599.5, -3353284.25, -3355541.25, -3357148.5, -3358959.5, -3360587.5, -3362239.0, -3363382.0, -3365483.75, -3366754.75, -3368653.75, -3369982.25, -3371441.5, -3372861.5, -3376055.75, -3377383.0, -3379062.0, -3380227.0, -3381738.25, -3382719.5, -3384165.25, -3385546.25, -3387283.5]
