Running with parameters: hidden=50, use_coupled=true, seed=59, lam=0.1, eta=1.0, batch=1
Test Loss: 0.0000, Test Accuracy: 1.0000, Energy: -1013591.8125
Time taken:  12.577201128005981
Test Loss: 0.0000, Test Accuracy: 0.9933, Energy: -1665236.75
Time taken:  12.603888273239136
Test Loss: 0.0000, Test Accuracy: 0.9667, Energy: -2149955.5
Time taken:  12.561695575714111
Test Loss: 0.0000, Test Accuracy: 1.0000, Energy: -2487060.5
Time taken:  12.712230443954468
Test Loss: 0.0000, Test Accuracy: 1.0000, Energy: -2479998.25
Time taken:  12.58356761932373
Test Loss: 0.0000, Test Accuracy: 1.0000, Energy: -2482159.0
Time taken:  12.600581884384155
Test Loss: 0.0000, Test Accuracy: 1.0000, Energy: -2498117.0
Time taken:  12.63018250465393
Test Loss: 0.0000, Test Accuracy: 1.0000, Energy: -2498116.25
Time taken:  12.69451642036438
Test Loss: 0.0000, Test Accuracy: 1.0000, Energy: -2497991.25
Time taken:  12.610081672668457
Test Loss: 0.0000, Test Accuracy: 1.0000, Energy: -2497760.25
Time taken:  12.59999704360962
Test Loss: 0.0000, Test Accuracy: 1.0000, Energy: -2497334.5
Time taken:  12.626685619354248
Test Loss: 0.0000, Test Accuracy: 1.0000, Energy: -2497016.5
Time taken:  12.723452091217041
Test Loss: 0.0000, Test Accuracy: 1.0000, Energy: -2496235.0
Time taken:  12.590323209762573
Test Loss: 0.0000, Test Accuracy: 1.0000, Energy: -2495546.75
Time taken:  12.630858421325684
Test Loss: 0.0000, Test Accuracy: 1.0000, Energy: -2494894.5
Time taken:  12.599939107894897
Test Loss: 0.0000, Test Accuracy: 1.0000, Energy: -2494402.5
Time taken:  12.722112655639648
Test Loss: 0.0000, Test Accuracy: 1.0000, Energy: -2494381.75
Time taken:  12.592257261276245
Test Loss: 0.0000, Test Accuracy: 1.0000, Energy: -2493910.0
Time taken:  12.586724042892456
Test Loss: 0.0000, Test Accuracy: 1.0000, Energy: -2493452.0
Time taken:  12.578453302383423
Test Loss: 0.0000, Test Accuracy: 1.0000, Energy: -2493216.75
Time taken:  12.700680494308472
Test Loss: 0.0000, Test Accuracy: 1.0000, Energy: -2492938.0
Time taken:  12.609291315078735
Test Loss: 0.0000, Test Accuracy: 1.0000, Energy: -2492457.5
Time taken:  12.578876495361328
Test Loss: 0.0000, Test Accuracy: 1.0000, Energy: -2492165.5
Time taken:  12.692245721817017
Test Loss: 0.0000, Test Accuracy: 1.0000, Energy: -2492012.0
Time taken:  12.608547687530518
Test Loss: 0.0000, Test Accuracy: 1.0000, Energy: -2492242.0
Time taken:  12.594958066940308
Test Loss: 0.0000, Test Accuracy: 1.0000, Energy: -2490757.5
Time taken:  12.62199592590332
Test Loss: 0.0000, Test Accuracy: 0.9967, Energy: -2493731.75
Time taken:  12.740558862686157
Test Loss: 0.0000, Test Accuracy: 0.9967, Energy: -2500571.25
Time taken:  12.610676050186157
Test Loss: 0.0000, Test Accuracy: 0.9967, Energy: -2498168.0
Time taken:  12.573239088058472
Test Loss: 0.0000, Test Accuracy: 0.9967, Energy: -2496158.25
Time taken:  12.601504564285278
Test Loss: 0.0000, Test Accuracy: 0.9967, Energy: -2492891.25
Time taken:  12.712977170944214
Test Loss: 0.0000, Test Accuracy: 0.9967, Energy: -2495739.0
Time taken:  12.624982118606567
Test Loss: 0.0000, Test Accuracy: 0.9967, Energy: -2495362.5
Time taken:  12.589237689971924
Test Loss: 0.0000, Test Accuracy: 0.9967, Energy: -2495334.0
Time taken:  12.615273237228394
Test Loss: 0.0000, Test Accuracy: 0.9967, Energy: -2495720.25
Time taken:  12.711563348770142
Test Loss: 0.0000, Test Accuracy: 0.9967, Energy: -2495436.75
Time taken:  12.631283283233643
Test Loss: 0.0000, Test Accuracy: 0.9967, Energy: -2495463.25
Time taken:  12.603744268417358
Test Loss: 0.0000, Test Accuracy: 0.9967, Energy: -2495163.5
Time taken:  12.597623348236084
Test Loss: 0.0000, Test Accuracy: 0.9967, Energy: -2495284.75
Time taken:  12.700058460235596
Test Loss: 0.0000, Test Accuracy: 0.9967, Energy: -2495558.0
Time taken:  12.594847917556763
Test Loss: 0.0000, Test Accuracy: 0.9967, Energy: -2495514.5
Time taken:  12.575620412826538
Test Loss: 0.0000, Test Accuracy: 0.9967, Energy: -2496145.5
Time taken:  12.579360008239746
Test Loss: 0.0000, Test Accuracy: 0.9967, Energy: -2496073.25
Time taken:  12.690311908721924
Test Loss: 0.0000, Test Accuracy: 0.9967, Energy: -2496134.75
Time taken:  12.580256223678589
Test Loss: 0.0000, Test Accuracy: 0.9967, Energy: -2496260.0
Time taken:  12.629382610321045
Test Loss: 0.0000, Test Accuracy: 0.9967, Energy: -2496500.75
Time taken:  12.60645842552185
Test Loss: 0.0000, Test Accuracy: 0.9967, Energy: -2496758.0
Time taken:  12.720054149627686
Test Loss: 0.0000, Test Accuracy: 0.9967, Energy: -2496849.25
Time taken:  12.574045896530151
Test Loss: 0.0000, Test Accuracy: 0.9967, Energy: -2496875.75
Time taken:  12.57492470741272
Test Loss: 0.0000, Test Accuracy: 0.9967, Energy: -2497105.75
Time taken:  12.575615644454956
Test Loss: 0.0000, Test Accuracy: 0.9967, Energy: -2497204.25
Time taken:  12.708915710449219
Test Loss: 0.0000, Test Accuracy: 0.9967, Energy: -2497344.5
Time taken:  12.573283672332764
Test Loss: 0.0000, Test Accuracy: 0.9967, Energy: -2497263.75
Time taken:  12.564152002334595
Test Loss: 0.0000, Test Accuracy: 0.9967, Energy: -2497338.25
Time taken:  12.568045854568481
Test Loss: 0.0000, Test Accuracy: 0.9967, Energy: -2497517.75
Time taken:  12.701830387115479
Test Loss: 0.0000, Test Accuracy: 0.9967, Energy: -2497702.75
Time taken:  12.599700689315796
Test Loss: 0.0000, Test Accuracy: 0.9967, Energy: -2497867.0
Time taken:  12.59510064125061
Test Loss: 0.0000, Test Accuracy: 0.9967, Energy: -2498064.25
Time taken:  12.603482723236084
Test Loss: 0.0000, Test Accuracy: 0.9967, Energy: -2498189.5
Time taken:  12.71963620185852
Test Loss: 0.0000, Test Accuracy: 0.9967, Energy: -2498519.25
Time taken:  12.60389232635498
Test Loss: 0.0000, Test Accuracy: 0.9967, Energy: -2498410.25
Time taken:  12.595519542694092
Test Loss: 0.0000, Test Accuracy: 0.9967, Energy: -2498687.5
Time taken:  12.588017702102661
Test Loss: 0.0000, Test Accuracy: 0.9967, Energy: -2499118.0
Time taken:  12.725999116897583
Test Loss: 0.0000, Test Accuracy: 0.9967, Energy: -2499102.5
Time taken:  12.602035284042358
Test Loss: 0.0000, Test Accuracy: 0.9967, Energy: -2499008.75
Time taken:  12.568028450012207
Test Loss: 0.0000, Test Accuracy: 0.9967, Energy: -2499200.25
Time taken:  12.701587438583374
Test Loss: 0.0000, Test Accuracy: 0.9967, Energy: -2499404.75
Time taken:  12.594747066497803
Test Loss: 0.0000, Test Accuracy: 0.9967, Energy: -2499593.0
Time taken:  12.586870670318604
Test Loss: 0.0000, Test Accuracy: 0.9967, Energy: -2499589.25
Time taken:  12.600281238555908
Test Loss: 0.0000, Test Accuracy: 0.9967, Energy: -2499501.25
Time taken:  12.71080207824707
Test Loss: 0.0000, Test Accuracy: 0.9967, Energy: -2499782.25
Time taken:  12.608242988586426
Test Loss: 0.0000, Test Accuracy: 0.9967, Energy: -2499697.0
Time taken:  12.58406138420105
Test Loss: 0.0000, Test Accuracy: 0.9967, Energy: -2499824.75
Time taken:  12.569607734680176
Test Loss: 0.0000, Test Accuracy: 0.9967, Energy: -2499904.75
Time taken:  12.696679830551147
Test Loss: 0.0000, Test Accuracy: 0.9967, Energy: -2500147.75
Time taken:  12.581128597259521
Test Loss: 0.0000, Test Accuracy: 0.9967, Energy: -2500320.25
Time taken:  12.57628846168518
Test Loss: 0.0000, Test Accuracy: 0.9967, Energy: -2500678.75
Time taken:  12.60311222076416
Test Loss: 0.0000, Test Accuracy: 0.9967, Energy: -2500626.5
Time taken:  12.71396279335022
Test Loss: 0.0000, Test Accuracy: 0.9967, Energy: -2500659.0
Time taken:  12.601656198501587
Test Loss: 0.0000, Test Accuracy: 0.9967, Energy: -2500882.25
Time taken:  12.61535382270813
Test Loss: 0.0000, Test Accuracy: 1.0000, Energy: -2500560.0
Time taken:  12.604092597961426
Test Loss: 0.0000, Test Accuracy: 1.0000, Energy: -2500594.75
Time taken:  12.710551261901855
Test Loss: 0.0000, Test Accuracy: 1.0000, Energy: -2500848.5
Time taken:  12.593276739120483
Test Loss: 0.0000, Test Accuracy: 1.0000, Energy: -2500997.75
Time taken:  12.577163696289062
Test Loss: 0.0000, Test Accuracy: 1.0000, Energy: -2501109.25
Time taken:  12.595687866210938
Test Loss: 0.0000, Test Accuracy: 1.0000, Energy: -2501372.25
Time taken:  12.693774700164795
Test Loss: 0.0000, Test Accuracy: 1.0000, Energy: -2501599.5
Time taken:  12.614960670471191
Test Loss: 0.0000, Test Accuracy: 1.0000, Energy: -2501776.25
Time taken:  12.585522174835205
Test Loss: 0.0000, Test Accuracy: 1.0000, Energy: -2501806.75
Time taken:  12.617276668548584
Test Loss: 0.0000, Test Accuracy: 1.0000, Energy: -2502306.75
Time taken:  12.705617189407349
Test Loss: 0.0000, Test Accuracy: 1.0000, Energy: -2502603.75
Time taken:  12.585593700408936
Test Loss: 0.0000, Test Accuracy: 1.0000, Energy: -2502915.5
Time taken:  12.580381870269775
Test Loss: 0.0000, Test Accuracy: 1.0000, Energy: -2509141.25
Time taken:  12.589032173156738
Test Loss: 0.0000, Test Accuracy: 1.0000, Energy: -2509383.75
Time taken:  12.707626104354858
Test Loss: 0.0000, Test Accuracy: 1.0000, Energy: -2509464.75
Time taken:  12.599878549575806
Test Loss: 0.0000, Test Accuracy: 1.0000, Energy: -2510107.75
Time taken:  12.610670804977417
Test Loss: 0.0000, Test Accuracy: 1.0000, Energy: -2510336.75
Time taken:  12.59029507637024
Test Loss: 0.0000, Test Accuracy: 1.0000, Energy: -2510585.5
Time taken:  12.710623264312744
Test Loss: 0.0000, Test Accuracy: 1.0000, Energy: -2510681.0
Time taken:  12.592411279678345
Test Loss: 0.0000, Test Accuracy: 1.0000, Energy: -2510938.25
Time taken:  12.581196546554565
Final accuracies: [1.0, 0.9933333333333333, 0.9666666666666667, 1.0, 1.0, 1.0, 1.0, 1.0, 1.0, 1.0, 1.0, 1.0, 1.0, 1.0, 1.0, 1.0, 1.0, 1.0, 1.0, 1.0, 1.0, 1.0, 1.0, 1.0, 1.0, 1.0, 0.9966666666666667, 0.9966666666666667, 0.9966666666666667, 0.9966666666666667, 0.9966666666666667, 0.9966666666666667, 0.9966666666666667, 0.9966666666666667, 0.9966666666666667, 0.9966666666666667, 0.9966666666666667, 0.9966666666666667, 0.9966666666666667, 0.9966666666666667, 0.9966666666666667, 0.9966666666666667, 0.9966666666666667, 0.9966666666666667, 0.9966666666666667, 0.9966666666666667, 0.9966666666666667, 0.9966666666666667, 0.9966666666666667, 0.9966666666666667, 0.9966666666666667, 0.9966666666666667, 0.9966666666666667, 0.9966666666666667, 0.9966666666666667, 0.9966666666666667, 0.9966666666666667, 0.9966666666666667, 0.9966666666666667, 0.9966666666666667, 0.9966666666666667, 0.9966666666666667, 0.9966666666666667, 0.9966666666666667, 0.9966666666666667, 0.9966666666666667, 0.9966666666666667, 0.9966666666666667, 0.9966666666666667, 0.9966666666666667, 0.9966666666666667, 0.9966666666666667, 0.9966666666666667, 0.9966666666666667, 0.9966666666666667, 0.9966666666666667, 0.9966666666666667, 0.9966666666666667, 0.9966666666666667, 0.9966666666666667, 1.0, 1.0, 1.0, 1.0, 1.0, 1.0, 1.0, 1.0, 1.0, 1.0, 1.0, 1.0, 1.0, 1.0, 1.0, 1.0, 1.0, 1.0, 1.0, 1.0]
Final energies: [-1013591.8125, -1665236.75, -2149955.5, -2487060.5, -2479998.25, -2482159.0, -2498117.0, -2498116.25, -2497991.25, -2497760.25, -2497334.5, -2497016.5, -2496235.0, -2495546.75, -2494894.5, -2494402.5, -2494381.75, -2493910.0, -2493452.0, -2493216.75, -2492938.0, -2492457.5, -2492165.5, -2492012.0, -2492242.0, -2490757.5, -2493731.75, -2500571.25, -2498168.0, -2496158.25, -2492891.25, -2495739.0, -2495362.5, -2495334.0, -2495720.25, -2495436.75, -2495463.25, -2495163.5, -2495284.75, -2495558.0, -2495514.5, -2496145.5, -2496073.25, -2496134.75, -2496260.0, -2496500.75, -2496758.0, -2496849.25, -2496875.75, -2497105.75, -2497204.25, -2497344.5, -2497263.75, -2497338.25, -2497517.75, -2497702.75, -2497867.0, -2498064.25, -2498189.5, -2498519.25, -2498410.25, -2498687.5, -2499118.0, -2499102.5, -2499008.75, -2499200.25, -2499404.75, -2499593.0, -2499589.25, -2499501.25, -2499782.25, -2499697.0, -2499824.75, -2499904.75, -2500147.75, -2500320.25, -2500678.75, -2500626.5, -2500659.0, -2500882.25, -2500560.0, -2500594.75, -2500848.5, -2500997.75, -2501109.25, -2501372.25, -2501599.5, -2501776.25, -2501806.75, -2502306.75, -2502603.75, -2502915.5, -2509141.25, -2509383.75, -2509464.75, -2510107.75, -2510336.75, -2510585.5, -2510681.0, -2510938.25]
