Running with parameters: hidden=50, use_coupled=true, seed=62, lam=0.1, eta=1.0, batch=1
Test Loss: 0.0000, Test Accuracy: 0.9933, Energy: -1524529.0
Time taken:  12.656803131103516
Test Loss: 0.0000, Test Accuracy: 1.0000, Energy: -1632663.375
Time taken:  12.659059762954712
Test Loss: 0.0000, Test Accuracy: 1.0000, Energy: -1720464.625
Time taken:  12.653534650802612
Test Loss: 0.0000, Test Accuracy: 1.0000, Energy: -1731254.75
Time taken:  12.73356008529663
Test Loss: 0.0000, Test Accuracy: 1.0000, Energy: -1732144.625
Time taken:  12.636144638061523
Test Loss: 0.0000, Test Accuracy: 1.0000, Energy: -1738570.125
Time taken:  12.683171033859253
Test Loss: 0.0000, Test Accuracy: 0.9933, Energy: -1830763.25
Time taken:  12.674861669540405
Test Loss: 0.0000, Test Accuracy: 0.9967, Energy: -1829029.0
Time taken:  12.763743877410889
Test Loss: 0.0000, Test Accuracy: 0.9967, Energy: -1828749.875
Time taken:  12.683635711669922
Test Loss: 0.0000, Test Accuracy: 0.9933, Energy: -1829175.875
Time taken:  12.652824401855469
Test Loss: 0.0000, Test Accuracy: 0.9967, Energy: -1829447.375
Time taken:  12.653752088546753
Test Loss: 0.0000, Test Accuracy: 0.9933, Energy: -1831690.125
Time taken:  12.758386611938477
Test Loss: 0.0000, Test Accuracy: 0.9933, Energy: -1835408.875
Time taken:  12.655454397201538
Test Loss: 0.0000, Test Accuracy: 1.0000, Energy: -1836629.5
Time taken:  12.664608001708984
Test Loss: 0.0000, Test Accuracy: 1.0000, Energy: -1836601.5
Time taken:  12.622046947479248
Test Loss: 0.0000, Test Accuracy: 1.0000, Energy: -1836664.375
Time taken:  12.762028932571411
Test Loss: 0.0000, Test Accuracy: 1.0000, Energy: -1836565.0
Time taken:  12.637482166290283
Test Loss: 0.0000, Test Accuracy: 1.0000, Energy: -1837388.0
Time taken:  12.669242858886719
Test Loss: 0.0000, Test Accuracy: 1.0000, Energy: -1837467.5
Time taken:  12.666582584381104
Test Loss: 0.0000, Test Accuracy: 1.0000, Energy: -1837810.25
Time taken:  12.761931657791138
Test Loss: 0.0000, Test Accuracy: 1.0000, Energy: -1838148.25
Time taken:  12.666281938552856
Test Loss: 0.0000, Test Accuracy: 1.0000, Energy: -1838434.375
Time taken:  12.631569147109985
Test Loss: 0.0000, Test Accuracy: 1.0000, Energy: -1838712.875
Time taken:  12.779766321182251
Test Loss: 0.0000, Test Accuracy: 1.0000, Energy: -1838857.25
Time taken:  12.639321565628052
Test Loss: 0.0000, Test Accuracy: 1.0000, Energy: -1839203.125
Time taken:  12.665034055709839
Test Loss: 0.0000, Test Accuracy: 1.0000, Energy: -1839543.25
Time taken:  12.62938928604126
Test Loss: 0.0000, Test Accuracy: 1.0000, Energy: -1839622.625
Time taken:  12.78355884552002
Test Loss: 0.0000, Test Accuracy: 1.0000, Energy: -1840104.75
Time taken:  12.625371217727661
Test Loss: 0.0000, Test Accuracy: 1.0000, Energy: -1840570.5
Time taken:  12.674880504608154
Test Loss: 0.0000, Test Accuracy: 1.0000, Energy: -1840609.375
Time taken:  12.663795948028564
Test Loss: 0.0000, Test Accuracy: 1.0000, Energy: -1840968.375
Time taken:  12.778526544570923
Test Loss: 0.0000, Test Accuracy: 1.0000, Energy: -1841490.5
Time taken:  12.664638042449951
Test Loss: 0.0000, Test Accuracy: 1.0000, Energy: -1841767.875
Time taken:  12.675699472427368
Test Loss: 0.0000, Test Accuracy: 1.0000, Energy: -1842053.25
Time taken:  12.674380540847778
Test Loss: 0.0000, Test Accuracy: 1.0000, Energy: -1842570.75
Time taken:  12.791631937026978
Test Loss: 0.0000, Test Accuracy: 1.0000, Energy: -1843125.0
Time taken:  12.674477100372314
Test Loss: 0.0000, Test Accuracy: 1.0000, Energy: -1843639.625
Time taken:  12.666137456893921
Test Loss: 0.0000, Test Accuracy: 1.0000, Energy: -1844196.75
Time taken:  12.684752941131592
Test Loss: 0.0000, Test Accuracy: 1.0000, Energy: -1844562.375
Time taken:  12.756786823272705
Test Loss: 0.0000, Test Accuracy: 1.0000, Energy: -1845039.75
Time taken:  12.672203540802002
Test Loss: 0.0000, Test Accuracy: 1.0000, Energy: -1845571.875
Time taken:  12.653644800186157
Test Loss: 0.0000, Test Accuracy: 1.0000, Energy: -1846064.375
Time taken:  12.684645891189575
Test Loss: 0.0000, Test Accuracy: 1.0000, Energy: -1846855.0
Time taken:  12.76217794418335
Test Loss: 0.0000, Test Accuracy: 1.0000, Energy: -1847090.375
Time taken:  12.679256916046143
Test Loss: 0.0000, Test Accuracy: 1.0000, Energy: -1847500.375
Time taken:  12.647799491882324
Test Loss: 0.0000, Test Accuracy: 1.0000, Energy: -1847957.0
Time taken:  12.659733295440674
Test Loss: 0.0000, Test Accuracy: 1.0000, Energy: -1848455.5
Time taken:  12.792520999908447
Test Loss: 0.0000, Test Accuracy: 1.0000, Energy: -1846337.25
Time taken:  12.63821005821228
Test Loss: 0.0000, Test Accuracy: 1.0000, Energy: -1846881.375
Time taken:  12.656604051589966
Test Loss: 0.0000, Test Accuracy: 1.0000, Energy: -1847332.5
Time taken:  12.627160787582397
Test Loss: 0.0000, Test Accuracy: 1.0000, Energy: -1848042.5
Time taken:  12.765160322189331
Test Loss: 0.0000, Test Accuracy: 1.0000, Energy: -1848747.875
Time taken:  12.642736911773682
Test Loss: 0.0000, Test Accuracy: 1.0000, Energy: -1857516.375
Time taken:  12.658560514450073
Test Loss: 0.0000, Test Accuracy: 1.0000, Energy: -1858440.75
Time taken:  12.61934781074524
Test Loss: 0.0000, Test Accuracy: 1.0000, Energy: -1861036.125
Time taken:  12.77105712890625
Test Loss: 0.0000, Test Accuracy: 1.0000, Energy: -1862208.5
Time taken:  12.644200563430786
Test Loss: 0.0000, Test Accuracy: 1.0000, Energy: -1863178.375
Time taken:  12.63514256477356
Test Loss: 0.0000, Test Accuracy: 1.0000, Energy: -1864166.25
Time taken:  12.644769668579102
Test Loss: 0.0000, Test Accuracy: 1.0000, Energy: -1865194.5
Time taken:  12.782527685165405
Test Loss: 0.0000, Test Accuracy: 1.0000, Energy: -1865915.0
Time taken:  12.654902935028076
Test Loss: 0.0000, Test Accuracy: 1.0000, Energy: -1866908.75
Time taken:  12.64200234413147
Test Loss: 0.0000, Test Accuracy: 1.0000, Energy: -1867590.75
Time taken:  12.610162019729614
Test Loss: 0.0000, Test Accuracy: 1.0000, Energy: -1870464.25
Time taken:  12.777086019515991
Test Loss: 0.0000, Test Accuracy: 1.0000, Energy: -1865047.625
Time taken:  12.636047601699829
Test Loss: 0.0000, Test Accuracy: 1.0000, Energy: -1866475.5
Time taken:  12.62738847732544
Test Loss: 0.0000, Test Accuracy: 1.0000, Energy: -1867540.125
Time taken:  12.771713018417358
Test Loss: 0.0000, Test Accuracy: 1.0000, Energy: -1868414.125
Time taken:  12.645521640777588
Test Loss: 0.0000, Test Accuracy: 1.0000, Energy: -1869685.25
Time taken:  12.67887568473816
Test Loss: 0.0000, Test Accuracy: 1.0000, Energy: -1870458.625
Time taken:  12.677165508270264
Test Loss: 0.0000, Test Accuracy: 1.0000, Energy: -1871431.25
Time taken:  12.767277956008911
Test Loss: 0.0000, Test Accuracy: 1.0000, Energy: -1872790.0
Time taken:  12.66351056098938
Test Loss: 0.0000, Test Accuracy: 1.0000, Energy: -1873891.5
Time taken:  12.676096677780151
Test Loss: 0.0000, Test Accuracy: 1.0000, Energy: -1874681.125
Time taken:  12.656975030899048
Test Loss: 0.0000, Test Accuracy: 1.0000, Energy: -1875385.5
Time taken:  12.770557165145874
Test Loss: 0.0000, Test Accuracy: 1.0000, Energy: -1876746.5
Time taken:  12.63720154762268
Test Loss: 0.0000, Test Accuracy: 1.0000, Energy: -1877162.5
Time taken:  12.66210389137268
Test Loss: 0.0000, Test Accuracy: 1.0000, Energy: -1879067.0
Time taken:  12.669016122817993
Test Loss: 0.0000, Test Accuracy: 1.0000, Energy: -1880291.625
Time taken:  12.756681680679321
Test Loss: 0.0000, Test Accuracy: 1.0000, Energy: -1881362.875
Time taken:  12.662002801895142
Test Loss: 0.0000, Test Accuracy: 1.0000, Energy: -1882539.625
Time taken:  12.662551164627075
Test Loss: 0.0000, Test Accuracy: 1.0000, Energy: -1884065.625
Time taken:  12.670927286148071
Test Loss: 0.0000, Test Accuracy: 1.0000, Energy: -1885398.75
Time taken:  12.72075629234314
Test Loss: 0.0000, Test Accuracy: 1.0000, Energy: -1886663.25
Time taken:  12.63187050819397
Test Loss: 0.0000, Test Accuracy: 1.0000, Energy: -1887397.125
Time taken:  12.612388372421265
Test Loss: 0.0000, Test Accuracy: 1.0000, Energy: -1888706.875
Time taken:  12.634893655776978
Test Loss: 0.0000, Test Accuracy: 1.0000, Energy: -1889533.875
Time taken:  12.739066362380981
Test Loss: 0.0000, Test Accuracy: 1.0000, Energy: -1891357.25
Time taken:  12.668096542358398
Test Loss: 0.0000, Test Accuracy: 1.0000, Energy: -1892640.875
Time taken:  12.651962995529175
Test Loss: 0.0000, Test Accuracy: 1.0000, Energy: -1893879.125
Time taken:  12.668206214904785
Test Loss: 0.0000, Test Accuracy: 1.0000, Energy: -1894380.875
Time taken:  12.767567157745361
Test Loss: 0.0000, Test Accuracy: 1.0000, Energy: -1896016.125
Time taken:  12.678098201751709
Test Loss: 0.0000, Test Accuracy: 1.0000, Energy: -1897196.125
Time taken:  12.63683533668518
Test Loss: 0.0000, Test Accuracy: 1.0000, Energy: -1897849.125
Time taken:  12.637063980102539
Test Loss: 0.0000, Test Accuracy: 1.0000, Energy: -1899313.125
Time taken:  12.764705181121826
Test Loss: 0.0000, Test Accuracy: 1.0000, Energy: -1900299.625
Time taken:  12.64777398109436
Test Loss: 0.0000, Test Accuracy: 1.0000, Energy: -1901467.5
Time taken:  12.639915227890015
Test Loss: 0.0000, Test Accuracy: 1.0000, Energy: -1902667.25
Time taken:  12.640686988830566
Test Loss: 0.0000, Test Accuracy: 1.0000, Energy: -1903731.875
Time taken:  12.753323316574097
Test Loss: 0.0000, Test Accuracy: 1.0000, Energy: -1904223.5
Time taken:  12.619624614715576
Test Loss: 0.0000, Test Accuracy: 1.0000, Energy: -1904786.25
Time taken:  12.556238651275635
Final accuracies: [0.9933333333333333, 1.0, 1.0, 1.0, 1.0, 1.0, 0.9933333333333333, 0.9966666666666667, 0.9966666666666667, 0.9933333333333333, 0.9966666666666667, 0.9933333333333333, 0.9933333333333333, 1.0, 1.0, 1.0, 1.0, 1.0, 1.0, 1.0, 1.0, 1.0, 1.0, 1.0, 1.0, 1.0, 1.0, 1.0, 1.0, 1.0, 1.0, 1.0, 1.0, 1.0, 1.0, 1.0, 1.0, 1.0, 1.0, 1.0, 1.0, 1.0, 1.0, 1.0, 1.0, 1.0, 1.0, 1.0, 1.0, 1.0, 1.0, 1.0, 1.0, 1.0, 1.0, 1.0, 1.0, 1.0, 1.0, 1.0, 1.0, 1.0, 1.0, 1.0, 1.0, 1.0, 1.0, 1.0, 1.0, 1.0, 1.0, 1.0, 1.0, 1.0, 1.0, 1.0, 1.0, 1.0, 1.0, 1.0, 1.0, 1.0, 1.0, 1.0, 1.0, 1.0, 1.0, 1.0, 1.0, 1.0, 1.0, 1.0, 1.0, 1.0, 1.0, 1.0, 1.0, 1.0, 1.0, 1.0]
Final energies: [-1524529.0, -1632663.375, -1720464.625, -1731254.75, -1732144.625, -1738570.125, -1830763.25, -1829029.0, -1828749.875, -1829175.875, -1829447.375, -1831690.125, -1835408.875, -1836629.5, -1836601.5, -1836664.375, -1836565.0, -1837388.0, -1837467.5, -1837810.25, -1838148.25, -1838434.375, -1838712.875, -1838857.25, -1839203.125, -1839543.25, -1839622.625, -1840104.75, -1840570.5, -1840609.375, -1840968.375, -1841490.5, -1841767.875, -1842053.25, -1842570.75, -1843125.0, -1843639.625, -1844196.75, -1844562.375, -1845039.75, -1845571.875, -1846064.375, -1846855.0, -1847090.375, -1847500.375, -1847957.0, -1848455.5, -1846337.25, -1846881.375, -1847332.5, -1848042.5, -1848747.875, -1857516.375, -1858440.75, -1861036.125, -1862208.5, -1863178.375, -1864166.25, -1865194.5, -1865915.0, -1866908.75, -1867590.75, -1870464.25, -1865047.625, -1866475.5, -1867540.125, -1868414.125, -1869685.25, -1870458.625, -1871431.25, -1872790.0, -1873891.5, -1874681.125, -1875385.5, -1876746.5, -1877162.5, -1879067.0, -1880291.625, -1881362.875, -1882539.625, -1884065.625, -1885398.75, -1886663.25, -1887397.125, -1888706.875, -1889533.875, -1891357.25, -1892640.875, -1893879.125, -1894380.875, -1896016.125, -1897196.125, -1897849.125, -1899313.125, -1900299.625, -1901467.5, -1902667.25, -1903731.875, -1904223.5, -1904786.25]
