Running with parameters: hidden=50, use_coupled=true, seed=89, lam=0.1, eta=1.0, batch=1
Test Loss: 0.0000, Test Accuracy: 0.9967, Energy: -1220604.875
Time taken:  12.384118556976318
Test Loss: 0.0000, Test Accuracy: 1.0000, Energy: -2885835.25
Time taken:  12.34339189529419
Test Loss: 0.0000, Test Accuracy: 1.0000, Energy: -3092458.75
Time taken:  12.341132164001465
Test Loss: 0.0000, Test Accuracy: 0.9967, Energy: -3378089.75
Time taken:  12.467216730117798
Test Loss: 0.0000, Test Accuracy: 0.9967, Energy: -3402217.75
Time taken:  12.220662593841553
Test Loss: 0.0000, Test Accuracy: 0.9967, Energy: -3402354.5
Time taken:  12.168970108032227
Test Loss: 0.0000, Test Accuracy: 0.9967, Energy: -3405667.25
Time taken:  12.187124490737915
Test Loss: 0.0000, Test Accuracy: 0.9967, Energy: -3405679.0
Time taken:  12.291622400283813
Test Loss: 0.0000, Test Accuracy: 0.9967, Energy: -3405813.5
Time taken:  12.16947889328003
Test Loss: 0.0000, Test Accuracy: 0.9967, Energy: -3407210.0
Time taken:  12.268442869186401
Test Loss: 0.0000, Test Accuracy: 0.9967, Energy: -3407212.5
Time taken:  12.215808868408203
Test Loss: 0.0000, Test Accuracy: 0.9967, Energy: -3407216.0
Time taken:  12.303325414657593
Test Loss: 0.0000, Test Accuracy: 0.9967, Energy: -3407312.5
Time taken:  12.199552536010742
Test Loss: 0.0000, Test Accuracy: 0.9967, Energy: -3407366.75
Time taken:  12.189946413040161
Test Loss: 0.0000, Test Accuracy: 0.9967, Energy: -3407379.75
Time taken:  12.174261093139648
Test Loss: 0.0000, Test Accuracy: 0.9967, Energy: -3407665.5
Time taken:  12.282706260681152
Test Loss: 0.0000, Test Accuracy: 0.9967, Energy: -3407933.0
Time taken:  12.199454069137573
Test Loss: 0.0000, Test Accuracy: 0.9967, Energy: -3408119.25
Time taken:  12.197230577468872
Test Loss: 0.0000, Test Accuracy: 0.9967, Energy: -3411396.0
Time taken:  12.213570356369019
Test Loss: 0.0000, Test Accuracy: 0.9967, Energy: -3411446.5
Time taken:  12.277872323989868
Test Loss: 0.0000, Test Accuracy: 0.9967, Energy: -3411436.5
Time taken:  12.190073013305664
Test Loss: 0.0000, Test Accuracy: 0.9967, Energy: -3411421.0
Time taken:  12.17962384223938
Test Loss: 0.0000, Test Accuracy: 0.9967, Energy: -3411403.0
Time taken:  12.263731002807617
Test Loss: 0.0000, Test Accuracy: 0.9967, Energy: -3411404.25
Time taken:  12.164900541305542
Test Loss: 0.0000, Test Accuracy: 0.9967, Energy: -3411382.75
Time taken:  12.176157712936401
Test Loss: 0.0000, Test Accuracy: 0.9967, Energy: -3411398.5
Time taken:  12.174913883209229
Test Loss: 0.0000, Test Accuracy: 0.9967, Energy: -3411407.5
Time taken:  12.290831565856934
Test Loss: 0.0000, Test Accuracy: 0.9967, Energy: -3411430.0
Time taken:  12.2115957736969
Test Loss: 0.0000, Test Accuracy: 0.9967, Energy: -3411403.75
Time taken:  12.184646129608154
Test Loss: 0.0000, Test Accuracy: 0.9967, Energy: -3411404.25
Time taken:  12.16381049156189
Test Loss: 0.0000, Test Accuracy: 0.9967, Energy: -3411394.75
Time taken:  12.300290822982788
Test Loss: 0.0000, Test Accuracy: 0.9967, Energy: -3411375.75
Time taken:  12.195768594741821
Test Loss: 0.0000, Test Accuracy: 0.9967, Energy: -3411373.25
Time taken:  12.200277090072632
Test Loss: 0.0000, Test Accuracy: 0.9967, Energy: -3411386.0
Time taken:  12.19929575920105
Test Loss: 0.0000, Test Accuracy: 0.9967, Energy: -3411372.25
Time taken:  12.272741317749023
Test Loss: 0.0000, Test Accuracy: 0.9967, Energy: -3411342.0
Time taken:  12.183114051818848
Test Loss: 0.0000, Test Accuracy: 0.9967, Energy: -3411361.5
Time taken:  12.16397738456726
Test Loss: 0.0000, Test Accuracy: 0.9967, Energy: -3411354.5
Time taken:  12.180414915084839
Test Loss: 0.0000, Test Accuracy: 0.9967, Energy: -3411341.5
Time taken:  12.283557415008545
Test Loss: 0.0000, Test Accuracy: 0.9967, Energy: -3411390.25
Time taken:  12.1703941822052
Test Loss: 0.0000, Test Accuracy: 0.9967, Energy: -3411391.25
Time taken:  12.170575141906738
Test Loss: 0.0000, Test Accuracy: 0.9967, Energy: -3411373.25
Time taken:  12.19264841079712
Test Loss: 0.0000, Test Accuracy: 0.9967, Energy: -3411368.0
Time taken:  12.28548288345337
Test Loss: 0.0000, Test Accuracy: 0.9967, Energy: -3411374.25
Time taken:  12.193402528762817
Test Loss: 0.0000, Test Accuracy: 0.9967, Energy: -3411402.0
Time taken:  12.199686050415039
Test Loss: 0.0000, Test Accuracy: 0.9967, Energy: -3411530.5
Time taken:  12.189790964126587
Test Loss: 0.0000, Test Accuracy: 0.9967, Energy: -3411546.25
Time taken:  12.294301271438599
Test Loss: 0.0000, Test Accuracy: 0.9967, Energy: -3411634.0
Time taken:  12.174810409545898
Test Loss: 0.0000, Test Accuracy: 0.9967, Energy: -3411684.5
Time taken:  12.18216061592102
Test Loss: 0.0000, Test Accuracy: 0.9967, Energy: -3411804.75
Time taken:  12.145966291427612
Test Loss: 0.0000, Test Accuracy: 0.9967, Energy: -3411815.25
Time taken:  12.244210004806519
Test Loss: 0.0000, Test Accuracy: 0.9967, Energy: -3411889.5
Time taken:  12.136556148529053
Test Loss: 0.0000, Test Accuracy: 0.9967, Energy: -3412209.5
Time taken:  12.13398814201355
Test Loss: 0.0000, Test Accuracy: 0.9967, Energy: -3412265.5
Time taken:  12.168304920196533
Test Loss: 0.0000, Test Accuracy: 0.9967, Energy: -3412277.25
Time taken:  12.282917976379395
Test Loss: 0.0000, Test Accuracy: 0.9967, Energy: -3412270.25
Time taken:  12.170746088027954
Test Loss: 0.0000, Test Accuracy: 0.9967, Energy: -3412277.0
Time taken:  12.19343090057373
Test Loss: 0.0000, Test Accuracy: 0.9967, Energy: -3412289.75
Time taken:  12.191648721694946
Test Loss: 0.0000, Test Accuracy: 0.9967, Energy: -3412319.75
Time taken:  12.291762590408325
Test Loss: 0.0000, Test Accuracy: 0.9967, Energy: -3412381.0
Time taken:  12.17111086845398
Test Loss: 0.0000, Test Accuracy: 0.9967, Energy: -3412349.75
Time taken:  12.168676614761353
Test Loss: 0.0000, Test Accuracy: 0.9967, Energy: -3412333.5
Time taken:  12.145916938781738
Test Loss: 0.0000, Test Accuracy: 0.9967, Energy: -3412317.5
Time taken:  12.243332147598267
Test Loss: 0.0000, Test Accuracy: 0.9967, Energy: -3412321.5
Time taken:  12.166890859603882
Test Loss: 0.0000, Test Accuracy: 0.9967, Energy: -3412317.0
Time taken:  12.16927456855774
Test Loss: 0.0000, Test Accuracy: 0.9967, Energy: -3412382.75
Time taken:  12.264160871505737
Test Loss: 0.0000, Test Accuracy: 0.9967, Energy: -3412346.25
Time taken:  12.198163986206055
Test Loss: 0.0000, Test Accuracy: 0.9967, Energy: -3412418.25
Time taken:  12.19249701499939
Test Loss: 0.0000, Test Accuracy: 0.9967, Energy: -3412490.5
Time taken:  12.181292533874512
Test Loss: 0.0000, Test Accuracy: 0.9967, Energy: -3412493.5
Time taken:  12.284349203109741
Test Loss: 0.0000, Test Accuracy: 0.9967, Energy: -3413544.75
Time taken:  12.178142070770264
Test Loss: 0.0000, Test Accuracy: 0.9967, Energy: -3413606.25
Time taken:  12.188999652862549
Test Loss: 0.0000, Test Accuracy: 0.9967, Energy: -3413605.0
Time taken:  12.206904649734497
Test Loss: 0.0000, Test Accuracy: 0.9967, Energy: -3413629.75
Time taken:  12.296575546264648
Test Loss: 0.0000, Test Accuracy: 0.9967, Energy: -3414011.5
Time taken:  12.19009017944336
Test Loss: 0.0000, Test Accuracy: 0.9967, Energy: -3414085.75
Time taken:  12.190777063369751
Test Loss: 0.0000, Test Accuracy: 0.9967, Energy: -3414120.0
Time taken:  12.183305025100708
Test Loss: 0.0000, Test Accuracy: 0.9967, Energy: -3414166.5
Time taken:  12.285929918289185
Test Loss: 0.0000, Test Accuracy: 0.9967, Energy: -3414221.5
Time taken:  12.218112707138062
Test Loss: 0.0000, Test Accuracy: 0.9967, Energy: -3414231.5
Time taken:  12.184179067611694
Test Loss: 0.0000, Test Accuracy: 0.9967, Energy: -3414217.75
Time taken:  12.216256856918335
Test Loss: 0.0000, Test Accuracy: 0.9967, Energy: -3414190.25
Time taken:  12.287205696105957
Test Loss: 0.0000, Test Accuracy: 0.9967, Energy: -3414292.5
Time taken:  12.21881103515625
Test Loss: 0.0000, Test Accuracy: 0.9967, Energy: -3414316.25
Time taken:  12.191500186920166
Test Loss: 0.0000, Test Accuracy: 0.9967, Energy: -3414386.5
Time taken:  12.191508769989014
Test Loss: 0.0000, Test Accuracy: 1.0000, Energy: -3415500.5
Time taken:  12.285897016525269
Test Loss: 0.0000, Test Accuracy: 1.0000, Energy: -3415577.75
Time taken:  12.19335412979126
Test Loss: 0.0000, Test Accuracy: 1.0000, Energy: -3415563.75
Time taken:  12.184734582901001
Test Loss: 0.0000, Test Accuracy: 1.0000, Energy: -3415540.5
Time taken:  12.182478427886963
Test Loss: 0.0000, Test Accuracy: 1.0000, Energy: -3415509.25
Time taken:  12.281541347503662
Test Loss: 0.0000, Test Accuracy: 1.0000, Energy: -3415566.25
Time taken:  12.189417123794556
Test Loss: 0.0000, Test Accuracy: 1.0000, Energy: -3415474.25
Time taken:  12.19312334060669
Test Loss: 0.0000, Test Accuracy: 1.0000, Energy: -3415542.75
Time taken:  12.182293891906738
Test Loss: 0.0000, Test Accuracy: 1.0000, Energy: -3415801.5
Time taken:  12.270734548568726
Test Loss: 0.0000, Test Accuracy: 1.0000, Energy: -3415846.5
Time taken:  12.213976621627808
Test Loss: 0.0000, Test Accuracy: 1.0000, Energy: -3415837.0
Time taken:  12.190629243850708
Test Loss: 0.0000, Test Accuracy: 1.0000, Energy: -3415739.25
Time taken:  12.152158975601196
Test Loss: 0.0000, Test Accuracy: 1.0000, Energy: -3415778.0
Time taken:  12.26370620727539
Test Loss: 0.0000, Test Accuracy: 1.0000, Energy: -3415793.75
Time taken:  12.192773342132568
Test Loss: 0.0000, Test Accuracy: 1.0000, Energy: -3415796.75
Time taken:  12.180702686309814
Final accuracies: [0.9966666666666667, 1.0, 1.0, 0.9966666666666667, 0.9966666666666667, 0.9966666666666667, 0.9966666666666667, 0.9966666666666667, 0.9966666666666667, 0.9966666666666667, 0.9966666666666667, 0.9966666666666667, 0.9966666666666667, 0.9966666666666667, 0.9966666666666667, 0.9966666666666667, 0.9966666666666667, 0.9966666666666667, 0.9966666666666667, 0.9966666666666667, 0.9966666666666667, 0.9966666666666667, 0.9966666666666667, 0.9966666666666667, 0.9966666666666667, 0.9966666666666667, 0.9966666666666667, 0.9966666666666667, 0.9966666666666667, 0.9966666666666667, 0.9966666666666667, 0.9966666666666667, 0.9966666666666667, 0.9966666666666667, 0.9966666666666667, 0.9966666666666667, 0.9966666666666667, 0.9966666666666667, 0.9966666666666667, 0.9966666666666667, 0.9966666666666667, 0.9966666666666667, 0.9966666666666667, 0.9966666666666667, 0.9966666666666667, 0.9966666666666667, 0.9966666666666667, 0.9966666666666667, 0.9966666666666667, 0.9966666666666667, 0.9966666666666667, 0.9966666666666667, 0.9966666666666667, 0.9966666666666667, 0.9966666666666667, 0.9966666666666667, 0.9966666666666667, 0.9966666666666667, 0.9966666666666667, 0.9966666666666667, 0.9966666666666667, 0.9966666666666667, 0.9966666666666667, 0.9966666666666667, 0.9966666666666667, 0.9966666666666667, 0.9966666666666667, 0.9966666666666667, 0.9966666666666667, 0.9966666666666667, 0.9966666666666667, 0.9966666666666667, 0.9966666666666667, 0.9966666666666667, 0.9966666666666667, 0.9966666666666667, 0.9966666666666667, 0.9966666666666667, 0.9966666666666667, 0.9966666666666667, 0.9966666666666667, 0.9966666666666667, 0.9966666666666667, 0.9966666666666667, 0.9966666666666667, 1.0, 1.0, 1.0, 1.0, 1.0, 1.0, 1.0, 1.0, 1.0, 1.0, 1.0, 1.0, 1.0, 1.0, 1.0]
Final energies: [-1220604.875, -2885835.25, -3092458.75, -3378089.75, -3402217.75, -3402354.5, -3405667.25, -3405679.0, -3405813.5, -3407210.0, -3407212.5, -3407216.0, -3407312.5, -3407366.75, -3407379.75, -3407665.5, -3407933.0, -3408119.25, -3411396.0, -3411446.5, -3411436.5, -3411421.0, -3411403.0, -3411404.25, -3411382.75, -3411398.5, -3411407.5, -3411430.0, -3411403.75, -3411404.25, -3411394.75, -3411375.75, -3411373.25, -3411386.0, -3411372.25, -3411342.0, -3411361.5, -3411354.5, -3411341.5, -3411390.25, -3411391.25, -3411373.25, -3411368.0, -3411374.25, -3411402.0, -3411530.5, -3411546.25, -3411634.0, -3411684.5, -3411804.75, -3411815.25, -3411889.5, -3412209.5, -3412265.5, -3412277.25, -3412270.25, -3412277.0, -3412289.75, -3412319.75, -3412381.0, -3412349.75, -3412333.5, -3412317.5, -3412321.5, -3412317.0, -3412382.75, -3412346.25, -3412418.25, -3412490.5, -3412493.5, -3413544.75, -3413606.25, -3413605.0, -3413629.75, -3414011.5, -3414085.75, -3414120.0, -3414166.5, -3414221.5, -3414231.5, -3414217.75, -3414190.25, -3414292.5, -3414316.25, -3414386.5, -3415500.5, -3415577.75, -3415563.75, -3415540.5, -3415509.25, -3415566.25, -3415474.25, -3415542.75, -3415801.5, -3415846.5, -3415837.0, -3415739.25, -3415778.0, -3415793.75, -3415796.75]
