Running with parameters: hidden=50, use_coupled=true, seed=17, lam=0.1, eta=1.0, batch=1
Test Loss: 0.0000, Test Accuracy: 1.0000, Energy: -762335.4375
Time taken:  12.73153805732727
Test Loss: 0.0000, Test Accuracy: 0.9967, Energy: -1176463.375
Time taken:  12.734726190567017
Test Loss: 0.0000, Test Accuracy: 0.9967, Energy: -1190383.5
Time taken:  12.709289789199829
Test Loss: 0.0000, Test Accuracy: 0.9967, Energy: -1193324.375
Time taken:  12.835586547851562
Test Loss: 0.0000, Test Accuracy: 0.9967, Energy: -1198633.375
Time taken:  12.743349075317383
Test Loss: 0.0000, Test Accuracy: 1.0000, Energy: -1199558.25
Time taken:  12.741377592086792
Test Loss: 0.0000, Test Accuracy: 1.0000, Energy: -1198907.875
Time taken:  12.733490943908691
Test Loss: 0.0000, Test Accuracy: 1.0000, Energy: -1198641.5
Time taken:  12.852582693099976
Test Loss: 0.0000, Test Accuracy: 1.0000, Energy: -1198867.25
Time taken:  12.707209348678589
Test Loss: 0.0000, Test Accuracy: 1.0000, Energy: -1200754.25
Time taken:  12.716370582580566
Test Loss: 0.0000, Test Accuracy: 1.0000, Energy: -1200924.375
Time taken:  12.712640285491943
Test Loss: 0.0000, Test Accuracy: 1.0000, Energy: -1200737.0
Time taken:  12.803168296813965
Test Loss: 0.0000, Test Accuracy: 1.0000, Energy: -1200446.625
Time taken:  12.65877366065979
Test Loss: 0.0000, Test Accuracy: 1.0000, Energy: -1200518.0
Time taken:  12.695061445236206
Test Loss: 0.0000, Test Accuracy: 1.0000, Energy: -1200325.75
Time taken:  12.715327024459839
Test Loss: 0.0000, Test Accuracy: 1.0000, Energy: -1200200.875
Time taken:  12.818995714187622
Test Loss: 0.0000, Test Accuracy: 1.0000, Energy: -1200107.75
Time taken:  12.719835758209229
Test Loss: 0.0000, Test Accuracy: 1.0000, Energy: -1199880.5
Time taken:  12.719910621643066
Test Loss: 0.0000, Test Accuracy: 1.0000, Energy: -1199901.625
Time taken:  12.700266361236572
Test Loss: 0.0000, Test Accuracy: 1.0000, Energy: -1199742.0
Time taken:  12.825514316558838
Test Loss: 0.0000, Test Accuracy: 1.0000, Energy: -1199668.5
Time taken:  12.729723930358887
Test Loss: 0.0000, Test Accuracy: 1.0000, Energy: -1199545.375
Time taken:  12.719946146011353
Test Loss: 0.0000, Test Accuracy: 1.0000, Energy: -1199445.375
Time taken:  12.836397886276245
Test Loss: 0.0000, Test Accuracy: 1.0000, Energy: -1199306.75
Time taken:  12.79164171218872
Test Loss: 0.0000, Test Accuracy: 1.0000, Energy: -1199204.875
Time taken:  12.813591480255127
Test Loss: 0.0000, Test Accuracy: 1.0000, Energy: -1199123.25
Time taken:  12.81134033203125
Test Loss: 0.0000, Test Accuracy: 1.0000, Energy: -1199014.375
Time taken:  12.942876815795898
Test Loss: 0.0000, Test Accuracy: 1.0000, Energy: -1198764.125
Time taken:  12.82215142250061
Test Loss: 0.0000, Test Accuracy: 1.0000, Energy: -1198801.625
Time taken:  12.802687406539917
Test Loss: 0.0000, Test Accuracy: 1.0000, Energy: -1198598.5
Time taken:  12.81365180015564
Test Loss: 0.0000, Test Accuracy: 1.0000, Energy: -1198525.0
Time taken:  12.939919471740723
Test Loss: 0.0000, Test Accuracy: 1.0000, Energy: -1198480.125
Time taken:  12.7926025390625
Test Loss: 0.0000, Test Accuracy: 1.0000, Energy: -1198409.125
Time taken:  12.772577047348022
Test Loss: 0.0000, Test Accuracy: 1.0000, Energy: -1198356.375
Time taken:  12.785641193389893
Test Loss: 0.0000, Test Accuracy: 1.0000, Energy: -1198353.875
Time taken:  12.907617807388306
Test Loss: 0.0000, Test Accuracy: 1.0000, Energy: -1198265.75
Time taken:  12.766505241394043
Test Loss: 0.0000, Test Accuracy: 1.0000, Energy: -1198338.5
Time taken:  12.715619564056396
Test Loss: 0.0000, Test Accuracy: 1.0000, Energy: -1198336.0
Time taken:  12.702332735061646
Test Loss: 0.0000, Test Accuracy: 1.0000, Energy: -1198603.0
Time taken:  12.821267366409302
Test Loss: 0.0000, Test Accuracy: 1.0000, Energy: -1198515.75
Time taken:  12.68662428855896
Test Loss: 0.0000, Test Accuracy: 1.0000, Energy: -1198484.25
Time taken:  12.71693468093872
Test Loss: 0.0000, Test Accuracy: 1.0000, Energy: -1198537.5
Time taken:  12.71751093864441
Test Loss: 0.0000, Test Accuracy: 1.0000, Energy: -1198633.875
Time taken:  12.771388530731201
Test Loss: 0.0000, Test Accuracy: 1.0000, Energy: -1198680.125
Time taken:  12.673296213150024
Test Loss: 0.0000, Test Accuracy: 1.0000, Energy: -1199744.625
Time taken:  12.701581001281738
Test Loss: 0.0000, Test Accuracy: 1.0000, Energy: -1199867.0
Time taken:  12.714356184005737
Test Loss: 0.0000, Test Accuracy: 1.0000, Energy: -1199948.875
Time taken:  12.806579828262329
Test Loss: 0.0000, Test Accuracy: 1.0000, Energy: -1199990.375
Time taken:  12.737775325775146
Test Loss: 0.0000, Test Accuracy: 1.0000, Energy: -1200067.25
Time taken:  12.721995830535889
Test Loss: 0.0000, Test Accuracy: 1.0000, Energy: -1200138.0
Time taken:  12.735021114349365
Test Loss: 0.0000, Test Accuracy: 1.0000, Energy: -1200294.75
Time taken:  12.862074375152588
Test Loss: 0.0000, Test Accuracy: 1.0000, Energy: -1200818.125
Time taken:  12.740583896636963
Test Loss: 0.0000, Test Accuracy: 1.0000, Energy: -1201297.25
Time taken:  12.73225736618042
Test Loss: 0.0000, Test Accuracy: 1.0000, Energy: -1201842.0
Time taken:  12.721059322357178
Test Loss: 0.0000, Test Accuracy: 1.0000, Energy: -1202729.125
Time taken:  12.834957361221313
Test Loss: 0.0000, Test Accuracy: 1.0000, Energy: -1202885.875
Time taken:  12.742727279663086
Test Loss: 0.0000, Test Accuracy: 1.0000, Energy: -1202960.125
Time taken:  12.704195261001587
Test Loss: 0.0000, Test Accuracy: 1.0000, Energy: -1203082.75
Time taken:  12.72527813911438
Test Loss: 0.0000, Test Accuracy: 1.0000, Energy: -1203109.625
Time taken:  12.830096244812012
Test Loss: 0.0000, Test Accuracy: 1.0000, Energy: -1203220.375
Time taken:  12.686823844909668
Test Loss: 0.0000, Test Accuracy: 1.0000, Energy: -1203542.125
Time taken:  12.72900915145874
Test Loss: 0.0000, Test Accuracy: 1.0000, Energy: -1203561.0
Time taken:  12.712276935577393
Test Loss: 0.0000, Test Accuracy: 1.0000, Energy: -1203501.875
Time taken:  12.831702470779419
Test Loss: 0.0000, Test Accuracy: 1.0000, Energy: -1203853.5
Time taken:  12.686800003051758
Test Loss: 0.0000, Test Accuracy: 1.0000, Energy: -1203972.25
Time taken:  12.695828199386597
Test Loss: 0.0000, Test Accuracy: 1.0000, Energy: -1204186.625
Time taken:  12.872812986373901
Test Loss: 0.0000, Test Accuracy: 1.0000, Energy: -1204184.875
Time taken:  12.76726245880127
Test Loss: 0.0000, Test Accuracy: 1.0000, Energy: -1204227.375
Time taken:  12.810139656066895
Test Loss: 0.0000, Test Accuracy: 1.0000, Energy: -1204287.375
Time taken:  12.804332494735718
Test Loss: 0.0000, Test Accuracy: 1.0000, Energy: -1204339.875
Time taken:  12.938869953155518
Test Loss: 0.0000, Test Accuracy: 1.0000, Energy: -1204290.625
Time taken:  12.814640998840332
Test Loss: 0.0000, Test Accuracy: 1.0000, Energy: -1204310.875
Time taken:  12.825931549072266
Test Loss: 0.0000, Test Accuracy: 1.0000, Energy: -1204314.75
Time taken:  12.80613112449646
Test Loss: 0.0000, Test Accuracy: 1.0000, Energy: -1204390.25
Time taken:  12.884568452835083
Test Loss: 0.0000, Test Accuracy: 1.0000, Energy: -1204347.125
Time taken:  12.811349153518677
Test Loss: 0.0000, Test Accuracy: 1.0000, Energy: -1204431.125
Time taken:  12.793499231338501
Test Loss: 0.0000, Test Accuracy: 1.0000, Energy: -1204429.0
Time taken:  12.776265621185303
Test Loss: 0.0000, Test Accuracy: 1.0000, Energy: -1204413.125
Time taken:  12.902750730514526
Test Loss: 0.0000, Test Accuracy: 1.0000, Energy: -1204387.375
Time taken:  12.74718976020813
Test Loss: 0.0000, Test Accuracy: 1.0000, Energy: -1204261.75
Time taken:  12.722026824951172
Test Loss: 0.0000, Test Accuracy: 1.0000, Energy: -1204352.125
Time taken:  12.748450756072998
Test Loss: 0.0000, Test Accuracy: 1.0000, Energy: -1204341.625
Time taken:  12.842237710952759
Test Loss: 0.0000, Test Accuracy: 1.0000, Energy: -1204391.75
Time taken:  12.732836723327637
Test Loss: 0.0000, Test Accuracy: 1.0000, Energy: -1204454.25
Time taken:  12.724103450775146
Test Loss: 0.0000, Test Accuracy: 1.0000, Energy: -1204510.875
Time taken:  12.69621205329895
Test Loss: 0.0000, Test Accuracy: 1.0000, Energy: -1204491.375
Time taken:  12.798791646957397
Test Loss: 0.0000, Test Accuracy: 1.0000, Energy: -1204601.25
Time taken:  12.69771957397461
Test Loss: 0.0000, Test Accuracy: 1.0000, Energy: -1204673.75
Time taken:  12.688089370727539
Test Loss: 0.0000, Test Accuracy: 1.0000, Energy: -1204713.375
Time taken:  12.699614524841309
Test Loss: 0.0000, Test Accuracy: 1.0000, Energy: -1204906.25
Time taken:  12.799742460250854
Test Loss: 0.0000, Test Accuracy: 1.0000, Energy: -1204892.375
Time taken:  12.705406665802002
Test Loss: 0.0000, Test Accuracy: 1.0000, Energy: -1204849.625
Time taken:  12.691473245620728
Test Loss: 0.0000, Test Accuracy: 1.0000, Energy: -1204942.875
Time taken:  12.693885564804077
Test Loss: 0.0000, Test Accuracy: 1.0000, Energy: -1204923.5
Time taken:  12.783377170562744
Test Loss: 0.0000, Test Accuracy: 1.0000, Energy: -1205132.75
Time taken:  12.68671441078186
Test Loss: 0.0000, Test Accuracy: 1.0000, Energy: -1205273.625
Time taken:  12.695857286453247
Test Loss: 0.0000, Test Accuracy: 1.0000, Energy: -1205427.375
Time taken:  12.668084383010864
Test Loss: 0.0000, Test Accuracy: 1.0000, Energy: -1205250.875
Time taken:  12.809321880340576
Test Loss: 0.0000, Test Accuracy: 1.0000, Energy: -1205242.875
Time taken:  12.695375919342041
Test Loss: 0.0000, Test Accuracy: 1.0000, Energy: -1205316.125
Time taken:  12.672930479049683
Final accuracies: [1.0, 0.9966666666666667, 0.9966666666666667, 0.9966666666666667, 0.9966666666666667, 1.0, 1.0, 1.0, 1.0, 1.0, 1.0, 1.0, 1.0, 1.0, 1.0, 1.0, 1.0, 1.0, 1.0, 1.0, 1.0, 1.0, 1.0, 1.0, 1.0, 1.0, 1.0, 1.0, 1.0, 1.0, 1.0, 1.0, 1.0, 1.0, 1.0, 1.0, 1.0, 1.0, 1.0, 1.0, 1.0, 1.0, 1.0, 1.0, 1.0, 1.0, 1.0, 1.0, 1.0, 1.0, 1.0, 1.0, 1.0, 1.0, 1.0, 1.0, 1.0, 1.0, 1.0, 1.0, 1.0, 1.0, 1.0, 1.0, 1.0, 1.0, 1.0, 1.0, 1.0, 1.0, 1.0, 1.0, 1.0, 1.0, 1.0, 1.0, 1.0, 1.0, 1.0, 1.0, 1.0, 1.0, 1.0, 1.0, 1.0, 1.0, 1.0, 1.0, 1.0, 1.0, 1.0, 1.0, 1.0, 1.0, 1.0, 1.0, 1.0, 1.0, 1.0, 1.0]
Final energies: [-762335.4375, -1176463.375, -1190383.5, -1193324.375, -1198633.375, -1199558.25, -1198907.875, -1198641.5, -1198867.25, -1200754.25, -1200924.375, -1200737.0, -1200446.625, -1200518.0, -1200325.75, -1200200.875, -1200107.75, -1199880.5, -1199901.625, -1199742.0, -1199668.5, -1199545.375, -1199445.375, -1199306.75, -1199204.875, -1199123.25, -1199014.375, -1198764.125, -1198801.625, -1198598.5, -1198525.0, -1198480.125, -1198409.125, -1198356.375, -1198353.875, -1198265.75, -1198338.5, -1198336.0, -1198603.0, -1198515.75, -1198484.25, -1198537.5, -1198633.875, -1198680.125, -1199744.625, -1199867.0, -1199948.875, -1199990.375, -1200067.25, -1200138.0, -1200294.75, -1200818.125, -1201297.25, -1201842.0, -1202729.125, -1202885.875, -1202960.125, -1203082.75, -1203109.625, -1203220.375, -1203542.125, -1203561.0, -1203501.875, -1203853.5, -1203972.25, -1204186.625, -1204184.875, -1204227.375, -1204287.375, -1204339.875, -1204290.625, -1204310.875, -1204314.75, -1204390.25, -1204347.125, -1204431.125, -1204429.0, -1204413.125, -1204387.375, -1204261.75, -1204352.125, -1204341.625, -1204391.75, -1204454.25, -1204510.875, -1204491.375, -1204601.25, -1204673.75, -1204713.375, -1204906.25, -1204892.375, -1204849.625, -1204942.875, -1204923.5, -1205132.75, -1205273.625, -1205427.375, -1205250.875, -1205242.875, -1205316.125]
