Running with parameters: hidden=50, use_coupled=true, seed=32, lam=0.1, eta=1.0, batch=1
Test Loss: 0.0000, Test Accuracy: 0.9833, Energy: -670624.875
Time taken:  12.288208961486816
Test Loss: 0.0000, Test Accuracy: 0.9700, Energy: -917372.8125
Time taken:  12.289533138275146
Test Loss: 0.0000, Test Accuracy: 1.0000, Energy: -1034567.75
Time taken:  12.30711841583252
Test Loss: 0.0000, Test Accuracy: 1.0000, Energy: -1040894.375
Time taken:  12.408620119094849
Test Loss: 0.0000, Test Accuracy: 1.0000, Energy: -1046440.9375
Time taken:  12.295389175415039
Test Loss: 0.0000, Test Accuracy: 1.0000, Energy: -1050402.0
Time taken:  12.295382261276245
Test Loss: 0.0000, Test Accuracy: 1.0000, Energy: -1054989.5
Time taken:  12.272070169448853
Test Loss: 0.0000, Test Accuracy: 1.0000, Energy: -1056275.875
Time taken:  12.373520851135254
Test Loss: 0.0000, Test Accuracy: 1.0000, Energy: -1063523.0
Time taken:  12.28788709640503
Test Loss: 0.0000, Test Accuracy: 1.0000, Energy: -1067422.625
Time taken:  12.257691621780396
Test Loss: 0.0000, Test Accuracy: 1.0000, Energy: -1071466.375
Time taken:  12.302685260772705
Test Loss: 0.0000, Test Accuracy: 1.0000, Energy: -1075699.0
Time taken:  12.365564107894897
Test Loss: 0.0000, Test Accuracy: 1.0000, Energy: -1096383.5
Time taken:  12.257808446884155
Test Loss: 0.0000, Test Accuracy: 1.0000, Energy: -1100022.875
Time taken:  12.269495248794556
Test Loss: 0.0000, Test Accuracy: 1.0000, Energy: -1104669.25
Time taken:  12.267967224121094
Test Loss: 0.0000, Test Accuracy: 1.0000, Energy: -1108834.25
Time taken:  12.37234354019165
Test Loss: 0.0000, Test Accuracy: 1.0000, Energy: -1112091.25
Time taken:  12.295661449432373
Test Loss: 0.0000, Test Accuracy: 1.0000, Energy: -1115815.25
Time taken:  12.286065816879272
Test Loss: 0.0000, Test Accuracy: 1.0000, Energy: -1119132.625
Time taken:  12.25595736503601
Test Loss: 0.0000, Test Accuracy: 1.0000, Energy: -1122394.125
Time taken:  12.358230829238892
Test Loss: 0.0000, Test Accuracy: 1.0000, Energy: -1125085.375
Time taken:  12.272898435592651
Test Loss: 0.0000, Test Accuracy: 1.0000, Energy: -1140466.5
Time taken:  12.262664318084717
Test Loss: 0.0000, Test Accuracy: 1.0000, Energy: -1142613.25
Time taken:  12.383623838424683
Test Loss: 0.0000, Test Accuracy: 1.0000, Energy: -1156927.75
Time taken:  12.321827411651611
Test Loss: 0.0000, Test Accuracy: 1.0000, Energy: -1161301.625
Time taken:  12.284884929656982
Test Loss: 0.0000, Test Accuracy: 1.0000, Energy: -1163398.25
Time taken:  12.27055311203003
Test Loss: 0.0000, Test Accuracy: 1.0000, Energy: -1166233.375
Time taken:  12.363138198852539
Test Loss: 0.0000, Test Accuracy: 1.0000, Energy: -1168275.5
Time taken:  12.283104419708252
Test Loss: 0.0000, Test Accuracy: 1.0000, Energy: -1235359.625
Time taken:  12.289971828460693
Test Loss: 0.0000, Test Accuracy: 1.0000, Energy: -1253459.0
Time taken:  12.317583322525024
Test Loss: 0.0000, Test Accuracy: 1.0000, Energy: -1287392.875
Time taken:  12.403286457061768
Test Loss: 0.0000, Test Accuracy: 1.0000, Energy: -1309125.75
Time taken:  12.292739629745483
Test Loss: 0.0000, Test Accuracy: 1.0000, Energy: -1315427.375
Time taken:  12.301500082015991
Test Loss: 0.0000, Test Accuracy: 1.0000, Energy: -1321543.0
Time taken:  12.29063367843628
Test Loss: 0.0000, Test Accuracy: 1.0000, Energy: -1329092.5
Time taken:  12.350570917129517
Test Loss: 0.0000, Test Accuracy: 1.0000, Energy: -1334429.75
Time taken:  12.286998987197876
Test Loss: 0.0000, Test Accuracy: 1.0000, Energy: -1336092.5
Time taken:  12.25966763496399
Test Loss: 0.0000, Test Accuracy: 1.0000, Energy: -1343937.5
Time taken:  12.288424491882324
Test Loss: 0.0000, Test Accuracy: 1.0000, Energy: -1347008.0
Time taken:  12.365796089172363
Test Loss: 0.0000, Test Accuracy: 1.0000, Energy: -1352727.625
Time taken:  12.281801462173462
Test Loss: 0.0000, Test Accuracy: 1.0000, Energy: -1359404.125
Time taken:  12.25409746170044
Test Loss: 0.0000, Test Accuracy: 1.0000, Energy: -1364904.375
Time taken:  12.26790714263916
Test Loss: 0.0000, Test Accuracy: 1.0000, Energy: -1370833.125
Time taken:  12.354832172393799
Test Loss: 0.0000, Test Accuracy: 1.0000, Energy: -1376588.0
Time taken:  12.285508871078491
Test Loss: 0.0000, Test Accuracy: 1.0000, Energy: -1381027.5
Time taken:  12.278393745422363
Test Loss: 0.0000, Test Accuracy: 1.0000, Energy: -1383650.0
Time taken:  12.26416540145874
Test Loss: 0.0000, Test Accuracy: 1.0000, Energy: -1389102.75
Time taken:  12.339342832565308
Test Loss: 0.0000, Test Accuracy: 1.0000, Energy: -1382650.125
Time taken:  12.247122526168823
Test Loss: 0.0000, Test Accuracy: 1.0000, Energy: -1387013.875
Time taken:  12.257287979125977
Test Loss: 0.0000, Test Accuracy: 1.0000, Energy: -1391085.5
Time taken:  12.245505094528198
Test Loss: 0.0000, Test Accuracy: 1.0000, Energy: -1395348.125
Time taken:  12.362343788146973
Test Loss: 0.0000, Test Accuracy: 1.0000, Energy: -1399709.75
Time taken:  12.245097637176514
Test Loss: 0.0000, Test Accuracy: 1.0000, Energy: -1404124.875
Time taken:  12.258784294128418
Test Loss: 0.0000, Test Accuracy: 1.0000, Energy: -1408600.0
Time taken:  12.24536681175232
Test Loss: 0.0000, Test Accuracy: 1.0000, Energy: -1411886.875
Time taken:  12.356882810592651
Test Loss: 0.0000, Test Accuracy: 1.0000, Energy: -1417634.25
Time taken:  12.245105028152466
Test Loss: 0.0000, Test Accuracy: 1.0000, Energy: -1421619.625
Time taken:  12.262630939483643
Test Loss: 0.0000, Test Accuracy: 1.0000, Energy: -1426002.625
Time taken:  12.257981061935425
Test Loss: 0.0000, Test Accuracy: 1.0000, Energy: -1429705.0
Time taken:  12.346664428710938
Test Loss: 0.0000, Test Accuracy: 1.0000, Energy: -1434039.0
Time taken:  12.26456880569458
Test Loss: 0.0000, Test Accuracy: 1.0000, Energy: -1438392.25
Time taken:  12.245388984680176
Test Loss: 0.0000, Test Accuracy: 1.0000, Energy: -1443032.625
Time taken:  12.262525796890259
Test Loss: 0.0000, Test Accuracy: 1.0000, Energy: -1446632.75
Time taken:  12.314515590667725
Test Loss: 0.0000, Test Accuracy: 1.0000, Energy: -1450399.125
Time taken:  12.250757694244385
Test Loss: 0.0000, Test Accuracy: 1.0000, Energy: -1453690.5
Time taken:  12.246596813201904
Test Loss: 0.0000, Test Accuracy: 1.0000, Energy: -1457490.125
Time taken:  12.371480464935303
Test Loss: 0.0000, Test Accuracy: 1.0000, Energy: -1460820.875
Time taken:  12.305377006530762
Test Loss: 0.0000, Test Accuracy: 1.0000, Energy: -1464187.25
Time taken:  12.276539325714111
Test Loss: 0.0000, Test Accuracy: 1.0000, Energy: -1466830.375
Time taken:  12.280391931533813
Test Loss: 0.0000, Test Accuracy: 1.0000, Energy: -1470868.25
Time taken:  12.3758864402771
Test Loss: 0.0000, Test Accuracy: 1.0000, Energy: -1474648.5
Time taken:  12.267698764801025
Test Loss: 0.0000, Test Accuracy: 1.0000, Energy: -1479749.0
Time taken:  12.28869080543518
Test Loss: 0.0000, Test Accuracy: 1.0000, Energy: -1508693.75
Time taken:  12.281734704971313
Test Loss: 0.0000, Test Accuracy: 1.0000, Energy: -1514355.5
Time taken:  12.332350969314575
Test Loss: 0.0000, Test Accuracy: 1.0000, Energy: -1518665.625
Time taken:  12.25730586051941
Test Loss: 0.0000, Test Accuracy: 1.0000, Energy: -1521882.0
Time taken:  12.234390497207642
Test Loss: 0.0000, Test Accuracy: 1.0000, Energy: -1525947.5
Time taken:  12.247551202774048
Test Loss: 0.0000, Test Accuracy: 1.0000, Energy: -1527988.125
Time taken:  12.354975461959839
Test Loss: 0.0000, Test Accuracy: 1.0000, Energy: -1530426.625
Time taken:  12.252168893814087
Test Loss: 0.0000, Test Accuracy: 1.0000, Energy: -1532781.125
Time taken:  12.243027210235596
Test Loss: 0.0000, Test Accuracy: 1.0000, Energy: -1535294.75
Time taken:  12.244765758514404
Test Loss: 0.0000, Test Accuracy: 1.0000, Energy: -1537606.375
Time taken:  12.374926090240479
Test Loss: 0.0000, Test Accuracy: 1.0000, Energy: -1539807.625
Time taken:  12.245513439178467
Test Loss: 0.0000, Test Accuracy: 1.0000, Energy: -1542574.0
Time taken:  12.259197235107422
Test Loss: 0.0000, Test Accuracy: 1.0000, Energy: -1547385.0
Time taken:  12.269932508468628
Test Loss: 0.0000, Test Accuracy: 1.0000, Energy: -1557355.875
Time taken:  12.328449010848999
Test Loss: 0.0000, Test Accuracy: 1.0000, Energy: -1561115.5
Time taken:  12.26305603981018
Test Loss: 0.0000, Test Accuracy: 1.0000, Energy: -1563842.375
Time taken:  12.243263006210327
Test Loss: 0.0000, Test Accuracy: 1.0000, Energy: -1566241.375
Time taken:  12.265992164611816
Test Loss: 0.0000, Test Accuracy: 1.0000, Energy: -1568660.125
Time taken:  12.337538719177246
Test Loss: 0.0000, Test Accuracy: 1.0000, Energy: -1570470.125
Time taken:  12.254160642623901
Test Loss: 0.0000, Test Accuracy: 1.0000, Energy: -1573674.25
Time taken:  12.259174823760986
Test Loss: 0.0000, Test Accuracy: 1.0000, Energy: -1574953.125
Time taken:  12.252082109451294
Test Loss: 0.0000, Test Accuracy: 1.0000, Energy: -1577686.0
Time taken:  12.36454153060913
Test Loss: 0.0000, Test Accuracy: 1.0000, Energy: -1580473.125
Time taken:  12.2523512840271
Test Loss: 0.0000, Test Accuracy: 1.0000, Energy: -1584287.0
Time taken:  12.26078724861145
Test Loss: 0.0000, Test Accuracy: 1.0000, Energy: -1630626.375
Time taken:  12.246565580368042
Test Loss: 0.0000, Test Accuracy: 1.0000, Energy: -1649915.125
Time taken:  12.324837684631348
Test Loss: 0.0000, Test Accuracy: 1.0000, Energy: -1655147.375
Time taken:  12.263923406600952
Test Loss: 0.0000, Test Accuracy: 1.0000, Energy: -1658430.0
Time taken:  12.251579999923706
Final accuracies: [0.9833333333333333, 0.97, 1.0, 1.0, 1.0, 1.0, 1.0, 1.0, 1.0, 1.0, 1.0, 1.0, 1.0, 1.0, 1.0, 1.0, 1.0, 1.0, 1.0, 1.0, 1.0, 1.0, 1.0, 1.0, 1.0, 1.0, 1.0, 1.0, 1.0, 1.0, 1.0, 1.0, 1.0, 1.0, 1.0, 1.0, 1.0, 1.0, 1.0, 1.0, 1.0, 1.0, 1.0, 1.0, 1.0, 1.0, 1.0, 1.0, 1.0, 1.0, 1.0, 1.0, 1.0, 1.0, 1.0, 1.0, 1.0, 1.0, 1.0, 1.0, 1.0, 1.0, 1.0, 1.0, 1.0, 1.0, 1.0, 1.0, 1.0, 1.0, 1.0, 1.0, 1.0, 1.0, 1.0, 1.0, 1.0, 1.0, 1.0, 1.0, 1.0, 1.0, 1.0, 1.0, 1.0, 1.0, 1.0, 1.0, 1.0, 1.0, 1.0, 1.0, 1.0, 1.0, 1.0, 1.0, 1.0, 1.0, 1.0, 1.0]
Final energies: [-670624.875, -917372.8125, -1034567.75, -1040894.375, -1046440.9375, -1050402.0, -1054989.5, -1056275.875, -1063523.0, -1067422.625, -1071466.375, -1075699.0, -1096383.5, -1100022.875, -1104669.25, -1108834.25, -1112091.25, -1115815.25, -1119132.625, -1122394.125, -1125085.375, -1140466.5, -1142613.25, -1156927.75, -1161301.625, -1163398.25, -1166233.375, -1168275.5, -1235359.625, -1253459.0, -1287392.875, -1309125.75, -1315427.375, -1321543.0, -1329092.5, -1334429.75, -1336092.5, -1343937.5, -1347008.0, -1352727.625, -1359404.125, -1364904.375, -1370833.125, -1376588.0, -1381027.5, -1383650.0, -1389102.75, -1382650.125, -1387013.875, -1391085.5, -1395348.125, -1399709.75, -1404124.875, -1408600.0, -1411886.875, -1417634.25, -1421619.625, -1426002.625, -1429705.0, -1434039.0, -1438392.25, -1443032.625, -1446632.75, -1450399.125, -1453690.5, -1457490.125, -1460820.875, -1464187.25, -1466830.375, -1470868.25, -1474648.5, -1479749.0, -1508693.75, -1514355.5, -1518665.625, -1521882.0, -1525947.5, -1527988.125, -1530426.625, -1532781.125, -1535294.75, -1537606.375, -1539807.625, -1542574.0, -1547385.0, -1557355.875, -1561115.5, -1563842.375, -1566241.375, -1568660.125, -1570470.125, -1573674.25, -1574953.125, -1577686.0, -1580473.125, -1584287.0, -1630626.375, -1649915.125, -1655147.375, -1658430.0]
