Running with parameters: hidden=30, use_coupled=true, seed=97, lam=0.1, eta=0.5, batch=1
Test Loss: 0.0000, Test Accuracy: 1.0000, Energy: -976810.25
Time taken:  11.556578159332275
Test Loss: 0.0000, Test Accuracy: 0.9967, Energy: -1050734.0
Time taken:  11.646749258041382
Test Loss: 0.0000, Test Accuracy: 0.9967, Energy: -1075724.375
Time taken:  11.602041482925415
Test Loss: 0.0000, Test Accuracy: 0.9967, Energy: -1104755.375
Time taken:  11.66538667678833
Test Loss: 0.0000, Test Accuracy: 0.9967, Energy: -1127767.625
Time taken:  11.588229179382324
Test Loss: 0.0000, Test Accuracy: 0.9967, Energy: -1150473.0
Time taken:  11.588266372680664
Test Loss: 0.0000, Test Accuracy: 0.9967, Energy: -1167348.5
Time taken:  11.566231966018677
Test Loss: 0.0000, Test Accuracy: 0.9967, Energy: -1182323.5
Time taken:  11.717309951782227
Test Loss: 0.0000, Test Accuracy: 0.9967, Energy: -1198259.75
Time taken:  11.589339971542358
Test Loss: 0.0000, Test Accuracy: 0.9967, Energy: -1215102.25
Time taken:  11.567999362945557
Test Loss: 0.0000, Test Accuracy: 0.9967, Energy: -1228461.125
Time taken:  11.579880714416504
Test Loss: 0.0000, Test Accuracy: 0.9967, Energy: -1263380.0
Time taken:  11.715446472167969
Test Loss: 0.0000, Test Accuracy: 1.0000, Energy: -1277415.375
Time taken:  11.55422329902649
Test Loss: 0.0000, Test Accuracy: 1.0000, Energy: -1292070.0
Time taken:  11.553314447402954
Test Loss: 0.0000, Test Accuracy: 1.0000, Energy: -1305523.25
Time taken:  11.599135398864746
Test Loss: 0.0000, Test Accuracy: 1.0000, Energy: -1315767.25
Time taken:  11.684687376022339
Test Loss: 0.0000, Test Accuracy: 1.0000, Energy: -1326226.25
Time taken:  11.554430961608887
Test Loss: 0.0000, Test Accuracy: 1.0000, Energy: -1337546.875
Time taken:  11.598511219024658
Test Loss: 0.0000, Test Accuracy: 1.0000, Energy: -1348068.75
Time taken:  11.565799951553345
Test Loss: 0.0000, Test Accuracy: 1.0000, Energy: -1359449.75
Time taken:  11.687767744064331
Test Loss: 0.0000, Test Accuracy: 1.0000, Energy: -1370898.125
Time taken:  11.567068338394165
Test Loss: 0.0000, Test Accuracy: 1.0000, Energy: -1382407.625
Time taken:  11.565211534500122
Test Loss: 0.0000, Test Accuracy: 1.0000, Energy: -1394046.125
Time taken:  11.6465003490448
Test Loss: 0.0000, Test Accuracy: 1.0000, Energy: -1399003.375
Time taken:  11.607048034667969
Test Loss: 0.0000, Test Accuracy: 1.0000, Energy: -1411282.75
Time taken:  11.552652835845947
Test Loss: 0.0000, Test Accuracy: 1.0000, Energy: -1419753.25
Time taken:  11.618518829345703
Test Loss: 0.0000, Test Accuracy: 1.0000, Energy: -1427936.125
Time taken:  11.71406078338623
Test Loss: 0.0000, Test Accuracy: 1.0000, Energy: -1436125.875
Time taken:  11.591808319091797
Test Loss: 0.0000, Test Accuracy: 1.0000, Energy: -1443918.25
Time taken:  11.629453897476196
Test Loss: 0.0000, Test Accuracy: 1.0000, Energy: -1451034.75
Time taken:  11.5897216796875
Test Loss: 0.0000, Test Accuracy: 1.0000, Energy: -1459136.25
Time taken:  11.746220111846924
Test Loss: 0.0000, Test Accuracy: 1.0000, Energy: -1464832.125
Time taken:  11.579566240310669
Test Loss: 0.0000, Test Accuracy: 1.0000, Energy: -1475042.375
Time taken:  11.58013105392456
Test Loss: 0.0000, Test Accuracy: 1.0000, Energy: -1483629.75
Time taken:  11.618529558181763
Test Loss: 0.0000, Test Accuracy: 1.0000, Energy: -1489317.25
Time taken:  11.686467170715332
Test Loss: 0.0000, Test Accuracy: 1.0000, Energy: -1503471.5
Time taken:  11.555052995681763
Test Loss: 0.0000, Test Accuracy: 1.0000, Energy: -1511407.375
Time taken:  11.614088535308838
Test Loss: 0.0000, Test Accuracy: 1.0000, Energy: -1521452.625
Time taken:  11.608224868774414
Test Loss: 0.0000, Test Accuracy: 1.0000, Energy: -1528698.875
Time taken:  11.692129850387573
Test Loss: 0.0000, Test Accuracy: 1.0000, Energy: -1537198.875
Time taken:  11.61026668548584
Test Loss: 0.0000, Test Accuracy: 1.0000, Energy: -1544675.875
Time taken:  11.615161418914795
Test Loss: 0.0000, Test Accuracy: 1.0000, Energy: -1555355.625
Time taken:  11.619083404541016
Test Loss: 0.0000, Test Accuracy: 1.0000, Energy: -1567029.875
Time taken:  11.704648733139038
Test Loss: 0.0000, Test Accuracy: 1.0000, Energy: -1633167.625
Time taken:  11.572649240493774
Test Loss: 0.0000, Test Accuracy: 1.0000, Energy: -1636709.5
Time taken:  11.59956407546997
Test Loss: 0.0000, Test Accuracy: 1.0000, Energy: -1639283.625
Time taken:  11.619889497756958
Test Loss: 0.0000, Test Accuracy: 1.0000, Energy: -1642336.375
Time taken:  11.69791555404663
Test Loss: 0.0000, Test Accuracy: 1.0000, Energy: -1645248.875
Time taken:  11.584003925323486
Test Loss: 0.0000, Test Accuracy: 1.0000, Energy: -1648352.375
Time taken:  11.60346508026123
Test Loss: 0.0000, Test Accuracy: 1.0000, Energy: -1651061.25
Time taken:  11.58431339263916
Test Loss: 0.0000, Test Accuracy: 1.0000, Energy: -1654624.25
Time taken:  11.706501007080078
Test Loss: 0.0000, Test Accuracy: 1.0000, Energy: -1657152.5
Time taken:  11.598984241485596
Test Loss: 0.0000, Test Accuracy: 1.0000, Energy: -1660970.625
Time taken:  11.597359657287598
Test Loss: 0.0000, Test Accuracy: 1.0000, Energy: -1664385.125
Time taken:  11.567112445831299
Test Loss: 0.0000, Test Accuracy: 1.0000, Energy: -1667566.5
Time taken:  11.672231435775757
Test Loss: 0.0000, Test Accuracy: 1.0000, Energy: -1671037.625
Time taken:  11.584356546401978
Test Loss: 0.0000, Test Accuracy: 1.0000, Energy: -1673948.375
Time taken:  11.617191076278687
Test Loss: 0.0000, Test Accuracy: 1.0000, Energy: -1678175.25
Time taken:  11.590704202651978
Test Loss: 0.0000, Test Accuracy: 1.0000, Energy: -1682565.25
Time taken:  11.750778198242188
Test Loss: 0.0000, Test Accuracy: 1.0000, Energy: -1690854.25
Time taken:  11.587041139602661
Test Loss: 0.0000, Test Accuracy: 1.0000, Energy: -1692229.375
Time taken:  11.583077669143677
Test Loss: 0.0000, Test Accuracy: 1.0000, Energy: -1697805.75
Time taken:  11.595454454421997
Test Loss: 0.0000, Test Accuracy: 1.0000, Energy: -1702464.625
Time taken:  11.700074434280396
Test Loss: 0.0000, Test Accuracy: 1.0000, Energy: -1707442.25
Time taken:  11.584675788879395
Test Loss: 0.0000, Test Accuracy: 1.0000, Energy: -1729340.875
Time taken:  11.60840368270874
Test Loss: 0.0000, Test Accuracy: 1.0000, Energy: -1733590.625
Time taken:  11.713382482528687
Test Loss: 0.0000, Test Accuracy: 1.0000, Energy: -1737737.5
Time taken:  11.579953908920288
Test Loss: 0.0000, Test Accuracy: 1.0000, Energy: -1783671.5
Time taken:  11.591076850891113
Test Loss: 0.0000, Test Accuracy: 1.0000, Energy: -1788319.875
Time taken:  11.589296817779541
Test Loss: 0.0000, Test Accuracy: 1.0000, Energy: -1793861.375
Time taken:  11.711498975753784
Test Loss: 0.0000, Test Accuracy: 1.0000, Energy: -1810300.625
Time taken:  11.63491153717041
Test Loss: 0.0000, Test Accuracy: 0.9967, Energy: -1805948.0
Time taken:  11.544408321380615
Test Loss: 0.0000, Test Accuracy: 1.0000, Energy: -1812194.0
Time taken:  11.577467441558838
Test Loss: 0.0000, Test Accuracy: 1.0000, Energy: -1875110.5
Time taken:  11.72950291633606
Test Loss: 0.0000, Test Accuracy: 1.0000, Energy: -1881175.375
Time taken:  11.590595722198486
Test Loss: 0.0000, Test Accuracy: 1.0000, Energy: -1888303.125
Time taken:  11.60304045677185
Test Loss: 0.0000, Test Accuracy: 1.0000, Energy: -1892333.75
Time taken:  11.627086400985718
Test Loss: 0.0000, Test Accuracy: 1.0000, Energy: -1895557.25
Time taken:  11.702644348144531
Test Loss: 0.0000, Test Accuracy: 1.0000, Energy: -1898821.5
Time taken:  11.620531558990479
Test Loss: 0.0000, Test Accuracy: 1.0000, Energy: -1904859.625
Time taken:  11.602468013763428
Test Loss: 0.0000, Test Accuracy: 0.9967, Energy: -1908211.5
Time taken:  11.592787265777588
Test Loss: 0.0000, Test Accuracy: 0.9967, Energy: -1911094.875
Time taken:  11.719610452651978
Test Loss: 0.0000, Test Accuracy: 0.9967, Energy: -1913078.75
Time taken:  11.622119188308716
Test Loss: 0.0000, Test Accuracy: 0.9967, Energy: -1915517.25
Time taken:  11.61893105506897
Test Loss: 0.0000, Test Accuracy: 0.9967, Energy: -1920169.0
Time taken:  11.560206174850464
Test Loss: 0.0000, Test Accuracy: 0.9967, Energy: -1923192.75
Time taken:  11.69784164428711
Test Loss: 0.0000, Test Accuracy: 0.9967, Energy: -1926435.75
Time taken:  11.590812921524048
Test Loss: 0.0000, Test Accuracy: 0.9967, Energy: -1929499.25
Time taken:  11.614976167678833
Test Loss: 0.0000, Test Accuracy: 0.9967, Energy: -1932434.625
Time taken:  11.597508668899536
Test Loss: 0.0000, Test Accuracy: 0.9967, Energy: -1935585.25
Time taken:  11.662150144577026
Test Loss: 0.0000, Test Accuracy: 0.9967, Energy: -1950913.5
Time taken:  11.568380355834961
Test Loss: 0.0000, Test Accuracy: 1.0000, Energy: -1980592.5
Time taken:  11.558821201324463
Test Loss: 0.0000, Test Accuracy: 1.0000, Energy: -1983503.5
Time taken:  11.620324611663818
Test Loss: 0.0000, Test Accuracy: 1.0000, Energy: -1986484.75
Time taken:  11.707571744918823
Test Loss: 0.0000, Test Accuracy: 1.0000, Energy: -1987911.75
Time taken:  11.574188709259033
Test Loss: 0.0000, Test Accuracy: 1.0000, Energy: -1991712.25
Time taken:  11.591149091720581
Test Loss: 0.0000, Test Accuracy: 1.0000, Energy: -1995458.75
Time taken:  11.58449935913086
Test Loss: 0.0000, Test Accuracy: 1.0000, Energy: -1998360.5
Time taken:  11.67079782485962
Test Loss: 0.0000, Test Accuracy: 1.0000, Energy: -2000845.25
Time taken:  11.488858461380005
Test Loss: 0.0000, Test Accuracy: 1.0000, Energy: -2003582.375
Time taken:  11.415868043899536
Final accuracies: [1.0, 0.9966666666666667, 0.9966666666666667, 0.9966666666666667, 0.9966666666666667, 0.9966666666666667, 0.9966666666666667, 0.9966666666666667, 0.9966666666666667, 0.9966666666666667, 0.9966666666666667, 0.9966666666666667, 1.0, 1.0, 1.0, 1.0, 1.0, 1.0, 1.0, 1.0, 1.0, 1.0, 1.0, 1.0, 1.0, 1.0, 1.0, 1.0, 1.0, 1.0, 1.0, 1.0, 1.0, 1.0, 1.0, 1.0, 1.0, 1.0, 1.0, 1.0, 1.0, 1.0, 1.0, 1.0, 1.0, 1.0, 1.0, 1.0, 1.0, 1.0, 1.0, 1.0, 1.0, 1.0, 1.0, 1.0, 1.0, 1.0, 1.0, 1.0, 1.0, 1.0, 1.0, 1.0, 1.0, 1.0, 1.0, 1.0, 1.0, 1.0, 1.0, 0.9966666666666667, 1.0, 1.0, 1.0, 1.0, 1.0, 1.0, 1.0, 1.0, 0.9966666666666667, 0.9966666666666667, 0.9966666666666667, 0.9966666666666667, 0.9966666666666667, 0.9966666666666667, 0.9966666666666667, 0.9966666666666667, 0.9966666666666667, 0.9966666666666667, 0.9966666666666667, 1.0, 1.0, 1.0, 1.0, 1.0, 1.0, 1.0, 1.0, 1.0]
Final energies: [-976810.25, -1050734.0, -1075724.375, -1104755.375, -1127767.625, -1150473.0, -1167348.5, -1182323.5, -1198259.75, -1215102.25, -1228461.125, -1263380.0, -1277415.375, -1292070.0, -1305523.25, -1315767.25, -1326226.25, -1337546.875, -1348068.75, -1359449.75, -1370898.125, -1382407.625, -1394046.125, -1399003.375, -1411282.75, -1419753.25, -1427936.125, -1436125.875, -1443918.25, -1451034.75, -1459136.25, -1464832.125, -1475042.375, -1483629.75, -1489317.25, -1503471.5, -1511407.375, -1521452.625, -1528698.875, -1537198.875, -1544675.875, -1555355.625, -1567029.875, -1633167.625, -1636709.5, -1639283.625, -1642336.375, -1645248.875, -1648352.375, -1651061.25, -1654624.25, -1657152.5, -1660970.625, -1664385.125, -1667566.5, -1671037.625, -1673948.375, -1678175.25, -1682565.25, -1690854.25, -1692229.375, -1697805.75, -1702464.625, -1707442.25, -1729340.875, -1733590.625, -1737737.5, -1783671.5, -1788319.875, -1793861.375, -1810300.625, -1805948.0, -1812194.0, -1875110.5, -1881175.375, -1888303.125, -1892333.75, -1895557.25, -1898821.5, -1904859.625, -1908211.5, -1911094.875, -1913078.75, -1915517.25, -1920169.0, -1923192.75, -1926435.75, -1929499.25, -1932434.625, -1935585.25, -1950913.5, -1980592.5, -1983503.5, -1986484.75, -1987911.75, -1991712.25, -1995458.75, -1998360.5, -2000845.25, -2003582.375]
