Running with parameters: hidden=30, use_coupled=true, seed=84, lam=0.1, eta=0.5, batch=1
Test Loss: 0.0000, Test Accuracy: 1.0000, Energy: -789994.5
Time taken:  11.490547895431519
Test Loss: 0.0000, Test Accuracy: 1.0000, Energy: -1550071.25
Time taken:  11.521729946136475
Test Loss: 0.0000, Test Accuracy: 0.9967, Energy: -1722875.75
Time taken:  11.495664358139038
Test Loss: 0.0000, Test Accuracy: 0.9967, Energy: -1723112.625
Time taken:  11.65912127494812
Test Loss: 0.0000, Test Accuracy: 0.9967, Energy: -1723192.5
Time taken:  11.520224332809448
Test Loss: 0.0000, Test Accuracy: 0.9967, Energy: -1723128.25
Time taken:  11.527451515197754
Test Loss: 0.0000, Test Accuracy: 0.9967, Energy: -1723114.75
Time taken:  11.53692889213562
Test Loss: 0.0000, Test Accuracy: 0.9967, Energy: -1723077.125
Time taken:  11.616532802581787
Test Loss: 0.0000, Test Accuracy: 0.9967, Energy: -1723033.75
Time taken:  11.483298778533936
Test Loss: 0.0000, Test Accuracy: 0.9967, Energy: -1722769.625
Time taken:  11.570112943649292
Test Loss: 0.0000, Test Accuracy: 0.9967, Energy: -1722679.25
Time taken:  11.523333072662354
Test Loss: 0.0000, Test Accuracy: 0.9967, Energy: -1722584.875
Time taken:  11.627984762191772
Test Loss: 0.0000, Test Accuracy: 0.9967, Energy: -1722360.25
Time taken:  11.513331413269043
Test Loss: 0.0000, Test Accuracy: 0.9967, Energy: -1722497.0
Time taken:  11.496306419372559
Test Loss: 0.0000, Test Accuracy: 0.9967, Energy: -1723075.625
Time taken:  11.5407075881958
Test Loss: 0.0000, Test Accuracy: 0.9967, Energy: -1722921.0
Time taken:  11.634651899337769
Test Loss: 0.0000, Test Accuracy: 0.9967, Energy: -1723127.625
Time taken:  11.545697212219238
Test Loss: 0.0000, Test Accuracy: 0.9967, Energy: -1723145.75
Time taken:  11.530699968338013
Test Loss: 0.0000, Test Accuracy: 0.9967, Energy: -1723187.25
Time taken:  11.493074893951416
Test Loss: 0.0000, Test Accuracy: 0.9967, Energy: -1723295.125
Time taken:  11.61855936050415
Test Loss: 0.0000, Test Accuracy: 0.9967, Energy: -1723412.875
Time taken:  11.570722341537476
Test Loss: 0.0000, Test Accuracy: 0.9967, Energy: -1723469.0
Time taken:  11.537341117858887
Test Loss: 0.0000, Test Accuracy: 0.9967, Energy: -1723515.375
Time taken:  11.603245496749878
Test Loss: 0.0000, Test Accuracy: 0.9967, Energy: -1723508.25
Time taken:  11.552164793014526
Test Loss: 0.0000, Test Accuracy: 0.9967, Energy: -1723632.75
Time taken:  11.535693645477295
Test Loss: 0.0000, Test Accuracy: 0.9967, Energy: -1723678.125
Time taken:  11.549913167953491
Test Loss: 0.0000, Test Accuracy: 0.9967, Energy: -1723794.125
Time taken:  11.66525936126709
Test Loss: 0.0000, Test Accuracy: 0.9967, Energy: -1723870.25
Time taken:  11.515017986297607
Test Loss: 0.0000, Test Accuracy: 0.9967, Energy: -1723888.125
Time taken:  11.551057577133179
Test Loss: 0.0000, Test Accuracy: 0.9967, Energy: -1723967.5
Time taken:  11.528972387313843
Test Loss: 0.0000, Test Accuracy: 0.9967, Energy: -1724091.25
Time taken:  11.62497878074646
Test Loss: 0.0000, Test Accuracy: 0.9967, Energy: -1724136.375
Time taken:  11.530202865600586
Test Loss: 0.0000, Test Accuracy: 0.9967, Energy: -1724129.625
Time taken:  11.534955263137817
Test Loss: 0.0000, Test Accuracy: 0.9967, Energy: -1724169.375
Time taken:  11.575316905975342
Test Loss: 0.0000, Test Accuracy: 0.9967, Energy: -1724258.625
Time taken:  11.646496295928955
Test Loss: 0.0000, Test Accuracy: 0.9967, Energy: -1724284.125
Time taken:  11.544320583343506
Test Loss: 0.0000, Test Accuracy: 0.9967, Energy: -1724347.0
Time taken:  11.565018892288208
Test Loss: 0.0000, Test Accuracy: 0.9967, Energy: -1724458.75
Time taken:  11.574346542358398
Test Loss: 0.0000, Test Accuracy: 0.9967, Energy: -1724611.625
Time taken:  11.68656063079834
Test Loss: 0.0000, Test Accuracy: 0.9967, Energy: -1724660.0
Time taken:  11.576326131820679
Test Loss: 0.0000, Test Accuracy: 0.9967, Energy: -1724673.125
Time taken:  11.566057205200195
Test Loss: 0.0000, Test Accuracy: 0.9967, Energy: -1724916.625
Time taken:  11.560361385345459
Test Loss: 0.0000, Test Accuracy: 0.9967, Energy: -1725041.125
Time taken:  11.65614938735962
Test Loss: 0.0000, Test Accuracy: 0.9967, Energy: -1725553.5
Time taken:  11.534705400466919
Test Loss: 0.0000, Test Accuracy: 0.9967, Energy: -1725700.75
Time taken:  11.574523448944092
Test Loss: 0.0000, Test Accuracy: 0.9967, Energy: -1725884.375
Time taken:  11.546997308731079
Test Loss: 0.0000, Test Accuracy: 0.9967, Energy: -1726024.375
Time taken:  11.669397115707397
Test Loss: 0.0000, Test Accuracy: 0.9967, Energy: -1726126.75
Time taken:  11.559369325637817
Test Loss: 0.0000, Test Accuracy: 0.9967, Energy: -1726302.5
Time taken:  11.546100616455078
Test Loss: 0.0000, Test Accuracy: 0.9967, Energy: -1726574.75
Time taken:  11.552606105804443
Test Loss: 0.0000, Test Accuracy: 0.9967, Energy: -1726767.375
Time taken:  11.628665924072266
Test Loss: 0.0000, Test Accuracy: 0.9967, Energy: -1727024.25
Time taken:  11.502809524536133
Test Loss: 0.0000, Test Accuracy: 0.9967, Energy: -1727245.875
Time taken:  11.51819372177124
Test Loss: 0.0000, Test Accuracy: 0.9967, Energy: -1727449.25
Time taken:  11.534741878509521
Test Loss: 0.0000, Test Accuracy: 0.9967, Energy: -1727716.875
Time taken:  11.688516616821289
Test Loss: 0.0000, Test Accuracy: 0.9967, Energy: -1727829.375
Time taken:  11.567092895507812
Test Loss: 0.0000, Test Accuracy: 0.9967, Energy: -1728043.625
Time taken:  11.559954404830933
Test Loss: 0.0000, Test Accuracy: 0.9967, Energy: -1728197.75
Time taken:  11.549179315567017
Test Loss: 0.0000, Test Accuracy: 0.9967, Energy: -1728295.5
Time taken:  11.649848222732544
Test Loss: 0.0000, Test Accuracy: 0.9967, Energy: -1728440.0
Time taken:  11.56163740158081
Test Loss: 0.0000, Test Accuracy: 0.9967, Energy: -1728765.125
Time taken:  11.516949892044067
Test Loss: 0.0000, Test Accuracy: 0.9967, Energy: -1728918.5
Time taken:  11.519139528274536
Test Loss: 0.0000, Test Accuracy: 0.9967, Energy: -1729320.625
Time taken:  11.639768838882446
Test Loss: 0.0000, Test Accuracy: 0.9967, Energy: -1729757.25
Time taken:  11.560518980026245
Test Loss: 0.0000, Test Accuracy: 0.9967, Energy: -1729839.625
Time taken:  11.51501202583313
Test Loss: 0.0000, Test Accuracy: 0.9967, Energy: -1730190.75
Time taken:  11.639183282852173
Test Loss: 0.0000, Test Accuracy: 0.9967, Energy: -1730922.5
Time taken:  11.543031454086304
Test Loss: 0.0000, Test Accuracy: 0.9967, Energy: -1731193.25
Time taken:  11.523675918579102
Test Loss: 0.0000, Test Accuracy: 0.9967, Energy: -1731395.375
Time taken:  11.583468675613403
Test Loss: 0.0000, Test Accuracy: 0.9967, Energy: -1731425.0
Time taken:  11.669821977615356
Test Loss: 0.0000, Test Accuracy: 0.9967, Energy: -1731765.75
Time taken:  11.542785882949829
Test Loss: 0.0000, Test Accuracy: 0.9967, Energy: -1731825.375
Time taken:  11.520381450653076
Test Loss: 0.0000, Test Accuracy: 0.9967, Energy: -1732175.875
Time taken:  11.523705959320068
Test Loss: 0.0000, Test Accuracy: 0.9967, Energy: -1732448.125
Time taken:  11.683655738830566
Test Loss: 0.0000, Test Accuracy: 0.9967, Energy: -1733135.5
Time taken:  11.53645944595337
Test Loss: 0.0000, Test Accuracy: 0.9967, Energy: -1733331.75
Time taken:  11.52602219581604
Test Loss: 0.0000, Test Accuracy: 0.9967, Energy: -1733630.25
Time taken:  11.539261102676392
Test Loss: 0.0000, Test Accuracy: 0.9967, Energy: -1733860.375
Time taken:  11.650145292282104
Test Loss: 0.0000, Test Accuracy: 0.9967, Energy: -1733981.625
Time taken:  11.554080486297607
Test Loss: 0.0000, Test Accuracy: 0.9967, Energy: -1734254.25
Time taken:  11.565279960632324
Test Loss: 0.0000, Test Accuracy: 0.9967, Energy: -1734508.75
Time taken:  11.555416822433472
Test Loss: 0.0000, Test Accuracy: 0.9967, Energy: -1734942.0
Time taken:  11.648096799850464
Test Loss: 0.0000, Test Accuracy: 0.9967, Energy: -1735653.375
Time taken:  11.550394058227539
Test Loss: 0.0000, Test Accuracy: 0.9967, Energy: -1735896.375
Time taken:  11.568238019943237
Test Loss: 0.0000, Test Accuracy: 0.9967, Energy: -1736178.875
Time taken:  11.586664915084839
Test Loss: 0.0000, Test Accuracy: 0.9967, Energy: -1736255.375
Time taken:  11.641979932785034
Test Loss: 0.0000, Test Accuracy: 0.9967, Energy: -1736665.25
Time taken:  11.96480393409729
Test Loss: 0.0000, Test Accuracy: 0.9967, Energy: -1737001.875
Time taken:  11.525175094604492
Test Loss: 0.0000, Test Accuracy: 0.9967, Energy: -1737315.875
Time taken:  11.557178735733032
Test Loss: 0.0000, Test Accuracy: 0.9967, Energy: -1737457.25
Time taken:  11.663691759109497
Test Loss: 0.0000, Test Accuracy: 0.9967, Energy: -1737738.125
Time taken:  11.536174774169922
Test Loss: 0.0000, Test Accuracy: 0.9967, Energy: -1738136.875
Time taken:  11.570030689239502
Test Loss: 0.0000, Test Accuracy: 0.9967, Energy: -1738475.25
Time taken:  11.548584699630737
Test Loss: 0.0000, Test Accuracy: 0.9967, Energy: -1738825.125
Time taken:  11.651745557785034
Test Loss: 0.0000, Test Accuracy: 0.9967, Energy: -1739218.5
Time taken:  11.553194522857666
Test Loss: 0.0000, Test Accuracy: 0.9967, Energy: -1740031.625
Time taken:  11.581737995147705
Test Loss: 0.0000, Test Accuracy: 0.9967, Energy: -1740450.25
Time taken:  11.541162014007568
Test Loss: 0.0000, Test Accuracy: 0.9967, Energy: -1740784.75
Time taken:  11.650108337402344
Test Loss: 0.0000, Test Accuracy: 0.9967, Energy: -1741090.375
Time taken:  11.53927755355835
Test Loss: 0.0000, Test Accuracy: 0.9967, Energy: -1741490.875
Time taken:  11.432277202606201
Final accuracies: [1.0, 1.0, 0.9966666666666667, 0.9966666666666667, 0.9966666666666667, 0.9966666666666667, 0.9966666666666667, 0.9966666666666667, 0.9966666666666667, 0.9966666666666667, 0.9966666666666667, 0.9966666666666667, 0.9966666666666667, 0.9966666666666667, 0.9966666666666667, 0.9966666666666667, 0.9966666666666667, 0.9966666666666667, 0.9966666666666667, 0.9966666666666667, 0.9966666666666667, 0.9966666666666667, 0.9966666666666667, 0.9966666666666667, 0.9966666666666667, 0.9966666666666667, 0.9966666666666667, 0.9966666666666667, 0.9966666666666667, 0.9966666666666667, 0.9966666666666667, 0.9966666666666667, 0.9966666666666667, 0.9966666666666667, 0.9966666666666667, 0.9966666666666667, 0.9966666666666667, 0.9966666666666667, 0.9966666666666667, 0.9966666666666667, 0.9966666666666667, 0.9966666666666667, 0.9966666666666667, 0.9966666666666667, 0.9966666666666667, 0.9966666666666667, 0.9966666666666667, 0.9966666666666667, 0.9966666666666667, 0.9966666666666667, 0.9966666666666667, 0.9966666666666667, 0.9966666666666667, 0.9966666666666667, 0.9966666666666667, 0.9966666666666667, 0.9966666666666667, 0.9966666666666667, 0.9966666666666667, 0.9966666666666667, 0.9966666666666667, 0.9966666666666667, 0.9966666666666667, 0.9966666666666667, 0.9966666666666667, 0.9966666666666667, 0.9966666666666667, 0.9966666666666667, 0.9966666666666667, 0.9966666666666667, 0.9966666666666667, 0.9966666666666667, 0.9966666666666667, 0.9966666666666667, 0.9966666666666667, 0.9966666666666667, 0.9966666666666667, 0.9966666666666667, 0.9966666666666667, 0.9966666666666667, 0.9966666666666667, 0.9966666666666667, 0.9966666666666667, 0.9966666666666667, 0.9966666666666667, 0.9966666666666667, 0.9966666666666667, 0.9966666666666667, 0.9966666666666667, 0.9966666666666667, 0.9966666666666667, 0.9966666666666667, 0.9966666666666667, 0.9966666666666667, 0.9966666666666667, 0.9966666666666667, 0.9966666666666667, 0.9966666666666667, 0.9966666666666667, 0.9966666666666667]
Final energies: [-789994.5, -1550071.25, -1722875.75, -1723112.625, -1723192.5, -1723128.25, -1723114.75, -1723077.125, -1723033.75, -1722769.625, -1722679.25, -1722584.875, -1722360.25, -1722497.0, -1723075.625, -1722921.0, -1723127.625, -1723145.75, -1723187.25, -1723295.125, -1723412.875, -1723469.0, -1723515.375, -1723508.25, -1723632.75, -1723678.125, -1723794.125, -1723870.25, -1723888.125, -1723967.5, -1724091.25, -1724136.375, -1724129.625, -1724169.375, -1724258.625, -1724284.125, -1724347.0, -1724458.75, -1724611.625, -1724660.0, -1724673.125, -1724916.625, -1725041.125, -1725553.5, -1725700.75, -1725884.375, -1726024.375, -1726126.75, -1726302.5, -1726574.75, -1726767.375, -1727024.25, -1727245.875, -1727449.25, -1727716.875, -1727829.375, -1728043.625, -1728197.75, -1728295.5, -1728440.0, -1728765.125, -1728918.5, -1729320.625, -1729757.25, -1729839.625, -1730190.75, -1730922.5, -1731193.25, -1731395.375, -1731425.0, -1731765.75, -1731825.375, -1732175.875, -1732448.125, -1733135.5, -1733331.75, -1733630.25, -1733860.375, -1733981.625, -1734254.25, -1734508.75, -1734942.0, -1735653.375, -1735896.375, -1736178.875, -1736255.375, -1736665.25, -1737001.875, -1737315.875, -1737457.25, -1737738.125, -1738136.875, -1738475.25, -1738825.125, -1739218.5, -1740031.625, -1740450.25, -1740784.75, -1741090.375, -1741490.875]
