Running with parameters: hidden=30, use_coupled=true, seed=34, lam=0.1, eta=0.5, batch=1
Test Loss: 0.0000, Test Accuracy: 1.0000, Energy: -788591.75
Time taken:  11.327353715896606
Test Loss: 0.0000, Test Accuracy: 0.9967, Energy: -1052051.125
Time taken:  11.31606674194336
Test Loss: 0.0000, Test Accuracy: 0.9967, Energy: -1144209.5
Time taken:  11.342483520507812
Test Loss: 0.0000, Test Accuracy: 0.9967, Energy: -1162770.625
Time taken:  11.461861371994019
Test Loss: 0.0000, Test Accuracy: 0.9967, Energy: -1181120.875
Time taken:  11.302635669708252
Test Loss: 0.0000, Test Accuracy: 0.9967, Energy: -1204979.875
Time taken:  11.326782941818237
Test Loss: 0.0000, Test Accuracy: 0.9967, Energy: -1221203.25
Time taken:  11.311882734298706
Test Loss: 0.0000, Test Accuracy: 0.9967, Energy: -1243123.25
Time taken:  11.430187940597534
Test Loss: 0.0000, Test Accuracy: 0.9967, Energy: -1261795.125
Time taken:  11.326903343200684
Test Loss: 0.0000, Test Accuracy: 0.9967, Energy: -1278326.625
Time taken:  11.333023071289062
Test Loss: 0.0000, Test Accuracy: 0.9967, Energy: -1294096.5
Time taken:  11.332975625991821
Test Loss: 0.0000, Test Accuracy: 0.9933, Energy: -1306759.5
Time taken:  11.477309226989746
Test Loss: 0.0000, Test Accuracy: 0.9933, Energy: -1322000.375
Time taken:  11.379465103149414
Test Loss: 0.0000, Test Accuracy: 0.9933, Energy: -1333776.0
Time taken:  11.336200475692749
Test Loss: 0.0000, Test Accuracy: 0.9933, Energy: -1344926.0
Time taken:  11.329200744628906
Test Loss: 0.0000, Test Accuracy: 0.9933, Energy: -1355456.0
Time taken:  11.469998359680176
Test Loss: 0.0000, Test Accuracy: 0.9933, Energy: -1364788.625
Time taken:  11.346325397491455
Test Loss: 0.0000, Test Accuracy: 0.9933, Energy: -1372654.375
Time taken:  11.318105936050415
Test Loss: 0.0000, Test Accuracy: 0.9933, Energy: -1383924.625
Time taken:  11.294724941253662
Test Loss: 0.0000, Test Accuracy: 0.9933, Energy: -1392673.875
Time taken:  11.4181547164917
Test Loss: 0.0000, Test Accuracy: 0.9933, Energy: -1400818.375
Time taken:  11.327661037445068
Test Loss: 0.0000, Test Accuracy: 0.9967, Energy: -1408727.0
Time taken:  11.286277294158936
Test Loss: 0.0000, Test Accuracy: 0.9967, Energy: -1416499.375
Time taken:  11.443347215652466
Test Loss: 0.0000, Test Accuracy: 0.9967, Energy: -1424202.75
Time taken:  11.366911888122559
Test Loss: 0.0000, Test Accuracy: 0.9967, Energy: -1431971.875
Time taken:  11.340572118759155
Test Loss: 0.0000, Test Accuracy: 0.9967, Energy: -1437605.125
Time taken:  11.327769994735718
Test Loss: 0.0000, Test Accuracy: 0.9967, Energy: -1445833.25
Time taken:  11.479809284210205
Test Loss: 0.0000, Test Accuracy: 0.9967, Energy: -1453704.5
Time taken:  11.330578327178955
Test Loss: 0.0000, Test Accuracy: 0.9967, Energy: -1458366.25
Time taken:  11.350578308105469
Test Loss: 0.0000, Test Accuracy: 0.9967, Energy: -1464669.75
Time taken:  11.33584713935852
Test Loss: 0.0000, Test Accuracy: 0.9967, Energy: -1471091.625
Time taken:  11.432719945907593
Test Loss: 0.0000, Test Accuracy: 0.9967, Energy: -1477677.5
Time taken:  11.365437984466553
Test Loss: 0.0000, Test Accuracy: 0.9967, Energy: -1483897.375
Time taken:  11.323999643325806
Test Loss: 0.0000, Test Accuracy: 0.9967, Energy: -1490518.375
Time taken:  11.358370780944824
Test Loss: 0.0000, Test Accuracy: 0.9967, Energy: -1496327.25
Time taken:  11.4424889087677
Test Loss: 0.0000, Test Accuracy: 0.9967, Energy: -1502541.875
Time taken:  11.369774103164673
Test Loss: 0.0000, Test Accuracy: 0.9967, Energy: -1508542.625
Time taken:  11.334213018417358
Test Loss: 0.0000, Test Accuracy: 0.9967, Energy: -1514717.5
Time taken:  11.343276262283325
Test Loss: 0.0000, Test Accuracy: 0.9933, Energy: -1521920.75
Time taken:  11.461823225021362
Test Loss: 0.0000, Test Accuracy: 0.9933, Energy: -1528363.125
Time taken:  11.329888105392456
Test Loss: 0.0000, Test Accuracy: 0.9933, Energy: -1534441.25
Time taken:  11.35205888748169
Test Loss: 0.0000, Test Accuracy: 0.9967, Energy: -1540243.25
Time taken:  11.34904146194458
Test Loss: 0.0000, Test Accuracy: 0.9967, Energy: -1545950.0
Time taken:  11.44334602355957
Test Loss: 0.0000, Test Accuracy: 0.9967, Energy: -1552295.125
Time taken:  11.370638847351074
Test Loss: 0.0000, Test Accuracy: 0.9933, Energy: -1557402.125
Time taken:  11.350591897964478
Test Loss: 0.0000, Test Accuracy: 0.9933, Energy: -1563321.875
Time taken:  11.32031512260437
Test Loss: 0.0000, Test Accuracy: 0.9933, Energy: -1568175.625
Time taken:  11.470593929290771
Test Loss: 0.0000, Test Accuracy: 0.9933, Energy: -1573126.5
Time taken:  11.33132290840149
Test Loss: 0.0000, Test Accuracy: 0.9933, Energy: -1579968.625
Time taken:  11.331396102905273
Test Loss: 0.0000, Test Accuracy: 0.9933, Energy: -1585249.5
Time taken:  11.330216407775879
Test Loss: 0.0000, Test Accuracy: 0.9933, Energy: -1589673.875
Time taken:  11.423352241516113
Test Loss: 0.0000, Test Accuracy: 0.9933, Energy: -1594301.375
Time taken:  11.343418598175049
Test Loss: 0.0000, Test Accuracy: 0.9933, Energy: -1599248.75
Time taken:  11.346094608306885
Test Loss: 0.0000, Test Accuracy: 0.9933, Energy: -1604147.625
Time taken:  11.317155361175537
Test Loss: 0.0000, Test Accuracy: 0.9933, Energy: -1608693.25
Time taken:  11.437650442123413
Test Loss: 0.0000, Test Accuracy: 0.9933, Energy: -1612991.875
Time taken:  11.31741976737976
Test Loss: 0.0000, Test Accuracy: 0.9933, Energy: -1617374.875
Time taken:  11.332162380218506
Test Loss: 0.0000, Test Accuracy: 0.9933, Energy: -1621629.375
Time taken:  11.322967052459717
Test Loss: 0.0000, Test Accuracy: 0.9933, Energy: -1625777.5
Time taken:  11.448351860046387
Test Loss: 0.0000, Test Accuracy: 0.9933, Energy: -1629809.75
Time taken:  11.370664358139038
Test Loss: 0.0000, Test Accuracy: 0.9933, Energy: -1633603.375
Time taken:  11.368537187576294
Test Loss: 0.0000, Test Accuracy: 0.9933, Energy: -1637260.25
Time taken:  11.370577812194824
Test Loss: 0.0000, Test Accuracy: 0.9933, Energy: -1640581.75
Time taken:  11.455638647079468
Test Loss: 0.0000, Test Accuracy: 0.9933, Energy: -1644313.625
Time taken:  11.340241193771362
Test Loss: 0.0000, Test Accuracy: 0.9933, Energy: -1647567.625
Time taken:  11.317314863204956
Test Loss: 0.0000, Test Accuracy: 0.9933, Energy: -1650772.0
Time taken:  11.439565181732178
Test Loss: 0.0000, Test Accuracy: 0.9933, Energy: -1654021.875
Time taken:  11.369842767715454
Test Loss: 0.0000, Test Accuracy: 0.9933, Energy: -1657555.5
Time taken:  11.340734243392944
Test Loss: 0.0000, Test Accuracy: 0.9933, Energy: -1661158.375
Time taken:  11.330535411834717
Test Loss: 0.0000, Test Accuracy: 0.9933, Energy: -1663886.5
Time taken:  11.440993309020996
Test Loss: 0.0000, Test Accuracy: 0.9933, Energy: -1667831.375
Time taken:  11.375999689102173
Test Loss: 0.0000, Test Accuracy: 0.9933, Energy: -1670895.75
Time taken:  11.32879638671875
Test Loss: 0.0000, Test Accuracy: 0.9933, Energy: -1673283.625
Time taken:  11.356721639633179
Test Loss: 0.0000, Test Accuracy: 0.9933, Energy: -1675910.875
Time taken:  11.440819501876831
Test Loss: 0.0000, Test Accuracy: 0.9933, Energy: -1678830.375
Time taken:  11.325746297836304
Test Loss: 0.0000, Test Accuracy: 0.9933, Energy: -1682210.625
Time taken:  11.350289106369019
Test Loss: 0.0000, Test Accuracy: 0.9933, Energy: -1685084.375
Time taken:  11.35324501991272
Test Loss: 0.0000, Test Accuracy: 0.9933, Energy: -1687890.875
Time taken:  11.443022727966309
Test Loss: 0.0000, Test Accuracy: 0.9933, Energy: -1690453.125
Time taken:  11.337595701217651
Test Loss: 0.0000, Test Accuracy: 0.9933, Energy: -1692971.125
Time taken:  11.34197449684143
Test Loss: 0.0000, Test Accuracy: 0.9933, Energy: -1696053.5
Time taken:  11.34627914428711
Test Loss: 0.0000, Test Accuracy: 0.9933, Energy: -1698930.875
Time taken:  11.436282396316528
Test Loss: 0.0000, Test Accuracy: 0.9933, Energy: -1701298.875
Time taken:  11.364839553833008
Test Loss: 0.0000, Test Accuracy: 0.9933, Energy: -1704187.5
Time taken:  11.346855878829956
Test Loss: 0.0000, Test Accuracy: 0.9933, Energy: -1706711.625
Time taken:  11.30228590965271
Test Loss: 0.0000, Test Accuracy: 0.9933, Energy: -1709465.25
Time taken:  11.444645643234253
Test Loss: 0.0000, Test Accuracy: 0.9933, Energy: -1711489.75
Time taken:  11.323487281799316
Test Loss: 0.0000, Test Accuracy: 0.9933, Energy: -1714325.375
Time taken:  11.355750560760498
Test Loss: 0.0000, Test Accuracy: 0.9933, Energy: -1716444.375
Time taken:  11.360103845596313
Test Loss: 0.0000, Test Accuracy: 0.9933, Energy: -1718185.25
Time taken:  11.439678430557251
Test Loss: 0.0000, Test Accuracy: 0.9933, Energy: -1720547.75
Time taken:  11.329333782196045
Test Loss: 0.0000, Test Accuracy: 0.9933, Energy: -1722067.375
Time taken:  11.352649688720703
Test Loss: 0.0000, Test Accuracy: 0.9933, Energy: -1724654.75
Time taken:  11.336428165435791
Test Loss: 0.0000, Test Accuracy: 0.9933, Energy: -1726368.25
Time taken:  11.419088125228882
Test Loss: 0.0000, Test Accuracy: 0.9933, Energy: -1728231.75
Time taken:  11.358058452606201
Test Loss: 0.0000, Test Accuracy: 0.9933, Energy: -1730329.875
Time taken:  11.353018045425415
Test Loss: 0.0000, Test Accuracy: 0.9933, Energy: -1731953.625
Time taken:  11.313723802566528
Test Loss: 0.0000, Test Accuracy: 0.9933, Energy: -1733969.625
Time taken:  11.455899953842163
Test Loss: 0.0000, Test Accuracy: 0.9933, Energy: -1735839.875
Time taken:  11.347756624221802
Test Loss: 0.0000, Test Accuracy: 0.9933, Energy: -1737638.875
Time taken:  11.392473697662354
Final accuracies: [1.0, 0.9966666666666667, 0.9966666666666667, 0.9966666666666667, 0.9966666666666667, 0.9966666666666667, 0.9966666666666667, 0.9966666666666667, 0.9966666666666667, 0.9966666666666667, 0.9966666666666667, 0.9933333333333333, 0.9933333333333333, 0.9933333333333333, 0.9933333333333333, 0.9933333333333333, 0.9933333333333333, 0.9933333333333333, 0.9933333333333333, 0.9933333333333333, 0.9933333333333333, 0.9966666666666667, 0.9966666666666667, 0.9966666666666667, 0.9966666666666667, 0.9966666666666667, 0.9966666666666667, 0.9966666666666667, 0.9966666666666667, 0.9966666666666667, 0.9966666666666667, 0.9966666666666667, 0.9966666666666667, 0.9966666666666667, 0.9966666666666667, 0.9966666666666667, 0.9966666666666667, 0.9966666666666667, 0.9933333333333333, 0.9933333333333333, 0.9933333333333333, 0.9966666666666667, 0.9966666666666667, 0.9966666666666667, 0.9933333333333333, 0.9933333333333333, 0.9933333333333333, 0.9933333333333333, 0.9933333333333333, 0.9933333333333333, 0.9933333333333333, 0.9933333333333333, 0.9933333333333333, 0.9933333333333333, 0.9933333333333333, 0.9933333333333333, 0.9933333333333333, 0.9933333333333333, 0.9933333333333333, 0.9933333333333333, 0.9933333333333333, 0.9933333333333333, 0.9933333333333333, 0.9933333333333333, 0.9933333333333333, 0.9933333333333333, 0.9933333333333333, 0.9933333333333333, 0.9933333333333333, 0.9933333333333333, 0.9933333333333333, 0.9933333333333333, 0.9933333333333333, 0.9933333333333333, 0.9933333333333333, 0.9933333333333333, 0.9933333333333333, 0.9933333333333333, 0.9933333333333333, 0.9933333333333333, 0.9933333333333333, 0.9933333333333333, 0.9933333333333333, 0.9933333333333333, 0.9933333333333333, 0.9933333333333333, 0.9933333333333333, 0.9933333333333333, 0.9933333333333333, 0.9933333333333333, 0.9933333333333333, 0.9933333333333333, 0.9933333333333333, 0.9933333333333333, 0.9933333333333333, 0.9933333333333333, 0.9933333333333333, 0.9933333333333333, 0.9933333333333333, 0.9933333333333333]
Final energies: [-788591.75, -1052051.125, -1144209.5, -1162770.625, -1181120.875, -1204979.875, -1221203.25, -1243123.25, -1261795.125, -1278326.625, -1294096.5, -1306759.5, -1322000.375, -1333776.0, -1344926.0, -1355456.0, -1364788.625, -1372654.375, -1383924.625, -1392673.875, -1400818.375, -1408727.0, -1416499.375, -1424202.75, -1431971.875, -1437605.125, -1445833.25, -1453704.5, -1458366.25, -1464669.75, -1471091.625, -1477677.5, -1483897.375, -1490518.375, -1496327.25, -1502541.875, -1508542.625, -1514717.5, -1521920.75, -1528363.125, -1534441.25, -1540243.25, -1545950.0, -1552295.125, -1557402.125, -1563321.875, -1568175.625, -1573126.5, -1579968.625, -1585249.5, -1589673.875, -1594301.375, -1599248.75, -1604147.625, -1608693.25, -1612991.875, -1617374.875, -1621629.375, -1625777.5, -1629809.75, -1633603.375, -1637260.25, -1640581.75, -1644313.625, -1647567.625, -1650772.0, -1654021.875, -1657555.5, -1661158.375, -1663886.5, -1667831.375, -1670895.75, -1673283.625, -1675910.875, -1678830.375, -1682210.625, -1685084.375, -1687890.875, -1690453.125, -1692971.125, -1696053.5, -1698930.875, -1701298.875, -1704187.5, -1706711.625, -1709465.25, -1711489.75, -1714325.375, -1716444.375, -1718185.25, -1720547.75, -1722067.375, -1724654.75, -1726368.25, -1728231.75, -1730329.875, -1731953.625, -1733969.625, -1735839.875, -1737638.875]
