Running with parameters: hidden=30, use_coupled=true, seed=55, lam=0.1, eta=0.5, batch=1
Test Loss: 0.0000, Test Accuracy: 0.9733, Energy: -732393.1875
Time taken:  11.056132555007935
Test Loss: 0.0000, Test Accuracy: 1.0000, Energy: -1363667.5
Time taken:  10.946431159973145
Test Loss: 0.0000, Test Accuracy: 1.0000, Energy: -1459874.875
Time taken:  10.921213626861572
Test Loss: 0.0000, Test Accuracy: 1.0000, Energy: -1484724.625
Time taken:  11.035556554794312
Test Loss: 0.0000, Test Accuracy: 1.0000, Energy: -1507912.75
Time taken:  10.937311172485352
Test Loss: 0.0000, Test Accuracy: 1.0000, Energy: -1536855.875
Time taken:  10.979747533798218
Test Loss: 0.0000, Test Accuracy: 1.0000, Energy: -1655135.125
Time taken:  10.936739683151245
Test Loss: 0.0000, Test Accuracy: 1.0000, Energy: -1688085.625
Time taken:  11.028423547744751
Test Loss: 0.0000, Test Accuracy: 1.0000, Energy: -1695310.875
Time taken:  10.915048837661743
Test Loss: 0.0000, Test Accuracy: 1.0000, Energy: -1710718.75
Time taken:  10.92870020866394
Test Loss: 0.0000, Test Accuracy: 1.0000, Energy: -1743111.875
Time taken:  10.930633306503296
Test Loss: 0.0000, Test Accuracy: 1.0000, Energy: -1777326.625
Time taken:  11.016292095184326
Test Loss: 0.0000, Test Accuracy: 1.0000, Energy: -1793080.0
Time taken:  10.897218942642212
Test Loss: 0.0000, Test Accuracy: 1.0000, Energy: -1801748.75
Time taken:  10.917917966842651
Test Loss: 0.0000, Test Accuracy: 1.0000, Energy: -1808934.75
Time taken:  10.915817022323608
Test Loss: 0.0000, Test Accuracy: 1.0000, Energy: -1818172.5
Time taken:  11.025165796279907
Test Loss: 0.0000, Test Accuracy: 1.0000, Energy: -1826214.875
Time taken:  10.908510446548462
Test Loss: 0.0000, Test Accuracy: 1.0000, Energy: -1834432.75
Time taken:  10.91968560218811
Test Loss: 0.0000, Test Accuracy: 1.0000, Energy: -1842879.875
Time taken:  10.927107810974121
Test Loss: 0.0000, Test Accuracy: 1.0000, Energy: -1852022.375
Time taken:  10.999049663543701
Test Loss: 0.0000, Test Accuracy: 1.0000, Energy: -1861110.25
Time taken:  10.917954683303833
Test Loss: 0.0000, Test Accuracy: 1.0000, Energy: -1872575.75
Time taken:  10.914597749710083
Test Loss: 0.0000, Test Accuracy: 1.0000, Energy: -1879227.625
Time taken:  11.016985416412354
Test Loss: 0.0000, Test Accuracy: 1.0000, Energy: -1890453.0
Time taken:  10.960898399353027
Test Loss: 0.0000, Test Accuracy: 1.0000, Energy: -1896266.75
Time taken:  10.915044784545898
Test Loss: 0.0000, Test Accuracy: 1.0000, Energy: -1903300.0
Time taken:  10.931589365005493
Test Loss: 0.0000, Test Accuracy: 1.0000, Energy: -1911070.0
Time taken:  11.027583122253418
Test Loss: 0.0000, Test Accuracy: 1.0000, Energy: -1918804.5
Time taken:  10.92024040222168
Test Loss: 0.0000, Test Accuracy: 1.0000, Energy: -1927525.125
Time taken:  10.905511856079102
Test Loss: 0.0000, Test Accuracy: 1.0000, Energy: -1937256.375
Time taken:  10.92670488357544
Test Loss: 0.0000, Test Accuracy: 1.0000, Energy: -1946473.875
Time taken:  11.000584125518799
Test Loss: 0.0000, Test Accuracy: 1.0000, Energy: -1957453.625
Time taken:  10.899104833602905
Test Loss: 0.0000, Test Accuracy: 1.0000, Energy: -1962448.625
Time taken:  10.937747716903687
Test Loss: 0.0000, Test Accuracy: 1.0000, Energy: -1950324.5
Time taken:  10.944030523300171
Test Loss: 0.0000, Test Accuracy: 1.0000, Energy: -1959872.125
Time taken:  11.007597208023071
Test Loss: 0.0000, Test Accuracy: 1.0000, Energy: -1970266.125
Time taken:  10.91330361366272
Test Loss: 0.0000, Test Accuracy: 1.0000, Energy: -1979606.5
Time taken:  10.921403169631958
Test Loss: 0.0000, Test Accuracy: 1.0000, Energy: -1989827.125
Time taken:  10.89596962928772
Test Loss: 0.0000, Test Accuracy: 1.0000, Energy: -1998536.5
Time taken:  11.005555868148804
Test Loss: 0.0000, Test Accuracy: 1.0000, Energy: -2009654.125
Time taken:  10.931788921356201
Test Loss: 0.0000, Test Accuracy: 1.0000, Energy: -2020040.125
Time taken:  10.920397281646729
Test Loss: 0.0000, Test Accuracy: 1.0000, Energy: -2029805.875
Time taken:  10.933135747909546
Test Loss: 0.0000, Test Accuracy: 1.0000, Energy: -2040959.625
Time taken:  11.10275673866272
Test Loss: 0.0000, Test Accuracy: 1.0000, Energy: -2051891.125
Time taken:  10.957513332366943
Test Loss: 0.0000, Test Accuracy: 1.0000, Energy: -2062517.0
Time taken:  10.919779539108276
Test Loss: 0.0000, Test Accuracy: 1.0000, Energy: -2072704.5
Time taken:  10.933037757873535
Test Loss: 0.0000, Test Accuracy: 1.0000, Energy: -2084884.375
Time taken:  10.988694429397583
Test Loss: 0.0000, Test Accuracy: 1.0000, Energy: -2093948.25
Time taken:  10.92516541481018
Test Loss: 0.0000, Test Accuracy: 1.0000, Energy: -2108142.75
Time taken:  10.935243606567383
Test Loss: 0.0000, Test Accuracy: 1.0000, Energy: -2299660.5
Time taken:  10.920442819595337
Test Loss: 0.0000, Test Accuracy: 1.0000, Energy: -2494209.25
Time taken:  11.063855171203613
Test Loss: 0.0000, Test Accuracy: 0.9933, Energy: -3572380.0
Time taken:  10.945008039474487
Test Loss: 0.0000, Test Accuracy: 1.0000, Energy: -3629845.5
Time taken:  10.928247690200806
Test Loss: 0.0000, Test Accuracy: 1.0000, Energy: -3635661.25
Time taken:  10.971258878707886
Test Loss: 0.0000, Test Accuracy: 1.0000, Energy: -3640683.75
Time taken:  11.090785503387451
Test Loss: 0.0000, Test Accuracy: 1.0000, Energy: -3645969.0
Time taken:  10.939260244369507
Test Loss: 0.0000, Test Accuracy: 1.0000, Energy: -3659143.0
Time taken:  10.940886974334717
Test Loss: 0.0000, Test Accuracy: 1.0000, Energy: -3662428.75
Time taken:  10.927713871002197
Test Loss: 0.0000, Test Accuracy: 1.0000, Energy: -3665680.5
Time taken:  10.987361907958984
Test Loss: 0.0000, Test Accuracy: 1.0000, Energy: -3667406.0
Time taken:  10.919071912765503
Test Loss: 0.0000, Test Accuracy: 1.0000, Energy: -3670142.75
Time taken:  10.908554315567017
Test Loss: 0.0000, Test Accuracy: 1.0000, Energy: -3672937.5
Time taken:  10.887063264846802
Test Loss: 0.0000, Test Accuracy: 1.0000, Energy: -3674750.5
Time taken:  10.992781162261963
Test Loss: 0.0000, Test Accuracy: 1.0000, Energy: -3676715.5
Time taken:  10.897085189819336
Test Loss: 0.0000, Test Accuracy: 1.0000, Energy: -3678848.0
Time taken:  10.91566014289856
Test Loss: 0.0000, Test Accuracy: 1.0000, Energy: -3680607.5
Time taken:  10.966010570526123
Test Loss: 0.0000, Test Accuracy: 1.0000, Energy: -3681807.75
Time taken:  10.87711787223816
Test Loss: 0.0000, Test Accuracy: 1.0000, Energy: -3683342.25
Time taken:  10.89375638961792
Test Loss: 0.0000, Test Accuracy: 1.0000, Energy: -3684938.0
Time taken:  10.89934778213501
Test Loss: 0.0000, Test Accuracy: 1.0000, Energy: -3685880.75
Time taken:  10.967030048370361
Test Loss: 0.0000, Test Accuracy: 1.0000, Energy: -3687690.0
Time taken:  10.884156227111816
Test Loss: 0.0000, Test Accuracy: 1.0000, Energy: -3689107.0
Time taken:  10.913313627243042
Test Loss: 0.0000, Test Accuracy: 1.0000, Energy: -3690581.0
Time taken:  10.888265132904053
Test Loss: 0.0000, Test Accuracy: 1.0000, Energy: -3691893.25
Time taken:  10.985852718353271
Test Loss: 0.0000, Test Accuracy: 1.0000, Energy: -3693242.25
Time taken:  10.888480424880981
Test Loss: 0.0000, Test Accuracy: 1.0000, Energy: -3693694.5
Time taken:  10.915117979049683
Test Loss: 0.0000, Test Accuracy: 1.0000, Energy: -3694652.25
Time taken:  10.887901544570923
Test Loss: 0.0000, Test Accuracy: 1.0000, Energy: -3695999.25
Time taken:  10.97400712966919
Test Loss: 0.0000, Test Accuracy: 1.0000, Energy: -3697547.0
Time taken:  10.931570291519165
Test Loss: 0.0000, Test Accuracy: 1.0000, Energy: -3699279.0
Time taken:  10.885289192199707
Test Loss: 0.0000, Test Accuracy: 1.0000, Energy: -3700209.0
Time taken:  10.87458348274231
Test Loss: 0.0000, Test Accuracy: 1.0000, Energy: -3701458.5
Time taken:  10.993425369262695
Test Loss: 0.0000, Test Accuracy: 1.0000, Energy: -3702731.5
Time taken:  10.876312971115112
Test Loss: 0.0000, Test Accuracy: 1.0000, Energy: -3703907.75
Time taken:  10.889567852020264
Test Loss: 0.0000, Test Accuracy: 1.0000, Energy: -3705278.25
Time taken:  10.87523889541626
Test Loss: 0.0000, Test Accuracy: 1.0000, Energy: -3706616.25
Time taken:  10.993142366409302
Test Loss: 0.0000, Test Accuracy: 1.0000, Energy: -3708400.0
Time taken:  10.868247032165527
Test Loss: 0.0000, Test Accuracy: 1.0000, Energy: -3709258.5
Time taken:  10.887223482131958
Test Loss: 0.0000, Test Accuracy: 1.0000, Energy: -3710283.5
Time taken:  10.929059028625488
Test Loss: 0.0000, Test Accuracy: 1.0000, Energy: -3711573.5
Time taken:  10.979289531707764
Test Loss: 0.0000, Test Accuracy: 1.0000, Energy: -3712649.25
Time taken:  10.900838136672974
Test Loss: 0.0000, Test Accuracy: 1.0000, Energy: -3713326.5
Time taken:  10.913134336471558
Test Loss: 0.0000, Test Accuracy: 1.0000, Energy: -3714538.5
Time taken:  10.904439926147461
Test Loss: 0.0000, Test Accuracy: 1.0000, Energy: -3718429.5
Time taken:  11.032201528549194
Test Loss: 0.0000, Test Accuracy: 1.0000, Energy: -3719195.75
Time taken:  10.893265962600708
Test Loss: 0.0000, Test Accuracy: 1.0000, Energy: -3720128.25
Time taken:  10.938743114471436
Test Loss: 0.0000, Test Accuracy: 1.0000, Energy: -3723163.0
Time taken:  10.874415874481201
Test Loss: 0.0000, Test Accuracy: 1.0000, Energy: -3724146.5
Time taken:  11.001906871795654
Test Loss: 0.0000, Test Accuracy: 1.0000, Energy: -3727576.0
Time taken:  10.907106637954712
Test Loss: 0.0000, Test Accuracy: 1.0000, Energy: -3728884.25
Time taken:  10.891037702560425
Final accuracies: [0.9733333333333334, 1.0, 1.0, 1.0, 1.0, 1.0, 1.0, 1.0, 1.0, 1.0, 1.0, 1.0, 1.0, 1.0, 1.0, 1.0, 1.0, 1.0, 1.0, 1.0, 1.0, 1.0, 1.0, 1.0, 1.0, 1.0, 1.0, 1.0, 1.0, 1.0, 1.0, 1.0, 1.0, 1.0, 1.0, 1.0, 1.0, 1.0, 1.0, 1.0, 1.0, 1.0, 1.0, 1.0, 1.0, 1.0, 1.0, 1.0, 1.0, 1.0, 1.0, 0.9933333333333333, 1.0, 1.0, 1.0, 1.0, 1.0, 1.0, 1.0, 1.0, 1.0, 1.0, 1.0, 1.0, 1.0, 1.0, 1.0, 1.0, 1.0, 1.0, 1.0, 1.0, 1.0, 1.0, 1.0, 1.0, 1.0, 1.0, 1.0, 1.0, 1.0, 1.0, 1.0, 1.0, 1.0, 1.0, 1.0, 1.0, 1.0, 1.0, 1.0, 1.0, 1.0, 1.0, 1.0, 1.0, 1.0, 1.0, 1.0, 1.0]
Final energies: [-732393.1875, -1363667.5, -1459874.875, -1484724.625, -1507912.75, -1536855.875, -1655135.125, -1688085.625, -1695310.875, -1710718.75, -1743111.875, -1777326.625, -1793080.0, -1801748.75, -1808934.75, -1818172.5, -1826214.875, -1834432.75, -1842879.875, -1852022.375, -1861110.25, -1872575.75, -1879227.625, -1890453.0, -1896266.75, -1903300.0, -1911070.0, -1918804.5, -1927525.125, -1937256.375, -1946473.875, -1957453.625, -1962448.625, -1950324.5, -1959872.125, -1970266.125, -1979606.5, -1989827.125, -1998536.5, -2009654.125, -2020040.125, -2029805.875, -2040959.625, -2051891.125, -2062517.0, -2072704.5, -2084884.375, -2093948.25, -2108142.75, -2299660.5, -2494209.25, -3572380.0, -3629845.5, -3635661.25, -3640683.75, -3645969.0, -3659143.0, -3662428.75, -3665680.5, -3667406.0, -3670142.75, -3672937.5, -3674750.5, -3676715.5, -3678848.0, -3680607.5, -3681807.75, -3683342.25, -3684938.0, -3685880.75, -3687690.0, -3689107.0, -3690581.0, -3691893.25, -3693242.25, -3693694.5, -3694652.25, -3695999.25, -3697547.0, -3699279.0, -3700209.0, -3701458.5, -3702731.5, -3703907.75, -3705278.25, -3706616.25, -3708400.0, -3709258.5, -3710283.5, -3711573.5, -3712649.25, -3713326.5, -3714538.5, -3718429.5, -3719195.75, -3720128.25, -3723163.0, -3724146.5, -3727576.0, -3728884.25]
