Running with parameters: hidden=30, use_coupled=true, seed=91, lam=0.1, eta=0.5, batch=1
Test Loss: 0.0000, Test Accuracy: 0.9967, Energy: -446025.8125
Time taken:  11.397106647491455
Test Loss: 0.0000, Test Accuracy: 1.0000, Energy: -514577.5625
Time taken:  11.478936433792114
Test Loss: 0.0000, Test Accuracy: 1.0000, Energy: -525701.6875
Time taken:  11.430931091308594
Test Loss: 0.0000, Test Accuracy: 1.0000, Energy: -541469.0625
Time taken:  11.568757772445679
Test Loss: 0.0000, Test Accuracy: 1.0000, Energy: -551079.3125
Time taken:  11.439082622528076
Test Loss: 0.0000, Test Accuracy: 1.0000, Energy: -559288.4375
Time taken:  11.491504907608032
Test Loss: 0.0000, Test Accuracy: 1.0000, Energy: -566604.875
Time taken:  11.47665524482727
Test Loss: 0.0000, Test Accuracy: 1.0000, Energy: -574849.25
Time taken:  11.578900337219238
Test Loss: 0.0000, Test Accuracy: 1.0000, Energy: -584368.8125
Time taken:  11.459620237350464
Test Loss: 0.0000, Test Accuracy: 1.0000, Energy: -592084.125
Time taken:  11.509060144424438
Test Loss: 0.0000, Test Accuracy: 1.0000, Energy: -599106.875
Time taken:  11.458409309387207
Test Loss: 0.0000, Test Accuracy: 1.0000, Energy: -606295.3125
Time taken:  11.583913087844849
Test Loss: 0.0000, Test Accuracy: 1.0000, Energy: -614021.375
Time taken:  11.467058658599854
Test Loss: 0.0000, Test Accuracy: 1.0000, Energy: -642334.1875
Time taken:  11.482149839401245
Test Loss: 0.0000, Test Accuracy: 1.0000, Energy: -665241.3125
Time taken:  11.441689014434814
Test Loss: 0.0000, Test Accuracy: 1.0000, Energy: -689732.125
Time taken:  11.598766565322876
Test Loss: 0.0000, Test Accuracy: 1.0000, Energy: -698764.0
Time taken:  11.488860607147217
Test Loss: 0.0000, Test Accuracy: 1.0000, Energy: -707009.5
Time taken:  11.435268878936768
Test Loss: 0.0000, Test Accuracy: 1.0000, Energy: -714371.5625
Time taken:  11.467113256454468
Test Loss: 0.0000, Test Accuracy: 1.0000, Energy: -723177.8125
Time taken:  11.538259506225586
Test Loss: 0.0000, Test Accuracy: 1.0000, Energy: -730606.1875
Time taken:  11.461695432662964
Test Loss: 0.0000, Test Accuracy: 1.0000, Energy: -742989.4375
Time taken:  11.467671394348145
Test Loss: 0.0000, Test Accuracy: 1.0000, Energy: -753961.1875
Time taken:  11.547850370407104
Test Loss: 0.0000, Test Accuracy: 1.0000, Energy: -764208.4375
Time taken:  11.48614239692688
Test Loss: 0.0000, Test Accuracy: 1.0000, Energy: -772020.9375
Time taken:  11.454853296279907
Test Loss: 0.0000, Test Accuracy: 1.0000, Energy: -779544.625
Time taken:  11.451739072799683
Test Loss: 0.0000, Test Accuracy: 1.0000, Energy: -786594.8125
Time taken:  11.582558393478394
Test Loss: 0.0000, Test Accuracy: 1.0000, Energy: -795115.8125
Time taken:  11.469621181488037
Test Loss: 0.0000, Test Accuracy: 1.0000, Energy: -802357.875
Time taken:  11.44719934463501
Test Loss: 0.0000, Test Accuracy: 1.0000, Energy: -809875.875
Time taken:  11.438815355300903
Test Loss: 0.0000, Test Accuracy: 1.0000, Energy: -816908.3125
Time taken:  11.55360460281372
Test Loss: 0.0000, Test Accuracy: 1.0000, Energy: -823641.3125
Time taken:  11.479666471481323
Test Loss: 0.0000, Test Accuracy: 1.0000, Energy: -829792.125
Time taken:  11.468977212905884
Test Loss: 0.0000, Test Accuracy: 1.0000, Energy: -837670.5
Time taken:  11.461483716964722
Test Loss: 0.0000, Test Accuracy: 1.0000, Energy: -844847.0625
Time taken:  11.567329168319702
Test Loss: 0.0000, Test Accuracy: 1.0000, Energy: -853063.25
Time taken:  11.443846702575684
Test Loss: 0.0000, Test Accuracy: 1.0000, Energy: -859627.5625
Time taken:  11.455077886581421
Test Loss: 0.0000, Test Accuracy: 1.0000, Energy: -867132.625
Time taken:  11.47513723373413
Test Loss: 0.0000, Test Accuracy: 1.0000, Energy: -874116.0625
Time taken:  11.567253589630127
Test Loss: 0.0000, Test Accuracy: 1.0000, Energy: -881146.75
Time taken:  11.451428651809692
Test Loss: 0.0000, Test Accuracy: 1.0000, Energy: -895269.5625
Time taken:  11.44833517074585
Test Loss: 0.0000, Test Accuracy: 1.0000, Energy: -919337.4375
Time taken:  11.497291564941406
Test Loss: 0.0000, Test Accuracy: 1.0000, Energy: -925239.9375
Time taken:  11.562278032302856
Test Loss: 0.0000, Test Accuracy: 1.0000, Energy: -931781.1875
Time taken:  11.476133823394775
Test Loss: 0.0000, Test Accuracy: 1.0000, Energy: -937789.75
Time taken:  11.500001907348633
Test Loss: 0.0000, Test Accuracy: 1.0000, Energy: -942998.5
Time taken:  11.474322080612183
Test Loss: 0.0000, Test Accuracy: 1.0000, Energy: -949167.625
Time taken:  11.57955265045166
Test Loss: 0.0000, Test Accuracy: 1.0000, Energy: -954976.0625
Time taken:  11.476053953170776
Test Loss: 0.0000, Test Accuracy: 1.0000, Energy: -960934.0625
Time taken:  11.47417426109314
Test Loss: 0.0000, Test Accuracy: 1.0000, Energy: -966993.5
Time taken:  11.507444858551025
Test Loss: 0.0000, Test Accuracy: 1.0000, Energy: -973557.75
Time taken:  11.562020301818848
Test Loss: 0.0000, Test Accuracy: 1.0000, Energy: -979754.0625
Time taken:  11.454407215118408
Test Loss: 0.0000, Test Accuracy: 1.0000, Energy: -985635.9375
Time taken:  11.456840515136719
Test Loss: 0.0000, Test Accuracy: 1.0000, Energy: -992243.6875
Time taken:  11.463129997253418
Test Loss: 0.0000, Test Accuracy: 1.0000, Energy: -998316.4375
Time taken:  11.575221538543701
Test Loss: 0.0000, Test Accuracy: 1.0000, Energy: -1004278.5
Time taken:  11.465664625167847
Test Loss: 0.0000, Test Accuracy: 1.0000, Energy: -1033673.25
Time taken:  11.424138307571411
Test Loss: 0.0000, Test Accuracy: 1.0000, Energy: -1056982.75
Time taken:  11.461212158203125
Test Loss: 0.0000, Test Accuracy: 1.0000, Energy: -1062481.625
Time taken:  11.575079917907715
Test Loss: 0.0000, Test Accuracy: 1.0000, Energy: -1067773.75
Time taken:  11.448126077651978
Test Loss: 0.0000, Test Accuracy: 1.0000, Energy: -1073960.5
Time taken:  11.490104913711548
Test Loss: 0.0000, Test Accuracy: 1.0000, Energy: -1079339.125
Time taken:  11.450007677078247
Test Loss: 0.0000, Test Accuracy: 1.0000, Energy: -1085226.25
Time taken:  11.570312976837158
Test Loss: 0.0000, Test Accuracy: 1.0000, Energy: -1090389.625
Time taken:  11.48447060585022
Test Loss: 0.0000, Test Accuracy: 1.0000, Energy: -1094883.375
Time taken:  11.480557441711426
Test Loss: 0.0000, Test Accuracy: 1.0000, Energy: -1100495.5
Time taken:  11.571729898452759
Test Loss: 0.0000, Test Accuracy: 1.0000, Energy: -1105263.125
Time taken:  11.501017093658447
Test Loss: 0.0000, Test Accuracy: 1.0000, Energy: -1110154.5
Time taken:  11.487802743911743
Test Loss: 0.0000, Test Accuracy: 1.0000, Energy: -1115968.5
Time taken:  11.49759554862976
Test Loss: 0.0000, Test Accuracy: 1.0000, Energy: -1122131.25
Time taken:  11.583240270614624
Test Loss: 0.0000, Test Accuracy: 1.0000, Energy: -1130238.75
Time taken:  11.469217538833618
Test Loss: 0.0000, Test Accuracy: 1.0000, Energy: -1148695.75
Time taken:  11.46988034248352
Test Loss: 0.0000, Test Accuracy: 1.0000, Energy: -1175778.0
Time taken:  11.474451303482056
Test Loss: 0.0000, Test Accuracy: 1.0000, Energy: -1184738.125
Time taken:  11.58622431755066
Test Loss: 0.0000, Test Accuracy: 1.0000, Energy: -1190924.5
Time taken:  11.495744228363037
Test Loss: 0.0000, Test Accuracy: 1.0000, Energy: -1196163.375
Time taken:  11.477787971496582
Test Loss: 0.0000, Test Accuracy: 1.0000, Energy: -1201041.0
Time taken:  11.484562158584595
Test Loss: 0.0000, Test Accuracy: 1.0000, Energy: -1205504.0
Time taken:  11.58869218826294
Test Loss: 0.0000, Test Accuracy: 1.0000, Energy: -1209941.125
Time taken:  11.479051113128662
Test Loss: 0.0000, Test Accuracy: 1.0000, Energy: -1214797.75
Time taken:  11.488617897033691
Test Loss: 0.0000, Test Accuracy: 1.0000, Energy: -1219244.875
Time taken:  11.515928030014038
Test Loss: 0.0000, Test Accuracy: 1.0000, Energy: -1227949.5
Time taken:  11.584792375564575
Test Loss: 0.0000, Test Accuracy: 1.0000, Energy: -1232467.875
Time taken:  11.481256484985352
Test Loss: 0.0000, Test Accuracy: 1.0000, Energy: -1236909.625
Time taken:  11.492105484008789
Test Loss: 0.0000, Test Accuracy: 1.0000, Energy: -1241031.0
Time taken:  11.504990577697754
Test Loss: 0.0000, Test Accuracy: 1.0000, Energy: -1245540.875
Time taken:  11.556018590927124
Test Loss: 0.0000, Test Accuracy: 1.0000, Energy: -1250003.125
Time taken:  11.435230731964111
Test Loss: 0.0000, Test Accuracy: 1.0000, Energy: -1255146.625
Time taken:  11.474039554595947
Test Loss: 0.0000, Test Accuracy: 1.0000, Energy: -1258393.75
Time taken:  11.474324703216553
Test Loss: 0.0000, Test Accuracy: 1.0000, Energy: -1263712.125
Time taken:  11.589555501937866
Test Loss: 0.0000, Test Accuracy: 1.0000, Energy: -1268281.75
Time taken:  11.454368352890015
Test Loss: 0.0000, Test Accuracy: 1.0000, Energy: -1272065.625
Time taken:  11.455756902694702
Test Loss: 0.0000, Test Accuracy: 1.0000, Energy: -1279707.125
Time taken:  11.468085289001465
Test Loss: 0.0000, Test Accuracy: 1.0000, Energy: -1283551.0
Time taken:  11.562766790390015
Test Loss: 0.0000, Test Accuracy: 1.0000, Energy: -1288009.875
Time taken:  11.472612380981445
Test Loss: 0.0000, Test Accuracy: 1.0000, Energy: -1292286.375
Time taken:  11.449659824371338
Test Loss: 0.0000, Test Accuracy: 1.0000, Energy: -1296275.125
Time taken:  11.473830938339233
Test Loss: 0.0000, Test Accuracy: 1.0000, Energy: -1299986.25
Time taken:  11.586673259735107
Test Loss: 0.0000, Test Accuracy: 1.0000, Energy: -1303969.0
Time taken:  11.46952509880066
Test Loss: 0.0000, Test Accuracy: 1.0000, Energy: -1308565.5
Time taken:  11.438103199005127
Final accuracies: [0.9966666666666667, 1.0, 1.0, 1.0, 1.0, 1.0, 1.0, 1.0, 1.0, 1.0, 1.0, 1.0, 1.0, 1.0, 1.0, 1.0, 1.0, 1.0, 1.0, 1.0, 1.0, 1.0, 1.0, 1.0, 1.0, 1.0, 1.0, 1.0, 1.0, 1.0, 1.0, 1.0, 1.0, 1.0, 1.0, 1.0, 1.0, 1.0, 1.0, 1.0, 1.0, 1.0, 1.0, 1.0, 1.0, 1.0, 1.0, 1.0, 1.0, 1.0, 1.0, 1.0, 1.0, 1.0, 1.0, 1.0, 1.0, 1.0, 1.0, 1.0, 1.0, 1.0, 1.0, 1.0, 1.0, 1.0, 1.0, 1.0, 1.0, 1.0, 1.0, 1.0, 1.0, 1.0, 1.0, 1.0, 1.0, 1.0, 1.0, 1.0, 1.0, 1.0, 1.0, 1.0, 1.0, 1.0, 1.0, 1.0, 1.0, 1.0, 1.0, 1.0, 1.0, 1.0, 1.0, 1.0, 1.0, 1.0, 1.0, 1.0]
Final energies: [-446025.8125, -514577.5625, -525701.6875, -541469.0625, -551079.3125, -559288.4375, -566604.875, -574849.25, -584368.8125, -592084.125, -599106.875, -606295.3125, -614021.375, -642334.1875, -665241.3125, -689732.125, -698764.0, -707009.5, -714371.5625, -723177.8125, -730606.1875, -742989.4375, -753961.1875, -764208.4375, -772020.9375, -779544.625, -786594.8125, -795115.8125, -802357.875, -809875.875, -816908.3125, -823641.3125, -829792.125, -837670.5, -844847.0625, -853063.25, -859627.5625, -867132.625, -874116.0625, -881146.75, -895269.5625, -919337.4375, -925239.9375, -931781.1875, -937789.75, -942998.5, -949167.625, -954976.0625, -960934.0625, -966993.5, -973557.75, -979754.0625, -985635.9375, -992243.6875, -998316.4375, -1004278.5, -1033673.25, -1056982.75, -1062481.625, -1067773.75, -1073960.5, -1079339.125, -1085226.25, -1090389.625, -1094883.375, -1100495.5, -1105263.125, -1110154.5, -1115968.5, -1122131.25, -1130238.75, -1148695.75, -1175778.0, -1184738.125, -1190924.5, -1196163.375, -1201041.0, -1205504.0, -1209941.125, -1214797.75, -1219244.875, -1227949.5, -1232467.875, -1236909.625, -1241031.0, -1245540.875, -1250003.125, -1255146.625, -1258393.75, -1263712.125, -1268281.75, -1272065.625, -1279707.125, -1283551.0, -1288009.875, -1292286.375, -1296275.125, -1299986.25, -1303969.0, -1308565.5]
