Running with parameters: hidden=30, use_coupled=true, seed=82, lam=0.1, eta=0.5, batch=1
Test Loss: 0.0000, Test Accuracy: 1.0000, Energy: -636484.1875
Time taken:  10.893176794052124
Test Loss: 0.0000, Test Accuracy: 1.0000, Energy: -646015.5
Time taken:  10.9371497631073
Test Loss: 0.0000, Test Accuracy: 1.0000, Energy: -662498.0625
Time taken:  10.921315908432007
Test Loss: 0.0000, Test Accuracy: 1.0000, Energy: -672909.3125
Time taken:  10.980502605438232
Test Loss: 0.0000, Test Accuracy: 1.0000, Energy: -699248.8125
Time taken:  10.861850023269653
Test Loss: 0.0000, Test Accuracy: 1.0000, Energy: -680412.125
Time taken:  10.89666223526001
Test Loss: 0.0000, Test Accuracy: 1.0000, Energy: -687377.8125
Time taken:  10.899052619934082
Test Loss: 0.0000, Test Accuracy: 1.0000, Energy: -704654.75
Time taken:  10.98638105392456
Test Loss: 0.0000, Test Accuracy: 1.0000, Energy: -719111.3125
Time taken:  10.875587463378906
Test Loss: 0.0000, Test Accuracy: 1.0000, Energy: -782390.25
Time taken:  10.886838674545288
Test Loss: 0.0000, Test Accuracy: 1.0000, Energy: -843111.5
Time taken:  10.949021577835083
Test Loss: 0.0000, Test Accuracy: 1.0000, Energy: -883319.75
Time taken:  11.002224206924438
Test Loss: 0.0000, Test Accuracy: 1.0000, Energy: -918114.9375
Time taken:  10.898484468460083
Test Loss: 0.0000, Test Accuracy: 1.0000, Energy: -946863.3125
Time taken:  10.881595134735107
Test Loss: 0.0000, Test Accuracy: 1.0000, Energy: -978716.1875
Time taken:  10.886597871780396
Test Loss: 0.0000, Test Accuracy: 1.0000, Energy: -1025638.5625
Time taken:  10.970114946365356
Test Loss: 0.0000, Test Accuracy: 1.0000, Energy: -1052347.5
Time taken:  10.902373313903809
Test Loss: 0.0000, Test Accuracy: 1.0000, Energy: -1075864.25
Time taken:  10.904149532318115
Test Loss: 0.0000, Test Accuracy: 1.0000, Energy: -1096314.0
Time taken:  10.915901184082031
Test Loss: 0.0000, Test Accuracy: 1.0000, Energy: -1114686.5
Time taken:  10.992965698242188
Test Loss: 0.0000, Test Accuracy: 1.0000, Energy: -1134048.875
Time taken:  10.914687156677246
Test Loss: 0.0000, Test Accuracy: 1.0000, Energy: -1152023.625
Time taken:  10.906421184539795
Test Loss: 0.0000, Test Accuracy: 1.0000, Energy: -1167781.125
Time taken:  10.994701623916626
Test Loss: 0.0000, Test Accuracy: 1.0000, Energy: -1183098.125
Time taken:  10.898097276687622
Test Loss: 0.0000, Test Accuracy: 1.0000, Energy: -1201266.625
Time taken:  10.919735431671143
Test Loss: 0.0000, Test Accuracy: 1.0000, Energy: -1216751.875
Time taken:  10.910214185714722
Test Loss: 0.0000, Test Accuracy: 1.0000, Energy: -1231447.875
Time taken:  10.993066549301147
Test Loss: 0.0000, Test Accuracy: 1.0000, Energy: -1246116.5
Time taken:  10.895336627960205
Test Loss: 0.0000, Test Accuracy: 1.0000, Energy: -1260895.75
Time taken:  10.886757135391235
Test Loss: 0.0000, Test Accuracy: 1.0000, Energy: -1273360.875
Time taken:  10.91216516494751
Test Loss: 0.0000, Test Accuracy: 1.0000, Energy: -1289002.25
Time taken:  10.992799043655396
Test Loss: 0.0000, Test Accuracy: 1.0000, Energy: -1300366.25
Time taken:  10.92202639579773
Test Loss: 0.0000, Test Accuracy: 1.0000, Energy: -1314165.875
Time taken:  10.929007530212402
Test Loss: 0.0000, Test Accuracy: 1.0000, Energy: -1326931.875
Time taken:  10.909309148788452
Test Loss: 0.0000, Test Accuracy: 1.0000, Energy: -1341031.875
Time taken:  10.955514669418335
Test Loss: 0.0000, Test Accuracy: 1.0000, Energy: -1355127.125
Time taken:  10.88871455192566
Test Loss: 0.0000, Test Accuracy: 1.0000, Energy: -1366398.625
Time taken:  10.924274206161499
Test Loss: 0.0000, Test Accuracy: 1.0000, Energy: -1379361.5
Time taken:  10.921334028244019
Test Loss: 0.0000, Test Accuracy: 1.0000, Energy: -1392351.0
Time taken:  10.995732069015503
Test Loss: 0.0000, Test Accuracy: 1.0000, Energy: -1404775.75
Time taken:  10.896246910095215
Test Loss: 0.0000, Test Accuracy: 1.0000, Energy: -1417373.5
Time taken:  10.913498163223267
Test Loss: 0.0000, Test Accuracy: 1.0000, Energy: -1427436.25
Time taken:  10.912231922149658
Test Loss: 0.0000, Test Accuracy: 1.0000, Energy: -1439070.125
Time taken:  11.01487421989441
Test Loss: 0.0000, Test Accuracy: 1.0000, Energy: -1450232.25
Time taken:  10.917902946472168
Test Loss: 0.0000, Test Accuracy: 1.0000, Energy: -1461574.875
Time taken:  10.91308856010437
Test Loss: 0.0000, Test Accuracy: 1.0000, Energy: -1472049.125
Time taken:  10.914946794509888
Test Loss: 0.0000, Test Accuracy: 1.0000, Energy: -1482440.625
Time taken:  10.9888174533844
Test Loss: 0.0000, Test Accuracy: 1.0000, Energy: -1492165.5
Time taken:  10.895066261291504
Test Loss: 0.0000, Test Accuracy: 1.0000, Energy: -1502648.5
Time taken:  10.914093017578125
Test Loss: 0.0000, Test Accuracy: 1.0000, Energy: -1512307.0
Time taken:  10.908217191696167
Test Loss: 0.0000, Test Accuracy: 1.0000, Energy: -1522112.25
Time taken:  10.970468759536743
Test Loss: 0.0000, Test Accuracy: 1.0000, Energy: -1531278.875
Time taken:  10.90369963645935
Test Loss: 0.0000, Test Accuracy: 1.0000, Energy: -1540950.625
Time taken:  10.895676612854004
Test Loss: 0.0000, Test Accuracy: 1.0000, Energy: -1551516.25
Time taken:  10.878789186477661
Test Loss: 0.0000, Test Accuracy: 1.0000, Energy: -1559721.625
Time taken:  11.000089406967163
Test Loss: 0.0000, Test Accuracy: 1.0000, Energy: -1568498.0
Time taken:  10.893779993057251
Test Loss: 0.0000, Test Accuracy: 1.0000, Energy: -1576840.5
Time taken:  10.898088455200195
Test Loss: 0.0000, Test Accuracy: 1.0000, Energy: -1584678.0
Time taken:  10.878201007843018
Test Loss: 0.0000, Test Accuracy: 1.0000, Energy: -1593725.625
Time taken:  10.956684350967407
Test Loss: 0.0000, Test Accuracy: 1.0000, Energy: -1601892.25
Time taken:  10.894235134124756
Test Loss: 0.0000, Test Accuracy: 1.0000, Energy: -1610124.5
Time taken:  10.891826629638672
Test Loss: 0.0000, Test Accuracy: 1.0000, Energy: -1617340.625
Time taken:  10.897490501403809
Test Loss: 0.0000, Test Accuracy: 1.0000, Energy: -1624260.25
Time taken:  10.975507497787476
Test Loss: 0.0000, Test Accuracy: 1.0000, Energy: -1631916.375
Time taken:  10.899343967437744
Test Loss: 0.0000, Test Accuracy: 1.0000, Energy: -1640163.25
Time taken:  10.897148847579956
Test Loss: 0.0000, Test Accuracy: 1.0000, Energy: -1646009.625
Time taken:  11.019339323043823
Test Loss: 0.0000, Test Accuracy: 1.0000, Energy: -1653916.5
Time taken:  10.889020204544067
Test Loss: 0.0000, Test Accuracy: 1.0000, Energy: -1660341.5
Time taken:  10.884981393814087
Test Loss: 0.0000, Test Accuracy: 1.0000, Energy: -1667704.75
Time taken:  10.904967308044434
Test Loss: 0.0000, Test Accuracy: 1.0000, Energy: -1674025.25
Time taken:  11.026851654052734
Test Loss: 0.0000, Test Accuracy: 1.0000, Energy: -1678978.875
Time taken:  10.95174789428711
Test Loss: 0.0000, Test Accuracy: 1.0000, Energy: -1685652.875
Time taken:  10.877318143844604
Test Loss: 0.0000, Test Accuracy: 1.0000, Energy: -1692559.125
Time taken:  10.878226280212402
Test Loss: 0.0000, Test Accuracy: 1.0000, Energy: -1698643.75
Time taken:  10.967461585998535
Test Loss: 0.0000, Test Accuracy: 1.0000, Energy: -1704629.875
Time taken:  10.876925468444824
Test Loss: 0.0000, Test Accuracy: 1.0000, Energy: -1710137.625
Time taken:  10.886343717575073
Test Loss: 0.0000, Test Accuracy: 1.0000, Energy: -1714351.0
Time taken:  10.878771543502808
Test Loss: 0.0000, Test Accuracy: 1.0000, Energy: -1719662.875
Time taken:  10.965759754180908
Test Loss: 0.0000, Test Accuracy: 1.0000, Energy: -1724205.375
Time taken:  10.870459079742432
Test Loss: 0.0000, Test Accuracy: 1.0000, Energy: -1729555.0
Time taken:  10.901430130004883
Test Loss: 0.0000, Test Accuracy: 1.0000, Energy: -1734367.875
Time taken:  10.886244773864746
Test Loss: 0.0000, Test Accuracy: 1.0000, Energy: -1738700.875
Time taken:  10.980751991271973
Test Loss: 0.0000, Test Accuracy: 1.0000, Energy: -1743292.875
Time taken:  10.888173580169678
Test Loss: 0.0000, Test Accuracy: 1.0000, Energy: -1747155.375
Time taken:  10.903562307357788
Test Loss: 0.0000, Test Accuracy: 1.0000, Energy: -1751432.5
Time taken:  10.873411893844604
Test Loss: 0.0000, Test Accuracy: 1.0000, Energy: -1755034.125
Time taken:  10.984002351760864
Test Loss: 0.0000, Test Accuracy: 1.0000, Energy: -1760485.625
Time taken:  10.90568995475769
Test Loss: 0.0000, Test Accuracy: 1.0000, Energy: -1764287.75
Time taken:  10.91562271118164
Test Loss: 0.0000, Test Accuracy: 1.0000, Energy: -1767987.875
Time taken:  10.910605907440186
Test Loss: 0.0000, Test Accuracy: 1.0000, Energy: -1771175.25
Time taken:  10.978823184967041
Test Loss: 0.0000, Test Accuracy: 1.0000, Energy: -1774774.875
Time taken:  10.864700078964233
Test Loss: 0.0000, Test Accuracy: 1.0000, Energy: -1777477.375
Time taken:  10.869139194488525
Test Loss: 0.0000, Test Accuracy: 1.0000, Energy: -1779887.25
Time taken:  10.938508033752441
Test Loss: 0.0000, Test Accuracy: 1.0000, Energy: -1782529.25
Time taken:  10.950888395309448
Test Loss: 0.0000, Test Accuracy: 1.0000, Energy: -1785653.125
Time taken:  10.875433683395386
Test Loss: 0.0000, Test Accuracy: 1.0000, Energy: -1789381.0
Time taken:  10.93105959892273
Test Loss: 0.0000, Test Accuracy: 1.0000, Energy: -1792510.125
Time taken:  10.90174412727356
Test Loss: 0.0000, Test Accuracy: 1.0000, Energy: -1795078.625
Time taken:  11.007314443588257
Test Loss: 0.0000, Test Accuracy: 0.9967, Energy: -1797833.125
Time taken:  10.889419317245483
Test Loss: 0.0000, Test Accuracy: 0.9967, Energy: -1800289.125
Time taken:  10.888326168060303
Final accuracies: [1.0, 1.0, 1.0, 1.0, 1.0, 1.0, 1.0, 1.0, 1.0, 1.0, 1.0, 1.0, 1.0, 1.0, 1.0, 1.0, 1.0, 1.0, 1.0, 1.0, 1.0, 1.0, 1.0, 1.0, 1.0, 1.0, 1.0, 1.0, 1.0, 1.0, 1.0, 1.0, 1.0, 1.0, 1.0, 1.0, 1.0, 1.0, 1.0, 1.0, 1.0, 1.0, 1.0, 1.0, 1.0, 1.0, 1.0, 1.0, 1.0, 1.0, 1.0, 1.0, 1.0, 1.0, 1.0, 1.0, 1.0, 1.0, 1.0, 1.0, 1.0, 1.0, 1.0, 1.0, 1.0, 1.0, 1.0, 1.0, 1.0, 1.0, 1.0, 1.0, 1.0, 1.0, 1.0, 1.0, 1.0, 1.0, 1.0, 1.0, 1.0, 1.0, 1.0, 1.0, 1.0, 1.0, 1.0, 1.0, 1.0, 1.0, 1.0, 1.0, 1.0, 1.0, 1.0, 1.0, 1.0, 1.0, 0.9966666666666667, 0.9966666666666667]
Final energies: [-636484.1875, -646015.5, -662498.0625, -672909.3125, -699248.8125, -680412.125, -687377.8125, -704654.75, -719111.3125, -782390.25, -843111.5, -883319.75, -918114.9375, -946863.3125, -978716.1875, -1025638.5625, -1052347.5, -1075864.25, -1096314.0, -1114686.5, -1134048.875, -1152023.625, -1167781.125, -1183098.125, -1201266.625, -1216751.875, -1231447.875, -1246116.5, -1260895.75, -1273360.875, -1289002.25, -1300366.25, -1314165.875, -1326931.875, -1341031.875, -1355127.125, -1366398.625, -1379361.5, -1392351.0, -1404775.75, -1417373.5, -1427436.25, -1439070.125, -1450232.25, -1461574.875, -1472049.125, -1482440.625, -1492165.5, -1502648.5, -1512307.0, -1522112.25, -1531278.875, -1540950.625, -1551516.25, -1559721.625, -1568498.0, -1576840.5, -1584678.0, -1593725.625, -1601892.25, -1610124.5, -1617340.625, -1624260.25, -1631916.375, -1640163.25, -1646009.625, -1653916.5, -1660341.5, -1667704.75, -1674025.25, -1678978.875, -1685652.875, -1692559.125, -1698643.75, -1704629.875, -1710137.625, -1714351.0, -1719662.875, -1724205.375, -1729555.0, -1734367.875, -1738700.875, -1743292.875, -1747155.375, -1751432.5, -1755034.125, -1760485.625, -1764287.75, -1767987.875, -1771175.25, -1774774.875, -1777477.375, -1779887.25, -1782529.25, -1785653.125, -1789381.0, -1792510.125, -1795078.625, -1797833.125, -1800289.125]
