Running with parameters: hidden=30, use_coupled=true, seed=28, lam=0.1, eta=0.5, batch=1
Test Loss: 0.0000, Test Accuracy: 0.9433, Energy: -543939.1875
Time taken:  11.789965867996216
Test Loss: 0.0000, Test Accuracy: 1.0000, Energy: -655396.75
Time taken:  11.883514165878296
Test Loss: 0.0000, Test Accuracy: 1.0000, Energy: -667753.375
Time taken:  11.787848234176636
Test Loss: 0.0000, Test Accuracy: 1.0000, Energy: -690917.25
Time taken:  11.926974058151245
Test Loss: 0.0000, Test Accuracy: 0.9967, Energy: -713199.375
Time taken:  11.911497354507446
Test Loss: 0.0000, Test Accuracy: 1.0000, Energy: -727678.125
Time taken:  11.783469438552856
Test Loss: 0.0000, Test Accuracy: 1.0000, Energy: -743732.4375
Time taken:  11.838698625564575
Test Loss: 0.0000, Test Accuracy: 1.0000, Energy: -753830.875
Time taken:  11.90140175819397
Test Loss: 0.0000, Test Accuracy: 1.0000, Energy: -768595.8125
Time taken:  11.734859943389893
Test Loss: 0.0000, Test Accuracy: 1.0000, Energy: -780597.0
Time taken:  11.798245429992676
Test Loss: 0.0000, Test Accuracy: 1.0000, Energy: -786910.375
Time taken:  11.714557409286499
Test Loss: 0.0000, Test Accuracy: 1.0000, Energy: -793362.4375
Time taken:  11.855732202529907
Test Loss: 0.0000, Test Accuracy: 1.0000, Energy: -797773.0625
Time taken:  11.807349443435669
Test Loss: 0.0000, Test Accuracy: 1.0000, Energy: -802471.5
Time taken:  11.731029033660889
Test Loss: 0.0000, Test Accuracy: 1.0000, Energy: -805973.0
Time taken:  11.691262006759644
Test Loss: 0.0000, Test Accuracy: 1.0000, Energy: -810141.125
Time taken:  11.745857000350952
Test Loss: 0.0000, Test Accuracy: 1.0000, Energy: -813424.9375
Time taken:  11.633394241333008
Test Loss: 0.0000, Test Accuracy: 1.0000, Energy: -817427.6875
Time taken:  11.673147916793823
Test Loss: 0.0000, Test Accuracy: 1.0000, Energy: -821184.25
Time taken:  11.643043994903564
Test Loss: 0.0000, Test Accuracy: 1.0000, Energy: -825396.625
Time taken:  11.736271858215332
Test Loss: 0.0000, Test Accuracy: 1.0000, Energy: -829748.5
Time taken:  11.6261625289917
Test Loss: 0.0000, Test Accuracy: 1.0000, Energy: -833604.1875
Time taken:  11.627259731292725
Test Loss: 0.0000, Test Accuracy: 1.0000, Energy: -835842.6875
Time taken:  11.786247968673706
Test Loss: 0.0000, Test Accuracy: 1.0000, Energy: -841663.8125
Time taken:  11.6934974193573
Test Loss: 0.0000, Test Accuracy: 1.0000, Energy: -845025.6875
Time taken:  11.761702537536621
Test Loss: 0.0000, Test Accuracy: 1.0000, Energy: -849931.375
Time taken:  11.72006344795227
Test Loss: 0.0000, Test Accuracy: 1.0000, Energy: -861473.4375
Time taken:  11.859766006469727
Test Loss: 0.0000, Test Accuracy: 1.0000, Energy: -862747.75
Time taken:  11.851675271987915
Test Loss: 0.0000, Test Accuracy: 1.0000, Energy: -864621.5
Time taken:  11.808386325836182
Test Loss: 0.0000, Test Accuracy: 1.0000, Energy: -866256.125
Time taken:  11.819583177566528
Test Loss: 0.0000, Test Accuracy: 1.0000, Energy: -867860.1875
Time taken:  11.916492938995361
Test Loss: 0.0000, Test Accuracy: 1.0000, Energy: -869392.9375
Time taken:  11.762421369552612
Test Loss: 0.0000, Test Accuracy: 1.0000, Energy: -871206.125
Time taken:  11.746589422225952
Test Loss: 0.0000, Test Accuracy: 1.0000, Energy: -872464.75
Time taken:  11.80269718170166
Test Loss: 0.0000, Test Accuracy: 1.0000, Energy: -874883.5
Time taken:  11.96123743057251
Test Loss: 0.0000, Test Accuracy: 1.0000, Energy: -876704.9375
Time taken:  11.947854042053223
Test Loss: 0.0000, Test Accuracy: 1.0000, Energy: -878642.9375
Time taken:  11.872272491455078
Test Loss: 0.0000, Test Accuracy: 1.0000, Energy: -880306.4375
Time taken:  11.86986494064331
Test Loss: 0.0000, Test Accuracy: 1.0000, Energy: -882318.6875
Time taken:  12.056351900100708
Test Loss: 0.0000, Test Accuracy: 1.0000, Energy: -884164.25
Time taken:  11.886713027954102
Test Loss: 0.0000, Test Accuracy: 1.0000, Energy: -885908.3125
Time taken:  11.925804376602173
Test Loss: 0.0000, Test Accuracy: 1.0000, Energy: -888481.6875
Time taken:  11.878690242767334
Test Loss: 0.0000, Test Accuracy: 1.0000, Energy: -890517.3125
Time taken:  11.925724744796753
Test Loss: 0.0000, Test Accuracy: 1.0000, Energy: -892459.5625
Time taken:  11.862340211868286
Test Loss: 0.0000, Test Accuracy: 1.0000, Energy: -893898.9375
Time taken:  11.865132331848145
Test Loss: 0.0000, Test Accuracy: 1.0000, Energy: -896659.6875
Time taken:  11.852611064910889
Test Loss: 0.0000, Test Accuracy: 1.0000, Energy: -898445.9375
Time taken:  11.967530488967896
Test Loss: 0.0000, Test Accuracy: 1.0000, Energy: -900872.1875
Time taken:  11.844757795333862
Test Loss: 0.0000, Test Accuracy: 1.0000, Energy: -902320.375
Time taken:  11.787251949310303
Test Loss: 0.0000, Test Accuracy: 1.0000, Energy: -904647.5
Time taken:  11.865315198898315
Test Loss: 0.0000, Test Accuracy: 1.0000, Energy: -906187.0
Time taken:  11.956462144851685
Test Loss: 0.0000, Test Accuracy: 1.0000, Energy: -908732.5625
Time taken:  11.73170256614685
Test Loss: 0.0000, Test Accuracy: 1.0000, Energy: -910423.5
Time taken:  11.772901773452759
Test Loss: 0.0000, Test Accuracy: 1.0000, Energy: -912262.9375
Time taken:  11.75568699836731
Test Loss: 0.0000, Test Accuracy: 1.0000, Energy: -913848.9375
Time taken:  11.828956842422485
Test Loss: 0.0000, Test Accuracy: 1.0000, Energy: -915932.5
Time taken:  11.79628038406372
Test Loss: 0.0000, Test Accuracy: 1.0000, Energy: -917781.125
Time taken:  11.749638319015503
Test Loss: 0.0000, Test Accuracy: 1.0000, Energy: -920190.75
Time taken:  11.772036790847778
Test Loss: 0.0000, Test Accuracy: 1.0000, Energy: -922563.9375
Time taken:  11.895792007446289
Test Loss: 0.0000, Test Accuracy: 1.0000, Energy: -924905.875
Time taken:  11.7171471118927
Test Loss: 0.0000, Test Accuracy: 1.0000, Energy: -927400.25
Time taken:  11.683481693267822
Test Loss: 0.0000, Test Accuracy: 1.0000, Energy: -929800.0
Time taken:  11.6733558177948
Test Loss: 0.0000, Test Accuracy: 1.0000, Energy: -932628.0625
Time taken:  11.80802321434021
Test Loss: 0.0000, Test Accuracy: 1.0000, Energy: -935631.3125
Time taken:  11.669342994689941
Test Loss: 0.0000, Test Accuracy: 1.0000, Energy: -938900.9375
Time taken:  11.6735999584198
Test Loss: 0.0000, Test Accuracy: 1.0000, Energy: -942385.125
Time taken:  11.76903510093689
Test Loss: 0.0000, Test Accuracy: 1.0000, Energy: -944373.0625
Time taken:  11.663083553314209
Test Loss: 0.0000, Test Accuracy: 1.0000, Energy: -946097.1875
Time taken:  11.735105514526367
Test Loss: 0.0000, Test Accuracy: 1.0000, Energy: -947553.0625
Time taken:  11.712860822677612
Test Loss: 0.0000, Test Accuracy: 1.0000, Energy: -949245.125
Time taken:  11.871606826782227
Test Loss: 0.0000, Test Accuracy: 1.0000, Energy: -950327.75
Time taken:  11.797887802124023
Test Loss: 0.0000, Test Accuracy: 1.0000, Energy: -953543.0625
Time taken:  11.732484340667725
Test Loss: 0.0000, Test Accuracy: 1.0000, Energy: -954410.4375
Time taken:  11.798394680023193
Test Loss: 0.0000, Test Accuracy: 1.0000, Energy: -955363.5
Time taken:  11.953104734420776
Test Loss: 0.0000, Test Accuracy: 1.0000, Energy: -957493.5
Time taken:  11.776923894882202
Test Loss: 0.0000, Test Accuracy: 1.0000, Energy: -959292.875
Time taken:  11.748351097106934
Test Loss: 0.0000, Test Accuracy: 1.0000, Energy: -961784.125
Time taken:  11.822104215621948
Test Loss: 0.0000, Test Accuracy: 1.0000, Energy: -963225.6875
Time taken:  11.852064371109009
Test Loss: 0.0000, Test Accuracy: 1.0000, Energy: -965345.1875
Time taken:  11.767849683761597
Test Loss: 0.0000, Test Accuracy: 1.0000, Energy: -967032.875
Time taken:  11.827394485473633
Test Loss: 0.0000, Test Accuracy: 1.0000, Energy: -969004.75
Time taken:  11.865253686904907
Test Loss: 0.0000, Test Accuracy: 1.0000, Energy: -971759.5
Time taken:  12.013118028640747
Test Loss: 0.0000, Test Accuracy: 1.0000, Energy: -974564.25
Time taken:  11.882907152175903
Test Loss: 0.0000, Test Accuracy: 1.0000, Energy: -975868.9375
Time taken:  11.876796007156372
Test Loss: 0.0000, Test Accuracy: 1.0000, Energy: -977600.0
Time taken:  11.919355392456055
Test Loss: 0.0000, Test Accuracy: 1.0000, Energy: -990217.375
Time taken:  12.042052268981934
Test Loss: 0.0000, Test Accuracy: 1.0000, Energy: -991819.0625
Time taken:  11.917383432388306
Test Loss: 0.0000, Test Accuracy: 1.0000, Energy: -993932.9375
Time taken:  11.863360404968262
Test Loss: 0.0000, Test Accuracy: 1.0000, Energy: -1004754.375
Time taken:  11.880758047103882
Test Loss: 0.0000, Test Accuracy: 1.0000, Energy: -1010155.3125
Time taken:  11.965165615081787
Test Loss: 0.0000, Test Accuracy: 1.0000, Energy: -1011389.625
Time taken:  11.873181819915771
Test Loss: 0.0000, Test Accuracy: 1.0000, Energy: -1012441.4375
Time taken:  11.844019889831543
Test Loss: 0.0000, Test Accuracy: 1.0000, Energy: -1013891.8125
Time taken:  11.815808057785034
Test Loss: 0.0000, Test Accuracy: 1.0000, Energy: -1015789.0625
Time taken:  11.92292070388794
Test Loss: 0.0000, Test Accuracy: 1.0000, Energy: -1017136.125
Time taken:  11.788642406463623
Test Loss: 0.0000, Test Accuracy: 1.0000, Energy: -1017901.0625
Time taken:  11.877661228179932
Test Loss: 0.0000, Test Accuracy: 1.0000, Energy: -1019561.4375
Time taken:  11.804854393005371
Test Loss: 0.0000, Test Accuracy: 1.0000, Energy: -1021095.75
Time taken:  11.879014253616333
Test Loss: 0.0000, Test Accuracy: 1.0000, Energy: -1021921.9375
Time taken:  11.790196418762207
Test Loss: 0.0000, Test Accuracy: 1.0000, Energy: -1022624.9375
Time taken:  12.069117784500122
Final accuracies: [0.9433333333333334, 1.0, 1.0, 1.0, 0.9966666666666667, 1.0, 1.0, 1.0, 1.0, 1.0, 1.0, 1.0, 1.0, 1.0, 1.0, 1.0, 1.0, 1.0, 1.0, 1.0, 1.0, 1.0, 1.0, 1.0, 1.0, 1.0, 1.0, 1.0, 1.0, 1.0, 1.0, 1.0, 1.0, 1.0, 1.0, 1.0, 1.0, 1.0, 1.0, 1.0, 1.0, 1.0, 1.0, 1.0, 1.0, 1.0, 1.0, 1.0, 1.0, 1.0, 1.0, 1.0, 1.0, 1.0, 1.0, 1.0, 1.0, 1.0, 1.0, 1.0, 1.0, 1.0, 1.0, 1.0, 1.0, 1.0, 1.0, 1.0, 1.0, 1.0, 1.0, 1.0, 1.0, 1.0, 1.0, 1.0, 1.0, 1.0, 1.0, 1.0, 1.0, 1.0, 1.0, 1.0, 1.0, 1.0, 1.0, 1.0, 1.0, 1.0, 1.0, 1.0, 1.0, 1.0, 1.0, 1.0, 1.0, 1.0, 1.0, 1.0]
Final energies: [-543939.1875, -655396.75, -667753.375, -690917.25, -713199.375, -727678.125, -743732.4375, -753830.875, -768595.8125, -780597.0, -786910.375, -793362.4375, -797773.0625, -802471.5, -805973.0, -810141.125, -813424.9375, -817427.6875, -821184.25, -825396.625, -829748.5, -833604.1875, -835842.6875, -841663.8125, -845025.6875, -849931.375, -861473.4375, -862747.75, -864621.5, -866256.125, -867860.1875, -869392.9375, -871206.125, -872464.75, -874883.5, -876704.9375, -878642.9375, -880306.4375, -882318.6875, -884164.25, -885908.3125, -888481.6875, -890517.3125, -892459.5625, -893898.9375, -896659.6875, -898445.9375, -900872.1875, -902320.375, -904647.5, -906187.0, -908732.5625, -910423.5, -912262.9375, -913848.9375, -915932.5, -917781.125, -920190.75, -922563.9375, -924905.875, -927400.25, -929800.0, -932628.0625, -935631.3125, -938900.9375, -942385.125, -944373.0625, -946097.1875, -947553.0625, -949245.125, -950327.75, -953543.0625, -954410.4375, -955363.5, -957493.5, -959292.875, -961784.125, -963225.6875, -965345.1875, -967032.875, -969004.75, -971759.5, -974564.25, -975868.9375, -977600.0, -990217.375, -991819.0625, -993932.9375, -1004754.375, -1010155.3125, -1011389.625, -1012441.4375, -1013891.8125, -1015789.0625, -1017136.125, -1017901.0625, -1019561.4375, -1021095.75, -1021921.9375, -1022624.9375]
