Running with parameters: hidden=100, use_coupled=false, seed=12, lam=0.0, eta=0.0, batch=100
Test Loss: 0.0000, Test Accuracy: 0.5000, Energy: -56745.015625
Time taken:  0.6912992000579834
Test Loss: 0.0000, Test Accuracy: 0.5200, Energy: -506680.1875
Time taken:  0.6457102298736572
Test Loss: 0.0000, Test Accuracy: 0.5000, Energy: -525830.0
Time taken:  0.5417850017547607
Test Loss: 0.0000, Test Accuracy: 0.9667, Energy: -430474.6875
Time taken:  0.5733544826507568
Test Loss: 0.0000, Test Accuracy: 1.0000, Energy: -570025.1875
Time taken:  0.5698113441467285
Test Loss: 0.0000, Test Accuracy: 0.9900, Energy: -721346.375
Time taken:  0.5673305988311768
Test Loss: 0.0000, Test Accuracy: 0.9733, Energy: -843135.0
Time taken:  0.5583996772766113
Test Loss: 0.0000, Test Accuracy: 0.9733, Energy: -953247.5
Time taken:  0.566615104675293
Test Loss: 0.0000, Test Accuracy: 0.9800, Energy: -1059364.875
Time taken:  0.5649504661560059
Test Loss: 0.0000, Test Accuracy: 0.9867, Energy: -1168256.75
Time taken:  0.5793414115905762
Test Loss: 0.0000, Test Accuracy: 0.9900, Energy: -1272379.625
Time taken:  0.5541737079620361
Test Loss: 0.0000, Test Accuracy: 0.9933, Energy: -1377231.25
Time taken:  0.5519611835479736
Test Loss: 0.0000, Test Accuracy: 0.9933, Energy: -1467461.25
Time taken:  0.5509450435638428
Test Loss: 0.0000, Test Accuracy: 0.9967, Energy: -1534335.375
Time taken:  0.547154426574707
Test Loss: 0.0000, Test Accuracy: 0.9967, Energy: -1595599.75
Time taken:  0.5522964000701904
Test Loss: 0.0000, Test Accuracy: 1.0000, Energy: -1650637.0
Time taken:  0.595311164855957
Test Loss: 0.0000, Test Accuracy: 1.0000, Energy: -1703262.375
Time taken:  0.5520830154418945
Test Loss: 0.0000, Test Accuracy: 1.0000, Energy: -1750387.25
Time taken:  0.5323300361633301
Test Loss: 0.0000, Test Accuracy: 1.0000, Energy: -1793382.875
Time taken:  0.5461068153381348
Test Loss: 0.0000, Test Accuracy: 1.0000, Energy: -1832385.25
Time taken:  0.5409092903137207
Test Loss: 0.0000, Test Accuracy: 1.0000, Energy: -1868218.75
Time taken:  0.5470008850097656
Test Loss: 0.0000, Test Accuracy: 1.0000, Energy: -1901672.75
Time taken:  0.6200871467590332
Test Loss: 0.0000, Test Accuracy: 1.0000, Energy: -1932465.5
Time taken:  0.5564842224121094
Test Loss: 0.0000, Test Accuracy: 1.0000, Energy: -1961109.0
Time taken:  0.5525920391082764
Test Loss: 0.0000, Test Accuracy: 1.0000, Energy: -1987634.125
Time taken:  0.5512490272521973
Test Loss: 0.0000, Test Accuracy: 1.0000, Energy: -2011777.375
Time taken:  0.5789833068847656
Test Loss: 0.0000, Test Accuracy: 1.0000, Energy: -2033479.125
Time taken:  0.5779428482055664
Test Loss: 0.0000, Test Accuracy: 1.0000, Energy: -2053137.0
Time taken:  0.5495622158050537
Test Loss: 0.0000, Test Accuracy: 1.0000, Energy: -2071672.75
Time taken:  0.5479323863983154
Test Loss: 0.0000, Test Accuracy: 0.9967, Energy: -2094227.25
Time taken:  0.5514380931854248
Test Loss: 0.0000, Test Accuracy: 0.9967, Energy: -2109499.0
Time taken:  0.5527067184448242
Test Loss: 0.0000, Test Accuracy: 0.9967, Energy: -2123697.75
Time taken:  0.5376839637756348
Test Loss: 0.0000, Test Accuracy: 0.9967, Energy: -2136607.75
Time taken:  0.5465507507324219
Test Loss: 0.0000, Test Accuracy: 0.9967, Energy: -2147622.5
Time taken:  0.5408227443695068
Test Loss: 0.0000, Test Accuracy: 0.9967, Energy: -2158272.5
Time taken:  0.5436773300170898
Test Loss: 0.0000, Test Accuracy: 0.9967, Energy: -2167992.5
Time taken:  0.5449931621551514
Test Loss: 0.0000, Test Accuracy: 0.9967, Energy: -2176887.25
Time taken:  0.5546166896820068
Test Loss: 0.0000, Test Accuracy: 0.9967, Energy: -2185414.0
Time taken:  0.5698449611663818
Test Loss: 0.0000, Test Accuracy: 0.9967, Energy: -2192557.25
Time taken:  0.54825758934021
Test Loss: 0.0000, Test Accuracy: 0.9967, Energy: -2198740.75
Time taken:  0.5663666725158691
Test Loss: 0.0000, Test Accuracy: 0.9967, Energy: -2204799.25
Time taken:  0.557955265045166
Test Loss: 0.0000, Test Accuracy: 0.9967, Energy: -2209983.75
Time taken:  0.5990982055664062
Test Loss: 0.0000, Test Accuracy: 0.9967, Energy: -2214844.0
Time taken:  0.5418727397918701
Test Loss: 0.0000, Test Accuracy: 0.9967, Energy: -2219206.0
Time taken:  0.5375316143035889
Test Loss: 0.0000, Test Accuracy: 0.9967, Energy: -2223150.0
Time taken:  0.5481767654418945
Test Loss: 0.0000, Test Accuracy: 0.9967, Energy: -2226859.75
Time taken:  0.5470354557037354
Test Loss: 0.0000, Test Accuracy: 0.9967, Energy: -2230308.0
Time taken:  0.5332694053649902
Test Loss: 0.0000, Test Accuracy: 0.9967, Energy: -2233286.0
Time taken:  0.5511856079101562
Test Loss: 0.0000, Test Accuracy: 0.9967, Energy: -2235907.75
Time taken:  0.5489623546600342
Test Loss: 0.0000, Test Accuracy: 0.9967, Energy: -2238200.0
Time taken:  0.5502557754516602
Test Loss: 0.0000, Test Accuracy: 0.9967, Energy: -2240521.0
Time taken:  0.5553548336029053
Test Loss: 0.0000, Test Accuracy: 0.9967, Energy: -2242478.5
Time taken:  0.5443010330200195
Test Loss: 0.0000, Test Accuracy: 0.9967, Energy: -2244322.0
Time taken:  0.5637354850769043
Test Loss: 0.0000, Test Accuracy: 0.9967, Energy: -2246086.25
Time taken:  0.5621151924133301
Test Loss: 0.0000, Test Accuracy: 0.9967, Energy: -2247624.25
Time taken:  0.5587923526763916
Test Loss: 0.0000, Test Accuracy: 0.9967, Energy: -2249091.5
Time taken:  0.5788156986236572
Test Loss: 0.0000, Test Accuracy: 0.9967, Energy: -2250449.0
Time taken:  0.55967116355896
Test Loss: 0.0000, Test Accuracy: 0.9967, Energy: -2251562.25
Time taken:  0.548853874206543
Test Loss: 0.0000, Test Accuracy: 0.9967, Energy: -2252726.5
Time taken:  0.557797908782959
Test Loss: 0.0000, Test Accuracy: 0.9967, Energy: -2253858.0
Time taken:  0.5599360466003418
Test Loss: 0.0000, Test Accuracy: 0.9967, Energy: -2254712.0
Time taken:  0.5447580814361572
Test Loss: 0.0000, Test Accuracy: 0.9967, Energy: -2255530.0
Time taken:  0.5354807376861572
Test Loss: 0.0000, Test Accuracy: 0.9967, Energy: -2256265.0
Time taken:  0.5828006267547607
Test Loss: 0.0000, Test Accuracy: 0.9967, Energy: -2256931.0
Time taken:  0.554790735244751
Test Loss: 0.0000, Test Accuracy: 0.9967, Energy: -2257417.25
Time taken:  0.5441396236419678
Test Loss: 0.0000, Test Accuracy: 0.9967, Energy: -2257916.75
Time taken:  0.6082265377044678
Test Loss: 0.0000, Test Accuracy: 0.9967, Energy: -2258394.5
Time taken:  0.5648312568664551
Test Loss: 0.0000, Test Accuracy: 0.9967, Energy: -2258761.25
Time taken:  0.5611221790313721
Test Loss: 0.0000, Test Accuracy: 0.9967, Energy: -2259139.0
Time taken:  0.5555894374847412
Test Loss: 0.0000, Test Accuracy: 0.9967, Energy: -2259483.0
Time taken:  0.5359065532684326
Test Loss: 0.0000, Test Accuracy: 0.9967, Energy: -2259795.0
Time taken:  0.5478315353393555
Test Loss: 0.0000, Test Accuracy: 0.9967, Energy: -2260175.75
Time taken:  0.5438930988311768
Test Loss: 0.0000, Test Accuracy: 0.9967, Energy: -2260437.5
Time taken:  0.5461306571960449
Test Loss: 0.0000, Test Accuracy: 0.9967, Energy: -2260680.0
Time taken:  0.545468807220459
Test Loss: 0.0000, Test Accuracy: 0.9967, Energy: -2260960.5
Time taken:  0.5910205841064453
Test Loss: 0.0000, Test Accuracy: 0.9967, Energy: -2261170.0
Time taken:  0.5609121322631836
Test Loss: 0.0000, Test Accuracy: 0.9967, Energy: -2261318.75
Time taken:  0.5411715507507324
Test Loss: 0.0000, Test Accuracy: 0.9967, Energy: -2261575.5
Time taken:  0.5534043312072754
Test Loss: 0.0000, Test Accuracy: 0.9967, Energy: -2261742.5
Time taken:  0.5442306995391846
Test Loss: 0.0000, Test Accuracy: 0.9967, Energy: -2261861.25
Time taken:  0.6535875797271729
Test Loss: 0.0000, Test Accuracy: 0.9967, Energy: -2261992.0
Time taken:  0.5589234828948975
Test Loss: 0.0000, Test Accuracy: 0.9967, Energy: -2262072.75
Time taken:  0.5331528186798096
Test Loss: 0.0000, Test Accuracy: 0.9967, Energy: -2262161.25
Time taken:  0.5431466102600098
Test Loss: 0.0000, Test Accuracy: 0.9967, Energy: -2262242.0
Time taken:  0.5477650165557861
Test Loss: 0.0000, Test Accuracy: 0.9967, Energy: -2262335.5
Time taken:  0.5974628925323486
Test Loss: 0.0000, Test Accuracy: 0.9967, Energy: -2262398.75
Time taken:  0.5400495529174805
Test Loss: 0.0000, Test Accuracy: 0.9967, Energy: -2262473.75
Time taken:  0.5526392459869385
Test Loss: 0.0000, Test Accuracy: 0.9967, Energy: -2262526.75
Time taken:  0.5376856327056885
Test Loss: 0.0000, Test Accuracy: 0.9967, Energy: -2262547.25
Time taken:  0.5403292179107666
Test Loss: 0.0000, Test Accuracy: 0.9967, Energy: -2262603.5
Time taken:  0.5438458919525146
Test Loss: 0.0000, Test Accuracy: 0.9967, Energy: -2262655.5
Time taken:  0.5449864864349365
Test Loss: 0.0000, Test Accuracy: 0.9967, Energy: -2262724.5
Time taken:  0.5357856750488281
Test Loss: 0.0000, Test Accuracy: 0.9967, Energy: -2262760.5
Time taken:  0.5231471061706543
Test Loss: 0.0000, Test Accuracy: 0.9967, Energy: -2262792.5
Time taken:  0.5401206016540527
Test Loss: 0.0000, Test Accuracy: 0.9967, Energy: -2262828.25
Time taken:  0.599442720413208
Test Loss: 0.0000, Test Accuracy: 0.9967, Energy: -2262844.75
Time taken:  0.5431017875671387
Test Loss: 0.0000, Test Accuracy: 0.9967, Energy: -2262863.5
Time taken:  0.5426864624023438
Test Loss: 0.0000, Test Accuracy: 0.9967, Energy: -2262882.25
Time taken:  0.5350906848907471
Test Loss: 0.0000, Test Accuracy: 0.9967, Energy: -2262914.5
Time taken:  0.5213828086853027
Test Loss: 0.0000, Test Accuracy: 0.9967, Energy: -2262929.5
Time taken:  0.523287296295166
Final accuracies: [0.5, 0.52, 0.5, 0.9666666666666667, 1.0, 0.99, 0.9733333333333334, 0.9733333333333334, 0.98, 0.9866666666666667, 0.99, 0.9933333333333333, 0.9933333333333333, 0.9966666666666667, 0.9966666666666667, 1.0, 1.0, 1.0, 1.0, 1.0, 1.0, 1.0, 1.0, 1.0, 1.0, 1.0, 1.0, 1.0, 1.0, 0.9966666666666667, 0.9966666666666667, 0.9966666666666667, 0.9966666666666667, 0.9966666666666667, 0.9966666666666667, 0.9966666666666667, 0.9966666666666667, 0.9966666666666667, 0.9966666666666667, 0.9966666666666667, 0.9966666666666667, 0.9966666666666667, 0.9966666666666667, 0.9966666666666667, 0.9966666666666667, 0.9966666666666667, 0.9966666666666667, 0.9966666666666667, 0.9966666666666667, 0.9966666666666667, 0.9966666666666667, 0.9966666666666667, 0.9966666666666667, 0.9966666666666667, 0.9966666666666667, 0.9966666666666667, 0.9966666666666667, 0.9966666666666667, 0.9966666666666667, 0.9966666666666667, 0.9966666666666667, 0.9966666666666667, 0.9966666666666667, 0.9966666666666667, 0.9966666666666667, 0.9966666666666667, 0.9966666666666667, 0.9966666666666667, 0.9966666666666667, 0.9966666666666667, 0.9966666666666667, 0.9966666666666667, 0.9966666666666667, 0.9966666666666667, 0.9966666666666667, 0.9966666666666667, 0.9966666666666667, 0.9966666666666667, 0.9966666666666667, 0.9966666666666667, 0.9966666666666667, 0.9966666666666667, 0.9966666666666667, 0.9966666666666667, 0.9966666666666667, 0.9966666666666667, 0.9966666666666667, 0.9966666666666667, 0.9966666666666667, 0.9966666666666667, 0.9966666666666667, 0.9966666666666667, 0.9966666666666667, 0.9966666666666667, 0.9966666666666667, 0.9966666666666667, 0.9966666666666667, 0.9966666666666667, 0.9966666666666667, 0.9966666666666667]
Final energies: [-56745.015625, -506680.1875, -525830.0, -430474.6875, -570025.1875, -721346.375, -843135.0, -953247.5, -1059364.875, -1168256.75, -1272379.625, -1377231.25, -1467461.25, -1534335.375, -1595599.75, -1650637.0, -1703262.375, -1750387.25, -1793382.875, -1832385.25, -1868218.75, -1901672.75, -1932465.5, -1961109.0, -1987634.125, -2011777.375, -2033479.125, -2053137.0, -2071672.75, -2094227.25, -2109499.0, -2123697.75, -2136607.75, -2147622.5, -2158272.5, -2167992.5, -2176887.25, -2185414.0, -2192557.25, -2198740.75, -2204799.25, -2209983.75, -2214844.0, -2219206.0, -2223150.0, -2226859.75, -2230308.0, -2233286.0, -2235907.75, -2238200.0, -2240521.0, -2242478.5, -2244322.0, -2246086.25, -2247624.25, -2249091.5, -2250449.0, -2251562.25, -2252726.5, -2253858.0, -2254712.0, -2255530.0, -2256265.0, -2256931.0, -2257417.25, -2257916.75, -2258394.5, -2258761.25, -2259139.0, -2259483.0, -2259795.0, -2260175.75, -2260437.5, -2260680.0, -2260960.5, -2261170.0, -2261318.75, -2261575.5, -2261742.5, -2261861.25, -2261992.0, -2262072.75, -2262161.25, -2262242.0, -2262335.5, -2262398.75, -2262473.75, -2262526.75, -2262547.25, -2262603.5, -2262655.5, -2262724.5, -2262760.5, -2262792.5, -2262828.25, -2262844.75, -2262863.5, -2262882.25, -2262914.5, -2262929.5]
