Running with parameters: hidden=100, use_coupled=false, seed=55, lam=0.0, eta=0.0, batch=100
Test Loss: 0.0000, Test Accuracy: 0.7367, Energy: -233346.4375
Time taken:  0.6574676036834717
Test Loss: 0.0000, Test Accuracy: 0.9333, Energy: -246260.125
Time taken:  0.6328144073486328
Test Loss: 0.0000, Test Accuracy: 0.9600, Energy: -516865.9375
Time taken:  0.5215034484863281
Test Loss: 0.0000, Test Accuracy: 1.0000, Energy: -645119.0
Time taken:  0.4936661720275879
Test Loss: 0.0000, Test Accuracy: 1.0000, Energy: -782284.375
Time taken:  0.5161252021789551
Test Loss: 0.0000, Test Accuracy: 0.9967, Energy: -910285.1875
Time taken:  0.5167896747589111
Test Loss: 0.0000, Test Accuracy: 0.9867, Energy: -1022599.6875
Time taken:  0.5126502513885498
Test Loss: 0.0000, Test Accuracy: 0.9733, Energy: -1122094.0
Time taken:  0.5245170593261719
Test Loss: 0.0000, Test Accuracy: 0.9567, Energy: -1208827.75
Time taken:  0.5190317630767822
Test Loss: 0.0000, Test Accuracy: 0.9500, Energy: -1290882.625
Time taken:  0.5414159297943115
Test Loss: 0.0000, Test Accuracy: 0.9433, Energy: -1367907.0
Time taken:  0.5057129859924316
Test Loss: 0.0000, Test Accuracy: 0.9367, Energy: -1438582.625
Time taken:  0.5124189853668213
Test Loss: 0.0000, Test Accuracy: 0.9367, Energy: -1502699.75
Time taken:  0.5348455905914307
Test Loss: 0.0000, Test Accuracy: 0.9333, Energy: -1560139.875
Time taken:  0.5469152927398682
Test Loss: 0.0000, Test Accuracy: 0.9300, Energy: -1610174.25
Time taken:  0.5323183536529541
Test Loss: 0.0000, Test Accuracy: 0.9333, Energy: -1659405.25
Time taken:  0.5205790996551514
Test Loss: 0.0000, Test Accuracy: 0.9300, Energy: -1703115.5
Time taken:  0.5323832035064697
Test Loss: 0.0000, Test Accuracy: 0.9333, Energy: -1743396.5
Time taken:  0.5314009189605713
Test Loss: 0.0000, Test Accuracy: 0.9267, Energy: -1779723.75
Time taken:  0.5391290187835693
Test Loss: 0.0000, Test Accuracy: 0.9233, Energy: -1814735.5
Time taken:  0.5401108264923096
Test Loss: 0.0000, Test Accuracy: 0.9200, Energy: -1845933.75
Time taken:  0.5333037376403809
Test Loss: 0.0000, Test Accuracy: 0.9233, Energy: -1875217.75
Time taken:  0.5321407318115234
Test Loss: 0.0000, Test Accuracy: 0.9200, Energy: -1899914.5
Time taken:  0.5490272045135498
Test Loss: 0.0000, Test Accuracy: 0.9167, Energy: -1922748.0
Time taken:  0.5370125770568848
Test Loss: 0.0000, Test Accuracy: 0.9200, Energy: -1944172.0
Time taken:  0.5405313968658447
Test Loss: 0.0000, Test Accuracy: 0.9200, Energy: -1963768.125
Time taken:  0.5341155529022217
Test Loss: 0.0000, Test Accuracy: 0.9200, Energy: -1981520.5
Time taken:  0.5073740482330322
Test Loss: 0.0000, Test Accuracy: 0.9200, Energy: -1997096.25
Time taken:  0.5373694896697998
Test Loss: 0.0000, Test Accuracy: 0.9200, Energy: -2011336.25
Time taken:  0.539766788482666
Test Loss: 0.0000, Test Accuracy: 0.9200, Energy: -2024537.25
Time taken:  0.5278136730194092
Test Loss: 0.0000, Test Accuracy: 0.9200, Energy: -2036089.5
Time taken:  0.5337939262390137
Test Loss: 0.0000, Test Accuracy: 0.9200, Energy: -2046851.25
Time taken:  0.5340878963470459
Test Loss: 0.0000, Test Accuracy: 0.9200, Energy: -2056525.25
Time taken:  0.5270631313323975
Test Loss: 0.0000, Test Accuracy: 0.9200, Energy: -2065173.25
Time taken:  0.544386625289917
Test Loss: 0.0000, Test Accuracy: 0.9200, Energy: -2072934.5
Time taken:  0.5321826934814453
Test Loss: 0.0000, Test Accuracy: 0.9200, Energy: -2080051.0
Time taken:  0.531437873840332
Test Loss: 0.0000, Test Accuracy: 0.9200, Energy: -2086619.5
Time taken:  0.5203659534454346
Test Loss: 0.0000, Test Accuracy: 0.9200, Energy: -2092642.875
Time taken:  0.5297729969024658
Test Loss: 0.0000, Test Accuracy: 0.9200, Energy: -2097740.0
Time taken:  0.5297892093658447
Test Loss: 0.0000, Test Accuracy: 0.9200, Energy: -2103508.75
Time taken:  0.5436530113220215
Test Loss: 0.0000, Test Accuracy: 0.9200, Energy: -2107876.0
Time taken:  0.5485808849334717
Test Loss: 0.0000, Test Accuracy: 0.9200, Energy: -2112009.0
Time taken:  0.547351598739624
Test Loss: 0.0000, Test Accuracy: 0.9200, Energy: -2115884.5
Time taken:  0.5346348285675049
Test Loss: 0.0000, Test Accuracy: 0.9200, Energy: -2119301.5
Time taken:  0.5668375492095947
Test Loss: 0.0000, Test Accuracy: 0.9200, Energy: -2122325.25
Time taken:  0.5287196636199951
Test Loss: 0.0000, Test Accuracy: 0.9200, Energy: -2125401.0
Time taken:  0.5312495231628418
Test Loss: 0.0000, Test Accuracy: 0.9200, Energy: -2128314.25
Time taken:  0.5303058624267578
Test Loss: 0.0000, Test Accuracy: 0.9200, Energy: -2130765.0
Time taken:  0.5252940654754639
Test Loss: 0.0000, Test Accuracy: 0.9200, Energy: -2132877.5
Time taken:  0.5652990341186523
Test Loss: 0.0000, Test Accuracy: 0.9200, Energy: -2134785.5
Time taken:  0.5312387943267822
Test Loss: 0.0000, Test Accuracy: 0.9200, Energy: -2136678.0
Time taken:  0.5397183895111084
Test Loss: 0.0000, Test Accuracy: 0.9200, Energy: -2138577.0
Time taken:  0.5232651233673096
Test Loss: 0.0000, Test Accuracy: 0.9200, Energy: -2140365.0
Time taken:  0.5260252952575684
Test Loss: 0.0000, Test Accuracy: 0.9200, Energy: -2142047.5
Time taken:  0.5230083465576172
Test Loss: 0.0000, Test Accuracy: 0.9200, Energy: -2143460.25
Time taken:  0.5114395618438721
Test Loss: 0.0000, Test Accuracy: 0.9200, Energy: -2144861.0
Time taken:  0.4961283206939697
Test Loss: 0.0000, Test Accuracy: 0.9200, Energy: -2146103.75
Time taken:  0.5021235942840576
Test Loss: 0.0000, Test Accuracy: 0.9200, Energy: -2147405.75
Time taken:  0.6078031063079834
Test Loss: 0.0000, Test Accuracy: 0.9200, Energy: -2148293.75
Time taken:  0.5132796764373779
Test Loss: 0.0000, Test Accuracy: 0.9200, Energy: -2149148.5
Time taken:  0.5512990951538086
Test Loss: 0.0000, Test Accuracy: 0.9200, Energy: -2150022.5
Time taken:  0.5126786231994629
Test Loss: 0.0000, Test Accuracy: 0.9200, Energy: -2150827.75
Time taken:  0.5002038478851318
Test Loss: 0.0000, Test Accuracy: 0.9200, Energy: -2151608.5
Time taken:  0.5368771553039551
Test Loss: 0.0000, Test Accuracy: 0.9200, Energy: -2152189.75
Time taken:  0.49749088287353516
Test Loss: 0.0000, Test Accuracy: 0.9200, Energy: -2152683.0
Time taken:  0.49312806129455566
Test Loss: 0.0000, Test Accuracy: 0.9200, Energy: -2153327.0
Time taken:  0.5020802021026611
Test Loss: 0.0000, Test Accuracy: 0.9200, Energy: -2153384.25
Time taken:  0.5511949062347412
Test Loss: 0.0000, Test Accuracy: 0.9200, Energy: -2153941.75
Time taken:  0.5664176940917969
Test Loss: 0.0000, Test Accuracy: 0.9200, Energy: -2154425.75
Time taken:  0.5267391204833984
Test Loss: 0.0000, Test Accuracy: 0.9200, Energy: -2154954.5
Time taken:  0.5314047336578369
Test Loss: 0.0000, Test Accuracy: 0.9200, Energy: -2155335.5
Time taken:  0.5265374183654785
Test Loss: 0.0000, Test Accuracy: 0.9200, Energy: -2155731.0
Time taken:  0.5115921497344971
Test Loss: 0.0000, Test Accuracy: 0.9200, Energy: -2156086.5
Time taken:  0.5122098922729492
Test Loss: 0.0000, Test Accuracy: 0.9200, Energy: -2156463.5
Time taken:  0.5332233905792236
Test Loss: 0.0000, Test Accuracy: 0.9200, Energy: -2156761.5
Time taken:  0.5904881954193115
Test Loss: 0.0000, Test Accuracy: 0.9200, Energy: -2157089.25
Time taken:  0.5686869621276855
Test Loss: 0.0000, Test Accuracy: 0.9200, Energy: -2157380.75
Time taken:  0.5386278629302979
Test Loss: 0.0000, Test Accuracy: 0.9200, Energy: -2157633.5
Time taken:  0.5464892387390137
Test Loss: 0.0000, Test Accuracy: 0.9200, Energy: -2157898.25
Time taken:  0.5284621715545654
Test Loss: 0.0000, Test Accuracy: 0.9200, Energy: -2158108.5
Time taken:  0.5602078437805176
Test Loss: 0.0000, Test Accuracy: 0.9200, Energy: -2158195.0
Time taken:  0.5325469970703125
Test Loss: 0.0000, Test Accuracy: 0.9200, Energy: -2158399.5
Time taken:  0.5422871112823486
Test Loss: 0.0000, Test Accuracy: 0.9200, Energy: -2158574.0
Time taken:  0.5231282711029053
Test Loss: 0.0000, Test Accuracy: 0.9200, Energy: -2158778.75
Time taken:  0.5149490833282471
Test Loss: 0.0000, Test Accuracy: 0.9200, Energy: -2159010.5
Time taken:  0.5247282981872559
Test Loss: 0.0000, Test Accuracy: 0.9200, Energy: -2159202.25
Time taken:  0.5350525379180908
Test Loss: 0.0000, Test Accuracy: 0.9200, Energy: -2159420.0
Time taken:  0.5363860130310059
Test Loss: 0.0000, Test Accuracy: 0.9200, Energy: -2159560.25
Time taken:  0.5363035202026367
Test Loss: 0.0000, Test Accuracy: 0.9200, Energy: -2159782.0
Time taken:  0.5447614192962646
Test Loss: 0.0000, Test Accuracy: 0.9200, Energy: -2159885.0
Time taken:  0.522637128829956
Test Loss: 0.0000, Test Accuracy: 0.9200, Energy: -2160034.0
Time taken:  0.622873067855835
Test Loss: 0.0000, Test Accuracy: 0.9200, Energy: -2160178.75
Time taken:  0.5399153232574463
Test Loss: 0.0000, Test Accuracy: 0.9200, Energy: -2160336.5
Time taken:  0.5389277935028076
Test Loss: 0.0000, Test Accuracy: 0.9200, Energy: -2160448.0
Time taken:  0.5315146446228027
Test Loss: 0.0000, Test Accuracy: 0.9200, Energy: -2160526.75
Time taken:  0.529240608215332
Test Loss: 0.0000, Test Accuracy: 0.9200, Energy: -2160684.0
Time taken:  0.5480985641479492
Test Loss: 0.0000, Test Accuracy: 0.9200, Energy: -2160817.75
Time taken:  0.5270857810974121
Test Loss: 0.0000, Test Accuracy: 0.9200, Energy: -2160946.0
Time taken:  0.5331618785858154
Test Loss: 0.0000, Test Accuracy: 0.9200, Energy: -2161062.0
Time taken:  0.5340113639831543
Test Loss: 0.0000, Test Accuracy: 0.9200, Energy: -2161230.75
Time taken:  0.5173468589782715
Final accuracies: [0.7366666666666667, 0.9333333333333333, 0.96, 1.0, 1.0, 0.9966666666666667, 0.9866666666666667, 0.9733333333333334, 0.9566666666666667, 0.95, 0.9433333333333334, 0.9366666666666666, 0.9366666666666666, 0.9333333333333333, 0.93, 0.9333333333333333, 0.93, 0.9333333333333333, 0.9266666666666666, 0.9233333333333333, 0.92, 0.9233333333333333, 0.92, 0.9166666666666666, 0.92, 0.92, 0.92, 0.92, 0.92, 0.92, 0.92, 0.92, 0.92, 0.92, 0.92, 0.92, 0.92, 0.92, 0.92, 0.92, 0.92, 0.92, 0.92, 0.92, 0.92, 0.92, 0.92, 0.92, 0.92, 0.92, 0.92, 0.92, 0.92, 0.92, 0.92, 0.92, 0.92, 0.92, 0.92, 0.92, 0.92, 0.92, 0.92, 0.92, 0.92, 0.92, 0.92, 0.92, 0.92, 0.92, 0.92, 0.92, 0.92, 0.92, 0.92, 0.92, 0.92, 0.92, 0.92, 0.92, 0.92, 0.92, 0.92, 0.92, 0.92, 0.92, 0.92, 0.92, 0.92, 0.92, 0.92, 0.92, 0.92, 0.92, 0.92, 0.92, 0.92, 0.92, 0.92, 0.92]
Final energies: [-233346.4375, -246260.125, -516865.9375, -645119.0, -782284.375, -910285.1875, -1022599.6875, -1122094.0, -1208827.75, -1290882.625, -1367907.0, -1438582.625, -1502699.75, -1560139.875, -1610174.25, -1659405.25, -1703115.5, -1743396.5, -1779723.75, -1814735.5, -1845933.75, -1875217.75, -1899914.5, -1922748.0, -1944172.0, -1963768.125, -1981520.5, -1997096.25, -2011336.25, -2024537.25, -2036089.5, -2046851.25, -2056525.25, -2065173.25, -2072934.5, -2080051.0, -2086619.5, -2092642.875, -2097740.0, -2103508.75, -2107876.0, -2112009.0, -2115884.5, -2119301.5, -2122325.25, -2125401.0, -2128314.25, -2130765.0, -2132877.5, -2134785.5, -2136678.0, -2138577.0, -2140365.0, -2142047.5, -2143460.25, -2144861.0, -2146103.75, -2147405.75, -2148293.75, -2149148.5, -2150022.5, -2150827.75, -2151608.5, -2152189.75, -2152683.0, -2153327.0, -2153384.25, -2153941.75, -2154425.75, -2154954.5, -2155335.5, -2155731.0, -2156086.5, -2156463.5, -2156761.5, -2157089.25, -2157380.75, -2157633.5, -2157898.25, -2158108.5, -2158195.0, -2158399.5, -2158574.0, -2158778.75, -2159010.5, -2159202.25, -2159420.0, -2159560.25, -2159782.0, -2159885.0, -2160034.0, -2160178.75, -2160336.5, -2160448.0, -2160526.75, -2160684.0, -2160817.75, -2160946.0, -2161062.0, -2161230.75]
