Running with parameters: hidden=100, use_coupled=false, seed=97, lam=0.0, eta=0.0, batch=100
Test Loss: 0.0000, Test Accuracy: 0.9000, Energy: -61109.34765625
Time taken:  0.6084678173065186
Test Loss: 0.0000, Test Accuracy: 0.9933, Energy: -657518.0
Time taken:  0.5756945610046387
Test Loss: 0.0000, Test Accuracy: 0.9900, Energy: -1005813.25
Time taken:  0.4406745433807373
Test Loss: 0.0000, Test Accuracy: 0.9867, Energy: -1282220.25
Time taken:  0.4336588382720947
Test Loss: 0.0000, Test Accuracy: 0.9800, Energy: -1508721.75
Time taken:  0.4530014991760254
Test Loss: 0.0000, Test Accuracy: 0.9767, Energy: -1699477.125
Time taken:  0.4435689449310303
Test Loss: 0.0000, Test Accuracy: 0.9733, Energy: -1868909.5
Time taken:  0.5207278728485107
Test Loss: 0.0000, Test Accuracy: 0.9933, Energy: -2055934.75
Time taken:  0.5136048793792725
Test Loss: 0.0000, Test Accuracy: 1.0000, Energy: -2208910.0
Time taken:  0.5507798194885254
Test Loss: 0.0000, Test Accuracy: 1.0000, Energy: -2329138.0
Time taken:  0.5547411441802979
Test Loss: 0.0000, Test Accuracy: 0.9933, Energy: -2429316.5
Time taken:  0.5484657287597656
Test Loss: 0.0000, Test Accuracy: 0.9900, Energy: -2516115.5
Time taken:  0.5573008060455322
Test Loss: 0.0000, Test Accuracy: 0.9967, Energy: -2616451.0
Time taken:  0.5653398036956787
Test Loss: 0.0000, Test Accuracy: 0.9933, Energy: -2673053.5
Time taken:  0.5629408359527588
Test Loss: 0.0000, Test Accuracy: 0.9867, Energy: -2706368.25
Time taken:  0.5601658821105957
Test Loss: 0.0000, Test Accuracy: 0.9833, Energy: -2746430.5
Time taken:  0.5538880825042725
Test Loss: 0.0000, Test Accuracy: 0.9767, Energy: -2778081.0
Time taken:  0.5622348785400391
Test Loss: 0.0000, Test Accuracy: 0.9700, Energy: -2808811.5
Time taken:  0.5703468322753906
Test Loss: 0.0000, Test Accuracy: 0.9700, Energy: -2845714.75
Time taken:  0.5627915859222412
Test Loss: 0.0000, Test Accuracy: 0.9700, Energy: -2880784.75
Time taken:  0.5519301891326904
Test Loss: 0.0000, Test Accuracy: 0.9633, Energy: -2903251.0
Time taken:  0.5549936294555664
Test Loss: 0.0000, Test Accuracy: 0.9600, Energy: -2931429.75
Time taken:  0.5578591823577881
Test Loss: 0.0000, Test Accuracy: 0.9600, Energy: -2960779.75
Time taken:  0.5947668552398682
Test Loss: 0.0000, Test Accuracy: 0.9600, Energy: -2986749.5
Time taken:  0.5542404651641846
Test Loss: 0.0000, Test Accuracy: 0.9600, Energy: -3010092.5
Time taken:  0.6109936237335205
Test Loss: 0.0000, Test Accuracy: 0.9600, Energy: -3031813.5
Time taken:  0.5645599365234375
Test Loss: 0.0000, Test Accuracy: 0.9600, Energy: -3039617.0
Time taken:  0.5447142124176025
Test Loss: 0.0000, Test Accuracy: 0.9600, Energy: -3047484.0
Time taken:  0.6121981143951416
Test Loss: 0.0000, Test Accuracy: 0.9600, Energy: -3056445.75
Time taken:  0.5713367462158203
Test Loss: 0.0000, Test Accuracy: 0.9600, Energy: -3070386.75
Time taken:  0.5559003353118896
Test Loss: 0.0000, Test Accuracy: 0.9633, Energy: -3090403.5
Time taken:  0.5500819683074951
Test Loss: 0.0000, Test Accuracy: 0.9633, Energy: -3109019.0
Time taken:  0.5602548122406006
Test Loss: 0.0000, Test Accuracy: 0.9633, Energy: -3125088.25
Time taken:  0.5660786628723145
Test Loss: 0.0000, Test Accuracy: 0.9667, Energy: -3143239.0
Time taken:  0.5427289009094238
Test Loss: 0.0000, Test Accuracy: 0.9667, Energy: -3157866.25
Time taken:  0.6263055801391602
Test Loss: 0.0000, Test Accuracy: 0.9667, Energy: -3169230.0
Time taken:  0.5689592361450195
Test Loss: 0.0000, Test Accuracy: 0.9667, Energy: -3179042.5
Time taken:  0.5487463474273682
Test Loss: 0.0000, Test Accuracy: 0.9667, Energy: -3189344.5
Time taken:  0.5675790309906006
Test Loss: 0.0000, Test Accuracy: 0.9667, Energy: -3206262.0
Time taken:  0.5561902523040771
Test Loss: 0.0000, Test Accuracy: 0.9667, Energy: -3231922.25
Time taken:  0.5591080188751221
Test Loss: 0.0000, Test Accuracy: 0.9667, Energy: -3257374.75
Time taken:  0.5533835887908936
Test Loss: 0.0000, Test Accuracy: 0.9667, Energy: -3270082.0
Time taken:  0.5802206993103027
Test Loss: 0.0000, Test Accuracy: 0.9667, Energy: -3279156.0
Time taken:  0.5597171783447266
Test Loss: 0.0000, Test Accuracy: 0.9667, Energy: -3286679.25
Time taken:  0.551826000213623
Test Loss: 0.0000, Test Accuracy: 0.9667, Energy: -3293336.5
Time taken:  0.6022014617919922
Test Loss: 0.0000, Test Accuracy: 0.9667, Energy: -3299176.0
Time taken:  0.5605983734130859
Test Loss: 0.0000, Test Accuracy: 0.9667, Energy: -3304462.5
Time taken:  0.5538718700408936
Test Loss: 0.0000, Test Accuracy: 0.9667, Energy: -3309096.75
Time taken:  0.5798025131225586
Test Loss: 0.0000, Test Accuracy: 0.9667, Energy: -3313328.5
Time taken:  0.5672633647918701
Test Loss: 0.0000, Test Accuracy: 0.9667, Energy: -3317206.75
Time taken:  0.5657749176025391
Test Loss: 0.0000, Test Accuracy: 0.9667, Energy: -3320727.25
Time taken:  0.5601389408111572
Test Loss: 0.0000, Test Accuracy: 0.9667, Energy: -3323691.0
Time taken:  0.5577940940856934
Test Loss: 0.0000, Test Accuracy: 0.9667, Energy: -3326616.5
Time taken:  0.5610413551330566
Test Loss: 0.0000, Test Accuracy: 0.9667, Energy: -3329264.5
Time taken:  0.5537998676300049
Test Loss: 0.0000, Test Accuracy: 0.9667, Energy: -3331502.0
Time taken:  0.5572760105133057
Test Loss: 0.0000, Test Accuracy: 0.9667, Energy: -3333491.0
Time taken:  0.5602598190307617
Test Loss: 0.0000, Test Accuracy: 0.9667, Energy: -3335370.5
Time taken:  0.5562453269958496
Test Loss: 0.0000, Test Accuracy: 0.9667, Energy: -3336910.25
Time taken:  0.5462455749511719
Test Loss: 0.0000, Test Accuracy: 0.9667, Energy: -3338381.5
Time taken:  0.559192419052124
Test Loss: 0.0000, Test Accuracy: 0.9667, Energy: -3339836.0
Time taken:  0.5581564903259277
Test Loss: 0.0000, Test Accuracy: 0.9667, Energy: -3340961.5
Time taken:  0.5486729145050049
Test Loss: 0.0000, Test Accuracy: 0.9667, Energy: -3342045.5
Time taken:  0.557234525680542
Test Loss: 0.0000, Test Accuracy: 0.9667, Energy: -3343016.5
Time taken:  0.5610592365264893
Test Loss: 0.0000, Test Accuracy: 0.9667, Energy: -3344006.75
Time taken:  0.5427391529083252
Test Loss: 0.0000, Test Accuracy: 0.9667, Energy: -3344810.5
Time taken:  0.5590112209320068
Test Loss: 0.0000, Test Accuracy: 0.9667, Energy: -3345606.5
Time taken:  0.5754764080047607
Test Loss: 0.0000, Test Accuracy: 0.9667, Energy: -3346313.5
Time taken:  0.5554831027984619
Test Loss: 0.0000, Test Accuracy: 0.9667, Energy: -3347113.0
Time taken:  0.5424199104309082
Test Loss: 0.0000, Test Accuracy: 0.9667, Energy: -3347664.5
Time taken:  0.561457633972168
Test Loss: 0.0000, Test Accuracy: 0.9667, Energy: -3348106.75
Time taken:  0.5546417236328125
Test Loss: 0.0000, Test Accuracy: 0.9667, Energy: -3348641.0
Time taken:  0.5585236549377441
Test Loss: 0.0000, Test Accuracy: 0.9667, Energy: -3349034.0
Time taken:  0.5576834678649902
Test Loss: 0.0000, Test Accuracy: 0.9667, Energy: -3349403.0
Time taken:  0.5532517433166504
Test Loss: 0.0000, Test Accuracy: 0.9667, Energy: -3349708.5
Time taken:  0.5706377029418945
Test Loss: 0.0000, Test Accuracy: 0.9667, Energy: -3350060.0
Time taken:  0.5938777923583984
Test Loss: 0.0000, Test Accuracy: 0.9667, Energy: -3350297.5
Time taken:  0.5665721893310547
Test Loss: 0.0000, Test Accuracy: 0.9667, Energy: -3350536.25
Time taken:  0.6057479381561279
Test Loss: 0.0000, Test Accuracy: 0.9667, Energy: -3350822.0
Time taken:  0.5615296363830566
Test Loss: 0.0000, Test Accuracy: 0.9667, Energy: -3351044.5
Time taken:  0.5587658882141113
Test Loss: 0.0000, Test Accuracy: 0.9667, Energy: -3351238.75
Time taken:  0.5594220161437988
Test Loss: 0.0000, Test Accuracy: 0.9667, Energy: -3351418.5
Time taken:  0.5628352165222168
Test Loss: 0.0000, Test Accuracy: 0.9667, Energy: -3351665.0
Time taken:  0.5563044548034668
Test Loss: 0.0000, Test Accuracy: 0.9667, Energy: -3351871.0
Time taken:  0.559380292892456
Test Loss: 0.0000, Test Accuracy: 0.9667, Energy: -3351981.0
Time taken:  0.5821900367736816
Test Loss: 0.0000, Test Accuracy: 0.9667, Energy: -3352081.5
Time taken:  0.5958595275878906
Test Loss: 0.0000, Test Accuracy: 0.9667, Energy: -3352182.5
Time taken:  0.5636529922485352
Test Loss: 0.0000, Test Accuracy: 0.9667, Energy: -3352294.5
Time taken:  0.5707356929779053
Test Loss: 0.0000, Test Accuracy: 0.9667, Energy: -3352379.0
Time taken:  0.553246021270752
Test Loss: 0.0000, Test Accuracy: 0.9667, Energy: -3352459.75
Time taken:  0.55914306640625
Test Loss: 0.0000, Test Accuracy: 0.9667, Energy: -3352521.0
Time taken:  0.5579228401184082
Test Loss: 0.0000, Test Accuracy: 0.9667, Energy: -3352561.5
Time taken:  0.5822703838348389
Test Loss: 0.0000, Test Accuracy: 0.9667, Energy: -3352615.0
Time taken:  0.5497438907623291
Test Loss: 0.0000, Test Accuracy: 0.9667, Energy: -3352655.0
Time taken:  0.555908203125
Test Loss: 0.0000, Test Accuracy: 0.9667, Energy: -3352700.5
Time taken:  0.5565335750579834
Test Loss: 0.0000, Test Accuracy: 0.9667, Energy: -3352753.0
Time taken:  0.5870602130889893
Test Loss: 0.0000, Test Accuracy: 0.9667, Energy: -3352791.5
Time taken:  0.5497369766235352
Test Loss: 0.0000, Test Accuracy: 0.9667, Energy: -3352814.5
Time taken:  0.5596785545349121
Test Loss: 0.0000, Test Accuracy: 0.9667, Energy: -3352854.0
Time taken:  0.5572187900543213
Test Loss: 0.0000, Test Accuracy: 0.9667, Energy: -3352877.0
Time taken:  0.5482776165008545
Test Loss: 0.0000, Test Accuracy: 0.9667, Energy: -3352901.0
Time taken:  0.557194709777832
Final accuracies: [0.9, 0.9933333333333333, 0.99, 0.9866666666666667, 0.98, 0.9766666666666667, 0.9733333333333334, 0.9933333333333333, 1.0, 1.0, 0.9933333333333333, 0.99, 0.9966666666666667, 0.9933333333333333, 0.9866666666666667, 0.9833333333333333, 0.9766666666666667, 0.97, 0.97, 0.97, 0.9633333333333334, 0.96, 0.96, 0.96, 0.96, 0.96, 0.96, 0.96, 0.96, 0.96, 0.9633333333333334, 0.9633333333333334, 0.9633333333333334, 0.9666666666666667, 0.9666666666666667, 0.9666666666666667, 0.9666666666666667, 0.9666666666666667, 0.9666666666666667, 0.9666666666666667, 0.9666666666666667, 0.9666666666666667, 0.9666666666666667, 0.9666666666666667, 0.9666666666666667, 0.9666666666666667, 0.9666666666666667, 0.9666666666666667, 0.9666666666666667, 0.9666666666666667, 0.9666666666666667, 0.9666666666666667, 0.9666666666666667, 0.9666666666666667, 0.9666666666666667, 0.9666666666666667, 0.9666666666666667, 0.9666666666666667, 0.9666666666666667, 0.9666666666666667, 0.9666666666666667, 0.9666666666666667, 0.9666666666666667, 0.9666666666666667, 0.9666666666666667, 0.9666666666666667, 0.9666666666666667, 0.9666666666666667, 0.9666666666666667, 0.9666666666666667, 0.9666666666666667, 0.9666666666666667, 0.9666666666666667, 0.9666666666666667, 0.9666666666666667, 0.9666666666666667, 0.9666666666666667, 0.9666666666666667, 0.9666666666666667, 0.9666666666666667, 0.9666666666666667, 0.9666666666666667, 0.9666666666666667, 0.9666666666666667, 0.9666666666666667, 0.9666666666666667, 0.9666666666666667, 0.9666666666666667, 0.9666666666666667, 0.9666666666666667, 0.9666666666666667, 0.9666666666666667, 0.9666666666666667, 0.9666666666666667, 0.9666666666666667, 0.9666666666666667, 0.9666666666666667, 0.9666666666666667, 0.9666666666666667, 0.9666666666666667]
Final energies: [-61109.34765625, -657518.0, -1005813.25, -1282220.25, -1508721.75, -1699477.125, -1868909.5, -2055934.75, -2208910.0, -2329138.0, -2429316.5, -2516115.5, -2616451.0, -2673053.5, -2706368.25, -2746430.5, -2778081.0, -2808811.5, -2845714.75, -2880784.75, -2903251.0, -2931429.75, -2960779.75, -2986749.5, -3010092.5, -3031813.5, -3039617.0, -3047484.0, -3056445.75, -3070386.75, -3090403.5, -3109019.0, -3125088.25, -3143239.0, -3157866.25, -3169230.0, -3179042.5, -3189344.5, -3206262.0, -3231922.25, -3257374.75, -3270082.0, -3279156.0, -3286679.25, -3293336.5, -3299176.0, -3304462.5, -3309096.75, -3313328.5, -3317206.75, -3320727.25, -3323691.0, -3326616.5, -3329264.5, -3331502.0, -3333491.0, -3335370.5, -3336910.25, -3338381.5, -3339836.0, -3340961.5, -3342045.5, -3343016.5, -3344006.75, -3344810.5, -3345606.5, -3346313.5, -3347113.0, -3347664.5, -3348106.75, -3348641.0, -3349034.0, -3349403.0, -3349708.5, -3350060.0, -3350297.5, -3350536.25, -3350822.0, -3351044.5, -3351238.75, -3351418.5, -3351665.0, -3351871.0, -3351981.0, -3352081.5, -3352182.5, -3352294.5, -3352379.0, -3352459.75, -3352521.0, -3352561.5, -3352615.0, -3352655.0, -3352700.5, -3352753.0, -3352791.5, -3352814.5, -3352854.0, -3352877.0, -3352901.0]
