Running with parameters: hidden=100, use_coupled=false, seed=38, lam=0.0, eta=0.0, batch=100
Test Loss: 0.0000, Test Accuracy: 0.5367, Energy: -69221.765625
Time taken:  0.9725849628448486
Test Loss: 0.0000, Test Accuracy: 0.9967, Energy: -325229.34375
Time taken:  0.9255836009979248
Test Loss: 0.0000, Test Accuracy: 1.0000, Energy: -668751.0625
Time taken:  0.8402557373046875
Test Loss: 0.0000, Test Accuracy: 0.9833, Energy: -875934.25
Time taken:  0.853663444519043
Test Loss: 0.0000, Test Accuracy: 0.9500, Energy: -1065584.0
Time taken:  0.8518316745758057
Test Loss: 0.0000, Test Accuracy: 0.9900, Energy: -1186775.0
Time taken:  0.8461148738861084
Test Loss: 0.0000, Test Accuracy: 0.9967, Energy: -1272484.0
Time taken:  0.8613770008087158
Test Loss: 0.0000, Test Accuracy: 1.0000, Energy: -1359042.75
Time taken:  0.8481349945068359
Test Loss: 0.0000, Test Accuracy: 0.9967, Energy: -1439238.25
Time taken:  0.8265097141265869
Test Loss: 0.0000, Test Accuracy: 0.9967, Energy: -1492207.25
Time taken:  0.8393986225128174
Test Loss: 0.0000, Test Accuracy: 0.9967, Energy: -1537091.0
Time taken:  0.835540771484375
Test Loss: 0.0000, Test Accuracy: 0.9900, Energy: -1583100.5
Time taken:  0.8425271511077881
Test Loss: 0.0000, Test Accuracy: 0.9900, Energy: -1631149.75
Time taken:  0.8124878406524658
Test Loss: 0.0000, Test Accuracy: 0.9900, Energy: -1673875.25
Time taken:  0.8314759731292725
Test Loss: 0.0000, Test Accuracy: 0.9900, Energy: -1712883.125
Time taken:  0.8317315578460693
Test Loss: 0.0000, Test Accuracy: 0.9900, Energy: -1746801.0
Time taken:  0.8242793083190918
Test Loss: 0.0000, Test Accuracy: 0.9867, Energy: -1775041.25
Time taken:  0.8311588764190674
Test Loss: 0.0000, Test Accuracy: 0.9867, Energy: -1804553.5
Time taken:  0.8299791812896729
Test Loss: 0.0000, Test Accuracy: 0.9867, Energy: -1830635.375
Time taken:  0.9167439937591553
Test Loss: 0.0000, Test Accuracy: 0.9833, Energy: -1836419.375
Time taken:  0.8141167163848877
Test Loss: 0.0000, Test Accuracy: 0.9867, Energy: -1850789.75
Time taken:  0.855940580368042
Test Loss: 0.0000, Test Accuracy: 0.9867, Energy: -1862814.75
Time taken:  0.831963062286377
Test Loss: 0.0000, Test Accuracy: 0.9867, Energy: -1872988.5
Time taken:  0.8389499187469482
Test Loss: 0.0000, Test Accuracy: 0.9867, Energy: -1883184.75
Time taken:  0.8377082347869873
Test Loss: 0.0000, Test Accuracy: 0.9867, Energy: -1893677.5
Time taken:  0.8353643417358398
Test Loss: 0.0000, Test Accuracy: 0.9867, Energy: -1903923.5
Time taken:  0.8087344169616699
Test Loss: 0.0000, Test Accuracy: 0.9867, Energy: -1912826.25
Time taken:  0.8339974880218506
Test Loss: 0.0000, Test Accuracy: 0.9867, Energy: -1920684.25
Time taken:  0.8374905586242676
Test Loss: 0.0000, Test Accuracy: 0.9867, Energy: -1928395.0
Time taken:  0.8425641059875488
Test Loss: 0.0000, Test Accuracy: 0.9867, Energy: -1933992.0
Time taken:  0.8366055488586426
Test Loss: 0.0000, Test Accuracy: 0.9867, Energy: -1940638.5
Time taken:  0.8361566066741943
Test Loss: 0.0000, Test Accuracy: 0.9867, Energy: -1946163.875
Time taken:  0.8374392986297607
Test Loss: 0.0000, Test Accuracy: 0.9867, Energy: -1950694.5
Time taken:  0.8274478912353516
Test Loss: 0.0000, Test Accuracy: 0.9833, Energy: -1951462.625
Time taken:  0.8330247402191162
Test Loss: 0.0000, Test Accuracy: 0.9867, Energy: -1959724.5
Time taken:  0.8374552726745605
Test Loss: 0.0000, Test Accuracy: 0.9867, Energy: -1963720.625
Time taken:  0.843092679977417
Test Loss: 0.0000, Test Accuracy: 0.9867, Energy: -1967454.75
Time taken:  0.8279809951782227
Test Loss: 0.0000, Test Accuracy: 0.9833, Energy: -1967453.25
Time taken:  0.8375535011291504
Test Loss: 0.0000, Test Accuracy: 0.9833, Energy: -1970427.0
Time taken:  0.8208272457122803
Test Loss: 0.0000, Test Accuracy: 0.9833, Energy: -1973511.25
Time taken:  0.8395376205444336
Test Loss: 0.0000, Test Accuracy: 0.9833, Energy: -1976348.875
Time taken:  0.8355627059936523
Test Loss: 0.0000, Test Accuracy: 0.9833, Energy: -1978819.0
Time taken:  0.8486959934234619
Test Loss: 0.0000, Test Accuracy: 0.9833, Energy: -1981223.0
Time taken:  0.8398513793945312
Test Loss: 0.0000, Test Accuracy: 0.9833, Energy: -1983387.25
Time taken:  0.8394637107849121
Test Loss: 0.0000, Test Accuracy: 0.9833, Energy: -1985418.75
Time taken:  0.8178231716156006
Test Loss: 0.0000, Test Accuracy: 0.9833, Energy: -1987290.125
Time taken:  0.8379080295562744
Test Loss: 0.0000, Test Accuracy: 0.9833, Energy: -1988953.25
Time taken:  0.8366091251373291
Test Loss: 0.0000, Test Accuracy: 0.9833, Energy: -1990855.25
Time taken:  0.8330569267272949
Test Loss: 0.0000, Test Accuracy: 0.9833, Energy: -1992420.875
Time taken:  0.8361968994140625
Test Loss: 0.0000, Test Accuracy: 0.9833, Energy: -1993860.0
Time taken:  0.8363306522369385
Test Loss: 0.0000, Test Accuracy: 0.9833, Energy: -1995181.75
Time taken:  0.8286688327789307
Test Loss: 0.0000, Test Accuracy: 0.9833, Energy: -1996384.75
Time taken:  0.8196377754211426
Test Loss: 0.0000, Test Accuracy: 0.9833, Energy: -1997801.125
Time taken:  0.8312242031097412
Test Loss: 0.0000, Test Accuracy: 0.9833, Energy: -1998953.25
Time taken:  0.8364746570587158
Test Loss: 0.0000, Test Accuracy: 0.9833, Energy: -2000275.0
Time taken:  0.8331203460693359
Test Loss: 0.0000, Test Accuracy: 0.9833, Energy: -2001322.25
Time taken:  0.8358602523803711
Test Loss: 0.0000, Test Accuracy: 0.9833, Energy: -2001988.25
Time taken:  0.8394289016723633
Test Loss: 0.0000, Test Accuracy: 0.9833, Energy: -2003046.75
Time taken:  0.8429629802703857
Test Loss: 0.0000, Test Accuracy: 0.9833, Energy: -2003958.75
Time taken:  0.8199079036712646
Test Loss: 0.0000, Test Accuracy: 0.9833, Energy: -2004849.25
Time taken:  0.8346195220947266
Test Loss: 0.0000, Test Accuracy: 0.9833, Energy: -2005524.875
Time taken:  0.8303318023681641
Test Loss: 0.0000, Test Accuracy: 0.9833, Energy: -2006268.5
Time taken:  0.8399620056152344
Test Loss: 0.0000, Test Accuracy: 0.9833, Energy: -2007149.875
Time taken:  0.8352699279785156
Test Loss: 0.0000, Test Accuracy: 0.9833, Energy: -2008040.25
Time taken:  0.8442094326019287
Test Loss: 0.0000, Test Accuracy: 0.9833, Energy: -2008648.75
Time taken:  0.8355066776275635
Test Loss: 0.0000, Test Accuracy: 0.9833, Energy: -2009510.75
Time taken:  0.8386392593383789
Test Loss: 0.0000, Test Accuracy: 0.9833, Energy: -2010239.875
Time taken:  0.8264060020446777
Test Loss: 0.0000, Test Accuracy: 0.9833, Energy: -2010907.0
Time taken:  0.8361780643463135
Test Loss: 0.0000, Test Accuracy: 0.9833, Energy: -2011743.5
Time taken:  0.8392059803009033
Test Loss: 0.0000, Test Accuracy: 0.9833, Energy: -2012407.75
Time taken:  0.8410365581512451
Test Loss: 0.0000, Test Accuracy: 0.9833, Energy: -2013198.0
Time taken:  0.834324836730957
Test Loss: 0.0000, Test Accuracy: 0.9833, Energy: -2013869.0
Time taken:  0.8387408256530762
Test Loss: 0.0000, Test Accuracy: 0.9833, Energy: -2014539.5
Time taken:  0.8427541255950928
Test Loss: 0.0000, Test Accuracy: 0.9833, Energy: -2015163.25
Time taken:  0.8306150436401367
Test Loss: 0.0000, Test Accuracy: 0.9833, Energy: -2015688.25
Time taken:  0.8382730484008789
Test Loss: 0.0000, Test Accuracy: 0.9833, Energy: -2016252.875
Time taken:  0.8331084251403809
Test Loss: 0.0000, Test Accuracy: 0.9833, Energy: -2016880.0
Time taken:  0.830195426940918
Test Loss: 0.0000, Test Accuracy: 0.9833, Energy: -2017407.0
Time taken:  0.8449070453643799
Test Loss: 0.0000, Test Accuracy: 0.9833, Energy: -2017990.375
Time taken:  0.8425083160400391
Test Loss: 0.0000, Test Accuracy: 0.9833, Energy: -2018478.75
Time taken:  0.8305914402008057
Test Loss: 0.0000, Test Accuracy: 0.9833, Energy: -2019010.75
Time taken:  0.8211064338684082
Test Loss: 0.0000, Test Accuracy: 0.9833, Energy: -2019462.75
Time taken:  0.838444709777832
Test Loss: 0.0000, Test Accuracy: 0.9833, Energy: -2019839.5
Time taken:  0.8388569355010986
Test Loss: 0.0000, Test Accuracy: 0.9833, Energy: -2020302.875
Time taken:  0.8350098133087158
Test Loss: 0.0000, Test Accuracy: 0.9833, Energy: -2020708.25
Time taken:  0.8418965339660645
Test Loss: 0.0000, Test Accuracy: 0.9833, Energy: -2021136.25
Time taken:  0.8345510959625244
Test Loss: 0.0000, Test Accuracy: 0.9833, Energy: -2021402.0
Time taken:  0.8449630737304688
Test Loss: 0.0000, Test Accuracy: 0.9833, Energy: -2021957.5
Time taken:  0.8194715976715088
Test Loss: 0.0000, Test Accuracy: 0.9833, Energy: -2022435.375
Time taken:  0.8406009674072266
Test Loss: 0.0000, Test Accuracy: 0.9833, Energy: -2022855.25
Time taken:  0.8396580219268799
Test Loss: 0.0000, Test Accuracy: 0.9833, Energy: -2023511.25
Time taken:  0.8378152847290039
Test Loss: 0.0000, Test Accuracy: 0.9833, Energy: -2023879.25
Time taken:  0.8387465476989746
Test Loss: 0.0000, Test Accuracy: 0.9833, Energy: -2024195.5
Time taken:  0.8459298610687256
Test Loss: 0.0000, Test Accuracy: 0.9833, Energy: -2024435.125
Time taken:  0.8385028839111328
Test Loss: 0.0000, Test Accuracy: 0.9833, Energy: -2024865.0
Time taken:  0.8231339454650879
Test Loss: 0.0000, Test Accuracy: 0.9833, Energy: -2025207.375
Time taken:  0.8347034454345703
Test Loss: 0.0000, Test Accuracy: 0.9833, Energy: -2025442.375
Time taken:  0.8421485424041748
Test Loss: 0.0000, Test Accuracy: 0.9833, Energy: -2025761.625
Time taken:  0.8328156471252441
Test Loss: 0.0000, Test Accuracy: 0.9833, Energy: -2026163.5
Time taken:  0.8445169925689697
Test Loss: 0.0000, Test Accuracy: 0.9833, Energy: -2026510.5
Time taken:  0.8360288143157959
Final accuracies: [0.5366666666666666, 0.9966666666666667, 1.0, 0.9833333333333333, 0.95, 0.99, 0.9966666666666667, 1.0, 0.9966666666666667, 0.9966666666666667, 0.9966666666666667, 0.99, 0.99, 0.99, 0.99, 0.99, 0.9866666666666667, 0.9866666666666667, 0.9866666666666667, 0.9833333333333333, 0.9866666666666667, 0.9866666666666667, 0.9866666666666667, 0.9866666666666667, 0.9866666666666667, 0.9866666666666667, 0.9866666666666667, 0.9866666666666667, 0.9866666666666667, 0.9866666666666667, 0.9866666666666667, 0.9866666666666667, 0.9866666666666667, 0.9833333333333333, 0.9866666666666667, 0.9866666666666667, 0.9866666666666667, 0.9833333333333333, 0.9833333333333333, 0.9833333333333333, 0.9833333333333333, 0.9833333333333333, 0.9833333333333333, 0.9833333333333333, 0.9833333333333333, 0.9833333333333333, 0.9833333333333333, 0.9833333333333333, 0.9833333333333333, 0.9833333333333333, 0.9833333333333333, 0.9833333333333333, 0.9833333333333333, 0.9833333333333333, 0.9833333333333333, 0.9833333333333333, 0.9833333333333333, 0.9833333333333333, 0.9833333333333333, 0.9833333333333333, 0.9833333333333333, 0.9833333333333333, 0.9833333333333333, 0.9833333333333333, 0.9833333333333333, 0.9833333333333333, 0.9833333333333333, 0.9833333333333333, 0.9833333333333333, 0.9833333333333333, 0.9833333333333333, 0.9833333333333333, 0.9833333333333333, 0.9833333333333333, 0.9833333333333333, 0.9833333333333333, 0.9833333333333333, 0.9833333333333333, 0.9833333333333333, 0.9833333333333333, 0.9833333333333333, 0.9833333333333333, 0.9833333333333333, 0.9833333333333333, 0.9833333333333333, 0.9833333333333333, 0.9833333333333333, 0.9833333333333333, 0.9833333333333333, 0.9833333333333333, 0.9833333333333333, 0.9833333333333333, 0.9833333333333333, 0.9833333333333333, 0.9833333333333333, 0.9833333333333333, 0.9833333333333333, 0.9833333333333333, 0.9833333333333333, 0.9833333333333333]
Final energies: [-69221.765625, -325229.34375, -668751.0625, -875934.25, -1065584.0, -1186775.0, -1272484.0, -1359042.75, -1439238.25, -1492207.25, -1537091.0, -1583100.5, -1631149.75, -1673875.25, -1712883.125, -1746801.0, -1775041.25, -1804553.5, -1830635.375, -1836419.375, -1850789.75, -1862814.75, -1872988.5, -1883184.75, -1893677.5, -1903923.5, -1912826.25, -1920684.25, -1928395.0, -1933992.0, -1940638.5, -1946163.875, -1950694.5, -1951462.625, -1959724.5, -1963720.625, -1967454.75, -1967453.25, -1970427.0, -1973511.25, -1976348.875, -1978819.0, -1981223.0, -1983387.25, -1985418.75, -1987290.125, -1988953.25, -1990855.25, -1992420.875, -1993860.0, -1995181.75, -1996384.75, -1997801.125, -1998953.25, -2000275.0, -2001322.25, -2001988.25, -2003046.75, -2003958.75, -2004849.25, -2005524.875, -2006268.5, -2007149.875, -2008040.25, -2008648.75, -2009510.75, -2010239.875, -2010907.0, -2011743.5, -2012407.75, -2013198.0, -2013869.0, -2014539.5, -2015163.25, -2015688.25, -2016252.875, -2016880.0, -2017407.0, -2017990.375, -2018478.75, -2019010.75, -2019462.75, -2019839.5, -2020302.875, -2020708.25, -2021136.25, -2021402.0, -2021957.5, -2022435.375, -2022855.25, -2023511.25, -2023879.25, -2024195.5, -2024435.125, -2024865.0, -2025207.375, -2025442.375, -2025761.625, -2026163.5, -2026510.5]
