Running with parameters: hidden=100, use_coupled=false, seed=78, lam=0.0, eta=0.0, batch=100
Test Loss: 0.0000, Test Accuracy: 0.3400, Energy: -15477.9140625
Time taken:  0.6954860687255859
Test Loss: 0.0000, Test Accuracy: 0.5033, Energy: -249831.625
Time taken:  0.6714372634887695
Test Loss: 0.0000, Test Accuracy: 0.5000, Energy: -252784.1875
Time taken:  0.5887384414672852
Test Loss: 0.0000, Test Accuracy: 0.9867, Energy: -314915.375
Time taken:  0.5662150382995605
Test Loss: 0.0000, Test Accuracy: 0.9967, Energy: -439785.71875
Time taken:  0.5914435386657715
Test Loss: 0.0000, Test Accuracy: 0.9967, Energy: -564276.125
Time taken:  0.5917518138885498
Test Loss: 0.0000, Test Accuracy: 0.9967, Energy: -674055.125
Time taken:  0.5769171714782715
Test Loss: 0.0000, Test Accuracy: 0.9967, Energy: -775744.0
Time taken:  0.5899326801300049
Test Loss: 0.0000, Test Accuracy: 0.9967, Energy: -881036.3125
Time taken:  0.6075847148895264
Test Loss: 0.0000, Test Accuracy: 0.9900, Energy: -971422.3125
Time taken:  0.5789411067962646
Test Loss: 0.0000, Test Accuracy: 0.9800, Energy: -1044804.5
Time taken:  0.5999202728271484
Test Loss: 0.0000, Test Accuracy: 0.9733, Energy: -1116404.0
Time taken:  0.5844712257385254
Test Loss: 0.0000, Test Accuracy: 0.9733, Energy: -1187061.75
Time taken:  0.5784306526184082
Test Loss: 0.0000, Test Accuracy: 0.9700, Energy: -1251695.25
Time taken:  0.589153528213501
Test Loss: 0.0000, Test Accuracy: 0.9700, Energy: -1308250.875
Time taken:  0.5840914249420166
Test Loss: 0.0000, Test Accuracy: 0.9667, Energy: -1356684.875
Time taken:  0.645899772644043
Test Loss: 0.0000, Test Accuracy: 0.9667, Energy: -1401897.125
Time taken:  0.6304199695587158
Test Loss: 0.0000, Test Accuracy: 0.9667, Energy: -1442948.0
Time taken:  0.5926668643951416
Test Loss: 0.0000, Test Accuracy: 0.9633, Energy: -1477704.0
Time taken:  0.5900542736053467
Test Loss: 0.0000, Test Accuracy: 0.9633, Energy: -1511300.125
Time taken:  0.5887424945831299
Test Loss: 0.0000, Test Accuracy: 0.9633, Energy: -1540780.5
Time taken:  0.5825963020324707
Test Loss: 0.0000, Test Accuracy: 0.9633, Energy: -1566881.25
Time taken:  0.5750892162322998
Test Loss: 0.0000, Test Accuracy: 0.9600, Energy: -1587873.125
Time taken:  0.5978195667266846
Test Loss: 0.0000, Test Accuracy: 0.9600, Energy: -1609707.25
Time taken:  0.5836873054504395
Test Loss: 0.0000, Test Accuracy: 0.9600, Energy: -1630162.5
Time taken:  0.5815222263336182
Test Loss: 0.0000, Test Accuracy: 0.9600, Energy: -1648349.5
Time taken:  0.5739593505859375
Test Loss: 0.0000, Test Accuracy: 0.9600, Energy: -1664659.25
Time taken:  0.6081831455230713
Test Loss: 0.0000, Test Accuracy: 0.9533, Energy: -1673418.5
Time taken:  0.5905148983001709
Test Loss: 0.0000, Test Accuracy: 0.9567, Energy: -1689477.25
Time taken:  0.5911924839019775
Test Loss: 0.0000, Test Accuracy: 0.9567, Energy: -1701590.0
Time taken:  0.5932877063751221
Test Loss: 0.0000, Test Accuracy: 0.9533, Energy: -1710258.25
Time taken:  0.5849854946136475
Test Loss: 0.0000, Test Accuracy: 0.9533, Energy: -1720893.5
Time taken:  0.5990614891052246
Test Loss: 0.0000, Test Accuracy: 0.9533, Energy: -1730425.375
Time taken:  0.6125962734222412
Test Loss: 0.0000, Test Accuracy: 0.9533, Energy: -1738611.25
Time taken:  0.5990262031555176
Test Loss: 0.0000, Test Accuracy: 0.9533, Energy: -1746713.75
Time taken:  0.6622405052185059
Test Loss: 0.0000, Test Accuracy: 0.9533, Energy: -1753971.25
Time taken:  0.6051373481750488
Test Loss: 0.0000, Test Accuracy: 0.9533, Energy: -1760609.875
Time taken:  0.5716402530670166
Test Loss: 0.0000, Test Accuracy: 0.9533, Energy: -1766397.25
Time taken:  0.577610969543457
Test Loss: 0.0000, Test Accuracy: 0.9600, Energy: -1780756.375
Time taken:  0.6227004528045654
Test Loss: 0.0000, Test Accuracy: 0.9667, Energy: -1792497.75
Time taken:  0.6224527359008789
Test Loss: 0.0000, Test Accuracy: 0.9733, Energy: -1802868.625
Time taken:  0.5885536670684814
Test Loss: 0.0000, Test Accuracy: 0.9900, Energy: -1825887.25
Time taken:  0.5847067832946777
Test Loss: 0.0000, Test Accuracy: 0.9933, Energy: -1836411.5
Time taken:  0.6330413818359375
Test Loss: 0.0000, Test Accuracy: 1.0000, Energy: -1850756.75
Time taken:  0.5768601894378662
Test Loss: 0.0000, Test Accuracy: 1.0000, Energy: -1855429.25
Time taken:  0.5787830352783203
Test Loss: 0.0000, Test Accuracy: 1.0000, Energy: -1859883.75
Time taken:  0.5969960689544678
Test Loss: 0.0000, Test Accuracy: 1.0000, Energy: -1864330.75
Time taken:  0.5802009105682373
Test Loss: 0.0000, Test Accuracy: 1.0000, Energy: -1869683.75
Time taken:  0.6396574974060059
Test Loss: 0.0000, Test Accuracy: 0.9967, Energy: -1880823.25
Time taken:  0.6030170917510986
Test Loss: 0.0000, Test Accuracy: 0.9967, Energy: -1887376.75
Time taken:  0.5975079536437988
Test Loss: 0.0000, Test Accuracy: 0.9967, Energy: -1893431.75
Time taken:  0.5952978134155273
Test Loss: 0.0000, Test Accuracy: 0.9967, Energy: -1899839.625
Time taken:  0.5955555438995361
Test Loss: 0.0000, Test Accuracy: 0.9967, Energy: -1906307.5
Time taken:  0.5960805416107178
Test Loss: 0.0000, Test Accuracy: 0.9967, Energy: -1912145.25
Time taken:  0.5911357402801514
Test Loss: 0.0000, Test Accuracy: 0.9933, Energy: -1923251.875
Time taken:  0.5963926315307617
Test Loss: 0.0000, Test Accuracy: 0.9933, Energy: -1928705.125
Time taken:  0.6245689392089844
Test Loss: 0.0000, Test Accuracy: 0.9933, Energy: -1933678.5
Time taken:  0.6033408641815186
Test Loss: 0.0000, Test Accuracy: 0.9900, Energy: -1942822.375
Time taken:  0.6180922985076904
Test Loss: 0.0000, Test Accuracy: 0.9900, Energy: -1947252.5
Time taken:  0.6579618453979492
Test Loss: 0.0000, Test Accuracy: 0.9900, Energy: -1951525.0
Time taken:  0.5858848094940186
Test Loss: 0.0000, Test Accuracy: 0.9900, Energy: -1955701.25
Time taken:  0.6150283813476562
Test Loss: 0.0000, Test Accuracy: 0.9900, Energy: -1959473.625
Time taken:  0.6474685668945312
Test Loss: 0.0000, Test Accuracy: 0.9867, Energy: -1968287.75
Time taken:  0.6202702522277832
Test Loss: 0.0000, Test Accuracy: 0.9867, Energy: -1971328.0
Time taken:  0.6033368110656738
Test Loss: 0.0000, Test Accuracy: 0.9867, Energy: -1973905.0
Time taken:  0.5929214954376221
Test Loss: 0.0000, Test Accuracy: 0.9833, Energy: -1981649.25
Time taken:  0.6255300045013428
Test Loss: 0.0000, Test Accuracy: 0.9833, Energy: -1984155.5
Time taken:  0.5992684364318848
Test Loss: 0.0000, Test Accuracy: 0.9833, Energy: -1986498.25
Time taken:  0.5969381332397461
Test Loss: 0.0000, Test Accuracy: 0.9833, Energy: -1988266.0
Time taken:  0.6045465469360352
Test Loss: 0.0000, Test Accuracy: 0.9833, Energy: -1990053.0
Time taken:  0.6363766193389893
Test Loss: 0.0000, Test Accuracy: 0.9833, Energy: -1991500.625
Time taken:  0.5894651412963867
Test Loss: 0.0000, Test Accuracy: 0.9800, Energy: -1996305.0
Time taken:  0.5916762351989746
Test Loss: 0.0000, Test Accuracy: 0.9767, Energy: -2000876.25
Time taken:  0.6370162963867188
Test Loss: 0.0000, Test Accuracy: 0.9767, Energy: -2003304.0
Time taken:  0.613328218460083
Test Loss: 0.0000, Test Accuracy: 0.9767, Energy: -2004805.75
Time taken:  0.6009881496429443
Test Loss: 0.0000, Test Accuracy: 0.9767, Energy: -2006817.75
Time taken:  0.6216323375701904
Test Loss: 0.0000, Test Accuracy: 0.9767, Energy: -2007739.625
Time taken:  0.599442720413208
Test Loss: 0.0000, Test Accuracy: 0.9767, Energy: -2008584.625
Time taken:  0.5936250686645508
Test Loss: 0.0000, Test Accuracy: 0.9767, Energy: -2009503.0
Time taken:  0.6028141975402832
Test Loss: 0.0000, Test Accuracy: 0.9767, Energy: -2010280.625
Time taken:  0.5918989181518555
Test Loss: 0.0000, Test Accuracy: 0.9767, Energy: -2010956.25
Time taken:  0.5935742855072021
Test Loss: 0.0000, Test Accuracy: 0.9767, Energy: -2011933.0
Time taken:  0.638951301574707
Test Loss: 0.0000, Test Accuracy: 0.9767, Energy: -2012172.5
Time taken:  0.6000204086303711
Test Loss: 0.0000, Test Accuracy: 0.9767, Energy: -2012929.625
Time taken:  0.6019775867462158
Test Loss: 0.0000, Test Accuracy: 0.9767, Energy: -2013381.625
Time taken:  0.6004190444946289
Test Loss: 0.0000, Test Accuracy: 0.9767, Energy: -2013814.25
Time taken:  0.5893051624298096
Test Loss: 0.0000, Test Accuracy: 0.9767, Energy: -2014399.25
Time taken:  0.5828039646148682
Test Loss: 0.0000, Test Accuracy: 0.9767, Energy: -2014739.5
Time taken:  0.5788528919219971
Test Loss: 0.0000, Test Accuracy: 0.9767, Energy: -2015098.25
Time taken:  0.5415334701538086
Test Loss: 0.0000, Test Accuracy: 0.9767, Energy: -2015349.625
Time taken:  0.5306670665740967
Test Loss: 0.0000, Test Accuracy: 0.9767, Energy: -2015570.625
Time taken:  0.5525798797607422
Test Loss: 0.0000, Test Accuracy: 0.9767, Energy: -2015821.75
Time taken:  0.5371112823486328
Test Loss: 0.0000, Test Accuracy: 0.9767, Energy: -2016033.75
Time taken:  0.5153529644012451
Test Loss: 0.0000, Test Accuracy: 0.9767, Energy: -2016534.875
Time taken:  0.5187892913818359
Test Loss: 0.0000, Test Accuracy: 0.9767, Energy: -2016859.25
Time taken:  0.5244729518890381
Test Loss: 0.0000, Test Accuracy: 0.9767, Energy: -2016985.5
Time taken:  0.5131838321685791
Test Loss: 0.0000, Test Accuracy: 0.9767, Energy: -2017123.25
Time taken:  0.5352461338043213
Test Loss: 0.0000, Test Accuracy: 0.9767, Energy: -2017298.25
Time taken:  0.507866382598877
Test Loss: 0.0000, Test Accuracy: 0.9767, Energy: -2017429.0
Time taken:  0.5398523807525635
Test Loss: 0.0000, Test Accuracy: 0.9767, Energy: -2017465.0
Time taken:  0.46016573905944824
Final accuracies: [0.34, 0.5033333333333333, 0.5, 0.9866666666666667, 0.9966666666666667, 0.9966666666666667, 0.9966666666666667, 0.9966666666666667, 0.9966666666666667, 0.99, 0.98, 0.9733333333333334, 0.9733333333333334, 0.97, 0.97, 0.9666666666666667, 0.9666666666666667, 0.9666666666666667, 0.9633333333333334, 0.9633333333333334, 0.9633333333333334, 0.9633333333333334, 0.96, 0.96, 0.96, 0.96, 0.96, 0.9533333333333334, 0.9566666666666667, 0.9566666666666667, 0.9533333333333334, 0.9533333333333334, 0.9533333333333334, 0.9533333333333334, 0.9533333333333334, 0.9533333333333334, 0.9533333333333334, 0.9533333333333334, 0.96, 0.9666666666666667, 0.9733333333333334, 0.99, 0.9933333333333333, 1.0, 1.0, 1.0, 1.0, 1.0, 0.9966666666666667, 0.9966666666666667, 0.9966666666666667, 0.9966666666666667, 0.9966666666666667, 0.9966666666666667, 0.9933333333333333, 0.9933333333333333, 0.9933333333333333, 0.99, 0.99, 0.99, 0.99, 0.99, 0.9866666666666667, 0.9866666666666667, 0.9866666666666667, 0.9833333333333333, 0.9833333333333333, 0.9833333333333333, 0.9833333333333333, 0.9833333333333333, 0.9833333333333333, 0.98, 0.9766666666666667, 0.9766666666666667, 0.9766666666666667, 0.9766666666666667, 0.9766666666666667, 0.9766666666666667, 0.9766666666666667, 0.9766666666666667, 0.9766666666666667, 0.9766666666666667, 0.9766666666666667, 0.9766666666666667, 0.9766666666666667, 0.9766666666666667, 0.9766666666666667, 0.9766666666666667, 0.9766666666666667, 0.9766666666666667, 0.9766666666666667, 0.9766666666666667, 0.9766666666666667, 0.9766666666666667, 0.9766666666666667, 0.9766666666666667, 0.9766666666666667, 0.9766666666666667, 0.9766666666666667, 0.9766666666666667]
Final energies: [-15477.9140625, -249831.625, -252784.1875, -314915.375, -439785.71875, -564276.125, -674055.125, -775744.0, -881036.3125, -971422.3125, -1044804.5, -1116404.0, -1187061.75, -1251695.25, -1308250.875, -1356684.875, -1401897.125, -1442948.0, -1477704.0, -1511300.125, -1540780.5, -1566881.25, -1587873.125, -1609707.25, -1630162.5, -1648349.5, -1664659.25, -1673418.5, -1689477.25, -1701590.0, -1710258.25, -1720893.5, -1730425.375, -1738611.25, -1746713.75, -1753971.25, -1760609.875, -1766397.25, -1780756.375, -1792497.75, -1802868.625, -1825887.25, -1836411.5, -1850756.75, -1855429.25, -1859883.75, -1864330.75, -1869683.75, -1880823.25, -1887376.75, -1893431.75, -1899839.625, -1906307.5, -1912145.25, -1923251.875, -1928705.125, -1933678.5, -1942822.375, -1947252.5, -1951525.0, -1955701.25, -1959473.625, -1968287.75, -1971328.0, -1973905.0, -1981649.25, -1984155.5, -1986498.25, -1988266.0, -1990053.0, -1991500.625, -1996305.0, -2000876.25, -2003304.0, -2004805.75, -2006817.75, -2007739.625, -2008584.625, -2009503.0, -2010280.625, -2010956.25, -2011933.0, -2012172.5, -2012929.625, -2013381.625, -2013814.25, -2014399.25, -2014739.5, -2015098.25, -2015349.625, -2015570.625, -2015821.75, -2016033.75, -2016534.875, -2016859.25, -2016985.5, -2017123.25, -2017298.25, -2017429.0, -2017465.0]
