Running with parameters: hidden=100, use_coupled=false, seed=11, lam=0.0, eta=0.0, batch=100
Test Loss: 0.0000, Test Accuracy: 0.8133, Energy: -140705.0
Time taken:  0.6921124458312988
Test Loss: 0.0000, Test Accuracy: 1.0000, Energy: -496416.5625
Time taken:  0.6490652561187744
Test Loss: 0.0000, Test Accuracy: 1.0000, Energy: -841642.6875
Time taken:  0.5723187923431396
Test Loss: 0.0000, Test Accuracy: 1.0000, Energy: -1145038.375
Time taken:  0.5729284286499023
Test Loss: 0.0000, Test Accuracy: 0.9967, Energy: -1384875.125
Time taken:  0.5699944496154785
Test Loss: 0.0000, Test Accuracy: 0.9967, Energy: -1587634.75
Time taken:  0.5642187595367432
Test Loss: 0.0000, Test Accuracy: 0.9967, Energy: -1765149.625
Time taken:  0.5568296909332275
Test Loss: 0.0000, Test Accuracy: 0.9967, Energy: -1926443.25
Time taken:  0.563507080078125
Test Loss: 0.0000, Test Accuracy: 0.9967, Energy: -2063536.0
Time taken:  0.5572788715362549
Test Loss: 0.0000, Test Accuracy: 0.9933, Energy: -2184180.75
Time taken:  0.5651829242706299
Test Loss: 0.0000, Test Accuracy: 0.9933, Energy: -2291776.0
Time taken:  0.5486996173858643
Test Loss: 0.0000, Test Accuracy: 0.9933, Energy: -2388345.5
Time taken:  0.5518574714660645
Test Loss: 0.0000, Test Accuracy: 0.9933, Energy: -2477817.75
Time taken:  0.5614771842956543
Test Loss: 0.0000, Test Accuracy: 0.9933, Energy: -2559106.5
Time taken:  0.5563163757324219
Test Loss: 0.0000, Test Accuracy: 0.9933, Energy: -2632657.75
Time taken:  0.5560421943664551
Test Loss: 0.0000, Test Accuracy: 0.9933, Energy: -2698242.5
Time taken:  0.5498213768005371
Test Loss: 0.0000, Test Accuracy: 0.9933, Energy: -2757946.5
Time taken:  0.631742000579834
Test Loss: 0.0000, Test Accuracy: 0.9933, Energy: -2811537.0
Time taken:  0.5605800151824951
Test Loss: 0.0000, Test Accuracy: 0.9933, Energy: -2860260.0
Time taken:  0.5735974311828613
Test Loss: 0.0000, Test Accuracy: 0.9933, Energy: -2905734.5
Time taken:  0.557537317276001
Test Loss: 0.0000, Test Accuracy: 0.9933, Energy: -2946336.0
Time taken:  0.5446913242340088
Test Loss: 0.0000, Test Accuracy: 0.9933, Energy: -2983082.75
Time taken:  0.5485446453094482
Test Loss: 0.0000, Test Accuracy: 0.9933, Energy: -3016068.5
Time taken:  0.5623342990875244
Test Loss: 0.0000, Test Accuracy: 0.9933, Energy: -3046473.75
Time taken:  0.5802803039550781
Test Loss: 0.0000, Test Accuracy: 0.9933, Energy: -3074471.0
Time taken:  0.553600549697876
Test Loss: 0.0000, Test Accuracy: 0.9933, Energy: -3099906.5
Time taken:  0.5600347518920898
Test Loss: 0.0000, Test Accuracy: 0.9933, Energy: -3108495.0
Time taken:  0.5565719604492188
Test Loss: 0.0000, Test Accuracy: 0.9933, Energy: -3081040.5
Time taken:  0.619748592376709
Test Loss: 0.0000, Test Accuracy: 0.9867, Energy: -3063145.75
Time taken:  0.54575514793396
Test Loss: 0.0000, Test Accuracy: 0.9833, Energy: -3060006.5
Time taken:  0.5566668510437012
Test Loss: 0.0000, Test Accuracy: 0.9833, Energy: -3053059.0
Time taken:  0.5568552017211914
Test Loss: 0.0000, Test Accuracy: 0.9833, Energy: -3042400.75
Time taken:  0.5786666870117188
Test Loss: 0.0000, Test Accuracy: 0.9833, Energy: -3024429.25
Time taken:  0.5498425960540771
Test Loss: 0.0000, Test Accuracy: 0.9800, Energy: -3009670.0
Time taken:  0.5552704334259033
Test Loss: 0.0000, Test Accuracy: 0.9733, Energy: -2996656.75
Time taken:  0.546119213104248
Test Loss: 0.0000, Test Accuracy: 0.9667, Energy: -2992444.0
Time taken:  0.5580101013183594
Test Loss: 0.0000, Test Accuracy: 0.9667, Energy: -2986125.5
Time taken:  0.5542962551116943
Test Loss: 0.0000, Test Accuracy: 0.9633, Energy: -2981305.5
Time taken:  0.5466978549957275
Test Loss: 0.0000, Test Accuracy: 0.9567, Energy: -2983973.5
Time taken:  0.5554671287536621
Test Loss: 0.0000, Test Accuracy: 0.9567, Energy: -2982529.5
Time taken:  0.570676326751709
Test Loss: 0.0000, Test Accuracy: 0.9567, Energy: -2981339.25
Time taken:  0.5503172874450684
Test Loss: 0.0000, Test Accuracy: 0.9567, Energy: -2980571.75
Time taken:  0.5460419654846191
Test Loss: 0.0000, Test Accuracy: 0.9567, Energy: -2980103.0
Time taken:  0.5483615398406982
Test Loss: 0.0000, Test Accuracy: 0.9567, Energy: -2979620.25
Time taken:  0.571347713470459
Test Loss: 0.0000, Test Accuracy: 0.9567, Energy: -2980374.25
Time taken:  0.578202486038208
Test Loss: 0.0000, Test Accuracy: 0.9567, Energy: -2981111.0
Time taken:  0.5454225540161133
Test Loss: 0.0000, Test Accuracy: 0.9733, Energy: -2877127.5
Time taken:  0.5447125434875488
Test Loss: 0.0000, Test Accuracy: 0.9833, Energy: -2817743.5
Time taken:  0.5590007305145264
Test Loss: 0.0000, Test Accuracy: 0.9867, Energy: -2769199.25
Time taken:  0.5428001880645752
Test Loss: 0.0000, Test Accuracy: 0.9900, Energy: -2751831.0
Time taken:  0.557103157043457
Test Loss: 0.0000, Test Accuracy: 0.9900, Energy: -2742257.25
Time taken:  0.603046178817749
Test Loss: 0.0000, Test Accuracy: 0.9900, Energy: -2731539.5
Time taken:  0.5570971965789795
Test Loss: 0.0000, Test Accuracy: 0.9900, Energy: -2719960.0
Time taken:  0.5702152252197266
Test Loss: 0.0000, Test Accuracy: 0.9900, Energy: -2706050.0
Time taken:  0.5684418678283691
Test Loss: 0.0000, Test Accuracy: 0.9833, Energy: -2691234.25
Time taken:  0.6019973754882812
Test Loss: 0.0000, Test Accuracy: 0.9867, Energy: -2679461.5
Time taken:  0.5737216472625732
Test Loss: 0.0000, Test Accuracy: 0.9867, Energy: -2669797.5
Time taken:  0.5717501640319824
Test Loss: 0.0000, Test Accuracy: 0.9867, Energy: -2660163.5
Time taken:  0.5550575256347656
Test Loss: 0.0000, Test Accuracy: 0.9867, Energy: -2652085.0
Time taken:  0.5710146427154541
Test Loss: 0.0000, Test Accuracy: 0.9900, Energy: -2643913.0
Time taken:  0.5531516075134277
Test Loss: 0.0000, Test Accuracy: 0.9900, Energy: -2640102.25
Time taken:  0.5576441287994385
Test Loss: 0.0000, Test Accuracy: 0.9867, Energy: -2605440.75
Time taken:  0.5942504405975342
Test Loss: 0.0000, Test Accuracy: 0.9900, Energy: -2593825.25
Time taken:  0.5600762367248535
Test Loss: 0.0000, Test Accuracy: 0.9900, Energy: -2585457.75
Time taken:  0.563460111618042
Test Loss: 0.0000, Test Accuracy: 0.9867, Energy: -2585027.0
Time taken:  0.5686440467834473
Test Loss: 0.0000, Test Accuracy: 0.9867, Energy: -2593410.75
Time taken:  0.5529167652130127
Test Loss: 0.0000, Test Accuracy: 0.9867, Energy: -2609985.5
Time taken:  0.5603227615356445
Test Loss: 0.0000, Test Accuracy: 0.9833, Energy: -2614134.5
Time taken:  0.5648880004882812
Test Loss: 0.0000, Test Accuracy: 0.9767, Energy: -2619991.0
Time taken:  0.5457394123077393
Test Loss: 0.0000, Test Accuracy: 0.9767, Energy: -2623897.75
Time taken:  0.544034481048584
Test Loss: 0.0000, Test Accuracy: 0.9700, Energy: -2633515.25
Time taken:  0.5604674816131592
Test Loss: 0.0000, Test Accuracy: 0.9700, Energy: -2638702.5
Time taken:  0.5482561588287354
Test Loss: 0.0000, Test Accuracy: 0.9700, Energy: -2644820.25
Time taken:  0.549673318862915
Test Loss: 0.0000, Test Accuracy: 0.9700, Energy: -2647196.5
Time taken:  0.5502481460571289
Test Loss: 0.0000, Test Accuracy: 0.9667, Energy: -2651341.25
Time taken:  0.548689603805542
Test Loss: 0.0000, Test Accuracy: 0.9667, Energy: -2660527.0
Time taken:  0.5510861873626709
Test Loss: 0.0000, Test Accuracy: 0.9667, Energy: -2664990.75
Time taken:  0.5614807605743408
Test Loss: 0.0000, Test Accuracy: 0.9700, Energy: -2661146.25
Time taken:  0.5554769039154053
Test Loss: 0.0000, Test Accuracy: 0.9700, Energy: -2630169.25
Time taken:  0.5934083461761475
Test Loss: 0.0000, Test Accuracy: 0.9700, Energy: -2631675.0
Time taken:  0.56144118309021
Test Loss: 0.0000, Test Accuracy: 0.9867, Energy: -2638066.25
Time taken:  0.5398285388946533
Test Loss: 0.0000, Test Accuracy: 0.9867, Energy: -2649456.25
Time taken:  0.5735461711883545
Test Loss: 0.0000, Test Accuracy: 0.9867, Energy: -2656842.0
Time taken:  0.5443189144134521
Test Loss: 0.0000, Test Accuracy: 0.9900, Energy: -2669096.0
Time taken:  0.5300867557525635
Test Loss: 0.0000, Test Accuracy: 0.9900, Energy: -2685095.0
Time taken:  0.5469896793365479
Test Loss: 0.0000, Test Accuracy: 0.9933, Energy: -2690154.5
Time taken:  0.5484805107116699
Test Loss: 0.0000, Test Accuracy: 0.9933, Energy: -2694105.25
Time taken:  0.5776853561401367
Test Loss: 0.0000, Test Accuracy: 0.9933, Energy: -2697550.5
Time taken:  0.5438699722290039
Test Loss: 0.0000, Test Accuracy: 0.9933, Energy: -2701098.0
Time taken:  0.5427556037902832
Test Loss: 0.0000, Test Accuracy: 0.9933, Energy: -2704680.0
Time taken:  0.5527684688568115
Test Loss: 0.0000, Test Accuracy: 0.9933, Energy: -2708287.5
Time taken:  0.5638704299926758
Test Loss: 0.0000, Test Accuracy: 0.9933, Energy: -2711960.0
Time taken:  0.533470869064331
Test Loss: 0.0000, Test Accuracy: 0.9933, Energy: -2715221.0
Time taken:  0.5275993347167969
Test Loss: 0.0000, Test Accuracy: 0.9933, Energy: -2718694.0
Time taken:  0.5294733047485352
Test Loss: 0.0000, Test Accuracy: 0.9933, Energy: -2721134.25
Time taken:  0.5458779335021973
Test Loss: 0.0000, Test Accuracy: 0.9933, Energy: -2723411.5
Time taken:  0.5486276149749756
Test Loss: 0.0000, Test Accuracy: 0.9933, Energy: -2725854.5
Time taken:  0.5673937797546387
Test Loss: 0.0000, Test Accuracy: 0.9933, Energy: -2728641.0
Time taken:  0.5465779304504395
Test Loss: 0.0000, Test Accuracy: 0.9933, Energy: -2731282.0
Time taken:  0.5328547954559326
Test Loss: 0.0000, Test Accuracy: 0.9933, Energy: -2733681.5
Time taken:  0.48519444465637207
Final accuracies: [0.8133333333333334, 1.0, 1.0, 1.0, 0.9966666666666667, 0.9966666666666667, 0.9966666666666667, 0.9966666666666667, 0.9966666666666667, 0.9933333333333333, 0.9933333333333333, 0.9933333333333333, 0.9933333333333333, 0.9933333333333333, 0.9933333333333333, 0.9933333333333333, 0.9933333333333333, 0.9933333333333333, 0.9933333333333333, 0.9933333333333333, 0.9933333333333333, 0.9933333333333333, 0.9933333333333333, 0.9933333333333333, 0.9933333333333333, 0.9933333333333333, 0.9933333333333333, 0.9933333333333333, 0.9866666666666667, 0.9833333333333333, 0.9833333333333333, 0.9833333333333333, 0.9833333333333333, 0.98, 0.9733333333333334, 0.9666666666666667, 0.9666666666666667, 0.9633333333333334, 0.9566666666666667, 0.9566666666666667, 0.9566666666666667, 0.9566666666666667, 0.9566666666666667, 0.9566666666666667, 0.9566666666666667, 0.9566666666666667, 0.9733333333333334, 0.9833333333333333, 0.9866666666666667, 0.99, 0.99, 0.99, 0.99, 0.99, 0.9833333333333333, 0.9866666666666667, 0.9866666666666667, 0.9866666666666667, 0.9866666666666667, 0.99, 0.99, 0.9866666666666667, 0.99, 0.99, 0.9866666666666667, 0.9866666666666667, 0.9866666666666667, 0.9833333333333333, 0.9766666666666667, 0.9766666666666667, 0.97, 0.97, 0.97, 0.97, 0.9666666666666667, 0.9666666666666667, 0.9666666666666667, 0.97, 0.97, 0.97, 0.9866666666666667, 0.9866666666666667, 0.9866666666666667, 0.99, 0.99, 0.9933333333333333, 0.9933333333333333, 0.9933333333333333, 0.9933333333333333, 0.9933333333333333, 0.9933333333333333, 0.9933333333333333, 0.9933333333333333, 0.9933333333333333, 0.9933333333333333, 0.9933333333333333, 0.9933333333333333, 0.9933333333333333, 0.9933333333333333, 0.9933333333333333]
Final energies: [-140705.0, -496416.5625, -841642.6875, -1145038.375, -1384875.125, -1587634.75, -1765149.625, -1926443.25, -2063536.0, -2184180.75, -2291776.0, -2388345.5, -2477817.75, -2559106.5, -2632657.75, -2698242.5, -2757946.5, -2811537.0, -2860260.0, -2905734.5, -2946336.0, -2983082.75, -3016068.5, -3046473.75, -3074471.0, -3099906.5, -3108495.0, -3081040.5, -3063145.75, -3060006.5, -3053059.0, -3042400.75, -3024429.25, -3009670.0, -2996656.75, -2992444.0, -2986125.5, -2981305.5, -2983973.5, -2982529.5, -2981339.25, -2980571.75, -2980103.0, -2979620.25, -2980374.25, -2981111.0, -2877127.5, -2817743.5, -2769199.25, -2751831.0, -2742257.25, -2731539.5, -2719960.0, -2706050.0, -2691234.25, -2679461.5, -2669797.5, -2660163.5, -2652085.0, -2643913.0, -2640102.25, -2605440.75, -2593825.25, -2585457.75, -2585027.0, -2593410.75, -2609985.5, -2614134.5, -2619991.0, -2623897.75, -2633515.25, -2638702.5, -2644820.25, -2647196.5, -2651341.25, -2660527.0, -2664990.75, -2661146.25, -2630169.25, -2631675.0, -2638066.25, -2649456.25, -2656842.0, -2669096.0, -2685095.0, -2690154.5, -2694105.25, -2697550.5, -2701098.0, -2704680.0, -2708287.5, -2711960.0, -2715221.0, -2718694.0, -2721134.25, -2723411.5, -2725854.5, -2728641.0, -2731282.0, -2733681.5]
