Running with parameters: hidden=50, use_coupled=true, seed=84
Test Accuracy: 0.9200, Energy: -6.81
Time Taken:  12.945235013961792
Test Accuracy: 0.9200, Energy: -4.82
Time Taken:  12.91202712059021
Test Accuracy: 0.9200, Energy: -1.91
Time Taken:  12.956058740615845
Test Accuracy: 0.9200, Energy: -0.04
Time Taken:  13.015481948852539
Test Accuracy: 0.9200, Energy: 1.07
Time Taken:  12.905919075012207
Test Accuracy: 0.9200, Energy: -2.93
Time Taken:  12.907854318618774
Test Accuracy: 0.9200, Energy: -2.18
Time Taken:  12.919666290283203
Test Accuracy: 0.9200, Energy: -4.22
Time Taken:  12.915901184082031
Test Accuracy: 0.9200, Energy: -4.02
Time Taken:  12.917840957641602
Test Accuracy: 0.9200, Energy: -2.26
Time Taken:  12.920710325241089
Test Accuracy: 0.9200, Energy: -1.91
Time Taken:  12.957520723342896
Test Accuracy: 0.9200, Energy: -4.03
Time Taken:  13.068764448165894
Test Accuracy: 0.9200, Energy: -6.38
Time Taken:  12.911331415176392
Test Accuracy: 0.9200, Energy: -5.53
Time Taken:  12.94092583656311
Test Accuracy: 0.9200, Energy: -5.28
Time Taken:  12.912241697311401
Test Accuracy: 0.9200, Energy: -6.73
Time Taken:  12.934371948242188
Test Accuracy: 0.9200, Energy: -8.21
Time Taken:  12.944618701934814
Test Accuracy: 0.9200, Energy: -4.75
Time Taken:  12.940984725952148
Test Accuracy: 0.9200, Energy: -5.07
Time Taken:  12.917716264724731
Test Accuracy: 0.9200, Energy: -4.58
Time Taken:  13.021669864654541
Test Accuracy: 0.9200, Energy: -8.22
Time Taken:  12.929404497146606
Test Accuracy: 0.9200, Energy: -8.48
Time Taken:  12.916786909103394
Test Accuracy: 0.9200, Energy: -9.96
Time Taken:  12.939252376556396
Test Accuracy: 0.9167, Energy: -12.05
Time Taken:  12.928892374038696
Test Accuracy: 0.9167, Energy: -13.15
Time Taken:  12.938454389572144
Test Accuracy: 0.9167, Energy: -13.85
Time Taken:  12.944342136383057
Test Accuracy: 0.9167, Energy: -12.91
Time Taken:  12.949875831604004
Test Accuracy: 0.9167, Energy: -13.78
Time Taken:  12.983952760696411
Test Accuracy: 0.9167, Energy: -17.05
Time Taken:  12.889051914215088
Test Accuracy: 0.9167, Energy: -15.85
Time Taken:  12.931195497512817
Test Accuracy: 0.9167, Energy: -18.05
Time Taken:  12.940948009490967
Test Accuracy: 0.9200, Energy: -21.72
Time Taken:  12.924025774002075
Test Accuracy: 0.9200, Energy: -21.14
Time Taken:  12.936676979064941
Test Accuracy: 0.9200, Energy: -20.54
Time Taken:  12.94457745552063
Test Accuracy: 0.9200, Energy: -24.61
Time Taken:  12.951834440231323
Test Accuracy: 0.9200, Energy: -27.27
Time Taken:  13.033114910125732
Test Accuracy: 0.9200, Energy: -25.22
Time Taken:  12.954271078109741
Test Accuracy: 0.9200, Energy: -23.58
Time Taken:  12.930650472640991
Test Accuracy: 0.9200, Energy: -24.27
Time Taken:  12.954894304275513
Test Accuracy: 0.9200, Energy: -21.55
Time Taken:  12.942566871643066
Test Accuracy: 0.9200, Energy: -21.30
Time Taken:  12.972163915634155
Test Accuracy: 0.9200, Energy: -20.99
Time Taken:  12.966054677963257
Test Accuracy: 0.9200, Energy: -20.36
Time Taken:  12.957237482070923
Test Accuracy: 0.9300, Energy: -19.51
Time Taken:  12.996465921401978
Test Accuracy: 0.9300, Energy: -19.03
Time Taken:  12.932896375656128
Test Accuracy: 0.9300, Energy: -19.00
Time Taken:  12.936326026916504
Test Accuracy: 0.9300, Energy: -16.52
Time Taken:  12.938923835754395
Test Accuracy: 0.9300, Energy: -17.52
Time Taken:  12.97679615020752
Test Accuracy: 0.9300, Energy: -17.48
Time Taken:  12.955691814422607
Test Accuracy: 0.9300, Energy: -16.98
Time Taken:  12.956393480300903
Test Accuracy: 0.9300, Energy: -16.20
Time Taken:  12.969398498535156
Test Accuracy: 0.9300, Energy: -11.42
Time Taken:  13.012991428375244
Test Accuracy: 0.9300, Energy: -13.06
Time Taken:  12.911350965499878
Test Accuracy: 0.9300, Energy: -10.14
Time Taken:  12.952438592910767
Test Accuracy: 0.9267, Energy: -10.64
Time Taken:  12.963501691818237
Test Accuracy: 0.9267, Energy: -10.24
Time Taken:  12.924781799316406
Test Accuracy: 0.9267, Energy: -9.95
Time Taken:  12.96110486984253
Test Accuracy: 0.9267, Energy: -7.53
Time Taken:  12.960867404937744
Test Accuracy: 0.9267, Energy: -7.23
Time Taken:  13.03199028968811
Test Accuracy: 0.9300, Energy: -10.67
Time Taken:  12.914149761199951
Test Accuracy: 0.9300, Energy: -12.78
Time Taken:  12.924855709075928
Test Accuracy: 0.9300, Energy: -10.64
Time Taken:  12.94907283782959
Test Accuracy: 0.9300, Energy: -11.20
Time Taken:  12.949064254760742
Test Accuracy: 0.9300, Energy: -7.78
Time Taken:  12.962429285049438
Test Accuracy: 0.9300, Energy: -9.86
Time Taken:  12.95845627784729
Test Accuracy: 0.9300, Energy: -10.65
Time Taken:  12.94914698600769
Test Accuracy: 0.9300, Energy: -11.79
Time Taken:  12.99862003326416
Test Accuracy: 0.9300, Energy: -11.96
Time Taken:  12.929906129837036
Test Accuracy: 0.9300, Energy: -11.90
Time Taken:  12.917410373687744
Test Accuracy: 0.9267, Energy: -10.54
Time Taken:  12.980750322341919
Test Accuracy: 0.9267, Energy: -9.75
Time Taken:  12.942549228668213
Test Accuracy: 0.9267, Energy: -12.24
Time Taken:  12.931140422821045
Test Accuracy: 0.9267, Energy: -15.25
Time Taken:  12.994129657745361
Test Accuracy: 0.9267, Energy: -17.07
Time Taken:  12.979155540466309
Test Accuracy: 0.9267, Energy: -19.05
Time Taken:  13.02871584892273
Test Accuracy: 0.9300, Energy: -19.52
Time Taken:  12.958210945129395
Test Accuracy: 0.9300, Energy: -23.10
Time Taken:  12.93888258934021
Test Accuracy: 0.9300, Energy: -22.76
Time Taken:  12.944355249404907
Test Accuracy: 0.9300, Energy: -21.99
Time Taken:  12.926195621490479
Test Accuracy: 0.9300, Energy: -20.42
Time Taken:  12.931941747665405
Test Accuracy: 0.9300, Energy: -18.68
Time Taken:  12.946662187576294
Test Accuracy: 0.9300, Energy: -24.45
Time Taken:  12.954807996749878
Test Accuracy: 0.9267, Energy: -25.12
Time Taken:  13.004003047943115
Test Accuracy: 0.9267, Energy: -23.25
Time Taken:  12.918809413909912
Test Accuracy: 0.9267, Energy: -23.79
Time Taken:  12.911989450454712
Test Accuracy: 0.9267, Energy: -20.77
Time Taken:  12.94261121749878
Test Accuracy: 0.9267, Energy: -19.94
Time Taken:  12.951807498931885
Test Accuracy: 0.9267, Energy: -18.68
Time Taken:  12.972532987594604
Test Accuracy: 0.9267, Energy: -19.98
Time Taken:  12.945508480072021
Test Accuracy: 0.9267, Energy: -22.18
Time Taken:  12.96491289138794
Test Accuracy: 0.9267, Energy: -22.05
Time Taken:  13.029067039489746
Test Accuracy: 0.9267, Energy: -21.83
Time Taken:  12.935195922851562
Test Accuracy: 0.9267, Energy: -21.55
Time Taken:  12.961446523666382
Test Accuracy: 0.9267, Energy: -19.47
Time Taken:  12.951264381408691
Test Accuracy: 0.9133, Energy: -22.91
Time Taken:  12.942004919052124
Test Accuracy: 0.9133, Energy: -23.88
Time Taken:  12.972545146942139
Test Accuracy: 0.9133, Energy: -22.10
Time Taken:  12.961230754852295
Test Accuracy: 0.9133, Energy: -23.08
Time Taken:  12.93459701538086
Test Accuracy: 0.9133, Energy: -28.17
Time Taken:  12.978038311004639
Test Accuracy: 0.9133, Energy: -29.08
Time Taken:  13.064997673034668
Final accuracies: [0.92, 0.92, 0.92, 0.92, 0.92, 0.92, 0.92, 0.92, 0.92, 0.92, 0.92, 0.92, 0.92, 0.92, 0.92, 0.92, 0.92, 0.92, 0.92, 0.92, 0.92, 0.92, 0.92, 0.9166666666666666, 0.9166666666666666, 0.9166666666666666, 0.9166666666666666, 0.9166666666666666, 0.9166666666666666, 0.9166666666666666, 0.9166666666666666, 0.92, 0.92, 0.92, 0.92, 0.92, 0.92, 0.92, 0.92, 0.92, 0.92, 0.92, 0.92, 0.93, 0.93, 0.93, 0.93, 0.93, 0.93, 0.93, 0.93, 0.93, 0.93, 0.93, 0.9266666666666666, 0.9266666666666666, 0.9266666666666666, 0.9266666666666666, 0.9266666666666666, 0.93, 0.93, 0.93, 0.93, 0.93, 0.93, 0.93, 0.93, 0.93, 0.93, 0.9266666666666666, 0.9266666666666666, 0.9266666666666666, 0.9266666666666666, 0.9266666666666666, 0.9266666666666666, 0.93, 0.93, 0.93, 0.93, 0.93, 0.93, 0.93, 0.9266666666666666, 0.9266666666666666, 0.9266666666666666, 0.9266666666666666, 0.9266666666666666, 0.9266666666666666, 0.9266666666666666, 0.9266666666666666, 0.9266666666666666, 0.9266666666666666, 0.9266666666666666, 0.9266666666666666, 0.9133333333333333, 0.9133333333333333, 0.9133333333333333, 0.9133333333333333, 0.9133333333333333, 0.9133333333333333]
Final energies: [-6.808024883270264, -4.824806213378906, -1.9079866409301758, -0.03585916757583618, 1.0704882144927979, -2.9327077865600586, -2.184018135070801, -4.215814113616943, -4.0239949226379395, -2.2594830989837646, -1.907645583152771, -4.02728796005249, -6.3847808837890625, -5.531948089599609, -5.280089855194092, -6.73021936416626, -8.214855194091797, -4.745652198791504, -5.066829681396484, -4.582116603851318, -8.223193168640137, -8.480262756347656, -9.959099769592285, -12.050776481628418, -13.148577690124512, -13.84561538696289, -12.909005165100098, -13.775702476501465, -17.05089569091797, -15.85092544555664, -18.0462589263916, -21.719289779663086, -21.13971519470215, -20.537004470825195, -24.61288070678711, -27.27373695373535, -25.219825744628906, -23.5787410736084, -24.266740798950195, -21.554210662841797, -21.29823875427246, -20.993423461914062, -20.359769821166992, -19.510833740234375, -19.032730102539062, -18.999710083007812, -16.520618438720703, -17.518461227416992, -17.47504425048828, -16.976682662963867, -16.199291229248047, -11.419041633605957, -13.055757522583008, -10.136240005493164, -10.635223388671875, -10.238079071044922, -9.947507858276367, -7.528439044952393, -7.233834266662598, -10.67464828491211, -12.78322982788086, -10.644822120666504, -11.201841354370117, -7.784882545471191, -9.863497734069824, -10.648565292358398, -11.792498588562012, -11.961981773376465, -11.904123306274414, -10.53620433807373, -9.753313064575195, -12.237445831298828, -15.24944019317627, -17.068788528442383, -19.04970359802246, -19.515033721923828, -23.097272872924805, -22.763967514038086, -21.993255615234375, -20.415172576904297, -18.683286666870117, -24.45449447631836, -25.120973587036133, -23.25372886657715, -23.78504753112793, -20.766115188598633, -19.943374633789062, -18.67887306213379, -19.977392196655273, -22.18104362487793, -22.052345275878906, -21.826662063598633, -21.552949905395508, -19.468034744262695, -22.914705276489258, -23.879926681518555, -22.097627639770508, -23.076862335205078, -28.173242568969727, -29.07691192626953]
