Running with parameters: hidden=50, use_coupled=true, seed=17
Test Accuracy: 0.9033, Energy: -1.57
Time Taken:  12.674030780792236
Test Accuracy: 0.9200, Energy: -0.77
Time Taken:  12.559284925460815
Test Accuracy: 0.9200, Energy: -2.08
Time Taken:  12.582952737808228
Test Accuracy: 0.9200, Energy: -3.52
Time Taken:  12.670301675796509
Test Accuracy: 0.9200, Energy: -0.69
Time Taken:  12.572509050369263
Test Accuracy: 0.9200, Energy: 0.48
Time Taken:  12.563849925994873
Test Accuracy: 0.9200, Energy: 0.08
Time Taken:  12.600319147109985
Test Accuracy: 0.9200, Energy: -0.84
Time Taken:  12.606029510498047
Test Accuracy: 0.9200, Energy: -0.72
Time Taken:  12.600611686706543
Test Accuracy: 0.9200, Energy: -1.01
Time Taken:  12.602314710617065
Test Accuracy: 0.9200, Energy: -0.43
Time Taken:  12.610487222671509
Test Accuracy: 0.9200, Energy: 0.96
Time Taken:  12.680699110031128
Test Accuracy: 0.9200, Energy: 1.83
Time Taken:  12.599493980407715
Test Accuracy: 0.9167, Energy: 3.96
Time Taken:  12.600403070449829
Test Accuracy: 0.9133, Energy: 3.07
Time Taken:  12.59624981880188
Test Accuracy: 0.9133, Energy: 3.05
Time Taken:  12.618531227111816
Test Accuracy: 0.9133, Energy: -0.15
Time Taken:  12.613534927368164
Test Accuracy: 0.9133, Energy: -0.49
Time Taken:  12.608387231826782
Test Accuracy: 0.9100, Energy: -2.30
Time Taken:  12.608690977096558
Test Accuracy: 0.9167, Energy: -3.62
Time Taken:  12.67672848701477
Test Accuracy: 0.9167, Energy: -2.03
Time Taken:  12.602418422698975
Test Accuracy: 0.9200, Energy: -0.77
Time Taken:  12.596018075942993
Test Accuracy: 0.9233, Energy: -1.59
Time Taken:  12.593841075897217
Test Accuracy: 0.9233, Energy: -1.97
Time Taken:  12.608778953552246
Test Accuracy: 0.9200, Energy: 0.02
Time Taken:  12.614985704421997
Test Accuracy: 0.9200, Energy: -1.07
Time Taken:  12.617318391799927
Test Accuracy: 0.9200, Energy: -1.57
Time Taken:  12.60862135887146
Test Accuracy: 0.9167, Energy: -2.21
Time Taken:  12.656452655792236
Test Accuracy: 0.9167, Energy: -2.82
Time Taken:  12.581371068954468
Test Accuracy: 0.9167, Energy: -5.54
Time Taken:  12.60433292388916
Test Accuracy: 0.9167, Energy: -4.91
Time Taken:  12.603565216064453
Test Accuracy: 0.9200, Energy: -5.42
Time Taken:  12.612094640731812
Test Accuracy: 0.9200, Energy: -2.84
Time Taken:  12.601969957351685
Test Accuracy: 0.9200, Energy: -3.80
Time Taken:  12.615845441818237
Test Accuracy: 0.9200, Energy: -1.35
Time Taken:  12.60378098487854
Test Accuracy: 0.9200, Energy: -3.43
Time Taken:  12.66015076637268
Test Accuracy: 0.9200, Energy: -2.94
Time Taken:  12.59981656074524
Test Accuracy: 0.9200, Energy: 0.82
Time Taken:  12.608936071395874
Test Accuracy: 0.9200, Energy: 2.39
Time Taken:  12.605931758880615
Test Accuracy: 0.9233, Energy: 0.67
Time Taken:  12.616249084472656
Test Accuracy: 0.9233, Energy: 0.37
Time Taken:  12.622306823730469
Test Accuracy: 0.9233, Energy: -0.21
Time Taken:  12.620959758758545
Test Accuracy: 0.9233, Energy: -2.37
Time Taken:  12.624068260192871
Test Accuracy: 0.9233, Energy: -1.81
Time Taken:  12.632361650466919
Test Accuracy: 0.9233, Energy: -1.76
Time Taken:  12.580915451049805
Test Accuracy: 0.9233, Energy: 0.82
Time Taken:  12.61999225616455
Test Accuracy: 0.9233, Energy: 0.97
Time Taken:  12.625330924987793
Test Accuracy: 0.9233, Energy: 3.28
Time Taken:  12.597972393035889
Test Accuracy: 0.9233, Energy: 6.18
Time Taken:  12.615467071533203
Test Accuracy: 0.9233, Energy: 8.48
Time Taken:  12.61603045463562
Test Accuracy: 0.9200, Energy: 8.62
Time Taken:  12.60442042350769
Test Accuracy: 0.9200, Energy: 6.90
Time Taken:  12.654490232467651
Test Accuracy: 0.9200, Energy: 6.41
Time Taken:  12.58553695678711
Test Accuracy: 0.9200, Energy: 3.40
Time Taken:  12.589828729629517
Test Accuracy: 0.9200, Energy: 0.70
Time Taken:  12.606889963150024
Test Accuracy: 0.9200, Energy: 0.60
Time Taken:  12.619153022766113
Test Accuracy: 0.9200, Energy: -0.93
Time Taken:  12.609014749526978
Test Accuracy: 0.9200, Energy: 0.91
Time Taken:  12.622695684432983
Test Accuracy: 0.9200, Energy: 0.07
Time Taken:  12.678090572357178
Test Accuracy: 0.9200, Energy: -0.83
Time Taken:  12.579975366592407
Test Accuracy: 0.9200, Energy: -2.69
Time Taken:  12.577540636062622
Test Accuracy: 0.9200, Energy: -1.18
Time Taken:  12.625201940536499
Test Accuracy: 0.9200, Energy: -4.40
Time Taken:  12.605327606201172
Test Accuracy: 0.9200, Energy: -5.24
Time Taken:  12.581424713134766
Test Accuracy: 0.9167, Energy: -2.75
Time Taken:  12.604939937591553
Test Accuracy: 0.9167, Energy: -2.48
Time Taken:  12.597247838973999
Test Accuracy: 0.9133, Energy: -4.93
Time Taken:  12.666337013244629
Test Accuracy: 0.9133, Energy: -5.60
Time Taken:  12.562601566314697
Test Accuracy: 0.9133, Energy: -3.16
Time Taken:  12.565303325653076
Test Accuracy: 0.9133, Energy: -1.57
Time Taken:  12.590358257293701
Test Accuracy: 0.9133, Energy: -1.28
Time Taken:  12.60118293762207
Test Accuracy: 0.9133, Energy: -5.77
Time Taken:  12.590524196624756
Test Accuracy: 0.9133, Energy: -5.09
Time Taken:  12.610523462295532
Test Accuracy: 0.9133, Energy: -3.24
Time Taken:  12.607048034667969
Test Accuracy: 0.9133, Energy: -5.17
Time Taken:  12.672626972198486
Test Accuracy: 0.9133, Energy: -4.51
Time Taken:  12.602474689483643
Test Accuracy: 0.9133, Energy: -6.96
Time Taken:  12.599807024002075
Test Accuracy: 0.9133, Energy: -6.69
Time Taken:  12.592631101608276
Test Accuracy: 0.9133, Energy: -3.74
Time Taken:  12.61590576171875
Test Accuracy: 0.9133, Energy: -3.09
Time Taken:  12.602107286453247
Test Accuracy: 0.9167, Energy: -2.04
Time Taken:  12.625930309295654
Test Accuracy: 0.9167, Energy: -2.85
Time Taken:  12.610453367233276
Test Accuracy: 0.9167, Energy: 0.26
Time Taken:  12.664181232452393
Test Accuracy: 0.9167, Energy: -5.65
Time Taken:  12.571609735488892
Test Accuracy: 0.9167, Energy: -7.27
Time Taken:  12.586595296859741
Test Accuracy: 0.9167, Energy: -5.71
Time Taken:  12.616459369659424
Test Accuracy: 0.9133, Energy: -7.20
Time Taken:  12.618929147720337
Test Accuracy: 0.9133, Energy: -4.76
Time Taken:  12.617413759231567
Test Accuracy: 0.9133, Energy: -2.58
Time Taken:  12.601456642150879
Test Accuracy: 0.9167, Energy: -2.56
Time Taken:  12.596785545349121
Test Accuracy: 0.9167, Energy: -3.18
Time Taken:  12.651955604553223
Test Accuracy: 0.9167, Energy: -1.07
Time Taken:  12.584328174591064
Test Accuracy: 0.9167, Energy: 1.08
Time Taken:  12.61803936958313
Test Accuracy: 0.9167, Energy: -0.27
Time Taken:  12.60609245300293
Test Accuracy: 0.9167, Energy: -3.01
Time Taken:  12.5918128490448
Test Accuracy: 0.9167, Energy: -2.86
Time Taken:  12.595619201660156
Test Accuracy: 0.9167, Energy: -1.42
Time Taken:  12.591181516647339
Test Accuracy: 0.9167, Energy: -2.43
Time Taken:  12.585664510726929
Test Accuracy: 0.9167, Energy: -2.11
Time Taken:  12.62592363357544
Test Accuracy: 0.9167, Energy: -2.26
Time Taken:  12.561214685440063
Final accuracies: [0.9033333333333333, 0.92, 0.92, 0.92, 0.92, 0.92, 0.92, 0.92, 0.92, 0.92, 0.92, 0.92, 0.92, 0.9166666666666666, 0.9133333333333333, 0.9133333333333333, 0.9133333333333333, 0.9133333333333333, 0.91, 0.9166666666666666, 0.9166666666666666, 0.92, 0.9233333333333333, 0.9233333333333333, 0.92, 0.92, 0.92, 0.9166666666666666, 0.9166666666666666, 0.9166666666666666, 0.9166666666666666, 0.92, 0.92, 0.92, 0.92, 0.92, 0.92, 0.92, 0.92, 0.9233333333333333, 0.9233333333333333, 0.9233333333333333, 0.9233333333333333, 0.9233333333333333, 0.9233333333333333, 0.9233333333333333, 0.9233333333333333, 0.9233333333333333, 0.9233333333333333, 0.9233333333333333, 0.92, 0.92, 0.92, 0.92, 0.92, 0.92, 0.92, 0.92, 0.92, 0.92, 0.92, 0.92, 0.92, 0.92, 0.9166666666666666, 0.9166666666666666, 0.9133333333333333, 0.9133333333333333, 0.9133333333333333, 0.9133333333333333, 0.9133333333333333, 0.9133333333333333, 0.9133333333333333, 0.9133333333333333, 0.9133333333333333, 0.9133333333333333, 0.9133333333333333, 0.9133333333333333, 0.9133333333333333, 0.9133333333333333, 0.9166666666666666, 0.9166666666666666, 0.9166666666666666, 0.9166666666666666, 0.9166666666666666, 0.9166666666666666, 0.9133333333333333, 0.9133333333333333, 0.9133333333333333, 0.9166666666666666, 0.9166666666666666, 0.9166666666666666, 0.9166666666666666, 0.9166666666666666, 0.9166666666666666, 0.9166666666666666, 0.9166666666666666, 0.9166666666666666, 0.9166666666666666, 0.9166666666666666]
Final energies: [-1.5685385465621948, -0.7714810371398926, -2.077648401260376, -3.5193231105804443, -0.694391667842865, 0.47760289907455444, 0.07808730006217957, -0.8371845483779907, -0.721063494682312, -1.0095853805541992, -0.42978090047836304, 0.9604055881500244, 1.826276183128357, 3.9637465476989746, 3.0734078884124756, 3.050797700881958, -0.15015383064746857, -0.4909448027610779, -2.3045971393585205, -3.61650013923645, -2.034332513809204, -0.768804132938385, -1.5874338150024414, -1.9743283987045288, 0.017469167709350586, -1.0724892616271973, -1.5695892572402954, -2.2132046222686768, -2.823580265045166, -5.543933868408203, -4.908660411834717, -5.424520015716553, -2.8367562294006348, -3.797422409057617, -1.3545033931732178, -3.4324448108673096, -2.9391138553619385, 0.8221575021743774, 2.387293577194214, 0.6748415231704712, 0.3723164200782776, -0.20688924193382263, -2.371351957321167, -1.8059173822402954, -1.764042854309082, 0.821622371673584, 0.9740967154502869, 3.284855842590332, 6.183116436004639, 8.48330307006836, 8.620200157165527, 6.899871826171875, 6.410769939422607, 3.3999390602111816, 0.6992683410644531, 0.6027206182479858, -0.9272504448890686, 0.9146230816841125, 0.0674099326133728, -0.8285987973213196, -2.685899496078491, -1.1796891689300537, -4.404611587524414, -5.241775989532471, -2.7485127449035645, -2.4793949127197266, -4.934165000915527, -5.599566459655762, -3.158701181411743, -1.5689268112182617, -1.2766858339309692, -5.7727227210998535, -5.092679500579834, -3.2436087131500244, -5.17352294921875, -4.5137858390808105, -6.959731578826904, -6.689784049987793, -3.743077516555786, -3.087190866470337, -2.038463830947876, -2.8528079986572266, 0.26361802220344543, -5.646857261657715, -7.272889137268066, -5.714467525482178, -7.200372219085693, -4.760909080505371, -2.5802299976348877, -2.5613210201263428, -3.1795623302459717, -1.0724945068359375, 1.0815324783325195, -0.2654843330383301, -3.0050268173217773, -2.858299732208252, -1.4182238578796387, -2.4266698360443115, -2.1089928150177, -2.2631173133850098]
