Running with parameters: hidden=50, use_coupled=true, seed=64
Test Accuracy: 0.8500, Energy: -83.38
Time Taken:  16.74893879890442
Test Accuracy: 0.8500, Energy: -83.12
Time Taken:  16.641109943389893
Test Accuracy: 0.8500, Energy: -80.20
Time Taken:  16.55719017982483
Test Accuracy: 0.8500, Energy: -79.91
Time Taken:  16.86586570739746
Test Accuracy: 0.8500, Energy: -78.64
Time Taken:  16.563153743743896
Test Accuracy: 0.8500, Energy: -80.23
Time Taken:  16.58064866065979
Test Accuracy: 0.8633, Energy: -80.02
Time Taken:  16.620241403579712
Test Accuracy: 0.8633, Energy: -78.23
Time Taken:  16.706463098526
Test Accuracy: 0.8633, Energy: -76.35
Time Taken:  16.60201382637024
Test Accuracy: 0.8633, Energy: -81.32
Time Taken:  16.556298971176147
Test Accuracy: 0.8633, Energy: -81.54
Time Taken:  16.61134171485901
Test Accuracy: 0.8633, Energy: -83.65
Time Taken:  16.72389817237854
Test Accuracy: 0.8667, Energy: -79.00
Time Taken:  16.54959464073181
Test Accuracy: 0.8667, Energy: -82.54
Time Taken:  16.658883810043335
Test Accuracy: 0.8667, Energy: -82.48
Time Taken:  16.746705293655396
Test Accuracy: 0.8667, Energy: -84.90
Time Taken:  16.608010292053223
Test Accuracy: 0.8667, Energy: -84.98
Time Taken:  16.637745141983032
Test Accuracy: 0.8667, Energy: -81.94
Time Taken:  16.51805806159973
Test Accuracy: 0.8300, Energy: -81.45
Time Taken:  16.621060609817505
Test Accuracy: 0.8300, Energy: -79.68
Time Taken:  16.622173309326172
Test Accuracy: 0.8267, Energy: -82.32
Time Taken:  16.61754846572876
Test Accuracy: 0.8267, Energy: -82.79
Time Taken:  16.48698592185974
Test Accuracy: 0.8267, Energy: -82.97
Time Taken:  16.5948543548584
Test Accuracy: 0.8267, Energy: -82.28
Time Taken:  16.563254594802856
Test Accuracy: 0.8267, Energy: -75.39
Time Taken:  16.56205177307129
Test Accuracy: 0.8267, Energy: -76.21
Time Taken:  16.53934597969055
Test Accuracy: 0.8267, Energy: -73.82
Time Taken:  16.551065683364868
Test Accuracy: 0.8267, Energy: -75.31
Time Taken:  16.54044485092163
Test Accuracy: 0.8533, Energy: -74.60
Time Taken:  16.572479248046875
Test Accuracy: 0.8533, Energy: -78.12
Time Taken:  16.503222942352295
Test Accuracy: 0.8533, Energy: -79.15
Time Taken:  16.48940896987915
Test Accuracy: 0.8567, Energy: -80.09
Time Taken:  16.46578288078308
Test Accuracy: 0.8567, Energy: -82.28
Time Taken:  16.470077753067017
Test Accuracy: 0.8567, Energy: -80.73
Time Taken:  16.479814529418945
Test Accuracy: 0.8567, Energy: -82.80
Time Taken:  16.48578453063965
Test Accuracy: 0.8567, Energy: -78.61
Time Taken:  16.740278005599976
Test Accuracy: 0.8567, Energy: -77.16
Time Taken:  16.566776990890503
Test Accuracy: 0.8567, Energy: -79.29
Time Taken:  16.538912534713745
Test Accuracy: 0.8567, Energy: -78.79
Time Taken:  16.452860116958618
Test Accuracy: 0.8567, Energy: -80.66
Time Taken:  16.616865158081055
Test Accuracy: 0.8567, Energy: -80.75
Time Taken:  16.407954692840576
Test Accuracy: 0.8567, Energy: -83.85
Time Taken:  16.67649483680725
Test Accuracy: 0.8567, Energy: -83.60
Time Taken:  16.61106300354004
Test Accuracy: 0.8567, Energy: -85.79
Time Taken:  16.781090021133423
Test Accuracy: 0.8567, Energy: -84.83
Time Taken:  16.45455265045166
Test Accuracy: 0.8567, Energy: -86.14
Time Taken:  16.53114414215088
Test Accuracy: 0.8567, Energy: -91.02
Time Taken:  16.539559364318848
Test Accuracy: 0.8567, Energy: -91.82
Time Taken:  16.410979747772217
Test Accuracy: 0.8567, Energy: -93.27
Time Taken:  16.429556131362915
Test Accuracy: 0.8567, Energy: -95.23
Time Taken:  16.441577434539795
Test Accuracy: 0.8567, Energy: -88.74
Time Taken:  16.5107581615448
Test Accuracy: 0.8567, Energy: -88.02
Time Taken:  16.462730646133423
Test Accuracy: 0.8567, Energy: -87.83
Time Taken:  16.46538996696472
Test Accuracy: 0.8567, Energy: -90.85
Time Taken:  16.492544651031494
Test Accuracy: 0.8567, Energy: -91.09
Time Taken:  16.46590828895569
Test Accuracy: 0.8567, Energy: -90.82
Time Taken:  16.426069498062134
Test Accuracy: 0.8567, Energy: -91.34
Time Taken:  16.42243003845215
Test Accuracy: 0.8567, Energy: -89.62
Time Taken:  16.507102966308594
Test Accuracy: 0.8567, Energy: -91.03
Time Taken:  16.53575897216797
Test Accuracy: 0.8567, Energy: -90.24
Time Taken:  16.544284343719482
Test Accuracy: 0.8567, Energy: -90.64
Time Taken:  16.609291076660156
Test Accuracy: 0.8567, Energy: -93.34
Time Taken:  16.64588952064514
Test Accuracy: 0.8567, Energy: -90.09
Time Taken:  16.396740913391113
Test Accuracy: 0.8567, Energy: -91.56
Time Taken:  16.53013038635254
Test Accuracy: 0.8567, Energy: -92.35
Time Taken:  16.417419910430908
Test Accuracy: 0.8567, Energy: -93.91
Time Taken:  16.53844451904297
Test Accuracy: 0.8567, Energy: -100.45
Time Taken:  16.454885005950928
Test Accuracy: 0.8567, Energy: -99.12
Time Taken:  16.376502752304077
Test Accuracy: 0.8567, Energy: -105.57
Time Taken:  16.343116760253906
Test Accuracy: 0.8567, Energy: -108.29
Time Taken:  16.33716607093811
Test Accuracy: 0.8567, Energy: -111.84
Time Taken:  16.300814628601074
Test Accuracy: 0.8567, Energy: -112.35
Time Taken:  16.32294464111328
Test Accuracy: 0.8567, Energy: -109.26
Time Taken:  16.393275499343872
Test Accuracy: 0.8533, Energy: -107.83
Time Taken:  16.277283430099487
Test Accuracy: 0.8533, Energy: -106.81
Time Taken:  16.517747402191162
Test Accuracy: 0.8533, Energy: -106.06
Time Taken:  16.352092027664185
Test Accuracy: 0.8533, Energy: -103.59
Time Taken:  17.39927053451538
Test Accuracy: 0.8267, Energy: -101.36
Time Taken:  17.449469804763794
Test Accuracy: 0.8267, Energy: -102.74
Time Taken:  17.505402088165283
Test Accuracy: 0.8267, Energy: -98.97
Time Taken:  17.495256900787354
Test Accuracy: 0.8267, Energy: -93.90
Time Taken:  17.533241271972656
Test Accuracy: 0.8267, Energy: -96.84
Time Taken:  17.644325971603394
Test Accuracy: 0.8267, Energy: -94.40
Time Taken:  17.698641300201416
Test Accuracy: 0.8300, Energy: -93.01
Time Taken:  17.468160152435303
Test Accuracy: 0.8300, Energy: -91.96
Time Taken:  17.41697907447815
Test Accuracy: 0.8267, Energy: -89.75
Time Taken:  17.62990641593933
Test Accuracy: 0.8267, Energy: -89.83
Time Taken:  17.535946130752563
Test Accuracy: 0.8267, Energy: -88.48
Time Taken:  17.502942085266113
Test Accuracy: 0.8267, Energy: -94.56
Time Taken:  17.492334365844727
Test Accuracy: 0.8267, Energy: -97.92
Time Taken:  17.38498330116272
Test Accuracy: 0.8267, Energy: -97.47
Time Taken:  17.685078620910645
Test Accuracy: 0.8267, Energy: -100.24
Time Taken:  17.36293125152588
Test Accuracy: 0.8267, Energy: -97.46
Time Taken:  17.423998594284058
Test Accuracy: 0.8267, Energy: -105.62
Time Taken:  17.433415174484253
Test Accuracy: 0.8267, Energy: -110.28
Time Taken:  17.434231996536255
Test Accuracy: 0.8267, Energy: -113.10
Time Taken:  17.444222450256348
Test Accuracy: 0.8267, Energy: -117.66
Time Taken:  17.448055028915405
Test Accuracy: 0.8267, Energy: -115.84
Time Taken:  17.380669355392456
Test Accuracy: 0.8267, Energy: -119.56
Time Taken:  17.478259563446045
Test Accuracy: 0.8267, Energy: -118.38
Time Taken:  15.835758686065674
Final accuracies: [0.85, 0.85, 0.85, 0.85, 0.85, 0.85, 0.8633333333333333, 0.8633333333333333, 0.8633333333333333, 0.8633333333333333, 0.8633333333333333, 0.8633333333333333, 0.8666666666666667, 0.8666666666666667, 0.8666666666666667, 0.8666666666666667, 0.8666666666666667, 0.8666666666666667, 0.83, 0.83, 0.8266666666666667, 0.8266666666666667, 0.8266666666666667, 0.8266666666666667, 0.8266666666666667, 0.8266666666666667, 0.8266666666666667, 0.8266666666666667, 0.8533333333333334, 0.8533333333333334, 0.8533333333333334, 0.8566666666666667, 0.8566666666666667, 0.8566666666666667, 0.8566666666666667, 0.8566666666666667, 0.8566666666666667, 0.8566666666666667, 0.8566666666666667, 0.8566666666666667, 0.8566666666666667, 0.8566666666666667, 0.8566666666666667, 0.8566666666666667, 0.8566666666666667, 0.8566666666666667, 0.8566666666666667, 0.8566666666666667, 0.8566666666666667, 0.8566666666666667, 0.8566666666666667, 0.8566666666666667, 0.8566666666666667, 0.8566666666666667, 0.8566666666666667, 0.8566666666666667, 0.8566666666666667, 0.8566666666666667, 0.8566666666666667, 0.8566666666666667, 0.8566666666666667, 0.8566666666666667, 0.8566666666666667, 0.8566666666666667, 0.8566666666666667, 0.8566666666666667, 0.8566666666666667, 0.8566666666666667, 0.8566666666666667, 0.8566666666666667, 0.8566666666666667, 0.8566666666666667, 0.8566666666666667, 0.8533333333333334, 0.8533333333333334, 0.8533333333333334, 0.8533333333333334, 0.8266666666666667, 0.8266666666666667, 0.8266666666666667, 0.8266666666666667, 0.8266666666666667, 0.8266666666666667, 0.83, 0.83, 0.8266666666666667, 0.8266666666666667, 0.8266666666666667, 0.8266666666666667, 0.8266666666666667, 0.8266666666666667, 0.8266666666666667, 0.8266666666666667, 0.8266666666666667, 0.8266666666666667, 0.8266666666666667, 0.8266666666666667, 0.8266666666666667, 0.8266666666666667, 0.8266666666666667]
Final energies: [-83.38109588623047, -83.11703491210938, -80.2021713256836, -79.91216278076172, -78.64099884033203, -80.23209381103516, -80.01641845703125, -78.23472595214844, -76.3542251586914, -81.32139587402344, -81.5396499633789, -83.64962005615234, -78.99993133544922, -82.54460144042969, -82.47940826416016, -84.89795684814453, -84.97560119628906, -81.93558502197266, -81.45148468017578, -79.68246459960938, -82.31977081298828, -82.79133605957031, -82.97360229492188, -82.28353118896484, -75.39373779296875, -76.21263122558594, -73.82396697998047, -75.30711364746094, -74.60344696044922, -78.11590576171875, -79.15269470214844, -80.09485626220703, -82.27775573730469, -80.73077392578125, -82.80358123779297, -78.60603332519531, -77.15754699707031, -79.29166412353516, -78.78915405273438, -80.66276550292969, -80.75337219238281, -83.84770965576172, -83.59566497802734, -85.79097747802734, -84.83029174804688, -86.14400482177734, -91.02139282226562, -91.82093048095703, -93.27169799804688, -95.23363494873047, -88.73979949951172, -88.02124786376953, -87.8310317993164, -90.85314178466797, -91.09257507324219, -90.81562042236328, -91.34333801269531, -89.61720275878906, -91.03167724609375, -90.23518371582031, -90.63699340820312, -93.3401870727539, -90.08556365966797, -91.56074523925781, -92.3533935546875, -93.91057586669922, -100.44608306884766, -99.12354278564453, -105.57288360595703, -108.2876205444336, -111.84024810791016, -112.35175323486328, -109.26066589355469, -107.83213806152344, -106.81330108642578, -106.06163024902344, -103.59156036376953, -101.3629150390625, -102.73553466796875, -98.97392272949219, -93.89958190917969, -96.84310150146484, -94.40264129638672, -93.01081085205078, -91.96306610107422, -89.75304412841797, -89.83094787597656, -88.48163604736328, -94.55873107910156, -97.91603088378906, -97.46707153320312, -100.23809814453125, -97.46492004394531, -105.62428283691406, -110.28140258789062, -113.09564208984375, -117.65959930419922, -115.84048461914062, -119.55591583251953, -118.37872314453125]
