Running with parameters: hidden=50, use_coupled=false, seed=80, lam=0.0, eta=0.0, batch=50
Test Loss: 0.0000, Test Accuracy: 0.9400, Energy: -114817.1640625
Time taken:  0.376662015914917
Test Loss: 0.0000, Test Accuracy: 1.0000, Energy: -357802.125
Time taken:  0.3477957248687744
Test Loss: 0.0000, Test Accuracy: 0.9967, Energy: -510916.375
Time taken:  0.3540036678314209
Test Loss: 0.0000, Test Accuracy: 0.9400, Energy: -608939.375
Time taken:  0.34650635719299316
Test Loss: 0.0000, Test Accuracy: 0.9900, Energy: -642628.3125
Time taken:  0.3530001640319824
Test Loss: 0.0000, Test Accuracy: 0.9900, Energy: -705479.9375
Time taken:  0.3480556011199951
Test Loss: 0.0000, Test Accuracy: 0.9900, Energy: -748766.375
Time taken:  0.3487539291381836
Test Loss: 0.0000, Test Accuracy: 0.9933, Energy: -784889.0625
Time taken:  0.3538217544555664
Test Loss: 0.0000, Test Accuracy: 0.9933, Energy: -808559.25
Time taken:  0.3471860885620117
Test Loss: 0.0000, Test Accuracy: 0.9933, Energy: -826160.625
Time taken:  0.35181355476379395
Test Loss: 0.0000, Test Accuracy: 0.9933, Energy: -841384.5625
Time taken:  0.34485411643981934
Test Loss: 0.0000, Test Accuracy: 0.9933, Energy: -854894.1875
Time taken:  0.3489949703216553
Test Loss: 0.0000, Test Accuracy: 0.9900, Energy: -866287.625
Time taken:  0.35171055793762207
Test Loss: 0.0000, Test Accuracy: 0.9900, Energy: -876842.1875
Time taken:  0.35112738609313965
Test Loss: 0.0000, Test Accuracy: 0.9900, Energy: -886110.0
Time taken:  0.35584235191345215
Test Loss: 0.0000, Test Accuracy: 0.9900, Energy: -893738.5
Time taken:  0.34715723991394043
Test Loss: 0.0000, Test Accuracy: 0.9900, Energy: -900512.0
Time taken:  0.3511369228363037
Test Loss: 0.0000, Test Accuracy: 0.9900, Energy: -905273.375
Time taken:  0.3486759662628174
Test Loss: 0.0000, Test Accuracy: 0.9900, Energy: -909466.25
Time taken:  0.3484456539154053
Test Loss: 0.0000, Test Accuracy: 0.9900, Energy: -912887.0
Time taken:  0.3514246940612793
Test Loss: 0.0000, Test Accuracy: 0.9900, Energy: -915812.75
Time taken:  0.3492701053619385
Test Loss: 0.0000, Test Accuracy: 0.9900, Energy: -918284.0
Time taken:  0.3486168384552002
Test Loss: 0.0000, Test Accuracy: 0.9900, Energy: -920340.5
Time taken:  0.3471643924713135
Test Loss: 0.0000, Test Accuracy: 0.9900, Energy: -921934.6875
Time taken:  0.3471372127532959
Test Loss: 0.0000, Test Accuracy: 0.9900, Energy: -923287.0
Time taken:  0.3425936698913574
Test Loss: 0.0000, Test Accuracy: 0.9900, Energy: -924390.875
Time taken:  0.3482329845428467
Test Loss: 0.0000, Test Accuracy: 0.9900, Energy: -925287.6875
Time taken:  0.34723711013793945
Test Loss: 0.0000, Test Accuracy: 0.9900, Energy: -926016.125
Time taken:  0.34331512451171875
Test Loss: 0.0000, Test Accuracy: 0.9900, Energy: -926627.625
Time taken:  0.34964704513549805
Test Loss: 0.0000, Test Accuracy: 0.9900, Energy: -927084.5
Time taken:  0.34267663955688477
Test Loss: 0.0000, Test Accuracy: 0.9900, Energy: -927517.25
Time taken:  0.35122108459472656
Test Loss: 0.0000, Test Accuracy: 0.9900, Energy: -927839.25
Time taken:  0.3552210330963135
Test Loss: 0.0000, Test Accuracy: 0.9900, Energy: -928132.4375
Time taken:  0.34552574157714844
Test Loss: 0.0000, Test Accuracy: 0.9900, Energy: -928357.0625
Time taken:  0.35583019256591797
Test Loss: 0.0000, Test Accuracy: 0.9900, Energy: -928607.0625
Time taken:  0.3471665382385254
Test Loss: 0.0000, Test Accuracy: 0.9900, Energy: -928816.1875
Time taken:  0.3510148525238037
Test Loss: 0.0000, Test Accuracy: 0.9900, Energy: -928943.0
Time taken:  0.34571051597595215
Test Loss: 0.0000, Test Accuracy: 0.9900, Energy: -929040.375
Time taken:  0.34856510162353516
Test Loss: 0.0000, Test Accuracy: 0.9900, Energy: -929129.875
Time taken:  0.3470127582550049
Test Loss: 0.0000, Test Accuracy: 0.9900, Energy: -929181.875
Time taken:  0.3449990749359131
Test Loss: 0.0000, Test Accuracy: 0.9900, Energy: -929243.125
Time taken:  0.35195326805114746
Test Loss: 0.0000, Test Accuracy: 0.9900, Energy: -929299.25
Time taken:  0.3541100025177002
Test Loss: 0.0000, Test Accuracy: 0.9900, Energy: -929329.375
Time taken:  0.3484642505645752
Test Loss: 0.0000, Test Accuracy: 0.9900, Energy: -929396.625
Time taken:  0.38321948051452637
Test Loss: 0.0000, Test Accuracy: 0.9900, Energy: -929421.0625
Time taken:  0.34825992584228516
Test Loss: 0.0000, Test Accuracy: 0.9900, Energy: -929140.5
Time taken:  0.35482263565063477
Test Loss: 0.0000, Test Accuracy: 0.9900, Energy: -929137.3125
Time taken:  0.3434906005859375
Test Loss: 0.0000, Test Accuracy: 0.9900, Energy: -929151.875
Time taken:  0.34622788429260254
Test Loss: 0.0000, Test Accuracy: 0.9900, Energy: -929164.8125
Time taken:  0.3485128879547119
Test Loss: 0.0000, Test Accuracy: 0.9900, Energy: -929162.5
Time taken:  0.3486478328704834
Test Loss: 0.0000, Test Accuracy: 0.9900, Energy: -929147.375
Time taken:  0.34998559951782227
Test Loss: 0.0000, Test Accuracy: 0.9900, Energy: -929142.5
Time taken:  0.3437530994415283
Test Loss: 0.0000, Test Accuracy: 0.9900, Energy: -929144.375
Time taken:  0.3496589660644531
Test Loss: 0.0000, Test Accuracy: 0.9900, Energy: -929143.8125
Time taken:  0.3449230194091797
Test Loss: 0.0000, Test Accuracy: 0.9900, Energy: -929142.25
Time taken:  0.35578203201293945
Test Loss: 0.0000, Test Accuracy: 0.9900, Energy: -929138.875
Time taken:  0.3422701358795166
Test Loss: 0.0000, Test Accuracy: 0.9900, Energy: -929142.1875
Time taken:  0.3461332321166992
Test Loss: 0.0000, Test Accuracy: 0.9900, Energy: -929144.625
Time taken:  0.3500399589538574
Test Loss: 0.0000, Test Accuracy: 0.9900, Energy: -929139.0
Time taken:  0.3493053913116455
Test Loss: 0.0000, Test Accuracy: 0.9900, Energy: -929143.0
Time taken:  0.35499024391174316
Test Loss: 0.0000, Test Accuracy: 0.9900, Energy: -929140.5
Time taken:  0.34529876708984375
Test Loss: 0.0000, Test Accuracy: 0.9900, Energy: -929153.5
Time taken:  0.3501288890838623
Test Loss: 0.0000, Test Accuracy: 0.9900, Energy: -929146.0
Time taken:  0.34693455696105957
Test Loss: 0.0000, Test Accuracy: 0.9900, Energy: -929147.125
Time taken:  0.3504974842071533
Test Loss: 0.0000, Test Accuracy: 0.9900, Energy: -929148.125
Time taken:  0.35647130012512207
Test Loss: 0.0000, Test Accuracy: 0.9900, Energy: -929155.0
Time taken:  0.3455641269683838
Test Loss: 0.0000, Test Accuracy: 0.9900, Energy: -929171.5
Time taken:  0.3501262664794922
Test Loss: 0.0000, Test Accuracy: 0.9900, Energy: -929167.5625
Time taken:  0.34572362899780273
Test Loss: 0.0000, Test Accuracy: 0.9900, Energy: -929166.1875
Time taken:  0.35378432273864746
Test Loss: 0.0000, Test Accuracy: 0.9900, Energy: -929170.9375
Time taken:  0.3492245674133301
Test Loss: 0.0000, Test Accuracy: 0.9900, Energy: -929166.0
Time taken:  0.34500980377197266
Test Loss: 0.0000, Test Accuracy: 0.9900, Energy: -929169.9375
Time taken:  0.34877777099609375
Test Loss: 0.0000, Test Accuracy: 0.9900, Energy: -929165.0
Time taken:  0.3499162197113037
Test Loss: 0.0000, Test Accuracy: 0.9900, Energy: -929170.0
Time taken:  0.34639954566955566
Test Loss: 0.0000, Test Accuracy: 0.9900, Energy: -929170.625
Time taken:  0.34935879707336426
Test Loss: 0.0000, Test Accuracy: 0.9900, Energy: -929156.5
Time taken:  0.34769511222839355
Test Loss: 0.0000, Test Accuracy: 0.9900, Energy: -929161.125
Time taken:  0.35008931159973145
Test Loss: 0.0000, Test Accuracy: 0.9900, Energy: -929161.6875
Time taken:  0.3444232940673828
Test Loss: 0.0000, Test Accuracy: 0.9900, Energy: -929167.125
Time taken:  0.34566521644592285
Test Loss: 0.0000, Test Accuracy: 0.9900, Energy: -929168.0
Time taken:  0.3478832244873047
Test Loss: 0.0000, Test Accuracy: 0.9900, Energy: -929158.5
Time taken:  0.3546595573425293
Test Loss: 0.0000, Test Accuracy: 0.9900, Energy: -929159.0
Time taken:  0.3431222438812256
Test Loss: 0.0000, Test Accuracy: 0.9900, Energy: -929153.8125
Time taken:  0.3549497127532959
Test Loss: 0.0000, Test Accuracy: 0.9900, Energy: -929165.9375
Time taken:  0.3520243167877197
Test Loss: 0.0000, Test Accuracy: 0.9900, Energy: -929181.125
Time taken:  0.34441685676574707
Test Loss: 0.0000, Test Accuracy: 0.9900, Energy: -929195.0
Time taken:  0.3548707962036133
Test Loss: 0.0000, Test Accuracy: 0.9900, Energy: -929189.1875
Time taken:  0.34495973587036133
Test Loss: 0.0000, Test Accuracy: 0.9900, Energy: -929197.25
Time taken:  0.34632062911987305
Test Loss: 0.0000, Test Accuracy: 0.9900, Energy: -929201.1875
Time taken:  0.34894871711730957
Test Loss: 0.0000, Test Accuracy: 0.9900, Energy: -929201.75
Time taken:  0.3454856872558594
Test Loss: 0.0000, Test Accuracy: 0.9900, Energy: -929203.0
Time taken:  0.3504517078399658
Test Loss: 0.0000, Test Accuracy: 0.9900, Energy: -929172.1875
Time taken:  0.3441121578216553
Test Loss: 0.0000, Test Accuracy: 0.9900, Energy: -929172.625
Time taken:  0.35164427757263184
Test Loss: 0.0000, Test Accuracy: 0.9900, Energy: -929187.25
Time taken:  0.3428356647491455
Test Loss: 0.0000, Test Accuracy: 0.9900, Energy: -929182.125
Time taken:  0.34980010986328125
Test Loss: 0.0000, Test Accuracy: 0.9900, Energy: -929171.0625
Time taken:  0.34778809547424316
Test Loss: 0.0000, Test Accuracy: 0.9900, Energy: -929175.3125
Time taken:  0.3459501266479492
Test Loss: 0.0000, Test Accuracy: 0.9900, Energy: -929172.5
Time taken:  0.3469526767730713
Test Loss: 0.0000, Test Accuracy: 0.9900, Energy: -929110.375
Time taken:  0.3371579647064209
Test Loss: 0.0000, Test Accuracy: 0.9900, Energy: -929104.875
Time taken:  0.33290624618530273
Final accuracies: [0.94, 1.0, 0.9966666666666667, 0.94, 0.99, 0.99, 0.99, 0.9933333333333333, 0.9933333333333333, 0.9933333333333333, 0.9933333333333333, 0.9933333333333333, 0.99, 0.99, 0.99, 0.99, 0.99, 0.99, 0.99, 0.99, 0.99, 0.99, 0.99, 0.99, 0.99, 0.99, 0.99, 0.99, 0.99, 0.99, 0.99, 0.99, 0.99, 0.99, 0.99, 0.99, 0.99, 0.99, 0.99, 0.99, 0.99, 0.99, 0.99, 0.99, 0.99, 0.99, 0.99, 0.99, 0.99, 0.99, 0.99, 0.99, 0.99, 0.99, 0.99, 0.99, 0.99, 0.99, 0.99, 0.99, 0.99, 0.99, 0.99, 0.99, 0.99, 0.99, 0.99, 0.99, 0.99, 0.99, 0.99, 0.99, 0.99, 0.99, 0.99, 0.99, 0.99, 0.99, 0.99, 0.99, 0.99, 0.99, 0.99, 0.99, 0.99, 0.99, 0.99, 0.99, 0.99, 0.99, 0.99, 0.99, 0.99, 0.99, 0.99, 0.99, 0.99, 0.99, 0.99, 0.99]
Final energies: [-114817.1640625, -357802.125, -510916.375, -608939.375, -642628.3125, -705479.9375, -748766.375, -784889.0625, -808559.25, -826160.625, -841384.5625, -854894.1875, -866287.625, -876842.1875, -886110.0, -893738.5, -900512.0, -905273.375, -909466.25, -912887.0, -915812.75, -918284.0, -920340.5, -921934.6875, -923287.0, -924390.875, -925287.6875, -926016.125, -926627.625, -927084.5, -927517.25, -927839.25, -928132.4375, -928357.0625, -928607.0625, -928816.1875, -928943.0, -929040.375, -929129.875, -929181.875, -929243.125, -929299.25, -929329.375, -929396.625, -929421.0625, -929140.5, -929137.3125, -929151.875, -929164.8125, -929162.5, -929147.375, -929142.5, -929144.375, -929143.8125, -929142.25, -929138.875, -929142.1875, -929144.625, -929139.0, -929143.0, -929140.5, -929153.5, -929146.0, -929147.125, -929148.125, -929155.0, -929171.5, -929167.5625, -929166.1875, -929170.9375, -929166.0, -929169.9375, -929165.0, -929170.0, -929170.625, -929156.5, -929161.125, -929161.6875, -929167.125, -929168.0, -929158.5, -929159.0, -929153.8125, -929165.9375, -929181.125, -929195.0, -929189.1875, -929197.25, -929201.1875, -929201.75, -929203.0, -929172.1875, -929172.625, -929187.25, -929182.125, -929171.0625, -929175.3125, -929172.5, -929110.375, -929104.875]
