Running with parameters: hidden=50, use_coupled=false, seed=50, lam=0.0, eta=0.0, batch=50
Test Loss: 0.0000, Test Accuracy: 0.9833, Energy: -122009.578125
Time taken:  0.34970688819885254
Test Loss: 0.0000, Test Accuracy: 1.0000, Energy: -296016.4375
Time taken:  0.3121652603149414
Test Loss: 0.0000, Test Accuracy: 0.9967, Energy: -409676.5
Time taken:  0.30922484397888184
Test Loss: 0.0000, Test Accuracy: 0.9933, Energy: -504364.875
Time taken:  0.30997204780578613
Test Loss: 0.0000, Test Accuracy: 0.9967, Energy: -578218.6875
Time taken:  0.309661865234375
Test Loss: 0.0000, Test Accuracy: 0.9967, Energy: -635634.625
Time taken:  0.313199520111084
Test Loss: 0.0000, Test Accuracy: 0.9967, Energy: -683031.75
Time taken:  0.31021857261657715
Test Loss: 0.0000, Test Accuracy: 0.9967, Energy: -721822.4375
Time taken:  0.31218957901000977
Test Loss: 0.0000, Test Accuracy: 0.9967, Energy: -753252.875
Time taken:  0.30852317810058594
Test Loss: 0.0000, Test Accuracy: 0.9967, Energy: -779684.9375
Time taken:  0.3127250671386719
Test Loss: 0.0000, Test Accuracy: 0.9967, Energy: -801973.875
Time taken:  0.3059673309326172
Test Loss: 0.0000, Test Accuracy: 0.9967, Energy: -820028.75
Time taken:  0.3093907833099365
Test Loss: 0.0000, Test Accuracy: 0.9967, Energy: -834155.0625
Time taken:  0.30702996253967285
Test Loss: 0.0000, Test Accuracy: 0.9967, Energy: -846540.0625
Time taken:  0.31408095359802246
Test Loss: 0.0000, Test Accuracy: 0.9967, Energy: -857012.0
Time taken:  0.30622196197509766
Test Loss: 0.0000, Test Accuracy: 0.9967, Energy: -865546.75
Time taken:  0.30846738815307617
Test Loss: 0.0000, Test Accuracy: 0.9967, Energy: -872337.9375
Time taken:  0.3120720386505127
Test Loss: 0.0000, Test Accuracy: 0.9967, Energy: -879097.0625
Time taken:  0.3070187568664551
Test Loss: 0.0000, Test Accuracy: 0.9967, Energy: -883861.75
Time taken:  0.31098222732543945
Test Loss: 0.0000, Test Accuracy: 0.9967, Energy: -887655.9375
Time taken:  0.3052685260772705
Test Loss: 0.0000, Test Accuracy: 0.9967, Energy: -890984.0
Time taken:  0.30951499938964844
Test Loss: 0.0000, Test Accuracy: 0.9967, Energy: -893725.4375
Time taken:  0.30561017990112305
Test Loss: 0.0000, Test Accuracy: 0.9967, Energy: -895933.375
Time taken:  0.31076931953430176
Test Loss: 0.0000, Test Accuracy: 0.9967, Energy: -897899.5
Time taken:  0.3048529624938965
Test Loss: 0.0000, Test Accuracy: 0.9967, Energy: -899433.4375
Time taken:  0.3112807273864746
Test Loss: 0.0000, Test Accuracy: 0.9967, Energy: -900814.125
Time taken:  0.3066074848175049
Test Loss: 0.0000, Test Accuracy: 0.9967, Energy: -901711.6875
Time taken:  0.3113586902618408
Test Loss: 0.0000, Test Accuracy: 0.9967, Energy: -902596.375
Time taken:  0.30602431297302246
Test Loss: 0.0000, Test Accuracy: 0.9967, Energy: -903273.4375
Time taken:  0.31099772453308105
Test Loss: 0.0000, Test Accuracy: 0.9967, Energy: -903801.0
Time taken:  0.3057589530944824
Test Loss: 0.0000, Test Accuracy: 0.9967, Energy: -904233.125
Time taken:  0.31022071838378906
Test Loss: 0.0000, Test Accuracy: 0.9967, Energy: -904655.0
Time taken:  0.3055863380432129
Test Loss: 0.0000, Test Accuracy: 0.9967, Energy: -905044.875
Time taken:  0.3084676265716553
Test Loss: 0.0000, Test Accuracy: 1.0000, Energy: -905373.3125
Time taken:  0.3074812889099121
Test Loss: 0.0000, Test Accuracy: 1.0000, Energy: -905600.75
Time taken:  0.3111121654510498
Test Loss: 0.0000, Test Accuracy: 1.0000, Energy: -905762.625
Time taken:  0.30518198013305664
Test Loss: 0.0000, Test Accuracy: 1.0000, Energy: -905922.5
Time taken:  0.3111393451690674
Test Loss: 0.0000, Test Accuracy: 1.0000, Energy: -906056.125
Time taken:  0.30371618270874023
Test Loss: 0.0000, Test Accuracy: 1.0000, Energy: -906172.875
Time taken:  0.31046605110168457
Test Loss: 0.0000, Test Accuracy: 1.0000, Energy: -906256.0
Time taken:  0.3055107593536377
Test Loss: 0.0000, Test Accuracy: 1.0000, Energy: -906313.75
Time taken:  0.3130924701690674
Test Loss: 0.0000, Test Accuracy: 1.0000, Energy: -906362.75
Time taken:  0.3080575466156006
Test Loss: 0.0000, Test Accuracy: 1.0000, Energy: -906402.6875
Time taken:  0.3129465579986572
Test Loss: 0.0000, Test Accuracy: 1.0000, Energy: -906431.125
Time taken:  0.30600976943969727
Test Loss: 0.0000, Test Accuracy: 1.0000, Energy: -906466.375
Time taken:  0.30733180046081543
Test Loss: 0.0000, Test Accuracy: 1.0000, Energy: -906488.5
Time taken:  0.30674052238464355
Test Loss: 0.0000, Test Accuracy: 1.0000, Energy: -906509.0625
Time taken:  0.31168150901794434
Test Loss: 0.0000, Test Accuracy: 1.0000, Energy: -906523.875
Time taken:  0.3048117160797119
Test Loss: 0.0000, Test Accuracy: 1.0000, Energy: -906538.375
Time taken:  0.3140254020690918
Test Loss: 0.0000, Test Accuracy: 1.0000, Energy: -906548.375
Time taken:  0.3056766986846924
Test Loss: 0.0000, Test Accuracy: 1.0000, Energy: -906556.3125
Time taken:  0.31000423431396484
Test Loss: 0.0000, Test Accuracy: 1.0000, Energy: -906562.9375
Time taken:  0.3038673400878906
Test Loss: 0.0000, Test Accuracy: 1.0000, Energy: -906567.0
Time taken:  0.310549259185791
Test Loss: 0.0000, Test Accuracy: 1.0000, Energy: -906571.4375
Time taken:  0.3048703670501709
Test Loss: 0.0000, Test Accuracy: 1.0000, Energy: -906574.9375
Time taken:  0.30915403366088867
Test Loss: 0.0000, Test Accuracy: 1.0000, Energy: -906577.9375
Time taken:  0.30642032623291016
Test Loss: 0.0000, Test Accuracy: 1.0000, Energy: -906580.25
Time taken:  0.30951547622680664
Test Loss: 0.0000, Test Accuracy: 1.0000, Energy: -906582.3125
Time taken:  0.3117334842681885
Test Loss: 0.0000, Test Accuracy: 1.0000, Energy: -906583.75
Time taken:  0.3077998161315918
Test Loss: 0.0000, Test Accuracy: 1.0000, Energy: -906587.6875
Time taken:  0.3145456314086914
Test Loss: 0.0000, Test Accuracy: 1.0000, Energy: -906588.625
Time taken:  0.307342529296875
Test Loss: 0.0000, Test Accuracy: 1.0000, Energy: -906593.75
Time taken:  0.3123438358306885
Test Loss: 0.0000, Test Accuracy: 1.0000, Energy: -906594.5625
Time taken:  0.30494093894958496
Test Loss: 0.0000, Test Accuracy: 1.0000, Energy: -906595.0
Time taken:  0.31063222885131836
Test Loss: 0.0000, Test Accuracy: 1.0000, Energy: -906600.125
Time taken:  0.3080320358276367
Test Loss: 0.0000, Test Accuracy: 1.0000, Energy: -906604.75
Time taken:  0.30988430976867676
Test Loss: 0.0000, Test Accuracy: 1.0000, Energy: -906605.0
Time taken:  0.3052058219909668
Test Loss: 0.0000, Test Accuracy: 1.0000, Energy: -906605.25
Time taken:  0.3094346523284912
Test Loss: 0.0000, Test Accuracy: 1.0000, Energy: -906605.4375
Time taken:  0.3075096607208252
Test Loss: 0.0000, Test Accuracy: 1.0000, Energy: -906605.5
Time taken:  0.31124401092529297
Test Loss: 0.0000, Test Accuracy: 1.0000, Energy: -906605.5625
Time taken:  0.30594468116760254
Test Loss: 0.0000, Test Accuracy: 1.0000, Energy: -906605.75
Time taken:  0.3094782829284668
Test Loss: 0.0000, Test Accuracy: 1.0000, Energy: -906605.8125
Time taken:  0.30556678771972656
Test Loss: 0.0000, Test Accuracy: 1.0000, Energy: -906605.8125
Time taken:  0.31336450576782227
Test Loss: 0.0000, Test Accuracy: 1.0000, Energy: -906605.75
Time taken:  0.3050234317779541
Test Loss: 0.0000, Test Accuracy: 1.0000, Energy: -906605.6875
Time taken:  0.31123971939086914
Test Loss: 0.0000, Test Accuracy: 1.0000, Energy: -906605.75
Time taken:  0.3066279888153076
Test Loss: 0.0000, Test Accuracy: 1.0000, Energy: -906605.6875
Time taken:  0.3095285892486572
Test Loss: 0.0000, Test Accuracy: 1.0000, Energy: -906614.1875
Time taken:  0.30801820755004883
Test Loss: 0.0000, Test Accuracy: 1.0000, Energy: -906614.125
Time taken:  0.31075048446655273
Test Loss: 0.0000, Test Accuracy: 1.0000, Energy: -906614.125
Time taken:  0.3051414489746094
Test Loss: 0.0000, Test Accuracy: 1.0000, Energy: -906614.125
Time taken:  0.3068115711212158
Test Loss: 0.0000, Test Accuracy: 1.0000, Energy: -906614.125
Time taken:  0.30719780921936035
Test Loss: 0.0000, Test Accuracy: 1.0000, Energy: -906614.0625
Time taken:  0.30893683433532715
Test Loss: 0.0000, Test Accuracy: 1.0000, Energy: -906614.0
Time taken:  0.3056526184082031
Test Loss: 0.0000, Test Accuracy: 1.0000, Energy: -906613.75
Time taken:  0.3083362579345703
Test Loss: 0.0000, Test Accuracy: 1.0000, Energy: -906613.25
Time taken:  0.3067617416381836
Test Loss: 0.0000, Test Accuracy: 1.0000, Energy: -906617.5625
Time taken:  0.3112306594848633
Test Loss: 0.0000, Test Accuracy: 1.0000, Energy: -906617.5
Time taken:  0.308194637298584
Test Loss: 0.0000, Test Accuracy: 1.0000, Energy: -906617.4375
Time taken:  0.30876779556274414
Test Loss: 0.0000, Test Accuracy: 1.0000, Energy: -906617.4375
Time taken:  0.3029904365539551
Test Loss: 0.0000, Test Accuracy: 1.0000, Energy: -906617.25
Time taken:  0.3130776882171631
Test Loss: 0.0000, Test Accuracy: 1.0000, Energy: -906617.1875
Time taken:  0.3072988986968994
Test Loss: 0.0000, Test Accuracy: 1.0000, Energy: -906617.1875
Time taken:  0.30974483489990234
Test Loss: 0.0000, Test Accuracy: 1.0000, Energy: -906617.0625
Time taken:  0.30740880966186523
Test Loss: 0.0000, Test Accuracy: 1.0000, Energy: -906617.1875
Time taken:  0.31110453605651855
Test Loss: 0.0000, Test Accuracy: 1.0000, Energy: -906617.0
Time taken:  0.3063235282897949
Test Loss: 0.0000, Test Accuracy: 1.0000, Energy: -906617.0
Time taken:  0.3094825744628906
Test Loss: 0.0000, Test Accuracy: 1.0000, Energy: -906616.9375
Time taken:  0.309445858001709
Test Loss: 0.0000, Test Accuracy: 1.0000, Energy: -906616.9375
Time taken:  0.3074338436126709
Final accuracies: [0.9833333333333333, 1.0, 0.9966666666666667, 0.9933333333333333, 0.9966666666666667, 0.9966666666666667, 0.9966666666666667, 0.9966666666666667, 0.9966666666666667, 0.9966666666666667, 0.9966666666666667, 0.9966666666666667, 0.9966666666666667, 0.9966666666666667, 0.9966666666666667, 0.9966666666666667, 0.9966666666666667, 0.9966666666666667, 0.9966666666666667, 0.9966666666666667, 0.9966666666666667, 0.9966666666666667, 0.9966666666666667, 0.9966666666666667, 0.9966666666666667, 0.9966666666666667, 0.9966666666666667, 0.9966666666666667, 0.9966666666666667, 0.9966666666666667, 0.9966666666666667, 0.9966666666666667, 0.9966666666666667, 1.0, 1.0, 1.0, 1.0, 1.0, 1.0, 1.0, 1.0, 1.0, 1.0, 1.0, 1.0, 1.0, 1.0, 1.0, 1.0, 1.0, 1.0, 1.0, 1.0, 1.0, 1.0, 1.0, 1.0, 1.0, 1.0, 1.0, 1.0, 1.0, 1.0, 1.0, 1.0, 1.0, 1.0, 1.0, 1.0, 1.0, 1.0, 1.0, 1.0, 1.0, 1.0, 1.0, 1.0, 1.0, 1.0, 1.0, 1.0, 1.0, 1.0, 1.0, 1.0, 1.0, 1.0, 1.0, 1.0, 1.0, 1.0, 1.0, 1.0, 1.0, 1.0, 1.0, 1.0, 1.0, 1.0, 1.0]
Final energies: [-122009.578125, -296016.4375, -409676.5, -504364.875, -578218.6875, -635634.625, -683031.75, -721822.4375, -753252.875, -779684.9375, -801973.875, -820028.75, -834155.0625, -846540.0625, -857012.0, -865546.75, -872337.9375, -879097.0625, -883861.75, -887655.9375, -890984.0, -893725.4375, -895933.375, -897899.5, -899433.4375, -900814.125, -901711.6875, -902596.375, -903273.4375, -903801.0, -904233.125, -904655.0, -905044.875, -905373.3125, -905600.75, -905762.625, -905922.5, -906056.125, -906172.875, -906256.0, -906313.75, -906362.75, -906402.6875, -906431.125, -906466.375, -906488.5, -906509.0625, -906523.875, -906538.375, -906548.375, -906556.3125, -906562.9375, -906567.0, -906571.4375, -906574.9375, -906577.9375, -906580.25, -906582.3125, -906583.75, -906587.6875, -906588.625, -906593.75, -906594.5625, -906595.0, -906600.125, -906604.75, -906605.0, -906605.25, -906605.4375, -906605.5, -906605.5625, -906605.75, -906605.8125, -906605.8125, -906605.75, -906605.6875, -906605.75, -906605.6875, -906614.1875, -906614.125, -906614.125, -906614.125, -906614.125, -906614.0625, -906614.0, -906613.75, -906613.25, -906617.5625, -906617.5, -906617.4375, -906617.4375, -906617.25, -906617.1875, -906617.1875, -906617.0625, -906617.1875, -906617.0, -906617.0, -906616.9375, -906616.9375]
