Running with parameters: hidden=50, use_coupled=false, seed=34, lam=0.0, eta=0.0, batch=50
Test Loss: 0.0000, Test Accuracy: 0.9933, Energy: -137658.515625
Time taken:  0.339733362197876
Test Loss: 0.0000, Test Accuracy: 0.9967, Energy: -367858.1875
Time taken:  0.30724406242370605
Test Loss: 0.0000, Test Accuracy: 1.0000, Energy: -509161.15625
Time taken:  0.3053421974182129
Test Loss: 0.0000, Test Accuracy: 0.9967, Energy: -625876.375
Time taken:  0.31159543991088867
Test Loss: 0.0000, Test Accuracy: 0.9967, Energy: -716628.625
Time taken:  0.30652666091918945
Test Loss: 0.0000, Test Accuracy: 0.9967, Energy: -788392.375
Time taken:  0.3078773021697998
Test Loss: 0.0000, Test Accuracy: 0.9967, Energy: -846784.625
Time taken:  0.30470871925354004
Test Loss: 0.0000, Test Accuracy: 0.9967, Energy: -893939.75
Time taken:  0.30856943130493164
Test Loss: 0.0000, Test Accuracy: 0.9967, Energy: -933157.875
Time taken:  0.3041872978210449
Test Loss: 0.0000, Test Accuracy: 0.9967, Energy: -966239.125
Time taken:  0.30914807319641113
Test Loss: 0.0000, Test Accuracy: 0.9967, Energy: -950120.875
Time taken:  0.3053584098815918
Test Loss: 0.0000, Test Accuracy: 0.9933, Energy: -888529.6875
Time taken:  0.30739283561706543
Test Loss: 0.0000, Test Accuracy: 0.9867, Energy: -849230.0
Time taken:  0.3034491539001465
Test Loss: 0.0000, Test Accuracy: 0.9700, Energy: -834121.9375
Time taken:  0.3067295551300049
Test Loss: 0.0000, Test Accuracy: 0.9933, Energy: -858463.375
Time taken:  0.30605125427246094
Test Loss: 0.0000, Test Accuracy: 0.9933, Energy: -936218.9375
Time taken:  0.30764174461364746
Test Loss: 0.0000, Test Accuracy: 0.9933, Energy: -1013228.6875
Time taken:  0.30493807792663574
Test Loss: 0.0000, Test Accuracy: 0.9933, Energy: -1078841.625
Time taken:  0.30939316749572754
Test Loss: 0.0000, Test Accuracy: 0.9933, Energy: -1108372.5
Time taken:  0.30390167236328125
Test Loss: 0.0000, Test Accuracy: 0.9933, Energy: -1114058.875
Time taken:  0.30964231491088867
Test Loss: 0.0000, Test Accuracy: 0.9933, Energy: -1119252.75
Time taken:  0.30422210693359375
Test Loss: 0.0000, Test Accuracy: 0.9933, Energy: -1120335.0
Time taken:  0.3060786724090576
Test Loss: 0.0000, Test Accuracy: 0.9933, Energy: -1119174.75
Time taken:  0.30486297607421875
Test Loss: 0.0000, Test Accuracy: 0.9933, Energy: -1117509.5
Time taken:  0.30745577812194824
Test Loss: 0.0000, Test Accuracy: 0.9933, Energy: -1120972.875
Time taken:  0.3034787178039551
Test Loss: 0.0000, Test Accuracy: 0.9933, Energy: -1132274.625
Time taken:  0.30439162254333496
Test Loss: 0.0000, Test Accuracy: 0.9900, Energy: -1149309.25
Time taken:  0.3053009510040283
Test Loss: 0.0000, Test Accuracy: 0.9900, Energy: -1166121.25
Time taken:  0.3092036247253418
Test Loss: 0.0000, Test Accuracy: 0.9900, Energy: -1182004.875
Time taken:  0.3040740489959717
Test Loss: 0.0000, Test Accuracy: 0.9933, Energy: -1195169.25
Time taken:  0.3054819107055664
Test Loss: 0.0000, Test Accuracy: 0.9933, Energy: -1201592.0
Time taken:  0.30637407302856445
Test Loss: 0.0000, Test Accuracy: 0.9933, Energy: -1205334.375
Time taken:  0.3057520389556885
Test Loss: 0.0000, Test Accuracy: 0.9933, Energy: -1208001.375
Time taken:  0.3086051940917969
Test Loss: 0.0000, Test Accuracy: 0.9933, Energy: -1210792.375
Time taken:  0.30385279655456543
Test Loss: 0.0000, Test Accuracy: 0.9933, Energy: -1213075.5
Time taken:  0.30483365058898926
Test Loss: 0.0000, Test Accuracy: 0.9933, Energy: -1214604.375
Time taken:  0.30264925956726074
Test Loss: 0.0000, Test Accuracy: 0.9933, Energy: -1215695.0
Time taken:  0.30794429779052734
Test Loss: 0.0000, Test Accuracy: 0.9933, Energy: -1217023.375
Time taken:  0.3038899898529053
Test Loss: 0.0000, Test Accuracy: 0.9933, Energy: -1217888.625
Time taken:  0.3067607879638672
Test Loss: 0.0000, Test Accuracy: 0.9933, Energy: -1218917.375
Time taken:  0.30511951446533203
Test Loss: 0.0000, Test Accuracy: 0.9933, Energy: -1219685.25
Time taken:  0.3049345016479492
Test Loss: 0.0000, Test Accuracy: 0.9933, Energy: -1220444.875
Time taken:  0.30544018745422363
Test Loss: 0.0000, Test Accuracy: 0.9933, Energy: -1221089.375
Time taken:  0.3068556785583496
Test Loss: 0.0000, Test Accuracy: 0.9933, Energy: -1221691.375
Time taken:  0.3035738468170166
Test Loss: 0.0000, Test Accuracy: 0.9933, Energy: -1222435.375
Time taken:  0.306581974029541
Test Loss: 0.0000, Test Accuracy: 0.9933, Energy: -1223180.375
Time taken:  0.30385780334472656
Test Loss: 0.0000, Test Accuracy: 0.9933, Energy: -1223827.625
Time taken:  0.3074760437011719
Test Loss: 0.0000, Test Accuracy: 0.9933, Energy: -1224493.25
Time taken:  0.30417609214782715
Test Loss: 0.0000, Test Accuracy: 0.9933, Energy: -1225084.125
Time taken:  0.306427001953125
Test Loss: 0.0000, Test Accuracy: 0.9933, Energy: -1225576.375
Time taken:  0.30402612686157227
Test Loss: 0.0000, Test Accuracy: 0.9933, Energy: -1226152.75
Time taken:  0.3072073459625244
Test Loss: 0.0000, Test Accuracy: 0.9933, Energy: -1226622.875
Time taken:  0.30385851860046387
Test Loss: 0.0000, Test Accuracy: 0.9933, Energy: -1227084.875
Time taken:  0.30635571479797363
Test Loss: 0.0000, Test Accuracy: 0.9933, Energy: -1227560.75
Time taken:  0.3033437728881836
Test Loss: 0.0000, Test Accuracy: 0.9933, Energy: -1228129.0
Time taken:  0.30531978607177734
Test Loss: 0.0000, Test Accuracy: 0.9933, Energy: -1228537.625
Time taken:  0.3036365509033203
Test Loss: 0.0000, Test Accuracy: 0.9933, Energy: -1229015.375
Time taken:  0.30698156356811523
Test Loss: 0.0000, Test Accuracy: 0.9933, Energy: -1229370.625
Time taken:  0.30373239517211914
Test Loss: 0.0000, Test Accuracy: 0.9933, Energy: -1229770.125
Time taken:  0.30567073822021484
Test Loss: 0.0000, Test Accuracy: 0.9933, Energy: -1230083.625
Time taken:  0.30397725105285645
Test Loss: 0.0000, Test Accuracy: 0.9933, Energy: -1230492.0
Time taken:  0.30680131912231445
Test Loss: 0.0000, Test Accuracy: 0.9933, Energy: -1230820.75
Time taken:  0.30387377738952637
Test Loss: 0.0000, Test Accuracy: 0.9933, Energy: -1231170.75
Time taken:  0.30559515953063965
Test Loss: 0.0000, Test Accuracy: 0.9933, Energy: -1231546.625
Time taken:  0.3054487705230713
Test Loss: 0.0000, Test Accuracy: 0.9933, Energy: -1231812.75
Time taken:  0.30596494674682617
Test Loss: 0.0000, Test Accuracy: 0.9933, Energy: -1232581.125
Time taken:  0.3044567108154297
Test Loss: 0.0000, Test Accuracy: 0.9933, Energy: -1232900.5
Time taken:  0.30717015266418457
Test Loss: 0.0000, Test Accuracy: 0.9933, Energy: -1233213.125
Time taken:  0.3051645755767822
Test Loss: 0.0000, Test Accuracy: 0.9933, Energy: -1233492.25
Time taken:  0.3082890510559082
Test Loss: 0.0000, Test Accuracy: 0.9933, Energy: -1233770.125
Time taken:  0.3024578094482422
Test Loss: 0.0000, Test Accuracy: 0.9933, Energy: -1234075.25
Time taken:  0.30770206451416016
Test Loss: 0.0000, Test Accuracy: 0.9933, Energy: -1234318.25
Time taken:  0.30281591415405273
Test Loss: 0.0000, Test Accuracy: 0.9933, Energy: -1234656.875
Time taken:  0.30621767044067383
Test Loss: 0.0000, Test Accuracy: 0.9933, Energy: -1234903.75
Time taken:  0.302964448928833
Test Loss: 0.0000, Test Accuracy: 0.9933, Energy: -1235179.75
Time taken:  0.3061709403991699
Test Loss: 0.0000, Test Accuracy: 0.9933, Energy: -1235442.75
Time taken:  0.30253100395202637
Test Loss: 0.0000, Test Accuracy: 0.9933, Energy: -1235656.625
Time taken:  0.30727624893188477
Test Loss: 0.0000, Test Accuracy: 0.9933, Energy: -1235918.75
Time taken:  0.30293726921081543
Test Loss: 0.0000, Test Accuracy: 0.9933, Energy: -1236153.875
Time taken:  0.30630064010620117
Test Loss: 0.0000, Test Accuracy: 0.9933, Energy: -1236424.375
Time taken:  0.303511381149292
Test Loss: 0.0000, Test Accuracy: 0.9933, Energy: -1236622.0
Time taken:  0.30727505683898926
Test Loss: 0.0000, Test Accuracy: 0.9933, Energy: -1236858.75
Time taken:  0.3048841953277588
Test Loss: 0.0000, Test Accuracy: 0.9933, Energy: -1237131.5
Time taken:  0.30785202980041504
Test Loss: 0.0000, Test Accuracy: 0.9933, Energy: -1237391.5
Time taken:  0.30341219902038574
Test Loss: 0.0000, Test Accuracy: 0.9933, Energy: -1237637.5
Time taken:  0.30710721015930176
Test Loss: 0.0000, Test Accuracy: 0.9933, Energy: -1237872.0
Time taken:  0.30293941497802734
Test Loss: 0.0000, Test Accuracy: 0.9933, Energy: -1238099.75
Time taken:  0.30727148056030273
Test Loss: 0.0000, Test Accuracy: 0.9933, Energy: -1238364.5
Time taken:  0.30318236351013184
Test Loss: 0.0000, Test Accuracy: 0.9933, Energy: -1238680.0
Time taken:  0.30650901794433594
Test Loss: 0.0000, Test Accuracy: 0.9933, Energy: -1238927.875
Time taken:  0.3094813823699951
Test Loss: 0.0000, Test Accuracy: 0.9933, Energy: -1239198.625
Time taken:  0.30144476890563965
Test Loss: 0.0000, Test Accuracy: 0.9933, Energy: -1239496.25
Time taken:  0.3064706325531006
Test Loss: 0.0000, Test Accuracy: 0.9933, Energy: -1239744.625
Time taken:  0.30477070808410645
Test Loss: 0.0000, Test Accuracy: 0.9933, Energy: -1239997.5
Time taken:  0.3064594268798828
Test Loss: 0.0000, Test Accuracy: 0.9933, Energy: -1240305.75
Time taken:  0.30367064476013184
Test Loss: 0.0000, Test Accuracy: 0.9933, Energy: -1240642.625
Time taken:  0.30666661262512207
Test Loss: 0.0000, Test Accuracy: 0.9933, Energy: -1240957.875
Time taken:  0.30411219596862793
Test Loss: 0.0000, Test Accuracy: 0.9933, Energy: -1241229.375
Time taken:  0.30548095703125
Test Loss: 0.0000, Test Accuracy: 0.9933, Energy: -1241573.125
Time taken:  0.3037137985229492
Test Loss: 0.0000, Test Accuracy: 0.9933, Energy: -1241841.625
Time taken:  0.30741214752197266
Final accuracies: [0.9933333333333333, 0.9966666666666667, 1.0, 0.9966666666666667, 0.9966666666666667, 0.9966666666666667, 0.9966666666666667, 0.9966666666666667, 0.9966666666666667, 0.9966666666666667, 0.9966666666666667, 0.9933333333333333, 0.9866666666666667, 0.97, 0.9933333333333333, 0.9933333333333333, 0.9933333333333333, 0.9933333333333333, 0.9933333333333333, 0.9933333333333333, 0.9933333333333333, 0.9933333333333333, 0.9933333333333333, 0.9933333333333333, 0.9933333333333333, 0.9933333333333333, 0.99, 0.99, 0.99, 0.9933333333333333, 0.9933333333333333, 0.9933333333333333, 0.9933333333333333, 0.9933333333333333, 0.9933333333333333, 0.9933333333333333, 0.9933333333333333, 0.9933333333333333, 0.9933333333333333, 0.9933333333333333, 0.9933333333333333, 0.9933333333333333, 0.9933333333333333, 0.9933333333333333, 0.9933333333333333, 0.9933333333333333, 0.9933333333333333, 0.9933333333333333, 0.9933333333333333, 0.9933333333333333, 0.9933333333333333, 0.9933333333333333, 0.9933333333333333, 0.9933333333333333, 0.9933333333333333, 0.9933333333333333, 0.9933333333333333, 0.9933333333333333, 0.9933333333333333, 0.9933333333333333, 0.9933333333333333, 0.9933333333333333, 0.9933333333333333, 0.9933333333333333, 0.9933333333333333, 0.9933333333333333, 0.9933333333333333, 0.9933333333333333, 0.9933333333333333, 0.9933333333333333, 0.9933333333333333, 0.9933333333333333, 0.9933333333333333, 0.9933333333333333, 0.9933333333333333, 0.9933333333333333, 0.9933333333333333, 0.9933333333333333, 0.9933333333333333, 0.9933333333333333, 0.9933333333333333, 0.9933333333333333, 0.9933333333333333, 0.9933333333333333, 0.9933333333333333, 0.9933333333333333, 0.9933333333333333, 0.9933333333333333, 0.9933333333333333, 0.9933333333333333, 0.9933333333333333, 0.9933333333333333, 0.9933333333333333, 0.9933333333333333, 0.9933333333333333, 0.9933333333333333, 0.9933333333333333, 0.9933333333333333, 0.9933333333333333, 0.9933333333333333]
Final energies: [-137658.515625, -367858.1875, -509161.15625, -625876.375, -716628.625, -788392.375, -846784.625, -893939.75, -933157.875, -966239.125, -950120.875, -888529.6875, -849230.0, -834121.9375, -858463.375, -936218.9375, -1013228.6875, -1078841.625, -1108372.5, -1114058.875, -1119252.75, -1120335.0, -1119174.75, -1117509.5, -1120972.875, -1132274.625, -1149309.25, -1166121.25, -1182004.875, -1195169.25, -1201592.0, -1205334.375, -1208001.375, -1210792.375, -1213075.5, -1214604.375, -1215695.0, -1217023.375, -1217888.625, -1218917.375, -1219685.25, -1220444.875, -1221089.375, -1221691.375, -1222435.375, -1223180.375, -1223827.625, -1224493.25, -1225084.125, -1225576.375, -1226152.75, -1226622.875, -1227084.875, -1227560.75, -1228129.0, -1228537.625, -1229015.375, -1229370.625, -1229770.125, -1230083.625, -1230492.0, -1230820.75, -1231170.75, -1231546.625, -1231812.75, -1232581.125, -1232900.5, -1233213.125, -1233492.25, -1233770.125, -1234075.25, -1234318.25, -1234656.875, -1234903.75, -1235179.75, -1235442.75, -1235656.625, -1235918.75, -1236153.875, -1236424.375, -1236622.0, -1236858.75, -1237131.5, -1237391.5, -1237637.5, -1237872.0, -1238099.75, -1238364.5, -1238680.0, -1238927.875, -1239198.625, -1239496.25, -1239744.625, -1239997.5, -1240305.75, -1240642.625, -1240957.875, -1241229.375, -1241573.125, -1241841.625]
