Running with parameters: hidden=50, use_coupled=false, seed=30, lam=0.0, eta=0.0, batch=50
Test Loss: 0.0000, Test Accuracy: 0.9833, Energy: -127062.5078125
Time taken:  0.34353017807006836
Test Loss: 0.0000, Test Accuracy: 0.9667, Energy: -237441.6875
Time taken:  0.32620859146118164
Test Loss: 0.0000, Test Accuracy: 0.9767, Energy: -353018.78125
Time taken:  0.3181486129760742
Test Loss: 0.0000, Test Accuracy: 0.9900, Energy: -443066.0625
Time taken:  0.32081079483032227
Test Loss: 0.0000, Test Accuracy: 0.9933, Energy: -511897.4375
Time taken:  0.3264758586883545
Test Loss: 0.0000, Test Accuracy: 0.9933, Energy: -562985.6875
Time taken:  0.31397128105163574
Test Loss: 0.0000, Test Accuracy: 0.9933, Energy: -605078.625
Time taken:  0.3168630599975586
Test Loss: 0.0000, Test Accuracy: 0.9967, Energy: -642008.6875
Time taken:  0.31540513038635254
Test Loss: 0.0000, Test Accuracy: 0.9967, Energy: -670515.6875
Time taken:  0.3195834159851074
Test Loss: 0.0000, Test Accuracy: 0.9967, Energy: -693930.875
Time taken:  0.3194558620452881
Test Loss: 0.0000, Test Accuracy: 0.9967, Energy: -713766.5
Time taken:  0.32621240615844727
Test Loss: 0.0000, Test Accuracy: 0.9967, Energy: -730911.625
Time taken:  0.3216593265533447
Test Loss: 0.0000, Test Accuracy: 0.9967, Energy: -744994.875
Time taken:  0.3217349052429199
Test Loss: 0.0000, Test Accuracy: 0.9967, Energy: -756309.6875
Time taken:  0.3245983123779297
Test Loss: 0.0000, Test Accuracy: 0.9967, Energy: -766420.875
Time taken:  0.31800246238708496
Test Loss: 0.0000, Test Accuracy: 0.9967, Energy: -774962.1875
Time taken:  0.3260989189147949
Test Loss: 0.0000, Test Accuracy: 0.9967, Energy: -781873.125
Time taken:  0.31832218170166016
Test Loss: 0.0000, Test Accuracy: 0.9967, Energy: -787998.125
Time taken:  0.3209373950958252
Test Loss: 0.0000, Test Accuracy: 0.9967, Energy: -792871.1875
Time taken:  0.31975412368774414
Test Loss: 0.0000, Test Accuracy: 0.9967, Energy: -797140.5
Time taken:  0.319504976272583
Test Loss: 0.0000, Test Accuracy: 0.9967, Energy: -800713.375
Time taken:  0.3206956386566162
Test Loss: 0.0000, Test Accuracy: 0.9967, Energy: -803603.75
Time taken:  0.31917881965637207
Test Loss: 0.0000, Test Accuracy: 0.9967, Energy: -806133.4375
Time taken:  0.31987667083740234
Test Loss: 0.0000, Test Accuracy: 0.9967, Energy: -808270.0
Time taken:  0.3175351619720459
Test Loss: 0.0000, Test Accuracy: 0.9967, Energy: -810321.25
Time taken:  0.3224475383758545
Test Loss: 0.0000, Test Accuracy: 0.9967, Energy: -811890.5
Time taken:  0.316662073135376
Test Loss: 0.0000, Test Accuracy: 0.9967, Energy: -813273.125
Time taken:  0.31730175018310547
Test Loss: 0.0000, Test Accuracy: 0.9967, Energy: -814514.375
Time taken:  0.31479740142822266
Test Loss: 0.0000, Test Accuracy: 0.9967, Energy: -815476.875
Time taken:  0.3177046775817871
Test Loss: 0.0000, Test Accuracy: 0.9967, Energy: -816358.25
Time taken:  0.3178596496582031
Test Loss: 0.0000, Test Accuracy: 0.9967, Energy: -817092.625
Time taken:  0.31466102600097656
Test Loss: 0.0000, Test Accuracy: 0.9967, Energy: -817787.3125
Time taken:  0.31517696380615234
Test Loss: 0.0000, Test Accuracy: 0.9967, Energy: -818358.25
Time taken:  0.31693363189697266
Test Loss: 0.0000, Test Accuracy: 0.9967, Energy: -818902.8125
Time taken:  0.3206617832183838
Test Loss: 0.0000, Test Accuracy: 0.9967, Energy: -819259.5
Time taken:  0.3250584602355957
Test Loss: 0.0000, Test Accuracy: 0.9967, Energy: -819666.75
Time taken:  0.3300795555114746
Test Loss: 0.0000, Test Accuracy: 0.9967, Energy: -820140.5625
Time taken:  0.3199012279510498
Test Loss: 0.0000, Test Accuracy: 0.9967, Energy: -820514.25
Time taken:  0.3220806121826172
Test Loss: 0.0000, Test Accuracy: 0.9967, Energy: -820804.875
Time taken:  0.3214709758758545
Test Loss: 0.0000, Test Accuracy: 0.9967, Energy: -821150.5625
Time taken:  0.3209857940673828
Test Loss: 0.0000, Test Accuracy: 0.9967, Energy: -821425.75
Time taken:  0.3246140480041504
Test Loss: 0.0000, Test Accuracy: 0.9967, Energy: -821671.1875
Time taken:  0.31701064109802246
Test Loss: 0.0000, Test Accuracy: 0.9967, Energy: -821939.0625
Time taken:  0.31865715980529785
Test Loss: 0.0000, Test Accuracy: 0.9967, Energy: -822188.125
Time taken:  0.3191230297088623
Test Loss: 0.0000, Test Accuracy: 0.9967, Energy: -822383.0625
Time taken:  0.32101988792419434
Test Loss: 0.0000, Test Accuracy: 0.9967, Energy: -822533.5625
Time taken:  0.31310415267944336
Test Loss: 0.0000, Test Accuracy: 0.9967, Energy: -822822.5625
Time taken:  0.31845688819885254
Test Loss: 0.0000, Test Accuracy: 0.9967, Energy: -823025.625
Time taken:  0.31273412704467773
Test Loss: 0.0000, Test Accuracy: 0.9967, Energy: -823201.625
Time taken:  0.31415796279907227
Test Loss: 0.0000, Test Accuracy: 0.9967, Energy: -823375.0
Time taken:  0.31272101402282715
Test Loss: 0.0000, Test Accuracy: 0.9967, Energy: -823635.8125
Time taken:  0.31409716606140137
Test Loss: 0.0000, Test Accuracy: 0.9967, Energy: -823855.4375
Time taken:  0.3163888454437256
Test Loss: 0.0000, Test Accuracy: 0.9967, Energy: -823993.5
Time taken:  0.311107873916626
Test Loss: 0.0000, Test Accuracy: 0.9967, Energy: -824222.9375
Time taken:  0.3145909309387207
Test Loss: 0.0000, Test Accuracy: 0.9967, Energy: -824377.375
Time taken:  0.31192541122436523
Test Loss: 0.0000, Test Accuracy: 0.9967, Energy: -824609.625
Time taken:  0.3180849552154541
Test Loss: 0.0000, Test Accuracy: 0.9967, Energy: -824832.0625
Time taken:  0.31284284591674805
Test Loss: 0.0000, Test Accuracy: 0.9967, Energy: -824997.375
Time taken:  0.3159310817718506
Test Loss: 0.0000, Test Accuracy: 0.9967, Energy: -825242.375
Time taken:  0.314910888671875
Test Loss: 0.0000, Test Accuracy: 0.9967, Energy: -825452.3125
Time taken:  0.32185912132263184
Test Loss: 0.0000, Test Accuracy: 0.9967, Energy: -825703.4375
Time taken:  0.3179340362548828
Test Loss: 0.0000, Test Accuracy: 0.9967, Energy: -825888.75
Time taken:  0.3173997402191162
Test Loss: 0.0000, Test Accuracy: 0.9967, Energy: -826063.375
Time taken:  0.3256266117095947
Test Loss: 0.0000, Test Accuracy: 0.9967, Energy: -826257.5
Time taken:  0.3145277500152588
Test Loss: 0.0000, Test Accuracy: 0.9967, Energy: -826444.3125
Time taken:  0.31420350074768066
Test Loss: 0.0000, Test Accuracy: 0.9967, Energy: -826582.125
Time taken:  0.31163835525512695
Test Loss: 0.0000, Test Accuracy: 0.9967, Energy: -826823.625
Time taken:  0.3220860958099365
Test Loss: 0.0000, Test Accuracy: 0.9967, Energy: -827052.5625
Time taken:  0.31669044494628906
Test Loss: 0.0000, Test Accuracy: 0.9967, Energy: -827277.125
Time taken:  0.31836628913879395
Test Loss: 0.0000, Test Accuracy: 0.9967, Energy: -827491.625
Time taken:  0.32065725326538086
Test Loss: 0.0000, Test Accuracy: 0.9967, Energy: -827692.5625
Time taken:  0.3237605094909668
Test Loss: 0.0000, Test Accuracy: 0.9967, Energy: -827916.0
Time taken:  0.3161957263946533
Test Loss: 0.0000, Test Accuracy: 0.9967, Energy: -828131.5
Time taken:  0.31872987747192383
Test Loss: 0.0000, Test Accuracy: 0.9967, Energy: -828347.3125
Time taken:  0.31989240646362305
Test Loss: 0.0000, Test Accuracy: 0.9967, Energy: -828484.0
Time taken:  0.31681323051452637
Test Loss: 0.0000, Test Accuracy: 0.9967, Energy: -828703.1875
Time taken:  0.3206641674041748
Test Loss: 0.0000, Test Accuracy: 0.9967, Energy: -828904.1875
Time taken:  0.31763792037963867
Test Loss: 0.0000, Test Accuracy: 0.9967, Energy: -829033.375
Time taken:  0.3191347122192383
Test Loss: 0.0000, Test Accuracy: 0.9967, Energy: -829286.5
Time taken:  0.3201487064361572
Test Loss: 0.0000, Test Accuracy: 0.9967, Energy: -829460.6875
Time taken:  0.3192017078399658
Test Loss: 0.0000, Test Accuracy: 0.9967, Energy: -829638.8125
Time taken:  0.3130035400390625
Test Loss: 0.0000, Test Accuracy: 0.9967, Energy: -829846.0
Time taken:  0.31580018997192383
Test Loss: 0.0000, Test Accuracy: 0.9967, Energy: -830043.875
Time taken:  0.3139455318450928
Test Loss: 0.0000, Test Accuracy: 0.9967, Energy: -830218.4375
Time taken:  0.31741976737976074
Test Loss: 0.0000, Test Accuracy: 0.9967, Energy: -830382.0
Time taken:  0.31556081771850586
Test Loss: 0.0000, Test Accuracy: 0.9967, Energy: -830574.125
Time taken:  0.3174290657043457
Test Loss: 0.0000, Test Accuracy: 0.9967, Energy: -830738.1875
Time taken:  0.3201308250427246
Test Loss: 0.0000, Test Accuracy: 0.9967, Energy: -830913.125
Time taken:  0.3163576126098633
Test Loss: 0.0000, Test Accuracy: 0.9967, Energy: -831039.25
Time taken:  0.32112598419189453
Test Loss: 0.0000, Test Accuracy: 0.9967, Energy: -831197.0625
Time taken:  0.3160555362701416
Test Loss: 0.0000, Test Accuracy: 0.9967, Energy: -831380.625
Time taken:  0.3203098773956299
Test Loss: 0.0000, Test Accuracy: 0.9967, Energy: -831529.625
Time taken:  0.3126399517059326
Test Loss: 0.0000, Test Accuracy: 0.9967, Energy: -831693.9375
Time taken:  0.3167128562927246
Test Loss: 0.0000, Test Accuracy: 0.9967, Energy: -831844.125
Time taken:  0.31232142448425293
Test Loss: 0.0000, Test Accuracy: 0.9967, Energy: -831932.875
Time taken:  0.31702136993408203
Test Loss: 0.0000, Test Accuracy: 0.9967, Energy: -832095.25
Time taken:  0.31383633613586426
Test Loss: 0.0000, Test Accuracy: 0.9967, Energy: -832241.5625
Time taken:  0.317493200302124
Test Loss: 0.0000, Test Accuracy: 0.9967, Energy: -832454.625
Time taken:  0.3191714286804199
Test Loss: 0.0000, Test Accuracy: 0.9967, Energy: -832598.0625
Time taken:  0.31743836402893066
Test Loss: 0.0000, Test Accuracy: 0.9967, Energy: -832743.5625
Time taken:  0.3195199966430664
Final accuracies: [0.9833333333333333, 0.9666666666666667, 0.9766666666666667, 0.99, 0.9933333333333333, 0.9933333333333333, 0.9933333333333333, 0.9966666666666667, 0.9966666666666667, 0.9966666666666667, 0.9966666666666667, 0.9966666666666667, 0.9966666666666667, 0.9966666666666667, 0.9966666666666667, 0.9966666666666667, 0.9966666666666667, 0.9966666666666667, 0.9966666666666667, 0.9966666666666667, 0.9966666666666667, 0.9966666666666667, 0.9966666666666667, 0.9966666666666667, 0.9966666666666667, 0.9966666666666667, 0.9966666666666667, 0.9966666666666667, 0.9966666666666667, 0.9966666666666667, 0.9966666666666667, 0.9966666666666667, 0.9966666666666667, 0.9966666666666667, 0.9966666666666667, 0.9966666666666667, 0.9966666666666667, 0.9966666666666667, 0.9966666666666667, 0.9966666666666667, 0.9966666666666667, 0.9966666666666667, 0.9966666666666667, 0.9966666666666667, 0.9966666666666667, 0.9966666666666667, 0.9966666666666667, 0.9966666666666667, 0.9966666666666667, 0.9966666666666667, 0.9966666666666667, 0.9966666666666667, 0.9966666666666667, 0.9966666666666667, 0.9966666666666667, 0.9966666666666667, 0.9966666666666667, 0.9966666666666667, 0.9966666666666667, 0.9966666666666667, 0.9966666666666667, 0.9966666666666667, 0.9966666666666667, 0.9966666666666667, 0.9966666666666667, 0.9966666666666667, 0.9966666666666667, 0.9966666666666667, 0.9966666666666667, 0.9966666666666667, 0.9966666666666667, 0.9966666666666667, 0.9966666666666667, 0.9966666666666667, 0.9966666666666667, 0.9966666666666667, 0.9966666666666667, 0.9966666666666667, 0.9966666666666667, 0.9966666666666667, 0.9966666666666667, 0.9966666666666667, 0.9966666666666667, 0.9966666666666667, 0.9966666666666667, 0.9966666666666667, 0.9966666666666667, 0.9966666666666667, 0.9966666666666667, 0.9966666666666667, 0.9966666666666667, 0.9966666666666667, 0.9966666666666667, 0.9966666666666667, 0.9966666666666667, 0.9966666666666667, 0.9966666666666667, 0.9966666666666667, 0.9966666666666667, 0.9966666666666667]
Final energies: [-127062.5078125, -237441.6875, -353018.78125, -443066.0625, -511897.4375, -562985.6875, -605078.625, -642008.6875, -670515.6875, -693930.875, -713766.5, -730911.625, -744994.875, -756309.6875, -766420.875, -774962.1875, -781873.125, -787998.125, -792871.1875, -797140.5, -800713.375, -803603.75, -806133.4375, -808270.0, -810321.25, -811890.5, -813273.125, -814514.375, -815476.875, -816358.25, -817092.625, -817787.3125, -818358.25, -818902.8125, -819259.5, -819666.75, -820140.5625, -820514.25, -820804.875, -821150.5625, -821425.75, -821671.1875, -821939.0625, -822188.125, -822383.0625, -822533.5625, -822822.5625, -823025.625, -823201.625, -823375.0, -823635.8125, -823855.4375, -823993.5, -824222.9375, -824377.375, -824609.625, -824832.0625, -824997.375, -825242.375, -825452.3125, -825703.4375, -825888.75, -826063.375, -826257.5, -826444.3125, -826582.125, -826823.625, -827052.5625, -827277.125, -827491.625, -827692.5625, -827916.0, -828131.5, -828347.3125, -828484.0, -828703.1875, -828904.1875, -829033.375, -829286.5, -829460.6875, -829638.8125, -829846.0, -830043.875, -830218.4375, -830382.0, -830574.125, -830738.1875, -830913.125, -831039.25, -831197.0625, -831380.625, -831529.625, -831693.9375, -831844.125, -831932.875, -832095.25, -832241.5625, -832454.625, -832598.0625, -832743.5625]
