Running with parameters: hidden=50, use_coupled=false, seed=20, lam=0.0, eta=0.0, batch=50
Test Loss: 0.0000, Test Accuracy: 1.0000, Energy: -107784.1171875
Time taken:  0.3510556221008301
Test Loss: 0.0000, Test Accuracy: 0.9867, Energy: -416866.6875
Time taken:  0.3188896179199219
Test Loss: 0.0000, Test Accuracy: 1.0000, Energy: -629214.1875
Time taken:  0.31310558319091797
Test Loss: 0.0000, Test Accuracy: 0.9733, Energy: -789867.4375
Time taken:  0.3178441524505615
Test Loss: 0.0000, Test Accuracy: 0.9800, Energy: -899060.875
Time taken:  0.31543445587158203
Test Loss: 0.0000, Test Accuracy: 0.9967, Energy: -976340.625
Time taken:  0.3163785934448242
Test Loss: 0.0000, Test Accuracy: 1.0000, Energy: -1000351.5
Time taken:  0.31638431549072266
Test Loss: 0.0000, Test Accuracy: 1.0000, Energy: -1037626.25
Time taken:  0.317626953125
Test Loss: 0.0000, Test Accuracy: 1.0000, Energy: -1070460.625
Time taken:  0.31406545639038086
Test Loss: 0.0000, Test Accuracy: 1.0000, Energy: -1096805.75
Time taken:  0.3148689270019531
Test Loss: 0.0000, Test Accuracy: 1.0000, Energy: -1117982.0
Time taken:  0.3205995559692383
Test Loss: 0.0000, Test Accuracy: 0.9967, Energy: -1135793.375
Time taken:  0.3153531551361084
Test Loss: 0.0000, Test Accuracy: 0.9967, Energy: -1150734.75
Time taken:  0.31715846061706543
Test Loss: 0.0000, Test Accuracy: 0.9967, Energy: -1163202.125
Time taken:  0.3110506534576416
Test Loss: 0.0000, Test Accuracy: 0.9967, Energy: -1174360.25
Time taken:  0.31783580780029297
Test Loss: 0.0000, Test Accuracy: 0.9967, Energy: -1183342.0
Time taken:  0.31235218048095703
Test Loss: 0.0000, Test Accuracy: 0.9967, Energy: -1191483.5
Time taken:  0.3139770030975342
Test Loss: 0.0000, Test Accuracy: 0.9967, Energy: -1197838.0
Time taken:  0.3137965202331543
Test Loss: 0.0000, Test Accuracy: 0.9967, Energy: -1203399.625
Time taken:  0.31510281562805176
Test Loss: 0.0000, Test Accuracy: 0.9967, Energy: -1208144.375
Time taken:  0.3121471405029297
Test Loss: 0.0000, Test Accuracy: 0.9967, Energy: -1212210.5
Time taken:  0.3129305839538574
Test Loss: 0.0000, Test Accuracy: 0.9967, Energy: -1215542.75
Time taken:  0.3101184368133545
Test Loss: 0.0000, Test Accuracy: 0.9967, Energy: -1218280.5
Time taken:  0.31444406509399414
Test Loss: 0.0000, Test Accuracy: 0.9967, Energy: -1220746.375
Time taken:  0.3129866123199463
Test Loss: 0.0000, Test Accuracy: 0.9967, Energy: -1222741.0
Time taken:  0.31768155097961426
Test Loss: 0.0000, Test Accuracy: 0.9967, Energy: -1224543.875
Time taken:  0.31090688705444336
Test Loss: 0.0000, Test Accuracy: 0.9967, Energy: -1225981.125
Time taken:  0.31340742111206055
Test Loss: 0.0000, Test Accuracy: 0.9967, Energy: -1227343.0
Time taken:  0.3122842311859131
Test Loss: 0.0000, Test Accuracy: 0.9967, Energy: -1228370.375
Time taken:  0.31647419929504395
Test Loss: 0.0000, Test Accuracy: 0.9967, Energy: -1229285.125
Time taken:  0.3129715919494629
Test Loss: 0.0000, Test Accuracy: 0.9967, Energy: -1230083.0
Time taken:  0.31528353691101074
Test Loss: 0.0000, Test Accuracy: 0.9967, Energy: -1230871.25
Time taken:  0.31114673614501953
Test Loss: 0.0000, Test Accuracy: 0.9967, Energy: -1231370.25
Time taken:  0.31337428092956543
Test Loss: 0.0000, Test Accuracy: 0.9967, Energy: -1231885.5
Time taken:  0.31578850746154785
Test Loss: 0.0000, Test Accuracy: 0.9967, Energy: -1232254.375
Time taken:  0.3082761764526367
Test Loss: 0.0000, Test Accuracy: 0.9967, Energy: -1232570.0
Time taken:  0.31229186058044434
Test Loss: 0.0000, Test Accuracy: 0.9967, Energy: -1232920.375
Time taken:  0.3111279010772705
Test Loss: 0.0000, Test Accuracy: 0.9967, Energy: -1233179.125
Time taken:  0.312455415725708
Test Loss: 0.0000, Test Accuracy: 0.9967, Energy: -1233402.5
Time taken:  0.3112213611602783
Test Loss: 0.0000, Test Accuracy: 0.9967, Energy: -1233592.375
Time taken:  0.31321120262145996
Test Loss: 0.0000, Test Accuracy: 0.9967, Energy: -1233760.125
Time taken:  0.3130311965942383
Test Loss: 0.0000, Test Accuracy: 0.9967, Energy: -1234006.5
Time taken:  0.31258630752563477
Test Loss: 0.0000, Test Accuracy: 0.9967, Energy: -1234150.875
Time taken:  0.3107423782348633
Test Loss: 0.0000, Test Accuracy: 0.9967, Energy: -1234288.5
Time taken:  0.31336379051208496
Test Loss: 0.0000, Test Accuracy: 0.9967, Energy: -1234426.875
Time taken:  0.30870795249938965
Test Loss: 0.0000, Test Accuracy: 0.9967, Energy: -1234535.5
Time taken:  0.31558799743652344
Test Loss: 0.0000, Test Accuracy: 0.9967, Energy: -1234668.125
Time taken:  0.310685396194458
Test Loss: 0.0000, Test Accuracy: 0.9967, Energy: -1234773.875
Time taken:  0.3132178783416748
Test Loss: 0.0000, Test Accuracy: 0.9967, Energy: -1234872.875
Time taken:  0.3077824115753174
Test Loss: 0.0000, Test Accuracy: 0.9967, Energy: -1234964.875
Time taken:  0.3114774227142334
Test Loss: 0.0000, Test Accuracy: 0.9967, Energy: -1235034.25
Time taken:  0.30981945991516113
Test Loss: 0.0000, Test Accuracy: 0.9967, Energy: -1235123.375
Time taken:  0.31298136711120605
Test Loss: 0.0000, Test Accuracy: 0.9967, Energy: -1235202.0
Time taken:  0.3089594841003418
Test Loss: 0.0000, Test Accuracy: 0.9967, Energy: -1235303.875
Time taken:  0.3120155334472656
Test Loss: 0.0000, Test Accuracy: 0.9967, Energy: -1235405.5
Time taken:  0.30868959426879883
Test Loss: 0.0000, Test Accuracy: 0.9967, Energy: -1235489.5
Time taken:  0.31253600120544434
Test Loss: 0.0000, Test Accuracy: 0.9967, Energy: -1235562.875
Time taken:  0.3110806941986084
Test Loss: 0.0000, Test Accuracy: 0.9967, Energy: -1235666.625
Time taken:  0.31195855140686035
Test Loss: 0.0000, Test Accuracy: 0.9967, Energy: -1235734.625
Time taken:  0.3114802837371826
Test Loss: 0.0000, Test Accuracy: 0.9967, Energy: -1235806.625
Time taken:  0.3140683174133301
Test Loss: 0.0000, Test Accuracy: 0.9967, Energy: -1235876.625
Time taken:  0.3129105567932129
Test Loss: 0.0000, Test Accuracy: 0.9967, Energy: -1235948.125
Time taken:  0.3090834617614746
Test Loss: 0.0000, Test Accuracy: 0.9967, Energy: -1236028.0
Time taken:  0.3152329921722412
Test Loss: 0.0000, Test Accuracy: 0.9967, Energy: -1236121.5
Time taken:  0.3103475570678711
Test Loss: 0.0000, Test Accuracy: 0.9967, Energy: -1236224.75
Time taken:  0.3132517337799072
Test Loss: 0.0000, Test Accuracy: 0.9967, Energy: -1236298.25
Time taken:  0.31041455268859863
Test Loss: 0.0000, Test Accuracy: 0.9967, Energy: -1236359.5
Time taken:  0.3140439987182617
Test Loss: 0.0000, Test Accuracy: 0.9967, Energy: -1236441.0
Time taken:  0.3107883930206299
Test Loss: 0.0000, Test Accuracy: 0.9967, Energy: -1236519.5
Time taken:  0.31266117095947266
Test Loss: 0.0000, Test Accuracy: 0.9967, Energy: -1236583.5
Time taken:  0.3102729320526123
Test Loss: 0.0000, Test Accuracy: 0.9967, Energy: -1236647.75
Time taken:  0.3139159679412842
Test Loss: 0.0000, Test Accuracy: 0.9967, Energy: -1236713.125
Time taken:  0.309328556060791
Test Loss: 0.0000, Test Accuracy: 0.9967, Energy: -1236781.0
Time taken:  0.3138706684112549
Test Loss: 0.0000, Test Accuracy: 0.9967, Energy: -1236851.625
Time taken:  0.30901598930358887
Test Loss: 0.0000, Test Accuracy: 0.9967, Energy: -1236919.375
Time taken:  0.3139970302581787
Test Loss: 0.0000, Test Accuracy: 0.9967, Energy: -1236981.75
Time taken:  0.3088819980621338
Test Loss: 0.0000, Test Accuracy: 0.9967, Energy: -1237038.625
Time taken:  0.31157684326171875
Test Loss: 0.0000, Test Accuracy: 0.9967, Energy: -1237107.75
Time taken:  0.31177711486816406
Test Loss: 0.0000, Test Accuracy: 0.9967, Energy: -1237172.5
Time taken:  0.3113083839416504
Test Loss: 0.0000, Test Accuracy: 0.9967, Energy: -1237233.0
Time taken:  0.31005072593688965
Test Loss: 0.0000, Test Accuracy: 0.9967, Energy: -1237300.25
Time taken:  0.3105165958404541
Test Loss: 0.0000, Test Accuracy: 0.9967, Energy: -1237358.5
Time taken:  0.3096616268157959
Test Loss: 0.0000, Test Accuracy: 0.9967, Energy: -1237420.625
Time taken:  0.31592774391174316
Test Loss: 0.0000, Test Accuracy: 0.9967, Energy: -1237493.375
Time taken:  0.3099100589752197
Test Loss: 0.0000, Test Accuracy: 0.9967, Energy: -1237547.0
Time taken:  0.31432318687438965
Test Loss: 0.0000, Test Accuracy: 0.9967, Energy: -1237605.5
Time taken:  0.3101036548614502
Test Loss: 0.0000, Test Accuracy: 0.9967, Energy: -1237667.125
Time taken:  0.3128492832183838
Test Loss: 0.0000, Test Accuracy: 0.9967, Energy: -1237730.5
Time taken:  0.3146359920501709
Test Loss: 0.0000, Test Accuracy: 0.9967, Energy: -1237783.375
Time taken:  0.3109149932861328
Test Loss: 0.0000, Test Accuracy: 0.9967, Energy: -1237851.125
Time taken:  0.31293511390686035
Test Loss: 0.0000, Test Accuracy: 0.9967, Energy: -1237906.875
Time taken:  0.30857062339782715
Test Loss: 0.0000, Test Accuracy: 0.9967, Energy: -1237962.625
Time taken:  0.31347179412841797
Test Loss: 0.0000, Test Accuracy: 0.9967, Energy: -1238016.25
Time taken:  0.30935120582580566
Test Loss: 0.0000, Test Accuracy: 0.9967, Energy: -1238074.875
Time taken:  0.3135490417480469
Test Loss: 0.0000, Test Accuracy: 0.9967, Energy: -1238142.125
Time taken:  0.3077883720397949
Test Loss: 0.0000, Test Accuracy: 0.9967, Energy: -1238197.375
Time taken:  0.3155858516693115
Test Loss: 0.0000, Test Accuracy: 0.9967, Energy: -1238270.375
Time taken:  0.30912017822265625
Test Loss: 0.0000, Test Accuracy: 0.9967, Energy: -1238330.25
Time taken:  0.3126640319824219
Test Loss: 0.0000, Test Accuracy: 0.9967, Energy: -1238390.125
Time taken:  0.30983924865722656
Test Loss: 0.0000, Test Accuracy: 0.9967, Energy: -1238448.625
Time taken:  0.31568169593811035
Final accuracies: [1.0, 0.9866666666666667, 1.0, 0.9733333333333334, 0.98, 0.9966666666666667, 1.0, 1.0, 1.0, 1.0, 1.0, 0.9966666666666667, 0.9966666666666667, 0.9966666666666667, 0.9966666666666667, 0.9966666666666667, 0.9966666666666667, 0.9966666666666667, 0.9966666666666667, 0.9966666666666667, 0.9966666666666667, 0.9966666666666667, 0.9966666666666667, 0.9966666666666667, 0.9966666666666667, 0.9966666666666667, 0.9966666666666667, 0.9966666666666667, 0.9966666666666667, 0.9966666666666667, 0.9966666666666667, 0.9966666666666667, 0.9966666666666667, 0.9966666666666667, 0.9966666666666667, 0.9966666666666667, 0.9966666666666667, 0.9966666666666667, 0.9966666666666667, 0.9966666666666667, 0.9966666666666667, 0.9966666666666667, 0.9966666666666667, 0.9966666666666667, 0.9966666666666667, 0.9966666666666667, 0.9966666666666667, 0.9966666666666667, 0.9966666666666667, 0.9966666666666667, 0.9966666666666667, 0.9966666666666667, 0.9966666666666667, 0.9966666666666667, 0.9966666666666667, 0.9966666666666667, 0.9966666666666667, 0.9966666666666667, 0.9966666666666667, 0.9966666666666667, 0.9966666666666667, 0.9966666666666667, 0.9966666666666667, 0.9966666666666667, 0.9966666666666667, 0.9966666666666667, 0.9966666666666667, 0.9966666666666667, 0.9966666666666667, 0.9966666666666667, 0.9966666666666667, 0.9966666666666667, 0.9966666666666667, 0.9966666666666667, 0.9966666666666667, 0.9966666666666667, 0.9966666666666667, 0.9966666666666667, 0.9966666666666667, 0.9966666666666667, 0.9966666666666667, 0.9966666666666667, 0.9966666666666667, 0.9966666666666667, 0.9966666666666667, 0.9966666666666667, 0.9966666666666667, 0.9966666666666667, 0.9966666666666667, 0.9966666666666667, 0.9966666666666667, 0.9966666666666667, 0.9966666666666667, 0.9966666666666667, 0.9966666666666667, 0.9966666666666667, 0.9966666666666667, 0.9966666666666667, 0.9966666666666667, 0.9966666666666667]
Final energies: [-107784.1171875, -416866.6875, -629214.1875, -789867.4375, -899060.875, -976340.625, -1000351.5, -1037626.25, -1070460.625, -1096805.75, -1117982.0, -1135793.375, -1150734.75, -1163202.125, -1174360.25, -1183342.0, -1191483.5, -1197838.0, -1203399.625, -1208144.375, -1212210.5, -1215542.75, -1218280.5, -1220746.375, -1222741.0, -1224543.875, -1225981.125, -1227343.0, -1228370.375, -1229285.125, -1230083.0, -1230871.25, -1231370.25, -1231885.5, -1232254.375, -1232570.0, -1232920.375, -1233179.125, -1233402.5, -1233592.375, -1233760.125, -1234006.5, -1234150.875, -1234288.5, -1234426.875, -1234535.5, -1234668.125, -1234773.875, -1234872.875, -1234964.875, -1235034.25, -1235123.375, -1235202.0, -1235303.875, -1235405.5, -1235489.5, -1235562.875, -1235666.625, -1235734.625, -1235806.625, -1235876.625, -1235948.125, -1236028.0, -1236121.5, -1236224.75, -1236298.25, -1236359.5, -1236441.0, -1236519.5, -1236583.5, -1236647.75, -1236713.125, -1236781.0, -1236851.625, -1236919.375, -1236981.75, -1237038.625, -1237107.75, -1237172.5, -1237233.0, -1237300.25, -1237358.5, -1237420.625, -1237493.375, -1237547.0, -1237605.5, -1237667.125, -1237730.5, -1237783.375, -1237851.125, -1237906.875, -1237962.625, -1238016.25, -1238074.875, -1238142.125, -1238197.375, -1238270.375, -1238330.25, -1238390.125, -1238448.625]
