Running with parameters: hidden=30, use_coupled=true, seed=27, lam=0.1, eta=1.0, batch=100
Test Loss: 0.0000, Test Accuracy: 0.9467, Energy: -1180.071044921875
Time taken:  0.2928340435028076
Test Loss: 0.0000, Test Accuracy: 1.0000, Energy: -12435.80859375
Time taken:  0.27452683448791504
Test Loss: 0.0000, Test Accuracy: 0.9967, Energy: -69314.234375
Time taken:  0.24138164520263672
Test Loss: 0.0000, Test Accuracy: 0.9967, Energy: -174076.15625
Time taken:  0.2445240020751953
Test Loss: 0.0000, Test Accuracy: 0.9933, Energy: -274806.5625
Time taken:  0.2376542091369629
Test Loss: 0.0000, Test Accuracy: 0.9967, Energy: -361444.8125
Time taken:  0.23714160919189453
Test Loss: 0.0000, Test Accuracy: 0.9967, Energy: -436084.8125
Time taken:  0.24251699447631836
Test Loss: 0.0000, Test Accuracy: 0.9967, Energy: -502194.71875
Time taken:  0.25346803665161133
Test Loss: 0.0000, Test Accuracy: 0.9967, Energy: -561117.8125
Time taken:  0.24269413948059082
Test Loss: 0.0000, Test Accuracy: 0.9967, Energy: -611998.5
Time taken:  0.23627948760986328
Test Loss: 0.0000, Test Accuracy: 0.9967, Energy: -657355.0625
Time taken:  0.25221920013427734
Test Loss: 0.0000, Test Accuracy: 0.9967, Energy: -697996.5625
Time taken:  0.24444198608398438
Test Loss: 0.0000, Test Accuracy: 0.9967, Energy: -734926.5625
Time taken:  0.2559025287628174
Test Loss: 0.0000, Test Accuracy: 0.9967, Energy: -769024.8125
Time taken:  0.2402200698852539
Test Loss: 0.0000, Test Accuracy: 0.9967, Energy: -799447.25
Time taken:  0.25961804389953613
Test Loss: 0.0000, Test Accuracy: 0.9967, Energy: -826518.3125
Time taken:  0.24252820014953613
Test Loss: 0.0000, Test Accuracy: 0.9967, Energy: -851676.375
Time taken:  0.25812339782714844
Test Loss: 0.0000, Test Accuracy: 0.9967, Energy: -874398.0
Time taken:  0.23800349235534668
Test Loss: 0.0000, Test Accuracy: 0.9967, Energy: -894819.3125
Time taken:  0.23734641075134277
Test Loss: 0.0000, Test Accuracy: 0.9967, Energy: -913682.375
Time taken:  0.2518484592437744
Test Loss: 0.0000, Test Accuracy: 0.9967, Energy: -930219.875
Time taken:  0.23833918571472168
Test Loss: 0.0000, Test Accuracy: 0.9967, Energy: -945302.875
Time taken:  0.24401140213012695
Test Loss: 0.0000, Test Accuracy: 0.9967, Energy: -958607.0
Time taken:  0.23970532417297363
Test Loss: 0.0000, Test Accuracy: 0.9967, Energy: -970768.0
Time taken:  0.23587274551391602
Test Loss: 0.0000, Test Accuracy: 0.9967, Energy: -982130.0
Time taken:  0.24372148513793945
Test Loss: 0.0000, Test Accuracy: 0.9967, Energy: -993376.5
Time taken:  0.23717188835144043
Test Loss: 0.0000, Test Accuracy: 0.9967, Energy: -1003701.25
Time taken:  0.23740172386169434
Test Loss: 0.0000, Test Accuracy: 0.9967, Energy: -1012210.875
Time taken:  0.2406935691833496
Test Loss: 0.0000, Test Accuracy: 0.9967, Energy: -1020327.1875
Time taken:  0.23635196685791016
Test Loss: 0.0000, Test Accuracy: 0.9967, Energy: -1027686.5
Time taken:  0.2406604290008545
Test Loss: 0.0000, Test Accuracy: 0.9967, Energy: -1034474.125
Time taken:  0.23590373992919922
Test Loss: 0.0000, Test Accuracy: 0.9967, Energy: -1040262.875
Time taken:  0.23767924308776855
Test Loss: 0.0000, Test Accuracy: 0.9967, Energy: -1045460.75
Time taken:  0.23937559127807617
Test Loss: 0.0000, Test Accuracy: 0.9967, Energy: -1050216.625
Time taken:  0.23890137672424316
Test Loss: 0.0000, Test Accuracy: 0.9967, Energy: -1054803.25
Time taken:  0.23680758476257324
Test Loss: 0.0000, Test Accuracy: 0.9967, Energy: -1058937.25
Time taken:  0.24326467514038086
Test Loss: 0.0000, Test Accuracy: 0.9967, Energy: -1062971.125
Time taken:  0.23839807510375977
Test Loss: 0.0000, Test Accuracy: 0.9967, Energy: -1066328.125
Time taken:  0.24299049377441406
Test Loss: 0.0000, Test Accuracy: 0.9967, Energy: -1069653.75
Time taken:  0.24173712730407715
Test Loss: 0.0000, Test Accuracy: 0.9967, Energy: -1072350.75
Time taken:  0.2410581111907959
Test Loss: 0.0000, Test Accuracy: 0.9967, Energy: -1074981.625
Time taken:  0.24636340141296387
Test Loss: 0.0000, Test Accuracy: 0.9967, Energy: -1077236.5
Time taken:  0.2415764331817627
Test Loss: 0.0000, Test Accuracy: 0.9967, Energy: -1079489.375
Time taken:  0.2461700439453125
Test Loss: 0.0000, Test Accuracy: 0.9967, Energy: -1081303.125
Time taken:  0.2411649227142334
Test Loss: 0.0000, Test Accuracy: 0.9967, Energy: -1083056.25
Time taken:  0.23899292945861816
Test Loss: 0.0000, Test Accuracy: 0.9967, Energy: -1084900.75
Time taken:  0.24362683296203613
Test Loss: 0.0000, Test Accuracy: 0.9967, Energy: -1086258.25
Time taken:  0.23833465576171875
Test Loss: 0.0000, Test Accuracy: 0.9967, Energy: -1087478.125
Time taken:  0.23969316482543945
Test Loss: 0.0000, Test Accuracy: 0.9967, Energy: -1088780.5
Time taken:  0.2424168586730957
Test Loss: 0.0000, Test Accuracy: 0.9967, Energy: -1089843.0
Time taken:  0.23877668380737305
Test Loss: 0.0000, Test Accuracy: 0.9967, Energy: -1090665.375
Time taken:  0.24224305152893066
Test Loss: 0.0000, Test Accuracy: 0.9967, Energy: -1091606.0
Time taken:  0.23826932907104492
Test Loss: 0.0000, Test Accuracy: 0.9967, Energy: -1092531.5
Time taken:  0.2389976978302002
Test Loss: 0.0000, Test Accuracy: 0.9967, Energy: -1093168.5
Time taken:  0.24217987060546875
Test Loss: 0.0000, Test Accuracy: 0.9967, Energy: -1093808.75
Time taken:  0.23750066757202148
Test Loss: 0.0000, Test Accuracy: 0.9967, Energy: -1094452.625
Time taken:  0.23688912391662598
Test Loss: 0.0000, Test Accuracy: 0.9967, Energy: -1094973.5
Time taken:  0.2427654266357422
Test Loss: 0.0000, Test Accuracy: 0.9967, Energy: -1095384.75
Time taken:  0.23699283599853516
Test Loss: 0.0000, Test Accuracy: 0.9967, Energy: -1095611.375
Time taken:  0.24157381057739258
Test Loss: 0.0000, Test Accuracy: 0.9967, Energy: -1096058.625
Time taken:  0.23657917976379395
Test Loss: 0.0000, Test Accuracy: 0.9967, Energy: -1096454.625
Time taken:  0.2384638786315918
Test Loss: 0.0000, Test Accuracy: 0.9967, Energy: -1096826.5
Time taken:  0.24246978759765625
Test Loss: 0.0000, Test Accuracy: 0.9967, Energy: -1097154.375
Time taken:  0.2375960350036621
Test Loss: 0.0000, Test Accuracy: 0.9967, Energy: -1097432.25
Time taken:  0.2368459701538086
Test Loss: 0.0000, Test Accuracy: 0.9967, Energy: -1097686.125
Time taken:  0.24036741256713867
Test Loss: 0.0000, Test Accuracy: 0.9967, Energy: -1097910.0
Time taken:  0.23698759078979492
Test Loss: 0.0000, Test Accuracy: 0.9967, Energy: -1098118.875
Time taken:  0.24287128448486328
Test Loss: 0.0000, Test Accuracy: 0.9967, Energy: -1098306.5
Time taken:  0.23621296882629395
Test Loss: 0.0000, Test Accuracy: 0.9967, Energy: -1098433.5
Time taken:  0.23587822914123535
Test Loss: 0.0000, Test Accuracy: 0.9967, Energy: -1098578.75
Time taken:  0.2429211139678955
Test Loss: 0.0000, Test Accuracy: 0.9967, Energy: -1098732.75
Time taken:  0.23790812492370605
Test Loss: 0.0000, Test Accuracy: 0.9967, Energy: -1098861.25
Time taken:  0.23627781867980957
Test Loss: 0.0000, Test Accuracy: 0.9967, Energy: -1098968.375
Time taken:  0.2413625717163086
Test Loss: 0.0000, Test Accuracy: 0.9967, Energy: -1099065.25
Time taken:  0.23792171478271484
Test Loss: 0.0000, Test Accuracy: 0.9967, Energy: -1099139.125
Time taken:  0.24151349067687988
Test Loss: 0.0000, Test Accuracy: 0.9967, Energy: -1099233.375
Time taken:  0.23569130897521973
Test Loss: 0.0000, Test Accuracy: 0.9967, Energy: -1099339.75
Time taken:  0.23534893989562988
Test Loss: 0.0000, Test Accuracy: 0.9967, Energy: -1099425.875
Time taken:  0.24142169952392578
Test Loss: 0.0000, Test Accuracy: 0.9967, Energy: -1099485.125
Time taken:  0.234144926071167
Test Loss: 0.0000, Test Accuracy: 0.9967, Energy: -1099545.625
Time taken:  0.23276615142822266
Test Loss: 0.0000, Test Accuracy: 0.9967, Energy: -1099594.125
Time taken:  0.23744821548461914
Test Loss: 0.0000, Test Accuracy: 0.9967, Energy: -1099637.75
Time taken:  0.2331681251525879
Test Loss: 0.0000, Test Accuracy: 0.9967, Energy: -1099677.375
Time taken:  0.23969197273254395
Test Loss: 0.0000, Test Accuracy: 0.9967, Energy: -1099706.125
Time taken:  0.2370319366455078
Test Loss: 0.0000, Test Accuracy: 0.9967, Energy: -1099723.75
Time taken:  0.2398819923400879
Test Loss: 0.0000, Test Accuracy: 0.9967, Energy: -1099753.0
Time taken:  0.24295878410339355
Test Loss: 0.0000, Test Accuracy: 0.9967, Energy: -1099779.25
Time taken:  0.23775625228881836
Test Loss: 0.0000, Test Accuracy: 0.9967, Energy: -1099803.5
Time taken:  0.23756003379821777
Test Loss: 0.0000, Test Accuracy: 0.9967, Energy: -1099824.875
Time taken:  0.24212026596069336
Test Loss: 0.0000, Test Accuracy: 0.9967, Energy: -1099844.375
Time taken:  0.23621535301208496
Test Loss: 0.0000, Test Accuracy: 0.9967, Energy: -1099861.875
Time taken:  0.24158668518066406
Test Loss: 0.0000, Test Accuracy: 0.9967, Energy: -1099877.75
Time taken:  0.23674869537353516
Test Loss: 0.0000, Test Accuracy: 0.9967, Energy: -1099892.0
Time taken:  0.23634648323059082
Test Loss: 0.0000, Test Accuracy: 0.9967, Energy: -1099906.125
Time taken:  0.24088120460510254
Test Loss: 0.0000, Test Accuracy: 0.9967, Energy: -1099917.625
Time taken:  0.23567771911621094
Test Loss: 0.0000, Test Accuracy: 0.9967, Energy: -1099928.25
Time taken:  0.2422342300415039
Test Loss: 0.0000, Test Accuracy: 0.9967, Energy: -1099936.625
Time taken:  0.23655033111572266
Test Loss: 0.0000, Test Accuracy: 0.9967, Energy: -1099938.0
Time taken:  0.2387709617614746
Test Loss: 0.0000, Test Accuracy: 0.9967, Energy: -1099945.5
Time taken:  0.24256038665771484
Test Loss: 0.0000, Test Accuracy: 0.9967, Energy: -1099952.25
Time taken:  0.23682880401611328
Final accuracies: [0.9466666666666667, 1.0, 0.9966666666666667, 0.9966666666666667, 0.9933333333333333, 0.9966666666666667, 0.9966666666666667, 0.9966666666666667, 0.9966666666666667, 0.9966666666666667, 0.9966666666666667, 0.9966666666666667, 0.9966666666666667, 0.9966666666666667, 0.9966666666666667, 0.9966666666666667, 0.9966666666666667, 0.9966666666666667, 0.9966666666666667, 0.9966666666666667, 0.9966666666666667, 0.9966666666666667, 0.9966666666666667, 0.9966666666666667, 0.9966666666666667, 0.9966666666666667, 0.9966666666666667, 0.9966666666666667, 0.9966666666666667, 0.9966666666666667, 0.9966666666666667, 0.9966666666666667, 0.9966666666666667, 0.9966666666666667, 0.9966666666666667, 0.9966666666666667, 0.9966666666666667, 0.9966666666666667, 0.9966666666666667, 0.9966666666666667, 0.9966666666666667, 0.9966666666666667, 0.9966666666666667, 0.9966666666666667, 0.9966666666666667, 0.9966666666666667, 0.9966666666666667, 0.9966666666666667, 0.9966666666666667, 0.9966666666666667, 0.9966666666666667, 0.9966666666666667, 0.9966666666666667, 0.9966666666666667, 0.9966666666666667, 0.9966666666666667, 0.9966666666666667, 0.9966666666666667, 0.9966666666666667, 0.9966666666666667, 0.9966666666666667, 0.9966666666666667, 0.9966666666666667, 0.9966666666666667, 0.9966666666666667, 0.9966666666666667, 0.9966666666666667, 0.9966666666666667, 0.9966666666666667, 0.9966666666666667, 0.9966666666666667, 0.9966666666666667, 0.9966666666666667, 0.9966666666666667, 0.9966666666666667, 0.9966666666666667, 0.9966666666666667, 0.9966666666666667, 0.9966666666666667, 0.9966666666666667, 0.9966666666666667, 0.9966666666666667, 0.9966666666666667, 0.9966666666666667, 0.9966666666666667, 0.9966666666666667, 0.9966666666666667, 0.9966666666666667, 0.9966666666666667, 0.9966666666666667, 0.9966666666666667, 0.9966666666666667, 0.9966666666666667, 0.9966666666666667, 0.9966666666666667, 0.9966666666666667, 0.9966666666666667, 0.9966666666666667, 0.9966666666666667, 0.9966666666666667]
Final energies: [-1180.071044921875, -12435.80859375, -69314.234375, -174076.15625, -274806.5625, -361444.8125, -436084.8125, -502194.71875, -561117.8125, -611998.5, -657355.0625, -697996.5625, -734926.5625, -769024.8125, -799447.25, -826518.3125, -851676.375, -874398.0, -894819.3125, -913682.375, -930219.875, -945302.875, -958607.0, -970768.0, -982130.0, -993376.5, -1003701.25, -1012210.875, -1020327.1875, -1027686.5, -1034474.125, -1040262.875, -1045460.75, -1050216.625, -1054803.25, -1058937.25, -1062971.125, -1066328.125, -1069653.75, -1072350.75, -1074981.625, -1077236.5, -1079489.375, -1081303.125, -1083056.25, -1084900.75, -1086258.25, -1087478.125, -1088780.5, -1089843.0, -1090665.375, -1091606.0, -1092531.5, -1093168.5, -1093808.75, -1094452.625, -1094973.5, -1095384.75, -1095611.375, -1096058.625, -1096454.625, -1096826.5, -1097154.375, -1097432.25, -1097686.125, -1097910.0, -1098118.875, -1098306.5, -1098433.5, -1098578.75, -1098732.75, -1098861.25, -1098968.375, -1099065.25, -1099139.125, -1099233.375, -1099339.75, -1099425.875, -1099485.125, -1099545.625, -1099594.125, -1099637.75, -1099677.375, -1099706.125, -1099723.75, -1099753.0, -1099779.25, -1099803.5, -1099824.875, -1099844.375, -1099861.875, -1099877.75, -1099892.0, -1099906.125, -1099917.625, -1099928.25, -1099936.625, -1099938.0, -1099945.5, -1099952.25]
