Running with parameters: hidden=30, use_coupled=true, seed=24, lam=0.1, eta=1.0, batch=100
Test Loss: 0.0000, Test Accuracy: 0.9767, Energy: -58.71400451660156
Time taken:  0.303084135055542
Test Loss: 0.0000, Test Accuracy: 0.9867, Energy: -2022.1707763671875
Time taken:  0.30307579040527344
Test Loss: 0.0000, Test Accuracy: 0.9967, Energy: -16099.40234375
Time taken:  0.2684178352355957
Test Loss: 0.0000, Test Accuracy: 0.9967, Energy: -66123.859375
Time taken:  0.27541136741638184
Test Loss: 0.0000, Test Accuracy: 0.9967, Energy: -162856.25
Time taken:  0.26614928245544434
Test Loss: 0.0000, Test Accuracy: 0.9967, Energy: -257463.703125
Time taken:  0.27031898498535156
Test Loss: 0.0000, Test Accuracy: 0.9967, Energy: -338939.6875
Time taken:  0.2671058177947998
Test Loss: 0.0000, Test Accuracy: 0.9967, Energy: -410775.25
Time taken:  0.27140283584594727
Test Loss: 0.0000, Test Accuracy: 0.9967, Energy: -473738.5625
Time taken:  0.2970154285430908
Test Loss: 0.0000, Test Accuracy: 1.0000, Energy: -529826.8125
Time taken:  0.26932454109191895
Test Loss: 0.0000, Test Accuracy: 1.0000, Energy: -581046.875
Time taken:  0.2873084545135498
Test Loss: 0.0000, Test Accuracy: 1.0000, Energy: -626521.0625
Time taken:  0.2699744701385498
Test Loss: 0.0000, Test Accuracy: 0.9967, Energy: -669839.6875
Time taken:  0.2876274585723877
Test Loss: 0.0000, Test Accuracy: 1.0000, Energy: -705604.75
Time taken:  0.2712981700897217
Test Loss: 0.0000, Test Accuracy: 0.9967, Energy: -740328.5625
Time taken:  0.2734239101409912
Test Loss: 0.0000, Test Accuracy: 0.9967, Energy: -770572.5625
Time taken:  0.26987242698669434
Test Loss: 0.0000, Test Accuracy: 0.9967, Energy: -797303.5625
Time taken:  0.27010560035705566
Test Loss: 0.0000, Test Accuracy: 0.9967, Energy: -822329.75
Time taken:  0.2737233638763428
Test Loss: 0.0000, Test Accuracy: 0.9967, Energy: -845288.9375
Time taken:  0.27029919624328613
Test Loss: 0.0000, Test Accuracy: 0.9967, Energy: -865678.125
Time taken:  0.273242712020874
Test Loss: 0.0000, Test Accuracy: 0.9967, Energy: -884548.1875
Time taken:  0.2674112319946289
Test Loss: 0.0000, Test Accuracy: 0.9967, Energy: -901345.9375
Time taken:  0.27667665481567383
Test Loss: 0.0000, Test Accuracy: 0.9967, Energy: -916395.375
Time taken:  0.28984546661376953
Test Loss: 0.0000, Test Accuracy: 0.9967, Energy: -930345.625
Time taken:  0.26983165740966797
Test Loss: 0.0000, Test Accuracy: 0.9933, Energy: -943023.5
Time taken:  0.27549099922180176
Test Loss: 0.0000, Test Accuracy: 0.9967, Energy: -954902.25
Time taken:  0.2680513858795166
Test Loss: 0.0000, Test Accuracy: 0.9933, Energy: -964703.625
Time taken:  0.27312684059143066
Test Loss: 0.0000, Test Accuracy: 0.9967, Energy: -974659.625
Time taken:  0.2796776294708252
Test Loss: 0.0000, Test Accuracy: 0.9967, Energy: -983547.25
Time taken:  0.28220033645629883
Test Loss: 0.0000, Test Accuracy: 0.9933, Energy: -991044.0625
Time taken:  0.2745368480682373
Test Loss: 0.0000, Test Accuracy: 0.9967, Energy: -998717.1875
Time taken:  0.2692596912384033
Test Loss: 0.0000, Test Accuracy: 0.9967, Energy: -1005448.75
Time taken:  0.2743222713470459
Test Loss: 0.0000, Test Accuracy: 0.9933, Energy: -1011039.5625
Time taken:  0.27019381523132324
Test Loss: 0.0000, Test Accuracy: 0.9933, Energy: -1016489.375
Time taken:  0.2744138240814209
Test Loss: 0.0000, Test Accuracy: 0.9933, Energy: -1021626.5625
Time taken:  0.2714097499847412
Test Loss: 0.0000, Test Accuracy: 0.9933, Energy: -1025474.75
Time taken:  0.2691645622253418
Test Loss: 0.0000, Test Accuracy: 0.9933, Energy: -1028700.125
Time taken:  0.27009153366088867
Test Loss: 0.0000, Test Accuracy: 0.9933, Energy: -1031860.125
Time taken:  0.26508569717407227
Test Loss: 0.0000, Test Accuracy: 0.9933, Energy: -1034587.25
Time taken:  0.2750852108001709
Test Loss: 0.0000, Test Accuracy: 0.9967, Energy: -1036989.6875
Time taken:  0.2677333354949951
Test Loss: 0.0000, Test Accuracy: 0.9967, Energy: -1039265.75
Time taken:  0.27341461181640625
Test Loss: 0.0000, Test Accuracy: 0.9967, Energy: -1041241.0
Time taken:  0.26800084114074707
Test Loss: 0.0000, Test Accuracy: 0.9967, Energy: -1043016.8125
Time taken:  0.27288317680358887
Test Loss: 0.0000, Test Accuracy: 0.9967, Energy: -1044865.875
Time taken:  0.2896428108215332
Test Loss: 0.0000, Test Accuracy: 0.9967, Energy: -1046115.5
Time taken:  0.2698957920074463
Test Loss: 0.0000, Test Accuracy: 0.9967, Energy: -1047673.5
Time taken:  0.27338194847106934
Test Loss: 0.0000, Test Accuracy: 0.9967, Energy: -1049301.0
Time taken:  0.2680337429046631
Test Loss: 0.0000, Test Accuracy: 0.9967, Energy: -1050285.625
Time taken:  0.27237534523010254
Test Loss: 0.0000, Test Accuracy: 0.9967, Energy: -1051483.5
Time taken:  0.26903438568115234
Test Loss: 0.0000, Test Accuracy: 0.9967, Energy: -1052278.75
Time taken:  0.27248692512512207
Test Loss: 0.0000, Test Accuracy: 0.9967, Energy: -1053207.125
Time taken:  0.26570844650268555
Test Loss: 0.0000, Test Accuracy: 0.9967, Energy: -1054127.5
Time taken:  0.26947927474975586
Test Loss: 0.0000, Test Accuracy: 0.9967, Energy: -1055003.125
Time taken:  0.27353572845458984
Test Loss: 0.0000, Test Accuracy: 0.9967, Energy: -1055520.625
Time taken:  0.27469968795776367
Test Loss: 0.0000, Test Accuracy: 0.9967, Energy: -1056254.125
Time taken:  0.2754185199737549
Test Loss: 0.0000, Test Accuracy: 0.9967, Energy: -1056629.75
Time taken:  0.27092933654785156
Test Loss: 0.0000, Test Accuracy: 0.9967, Energy: -1057239.5
Time taken:  0.27257776260375977
Test Loss: 0.0000, Test Accuracy: 0.9967, Energy: -1057778.5
Time taken:  0.26851987838745117
Test Loss: 0.0000, Test Accuracy: 0.9967, Energy: -1058259.25
Time taken:  0.27109265327453613
Test Loss: 0.0000, Test Accuracy: 0.9967, Energy: -1058651.0
Time taken:  0.2748081684112549
Test Loss: 0.0000, Test Accuracy: 0.9967, Energy: -1059152.0
Time taken:  0.2694830894470215
Test Loss: 0.0000, Test Accuracy: 0.9967, Energy: -1059460.625
Time taken:  0.2751500606536865
Test Loss: 0.0000, Test Accuracy: 0.9967, Energy: -1059697.375
Time taken:  0.2675464153289795
Test Loss: 0.0000, Test Accuracy: 0.9967, Energy: -1059945.25
Time taken:  0.27484130859375
Test Loss: 0.0000, Test Accuracy: 0.9967, Energy: -1060170.0
Time taken:  0.268207311630249
Test Loss: 0.0000, Test Accuracy: 0.9967, Energy: -1060419.75
Time taken:  0.2686326503753662
Test Loss: 0.0000, Test Accuracy: 0.9967, Energy: -1060624.625
Time taken:  0.27344560623168945
Test Loss: 0.0000, Test Accuracy: 0.9967, Energy: -1060799.0
Time taken:  0.27071189880371094
Test Loss: 0.0000, Test Accuracy: 0.9967, Energy: -1060926.75
Time taken:  0.2732212543487549
Test Loss: 0.0000, Test Accuracy: 0.9967, Energy: -1061082.0
Time taken:  0.2686481475830078
Test Loss: 0.0000, Test Accuracy: 0.9967, Energy: -1061231.25
Time taken:  0.27229857444763184
Test Loss: 0.0000, Test Accuracy: 0.9967, Energy: -1061331.875
Time taken:  0.26888608932495117
Test Loss: 0.0000, Test Accuracy: 0.9967, Energy: -1061426.5
Time taken:  0.2659432888031006
Test Loss: 0.0000, Test Accuracy: 0.9967, Energy: -1061605.75
Time taken:  0.2720506191253662
Test Loss: 0.0000, Test Accuracy: 0.9967, Energy: -1061676.75
Time taken:  0.26966118812561035
Test Loss: 0.0000, Test Accuracy: 0.9967, Energy: -1061752.25
Time taken:  0.27410292625427246
Test Loss: 0.0000, Test Accuracy: 0.9967, Energy: -1061849.75
Time taken:  0.2699906826019287
Test Loss: 0.0000, Test Accuracy: 0.9967, Energy: -1061938.0
Time taken:  0.2682194709777832
Test Loss: 0.0000, Test Accuracy: 0.9967, Energy: -1062016.25
Time taken:  0.2755413055419922
Test Loss: 0.0000, Test Accuracy: 0.9967, Energy: -1062063.625
Time taken:  0.26787757873535156
Test Loss: 0.0000, Test Accuracy: 0.9967, Energy: -1062119.0
Time taken:  0.2751739025115967
Test Loss: 0.0000, Test Accuracy: 0.9967, Energy: -1062178.0
Time taken:  0.26828670501708984
Test Loss: 0.0000, Test Accuracy: 0.9967, Energy: -1062225.0
Time taken:  0.2677638530731201
Test Loss: 0.0000, Test Accuracy: 0.9967, Energy: -1062258.25
Time taken:  0.2587101459503174
Test Loss: 0.0000, Test Accuracy: 0.9967, Energy: -1062289.0
Time taken:  0.2573385238647461
Test Loss: 0.0000, Test Accuracy: 0.9967, Energy: -1062333.625
Time taken:  0.2570507526397705
Test Loss: 0.0000, Test Accuracy: 0.9967, Energy: -1062370.5
Time taken:  0.24995684623718262
Test Loss: 0.0000, Test Accuracy: 0.9967, Energy: -1062404.875
Time taken:  0.25322699546813965
Test Loss: 0.0000, Test Accuracy: 0.9967, Energy: -1062425.0
Time taken:  0.24767112731933594
Test Loss: 0.0000, Test Accuracy: 0.9967, Energy: -1062441.875
Time taken:  0.24931573867797852
Test Loss: 0.0000, Test Accuracy: 0.9967, Energy: -1062464.25
Time taken:  0.2539043426513672
Test Loss: 0.0000, Test Accuracy: 0.9967, Energy: -1062470.125
Time taken:  0.2483372688293457
Test Loss: 0.0000, Test Accuracy: 0.9967, Energy: -1062484.0
Time taken:  0.25316548347473145
Test Loss: 0.0000, Test Accuracy: 0.9967, Energy: -1062496.25
Time taken:  0.24699974060058594
Test Loss: 0.0000, Test Accuracy: 0.9967, Energy: -1062507.25
Time taken:  0.24819183349609375
Test Loss: 0.0000, Test Accuracy: 0.9967, Energy: -1062531.75
Time taken:  0.25339269638061523
Test Loss: 0.0000, Test Accuracy: 0.9967, Energy: -1062537.75
Time taken:  0.2493150234222412
Test Loss: 0.0000, Test Accuracy: 0.9967, Energy: -1062546.0
Time taken:  0.2544136047363281
Test Loss: 0.0000, Test Accuracy: 0.9967, Energy: -1062553.375
Time taken:  0.24956917762756348
Test Loss: 0.0000, Test Accuracy: 0.9967, Energy: -1062560.25
Time taken:  0.2489316463470459
Final accuracies: [0.9766666666666667, 0.9866666666666667, 0.9966666666666667, 0.9966666666666667, 0.9966666666666667, 0.9966666666666667, 0.9966666666666667, 0.9966666666666667, 0.9966666666666667, 1.0, 1.0, 1.0, 0.9966666666666667, 1.0, 0.9966666666666667, 0.9966666666666667, 0.9966666666666667, 0.9966666666666667, 0.9966666666666667, 0.9966666666666667, 0.9966666666666667, 0.9966666666666667, 0.9966666666666667, 0.9966666666666667, 0.9933333333333333, 0.9966666666666667, 0.9933333333333333, 0.9966666666666667, 0.9966666666666667, 0.9933333333333333, 0.9966666666666667, 0.9966666666666667, 0.9933333333333333, 0.9933333333333333, 0.9933333333333333, 0.9933333333333333, 0.9933333333333333, 0.9933333333333333, 0.9933333333333333, 0.9966666666666667, 0.9966666666666667, 0.9966666666666667, 0.9966666666666667, 0.9966666666666667, 0.9966666666666667, 0.9966666666666667, 0.9966666666666667, 0.9966666666666667, 0.9966666666666667, 0.9966666666666667, 0.9966666666666667, 0.9966666666666667, 0.9966666666666667, 0.9966666666666667, 0.9966666666666667, 0.9966666666666667, 0.9966666666666667, 0.9966666666666667, 0.9966666666666667, 0.9966666666666667, 0.9966666666666667, 0.9966666666666667, 0.9966666666666667, 0.9966666666666667, 0.9966666666666667, 0.9966666666666667, 0.9966666666666667, 0.9966666666666667, 0.9966666666666667, 0.9966666666666667, 0.9966666666666667, 0.9966666666666667, 0.9966666666666667, 0.9966666666666667, 0.9966666666666667, 0.9966666666666667, 0.9966666666666667, 0.9966666666666667, 0.9966666666666667, 0.9966666666666667, 0.9966666666666667, 0.9966666666666667, 0.9966666666666667, 0.9966666666666667, 0.9966666666666667, 0.9966666666666667, 0.9966666666666667, 0.9966666666666667, 0.9966666666666667, 0.9966666666666667, 0.9966666666666667, 0.9966666666666667, 0.9966666666666667, 0.9966666666666667, 0.9966666666666667, 0.9966666666666667, 0.9966666666666667, 0.9966666666666667, 0.9966666666666667, 0.9966666666666667]
Final energies: [-58.71400451660156, -2022.1707763671875, -16099.40234375, -66123.859375, -162856.25, -257463.703125, -338939.6875, -410775.25, -473738.5625, -529826.8125, -581046.875, -626521.0625, -669839.6875, -705604.75, -740328.5625, -770572.5625, -797303.5625, -822329.75, -845288.9375, -865678.125, -884548.1875, -901345.9375, -916395.375, -930345.625, -943023.5, -954902.25, -964703.625, -974659.625, -983547.25, -991044.0625, -998717.1875, -1005448.75, -1011039.5625, -1016489.375, -1021626.5625, -1025474.75, -1028700.125, -1031860.125, -1034587.25, -1036989.6875, -1039265.75, -1041241.0, -1043016.8125, -1044865.875, -1046115.5, -1047673.5, -1049301.0, -1050285.625, -1051483.5, -1052278.75, -1053207.125, -1054127.5, -1055003.125, -1055520.625, -1056254.125, -1056629.75, -1057239.5, -1057778.5, -1058259.25, -1058651.0, -1059152.0, -1059460.625, -1059697.375, -1059945.25, -1060170.0, -1060419.75, -1060624.625, -1060799.0, -1060926.75, -1061082.0, -1061231.25, -1061331.875, -1061426.5, -1061605.75, -1061676.75, -1061752.25, -1061849.75, -1061938.0, -1062016.25, -1062063.625, -1062119.0, -1062178.0, -1062225.0, -1062258.25, -1062289.0, -1062333.625, -1062370.5, -1062404.875, -1062425.0, -1062441.875, -1062464.25, -1062470.125, -1062484.0, -1062496.25, -1062507.25, -1062531.75, -1062537.75, -1062546.0, -1062553.375, -1062560.25]
