Running with parameters: hidden=30, use_coupled=true, seed=63, lam=0.1, eta=1.0, batch=100
Test Loss: 0.0000, Test Accuracy: 0.8733, Energy: 171.01422119140625
Time taken:  0.32337069511413574
Test Loss: 0.0000, Test Accuracy: 0.9700, Energy: -1217.292724609375
Time taken:  0.3251070976257324
Test Loss: 0.0000, Test Accuracy: 0.9967, Energy: -11582.564453125
Time taken:  0.2882237434387207
Test Loss: 0.0000, Test Accuracy: 0.9967, Energy: -48619.74609375
Time taken:  0.2954521179199219
Test Loss: 0.0000, Test Accuracy: 0.9967, Energy: -122105.28125
Time taken:  0.28658103942871094
Test Loss: 0.0000, Test Accuracy: 0.9967, Energy: -202322.125
Time taken:  0.2984147071838379
Test Loss: 0.0000, Test Accuracy: 0.9967, Energy: -276103.625
Time taken:  0.28655076026916504
Test Loss: 0.0000, Test Accuracy: 0.9967, Energy: -340336.375
Time taken:  0.31475234031677246
Test Loss: 0.0000, Test Accuracy: 0.9967, Energy: -397880.875
Time taken:  0.2865934371948242
Test Loss: 0.0000, Test Accuracy: 0.9967, Energy: -449103.375
Time taken:  0.29291319847106934
Test Loss: 0.0000, Test Accuracy: 0.9967, Energy: -495004.0625
Time taken:  0.29082226753234863
Test Loss: 0.0000, Test Accuracy: 0.9967, Energy: -536497.375
Time taken:  0.31200575828552246
Test Loss: 0.0000, Test Accuracy: 0.9967, Energy: -574689.75
Time taken:  0.29616761207580566
Test Loss: 0.0000, Test Accuracy: 0.9933, Energy: -610038.5
Time taken:  0.31122636795043945
Test Loss: 0.0000, Test Accuracy: 0.9833, Energy: -642734.8125
Time taken:  0.29262495040893555
Test Loss: 0.0000, Test Accuracy: 0.9867, Energy: -670472.625
Time taken:  0.29039502143859863
Test Loss: 0.0000, Test Accuracy: 0.9833, Energy: -696857.875
Time taken:  0.292590856552124
Test Loss: 0.0000, Test Accuracy: 0.9867, Energy: -720462.6875
Time taken:  0.2890448570251465
Test Loss: 0.0000, Test Accuracy: 0.9833, Energy: -741450.9375
Time taken:  0.2932093143463135
Test Loss: 0.0000, Test Accuracy: 0.9800, Energy: -762021.875
Time taken:  0.28632521629333496
Test Loss: 0.0000, Test Accuracy: 0.9833, Energy: -779264.6875
Time taken:  0.28816819190979004
Test Loss: 0.0000, Test Accuracy: 0.9833, Energy: -795109.375
Time taken:  0.29145312309265137
Test Loss: 0.0000, Test Accuracy: 0.9833, Energy: -809660.8125
Time taken:  0.28591156005859375
Test Loss: 0.0000, Test Accuracy: 0.9833, Energy: -823293.75
Time taken:  0.29133009910583496
Test Loss: 0.0000, Test Accuracy: 0.9833, Energy: -835071.8125
Time taken:  0.2867608070373535
Test Loss: 0.0000, Test Accuracy: 0.9800, Energy: -846124.375
Time taken:  0.29220151901245117
Test Loss: 0.0000, Test Accuracy: 0.9833, Energy: -855990.375
Time taken:  0.2869579792022705
Test Loss: 0.0000, Test Accuracy: 0.9833, Energy: -865064.5625
Time taken:  0.28723597526550293
Test Loss: 0.0000, Test Accuracy: 0.9800, Energy: -873321.5
Time taken:  0.2914774417877197
Test Loss: 0.0000, Test Accuracy: 0.9800, Energy: -880671.9375
Time taken:  0.28429174423217773
Test Loss: 0.0000, Test Accuracy: 0.9800, Energy: -887872.5625
Time taken:  0.290942907333374
Test Loss: 0.0000, Test Accuracy: 0.9800, Energy: -893742.125
Time taken:  0.2873690128326416
Test Loss: 0.0000, Test Accuracy: 0.9800, Energy: -899769.875
Time taken:  0.29120850563049316
Test Loss: 0.0000, Test Accuracy: 0.9800, Energy: -904527.75
Time taken:  0.2849438190460205
Test Loss: 0.0000, Test Accuracy: 0.9800, Energy: -909301.75
Time taken:  0.28574180603027344
Test Loss: 0.0000, Test Accuracy: 0.9800, Energy: -913152.5625
Time taken:  0.2882254123687744
Test Loss: 0.0000, Test Accuracy: 0.9833, Energy: -916862.875
Time taken:  0.2853586673736572
Test Loss: 0.0000, Test Accuracy: 0.9833, Energy: -920749.125
Time taken:  0.2900564670562744
Test Loss: 0.0000, Test Accuracy: 0.9833, Energy: -923961.0
Time taken:  0.28500986099243164
Test Loss: 0.0000, Test Accuracy: 0.9833, Energy: -926819.6875
Time taken:  0.2923274040222168
Test Loss: 0.0000, Test Accuracy: 0.9833, Energy: -929139.0
Time taken:  0.2848842144012451
Test Loss: 0.0000, Test Accuracy: 0.9833, Energy: -931764.375
Time taken:  0.28676700592041016
Test Loss: 0.0000, Test Accuracy: 0.9833, Energy: -933570.5
Time taken:  0.2929198741912842
Test Loss: 0.0000, Test Accuracy: 0.9800, Energy: -935536.875
Time taken:  0.2866029739379883
Test Loss: 0.0000, Test Accuracy: 0.9800, Energy: -937859.125
Time taken:  0.2891733646392822
Test Loss: 0.0000, Test Accuracy: 0.9800, Energy: -939733.125
Time taken:  0.28669142723083496
Test Loss: 0.0000, Test Accuracy: 0.9800, Energy: -941331.625
Time taken:  0.2929189205169678
Test Loss: 0.0000, Test Accuracy: 0.9800, Energy: -942803.75
Time taken:  0.28677988052368164
Test Loss: 0.0000, Test Accuracy: 0.9800, Energy: -943999.3125
Time taken:  0.29257917404174805
Test Loss: 0.0000, Test Accuracy: 0.9800, Energy: -945173.375
Time taken:  0.2863118648529053
Test Loss: 0.0000, Test Accuracy: 0.9800, Energy: -946395.875
Time taken:  0.28579282760620117
Test Loss: 0.0000, Test Accuracy: 0.9800, Energy: -947238.0
Time taken:  0.29125189781188965
Test Loss: 0.0000, Test Accuracy: 0.9800, Energy: -947827.125
Time taken:  0.28659605979919434
Test Loss: 0.0000, Test Accuracy: 0.9800, Energy: -948658.375
Time taken:  0.2906339168548584
Test Loss: 0.0000, Test Accuracy: 0.9800, Energy: -949376.125
Time taken:  0.2897207736968994
Test Loss: 0.0000, Test Accuracy: 0.9800, Energy: -950079.125
Time taken:  0.29268383979797363
Test Loss: 0.0000, Test Accuracy: 0.9800, Energy: -950610.625
Time taken:  0.2871410846710205
Test Loss: 0.0000, Test Accuracy: 0.9800, Energy: -950817.125
Time taken:  0.28757357597351074
Test Loss: 0.0000, Test Accuracy: 0.9800, Energy: -951297.125
Time taken:  0.2923603057861328
Test Loss: 0.0000, Test Accuracy: 0.9800, Energy: -951708.125
Time taken:  0.2867140769958496
Test Loss: 0.0000, Test Accuracy: 0.9800, Energy: -952447.3125
Time taken:  0.29096174240112305
Test Loss: 0.0000, Test Accuracy: 0.9833, Energy: -952675.125
Time taken:  0.2864987850189209
Test Loss: 0.0000, Test Accuracy: 0.9833, Energy: -952889.875
Time taken:  0.29221105575561523
Test Loss: 0.0000, Test Accuracy: 0.9833, Energy: -953086.75
Time taken:  0.2841219902038574
Test Loss: 0.0000, Test Accuracy: 0.9833, Energy: -953372.25
Time taken:  0.2845726013183594
Test Loss: 0.0000, Test Accuracy: 0.9833, Energy: -953634.4375
Time taken:  0.28949451446533203
Test Loss: 0.0000, Test Accuracy: 0.9833, Energy: -953896.75
Time taken:  0.28533172607421875
Test Loss: 0.0000, Test Accuracy: 0.9833, Energy: -954066.75
Time taken:  0.2919180393218994
Test Loss: 0.0000, Test Accuracy: 0.9833, Energy: -954272.0625
Time taken:  0.28556394577026367
Test Loss: 0.0000, Test Accuracy: 0.9833, Energy: -954432.75
Time taken:  0.2890634536743164
Test Loss: 0.0000, Test Accuracy: 0.9833, Energy: -954480.5
Time taken:  0.2857837677001953
Test Loss: 0.0000, Test Accuracy: 0.9833, Energy: -954606.875
Time taken:  0.2837839126586914
Test Loss: 0.0000, Test Accuracy: 0.9833, Energy: -954594.25
Time taken:  0.29377079010009766
Test Loss: 0.0000, Test Accuracy: 0.9833, Energy: -954719.375
Time taken:  0.28382277488708496
Test Loss: 0.0000, Test Accuracy: 0.9833, Energy: -954703.6875
Time taken:  0.2908201217651367
Test Loss: 0.0000, Test Accuracy: 0.9833, Energy: -954773.625
Time taken:  0.28571224212646484
Test Loss: 0.0000, Test Accuracy: 0.9833, Energy: -954850.0625
Time taken:  0.29146909713745117
Test Loss: 0.0000, Test Accuracy: 0.9833, Energy: -955128.375
Time taken:  0.2878687381744385
Test Loss: 0.0000, Test Accuracy: 0.9833, Energy: -955271.0625
Time taken:  0.28542089462280273
Test Loss: 0.0000, Test Accuracy: 0.9833, Energy: -955317.625
Time taken:  0.29456210136413574
Test Loss: 0.0000, Test Accuracy: 0.9833, Energy: -955351.5
Time taken:  0.28601932525634766
Test Loss: 0.0000, Test Accuracy: 0.9833, Energy: -955384.125
Time taken:  0.29379796981811523
Test Loss: 0.0000, Test Accuracy: 0.9833, Energy: -955400.625
Time taken:  0.2868056297302246
Test Loss: 0.0000, Test Accuracy: 0.9833, Energy: -955446.5625
Time taken:  0.2924051284790039
Test Loss: 0.0000, Test Accuracy: 0.9833, Energy: -955465.8125
Time taken:  0.28830385208129883
Test Loss: 0.0000, Test Accuracy: 0.9833, Energy: -955514.625
Time taken:  0.29381871223449707
Test Loss: 0.0000, Test Accuracy: 0.9833, Energy: -955513.875
Time taken:  0.287203311920166
Test Loss: 0.0000, Test Accuracy: 0.9833, Energy: -955621.625
Time taken:  0.28814125061035156
Test Loss: 0.0000, Test Accuracy: 0.9833, Energy: -955461.5
Time taken:  0.2926018238067627
Test Loss: 0.0000, Test Accuracy: 0.9833, Energy: -955565.375
Time taken:  0.2866084575653076
Test Loss: 0.0000, Test Accuracy: 0.9833, Energy: -955595.0
Time taken:  0.2908785343170166
Test Loss: 0.0000, Test Accuracy: 0.9833, Energy: -955644.125
Time taken:  0.28530049324035645
Test Loss: 0.0000, Test Accuracy: 0.9833, Energy: -955616.8125
Time taken:  0.2912306785583496
Test Loss: 0.0000, Test Accuracy: 0.9833, Energy: -955621.25
Time taken:  0.28752636909484863
Test Loss: 0.0000, Test Accuracy: 0.9833, Energy: -955630.0
Time taken:  0.28348302841186523
Test Loss: 0.0000, Test Accuracy: 0.9833, Energy: -955646.75
Time taken:  0.2913520336151123
Test Loss: 0.0000, Test Accuracy: 0.9833, Energy: -955800.5
Time taken:  0.2836294174194336
Test Loss: 0.0000, Test Accuracy: 0.9833, Energy: -955761.5
Time taken:  0.2902660369873047
Test Loss: 0.0000, Test Accuracy: 0.9833, Energy: -955767.125
Time taken:  0.2847459316253662
Test Loss: 0.0000, Test Accuracy: 0.9833, Energy: -955784.9375
Time taken:  0.289379358291626
Final accuracies: [0.8733333333333333, 0.97, 0.9966666666666667, 0.9966666666666667, 0.9966666666666667, 0.9966666666666667, 0.9966666666666667, 0.9966666666666667, 0.9966666666666667, 0.9966666666666667, 0.9966666666666667, 0.9966666666666667, 0.9966666666666667, 0.9933333333333333, 0.9833333333333333, 0.9866666666666667, 0.9833333333333333, 0.9866666666666667, 0.9833333333333333, 0.98, 0.9833333333333333, 0.9833333333333333, 0.9833333333333333, 0.9833333333333333, 0.9833333333333333, 0.98, 0.9833333333333333, 0.9833333333333333, 0.98, 0.98, 0.98, 0.98, 0.98, 0.98, 0.98, 0.98, 0.9833333333333333, 0.9833333333333333, 0.9833333333333333, 0.9833333333333333, 0.9833333333333333, 0.9833333333333333, 0.9833333333333333, 0.98, 0.98, 0.98, 0.98, 0.98, 0.98, 0.98, 0.98, 0.98, 0.98, 0.98, 0.98, 0.98, 0.98, 0.98, 0.98, 0.98, 0.98, 0.9833333333333333, 0.9833333333333333, 0.9833333333333333, 0.9833333333333333, 0.9833333333333333, 0.9833333333333333, 0.9833333333333333, 0.9833333333333333, 0.9833333333333333, 0.9833333333333333, 0.9833333333333333, 0.9833333333333333, 0.9833333333333333, 0.9833333333333333, 0.9833333333333333, 0.9833333333333333, 0.9833333333333333, 0.9833333333333333, 0.9833333333333333, 0.9833333333333333, 0.9833333333333333, 0.9833333333333333, 0.9833333333333333, 0.9833333333333333, 0.9833333333333333, 0.9833333333333333, 0.9833333333333333, 0.9833333333333333, 0.9833333333333333, 0.9833333333333333, 0.9833333333333333, 0.9833333333333333, 0.9833333333333333, 0.9833333333333333, 0.9833333333333333, 0.9833333333333333, 0.9833333333333333, 0.9833333333333333, 0.9833333333333333]
Final energies: [171.01422119140625, -1217.292724609375, -11582.564453125, -48619.74609375, -122105.28125, -202322.125, -276103.625, -340336.375, -397880.875, -449103.375, -495004.0625, -536497.375, -574689.75, -610038.5, -642734.8125, -670472.625, -696857.875, -720462.6875, -741450.9375, -762021.875, -779264.6875, -795109.375, -809660.8125, -823293.75, -835071.8125, -846124.375, -855990.375, -865064.5625, -873321.5, -880671.9375, -887872.5625, -893742.125, -899769.875, -904527.75, -909301.75, -913152.5625, -916862.875, -920749.125, -923961.0, -926819.6875, -929139.0, -931764.375, -933570.5, -935536.875, -937859.125, -939733.125, -941331.625, -942803.75, -943999.3125, -945173.375, -946395.875, -947238.0, -947827.125, -948658.375, -949376.125, -950079.125, -950610.625, -950817.125, -951297.125, -951708.125, -952447.3125, -952675.125, -952889.875, -953086.75, -953372.25, -953634.4375, -953896.75, -954066.75, -954272.0625, -954432.75, -954480.5, -954606.875, -954594.25, -954719.375, -954703.6875, -954773.625, -954850.0625, -955128.375, -955271.0625, -955317.625, -955351.5, -955384.125, -955400.625, -955446.5625, -955465.8125, -955514.625, -955513.875, -955621.625, -955461.5, -955565.375, -955595.0, -955644.125, -955616.8125, -955621.25, -955630.0, -955646.75, -955800.5, -955761.5, -955767.125, -955784.9375]
