Running with parameters: hidden=30, use_coupled=true, seed=6, lam=0.1, eta=1.0, batch=100
Test Loss: 0.0000, Test Accuracy: 0.8933, Energy: -536.1785888671875
Time taken:  0.380875825881958
Test Loss: 0.0000, Test Accuracy: 0.9967, Energy: -6634.5478515625
Time taken:  0.3621788024902344
Test Loss: 0.0000, Test Accuracy: 1.0000, Energy: -43067.296875
Time taken:  0.3234708309173584
Test Loss: 0.0000, Test Accuracy: 1.0000, Energy: -131664.390625
Time taken:  0.33472633361816406
Test Loss: 0.0000, Test Accuracy: 0.9967, Energy: -234085.921875
Time taken:  0.321394681930542
Test Loss: 0.0000, Test Accuracy: 0.9967, Energy: -323714.25
Time taken:  0.31864023208618164
Test Loss: 0.0000, Test Accuracy: 0.9967, Energy: -399832.84375
Time taken:  0.31406712532043457
Test Loss: 0.0000, Test Accuracy: 0.9967, Energy: -465124.6875
Time taken:  0.2766101360321045
Test Loss: 0.0000, Test Accuracy: 0.9967, Energy: -523049.5625
Time taken:  0.26032209396362305
Test Loss: 0.0000, Test Accuracy: 0.9967, Energy: -574469.375
Time taken:  0.2674422264099121
Test Loss: 0.0000, Test Accuracy: 0.9967, Energy: -620499.1875
Time taken:  0.2849419116973877
Test Loss: 0.0000, Test Accuracy: 0.9967, Energy: -661083.375
Time taken:  0.254223108291626
Test Loss: 0.0000, Test Accuracy: 0.9967, Energy: -698017.25
Time taken:  0.24721360206604004
Test Loss: 0.0000, Test Accuracy: 0.9967, Energy: -731003.4375
Time taken:  0.23765945434570312
Test Loss: 0.0000, Test Accuracy: 0.9967, Energy: -761008.4375
Time taken:  0.25046467781066895
Test Loss: 0.0000, Test Accuracy: 0.9967, Energy: -788574.0
Time taken:  0.2582392692565918
Test Loss: 0.0000, Test Accuracy: 0.9967, Energy: -814282.3125
Time taken:  0.23920726776123047
Test Loss: 0.0000, Test Accuracy: 0.9967, Energy: -837608.6875
Time taken:  0.25870299339294434
Test Loss: 0.0000, Test Accuracy: 0.9967, Energy: -857290.375
Time taken:  0.23757481575012207
Test Loss: 0.0000, Test Accuracy: 0.9967, Energy: -875543.625
Time taken:  0.2447497844696045
Test Loss: 0.0000, Test Accuracy: 0.9967, Energy: -891817.625
Time taken:  0.25536441802978516
Test Loss: 0.0000, Test Accuracy: 0.9967, Energy: -907370.875
Time taken:  0.24725890159606934
Test Loss: 0.0000, Test Accuracy: 0.9967, Energy: -920969.625
Time taken:  0.24212050437927246
Test Loss: 0.0000, Test Accuracy: 0.9967, Energy: -933675.625
Time taken:  0.23826146125793457
Test Loss: 0.0000, Test Accuracy: 0.9967, Energy: -945313.5
Time taken:  0.237656831741333
Test Loss: 0.0000, Test Accuracy: 0.9967, Energy: -955738.125
Time taken:  0.2693450450897217
Test Loss: 0.0000, Test Accuracy: 0.9967, Energy: -964926.5
Time taken:  0.26212000846862793
Test Loss: 0.0000, Test Accuracy: 0.9967, Energy: -974195.875
Time taken:  0.2674112319946289
Test Loss: 0.0000, Test Accuracy: 0.9967, Energy: -981806.4375
Time taken:  0.2592804431915283
Test Loss: 0.0000, Test Accuracy: 0.9967, Energy: -989235.25
Time taken:  0.25081419944763184
Test Loss: 0.0000, Test Accuracy: 0.9967, Energy: -995900.5
Time taken:  0.25420427322387695
Test Loss: 0.0000, Test Accuracy: 0.9967, Energy: -1002042.375
Time taken:  0.23851704597473145
Test Loss: 0.0000, Test Accuracy: 0.9967, Energy: -1007691.3125
Time taken:  0.24560856819152832
Test Loss: 0.0000, Test Accuracy: 0.9967, Energy: -1012852.125
Time taken:  0.2407228946685791
Test Loss: 0.0000, Test Accuracy: 0.9967, Energy: -1017396.5625
Time taken:  0.2895927429199219
Test Loss: 0.0000, Test Accuracy: 0.9967, Energy: -1021544.25
Time taken:  0.3045055866241455
Test Loss: 0.0000, Test Accuracy: 0.9967, Energy: -1025046.125
Time taken:  0.30694079399108887
Test Loss: 0.0000, Test Accuracy: 0.9967, Energy: -1028421.75
Time taken:  0.3111307621002197
Test Loss: 0.0000, Test Accuracy: 0.9967, Energy: -1031234.25
Time taken:  0.30336833000183105
Test Loss: 0.0000, Test Accuracy: 0.9967, Energy: -1034217.1875
Time taken:  0.3114314079284668
Test Loss: 0.0000, Test Accuracy: 0.9967, Energy: -1036903.75
Time taken:  0.3042011260986328
Test Loss: 0.0000, Test Accuracy: 0.9967, Energy: -1039395.0
Time taken:  0.3130075931549072
Test Loss: 0.0000, Test Accuracy: 0.9967, Energy: -1041291.9375
Time taken:  0.31158947944641113
Test Loss: 0.0000, Test Accuracy: 0.9967, Energy: -1043127.375
Time taken:  0.31142616271972656
Test Loss: 0.0000, Test Accuracy: 0.9967, Energy: -1044965.75
Time taken:  0.3081068992614746
Test Loss: 0.0000, Test Accuracy: 0.9967, Energy: -1046436.8125
Time taken:  0.31323695182800293
Test Loss: 0.0000, Test Accuracy: 0.9967, Energy: -1048040.625
Time taken:  0.304854154586792
Test Loss: 0.0000, Test Accuracy: 0.9967, Energy: -1049426.375
Time taken:  0.31394028663635254
Test Loss: 0.0000, Test Accuracy: 0.9967, Energy: -1050626.5
Time taken:  0.3043375015258789
Test Loss: 0.0000, Test Accuracy: 0.9967, Energy: -1051678.625
Time taken:  0.3118321895599365
Test Loss: 0.0000, Test Accuracy: 0.9967, Energy: -1052621.25
Time taken:  0.31927490234375
Test Loss: 0.0000, Test Accuracy: 0.9967, Energy: -1053513.25
Time taken:  0.30761265754699707
Test Loss: 0.0000, Test Accuracy: 0.9967, Energy: -1054287.75
Time taken:  0.31632041931152344
Test Loss: 0.0000, Test Accuracy: 0.9967, Energy: -1054968.5
Time taken:  0.3099031448364258
Test Loss: 0.0000, Test Accuracy: 0.9967, Energy: -1055643.5
Time taken:  0.31620240211486816
Test Loss: 0.0000, Test Accuracy: 0.9967, Energy: -1056259.375
Time taken:  0.3187224864959717
Test Loss: 0.0000, Test Accuracy: 0.9967, Energy: -1056844.75
Time taken:  0.30705785751342773
Test Loss: 0.0000, Test Accuracy: 0.9967, Energy: -1057353.75
Time taken:  0.2975738048553467
Test Loss: 0.0000, Test Accuracy: 0.9967, Energy: -1057479.5
Time taken:  0.343613862991333
Test Loss: 0.0000, Test Accuracy: 0.9967, Energy: -1057825.5
Time taken:  0.3013770580291748
Test Loss: 0.0000, Test Accuracy: 0.9967, Energy: -1058126.75
Time taken:  0.30233097076416016
Test Loss: 0.0000, Test Accuracy: 0.9967, Energy: -1058467.5
Time taken:  0.2955598831176758
Test Loss: 0.0000, Test Accuracy: 0.9967, Energy: -1058711.875
Time taken:  0.30501818656921387
Test Loss: 0.0000, Test Accuracy: 0.9967, Energy: -1059371.5
Time taken:  0.29782962799072266
Test Loss: 0.0000, Test Accuracy: 0.9967, Energy: -1059612.25
Time taken:  0.3108820915222168
Test Loss: 0.0000, Test Accuracy: 0.9967, Energy: -1059857.75
Time taken:  0.30838990211486816
Test Loss: 0.0000, Test Accuracy: 0.9967, Energy: -1060046.375
Time taken:  0.2978816032409668
Test Loss: 0.0000, Test Accuracy: 0.9967, Energy: -1060149.75
Time taken:  0.3021547794342041
Test Loss: 0.0000, Test Accuracy: 0.9967, Energy: -1059959.875
Time taken:  0.2991044521331787
Test Loss: 0.0000, Test Accuracy: 0.9967, Energy: -1060111.625
Time taken:  0.30651330947875977
Test Loss: 0.0000, Test Accuracy: 0.9967, Energy: -1060208.875
Time taken:  0.299304723739624
Test Loss: 0.0000, Test Accuracy: 0.9967, Energy: -1060327.0
Time taken:  0.3022117614746094
Test Loss: 0.0000, Test Accuracy: 0.9967, Energy: -1060451.375
Time taken:  0.3065807819366455
Test Loss: 0.0000, Test Accuracy: 0.9967, Energy: -1060557.0
Time taken:  0.3025474548339844
Test Loss: 0.0000, Test Accuracy: 0.9967, Energy: -1060644.625
Time taken:  0.29807400703430176
Test Loss: 0.0000, Test Accuracy: 0.9967, Energy: -1060723.875
Time taken:  0.30699610710144043
Test Loss: 0.0000, Test Accuracy: 0.9967, Energy: -1060782.75
Time taken:  0.2987384796142578
Test Loss: 0.0000, Test Accuracy: 0.9967, Energy: -1060837.5
Time taken:  0.3017768859863281
Test Loss: 0.0000, Test Accuracy: 0.9967, Energy: -1060905.0
Time taken:  0.29709935188293457
Test Loss: 0.0000, Test Accuracy: 0.9967, Energy: -1060959.75
Time taken:  0.30466532707214355
Test Loss: 0.0000, Test Accuracy: 0.9967, Energy: -1061023.0
Time taken:  0.2982356548309326
Test Loss: 0.0000, Test Accuracy: 0.9967, Energy: -1061066.75
Time taken:  0.30304574966430664
Test Loss: 0.0000, Test Accuracy: 0.9967, Energy: -1061106.5
Time taken:  0.30128931999206543
Test Loss: 0.0000, Test Accuracy: 0.9967, Energy: -1061142.375
Time taken:  0.29956555366516113
Test Loss: 0.0000, Test Accuracy: 0.9967, Energy: -1061165.75
Time taken:  0.3033478260040283
Test Loss: 0.0000, Test Accuracy: 0.9967, Energy: -1061195.25
Time taken:  0.3013734817504883
Test Loss: 0.0000, Test Accuracy: 0.9967, Energy: -1061211.5
Time taken:  0.304030179977417
Test Loss: 0.0000, Test Accuracy: 0.9967, Energy: -1061183.0
Time taken:  0.2958183288574219
Test Loss: 0.0000, Test Accuracy: 0.9967, Energy: -1061204.75
Time taken:  0.3037095069885254
Test Loss: 0.0000, Test Accuracy: 0.9967, Energy: -1061235.0
Time taken:  0.29895734786987305
Test Loss: 0.0000, Test Accuracy: 0.9967, Energy: -1061252.875
Time taken:  0.31536412239074707
Test Loss: 0.0000, Test Accuracy: 0.9967, Energy: -1061266.625
Time taken:  0.30132627487182617
Test Loss: 0.0000, Test Accuracy: 0.9967, Energy: -1061260.625
Time taken:  0.3049659729003906
Test Loss: 0.0000, Test Accuracy: 0.9967, Energy: -1061273.625
Time taken:  0.29857707023620605
Test Loss: 0.0000, Test Accuracy: 0.9967, Energy: -1061285.75
Time taken:  0.3043525218963623
Test Loss: 0.0000, Test Accuracy: 0.9967, Energy: -1061343.75
Time taken:  0.298004150390625
Test Loss: 0.0000, Test Accuracy: 0.9967, Energy: -1061353.625
Time taken:  0.30466675758361816
Test Loss: 0.0000, Test Accuracy: 0.9967, Energy: -1061362.5
Time taken:  0.2956106662750244
Test Loss: 0.0000, Test Accuracy: 0.9967, Energy: -1061370.375
Time taken:  0.29514145851135254
Test Loss: 0.0000, Test Accuracy: 0.9967, Energy: -1061377.5
Time taken:  0.29817867279052734
Final accuracies: [0.8933333333333333, 0.9966666666666667, 1.0, 1.0, 0.9966666666666667, 0.9966666666666667, 0.9966666666666667, 0.9966666666666667, 0.9966666666666667, 0.9966666666666667, 0.9966666666666667, 0.9966666666666667, 0.9966666666666667, 0.9966666666666667, 0.9966666666666667, 0.9966666666666667, 0.9966666666666667, 0.9966666666666667, 0.9966666666666667, 0.9966666666666667, 0.9966666666666667, 0.9966666666666667, 0.9966666666666667, 0.9966666666666667, 0.9966666666666667, 0.9966666666666667, 0.9966666666666667, 0.9966666666666667, 0.9966666666666667, 0.9966666666666667, 0.9966666666666667, 0.9966666666666667, 0.9966666666666667, 0.9966666666666667, 0.9966666666666667, 0.9966666666666667, 0.9966666666666667, 0.9966666666666667, 0.9966666666666667, 0.9966666666666667, 0.9966666666666667, 0.9966666666666667, 0.9966666666666667, 0.9966666666666667, 0.9966666666666667, 0.9966666666666667, 0.9966666666666667, 0.9966666666666667, 0.9966666666666667, 0.9966666666666667, 0.9966666666666667, 0.9966666666666667, 0.9966666666666667, 0.9966666666666667, 0.9966666666666667, 0.9966666666666667, 0.9966666666666667, 0.9966666666666667, 0.9966666666666667, 0.9966666666666667, 0.9966666666666667, 0.9966666666666667, 0.9966666666666667, 0.9966666666666667, 0.9966666666666667, 0.9966666666666667, 0.9966666666666667, 0.9966666666666667, 0.9966666666666667, 0.9966666666666667, 0.9966666666666667, 0.9966666666666667, 0.9966666666666667, 0.9966666666666667, 0.9966666666666667, 0.9966666666666667, 0.9966666666666667, 0.9966666666666667, 0.9966666666666667, 0.9966666666666667, 0.9966666666666667, 0.9966666666666667, 0.9966666666666667, 0.9966666666666667, 0.9966666666666667, 0.9966666666666667, 0.9966666666666667, 0.9966666666666667, 0.9966666666666667, 0.9966666666666667, 0.9966666666666667, 0.9966666666666667, 0.9966666666666667, 0.9966666666666667, 0.9966666666666667, 0.9966666666666667, 0.9966666666666667, 0.9966666666666667, 0.9966666666666667, 0.9966666666666667]
Final energies: [-536.1785888671875, -6634.5478515625, -43067.296875, -131664.390625, -234085.921875, -323714.25, -399832.84375, -465124.6875, -523049.5625, -574469.375, -620499.1875, -661083.375, -698017.25, -731003.4375, -761008.4375, -788574.0, -814282.3125, -837608.6875, -857290.375, -875543.625, -891817.625, -907370.875, -920969.625, -933675.625, -945313.5, -955738.125, -964926.5, -974195.875, -981806.4375, -989235.25, -995900.5, -1002042.375, -1007691.3125, -1012852.125, -1017396.5625, -1021544.25, -1025046.125, -1028421.75, -1031234.25, -1034217.1875, -1036903.75, -1039395.0, -1041291.9375, -1043127.375, -1044965.75, -1046436.8125, -1048040.625, -1049426.375, -1050626.5, -1051678.625, -1052621.25, -1053513.25, -1054287.75, -1054968.5, -1055643.5, -1056259.375, -1056844.75, -1057353.75, -1057479.5, -1057825.5, -1058126.75, -1058467.5, -1058711.875, -1059371.5, -1059612.25, -1059857.75, -1060046.375, -1060149.75, -1059959.875, -1060111.625, -1060208.875, -1060327.0, -1060451.375, -1060557.0, -1060644.625, -1060723.875, -1060782.75, -1060837.5, -1060905.0, -1060959.75, -1061023.0, -1061066.75, -1061106.5, -1061142.375, -1061165.75, -1061195.25, -1061211.5, -1061183.0, -1061204.75, -1061235.0, -1061252.875, -1061266.625, -1061260.625, -1061273.625, -1061285.75, -1061343.75, -1061353.625, -1061362.5, -1061370.375, -1061377.5]
