Running with parameters: hidden=30, use_coupled=true, seed=68, lam=0.1, eta=1.0, batch=100
Test Loss: 0.0000, Test Accuracy: 0.7433, Energy: 90.22589111328125
Time taken:  0.3034396171569824
Test Loss: 0.0000, Test Accuracy: 0.9833, Energy: -4626.91796875
Time taken:  0.30597496032714844
Test Loss: 0.0000, Test Accuracy: 1.0000, Energy: -39721.90625
Time taken:  0.2735617160797119
Test Loss: 0.0000, Test Accuracy: 0.9967, Energy: -117876.265625
Time taken:  0.2805655002593994
Test Loss: 0.0000, Test Accuracy: 0.9967, Energy: -200601.4375
Time taken:  0.28766345977783203
Test Loss: 0.0000, Test Accuracy: 0.9967, Energy: -279803.84375
Time taken:  0.2761666774749756
Test Loss: 0.0000, Test Accuracy: 0.9967, Energy: -354882.75
Time taken:  0.2915184497833252
Test Loss: 0.0000, Test Accuracy: 0.9967, Energy: -425136.3125
Time taken:  0.2771313190460205
Test Loss: 0.0000, Test Accuracy: 0.9967, Energy: -488090.4375
Time taken:  0.2935621738433838
Test Loss: 0.0000, Test Accuracy: 0.9967, Energy: -544412.375
Time taken:  0.2786891460418701
Test Loss: 0.0000, Test Accuracy: 0.9967, Energy: -594334.75
Time taken:  0.29292726516723633
Test Loss: 0.0000, Test Accuracy: 0.9967, Energy: -641492.5
Time taken:  0.2771265506744385
Test Loss: 0.0000, Test Accuracy: 0.9967, Energy: -682168.875
Time taken:  0.29404401779174805
Test Loss: 0.0000, Test Accuracy: 0.9967, Energy: -719270.75
Time taken:  0.2774949073791504
Test Loss: 0.0000, Test Accuracy: 0.9967, Energy: -753008.3125
Time taken:  0.2950429916381836
Test Loss: 0.0000, Test Accuracy: 0.9967, Energy: -782743.5
Time taken:  0.27529478073120117
Test Loss: 0.0000, Test Accuracy: 0.9967, Energy: -811029.625
Time taken:  0.26883363723754883
Test Loss: 0.0000, Test Accuracy: 0.9967, Energy: -836003.625
Time taken:  0.2678701877593994
Test Loss: 0.0000, Test Accuracy: 0.9967, Energy: -858357.75
Time taken:  0.27309513092041016
Test Loss: 0.0000, Test Accuracy: 0.9967, Energy: -879025.5625
Time taken:  0.2686500549316406
Test Loss: 0.0000, Test Accuracy: 0.9967, Energy: -897932.5625
Time taken:  0.27365732192993164
Test Loss: 0.0000, Test Accuracy: 0.9967, Energy: -915086.625
Time taken:  0.274644136428833
Test Loss: 0.0000, Test Accuracy: 0.9967, Energy: -930938.75
Time taken:  0.27794647216796875
Test Loss: 0.0000, Test Accuracy: 0.9967, Energy: -945264.125
Time taken:  0.268892765045166
Test Loss: 0.0000, Test Accuracy: 0.9967, Energy: -957526.4375
Time taken:  0.27351975440979004
Test Loss: 0.0000, Test Accuracy: 0.9967, Energy: -969521.375
Time taken:  0.26923513412475586
Test Loss: 0.0000, Test Accuracy: 0.9967, Energy: -980300.0
Time taken:  0.27056217193603516
Test Loss: 0.0000, Test Accuracy: 0.9967, Energy: -990456.75
Time taken:  0.29013752937316895
Test Loss: 0.0000, Test Accuracy: 0.9967, Energy: -998895.875
Time taken:  0.2721734046936035
Test Loss: 0.0000, Test Accuracy: 0.9967, Energy: -1006918.5
Time taken:  0.2866983413696289
Test Loss: 0.0000, Test Accuracy: 0.9967, Energy: -1014022.125
Time taken:  0.27274608612060547
Test Loss: 0.0000, Test Accuracy: 0.9967, Energy: -1020517.125
Time taken:  0.27486276626586914
Test Loss: 0.0000, Test Accuracy: 0.9967, Energy: -1026875.125
Time taken:  0.271453857421875
Test Loss: 0.0000, Test Accuracy: 0.9967, Energy: -1032447.75
Time taken:  0.2750842571258545
Test Loss: 0.0000, Test Accuracy: 0.9967, Energy: -1037425.125
Time taken:  0.27068018913269043
Test Loss: 0.0000, Test Accuracy: 0.9967, Energy: -1042116.5
Time taken:  0.270108699798584
Test Loss: 0.0000, Test Accuracy: 0.9967, Energy: -1046438.5
Time taken:  0.28676462173461914
Test Loss: 0.0000, Test Accuracy: 0.9967, Energy: -1050177.0
Time taken:  0.27208971977233887
Test Loss: 0.0000, Test Accuracy: 0.9967, Energy: -1053702.75
Time taken:  0.2902398109436035
Test Loss: 0.0000, Test Accuracy: 0.9967, Energy: -1056959.375
Time taken:  0.2711951732635498
Test Loss: 0.0000, Test Accuracy: 0.9967, Energy: -1059645.0
Time taken:  0.28359031677246094
Test Loss: 0.0000, Test Accuracy: 0.9967, Energy: -1062476.875
Time taken:  0.2730257511138916
Test Loss: 0.0000, Test Accuracy: 0.9967, Energy: -1064873.875
Time taken:  0.27379631996154785
Test Loss: 0.0000, Test Accuracy: 0.9967, Energy: -1067006.125
Time taken:  0.2714529037475586
Test Loss: 0.0000, Test Accuracy: 0.9967, Energy: -1068784.25
Time taken:  0.2739582061767578
Test Loss: 0.0000, Test Accuracy: 0.9967, Energy: -1070510.5
Time taken:  0.2696096897125244
Test Loss: 0.0000, Test Accuracy: 0.9967, Energy: -1072348.75
Time taken:  0.27168774604797363
Test Loss: 0.0000, Test Accuracy: 0.9967, Energy: -1073793.75
Time taken:  0.27227783203125
Test Loss: 0.0000, Test Accuracy: 0.9967, Energy: -1075331.25
Time taken:  0.2698056697845459
Test Loss: 0.0000, Test Accuracy: 0.9967, Energy: -1076507.625
Time taken:  0.27230000495910645
Test Loss: 0.0000, Test Accuracy: 0.9967, Energy: -1077696.875
Time taken:  0.26905131340026855
Test Loss: 0.0000, Test Accuracy: 0.9967, Energy: -1078817.875
Time taken:  0.2740943431854248
Test Loss: 0.0000, Test Accuracy: 0.9967, Energy: -1079667.125
Time taken:  0.27707767486572266
Test Loss: 0.0000, Test Accuracy: 0.9967, Energy: -1080472.75
Time taken:  0.27541542053222656
Test Loss: 0.0000, Test Accuracy: 0.9967, Energy: -1081254.625
Time taken:  0.28281593322753906
Test Loss: 0.0000, Test Accuracy: 0.9967, Energy: -1081921.0
Time taken:  0.27132630348205566
Test Loss: 0.0000, Test Accuracy: 0.9967, Energy: -1082544.25
Time taken:  0.27222323417663574
Test Loss: 0.0000, Test Accuracy: 0.9967, Energy: -1083202.25
Time taken:  0.270585298538208
Test Loss: 0.0000, Test Accuracy: 0.9967, Energy: -1083770.0
Time taken:  0.2841167449951172
Test Loss: 0.0000, Test Accuracy: 0.9967, Energy: -1084248.5
Time taken:  0.27452588081359863
Test Loss: 0.0000, Test Accuracy: 0.9967, Energy: -1084640.75
Time taken:  0.2730746269226074
Test Loss: 0.0000, Test Accuracy: 0.9967, Energy: -1085039.0
Time taken:  0.271014928817749
Test Loss: 0.0000, Test Accuracy: 0.9967, Energy: -1085371.25
Time taken:  0.27367663383483887
Test Loss: 0.0000, Test Accuracy: 0.9967, Energy: -1085693.125
Time taken:  0.270033597946167
Test Loss: 0.0000, Test Accuracy: 0.9967, Energy: -1085949.125
Time taken:  0.27109289169311523
Test Loss: 0.0000, Test Accuracy: 0.9967, Energy: -1086202.75
Time taken:  0.27513909339904785
Test Loss: 0.0000, Test Accuracy: 0.9967, Energy: -1086378.75
Time taken:  0.2705373764038086
Test Loss: 0.0000, Test Accuracy: 0.9967, Energy: -1086594.875
Time taken:  0.2758803367614746
Test Loss: 0.0000, Test Accuracy: 0.9967, Energy: -1086782.25
Time taken:  0.2705225944519043
Test Loss: 0.0000, Test Accuracy: 0.9967, Energy: -1087046.25
Time taken:  0.274686336517334
Test Loss: 0.0000, Test Accuracy: 0.9967, Energy: -1087201.5
Time taken:  0.27154970169067383
Test Loss: 0.0000, Test Accuracy: 0.9967, Energy: -1087335.875
Time taken:  0.27059197425842285
Test Loss: 0.0000, Test Accuracy: 0.9967, Energy: -1087506.125
Time taken:  0.2746114730834961
Test Loss: 0.0000, Test Accuracy: 0.9967, Energy: -1087599.625
Time taken:  0.2686300277709961
Test Loss: 0.0000, Test Accuracy: 0.9967, Energy: -1087692.875
Time taken:  0.27335691452026367
Test Loss: 0.0000, Test Accuracy: 0.9967, Energy: -1087804.0
Time taken:  0.2710084915161133
Test Loss: 0.0000, Test Accuracy: 0.9967, Energy: -1087889.5
Time taken:  0.27503013610839844
Test Loss: 0.0000, Test Accuracy: 0.9967, Energy: -1087961.0
Time taken:  0.2708110809326172
Test Loss: 0.0000, Test Accuracy: 0.9967, Energy: -1088025.25
Time taken:  0.2701120376586914
Test Loss: 0.0000, Test Accuracy: 0.9967, Energy: -1088075.25
Time taken:  0.2745823860168457
Test Loss: 0.0000, Test Accuracy: 0.9967, Energy: -1088128.125
Time taken:  0.27071428298950195
Test Loss: 0.0000, Test Accuracy: 0.9967, Energy: -1088175.875
Time taken:  0.27379274368286133
Test Loss: 0.0000, Test Accuracy: 0.9967, Energy: -1088229.75
Time taken:  0.2693290710449219
Test Loss: 0.0000, Test Accuracy: 0.9967, Energy: -1088279.875
Time taken:  0.2742950916290283
Test Loss: 0.0000, Test Accuracy: 0.9967, Energy: -1088335.0
Time taken:  0.272357702255249
Test Loss: 0.0000, Test Accuracy: 0.9967, Energy: -1088381.5
Time taken:  0.27091312408447266
Test Loss: 0.0000, Test Accuracy: 0.9967, Energy: -1088410.875
Time taken:  0.27138423919677734
Test Loss: 0.0000, Test Accuracy: 0.9967, Energy: -1088437.0
Time taken:  0.26746129989624023
Test Loss: 0.0000, Test Accuracy: 0.9967, Energy: -1088459.5
Time taken:  0.27169203758239746
Test Loss: 0.0000, Test Accuracy: 0.9967, Energy: -1088479.625
Time taken:  0.2669863700866699
Test Loss: 0.0000, Test Accuracy: 0.9967, Energy: -1088499.0
Time taken:  0.27051281929016113
Test Loss: 0.0000, Test Accuracy: 0.9967, Energy: -1088516.5
Time taken:  0.2682070732116699
Test Loss: 0.0000, Test Accuracy: 0.9967, Energy: -1088532.25
Time taken:  0.2697436809539795
Test Loss: 0.0000, Test Accuracy: 0.9967, Energy: -1088546.5
Time taken:  0.26874780654907227
Test Loss: 0.0000, Test Accuracy: 0.9967, Energy: -1088559.5
Time taken:  0.2681615352630615
Test Loss: 0.0000, Test Accuracy: 0.9967, Energy: -1088571.25
Time taken:  0.2719252109527588
Test Loss: 0.0000, Test Accuracy: 0.9967, Energy: -1088581.625
Time taken:  0.26761460304260254
Test Loss: 0.0000, Test Accuracy: 0.9967, Energy: -1088591.0
Time taken:  0.27216553688049316
Test Loss: 0.0000, Test Accuracy: 0.9967, Energy: -1088603.75
Time taken:  0.26840877532958984
Test Loss: 0.0000, Test Accuracy: 0.9967, Energy: -1088612.0
Time taken:  0.2664151191711426
Final accuracies: [0.7433333333333333, 0.9833333333333333, 1.0, 0.9966666666666667, 0.9966666666666667, 0.9966666666666667, 0.9966666666666667, 0.9966666666666667, 0.9966666666666667, 0.9966666666666667, 0.9966666666666667, 0.9966666666666667, 0.9966666666666667, 0.9966666666666667, 0.9966666666666667, 0.9966666666666667, 0.9966666666666667, 0.9966666666666667, 0.9966666666666667, 0.9966666666666667, 0.9966666666666667, 0.9966666666666667, 0.9966666666666667, 0.9966666666666667, 0.9966666666666667, 0.9966666666666667, 0.9966666666666667, 0.9966666666666667, 0.9966666666666667, 0.9966666666666667, 0.9966666666666667, 0.9966666666666667, 0.9966666666666667, 0.9966666666666667, 0.9966666666666667, 0.9966666666666667, 0.9966666666666667, 0.9966666666666667, 0.9966666666666667, 0.9966666666666667, 0.9966666666666667, 0.9966666666666667, 0.9966666666666667, 0.9966666666666667, 0.9966666666666667, 0.9966666666666667, 0.9966666666666667, 0.9966666666666667, 0.9966666666666667, 0.9966666666666667, 0.9966666666666667, 0.9966666666666667, 0.9966666666666667, 0.9966666666666667, 0.9966666666666667, 0.9966666666666667, 0.9966666666666667, 0.9966666666666667, 0.9966666666666667, 0.9966666666666667, 0.9966666666666667, 0.9966666666666667, 0.9966666666666667, 0.9966666666666667, 0.9966666666666667, 0.9966666666666667, 0.9966666666666667, 0.9966666666666667, 0.9966666666666667, 0.9966666666666667, 0.9966666666666667, 0.9966666666666667, 0.9966666666666667, 0.9966666666666667, 0.9966666666666667, 0.9966666666666667, 0.9966666666666667, 0.9966666666666667, 0.9966666666666667, 0.9966666666666667, 0.9966666666666667, 0.9966666666666667, 0.9966666666666667, 0.9966666666666667, 0.9966666666666667, 0.9966666666666667, 0.9966666666666667, 0.9966666666666667, 0.9966666666666667, 0.9966666666666667, 0.9966666666666667, 0.9966666666666667, 0.9966666666666667, 0.9966666666666667, 0.9966666666666667, 0.9966666666666667, 0.9966666666666667, 0.9966666666666667, 0.9966666666666667, 0.9966666666666667]
Final energies: [90.22589111328125, -4626.91796875, -39721.90625, -117876.265625, -200601.4375, -279803.84375, -354882.75, -425136.3125, -488090.4375, -544412.375, -594334.75, -641492.5, -682168.875, -719270.75, -753008.3125, -782743.5, -811029.625, -836003.625, -858357.75, -879025.5625, -897932.5625, -915086.625, -930938.75, -945264.125, -957526.4375, -969521.375, -980300.0, -990456.75, -998895.875, -1006918.5, -1014022.125, -1020517.125, -1026875.125, -1032447.75, -1037425.125, -1042116.5, -1046438.5, -1050177.0, -1053702.75, -1056959.375, -1059645.0, -1062476.875, -1064873.875, -1067006.125, -1068784.25, -1070510.5, -1072348.75, -1073793.75, -1075331.25, -1076507.625, -1077696.875, -1078817.875, -1079667.125, -1080472.75, -1081254.625, -1081921.0, -1082544.25, -1083202.25, -1083770.0, -1084248.5, -1084640.75, -1085039.0, -1085371.25, -1085693.125, -1085949.125, -1086202.75, -1086378.75, -1086594.875, -1086782.25, -1087046.25, -1087201.5, -1087335.875, -1087506.125, -1087599.625, -1087692.875, -1087804.0, -1087889.5, -1087961.0, -1088025.25, -1088075.25, -1088128.125, -1088175.875, -1088229.75, -1088279.875, -1088335.0, -1088381.5, -1088410.875, -1088437.0, -1088459.5, -1088479.625, -1088499.0, -1088516.5, -1088532.25, -1088546.5, -1088559.5, -1088571.25, -1088581.625, -1088591.0, -1088603.75, -1088612.0]
