Running with parameters: hidden=30, use_coupled=true, seed=36, lam=0.1, eta=1.0, batch=100
Test Loss: 0.0000, Test Accuracy: 0.8733, Energy: -780.9859619140625
Time taken:  0.26886701583862305
Test Loss: 0.0000, Test Accuracy: 0.9967, Energy: -10835.6669921875
Time taken:  0.2724885940551758
Test Loss: 0.0000, Test Accuracy: 1.0000, Energy: -57312.04296875
Time taken:  0.2385120391845703
Test Loss: 0.0000, Test Accuracy: 0.9967, Energy: -162543.796875
Time taken:  0.2358231544494629
Test Loss: 0.0000, Test Accuracy: 0.9967, Energy: -278152.6875
Time taken:  0.23715949058532715
Test Loss: 0.0000, Test Accuracy: 0.9967, Energy: -374966.375
Time taken:  0.25455307960510254
Test Loss: 0.0000, Test Accuracy: 0.9967, Energy: -457919.28125
Time taken:  0.2331387996673584
Test Loss: 0.0000, Test Accuracy: 0.9967, Energy: -531168.8125
Time taken:  0.23743367195129395
Test Loss: 0.0000, Test Accuracy: 0.9967, Energy: -595855.3125
Time taken:  0.23267793655395508
Test Loss: 0.0000, Test Accuracy: 0.9967, Energy: -655219.4375
Time taken:  0.23667645454406738
Test Loss: 0.0000, Test Accuracy: 0.9967, Energy: -707513.75
Time taken:  0.23122811317443848
Test Loss: 0.0000, Test Accuracy: 0.9967, Energy: -754569.25
Time taken:  0.2323319911956787
Test Loss: 0.0000, Test Accuracy: 0.9967, Energy: -797704.0
Time taken:  0.23647403717041016
Test Loss: 0.0000, Test Accuracy: 0.9967, Energy: -835948.625
Time taken:  0.23169851303100586
Test Loss: 0.0000, Test Accuracy: 0.9967, Energy: -870767.0625
Time taken:  0.23119592666625977
Test Loss: 0.0000, Test Accuracy: 0.9967, Energy: -901295.5
Time taken:  0.23640227317810059
Test Loss: 0.0000, Test Accuracy: 0.9967, Energy: -929876.375
Time taken:  0.23226475715637207
Test Loss: 0.0000, Test Accuracy: 0.9967, Energy: -954162.0625
Time taken:  0.2311725616455078
Test Loss: 0.0000, Test Accuracy: 0.9967, Energy: -977026.75
Time taken:  0.23527789115905762
Test Loss: 0.0000, Test Accuracy: 0.9967, Energy: -998032.25
Time taken:  0.23122072219848633
Test Loss: 0.0000, Test Accuracy: 0.9967, Energy: -1016715.25
Time taken:  0.23533248901367188
Test Loss: 0.0000, Test Accuracy: 0.9967, Energy: -1033127.125
Time taken:  0.23135805130004883
Test Loss: 0.0000, Test Accuracy: 0.9967, Energy: -1048478.75
Time taken:  0.23456907272338867
Test Loss: 0.0000, Test Accuracy: 0.9967, Energy: -1061595.0
Time taken:  0.2361142635345459
Test Loss: 0.0000, Test Accuracy: 0.9967, Energy: -1073462.375
Time taken:  0.25215959548950195
Test Loss: 0.0000, Test Accuracy: 0.9967, Energy: -1085643.25
Time taken:  0.2325596809387207
Test Loss: 0.0000, Test Accuracy: 0.9967, Energy: -1095619.0
Time taken:  0.23740792274475098
Test Loss: 0.0000, Test Accuracy: 0.9967, Energy: -1105208.5
Time taken:  0.23041176795959473
Test Loss: 0.0000, Test Accuracy: 0.9967, Energy: -1114740.75
Time taken:  0.23696088790893555
Test Loss: 0.0000, Test Accuracy: 0.9967, Energy: -1123002.5
Time taken:  0.23151350021362305
Test Loss: 0.0000, Test Accuracy: 0.9967, Energy: -1129801.375
Time taken:  0.23189091682434082
Test Loss: 0.0000, Test Accuracy: 0.9967, Energy: -1136642.25
Time taken:  0.23639869689941406
Test Loss: 0.0000, Test Accuracy: 0.9967, Energy: -1142847.0
Time taken:  0.2309575080871582
Test Loss: 0.0000, Test Accuracy: 0.9967, Energy: -1148420.0
Time taken:  0.23154354095458984
Test Loss: 0.0000, Test Accuracy: 0.9967, Energy: -1152992.25
Time taken:  0.23601484298706055
Test Loss: 0.0000, Test Accuracy: 0.9967, Energy: -1157567.75
Time taken:  0.23082447052001953
Test Loss: 0.0000, Test Accuracy: 0.9967, Energy: -1161479.875
Time taken:  0.2356102466583252
Test Loss: 0.0000, Test Accuracy: 0.9967, Energy: -1165217.75
Time taken:  0.23146486282348633
Test Loss: 0.0000, Test Accuracy: 0.9967, Energy: -1168417.0
Time taken:  0.23097777366638184
Test Loss: 0.0000, Test Accuracy: 0.9967, Energy: -1171136.25
Time taken:  0.2347431182861328
Test Loss: 0.0000, Test Accuracy: 0.9967, Energy: -1173941.125
Time taken:  0.2317943572998047
Test Loss: 0.0000, Test Accuracy: 0.9967, Energy: -1176608.375
Time taken:  0.2297346591949463
Test Loss: 0.0000, Test Accuracy: 0.9967, Energy: -1178467.625
Time taken:  0.23543119430541992
Test Loss: 0.0000, Test Accuracy: 0.9967, Energy: -1180431.25
Time taken:  0.2318871021270752
Test Loss: 0.0000, Test Accuracy: 0.9967, Energy: -1182199.5
Time taken:  0.23040032386779785
Test Loss: 0.0000, Test Accuracy: 0.9967, Energy: -1183698.125
Time taken:  0.23599457740783691
Test Loss: 0.0000, Test Accuracy: 0.9967, Energy: -1185127.0
Time taken:  0.23259782791137695
Test Loss: 0.0000, Test Accuracy: 0.9967, Energy: -1186401.625
Time taken:  0.23557758331298828
Test Loss: 0.0000, Test Accuracy: 0.9967, Energy: -1187685.75
Time taken:  0.23056840896606445
Test Loss: 0.0000, Test Accuracy: 0.9967, Energy: -1188682.0
Time taken:  0.22962594032287598
Test Loss: 0.0000, Test Accuracy: 0.9967, Energy: -1189528.75
Time taken:  0.2357645034790039
Test Loss: 0.0000, Test Accuracy: 0.9967, Energy: -1190353.25
Time taken:  0.23134684562683105
Test Loss: 0.0000, Test Accuracy: 0.9967, Energy: -1191119.625
Time taken:  0.23087835311889648
Test Loss: 0.0000, Test Accuracy: 0.9967, Energy: -1192266.25
Time taken:  0.23546433448791504
Test Loss: 0.0000, Test Accuracy: 0.9967, Energy: -1192855.75
Time taken:  0.2298421859741211
Test Loss: 0.0000, Test Accuracy: 0.9967, Energy: -1193750.75
Time taken:  0.23134374618530273
Test Loss: 0.0000, Test Accuracy: 0.9967, Energy: -1194190.625
Time taken:  0.2337360382080078
Test Loss: 0.0000, Test Accuracy: 0.9967, Energy: -1194621.125
Time taken:  0.2311840057373047
Test Loss: 0.0000, Test Accuracy: 0.9967, Energy: -1195244.75
Time taken:  0.2322397232055664
Test Loss: 0.0000, Test Accuracy: 0.9967, Energy: -1195544.25
Time taken:  0.2338697910308838
Test Loss: 0.0000, Test Accuracy: 0.9967, Energy: -1196103.25
Time taken:  0.23340868949890137
Test Loss: 0.0000, Test Accuracy: 0.9967, Energy: -1196139.375
Time taken:  0.2338101863861084
Test Loss: 0.0000, Test Accuracy: 0.9967, Energy: -1196529.0
Time taken:  0.23673605918884277
Test Loss: 0.0000, Test Accuracy: 0.9967, Energy: -1196794.0
Time taken:  0.2293987274169922
Test Loss: 0.0000, Test Accuracy: 0.9967, Energy: -1197157.75
Time taken:  0.23494958877563477
Test Loss: 0.0000, Test Accuracy: 0.9967, Energy: -1197380.5
Time taken:  0.23052144050598145
Test Loss: 0.0000, Test Accuracy: 0.9967, Energy: -1197483.5
Time taken:  0.236405611038208
Test Loss: 0.0000, Test Accuracy: 0.9967, Energy: -1197691.375
Time taken:  0.23055362701416016
Test Loss: 0.0000, Test Accuracy: 0.9967, Energy: -1197833.125
Time taken:  0.23065638542175293
Test Loss: 0.0000, Test Accuracy: 0.9967, Energy: -1197769.125
Time taken:  0.23559880256652832
Test Loss: 0.0000, Test Accuracy: 0.9967, Energy: -1197833.25
Time taken:  0.22855472564697266
Test Loss: 0.0000, Test Accuracy: 0.9967, Energy: -1198018.375
Time taken:  0.23273181915283203
Test Loss: 0.0000, Test Accuracy: 0.9967, Energy: -1198059.375
Time taken:  0.25142788887023926
Test Loss: 0.0000, Test Accuracy: 0.9967, Energy: -1198177.5
Time taken:  0.23319697380065918
Test Loss: 0.0000, Test Accuracy: 0.9967, Energy: -1198208.0
Time taken:  0.25175023078918457
Test Loss: 0.0000, Test Accuracy: 0.9967, Energy: -1198173.625
Time taken:  0.23317956924438477
Test Loss: 0.0000, Test Accuracy: 0.9967, Energy: -1197977.5
Time taken:  0.2447047233581543
Test Loss: 0.0000, Test Accuracy: 0.9967, Energy: -1197987.75
Time taken:  0.23606443405151367
Test Loss: 0.0000, Test Accuracy: 0.9967, Energy: -1197957.75
Time taken:  0.2308030128479004
Test Loss: 0.0000, Test Accuracy: 0.9967, Energy: -1198003.25
Time taken:  0.22942423820495605
Test Loss: 0.0000, Test Accuracy: 0.9967, Energy: -1198014.625
Time taken:  0.23554348945617676
Test Loss: 0.0000, Test Accuracy: 0.9967, Energy: -1198006.0
Time taken:  0.23151421546936035
Test Loss: 0.0000, Test Accuracy: 0.9967, Energy: -1198017.0
Time taken:  0.22969865798950195
Test Loss: 0.0000, Test Accuracy: 0.9967, Energy: -1198027.5
Time taken:  0.23494338989257812
Test Loss: 0.0000, Test Accuracy: 0.9967, Energy: -1198032.125
Time taken:  0.22978734970092773
Test Loss: 0.0000, Test Accuracy: 0.9967, Energy: -1197930.375
Time taken:  0.23763155937194824
Test Loss: 0.0000, Test Accuracy: 0.9967, Energy: -1197929.5
Time taken:  0.23850536346435547
Test Loss: 0.0000, Test Accuracy: 0.9967, Energy: -1197912.25
Time taken:  0.23185205459594727
Test Loss: 0.0000, Test Accuracy: 0.9967, Energy: -1197901.0
Time taken:  0.23412322998046875
Test Loss: 0.0000, Test Accuracy: 0.9967, Energy: -1197952.375
Time taken:  0.23008489608764648
Test Loss: 0.0000, Test Accuracy: 0.9967, Energy: -1197965.5
Time taken:  0.22996187210083008
Test Loss: 0.0000, Test Accuracy: 0.9967, Energy: -1197970.875
Time taken:  0.2371506690979004
Test Loss: 0.0000, Test Accuracy: 0.9967, Energy: -1197980.625
Time taken:  0.23288226127624512
Test Loss: 0.0000, Test Accuracy: 0.9967, Energy: -1197958.75
Time taken:  0.23607563972473145
Test Loss: 0.0000, Test Accuracy: 0.9967, Energy: -1197946.75
Time taken:  0.23023104667663574
Test Loss: 0.0000, Test Accuracy: 0.9967, Energy: -1197946.375
Time taken:  0.2286970615386963
Test Loss: 0.0000, Test Accuracy: 0.9967, Energy: -1197967.625
Time taken:  0.23504900932312012
Test Loss: 0.0000, Test Accuracy: 0.9967, Energy: -1197981.0
Time taken:  0.23013973236083984
Test Loss: 0.0000, Test Accuracy: 0.9967, Energy: -1197975.5
Time taken:  0.22961664199829102
Test Loss: 0.0000, Test Accuracy: 0.9967, Energy: -1198006.875
Time taken:  0.23414325714111328
Final accuracies: [0.8733333333333333, 0.9966666666666667, 1.0, 0.9966666666666667, 0.9966666666666667, 0.9966666666666667, 0.9966666666666667, 0.9966666666666667, 0.9966666666666667, 0.9966666666666667, 0.9966666666666667, 0.9966666666666667, 0.9966666666666667, 0.9966666666666667, 0.9966666666666667, 0.9966666666666667, 0.9966666666666667, 0.9966666666666667, 0.9966666666666667, 0.9966666666666667, 0.9966666666666667, 0.9966666666666667, 0.9966666666666667, 0.9966666666666667, 0.9966666666666667, 0.9966666666666667, 0.9966666666666667, 0.9966666666666667, 0.9966666666666667, 0.9966666666666667, 0.9966666666666667, 0.9966666666666667, 0.9966666666666667, 0.9966666666666667, 0.9966666666666667, 0.9966666666666667, 0.9966666666666667, 0.9966666666666667, 0.9966666666666667, 0.9966666666666667, 0.9966666666666667, 0.9966666666666667, 0.9966666666666667, 0.9966666666666667, 0.9966666666666667, 0.9966666666666667, 0.9966666666666667, 0.9966666666666667, 0.9966666666666667, 0.9966666666666667, 0.9966666666666667, 0.9966666666666667, 0.9966666666666667, 0.9966666666666667, 0.9966666666666667, 0.9966666666666667, 0.9966666666666667, 0.9966666666666667, 0.9966666666666667, 0.9966666666666667, 0.9966666666666667, 0.9966666666666667, 0.9966666666666667, 0.9966666666666667, 0.9966666666666667, 0.9966666666666667, 0.9966666666666667, 0.9966666666666667, 0.9966666666666667, 0.9966666666666667, 0.9966666666666667, 0.9966666666666667, 0.9966666666666667, 0.9966666666666667, 0.9966666666666667, 0.9966666666666667, 0.9966666666666667, 0.9966666666666667, 0.9966666666666667, 0.9966666666666667, 0.9966666666666667, 0.9966666666666667, 0.9966666666666667, 0.9966666666666667, 0.9966666666666667, 0.9966666666666667, 0.9966666666666667, 0.9966666666666667, 0.9966666666666667, 0.9966666666666667, 0.9966666666666667, 0.9966666666666667, 0.9966666666666667, 0.9966666666666667, 0.9966666666666667, 0.9966666666666667, 0.9966666666666667, 0.9966666666666667, 0.9966666666666667, 0.9966666666666667]
Final energies: [-780.9859619140625, -10835.6669921875, -57312.04296875, -162543.796875, -278152.6875, -374966.375, -457919.28125, -531168.8125, -595855.3125, -655219.4375, -707513.75, -754569.25, -797704.0, -835948.625, -870767.0625, -901295.5, -929876.375, -954162.0625, -977026.75, -998032.25, -1016715.25, -1033127.125, -1048478.75, -1061595.0, -1073462.375, -1085643.25, -1095619.0, -1105208.5, -1114740.75, -1123002.5, -1129801.375, -1136642.25, -1142847.0, -1148420.0, -1152992.25, -1157567.75, -1161479.875, -1165217.75, -1168417.0, -1171136.25, -1173941.125, -1176608.375, -1178467.625, -1180431.25, -1182199.5, -1183698.125, -1185127.0, -1186401.625, -1187685.75, -1188682.0, -1189528.75, -1190353.25, -1191119.625, -1192266.25, -1192855.75, -1193750.75, -1194190.625, -1194621.125, -1195244.75, -1195544.25, -1196103.25, -1196139.375, -1196529.0, -1196794.0, -1197157.75, -1197380.5, -1197483.5, -1197691.375, -1197833.125, -1197769.125, -1197833.25, -1198018.375, -1198059.375, -1198177.5, -1198208.0, -1198173.625, -1197977.5, -1197987.75, -1197957.75, -1198003.25, -1198014.625, -1198006.0, -1198017.0, -1198027.5, -1198032.125, -1197930.375, -1197929.5, -1197912.25, -1197901.0, -1197952.375, -1197965.5, -1197970.875, -1197980.625, -1197958.75, -1197946.75, -1197946.375, -1197967.625, -1197981.0, -1197975.5, -1198006.875]
