Running with parameters: hidden=30, use_coupled=true, seed=98, lam=0.1, eta=1.0, batch=100
Test Loss: 0.0000, Test Accuracy: 0.6333, Energy: 201.78048706054688
Time taken:  0.24330353736877441
Test Loss: 0.0000, Test Accuracy: 0.9933, Energy: -913.8096923828125
Time taken:  0.26109933853149414
Test Loss: 0.0000, Test Accuracy: 1.0000, Energy: -8965.4921875
Time taken:  0.2678642272949219
Test Loss: 0.0000, Test Accuracy: 0.9967, Energy: -37050.29296875
Time taken:  0.23577094078063965
Test Loss: 0.0000, Test Accuracy: 0.9967, Energy: -85900.0390625
Time taken:  0.2402176856994629
Test Loss: 0.0000, Test Accuracy: 0.9967, Energy: -146430.015625
Time taken:  0.24818634986877441
Test Loss: 0.0000, Test Accuracy: 0.9967, Energy: -206228.0
Time taken:  0.23816132545471191
Test Loss: 0.0000, Test Accuracy: 0.9967, Energy: -262851.9375
Time taken:  0.2426140308380127
Test Loss: 0.0000, Test Accuracy: 0.9967, Energy: -316517.53125
Time taken:  0.2384929656982422
Test Loss: 0.0000, Test Accuracy: 0.9967, Energy: -364257.8125
Time taken:  0.24322104454040527
Test Loss: 0.0000, Test Accuracy: 0.9967, Energy: -408719.1875
Time taken:  0.2379157543182373
Test Loss: 0.0000, Test Accuracy: 0.9967, Energy: -449231.9375
Time taken:  0.23862338066101074
Test Loss: 0.0000, Test Accuracy: 0.9967, Energy: -485824.375
Time taken:  0.24345850944519043
Test Loss: 0.0000, Test Accuracy: 0.9967, Energy: -519345.8125
Time taken:  0.23831629753112793
Test Loss: 0.0000, Test Accuracy: 0.9967, Energy: -550044.5
Time taken:  0.2382512092590332
Test Loss: 0.0000, Test Accuracy: 0.9967, Energy: -577913.5625
Time taken:  0.24260330200195312
Test Loss: 0.0000, Test Accuracy: 0.9967, Energy: -604337.25
Time taken:  0.23796582221984863
Test Loss: 0.0000, Test Accuracy: 0.9967, Energy: -628508.375
Time taken:  0.2429523468017578
Test Loss: 0.0000, Test Accuracy: 0.9967, Energy: -648822.1875
Time taken:  0.2382948398590088
Test Loss: 0.0000, Test Accuracy: 0.9967, Energy: -668680.875
Time taken:  0.2379016876220703
Test Loss: 0.0000, Test Accuracy: 0.9967, Energy: -686763.5625
Time taken:  0.2422499656677246
Test Loss: 0.0000, Test Accuracy: 0.9967, Energy: -703157.875
Time taken:  0.23995637893676758
Test Loss: 0.0000, Test Accuracy: 0.9967, Energy: -717908.0
Time taken:  0.23786282539367676
Test Loss: 0.0000, Test Accuracy: 0.9967, Energy: -731410.8125
Time taken:  0.24423742294311523
Test Loss: 0.0000, Test Accuracy: 0.9967, Energy: -744249.5
Time taken:  0.23773407936096191
Test Loss: 0.0000, Test Accuracy: 0.9967, Energy: -755796.0
Time taken:  0.24288678169250488
Test Loss: 0.0000, Test Accuracy: 0.9967, Energy: -766052.25
Time taken:  0.24877429008483887
Test Loss: 0.0000, Test Accuracy: 0.9967, Energy: -775592.375
Time taken:  0.23839473724365234
Test Loss: 0.0000, Test Accuracy: 0.9967, Energy: -784194.25
Time taken:  0.24170327186584473
Test Loss: 0.0000, Test Accuracy: 0.9967, Energy: -792104.0625
Time taken:  0.2398529052734375
Test Loss: 0.0000, Test Accuracy: 0.9967, Energy: -798987.75
Time taken:  0.23722386360168457
Test Loss: 0.0000, Test Accuracy: 0.9967, Energy: -805127.375
Time taken:  0.24270391464233398
Test Loss: 0.0000, Test Accuracy: 0.9967, Energy: -811055.0
Time taken:  0.23807001113891602
Test Loss: 0.0000, Test Accuracy: 0.9967, Energy: -816571.0625
Time taken:  0.24399089813232422
Test Loss: 0.0000, Test Accuracy: 0.9967, Energy: -821542.5
Time taken:  0.23918414115905762
Test Loss: 0.0000, Test Accuracy: 0.9967, Energy: -825995.75
Time taken:  0.23673033714294434
Test Loss: 0.0000, Test Accuracy: 0.9967, Energy: -830106.875
Time taken:  0.24350357055664062
Test Loss: 0.0000, Test Accuracy: 0.9967, Energy: -833703.5625
Time taken:  0.237898588180542
Test Loss: 0.0000, Test Accuracy: 0.9967, Energy: -837021.375
Time taken:  0.24292874336242676
Test Loss: 0.0000, Test Accuracy: 0.9967, Energy: -840001.625
Time taken:  0.2378394603729248
Test Loss: 0.0000, Test Accuracy: 0.9967, Energy: -842879.125
Time taken:  0.2377312183380127
Test Loss: 0.0000, Test Accuracy: 0.9967, Energy: -845511.875
Time taken:  0.24347686767578125
Test Loss: 0.0000, Test Accuracy: 0.9967, Energy: -848040.8125
Time taken:  0.23688411712646484
Test Loss: 0.0000, Test Accuracy: 0.9967, Energy: -850132.4375
Time taken:  0.2368760108947754
Test Loss: 0.0000, Test Accuracy: 0.9967, Energy: -852187.4375
Time taken:  0.24222922325134277
Test Loss: 0.0000, Test Accuracy: 0.9967, Energy: -853942.625
Time taken:  0.2379612922668457
Test Loss: 0.0000, Test Accuracy: 0.9967, Energy: -855365.5
Time taken:  0.3022158145904541
Test Loss: 0.0000, Test Accuracy: 0.9967, Energy: -856763.875
Time taken:  0.23658204078674316
Test Loss: 0.0000, Test Accuracy: 0.9967, Energy: -858099.5
Time taken:  0.23752737045288086
Test Loss: 0.0000, Test Accuracy: 0.9967, Energy: -859318.75
Time taken:  0.24133872985839844
Test Loss: 0.0000, Test Accuracy: 0.9967, Energy: -860417.25
Time taken:  0.24145293235778809
Test Loss: 0.0000, Test Accuracy: 0.9967, Energy: -861215.25
Time taken:  0.23797059059143066
Test Loss: 0.0000, Test Accuracy: 0.9967, Energy: -862056.0
Time taken:  0.24325275421142578
Test Loss: 0.0000, Test Accuracy: 0.9967, Energy: -863006.125
Time taken:  0.23758363723754883
Test Loss: 0.0000, Test Accuracy: 0.9967, Energy: -863755.0
Time taken:  0.24352073669433594
Test Loss: 0.0000, Test Accuracy: 0.9967, Energy: -864468.375
Time taken:  0.24047040939331055
Test Loss: 0.0000, Test Accuracy: 0.9967, Energy: -864933.625
Time taken:  0.23858141899108887
Test Loss: 0.0000, Test Accuracy: 0.9967, Energy: -865557.25
Time taken:  0.24072790145874023
Test Loss: 0.0000, Test Accuracy: 0.9967, Energy: -866092.8125
Time taken:  0.23756623268127441
Test Loss: 0.0000, Test Accuracy: 0.9967, Energy: -866567.5
Time taken:  0.2414541244506836
Test Loss: 0.0000, Test Accuracy: 0.9967, Energy: -867021.9375
Time taken:  0.24188709259033203
Test Loss: 0.0000, Test Accuracy: 0.9967, Energy: -867299.3125
Time taken:  0.2384798526763916
Test Loss: 0.0000, Test Accuracy: 0.9967, Energy: -867698.6875
Time taken:  0.24311327934265137
Test Loss: 0.0000, Test Accuracy: 0.9967, Energy: -868017.5
Time taken:  0.23792529106140137
Test Loss: 0.0000, Test Accuracy: 0.9967, Energy: -868458.5
Time taken:  0.23710012435913086
Test Loss: 0.0000, Test Accuracy: 0.9967, Energy: -868702.0
Time taken:  0.2428874969482422
Test Loss: 0.0000, Test Accuracy: 0.9967, Energy: -868894.125
Time taken:  0.23748564720153809
Test Loss: 0.0000, Test Accuracy: 0.9967, Energy: -869172.25
Time taken:  0.24970698356628418
Test Loss: 0.0000, Test Accuracy: 0.9967, Energy: -869344.5
Time taken:  0.24119019508361816
Test Loss: 0.0000, Test Accuracy: 0.9967, Energy: -869446.0
Time taken:  0.23549842834472656
Test Loss: 0.0000, Test Accuracy: 0.9967, Energy: -869540.1875
Time taken:  0.24405455589294434
Test Loss: 0.0000, Test Accuracy: 0.9967, Energy: -869683.0
Time taken:  0.23930835723876953
Test Loss: 0.0000, Test Accuracy: 0.9967, Energy: -869823.4375
Time taken:  0.23774409294128418
Test Loss: 0.0000, Test Accuracy: 0.9967, Energy: -870006.125
Time taken:  0.24031925201416016
Test Loss: 0.0000, Test Accuracy: 0.9967, Energy: -870139.1875
Time taken:  0.23758721351623535
Test Loss: 0.0000, Test Accuracy: 0.9967, Energy: -870244.875
Time taken:  0.23883342742919922
Test Loss: 0.0000, Test Accuracy: 0.9967, Energy: -870301.0
Time taken:  0.24437642097473145
Test Loss: 0.0000, Test Accuracy: 0.9967, Energy: -870451.625
Time taken:  0.2363111972808838
Test Loss: 0.0000, Test Accuracy: 0.9967, Energy: -870624.75
Time taken:  0.24329519271850586
Test Loss: 0.0000, Test Accuracy: 0.9967, Energy: -870713.3125
Time taken:  0.23817205429077148
Test Loss: 0.0000, Test Accuracy: 0.9967, Energy: -870759.4375
Time taken:  0.23876690864562988
Test Loss: 0.0000, Test Accuracy: 0.9967, Energy: -870784.375
Time taken:  0.24319815635681152
Test Loss: 0.0000, Test Accuracy: 0.9967, Energy: -870868.125
Time taken:  0.23663783073425293
Test Loss: 0.0000, Test Accuracy: 0.9967, Energy: -870921.375
Time taken:  0.24163413047790527
Test Loss: 0.0000, Test Accuracy: 0.9967, Energy: -870941.0
Time taken:  0.2361009120941162
Test Loss: 0.0000, Test Accuracy: 0.9967, Energy: -871008.5
Time taken:  0.23648309707641602
Test Loss: 0.0000, Test Accuracy: 0.9967, Energy: -871048.6875
Time taken:  0.24270057678222656
Test Loss: 0.0000, Test Accuracy: 0.9967, Energy: -871083.0
Time taken:  0.23770523071289062
Test Loss: 0.0000, Test Accuracy: 0.9967, Energy: -871070.4375
Time taken:  0.2490994930267334
Test Loss: 0.0000, Test Accuracy: 0.9967, Energy: -871126.125
Time taken:  0.24175572395324707
Test Loss: 0.0000, Test Accuracy: 0.9967, Energy: -871110.25
Time taken:  0.23722100257873535
Test Loss: 0.0000, Test Accuracy: 0.9967, Energy: -871132.375
Time taken:  0.24301838874816895
Test Loss: 0.0000, Test Accuracy: 0.9967, Energy: -871156.6875
Time taken:  0.2375180721282959
Test Loss: 0.0000, Test Accuracy: 0.9967, Energy: -871174.375
Time taken:  0.23703408241271973
Test Loss: 0.0000, Test Accuracy: 0.9967, Energy: -871184.25
Time taken:  0.2542448043823242
Test Loss: 0.0000, Test Accuracy: 0.9967, Energy: -871187.4375
Time taken:  0.2505178451538086
Test Loss: 0.0000, Test Accuracy: 0.9967, Energy: -871195.5
Time taken:  0.23780488967895508
Test Loss: 0.0000, Test Accuracy: 0.9967, Energy: -871246.0
Time taken:  0.24375629425048828
Test Loss: 0.0000, Test Accuracy: 0.9967, Energy: -871253.0
Time taken:  0.23948264122009277
Test Loss: 0.0000, Test Accuracy: 0.9967, Energy: -871254.0
Time taken:  0.24375128746032715
Final accuracies: [0.6333333333333333, 0.9933333333333333, 1.0, 0.9966666666666667, 0.9966666666666667, 0.9966666666666667, 0.9966666666666667, 0.9966666666666667, 0.9966666666666667, 0.9966666666666667, 0.9966666666666667, 0.9966666666666667, 0.9966666666666667, 0.9966666666666667, 0.9966666666666667, 0.9966666666666667, 0.9966666666666667, 0.9966666666666667, 0.9966666666666667, 0.9966666666666667, 0.9966666666666667, 0.9966666666666667, 0.9966666666666667, 0.9966666666666667, 0.9966666666666667, 0.9966666666666667, 0.9966666666666667, 0.9966666666666667, 0.9966666666666667, 0.9966666666666667, 0.9966666666666667, 0.9966666666666667, 0.9966666666666667, 0.9966666666666667, 0.9966666666666667, 0.9966666666666667, 0.9966666666666667, 0.9966666666666667, 0.9966666666666667, 0.9966666666666667, 0.9966666666666667, 0.9966666666666667, 0.9966666666666667, 0.9966666666666667, 0.9966666666666667, 0.9966666666666667, 0.9966666666666667, 0.9966666666666667, 0.9966666666666667, 0.9966666666666667, 0.9966666666666667, 0.9966666666666667, 0.9966666666666667, 0.9966666666666667, 0.9966666666666667, 0.9966666666666667, 0.9966666666666667, 0.9966666666666667, 0.9966666666666667, 0.9966666666666667, 0.9966666666666667, 0.9966666666666667, 0.9966666666666667, 0.9966666666666667, 0.9966666666666667, 0.9966666666666667, 0.9966666666666667, 0.9966666666666667, 0.9966666666666667, 0.9966666666666667, 0.9966666666666667, 0.9966666666666667, 0.9966666666666667, 0.9966666666666667, 0.9966666666666667, 0.9966666666666667, 0.9966666666666667, 0.9966666666666667, 0.9966666666666667, 0.9966666666666667, 0.9966666666666667, 0.9966666666666667, 0.9966666666666667, 0.9966666666666667, 0.9966666666666667, 0.9966666666666667, 0.9966666666666667, 0.9966666666666667, 0.9966666666666667, 0.9966666666666667, 0.9966666666666667, 0.9966666666666667, 0.9966666666666667, 0.9966666666666667, 0.9966666666666667, 0.9966666666666667, 0.9966666666666667, 0.9966666666666667, 0.9966666666666667, 0.9966666666666667]
Final energies: [201.78048706054688, -913.8096923828125, -8965.4921875, -37050.29296875, -85900.0390625, -146430.015625, -206228.0, -262851.9375, -316517.53125, -364257.8125, -408719.1875, -449231.9375, -485824.375, -519345.8125, -550044.5, -577913.5625, -604337.25, -628508.375, -648822.1875, -668680.875, -686763.5625, -703157.875, -717908.0, -731410.8125, -744249.5, -755796.0, -766052.25, -775592.375, -784194.25, -792104.0625, -798987.75, -805127.375, -811055.0, -816571.0625, -821542.5, -825995.75, -830106.875, -833703.5625, -837021.375, -840001.625, -842879.125, -845511.875, -848040.8125, -850132.4375, -852187.4375, -853942.625, -855365.5, -856763.875, -858099.5, -859318.75, -860417.25, -861215.25, -862056.0, -863006.125, -863755.0, -864468.375, -864933.625, -865557.25, -866092.8125, -866567.5, -867021.9375, -867299.3125, -867698.6875, -868017.5, -868458.5, -868702.0, -868894.125, -869172.25, -869344.5, -869446.0, -869540.1875, -869683.0, -869823.4375, -870006.125, -870139.1875, -870244.875, -870301.0, -870451.625, -870624.75, -870713.3125, -870759.4375, -870784.375, -870868.125, -870921.375, -870941.0, -871008.5, -871048.6875, -871083.0, -871070.4375, -871126.125, -871110.25, -871132.375, -871156.6875, -871174.375, -871184.25, -871187.4375, -871195.5, -871246.0, -871253.0, -871254.0]
