Running with parameters: hidden=100, use_coupled=true, seed=10, lam=0.1, eta=0.5, batch=1
Test Loss: 0.0000, Test Accuracy: 1.0000, Energy: -6167832.5
Time taken:  13.996952056884766
Test Loss: 0.0000, Test Accuracy: 1.0000, Energy: -6317845.0
Time taken:  13.710527658462524
Test Loss: 0.0000, Test Accuracy: 1.0000, Energy: -6325986.0
Time taken:  13.622874021530151
Test Loss: 0.0000, Test Accuracy: 1.0000, Energy: -6328647.0
Time taken:  13.730344295501709
Test Loss: 0.0000, Test Accuracy: 1.0000, Energy: -6330925.0
Time taken:  13.669472694396973
Test Loss: 0.0000, Test Accuracy: 1.0000, Energy: -6333259.0
Time taken:  13.672805309295654
Test Loss: 0.0000, Test Accuracy: 1.0000, Energy: -6336741.0
Time taken:  13.638246774673462
Test Loss: 0.0000, Test Accuracy: 1.0000, Energy: -6339034.5
Time taken:  13.784136772155762
Test Loss: 0.0000, Test Accuracy: 1.0000, Energy: -6343381.0
Time taken:  13.644072532653809
Test Loss: 0.0000, Test Accuracy: 1.0000, Energy: -6347173.5
Time taken:  13.696022033691406
Test Loss: 0.0000, Test Accuracy: 1.0000, Energy: -6351089.0
Time taken:  13.671883344650269
Test Loss: 0.0000, Test Accuracy: 1.0000, Energy: -6355571.5
Time taken:  13.77311396598816
Test Loss: 0.0000, Test Accuracy: 1.0000, Energy: -6359668.5
Time taken:  13.652041912078857
Test Loss: 0.0000, Test Accuracy: 1.0000, Energy: -6402183.5
Time taken:  13.682073593139648
Test Loss: 0.0000, Test Accuracy: 1.0000, Energy: -6407807.0
Time taken:  13.672149419784546
Test Loss: 0.0000, Test Accuracy: 1.0000, Energy: -6412299.0
Time taken:  13.806259632110596
Test Loss: 0.0000, Test Accuracy: 1.0000, Energy: -6419032.5
Time taken:  13.660582780838013
Test Loss: 0.0000, Test Accuracy: 1.0000, Energy: -6427225.5
Time taken:  13.651341438293457
Test Loss: 0.0000, Test Accuracy: 1.0000, Energy: -6432117.5
Time taken:  13.680462121963501
Test Loss: 0.0000, Test Accuracy: 1.0000, Energy: -6439107.0
Time taken:  13.770593881607056
Test Loss: 0.0000, Test Accuracy: 1.0000, Energy: -6504086.5
Time taken:  13.641541957855225
Test Loss: 0.0000, Test Accuracy: 1.0000, Energy: -6506648.5
Time taken:  13.660317420959473
Test Loss: 0.0000, Test Accuracy: 1.0000, Energy: -6509562.0
Time taken:  13.8189218044281
Test Loss: 0.0000, Test Accuracy: 1.0000, Energy: -6512270.5
Time taken:  13.717355966567993
Test Loss: 0.0000, Test Accuracy: 1.0000, Energy: -6516718.5
Time taken:  13.727445363998413
Test Loss: 0.0000, Test Accuracy: 1.0000, Energy: -6524090.5
Time taken:  13.71371841430664
Test Loss: 0.0000, Test Accuracy: 1.0000, Energy: -6527743.5
Time taken:  13.825380802154541
Test Loss: 0.0000, Test Accuracy: 1.0000, Energy: -6530411.0
Time taken:  13.731833934783936
Test Loss: 0.0000, Test Accuracy: 1.0000, Energy: -6533438.5
Time taken:  13.70965027809143
Test Loss: 0.0000, Test Accuracy: 1.0000, Energy: -6536440.0
Time taken:  13.752703428268433
Test Loss: 0.0000, Test Accuracy: 1.0000, Energy: -6538682.5
Time taken:  13.810489654541016
Test Loss: 0.0000, Test Accuracy: 1.0000, Energy: -6542409.5
Time taken:  13.71777629852295
Test Loss: 0.0000, Test Accuracy: 1.0000, Energy: -6547004.0
Time taken:  13.717410802841187
Test Loss: 0.0000, Test Accuracy: 1.0000, Energy: -6550578.5
Time taken:  13.701218128204346
Test Loss: 0.0000, Test Accuracy: 1.0000, Energy: -6553377.5
Time taken:  13.80122184753418
Test Loss: 0.0000, Test Accuracy: 1.0000, Energy: -6559201.5
Time taken:  13.719439029693604
Test Loss: 0.0000, Test Accuracy: 1.0000, Energy: -6575655.0
Time taken:  13.708810567855835
Test Loss: 0.0000, Test Accuracy: 1.0000, Energy: -6582825.0
Time taken:  13.70199990272522
Test Loss: 0.0000, Test Accuracy: 1.0000, Energy: -6586720.0
Time taken:  13.809566736221313
Test Loss: 0.0000, Test Accuracy: 1.0000, Energy: -6590254.5
Time taken:  13.67721152305603
Test Loss: 0.0000, Test Accuracy: 1.0000, Energy: -6593396.5
Time taken:  13.745337724685669
Test Loss: 0.0000, Test Accuracy: 1.0000, Energy: -6597432.0
Time taken:  13.70863127708435
Test Loss: 0.0000, Test Accuracy: 1.0000, Energy: -6600500.0
Time taken:  13.804628133773804
Test Loss: 0.0000, Test Accuracy: 1.0000, Energy: -6604665.0
Time taken:  13.671800136566162
Test Loss: 0.0000, Test Accuracy: 1.0000, Energy: -6608576.0
Time taken:  13.716056823730469
Test Loss: 0.0000, Test Accuracy: 1.0000, Energy: -6612332.5
Time taken:  13.712315559387207
Test Loss: 0.0000, Test Accuracy: 1.0000, Energy: -6616179.5
Time taken:  13.824535608291626
Test Loss: 0.0000, Test Accuracy: 1.0000, Energy: -6620217.0
Time taken:  13.704901456832886
Test Loss: 0.0000, Test Accuracy: 1.0000, Energy: -6624116.0
Time taken:  13.669617176055908
Test Loss: 0.0000, Test Accuracy: 1.0000, Energy: -6628993.0
Time taken:  13.710227489471436
Test Loss: 0.0000, Test Accuracy: 1.0000, Energy: -6632743.0
Time taken:  13.79289984703064
Test Loss: 0.0000, Test Accuracy: 1.0000, Energy: -6637227.5
Time taken:  13.701712131500244
Test Loss: 0.0000, Test Accuracy: 1.0000, Energy: -6641612.0
Time taken:  13.708286762237549
Test Loss: 0.0000, Test Accuracy: 1.0000, Energy: -6646320.0
Time taken:  13.738321304321289
Test Loss: 0.0000, Test Accuracy: 1.0000, Energy: -6650186.5
Time taken:  13.825267791748047
Test Loss: 0.0000, Test Accuracy: 1.0000, Energy: -6656757.0
Time taken:  13.743849277496338
Test Loss: 0.0000, Test Accuracy: 1.0000, Energy: -6678664.0
Time taken:  13.673107385635376
Test Loss: 0.0000, Test Accuracy: 1.0000, Energy: -6687940.5
Time taken:  13.731571435928345
Test Loss: 0.0000, Test Accuracy: 1.0000, Energy: -6697167.0
Time taken:  13.835349082946777
Test Loss: 0.0000, Test Accuracy: 1.0000, Energy: -6703074.0
Time taken:  13.748205423355103
Test Loss: 0.0000, Test Accuracy: 1.0000, Energy: -6710275.0
Time taken:  13.696182489395142
Test Loss: 0.0000, Test Accuracy: 1.0000, Energy: -6748056.5
Time taken:  13.65665316581726
Test Loss: 0.0000, Test Accuracy: 1.0000, Energy: -6752471.0
Time taken:  13.85385775566101
Test Loss: 0.0000, Test Accuracy: 1.0000, Energy: -6756829.0
Time taken:  13.700936794281006
Test Loss: 0.0000, Test Accuracy: 1.0000, Energy: -6761113.5
Time taken:  13.67082667350769
Test Loss: 0.0000, Test Accuracy: 1.0000, Energy: -6766358.5
Time taken:  13.823593854904175
Test Loss: 0.0000, Test Accuracy: 1.0000, Energy: -6770106.5
Time taken:  13.709703922271729
Test Loss: 0.0000, Test Accuracy: 1.0000, Energy: -6775089.5
Time taken:  13.711077451705933
Test Loss: 0.0000, Test Accuracy: 1.0000, Energy: -6780015.0
Time taken:  13.725745916366577
Test Loss: 0.0000, Test Accuracy: 1.0000, Energy: -6784505.5
Time taken:  13.799457788467407
Test Loss: 0.0000, Test Accuracy: 1.0000, Energy: -6789448.0
Time taken:  13.758952379226685
Test Loss: 0.0000, Test Accuracy: 1.0000, Energy: -6794263.5
Time taken:  13.739069700241089
Test Loss: 0.0000, Test Accuracy: 1.0000, Energy: -6798150.0
Time taken:  13.710902452468872
Test Loss: 0.0000, Test Accuracy: 1.0000, Energy: -6802463.0
Time taken:  13.834526300430298
Test Loss: 0.0000, Test Accuracy: 1.0000, Energy: -6808057.0
Time taken:  13.706454038619995
Test Loss: 0.0000, Test Accuracy: 1.0000, Energy: -6812706.0
Time taken:  13.72901964187622
Test Loss: 0.0000, Test Accuracy: 1.0000, Energy: -6817341.0
Time taken:  13.711663007736206
Test Loss: 0.0000, Test Accuracy: 1.0000, Energy: -6821749.0
Time taken:  13.84090781211853
Test Loss: 0.0000, Test Accuracy: 1.0000, Energy: -6826952.0
Time taken:  13.671929836273193
Test Loss: 0.0000, Test Accuracy: 1.0000, Energy: -6831203.0
Time taken:  13.630979537963867
Test Loss: 0.0000, Test Accuracy: 1.0000, Energy: -6835643.5
Time taken:  13.608686923980713
Test Loss: 0.0000, Test Accuracy: 1.0000, Energy: -6840076.5
Time taken:  13.755443096160889
Test Loss: 0.0000, Test Accuracy: 1.0000, Energy: -6844651.0
Time taken:  13.607732057571411
Test Loss: 0.0000, Test Accuracy: 1.0000, Energy: -6849480.0
Time taken:  13.606653451919556
Test Loss: 0.0000, Test Accuracy: 1.0000, Energy: -6852295.5
Time taken:  13.62691330909729
Test Loss: 0.0000, Test Accuracy: 1.0000, Energy: -6858770.5
Time taken:  13.718511819839478
Test Loss: 0.0000, Test Accuracy: 1.0000, Energy: -6863548.0
Time taken:  13.635998487472534
Test Loss: 0.0000, Test Accuracy: 1.0000, Energy: -6868054.0
Time taken:  13.629467725753784
Test Loss: 0.0000, Test Accuracy: 1.0000, Energy: -6872689.5
Time taken:  13.625391721725464
Test Loss: 0.0000, Test Accuracy: 1.0000, Energy: -6877930.0
Time taken:  13.725502967834473
Test Loss: 0.0000, Test Accuracy: 1.0000, Energy: -6882143.5
Time taken:  13.64783000946045
Test Loss: 0.0000, Test Accuracy: 1.0000, Energy: -6886243.0
Time taken:  13.6175377368927
Test Loss: 0.0000, Test Accuracy: 1.0000, Energy: -6890026.0
Time taken:  13.619481086730957
Test Loss: 0.0000, Test Accuracy: 1.0000, Energy: -6895485.0
Time taken:  13.75615644454956
Test Loss: 0.0000, Test Accuracy: 1.0000, Energy: -6901832.0
Time taken:  13.631771564483643
Test Loss: 0.0000, Test Accuracy: 1.0000, Energy: -6906663.0
Time taken:  13.658958435058594
Test Loss: 0.0000, Test Accuracy: 1.0000, Energy: -6911135.5
Time taken:  13.661133289337158
Test Loss: 0.0000, Test Accuracy: 1.0000, Energy: -6915270.5
Time taken:  13.769316911697388
Test Loss: 0.0000, Test Accuracy: 1.0000, Energy: -6919662.5
Time taken:  13.63830852508545
Test Loss: 0.0000, Test Accuracy: 1.0000, Energy: -6923094.5
Time taken:  13.639116048812866
Final accuracies: [1.0, 1.0, 1.0, 1.0, 1.0, 1.0, 1.0, 1.0, 1.0, 1.0, 1.0, 1.0, 1.0, 1.0, 1.0, 1.0, 1.0, 1.0, 1.0, 1.0, 1.0, 1.0, 1.0, 1.0, 1.0, 1.0, 1.0, 1.0, 1.0, 1.0, 1.0, 1.0, 1.0, 1.0, 1.0, 1.0, 1.0, 1.0, 1.0, 1.0, 1.0, 1.0, 1.0, 1.0, 1.0, 1.0, 1.0, 1.0, 1.0, 1.0, 1.0, 1.0, 1.0, 1.0, 1.0, 1.0, 1.0, 1.0, 1.0, 1.0, 1.0, 1.0, 1.0, 1.0, 1.0, 1.0, 1.0, 1.0, 1.0, 1.0, 1.0, 1.0, 1.0, 1.0, 1.0, 1.0, 1.0, 1.0, 1.0, 1.0, 1.0, 1.0, 1.0, 1.0, 1.0, 1.0, 1.0, 1.0, 1.0, 1.0, 1.0, 1.0, 1.0, 1.0, 1.0, 1.0, 1.0, 1.0, 1.0, 1.0]
Final energies: [-6167832.5, -6317845.0, -6325986.0, -6328647.0, -6330925.0, -6333259.0, -6336741.0, -6339034.5, -6343381.0, -6347173.5, -6351089.0, -6355571.5, -6359668.5, -6402183.5, -6407807.0, -6412299.0, -6419032.5, -6427225.5, -6432117.5, -6439107.0, -6504086.5, -6506648.5, -6509562.0, -6512270.5, -6516718.5, -6524090.5, -6527743.5, -6530411.0, -6533438.5, -6536440.0, -6538682.5, -6542409.5, -6547004.0, -6550578.5, -6553377.5, -6559201.5, -6575655.0, -6582825.0, -6586720.0, -6590254.5, -6593396.5, -6597432.0, -6600500.0, -6604665.0, -6608576.0, -6612332.5, -6616179.5, -6620217.0, -6624116.0, -6628993.0, -6632743.0, -6637227.5, -6641612.0, -6646320.0, -6650186.5, -6656757.0, -6678664.0, -6687940.5, -6697167.0, -6703074.0, -6710275.0, -6748056.5, -6752471.0, -6756829.0, -6761113.5, -6766358.5, -6770106.5, -6775089.5, -6780015.0, -6784505.5, -6789448.0, -6794263.5, -6798150.0, -6802463.0, -6808057.0, -6812706.0, -6817341.0, -6821749.0, -6826952.0, -6831203.0, -6835643.5, -6840076.5, -6844651.0, -6849480.0, -6852295.5, -6858770.5, -6863548.0, -6868054.0, -6872689.5, -6877930.0, -6882143.5, -6886243.0, -6890026.0, -6895485.0, -6901832.0, -6906663.0, -6911135.5, -6915270.5, -6919662.5, -6923094.5]
