Running with parameters: hidden=100, use_coupled=true, seed=99, lam=0.1, eta=0.5, batch=1
Test Loss: 0.0000, Test Accuracy: 0.9967, Energy: -1657411.0
Time taken:  13.555700778961182
Test Loss: 0.0000, Test Accuracy: 1.0000, Energy: -3885335.25
Time taken:  13.178313732147217
Test Loss: 0.0000, Test Accuracy: 0.8700, Energy: -3265904.5
Time taken:  13.218757390975952
Test Loss: 0.0000, Test Accuracy: 0.9967, Energy: -4050834.5
Time taken:  13.286189556121826
Test Loss: 0.0000, Test Accuracy: 0.9967, Energy: -4011065.25
Time taken:  13.206804275512695
Test Loss: 0.0000, Test Accuracy: 0.9967, Energy: -4047317.75
Time taken:  13.220234394073486
Test Loss: 0.0000, Test Accuracy: 0.9967, Energy: -4078361.5
Time taken:  13.225279092788696
Test Loss: 0.0000, Test Accuracy: 0.9967, Energy: -4075882.0
Time taken:  13.29010796546936
Test Loss: 0.0000, Test Accuracy: 0.9967, Energy: -4075859.0
Time taken:  13.183253049850464
Test Loss: 0.0000, Test Accuracy: 0.9967, Energy: -4075837.0
Time taken:  13.083662271499634
Test Loss: 0.0000, Test Accuracy: 0.9967, Energy: -4075798.5
Time taken:  13.106691598892212
Test Loss: 0.0000, Test Accuracy: 0.9967, Energy: -4075673.75
Time taken:  13.234518766403198
Test Loss: 0.0000, Test Accuracy: 0.9967, Energy: -4075405.5
Time taken:  13.116705179214478
Test Loss: 0.0000, Test Accuracy: 0.9967, Energy: -4075400.75
Time taken:  13.106862783432007
Test Loss: 0.0000, Test Accuracy: 0.9967, Energy: -4075307.5
Time taken:  13.091631650924683
Test Loss: 0.0000, Test Accuracy: 0.9967, Energy: -4075423.0
Time taken:  13.167073011398315
Test Loss: 0.0000, Test Accuracy: 0.9967, Energy: -4075424.0
Time taken:  13.068518161773682
Test Loss: 0.0000, Test Accuracy: 0.9967, Energy: -4075373.0
Time taken:  13.103785037994385
Test Loss: 0.0000, Test Accuracy: 0.9967, Energy: -4075381.75
Time taken:  13.112609148025513
Test Loss: 0.0000, Test Accuracy: 0.9967, Energy: -4075332.25
Time taken:  13.238232851028442
Test Loss: 0.0000, Test Accuracy: 0.9967, Energy: -4075342.0
Time taken:  13.145761251449585
Test Loss: 0.0000, Test Accuracy: 0.9967, Energy: -4075299.0
Time taken:  13.150591373443604
Test Loss: 0.0000, Test Accuracy: 0.9967, Energy: -4075202.0
Time taken:  13.230476379394531
Test Loss: 0.0000, Test Accuracy: 0.9967, Energy: -4075192.75
Time taken:  13.168314456939697
Test Loss: 0.0000, Test Accuracy: 0.9967, Energy: -4075171.75
Time taken:  13.138566255569458
Test Loss: 0.0000, Test Accuracy: 0.9967, Energy: -4075967.5
Time taken:  13.15820860862732
Test Loss: 0.0000, Test Accuracy: 0.9967, Energy: -4075928.25
Time taken:  13.230139017105103
Test Loss: 0.0000, Test Accuracy: 0.9967, Energy: -4043445.25
Time taken:  13.14754843711853
Test Loss: 0.0000, Test Accuracy: 0.9967, Energy: -4041517.0
Time taken:  13.128316164016724
Test Loss: 0.0000, Test Accuracy: 0.9967, Energy: -4041512.25
Time taken:  13.138560771942139
Test Loss: 0.0000, Test Accuracy: 0.9967, Energy: -4041459.5
Time taken:  13.236611366271973
Test Loss: 0.0000, Test Accuracy: 0.9967, Energy: -4041401.25
Time taken:  13.16866421699524
Test Loss: 0.0000, Test Accuracy: 0.9967, Energy: -4041501.25
Time taken:  13.189445495605469
Test Loss: 0.0000, Test Accuracy: 0.9967, Energy: -4041444.75
Time taken:  13.142180919647217
Test Loss: 0.0000, Test Accuracy: 0.9967, Energy: -4041373.75
Time taken:  13.213005065917969
Test Loss: 0.0000, Test Accuracy: 0.9967, Energy: -4040989.75
Time taken:  13.127848625183105
Test Loss: 0.0000, Test Accuracy: 0.9967, Energy: -4041005.5
Time taken:  13.110113859176636
Test Loss: 0.0000, Test Accuracy: 0.9967, Energy: -4040949.0
Time taken:  13.104308366775513
Test Loss: 0.0000, Test Accuracy: 0.9967, Energy: -4040912.0
Time taken:  13.177912473678589
Test Loss: 0.0000, Test Accuracy: 0.9967, Energy: -4041225.25
Time taken:  13.105233669281006
Test Loss: 0.0000, Test Accuracy: 0.9967, Energy: -4041204.25
Time taken:  13.096381187438965
Test Loss: 0.0000, Test Accuracy: 0.9967, Energy: -4040716.5
Time taken:  13.112603902816772
Test Loss: 0.0000, Test Accuracy: 0.9967, Energy: -4040675.5
Time taken:  13.161623477935791
Test Loss: 0.0000, Test Accuracy: 0.9967, Energy: -4040437.0
Time taken:  13.096210241317749
Test Loss: 0.0000, Test Accuracy: 0.9967, Energy: -4040459.0
Time taken:  13.094377994537354
Test Loss: 0.0000, Test Accuracy: 0.9967, Energy: -4041029.75
Time taken:  13.074495553970337
Test Loss: 0.0000, Test Accuracy: 0.9967, Energy: -4041982.5
Time taken:  13.178994178771973
Test Loss: 0.0000, Test Accuracy: 0.9967, Energy: -4042181.0
Time taken:  13.087334871292114
Test Loss: 0.0000, Test Accuracy: 0.9967, Energy: -4044543.75
Time taken:  13.124338626861572
Test Loss: 0.0000, Test Accuracy: 0.9967, Energy: -4045364.5
Time taken:  13.120046377182007
Test Loss: 0.0000, Test Accuracy: 0.9967, Energy: -4046303.0
Time taken:  13.157795190811157
Test Loss: 0.0000, Test Accuracy: 0.9967, Energy: -4052753.0
Time taken:  13.086009502410889
Test Loss: 0.0000, Test Accuracy: 0.9967, Energy: -4055574.25
Time taken:  13.053407430648804
Test Loss: 0.0000, Test Accuracy: 0.9967, Energy: -4055494.25
Time taken:  13.06554365158081
Test Loss: 0.0000, Test Accuracy: 0.9967, Energy: -4055542.5
Time taken:  13.169868469238281
Test Loss: 0.0000, Test Accuracy: 0.9967, Energy: -4055559.75
Time taken:  13.073074579238892
Test Loss: 0.0000, Test Accuracy: 0.9967, Energy: -4055699.5
Time taken:  13.07698941230774
Test Loss: 0.0000, Test Accuracy: 0.9967, Energy: -4055656.75
Time taken:  13.076828956604004
Test Loss: 0.0000, Test Accuracy: 0.9967, Energy: -4055756.75
Time taken:  13.181735515594482
Test Loss: 0.0000, Test Accuracy: 0.9967, Energy: -4055827.0
Time taken:  13.081028938293457
Test Loss: 0.0000, Test Accuracy: 0.9967, Energy: -4055756.75
Time taken:  13.07294750213623
Test Loss: 0.0000, Test Accuracy: 0.9967, Energy: -4055516.0
Time taken:  13.086316108703613
Test Loss: 0.0000, Test Accuracy: 0.9967, Energy: -4055415.75
Time taken:  13.152247428894043
Test Loss: 0.0000, Test Accuracy: 0.9967, Energy: -4055333.5
Time taken:  13.078753232955933
Test Loss: 0.0000, Test Accuracy: 0.9967, Energy: -4055277.75
Time taken:  13.084046840667725
Test Loss: 0.0000, Test Accuracy: 0.9967, Energy: -4055460.5
Time taken:  13.163604974746704
Test Loss: 0.0000, Test Accuracy: 0.9967, Energy: -4055562.25
Time taken:  13.091061115264893
Test Loss: 0.0000, Test Accuracy: 0.9967, Energy: -4055171.75
Time taken:  13.08267855644226
Test Loss: 0.0000, Test Accuracy: 0.9967, Energy: -4055135.5
Time taken:  13.080060005187988
Test Loss: 0.0000, Test Accuracy: 0.9967, Energy: -4054945.75
Time taken:  13.168399333953857
Test Loss: 0.0000, Test Accuracy: 0.9967, Energy: -4054877.0
Time taken:  13.086982727050781
Test Loss: 0.0000, Test Accuracy: 0.9967, Energy: -4054794.75
Time taken:  13.104818344116211
Test Loss: 0.0000, Test Accuracy: 0.9967, Energy: -4054796.25
Time taken:  13.097258806228638
Test Loss: 0.0000, Test Accuracy: 0.9967, Energy: -4054775.0
Time taken:  13.176965475082397
Test Loss: 0.0000, Test Accuracy: 0.9967, Energy: -4054675.0
Time taken:  13.141198635101318
Test Loss: 0.0000, Test Accuracy: 0.9967, Energy: -4054670.0
Time taken:  13.086214542388916
Test Loss: 0.0000, Test Accuracy: 0.9967, Energy: -4054667.25
Time taken:  13.081320762634277
Test Loss: 0.0000, Test Accuracy: 0.9967, Energy: -4054970.5
Time taken:  13.178045988082886
Test Loss: 0.0000, Test Accuracy: 0.9967, Energy: -4054940.25
Time taken:  13.105918645858765
Test Loss: 0.0000, Test Accuracy: 0.9967, Energy: -4055021.75
Time taken:  13.109562873840332
Test Loss: 0.0000, Test Accuracy: 0.9967, Energy: -4054941.0
Time taken:  13.075321674346924
Test Loss: 0.0000, Test Accuracy: 0.9967, Energy: -4055007.25
Time taken:  13.191923141479492
Test Loss: 0.0000, Test Accuracy: 0.9967, Energy: -4054975.0
Time taken:  13.120572328567505
Test Loss: 0.0000, Test Accuracy: 0.9967, Energy: -4055329.0
Time taken:  13.12651252746582
Test Loss: 0.0000, Test Accuracy: 0.9967, Energy: -4055165.75
Time taken:  13.15181040763855
Test Loss: 0.0000, Test Accuracy: 0.9967, Energy: -4055285.25
Time taken:  13.202980041503906
Test Loss: 0.0000, Test Accuracy: 0.9967, Energy: -4056647.75
Time taken:  13.085632085800171
Test Loss: 0.0000, Test Accuracy: 0.9967, Energy: -4056978.5
Time taken:  13.102616786956787
Test Loss: 0.0000, Test Accuracy: 0.9967, Energy: -4057451.75
Time taken:  13.101226806640625
Test Loss: 0.0000, Test Accuracy: 0.9967, Energy: -4057622.25
Time taken:  13.179303646087646
Test Loss: 0.0000, Test Accuracy: 0.9967, Energy: -4058381.25
Time taken:  13.106885194778442
Test Loss: 0.0000, Test Accuracy: 0.9967, Energy: -4058300.0
Time taken:  13.110849142074585
Test Loss: 0.0000, Test Accuracy: 0.9967, Energy: -4058230.75
Time taken:  13.072834968566895
Test Loss: 0.0000, Test Accuracy: 0.9967, Energy: -4058170.0
Time taken:  13.194964408874512
Test Loss: 0.0000, Test Accuracy: 0.9967, Energy: -4058119.75
Time taken:  13.09635877609253
Test Loss: 0.0000, Test Accuracy: 0.9967, Energy: -4058107.5
Time taken:  13.096182107925415
Test Loss: 0.0000, Test Accuracy: 0.9967, Energy: -4058264.5
Time taken:  13.088299751281738
Test Loss: 0.0000, Test Accuracy: 0.9967, Energy: -4058176.25
Time taken:  13.201406240463257
Test Loss: 0.0000, Test Accuracy: 0.9967, Energy: -4057956.25
Time taken:  13.102229118347168
Test Loss: 0.0000, Test Accuracy: 0.9967, Energy: -4056974.0
Time taken:  13.09755825996399
Final accuracies: [0.9966666666666667, 1.0, 0.87, 0.9966666666666667, 0.9966666666666667, 0.9966666666666667, 0.9966666666666667, 0.9966666666666667, 0.9966666666666667, 0.9966666666666667, 0.9966666666666667, 0.9966666666666667, 0.9966666666666667, 0.9966666666666667, 0.9966666666666667, 0.9966666666666667, 0.9966666666666667, 0.9966666666666667, 0.9966666666666667, 0.9966666666666667, 0.9966666666666667, 0.9966666666666667, 0.9966666666666667, 0.9966666666666667, 0.9966666666666667, 0.9966666666666667, 0.9966666666666667, 0.9966666666666667, 0.9966666666666667, 0.9966666666666667, 0.9966666666666667, 0.9966666666666667, 0.9966666666666667, 0.9966666666666667, 0.9966666666666667, 0.9966666666666667, 0.9966666666666667, 0.9966666666666667, 0.9966666666666667, 0.9966666666666667, 0.9966666666666667, 0.9966666666666667, 0.9966666666666667, 0.9966666666666667, 0.9966666666666667, 0.9966666666666667, 0.9966666666666667, 0.9966666666666667, 0.9966666666666667, 0.9966666666666667, 0.9966666666666667, 0.9966666666666667, 0.9966666666666667, 0.9966666666666667, 0.9966666666666667, 0.9966666666666667, 0.9966666666666667, 0.9966666666666667, 0.9966666666666667, 0.9966666666666667, 0.9966666666666667, 0.9966666666666667, 0.9966666666666667, 0.9966666666666667, 0.9966666666666667, 0.9966666666666667, 0.9966666666666667, 0.9966666666666667, 0.9966666666666667, 0.9966666666666667, 0.9966666666666667, 0.9966666666666667, 0.9966666666666667, 0.9966666666666667, 0.9966666666666667, 0.9966666666666667, 0.9966666666666667, 0.9966666666666667, 0.9966666666666667, 0.9966666666666667, 0.9966666666666667, 0.9966666666666667, 0.9966666666666667, 0.9966666666666667, 0.9966666666666667, 0.9966666666666667, 0.9966666666666667, 0.9966666666666667, 0.9966666666666667, 0.9966666666666667, 0.9966666666666667, 0.9966666666666667, 0.9966666666666667, 0.9966666666666667, 0.9966666666666667, 0.9966666666666667, 0.9966666666666667, 0.9966666666666667, 0.9966666666666667, 0.9966666666666667]
Final energies: [-1657411.0, -3885335.25, -3265904.5, -4050834.5, -4011065.25, -4047317.75, -4078361.5, -4075882.0, -4075859.0, -4075837.0, -4075798.5, -4075673.75, -4075405.5, -4075400.75, -4075307.5, -4075423.0, -4075424.0, -4075373.0, -4075381.75, -4075332.25, -4075342.0, -4075299.0, -4075202.0, -4075192.75, -4075171.75, -4075967.5, -4075928.25, -4043445.25, -4041517.0, -4041512.25, -4041459.5, -4041401.25, -4041501.25, -4041444.75, -4041373.75, -4040989.75, -4041005.5, -4040949.0, -4040912.0, -4041225.25, -4041204.25, -4040716.5, -4040675.5, -4040437.0, -4040459.0, -4041029.75, -4041982.5, -4042181.0, -4044543.75, -4045364.5, -4046303.0, -4052753.0, -4055574.25, -4055494.25, -4055542.5, -4055559.75, -4055699.5, -4055656.75, -4055756.75, -4055827.0, -4055756.75, -4055516.0, -4055415.75, -4055333.5, -4055277.75, -4055460.5, -4055562.25, -4055171.75, -4055135.5, -4054945.75, -4054877.0, -4054794.75, -4054796.25, -4054775.0, -4054675.0, -4054670.0, -4054667.25, -4054970.5, -4054940.25, -4055021.75, -4054941.0, -4055007.25, -4054975.0, -4055329.0, -4055165.75, -4055285.25, -4056647.75, -4056978.5, -4057451.75, -4057622.25, -4058381.25, -4058300.0, -4058230.75, -4058170.0, -4058119.75, -4058107.5, -4058264.5, -4058176.25, -4057956.25, -4056974.0]
