Running with parameters: hidden=100, use_coupled=true, seed=48, lam=0.1, eta=0.5, batch=1
Test Loss: 0.0000, Test Accuracy: 0.9700, Energy: -3683516.75
Time taken:  11.170943975448608
Test Loss: 0.0000, Test Accuracy: 1.0000, Energy: -4702476.5
Time taken:  10.844536304473877
Test Loss: 0.0000, Test Accuracy: 1.0000, Energy: -4705861.0
Time taken:  10.817145347595215
Test Loss: 0.0000, Test Accuracy: 1.0000, Energy: -4728536.0
Time taken:  10.909602642059326
Test Loss: 0.0000, Test Accuracy: 1.0000, Energy: -4718256.0
Time taken:  10.941850185394287
Test Loss: 0.0000, Test Accuracy: 1.0000, Energy: -4719493.5
Time taken:  11.044816732406616
Test Loss: 0.0000, Test Accuracy: 1.0000, Energy: -4643784.5
Time taken:  11.121289730072021
Test Loss: 0.0000, Test Accuracy: 1.0000, Energy: -4661663.0
Time taken:  11.090260028839111
Test Loss: 0.0000, Test Accuracy: 1.0000, Energy: -4675684.0
Time taken:  10.930562257766724
Test Loss: 0.0000, Test Accuracy: 1.0000, Energy: -4686786.5
Time taken:  11.066479921340942
Test Loss: 0.0000, Test Accuracy: 1.0000, Energy: -4700743.0
Time taken:  11.014114618301392
Test Loss: 0.0000, Test Accuracy: 1.0000, Energy: -4714891.5
Time taken:  11.18643856048584
Test Loss: 0.0000, Test Accuracy: 1.0000, Energy: -4720943.5
Time taken:  11.016428470611572
Test Loss: 0.0000, Test Accuracy: 1.0000, Energy: -4725961.5
Time taken:  10.911631345748901
Test Loss: 0.0000, Test Accuracy: 1.0000, Energy: -4732924.5
Time taken:  10.958018064498901
Test Loss: 0.0000, Test Accuracy: 1.0000, Energy: -4738847.5
Time taken:  11.13670802116394
Test Loss: 0.0000, Test Accuracy: 1.0000, Energy: -4746940.5
Time taken:  10.926110744476318
Test Loss: 0.0000, Test Accuracy: 1.0000, Energy: -4751471.0
Time taken:  11.163636207580566
Test Loss: 0.0000, Test Accuracy: 1.0000, Energy: -4758811.5
Time taken:  11.046682119369507
Test Loss: 0.0000, Test Accuracy: 1.0000, Energy: -4761922.0
Time taken:  11.14143180847168
Test Loss: 0.0000, Test Accuracy: 1.0000, Energy: -4768550.0
Time taken:  11.000892877578735
Test Loss: 0.0000, Test Accuracy: 1.0000, Energy: -4774808.5
Time taken:  10.845071792602539
Test Loss: 0.0000, Test Accuracy: 1.0000, Energy: -4779478.0
Time taken:  10.928394794464111
Test Loss: 0.0000, Test Accuracy: 1.0000, Energy: -4785357.0
Time taken:  10.906680345535278
Test Loss: 0.0000, Test Accuracy: 1.0000, Energy: -4790545.5
Time taken:  10.864725112915039
Test Loss: 0.0000, Test Accuracy: 1.0000, Energy: -4796373.5
Time taken:  11.081190586090088
Test Loss: 0.0000, Test Accuracy: 1.0000, Energy: -4801524.0
Time taken:  11.098670482635498
Test Loss: 0.0000, Test Accuracy: 1.0000, Energy: -4809136.5
Time taken:  10.914841651916504
Test Loss: 0.0000, Test Accuracy: 1.0000, Energy: -4814394.0
Time taken:  11.063637495040894
Test Loss: 0.0000, Test Accuracy: 1.0000, Energy: -4820691.0
Time taken:  10.922638177871704
Test Loss: 0.0000, Test Accuracy: 1.0000, Energy: -4826283.5
Time taken:  11.056543350219727
Test Loss: 0.0000, Test Accuracy: 1.0000, Energy: -4835655.5
Time taken:  11.05171012878418
Test Loss: 0.0000, Test Accuracy: 1.0000, Energy: -4843751.5
Time taken:  10.9248685836792
Test Loss: 0.0000, Test Accuracy: 1.0000, Energy: -4852003.0
Time taken:  10.932717561721802
Test Loss: 0.0000, Test Accuracy: 1.0000, Energy: -4860123.5
Time taken:  11.154991865158081
Test Loss: 0.0000, Test Accuracy: 1.0000, Energy: -4866890.0
Time taken:  10.978653192520142
Test Loss: 0.0000, Test Accuracy: 1.0000, Energy: -4878521.0
Time taken:  11.168030738830566
Test Loss: 0.0000, Test Accuracy: 1.0000, Energy: -4885833.0
Time taken:  10.9904625415802
Test Loss: 0.0000, Test Accuracy: 1.0000, Energy: -4894018.5
Time taken:  11.137953519821167
Test Loss: 0.0000, Test Accuracy: 1.0000, Energy: -4901236.5
Time taken:  11.028099298477173
Test Loss: 0.0000, Test Accuracy: 1.0000, Energy: -4907290.5
Time taken:  10.822417974472046
Test Loss: 0.0000, Test Accuracy: 1.0000, Energy: -4914534.0
Time taken:  10.825155973434448
Test Loss: 0.0000, Test Accuracy: 1.0000, Energy: -4923500.5
Time taken:  11.000069379806519
Test Loss: 0.0000, Test Accuracy: 1.0000, Energy: -4931827.0
Time taken:  10.810967922210693
Test Loss: 0.0000, Test Accuracy: 1.0000, Energy: -4938130.0
Time taken:  10.843210697174072
Test Loss: 0.0000, Test Accuracy: 1.0000, Energy: -4943051.0
Time taken:  10.887812376022339
Test Loss: 0.0000, Test Accuracy: 1.0000, Energy: -4945681.5
Time taken:  10.904178380966187
Test Loss: 0.0000, Test Accuracy: 1.0000, Energy: -4951533.5
Time taken:  10.938587188720703
Test Loss: 0.0000, Test Accuracy: 1.0000, Energy: -4959045.0
Time taken:  10.97534966468811
Test Loss: 0.0000, Test Accuracy: 1.0000, Energy: -4967873.5
Time taken:  10.928504943847656
Test Loss: 0.0000, Test Accuracy: 1.0000, Energy: -4984904.5
Time taken:  11.32031536102295
Test Loss: 0.0000, Test Accuracy: 1.0000, Energy: -4993088.0
Time taken:  11.059123992919922
Test Loss: 0.0000, Test Accuracy: 1.0000, Energy: -4998517.0
Time taken:  10.946378469467163
Test Loss: 0.0000, Test Accuracy: 1.0000, Energy: -5004312.5
Time taken:  11.180567502975464
Test Loss: 0.0000, Test Accuracy: 1.0000, Energy: -5016799.5
Time taken:  11.145800828933716
Test Loss: 0.0000, Test Accuracy: 1.0000, Energy: -5029636.0
Time taken:  11.085315465927124
Test Loss: 0.0000, Test Accuracy: 1.0000, Energy: -5047448.5
Time taken:  11.118406534194946
Test Loss: 0.0000, Test Accuracy: 1.0000, Energy: -5051980.0
Time taken:  10.947274923324585
Test Loss: 0.0000, Test Accuracy: 1.0000, Energy: -5057093.5
Time taken:  11.128669500350952
Test Loss: 0.0000, Test Accuracy: 1.0000, Energy: -5062405.5
Time taken:  10.915805101394653
Test Loss: 0.0000, Test Accuracy: 1.0000, Energy: -5066558.5
Time taken:  10.939136981964111
Test Loss: 0.0000, Test Accuracy: 1.0000, Energy: -5072819.5
Time taken:  11.015916109085083
Test Loss: 0.0000, Test Accuracy: 1.0000, Energy: -5109296.0
Time taken:  11.026873111724854
Test Loss: 0.0000, Test Accuracy: 1.0000, Energy: -5116251.0
Time taken:  10.949084520339966
Test Loss: 0.0000, Test Accuracy: 1.0000, Energy: -5121994.0
Time taken:  11.030590772628784
Test Loss: 0.0000, Test Accuracy: 1.0000, Energy: -5127753.5
Time taken:  11.046115398406982
Test Loss: 0.0000, Test Accuracy: 1.0000, Energy: -5133928.0
Time taken:  11.065147399902344
Test Loss: 0.0000, Test Accuracy: 1.0000, Energy: -5139832.5
Time taken:  10.951013326644897
Test Loss: 0.0000, Test Accuracy: 1.0000, Energy: -5145470.5
Time taken:  10.915323257446289
Test Loss: 0.0000, Test Accuracy: 1.0000, Energy: -5150235.5
Time taken:  11.179878234863281
Test Loss: 0.0000, Test Accuracy: 1.0000, Energy: -5156139.0
Time taken:  10.992988348007202
Test Loss: 0.0000, Test Accuracy: 1.0000, Energy: -5159733.5
Time taken:  10.959049224853516
Test Loss: 0.0000, Test Accuracy: 1.0000, Energy: -5164195.0
Time taken:  11.057152032852173
Test Loss: 0.0000, Test Accuracy: 1.0000, Energy: -5165918.0
Time taken:  11.051212787628174
Test Loss: 0.0000, Test Accuracy: 1.0000, Energy: -5144431.5
Time taken:  10.99596643447876
Test Loss: 0.0000, Test Accuracy: 1.0000, Energy: -5115393.0
Time taken:  10.99625039100647
Test Loss: 0.0000, Test Accuracy: 1.0000, Energy: -5095086.5
Time taken:  10.930776119232178
Test Loss: 0.0000, Test Accuracy: 1.0000, Energy: -5101931.0
Time taken:  11.186249256134033
Test Loss: 0.0000, Test Accuracy: 1.0000, Energy: -5107817.5
Time taken:  11.000283479690552
Test Loss: 0.0000, Test Accuracy: 1.0000, Energy: -5113240.0
Time taken:  11.308122634887695
Test Loss: 0.0000, Test Accuracy: 1.0000, Energy: -5118168.0
Time taken:  11.168821573257446
Test Loss: 0.0000, Test Accuracy: 1.0000, Energy: -5122556.0
Time taken:  11.081844806671143
Test Loss: 0.0000, Test Accuracy: 1.0000, Energy: -5092889.0
Time taken:  11.012265682220459
Test Loss: 0.0000, Test Accuracy: 1.0000, Energy: -5097392.0
Time taken:  11.34867262840271
Test Loss: 0.0000, Test Accuracy: 1.0000, Energy: -5102213.5
Time taken:  11.0912504196167
Test Loss: 0.0000, Test Accuracy: 1.0000, Energy: -5108403.0
Time taken:  11.185267210006714
Test Loss: 0.0000, Test Accuracy: 1.0000, Energy: -5113139.0
Time taken:  11.225836277008057
Test Loss: 0.0000, Test Accuracy: 1.0000, Energy: -5116732.5
Time taken:  11.04015564918518
Test Loss: 0.0000, Test Accuracy: 1.0000, Energy: -5120262.0
Time taken:  11.063944339752197
Test Loss: 0.0000, Test Accuracy: 1.0000, Energy: -5124792.0
Time taken:  11.024182796478271
Test Loss: 0.0000, Test Accuracy: 1.0000, Energy: -5129081.0
Time taken:  10.980457544326782
Test Loss: 0.0000, Test Accuracy: 1.0000, Energy: -5133424.0
Time taken:  11.026508092880249
Test Loss: 0.0000, Test Accuracy: 1.0000, Energy: -5137503.5
Time taken:  10.933795928955078
Test Loss: 0.0000, Test Accuracy: 1.0000, Energy: -5141604.5
Time taken:  11.1070556640625
Test Loss: 0.0000, Test Accuracy: 1.0000, Energy: -5146056.5
Time taken:  10.956970930099487
Test Loss: 0.0000, Test Accuracy: 1.0000, Energy: -5150800.5
Time taken:  10.904750347137451
Test Loss: 0.0000, Test Accuracy: 1.0000, Energy: -5158252.5
Time taken:  10.913137197494507
Test Loss: 0.0000, Test Accuracy: 1.0000, Energy: -5176991.5
Time taken:  10.910264015197754
Test Loss: 0.0000, Test Accuracy: 1.0000, Energy: -5182919.5
Time taken:  10.77569055557251
Test Loss: 0.0000, Test Accuracy: 1.0000, Energy: -5186869.0
Time taken:  10.627898693084717
Final accuracies: [0.97, 1.0, 1.0, 1.0, 1.0, 1.0, 1.0, 1.0, 1.0, 1.0, 1.0, 1.0, 1.0, 1.0, 1.0, 1.0, 1.0, 1.0, 1.0, 1.0, 1.0, 1.0, 1.0, 1.0, 1.0, 1.0, 1.0, 1.0, 1.0, 1.0, 1.0, 1.0, 1.0, 1.0, 1.0, 1.0, 1.0, 1.0, 1.0, 1.0, 1.0, 1.0, 1.0, 1.0, 1.0, 1.0, 1.0, 1.0, 1.0, 1.0, 1.0, 1.0, 1.0, 1.0, 1.0, 1.0, 1.0, 1.0, 1.0, 1.0, 1.0, 1.0, 1.0, 1.0, 1.0, 1.0, 1.0, 1.0, 1.0, 1.0, 1.0, 1.0, 1.0, 1.0, 1.0, 1.0, 1.0, 1.0, 1.0, 1.0, 1.0, 1.0, 1.0, 1.0, 1.0, 1.0, 1.0, 1.0, 1.0, 1.0, 1.0, 1.0, 1.0, 1.0, 1.0, 1.0, 1.0, 1.0, 1.0, 1.0]
Final energies: [-3683516.75, -4702476.5, -4705861.0, -4728536.0, -4718256.0, -4719493.5, -4643784.5, -4661663.0, -4675684.0, -4686786.5, -4700743.0, -4714891.5, -4720943.5, -4725961.5, -4732924.5, -4738847.5, -4746940.5, -4751471.0, -4758811.5, -4761922.0, -4768550.0, -4774808.5, -4779478.0, -4785357.0, -4790545.5, -4796373.5, -4801524.0, -4809136.5, -4814394.0, -4820691.0, -4826283.5, -4835655.5, -4843751.5, -4852003.0, -4860123.5, -4866890.0, -4878521.0, -4885833.0, -4894018.5, -4901236.5, -4907290.5, -4914534.0, -4923500.5, -4931827.0, -4938130.0, -4943051.0, -4945681.5, -4951533.5, -4959045.0, -4967873.5, -4984904.5, -4993088.0, -4998517.0, -5004312.5, -5016799.5, -5029636.0, -5047448.5, -5051980.0, -5057093.5, -5062405.5, -5066558.5, -5072819.5, -5109296.0, -5116251.0, -5121994.0, -5127753.5, -5133928.0, -5139832.5, -5145470.5, -5150235.5, -5156139.0, -5159733.5, -5164195.0, -5165918.0, -5144431.5, -5115393.0, -5095086.5, -5101931.0, -5107817.5, -5113240.0, -5118168.0, -5122556.0, -5092889.0, -5097392.0, -5102213.5, -5108403.0, -5113139.0, -5116732.5, -5120262.0, -5124792.0, -5129081.0, -5133424.0, -5137503.5, -5141604.5, -5146056.5, -5150800.5, -5158252.5, -5176991.5, -5182919.5, -5186869.0]
