Running with parameters: hidden=100, use_coupled=true, seed=28, lam=0.1, eta=0.5, batch=1
Test Loss: 0.0000, Test Accuracy: 0.9400, Energy: -2822724.75
Time taken:  12.235743999481201
Test Loss: 0.0000, Test Accuracy: 0.9933, Energy: -3079138.5
Time taken:  11.829504489898682
Test Loss: 0.0000, Test Accuracy: 1.0000, Energy: -3893737.0
Time taken:  11.414072275161743
Test Loss: 0.0000, Test Accuracy: 0.9967, Energy: -7910863.0
Time taken:  11.884781122207642
Test Loss: 0.0000, Test Accuracy: 0.9833, Energy: -7550305.5
Time taken:  12.01057243347168
Test Loss: 0.0000, Test Accuracy: 0.9833, Energy: -7549958.0
Time taken:  11.716399192810059
Test Loss: 0.0000, Test Accuracy: 0.9833, Energy: -7549958.0
Time taken:  11.409442901611328
Test Loss: 0.0000, Test Accuracy: 0.9833, Energy: -7549958.0
Time taken:  11.595428943634033
Test Loss: 0.0000, Test Accuracy: 0.9833, Energy: -7549958.0
Time taken:  12.070374250411987
Test Loss: 0.0000, Test Accuracy: 0.9833, Energy: -7549947.5
Time taken:  12.03359317779541
Test Loss: 0.0000, Test Accuracy: 0.9833, Energy: -7549947.5
Time taken:  11.666714668273926
Test Loss: 0.0000, Test Accuracy: 0.9833, Energy: -7549947.5
Time taken:  12.12852430343628
Test Loss: 0.0000, Test Accuracy: 0.9833, Energy: -7549958.5
Time taken:  12.067960500717163
Test Loss: 0.0000, Test Accuracy: 0.9833, Energy: -7549958.5
Time taken:  11.745903968811035
Test Loss: 0.0000, Test Accuracy: 0.9833, Energy: -7549931.5
Time taken:  11.470491409301758
Test Loss: 0.0000, Test Accuracy: 0.9833, Energy: -7549931.5
Time taken:  11.594172716140747
Test Loss: 0.0000, Test Accuracy: 0.9833, Energy: -7549931.5
Time taken:  11.457645177841187
Test Loss: 0.0000, Test Accuracy: 0.9833, Energy: -7549931.5
Time taken:  11.496018409729004
Test Loss: 0.0000, Test Accuracy: 0.9833, Energy: -7549872.0
Time taken:  11.492830276489258
Test Loss: 0.0000, Test Accuracy: 0.9833, Energy: -7549804.5
Time taken:  11.623005151748657
Test Loss: 0.0000, Test Accuracy: 0.9833, Energy: -7548787.0
Time taken:  11.6008939743042
Test Loss: 0.0000, Test Accuracy: 0.9833, Energy: -7548787.0
Time taken:  11.967102289199829
Test Loss: 0.0000, Test Accuracy: 0.9833, Energy: -7548766.5
Time taken:  12.153615951538086
Test Loss: 0.0000, Test Accuracy: 0.9833, Energy: -7548766.5
Time taken:  11.657915592193604
Test Loss: 0.0000, Test Accuracy: 0.9833, Energy: -7548796.0
Time taken:  11.998853206634521
Test Loss: 0.0000, Test Accuracy: 0.9833, Energy: -7548796.0
Time taken:  12.014268398284912
Test Loss: 0.0000, Test Accuracy: 0.9833, Energy: -7548796.0
Time taken:  11.548259019851685
Test Loss: 0.0000, Test Accuracy: 0.9833, Energy: -7548758.0
Time taken:  11.572813272476196
Test Loss: 0.0000, Test Accuracy: 0.9833, Energy: -7548758.0
Time taken:  11.779947519302368
Test Loss: 0.0000, Test Accuracy: 0.9833, Energy: -7548758.0
Time taken:  12.057707071304321
Test Loss: 0.0000, Test Accuracy: 0.9833, Energy: -7548697.0
Time taken:  11.97571086883545
Test Loss: 0.0000, Test Accuracy: 0.9833, Energy: -7548654.5
Time taken:  11.741588354110718
Test Loss: 0.0000, Test Accuracy: 0.9833, Energy: -7548654.5
Time taken:  12.053279638290405
Test Loss: 0.0000, Test Accuracy: 0.9833, Energy: -7548654.5
Time taken:  11.675403594970703
Test Loss: 0.0000, Test Accuracy: 0.9833, Energy: -7548654.5
Time taken:  11.502140522003174
Test Loss: 0.0000, Test Accuracy: 0.9833, Energy: -7548698.5
Time taken:  11.68135404586792
Test Loss: 0.0000, Test Accuracy: 0.9833, Energy: -7548698.5
Time taken:  11.57436203956604
Test Loss: 0.0000, Test Accuracy: 0.9833, Energy: -7548537.5
Time taken:  11.97901701927185
Test Loss: 0.0000, Test Accuracy: 0.9833, Energy: -7548537.5
Time taken:  12.08126187324524
Test Loss: 0.0000, Test Accuracy: 0.9833, Energy: -7548537.5
Time taken:  11.567717790603638
Test Loss: 0.0000, Test Accuracy: 0.9833, Energy: -7548537.5
Time taken:  12.064415693283081
Test Loss: 0.0000, Test Accuracy: 0.9833, Energy: -7548537.5
Time taken:  11.9160315990448
Test Loss: 0.0000, Test Accuracy: 0.9833, Energy: -7548537.5
Time taken:  11.449583530426025
Test Loss: 0.0000, Test Accuracy: 0.9833, Energy: -7548422.0
Time taken:  11.561803340911865
Test Loss: 0.0000, Test Accuracy: 0.9833, Energy: -7548422.0
Time taken:  11.61827564239502
Test Loss: 0.0000, Test Accuracy: 0.9833, Energy: -7548422.0
Time taken:  11.379284381866455
Test Loss: 0.0000, Test Accuracy: 0.9833, Energy: -7548422.0
Time taken:  12.058403968811035
Test Loss: 0.0000, Test Accuracy: 0.9833, Energy: -7548422.0
Time taken:  12.061157703399658
Test Loss: 0.0000, Test Accuracy: 0.9833, Energy: -7548320.0
Time taken:  11.391645908355713
Test Loss: 0.0000, Test Accuracy: 0.9833, Energy: -7548320.0
Time taken:  11.883764505386353
Test Loss: 0.0000, Test Accuracy: 0.9833, Energy: -7548320.5
Time taken:  12.041736364364624
Test Loss: 0.0000, Test Accuracy: 0.9833, Energy: -7548320.5
Time taken:  11.667925834655762
Test Loss: 0.0000, Test Accuracy: 0.9833, Energy: -7548390.0
Time taken:  11.365487337112427
Test Loss: 0.0000, Test Accuracy: 0.9833, Energy: -7548345.5
Time taken:  11.593993663787842
Test Loss: 0.0000, Test Accuracy: 0.9833, Energy: -7548345.5
Time taken:  12.159403800964355
Test Loss: 0.0000, Test Accuracy: 0.9833, Energy: -7548298.0
Time taken:  11.6159086227417
Test Loss: 0.0000, Test Accuracy: 0.9833, Energy: -7548298.0
Time taken:  11.594298362731934
Test Loss: 0.0000, Test Accuracy: 0.9833, Energy: -7548142.0
Time taken:  12.052085638046265
Test Loss: 0.0000, Test Accuracy: 0.9833, Energy: -7547995.5
Time taken:  11.731093645095825
Test Loss: 0.0000, Test Accuracy: 0.9833, Energy: -7547995.5
Time taken:  11.516389846801758
Test Loss: 0.0000, Test Accuracy: 0.9833, Energy: -7547995.5
Time taken:  11.66178297996521
Test Loss: 0.0000, Test Accuracy: 0.9833, Energy: -7548015.0
Time taken:  11.540062189102173
Test Loss: 0.0000, Test Accuracy: 0.9833, Energy: -7548015.0
Time taken:  12.130580186843872
Test Loss: 0.0000, Test Accuracy: 0.9833, Energy: -7548015.0
Time taken:  12.011348962783813
Test Loss: 0.0000, Test Accuracy: 0.9833, Energy: -7548027.0
Time taken:  11.461213827133179
Test Loss: 0.0000, Test Accuracy: 0.9833, Energy: -7547946.0
Time taken:  12.041796207427979
Test Loss: 0.0000, Test Accuracy: 0.9833, Energy: -7547936.0
Time taken:  11.982346057891846
Test Loss: 0.0000, Test Accuracy: 0.9833, Energy: -7547952.0
Time taken:  11.576531887054443
Test Loss: 0.0000, Test Accuracy: 0.9833, Energy: -7547952.0
Time taken:  11.438651084899902
Test Loss: 0.0000, Test Accuracy: 0.9833, Energy: -7547904.0
Time taken:  11.749058485031128
Test Loss: 0.0000, Test Accuracy: 0.9833, Energy: -7547904.0
Time taken:  11.567198276519775
Test Loss: 0.0000, Test Accuracy: 0.9833, Energy: -7547953.0
Time taken:  11.48113226890564
Test Loss: 0.0000, Test Accuracy: 0.9833, Energy: -7548020.5
Time taken:  11.684423685073853
Test Loss: 0.0000, Test Accuracy: 0.9833, Energy: -7550244.5
Time taken:  12.162368774414062
Test Loss: 0.0000, Test Accuracy: 0.9833, Energy: -7550244.5
Time taken:  11.687957525253296
Test Loss: 0.0000, Test Accuracy: 0.9833, Energy: -7550270.0
Time taken:  11.773825407028198
Test Loss: 0.0000, Test Accuracy: 0.9833, Energy: -7550166.5
Time taken:  12.113271951675415
Test Loss: 0.0000, Test Accuracy: 0.9833, Energy: -7549737.5
Time taken:  11.699426412582397
Test Loss: 0.0000, Test Accuracy: 0.9833, Energy: -7549869.5
Time taken:  11.533010005950928
Test Loss: 0.0000, Test Accuracy: 0.9833, Energy: -7552249.5
Time taken:  11.720587015151978
Test Loss: 0.0000, Test Accuracy: 0.9833, Energy: -7552389.5
Time taken:  12.09959363937378
Test Loss: 0.0000, Test Accuracy: 0.9833, Energy: -7552314.0
Time taken:  11.909108400344849
Test Loss: 0.0000, Test Accuracy: 0.9833, Energy: -7552639.0
Time taken:  11.54145073890686
Test Loss: 0.0000, Test Accuracy: 0.9833, Energy: -7552739.0
Time taken:  12.071028232574463
Test Loss: 0.0000, Test Accuracy: 0.9833, Energy: -7553187.5
Time taken:  11.77960753440857
Test Loss: 0.0000, Test Accuracy: 0.9833, Energy: -7557452.0
Time taken:  11.581974029541016
Test Loss: 0.0000, Test Accuracy: 0.9833, Energy: -7571523.0
Time taken:  11.647966623306274
Test Loss: 0.0000, Test Accuracy: 0.9867, Energy: -7605885.0
Time taken:  11.670529842376709
Test Loss: 0.0000, Test Accuracy: 0.9867, Energy: -7607935.0
Time taken:  11.824844360351562
Test Loss: 0.0000, Test Accuracy: 0.9867, Energy: -7607873.0
Time taken:  12.173217296600342
Test Loss: 0.0000, Test Accuracy: 0.9867, Energy: -7607873.0
Time taken:  11.397469520568848
Test Loss: 0.0000, Test Accuracy: 0.9867, Energy: -7607873.0
Time taken:  11.881397485733032
Test Loss: 0.0000, Test Accuracy: 0.9867, Energy: -7607796.0
Time taken:  11.988723993301392
Test Loss: 0.0000, Test Accuracy: 0.9867, Energy: -7607796.0
Time taken:  11.469541072845459
Test Loss: 0.0000, Test Accuracy: 0.9867, Energy: -7607849.0
Time taken:  11.5736825466156
Test Loss: 0.0000, Test Accuracy: 0.9867, Energy: -7607849.0
Time taken:  11.567095041275024
Test Loss: 0.0000, Test Accuracy: 0.9867, Energy: -7607909.0
Time taken:  11.857051372528076
Test Loss: 0.0000, Test Accuracy: 0.9867, Energy: -7607909.0
Time taken:  11.654924631118774
Test Loss: 0.0000, Test Accuracy: 0.9867, Energy: -7607909.0
Time taken:  10.973131895065308
Test Loss: 0.0000, Test Accuracy: 0.9867, Energy: -7607909.0
Time taken:  10.783164501190186
Final accuracies: [0.94, 0.9933333333333333, 1.0, 0.9966666666666667, 0.9833333333333333, 0.9833333333333333, 0.9833333333333333, 0.9833333333333333, 0.9833333333333333, 0.9833333333333333, 0.9833333333333333, 0.9833333333333333, 0.9833333333333333, 0.9833333333333333, 0.9833333333333333, 0.9833333333333333, 0.9833333333333333, 0.9833333333333333, 0.9833333333333333, 0.9833333333333333, 0.9833333333333333, 0.9833333333333333, 0.9833333333333333, 0.9833333333333333, 0.9833333333333333, 0.9833333333333333, 0.9833333333333333, 0.9833333333333333, 0.9833333333333333, 0.9833333333333333, 0.9833333333333333, 0.9833333333333333, 0.9833333333333333, 0.9833333333333333, 0.9833333333333333, 0.9833333333333333, 0.9833333333333333, 0.9833333333333333, 0.9833333333333333, 0.9833333333333333, 0.9833333333333333, 0.9833333333333333, 0.9833333333333333, 0.9833333333333333, 0.9833333333333333, 0.9833333333333333, 0.9833333333333333, 0.9833333333333333, 0.9833333333333333, 0.9833333333333333, 0.9833333333333333, 0.9833333333333333, 0.9833333333333333, 0.9833333333333333, 0.9833333333333333, 0.9833333333333333, 0.9833333333333333, 0.9833333333333333, 0.9833333333333333, 0.9833333333333333, 0.9833333333333333, 0.9833333333333333, 0.9833333333333333, 0.9833333333333333, 0.9833333333333333, 0.9833333333333333, 0.9833333333333333, 0.9833333333333333, 0.9833333333333333, 0.9833333333333333, 0.9833333333333333, 0.9833333333333333, 0.9833333333333333, 0.9833333333333333, 0.9833333333333333, 0.9833333333333333, 0.9833333333333333, 0.9833333333333333, 0.9833333333333333, 0.9833333333333333, 0.9833333333333333, 0.9833333333333333, 0.9833333333333333, 0.9833333333333333, 0.9833333333333333, 0.9833333333333333, 0.9833333333333333, 0.9866666666666667, 0.9866666666666667, 0.9866666666666667, 0.9866666666666667, 0.9866666666666667, 0.9866666666666667, 0.9866666666666667, 0.9866666666666667, 0.9866666666666667, 0.9866666666666667, 0.9866666666666667, 0.9866666666666667, 0.9866666666666667]
Final energies: [-2822724.75, -3079138.5, -3893737.0, -7910863.0, -7550305.5, -7549958.0, -7549958.0, -7549958.0, -7549958.0, -7549947.5, -7549947.5, -7549947.5, -7549958.5, -7549958.5, -7549931.5, -7549931.5, -7549931.5, -7549931.5, -7549872.0, -7549804.5, -7548787.0, -7548787.0, -7548766.5, -7548766.5, -7548796.0, -7548796.0, -7548796.0, -7548758.0, -7548758.0, -7548758.0, -7548697.0, -7548654.5, -7548654.5, -7548654.5, -7548654.5, -7548698.5, -7548698.5, -7548537.5, -7548537.5, -7548537.5, -7548537.5, -7548537.5, -7548537.5, -7548422.0, -7548422.0, -7548422.0, -7548422.0, -7548422.0, -7548320.0, -7548320.0, -7548320.5, -7548320.5, -7548390.0, -7548345.5, -7548345.5, -7548298.0, -7548298.0, -7548142.0, -7547995.5, -7547995.5, -7547995.5, -7548015.0, -7548015.0, -7548015.0, -7548027.0, -7547946.0, -7547936.0, -7547952.0, -7547952.0, -7547904.0, -7547904.0, -7547953.0, -7548020.5, -7550244.5, -7550244.5, -7550270.0, -7550166.5, -7549737.5, -7549869.5, -7552249.5, -7552389.5, -7552314.0, -7552639.0, -7552739.0, -7553187.5, -7557452.0, -7571523.0, -7605885.0, -7607935.0, -7607873.0, -7607873.0, -7607873.0, -7607796.0, -7607796.0, -7607849.0, -7607849.0, -7607909.0, -7607909.0, -7607909.0, -7607909.0]
