Running with parameters: hidden=100, use_coupled=true, seed=41, lam=0.1, eta=0.5, batch=1
Test Loss: 0.0000, Test Accuracy: 0.9967, Energy: -1652876.625
Time taken:  13.619561195373535
Test Loss: 0.0000, Test Accuracy: 0.9967, Energy: -1663015.875
Time taken:  13.247428178787231
Test Loss: 0.0000, Test Accuracy: 0.9967, Energy: -1663657.75
Time taken:  13.24515700340271
Test Loss: 0.0000, Test Accuracy: 0.9967, Energy: -1664224.375
Time taken:  13.321420669555664
Test Loss: 0.0000, Test Accuracy: 0.9967, Energy: -1665661.125
Time taken:  13.221685886383057
Test Loss: 0.0000, Test Accuracy: 0.9967, Energy: -1665747.625
Time taken:  13.212427377700806
Test Loss: 0.0000, Test Accuracy: 0.9967, Energy: -1665713.625
Time taken:  13.252482175827026
Test Loss: 0.0000, Test Accuracy: 0.9967, Energy: -1665864.0
Time taken:  13.320239543914795
Test Loss: 0.0000, Test Accuracy: 0.9967, Energy: -1665898.625
Time taken:  13.21083116531372
Test Loss: 0.0000, Test Accuracy: 0.9967, Energy: -1665947.75
Time taken:  13.236937999725342
Test Loss: 0.0000, Test Accuracy: 0.9967, Energy: -1666012.875
Time taken:  13.248841524124146
Test Loss: 0.0000, Test Accuracy: 0.9967, Energy: -1666036.875
Time taken:  13.324760675430298
Test Loss: 0.0000, Test Accuracy: 0.9967, Energy: -1666116.375
Time taken:  13.22002387046814
Test Loss: 0.0000, Test Accuracy: 0.9967, Energy: -1666184.625
Time taken:  13.22513747215271
Test Loss: 0.0000, Test Accuracy: 0.9967, Energy: -1666239.375
Time taken:  13.218798160552979
Test Loss: 0.0000, Test Accuracy: 0.9967, Energy: -1666372.875
Time taken:  13.311408996582031
Test Loss: 0.0000, Test Accuracy: 0.9967, Energy: -1667867.25
Time taken:  13.189987182617188
Test Loss: 0.0000, Test Accuracy: 0.9967, Energy: -1667918.25
Time taken:  13.177634000778198
Test Loss: 0.0000, Test Accuracy: 0.9967, Energy: -1667954.125
Time taken:  13.20361852645874
Test Loss: 0.0000, Test Accuracy: 0.9967, Energy: -1667953.625
Time taken:  13.30274248123169
Test Loss: 0.0000, Test Accuracy: 0.9967, Energy: -1667938.875
Time taken:  13.19058084487915
Test Loss: 0.0000, Test Accuracy: 0.9967, Energy: -1667922.25
Time taken:  13.195099353790283
Test Loss: 0.0000, Test Accuracy: 0.9967, Energy: -1667931.875
Time taken:  13.304937362670898
Test Loss: 0.0000, Test Accuracy: 0.9967, Energy: -1667952.25
Time taken:  13.205116510391235
Test Loss: 0.0000, Test Accuracy: 0.9967, Energy: -1667941.0
Time taken:  13.215704917907715
Test Loss: 0.0000, Test Accuracy: 0.9967, Energy: -1667935.75
Time taken:  13.2149338722229
Test Loss: 0.0000, Test Accuracy: 0.9967, Energy: -1667998.125
Time taken:  13.295767545700073
Test Loss: 0.0000, Test Accuracy: 0.9967, Energy: -1667994.125
Time taken:  13.199956893920898
Test Loss: 0.0000, Test Accuracy: 0.9967, Energy: -1668003.25
Time taken:  13.188291072845459
Test Loss: 0.0000, Test Accuracy: 0.9967, Energy: -1667980.5
Time taken:  13.193819999694824
Test Loss: 0.0000, Test Accuracy: 0.9967, Energy: -1667990.5
Time taken:  13.284465312957764
Test Loss: 0.0000, Test Accuracy: 0.9967, Energy: -1667983.5
Time taken:  13.210007190704346
Test Loss: 0.0000, Test Accuracy: 0.9967, Energy: -1667966.5
Time taken:  13.214858531951904
Test Loss: 0.0000, Test Accuracy: 0.9967, Energy: -1667966.625
Time taken:  13.21564531326294
Test Loss: 0.0000, Test Accuracy: 0.9967, Energy: -1667978.625
Time taken:  13.317933320999146
Test Loss: 0.0000, Test Accuracy: 0.9967, Energy: -1668002.0
Time taken:  13.20179557800293
Test Loss: 0.0000, Test Accuracy: 0.9967, Energy: -1668000.875
Time taken:  13.213027715682983
Test Loss: 0.0000, Test Accuracy: 0.9967, Energy: -1668005.5
Time taken:  13.220090389251709
Test Loss: 0.0000, Test Accuracy: 0.9967, Energy: -1667968.625
Time taken:  13.301364660263062
Test Loss: 0.0000, Test Accuracy: 0.9967, Energy: -1667957.0
Time taken:  13.202542066574097
Test Loss: 0.0000, Test Accuracy: 0.9967, Energy: -1667959.0
Time taken:  13.208701372146606
Test Loss: 0.0000, Test Accuracy: 0.9967, Energy: -1668039.25
Time taken:  13.182875871658325
Test Loss: 0.0000, Test Accuracy: 0.9967, Energy: -1668477.375
Time taken:  13.30525803565979
Test Loss: 0.0000, Test Accuracy: 0.9967, Energy: -1668479.375
Time taken:  13.198861122131348
Test Loss: 0.0000, Test Accuracy: 0.9967, Energy: -1668502.125
Time taken:  13.194194555282593
Test Loss: 0.0000, Test Accuracy: 0.9967, Energy: -1668551.125
Time taken:  13.233805656433105
Test Loss: 0.0000, Test Accuracy: 0.9967, Energy: -1668582.375
Time taken:  13.32049298286438
Test Loss: 0.0000, Test Accuracy: 0.9967, Energy: -1668673.75
Time taken:  13.209413290023804
Test Loss: 0.0000, Test Accuracy: 0.9967, Energy: -1668722.375
Time taken:  13.230176448822021
Test Loss: 0.0000, Test Accuracy: 0.9967, Energy: -1668824.125
Time taken:  13.202450037002563
Test Loss: 0.0000, Test Accuracy: 0.9967, Energy: -1668807.25
Time taken:  13.28097414970398
Test Loss: 0.0000, Test Accuracy: 0.9967, Energy: -1668860.625
Time taken:  13.187442064285278
Test Loss: 0.0000, Test Accuracy: 0.9967, Energy: -1668882.0
Time taken:  13.180711507797241
Test Loss: 0.0000, Test Accuracy: 0.9967, Energy: -1668889.375
Time taken:  13.193076372146606
Test Loss: 0.0000, Test Accuracy: 0.9967, Energy: -1668855.0
Time taken:  13.308231830596924
Test Loss: 0.0000, Test Accuracy: 0.9967, Energy: -1669002.25
Time taken:  13.191792011260986
Test Loss: 0.0000, Test Accuracy: 0.9967, Energy: -1669220.75
Time taken:  13.19381046295166
Test Loss: 0.0000, Test Accuracy: 0.9967, Energy: -1669935.625
Time taken:  13.20631718635559
Test Loss: 0.0000, Test Accuracy: 0.9967, Energy: -1670024.375
Time taken:  13.298181056976318
Test Loss: 0.0000, Test Accuracy: 0.9967, Energy: -1670221.25
Time taken:  13.204392194747925
Test Loss: 0.0000, Test Accuracy: 0.9967, Energy: -1670772.875
Time taken:  13.183466672897339
Test Loss: 0.0000, Test Accuracy: 0.9967, Energy: -1671688.625
Time taken:  13.17434310913086
Test Loss: 0.0000, Test Accuracy: 0.9967, Energy: -1671970.5
Time taken:  13.293538570404053
Test Loss: 0.0000, Test Accuracy: 0.9967, Energy: -1671995.125
Time taken:  13.198230743408203
Test Loss: 0.0000, Test Accuracy: 0.9967, Energy: -1671991.25
Time taken:  13.173734903335571
Test Loss: 0.0000, Test Accuracy: 0.9967, Energy: -1672003.125
Time taken:  13.27423620223999
Test Loss: 0.0000, Test Accuracy: 0.9967, Energy: -1672085.875
Time taken:  13.191918849945068
Test Loss: 0.0000, Test Accuracy: 0.9967, Energy: -1672080.375
Time taken:  13.194335699081421
Test Loss: 0.0000, Test Accuracy: 0.9967, Energy: -1672108.25
Time taken:  13.201629400253296
Test Loss: 0.0000, Test Accuracy: 0.9967, Energy: -1672249.375
Time taken:  13.26066279411316
Test Loss: 0.0000, Test Accuracy: 0.9967, Energy: -1672352.375
Time taken:  13.191958665847778
Test Loss: 0.0000, Test Accuracy: 0.9967, Energy: -1673870.0
Time taken:  13.192959547042847
Test Loss: 0.0000, Test Accuracy: 0.9967, Energy: -1704935.875
Time taken:  13.16375470161438
Test Loss: 0.0000, Test Accuracy: 0.9967, Energy: -1706032.125
Time taken:  13.277719736099243
Test Loss: 0.0000, Test Accuracy: 0.9967, Energy: -1706041.125
Time taken:  13.187312364578247
Test Loss: 0.0000, Test Accuracy: 0.9967, Energy: -1706057.125
Time taken:  13.164981126785278
Test Loss: 0.0000, Test Accuracy: 0.9967, Energy: -1706069.875
Time taken:  13.193751096725464
Test Loss: 0.0000, Test Accuracy: 0.9967, Energy: -1706749.25
Time taken:  13.284812927246094
Test Loss: 0.0000, Test Accuracy: 0.9967, Energy: -1706743.625
Time taken:  13.21076774597168
Test Loss: 0.0000, Test Accuracy: 0.9967, Energy: -1706736.75
Time taken:  13.194658279418945
Test Loss: 0.0000, Test Accuracy: 0.9967, Energy: -1706777.875
Time taken:  13.192227363586426
Test Loss: 0.0000, Test Accuracy: 0.9967, Energy: -1706821.0
Time taken:  13.283016204833984
Test Loss: 0.0000, Test Accuracy: 0.9967, Energy: -1706876.75
Time taken:  13.193580389022827
Test Loss: 0.0000, Test Accuracy: 0.9967, Energy: -1707017.0
Time taken:  13.18056845664978
Test Loss: 0.0000, Test Accuracy: 0.9967, Energy: -1707035.625
Time taken:  13.187364101409912
Test Loss: 0.0000, Test Accuracy: 0.9967, Energy: -1707114.5
Time taken:  13.283316612243652
Test Loss: 0.0000, Test Accuracy: 0.9967, Energy: -1707241.5
Time taken:  13.187550783157349
Test Loss: 0.0000, Test Accuracy: 0.9967, Energy: -1707275.0
Time taken:  13.20024847984314
Test Loss: 0.0000, Test Accuracy: 0.9967, Energy: -1707489.25
Time taken:  13.194600343704224
Test Loss: 0.0000, Test Accuracy: 0.9967, Energy: -1708047.625
Time taken:  13.325192213058472
Test Loss: 0.0000, Test Accuracy: 0.9967, Energy: -1739931.5
Time taken:  13.221948146820068
Test Loss: 0.0000, Test Accuracy: 0.9967, Energy: -1742526.875
Time taken:  13.186629056930542
Test Loss: 0.0000, Test Accuracy: 0.9967, Energy: -1742627.25
Time taken:  13.219262838363647
Test Loss: 0.0000, Test Accuracy: 0.9967, Energy: -1742676.375
Time taken:  13.291447401046753
Test Loss: 0.0000, Test Accuracy: 0.9967, Energy: -1742741.0
Time taken:  13.192769289016724
Test Loss: 0.0000, Test Accuracy: 0.9967, Energy: -1742741.75
Time taken:  13.212545394897461
Test Loss: 0.0000, Test Accuracy: 0.9967, Energy: -1742847.25
Time taken:  13.2081778049469
Test Loss: 0.0000, Test Accuracy: 0.9967, Energy: -1743011.625
Time taken:  13.298374652862549
Test Loss: 0.0000, Test Accuracy: 0.9967, Energy: -1743947.625
Time taken:  13.17421817779541
Test Loss: 0.0000, Test Accuracy: 0.9967, Energy: -1743975.5
Time taken:  13.178127765655518
Final accuracies: [0.9966666666666667, 0.9966666666666667, 0.9966666666666667, 0.9966666666666667, 0.9966666666666667, 0.9966666666666667, 0.9966666666666667, 0.9966666666666667, 0.9966666666666667, 0.9966666666666667, 0.9966666666666667, 0.9966666666666667, 0.9966666666666667, 0.9966666666666667, 0.9966666666666667, 0.9966666666666667, 0.9966666666666667, 0.9966666666666667, 0.9966666666666667, 0.9966666666666667, 0.9966666666666667, 0.9966666666666667, 0.9966666666666667, 0.9966666666666667, 0.9966666666666667, 0.9966666666666667, 0.9966666666666667, 0.9966666666666667, 0.9966666666666667, 0.9966666666666667, 0.9966666666666667, 0.9966666666666667, 0.9966666666666667, 0.9966666666666667, 0.9966666666666667, 0.9966666666666667, 0.9966666666666667, 0.9966666666666667, 0.9966666666666667, 0.9966666666666667, 0.9966666666666667, 0.9966666666666667, 0.9966666666666667, 0.9966666666666667, 0.9966666666666667, 0.9966666666666667, 0.9966666666666667, 0.9966666666666667, 0.9966666666666667, 0.9966666666666667, 0.9966666666666667, 0.9966666666666667, 0.9966666666666667, 0.9966666666666667, 0.9966666666666667, 0.9966666666666667, 0.9966666666666667, 0.9966666666666667, 0.9966666666666667, 0.9966666666666667, 0.9966666666666667, 0.9966666666666667, 0.9966666666666667, 0.9966666666666667, 0.9966666666666667, 0.9966666666666667, 0.9966666666666667, 0.9966666666666667, 0.9966666666666667, 0.9966666666666667, 0.9966666666666667, 0.9966666666666667, 0.9966666666666667, 0.9966666666666667, 0.9966666666666667, 0.9966666666666667, 0.9966666666666667, 0.9966666666666667, 0.9966666666666667, 0.9966666666666667, 0.9966666666666667, 0.9966666666666667, 0.9966666666666667, 0.9966666666666667, 0.9966666666666667, 0.9966666666666667, 0.9966666666666667, 0.9966666666666667, 0.9966666666666667, 0.9966666666666667, 0.9966666666666667, 0.9966666666666667, 0.9966666666666667, 0.9966666666666667, 0.9966666666666667, 0.9966666666666667, 0.9966666666666667, 0.9966666666666667, 0.9966666666666667, 0.9966666666666667]
Final energies: [-1652876.625, -1663015.875, -1663657.75, -1664224.375, -1665661.125, -1665747.625, -1665713.625, -1665864.0, -1665898.625, -1665947.75, -1666012.875, -1666036.875, -1666116.375, -1666184.625, -1666239.375, -1666372.875, -1667867.25, -1667918.25, -1667954.125, -1667953.625, -1667938.875, -1667922.25, -1667931.875, -1667952.25, -1667941.0, -1667935.75, -1667998.125, -1667994.125, -1668003.25, -1667980.5, -1667990.5, -1667983.5, -1667966.5, -1667966.625, -1667978.625, -1668002.0, -1668000.875, -1668005.5, -1667968.625, -1667957.0, -1667959.0, -1668039.25, -1668477.375, -1668479.375, -1668502.125, -1668551.125, -1668582.375, -1668673.75, -1668722.375, -1668824.125, -1668807.25, -1668860.625, -1668882.0, -1668889.375, -1668855.0, -1669002.25, -1669220.75, -1669935.625, -1670024.375, -1670221.25, -1670772.875, -1671688.625, -1671970.5, -1671995.125, -1671991.25, -1672003.125, -1672085.875, -1672080.375, -1672108.25, -1672249.375, -1672352.375, -1673870.0, -1704935.875, -1706032.125, -1706041.125, -1706057.125, -1706069.875, -1706749.25, -1706743.625, -1706736.75, -1706777.875, -1706821.0, -1706876.75, -1707017.0, -1707035.625, -1707114.5, -1707241.5, -1707275.0, -1707489.25, -1708047.625, -1739931.5, -1742526.875, -1742627.25, -1742676.375, -1742741.0, -1742741.75, -1742847.25, -1743011.625, -1743947.625, -1743975.5]
