Running with parameters: hidden=100, use_coupled=true, seed=29, lam=0.1, eta=0.5, batch=1
Test Loss: 0.0000, Test Accuracy: 0.9933, Energy: -3529681.75
Time taken:  12.340731143951416
Test Loss: 0.0000, Test Accuracy: 0.9800, Energy: -2823275.25
Time taken:  11.947724342346191
Test Loss: 0.0000, Test Accuracy: 0.9700, Energy: -2482767.0
Time taken:  11.549505472183228
Test Loss: 0.0000, Test Accuracy: 0.9967, Energy: -2663385.25
Time taken:  12.013481855392456
Test Loss: 0.0000, Test Accuracy: 0.9967, Energy: -2662275.25
Time taken:  12.014574527740479
Test Loss: 0.0000, Test Accuracy: 0.9967, Energy: -2661785.25
Time taken:  11.581237316131592
Test Loss: 0.0000, Test Accuracy: 0.9967, Energy: -2661739.75
Time taken:  11.36462688446045
Test Loss: 0.0000, Test Accuracy: 0.9967, Energy: -2661533.0
Time taken:  11.549001455307007
Test Loss: 0.0000, Test Accuracy: 0.9967, Energy: -2661382.25
Time taken:  11.993617296218872
Test Loss: 0.0000, Test Accuracy: 0.9967, Energy: -2661640.0
Time taken:  11.929938077926636
Test Loss: 0.0000, Test Accuracy: 0.9967, Energy: -2661672.75
Time taken:  11.606359004974365
Test Loss: 0.0000, Test Accuracy: 0.9967, Energy: -2662091.75
Time taken:  12.03934359550476
Test Loss: 0.0000, Test Accuracy: 0.9967, Energy: -2662314.25
Time taken:  11.996517896652222
Test Loss: 0.0000, Test Accuracy: 0.9967, Energy: -2662627.25
Time taken:  11.715160608291626
Test Loss: 0.0000, Test Accuracy: 0.9967, Energy: -2663458.25
Time taken:  11.410651922225952
Test Loss: 0.0000, Test Accuracy: 0.9967, Energy: -2663738.25
Time taken:  11.496335744857788
Test Loss: 0.0000, Test Accuracy: 0.9967, Energy: -2664034.0
Time taken:  11.395318031311035
Test Loss: 0.0000, Test Accuracy: 0.9967, Energy: -2664476.5
Time taken:  11.40001654624939
Test Loss: 0.0000, Test Accuracy: 0.9967, Energy: -2664615.75
Time taken:  11.43645429611206
Test Loss: 0.0000, Test Accuracy: 0.9967, Energy: -2665078.75
Time taken:  11.537558794021606
Test Loss: 0.0000, Test Accuracy: 0.9967, Energy: -2666887.75
Time taken:  11.53283429145813
Test Loss: 0.0000, Test Accuracy: 1.0000, Energy: -2668452.25
Time taken:  11.888745546340942
Test Loss: 0.0000, Test Accuracy: 1.0000, Energy: -2669651.0
Time taken:  12.106314659118652
Test Loss: 0.0000, Test Accuracy: 1.0000, Energy: -2669172.75
Time taken:  11.581696271896362
Test Loss: 0.0000, Test Accuracy: 1.0000, Energy: -2669834.5
Time taken:  11.857536315917969
Test Loss: 0.0000, Test Accuracy: 1.0000, Energy: -2669808.75
Time taken:  11.973416805267334
Test Loss: 0.0000, Test Accuracy: 1.0000, Energy: -2670638.0
Time taken:  11.494847297668457
Test Loss: 0.0000, Test Accuracy: 1.0000, Energy: -2671238.25
Time taken:  11.489775657653809
Test Loss: 0.0000, Test Accuracy: 1.0000, Energy: -2671965.75
Time taken:  11.617867946624756
Test Loss: 0.0000, Test Accuracy: 1.0000, Energy: -2672381.25
Time taken:  11.988993406295776
Test Loss: 0.0000, Test Accuracy: 1.0000, Energy: -2673161.0
Time taken:  11.939579963684082
Test Loss: 0.0000, Test Accuracy: 1.0000, Energy: -2673710.5
Time taken:  11.628539800643921
Test Loss: 0.0000, Test Accuracy: 1.0000, Energy: -2674166.75
Time taken:  11.990738153457642
Test Loss: 0.0000, Test Accuracy: 1.0000, Energy: -2674297.0
Time taken:  11.68876576423645
Test Loss: 0.0000, Test Accuracy: 1.0000, Energy: -2679207.0
Time taken:  11.436135053634644
Test Loss: 0.0000, Test Accuracy: 1.0000, Energy: -2679526.0
Time taken:  11.556041479110718
Test Loss: 0.0000, Test Accuracy: 1.0000, Energy: -2679599.0
Time taken:  11.536505699157715
Test Loss: 0.0000, Test Accuracy: 1.0000, Energy: -2679574.0
Time taken:  11.77000379562378
Test Loss: 0.0000, Test Accuracy: 1.0000, Energy: -2679922.0
Time taken:  12.105761289596558
Test Loss: 0.0000, Test Accuracy: 1.0000, Energy: -2680157.0
Time taken:  11.498334169387817
Test Loss: 0.0000, Test Accuracy: 1.0000, Energy: -2680240.75
Time taken:  11.855367422103882
Test Loss: 0.0000, Test Accuracy: 1.0000, Energy: -2680442.0
Time taken:  11.978178977966309
Test Loss: 0.0000, Test Accuracy: 1.0000, Energy: -2680738.0
Time taken:  11.386220693588257
Test Loss: 0.0000, Test Accuracy: 1.0000, Energy: -2680859.75
Time taken:  11.407009601593018
Test Loss: 0.0000, Test Accuracy: 1.0000, Energy: -2680910.75
Time taken:  11.58426570892334
Test Loss: 0.0000, Test Accuracy: 1.0000, Energy: -2680651.75
Time taken:  11.307590961456299
Test Loss: 0.0000, Test Accuracy: 1.0000, Energy: -2680835.0
Time taken:  11.770769357681274
Test Loss: 0.0000, Test Accuracy: 1.0000, Energy: -2681184.75
Time taken:  12.00341510772705
Test Loss: 0.0000, Test Accuracy: 1.0000, Energy: -2681397.75
Time taken:  11.458665132522583
Test Loss: 0.0000, Test Accuracy: 1.0000, Energy: -2682027.0
Time taken:  11.660621404647827
Test Loss: 0.0000, Test Accuracy: 1.0000, Energy: -2682261.75
Time taken:  12.055696249008179
Test Loss: 0.0000, Test Accuracy: 1.0000, Energy: -2682870.25
Time taken:  11.601131677627563
Test Loss: 0.0000, Test Accuracy: 1.0000, Energy: -2683099.5
Time taken:  11.41375184059143
Test Loss: 0.0000, Test Accuracy: 1.0000, Energy: -2683395.5
Time taken:  11.344513654708862
Test Loss: 0.0000, Test Accuracy: 1.0000, Energy: -2683330.5
Time taken:  12.084166765213013
Test Loss: 0.0000, Test Accuracy: 1.0000, Energy: -2683320.75
Time taken:  11.782538414001465
Test Loss: 0.0000, Test Accuracy: 1.0000, Energy: -2683860.0
Time taken:  11.315981149673462
Test Loss: 0.0000, Test Accuracy: 1.0000, Energy: -2684352.25
Time taken:  11.976346731185913
Test Loss: 0.0000, Test Accuracy: 1.0000, Energy: -2684478.5
Time taken:  11.811593055725098
Test Loss: 0.0000, Test Accuracy: 1.0000, Energy: -2685105.5
Time taken:  11.439798355102539
Test Loss: 0.0000, Test Accuracy: 1.0000, Energy: -2685676.25
Time taken:  11.514835834503174
Test Loss: 0.0000, Test Accuracy: 1.0000, Energy: -2685937.75
Time taken:  11.492846488952637
Test Loss: 0.0000, Test Accuracy: 1.0000, Energy: -2686442.25
Time taken:  11.836334466934204
Test Loss: 0.0000, Test Accuracy: 1.0000, Energy: -2686746.75
Time taken:  11.959991693496704
Test Loss: 0.0000, Test Accuracy: 1.0000, Energy: -2687097.25
Time taken:  11.514841794967651
Test Loss: 0.0000, Test Accuracy: 1.0000, Energy: -2687702.0
Time taken:  11.71324872970581
Test Loss: 0.0000, Test Accuracy: 1.0000, Energy: -2688089.5
Time taken:  11.960760116577148
Test Loss: 0.0000, Test Accuracy: 1.0000, Energy: -2688501.25
Time taken:  11.503188133239746
Test Loss: 0.0000, Test Accuracy: 1.0000, Energy: -2688875.5
Time taken:  11.380683660507202
Test Loss: 0.0000, Test Accuracy: 1.0000, Energy: -2689022.0
Time taken:  11.583846807479858
Test Loss: 0.0000, Test Accuracy: 1.0000, Energy: -2689479.5
Time taken:  11.536875486373901
Test Loss: 0.0000, Test Accuracy: 1.0000, Energy: -2689842.0
Time taken:  11.416078090667725
Test Loss: 0.0000, Test Accuracy: 1.0000, Energy: -2690391.0
Time taken:  11.420408487319946
Test Loss: 0.0000, Test Accuracy: 1.0000, Energy: -2690826.25
Time taken:  12.028321981430054
Test Loss: 0.0000, Test Accuracy: 1.0000, Energy: -2691534.5
Time taken:  11.851607322692871
Test Loss: 0.0000, Test Accuracy: 1.0000, Energy: -2692449.5
Time taken:  11.411574602127075
Test Loss: 0.0000, Test Accuracy: 1.0000, Energy: -2692960.0
Time taken:  11.93204140663147
Test Loss: 0.0000, Test Accuracy: 1.0000, Energy: -2692858.25
Time taken:  11.884966611862183
Test Loss: 0.0000, Test Accuracy: 1.0000, Energy: -2693537.75
Time taken:  11.340133905410767
Test Loss: 0.0000, Test Accuracy: 1.0000, Energy: -2694400.75
Time taken:  11.484471559524536
Test Loss: 0.0000, Test Accuracy: 1.0000, Energy: -2694430.25
Time taken:  11.824755668640137
Test Loss: 0.0000, Test Accuracy: 1.0000, Energy: -2695200.75
Time taken:  12.055355548858643
Test Loss: 0.0000, Test Accuracy: 1.0000, Energy: -2696360.0
Time taken:  11.312878847122192
Test Loss: 0.0000, Test Accuracy: 1.0000, Energy: -2697234.25
Time taken:  11.802044868469238
Test Loss: 0.0000, Test Accuracy: 1.0000, Energy: -2697732.0
Time taken:  11.905934810638428
Test Loss: 0.0000, Test Accuracy: 1.0000, Energy: -2698719.75
Time taken:  11.509172916412354
Test Loss: 0.0000, Test Accuracy: 1.0000, Energy: -2698996.5
Time taken:  11.423045873641968
Test Loss: 0.0000, Test Accuracy: 1.0000, Energy: -2699981.25
Time taken:  11.608245849609375
Test Loss: 0.0000, Test Accuracy: 1.0000, Energy: -2700808.5
Time taken:  11.452184915542603
Test Loss: 0.0000, Test Accuracy: 1.0000, Energy: -2701747.5
Time taken:  12.00751256942749
Test Loss: 0.0000, Test Accuracy: 1.0000, Energy: -2702632.25
Time taken:  11.732038021087646
Test Loss: 0.0000, Test Accuracy: 1.0000, Energy: -2702094.75
Time taken:  11.369075059890747
Test Loss: 0.0000, Test Accuracy: 1.0000, Energy: -2702577.0
Time taken:  11.930385112762451
Test Loss: 0.0000, Test Accuracy: 1.0000, Energy: -2703822.5
Time taken:  11.728849172592163
Test Loss: 0.0000, Test Accuracy: 1.0000, Energy: -2704811.5
Time taken:  11.338560581207275
Test Loss: 0.0000, Test Accuracy: 1.0000, Energy: -2705236.0
Time taken:  11.551491737365723
Test Loss: 0.0000, Test Accuracy: 1.0000, Energy: -2707068.5
Time taken:  11.453873634338379
Test Loss: 0.0000, Test Accuracy: 1.0000, Energy: -2707922.75
Time taken:  11.961647748947144
Test Loss: 0.0000, Test Accuracy: 1.0000, Energy: -2708784.5
Time taken:  11.19376826286316
Test Loss: 0.0000, Test Accuracy: 1.0000, Energy: -2709142.25
Time taken:  10.830349683761597
Final accuracies: [0.9933333333333333, 0.98, 0.97, 0.9966666666666667, 0.9966666666666667, 0.9966666666666667, 0.9966666666666667, 0.9966666666666667, 0.9966666666666667, 0.9966666666666667, 0.9966666666666667, 0.9966666666666667, 0.9966666666666667, 0.9966666666666667, 0.9966666666666667, 0.9966666666666667, 0.9966666666666667, 0.9966666666666667, 0.9966666666666667, 0.9966666666666667, 0.9966666666666667, 1.0, 1.0, 1.0, 1.0, 1.0, 1.0, 1.0, 1.0, 1.0, 1.0, 1.0, 1.0, 1.0, 1.0, 1.0, 1.0, 1.0, 1.0, 1.0, 1.0, 1.0, 1.0, 1.0, 1.0, 1.0, 1.0, 1.0, 1.0, 1.0, 1.0, 1.0, 1.0, 1.0, 1.0, 1.0, 1.0, 1.0, 1.0, 1.0, 1.0, 1.0, 1.0, 1.0, 1.0, 1.0, 1.0, 1.0, 1.0, 1.0, 1.0, 1.0, 1.0, 1.0, 1.0, 1.0, 1.0, 1.0, 1.0, 1.0, 1.0, 1.0, 1.0, 1.0, 1.0, 1.0, 1.0, 1.0, 1.0, 1.0, 1.0, 1.0, 1.0, 1.0, 1.0, 1.0, 1.0, 1.0, 1.0, 1.0]
Final energies: [-3529681.75, -2823275.25, -2482767.0, -2663385.25, -2662275.25, -2661785.25, -2661739.75, -2661533.0, -2661382.25, -2661640.0, -2661672.75, -2662091.75, -2662314.25, -2662627.25, -2663458.25, -2663738.25, -2664034.0, -2664476.5, -2664615.75, -2665078.75, -2666887.75, -2668452.25, -2669651.0, -2669172.75, -2669834.5, -2669808.75, -2670638.0, -2671238.25, -2671965.75, -2672381.25, -2673161.0, -2673710.5, -2674166.75, -2674297.0, -2679207.0, -2679526.0, -2679599.0, -2679574.0, -2679922.0, -2680157.0, -2680240.75, -2680442.0, -2680738.0, -2680859.75, -2680910.75, -2680651.75, -2680835.0, -2681184.75, -2681397.75, -2682027.0, -2682261.75, -2682870.25, -2683099.5, -2683395.5, -2683330.5, -2683320.75, -2683860.0, -2684352.25, -2684478.5, -2685105.5, -2685676.25, -2685937.75, -2686442.25, -2686746.75, -2687097.25, -2687702.0, -2688089.5, -2688501.25, -2688875.5, -2689022.0, -2689479.5, -2689842.0, -2690391.0, -2690826.25, -2691534.5, -2692449.5, -2692960.0, -2692858.25, -2693537.75, -2694400.75, -2694430.25, -2695200.75, -2696360.0, -2697234.25, -2697732.0, -2698719.75, -2698996.5, -2699981.25, -2700808.5, -2701747.5, -2702632.25, -2702094.75, -2702577.0, -2703822.5, -2704811.5, -2705236.0, -2707068.5, -2707922.75, -2708784.5, -2709142.25]
