Running with parameters: hidden=100, use_coupled=true, seed=61, lam=0.1, eta=0.5, batch=1
Test Loss: 0.0000, Test Accuracy: 0.9967, Energy: -2798608.0
Time taken:  16.882026433944702
Test Loss: 0.0000, Test Accuracy: 0.9967, Energy: -2864935.25
Time taken:  16.463898181915283
Test Loss: 0.0000, Test Accuracy: 0.9967, Energy: -2896836.0
Time taken:  16.454137802124023
Test Loss: 0.0000, Test Accuracy: 0.9967, Energy: -2914728.5
Time taken:  16.552608251571655
Test Loss: 0.0000, Test Accuracy: 0.9967, Energy: -2931080.25
Time taken:  16.518378496170044
Test Loss: 0.0000, Test Accuracy: 0.9967, Energy: -2952432.5
Time taken:  16.475245475769043
Test Loss: 0.0000, Test Accuracy: 0.9967, Energy: -2974815.0
Time taken:  16.453686237335205
Test Loss: 0.0000, Test Accuracy: 0.9967, Energy: -2993050.25
Time taken:  16.562367916107178
Test Loss: 0.0000, Test Accuracy: 0.9967, Energy: -3008827.0
Time taken:  16.473931789398193
Test Loss: 0.0000, Test Accuracy: 0.9967, Energy: -3026444.0
Time taken:  16.47557759284973
Test Loss: 0.0000, Test Accuracy: 0.9967, Energy: -3039550.75
Time taken:  16.467271327972412
Test Loss: 0.0000, Test Accuracy: 0.9967, Energy: -3049953.25
Time taken:  16.567442178726196
Test Loss: 0.0000, Test Accuracy: 0.9967, Energy: -3062952.0
Time taken:  16.458070516586304
Test Loss: 0.0000, Test Accuracy: 0.9967, Energy: -3070907.25
Time taken:  16.437277793884277
Test Loss: 0.0000, Test Accuracy: 0.9967, Energy: -3079807.0
Time taken:  16.471407413482666
Test Loss: 0.0000, Test Accuracy: 0.9967, Energy: -3087106.75
Time taken:  16.5551540851593
Test Loss: 0.0000, Test Accuracy: 0.9967, Energy: -3094528.25
Time taken:  16.456090211868286
Test Loss: 0.0000, Test Accuracy: 0.9967, Energy: -3102864.0
Time taken:  16.428669929504395
Test Loss: 0.0000, Test Accuracy: 0.9967, Energy: -3111787.25
Time taken:  16.43982481956482
Test Loss: 0.0000, Test Accuracy: 0.9967, Energy: -3121374.25
Time taken:  16.566030979156494
Test Loss: 0.0000, Test Accuracy: 0.9967, Energy: -3139472.0
Time taken:  16.445501804351807
Test Loss: 0.0000, Test Accuracy: 0.9967, Energy: -3150650.25
Time taken:  16.445846557617188
Test Loss: 0.0000, Test Accuracy: 0.9967, Energy: -3157769.0
Time taken:  16.548820972442627
Test Loss: 0.0000, Test Accuracy: 0.9967, Energy: -3164828.25
Time taken:  16.465741395950317
Test Loss: 0.0000, Test Accuracy: 0.9967, Energy: -3171895.0
Time taken:  16.446155786514282
Test Loss: 0.0000, Test Accuracy: 0.9967, Energy: -3178485.0
Time taken:  16.45498299598694
Test Loss: 0.0000, Test Accuracy: 0.9967, Energy: -3184728.25
Time taken:  16.559728384017944
Test Loss: 0.0000, Test Accuracy: 0.9967, Energy: -3193602.25
Time taken:  16.46626353263855
Test Loss: 0.0000, Test Accuracy: 0.9967, Energy: -3199607.25
Time taken:  16.46186661720276
Test Loss: 0.0000, Test Accuracy: 1.0000, Energy: -3205177.75
Time taken:  16.457098960876465
Test Loss: 0.0000, Test Accuracy: 1.0000, Energy: -3211324.75
Time taken:  16.507975816726685
Test Loss: 0.0000, Test Accuracy: 0.9967, Energy: -3216207.0
Time taken:  16.455493450164795
Test Loss: 0.0000, Test Accuracy: 0.9967, Energy: -3220934.0
Time taken:  16.468443393707275
Test Loss: 0.0000, Test Accuracy: 1.0000, Energy: -3226548.75
Time taken:  16.480902194976807
Test Loss: 0.0000, Test Accuracy: 0.9967, Energy: -3230856.75
Time taken:  16.54018497467041
Test Loss: 0.0000, Test Accuracy: 0.9967, Energy: -3236105.25
Time taken:  16.47484850883484
Test Loss: 0.0000, Test Accuracy: 0.9967, Energy: -3240801.5
Time taken:  16.47005844116211
Test Loss: 0.0000, Test Accuracy: 0.9967, Energy: -3245086.25
Time taken:  16.447595596313477
Test Loss: 0.0000, Test Accuracy: 0.9967, Energy: -3249978.5
Time taken:  16.52176833152771
Test Loss: 0.0000, Test Accuracy: 0.9967, Energy: -3253844.75
Time taken:  16.48296356201172
Test Loss: 0.0000, Test Accuracy: 0.9967, Energy: -3258820.75
Time taken:  16.48664164543152
Test Loss: 0.0000, Test Accuracy: 0.9967, Energy: -3263975.5
Time taken:  16.461026906967163
Test Loss: 0.0000, Test Accuracy: 0.9967, Energy: -3268395.75
Time taken:  16.546849012374878
Test Loss: 0.0000, Test Accuracy: 1.0000, Energy: -3273073.75
Time taken:  16.48269271850586
Test Loss: 0.0000, Test Accuracy: 1.0000, Energy: -3277514.5
Time taken:  16.467478275299072
Test Loss: 0.0000, Test Accuracy: 1.0000, Energy: -3282375.25
Time taken:  16.446061611175537
Test Loss: 0.0000, Test Accuracy: 1.0000, Energy: -3287600.0
Time taken:  16.53633213043213
Test Loss: 0.0000, Test Accuracy: 1.0000, Energy: -3292126.5
Time taken:  16.45841646194458
Test Loss: 0.0000, Test Accuracy: 1.0000, Energy: -3300703.25
Time taken:  16.476154565811157
Test Loss: 0.0000, Test Accuracy: 1.0000, Energy: -3307401.25
Time taken:  16.433449029922485
Test Loss: 0.0000, Test Accuracy: 1.0000, Energy: -3311418.75
Time taken:  16.529476404190063
Test Loss: 0.0000, Test Accuracy: 1.0000, Energy: -3315681.25
Time taken:  16.464566946029663
Test Loss: 0.0000, Test Accuracy: 1.0000, Energy: -3319435.25
Time taken:  16.446319818496704
Test Loss: 0.0000, Test Accuracy: 1.0000, Energy: -3323128.75
Time taken:  16.41447424888611
Test Loss: 0.0000, Test Accuracy: 1.0000, Energy: -3327152.25
Time taken:  16.507992267608643
Test Loss: 0.0000, Test Accuracy: 1.0000, Energy: -3331169.25
Time taken:  16.469507217407227
Test Loss: 0.0000, Test Accuracy: 1.0000, Energy: -3334847.0
Time taken:  16.445959091186523
Test Loss: 0.0000, Test Accuracy: 1.0000, Energy: -3338678.75
Time taken:  16.425578832626343
Test Loss: 0.0000, Test Accuracy: 1.0000, Energy: -3342799.25
Time taken:  16.539487600326538
Test Loss: 0.0000, Test Accuracy: 1.0000, Energy: -3347025.25
Time taken:  16.448150396347046
Test Loss: 0.0000, Test Accuracy: 1.0000, Energy: -3350266.75
Time taken:  16.444674968719482
Test Loss: 0.0000, Test Accuracy: 1.0000, Energy: -3354735.0
Time taken:  16.400108337402344
Test Loss: 0.0000, Test Accuracy: 1.0000, Energy: -3358539.25
Time taken:  16.55150055885315
Test Loss: 0.0000, Test Accuracy: 1.0000, Energy: -3361764.5
Time taken:  16.462280988693237
Test Loss: 0.0000, Test Accuracy: 1.0000, Energy: -3366035.25
Time taken:  16.42436933517456
Test Loss: 0.0000, Test Accuracy: 1.0000, Energy: -3369285.25
Time taken:  16.53624939918518
Test Loss: 0.0000, Test Accuracy: 1.0000, Energy: -3374032.0
Time taken:  16.463342428207397
Test Loss: 0.0000, Test Accuracy: 1.0000, Energy: -3378717.25
Time taken:  16.491283655166626
Test Loss: 0.0000, Test Accuracy: 1.0000, Energy: -3382918.75
Time taken:  16.44672727584839
Test Loss: 0.0000, Test Accuracy: 1.0000, Energy: -3386616.25
Time taken:  16.539391040802002
Test Loss: 0.0000, Test Accuracy: 1.0000, Energy: -3391026.25
Time taken:  16.45117688179016
Test Loss: 0.0000, Test Accuracy: 1.0000, Energy: -3394325.25
Time taken:  16.46030592918396
Test Loss: 0.0000, Test Accuracy: 1.0000, Energy: -3398017.75
Time taken:  16.482205867767334
Test Loss: 0.0000, Test Accuracy: 1.0000, Energy: -3401886.0
Time taken:  16.57864236831665
Test Loss: 0.0000, Test Accuracy: 1.0000, Energy: -3405685.75
Time taken:  16.42896270751953
Test Loss: 0.0000, Test Accuracy: 1.0000, Energy: -3409614.25
Time taken:  16.478400945663452
Test Loss: 0.0000, Test Accuracy: 1.0000, Energy: -3414022.75
Time taken:  16.452913761138916
Test Loss: 0.0000, Test Accuracy: 1.0000, Energy: -3418992.0
Time taken:  16.53482174873352
Test Loss: 0.0000, Test Accuracy: 1.0000, Energy: -3428307.5
Time taken:  16.45198655128479
Test Loss: 0.0000, Test Accuracy: 1.0000, Energy: -3431598.5
Time taken:  16.454538106918335
Test Loss: 0.0000, Test Accuracy: 1.0000, Energy: -3434275.5
Time taken:  16.442896366119385
Test Loss: 0.0000, Test Accuracy: 1.0000, Energy: -3438460.5
Time taken:  16.52881121635437
Test Loss: 0.0000, Test Accuracy: 1.0000, Energy: -3441767.0
Time taken:  16.461312532424927
Test Loss: 0.0000, Test Accuracy: 1.0000, Energy: -3445403.25
Time taken:  16.462055921554565
Test Loss: 0.0000, Test Accuracy: 1.0000, Energy: -3448332.25
Time taken:  16.47028875350952
Test Loss: 0.0000, Test Accuracy: 1.0000, Energy: -3451884.75
Time taken:  16.52155900001526
Test Loss: 0.0000, Test Accuracy: 1.0000, Energy: -3455112.5
Time taken:  16.44667625427246
Test Loss: 0.0000, Test Accuracy: 1.0000, Energy: -3458458.75
Time taken:  16.44797110557556
Test Loss: 0.0000, Test Accuracy: 1.0000, Energy: -3461361.25
Time taken:  16.45239496231079
Test Loss: 0.0000, Test Accuracy: 1.0000, Energy: -3463697.0
Time taken:  16.522512197494507
Test Loss: 0.0000, Test Accuracy: 1.0000, Energy: -3466966.5
Time taken:  16.46274185180664
Test Loss: 0.0000, Test Accuracy: 1.0000, Energy: -3469129.75
Time taken:  16.449130296707153
Test Loss: 0.0000, Test Accuracy: 1.0000, Energy: -3471967.5
Time taken:  16.453157663345337
Test Loss: 0.0000, Test Accuracy: 1.0000, Energy: -3474508.5
Time taken:  16.536189079284668
Test Loss: 0.0000, Test Accuracy: 1.0000, Energy: -3477128.0
Time taken:  16.473584413528442
Test Loss: 0.0000, Test Accuracy: 1.0000, Energy: -3479698.75
Time taken:  16.465840101242065
Test Loss: 0.0000, Test Accuracy: 1.0000, Energy: -3482320.0
Time taken:  16.45419454574585
Test Loss: 0.0000, Test Accuracy: 1.0000, Energy: -3484844.0
Time taken:  16.538039207458496
Test Loss: 0.0000, Test Accuracy: 1.0000, Energy: -3487202.75
Time taken:  16.44526505470276
Test Loss: 0.0000, Test Accuracy: 1.0000, Energy: -3489713.75
Time taken:  16.45952010154724
Final accuracies: [0.9966666666666667, 0.9966666666666667, 0.9966666666666667, 0.9966666666666667, 0.9966666666666667, 0.9966666666666667, 0.9966666666666667, 0.9966666666666667, 0.9966666666666667, 0.9966666666666667, 0.9966666666666667, 0.9966666666666667, 0.9966666666666667, 0.9966666666666667, 0.9966666666666667, 0.9966666666666667, 0.9966666666666667, 0.9966666666666667, 0.9966666666666667, 0.9966666666666667, 0.9966666666666667, 0.9966666666666667, 0.9966666666666667, 0.9966666666666667, 0.9966666666666667, 0.9966666666666667, 0.9966666666666667, 0.9966666666666667, 0.9966666666666667, 1.0, 1.0, 0.9966666666666667, 0.9966666666666667, 1.0, 0.9966666666666667, 0.9966666666666667, 0.9966666666666667, 0.9966666666666667, 0.9966666666666667, 0.9966666666666667, 0.9966666666666667, 0.9966666666666667, 0.9966666666666667, 1.0, 1.0, 1.0, 1.0, 1.0, 1.0, 1.0, 1.0, 1.0, 1.0, 1.0, 1.0, 1.0, 1.0, 1.0, 1.0, 1.0, 1.0, 1.0, 1.0, 1.0, 1.0, 1.0, 1.0, 1.0, 1.0, 1.0, 1.0, 1.0, 1.0, 1.0, 1.0, 1.0, 1.0, 1.0, 1.0, 1.0, 1.0, 1.0, 1.0, 1.0, 1.0, 1.0, 1.0, 1.0, 1.0, 1.0, 1.0, 1.0, 1.0, 1.0, 1.0, 1.0, 1.0, 1.0, 1.0, 1.0]
Final energies: [-2798608.0, -2864935.25, -2896836.0, -2914728.5, -2931080.25, -2952432.5, -2974815.0, -2993050.25, -3008827.0, -3026444.0, -3039550.75, -3049953.25, -3062952.0, -3070907.25, -3079807.0, -3087106.75, -3094528.25, -3102864.0, -3111787.25, -3121374.25, -3139472.0, -3150650.25, -3157769.0, -3164828.25, -3171895.0, -3178485.0, -3184728.25, -3193602.25, -3199607.25, -3205177.75, -3211324.75, -3216207.0, -3220934.0, -3226548.75, -3230856.75, -3236105.25, -3240801.5, -3245086.25, -3249978.5, -3253844.75, -3258820.75, -3263975.5, -3268395.75, -3273073.75, -3277514.5, -3282375.25, -3287600.0, -3292126.5, -3300703.25, -3307401.25, -3311418.75, -3315681.25, -3319435.25, -3323128.75, -3327152.25, -3331169.25, -3334847.0, -3338678.75, -3342799.25, -3347025.25, -3350266.75, -3354735.0, -3358539.25, -3361764.5, -3366035.25, -3369285.25, -3374032.0, -3378717.25, -3382918.75, -3386616.25, -3391026.25, -3394325.25, -3398017.75, -3401886.0, -3405685.75, -3409614.25, -3414022.75, -3418992.0, -3428307.5, -3431598.5, -3434275.5, -3438460.5, -3441767.0, -3445403.25, -3448332.25, -3451884.75, -3455112.5, -3458458.75, -3461361.25, -3463697.0, -3466966.5, -3469129.75, -3471967.5, -3474508.5, -3477128.0, -3479698.75, -3482320.0, -3484844.0, -3487202.75, -3489713.75]
