Running with parameters: hidden=100, use_coupled=true, seed=11, lam=0.1, eta=1.0, batch=50
Test Loss: 0.0000, Test Accuracy: 1.0000, Energy: -56857.9609375
Time taken:  2.1621875762939453
Test Loss: 0.0000, Test Accuracy: 0.9967, Energy: -769080.5
Time taken:  2.1875317096710205
Test Loss: 0.0000, Test Accuracy: 0.9967, Energy: -1329455.375
Time taken:  2.30519962310791
Test Loss: 0.0000, Test Accuracy: 0.9967, Energy: -1747644.75
Time taken:  2.2683351039886475
Test Loss: 0.0000, Test Accuracy: 0.9967, Energy: -2073485.75
Time taken:  2.289252281188965
Test Loss: 0.0000, Test Accuracy: 0.9967, Energy: -2335839.25
Time taken:  2.296203374862671
Test Loss: 0.0000, Test Accuracy: 0.9967, Energy: -2536923.0
Time taken:  2.1702897548675537
Test Loss: 0.0000, Test Accuracy: 0.9967, Energy: -2703557.0
Time taken:  2.1832773685455322
Test Loss: 0.0000, Test Accuracy: 0.9967, Energy: -2842723.75
Time taken:  2.1345622539520264
Test Loss: 0.0000, Test Accuracy: 0.9967, Energy: -2958856.75
Time taken:  2.116938352584839
Test Loss: 0.0000, Test Accuracy: 0.9967, Energy: -3054723.5
Time taken:  2.158085823059082
Test Loss: 0.0000, Test Accuracy: 0.9967, Energy: -3132121.5
Time taken:  2.139861583709717
Test Loss: 0.0000, Test Accuracy: 0.9967, Energy: -3196895.75
Time taken:  2.2303619384765625
Test Loss: 0.0000, Test Accuracy: 0.9967, Energy: -3250176.25
Time taken:  2.1634061336517334
Test Loss: 0.0000, Test Accuracy: 0.9967, Energy: -3293827.0
Time taken:  2.191239356994629
Test Loss: 0.0000, Test Accuracy: 0.9967, Energy: -3329831.0
Time taken:  2.1903624534606934
Test Loss: 0.0000, Test Accuracy: 0.9967, Energy: -3359609.5
Time taken:  2.1287384033203125
Test Loss: 0.0000, Test Accuracy: 0.9967, Energy: -3383627.5
Time taken:  2.1766393184661865
Test Loss: 0.0000, Test Accuracy: 0.9967, Energy: -3403478.5
Time taken:  2.19680118560791
Test Loss: 0.0000, Test Accuracy: 0.9967, Energy: -3420931.25
Time taken:  2.162405252456665
Test Loss: 0.0000, Test Accuracy: 0.9967, Energy: -3435462.0
Time taken:  2.120396137237549
Test Loss: 0.0000, Test Accuracy: 0.9967, Energy: -3446978.5
Time taken:  2.1116867065429688
Test Loss: 0.0000, Test Accuracy: 0.9967, Energy: -3456133.0
Time taken:  2.1250765323638916
Test Loss: 0.0000, Test Accuracy: 0.9967, Energy: -3463928.75
Time taken:  2.114436149597168
Test Loss: 0.0000, Test Accuracy: 0.9967, Energy: -3470533.0
Time taken:  2.096506118774414
Test Loss: 0.0000, Test Accuracy: 0.9933, Energy: -3469585.25
Time taken:  2.1795547008514404
Test Loss: 0.0000, Test Accuracy: 0.9933, Energy: -3473989.0
Time taken:  2.1837308406829834
Test Loss: 0.0000, Test Accuracy: 0.9933, Energy: -3477212.75
Time taken:  2.2056422233581543
Test Loss: 0.0000, Test Accuracy: 0.9933, Energy: -3479850.75
Time taken:  2.159952402114868
Test Loss: 0.0000, Test Accuracy: 0.9967, Energy: -3488319.75
Time taken:  2.174288034439087
Test Loss: 0.0000, Test Accuracy: 0.9933, Energy: -3484867.0
Time taken:  2.144897699356079
Test Loss: 0.0000, Test Accuracy: 0.9933, Energy: -3486357.5
Time taken:  2.0968544483184814
Test Loss: 0.0000, Test Accuracy: 0.9967, Energy: -3493464.0
Time taken:  2.1066982746124268
Test Loss: 0.0000, Test Accuracy: 0.9967, Energy: -3494686.5
Time taken:  2.1554198265075684
Test Loss: 0.0000, Test Accuracy: 0.9933, Energy: -3489719.0
Time taken:  2.200509548187256
Test Loss: 0.0000, Test Accuracy: 0.9933, Energy: -3490479.5
Time taken:  2.144273042678833
Test Loss: 0.0000, Test Accuracy: 0.9933, Energy: -3490955.75
Time taken:  2.143610715866089
Test Loss: 0.0000, Test Accuracy: 0.9933, Energy: -3491540.0
Time taken:  2.1585681438446045
Test Loss: 0.0000, Test Accuracy: 0.9933, Energy: -3491804.25
Time taken:  2.134380340576172
Test Loss: 0.0000, Test Accuracy: 0.9933, Energy: -3491806.25
Time taken:  2.1174681186676025
Test Loss: 0.0000, Test Accuracy: 0.9933, Energy: -3492069.75
Time taken:  2.1624796390533447
Test Loss: 0.0000, Test Accuracy: 0.9933, Energy: -3492278.25
Time taken:  2.1383283138275146
Test Loss: 0.0000, Test Accuracy: 0.9933, Energy: -3492461.25
Time taken:  2.1575798988342285
Test Loss: 0.0000, Test Accuracy: 0.9933, Energy: -3492536.5
Time taken:  2.1676061153411865
Test Loss: 0.0000, Test Accuracy: 0.9933, Energy: -3492674.5
Time taken:  2.1885757446289062
Test Loss: 0.0000, Test Accuracy: 0.9933, Energy: -3492773.5
Time taken:  2.1772103309631348
Test Loss: 0.0000, Test Accuracy: 0.9933, Energy: -3492870.75
Time taken:  2.119832754135132
Test Loss: 0.0000, Test Accuracy: 0.9933, Energy: -3492983.25
Time taken:  2.1236155033111572
Test Loss: 0.0000, Test Accuracy: 0.9933, Energy: -3493039.5
Time taken:  2.1517536640167236
Test Loss: 0.0000, Test Accuracy: 0.9933, Energy: -3493090.25
Time taken:  2.1364381313323975
Test Loss: 0.0000, Test Accuracy: 0.9933, Energy: -3493127.5
Time taken:  2.1567587852478027
Test Loss: 0.0000, Test Accuracy: 0.9933, Energy: -3493146.0
Time taken:  2.144827127456665
Test Loss: 0.0000, Test Accuracy: 0.9933, Energy: -3492796.0
Time taken:  2.163769006729126
Test Loss: 0.0000, Test Accuracy: 0.9933, Energy: -3492809.25
Time taken:  2.138397693634033
Test Loss: 0.0000, Test Accuracy: 0.9933, Energy: -3492798.0
Time taken:  2.126533269882202
Test Loss: 0.0000, Test Accuracy: 0.9933, Energy: -3492803.0
Time taken:  2.1297571659088135
Test Loss: 0.0000, Test Accuracy: 0.9933, Energy: -3492814.0
Time taken:  2.149721145629883
Test Loss: 0.0000, Test Accuracy: 0.9933, Energy: -3492823.5
Time taken:  2.144106864929199
Test Loss: 0.0000, Test Accuracy: 0.9933, Energy: -3492831.0
Time taken:  2.146888256072998
Test Loss: 0.0000, Test Accuracy: 0.9933, Energy: -3492838.5
Time taken:  2.150036096572876
Test Loss: 0.0000, Test Accuracy: 0.9933, Energy: -3492844.0
Time taken:  2.165720224380493
Test Loss: 0.0000, Test Accuracy: 0.9933, Energy: -3492820.75
Time taken:  2.1618967056274414
Test Loss: 0.0000, Test Accuracy: 0.9933, Energy: -3492816.75
Time taken:  2.1364500522613525
Test Loss: 0.0000, Test Accuracy: 0.9933, Energy: -3492819.25
Time taken:  2.1023871898651123
Test Loss: 0.0000, Test Accuracy: 0.9933, Energy: -3492822.0
Time taken:  2.1901943683624268
Test Loss: 0.0000, Test Accuracy: 0.9933, Energy: -3492816.0
Time taken:  2.1461291313171387
Test Loss: 0.0000, Test Accuracy: 0.9933, Energy: -3492817.25
Time taken:  2.178602695465088
Test Loss: 0.0000, Test Accuracy: 0.9933, Energy: -3492818.75
Time taken:  2.1965599060058594
Test Loss: 0.0000, Test Accuracy: 0.9933, Energy: -3492819.25
Time taken:  2.1308205127716064
Test Loss: 0.0000, Test Accuracy: 0.9933, Energy: -3492795.75
Time taken:  2.1475329399108887
Test Loss: 0.0000, Test Accuracy: 0.9933, Energy: -3492788.0
Time taken:  2.1378824710845947
Test Loss: 0.0000, Test Accuracy: 0.9933, Energy: -3492788.5
Time taken:  2.124657154083252
Test Loss: 0.0000, Test Accuracy: 0.9933, Energy: -3492779.5
Time taken:  2.1378250122070312
Test Loss: 0.0000, Test Accuracy: 0.9933, Energy: -3492770.25
Time taken:  2.1511497497558594
Test Loss: 0.0000, Test Accuracy: 0.9933, Energy: -3492770.5
Time taken:  2.1995253562927246
Test Loss: 0.0000, Test Accuracy: 0.9933, Energy: -3492764.5
Time taken:  2.115396499633789
Test Loss: 0.0000, Test Accuracy: 0.9933, Energy: -3492764.5
Time taken:  2.1563150882720947
Test Loss: 0.0000, Test Accuracy: 0.9933, Energy: -3492757.5
Time taken:  2.181074619293213
Test Loss: 0.0000, Test Accuracy: 0.9933, Energy: -3492757.5
Time taken:  2.1384105682373047
Test Loss: 0.0000, Test Accuracy: 0.9933, Energy: -3492748.5
Time taken:  2.167395830154419
Test Loss: 0.0000, Test Accuracy: 0.9933, Energy: -3492748.5
Time taken:  2.182349681854248
Test Loss: 0.0000, Test Accuracy: 0.9933, Energy: -3492729.0
Time taken:  2.1713221073150635
Test Loss: 0.0000, Test Accuracy: 0.9933, Energy: -3492660.5
Time taken:  2.165074110031128
Test Loss: 0.0000, Test Accuracy: 0.9933, Energy: -3492644.0
Time taken:  2.173245906829834
Test Loss: 0.0000, Test Accuracy: 0.9933, Energy: -3492644.0
Time taken:  2.153127670288086
Test Loss: 0.0000, Test Accuracy: 0.9933, Energy: -3492644.0
Time taken:  2.165524959564209
Test Loss: 0.0000, Test Accuracy: 0.9933, Energy: -3492644.0
Time taken:  2.1205317974090576
Test Loss: 0.0000, Test Accuracy: 0.9933, Energy: -3492637.5
Time taken:  2.1563544273376465
Test Loss: 0.0000, Test Accuracy: 0.9933, Energy: -3492629.5
Time taken:  2.1484861373901367
Test Loss: 0.0000, Test Accuracy: 0.9933, Energy: -3492629.5
Time taken:  2.138190269470215
Test Loss: 0.0000, Test Accuracy: 0.9933, Energy: -3492618.25
Time taken:  2.153895616531372
Test Loss: 0.0000, Test Accuracy: 0.9933, Energy: -3492625.0
Time taken:  2.15842342376709
Test Loss: 0.0000, Test Accuracy: 0.9933, Energy: -3492625.0
Time taken:  2.1301920413970947
Test Loss: 0.0000, Test Accuracy: 0.9933, Energy: -3492616.5
Time taken:  2.1214311122894287
Test Loss: 0.0000, Test Accuracy: 0.9933, Energy: -3492616.5
Time taken:  2.174440860748291
Test Loss: 0.0000, Test Accuracy: 0.9933, Energy: -3492616.5
Time taken:  2.150416851043701
Test Loss: 0.0000, Test Accuracy: 0.9933, Energy: -3492616.5
Time taken:  2.1570045948028564
Test Loss: 0.0000, Test Accuracy: 0.9933, Energy: -3492616.5
Time taken:  2.0314338207244873
Test Loss: 0.0000, Test Accuracy: 0.9933, Energy: -3492616.5
Time taken:  1.7756657600402832
Test Loss: 0.0000, Test Accuracy: 0.9933, Energy: -3492616.5
Time taken:  1.4784553050994873
Final accuracies: [1.0, 0.9966666666666667, 0.9966666666666667, 0.9966666666666667, 0.9966666666666667, 0.9966666666666667, 0.9966666666666667, 0.9966666666666667, 0.9966666666666667, 0.9966666666666667, 0.9966666666666667, 0.9966666666666667, 0.9966666666666667, 0.9966666666666667, 0.9966666666666667, 0.9966666666666667, 0.9966666666666667, 0.9966666666666667, 0.9966666666666667, 0.9966666666666667, 0.9966666666666667, 0.9966666666666667, 0.9966666666666667, 0.9966666666666667, 0.9966666666666667, 0.9933333333333333, 0.9933333333333333, 0.9933333333333333, 0.9933333333333333, 0.9966666666666667, 0.9933333333333333, 0.9933333333333333, 0.9966666666666667, 0.9966666666666667, 0.9933333333333333, 0.9933333333333333, 0.9933333333333333, 0.9933333333333333, 0.9933333333333333, 0.9933333333333333, 0.9933333333333333, 0.9933333333333333, 0.9933333333333333, 0.9933333333333333, 0.9933333333333333, 0.9933333333333333, 0.9933333333333333, 0.9933333333333333, 0.9933333333333333, 0.9933333333333333, 0.9933333333333333, 0.9933333333333333, 0.9933333333333333, 0.9933333333333333, 0.9933333333333333, 0.9933333333333333, 0.9933333333333333, 0.9933333333333333, 0.9933333333333333, 0.9933333333333333, 0.9933333333333333, 0.9933333333333333, 0.9933333333333333, 0.9933333333333333, 0.9933333333333333, 0.9933333333333333, 0.9933333333333333, 0.9933333333333333, 0.9933333333333333, 0.9933333333333333, 0.9933333333333333, 0.9933333333333333, 0.9933333333333333, 0.9933333333333333, 0.9933333333333333, 0.9933333333333333, 0.9933333333333333, 0.9933333333333333, 0.9933333333333333, 0.9933333333333333, 0.9933333333333333, 0.9933333333333333, 0.9933333333333333, 0.9933333333333333, 0.9933333333333333, 0.9933333333333333, 0.9933333333333333, 0.9933333333333333, 0.9933333333333333, 0.9933333333333333, 0.9933333333333333, 0.9933333333333333, 0.9933333333333333, 0.9933333333333333, 0.9933333333333333, 0.9933333333333333, 0.9933333333333333, 0.9933333333333333, 0.9933333333333333, 0.9933333333333333]
Final energies: [-56857.9609375, -769080.5, -1329455.375, -1747644.75, -2073485.75, -2335839.25, -2536923.0, -2703557.0, -2842723.75, -2958856.75, -3054723.5, -3132121.5, -3196895.75, -3250176.25, -3293827.0, -3329831.0, -3359609.5, -3383627.5, -3403478.5, -3420931.25, -3435462.0, -3446978.5, -3456133.0, -3463928.75, -3470533.0, -3469585.25, -3473989.0, -3477212.75, -3479850.75, -3488319.75, -3484867.0, -3486357.5, -3493464.0, -3494686.5, -3489719.0, -3490479.5, -3490955.75, -3491540.0, -3491804.25, -3491806.25, -3492069.75, -3492278.25, -3492461.25, -3492536.5, -3492674.5, -3492773.5, -3492870.75, -3492983.25, -3493039.5, -3493090.25, -3493127.5, -3493146.0, -3492796.0, -3492809.25, -3492798.0, -3492803.0, -3492814.0, -3492823.5, -3492831.0, -3492838.5, -3492844.0, -3492820.75, -3492816.75, -3492819.25, -3492822.0, -3492816.0, -3492817.25, -3492818.75, -3492819.25, -3492795.75, -3492788.0, -3492788.5, -3492779.5, -3492770.25, -3492770.5, -3492764.5, -3492764.5, -3492757.5, -3492757.5, -3492748.5, -3492748.5, -3492729.0, -3492660.5, -3492644.0, -3492644.0, -3492644.0, -3492644.0, -3492637.5, -3492629.5, -3492629.5, -3492618.25, -3492625.0, -3492625.0, -3492616.5, -3492616.5, -3492616.5, -3492616.5, -3492616.5, -3492616.5, -3492616.5]
