Running with parameters: hidden=100, use_coupled=true, seed=50, lam=0.1, eta=1.0, batch=50
Test Loss: 0.0000, Test Accuracy: 1.0000, Energy: -96709.96875
Time taken:  1.6805813312530518
Test Loss: 0.0000, Test Accuracy: 0.9967, Energy: -1023494.125
Time taken:  1.3339731693267822
Test Loss: 0.0000, Test Accuracy: 0.9967, Energy: -1764947.0
Time taken:  1.3852357864379883
Test Loss: 0.0000, Test Accuracy: 0.9967, Energy: -2340182.5
Time taken:  1.3466753959655762
Test Loss: 0.0000, Test Accuracy: 0.9967, Energy: -2799986.5
Time taken:  1.3686292171478271
Test Loss: 0.0000, Test Accuracy: 0.9967, Energy: -3171367.0
Time taken:  1.3615970611572266
Test Loss: 0.0000, Test Accuracy: 0.9967, Energy: -3469498.5
Time taken:  1.4125781059265137
Test Loss: 0.0000, Test Accuracy: 0.9967, Energy: -3716654.5
Time taken:  1.3689682483673096
Test Loss: 0.0000, Test Accuracy: 0.9967, Energy: -3919257.75
Time taken:  1.4042623043060303
Test Loss: 0.0000, Test Accuracy: 0.9967, Energy: -4089825.5
Time taken:  1.3763163089752197
Test Loss: 0.0000, Test Accuracy: 0.9967, Energy: -4232038.0
Time taken:  1.33998703956604
Test Loss: 0.0000, Test Accuracy: 0.9967, Energy: -4349432.5
Time taken:  1.411736011505127
Test Loss: 0.0000, Test Accuracy: 0.9967, Energy: -4447059.0
Time taken:  1.3585128784179688
Test Loss: 0.0000, Test Accuracy: 0.9967, Energy: -4526568.0
Time taken:  1.3411221504211426
Test Loss: 0.0000, Test Accuracy: 0.9967, Energy: -4593629.5
Time taken:  1.362442970275879
Test Loss: 0.0000, Test Accuracy: 0.9967, Energy: -4648813.0
Time taken:  1.4339139461517334
Test Loss: 0.0000, Test Accuracy: 0.9967, Energy: -4694979.5
Time taken:  1.375795602798462
Test Loss: 0.0000, Test Accuracy: 0.9967, Energy: -4733520.0
Time taken:  1.3498561382293701
Test Loss: 0.0000, Test Accuracy: 0.9967, Energy: -4765210.0
Time taken:  1.3736538887023926
Test Loss: 0.0000, Test Accuracy: 0.9967, Energy: -4791500.0
Time taken:  1.393120288848877
Test Loss: 0.0000, Test Accuracy: 0.9967, Energy: -4812273.0
Time taken:  1.3793087005615234
Test Loss: 0.0000, Test Accuracy: 0.9967, Energy: -4829762.5
Time taken:  1.411644458770752
Test Loss: 0.0000, Test Accuracy: 0.9967, Energy: -4844498.0
Time taken:  1.4294993877410889
Test Loss: 0.0000, Test Accuracy: 0.9967, Energy: -4856102.0
Time taken:  1.3773834705352783
Test Loss: 0.0000, Test Accuracy: 0.9967, Energy: -4865375.5
Time taken:  1.3907740116119385
Test Loss: 0.0000, Test Accuracy: 0.9967, Energy: -4873328.5
Time taken:  1.3719465732574463
Test Loss: 0.0000, Test Accuracy: 0.9967, Energy: -4880003.5
Time taken:  1.3761379718780518
Test Loss: 0.0000, Test Accuracy: 0.9967, Energy: -4885625.0
Time taken:  1.4178321361541748
Test Loss: 0.0000, Test Accuracy: 0.9967, Energy: -4889713.0
Time taken:  1.3967201709747314
Test Loss: 0.0000, Test Accuracy: 0.9967, Energy: -4893515.5
Time taken:  1.38509202003479
Test Loss: 0.0000, Test Accuracy: 0.9967, Energy: -4896374.0
Time taken:  1.3786163330078125
Test Loss: 0.0000, Test Accuracy: 0.9967, Energy: -4899100.5
Time taken:  1.377375602722168
Test Loss: 0.0000, Test Accuracy: 0.9967, Energy: -4901162.0
Time taken:  1.3888089656829834
Test Loss: 0.0000, Test Accuracy: 0.9967, Energy: -4902958.0
Time taken:  1.3831770420074463
Test Loss: 0.0000, Test Accuracy: 0.9967, Energy: -4904447.5
Time taken:  1.3961749076843262
Test Loss: 0.0000, Test Accuracy: 0.9967, Energy: -4905810.0
Time taken:  1.3682336807250977
Test Loss: 0.0000, Test Accuracy: 0.9967, Energy: -4906702.5
Time taken:  1.3682622909545898
Test Loss: 0.0000, Test Accuracy: 0.9967, Energy: -4907549.0
Time taken:  1.3763000965118408
Test Loss: 0.0000, Test Accuracy: 0.9967, Energy: -4908094.0
Time taken:  1.3791110515594482
Test Loss: 0.0000, Test Accuracy: 0.9967, Energy: -4908613.0
Time taken:  1.3392713069915771
Test Loss: 0.0000, Test Accuracy: 0.9967, Energy: -4909079.5
Time taken:  1.4154720306396484
Test Loss: 0.0000, Test Accuracy: 0.9967, Energy: -4909452.5
Time taken:  1.4114747047424316
Test Loss: 0.0000, Test Accuracy: 0.9967, Energy: -4909745.0
Time taken:  1.3552298545837402
Test Loss: 0.0000, Test Accuracy: 0.9967, Energy: -4910003.0
Time taken:  1.3533554077148438
Test Loss: 0.0000, Test Accuracy: 0.9967, Energy: -4910291.0
Time taken:  1.368373155593872
Test Loss: 0.0000, Test Accuracy: 0.9967, Energy: -4910414.0
Time taken:  1.3833332061767578
Test Loss: 0.0000, Test Accuracy: 0.9967, Energy: -4910554.0
Time taken:  1.3806874752044678
Test Loss: 0.0000, Test Accuracy: 0.9967, Energy: -4910643.0
Time taken:  1.3981423377990723
Test Loss: 0.0000, Test Accuracy: 0.9967, Energy: -4910753.5
Time taken:  1.40779447555542
Test Loss: 0.0000, Test Accuracy: 0.9967, Energy: -4910811.0
Time taken:  1.390058994293213
Test Loss: 0.0000, Test Accuracy: 0.9967, Energy: -4910700.5
Time taken:  1.3782713413238525
Test Loss: 0.0000, Test Accuracy: 0.9967, Energy: -4910731.0
Time taken:  1.3845560550689697
Test Loss: 0.0000, Test Accuracy: 0.9967, Energy: -4910766.0
Time taken:  1.4187943935394287
Test Loss: 0.0000, Test Accuracy: 0.9967, Energy: -4910810.5
Time taken:  1.3639826774597168
Test Loss: 0.0000, Test Accuracy: 0.9967, Energy: -4910834.5
Time taken:  1.374903917312622
Test Loss: 0.0000, Test Accuracy: 0.9967, Energy: -4910863.5
Time taken:  1.3656609058380127
Test Loss: 0.0000, Test Accuracy: 0.9967, Energy: -4910879.0
Time taken:  1.3866186141967773
Test Loss: 0.0000, Test Accuracy: 0.9967, Energy: -4910892.5
Time taken:  1.364962100982666
Test Loss: 0.0000, Test Accuracy: 0.9967, Energy: -4910902.5
Time taken:  1.3346610069274902
Test Loss: 0.0000, Test Accuracy: 0.9967, Energy: -4910910.5
Time taken:  1.407073974609375
Test Loss: 0.0000, Test Accuracy: 0.9967, Energy: -4910917.5
Time taken:  1.395331859588623
Test Loss: 0.0000, Test Accuracy: 0.9967, Energy: -4910915.0
Time taken:  1.3969645500183105
Test Loss: 0.0000, Test Accuracy: 0.9967, Energy: -4910920.0
Time taken:  1.369368314743042
Test Loss: 0.0000, Test Accuracy: 0.9967, Energy: -4910923.0
Time taken:  1.3614788055419922
Test Loss: 0.0000, Test Accuracy: 0.9967, Energy: -4910926.0
Time taken:  1.3628318309783936
Test Loss: 0.0000, Test Accuracy: 0.9967, Energy: -4910929.0
Time taken:  1.3825995922088623
Test Loss: 0.0000, Test Accuracy: 0.9967, Energy: -4910931.0
Time taken:  1.375556468963623
Test Loss: 0.0000, Test Accuracy: 0.9967, Energy: -4910932.0
Time taken:  1.385561227798462
Test Loss: 0.0000, Test Accuracy: 0.9967, Energy: -4910927.0
Time taken:  1.3645257949829102
Test Loss: 0.0000, Test Accuracy: 0.9967, Energy: -4910928.0
Time taken:  1.3729567527770996
Test Loss: 0.0000, Test Accuracy: 0.9967, Energy: -4910928.5
Time taken:  1.406743049621582
Test Loss: 0.0000, Test Accuracy: 0.9967, Energy: -4910906.0
Time taken:  1.401268482208252
Test Loss: 0.0000, Test Accuracy: 0.9967, Energy: -4910906.0
Time taken:  1.3854265213012695
Test Loss: 0.0000, Test Accuracy: 0.9967, Energy: -4910907.0
Time taken:  1.3596436977386475
Test Loss: 0.0000, Test Accuracy: 0.9967, Energy: -4910907.5
Time taken:  1.3687140941619873
Test Loss: 0.0000, Test Accuracy: 0.9967, Energy: -4910907.5
Time taken:  1.3724439144134521
Test Loss: 0.0000, Test Accuracy: 0.9967, Energy: -4910907.0
Time taken:  1.3960542678833008
Test Loss: 0.0000, Test Accuracy: 0.9967, Energy: -4910907.0
Time taken:  1.3914663791656494
Test Loss: 0.0000, Test Accuracy: 0.9967, Energy: -4910907.0
Time taken:  1.383211374282837
Test Loss: 0.0000, Test Accuracy: 0.9967, Energy: -4910885.0
Time taken:  1.3820230960845947
Test Loss: 0.0000, Test Accuracy: 0.9967, Energy: -4910884.5
Time taken:  1.3779888153076172
Test Loss: 0.0000, Test Accuracy: 0.9967, Energy: -4910705.5
Time taken:  1.3972878456115723
Test Loss: 0.0000, Test Accuracy: 0.9967, Energy: -4910705.5
Time taken:  1.3580799102783203
Test Loss: 0.0000, Test Accuracy: 0.9967, Energy: -4910680.0
Time taken:  1.407090425491333
Test Loss: 0.0000, Test Accuracy: 0.9967, Energy: -4910680.0
Time taken:  1.3755676746368408
Test Loss: 0.0000, Test Accuracy: 0.9967, Energy: -4910680.0
Time taken:  1.383439540863037
Test Loss: 0.0000, Test Accuracy: 0.9967, Energy: -4910679.5
Time taken:  1.3707234859466553
Test Loss: 0.0000, Test Accuracy: 0.9967, Energy: -4910679.5
Time taken:  1.3715507984161377
Test Loss: 0.0000, Test Accuracy: 0.9967, Energy: -4910572.0
Time taken:  1.370654821395874
Test Loss: 0.0000, Test Accuracy: 0.9967, Energy: -4910543.0
Time taken:  1.3715691566467285
Test Loss: 0.0000, Test Accuracy: 0.9967, Energy: -4910543.0
Time taken:  1.3937852382659912
Test Loss: 0.0000, Test Accuracy: 0.9967, Energy: -4910542.5
Time taken:  1.359449863433838
Test Loss: 0.0000, Test Accuracy: 0.9967, Energy: -4910542.0
Time taken:  1.3647749423980713
Test Loss: 0.0000, Test Accuracy: 0.9967, Energy: -4910578.0
Time taken:  1.3861796855926514
Test Loss: 0.0000, Test Accuracy: 0.9967, Energy: -4910578.0
Time taken:  1.3890187740325928
Test Loss: 0.0000, Test Accuracy: 0.9967, Energy: -4910578.0
Time taken:  1.4112555980682373
Test Loss: 0.0000, Test Accuracy: 0.9967, Energy: -4910567.0
Time taken:  1.3775794506072998
Test Loss: 0.0000, Test Accuracy: 0.9967, Energy: -4910567.0
Time taken:  1.3555850982666016
Test Loss: 0.0000, Test Accuracy: 0.9967, Energy: -4910413.5
Time taken:  1.3885226249694824
Test Loss: 0.0000, Test Accuracy: 0.9967, Energy: -4910413.5
Time taken:  1.391751766204834
Final accuracies: [1.0, 0.9966666666666667, 0.9966666666666667, 0.9966666666666667, 0.9966666666666667, 0.9966666666666667, 0.9966666666666667, 0.9966666666666667, 0.9966666666666667, 0.9966666666666667, 0.9966666666666667, 0.9966666666666667, 0.9966666666666667, 0.9966666666666667, 0.9966666666666667, 0.9966666666666667, 0.9966666666666667, 0.9966666666666667, 0.9966666666666667, 0.9966666666666667, 0.9966666666666667, 0.9966666666666667, 0.9966666666666667, 0.9966666666666667, 0.9966666666666667, 0.9966666666666667, 0.9966666666666667, 0.9966666666666667, 0.9966666666666667, 0.9966666666666667, 0.9966666666666667, 0.9966666666666667, 0.9966666666666667, 0.9966666666666667, 0.9966666666666667, 0.9966666666666667, 0.9966666666666667, 0.9966666666666667, 0.9966666666666667, 0.9966666666666667, 0.9966666666666667, 0.9966666666666667, 0.9966666666666667, 0.9966666666666667, 0.9966666666666667, 0.9966666666666667, 0.9966666666666667, 0.9966666666666667, 0.9966666666666667, 0.9966666666666667, 0.9966666666666667, 0.9966666666666667, 0.9966666666666667, 0.9966666666666667, 0.9966666666666667, 0.9966666666666667, 0.9966666666666667, 0.9966666666666667, 0.9966666666666667, 0.9966666666666667, 0.9966666666666667, 0.9966666666666667, 0.9966666666666667, 0.9966666666666667, 0.9966666666666667, 0.9966666666666667, 0.9966666666666667, 0.9966666666666667, 0.9966666666666667, 0.9966666666666667, 0.9966666666666667, 0.9966666666666667, 0.9966666666666667, 0.9966666666666667, 0.9966666666666667, 0.9966666666666667, 0.9966666666666667, 0.9966666666666667, 0.9966666666666667, 0.9966666666666667, 0.9966666666666667, 0.9966666666666667, 0.9966666666666667, 0.9966666666666667, 0.9966666666666667, 0.9966666666666667, 0.9966666666666667, 0.9966666666666667, 0.9966666666666667, 0.9966666666666667, 0.9966666666666667, 0.9966666666666667, 0.9966666666666667, 0.9966666666666667, 0.9966666666666667, 0.9966666666666667, 0.9966666666666667, 0.9966666666666667, 0.9966666666666667, 0.9966666666666667]
Final energies: [-96709.96875, -1023494.125, -1764947.0, -2340182.5, -2799986.5, -3171367.0, -3469498.5, -3716654.5, -3919257.75, -4089825.5, -4232038.0, -4349432.5, -4447059.0, -4526568.0, -4593629.5, -4648813.0, -4694979.5, -4733520.0, -4765210.0, -4791500.0, -4812273.0, -4829762.5, -4844498.0, -4856102.0, -4865375.5, -4873328.5, -4880003.5, -4885625.0, -4889713.0, -4893515.5, -4896374.0, -4899100.5, -4901162.0, -4902958.0, -4904447.5, -4905810.0, -4906702.5, -4907549.0, -4908094.0, -4908613.0, -4909079.5, -4909452.5, -4909745.0, -4910003.0, -4910291.0, -4910414.0, -4910554.0, -4910643.0, -4910753.5, -4910811.0, -4910700.5, -4910731.0, -4910766.0, -4910810.5, -4910834.5, -4910863.5, -4910879.0, -4910892.5, -4910902.5, -4910910.5, -4910917.5, -4910915.0, -4910920.0, -4910923.0, -4910926.0, -4910929.0, -4910931.0, -4910932.0, -4910927.0, -4910928.0, -4910928.5, -4910906.0, -4910906.0, -4910907.0, -4910907.5, -4910907.5, -4910907.0, -4910907.0, -4910907.0, -4910885.0, -4910884.5, -4910705.5, -4910705.5, -4910680.0, -4910680.0, -4910680.0, -4910679.5, -4910679.5, -4910572.0, -4910543.0, -4910543.0, -4910542.5, -4910542.0, -4910578.0, -4910578.0, -4910578.0, -4910567.0, -4910567.0, -4910413.5, -4910413.5]
