Running with parameters: hidden=100, use_coupled=true, seed=81, lam=0.1, eta=1.0, batch=50
Test Loss: 0.0000, Test Accuracy: 1.0000, Energy: -215367.734375
Time taken:  2.3172078132629395
Test Loss: 0.0000, Test Accuracy: 1.0000, Energy: -1504898.375
Time taken:  2.4146993160247803
Test Loss: 0.0000, Test Accuracy: 1.0000, Energy: -2438386.5
Time taken:  2.351069688796997
Test Loss: 0.0000, Test Accuracy: 1.0000, Energy: -3156044.5
Time taken:  2.264962911605835
Test Loss: 0.0000, Test Accuracy: 1.0000, Energy: -3727441.5
Time taken:  2.3106062412261963
Test Loss: 0.0000, Test Accuracy: 1.0000, Energy: -4185278.25
Time taken:  2.357344150543213
Test Loss: 0.0000, Test Accuracy: 1.0000, Energy: -4550417.0
Time taken:  2.283670663833618
Test Loss: 0.0000, Test Accuracy: 1.0000, Energy: -4849355.0
Time taken:  2.307861804962158
Test Loss: 0.0000, Test Accuracy: 1.0000, Energy: -5095477.5
Time taken:  2.2865397930145264
Test Loss: 0.0000, Test Accuracy: 0.9967, Energy: -5299987.0
Time taken:  2.296778917312622
Test Loss: 0.0000, Test Accuracy: 0.9967, Energy: -5469802.5
Time taken:  2.275067090988159
Test Loss: 0.0000, Test Accuracy: 0.9967, Energy: -5609187.0
Time taken:  2.253936767578125
Test Loss: 0.0000, Test Accuracy: 0.9967, Energy: -5726572.5
Time taken:  2.3094072341918945
Test Loss: 0.0000, Test Accuracy: 0.9967, Energy: -5822618.0
Time taken:  2.2837650775909424
Test Loss: 0.0000, Test Accuracy: 0.9967, Energy: -5902071.5
Time taken:  2.254542350769043
Test Loss: 0.0000, Test Accuracy: 0.9967, Energy: -5969980.0
Time taken:  2.2611701488494873
Test Loss: 0.0000, Test Accuracy: 0.9967, Energy: -6026038.0
Time taken:  2.2812278270721436
Test Loss: 0.0000, Test Accuracy: 0.9967, Energy: -6070963.0
Time taken:  2.2777469158172607
Test Loss: 0.0000, Test Accuracy: 0.9967, Energy: -6110511.5
Time taken:  2.327615261077881
Test Loss: 0.0000, Test Accuracy: 0.9967, Energy: -6142447.5
Time taken:  2.2700910568237305
Test Loss: 0.0000, Test Accuracy: 0.9967, Energy: -6167272.5
Time taken:  2.3127129077911377
Test Loss: 0.0000, Test Accuracy: 0.9967, Energy: -6189202.5
Time taken:  2.3476221561431885
Test Loss: 0.0000, Test Accuracy: 0.9967, Energy: -6207202.0
Time taken:  2.2691142559051514
Test Loss: 0.0000, Test Accuracy: 0.9967, Energy: -6222934.0
Time taken:  2.3150711059570312
Test Loss: 0.0000, Test Accuracy: 0.9967, Energy: -6235880.5
Time taken:  2.2750630378723145
Test Loss: 0.0000, Test Accuracy: 0.9967, Energy: -6246159.5
Time taken:  2.328028440475464
Test Loss: 0.0000, Test Accuracy: 0.9967, Energy: -6254489.0
Time taken:  2.2920210361480713
Test Loss: 0.0000, Test Accuracy: 0.9967, Energy: -6261431.5
Time taken:  2.2642710208892822
Test Loss: 0.0000, Test Accuracy: 0.9967, Energy: -6267009.0
Time taken:  2.261680841445923
Test Loss: 0.0000, Test Accuracy: 0.9967, Energy: -6271599.5
Time taken:  2.2623648643493652
Test Loss: 0.0000, Test Accuracy: 0.9967, Energy: -6275349.5
Time taken:  2.3305306434631348
Test Loss: 0.0000, Test Accuracy: 0.9967, Energy: -6278567.5
Time taken:  2.3041908740997314
Test Loss: 0.0000, Test Accuracy: 0.9967, Energy: -6281059.0
Time taken:  2.285696506500244
Test Loss: 0.0000, Test Accuracy: 0.9967, Energy: -6283147.5
Time taken:  2.3010363578796387
Test Loss: 0.0000, Test Accuracy: 0.9967, Energy: -6284867.0
Time taken:  2.3375914096832275
Test Loss: 0.0000, Test Accuracy: 0.9967, Energy: -6286224.0
Time taken:  2.2890305519104004
Test Loss: 0.0000, Test Accuracy: 0.9967, Energy: -6287459.5
Time taken:  2.280402421951294
Test Loss: 0.0000, Test Accuracy: 0.9967, Energy: -6288482.5
Time taken:  2.3238210678100586
Test Loss: 0.0000, Test Accuracy: 0.9967, Energy: -6289331.5
Time taken:  2.295236349105835
Test Loss: 0.0000, Test Accuracy: 0.9967, Energy: -6290053.0
Time taken:  2.340610980987549
Test Loss: 0.0000, Test Accuracy: 0.9967, Energy: -6290525.0
Time taken:  2.2843315601348877
Test Loss: 0.0000, Test Accuracy: 0.9967, Energy: -6290968.0
Time taken:  2.3036293983459473
Test Loss: 0.0000, Test Accuracy: 0.9967, Energy: -6291277.0
Time taken:  2.3271310329437256
Test Loss: 0.0000, Test Accuracy: 0.9967, Energy: -6291563.0
Time taken:  2.3225948810577393
Test Loss: 0.0000, Test Accuracy: 0.9967, Energy: -6292078.0
Time taken:  2.3076467514038086
Test Loss: 0.0000, Test Accuracy: 0.9967, Energy: -6292287.0
Time taken:  2.343618392944336
Test Loss: 0.0000, Test Accuracy: 0.9967, Energy: -6292428.0
Time taken:  2.2837047576904297
Test Loss: 0.0000, Test Accuracy: 0.9967, Energy: -6292551.0
Time taken:  2.2564311027526855
Test Loss: 0.0000, Test Accuracy: 0.9967, Energy: -6292636.0
Time taken:  2.335437059402466
Test Loss: 0.0000, Test Accuracy: 0.9967, Energy: -6292720.0
Time taken:  2.309528112411499
Test Loss: 0.0000, Test Accuracy: 0.9967, Energy: -6292816.0
Time taken:  2.294646978378296
Test Loss: 0.0000, Test Accuracy: 0.9967, Energy: -6293168.0
Time taken:  2.332961320877075
Test Loss: 0.0000, Test Accuracy: 0.9967, Energy: -6293213.0
Time taken:  2.299532413482666
Test Loss: 0.0000, Test Accuracy: 0.9967, Energy: -6293250.0
Time taken:  2.2839484214782715
Test Loss: 0.0000, Test Accuracy: 0.9967, Energy: -6293287.0
Time taken:  2.3535830974578857
Test Loss: 0.0000, Test Accuracy: 0.9967, Energy: -6293312.0
Time taken:  2.326432466506958
Test Loss: 0.0000, Test Accuracy: 0.9967, Energy: -6293344.0
Time taken:  2.3377010822296143
Test Loss: 0.0000, Test Accuracy: 0.9967, Energy: -6293360.0
Time taken:  2.3296308517456055
Test Loss: 0.0000, Test Accuracy: 0.9967, Energy: -6293373.5
Time taken:  2.298584222793579
Test Loss: 0.0000, Test Accuracy: 0.9967, Energy: -6293408.5
Time taken:  2.31978702545166
Test Loss: 0.0000, Test Accuracy: 0.9967, Energy: -6293416.0
Time taken:  2.2929677963256836
Test Loss: 0.0000, Test Accuracy: 0.9967, Energy: -6293423.5
Time taken:  2.2989747524261475
Test Loss: 0.0000, Test Accuracy: 0.9967, Energy: -6293429.0
Time taken:  2.304405689239502
Test Loss: 0.0000, Test Accuracy: 0.9967, Energy: -6293434.0
Time taken:  2.3134660720825195
Test Loss: 0.0000, Test Accuracy: 0.9967, Energy: -6293438.0
Time taken:  2.348226308822632
Test Loss: 0.0000, Test Accuracy: 0.9967, Energy: -6293441.0
Time taken:  2.3020477294921875
Test Loss: 0.0000, Test Accuracy: 0.9967, Energy: -6293444.0
Time taken:  2.318506956100464
Test Loss: 0.0000, Test Accuracy: 0.9967, Energy: -6293446.0
Time taken:  2.323181390762329
Test Loss: 0.0000, Test Accuracy: 0.9967, Energy: -6293446.5
Time taken:  2.2323050498962402
Test Loss: 0.0000, Test Accuracy: 0.9967, Energy: -6293448.0
Time taken:  2.2094929218292236
Test Loss: 0.0000, Test Accuracy: 0.9967, Energy: -6293448.5
Time taken:  2.2467496395111084
Test Loss: 0.0000, Test Accuracy: 0.9967, Energy: -6293435.0
Time taken:  2.2276721000671387
Test Loss: 0.0000, Test Accuracy: 0.9967, Energy: -6293435.5
Time taken:  2.239696502685547
Test Loss: 0.0000, Test Accuracy: 0.9967, Energy: -6293436.0
Time taken:  2.189091920852661
Test Loss: 0.0000, Test Accuracy: 0.9967, Energy: -6293436.0
Time taken:  2.241943836212158
Test Loss: 0.0000, Test Accuracy: 0.9967, Energy: -6293436.0
Time taken:  2.2619824409484863
Test Loss: 0.0000, Test Accuracy: 0.9967, Energy: -6293436.0
Time taken:  2.24838924407959
Test Loss: 0.0000, Test Accuracy: 0.9967, Energy: -6293436.0
Time taken:  2.2731871604919434
Test Loss: 0.0000, Test Accuracy: 0.9967, Energy: -6293435.5
Time taken:  2.240159273147583
Test Loss: 0.0000, Test Accuracy: 0.9967, Energy: -6293435.0
Time taken:  2.2292556762695312
Test Loss: 0.0000, Test Accuracy: 0.9967, Energy: -6293434.5
Time taken:  2.289400100708008
Test Loss: 0.0000, Test Accuracy: 0.9967, Energy: -6293434.5
Time taken:  2.258232831954956
Test Loss: 0.0000, Test Accuracy: 0.9967, Energy: -6293434.5
Time taken:  2.2469747066497803
Test Loss: 0.0000, Test Accuracy: 0.9967, Energy: -6293434.5
Time taken:  2.2455995082855225
Test Loss: 0.0000, Test Accuracy: 0.9967, Energy: -6293434.0
Time taken:  2.262486219406128
Test Loss: 0.0000, Test Accuracy: 0.9967, Energy: -6293434.0
Time taken:  2.258321523666382
Test Loss: 0.0000, Test Accuracy: 0.9967, Energy: -6293433.5
Time taken:  2.2314870357513428
Test Loss: 0.0000, Test Accuracy: 0.9967, Energy: -6293433.0
Time taken:  2.2519655227661133
Test Loss: 0.0000, Test Accuracy: 0.9967, Energy: -6293432.5
Time taken:  2.232245922088623
Test Loss: 0.0000, Test Accuracy: 0.9967, Energy: -6293432.5
Time taken:  2.2786495685577393
Test Loss: 0.0000, Test Accuracy: 0.9967, Energy: -6293432.5
Time taken:  2.257328748703003
Test Loss: 0.0000, Test Accuracy: 0.9967, Energy: -6293432.0
Time taken:  2.260579824447632
Test Loss: 0.0000, Test Accuracy: 0.9967, Energy: -6293432.0
Time taken:  2.258544683456421
Test Loss: 0.0000, Test Accuracy: 0.9967, Energy: -6293431.5
Time taken:  2.240706205368042
Test Loss: 0.0000, Test Accuracy: 0.9967, Energy: -6293431.0
Time taken:  2.20023512840271
Test Loss: 0.0000, Test Accuracy: 0.9967, Energy: -6293430.0
Time taken:  2.21364688873291
Test Loss: 0.0000, Test Accuracy: 0.9967, Energy: -6293430.0
Time taken:  2.2374343872070312
Test Loss: 0.0000, Test Accuracy: 0.9967, Energy: -6293429.5
Time taken:  2.2300169467926025
Test Loss: 0.0000, Test Accuracy: 0.9967, Energy: -6293429.5
Time taken:  2.172199010848999
Test Loss: 0.0000, Test Accuracy: 0.9967, Energy: -6293429.5
Time taken:  1.723372459411621
Final accuracies: [1.0, 1.0, 1.0, 1.0, 1.0, 1.0, 1.0, 1.0, 1.0, 0.9966666666666667, 0.9966666666666667, 0.9966666666666667, 0.9966666666666667, 0.9966666666666667, 0.9966666666666667, 0.9966666666666667, 0.9966666666666667, 0.9966666666666667, 0.9966666666666667, 0.9966666666666667, 0.9966666666666667, 0.9966666666666667, 0.9966666666666667, 0.9966666666666667, 0.9966666666666667, 0.9966666666666667, 0.9966666666666667, 0.9966666666666667, 0.9966666666666667, 0.9966666666666667, 0.9966666666666667, 0.9966666666666667, 0.9966666666666667, 0.9966666666666667, 0.9966666666666667, 0.9966666666666667, 0.9966666666666667, 0.9966666666666667, 0.9966666666666667, 0.9966666666666667, 0.9966666666666667, 0.9966666666666667, 0.9966666666666667, 0.9966666666666667, 0.9966666666666667, 0.9966666666666667, 0.9966666666666667, 0.9966666666666667, 0.9966666666666667, 0.9966666666666667, 0.9966666666666667, 0.9966666666666667, 0.9966666666666667, 0.9966666666666667, 0.9966666666666667, 0.9966666666666667, 0.9966666666666667, 0.9966666666666667, 0.9966666666666667, 0.9966666666666667, 0.9966666666666667, 0.9966666666666667, 0.9966666666666667, 0.9966666666666667, 0.9966666666666667, 0.9966666666666667, 0.9966666666666667, 0.9966666666666667, 0.9966666666666667, 0.9966666666666667, 0.9966666666666667, 0.9966666666666667, 0.9966666666666667, 0.9966666666666667, 0.9966666666666667, 0.9966666666666667, 0.9966666666666667, 0.9966666666666667, 0.9966666666666667, 0.9966666666666667, 0.9966666666666667, 0.9966666666666667, 0.9966666666666667, 0.9966666666666667, 0.9966666666666667, 0.9966666666666667, 0.9966666666666667, 0.9966666666666667, 0.9966666666666667, 0.9966666666666667, 0.9966666666666667, 0.9966666666666667, 0.9966666666666667, 0.9966666666666667, 0.9966666666666667, 0.9966666666666667, 0.9966666666666667, 0.9966666666666667, 0.9966666666666667, 0.9966666666666667]
Final energies: [-215367.734375, -1504898.375, -2438386.5, -3156044.5, -3727441.5, -4185278.25, -4550417.0, -4849355.0, -5095477.5, -5299987.0, -5469802.5, -5609187.0, -5726572.5, -5822618.0, -5902071.5, -5969980.0, -6026038.0, -6070963.0, -6110511.5, -6142447.5, -6167272.5, -6189202.5, -6207202.0, -6222934.0, -6235880.5, -6246159.5, -6254489.0, -6261431.5, -6267009.0, -6271599.5, -6275349.5, -6278567.5, -6281059.0, -6283147.5, -6284867.0, -6286224.0, -6287459.5, -6288482.5, -6289331.5, -6290053.0, -6290525.0, -6290968.0, -6291277.0, -6291563.0, -6292078.0, -6292287.0, -6292428.0, -6292551.0, -6292636.0, -6292720.0, -6292816.0, -6293168.0, -6293213.0, -6293250.0, -6293287.0, -6293312.0, -6293344.0, -6293360.0, -6293373.5, -6293408.5, -6293416.0, -6293423.5, -6293429.0, -6293434.0, -6293438.0, -6293441.0, -6293444.0, -6293446.0, -6293446.5, -6293448.0, -6293448.5, -6293435.0, -6293435.5, -6293436.0, -6293436.0, -6293436.0, -6293436.0, -6293436.0, -6293435.5, -6293435.0, -6293434.5, -6293434.5, -6293434.5, -6293434.5, -6293434.0, -6293434.0, -6293433.5, -6293433.0, -6293432.5, -6293432.5, -6293432.5, -6293432.0, -6293432.0, -6293431.5, -6293431.0, -6293430.0, -6293430.0, -6293429.5, -6293429.5, -6293429.5]
