Running with parameters: hidden=100, use_coupled=true, seed=21, lam=0.1, eta=1.0, batch=50
Test Loss: 0.0000, Test Accuracy: 1.0000, Energy: -49212.4921875
Time taken:  1.6497466564178467
Test Loss: 0.0000, Test Accuracy: 0.9967, Energy: -735652.0625
Time taken:  1.373098373413086
Test Loss: 0.0000, Test Accuracy: 0.9967, Energy: -1288794.75
Time taken:  1.3726921081542969
Test Loss: 0.0000, Test Accuracy: 0.9967, Energy: -1716961.375
Time taken:  1.3331661224365234
Test Loss: 0.0000, Test Accuracy: 0.9967, Energy: -2051892.875
Time taken:  1.3827507495880127
Test Loss: 0.0000, Test Accuracy: 0.9967, Energy: -2322393.0
Time taken:  1.3870737552642822
Test Loss: 0.0000, Test Accuracy: 0.9967, Energy: -2544494.25
Time taken:  1.3424954414367676
Test Loss: 0.0000, Test Accuracy: 0.9967, Energy: -2724413.0
Time taken:  1.3532533645629883
Test Loss: 0.0000, Test Accuracy: 0.9967, Energy: -2873627.25
Time taken:  1.3760638236999512
Test Loss: 0.0000, Test Accuracy: 0.9967, Energy: -2993948.75
Time taken:  1.3482565879821777
Test Loss: 0.0000, Test Accuracy: 0.9967, Energy: -3095903.5
Time taken:  1.3601164817810059
Test Loss: 0.0000, Test Accuracy: 0.9967, Energy: -3180230.25
Time taken:  1.3567845821380615
Test Loss: 0.0000, Test Accuracy: 0.9967, Energy: -3250088.0
Time taken:  1.4095861911773682
Test Loss: 0.0000, Test Accuracy: 0.9967, Energy: -3308569.25
Time taken:  1.3818776607513428
Test Loss: 0.0000, Test Accuracy: 0.9967, Energy: -3357395.75
Time taken:  1.3565974235534668
Test Loss: 0.0000, Test Accuracy: 0.9967, Energy: -3397786.5
Time taken:  1.3696284294128418
Test Loss: 0.0000, Test Accuracy: 0.9967, Energy: -3431387.0
Time taken:  1.3456735610961914
Test Loss: 0.0000, Test Accuracy: 0.9967, Energy: -3460190.0
Time taken:  1.3565809726715088
Test Loss: 0.0000, Test Accuracy: 0.9967, Energy: -3483591.5
Time taken:  1.3532466888427734
Test Loss: 0.0000, Test Accuracy: 0.9967, Energy: -3502666.75
Time taken:  1.4169728755950928
Test Loss: 0.0000, Test Accuracy: 0.9967, Energy: -3518468.25
Time taken:  1.3931303024291992
Test Loss: 0.0000, Test Accuracy: 0.9967, Energy: -3531591.5
Time taken:  1.3619310855865479
Test Loss: 0.0000, Test Accuracy: 0.9967, Energy: -3542507.75
Time taken:  1.3697738647460938
Test Loss: 0.0000, Test Accuracy: 0.9967, Energy: -3551310.5
Time taken:  1.3757579326629639
Test Loss: 0.0000, Test Accuracy: 0.9967, Energy: -3558671.5
Time taken:  1.3963825702667236
Test Loss: 0.0000, Test Accuracy: 0.9967, Energy: -3564748.0
Time taken:  1.345388650894165
Test Loss: 0.0000, Test Accuracy: 0.9967, Energy: -3569883.5
Time taken:  1.3966474533081055
Test Loss: 0.0000, Test Accuracy: 0.9967, Energy: -3573664.0
Time taken:  1.3787751197814941
Test Loss: 0.0000, Test Accuracy: 0.9967, Energy: -3577136.75
Time taken:  1.3848419189453125
Test Loss: 0.0000, Test Accuracy: 0.9967, Energy: -3580196.0
Time taken:  1.3369288444519043
Test Loss: 0.0000, Test Accuracy: 0.9967, Energy: -3582781.75
Time taken:  1.3805122375488281
Test Loss: 0.0000, Test Accuracy: 0.9967, Energy: -3584487.5
Time taken:  1.3481090068817139
Test Loss: 0.0000, Test Accuracy: 0.9967, Energy: -3586089.75
Time taken:  1.3876187801361084
Test Loss: 0.0000, Test Accuracy: 0.9967, Energy: -3587385.0
Time taken:  1.354107141494751
Test Loss: 0.0000, Test Accuracy: 0.9967, Energy: -3588258.75
Time taken:  1.3511757850646973
Test Loss: 0.0000, Test Accuracy: 0.9967, Energy: -3589069.75
Time taken:  1.379603624343872
Test Loss: 0.0000, Test Accuracy: 0.9967, Energy: -3589777.75
Time taken:  1.3578155040740967
Test Loss: 0.0000, Test Accuracy: 0.9967, Energy: -3590305.75
Time taken:  1.3912601470947266
Test Loss: 0.0000, Test Accuracy: 0.9967, Energy: -3590692.5
Time taken:  1.3702950477600098
Test Loss: 0.0000, Test Accuracy: 0.9967, Energy: -3591123.0
Time taken:  1.3695473670959473
Test Loss: 0.0000, Test Accuracy: 0.9967, Energy: -3591468.5
Time taken:  1.3813996315002441
Test Loss: 0.0000, Test Accuracy: 0.9967, Energy: -3591781.75
Time taken:  1.3904495239257812
Test Loss: 0.0000, Test Accuracy: 0.9967, Energy: -3592071.25
Time taken:  1.351491928100586
Test Loss: 0.0000, Test Accuracy: 0.9967, Energy: -3592205.25
Time taken:  1.3896265029907227
Test Loss: 0.0000, Test Accuracy: 0.9967, Energy: -3592252.0
Time taken:  1.3497376441955566
Test Loss: 0.0000, Test Accuracy: 0.9967, Energy: -3592344.0
Time taken:  1.3626019954681396
Test Loss: 0.0000, Test Accuracy: 0.9967, Energy: -3592050.5
Time taken:  1.3612921237945557
Test Loss: 0.0000, Test Accuracy: 0.9967, Energy: -3592117.75
Time taken:  1.3467774391174316
Test Loss: 0.0000, Test Accuracy: 0.9967, Energy: -3592171.0
Time taken:  1.3567802906036377
Test Loss: 0.0000, Test Accuracy: 0.9967, Energy: -3592206.5
Time taken:  1.3477637767791748
Test Loss: 0.0000, Test Accuracy: 0.9967, Energy: -3592242.25
Time taken:  1.395317554473877
Test Loss: 0.0000, Test Accuracy: 0.9967, Energy: -3592270.75
Time taken:  1.3998041152954102
Test Loss: 0.0000, Test Accuracy: 0.9967, Energy: -3592242.0
Time taken:  1.3691232204437256
Test Loss: 0.0000, Test Accuracy: 0.9967, Energy: -3592258.75
Time taken:  1.3364741802215576
Test Loss: 0.0000, Test Accuracy: 0.9967, Energy: -3592290.25
Time taken:  1.3547194004058838
Test Loss: 0.0000, Test Accuracy: 0.9967, Energy: -3592299.5
Time taken:  1.34269380569458
Test Loss: 0.0000, Test Accuracy: 0.9967, Energy: -3592294.25
Time taken:  1.362137794494629
Test Loss: 0.0000, Test Accuracy: 0.9967, Energy: -3592298.75
Time taken:  1.3785841464996338
Test Loss: 0.0000, Test Accuracy: 0.9967, Energy: -3592259.75
Time taken:  1.371598243713379
Test Loss: 0.0000, Test Accuracy: 0.9967, Energy: -3592252.5
Time taken:  1.3943274021148682
Test Loss: 0.0000, Test Accuracy: 0.9967, Energy: -3592253.0
Time taken:  1.372612476348877
Test Loss: 0.0000, Test Accuracy: 0.9967, Energy: -3592251.25
Time taken:  1.3593294620513916
Test Loss: 0.0000, Test Accuracy: 0.9967, Energy: -3592288.75
Time taken:  1.3536975383758545
Test Loss: 0.0000, Test Accuracy: 0.9967, Energy: -3592248.0
Time taken:  1.402313470840454
Test Loss: 0.0000, Test Accuracy: 0.9967, Energy: -3592245.75
Time taken:  1.3471438884735107
Test Loss: 0.0000, Test Accuracy: 0.9967, Energy: -3592242.5
Time taken:  1.3667213916778564
Test Loss: 0.0000, Test Accuracy: 0.9967, Energy: -3592217.5
Time taken:  1.382627010345459
Test Loss: 0.0000, Test Accuracy: 0.9967, Energy: -3592231.5
Time taken:  1.391251802444458
Test Loss: 0.0000, Test Accuracy: 0.9967, Energy: -3592204.5
Time taken:  1.3592262268066406
Test Loss: 0.0000, Test Accuracy: 0.9967, Energy: -3592230.0
Time taken:  1.3575265407562256
Test Loss: 0.0000, Test Accuracy: 0.9967, Energy: -3592191.0
Time taken:  1.3634958267211914
Test Loss: 0.0000, Test Accuracy: 0.9967, Energy: -3592135.0
Time taken:  1.383188247680664
Test Loss: 0.0000, Test Accuracy: 0.9967, Energy: -3592115.0
Time taken:  1.3826704025268555
Test Loss: 0.0000, Test Accuracy: 0.9967, Energy: -3592049.75
Time taken:  1.3650450706481934
Test Loss: 0.0000, Test Accuracy: 0.9967, Energy: -3592001.5
Time taken:  1.4063029289245605
Test Loss: 0.0000, Test Accuracy: 0.9967, Energy: -3591997.75
Time taken:  1.3401029109954834
Test Loss: 0.0000, Test Accuracy: 0.9967, Energy: -3591989.5
Time taken:  1.3571736812591553
Test Loss: 0.0000, Test Accuracy: 0.9967, Energy: -3591890.0
Time taken:  1.337787389755249
Test Loss: 0.0000, Test Accuracy: 0.9967, Energy: -3591888.75
Time taken:  1.3949143886566162
Test Loss: 0.0000, Test Accuracy: 0.9967, Energy: -3591862.0
Time taken:  1.350013017654419
Test Loss: 0.0000, Test Accuracy: 0.9967, Energy: -3591836.0
Time taken:  1.3744969367980957
Test Loss: 0.0000, Test Accuracy: 0.9967, Energy: -3591796.0
Time taken:  1.3796582221984863
Test Loss: 0.0000, Test Accuracy: 0.9967, Energy: -3591765.5
Time taken:  1.3859574794769287
Test Loss: 0.0000, Test Accuracy: 0.9967, Energy: -3591747.75
Time taken:  1.3620901107788086
Test Loss: 0.0000, Test Accuracy: 0.9967, Energy: -3591719.0
Time taken:  1.3519949913024902
Test Loss: 0.0000, Test Accuracy: 0.9967, Energy: -3591708.5
Time taken:  1.399238109588623
Test Loss: 0.0000, Test Accuracy: 0.9967, Energy: -3591668.5
Time taken:  1.3386015892028809
Test Loss: 0.0000, Test Accuracy: 0.9967, Energy: -3591670.25
Time taken:  1.371600866317749
Test Loss: 0.0000, Test Accuracy: 0.9967, Energy: -3591657.0
Time taken:  1.3648457527160645
Test Loss: 0.0000, Test Accuracy: 0.9967, Energy: -3591652.75
Time taken:  1.3948800563812256
Test Loss: 0.0000, Test Accuracy: 0.9967, Energy: -3591650.25
Time taken:  1.3588495254516602
Test Loss: 0.0000, Test Accuracy: 0.9967, Energy: -3591634.0
Time taken:  1.4030985832214355
Test Loss: 0.0000, Test Accuracy: 0.9967, Energy: -3591618.75
Time taken:  1.3556106090545654
Test Loss: 0.0000, Test Accuracy: 0.9967, Energy: -3591616.0
Time taken:  1.3516862392425537
Test Loss: 0.0000, Test Accuracy: 0.9967, Energy: -3591638.75
Time taken:  1.3456871509552002
Test Loss: 0.0000, Test Accuracy: 0.9967, Energy: -3591636.5
Time taken:  1.3932697772979736
Test Loss: 0.0000, Test Accuracy: 0.9967, Energy: -3591636.0
Time taken:  1.3768186569213867
Test Loss: 0.0000, Test Accuracy: 0.9967, Energy: -3591633.0
Time taken:  1.4348299503326416
Test Loss: 0.0000, Test Accuracy: 0.9967, Energy: -3591610.0
Time taken:  1.3620977401733398
Test Loss: 0.0000, Test Accuracy: 0.9967, Energy: -3591612.25
Time taken:  1.3430969715118408
Final accuracies: [1.0, 0.9966666666666667, 0.9966666666666667, 0.9966666666666667, 0.9966666666666667, 0.9966666666666667, 0.9966666666666667, 0.9966666666666667, 0.9966666666666667, 0.9966666666666667, 0.9966666666666667, 0.9966666666666667, 0.9966666666666667, 0.9966666666666667, 0.9966666666666667, 0.9966666666666667, 0.9966666666666667, 0.9966666666666667, 0.9966666666666667, 0.9966666666666667, 0.9966666666666667, 0.9966666666666667, 0.9966666666666667, 0.9966666666666667, 0.9966666666666667, 0.9966666666666667, 0.9966666666666667, 0.9966666666666667, 0.9966666666666667, 0.9966666666666667, 0.9966666666666667, 0.9966666666666667, 0.9966666666666667, 0.9966666666666667, 0.9966666666666667, 0.9966666666666667, 0.9966666666666667, 0.9966666666666667, 0.9966666666666667, 0.9966666666666667, 0.9966666666666667, 0.9966666666666667, 0.9966666666666667, 0.9966666666666667, 0.9966666666666667, 0.9966666666666667, 0.9966666666666667, 0.9966666666666667, 0.9966666666666667, 0.9966666666666667, 0.9966666666666667, 0.9966666666666667, 0.9966666666666667, 0.9966666666666667, 0.9966666666666667, 0.9966666666666667, 0.9966666666666667, 0.9966666666666667, 0.9966666666666667, 0.9966666666666667, 0.9966666666666667, 0.9966666666666667, 0.9966666666666667, 0.9966666666666667, 0.9966666666666667, 0.9966666666666667, 0.9966666666666667, 0.9966666666666667, 0.9966666666666667, 0.9966666666666667, 0.9966666666666667, 0.9966666666666667, 0.9966666666666667, 0.9966666666666667, 0.9966666666666667, 0.9966666666666667, 0.9966666666666667, 0.9966666666666667, 0.9966666666666667, 0.9966666666666667, 0.9966666666666667, 0.9966666666666667, 0.9966666666666667, 0.9966666666666667, 0.9966666666666667, 0.9966666666666667, 0.9966666666666667, 0.9966666666666667, 0.9966666666666667, 0.9966666666666667, 0.9966666666666667, 0.9966666666666667, 0.9966666666666667, 0.9966666666666667, 0.9966666666666667, 0.9966666666666667, 0.9966666666666667, 0.9966666666666667, 0.9966666666666667, 0.9966666666666667]
Final energies: [-49212.4921875, -735652.0625, -1288794.75, -1716961.375, -2051892.875, -2322393.0, -2544494.25, -2724413.0, -2873627.25, -2993948.75, -3095903.5, -3180230.25, -3250088.0, -3308569.25, -3357395.75, -3397786.5, -3431387.0, -3460190.0, -3483591.5, -3502666.75, -3518468.25, -3531591.5, -3542507.75, -3551310.5, -3558671.5, -3564748.0, -3569883.5, -3573664.0, -3577136.75, -3580196.0, -3582781.75, -3584487.5, -3586089.75, -3587385.0, -3588258.75, -3589069.75, -3589777.75, -3590305.75, -3590692.5, -3591123.0, -3591468.5, -3591781.75, -3592071.25, -3592205.25, -3592252.0, -3592344.0, -3592050.5, -3592117.75, -3592171.0, -3592206.5, -3592242.25, -3592270.75, -3592242.0, -3592258.75, -3592290.25, -3592299.5, -3592294.25, -3592298.75, -3592259.75, -3592252.5, -3592253.0, -3592251.25, -3592288.75, -3592248.0, -3592245.75, -3592242.5, -3592217.5, -3592231.5, -3592204.5, -3592230.0, -3592191.0, -3592135.0, -3592115.0, -3592049.75, -3592001.5, -3591997.75, -3591989.5, -3591890.0, -3591888.75, -3591862.0, -3591836.0, -3591796.0, -3591765.5, -3591747.75, -3591719.0, -3591708.5, -3591668.5, -3591670.25, -3591657.0, -3591652.75, -3591650.25, -3591634.0, -3591618.75, -3591616.0, -3591638.75, -3591636.5, -3591636.0, -3591633.0, -3591610.0, -3591612.25]
