Running with parameters: hidden=100, use_coupled=true, seed=33, lam=0.1, eta=1.0, batch=50
Test Loss: 0.0000, Test Accuracy: 0.9800, Energy: -104143.71875
Time taken:  2.685800075531006
Test Loss: 0.0000, Test Accuracy: 1.0000, Energy: -1154772.625
Time taken:  2.544816017150879
Test Loss: 0.0000, Test Accuracy: 1.0000, Energy: -1967159.375
Time taken:  2.5150275230407715
Test Loss: 0.0000, Test Accuracy: 1.0000, Energy: -2658032.5
Time taken:  2.572446823120117
Test Loss: 0.0000, Test Accuracy: 0.9967, Energy: -3196241.0
Time taken:  2.523519992828369
Test Loss: 0.0000, Test Accuracy: 0.9967, Energy: -3613116.5
Time taken:  2.4894907474517822
Test Loss: 0.0000, Test Accuracy: 0.9933, Energy: -3947639.5
Time taken:  2.5347211360931396
Test Loss: 0.0000, Test Accuracy: 0.9900, Energy: -4219011.0
Time taken:  2.5431675910949707
Test Loss: 0.0000, Test Accuracy: 0.9867, Energy: -4444145.0
Time taken:  2.5532562732696533
Test Loss: 0.0000, Test Accuracy: 0.9900, Energy: -4614624.0
Time taken:  2.532181978225708
Test Loss: 0.0000, Test Accuracy: 0.9900, Energy: -4759129.0
Time taken:  2.5085642337799072
Test Loss: 0.0000, Test Accuracy: 0.9900, Energy: -4880226.5
Time taken:  2.5338034629821777
Test Loss: 0.0000, Test Accuracy: 0.9933, Energy: -4978919.0
Time taken:  2.4912238121032715
Test Loss: 0.0000, Test Accuracy: 0.9933, Energy: -5061731.5
Time taken:  2.552725315093994
Test Loss: 0.0000, Test Accuracy: 0.9933, Energy: -5130103.0
Time taken:  2.5230014324188232
Test Loss: 0.0000, Test Accuracy: 0.9933, Energy: -5186510.5
Time taken:  2.4933595657348633
Test Loss: 0.0000, Test Accuracy: 0.9933, Energy: -5232571.0
Time taken:  2.549551486968994
Test Loss: 0.0000, Test Accuracy: 0.9933, Energy: -5270923.5
Time taken:  2.574834108352661
Test Loss: 0.0000, Test Accuracy: 0.9933, Energy: -5300844.0
Time taken:  2.5931475162506104
Test Loss: 0.0000, Test Accuracy: 0.9967, Energy: -5327350.0
Time taken:  2.6377663612365723
Test Loss: 0.0000, Test Accuracy: 0.9933, Energy: -5350595.5
Time taken:  2.598222017288208
Test Loss: 0.0000, Test Accuracy: 0.9967, Energy: -5369237.5
Time taken:  2.5625791549682617
Test Loss: 0.0000, Test Accuracy: 0.9967, Energy: -5383508.0
Time taken:  2.6091701984405518
Test Loss: 0.0000, Test Accuracy: 0.9967, Energy: -5394864.0
Time taken:  2.621884822845459
Test Loss: 0.0000, Test Accuracy: 0.9967, Energy: -5404243.0
Time taken:  2.6174910068511963
Test Loss: 0.0000, Test Accuracy: 0.9967, Energy: -5413001.0
Time taken:  2.6017096042633057
Test Loss: 0.0000, Test Accuracy: 0.9967, Energy: -5419715.5
Time taken:  2.604647159576416
Test Loss: 0.0000, Test Accuracy: 0.9967, Energy: -5425108.0
Time taken:  2.6516830921173096
Test Loss: 0.0000, Test Accuracy: 0.9967, Energy: -5430040.5
Time taken:  2.6418399810791016
Test Loss: 0.0000, Test Accuracy: 0.9967, Energy: -5434522.5
Time taken:  2.653529167175293
Test Loss: 0.0000, Test Accuracy: 0.9967, Energy: -5437579.0
Time taken:  2.664384603500366
Test Loss: 0.0000, Test Accuracy: 0.9967, Energy: -5440356.5
Time taken:  2.6533429622650146
Test Loss: 0.0000, Test Accuracy: 0.9967, Energy: -5442609.5
Time taken:  2.6868038177490234
Test Loss: 0.0000, Test Accuracy: 0.9967, Energy: -5444264.5
Time taken:  2.673696279525757
Test Loss: 0.0000, Test Accuracy: 0.9967, Energy: -5445482.5
Time taken:  2.664954423904419
Test Loss: 0.0000, Test Accuracy: 0.9967, Energy: -5446767.0
Time taken:  2.676226854324341
Test Loss: 0.0000, Test Accuracy: 0.9967, Energy: -5447720.5
Time taken:  2.766420602798462
Test Loss: 0.0000, Test Accuracy: 0.9967, Energy: -5448414.0
Time taken:  2.706002950668335
Test Loss: 0.0000, Test Accuracy: 0.9967, Energy: -5449079.5
Time taken:  2.659334897994995
Test Loss: 0.0000, Test Accuracy: 0.9967, Energy: -5449629.0
Time taken:  2.648094415664673
Test Loss: 0.0000, Test Accuracy: 0.9967, Energy: -5450031.0
Time taken:  2.7235639095306396
Test Loss: 0.0000, Test Accuracy: 0.9967, Energy: -5450410.5
Time taken:  2.7850399017333984
Test Loss: 0.0000, Test Accuracy: 0.9967, Energy: -5450713.0
Time taken:  2.7444331645965576
Test Loss: 0.0000, Test Accuracy: 0.9967, Energy: -5450838.5
Time taken:  2.7197883129119873
Test Loss: 0.0000, Test Accuracy: 0.9967, Energy: -5450964.5
Time taken:  2.749260187149048
Test Loss: 0.0000, Test Accuracy: 0.9967, Energy: -5450909.0
Time taken:  2.653047561645508
Test Loss: 0.0000, Test Accuracy: 0.9967, Energy: -5450438.5
Time taken:  2.6786210536956787
Test Loss: 0.0000, Test Accuracy: 0.9967, Energy: -5450174.0
Time taken:  2.675248146057129
Test Loss: 0.0000, Test Accuracy: 0.9967, Energy: -5449587.0
Time taken:  2.7177188396453857
Test Loss: 0.0000, Test Accuracy: 0.9967, Energy: -5449413.0
Time taken:  2.671976089477539
Test Loss: 0.0000, Test Accuracy: 0.9967, Energy: -5448438.0
Time taken:  2.694567918777466
Test Loss: 0.0000, Test Accuracy: 0.9967, Energy: -5448426.5
Time taken:  2.662574529647827
Test Loss: 0.0000, Test Accuracy: 0.9967, Energy: -5448031.0
Time taken:  2.625441551208496
Test Loss: 0.0000, Test Accuracy: 0.9967, Energy: -5447855.0
Time taken:  2.65897274017334
Test Loss: 0.0000, Test Accuracy: 0.9967, Energy: -5447418.5
Time taken:  2.6677606105804443
Test Loss: 0.0000, Test Accuracy: 0.9967, Energy: -5447338.5
Time taken:  2.6845271587371826
Test Loss: 0.0000, Test Accuracy: 0.9967, Energy: -5447171.5
Time taken:  2.646712064743042
Test Loss: 0.0000, Test Accuracy: 0.9967, Energy: -5447039.5
Time taken:  2.6289291381835938
Test Loss: 0.0000, Test Accuracy: 0.9967, Energy: -5446917.5
Time taken:  2.763244867324829
Test Loss: 0.0000, Test Accuracy: 0.9967, Energy: -5446763.5
Time taken:  2.7142419815063477
Test Loss: 0.0000, Test Accuracy: 0.9967, Energy: -5446291.5
Time taken:  2.6878466606140137
Test Loss: 0.0000, Test Accuracy: 0.9967, Energy: -5446278.5
Time taken:  2.7034316062927246
Test Loss: 0.0000, Test Accuracy: 0.9967, Energy: -5446236.5
Time taken:  2.6977651119232178
Test Loss: 0.0000, Test Accuracy: 0.9967, Energy: -5446130.5
Time taken:  2.7791895866394043
Test Loss: 0.0000, Test Accuracy: 0.9967, Energy: -5446018.5
Time taken:  2.734373092651367
Test Loss: 0.0000, Test Accuracy: 0.9967, Energy: -5445971.0
Time taken:  2.7172577381134033
Test Loss: 0.0000, Test Accuracy: 0.9967, Energy: -5445937.0
Time taken:  2.7526984214782715
Test Loss: 0.0000, Test Accuracy: 0.9967, Energy: -5445963.5
Time taken:  2.8031277656555176
Test Loss: 0.0000, Test Accuracy: 0.9967, Energy: -5445910.5
Time taken:  2.797445058822632
Test Loss: 0.0000, Test Accuracy: 0.9967, Energy: -5445872.0
Time taken:  2.771850109100342
Test Loss: 0.0000, Test Accuracy: 0.9967, Energy: -5445837.5
Time taken:  2.834282875061035
Test Loss: 0.0000, Test Accuracy: 0.9967, Energy: -5445553.0
Time taken:  2.8274223804473877
Test Loss: 0.0000, Test Accuracy: 0.9967, Energy: -5445009.0
Time taken:  2.891939878463745
Test Loss: 0.0000, Test Accuracy: 0.9967, Energy: -5443964.0
Time taken:  2.830275058746338
Test Loss: 0.0000, Test Accuracy: 0.9967, Energy: -5443555.0
Time taken:  2.8587872982025146
Test Loss: 0.0000, Test Accuracy: 0.9967, Energy: -5443099.0
Time taken:  2.850783586502075
Test Loss: 0.0000, Test Accuracy: 0.9967, Energy: -5442507.5
Time taken:  2.8578224182128906
Test Loss: 0.0000, Test Accuracy: 0.9967, Energy: -5442259.0
Time taken:  2.869241714477539
Test Loss: 0.0000, Test Accuracy: 0.9967, Energy: -5442075.0
Time taken:  2.78934645652771
Test Loss: 0.0000, Test Accuracy: 0.9967, Energy: -5441854.0
Time taken:  2.8515007495880127
Test Loss: 0.0000, Test Accuracy: 0.9967, Energy: -5441718.0
Time taken:  2.7906084060668945
Test Loss: 0.0000, Test Accuracy: 0.9967, Energy: -5441534.5
Time taken:  2.826721429824829
Test Loss: 0.0000, Test Accuracy: 0.9967, Energy: -5441462.5
Time taken:  2.820232391357422
Test Loss: 0.0000, Test Accuracy: 0.9967, Energy: -5441340.0
Time taken:  2.8429746627807617
Test Loss: 0.0000, Test Accuracy: 0.9967, Energy: -5441311.0
Time taken:  2.896315097808838
Test Loss: 0.0000, Test Accuracy: 0.9967, Energy: -5441226.5
Time taken:  2.8646979331970215
Test Loss: 0.0000, Test Accuracy: 0.9967, Energy: -5441222.5
Time taken:  2.861201763153076
Test Loss: 0.0000, Test Accuracy: 0.9967, Energy: -5441149.0
Time taken:  2.9141573905944824
Test Loss: 0.0000, Test Accuracy: 0.9967, Energy: -5441116.5
Time taken:  2.9670047760009766
Test Loss: 0.0000, Test Accuracy: 0.9967, Energy: -5441034.5
Time taken:  2.8226351737976074
Test Loss: 0.0000, Test Accuracy: 0.9967, Energy: -5441031.0
Time taken:  2.9390971660614014
Test Loss: 0.0000, Test Accuracy: 0.9967, Energy: -5441015.5
Time taken:  2.96708607673645
Test Loss: 0.0000, Test Accuracy: 0.9967, Energy: -5441019.5
Time taken:  2.8818318843841553
Test Loss: 0.0000, Test Accuracy: 0.9967, Energy: -5441017.5
Time taken:  2.9067091941833496
Test Loss: 0.0000, Test Accuracy: 0.9967, Energy: -5441009.0
Time taken:  2.745317220687866
Test Loss: 0.0000, Test Accuracy: 0.9967, Energy: -5440998.0
Time taken:  2.9319465160369873
Test Loss: 0.0000, Test Accuracy: 0.9967, Energy: -5440898.0
Time taken:  2.831746816635132
Test Loss: 0.0000, Test Accuracy: 0.9967, Energy: -5440903.0
Time taken:  2.084167242050171
Test Loss: 0.0000, Test Accuracy: 0.9967, Energy: -5440905.5
Time taken:  1.5999259948730469
Test Loss: 0.0000, Test Accuracy: 0.9967, Energy: -5440920.0
Time taken:  1.393303394317627
Final accuracies: [0.98, 1.0, 1.0, 1.0, 0.9966666666666667, 0.9966666666666667, 0.9933333333333333, 0.99, 0.9866666666666667, 0.99, 0.99, 0.99, 0.9933333333333333, 0.9933333333333333, 0.9933333333333333, 0.9933333333333333, 0.9933333333333333, 0.9933333333333333, 0.9933333333333333, 0.9966666666666667, 0.9933333333333333, 0.9966666666666667, 0.9966666666666667, 0.9966666666666667, 0.9966666666666667, 0.9966666666666667, 0.9966666666666667, 0.9966666666666667, 0.9966666666666667, 0.9966666666666667, 0.9966666666666667, 0.9966666666666667, 0.9966666666666667, 0.9966666666666667, 0.9966666666666667, 0.9966666666666667, 0.9966666666666667, 0.9966666666666667, 0.9966666666666667, 0.9966666666666667, 0.9966666666666667, 0.9966666666666667, 0.9966666666666667, 0.9966666666666667, 0.9966666666666667, 0.9966666666666667, 0.9966666666666667, 0.9966666666666667, 0.9966666666666667, 0.9966666666666667, 0.9966666666666667, 0.9966666666666667, 0.9966666666666667, 0.9966666666666667, 0.9966666666666667, 0.9966666666666667, 0.9966666666666667, 0.9966666666666667, 0.9966666666666667, 0.9966666666666667, 0.9966666666666667, 0.9966666666666667, 0.9966666666666667, 0.9966666666666667, 0.9966666666666667, 0.9966666666666667, 0.9966666666666667, 0.9966666666666667, 0.9966666666666667, 0.9966666666666667, 0.9966666666666667, 0.9966666666666667, 0.9966666666666667, 0.9966666666666667, 0.9966666666666667, 0.9966666666666667, 0.9966666666666667, 0.9966666666666667, 0.9966666666666667, 0.9966666666666667, 0.9966666666666667, 0.9966666666666667, 0.9966666666666667, 0.9966666666666667, 0.9966666666666667, 0.9966666666666667, 0.9966666666666667, 0.9966666666666667, 0.9966666666666667, 0.9966666666666667, 0.9966666666666667, 0.9966666666666667, 0.9966666666666667, 0.9966666666666667, 0.9966666666666667, 0.9966666666666667, 0.9966666666666667, 0.9966666666666667, 0.9966666666666667, 0.9966666666666667]
Final energies: [-104143.71875, -1154772.625, -1967159.375, -2658032.5, -3196241.0, -3613116.5, -3947639.5, -4219011.0, -4444145.0, -4614624.0, -4759129.0, -4880226.5, -4978919.0, -5061731.5, -5130103.0, -5186510.5, -5232571.0, -5270923.5, -5300844.0, -5327350.0, -5350595.5, -5369237.5, -5383508.0, -5394864.0, -5404243.0, -5413001.0, -5419715.5, -5425108.0, -5430040.5, -5434522.5, -5437579.0, -5440356.5, -5442609.5, -5444264.5, -5445482.5, -5446767.0, -5447720.5, -5448414.0, -5449079.5, -5449629.0, -5450031.0, -5450410.5, -5450713.0, -5450838.5, -5450964.5, -5450909.0, -5450438.5, -5450174.0, -5449587.0, -5449413.0, -5448438.0, -5448426.5, -5448031.0, -5447855.0, -5447418.5, -5447338.5, -5447171.5, -5447039.5, -5446917.5, -5446763.5, -5446291.5, -5446278.5, -5446236.5, -5446130.5, -5446018.5, -5445971.0, -5445937.0, -5445963.5, -5445910.5, -5445872.0, -5445837.5, -5445553.0, -5445009.0, -5443964.0, -5443555.0, -5443099.0, -5442507.5, -5442259.0, -5442075.0, -5441854.0, -5441718.0, -5441534.5, -5441462.5, -5441340.0, -5441311.0, -5441226.5, -5441222.5, -5441149.0, -5441116.5, -5441034.5, -5441031.0, -5441015.5, -5441019.5, -5441017.5, -5441009.0, -5440998.0, -5440898.0, -5440903.0, -5440905.5, -5440920.0]
