Running with parameters: hidden=100, use_coupled=true, seed=45, lam=0.1, eta=1.0, batch=50
Test Loss: 0.0000, Test Accuracy: 0.9567, Energy: -122368.0078125
Time taken:  2.5014243125915527
Test Loss: 0.0000, Test Accuracy: 1.0000, Energy: -1079978.625
Time taken:  2.5987837314605713
Test Loss: 0.0000, Test Accuracy: 1.0000, Energy: -1779108.875
Time taken:  2.6407315731048584
Test Loss: 0.0000, Test Accuracy: 1.0000, Energy: -2343989.25
Time taken:  2.5735983848571777
Test Loss: 0.0000, Test Accuracy: 1.0000, Energy: -2795100.0
Time taken:  2.554978370666504
Test Loss: 0.0000, Test Accuracy: 0.9967, Energy: -3146274.0
Time taken:  2.480952262878418
Test Loss: 0.0000, Test Accuracy: 0.9967, Energy: -3430192.0
Time taken:  2.5380983352661133
Test Loss: 0.0000, Test Accuracy: 0.9967, Energy: -3660715.0
Time taken:  2.5249385833740234
Test Loss: 0.0000, Test Accuracy: 0.9967, Energy: -3851112.5
Time taken:  2.5660526752471924
Test Loss: 0.0000, Test Accuracy: 0.9967, Energy: -4006721.75
Time taken:  2.5186779499053955
Test Loss: 0.0000, Test Accuracy: 0.9967, Energy: -4137974.0
Time taken:  2.5323290824890137
Test Loss: 0.0000, Test Accuracy: 0.9967, Energy: -4245354.0
Time taken:  2.5656521320343018
Test Loss: 0.0000, Test Accuracy: 0.9967, Energy: -4332517.5
Time taken:  2.5014607906341553
Test Loss: 0.0000, Test Accuracy: 0.9967, Energy: -4409064.0
Time taken:  2.6117448806762695
Test Loss: 0.0000, Test Accuracy: 0.9967, Energy: -4470863.0
Time taken:  2.5549063682556152
Test Loss: 0.0000, Test Accuracy: 0.9967, Energy: -4523912.5
Time taken:  2.48361873626709
Test Loss: 0.0000, Test Accuracy: 0.9967, Energy: -4566312.0
Time taken:  2.6140401363372803
Test Loss: 0.0000, Test Accuracy: 0.9967, Energy: -4601038.5
Time taken:  2.5807511806488037
Test Loss: 0.0000, Test Accuracy: 0.9967, Energy: -4629441.0
Time taken:  2.6066999435424805
Test Loss: 0.0000, Test Accuracy: 0.9967, Energy: -4653187.5
Time taken:  2.6198620796203613
Test Loss: 0.0000, Test Accuracy: 0.9967, Energy: -4672494.5
Time taken:  2.58770751953125
Test Loss: 0.0000, Test Accuracy: 0.9967, Energy: -4688494.5
Time taken:  2.4990618228912354
Test Loss: 0.0000, Test Accuracy: 0.9967, Energy: -4701315.0
Time taken:  2.5501656532287598
Test Loss: 0.0000, Test Accuracy: 0.9967, Energy: -4712941.5
Time taken:  2.582209825515747
Test Loss: 0.0000, Test Accuracy: 0.9967, Energy: -4721921.5
Time taken:  2.5384490489959717
Test Loss: 0.0000, Test Accuracy: 0.9967, Energy: -4729106.0
Time taken:  2.5655345916748047
Test Loss: 0.0000, Test Accuracy: 0.9967, Energy: -4735091.5
Time taken:  2.5413060188293457
Test Loss: 0.0000, Test Accuracy: 0.9967, Energy: -4739373.0
Time taken:  2.5793704986572266
Test Loss: 0.0000, Test Accuracy: 0.9967, Energy: -4743819.0
Time taken:  2.5791518688201904
Test Loss: 0.0000, Test Accuracy: 0.9967, Energy: -4748759.0
Time taken:  2.5461344718933105
Test Loss: 0.0000, Test Accuracy: 0.9967, Energy: -4753264.5
Time taken:  2.5561277866363525
Test Loss: 0.0000, Test Accuracy: 0.9967, Energy: -4756619.0
Time taken:  2.5547404289245605
Test Loss: 0.0000, Test Accuracy: 0.9967, Energy: -4759463.5
Time taken:  2.5724048614501953
Test Loss: 0.0000, Test Accuracy: 0.9967, Energy: -4761536.5
Time taken:  2.5947303771972656
Test Loss: 0.0000, Test Accuracy: 0.9967, Energy: -4762914.0
Time taken:  2.559520959854126
Test Loss: 0.0000, Test Accuracy: 0.9967, Energy: -4765154.0
Time taken:  2.589630603790283
Test Loss: 0.0000, Test Accuracy: 0.9967, Energy: -4767315.5
Time taken:  2.6601402759552
Test Loss: 0.0000, Test Accuracy: 0.9967, Energy: -4769746.0
Time taken:  2.5848355293273926
Test Loss: 0.0000, Test Accuracy: 0.9967, Energy: -4772645.0
Time taken:  2.587819814682007
Test Loss: 0.0000, Test Accuracy: 0.9967, Energy: -4775456.5
Time taken:  2.513859510421753
Test Loss: 0.0000, Test Accuracy: 0.9967, Energy: -4777139.5
Time taken:  2.571782112121582
Test Loss: 0.0000, Test Accuracy: 0.9967, Energy: -4778848.0
Time taken:  2.644848585128784
Test Loss: 0.0000, Test Accuracy: 0.9967, Energy: -4780043.5
Time taken:  2.668569803237915
Test Loss: 0.0000, Test Accuracy: 0.9967, Energy: -4780948.0
Time taken:  2.6152966022491455
Test Loss: 0.0000, Test Accuracy: 0.9967, Energy: -4781679.5
Time taken:  2.6091105937957764
Test Loss: 0.0000, Test Accuracy: 0.9967, Energy: -4782281.5
Time taken:  2.671438217163086
Test Loss: 0.0000, Test Accuracy: 0.9967, Energy: -4782857.5
Time taken:  2.5203945636749268
Test Loss: 0.0000, Test Accuracy: 0.9967, Energy: -4783208.0
Time taken:  2.5540575981140137
Test Loss: 0.0000, Test Accuracy: 0.9967, Energy: -4783564.0
Time taken:  2.5555739402770996
Test Loss: 0.0000, Test Accuracy: 0.9967, Energy: -4783859.0
Time taken:  2.564889430999756
Test Loss: 0.0000, Test Accuracy: 0.9967, Energy: -4784154.5
Time taken:  2.5359549522399902
Test Loss: 0.0000, Test Accuracy: 0.9967, Energy: -4784489.0
Time taken:  2.5623691082000732
Test Loss: 0.0000, Test Accuracy: 0.9967, Energy: -4784639.0
Time taken:  2.529425621032715
Test Loss: 0.0000, Test Accuracy: 0.9967, Energy: -4784759.5
Time taken:  2.4798026084899902
Test Loss: 0.0000, Test Accuracy: 0.9967, Energy: -4784826.5
Time taken:  2.5646724700927734
Test Loss: 0.0000, Test Accuracy: 0.9967, Energy: -4784931.0
Time taken:  2.643613338470459
Test Loss: 0.0000, Test Accuracy: 0.9967, Energy: -4785050.0
Time taken:  2.527967691421509
Test Loss: 0.0000, Test Accuracy: 0.9967, Energy: -4785096.5
Time taken:  2.5768394470214844
Test Loss: 0.0000, Test Accuracy: 0.9967, Energy: -4785131.5
Time taken:  2.5225367546081543
Test Loss: 0.0000, Test Accuracy: 0.9967, Energy: -4785157.5
Time taken:  2.588989496231079
Test Loss: 0.0000, Test Accuracy: 0.9967, Energy: -4785174.5
Time taken:  2.6222217082977295
Test Loss: 0.0000, Test Accuracy: 0.9967, Energy: -4785139.5
Time taken:  2.6144394874572754
Test Loss: 0.0000, Test Accuracy: 0.9967, Energy: -4785142.0
Time taken:  2.601025342941284
Test Loss: 0.0000, Test Accuracy: 0.9967, Energy: -4785138.0
Time taken:  2.609602212905884
Test Loss: 0.0000, Test Accuracy: 0.9967, Energy: -4785105.0
Time taken:  2.6121275424957275
Test Loss: 0.0000, Test Accuracy: 0.9967, Energy: -4785105.5
Time taken:  2.618044376373291
Test Loss: 0.0000, Test Accuracy: 0.9967, Energy: -4785113.0
Time taken:  2.6305460929870605
Test Loss: 0.0000, Test Accuracy: 0.9967, Energy: -4785140.0
Time taken:  2.5749707221984863
Test Loss: 0.0000, Test Accuracy: 0.9967, Energy: -4785171.5
Time taken:  2.6800243854522705
Test Loss: 0.0000, Test Accuracy: 0.9967, Energy: -4785172.0
Time taken:  2.6667251586914062
Test Loss: 0.0000, Test Accuracy: 0.9967, Energy: -4785155.0
Time taken:  2.6912851333618164
Test Loss: 0.0000, Test Accuracy: 0.9967, Energy: -4785159.5
Time taken:  2.7148942947387695
Test Loss: 0.0000, Test Accuracy: 0.9967, Energy: -4785161.0
Time taken:  2.7108991146087646
Test Loss: 0.0000, Test Accuracy: 0.9967, Energy: -4785148.5
Time taken:  2.7105588912963867
Test Loss: 0.0000, Test Accuracy: 0.9967, Energy: -4785150.5
Time taken:  2.7437686920166016
Test Loss: 0.0000, Test Accuracy: 0.9967, Energy: -4785151.0
Time taken:  2.6672415733337402
Test Loss: 0.0000, Test Accuracy: 0.9967, Energy: -4785152.0
Time taken:  2.742912769317627
Test Loss: 0.0000, Test Accuracy: 0.9967, Energy: -4785152.0
Time taken:  2.714132308959961
Test Loss: 0.0000, Test Accuracy: 0.9967, Energy: -4785153.0
Time taken:  2.730496644973755
Test Loss: 0.0000, Test Accuracy: 0.9967, Energy: -4785153.5
Time taken:  2.7194597721099854
Test Loss: 0.0000, Test Accuracy: 0.9967, Energy: -4785153.5
Time taken:  2.65761661529541
Test Loss: 0.0000, Test Accuracy: 0.9967, Energy: -4785153.5
Time taken:  2.72987961769104
Test Loss: 0.0000, Test Accuracy: 0.9967, Energy: -4785154.0
Time taken:  2.7022430896759033
Test Loss: 0.0000, Test Accuracy: 0.9967, Energy: -4785154.0
Time taken:  2.73018741607666
Test Loss: 0.0000, Test Accuracy: 0.9967, Energy: -4785154.5
Time taken:  2.6739919185638428
Test Loss: 0.0000, Test Accuracy: 0.9967, Energy: -4785155.0
Time taken:  2.720189332962036
Test Loss: 0.0000, Test Accuracy: 0.9967, Energy: -4785152.0
Time taken:  2.7760672569274902
Test Loss: 0.0000, Test Accuracy: 0.9967, Energy: -4785152.0
Time taken:  2.74137806892395
Test Loss: 0.0000, Test Accuracy: 0.9967, Energy: -4785145.0
Time taken:  2.7679755687713623
Test Loss: 0.0000, Test Accuracy: 0.9967, Energy: -4785145.0
Time taken:  2.728018283843994
Test Loss: 0.0000, Test Accuracy: 0.9967, Energy: -4785145.0
Time taken:  2.8158559799194336
Test Loss: 0.0000, Test Accuracy: 0.9967, Energy: -4785135.0
Time taken:  2.841326951980591
Test Loss: 0.0000, Test Accuracy: 0.9967, Energy: -4785135.0
Time taken:  2.6854896545410156
Test Loss: 0.0000, Test Accuracy: 0.9967, Energy: -4785135.0
Time taken:  2.8643276691436768
Test Loss: 0.0000, Test Accuracy: 0.9967, Energy: -4785135.0
Time taken:  2.8264663219451904
Test Loss: 0.0000, Test Accuracy: 0.9967, Energy: -4785135.0
Time taken:  2.7346763610839844
Test Loss: 0.0000, Test Accuracy: 0.9967, Energy: -4785135.0
Time taken:  2.8019368648529053
Test Loss: 0.0000, Test Accuracy: 0.9967, Energy: -4785135.0
Time taken:  2.621204137802124
Test Loss: 0.0000, Test Accuracy: 0.9967, Energy: -4785135.0
Time taken:  2.8151352405548096
Test Loss: 0.0000, Test Accuracy: 0.9967, Energy: -4785135.0
Time taken:  2.7712790966033936
Final accuracies: [0.9566666666666667, 1.0, 1.0, 1.0, 1.0, 0.9966666666666667, 0.9966666666666667, 0.9966666666666667, 0.9966666666666667, 0.9966666666666667, 0.9966666666666667, 0.9966666666666667, 0.9966666666666667, 0.9966666666666667, 0.9966666666666667, 0.9966666666666667, 0.9966666666666667, 0.9966666666666667, 0.9966666666666667, 0.9966666666666667, 0.9966666666666667, 0.9966666666666667, 0.9966666666666667, 0.9966666666666667, 0.9966666666666667, 0.9966666666666667, 0.9966666666666667, 0.9966666666666667, 0.9966666666666667, 0.9966666666666667, 0.9966666666666667, 0.9966666666666667, 0.9966666666666667, 0.9966666666666667, 0.9966666666666667, 0.9966666666666667, 0.9966666666666667, 0.9966666666666667, 0.9966666666666667, 0.9966666666666667, 0.9966666666666667, 0.9966666666666667, 0.9966666666666667, 0.9966666666666667, 0.9966666666666667, 0.9966666666666667, 0.9966666666666667, 0.9966666666666667, 0.9966666666666667, 0.9966666666666667, 0.9966666666666667, 0.9966666666666667, 0.9966666666666667, 0.9966666666666667, 0.9966666666666667, 0.9966666666666667, 0.9966666666666667, 0.9966666666666667, 0.9966666666666667, 0.9966666666666667, 0.9966666666666667, 0.9966666666666667, 0.9966666666666667, 0.9966666666666667, 0.9966666666666667, 0.9966666666666667, 0.9966666666666667, 0.9966666666666667, 0.9966666666666667, 0.9966666666666667, 0.9966666666666667, 0.9966666666666667, 0.9966666666666667, 0.9966666666666667, 0.9966666666666667, 0.9966666666666667, 0.9966666666666667, 0.9966666666666667, 0.9966666666666667, 0.9966666666666667, 0.9966666666666667, 0.9966666666666667, 0.9966666666666667, 0.9966666666666667, 0.9966666666666667, 0.9966666666666667, 0.9966666666666667, 0.9966666666666667, 0.9966666666666667, 0.9966666666666667, 0.9966666666666667, 0.9966666666666667, 0.9966666666666667, 0.9966666666666667, 0.9966666666666667, 0.9966666666666667, 0.9966666666666667, 0.9966666666666667, 0.9966666666666667, 0.9966666666666667]
Final energies: [-122368.0078125, -1079978.625, -1779108.875, -2343989.25, -2795100.0, -3146274.0, -3430192.0, -3660715.0, -3851112.5, -4006721.75, -4137974.0, -4245354.0, -4332517.5, -4409064.0, -4470863.0, -4523912.5, -4566312.0, -4601038.5, -4629441.0, -4653187.5, -4672494.5, -4688494.5, -4701315.0, -4712941.5, -4721921.5, -4729106.0, -4735091.5, -4739373.0, -4743819.0, -4748759.0, -4753264.5, -4756619.0, -4759463.5, -4761536.5, -4762914.0, -4765154.0, -4767315.5, -4769746.0, -4772645.0, -4775456.5, -4777139.5, -4778848.0, -4780043.5, -4780948.0, -4781679.5, -4782281.5, -4782857.5, -4783208.0, -4783564.0, -4783859.0, -4784154.5, -4784489.0, -4784639.0, -4784759.5, -4784826.5, -4784931.0, -4785050.0, -4785096.5, -4785131.5, -4785157.5, -4785174.5, -4785139.5, -4785142.0, -4785138.0, -4785105.0, -4785105.5, -4785113.0, -4785140.0, -4785171.5, -4785172.0, -4785155.0, -4785159.5, -4785161.0, -4785148.5, -4785150.5, -4785151.0, -4785152.0, -4785152.0, -4785153.0, -4785153.5, -4785153.5, -4785153.5, -4785154.0, -4785154.0, -4785154.5, -4785155.0, -4785152.0, -4785152.0, -4785145.0, -4785145.0, -4785145.0, -4785135.0, -4785135.0, -4785135.0, -4785135.0, -4785135.0, -4785135.0, -4785135.0, -4785135.0, -4785135.0]
