Running with parameters: hidden=100, use_coupled=true, seed=12, lam=0.0, eta=1.0, batch=50
Test Loss: 0.0000, Test Accuracy: 1.0000, Energy: -39736.67578125
Time taken:  2.671247959136963
Test Loss: 0.0000, Test Accuracy: 1.0000, Energy: -640955.4375
Time taken:  2.743504762649536
Test Loss: 0.0000, Test Accuracy: 0.9967, Energy: -1185846.875
Time taken:  2.7854418754577637
Test Loss: 0.0000, Test Accuracy: 0.9967, Energy: -1634815.5
Time taken:  2.7333879470825195
Test Loss: 0.0000, Test Accuracy: 0.9967, Energy: -1986970.25
Time taken:  2.7571446895599365
Test Loss: 0.0000, Test Accuracy: 0.9967, Energy: -2274057.75
Time taken:  2.775697946548462
Test Loss: 0.0000, Test Accuracy: 0.9967, Energy: -2507720.25
Time taken:  2.727236747741699
Test Loss: 0.0000, Test Accuracy: 0.9967, Energy: -2698695.5
Time taken:  2.7435836791992188
Test Loss: 0.0000, Test Accuracy: 0.9967, Energy: -2855130.75
Time taken:  2.7333364486694336
Test Loss: 0.0000, Test Accuracy: 0.9967, Energy: -2984206.75
Time taken:  2.8203542232513428
Test Loss: 0.0000, Test Accuracy: 0.9967, Energy: -3092153.0
Time taken:  2.7544846534729004
Test Loss: 0.0000, Test Accuracy: 0.9967, Energy: -3179207.25
Time taken:  2.759230852127075
Test Loss: 0.0000, Test Accuracy: 0.9967, Energy: -3253196.0
Time taken:  2.755223274230957
Test Loss: 0.0000, Test Accuracy: 0.9967, Energy: -3313125.0
Time taken:  2.7817349433898926
Test Loss: 0.0000, Test Accuracy: 0.9967, Energy: -3364056.25
Time taken:  2.7691457271575928
Test Loss: 0.0000, Test Accuracy: 0.9967, Energy: -3405108.75
Time taken:  2.7726783752441406
Test Loss: 0.0000, Test Accuracy: 0.9967, Energy: -3439500.5
Time taken:  2.7617125511169434
Test Loss: 0.0000, Test Accuracy: 0.9967, Energy: -3467964.0
Time taken:  2.7759554386138916
Test Loss: 0.0000, Test Accuracy: 0.9967, Energy: -3491529.75
Time taken:  2.7559735774993896
Test Loss: 0.0000, Test Accuracy: 0.9967, Energy: -3510707.5
Time taken:  2.8256430625915527
Test Loss: 0.0000, Test Accuracy: 0.9967, Energy: -3527480.0
Time taken:  2.764326572418213
Test Loss: 0.0000, Test Accuracy: 0.9967, Energy: -3540320.0
Time taken:  2.69211745262146
Test Loss: 0.0000, Test Accuracy: 0.9967, Energy: -3551562.0
Time taken:  2.784442901611328
Test Loss: 0.0000, Test Accuracy: 0.9967, Energy: -3561213.75
Time taken:  2.782325506210327
Test Loss: 0.0000, Test Accuracy: 0.9967, Energy: -3568628.5
Time taken:  2.7642011642456055
Test Loss: 0.0000, Test Accuracy: 0.9967, Energy: -3574355.0
Time taken:  2.7778947353363037
Test Loss: 0.0000, Test Accuracy: 0.9967, Energy: -3579894.75
Time taken:  2.7801852226257324
Test Loss: 0.0000, Test Accuracy: 0.9967, Energy: -3583814.5
Time taken:  2.730696439743042
Test Loss: 0.0000, Test Accuracy: 0.9967, Energy: -3587475.5
Time taken:  2.7824554443359375
Test Loss: 0.0000, Test Accuracy: 0.9967, Energy: -3590542.75
Time taken:  2.7475597858428955
Test Loss: 0.0000, Test Accuracy: 0.9967, Energy: -3592884.0
Time taken:  2.766547203063965
Test Loss: 0.0000, Test Accuracy: 0.9967, Energy: -3594775.75
Time taken:  2.7806150913238525
Test Loss: 0.0000, Test Accuracy: 0.9967, Energy: -3596387.0
Time taken:  2.7821946144104004
Test Loss: 0.0000, Test Accuracy: 0.9967, Energy: -3597532.0
Time taken:  2.832033634185791
Test Loss: 0.0000, Test Accuracy: 0.9967, Energy: -3598735.75
Time taken:  2.8047873973846436
Test Loss: 0.0000, Test Accuracy: 0.9967, Energy: -3599667.75
Time taken:  2.808058023452759
Test Loss: 0.0000, Test Accuracy: 0.9967, Energy: -3600307.0
Time taken:  2.7389285564422607
Test Loss: 0.0000, Test Accuracy: 0.9967, Energy: -3600788.5
Time taken:  2.768782377243042
Test Loss: 0.0000, Test Accuracy: 0.9967, Energy: -3601323.0
Time taken:  2.772761821746826
Test Loss: 0.0000, Test Accuracy: 0.9967, Energy: -3601821.0
Time taken:  2.7745001316070557
Test Loss: 0.0000, Test Accuracy: 0.9967, Energy: -3602076.5
Time taken:  2.788285970687866
Test Loss: 0.0000, Test Accuracy: 0.9967, Energy: -3602105.75
Time taken:  2.783527135848999
Test Loss: 0.0000, Test Accuracy: 0.9967, Energy: -3602340.0
Time taken:  2.7562785148620605
Test Loss: 0.0000, Test Accuracy: 0.9967, Energy: -3602509.0
Time taken:  2.716890335083008
Test Loss: 0.0000, Test Accuracy: 0.9967, Energy: -3602620.25
Time taken:  2.73344349861145
Test Loss: 0.0000, Test Accuracy: 0.9967, Energy: -3602757.0
Time taken:  2.7841639518737793
Test Loss: 0.0000, Test Accuracy: 0.9967, Energy: -3602865.0
Time taken:  2.7877182960510254
Test Loss: 0.0000, Test Accuracy: 0.9967, Energy: -3602925.25
Time taken:  2.8103220462799072
Test Loss: 0.0000, Test Accuracy: 0.9967, Energy: -3602873.25
Time taken:  2.7833945751190186
Test Loss: 0.0000, Test Accuracy: 0.9967, Energy: -3602906.5
Time taken:  2.77323579788208
Test Loss: 0.0000, Test Accuracy: 0.9967, Energy: -3603080.25
Time taken:  2.7302372455596924
Test Loss: 0.0000, Test Accuracy: 0.9967, Energy: -3602557.75
Time taken:  2.7226297855377197
Test Loss: 0.0000, Test Accuracy: 0.9967, Energy: -3602580.25
Time taken:  2.785062313079834
Test Loss: 0.0000, Test Accuracy: 0.9967, Energy: -3602556.0
Time taken:  2.782808542251587
Test Loss: 0.0000, Test Accuracy: 0.9967, Energy: -3602570.75
Time taken:  2.801755666732788
Test Loss: 0.0000, Test Accuracy: 0.9967, Energy: -3602552.0
Time taken:  2.8108129501342773
Test Loss: 0.0000, Test Accuracy: 0.9967, Energy: -3602617.0
Time taken:  2.7993276119232178
Test Loss: 0.0000, Test Accuracy: 0.9967, Energy: -3602483.75
Time taken:  2.7472336292266846
Test Loss: 0.0000, Test Accuracy: 0.9967, Energy: -3602476.5
Time taken:  2.7975337505340576
Test Loss: 0.0000, Test Accuracy: 0.9967, Energy: -3602451.75
Time taken:  2.767428159713745
Test Loss: 0.0000, Test Accuracy: 0.9967, Energy: -3602394.75
Time taken:  2.843142032623291
Test Loss: 0.0000, Test Accuracy: 0.9967, Energy: -3602363.0
Time taken:  2.731743574142456
Test Loss: 0.0000, Test Accuracy: 0.9967, Energy: -3602365.75
Time taken:  2.7923927307128906
Test Loss: 0.0000, Test Accuracy: 0.9967, Energy: -3602364.75
Time taken:  2.7817165851593018
Test Loss: 0.0000, Test Accuracy: 0.9967, Energy: -3602307.0
Time taken:  2.7534048557281494
Test Loss: 0.0000, Test Accuracy: 0.9967, Energy: -3602294.5
Time taken:  2.8006298542022705
Test Loss: 0.0000, Test Accuracy: 0.9967, Energy: -3602172.5
Time taken:  2.8384628295898438
Test Loss: 0.0000, Test Accuracy: 0.9967, Energy: -3602151.5
Time taken:  2.829427719116211
Test Loss: 0.0000, Test Accuracy: 0.9967, Energy: -3602080.75
Time taken:  2.7731688022613525
Test Loss: 0.0000, Test Accuracy: 0.9967, Energy: -3602128.5
Time taken:  2.730886697769165
Test Loss: 0.0000, Test Accuracy: 0.9967, Energy: -3602111.5
Time taken:  2.8308258056640625
Test Loss: 0.0000, Test Accuracy: 0.9967, Energy: -3602072.25
Time taken:  2.7631688117980957
Test Loss: 0.0000, Test Accuracy: 0.9967, Energy: -3602020.5
Time taken:  2.73816180229187
Test Loss: 0.0000, Test Accuracy: 0.9967, Energy: -3602118.0
Time taken:  2.8257789611816406
Test Loss: 0.0000, Test Accuracy: 0.9967, Energy: -3602080.5
Time taken:  2.8016295433044434
Test Loss: 0.0000, Test Accuracy: 0.9967, Energy: -3602072.75
Time taken:  2.78882098197937
Test Loss: 0.0000, Test Accuracy: 0.9967, Energy: -3602001.0
Time taken:  2.764625072479248
Test Loss: 0.0000, Test Accuracy: 0.9967, Energy: -3602005.25
Time taken:  2.7639217376708984
Test Loss: 0.0000, Test Accuracy: 0.9967, Energy: -3601990.5
Time taken:  2.775989294052124
Test Loss: 0.0000, Test Accuracy: 0.9967, Energy: -3601935.0
Time taken:  2.796048641204834
Test Loss: 0.0000, Test Accuracy: 0.9967, Energy: -3601920.0
Time taken:  2.813284397125244
Test Loss: 0.0000, Test Accuracy: 0.9967, Energy: -3601897.75
Time taken:  2.7940430641174316
Test Loss: 0.0000, Test Accuracy: 0.9967, Energy: -3601829.5
Time taken:  2.7874245643615723
Test Loss: 0.0000, Test Accuracy: 0.9967, Energy: -3601804.25
Time taken:  2.7680680751800537
Test Loss: 0.0000, Test Accuracy: 0.9967, Energy: -3601789.25
Time taken:  2.7602715492248535
Test Loss: 0.0000, Test Accuracy: 0.9967, Energy: -3601771.75
Time taken:  2.732891321182251
Test Loss: 0.0000, Test Accuracy: 0.9967, Energy: -3601816.5
Time taken:  2.7473015785217285
Test Loss: 0.0000, Test Accuracy: 0.9967, Energy: -3601796.0
Time taken:  2.8411808013916016
Test Loss: 0.0000, Test Accuracy: 0.9967, Energy: -3601556.0
Time taken:  2.8275887966156006
Test Loss: 0.0000, Test Accuracy: 0.9967, Energy: -3601499.5
Time taken:  2.757791757583618
Test Loss: 0.0000, Test Accuracy: 0.9967, Energy: -3601485.25
Time taken:  2.8183164596557617
Test Loss: 0.0000, Test Accuracy: 0.9967, Energy: -3601522.25
Time taken:  2.784533977508545
Test Loss: 0.0000, Test Accuracy: 0.9967, Energy: -3601510.75
Time taken:  2.778423309326172
Test Loss: 0.0000, Test Accuracy: 0.9967, Energy: -3601488.0
Time taken:  2.8073890209198
Test Loss: 0.0000, Test Accuracy: 0.9967, Energy: -3601440.0
Time taken:  2.751650333404541
Test Loss: 0.0000, Test Accuracy: 0.9967, Energy: -3601424.0
Time taken:  2.7409777641296387
Test Loss: 0.0000, Test Accuracy: 0.9967, Energy: -3601410.0
Time taken:  2.742002010345459
Test Loss: 0.0000, Test Accuracy: 0.9967, Energy: -3601395.75
Time taken:  2.787623882293701
Test Loss: 0.0000, Test Accuracy: 0.9967, Energy: -3601418.75
Time taken:  2.7712080478668213
Test Loss: 0.0000, Test Accuracy: 0.9967, Energy: -3601401.5
Time taken:  2.5147578716278076
Final accuracies: [1.0, 1.0, 0.9966666666666667, 0.9966666666666667, 0.9966666666666667, 0.9966666666666667, 0.9966666666666667, 0.9966666666666667, 0.9966666666666667, 0.9966666666666667, 0.9966666666666667, 0.9966666666666667, 0.9966666666666667, 0.9966666666666667, 0.9966666666666667, 0.9966666666666667, 0.9966666666666667, 0.9966666666666667, 0.9966666666666667, 0.9966666666666667, 0.9966666666666667, 0.9966666666666667, 0.9966666666666667, 0.9966666666666667, 0.9966666666666667, 0.9966666666666667, 0.9966666666666667, 0.9966666666666667, 0.9966666666666667, 0.9966666666666667, 0.9966666666666667, 0.9966666666666667, 0.9966666666666667, 0.9966666666666667, 0.9966666666666667, 0.9966666666666667, 0.9966666666666667, 0.9966666666666667, 0.9966666666666667, 0.9966666666666667, 0.9966666666666667, 0.9966666666666667, 0.9966666666666667, 0.9966666666666667, 0.9966666666666667, 0.9966666666666667, 0.9966666666666667, 0.9966666666666667, 0.9966666666666667, 0.9966666666666667, 0.9966666666666667, 0.9966666666666667, 0.9966666666666667, 0.9966666666666667, 0.9966666666666667, 0.9966666666666667, 0.9966666666666667, 0.9966666666666667, 0.9966666666666667, 0.9966666666666667, 0.9966666666666667, 0.9966666666666667, 0.9966666666666667, 0.9966666666666667, 0.9966666666666667, 0.9966666666666667, 0.9966666666666667, 0.9966666666666667, 0.9966666666666667, 0.9966666666666667, 0.9966666666666667, 0.9966666666666667, 0.9966666666666667, 0.9966666666666667, 0.9966666666666667, 0.9966666666666667, 0.9966666666666667, 0.9966666666666667, 0.9966666666666667, 0.9966666666666667, 0.9966666666666667, 0.9966666666666667, 0.9966666666666667, 0.9966666666666667, 0.9966666666666667, 0.9966666666666667, 0.9966666666666667, 0.9966666666666667, 0.9966666666666667, 0.9966666666666667, 0.9966666666666667, 0.9966666666666667, 0.9966666666666667, 0.9966666666666667, 0.9966666666666667, 0.9966666666666667, 0.9966666666666667, 0.9966666666666667, 0.9966666666666667, 0.9966666666666667]
Final energies: [-39736.67578125, -640955.4375, -1185846.875, -1634815.5, -1986970.25, -2274057.75, -2507720.25, -2698695.5, -2855130.75, -2984206.75, -3092153.0, -3179207.25, -3253196.0, -3313125.0, -3364056.25, -3405108.75, -3439500.5, -3467964.0, -3491529.75, -3510707.5, -3527480.0, -3540320.0, -3551562.0, -3561213.75, -3568628.5, -3574355.0, -3579894.75, -3583814.5, -3587475.5, -3590542.75, -3592884.0, -3594775.75, -3596387.0, -3597532.0, -3598735.75, -3599667.75, -3600307.0, -3600788.5, -3601323.0, -3601821.0, -3602076.5, -3602105.75, -3602340.0, -3602509.0, -3602620.25, -3602757.0, -3602865.0, -3602925.25, -3602873.25, -3602906.5, -3603080.25, -3602557.75, -3602580.25, -3602556.0, -3602570.75, -3602552.0, -3602617.0, -3602483.75, -3602476.5, -3602451.75, -3602394.75, -3602363.0, -3602365.75, -3602364.75, -3602307.0, -3602294.5, -3602172.5, -3602151.5, -3602080.75, -3602128.5, -3602111.5, -3602072.25, -3602020.5, -3602118.0, -3602080.5, -3602072.75, -3602001.0, -3602005.25, -3601990.5, -3601935.0, -3601920.0, -3601897.75, -3601829.5, -3601804.25, -3601789.25, -3601771.75, -3601816.5, -3601796.0, -3601556.0, -3601499.5, -3601485.25, -3601522.25, -3601510.75, -3601488.0, -3601440.0, -3601424.0, -3601410.0, -3601395.75, -3601418.75, -3601401.5]
