Running with parameters: hidden=100, use_coupled=true, seed=84, lam=0.0, eta=1.0, batch=50
Test Loss: 0.0000, Test Accuracy: 1.0000, Energy: -45100.6875
Time taken:  2.382917642593384
Test Loss: 0.0000, Test Accuracy: 0.9967, Energy: -696739.375
Time taken:  2.191680669784546
Test Loss: 0.0000, Test Accuracy: 0.9967, Energy: -1241782.5
Time taken:  2.137155771255493
Test Loss: 0.0000, Test Accuracy: 0.9933, Energy: -1668742.75
Time taken:  2.1362149715423584
Test Loss: 0.0000, Test Accuracy: 0.9933, Energy: -2012552.625
Time taken:  2.180767297744751
Test Loss: 0.0000, Test Accuracy: 0.9900, Energy: -2288122.75
Time taken:  2.237112522125244
Test Loss: 0.0000, Test Accuracy: 0.9867, Energy: -2510705.5
Time taken:  2.229546546936035
Test Loss: 0.0000, Test Accuracy: 0.9900, Energy: -2691218.0
Time taken:  2.2248432636260986
Test Loss: 0.0000, Test Accuracy: 0.9900, Energy: -2843545.25
Time taken:  2.2099668979644775
Test Loss: 0.0000, Test Accuracy: 0.9900, Energy: -2970488.5
Time taken:  2.263641119003296
Test Loss: 0.0000, Test Accuracy: 0.9900, Energy: -3076747.75
Time taken:  2.2169861793518066
Test Loss: 0.0000, Test Accuracy: 0.9900, Energy: -3162451.0
Time taken:  2.263178586959839
Test Loss: 0.0000, Test Accuracy: 0.9900, Energy: -3231060.25
Time taken:  2.2478628158569336
Test Loss: 0.0000, Test Accuracy: 0.9900, Energy: -3290680.0
Time taken:  2.288896083831787
Test Loss: 0.0000, Test Accuracy: 0.9900, Energy: -3338525.5
Time taken:  2.2529397010803223
Test Loss: 0.0000, Test Accuracy: 0.9933, Energy: -3379542.5
Time taken:  2.250265121459961
Test Loss: 0.0000, Test Accuracy: 0.9933, Energy: -3413399.5
Time taken:  2.2631096839904785
Test Loss: 0.0000, Test Accuracy: 0.9933, Energy: -3442217.5
Time taken:  2.234221935272217
Test Loss: 0.0000, Test Accuracy: 0.9933, Energy: -3465861.0
Time taken:  2.2510595321655273
Test Loss: 0.0000, Test Accuracy: 0.9933, Energy: -3484639.5
Time taken:  2.250582218170166
Test Loss: 0.0000, Test Accuracy: 0.9933, Energy: -3500156.75
Time taken:  2.2574574947357178
Test Loss: 0.0000, Test Accuracy: 0.9933, Energy: -3513889.5
Time taken:  2.24249005317688
Test Loss: 0.0000, Test Accuracy: 0.9933, Energy: -3524913.0
Time taken:  2.308135986328125
Test Loss: 0.0000, Test Accuracy: 0.9933, Energy: -3534352.5
Time taken:  2.250046968460083
Test Loss: 0.0000, Test Accuracy: 0.9933, Energy: -3542705.25
Time taken:  2.250962495803833
Test Loss: 0.0000, Test Accuracy: 0.9933, Energy: -3549141.25
Time taken:  2.1969120502471924
Test Loss: 0.0000, Test Accuracy: 0.9933, Energy: -3554601.5
Time taken:  2.2399942874908447
Test Loss: 0.0000, Test Accuracy: 0.9933, Energy: -3558963.25
Time taken:  2.257780075073242
Test Loss: 0.0000, Test Accuracy: 0.9933, Energy: -3563150.0
Time taken:  2.221444845199585
Test Loss: 0.0000, Test Accuracy: 0.9933, Energy: -3565816.0
Time taken:  2.217203378677368
Test Loss: 0.0000, Test Accuracy: 0.9933, Energy: -3568221.25
Time taken:  2.2509992122650146
Test Loss: 0.0000, Test Accuracy: 0.9933, Energy: -3570307.0
Time taken:  2.238287925720215
Test Loss: 0.0000, Test Accuracy: 0.9933, Energy: -3571806.5
Time taken:  2.234847068786621
Test Loss: 0.0000, Test Accuracy: 0.9933, Energy: -3572979.25
Time taken:  2.2212255001068115
Test Loss: 0.0000, Test Accuracy: 0.9933, Energy: -3574277.75
Time taken:  2.202848196029663
Test Loss: 0.0000, Test Accuracy: 0.9933, Energy: -3575071.25
Time taken:  2.276503801345825
Test Loss: 0.0000, Test Accuracy: 0.9933, Energy: -3575697.0
Time taken:  2.272822856903076
Test Loss: 0.0000, Test Accuracy: 0.9933, Energy: -3576384.25
Time taken:  2.250790596008301
Test Loss: 0.0000, Test Accuracy: 0.9933, Energy: -3576852.25
Time taken:  2.2466158866882324
Test Loss: 0.0000, Test Accuracy: 0.9933, Energy: -3577282.75
Time taken:  2.1986825466156006
Test Loss: 0.0000, Test Accuracy: 0.9933, Energy: -3577876.5
Time taken:  2.218094825744629
Test Loss: 0.0000, Test Accuracy: 0.9933, Energy: -3578240.0
Time taken:  2.250218629837036
Test Loss: 0.0000, Test Accuracy: 0.9933, Energy: -3578445.0
Time taken:  2.242225170135498
Test Loss: 0.0000, Test Accuracy: 0.9933, Energy: -3578668.5
Time taken:  2.2784266471862793
Test Loss: 0.0000, Test Accuracy: 0.9933, Energy: -3578815.0
Time taken:  2.243265151977539
Test Loss: 0.0000, Test Accuracy: 0.9933, Energy: -3578925.75
Time taken:  2.2279305458068848
Test Loss: 0.0000, Test Accuracy: 0.9933, Energy: -3579052.75
Time taken:  2.2303762435913086
Test Loss: 0.0000, Test Accuracy: 0.9933, Energy: -3579092.25
Time taken:  2.1982972621917725
Test Loss: 0.0000, Test Accuracy: 0.9933, Energy: -3579151.0
Time taken:  2.1645567417144775
Test Loss: 0.0000, Test Accuracy: 0.9933, Energy: -3579156.5
Time taken:  2.218602180480957
Test Loss: 0.0000, Test Accuracy: 0.9933, Energy: -3579209.5
Time taken:  2.1739590167999268
Test Loss: 0.0000, Test Accuracy: 0.9933, Energy: -3579235.25
Time taken:  2.220576763153076
Test Loss: 0.0000, Test Accuracy: 0.9933, Energy: -3579309.0
Time taken:  2.192108392715454
Test Loss: 0.0000, Test Accuracy: 0.9933, Energy: -3579332.5
Time taken:  2.2105162143707275
Test Loss: 0.0000, Test Accuracy: 0.9933, Energy: -3579329.25
Time taken:  2.2172207832336426
Test Loss: 0.0000, Test Accuracy: 0.9933, Energy: -3579362.75
Time taken:  2.269840717315674
Test Loss: 0.0000, Test Accuracy: 0.9933, Energy: -3579382.5
Time taken:  2.255681037902832
Test Loss: 0.0000, Test Accuracy: 0.9933, Energy: -3579392.0
Time taken:  2.223936080932617
Test Loss: 0.0000, Test Accuracy: 0.9933, Energy: -3579400.0
Time taken:  2.2815604209899902
Test Loss: 0.0000, Test Accuracy: 0.9933, Energy: -3579407.0
Time taken:  2.263291835784912
Test Loss: 0.0000, Test Accuracy: 0.9933, Energy: -3579411.5
Time taken:  2.2253215312957764
Test Loss: 0.0000, Test Accuracy: 0.9933, Energy: -3579416.0
Time taken:  2.224733829498291
Test Loss: 0.0000, Test Accuracy: 0.9933, Energy: -3579419.5
Time taken:  2.197194814682007
Test Loss: 0.0000, Test Accuracy: 0.9933, Energy: -3579422.75
Time taken:  2.266386032104492
Test Loss: 0.0000, Test Accuracy: 0.9933, Energy: -3579425.0
Time taken:  2.2756030559539795
Test Loss: 0.0000, Test Accuracy: 0.9933, Energy: -3579427.0
Time taken:  2.245936155319214
Test Loss: 0.0000, Test Accuracy: 0.9933, Energy: -3579428.25
Time taken:  2.2665512561798096
Test Loss: 0.0000, Test Accuracy: 0.9933, Energy: -3579429.5
Time taken:  2.296199083328247
Test Loss: 0.0000, Test Accuracy: 0.9933, Energy: -3579430.5
Time taken:  2.276270627975464
Test Loss: 0.0000, Test Accuracy: 0.9933, Energy: -3579431.75
Time taken:  2.27591872215271
Test Loss: 0.0000, Test Accuracy: 0.9933, Energy: -3579432.0
Time taken:  2.2355833053588867
Test Loss: 0.0000, Test Accuracy: 0.9933, Energy: -3579432.5
Time taken:  2.2087221145629883
Test Loss: 0.0000, Test Accuracy: 0.9933, Energy: -3579433.25
Time taken:  2.215782403945923
Test Loss: 0.0000, Test Accuracy: 0.9933, Energy: -3579433.75
Time taken:  2.249020576477051
Test Loss: 0.0000, Test Accuracy: 0.9933, Energy: -3579433.75
Time taken:  2.2559878826141357
Test Loss: 0.0000, Test Accuracy: 0.9933, Energy: -3579433.75
Time taken:  2.171862840652466
Test Loss: 0.0000, Test Accuracy: 0.9933, Energy: -3579433.75
Time taken:  2.213893413543701
Test Loss: 0.0000, Test Accuracy: 0.9933, Energy: -3579433.75
Time taken:  2.1723475456237793
Test Loss: 0.0000, Test Accuracy: 0.9933, Energy: -3579433.75
Time taken:  2.218266487121582
Test Loss: 0.0000, Test Accuracy: 0.9933, Energy: -3579433.75
Time taken:  2.2063963413238525
Test Loss: 0.0000, Test Accuracy: 0.9933, Energy: -3579433.75
Time taken:  2.2195425033569336
Test Loss: 0.0000, Test Accuracy: 0.9933, Energy: -3579433.75
Time taken:  2.2329137325286865
Test Loss: 0.0000, Test Accuracy: 0.9933, Energy: -3579433.75
Time taken:  2.274043560028076
Test Loss: 0.0000, Test Accuracy: 0.9933, Energy: -3579433.75
Time taken:  2.1350605487823486
Test Loss: 0.0000, Test Accuracy: 0.9933, Energy: -3579433.75
Time taken:  2.2752342224121094
Test Loss: 0.0000, Test Accuracy: 0.9933, Energy: -3579433.75
Time taken:  2.214223861694336
Test Loss: 0.0000, Test Accuracy: 0.9933, Energy: -3579433.75
Time taken:  2.1896884441375732
Test Loss: 0.0000, Test Accuracy: 0.9933, Energy: -3579433.75
Time taken:  2.1995322704315186
Test Loss: 0.0000, Test Accuracy: 0.9933, Energy: -3579433.75
Time taken:  2.2505125999450684
Test Loss: 0.0000, Test Accuracy: 0.9933, Energy: -3579433.75
Time taken:  2.2186665534973145
Test Loss: 0.0000, Test Accuracy: 0.9933, Energy: -3579433.75
Time taken:  2.215275526046753
Test Loss: 0.0000, Test Accuracy: 0.9933, Energy: -3579433.75
Time taken:  2.195706844329834
Test Loss: 0.0000, Test Accuracy: 0.9933, Energy: -3579433.75
Time taken:  2.230868339538574
Test Loss: 0.0000, Test Accuracy: 0.9933, Energy: -3579433.75
Time taken:  2.2387592792510986
Test Loss: 0.0000, Test Accuracy: 0.9933, Energy: -3579433.75
Time taken:  2.2583885192871094
Test Loss: 0.0000, Test Accuracy: 0.9933, Energy: -3579433.75
Time taken:  2.23258376121521
Test Loss: 0.0000, Test Accuracy: 0.9933, Energy: -3579433.75
Time taken:  2.229250907897949
Test Loss: 0.0000, Test Accuracy: 0.9933, Energy: -3579433.75
Time taken:  2.221796751022339
Test Loss: 0.0000, Test Accuracy: 0.9933, Energy: -3579433.75
Time taken:  2.2531726360321045
Test Loss: 0.0000, Test Accuracy: 0.9933, Energy: -3579433.75
Time taken:  2.200449228286743
Final accuracies: [1.0, 0.9966666666666667, 0.9966666666666667, 0.9933333333333333, 0.9933333333333333, 0.99, 0.9866666666666667, 0.99, 0.99, 0.99, 0.99, 0.99, 0.99, 0.99, 0.99, 0.9933333333333333, 0.9933333333333333, 0.9933333333333333, 0.9933333333333333, 0.9933333333333333, 0.9933333333333333, 0.9933333333333333, 0.9933333333333333, 0.9933333333333333, 0.9933333333333333, 0.9933333333333333, 0.9933333333333333, 0.9933333333333333, 0.9933333333333333, 0.9933333333333333, 0.9933333333333333, 0.9933333333333333, 0.9933333333333333, 0.9933333333333333, 0.9933333333333333, 0.9933333333333333, 0.9933333333333333, 0.9933333333333333, 0.9933333333333333, 0.9933333333333333, 0.9933333333333333, 0.9933333333333333, 0.9933333333333333, 0.9933333333333333, 0.9933333333333333, 0.9933333333333333, 0.9933333333333333, 0.9933333333333333, 0.9933333333333333, 0.9933333333333333, 0.9933333333333333, 0.9933333333333333, 0.9933333333333333, 0.9933333333333333, 0.9933333333333333, 0.9933333333333333, 0.9933333333333333, 0.9933333333333333, 0.9933333333333333, 0.9933333333333333, 0.9933333333333333, 0.9933333333333333, 0.9933333333333333, 0.9933333333333333, 0.9933333333333333, 0.9933333333333333, 0.9933333333333333, 0.9933333333333333, 0.9933333333333333, 0.9933333333333333, 0.9933333333333333, 0.9933333333333333, 0.9933333333333333, 0.9933333333333333, 0.9933333333333333, 0.9933333333333333, 0.9933333333333333, 0.9933333333333333, 0.9933333333333333, 0.9933333333333333, 0.9933333333333333, 0.9933333333333333, 0.9933333333333333, 0.9933333333333333, 0.9933333333333333, 0.9933333333333333, 0.9933333333333333, 0.9933333333333333, 0.9933333333333333, 0.9933333333333333, 0.9933333333333333, 0.9933333333333333, 0.9933333333333333, 0.9933333333333333, 0.9933333333333333, 0.9933333333333333, 0.9933333333333333, 0.9933333333333333, 0.9933333333333333, 0.9933333333333333]
Final energies: [-45100.6875, -696739.375, -1241782.5, -1668742.75, -2012552.625, -2288122.75, -2510705.5, -2691218.0, -2843545.25, -2970488.5, -3076747.75, -3162451.0, -3231060.25, -3290680.0, -3338525.5, -3379542.5, -3413399.5, -3442217.5, -3465861.0, -3484639.5, -3500156.75, -3513889.5, -3524913.0, -3534352.5, -3542705.25, -3549141.25, -3554601.5, -3558963.25, -3563150.0, -3565816.0, -3568221.25, -3570307.0, -3571806.5, -3572979.25, -3574277.75, -3575071.25, -3575697.0, -3576384.25, -3576852.25, -3577282.75, -3577876.5, -3578240.0, -3578445.0, -3578668.5, -3578815.0, -3578925.75, -3579052.75, -3579092.25, -3579151.0, -3579156.5, -3579209.5, -3579235.25, -3579309.0, -3579332.5, -3579329.25, -3579362.75, -3579382.5, -3579392.0, -3579400.0, -3579407.0, -3579411.5, -3579416.0, -3579419.5, -3579422.75, -3579425.0, -3579427.0, -3579428.25, -3579429.5, -3579430.5, -3579431.75, -3579432.0, -3579432.5, -3579433.25, -3579433.75, -3579433.75, -3579433.75, -3579433.75, -3579433.75, -3579433.75, -3579433.75, -3579433.75, -3579433.75, -3579433.75, -3579433.75, -3579433.75, -3579433.75, -3579433.75, -3579433.75, -3579433.75, -3579433.75, -3579433.75, -3579433.75, -3579433.75, -3579433.75, -3579433.75, -3579433.75, -3579433.75, -3579433.75, -3579433.75, -3579433.75]
