Running with parameters: hidden=100, use_coupled=true, seed=67, lam=0.0, eta=1.0, batch=50
Test Loss: 0.0000, Test Accuracy: 1.0000, Energy: -75296.703125
Time taken:  1.620858907699585
Test Loss: 0.0000, Test Accuracy: 0.9967, Energy: -892972.375
Time taken:  1.2456464767456055
Test Loss: 0.0000, Test Accuracy: 0.9967, Energy: -1592350.375
Time taken:  1.3652331829071045
Test Loss: 0.0000, Test Accuracy: 0.9967, Energy: -2137961.25
Time taken:  1.695803165435791
Test Loss: 0.0000, Test Accuracy: 0.9967, Energy: -2570704.25
Time taken:  1.682145357131958
Test Loss: 0.0000, Test Accuracy: 0.9967, Energy: -2920775.0
Time taken:  1.7044155597686768
Test Loss: 0.0000, Test Accuracy: 0.9967, Energy: -3204751.75
Time taken:  1.7149713039398193
Test Loss: 0.0000, Test Accuracy: 0.9967, Energy: -3437942.0
Time taken:  1.6864111423492432
Test Loss: 0.0000, Test Accuracy: 1.0000, Energy: -3629752.75
Time taken:  1.7274994850158691
Test Loss: 0.0000, Test Accuracy: 1.0000, Energy: -3786323.5
Time taken:  1.7730603218078613
Test Loss: 0.0000, Test Accuracy: 1.0000, Energy: -3916124.25
Time taken:  1.6887619495391846
Test Loss: 0.0000, Test Accuracy: 1.0000, Energy: -4022622.5
Time taken:  1.6948630809783936
Test Loss: 0.0000, Test Accuracy: 1.0000, Energy: -4113400.0
Time taken:  1.7180728912353516
Test Loss: 0.0000, Test Accuracy: 1.0000, Energy: -4187284.0
Time taken:  1.7356269359588623
Test Loss: 0.0000, Test Accuracy: 1.0000, Energy: -4248762.0
Time taken:  1.7597649097442627
Test Loss: 0.0000, Test Accuracy: 1.0000, Energy: -4299653.0
Time taken:  1.759225606918335
Test Loss: 0.0000, Test Accuracy: 1.0000, Energy: -4341080.0
Time taken:  1.751753330230713
Test Loss: 0.0000, Test Accuracy: 1.0000, Energy: -4376906.5
Time taken:  1.7711052894592285
Test Loss: 0.0000, Test Accuracy: 1.0000, Energy: -4405876.5
Time taken:  1.749779224395752
Test Loss: 0.0000, Test Accuracy: 1.0000, Energy: -4429838.0
Time taken:  1.7065091133117676
Test Loss: 0.0000, Test Accuracy: 1.0000, Energy: -4448867.5
Time taken:  1.7293004989624023
Test Loss: 0.0000, Test Accuracy: 1.0000, Energy: -4465358.0
Time taken:  1.773594856262207
Test Loss: 0.0000, Test Accuracy: 1.0000, Energy: -4479037.5
Time taken:  1.73681640625
Test Loss: 0.0000, Test Accuracy: 1.0000, Energy: -4490959.5
Time taken:  1.7605700492858887
Test Loss: 0.0000, Test Accuracy: 1.0000, Energy: -4499609.5
Time taken:  1.6890652179718018
Test Loss: 0.0000, Test Accuracy: 1.0000, Energy: -4506958.0
Time taken:  1.6946794986724854
Test Loss: 0.0000, Test Accuracy: 1.0000, Energy: -4513162.5
Time taken:  1.7338697910308838
Test Loss: 0.0000, Test Accuracy: 1.0000, Energy: -4518264.0
Time taken:  1.7596712112426758
Test Loss: 0.0000, Test Accuracy: 1.0000, Energy: -4522151.5
Time taken:  1.7395179271697998
Test Loss: 0.0000, Test Accuracy: 1.0000, Energy: -4525717.0
Time taken:  1.7348666191101074
Test Loss: 0.0000, Test Accuracy: 1.0000, Energy: -4528580.0
Time taken:  1.7523548603057861
Test Loss: 0.0000, Test Accuracy: 1.0000, Energy: -4530845.0
Time taken:  1.7807180881500244
Test Loss: 0.0000, Test Accuracy: 1.0000, Energy: -4532688.0
Time taken:  1.738443374633789
Test Loss: 0.0000, Test Accuracy: 1.0000, Energy: -4534493.5
Time taken:  1.7533037662506104
Test Loss: 0.0000, Test Accuracy: 1.0000, Energy: -4535664.0
Time taken:  1.738779067993164
Test Loss: 0.0000, Test Accuracy: 1.0000, Energy: -4536658.5
Time taken:  1.7216527462005615
Test Loss: 0.0000, Test Accuracy: 1.0000, Energy: -4537409.5
Time taken:  1.7399303913116455
Test Loss: 0.0000, Test Accuracy: 1.0000, Energy: -4538127.5
Time taken:  1.7067766189575195
Test Loss: 0.0000, Test Accuracy: 1.0000, Energy: -4538894.0
Time taken:  1.723041296005249
Test Loss: 0.0000, Test Accuracy: 1.0000, Energy: -4539458.0
Time taken:  1.7436554431915283
Test Loss: 0.0000, Test Accuracy: 1.0000, Energy: -4539775.0
Time taken:  1.7378010749816895
Test Loss: 0.0000, Test Accuracy: 1.0000, Energy: -4540068.5
Time taken:  1.783003330230713
Test Loss: 0.0000, Test Accuracy: 1.0000, Energy: -4540223.0
Time taken:  1.7728443145751953
Test Loss: 0.0000, Test Accuracy: 1.0000, Energy: -4540411.0
Time taken:  1.7823231220245361
Test Loss: 0.0000, Test Accuracy: 1.0000, Energy: -4540611.0
Time taken:  1.7214605808258057
Test Loss: 0.0000, Test Accuracy: 1.0000, Energy: -4540752.0
Time taken:  1.7375967502593994
Test Loss: 0.0000, Test Accuracy: 1.0000, Energy: -4540224.0
Time taken:  1.7580623626708984
Test Loss: 0.0000, Test Accuracy: 1.0000, Energy: -4540309.5
Time taken:  1.7028858661651611
Test Loss: 0.0000, Test Accuracy: 1.0000, Energy: -4540383.0
Time taken:  1.779588222503662
Test Loss: 0.0000, Test Accuracy: 1.0000, Energy: -4540446.0
Time taken:  1.784754753112793
Test Loss: 0.0000, Test Accuracy: 1.0000, Energy: -4540497.0
Time taken:  1.783820390701294
Test Loss: 0.0000, Test Accuracy: 1.0000, Energy: -4540539.0
Time taken:  1.767228603363037
Test Loss: 0.0000, Test Accuracy: 1.0000, Energy: -4540573.0
Time taken:  1.767775297164917
Test Loss: 0.0000, Test Accuracy: 1.0000, Energy: -4540601.0
Time taken:  1.7733373641967773
Test Loss: 0.0000, Test Accuracy: 1.0000, Energy: -4540627.5
Time taken:  1.7290160655975342
Test Loss: 0.0000, Test Accuracy: 1.0000, Energy: -4540752.0
Time taken:  1.7561581134796143
Test Loss: 0.0000, Test Accuracy: 1.0000, Energy: -4540757.0
Time taken:  1.6723732948303223
Test Loss: 0.0000, Test Accuracy: 1.0000, Energy: -4540796.0
Time taken:  1.7581901550292969
Test Loss: 0.0000, Test Accuracy: 1.0000, Energy: -4540806.5
Time taken:  1.7905967235565186
Test Loss: 0.0000, Test Accuracy: 1.0000, Energy: -4540814.0
Time taken:  1.7430124282836914
Test Loss: 0.0000, Test Accuracy: 1.0000, Energy: -4540821.0
Time taken:  1.7566161155700684
Test Loss: 0.0000, Test Accuracy: 1.0000, Energy: -4540827.0
Time taken:  1.751262903213501
Test Loss: 0.0000, Test Accuracy: 1.0000, Energy: -4540827.5
Time taken:  1.7214791774749756
Test Loss: 0.0000, Test Accuracy: 1.0000, Energy: -4540827.0
Time taken:  1.7477366924285889
Test Loss: 0.0000, Test Accuracy: 1.0000, Energy: -4540817.5
Time taken:  1.7399625778198242
Test Loss: 0.0000, Test Accuracy: 1.0000, Energy: -4540819.5
Time taken:  1.7281162738800049
Test Loss: 0.0000, Test Accuracy: 1.0000, Energy: -4540821.5
Time taken:  1.799788475036621
Test Loss: 0.0000, Test Accuracy: 1.0000, Energy: -4540823.0
Time taken:  1.7529113292694092
Test Loss: 0.0000, Test Accuracy: 1.0000, Energy: -4540824.0
Time taken:  1.7740478515625
Test Loss: 0.0000, Test Accuracy: 1.0000, Energy: -4540825.5
Time taken:  1.7582781314849854
Test Loss: 0.0000, Test Accuracy: 1.0000, Energy: -4540826.0
Time taken:  1.7341926097869873
Test Loss: 0.0000, Test Accuracy: 1.0000, Energy: -4540827.0
Time taken:  1.7460200786590576
Test Loss: 0.0000, Test Accuracy: 1.0000, Energy: -4540807.0
Time taken:  1.7442998886108398
Test Loss: 0.0000, Test Accuracy: 1.0000, Energy: -4540807.5
Time taken:  1.7333776950836182
Test Loss: 0.0000, Test Accuracy: 1.0000, Energy: -4540808.0
Time taken:  1.7110555171966553
Test Loss: 0.0000, Test Accuracy: 1.0000, Energy: -4540808.0
Time taken:  1.706272840499878
Test Loss: 0.0000, Test Accuracy: 1.0000, Energy: -4540808.0
Time taken:  1.758044719696045
Test Loss: 0.0000, Test Accuracy: 1.0000, Energy: -4540875.0
Time taken:  1.7782573699951172
Test Loss: 0.0000, Test Accuracy: 1.0000, Energy: -4540875.0
Time taken:  1.7724616527557373
Test Loss: 0.0000, Test Accuracy: 1.0000, Energy: -4540875.0
Time taken:  1.7789027690887451
Test Loss: 0.0000, Test Accuracy: 1.0000, Energy: -4540875.0
Time taken:  1.73980712890625
Test Loss: 0.0000, Test Accuracy: 1.0000, Energy: -4540875.0
Time taken:  1.7559013366699219
Test Loss: 0.0000, Test Accuracy: 1.0000, Energy: -4540875.0
Time taken:  1.7757024765014648
Test Loss: 0.0000, Test Accuracy: 1.0000, Energy: -4540875.0
Time taken:  1.738513708114624
Test Loss: 0.0000, Test Accuracy: 1.0000, Energy: -4540875.0
Time taken:  1.7032396793365479
Test Loss: 0.0000, Test Accuracy: 1.0000, Energy: -4540875.0
Time taken:  1.7586205005645752
Test Loss: 0.0000, Test Accuracy: 1.0000, Energy: -4540875.0
Time taken:  1.7738454341888428
Test Loss: 0.0000, Test Accuracy: 1.0000, Energy: -4540875.0
Time taken:  1.7842087745666504
Test Loss: 0.0000, Test Accuracy: 1.0000, Energy: -4540833.0
Time taken:  1.7558794021606445
Test Loss: 0.0000, Test Accuracy: 1.0000, Energy: -4540717.0
Time taken:  1.7879877090454102
Test Loss: 0.0000, Test Accuracy: 1.0000, Energy: -4540717.0
Time taken:  1.7863714694976807
Test Loss: 0.0000, Test Accuracy: 1.0000, Energy: -4540698.5
Time taken:  1.767773151397705
Test Loss: 0.0000, Test Accuracy: 1.0000, Energy: -4540680.5
Time taken:  1.6852977275848389
Test Loss: 0.0000, Test Accuracy: 1.0000, Energy: -4540680.5
Time taken:  1.7353532314300537
Test Loss: 0.0000, Test Accuracy: 1.0000, Energy: -4540680.5
Time taken:  1.753781795501709
Test Loss: 0.0000, Test Accuracy: 1.0000, Energy: -4540680.5
Time taken:  1.753908634185791
Test Loss: 0.0000, Test Accuracy: 1.0000, Energy: -4540690.0
Time taken:  1.8010361194610596
Test Loss: 0.0000, Test Accuracy: 1.0000, Energy: -4540672.0
Time taken:  1.7718064785003662
Test Loss: 0.0000, Test Accuracy: 1.0000, Energy: -4540617.5
Time taken:  1.7658324241638184
Test Loss: 0.0000, Test Accuracy: 1.0000, Energy: -4540617.5
Time taken:  1.740285873413086
Final accuracies: [1.0, 0.9966666666666667, 0.9966666666666667, 0.9966666666666667, 0.9966666666666667, 0.9966666666666667, 0.9966666666666667, 0.9966666666666667, 1.0, 1.0, 1.0, 1.0, 1.0, 1.0, 1.0, 1.0, 1.0, 1.0, 1.0, 1.0, 1.0, 1.0, 1.0, 1.0, 1.0, 1.0, 1.0, 1.0, 1.0, 1.0, 1.0, 1.0, 1.0, 1.0, 1.0, 1.0, 1.0, 1.0, 1.0, 1.0, 1.0, 1.0, 1.0, 1.0, 1.0, 1.0, 1.0, 1.0, 1.0, 1.0, 1.0, 1.0, 1.0, 1.0, 1.0, 1.0, 1.0, 1.0, 1.0, 1.0, 1.0, 1.0, 1.0, 1.0, 1.0, 1.0, 1.0, 1.0, 1.0, 1.0, 1.0, 1.0, 1.0, 1.0, 1.0, 1.0, 1.0, 1.0, 1.0, 1.0, 1.0, 1.0, 1.0, 1.0, 1.0, 1.0, 1.0, 1.0, 1.0, 1.0, 1.0, 1.0, 1.0, 1.0, 1.0, 1.0, 1.0, 1.0, 1.0, 1.0]
Final energies: [-75296.703125, -892972.375, -1592350.375, -2137961.25, -2570704.25, -2920775.0, -3204751.75, -3437942.0, -3629752.75, -3786323.5, -3916124.25, -4022622.5, -4113400.0, -4187284.0, -4248762.0, -4299653.0, -4341080.0, -4376906.5, -4405876.5, -4429838.0, -4448867.5, -4465358.0, -4479037.5, -4490959.5, -4499609.5, -4506958.0, -4513162.5, -4518264.0, -4522151.5, -4525717.0, -4528580.0, -4530845.0, -4532688.0, -4534493.5, -4535664.0, -4536658.5, -4537409.5, -4538127.5, -4538894.0, -4539458.0, -4539775.0, -4540068.5, -4540223.0, -4540411.0, -4540611.0, -4540752.0, -4540224.0, -4540309.5, -4540383.0, -4540446.0, -4540497.0, -4540539.0, -4540573.0, -4540601.0, -4540627.5, -4540752.0, -4540757.0, -4540796.0, -4540806.5, -4540814.0, -4540821.0, -4540827.0, -4540827.5, -4540827.0, -4540817.5, -4540819.5, -4540821.5, -4540823.0, -4540824.0, -4540825.5, -4540826.0, -4540827.0, -4540807.0, -4540807.5, -4540808.0, -4540808.0, -4540808.0, -4540875.0, -4540875.0, -4540875.0, -4540875.0, -4540875.0, -4540875.0, -4540875.0, -4540875.0, -4540875.0, -4540875.0, -4540875.0, -4540833.0, -4540717.0, -4540717.0, -4540698.5, -4540680.5, -4540680.5, -4540680.5, -4540680.5, -4540690.0, -4540672.0, -4540617.5, -4540617.5]
