Running with parameters: hidden=100, use_coupled=true, seed=50, lam=0.0, eta=1.0, batch=50
Test Loss: 0.0000, Test Accuracy: 1.0000, Energy: -94160.1875
Time taken:  2.5324652194976807
Test Loss: 0.0000, Test Accuracy: 0.9967, Energy: -1014687.9375
Time taken:  2.6758744716644287
Test Loss: 0.0000, Test Accuracy: 0.9967, Energy: -1752799.25
Time taken:  2.49839186668396
Test Loss: 0.0000, Test Accuracy: 0.9967, Energy: -2335761.0
Time taken:  2.5739829540252686
Test Loss: 0.0000, Test Accuracy: 0.9967, Energy: -2801456.75
Time taken:  2.5600457191467285
Test Loss: 0.0000, Test Accuracy: 0.9967, Energy: -3172629.75
Time taken:  2.631967544555664
Test Loss: 0.0000, Test Accuracy: 0.9967, Energy: -3472332.25
Time taken:  2.616246461868286
Test Loss: 0.0000, Test Accuracy: 0.9967, Energy: -3721436.75
Time taken:  2.621149778366089
Test Loss: 0.0000, Test Accuracy: 0.9967, Energy: -3925348.75
Time taken:  2.651418447494507
Test Loss: 0.0000, Test Accuracy: 0.9967, Energy: -4092748.75
Time taken:  2.660937547683716
Test Loss: 0.0000, Test Accuracy: 0.9967, Energy: -4236233.5
Time taken:  2.716738700866699
Test Loss: 0.0000, Test Accuracy: 0.9967, Energy: -4353845.0
Time taken:  2.600332736968994
Test Loss: 0.0000, Test Accuracy: 0.9967, Energy: -4450452.0
Time taken:  2.555159330368042
Test Loss: 0.0000, Test Accuracy: 0.9967, Energy: -4530849.0
Time taken:  2.705509901046753
Test Loss: 0.0000, Test Accuracy: 0.9967, Energy: -4597930.5
Time taken:  2.6077306270599365
Test Loss: 0.0000, Test Accuracy: 0.9967, Energy: -4652132.5
Time taken:  2.644775152206421
Test Loss: 0.0000, Test Accuracy: 0.9967, Energy: -4698452.5
Time taken:  2.5958940982818604
Test Loss: 0.0000, Test Accuracy: 0.9967, Energy: -4737056.5
Time taken:  2.5771751403808594
Test Loss: 0.0000, Test Accuracy: 0.9967, Energy: -4768074.0
Time taken:  2.5212743282318115
Test Loss: 0.0000, Test Accuracy: 0.9967, Energy: -4793448.0
Time taken:  2.5918538570404053
Test Loss: 0.0000, Test Accuracy: 0.9967, Energy: -4814895.5
Time taken:  2.718366861343384
Test Loss: 0.0000, Test Accuracy: 0.9967, Energy: -4832839.0
Time taken:  2.6299288272857666
Test Loss: 0.0000, Test Accuracy: 0.9967, Energy: -4847025.0
Time taken:  2.6474802494049072
Test Loss: 0.0000, Test Accuracy: 0.9967, Energy: -4858884.5
Time taken:  2.6561167240142822
Test Loss: 0.0000, Test Accuracy: 0.9967, Energy: -4868895.0
Time taken:  2.5720434188842773
Test Loss: 0.0000, Test Accuracy: 0.9967, Energy: -4876970.5
Time taken:  2.5097403526306152
Test Loss: 0.0000, Test Accuracy: 0.9967, Energy: -4883809.0
Time taken:  2.458228588104248
Test Loss: 0.0000, Test Accuracy: 0.9967, Energy: -4889405.0
Time taken:  2.5189144611358643
Test Loss: 0.0000, Test Accuracy: 0.9967, Energy: -4894468.0
Time taken:  2.5678675174713135
Test Loss: 0.0000, Test Accuracy: 0.9967, Energy: -4898263.0
Time taken:  2.5078442096710205
Test Loss: 0.0000, Test Accuracy: 0.9967, Energy: -4901508.5
Time taken:  2.500969648361206
Test Loss: 0.0000, Test Accuracy: 0.9967, Energy: -4904225.5
Time taken:  2.4816043376922607
Test Loss: 0.0000, Test Accuracy: 0.9967, Energy: -4906364.5
Time taken:  2.5462777614593506
Test Loss: 0.0000, Test Accuracy: 0.9967, Energy: -4907455.0
Time taken:  2.4452669620513916
Test Loss: 0.0000, Test Accuracy: 0.9967, Energy: -4908658.0
Time taken:  2.4478533267974854
Test Loss: 0.0000, Test Accuracy: 0.9967, Energy: -4909853.5
Time taken:  2.546304702758789
Test Loss: 0.0000, Test Accuracy: 0.9967, Energy: -4910804.0
Time taken:  2.4733774662017822
Test Loss: 0.0000, Test Accuracy: 0.9967, Energy: -4911686.0
Time taken:  2.475156307220459
Test Loss: 0.0000, Test Accuracy: 0.9967, Energy: -4912206.0
Time taken:  2.4324371814727783
Test Loss: 0.0000, Test Accuracy: 0.9967, Energy: -4912920.0
Time taken:  2.446192741394043
Test Loss: 0.0000, Test Accuracy: 0.9967, Energy: -4913372.0
Time taken:  2.510560989379883
Test Loss: 0.0000, Test Accuracy: 0.9967, Energy: -4913750.0
Time taken:  2.473604917526245
Test Loss: 0.0000, Test Accuracy: 0.9967, Energy: -4914011.0
Time taken:  2.4648070335388184
Test Loss: 0.0000, Test Accuracy: 0.9967, Energy: -4914272.0
Time taken:  2.477199077606201
Test Loss: 0.0000, Test Accuracy: 0.9967, Energy: -4914451.5
Time taken:  2.501439332962036
Test Loss: 0.0000, Test Accuracy: 0.9967, Energy: -4914624.0
Time taken:  2.49648118019104
Test Loss: 0.0000, Test Accuracy: 0.9967, Energy: -4914763.0
Time taken:  2.4289512634277344
Test Loss: 0.0000, Test Accuracy: 0.9967, Energy: -4914874.5
Time taken:  2.4367880821228027
Test Loss: 0.0000, Test Accuracy: 0.9967, Energy: -4914973.0
Time taken:  2.4713456630706787
Test Loss: 0.0000, Test Accuracy: 0.9967, Energy: -4915038.0
Time taken:  2.5300023555755615
Test Loss: 0.0000, Test Accuracy: 0.9967, Energy: -4915069.5
Time taken:  2.5152297019958496
Test Loss: 0.0000, Test Accuracy: 0.9967, Energy: -4915113.0
Time taken:  2.569658041000366
Test Loss: 0.0000, Test Accuracy: 0.9967, Energy: -4915148.0
Time taken:  2.595822334289551
Test Loss: 0.0000, Test Accuracy: 0.9967, Energy: -4914987.0
Time taken:  2.5352206230163574
Test Loss: 0.0000, Test Accuracy: 0.9967, Energy: -4915019.5
Time taken:  2.6248440742492676
Test Loss: 0.0000, Test Accuracy: 0.9967, Energy: -4915024.0
Time taken:  2.5185205936431885
Test Loss: 0.0000, Test Accuracy: 0.9967, Energy: -4915040.5
Time taken:  2.522088050842285
Test Loss: 0.0000, Test Accuracy: 0.9967, Energy: -4915054.0
Time taken:  2.5594122409820557
Test Loss: 0.0000, Test Accuracy: 0.9967, Energy: -4915063.5
Time taken:  2.5328502655029297
Test Loss: 0.0000, Test Accuracy: 0.9967, Energy: -4915072.5
Time taken:  2.557170867919922
Test Loss: 0.0000, Test Accuracy: 0.9967, Energy: -4915079.0
Time taken:  2.6415836811065674
Test Loss: 0.0000, Test Accuracy: 0.9967, Energy: -4915101.0
Time taken:  2.638502597808838
Test Loss: 0.0000, Test Accuracy: 0.9967, Energy: -4915105.0
Time taken:  2.539679527282715
Test Loss: 0.0000, Test Accuracy: 0.9967, Energy: -4915063.0
Time taken:  2.57102108001709
Test Loss: 0.0000, Test Accuracy: 0.9967, Energy: -4915065.0
Time taken:  2.5833740234375
Test Loss: 0.0000, Test Accuracy: 0.9967, Energy: -4915067.0
Time taken:  2.615565061569214
Test Loss: 0.0000, Test Accuracy: 0.9967, Energy: -4915046.0
Time taken:  2.6391851902008057
Test Loss: 0.0000, Test Accuracy: 0.9967, Energy: -4915031.0
Time taken:  2.633991241455078
Test Loss: 0.0000, Test Accuracy: 0.9967, Energy: -4915010.5
Time taken:  2.624415636062622
Test Loss: 0.0000, Test Accuracy: 0.9967, Energy: -4915011.5
Time taken:  2.632443904876709
Test Loss: 0.0000, Test Accuracy: 0.9967, Energy: -4915012.0
Time taken:  2.6673638820648193
Test Loss: 0.0000, Test Accuracy: 0.9967, Energy: -4915012.0
Time taken:  2.639028549194336
Test Loss: 0.0000, Test Accuracy: 0.9967, Energy: -4915012.5
Time taken:  2.6916022300720215
Test Loss: 0.0000, Test Accuracy: 0.9967, Energy: -4915012.5
Time taken:  2.6586079597473145
Test Loss: 0.0000, Test Accuracy: 0.9967, Energy: -4915012.5
Time taken:  2.622697591781616
Test Loss: 0.0000, Test Accuracy: 0.9967, Energy: -4915012.5
Time taken:  2.640800952911377
Test Loss: 0.0000, Test Accuracy: 0.9967, Energy: -4915012.0
Time taken:  2.665832757949829
Test Loss: 0.0000, Test Accuracy: 0.9967, Energy: -4915011.5
Time taken:  2.665407180786133
Test Loss: 0.0000, Test Accuracy: 0.9967, Energy: -4914567.0
Time taken:  2.656967878341675
Test Loss: 0.0000, Test Accuracy: 0.9967, Energy: -4914566.5
Time taken:  2.6555445194244385
Test Loss: 0.0000, Test Accuracy: 0.9967, Energy: -4914566.0
Time taken:  2.741962194442749
Test Loss: 0.0000, Test Accuracy: 0.9967, Energy: -4914551.0
Time taken:  2.7211170196533203
Test Loss: 0.0000, Test Accuracy: 0.9967, Energy: -4914615.5
Time taken:  2.7997007369995117
Test Loss: 0.0000, Test Accuracy: 0.9967, Energy: -4914615.0
Time taken:  2.8101677894592285
Test Loss: 0.0000, Test Accuracy: 0.9967, Energy: -4914589.5
Time taken:  2.7452383041381836
Test Loss: 0.0000, Test Accuracy: 0.9967, Energy: -4914589.0
Time taken:  2.7600550651550293
Test Loss: 0.0000, Test Accuracy: 0.9967, Energy: -4914589.0
Time taken:  2.653810977935791
Test Loss: 0.0000, Test Accuracy: 0.9967, Energy: -4914588.5
Time taken:  2.6904966831207275
Test Loss: 0.0000, Test Accuracy: 0.9967, Energy: -4914588.0
Time taken:  2.7488441467285156
Test Loss: 0.0000, Test Accuracy: 0.9967, Energy: -4914576.0
Time taken:  2.7432518005371094
Test Loss: 0.0000, Test Accuracy: 0.9967, Energy: -4914575.5
Time taken:  2.7286722660064697
Test Loss: 0.0000, Test Accuracy: 0.9967, Energy: -4914575.0
Time taken:  2.665095090866089
Test Loss: 0.0000, Test Accuracy: 0.9967, Energy: -4914552.0
Time taken:  2.7095694541931152
Test Loss: 0.0000, Test Accuracy: 0.9967, Energy: -4914551.5
Time taken:  2.726571559906006
Test Loss: 0.0000, Test Accuracy: 0.9967, Energy: -4914552.0
Time taken:  2.7117698192596436
Test Loss: 0.0000, Test Accuracy: 0.9967, Energy: -4914551.5
Time taken:  2.710341215133667
Test Loss: 0.0000, Test Accuracy: 0.9967, Energy: -4914530.0
Time taken:  2.547090768814087
Test Loss: 0.0000, Test Accuracy: 0.9967, Energy: -4914523.5
Time taken:  2.2018537521362305
Test Loss: 0.0000, Test Accuracy: 0.9967, Energy: -4914522.5
Time taken:  2.2083139419555664
Test Loss: 0.0000, Test Accuracy: 0.9967, Energy: -4914522.0
Time taken:  2.0347023010253906
Final accuracies: [1.0, 0.9966666666666667, 0.9966666666666667, 0.9966666666666667, 0.9966666666666667, 0.9966666666666667, 0.9966666666666667, 0.9966666666666667, 0.9966666666666667, 0.9966666666666667, 0.9966666666666667, 0.9966666666666667, 0.9966666666666667, 0.9966666666666667, 0.9966666666666667, 0.9966666666666667, 0.9966666666666667, 0.9966666666666667, 0.9966666666666667, 0.9966666666666667, 0.9966666666666667, 0.9966666666666667, 0.9966666666666667, 0.9966666666666667, 0.9966666666666667, 0.9966666666666667, 0.9966666666666667, 0.9966666666666667, 0.9966666666666667, 0.9966666666666667, 0.9966666666666667, 0.9966666666666667, 0.9966666666666667, 0.9966666666666667, 0.9966666666666667, 0.9966666666666667, 0.9966666666666667, 0.9966666666666667, 0.9966666666666667, 0.9966666666666667, 0.9966666666666667, 0.9966666666666667, 0.9966666666666667, 0.9966666666666667, 0.9966666666666667, 0.9966666666666667, 0.9966666666666667, 0.9966666666666667, 0.9966666666666667, 0.9966666666666667, 0.9966666666666667, 0.9966666666666667, 0.9966666666666667, 0.9966666666666667, 0.9966666666666667, 0.9966666666666667, 0.9966666666666667, 0.9966666666666667, 0.9966666666666667, 0.9966666666666667, 0.9966666666666667, 0.9966666666666667, 0.9966666666666667, 0.9966666666666667, 0.9966666666666667, 0.9966666666666667, 0.9966666666666667, 0.9966666666666667, 0.9966666666666667, 0.9966666666666667, 0.9966666666666667, 0.9966666666666667, 0.9966666666666667, 0.9966666666666667, 0.9966666666666667, 0.9966666666666667, 0.9966666666666667, 0.9966666666666667, 0.9966666666666667, 0.9966666666666667, 0.9966666666666667, 0.9966666666666667, 0.9966666666666667, 0.9966666666666667, 0.9966666666666667, 0.9966666666666667, 0.9966666666666667, 0.9966666666666667, 0.9966666666666667, 0.9966666666666667, 0.9966666666666667, 0.9966666666666667, 0.9966666666666667, 0.9966666666666667, 0.9966666666666667, 0.9966666666666667, 0.9966666666666667, 0.9966666666666667, 0.9966666666666667, 0.9966666666666667]
Final energies: [-94160.1875, -1014687.9375, -1752799.25, -2335761.0, -2801456.75, -3172629.75, -3472332.25, -3721436.75, -3925348.75, -4092748.75, -4236233.5, -4353845.0, -4450452.0, -4530849.0, -4597930.5, -4652132.5, -4698452.5, -4737056.5, -4768074.0, -4793448.0, -4814895.5, -4832839.0, -4847025.0, -4858884.5, -4868895.0, -4876970.5, -4883809.0, -4889405.0, -4894468.0, -4898263.0, -4901508.5, -4904225.5, -4906364.5, -4907455.0, -4908658.0, -4909853.5, -4910804.0, -4911686.0, -4912206.0, -4912920.0, -4913372.0, -4913750.0, -4914011.0, -4914272.0, -4914451.5, -4914624.0, -4914763.0, -4914874.5, -4914973.0, -4915038.0, -4915069.5, -4915113.0, -4915148.0, -4914987.0, -4915019.5, -4915024.0, -4915040.5, -4915054.0, -4915063.5, -4915072.5, -4915079.0, -4915101.0, -4915105.0, -4915063.0, -4915065.0, -4915067.0, -4915046.0, -4915031.0, -4915010.5, -4915011.5, -4915012.0, -4915012.0, -4915012.5, -4915012.5, -4915012.5, -4915012.5, -4915012.0, -4915011.5, -4914567.0, -4914566.5, -4914566.0, -4914551.0, -4914615.5, -4914615.0, -4914589.5, -4914589.0, -4914589.0, -4914588.5, -4914588.0, -4914576.0, -4914575.5, -4914575.0, -4914552.0, -4914551.5, -4914552.0, -4914551.5, -4914530.0, -4914523.5, -4914522.5, -4914522.0]
