Running with parameters: hidden=100, use_coupled=true, seed=45, lam=0.0, eta=1.0, batch=50
Test Loss: 0.0000, Test Accuracy: 0.9567, Energy: -118811.84375
Time taken:  2.5866804122924805
Test Loss: 0.0000, Test Accuracy: 1.0000, Energy: -1079417.75
Time taken:  2.68645977973938
Test Loss: 0.0000, Test Accuracy: 1.0000, Energy: -1778821.75
Time taken:  2.650451421737671
Test Loss: 0.0000, Test Accuracy: 1.0000, Energy: -2333643.25
Time taken:  2.7446649074554443
Test Loss: 0.0000, Test Accuracy: 1.0000, Energy: -2778981.0
Time taken:  2.775507926940918
Test Loss: 0.0000, Test Accuracy: 0.9967, Energy: -3128863.5
Time taken:  2.6599173545837402
Test Loss: 0.0000, Test Accuracy: 0.9967, Energy: -3405665.0
Time taken:  2.6293320655822754
Test Loss: 0.0000, Test Accuracy: 0.9967, Energy: -3628451.0
Time taken:  2.648723602294922
Test Loss: 0.0000, Test Accuracy: 0.9967, Energy: -3813716.25
Time taken:  2.6227223873138428
Test Loss: 0.0000, Test Accuracy: 0.9967, Energy: -3964682.25
Time taken:  2.682020425796509
Test Loss: 0.0000, Test Accuracy: 0.9967, Energy: -4091896.5
Time taken:  2.678222417831421
Test Loss: 0.0000, Test Accuracy: 0.9967, Energy: -4198809.0
Time taken:  2.5821421146392822
Test Loss: 0.0000, Test Accuracy: 0.9967, Energy: -4288681.5
Time taken:  2.5775890350341797
Test Loss: 0.0000, Test Accuracy: 0.9967, Energy: -4366083.5
Time taken:  2.6606950759887695
Test Loss: 0.0000, Test Accuracy: 0.9967, Energy: -4427638.0
Time taken:  2.619478464126587
Test Loss: 0.0000, Test Accuracy: 0.9967, Energy: -4477294.0
Time taken:  2.5724382400512695
Test Loss: 0.0000, Test Accuracy: 0.9967, Energy: -4520193.0
Time taken:  2.6094348430633545
Test Loss: 0.0000, Test Accuracy: 0.9967, Energy: -4554911.5
Time taken:  2.551713466644287
Test Loss: 0.0000, Test Accuracy: 0.9967, Energy: -4586419.5
Time taken:  2.5522751808166504
Test Loss: 0.0000, Test Accuracy: 0.9967, Energy: -4610422.0
Time taken:  2.6216652393341064
Test Loss: 0.0000, Test Accuracy: 0.9967, Energy: -4630857.5
Time taken:  2.730586051940918
Test Loss: 0.0000, Test Accuracy: 0.9967, Energy: -4646555.0
Time taken:  2.6119637489318848
Test Loss: 0.0000, Test Accuracy: 0.9967, Energy: -4660796.0
Time taken:  2.612527370452881
Test Loss: 0.0000, Test Accuracy: 0.9967, Energy: -4671896.0
Time taken:  2.663525104522705
Test Loss: 0.0000, Test Accuracy: 0.9967, Energy: -4680662.0
Time taken:  2.530310869216919
Test Loss: 0.0000, Test Accuracy: 0.9967, Energy: -4687949.5
Time taken:  2.4491608142852783
Test Loss: 0.0000, Test Accuracy: 0.9967, Energy: -4694229.5
Time taken:  2.463756561279297
Test Loss: 0.0000, Test Accuracy: 0.9967, Energy: -4699323.0
Time taken:  2.4995458126068115
Test Loss: 0.0000, Test Accuracy: 0.9967, Energy: -4703748.0
Time taken:  2.5650453567504883
Test Loss: 0.0000, Test Accuracy: 0.9967, Energy: -4707203.0
Time taken:  2.545227527618408
Test Loss: 0.0000, Test Accuracy: 0.9967, Energy: -4710003.5
Time taken:  2.519362449645996
Test Loss: 0.0000, Test Accuracy: 0.9967, Energy: -4712795.5
Time taken:  2.4602341651916504
Test Loss: 0.0000, Test Accuracy: 0.9967, Energy: -4714720.5
Time taken:  2.5212595462799072
Test Loss: 0.0000, Test Accuracy: 0.9967, Energy: -4716283.5
Time taken:  2.4308297634124756
Test Loss: 0.0000, Test Accuracy: 0.9967, Energy: -4717364.0
Time taken:  2.508098602294922
Test Loss: 0.0000, Test Accuracy: 0.9967, Energy: -4718532.0
Time taken:  2.5413968563079834
Test Loss: 0.0000, Test Accuracy: 0.9967, Energy: -4719464.0
Time taken:  2.528151512145996
Test Loss: 0.0000, Test Accuracy: 0.9967, Energy: -4720147.5
Time taken:  2.5139787197113037
Test Loss: 0.0000, Test Accuracy: 0.9967, Energy: -4720654.5
Time taken:  2.498279571533203
Test Loss: 0.0000, Test Accuracy: 0.9967, Energy: -4721241.0
Time taken:  2.4917995929718018
Test Loss: 0.0000, Test Accuracy: 0.9967, Energy: -4721644.0
Time taken:  2.4692444801330566
Test Loss: 0.0000, Test Accuracy: 0.9967, Energy: -4721953.5
Time taken:  2.4655046463012695
Test Loss: 0.0000, Test Accuracy: 0.9967, Energy: -4722205.0
Time taken:  2.570800542831421
Test Loss: 0.0000, Test Accuracy: 0.9967, Energy: -4722442.0
Time taken:  2.5244648456573486
Test Loss: 0.0000, Test Accuracy: 0.9967, Energy: -4722604.0
Time taken:  2.4617886543273926
Test Loss: 0.0000, Test Accuracy: 0.9967, Energy: -4722764.5
Time taken:  2.4700849056243896
Test Loss: 0.0000, Test Accuracy: 0.9967, Energy: -4722882.5
Time taken:  2.4632973670959473
Test Loss: 0.0000, Test Accuracy: 0.9967, Energy: -4723037.5
Time taken:  2.4683656692504883
Test Loss: 0.0000, Test Accuracy: 0.9967, Energy: -4723157.0
Time taken:  2.5706064701080322
Test Loss: 0.0000, Test Accuracy: 0.9967, Energy: -4723237.0
Time taken:  2.507535934448242
Test Loss: 0.0000, Test Accuracy: 0.9967, Energy: -4723282.0
Time taken:  2.5446670055389404
Test Loss: 0.0000, Test Accuracy: 0.9967, Energy: -4723324.5
Time taken:  2.574930429458618
Test Loss: 0.0000, Test Accuracy: 0.9967, Energy: -4723359.0
Time taken:  2.567108392715454
Test Loss: 0.0000, Test Accuracy: 0.9967, Energy: -4723387.5
Time taken:  2.62359881401062
Test Loss: 0.0000, Test Accuracy: 0.9967, Energy: -4723409.5
Time taken:  2.584186315536499
Test Loss: 0.0000, Test Accuracy: 0.9967, Energy: -4723374.0
Time taken:  2.588594675064087
Test Loss: 0.0000, Test Accuracy: 0.9967, Energy: -4723393.0
Time taken:  2.5951836109161377
Test Loss: 0.0000, Test Accuracy: 0.9967, Energy: -4723414.0
Time taken:  2.6254258155822754
Test Loss: 0.0000, Test Accuracy: 0.9967, Energy: -4723392.5
Time taken:  2.489835023880005
Test Loss: 0.0000, Test Accuracy: 0.9967, Energy: -4723473.0
Time taken:  2.631058692932129
Test Loss: 0.0000, Test Accuracy: 0.9967, Energy: -4723476.0
Time taken:  2.6231632232666016
Test Loss: 0.0000, Test Accuracy: 0.9967, Energy: -4723449.5
Time taken:  2.6079704761505127
Test Loss: 0.0000, Test Accuracy: 0.9967, Energy: -4723481.5
Time taken:  2.6020216941833496
Test Loss: 0.0000, Test Accuracy: 0.9967, Energy: -4723554.0
Time taken:  2.5800986289978027
Test Loss: 0.0000, Test Accuracy: 0.9967, Energy: -4723525.5
Time taken:  2.626058340072632
Test Loss: 0.0000, Test Accuracy: 0.9967, Energy: -4723505.0
Time taken:  2.621626138687134
Test Loss: 0.0000, Test Accuracy: 0.9967, Energy: -4723473.0
Time taken:  2.6268627643585205
Test Loss: 0.0000, Test Accuracy: 0.9967, Energy: -4723474.0
Time taken:  2.6083157062530518
Test Loss: 0.0000, Test Accuracy: 0.9967, Energy: -4723472.5
Time taken:  2.6241536140441895
Test Loss: 0.0000, Test Accuracy: 0.9967, Energy: -4723376.5
Time taken:  2.6824488639831543
Test Loss: 0.0000, Test Accuracy: 0.9967, Energy: -4723380.5
Time taken:  2.6724307537078857
Test Loss: 0.0000, Test Accuracy: 0.9967, Energy: -4723365.0
Time taken:  2.7170565128326416
Test Loss: 0.0000, Test Accuracy: 0.9967, Energy: -4723361.5
Time taken:  2.696988582611084
Test Loss: 0.0000, Test Accuracy: 0.9967, Energy: -4723362.0
Time taken:  2.6646595001220703
Test Loss: 0.0000, Test Accuracy: 0.9967, Energy: -4723362.5
Time taken:  2.690095901489258
Test Loss: 0.0000, Test Accuracy: 0.9967, Energy: -4723273.0
Time taken:  2.686833381652832
Test Loss: 0.0000, Test Accuracy: 0.9967, Energy: -4723275.0
Time taken:  2.726597309112549
Test Loss: 0.0000, Test Accuracy: 0.9967, Energy: -4723288.0
Time taken:  2.6809189319610596
Test Loss: 0.0000, Test Accuracy: 0.9967, Energy: -4723287.5
Time taken:  2.6662025451660156
Test Loss: 0.0000, Test Accuracy: 0.9967, Energy: -4723336.0
Time taken:  2.734652042388916
Test Loss: 0.0000, Test Accuracy: 0.9967, Energy: -4723335.5
Time taken:  2.745018720626831
Test Loss: 0.0000, Test Accuracy: 0.9967, Energy: -4723335.5
Time taken:  2.7677390575408936
Test Loss: 0.0000, Test Accuracy: 0.9967, Energy: -4723324.5
Time taken:  2.8276894092559814
Test Loss: 0.0000, Test Accuracy: 0.9967, Energy: -4723324.0
Time taken:  2.7660939693450928
Test Loss: 0.0000, Test Accuracy: 0.9967, Energy: -4723324.0
Time taken:  2.7560083866119385
Test Loss: 0.0000, Test Accuracy: 0.9967, Energy: -4723324.0
Time taken:  2.7431423664093018
Test Loss: 0.0000, Test Accuracy: 0.9967, Energy: -4723324.0
Time taken:  2.7118937969207764
Test Loss: 0.0000, Test Accuracy: 0.9967, Energy: -4723356.5
Time taken:  2.800936698913574
Test Loss: 0.0000, Test Accuracy: 0.9967, Energy: -4723356.0
Time taken:  2.753570795059204
Test Loss: 0.0000, Test Accuracy: 0.9967, Energy: -4723352.0
Time taken:  2.769895315170288
Test Loss: 0.0000, Test Accuracy: 0.9967, Energy: -4723371.0
Time taken:  2.738832950592041
Test Loss: 0.0000, Test Accuracy: 0.9967, Energy: -4723371.0
Time taken:  2.693788528442383
Test Loss: 0.0000, Test Accuracy: 0.9967, Energy: -4723371.0
Time taken:  2.7886874675750732
Test Loss: 0.0000, Test Accuracy: 0.9967, Energy: -4723371.0
Time taken:  2.783876419067383
Test Loss: 0.0000, Test Accuracy: 0.9967, Energy: -4723361.5
Time taken:  2.7856485843658447
Test Loss: 0.0000, Test Accuracy: 0.9967, Energy: -4723361.5
Time taken:  2.6070754528045654
Test Loss: 0.0000, Test Accuracy: 0.9967, Energy: -4723381.0
Time taken:  2.2881009578704834
Test Loss: 0.0000, Test Accuracy: 0.9967, Energy: -4723379.5
Time taken:  2.241873264312744
Test Loss: 0.0000, Test Accuracy: 0.9967, Energy: -4723362.5
Time taken:  2.1125600337982178
Test Loss: 0.0000, Test Accuracy: 0.9967, Energy: -4723380.0
Time taken:  1.6486155986785889
Final accuracies: [0.9566666666666667, 1.0, 1.0, 1.0, 1.0, 0.9966666666666667, 0.9966666666666667, 0.9966666666666667, 0.9966666666666667, 0.9966666666666667, 0.9966666666666667, 0.9966666666666667, 0.9966666666666667, 0.9966666666666667, 0.9966666666666667, 0.9966666666666667, 0.9966666666666667, 0.9966666666666667, 0.9966666666666667, 0.9966666666666667, 0.9966666666666667, 0.9966666666666667, 0.9966666666666667, 0.9966666666666667, 0.9966666666666667, 0.9966666666666667, 0.9966666666666667, 0.9966666666666667, 0.9966666666666667, 0.9966666666666667, 0.9966666666666667, 0.9966666666666667, 0.9966666666666667, 0.9966666666666667, 0.9966666666666667, 0.9966666666666667, 0.9966666666666667, 0.9966666666666667, 0.9966666666666667, 0.9966666666666667, 0.9966666666666667, 0.9966666666666667, 0.9966666666666667, 0.9966666666666667, 0.9966666666666667, 0.9966666666666667, 0.9966666666666667, 0.9966666666666667, 0.9966666666666667, 0.9966666666666667, 0.9966666666666667, 0.9966666666666667, 0.9966666666666667, 0.9966666666666667, 0.9966666666666667, 0.9966666666666667, 0.9966666666666667, 0.9966666666666667, 0.9966666666666667, 0.9966666666666667, 0.9966666666666667, 0.9966666666666667, 0.9966666666666667, 0.9966666666666667, 0.9966666666666667, 0.9966666666666667, 0.9966666666666667, 0.9966666666666667, 0.9966666666666667, 0.9966666666666667, 0.9966666666666667, 0.9966666666666667, 0.9966666666666667, 0.9966666666666667, 0.9966666666666667, 0.9966666666666667, 0.9966666666666667, 0.9966666666666667, 0.9966666666666667, 0.9966666666666667, 0.9966666666666667, 0.9966666666666667, 0.9966666666666667, 0.9966666666666667, 0.9966666666666667, 0.9966666666666667, 0.9966666666666667, 0.9966666666666667, 0.9966666666666667, 0.9966666666666667, 0.9966666666666667, 0.9966666666666667, 0.9966666666666667, 0.9966666666666667, 0.9966666666666667, 0.9966666666666667, 0.9966666666666667, 0.9966666666666667, 0.9966666666666667, 0.9966666666666667]
Final energies: [-118811.84375, -1079417.75, -1778821.75, -2333643.25, -2778981.0, -3128863.5, -3405665.0, -3628451.0, -3813716.25, -3964682.25, -4091896.5, -4198809.0, -4288681.5, -4366083.5, -4427638.0, -4477294.0, -4520193.0, -4554911.5, -4586419.5, -4610422.0, -4630857.5, -4646555.0, -4660796.0, -4671896.0, -4680662.0, -4687949.5, -4694229.5, -4699323.0, -4703748.0, -4707203.0, -4710003.5, -4712795.5, -4714720.5, -4716283.5, -4717364.0, -4718532.0, -4719464.0, -4720147.5, -4720654.5, -4721241.0, -4721644.0, -4721953.5, -4722205.0, -4722442.0, -4722604.0, -4722764.5, -4722882.5, -4723037.5, -4723157.0, -4723237.0, -4723282.0, -4723324.5, -4723359.0, -4723387.5, -4723409.5, -4723374.0, -4723393.0, -4723414.0, -4723392.5, -4723473.0, -4723476.0, -4723449.5, -4723481.5, -4723554.0, -4723525.5, -4723505.0, -4723473.0, -4723474.0, -4723472.5, -4723376.5, -4723380.5, -4723365.0, -4723361.5, -4723362.0, -4723362.5, -4723273.0, -4723275.0, -4723288.0, -4723287.5, -4723336.0, -4723335.5, -4723335.5, -4723324.5, -4723324.0, -4723324.0, -4723324.0, -4723324.0, -4723356.5, -4723356.0, -4723352.0, -4723371.0, -4723371.0, -4723371.0, -4723371.0, -4723361.5, -4723361.5, -4723381.0, -4723379.5, -4723362.5, -4723380.0]
