Running with parameters: hidden=100, use_coupled=true, seed=71, lam=0.0, eta=1.0, batch=50
Test Loss: 0.0000, Test Accuracy: 0.9967, Energy: -68817.0859375
Time taken:  2.004401922225952
Test Loss: 0.0000, Test Accuracy: 1.0000, Energy: -802859.75
Time taken:  1.7590129375457764
Test Loss: 0.0000, Test Accuracy: 1.0000, Energy: -1390069.125
Time taken:  1.715820074081421
Test Loss: 0.0000, Test Accuracy: 1.0000, Energy: -1847292.625
Time taken:  1.7295117378234863
Test Loss: 0.0000, Test Accuracy: 1.0000, Energy: -2217679.25
Time taken:  1.7171375751495361
Test Loss: 0.0000, Test Accuracy: 0.9967, Energy: -2517463.5
Time taken:  1.7629077434539795
Test Loss: 0.0000, Test Accuracy: 0.9967, Energy: -2760034.5
Time taken:  1.7859458923339844
Test Loss: 0.0000, Test Accuracy: 0.9967, Energy: -2958474.5
Time taken:  1.7609453201293945
Test Loss: 0.0000, Test Accuracy: 0.9967, Energy: -3121374.75
Time taken:  1.690688133239746
Test Loss: 0.0000, Test Accuracy: 0.9967, Energy: -3256259.5
Time taken:  1.7748749256134033
Test Loss: 0.0000, Test Accuracy: 0.9967, Energy: -3367619.75
Time taken:  1.7823071479797363
Test Loss: 0.0000, Test Accuracy: 0.9967, Energy: -3460067.5
Time taken:  1.768507957458496
Test Loss: 0.0000, Test Accuracy: 0.9967, Energy: -3537236.0
Time taken:  1.791553020477295
Test Loss: 0.0000, Test Accuracy: 0.9967, Energy: -3600180.0
Time taken:  1.7747118473052979
Test Loss: 0.0000, Test Accuracy: 0.9967, Energy: -3653615.0
Time taken:  1.7754781246185303
Test Loss: 0.0000, Test Accuracy: 0.9967, Energy: -3697184.25
Time taken:  1.7686738967895508
Test Loss: 0.0000, Test Accuracy: 0.9967, Energy: -3734062.5
Time taken:  1.774935007095337
Test Loss: 0.0000, Test Accuracy: 0.9967, Energy: -3764566.5
Time taken:  1.7303850650787354
Test Loss: 0.0000, Test Accuracy: 0.9967, Energy: -3788395.0
Time taken:  1.7737610340118408
Test Loss: 0.0000, Test Accuracy: 0.9967, Energy: -3809220.25
Time taken:  1.7821972370147705
Test Loss: 0.0000, Test Accuracy: 0.9967, Energy: -3825647.25
Time taken:  1.7734453678131104
Test Loss: 0.0000, Test Accuracy: 0.9967, Energy: -3839825.5
Time taken:  1.7708208560943604
Test Loss: 0.0000, Test Accuracy: 0.9967, Energy: -3851509.0
Time taken:  1.7882330417633057
Test Loss: 0.0000, Test Accuracy: 0.9967, Energy: -3860911.0
Time taken:  1.7450907230377197
Test Loss: 0.0000, Test Accuracy: 0.9967, Energy: -3868775.25
Time taken:  1.7502801418304443
Test Loss: 0.0000, Test Accuracy: 0.9967, Energy: -3875286.75
Time taken:  1.7636620998382568
Test Loss: 0.0000, Test Accuracy: 0.9967, Energy: -3880789.0
Time taken:  1.721752643585205
Test Loss: 0.0000, Test Accuracy: 0.9967, Energy: -3885096.5
Time taken:  1.7845613956451416
Test Loss: 0.0000, Test Accuracy: 0.9967, Energy: -3888701.0
Time taken:  1.7506392002105713
Test Loss: 0.0000, Test Accuracy: 0.9967, Energy: -3891751.0
Time taken:  1.782477855682373
Test Loss: 0.0000, Test Accuracy: 0.9967, Energy: -3894197.75
Time taken:  1.7992329597473145
Test Loss: 0.0000, Test Accuracy: 0.9967, Energy: -3896395.25
Time taken:  1.7411022186279297
Test Loss: 0.0000, Test Accuracy: 0.9967, Energy: -3898223.25
Time taken:  1.7911438941955566
Test Loss: 0.0000, Test Accuracy: 0.9967, Energy: -3899533.5
Time taken:  1.7625172138214111
Test Loss: 0.0000, Test Accuracy: 0.9967, Energy: -3900683.75
Time taken:  1.7363245487213135
Test Loss: 0.0000, Test Accuracy: 0.9967, Energy: -3901734.0
Time taken:  1.7320270538330078
Test Loss: 0.0000, Test Accuracy: 0.9967, Energy: -3902515.5
Time taken:  1.7754061222076416
Test Loss: 0.0000, Test Accuracy: 0.9967, Energy: -3903108.25
Time taken:  1.7779500484466553
Test Loss: 0.0000, Test Accuracy: 0.9967, Energy: -3903359.0
Time taken:  1.7848331928253174
Test Loss: 0.0000, Test Accuracy: 0.9967, Energy: -3903671.25
Time taken:  1.771512508392334
Test Loss: 0.0000, Test Accuracy: 0.9967, Energy: -3904079.0
Time taken:  1.7847297191619873
Test Loss: 0.0000, Test Accuracy: 0.9967, Energy: -3904376.5
Time taken:  1.7361629009246826
Test Loss: 0.0000, Test Accuracy: 0.9967, Energy: -3904678.5
Time taken:  1.7802939414978027
Test Loss: 0.0000, Test Accuracy: 0.9967, Energy: -3904848.0
Time taken:  1.7540128231048584
Test Loss: 0.0000, Test Accuracy: 0.9967, Energy: -3904997.25
Time taken:  1.7435593605041504
Test Loss: 0.0000, Test Accuracy: 0.9967, Energy: -3905112.0
Time taken:  1.7606050968170166
Test Loss: 0.0000, Test Accuracy: 0.9967, Energy: -3905191.75
Time taken:  1.8012800216674805
Test Loss: 0.0000, Test Accuracy: 0.9967, Energy: -3905265.25
Time taken:  1.7926993370056152
Test Loss: 0.0000, Test Accuracy: 0.9967, Energy: -3905318.75
Time taken:  1.7787060737609863
Test Loss: 0.0000, Test Accuracy: 0.9967, Energy: -3905398.5
Time taken:  1.7842597961425781
Test Loss: 0.0000, Test Accuracy: 0.9967, Energy: -3905438.0
Time taken:  1.7836508750915527
Test Loss: 0.0000, Test Accuracy: 0.9967, Energy: -3905473.5
Time taken:  1.7777605056762695
Test Loss: 0.0000, Test Accuracy: 0.9967, Energy: -3905460.25
Time taken:  1.7734904289245605
Test Loss: 0.0000, Test Accuracy: 0.9967, Energy: -3905466.25
Time taken:  1.7108807563781738
Test Loss: 0.0000, Test Accuracy: 0.9967, Energy: -3905513.0
Time taken:  1.7826097011566162
Test Loss: 0.0000, Test Accuracy: 0.9967, Energy: -3905528.5
Time taken:  1.7590715885162354
Test Loss: 0.0000, Test Accuracy: 0.9967, Energy: -3905541.75
Time taken:  1.7596523761749268
Test Loss: 0.0000, Test Accuracy: 0.9967, Energy: -3905540.5
Time taken:  1.7949132919311523
Test Loss: 0.0000, Test Accuracy: 0.9967, Energy: -3905567.75
Time taken:  1.743927240371704
Test Loss: 0.0000, Test Accuracy: 0.9967, Energy: -3905574.5
Time taken:  1.7569820880889893
Test Loss: 0.0000, Test Accuracy: 0.9967, Energy: -3905479.25
Time taken:  1.7466177940368652
Test Loss: 0.0000, Test Accuracy: 0.9967, Energy: -3905461.5
Time taken:  1.7138538360595703
Test Loss: 0.0000, Test Accuracy: 0.9967, Energy: -3905464.25
Time taken:  1.7775826454162598
Test Loss: 0.0000, Test Accuracy: 0.9967, Energy: -3905467.75
Time taken:  1.77390456199646
Test Loss: 0.0000, Test Accuracy: 0.9967, Energy: -3905483.0
Time taken:  1.7954185009002686
Test Loss: 0.0000, Test Accuracy: 0.9967, Energy: -3905485.0
Time taken:  1.750415563583374
Test Loss: 0.0000, Test Accuracy: 0.9967, Energy: -3905486.5
Time taken:  1.7719757556915283
Test Loss: 0.0000, Test Accuracy: 0.9967, Energy: -3905472.0
Time taken:  1.7631652355194092
Test Loss: 0.0000, Test Accuracy: 0.9967, Energy: -3905467.5
Time taken:  1.7695262432098389
Test Loss: 0.0000, Test Accuracy: 0.9967, Energy: -3905468.25
Time taken:  1.749528169631958
Test Loss: 0.0000, Test Accuracy: 0.9967, Energy: -3905469.25
Time taken:  1.7440299987792969
Test Loss: 0.0000, Test Accuracy: 0.9967, Energy: -3905469.75
Time taken:  1.7445347309112549
Test Loss: 0.0000, Test Accuracy: 0.9967, Energy: -3905470.0
Time taken:  1.7663326263427734
Test Loss: 0.0000, Test Accuracy: 0.9967, Energy: -3905470.5
Time taken:  1.7751741409301758
Test Loss: 0.0000, Test Accuracy: 0.9967, Energy: -3905456.5
Time taken:  1.7616183757781982
Test Loss: 0.0000, Test Accuracy: 0.9967, Energy: -3905449.5
Time taken:  1.8179733753204346
Test Loss: 0.0000, Test Accuracy: 0.9967, Energy: -3905449.5
Time taken:  1.760469675064087
Test Loss: 0.0000, Test Accuracy: 0.9967, Energy: -3905449.5
Time taken:  1.7977015972137451
Test Loss: 0.0000, Test Accuracy: 0.9967, Energy: -3905449.5
Time taken:  1.8155043125152588
Test Loss: 0.0000, Test Accuracy: 0.9967, Energy: -3905462.75
Time taken:  1.7484266757965088
Test Loss: 0.0000, Test Accuracy: 0.9967, Energy: -3905462.75
Time taken:  1.7347750663757324
Test Loss: 0.0000, Test Accuracy: 0.9967, Energy: -3905462.75
Time taken:  1.7736918926239014
Test Loss: 0.0000, Test Accuracy: 0.9967, Energy: -3905443.5
Time taken:  1.7857508659362793
Test Loss: 0.0000, Test Accuracy: 0.9967, Energy: -3905443.5
Time taken:  1.789975881576538
Test Loss: 0.0000, Test Accuracy: 0.9967, Energy: -3905443.5
Time taken:  1.7651867866516113
Test Loss: 0.0000, Test Accuracy: 0.9967, Energy: -3905443.5
Time taken:  1.7905616760253906
Test Loss: 0.0000, Test Accuracy: 0.9967, Energy: -3905092.5
Time taken:  1.7789673805236816
Test Loss: 0.0000, Test Accuracy: 0.9967, Energy: -3905092.5
Time taken:  1.776646375656128
Test Loss: 0.0000, Test Accuracy: 0.9967, Energy: -3905092.5
Time taken:  1.7411103248596191
Test Loss: 0.0000, Test Accuracy: 0.9967, Energy: -3905085.0
Time taken:  1.7559168338775635
Test Loss: 0.0000, Test Accuracy: 0.9967, Energy: -3905075.0
Time taken:  1.7541089057922363
Test Loss: 0.0000, Test Accuracy: 0.9967, Energy: -3905075.0
Time taken:  1.7659070491790771
Test Loss: 0.0000, Test Accuracy: 0.9967, Energy: -3905071.5
Time taken:  1.785991907119751
Test Loss: 0.0000, Test Accuracy: 0.9967, Energy: -3905071.5
Time taken:  1.7878687381744385
Test Loss: 0.0000, Test Accuracy: 0.9967, Energy: -3905071.5
Time taken:  1.76859450340271
Test Loss: 0.0000, Test Accuracy: 0.9967, Energy: -3905071.0
Time taken:  1.7643728256225586
Test Loss: 0.0000, Test Accuracy: 0.9967, Energy: -3905071.0
Time taken:  1.6699719429016113
Test Loss: 0.0000, Test Accuracy: 0.9967, Energy: -3905141.5
Time taken:  1.499875545501709
Test Loss: 0.0000, Test Accuracy: 0.9967, Energy: -3905141.5
Time taken:  1.3600759506225586
Test Loss: 0.0000, Test Accuracy: 0.9967, Energy: -3905141.5
Time taken:  1.2353038787841797
Final accuracies: [0.9966666666666667, 1.0, 1.0, 1.0, 1.0, 0.9966666666666667, 0.9966666666666667, 0.9966666666666667, 0.9966666666666667, 0.9966666666666667, 0.9966666666666667, 0.9966666666666667, 0.9966666666666667, 0.9966666666666667, 0.9966666666666667, 0.9966666666666667, 0.9966666666666667, 0.9966666666666667, 0.9966666666666667, 0.9966666666666667, 0.9966666666666667, 0.9966666666666667, 0.9966666666666667, 0.9966666666666667, 0.9966666666666667, 0.9966666666666667, 0.9966666666666667, 0.9966666666666667, 0.9966666666666667, 0.9966666666666667, 0.9966666666666667, 0.9966666666666667, 0.9966666666666667, 0.9966666666666667, 0.9966666666666667, 0.9966666666666667, 0.9966666666666667, 0.9966666666666667, 0.9966666666666667, 0.9966666666666667, 0.9966666666666667, 0.9966666666666667, 0.9966666666666667, 0.9966666666666667, 0.9966666666666667, 0.9966666666666667, 0.9966666666666667, 0.9966666666666667, 0.9966666666666667, 0.9966666666666667, 0.9966666666666667, 0.9966666666666667, 0.9966666666666667, 0.9966666666666667, 0.9966666666666667, 0.9966666666666667, 0.9966666666666667, 0.9966666666666667, 0.9966666666666667, 0.9966666666666667, 0.9966666666666667, 0.9966666666666667, 0.9966666666666667, 0.9966666666666667, 0.9966666666666667, 0.9966666666666667, 0.9966666666666667, 0.9966666666666667, 0.9966666666666667, 0.9966666666666667, 0.9966666666666667, 0.9966666666666667, 0.9966666666666667, 0.9966666666666667, 0.9966666666666667, 0.9966666666666667, 0.9966666666666667, 0.9966666666666667, 0.9966666666666667, 0.9966666666666667, 0.9966666666666667, 0.9966666666666667, 0.9966666666666667, 0.9966666666666667, 0.9966666666666667, 0.9966666666666667, 0.9966666666666667, 0.9966666666666667, 0.9966666666666667, 0.9966666666666667, 0.9966666666666667, 0.9966666666666667, 0.9966666666666667, 0.9966666666666667, 0.9966666666666667, 0.9966666666666667, 0.9966666666666667, 0.9966666666666667, 0.9966666666666667, 0.9966666666666667]
Final energies: [-68817.0859375, -802859.75, -1390069.125, -1847292.625, -2217679.25, -2517463.5, -2760034.5, -2958474.5, -3121374.75, -3256259.5, -3367619.75, -3460067.5, -3537236.0, -3600180.0, -3653615.0, -3697184.25, -3734062.5, -3764566.5, -3788395.0, -3809220.25, -3825647.25, -3839825.5, -3851509.0, -3860911.0, -3868775.25, -3875286.75, -3880789.0, -3885096.5, -3888701.0, -3891751.0, -3894197.75, -3896395.25, -3898223.25, -3899533.5, -3900683.75, -3901734.0, -3902515.5, -3903108.25, -3903359.0, -3903671.25, -3904079.0, -3904376.5, -3904678.5, -3904848.0, -3904997.25, -3905112.0, -3905191.75, -3905265.25, -3905318.75, -3905398.5, -3905438.0, -3905473.5, -3905460.25, -3905466.25, -3905513.0, -3905528.5, -3905541.75, -3905540.5, -3905567.75, -3905574.5, -3905479.25, -3905461.5, -3905464.25, -3905467.75, -3905483.0, -3905485.0, -3905486.5, -3905472.0, -3905467.5, -3905468.25, -3905469.25, -3905469.75, -3905470.0, -3905470.5, -3905456.5, -3905449.5, -3905449.5, -3905449.5, -3905449.5, -3905462.75, -3905462.75, -3905462.75, -3905443.5, -3905443.5, -3905443.5, -3905443.5, -3905092.5, -3905092.5, -3905092.5, -3905085.0, -3905075.0, -3905075.0, -3905071.5, -3905071.5, -3905071.5, -3905071.0, -3905071.0, -3905141.5, -3905141.5, -3905141.5]
