Running with parameters: hidden=100, use_coupled=true, seed=64, lam=0.0, eta=1.0, batch=50
Test Loss: 0.0000, Test Accuracy: 0.9767, Energy: -81829.171875
Time taken:  1.869530439376831
Test Loss: 0.0000, Test Accuracy: 1.0000, Energy: -743084.6875
Time taken:  1.8764901161193848
Test Loss: 0.0000, Test Accuracy: 1.0000, Energy: -1256185.125
Time taken:  1.8977718353271484
Test Loss: 0.0000, Test Accuracy: 1.0000, Energy: -1676542.75
Time taken:  1.851717472076416
Test Loss: 0.0000, Test Accuracy: 0.9967, Energy: -2003556.75
Time taken:  1.842559814453125
Test Loss: 0.0000, Test Accuracy: 0.9967, Energy: -2258982.5
Time taken:  1.770430326461792
Test Loss: 0.0000, Test Accuracy: 0.9967, Energy: -2471472.5
Time taken:  1.8638677597045898
Test Loss: 0.0000, Test Accuracy: 0.9967, Energy: -2651939.75
Time taken:  1.7632248401641846
Test Loss: 0.0000, Test Accuracy: 0.9967, Energy: -2803903.5
Time taken:  1.7258756160736084
Test Loss: 0.0000, Test Accuracy: 0.9967, Energy: -2933927.5
Time taken:  1.762826919555664
Test Loss: 0.0000, Test Accuracy: 0.9967, Energy: -3046174.0
Time taken:  1.7960989475250244
Test Loss: 0.0000, Test Accuracy: 0.9967, Energy: -3138273.5
Time taken:  1.7889363765716553
Test Loss: 0.0000, Test Accuracy: 0.9967, Energy: -3211931.75
Time taken:  1.777576208114624
Test Loss: 0.0000, Test Accuracy: 0.9967, Energy: -3273879.0
Time taken:  1.7902147769927979
Test Loss: 0.0000, Test Accuracy: 0.9967, Energy: -3320021.0
Time taken:  1.7922821044921875
Test Loss: 0.0000, Test Accuracy: 0.9967, Energy: -3360467.0
Time taken:  1.7781007289886475
Test Loss: 0.0000, Test Accuracy: 0.9967, Energy: -3394785.25
Time taken:  1.8192813396453857
Test Loss: 0.0000, Test Accuracy: 0.9967, Energy: -3424187.0
Time taken:  1.7750718593597412
Test Loss: 0.0000, Test Accuracy: 0.9967, Energy: -3447986.0
Time taken:  1.8319602012634277
Test Loss: 0.0000, Test Accuracy: 0.9967, Energy: -3468304.5
Time taken:  1.8048372268676758
Test Loss: 0.0000, Test Accuracy: 0.9967, Energy: -3484722.0
Time taken:  1.8404128551483154
Test Loss: 0.0000, Test Accuracy: 0.9967, Energy: -3499132.5
Time taken:  1.7650158405303955
Test Loss: 0.0000, Test Accuracy: 0.9967, Energy: -3511048.5
Time taken:  1.758263111114502
Test Loss: 0.0000, Test Accuracy: 0.9967, Energy: -3520758.75
Time taken:  1.7562134265899658
Test Loss: 0.0000, Test Accuracy: 0.9967, Energy: -3528714.0
Time taken:  1.7770228385925293
Test Loss: 0.0000, Test Accuracy: 0.9967, Energy: -3535388.5
Time taken:  1.739116907119751
Test Loss: 0.0000, Test Accuracy: 0.9967, Energy: -3540964.0
Time taken:  1.7783000469207764
Test Loss: 0.0000, Test Accuracy: 0.9967, Energy: -3545601.75
Time taken:  1.754927635192871
Test Loss: 0.0000, Test Accuracy: 0.9967, Energy: -3549713.0
Time taken:  1.7687745094299316
Test Loss: 0.0000, Test Accuracy: 0.9967, Energy: -3552284.5
Time taken:  1.787123203277588
Test Loss: 0.0000, Test Accuracy: 0.9967, Energy: -3554567.0
Time taken:  1.7757689952850342
Test Loss: 0.0000, Test Accuracy: 0.9967, Energy: -3556548.0
Time taken:  1.7634217739105225
Test Loss: 0.0000, Test Accuracy: 0.9967, Energy: -3558354.5
Time taken:  1.7997803688049316
Test Loss: 0.0000, Test Accuracy: 0.9967, Energy: -3559333.25
Time taken:  1.7944109439849854
Test Loss: 0.0000, Test Accuracy: 0.9967, Energy: -3560406.5
Time taken:  1.7651379108428955
Test Loss: 0.0000, Test Accuracy: 0.9967, Energy: -3561118.75
Time taken:  1.7596065998077393
Test Loss: 0.0000, Test Accuracy: 0.9967, Energy: -3561732.5
Time taken:  1.8080964088439941
Test Loss: 0.0000, Test Accuracy: 0.9967, Energy: -3562375.75
Time taken:  1.7990162372589111
Test Loss: 0.0000, Test Accuracy: 0.9967, Energy: -3563179.75
Time taken:  1.7755463123321533
Test Loss: 0.0000, Test Accuracy: 0.9967, Energy: -3563446.5
Time taken:  1.8116559982299805
Test Loss: 0.0000, Test Accuracy: 0.9967, Energy: -3563841.0
Time taken:  1.8068065643310547
Test Loss: 0.0000, Test Accuracy: 0.9967, Energy: -3564159.75
Time taken:  1.7913432121276855
Test Loss: 0.0000, Test Accuracy: 0.9967, Energy: -3564431.25
Time taken:  1.7536299228668213
Test Loss: 0.0000, Test Accuracy: 0.9967, Energy: -3564732.0
Time taken:  1.7491295337677002
Test Loss: 0.0000, Test Accuracy: 0.9967, Energy: -3565137.5
Time taken:  1.7752289772033691
Test Loss: 0.0000, Test Accuracy: 0.9967, Energy: -3565353.0
Time taken:  1.8100881576538086
Test Loss: 0.0000, Test Accuracy: 0.9967, Energy: -3565621.25
Time taken:  1.8206982612609863
Test Loss: 0.0000, Test Accuracy: 0.9967, Energy: -3565916.75
Time taken:  1.8117187023162842
Test Loss: 0.0000, Test Accuracy: 0.9967, Energy: -3566403.75
Time taken:  1.7940094470977783
Test Loss: 0.0000, Test Accuracy: 0.9967, Energy: -3566505.0
Time taken:  1.7946414947509766
Test Loss: 0.0000, Test Accuracy: 0.9967, Energy: -3567075.0
Time taken:  1.800935983657837
Test Loss: 0.0000, Test Accuracy: 0.9967, Energy: -3567415.75
Time taken:  1.7975420951843262
Test Loss: 0.0000, Test Accuracy: 0.9967, Energy: -3567498.75
Time taken:  1.7513716220855713
Test Loss: 0.0000, Test Accuracy: 0.9967, Energy: -3567865.0
Time taken:  1.8471400737762451
Test Loss: 0.0000, Test Accuracy: 0.9967, Energy: -3567985.0
Time taken:  1.782179832458496
Test Loss: 0.0000, Test Accuracy: 0.9967, Energy: -3568074.0
Time taken:  1.7943739891052246
Test Loss: 0.0000, Test Accuracy: 0.9967, Energy: -3568173.5
Time taken:  1.8121120929718018
Test Loss: 0.0000, Test Accuracy: 0.9967, Energy: -3568334.75
Time taken:  1.8214871883392334
Test Loss: 0.0000, Test Accuracy: 0.9967, Energy: -3568377.25
Time taken:  1.7549970149993896
Test Loss: 0.0000, Test Accuracy: 0.9967, Energy: -3568523.0
Time taken:  1.8139731884002686
Test Loss: 0.0000, Test Accuracy: 0.9967, Energy: -3568556.25
Time taken:  1.7444252967834473
Test Loss: 0.0000, Test Accuracy: 0.9967, Energy: -3568613.25
Time taken:  1.7669775485992432
Test Loss: 0.0000, Test Accuracy: 0.9967, Energy: -3568848.0
Time taken:  1.7966461181640625
Test Loss: 0.0000, Test Accuracy: 0.9967, Energy: -3568840.5
Time taken:  1.8108789920806885
Test Loss: 0.0000, Test Accuracy: 0.9967, Energy: -3568961.5
Time taken:  1.7591021060943604
Test Loss: 0.0000, Test Accuracy: 0.9967, Energy: -3569009.0
Time taken:  1.7811663150787354
Test Loss: 0.0000, Test Accuracy: 0.9967, Energy: -3568893.0
Time taken:  1.7991397380828857
Test Loss: 0.0000, Test Accuracy: 0.9967, Energy: -3569006.75
Time taken:  1.781911849975586
Test Loss: 0.0000, Test Accuracy: 0.9967, Energy: -3569036.5
Time taken:  1.787959098815918
Test Loss: 0.0000, Test Accuracy: 0.9967, Energy: -3569058.5
Time taken:  1.7266976833343506
Test Loss: 0.0000, Test Accuracy: 0.9967, Energy: -3569184.25
Time taken:  1.7812604904174805
Test Loss: 0.0000, Test Accuracy: 0.9967, Energy: -3569233.5
Time taken:  1.7956206798553467
Test Loss: 0.0000, Test Accuracy: 0.9967, Energy: -3569262.25
Time taken:  1.7944824695587158
Test Loss: 0.0000, Test Accuracy: 0.9967, Energy: -3569452.0
Time taken:  1.8104362487792969
Test Loss: 0.0000, Test Accuracy: 0.9967, Energy: -3569641.0
Time taken:  1.7910594940185547
Test Loss: 0.0000, Test Accuracy: 0.9967, Energy: -3569824.5
Time taken:  1.7797482013702393
Test Loss: 0.0000, Test Accuracy: 0.9967, Energy: -3569823.25
Time taken:  1.7955267429351807
Test Loss: 0.0000, Test Accuracy: 0.9967, Energy: -3569890.25
Time taken:  1.798764705657959
Test Loss: 0.0000, Test Accuracy: 0.9967, Energy: -3569920.75
Time taken:  1.7765533924102783
Test Loss: 0.0000, Test Accuracy: 0.9967, Energy: -3569937.5
Time taken:  1.7469358444213867
Test Loss: 0.0000, Test Accuracy: 0.9967, Energy: -3570005.75
Time taken:  1.7714776992797852
Test Loss: 0.0000, Test Accuracy: 0.9967, Energy: -3570062.0
Time taken:  1.777705430984497
Test Loss: 0.0000, Test Accuracy: 0.9967, Energy: -3570045.75
Time taken:  1.781555414199829
Test Loss: 0.0000, Test Accuracy: 0.9967, Energy: -3570066.0
Time taken:  1.7868092060089111
Test Loss: 0.0000, Test Accuracy: 0.9967, Energy: -3569988.5
Time taken:  1.7949755191802979
Test Loss: 0.0000, Test Accuracy: 0.9967, Energy: -3569979.5
Time taken:  1.7777056694030762
Test Loss: 0.0000, Test Accuracy: 0.9967, Energy: -3569985.75
Time taken:  1.7989826202392578
Test Loss: 0.0000, Test Accuracy: 0.9967, Energy: -3570055.0
Time taken:  1.738854169845581
Test Loss: 0.0000, Test Accuracy: 0.9967, Energy: -3570125.25
Time taken:  1.7695906162261963
Test Loss: 0.0000, Test Accuracy: 0.9967, Energy: -3570233.5
Time taken:  1.7865161895751953
Test Loss: 0.0000, Test Accuracy: 0.9967, Energy: -3570352.0
Time taken:  1.769491195678711
Test Loss: 0.0000, Test Accuracy: 0.9967, Energy: -3570422.75
Time taken:  1.8040788173675537
Test Loss: 0.0000, Test Accuracy: 0.9967, Energy: -3570437.0
Time taken:  1.7947006225585938
Test Loss: 0.0000, Test Accuracy: 0.9967, Energy: -3570569.0
Time taken:  1.7860500812530518
Test Loss: 0.0000, Test Accuracy: 0.9967, Energy: -3570657.5
Time taken:  1.8015594482421875
Test Loss: 0.0000, Test Accuracy: 0.9967, Energy: -3570667.75
Time taken:  1.6932578086853027
Test Loss: 0.0000, Test Accuracy: 0.9967, Energy: -3570655.5
Time taken:  1.5348434448242188
Test Loss: 0.0000, Test Accuracy: 0.9967, Energy: -3570616.75
Time taken:  1.3518295288085938
Test Loss: 0.0000, Test Accuracy: 0.9967, Energy: -3570720.25
Time taken:  1.246131420135498
Test Loss: 0.0000, Test Accuracy: 0.9967, Energy: -3570630.0
Time taken:  1.035022497177124
Final accuracies: [0.9766666666666667, 1.0, 1.0, 1.0, 0.9966666666666667, 0.9966666666666667, 0.9966666666666667, 0.9966666666666667, 0.9966666666666667, 0.9966666666666667, 0.9966666666666667, 0.9966666666666667, 0.9966666666666667, 0.9966666666666667, 0.9966666666666667, 0.9966666666666667, 0.9966666666666667, 0.9966666666666667, 0.9966666666666667, 0.9966666666666667, 0.9966666666666667, 0.9966666666666667, 0.9966666666666667, 0.9966666666666667, 0.9966666666666667, 0.9966666666666667, 0.9966666666666667, 0.9966666666666667, 0.9966666666666667, 0.9966666666666667, 0.9966666666666667, 0.9966666666666667, 0.9966666666666667, 0.9966666666666667, 0.9966666666666667, 0.9966666666666667, 0.9966666666666667, 0.9966666666666667, 0.9966666666666667, 0.9966666666666667, 0.9966666666666667, 0.9966666666666667, 0.9966666666666667, 0.9966666666666667, 0.9966666666666667, 0.9966666666666667, 0.9966666666666667, 0.9966666666666667, 0.9966666666666667, 0.9966666666666667, 0.9966666666666667, 0.9966666666666667, 0.9966666666666667, 0.9966666666666667, 0.9966666666666667, 0.9966666666666667, 0.9966666666666667, 0.9966666666666667, 0.9966666666666667, 0.9966666666666667, 0.9966666666666667, 0.9966666666666667, 0.9966666666666667, 0.9966666666666667, 0.9966666666666667, 0.9966666666666667, 0.9966666666666667, 0.9966666666666667, 0.9966666666666667, 0.9966666666666667, 0.9966666666666667, 0.9966666666666667, 0.9966666666666667, 0.9966666666666667, 0.9966666666666667, 0.9966666666666667, 0.9966666666666667, 0.9966666666666667, 0.9966666666666667, 0.9966666666666667, 0.9966666666666667, 0.9966666666666667, 0.9966666666666667, 0.9966666666666667, 0.9966666666666667, 0.9966666666666667, 0.9966666666666667, 0.9966666666666667, 0.9966666666666667, 0.9966666666666667, 0.9966666666666667, 0.9966666666666667, 0.9966666666666667, 0.9966666666666667, 0.9966666666666667, 0.9966666666666667, 0.9966666666666667, 0.9966666666666667, 0.9966666666666667, 0.9966666666666667]
Final energies: [-81829.171875, -743084.6875, -1256185.125, -1676542.75, -2003556.75, -2258982.5, -2471472.5, -2651939.75, -2803903.5, -2933927.5, -3046174.0, -3138273.5, -3211931.75, -3273879.0, -3320021.0, -3360467.0, -3394785.25, -3424187.0, -3447986.0, -3468304.5, -3484722.0, -3499132.5, -3511048.5, -3520758.75, -3528714.0, -3535388.5, -3540964.0, -3545601.75, -3549713.0, -3552284.5, -3554567.0, -3556548.0, -3558354.5, -3559333.25, -3560406.5, -3561118.75, -3561732.5, -3562375.75, -3563179.75, -3563446.5, -3563841.0, -3564159.75, -3564431.25, -3564732.0, -3565137.5, -3565353.0, -3565621.25, -3565916.75, -3566403.75, -3566505.0, -3567075.0, -3567415.75, -3567498.75, -3567865.0, -3567985.0, -3568074.0, -3568173.5, -3568334.75, -3568377.25, -3568523.0, -3568556.25, -3568613.25, -3568848.0, -3568840.5, -3568961.5, -3569009.0, -3568893.0, -3569006.75, -3569036.5, -3569058.5, -3569184.25, -3569233.5, -3569262.25, -3569452.0, -3569641.0, -3569824.5, -3569823.25, -3569890.25, -3569920.75, -3569937.5, -3570005.75, -3570062.0, -3570045.75, -3570066.0, -3569988.5, -3569979.5, -3569985.75, -3570055.0, -3570125.25, -3570233.5, -3570352.0, -3570422.75, -3570437.0, -3570569.0, -3570657.5, -3570667.75, -3570655.5, -3570616.75, -3570720.25, -3570630.0]
