Running with parameters: hidden=100, use_coupled=true, seed=13, lam=0.0, eta=1.0, batch=50
Test Loss: 0.0000, Test Accuracy: 0.9967, Energy: -122322.484375
Time taken:  2.8731870651245117
Test Loss: 0.0000, Test Accuracy: 0.9967, Energy: -1151709.0
Time taken:  2.9139373302459717
Test Loss: 0.0000, Test Accuracy: 0.9967, Energy: -1883950.625
Time taken:  2.9860188961029053
Test Loss: 0.0000, Test Accuracy: 0.9967, Energy: -2450359.5
Time taken:  2.8995649814605713
Test Loss: 0.0000, Test Accuracy: 0.9967, Energy: -2891790.75
Time taken:  2.7629218101501465
Test Loss: 0.0000, Test Accuracy: 0.9933, Energy: -3234375.0
Time taken:  2.778062105178833
Test Loss: 0.0000, Test Accuracy: 0.9933, Energy: -3512077.0
Time taken:  2.771179437637329
Test Loss: 0.0000, Test Accuracy: 0.9933, Energy: -3730869.25
Time taken:  2.8113698959350586
Test Loss: 0.0000, Test Accuracy: 0.9933, Energy: -3911065.0
Time taken:  2.7750301361083984
Test Loss: 0.0000, Test Accuracy: 0.9900, Energy: -4057900.5
Time taken:  2.8235371112823486
Test Loss: 0.0000, Test Accuracy: 0.9900, Energy: -4179379.0
Time taken:  2.7902262210845947
Test Loss: 0.0000, Test Accuracy: 0.9900, Energy: -4277925.0
Time taken:  2.8056745529174805
Test Loss: 0.0000, Test Accuracy: 0.9900, Energy: -4362022.0
Time taken:  2.7994513511657715
Test Loss: 0.0000, Test Accuracy: 0.9900, Energy: -4433955.0
Time taken:  2.7712626457214355
Test Loss: 0.0000, Test Accuracy: 0.9900, Energy: -4491690.5
Time taken:  2.771040678024292
Test Loss: 0.0000, Test Accuracy: 0.9900, Energy: -4540026.0
Time taken:  2.870262384414673
Test Loss: 0.0000, Test Accuracy: 0.9900, Energy: -4579808.0
Time taken:  2.8127760887145996
Test Loss: 0.0000, Test Accuracy: 0.9900, Energy: -4611879.5
Time taken:  2.776167869567871
Test Loss: 0.0000, Test Accuracy: 0.9900, Energy: -4637632.0
Time taken:  2.741637945175171
Test Loss: 0.0000, Test Accuracy: 0.9900, Energy: -4650277.5
Time taken:  2.7857308387756348
Test Loss: 0.0000, Test Accuracy: 0.9900, Energy: -4661530.0
Time taken:  2.7668399810791016
Test Loss: 0.0000, Test Accuracy: 0.9867, Energy: -4667562.5
Time taken:  2.7423126697540283
Test Loss: 0.0000, Test Accuracy: 0.9833, Energy: -4678343.0
Time taken:  2.7840561866760254
Test Loss: 0.0000, Test Accuracy: 0.9833, Energy: -4685001.0
Time taken:  2.7818446159362793
Test Loss: 0.0000, Test Accuracy: 0.9833, Energy: -4690304.5
Time taken:  2.7756600379943848
Test Loss: 0.0000, Test Accuracy: 0.9800, Energy: -4694203.5
Time taken:  2.7805862426757812
Test Loss: 0.0000, Test Accuracy: 0.9800, Energy: -4697880.0
Time taken:  2.770639181137085
Test Loss: 0.0000, Test Accuracy: 0.9800, Energy: -4701202.0
Time taken:  2.787461996078491
Test Loss: 0.0000, Test Accuracy: 0.9800, Energy: -4704129.5
Time taken:  2.74307918548584
Test Loss: 0.0000, Test Accuracy: 0.9800, Energy: -4705822.5
Time taken:  2.8113298416137695
Test Loss: 0.0000, Test Accuracy: 0.9800, Energy: -4707805.0
Time taken:  2.7908918857574463
Test Loss: 0.0000, Test Accuracy: 0.9800, Energy: -4709628.0
Time taken:  2.7803237438201904
Test Loss: 0.0000, Test Accuracy: 0.9800, Energy: -4709627.5
Time taken:  2.813051700592041
Test Loss: 0.0000, Test Accuracy: 0.9800, Energy: -4710699.5
Time taken:  2.791743516921997
Test Loss: 0.0000, Test Accuracy: 0.9800, Energy: -4710616.5
Time taken:  2.7772490978240967
Test Loss: 0.0000, Test Accuracy: 0.9800, Energy: -4710814.0
Time taken:  2.8013904094696045
Test Loss: 0.0000, Test Accuracy: 0.9800, Energy: -4711051.5
Time taken:  2.777543067932129
Test Loss: 0.0000, Test Accuracy: 0.9800, Energy: -4710343.0
Time taken:  2.7680840492248535
Test Loss: 0.0000, Test Accuracy: 0.9800, Energy: -4709117.0
Time taken:  2.763707160949707
Test Loss: 0.0000, Test Accuracy: 0.9800, Energy: -4708220.0
Time taken:  2.809356212615967
Test Loss: 0.0000, Test Accuracy: 0.9800, Energy: -4707263.0
Time taken:  2.7625510692596436
Test Loss: 0.0000, Test Accuracy: 0.9800, Energy: -4706767.5
Time taken:  2.8021626472473145
Test Loss: 0.0000, Test Accuracy: 0.9800, Energy: -4705778.0
Time taken:  2.6850497722625732
Test Loss: 0.0000, Test Accuracy: 0.9800, Energy: -4705267.0
Time taken:  2.799976110458374
Test Loss: 0.0000, Test Accuracy: 0.9800, Energy: -4705074.0
Time taken:  2.7908780574798584
Test Loss: 0.0000, Test Accuracy: 0.9800, Energy: -4703642.5
Time taken:  2.815603494644165
Test Loss: 0.0000, Test Accuracy: 0.9800, Energy: -4703480.5
Time taken:  2.781968355178833
Test Loss: 0.0000, Test Accuracy: 0.9800, Energy: -4703403.0
Time taken:  2.8100779056549072
Test Loss: 0.0000, Test Accuracy: 0.9800, Energy: -4703329.0
Time taken:  2.769050121307373
Test Loss: 0.0000, Test Accuracy: 0.9800, Energy: -4702660.0
Time taken:  2.7417638301849365
Test Loss: 0.0000, Test Accuracy: 0.9833, Energy: -4701469.5
Time taken:  2.7025678157806396
Test Loss: 0.0000, Test Accuracy: 0.9833, Energy: -4700727.5
Time taken:  2.82389760017395
Test Loss: 0.0000, Test Accuracy: 0.9833, Energy: -4699943.0
Time taken:  2.733675718307495
Test Loss: 0.0000, Test Accuracy: 0.9833, Energy: -4699083.0
Time taken:  2.79445481300354
Test Loss: 0.0000, Test Accuracy: 0.9833, Energy: -4698184.0
Time taken:  2.785433769226074
Test Loss: 0.0000, Test Accuracy: 0.9833, Energy: -4697852.5
Time taken:  2.7638423442840576
Test Loss: 0.0000, Test Accuracy: 0.9833, Energy: -4697194.0
Time taken:  2.783250570297241
Test Loss: 0.0000, Test Accuracy: 0.9833, Energy: -4697051.5
Time taken:  2.7234835624694824
Test Loss: 0.0000, Test Accuracy: 0.9833, Energy: -4696714.0
Time taken:  2.751272439956665
Test Loss: 0.0000, Test Accuracy: 0.9833, Energy: -4696774.0
Time taken:  2.7510316371917725
Test Loss: 0.0000, Test Accuracy: 0.9833, Energy: -4696608.5
Time taken:  2.8172593116760254
Test Loss: 0.0000, Test Accuracy: 0.9833, Energy: -4696556.5
Time taken:  2.7480363845825195
Test Loss: 0.0000, Test Accuracy: 0.9833, Energy: -4696526.5
Time taken:  2.874115228652954
Test Loss: 0.0000, Test Accuracy: 0.9833, Energy: -4696484.0
Time taken:  2.738523244857788
Test Loss: 0.0000, Test Accuracy: 0.9833, Energy: -4696438.0
Time taken:  2.826946496963501
Test Loss: 0.0000, Test Accuracy: 0.9833, Energy: -4696401.0
Time taken:  2.8387980461120605
Test Loss: 0.0000, Test Accuracy: 0.9833, Energy: -4696350.5
Time taken:  2.777646541595459
Test Loss: 0.0000, Test Accuracy: 0.9833, Energy: -4696293.0
Time taken:  2.8629729747772217
Test Loss: 0.0000, Test Accuracy: 0.9833, Energy: -4696271.5
Time taken:  2.818434000015259
Test Loss: 0.0000, Test Accuracy: 0.9833, Energy: -4696267.0
Time taken:  2.7787411212921143
Test Loss: 0.0000, Test Accuracy: 0.9833, Energy: -4696190.5
Time taken:  2.796908140182495
Test Loss: 0.0000, Test Accuracy: 0.9833, Energy: -4696157.5
Time taken:  2.7550597190856934
Test Loss: 0.0000, Test Accuracy: 0.9833, Energy: -4696135.5
Time taken:  2.76051926612854
Test Loss: 0.0000, Test Accuracy: 0.9833, Energy: -4696112.0
Time taken:  2.7567858695983887
Test Loss: 0.0000, Test Accuracy: 0.9833, Energy: -4695990.0
Time taken:  2.8012568950653076
Test Loss: 0.0000, Test Accuracy: 0.9833, Energy: -4695966.0
Time taken:  2.796596050262451
Test Loss: 0.0000, Test Accuracy: 0.9833, Energy: -4695907.0
Time taken:  2.7833056449890137
Test Loss: 0.0000, Test Accuracy: 0.9833, Energy: -4695914.0
Time taken:  2.783529281616211
Test Loss: 0.0000, Test Accuracy: 0.9833, Energy: -4695753.0
Time taken:  2.842752456665039
Test Loss: 0.0000, Test Accuracy: 0.9833, Energy: -4695753.0
Time taken:  2.776742696762085
Test Loss: 0.0000, Test Accuracy: 0.9833, Energy: -4695746.0
Time taken:  2.820795774459839
Test Loss: 0.0000, Test Accuracy: 0.9833, Energy: -4695746.0
Time taken:  2.7385671138763428
Test Loss: 0.0000, Test Accuracy: 0.9833, Energy: -4695746.0
Time taken:  2.791983127593994
Test Loss: 0.0000, Test Accuracy: 0.9833, Energy: -4695746.0
Time taken:  2.745702028274536
Test Loss: 0.0000, Test Accuracy: 0.9833, Energy: -4695746.0
Time taken:  2.7756214141845703
Test Loss: 0.0000, Test Accuracy: 0.9833, Energy: -4695751.0
Time taken:  2.7662413120269775
Test Loss: 0.0000, Test Accuracy: 0.9833, Energy: -4695732.0
Time taken:  2.7756261825561523
Test Loss: 0.0000, Test Accuracy: 0.9833, Energy: -4695645.0
Time taken:  2.8339877128601074
Test Loss: 0.0000, Test Accuracy: 0.9833, Energy: -4695758.0
Time taken:  2.833089590072632
Test Loss: 0.0000, Test Accuracy: 0.9833, Energy: -4695625.0
Time taken:  2.777747869491577
Test Loss: 0.0000, Test Accuracy: 0.9833, Energy: -4695625.0
Time taken:  2.7447617053985596
Test Loss: 0.0000, Test Accuracy: 0.9833, Energy: -4695619.5
Time taken:  2.808354616165161
Test Loss: 0.0000, Test Accuracy: 0.9833, Energy: -4695619.5
Time taken:  2.770061731338501
Test Loss: 0.0000, Test Accuracy: 0.9833, Energy: -4695605.0
Time taken:  2.741842269897461
Test Loss: 0.0000, Test Accuracy: 0.9833, Energy: -4695605.0
Time taken:  2.7881038188934326
Test Loss: 0.0000, Test Accuracy: 0.9833, Energy: -4695437.5
Time taken:  2.7378180027008057
Test Loss: 0.0000, Test Accuracy: 0.9833, Energy: -4695437.5
Time taken:  2.762941837310791
Test Loss: 0.0000, Test Accuracy: 0.9833, Energy: -4695404.0
Time taken:  2.7313199043273926
Test Loss: 0.0000, Test Accuracy: 0.9833, Energy: -4695356.0
Time taken:  2.6737146377563477
Test Loss: 0.0000, Test Accuracy: 0.9833, Energy: -4695347.0
Time taken:  1.9019794464111328
Final accuracies: [0.9966666666666667, 0.9966666666666667, 0.9966666666666667, 0.9966666666666667, 0.9966666666666667, 0.9933333333333333, 0.9933333333333333, 0.9933333333333333, 0.9933333333333333, 0.99, 0.99, 0.99, 0.99, 0.99, 0.99, 0.99, 0.99, 0.99, 0.99, 0.99, 0.99, 0.9866666666666667, 0.9833333333333333, 0.9833333333333333, 0.9833333333333333, 0.98, 0.98, 0.98, 0.98, 0.98, 0.98, 0.98, 0.98, 0.98, 0.98, 0.98, 0.98, 0.98, 0.98, 0.98, 0.98, 0.98, 0.98, 0.98, 0.98, 0.98, 0.98, 0.98, 0.98, 0.98, 0.9833333333333333, 0.9833333333333333, 0.9833333333333333, 0.9833333333333333, 0.9833333333333333, 0.9833333333333333, 0.9833333333333333, 0.9833333333333333, 0.9833333333333333, 0.9833333333333333, 0.9833333333333333, 0.9833333333333333, 0.9833333333333333, 0.9833333333333333, 0.9833333333333333, 0.9833333333333333, 0.9833333333333333, 0.9833333333333333, 0.9833333333333333, 0.9833333333333333, 0.9833333333333333, 0.9833333333333333, 0.9833333333333333, 0.9833333333333333, 0.9833333333333333, 0.9833333333333333, 0.9833333333333333, 0.9833333333333333, 0.9833333333333333, 0.9833333333333333, 0.9833333333333333, 0.9833333333333333, 0.9833333333333333, 0.9833333333333333, 0.9833333333333333, 0.9833333333333333, 0.9833333333333333, 0.9833333333333333, 0.9833333333333333, 0.9833333333333333, 0.9833333333333333, 0.9833333333333333, 0.9833333333333333, 0.9833333333333333, 0.9833333333333333, 0.9833333333333333, 0.9833333333333333, 0.9833333333333333, 0.9833333333333333, 0.9833333333333333]
Final energies: [-122322.484375, -1151709.0, -1883950.625, -2450359.5, -2891790.75, -3234375.0, -3512077.0, -3730869.25, -3911065.0, -4057900.5, -4179379.0, -4277925.0, -4362022.0, -4433955.0, -4491690.5, -4540026.0, -4579808.0, -4611879.5, -4637632.0, -4650277.5, -4661530.0, -4667562.5, -4678343.0, -4685001.0, -4690304.5, -4694203.5, -4697880.0, -4701202.0, -4704129.5, -4705822.5, -4707805.0, -4709628.0, -4709627.5, -4710699.5, -4710616.5, -4710814.0, -4711051.5, -4710343.0, -4709117.0, -4708220.0, -4707263.0, -4706767.5, -4705778.0, -4705267.0, -4705074.0, -4703642.5, -4703480.5, -4703403.0, -4703329.0, -4702660.0, -4701469.5, -4700727.5, -4699943.0, -4699083.0, -4698184.0, -4697852.5, -4697194.0, -4697051.5, -4696714.0, -4696774.0, -4696608.5, -4696556.5, -4696526.5, -4696484.0, -4696438.0, -4696401.0, -4696350.5, -4696293.0, -4696271.5, -4696267.0, -4696190.5, -4696157.5, -4696135.5, -4696112.0, -4695990.0, -4695966.0, -4695907.0, -4695914.0, -4695753.0, -4695753.0, -4695746.0, -4695746.0, -4695746.0, -4695746.0, -4695746.0, -4695751.0, -4695732.0, -4695645.0, -4695758.0, -4695625.0, -4695625.0, -4695619.5, -4695619.5, -4695605.0, -4695605.0, -4695437.5, -4695437.5, -4695404.0, -4695356.0, -4695347.0]
