Running with parameters: hidden=50, use_coupled=true, seed=55, lam=0.1, eta=0.5, batch=50
Test Loss: 0.0000, Test Accuracy: 1.0000, Energy: -10576.3623046875
Time taken:  0.6292335987091064
Test Loss: 0.0000, Test Accuracy: 0.9967, Energy: -227277.890625
Time taken:  0.5589570999145508
Test Loss: 0.0000, Test Accuracy: 0.9967, Energy: -599017.25
Time taken:  0.5582780838012695
Test Loss: 0.0000, Test Accuracy: 0.9967, Energy: -886052.25
Time taken:  0.5727252960205078
Test Loss: 0.0000, Test Accuracy: 0.9967, Energy: -1109380.5
Time taken:  0.5503177642822266
Test Loss: 0.0000, Test Accuracy: 0.9967, Energy: -1287809.5
Time taken:  0.5710752010345459
Test Loss: 0.0000, Test Accuracy: 1.0000, Energy: -1429314.875
Time taken:  0.5568759441375732
Test Loss: 0.0000, Test Accuracy: 0.9967, Energy: -1543603.375
Time taken:  0.5594532489776611
Test Loss: 0.0000, Test Accuracy: 0.9967, Energy: -1639034.25
Time taken:  0.5776126384735107
Test Loss: 0.0000, Test Accuracy: 0.9967, Energy: -1709769.0
Time taken:  0.5495853424072266
Test Loss: 0.0000, Test Accuracy: 0.9967, Energy: -1765769.25
Time taken:  0.5654571056365967
Test Loss: 0.0000, Test Accuracy: 1.0000, Energy: -1812799.375
Time taken:  0.5604517459869385
Test Loss: 0.0000, Test Accuracy: 0.9967, Energy: -1852156.125
Time taken:  0.5520896911621094
Test Loss: 0.0000, Test Accuracy: 0.9967, Energy: -1884531.0
Time taken:  0.5814363956451416
Test Loss: 0.0000, Test Accuracy: 1.0000, Energy: -1912545.625
Time taken:  0.5562388896942139
Test Loss: 0.0000, Test Accuracy: 1.0000, Energy: -1934701.125
Time taken:  0.5602657794952393
Test Loss: 0.0000, Test Accuracy: 0.9967, Energy: -1952466.875
Time taken:  0.5763711929321289
Test Loss: 0.0000, Test Accuracy: 0.9967, Energy: -1969138.375
Time taken:  0.5614283084869385
Test Loss: 0.0000, Test Accuracy: 0.9967, Energy: -1981969.375
Time taken:  0.5797977447509766
Test Loss: 0.0000, Test Accuracy: 0.9967, Energy: -1992636.625
Time taken:  0.5526294708251953
Test Loss: 0.0000, Test Accuracy: 0.9967, Energy: -2001080.5
Time taken:  0.5734939575195312
Test Loss: 0.0000, Test Accuracy: 0.9967, Energy: -2008517.625
Time taken:  0.5584416389465332
Test Loss: 0.0000, Test Accuracy: 0.9967, Energy: -2014648.625
Time taken:  0.5630965232849121
Test Loss: 0.0000, Test Accuracy: 0.9967, Energy: -2020014.625
Time taken:  0.5758635997772217
Test Loss: 0.0000, Test Accuracy: 0.9967, Energy: -2024013.25
Time taken:  0.5562596321105957
Test Loss: 0.0000, Test Accuracy: 0.9967, Energy: -2027349.25
Time taken:  0.5753233432769775
Test Loss: 0.0000, Test Accuracy: 0.9967, Energy: -2030504.125
Time taken:  0.5626163482666016
Test Loss: 0.0000, Test Accuracy: 0.9967, Energy: -2032812.75
Time taken:  0.5558807849884033
Test Loss: 0.0000, Test Accuracy: 0.9967, Energy: -2034635.25
Time taken:  0.58111572265625
Test Loss: 0.0000, Test Accuracy: 0.9967, Energy: -2036088.75
Time taken:  0.5514650344848633
Test Loss: 0.0000, Test Accuracy: 0.9967, Energy: -2037468.125
Time taken:  0.5644245147705078
Test Loss: 0.0000, Test Accuracy: 0.9967, Energy: -2038432.75
Time taken:  0.57253098487854
Test Loss: 0.0000, Test Accuracy: 0.9967, Energy: -2039114.625
Time taken:  0.5527801513671875
Test Loss: 0.0000, Test Accuracy: 0.9967, Energy: -2039819.375
Time taken:  0.5765748023986816
Test Loss: 0.0000, Test Accuracy: 0.9967, Energy: -2040448.75
Time taken:  0.5624699592590332
Test Loss: 0.0000, Test Accuracy: 0.9967, Energy: -2040902.125
Time taken:  0.5619885921478271
Test Loss: 0.0000, Test Accuracy: 0.9967, Energy: -2041287.75
Time taken:  0.5752921104431152
Test Loss: 0.0000, Test Accuracy: 0.9967, Energy: -2041550.625
Time taken:  0.553135871887207
Test Loss: 0.0000, Test Accuracy: 0.9967, Energy: -2041888.75
Time taken:  0.5724122524261475
Test Loss: 0.0000, Test Accuracy: 0.9967, Energy: -2042100.0
Time taken:  0.5661084651947021
Test Loss: 0.0000, Test Accuracy: 0.9967, Energy: -2042281.5
Time taken:  0.5640108585357666
Test Loss: 0.0000, Test Accuracy: 0.9967, Energy: -2042418.75
Time taken:  0.5789613723754883
Test Loss: 0.0000, Test Accuracy: 0.9967, Energy: -2042529.125
Time taken:  0.5576698780059814
Test Loss: 0.0000, Test Accuracy: 0.9967, Energy: -2042632.0
Time taken:  0.5665426254272461
Test Loss: 0.0000, Test Accuracy: 0.9967, Energy: -2042705.125
Time taken:  0.5705146789550781
Test Loss: 0.0000, Test Accuracy: 0.9967, Energy: -2042783.25
Time taken:  0.5546088218688965
Test Loss: 0.0000, Test Accuracy: 0.9967, Energy: -2042832.75
Time taken:  0.5741796493530273
Test Loss: 0.0000, Test Accuracy: 0.9967, Energy: -2042898.25
Time taken:  0.5558559894561768
Test Loss: 0.0000, Test Accuracy: 0.9967, Energy: -2042964.25
Time taken:  0.563823938369751
Test Loss: 0.0000, Test Accuracy: 0.9967, Energy: -2043042.0
Time taken:  0.5705552101135254
Test Loss: 0.0000, Test Accuracy: 0.9967, Energy: -2043071.125
Time taken:  0.5501470565795898
Test Loss: 0.0000, Test Accuracy: 0.9967, Energy: -2043088.0
Time taken:  0.5755283832550049
Test Loss: 0.0000, Test Accuracy: 0.9967, Energy: -2043102.5
Time taken:  0.5618653297424316
Test Loss: 0.0000, Test Accuracy: 0.9967, Energy: -2043115.0
Time taken:  0.5594298839569092
Test Loss: 0.0000, Test Accuracy: 0.9967, Energy: -2043124.75
Time taken:  0.5751466751098633
Test Loss: 0.0000, Test Accuracy: 0.9967, Energy: -2043133.0
Time taken:  0.5549583435058594
Test Loss: 0.0000, Test Accuracy: 0.9967, Energy: -2043140.0
Time taken:  0.5699222087860107
Test Loss: 0.0000, Test Accuracy: 0.9967, Energy: -2043159.625
Time taken:  0.566155195236206
Test Loss: 0.0000, Test Accuracy: 0.9967, Energy: -2043164.0
Time taken:  0.5543177127838135
Test Loss: 0.0000, Test Accuracy: 0.9967, Energy: -2043167.875
Time taken:  0.5770566463470459
Test Loss: 0.0000, Test Accuracy: 0.9967, Energy: -2043170.75
Time taken:  0.5571701526641846
Test Loss: 0.0000, Test Accuracy: 0.9967, Energy: -2043172.75
Time taken:  0.5628581047058105
Test Loss: 0.0000, Test Accuracy: 0.9967, Energy: -2043174.875
Time taken:  0.5745131969451904
Test Loss: 0.0000, Test Accuracy: 0.9967, Energy: -2043186.125
Time taken:  0.5543129444122314
Test Loss: 0.0000, Test Accuracy: 0.9967, Energy: -2043187.375
Time taken:  0.5580480098724365
Test Loss: 0.0000, Test Accuracy: 0.9967, Energy: -2043188.5
Time taken:  0.5746419429779053
Test Loss: 0.0000, Test Accuracy: 0.9967, Energy: -2043189.5
Time taken:  0.5622081756591797
Test Loss: 0.0000, Test Accuracy: 0.9967, Energy: -2043190.0
Time taken:  0.5756161212921143
Test Loss: 0.0000, Test Accuracy: 0.9967, Energy: -2043190.375
Time taken:  0.573606014251709
Test Loss: 0.0000, Test Accuracy: 0.9967, Energy: -2043191.0
Time taken:  0.5730717182159424
Test Loss: 0.0000, Test Accuracy: 0.9967, Energy: -2043191.5
Time taken:  0.5770387649536133
Test Loss: 0.0000, Test Accuracy: 0.9967, Energy: -2043191.625
Time taken:  0.5515751838684082
Test Loss: 0.0000, Test Accuracy: 0.9967, Energy: -2043192.125
Time taken:  0.5711584091186523
Test Loss: 0.0000, Test Accuracy: 0.9967, Energy: -2043192.5
Time taken:  0.5687112808227539
Test Loss: 0.0000, Test Accuracy: 0.9967, Energy: -2043192.5
Time taken:  0.550891637802124
Test Loss: 0.0000, Test Accuracy: 0.9967, Energy: -2043192.625
Time taken:  0.5693850517272949
Test Loss: 0.0000, Test Accuracy: 0.9967, Energy: -2043192.75
Time taken:  0.5606434345245361
Test Loss: 0.0000, Test Accuracy: 0.9967, Energy: -2043192.75
Time taken:  0.5606935024261475
Test Loss: 0.0000, Test Accuracy: 0.9967, Energy: -2043192.75
Time taken:  0.57790207862854
Test Loss: 0.0000, Test Accuracy: 0.9967, Energy: -2043192.75
Time taken:  0.5512681007385254
Test Loss: 0.0000, Test Accuracy: 0.9967, Energy: -2043192.75
Time taken:  0.5717177391052246
Test Loss: 0.0000, Test Accuracy: 0.9967, Energy: -2043192.75
Time taken:  0.5628595352172852
Test Loss: 0.0000, Test Accuracy: 0.9967, Energy: -2043192.75
Time taken:  0.557335376739502
Test Loss: 0.0000, Test Accuracy: 0.9967, Energy: -2043192.75
Time taken:  0.5762639045715332
Test Loss: 0.0000, Test Accuracy: 0.9967, Energy: -2043192.75
Time taken:  0.5481514930725098
Test Loss: 0.0000, Test Accuracy: 0.9967, Energy: -2043192.75
Time taken:  0.570199728012085
Test Loss: 0.0000, Test Accuracy: 0.9967, Energy: -2043192.75
Time taken:  0.5662860870361328
Test Loss: 0.0000, Test Accuracy: 0.9967, Energy: -2043192.75
Time taken:  0.5527195930480957
Test Loss: 0.0000, Test Accuracy: 0.9967, Energy: -2043192.75
Time taken:  0.5752980709075928
Test Loss: 0.0000, Test Accuracy: 0.9967, Energy: -2043192.75
Time taken:  0.5616812705993652
Test Loss: 0.0000, Test Accuracy: 0.9967, Energy: -2043192.75
Time taken:  0.5573036670684814
Test Loss: 0.0000, Test Accuracy: 0.9967, Energy: -2043192.75
Time taken:  0.5778911113739014
Test Loss: 0.0000, Test Accuracy: 0.9967, Energy: -2043192.75
Time taken:  0.5536534786224365
Test Loss: 0.0000, Test Accuracy: 0.9967, Energy: -2043192.75
Time taken:  0.5779323577880859
Test Loss: 0.0000, Test Accuracy: 0.9967, Energy: -2043192.75
Time taken:  0.5590243339538574
Test Loss: 0.0000, Test Accuracy: 0.9967, Energy: -2043192.75
Time taken:  0.5470118522644043
Test Loss: 0.0000, Test Accuracy: 0.9967, Energy: -2043192.75
Time taken:  0.5647873878479004
Test Loss: 0.0000, Test Accuracy: 0.9967, Energy: -2043192.75
Time taken:  0.5769615173339844
Test Loss: 0.0000, Test Accuracy: 0.9967, Energy: -2043192.75
Time taken:  0.5565528869628906
Test Loss: 0.0000, Test Accuracy: 0.9967, Energy: -2043192.75
Time taken:  0.5505642890930176
Final accuracies: [1.0, 0.9966666666666667, 0.9966666666666667, 0.9966666666666667, 0.9966666666666667, 0.9966666666666667, 1.0, 0.9966666666666667, 0.9966666666666667, 0.9966666666666667, 0.9966666666666667, 1.0, 0.9966666666666667, 0.9966666666666667, 1.0, 1.0, 0.9966666666666667, 0.9966666666666667, 0.9966666666666667, 0.9966666666666667, 0.9966666666666667, 0.9966666666666667, 0.9966666666666667, 0.9966666666666667, 0.9966666666666667, 0.9966666666666667, 0.9966666666666667, 0.9966666666666667, 0.9966666666666667, 0.9966666666666667, 0.9966666666666667, 0.9966666666666667, 0.9966666666666667, 0.9966666666666667, 0.9966666666666667, 0.9966666666666667, 0.9966666666666667, 0.9966666666666667, 0.9966666666666667, 0.9966666666666667, 0.9966666666666667, 0.9966666666666667, 0.9966666666666667, 0.9966666666666667, 0.9966666666666667, 0.9966666666666667, 0.9966666666666667, 0.9966666666666667, 0.9966666666666667, 0.9966666666666667, 0.9966666666666667, 0.9966666666666667, 0.9966666666666667, 0.9966666666666667, 0.9966666666666667, 0.9966666666666667, 0.9966666666666667, 0.9966666666666667, 0.9966666666666667, 0.9966666666666667, 0.9966666666666667, 0.9966666666666667, 0.9966666666666667, 0.9966666666666667, 0.9966666666666667, 0.9966666666666667, 0.9966666666666667, 0.9966666666666667, 0.9966666666666667, 0.9966666666666667, 0.9966666666666667, 0.9966666666666667, 0.9966666666666667, 0.9966666666666667, 0.9966666666666667, 0.9966666666666667, 0.9966666666666667, 0.9966666666666667, 0.9966666666666667, 0.9966666666666667, 0.9966666666666667, 0.9966666666666667, 0.9966666666666667, 0.9966666666666667, 0.9966666666666667, 0.9966666666666667, 0.9966666666666667, 0.9966666666666667, 0.9966666666666667, 0.9966666666666667, 0.9966666666666667, 0.9966666666666667, 0.9966666666666667, 0.9966666666666667, 0.9966666666666667, 0.9966666666666667, 0.9966666666666667, 0.9966666666666667, 0.9966666666666667, 0.9966666666666667]
Final energies: [-10576.3623046875, -227277.890625, -599017.25, -886052.25, -1109380.5, -1287809.5, -1429314.875, -1543603.375, -1639034.25, -1709769.0, -1765769.25, -1812799.375, -1852156.125, -1884531.0, -1912545.625, -1934701.125, -1952466.875, -1969138.375, -1981969.375, -1992636.625, -2001080.5, -2008517.625, -2014648.625, -2020014.625, -2024013.25, -2027349.25, -2030504.125, -2032812.75, -2034635.25, -2036088.75, -2037468.125, -2038432.75, -2039114.625, -2039819.375, -2040448.75, -2040902.125, -2041287.75, -2041550.625, -2041888.75, -2042100.0, -2042281.5, -2042418.75, -2042529.125, -2042632.0, -2042705.125, -2042783.25, -2042832.75, -2042898.25, -2042964.25, -2043042.0, -2043071.125, -2043088.0, -2043102.5, -2043115.0, -2043124.75, -2043133.0, -2043140.0, -2043159.625, -2043164.0, -2043167.875, -2043170.75, -2043172.75, -2043174.875, -2043186.125, -2043187.375, -2043188.5, -2043189.5, -2043190.0, -2043190.375, -2043191.0, -2043191.5, -2043191.625, -2043192.125, -2043192.5, -2043192.5, -2043192.625, -2043192.75, -2043192.75, -2043192.75, -2043192.75, -2043192.75, -2043192.75, -2043192.75, -2043192.75, -2043192.75, -2043192.75, -2043192.75, -2043192.75, -2043192.75, -2043192.75, -2043192.75, -2043192.75, -2043192.75, -2043192.75, -2043192.75, -2043192.75, -2043192.75, -2043192.75, -2043192.75, -2043192.75]
