Running with parameters: hidden=50, use_coupled=true, seed=84, lam=0.1, eta=0.5, batch=50
Test Loss: 0.0000, Test Accuracy: 0.9967, Energy: -4459.201171875
Time taken:  0.805530309677124
Test Loss: 0.0000, Test Accuracy: 0.9967, Energy: -152406.109375
Time taken:  0.7856419086456299
Test Loss: 0.0000, Test Accuracy: 0.9967, Energy: -511880.28125
Time taken:  0.7971310615539551
Test Loss: 0.0000, Test Accuracy: 0.9967, Energy: -837346.8125
Time taken:  0.7797293663024902
Test Loss: 0.0000, Test Accuracy: 0.9967, Energy: -1088945.375
Time taken:  0.7900447845458984
Test Loss: 0.0000, Test Accuracy: 0.9967, Energy: -1287256.5
Time taken:  0.7882349491119385
Test Loss: 0.0000, Test Accuracy: 0.9967, Energy: -1446467.75
Time taken:  0.7785890102386475
Test Loss: 0.0000, Test Accuracy: 0.9967, Energy: -1576422.75
Time taken:  0.7829937934875488
Test Loss: 0.0000, Test Accuracy: 0.9967, Energy: -1688276.25
Time taken:  0.7915840148925781
Test Loss: 0.0000, Test Accuracy: 0.9967, Energy: -1776481.625
Time taken:  0.7817680835723877
Test Loss: 0.0000, Test Accuracy: 0.9967, Energy: -1850548.0
Time taken:  0.788959264755249
Test Loss: 0.0000, Test Accuracy: 0.9967, Energy: -1912981.75
Time taken:  0.7804775238037109
Test Loss: 0.0000, Test Accuracy: 0.9967, Energy: -1962231.0
Time taken:  0.8023834228515625
Test Loss: 0.0000, Test Accuracy: 0.9967, Energy: -2004417.625
Time taken:  0.7906441688537598
Test Loss: 0.0000, Test Accuracy: 0.9967, Energy: -2035823.5
Time taken:  0.7831411361694336
Test Loss: 0.0000, Test Accuracy: 0.9967, Energy: -2065486.25
Time taken:  0.7839488983154297
Test Loss: 0.0000, Test Accuracy: 0.9967, Energy: -2087187.125
Time taken:  0.7947871685028076
Test Loss: 0.0000, Test Accuracy: 0.9967, Energy: -2106220.25
Time taken:  0.7854270935058594
Test Loss: 0.0000, Test Accuracy: 0.9967, Energy: -2121786.5
Time taken:  0.7868287563323975
Test Loss: 0.0000, Test Accuracy: 0.9967, Energy: -2134609.5
Time taken:  0.791935920715332
Test Loss: 0.0000, Test Accuracy: 0.9967, Energy: -2146317.25
Time taken:  0.7842614650726318
Test Loss: 0.0000, Test Accuracy: 0.9967, Energy: -2155493.5
Time taken:  0.796027421951294
Test Loss: 0.0000, Test Accuracy: 0.9967, Energy: -2162620.25
Time taken:  0.78379225730896
Test Loss: 0.0000, Test Accuracy: 0.9967, Energy: -2169149.25
Time taken:  0.7869374752044678
Test Loss: 0.0000, Test Accuracy: 0.9967, Energy: -2174152.75
Time taken:  0.780489444732666
Test Loss: 0.0000, Test Accuracy: 0.9967, Energy: -2178928.5
Time taken:  0.7953512668609619
Test Loss: 0.0000, Test Accuracy: 0.9967, Energy: -2182427.0
Time taken:  0.7870116233825684
Test Loss: 0.0000, Test Accuracy: 0.9967, Energy: -2184873.25
Time taken:  0.7895536422729492
Test Loss: 0.0000, Test Accuracy: 0.9967, Energy: -2187079.5
Time taken:  0.7841455936431885
Test Loss: 0.0000, Test Accuracy: 0.9967, Energy: -2189018.75
Time taken:  0.7943172454833984
Test Loss: 0.0000, Test Accuracy: 0.9967, Energy: -2190643.5
Time taken:  0.7922208309173584
Test Loss: 0.0000, Test Accuracy: 0.9967, Energy: -2192436.5
Time taken:  0.7886223793029785
Test Loss: 0.0000, Test Accuracy: 0.9967, Energy: -2193291.5
Time taken:  0.788231611251831
Test Loss: 0.0000, Test Accuracy: 0.9967, Energy: -2194173.0
Time taken:  0.7890572547912598
Test Loss: 0.0000, Test Accuracy: 0.9967, Energy: -2195069.5
Time taken:  0.7883358001708984
Test Loss: 0.0000, Test Accuracy: 0.9967, Energy: -2195783.75
Time taken:  0.7951602935791016
Test Loss: 0.0000, Test Accuracy: 0.9967, Energy: -2196279.0
Time taken:  0.7885251045227051
Test Loss: 0.0000, Test Accuracy: 0.9967, Energy: -2196695.0
Time taken:  0.7916760444641113
Test Loss: 0.0000, Test Accuracy: 0.9967, Energy: -2196987.5
Time taken:  0.7901294231414795
Test Loss: 0.0000, Test Accuracy: 0.9967, Energy: -2197256.25
Time taken:  0.7972722053527832
Test Loss: 0.0000, Test Accuracy: 0.9967, Energy: -2197445.25
Time taken:  0.7934489250183105
Test Loss: 0.0000, Test Accuracy: 0.9967, Energy: -2197618.5
Time taken:  0.7875893115997314
Test Loss: 0.0000, Test Accuracy: 0.9967, Energy: -2197736.25
Time taken:  0.791748046875
Test Loss: 0.0000, Test Accuracy: 0.9967, Energy: -2197893.25
Time taken:  0.7872817516326904
Test Loss: 0.0000, Test Accuracy: 0.9967, Energy: -2197996.5
Time taken:  0.794043779373169
Test Loss: 0.0000, Test Accuracy: 0.9967, Energy: -2198088.0
Time taken:  0.7937138080596924
Test Loss: 0.0000, Test Accuracy: 0.9967, Energy: -2198148.75
Time taken:  0.7888727188110352
Test Loss: 0.0000, Test Accuracy: 0.9967, Energy: -2198188.0
Time taken:  0.7936725616455078
Test Loss: 0.0000, Test Accuracy: 0.9967, Energy: -2198238.75
Time taken:  0.7877578735351562
Test Loss: 0.0000, Test Accuracy: 0.9967, Energy: -2198276.0
Time taken:  0.7918739318847656
Test Loss: 0.0000, Test Accuracy: 0.9967, Energy: -2198301.0
Time taken:  0.7962830066680908
Test Loss: 0.0000, Test Accuracy: 0.9967, Energy: -2198323.25
Time taken:  0.7890989780426025
Test Loss: 0.0000, Test Accuracy: 0.9967, Energy: -2198362.0
Time taken:  0.7897508144378662
Test Loss: 0.0000, Test Accuracy: 0.9967, Energy: -2198376.5
Time taken:  0.7891414165496826
Test Loss: 0.0000, Test Accuracy: 0.9967, Energy: -2198368.25
Time taken:  0.7981429100036621
Test Loss: 0.0000, Test Accuracy: 0.9967, Energy: -2198378.0
Time taken:  0.7955353260040283
Test Loss: 0.0000, Test Accuracy: 0.9967, Energy: -2198407.0
Time taken:  0.7890570163726807
Test Loss: 0.0000, Test Accuracy: 0.9967, Energy: -2198413.5
Time taken:  0.7878062725067139
Test Loss: 0.0000, Test Accuracy: 0.9967, Energy: -2198419.0
Time taken:  0.791156530380249
Test Loss: 0.0000, Test Accuracy: 0.9967, Energy: -2198423.5
Time taken:  0.788938045501709
Test Loss: 0.0000, Test Accuracy: 0.9967, Energy: -2198427.0
Time taken:  0.7918078899383545
Test Loss: 0.0000, Test Accuracy: 0.9967, Energy: -2198430.25
Time taken:  0.7928838729858398
Test Loss: 0.0000, Test Accuracy: 0.9967, Energy: -2198432.25
Time taken:  0.7912876605987549
Test Loss: 0.0000, Test Accuracy: 0.9967, Energy: -2198434.25
Time taken:  0.794792652130127
Test Loss: 0.0000, Test Accuracy: 0.9967, Energy: -2198436.0
Time taken:  0.7910845279693604
Test Loss: 0.0000, Test Accuracy: 0.9967, Energy: -2198437.25
Time taken:  0.7933378219604492
Test Loss: 0.0000, Test Accuracy: 0.9967, Energy: -2198438.5
Time taken:  0.7904603481292725
Test Loss: 0.0000, Test Accuracy: 0.9967, Energy: -2198439.5
Time taken:  0.7968671321868896
Test Loss: 0.0000, Test Accuracy: 0.9967, Energy: -2198440.0
Time taken:  0.7924764156341553
Test Loss: 0.0000, Test Accuracy: 0.9967, Energy: -2198440.5
Time taken:  0.7928037643432617
Test Loss: 0.0000, Test Accuracy: 0.9967, Energy: -2198441.0
Time taken:  0.795741081237793
Test Loss: 0.0000, Test Accuracy: 0.9967, Energy: -2198441.5
Time taken:  0.7938308715820312
Test Loss: 0.0000, Test Accuracy: 0.9967, Energy: -2198444.0
Time taken:  0.789531946182251
Test Loss: 0.0000, Test Accuracy: 0.9967, Energy: -2198444.25
Time taken:  0.7964322566986084
Test Loss: 0.0000, Test Accuracy: 0.9967, Energy: -2198444.25
Time taken:  0.7986350059509277
Test Loss: 0.0000, Test Accuracy: 0.9967, Energy: -2198444.25
Time taken:  0.7921442985534668
Test Loss: 0.0000, Test Accuracy: 0.9967, Energy: -2198444.25
Time taken:  0.7912859916687012
Test Loss: 0.0000, Test Accuracy: 0.9967, Energy: -2198444.25
Time taken:  0.788562536239624
Test Loss: 0.0000, Test Accuracy: 0.9967, Energy: -2198444.25
Time taken:  0.7966279983520508
Test Loss: 0.0000, Test Accuracy: 0.9967, Energy: -2198444.25
Time taken:  0.7857789993286133
Test Loss: 0.0000, Test Accuracy: 0.9967, Energy: -2198444.25
Time taken:  0.788130521774292
Test Loss: 0.0000, Test Accuracy: 0.9967, Energy: -2198444.25
Time taken:  0.749596357345581
Test Loss: 0.0000, Test Accuracy: 0.9967, Energy: -2198444.25
Time taken:  0.6798925399780273
Test Loss: 0.0000, Test Accuracy: 0.9967, Energy: -2198444.25
Time taken:  0.647493839263916
Test Loss: 0.0000, Test Accuracy: 0.9967, Energy: -2198444.25
Time taken:  0.6415972709655762
Test Loss: 0.0000, Test Accuracy: 0.9967, Energy: -2198444.25
Time taken:  0.6474740505218506
Test Loss: 0.0000, Test Accuracy: 0.9967, Energy: -2198444.25
Time taken:  0.6431868076324463
Test Loss: 0.0000, Test Accuracy: 0.9967, Energy: -2198444.25
Time taken:  0.6412904262542725
Test Loss: 0.0000, Test Accuracy: 0.9967, Energy: -2198444.25
Time taken:  0.642188549041748
Test Loss: 0.0000, Test Accuracy: 0.9967, Energy: -2198444.25
Time taken:  0.6413211822509766
Test Loss: 0.0000, Test Accuracy: 0.9967, Energy: -2198444.25
Time taken:  0.6427745819091797
Test Loss: 0.0000, Test Accuracy: 0.9967, Energy: -2198444.25
Time taken:  0.6450226306915283
Test Loss: 0.0000, Test Accuracy: 0.9967, Energy: -2198444.25
Time taken:  0.6459236145019531
Test Loss: 0.0000, Test Accuracy: 0.9967, Energy: -2198444.25
Time taken:  0.6443157196044922
Test Loss: 0.0000, Test Accuracy: 0.9967, Energy: -2198444.25
Time taken:  0.6415441036224365
Test Loss: 0.0000, Test Accuracy: 0.9967, Energy: -2198444.25
Time taken:  0.6467664241790771
Test Loss: 0.0000, Test Accuracy: 0.9967, Energy: -2198444.25
Time taken:  0.6410887241363525
Test Loss: 0.0000, Test Accuracy: 0.9967, Energy: -2198444.25
Time taken:  0.6427972316741943
Test Loss: 0.0000, Test Accuracy: 0.9967, Energy: -2198444.25
Time taken:  0.6259748935699463
Test Loss: 0.0000, Test Accuracy: 0.9967, Energy: -2198444.25
Time taken:  0.5720939636230469
Final accuracies: [0.9966666666666667, 0.9966666666666667, 0.9966666666666667, 0.9966666666666667, 0.9966666666666667, 0.9966666666666667, 0.9966666666666667, 0.9966666666666667, 0.9966666666666667, 0.9966666666666667, 0.9966666666666667, 0.9966666666666667, 0.9966666666666667, 0.9966666666666667, 0.9966666666666667, 0.9966666666666667, 0.9966666666666667, 0.9966666666666667, 0.9966666666666667, 0.9966666666666667, 0.9966666666666667, 0.9966666666666667, 0.9966666666666667, 0.9966666666666667, 0.9966666666666667, 0.9966666666666667, 0.9966666666666667, 0.9966666666666667, 0.9966666666666667, 0.9966666666666667, 0.9966666666666667, 0.9966666666666667, 0.9966666666666667, 0.9966666666666667, 0.9966666666666667, 0.9966666666666667, 0.9966666666666667, 0.9966666666666667, 0.9966666666666667, 0.9966666666666667, 0.9966666666666667, 0.9966666666666667, 0.9966666666666667, 0.9966666666666667, 0.9966666666666667, 0.9966666666666667, 0.9966666666666667, 0.9966666666666667, 0.9966666666666667, 0.9966666666666667, 0.9966666666666667, 0.9966666666666667, 0.9966666666666667, 0.9966666666666667, 0.9966666666666667, 0.9966666666666667, 0.9966666666666667, 0.9966666666666667, 0.9966666666666667, 0.9966666666666667, 0.9966666666666667, 0.9966666666666667, 0.9966666666666667, 0.9966666666666667, 0.9966666666666667, 0.9966666666666667, 0.9966666666666667, 0.9966666666666667, 0.9966666666666667, 0.9966666666666667, 0.9966666666666667, 0.9966666666666667, 0.9966666666666667, 0.9966666666666667, 0.9966666666666667, 0.9966666666666667, 0.9966666666666667, 0.9966666666666667, 0.9966666666666667, 0.9966666666666667, 0.9966666666666667, 0.9966666666666667, 0.9966666666666667, 0.9966666666666667, 0.9966666666666667, 0.9966666666666667, 0.9966666666666667, 0.9966666666666667, 0.9966666666666667, 0.9966666666666667, 0.9966666666666667, 0.9966666666666667, 0.9966666666666667, 0.9966666666666667, 0.9966666666666667, 0.9966666666666667, 0.9966666666666667, 0.9966666666666667, 0.9966666666666667, 0.9966666666666667]
Final energies: [-4459.201171875, -152406.109375, -511880.28125, -837346.8125, -1088945.375, -1287256.5, -1446467.75, -1576422.75, -1688276.25, -1776481.625, -1850548.0, -1912981.75, -1962231.0, -2004417.625, -2035823.5, -2065486.25, -2087187.125, -2106220.25, -2121786.5, -2134609.5, -2146317.25, -2155493.5, -2162620.25, -2169149.25, -2174152.75, -2178928.5, -2182427.0, -2184873.25, -2187079.5, -2189018.75, -2190643.5, -2192436.5, -2193291.5, -2194173.0, -2195069.5, -2195783.75, -2196279.0, -2196695.0, -2196987.5, -2197256.25, -2197445.25, -2197618.5, -2197736.25, -2197893.25, -2197996.5, -2198088.0, -2198148.75, -2198188.0, -2198238.75, -2198276.0, -2198301.0, -2198323.25, -2198362.0, -2198376.5, -2198368.25, -2198378.0, -2198407.0, -2198413.5, -2198419.0, -2198423.5, -2198427.0, -2198430.25, -2198432.25, -2198434.25, -2198436.0, -2198437.25, -2198438.5, -2198439.5, -2198440.0, -2198440.5, -2198441.0, -2198441.5, -2198444.0, -2198444.25, -2198444.25, -2198444.25, -2198444.25, -2198444.25, -2198444.25, -2198444.25, -2198444.25, -2198444.25, -2198444.25, -2198444.25, -2198444.25, -2198444.25, -2198444.25, -2198444.25, -2198444.25, -2198444.25, -2198444.25, -2198444.25, -2198444.25, -2198444.25, -2198444.25, -2198444.25, -2198444.25, -2198444.25, -2198444.25, -2198444.25]
