Running with parameters: hidden=50, use_coupled=true, seed=65, lam=0.0, eta=1.0, batch=50
Test Loss: 0.0000, Test Accuracy: 1.0000, Energy: -10198.908203125
Time taken:  0.6372454166412354
Test Loss: 0.0000, Test Accuracy: 0.9967, Energy: -271455.3125
Time taken:  0.58827805519104
Test Loss: 0.0000, Test Accuracy: 0.9967, Energy: -618471.875
Time taken:  0.586230993270874
Test Loss: 0.0000, Test Accuracy: 0.9967, Energy: -885231.125
Time taken:  0.5829882621765137
Test Loss: 0.0000, Test Accuracy: 0.9967, Energy: -1091796.5
Time taken:  0.5848381519317627
Test Loss: 0.0000, Test Accuracy: 0.9967, Energy: -1256922.25
Time taken:  0.5778613090515137
Test Loss: 0.0000, Test Accuracy: 0.9967, Energy: -1392761.25
Time taken:  0.5812301635742188
Test Loss: 0.0000, Test Accuracy: 0.9967, Energy: -1504280.375
Time taken:  0.5778398513793945
Test Loss: 0.0000, Test Accuracy: 0.9967, Energy: -1594327.5
Time taken:  0.5839419364929199
Test Loss: 0.0000, Test Accuracy: 0.9967, Energy: -1669492.625
Time taken:  0.5830733776092529
Test Loss: 0.0000, Test Accuracy: 0.9967, Energy: -1732498.125
Time taken:  0.5825879573822021
Test Loss: 0.0000, Test Accuracy: 0.9967, Energy: -1784869.625
Time taken:  0.5803093910217285
Test Loss: 0.0000, Test Accuracy: 0.9967, Energy: -1827750.375
Time taken:  0.5807051658630371
Test Loss: 0.0000, Test Accuracy: 0.9967, Energy: -1862619.875
Time taken:  0.5822389125823975
Test Loss: 0.0000, Test Accuracy: 0.9967, Energy: -1891163.25
Time taken:  0.5804002285003662
Test Loss: 0.0000, Test Accuracy: 0.9967, Energy: -1915032.75
Time taken:  0.5847203731536865
Test Loss: 0.0000, Test Accuracy: 0.9967, Energy: -1934851.625
Time taken:  0.5855915546417236
Test Loss: 0.0000, Test Accuracy: 0.9967, Energy: -1951680.0
Time taken:  0.5750153064727783
Test Loss: 0.0000, Test Accuracy: 0.9967, Energy: -1965843.0
Time taken:  0.5818707942962646
Test Loss: 0.0000, Test Accuracy: 0.9967, Energy: -1977020.375
Time taken:  0.5809810161590576
Test Loss: 0.0000, Test Accuracy: 0.9967, Energy: -1986409.375
Time taken:  0.586388349533081
Test Loss: 0.0000, Test Accuracy: 0.9967, Energy: -1994156.875
Time taken:  0.5809650421142578
Test Loss: 0.0000, Test Accuracy: 0.9967, Energy: -2000580.375
Time taken:  0.578822135925293
Test Loss: 0.0000, Test Accuracy: 0.9967, Energy: -2005891.375
Time taken:  0.5827715396881104
Test Loss: 0.0000, Test Accuracy: 0.9967, Energy: -2010414.75
Time taken:  0.5806586742401123
Test Loss: 0.0000, Test Accuracy: 0.9967, Energy: -2014509.875
Time taken:  0.580554723739624
Test Loss: 0.0000, Test Accuracy: 0.9967, Energy: -2018023.5
Time taken:  0.5788662433624268
Test Loss: 0.0000, Test Accuracy: 0.9967, Energy: -2020404.875
Time taken:  0.5807478427886963
Test Loss: 0.0000, Test Accuracy: 0.9967, Energy: -2022331.875
Time taken:  0.5840780735015869
Test Loss: 0.0000, Test Accuracy: 0.9967, Energy: -2023939.25
Time taken:  0.5789284706115723
Test Loss: 0.0000, Test Accuracy: 0.9967, Energy: -2025287.375
Time taken:  0.5795180797576904
Test Loss: 0.0000, Test Accuracy: 0.9967, Energy: -2026318.875
Time taken:  0.5795743465423584
Test Loss: 0.0000, Test Accuracy: 0.9967, Energy: -2027334.625
Time taken:  0.5812911987304688
Test Loss: 0.0000, Test Accuracy: 0.9967, Energy: -2028022.125
Time taken:  0.5795917510986328
Test Loss: 0.0000, Test Accuracy: 0.9967, Energy: -2028624.75
Time taken:  0.5801694393157959
Test Loss: 0.0000, Test Accuracy: 0.9967, Energy: -2029141.5
Time taken:  0.5817537307739258
Test Loss: 0.0000, Test Accuracy: 0.9967, Energy: -2029382.5
Time taken:  0.5794572830200195
Test Loss: 0.0000, Test Accuracy: 0.9967, Energy: -2029719.125
Time taken:  0.5827527046203613
Test Loss: 0.0000, Test Accuracy: 0.9967, Energy: -2030012.25
Time taken:  0.5845093727111816
Test Loss: 0.0000, Test Accuracy: 0.9967, Energy: -2030236.25
Time taken:  0.5814175605773926
Test Loss: 0.0000, Test Accuracy: 0.9967, Energy: -2030424.125
Time taken:  0.5783243179321289
Test Loss: 0.0000, Test Accuracy: 0.9967, Energy: -2030566.75
Time taken:  0.5847127437591553
Test Loss: 0.0000, Test Accuracy: 0.9967, Energy: -2030685.875
Time taken:  0.5831787586212158
Test Loss: 0.0000, Test Accuracy: 0.9967, Energy: -2030782.375
Time taken:  0.5803313255310059
Test Loss: 0.0000, Test Accuracy: 0.9967, Energy: -2030861.625
Time taken:  0.5855913162231445
Test Loss: 0.0000, Test Accuracy: 0.9967, Energy: -2030934.0
Time taken:  0.5829241275787354
Test Loss: 0.0000, Test Accuracy: 0.9967, Energy: -2030982.75
Time taken:  0.5828866958618164
Test Loss: 0.0000, Test Accuracy: 0.9967, Energy: -2031027.75
Time taken:  0.5796680450439453
Test Loss: 0.0000, Test Accuracy: 0.9967, Energy: -2031062.875
Time taken:  0.5831305980682373
Test Loss: 0.0000, Test Accuracy: 0.9967, Energy: -2031092.0
Time taken:  0.5855188369750977
Test Loss: 0.0000, Test Accuracy: 0.9967, Energy: -2031115.75
Time taken:  0.5826480388641357
Test Loss: 0.0000, Test Accuracy: 0.9967, Energy: -2031134.75
Time taken:  0.5826473236083984
Test Loss: 0.0000, Test Accuracy: 0.9967, Energy: -2031150.5
Time taken:  0.5831441879272461
Test Loss: 0.0000, Test Accuracy: 0.9967, Energy: -2031163.25
Time taken:  0.576256275177002
Test Loss: 0.0000, Test Accuracy: 0.9967, Energy: -2031166.5
Time taken:  0.5810866355895996
Test Loss: 0.0000, Test Accuracy: 0.9967, Energy: -2031175.25
Time taken:  0.5825397968292236
Test Loss: 0.0000, Test Accuracy: 0.9967, Energy: -2031182.125
Time taken:  0.5819110870361328
Test Loss: 0.0000, Test Accuracy: 0.9967, Energy: -2031187.5
Time taken:  0.5808403491973877
Test Loss: 0.0000, Test Accuracy: 0.9967, Energy: -2031192.0
Time taken:  0.5821783542633057
Test Loss: 0.0000, Test Accuracy: 0.9967, Energy: -2031188.125
Time taken:  0.5781075954437256
Test Loss: 0.0000, Test Accuracy: 0.9967, Energy: -2031191.25
Time taken:  0.5817861557006836
Test Loss: 0.0000, Test Accuracy: 0.9967, Energy: -2031193.375
Time taken:  0.5862071514129639
Test Loss: 0.0000, Test Accuracy: 0.9967, Energy: -2031195.25
Time taken:  0.5825662612915039
Test Loss: 0.0000, Test Accuracy: 0.9967, Energy: -2031278.5
Time taken:  0.5848727226257324
Test Loss: 0.0000, Test Accuracy: 0.9967, Energy: -2031266.25
Time taken:  0.5770871639251709
Test Loss: 0.0000, Test Accuracy: 0.9967, Energy: -2031256.0
Time taken:  0.5832562446594238
Test Loss: 0.0000, Test Accuracy: 0.9967, Energy: -2031256.5
Time taken:  0.5807430744171143
Test Loss: 0.0000, Test Accuracy: 0.9967, Energy: -2031257.0
Time taken:  0.5823659896850586
Test Loss: 0.0000, Test Accuracy: 0.9967, Energy: -2031257.25
Time taken:  0.5820293426513672
Test Loss: 0.0000, Test Accuracy: 0.9967, Energy: -2031257.25
Time taken:  0.5843617916107178
Test Loss: 0.0000, Test Accuracy: 0.9967, Energy: -2031257.125
Time taken:  0.5820741653442383
Test Loss: 0.0000, Test Accuracy: 0.9967, Energy: -2031257.375
Time taken:  0.5781676769256592
Test Loss: 0.0000, Test Accuracy: 0.9967, Energy: -2031257.25
Time taken:  0.5829107761383057
Test Loss: 0.0000, Test Accuracy: 0.9967, Energy: -2031248.75
Time taken:  0.5794570446014404
Test Loss: 0.0000, Test Accuracy: 0.9967, Energy: -2031248.375
Time taken:  0.5794291496276855
Test Loss: 0.0000, Test Accuracy: 0.9967, Energy: -2031248.125
Time taken:  0.5804586410522461
Test Loss: 0.0000, Test Accuracy: 0.9967, Energy: -2031247.625
Time taken:  0.5780012607574463
Test Loss: 0.0000, Test Accuracy: 0.9967, Energy: -2031240.5
Time taken:  0.5828783512115479
Test Loss: 0.0000, Test Accuracy: 0.9967, Energy: -2031187.25
Time taken:  0.5862281322479248
Test Loss: 0.0000, Test Accuracy: 0.9967, Energy: -2031186.75
Time taken:  0.5846095085144043
Test Loss: 0.0000, Test Accuracy: 0.9967, Energy: -2031180.25
Time taken:  0.5768170356750488
Test Loss: 0.0000, Test Accuracy: 0.9967, Energy: -2031180.0
Time taken:  0.581343412399292
Test Loss: 0.0000, Test Accuracy: 0.9967, Energy: -2031161.125
Time taken:  0.5766682624816895
Test Loss: 0.0000, Test Accuracy: 0.9967, Energy: -2031161.0
Time taken:  0.5820181369781494
Test Loss: 0.0000, Test Accuracy: 0.9967, Energy: -2031160.375
Time taken:  0.5798778533935547
Test Loss: 0.0000, Test Accuracy: 0.9967, Energy: -2031160.0
Time taken:  0.582136869430542
Test Loss: 0.0000, Test Accuracy: 0.9967, Energy: -2031148.25
Time taken:  0.5826728343963623
Test Loss: 0.0000, Test Accuracy: 0.9967, Energy: -2031147.875
Time taken:  0.5847656726837158
Test Loss: 0.0000, Test Accuracy: 0.9967, Energy: -2031147.5
Time taken:  0.5760715007781982
Test Loss: 0.0000, Test Accuracy: 0.9967, Energy: -2031152.25
Time taken:  0.585007905960083
Test Loss: 0.0000, Test Accuracy: 0.9967, Energy: -2031151.875
Time taken:  0.5827286243438721
Test Loss: 0.0000, Test Accuracy: 0.9967, Energy: -2031151.375
Time taken:  0.5818336009979248
Test Loss: 0.0000, Test Accuracy: 0.9967, Energy: -2031151.25
Time taken:  0.5821542739868164
Test Loss: 0.0000, Test Accuracy: 0.9967, Energy: -2031151.0
Time taken:  0.5822935104370117
Test Loss: 0.0000, Test Accuracy: 0.9967, Energy: -2031150.25
Time taken:  0.5793049335479736
Test Loss: 0.0000, Test Accuracy: 0.9967, Energy: -2031141.25
Time taken:  0.5767593383789062
Test Loss: 0.0000, Test Accuracy: 0.9967, Energy: -2031141.125
Time taken:  0.5838496685028076
Test Loss: 0.0000, Test Accuracy: 0.9967, Energy: -2031140.625
Time taken:  0.5832691192626953
Test Loss: 0.0000, Test Accuracy: 0.9967, Energy: -2031140.375
Time taken:  0.5845866203308105
Test Loss: 0.0000, Test Accuracy: 0.9967, Energy: -2031139.75
Time taken:  0.5813155174255371
Final accuracies: [1.0, 0.9966666666666667, 0.9966666666666667, 0.9966666666666667, 0.9966666666666667, 0.9966666666666667, 0.9966666666666667, 0.9966666666666667, 0.9966666666666667, 0.9966666666666667, 0.9966666666666667, 0.9966666666666667, 0.9966666666666667, 0.9966666666666667, 0.9966666666666667, 0.9966666666666667, 0.9966666666666667, 0.9966666666666667, 0.9966666666666667, 0.9966666666666667, 0.9966666666666667, 0.9966666666666667, 0.9966666666666667, 0.9966666666666667, 0.9966666666666667, 0.9966666666666667, 0.9966666666666667, 0.9966666666666667, 0.9966666666666667, 0.9966666666666667, 0.9966666666666667, 0.9966666666666667, 0.9966666666666667, 0.9966666666666667, 0.9966666666666667, 0.9966666666666667, 0.9966666666666667, 0.9966666666666667, 0.9966666666666667, 0.9966666666666667, 0.9966666666666667, 0.9966666666666667, 0.9966666666666667, 0.9966666666666667, 0.9966666666666667, 0.9966666666666667, 0.9966666666666667, 0.9966666666666667, 0.9966666666666667, 0.9966666666666667, 0.9966666666666667, 0.9966666666666667, 0.9966666666666667, 0.9966666666666667, 0.9966666666666667, 0.9966666666666667, 0.9966666666666667, 0.9966666666666667, 0.9966666666666667, 0.9966666666666667, 0.9966666666666667, 0.9966666666666667, 0.9966666666666667, 0.9966666666666667, 0.9966666666666667, 0.9966666666666667, 0.9966666666666667, 0.9966666666666667, 0.9966666666666667, 0.9966666666666667, 0.9966666666666667, 0.9966666666666667, 0.9966666666666667, 0.9966666666666667, 0.9966666666666667, 0.9966666666666667, 0.9966666666666667, 0.9966666666666667, 0.9966666666666667, 0.9966666666666667, 0.9966666666666667, 0.9966666666666667, 0.9966666666666667, 0.9966666666666667, 0.9966666666666667, 0.9966666666666667, 0.9966666666666667, 0.9966666666666667, 0.9966666666666667, 0.9966666666666667, 0.9966666666666667, 0.9966666666666667, 0.9966666666666667, 0.9966666666666667, 0.9966666666666667, 0.9966666666666667, 0.9966666666666667, 0.9966666666666667, 0.9966666666666667, 0.9966666666666667]
Final energies: [-10198.908203125, -271455.3125, -618471.875, -885231.125, -1091796.5, -1256922.25, -1392761.25, -1504280.375, -1594327.5, -1669492.625, -1732498.125, -1784869.625, -1827750.375, -1862619.875, -1891163.25, -1915032.75, -1934851.625, -1951680.0, -1965843.0, -1977020.375, -1986409.375, -1994156.875, -2000580.375, -2005891.375, -2010414.75, -2014509.875, -2018023.5, -2020404.875, -2022331.875, -2023939.25, -2025287.375, -2026318.875, -2027334.625, -2028022.125, -2028624.75, -2029141.5, -2029382.5, -2029719.125, -2030012.25, -2030236.25, -2030424.125, -2030566.75, -2030685.875, -2030782.375, -2030861.625, -2030934.0, -2030982.75, -2031027.75, -2031062.875, -2031092.0, -2031115.75, -2031134.75, -2031150.5, -2031163.25, -2031166.5, -2031175.25, -2031182.125, -2031187.5, -2031192.0, -2031188.125, -2031191.25, -2031193.375, -2031195.25, -2031278.5, -2031266.25, -2031256.0, -2031256.5, -2031257.0, -2031257.25, -2031257.25, -2031257.125, -2031257.375, -2031257.25, -2031248.75, -2031248.375, -2031248.125, -2031247.625, -2031240.5, -2031187.25, -2031186.75, -2031180.25, -2031180.0, -2031161.125, -2031161.0, -2031160.375, -2031160.0, -2031148.25, -2031147.875, -2031147.5, -2031152.25, -2031151.875, -2031151.375, -2031151.25, -2031151.0, -2031150.25, -2031141.25, -2031141.125, -2031140.625, -2031140.375, -2031139.75]
