Running with parameters: hidden=50, use_coupled=true, seed=28, lam=0.0, eta=1.0, batch=50
Test Loss: 0.0000, Test Accuracy: 0.9967, Energy: -7372.7822265625
Time taken:  0.5245950222015381
Test Loss: 0.0000, Test Accuracy: 0.9967, Energy: -163200.59375
Time taken:  0.46076202392578125
Test Loss: 0.0000, Test Accuracy: 0.9967, Energy: -417816.3125
Time taken:  0.46370768547058105
Test Loss: 0.0000, Test Accuracy: 0.9967, Energy: -626253.0625
Time taken:  0.4628934860229492
Test Loss: 0.0000, Test Accuracy: 0.9967, Energy: -784750.75
Time taken:  0.4548985958099365
Test Loss: 0.0000, Test Accuracy: 1.0000, Energy: -910940.375
Time taken:  0.46312594413757324
Test Loss: 0.0000, Test Accuracy: 1.0000, Energy: -1013641.3125
Time taken:  0.46678972244262695
Test Loss: 0.0000, Test Accuracy: 1.0000, Energy: -1099019.0
Time taken:  0.46320462226867676
Test Loss: 0.0000, Test Accuracy: 1.0000, Energy: -1168089.875
Time taken:  0.4558870792388916
Test Loss: 0.0000, Test Accuracy: 1.0000, Energy: -1225293.375
Time taken:  0.4622979164123535
Test Loss: 0.0000, Test Accuracy: 1.0000, Energy: -1257099.75
Time taken:  0.461179256439209
Test Loss: 0.0000, Test Accuracy: 0.9967, Energy: -1282788.375
Time taken:  0.46027112007141113
Test Loss: 0.0000, Test Accuracy: 0.9967, Energy: -1304363.75
Time taken:  0.4595906734466553
Test Loss: 0.0000, Test Accuracy: 0.9967, Energy: -1322141.875
Time taken:  0.4605417251586914
Test Loss: 0.0000, Test Accuracy: 0.9967, Energy: -1337428.375
Time taken:  0.4624154567718506
Test Loss: 0.0000, Test Accuracy: 0.9967, Energy: -1349925.5
Time taken:  0.45878052711486816
Test Loss: 0.0000, Test Accuracy: 0.9967, Energy: -1359077.875
Time taken:  0.45415639877319336
Test Loss: 0.0000, Test Accuracy: 0.9967, Energy: -1367593.0
Time taken:  0.45867085456848145
Test Loss: 0.0000, Test Accuracy: 0.9967, Energy: -1374296.625
Time taken:  0.4566807746887207
Test Loss: 0.0000, Test Accuracy: 0.9967, Energy: -1379648.25
Time taken:  0.45995545387268066
Test Loss: 0.0000, Test Accuracy: 0.9967, Energy: -1383572.75
Time taken:  0.4544706344604492
Test Loss: 0.0000, Test Accuracy: 0.9967, Energy: -1387486.5
Time taken:  0.4613807201385498
Test Loss: 0.0000, Test Accuracy: 0.9933, Energy: -1390051.0
Time taken:  0.46131181716918945
Test Loss: 0.0000, Test Accuracy: 0.9933, Energy: -1392535.25
Time taken:  0.45635318756103516
Test Loss: 0.0000, Test Accuracy: 0.9933, Energy: -1394419.875
Time taken:  0.4617135524749756
Test Loss: 0.0000, Test Accuracy: 0.9933, Energy: -1395926.875
Time taken:  0.463207483291626
Test Loss: 0.0000, Test Accuracy: 0.9933, Energy: -1396170.75
Time taken:  0.4677011966705322
Test Loss: 0.0000, Test Accuracy: 0.9933, Energy: -1397418.125
Time taken:  0.46163153648376465
Test Loss: 0.0000, Test Accuracy: 0.9900, Energy: -1398311.0
Time taken:  0.46445274353027344
Test Loss: 0.0000, Test Accuracy: 0.9900, Energy: -1398694.875
Time taken:  0.46427488327026367
Test Loss: 0.0000, Test Accuracy: 0.9900, Energy: -1399316.125
Time taken:  0.46010375022888184
Test Loss: 0.0000, Test Accuracy: 0.9900, Energy: -1400135.875
Time taken:  0.4621286392211914
Test Loss: 0.0000, Test Accuracy: 0.9900, Energy: -1400887.75
Time taken:  0.46256279945373535
Test Loss: 0.0000, Test Accuracy: 0.9900, Energy: -1401311.5
Time taken:  0.46262693405151367
Test Loss: 0.0000, Test Accuracy: 0.9933, Energy: -1401655.25
Time taken:  0.45941901206970215
Test Loss: 0.0000, Test Accuracy: 0.9933, Energy: -1401883.375
Time taken:  0.4579637050628662
Test Loss: 0.0000, Test Accuracy: 0.9900, Energy: -1401940.5
Time taken:  0.46094298362731934
Test Loss: 0.0000, Test Accuracy: 0.9933, Energy: -1402404.125
Time taken:  0.4629950523376465
Test Loss: 0.0000, Test Accuracy: 0.9933, Energy: -1402524.375
Time taken:  0.4542069435119629
Test Loss: 0.0000, Test Accuracy: 0.9900, Energy: -1402494.5
Time taken:  0.46165895462036133
Test Loss: 0.0000, Test Accuracy: 0.9900, Energy: -1402594.5
Time taken:  0.4618823528289795
Test Loss: 0.0000, Test Accuracy: 0.9933, Energy: -1402830.375
Time taken:  0.4611775875091553
Test Loss: 0.0000, Test Accuracy: 0.9933, Energy: -1402811.5
Time taken:  0.4593679904937744
Test Loss: 0.0000, Test Accuracy: 0.9933, Energy: -1402868.75
Time taken:  0.46193575859069824
Test Loss: 0.0000, Test Accuracy: 0.9933, Energy: -1403039.625
Time taken:  0.46645474433898926
Test Loss: 0.0000, Test Accuracy: 0.9933, Energy: -1402983.25
Time taken:  0.4597747325897217
Test Loss: 0.0000, Test Accuracy: 0.9933, Energy: -1403003.375
Time taken:  0.46271324157714844
Test Loss: 0.0000, Test Accuracy: 0.9933, Energy: -1403015.75
Time taken:  0.4607055187225342
Test Loss: 0.0000, Test Accuracy: 0.9933, Energy: -1403052.625
Time taken:  0.46529316902160645
Test Loss: 0.0000, Test Accuracy: 0.9933, Energy: -1403067.0
Time taken:  0.4637179374694824
Test Loss: 0.0000, Test Accuracy: 0.9933, Energy: -1403079.125
Time taken:  0.460507869720459
Test Loss: 0.0000, Test Accuracy: 0.9933, Energy: -1403142.125
Time taken:  0.4605889320373535
Test Loss: 0.0000, Test Accuracy: 0.9933, Energy: -1403144.5
Time taken:  0.46040940284729004
Test Loss: 0.0000, Test Accuracy: 0.9933, Energy: -1403151.0
Time taken:  0.46198463439941406
Test Loss: 0.0000, Test Accuracy: 0.9933, Energy: -1403151.375
Time taken:  0.46272897720336914
Test Loss: 0.0000, Test Accuracy: 0.9933, Energy: -1403155.75
Time taken:  0.46320199966430664
Test Loss: 0.0000, Test Accuracy: 0.9933, Energy: -1403159.375
Time taken:  0.4621856212615967
Test Loss: 0.0000, Test Accuracy: 0.9933, Energy: -1403162.5
Time taken:  0.46303319931030273
Test Loss: 0.0000, Test Accuracy: 0.9933, Energy: -1403159.5
Time taken:  0.4634513854980469
Test Loss: 0.0000, Test Accuracy: 0.9933, Energy: -1403161.625
Time taken:  0.46414852142333984
Test Loss: 0.0000, Test Accuracy: 0.9933, Energy: -1403163.0
Time taken:  0.46470069885253906
Test Loss: 0.0000, Test Accuracy: 0.9933, Energy: -1403164.375
Time taken:  0.4563934803009033
Test Loss: 0.0000, Test Accuracy: 0.9933, Energy: -1403165.625
Time taken:  0.46062636375427246
Test Loss: 0.0000, Test Accuracy: 0.9933, Energy: -1403166.5
Time taken:  0.458160400390625
Test Loss: 0.0000, Test Accuracy: 0.9933, Energy: -1403166.875
Time taken:  0.456972599029541
Test Loss: 0.0000, Test Accuracy: 0.9933, Energy: -1403188.25
Time taken:  0.4572722911834717
Test Loss: 0.0000, Test Accuracy: 0.9933, Energy: -1403188.75
Time taken:  0.4611332416534424
Test Loss: 0.0000, Test Accuracy: 0.9933, Energy: -1403189.125
Time taken:  0.4585850238800049
Test Loss: 0.0000, Test Accuracy: 0.9933, Energy: -1403189.5
Time taken:  0.4575495719909668
Test Loss: 0.0000, Test Accuracy: 0.9933, Energy: -1403189.75
Time taken:  0.4612891674041748
Test Loss: 0.0000, Test Accuracy: 0.9933, Energy: -1403189.875
Time taken:  0.46372127532958984
Test Loss: 0.0000, Test Accuracy: 0.9933, Energy: -1403190.25
Time taken:  0.4630579948425293
Test Loss: 0.0000, Test Accuracy: 0.9933, Energy: -1403190.5
Time taken:  0.4579474925994873
Test Loss: 0.0000, Test Accuracy: 0.9933, Energy: -1403098.5
Time taken:  0.46604418754577637
Test Loss: 0.0000, Test Accuracy: 0.9933, Energy: -1403098.5
Time taken:  0.4639596939086914
Test Loss: 0.0000, Test Accuracy: 0.9933, Energy: -1403098.625
Time taken:  0.4660487174987793
Test Loss: 0.0000, Test Accuracy: 0.9933, Energy: -1403098.625
Time taken:  0.4599881172180176
Test Loss: 0.0000, Test Accuracy: 0.9933, Energy: -1403098.625
Time taken:  0.46733760833740234
Test Loss: 0.0000, Test Accuracy: 0.9933, Energy: -1403098.625
Time taken:  0.4606614112854004
Test Loss: 0.0000, Test Accuracy: 0.9933, Energy: -1403098.625
Time taken:  0.4623231887817383
Test Loss: 0.0000, Test Accuracy: 0.9933, Energy: -1403098.625
Time taken:  0.4593942165374756
Test Loss: 0.0000, Test Accuracy: 0.9933, Energy: -1403108.875
Time taken:  0.46311426162719727
Test Loss: 0.0000, Test Accuracy: 0.9933, Energy: -1403108.875
Time taken:  0.46319007873535156
Test Loss: 0.0000, Test Accuracy: 0.9933, Energy: -1403108.875
Time taken:  0.4626193046569824
Test Loss: 0.0000, Test Accuracy: 0.9933, Energy: -1403108.75
Time taken:  0.4601583480834961
Test Loss: 0.0000, Test Accuracy: 0.9933, Energy: -1403108.75
Time taken:  0.4625859260559082
Test Loss: 0.0000, Test Accuracy: 0.9933, Energy: -1403108.75
Time taken:  0.466658353805542
Test Loss: 0.0000, Test Accuracy: 0.9933, Energy: -1403108.75
Time taken:  0.4624507427215576
Test Loss: 0.0000, Test Accuracy: 0.9933, Energy: -1403108.75
Time taken:  0.4594902992248535
Test Loss: 0.0000, Test Accuracy: 0.9933, Energy: -1403108.75
Time taken:  0.4613218307495117
Test Loss: 0.0000, Test Accuracy: 0.9933, Energy: -1403108.75
Time taken:  0.4579885005950928
Test Loss: 0.0000, Test Accuracy: 0.9933, Energy: -1403108.75
Time taken:  0.4595813751220703
Test Loss: 0.0000, Test Accuracy: 0.9933, Energy: -1403108.75
Time taken:  0.45942234992980957
Test Loss: 0.0000, Test Accuracy: 0.9933, Energy: -1403108.75
Time taken:  0.4632270336151123
Test Loss: 0.0000, Test Accuracy: 0.9933, Energy: -1403108.75
Time taken:  0.46758413314819336
Test Loss: 0.0000, Test Accuracy: 0.9933, Energy: -1403108.75
Time taken:  0.47133302688598633
Test Loss: 0.0000, Test Accuracy: 0.9933, Energy: -1403108.75
Time taken:  0.4595623016357422
Test Loss: 0.0000, Test Accuracy: 0.9933, Energy: -1403108.75
Time taken:  0.4675748348236084
Test Loss: 0.0000, Test Accuracy: 0.9933, Energy: -1403108.75
Time taken:  0.4635889530181885
Test Loss: 0.0000, Test Accuracy: 0.9933, Energy: -1403108.75
Time taken:  0.4672718048095703
Final accuracies: [0.9966666666666667, 0.9966666666666667, 0.9966666666666667, 0.9966666666666667, 0.9966666666666667, 1.0, 1.0, 1.0, 1.0, 1.0, 1.0, 0.9966666666666667, 0.9966666666666667, 0.9966666666666667, 0.9966666666666667, 0.9966666666666667, 0.9966666666666667, 0.9966666666666667, 0.9966666666666667, 0.9966666666666667, 0.9966666666666667, 0.9966666666666667, 0.9933333333333333, 0.9933333333333333, 0.9933333333333333, 0.9933333333333333, 0.9933333333333333, 0.9933333333333333, 0.99, 0.99, 0.99, 0.99, 0.99, 0.99, 0.9933333333333333, 0.9933333333333333, 0.99, 0.9933333333333333, 0.9933333333333333, 0.99, 0.99, 0.9933333333333333, 0.9933333333333333, 0.9933333333333333, 0.9933333333333333, 0.9933333333333333, 0.9933333333333333, 0.9933333333333333, 0.9933333333333333, 0.9933333333333333, 0.9933333333333333, 0.9933333333333333, 0.9933333333333333, 0.9933333333333333, 0.9933333333333333, 0.9933333333333333, 0.9933333333333333, 0.9933333333333333, 0.9933333333333333, 0.9933333333333333, 0.9933333333333333, 0.9933333333333333, 0.9933333333333333, 0.9933333333333333, 0.9933333333333333, 0.9933333333333333, 0.9933333333333333, 0.9933333333333333, 0.9933333333333333, 0.9933333333333333, 0.9933333333333333, 0.9933333333333333, 0.9933333333333333, 0.9933333333333333, 0.9933333333333333, 0.9933333333333333, 0.9933333333333333, 0.9933333333333333, 0.9933333333333333, 0.9933333333333333, 0.9933333333333333, 0.9933333333333333, 0.9933333333333333, 0.9933333333333333, 0.9933333333333333, 0.9933333333333333, 0.9933333333333333, 0.9933333333333333, 0.9933333333333333, 0.9933333333333333, 0.9933333333333333, 0.9933333333333333, 0.9933333333333333, 0.9933333333333333, 0.9933333333333333, 0.9933333333333333, 0.9933333333333333, 0.9933333333333333, 0.9933333333333333, 0.9933333333333333]
Final energies: [-7372.7822265625, -163200.59375, -417816.3125, -626253.0625, -784750.75, -910940.375, -1013641.3125, -1099019.0, -1168089.875, -1225293.375, -1257099.75, -1282788.375, -1304363.75, -1322141.875, -1337428.375, -1349925.5, -1359077.875, -1367593.0, -1374296.625, -1379648.25, -1383572.75, -1387486.5, -1390051.0, -1392535.25, -1394419.875, -1395926.875, -1396170.75, -1397418.125, -1398311.0, -1398694.875, -1399316.125, -1400135.875, -1400887.75, -1401311.5, -1401655.25, -1401883.375, -1401940.5, -1402404.125, -1402524.375, -1402494.5, -1402594.5, -1402830.375, -1402811.5, -1402868.75, -1403039.625, -1402983.25, -1403003.375, -1403015.75, -1403052.625, -1403067.0, -1403079.125, -1403142.125, -1403144.5, -1403151.0, -1403151.375, -1403155.75, -1403159.375, -1403162.5, -1403159.5, -1403161.625, -1403163.0, -1403164.375, -1403165.625, -1403166.5, -1403166.875, -1403188.25, -1403188.75, -1403189.125, -1403189.5, -1403189.75, -1403189.875, -1403190.25, -1403190.5, -1403098.5, -1403098.5, -1403098.625, -1403098.625, -1403098.625, -1403098.625, -1403098.625, -1403098.625, -1403108.875, -1403108.875, -1403108.875, -1403108.75, -1403108.75, -1403108.75, -1403108.75, -1403108.75, -1403108.75, -1403108.75, -1403108.75, -1403108.75, -1403108.75, -1403108.75, -1403108.75, -1403108.75, -1403108.75, -1403108.75, -1403108.75]
