Running with parameters: hidden=50, use_coupled=true, seed=38, lam=0.0, eta=1.0, batch=50
Test Loss: 0.0000, Test Accuracy: 0.9967, Energy: -5846.3994140625
Time taken:  0.5235364437103271
Test Loss: 0.0000, Test Accuracy: 0.9967, Energy: -185683.21875
Time taken:  0.4637899398803711
Test Loss: 0.0000, Test Accuracy: 0.9967, Energy: -511145.0
Time taken:  0.46661925315856934
Test Loss: 0.0000, Test Accuracy: 0.9933, Energy: -783962.3125
Time taken:  0.466616153717041
Test Loss: 0.0000, Test Accuracy: 0.9933, Energy: -998122.5625
Time taken:  0.46598148345947266
Test Loss: 0.0000, Test Accuracy: 0.9867, Energy: -1175084.75
Time taken:  0.46016573905944824
Test Loss: 0.0000, Test Accuracy: 0.9833, Energy: -1315555.875
Time taken:  0.4662754535675049
Test Loss: 0.0000, Test Accuracy: 0.9833, Energy: -1430183.25
Time taken:  0.46474766731262207
Test Loss: 0.0000, Test Accuracy: 0.9833, Energy: -1524935.125
Time taken:  0.46561455726623535
Test Loss: 0.0000, Test Accuracy: 0.9833, Energy: -1602685.75
Time taken:  0.4602358341217041
Test Loss: 0.0000, Test Accuracy: 0.9833, Energy: -1665836.5
Time taken:  0.46550464630126953
Test Loss: 0.0000, Test Accuracy: 0.9833, Energy: -1719274.0
Time taken:  0.46425843238830566
Test Loss: 0.0000, Test Accuracy: 0.9833, Energy: -1763749.375
Time taken:  0.4640955924987793
Test Loss: 0.0000, Test Accuracy: 0.9833, Energy: -1799509.0
Time taken:  0.4614279270172119
Test Loss: 0.0000, Test Accuracy: 0.9833, Energy: -1830150.0
Time taken:  0.462998628616333
Test Loss: 0.0000, Test Accuracy: 0.9833, Energy: -1855063.25
Time taken:  0.4641838073730469
Test Loss: 0.0000, Test Accuracy: 0.9833, Energy: -1876077.5
Time taken:  0.46416497230529785
Test Loss: 0.0000, Test Accuracy: 0.9833, Energy: -1893116.25
Time taken:  0.46067309379577637
Test Loss: 0.0000, Test Accuracy: 0.9833, Energy: -1907508.0
Time taken:  0.4653623104095459
Test Loss: 0.0000, Test Accuracy: 0.9833, Energy: -1919607.375
Time taken:  0.46442317962646484
Test Loss: 0.0000, Test Accuracy: 0.9833, Energy: -1929356.25
Time taken:  0.4647235870361328
Test Loss: 0.0000, Test Accuracy: 0.9833, Energy: -1937452.875
Time taken:  0.46169257164001465
Test Loss: 0.0000, Test Accuracy: 0.9833, Energy: -1944034.875
Time taken:  0.46607375144958496
Test Loss: 0.0000, Test Accuracy: 0.9833, Energy: -1949345.875
Time taken:  0.46396589279174805
Test Loss: 0.0000, Test Accuracy: 0.9833, Energy: -1953797.625
Time taken:  0.46071290969848633
Test Loss: 0.0000, Test Accuracy: 0.9833, Energy: -1957709.125
Time taken:  0.4658236503601074
Test Loss: 0.0000, Test Accuracy: 0.9833, Energy: -1960683.25
Time taken:  0.4614293575286865
Test Loss: 0.0000, Test Accuracy: 0.9833, Energy: -1963389.25
Time taken:  0.462848424911499
Test Loss: 0.0000, Test Accuracy: 0.9833, Energy: -1965621.25
Time taken:  0.46232032775878906
Test Loss: 0.0000, Test Accuracy: 0.9833, Energy: -1967598.0
Time taken:  0.46628594398498535
Test Loss: 0.0000, Test Accuracy: 0.9833, Energy: -1969114.0
Time taken:  0.4663701057434082
Test Loss: 0.0000, Test Accuracy: 0.9833, Energy: -1970565.5
Time taken:  0.46402931213378906
Test Loss: 0.0000, Test Accuracy: 0.9833, Energy: -1971572.5
Time taken:  0.4582481384277344
Test Loss: 0.0000, Test Accuracy: 0.9833, Energy: -1972327.25
Time taken:  0.46540260314941406
Test Loss: 0.0000, Test Accuracy: 0.9833, Energy: -1972982.75
Time taken:  0.4632225036621094
Test Loss: 0.0000, Test Accuracy: 0.9833, Energy: -1973134.5
Time taken:  0.4581601619720459
Test Loss: 0.0000, Test Accuracy: 0.9833, Energy: -1973598.625
Time taken:  0.4641001224517822
Test Loss: 0.0000, Test Accuracy: 0.9833, Energy: -1973837.75
Time taken:  0.4656064510345459
Test Loss: 0.0000, Test Accuracy: 0.9833, Energy: -1974164.375
Time taken:  0.46286940574645996
Test Loss: 0.0000, Test Accuracy: 0.9833, Energy: -1974395.5
Time taken:  0.4624190330505371
Test Loss: 0.0000, Test Accuracy: 0.9833, Energy: -1974588.25
Time taken:  0.4676814079284668
Test Loss: 0.0000, Test Accuracy: 0.9833, Energy: -1974743.5
Time taken:  0.46495914459228516
Test Loss: 0.0000, Test Accuracy: 0.9833, Energy: -1974895.875
Time taken:  0.4676332473754883
Test Loss: 0.0000, Test Accuracy: 0.9833, Energy: -1975001.0
Time taken:  0.4610288143157959
Test Loss: 0.0000, Test Accuracy: 0.9833, Energy: -1975051.0
Time taken:  0.4650099277496338
Test Loss: 0.0000, Test Accuracy: 0.9833, Energy: -1975105.125
Time taken:  0.4641244411468506
Test Loss: 0.0000, Test Accuracy: 0.9833, Energy: -1975179.125
Time taken:  0.46552038192749023
Test Loss: 0.0000, Test Accuracy: 0.9833, Energy: -1975234.5
Time taken:  0.4605076313018799
Test Loss: 0.0000, Test Accuracy: 0.9833, Energy: -1975298.125
Time taken:  0.4651343822479248
Test Loss: 0.0000, Test Accuracy: 0.9833, Energy: -1975337.625
Time taken:  0.46494436264038086
Test Loss: 0.0000, Test Accuracy: 0.9833, Energy: -1975355.0
Time taken:  0.5559532642364502
Test Loss: 0.0000, Test Accuracy: 0.9833, Energy: -1975397.0
Time taken:  0.46144628524780273
Test Loss: 0.0000, Test Accuracy: 0.9833, Energy: -1975395.75
Time taken:  0.4664499759674072
Test Loss: 0.0000, Test Accuracy: 0.9833, Energy: -1975416.875
Time taken:  0.4664947986602783
Test Loss: 0.0000, Test Accuracy: 0.9833, Energy: -1975426.875
Time taken:  0.4623870849609375
Test Loss: 0.0000, Test Accuracy: 0.9833, Energy: -1975417.0
Time taken:  0.4658818244934082
Test Loss: 0.0000, Test Accuracy: 0.9833, Energy: -1975412.25
Time taken:  0.46573972702026367
Test Loss: 0.0000, Test Accuracy: 0.9833, Energy: -1975417.0
Time taken:  0.46511411666870117
Test Loss: 0.0000, Test Accuracy: 0.9833, Energy: -1975421.0
Time taken:  0.4619140625
Test Loss: 0.0000, Test Accuracy: 0.9833, Energy: -1975424.0
Time taken:  0.4636824131011963
Test Loss: 0.0000, Test Accuracy: 0.9833, Energy: -1975428.75
Time taken:  0.46466612815856934
Test Loss: 0.0000, Test Accuracy: 0.9833, Energy: -1975430.5
Time taken:  0.46558237075805664
Test Loss: 0.0000, Test Accuracy: 0.9833, Energy: -1975443.375
Time taken:  0.4600069522857666
Test Loss: 0.0000, Test Accuracy: 0.9833, Energy: -1975443.875
Time taken:  0.4656057357788086
Test Loss: 0.0000, Test Accuracy: 0.9833, Energy: -1975434.875
Time taken:  0.4642477035522461
Test Loss: 0.0000, Test Accuracy: 0.9833, Energy: -1975441.5
Time taken:  0.4637176990509033
Test Loss: 0.0000, Test Accuracy: 0.9833, Energy: -1975432.0
Time taken:  0.46126508712768555
Test Loss: 0.0000, Test Accuracy: 0.9833, Energy: -1975417.875
Time taken:  0.4650578498840332
Test Loss: 0.0000, Test Accuracy: 0.9833, Energy: -1975417.5
Time taken:  0.4626739025115967
Test Loss: 0.0000, Test Accuracy: 0.9833, Energy: -1975416.75
Time taken:  0.46038389205932617
Test Loss: 0.0000, Test Accuracy: 0.9833, Energy: -1975412.0
Time taken:  0.46564340591430664
Test Loss: 0.0000, Test Accuracy: 0.9833, Energy: -1975411.25
Time taken:  0.4623599052429199
Test Loss: 0.0000, Test Accuracy: 0.9833, Energy: -1975410.375
Time taken:  0.4640238285064697
Test Loss: 0.0000, Test Accuracy: 0.9833, Energy: -1975393.125
Time taken:  0.4597766399383545
Test Loss: 0.0000, Test Accuracy: 0.9833, Energy: -1975392.375
Time taken:  0.46340465545654297
Test Loss: 0.0000, Test Accuracy: 0.9833, Energy: -1975391.625
Time taken:  0.4638538360595703
Test Loss: 0.0000, Test Accuracy: 0.9833, Energy: -1975281.125
Time taken:  0.4645965099334717
Test Loss: 0.0000, Test Accuracy: 0.9833, Energy: -1975280.0
Time taken:  0.4614570140838623
Test Loss: 0.0000, Test Accuracy: 0.9833, Energy: -1975272.75
Time taken:  0.46582531929016113
Test Loss: 0.0000, Test Accuracy: 0.9833, Energy: -1975031.0
Time taken:  0.4658772945404053
Test Loss: 0.0000, Test Accuracy: 0.9833, Energy: -1974974.5
Time taken:  0.46014404296875
Test Loss: 0.0000, Test Accuracy: 0.9833, Energy: -1974973.75
Time taken:  0.465177059173584
Test Loss: 0.0000, Test Accuracy: 0.9833, Energy: -1974964.75
Time taken:  0.4652891159057617
Test Loss: 0.0000, Test Accuracy: 0.9833, Energy: -1974948.25
Time taken:  0.4668080806732178
Test Loss: 0.0000, Test Accuracy: 0.9833, Energy: -1974947.25
Time taken:  0.4624638557434082
Test Loss: 0.0000, Test Accuracy: 0.9833, Energy: -1974946.25
Time taken:  0.46532225608825684
Test Loss: 0.0000, Test Accuracy: 0.9833, Energy: -1974910.375
Time taken:  0.4658694267272949
Test Loss: 0.0000, Test Accuracy: 0.9833, Energy: -1974780.25
Time taken:  0.4629645347595215
Test Loss: 0.0000, Test Accuracy: 0.9833, Energy: -1974763.375
Time taken:  0.45971035957336426
Test Loss: 0.0000, Test Accuracy: 0.9833, Energy: -1974750.375
Time taken:  0.4635004997253418
Test Loss: 0.0000, Test Accuracy: 0.9833, Energy: -1974718.125
Time taken:  0.4655570983886719
Test Loss: 0.0000, Test Accuracy: 0.9833, Energy: -1974709.125
Time taken:  0.46323180198669434
Test Loss: 0.0000, Test Accuracy: 0.9833, Energy: -1974688.25
Time taken:  0.4618649482727051
Test Loss: 0.0000, Test Accuracy: 0.9833, Energy: -1974430.5
Time taken:  0.46643757820129395
Test Loss: 0.0000, Test Accuracy: 0.9833, Energy: -1974429.25
Time taken:  0.4640166759490967
Test Loss: 0.0000, Test Accuracy: 0.9833, Energy: -1974311.5
Time taken:  0.4604027271270752
Test Loss: 0.0000, Test Accuracy: 0.9833, Energy: -1974335.625
Time taken:  0.46602630615234375
Test Loss: 0.0000, Test Accuracy: 0.9833, Energy: -1974293.0
Time taken:  0.46660351753234863
Test Loss: 0.0000, Test Accuracy: 0.9833, Energy: -1974282.25
Time taken:  0.4654233455657959
Test Loss: 0.0000, Test Accuracy: 0.9833, Energy: -1974261.125
Time taken:  0.4611074924468994
Final accuracies: [0.9966666666666667, 0.9966666666666667, 0.9966666666666667, 0.9933333333333333, 0.9933333333333333, 0.9866666666666667, 0.9833333333333333, 0.9833333333333333, 0.9833333333333333, 0.9833333333333333, 0.9833333333333333, 0.9833333333333333, 0.9833333333333333, 0.9833333333333333, 0.9833333333333333, 0.9833333333333333, 0.9833333333333333, 0.9833333333333333, 0.9833333333333333, 0.9833333333333333, 0.9833333333333333, 0.9833333333333333, 0.9833333333333333, 0.9833333333333333, 0.9833333333333333, 0.9833333333333333, 0.9833333333333333, 0.9833333333333333, 0.9833333333333333, 0.9833333333333333, 0.9833333333333333, 0.9833333333333333, 0.9833333333333333, 0.9833333333333333, 0.9833333333333333, 0.9833333333333333, 0.9833333333333333, 0.9833333333333333, 0.9833333333333333, 0.9833333333333333, 0.9833333333333333, 0.9833333333333333, 0.9833333333333333, 0.9833333333333333, 0.9833333333333333, 0.9833333333333333, 0.9833333333333333, 0.9833333333333333, 0.9833333333333333, 0.9833333333333333, 0.9833333333333333, 0.9833333333333333, 0.9833333333333333, 0.9833333333333333, 0.9833333333333333, 0.9833333333333333, 0.9833333333333333, 0.9833333333333333, 0.9833333333333333, 0.9833333333333333, 0.9833333333333333, 0.9833333333333333, 0.9833333333333333, 0.9833333333333333, 0.9833333333333333, 0.9833333333333333, 0.9833333333333333, 0.9833333333333333, 0.9833333333333333, 0.9833333333333333, 0.9833333333333333, 0.9833333333333333, 0.9833333333333333, 0.9833333333333333, 0.9833333333333333, 0.9833333333333333, 0.9833333333333333, 0.9833333333333333, 0.9833333333333333, 0.9833333333333333, 0.9833333333333333, 0.9833333333333333, 0.9833333333333333, 0.9833333333333333, 0.9833333333333333, 0.9833333333333333, 0.9833333333333333, 0.9833333333333333, 0.9833333333333333, 0.9833333333333333, 0.9833333333333333, 0.9833333333333333, 0.9833333333333333, 0.9833333333333333, 0.9833333333333333, 0.9833333333333333, 0.9833333333333333, 0.9833333333333333, 0.9833333333333333, 0.9833333333333333]
Final energies: [-5846.3994140625, -185683.21875, -511145.0, -783962.3125, -998122.5625, -1175084.75, -1315555.875, -1430183.25, -1524935.125, -1602685.75, -1665836.5, -1719274.0, -1763749.375, -1799509.0, -1830150.0, -1855063.25, -1876077.5, -1893116.25, -1907508.0, -1919607.375, -1929356.25, -1937452.875, -1944034.875, -1949345.875, -1953797.625, -1957709.125, -1960683.25, -1963389.25, -1965621.25, -1967598.0, -1969114.0, -1970565.5, -1971572.5, -1972327.25, -1972982.75, -1973134.5, -1973598.625, -1973837.75, -1974164.375, -1974395.5, -1974588.25, -1974743.5, -1974895.875, -1975001.0, -1975051.0, -1975105.125, -1975179.125, -1975234.5, -1975298.125, -1975337.625, -1975355.0, -1975397.0, -1975395.75, -1975416.875, -1975426.875, -1975417.0, -1975412.25, -1975417.0, -1975421.0, -1975424.0, -1975428.75, -1975430.5, -1975443.375, -1975443.875, -1975434.875, -1975441.5, -1975432.0, -1975417.875, -1975417.5, -1975416.75, -1975412.0, -1975411.25, -1975410.375, -1975393.125, -1975392.375, -1975391.625, -1975281.125, -1975280.0, -1975272.75, -1975031.0, -1974974.5, -1974973.75, -1974964.75, -1974948.25, -1974947.25, -1974946.25, -1974910.375, -1974780.25, -1974763.375, -1974750.375, -1974718.125, -1974709.125, -1974688.25, -1974430.5, -1974429.25, -1974311.5, -1974335.625, -1974293.0, -1974282.25, -1974261.125]
