Running with parameters: hidden=50, use_coupled=true, seed=76, lam=0.0, eta=1.0, batch=50
Test Loss: 0.0000, Test Accuracy: 0.9967, Energy: -6975.46337890625
Time taken:  0.7292776107788086
Test Loss: 0.0000, Test Accuracy: 0.9867, Energy: -144560.921875
Time taken:  0.7090473175048828
Test Loss: 0.0000, Test Accuracy: 0.9967, Energy: -358062.46875
Time taken:  0.7029132843017578
Test Loss: 0.0000, Test Accuracy: 0.9967, Energy: -576785.5625
Time taken:  0.7014570236206055
Test Loss: 0.0000, Test Accuracy: 1.0000, Energy: -756754.1875
Time taken:  0.699601411819458
Test Loss: 0.0000, Test Accuracy: 1.0000, Energy: -908464.4375
Time taken:  0.7010600566864014
Test Loss: 0.0000, Test Accuracy: 0.9933, Energy: -1029404.875
Time taken:  0.6988437175750732
Test Loss: 0.0000, Test Accuracy: 0.9933, Energy: -1124134.0
Time taken:  0.7021563053131104
Test Loss: 0.0000, Test Accuracy: 1.0000, Energy: -1157604.0
Time taken:  0.7045638561248779
Test Loss: 0.0000, Test Accuracy: 0.9967, Energy: -1141346.75
Time taken:  0.7021439075469971
Test Loss: 0.0000, Test Accuracy: 0.9967, Energy: -1135956.125
Time taken:  0.7007918357849121
Test Loss: 0.0000, Test Accuracy: 0.9967, Energy: -1133803.125
Time taken:  0.6964051723480225
Test Loss: 0.0000, Test Accuracy: 0.9867, Energy: -1127549.75
Time taken:  0.7002694606781006
Test Loss: 0.0000, Test Accuracy: 0.9867, Energy: -1127724.375
Time taken:  0.6987030506134033
Test Loss: 0.0000, Test Accuracy: 0.9833, Energy: -1129328.875
Time taken:  0.6966278553009033
Test Loss: 0.0000, Test Accuracy: 0.9833, Energy: -1130198.5
Time taken:  0.704214334487915
Test Loss: 0.0000, Test Accuracy: 0.9833, Energy: -1133016.25
Time taken:  0.6985678672790527
Test Loss: 0.0000, Test Accuracy: 0.9833, Energy: -1135060.125
Time taken:  0.7060656547546387
Test Loss: 0.0000, Test Accuracy: 0.9867, Energy: -1136084.625
Time taken:  0.6985106468200684
Test Loss: 0.0000, Test Accuracy: 0.9867, Energy: -1137394.25
Time taken:  0.702582597732544
Test Loss: 0.0000, Test Accuracy: 0.9867, Energy: -1139187.625
Time taken:  0.7032861709594727
Test Loss: 0.0000, Test Accuracy: 0.9833, Energy: -1141215.625
Time taken:  0.6979775428771973
Test Loss: 0.0000, Test Accuracy: 0.9833, Energy: -1142160.5
Time taken:  0.7070744037628174
Test Loss: 0.0000, Test Accuracy: 0.9833, Energy: -1142778.75
Time taken:  0.7028837203979492
Test Loss: 0.0000, Test Accuracy: 0.9833, Energy: -1143508.25
Time taken:  0.7017159461975098
Test Loss: 0.0000, Test Accuracy: 0.9833, Energy: -1144289.75
Time taken:  0.700145959854126
Test Loss: 0.0000, Test Accuracy: 0.9833, Energy: -1144828.375
Time taken:  0.6954467296600342
Test Loss: 0.0000, Test Accuracy: 0.9833, Energy: -1145274.75
Time taken:  0.7038800716400146
Test Loss: 0.0000, Test Accuracy: 0.9867, Energy: -1146122.25
Time taken:  0.6968989372253418
Test Loss: 0.0000, Test Accuracy: 0.9867, Energy: -1146427.625
Time taken:  0.7012045383453369
Test Loss: 0.0000, Test Accuracy: 0.9867, Energy: -1146404.0
Time taken:  0.6999983787536621
Test Loss: 0.0000, Test Accuracy: 0.9867, Energy: -1146751.375
Time taken:  0.7019457817077637
Test Loss: 0.0000, Test Accuracy: 0.9867, Energy: -1146806.375
Time taken:  0.7003369331359863
Test Loss: 0.0000, Test Accuracy: 0.9833, Energy: -1146888.0
Time taken:  0.7020652294158936
Test Loss: 0.0000, Test Accuracy: 0.9833, Energy: -1147227.625
Time taken:  0.7011384963989258
Test Loss: 0.0000, Test Accuracy: 0.9833, Energy: -1147214.375
Time taken:  0.7007651329040527
Test Loss: 0.0000, Test Accuracy: 0.9833, Energy: -1147300.875
Time taken:  0.6982853412628174
Test Loss: 0.0000, Test Accuracy: 0.9833, Energy: -1147253.625
Time taken:  0.6998484134674072
Test Loss: 0.0000, Test Accuracy: 0.9833, Energy: -1147293.125
Time taken:  0.7061457633972168
Test Loss: 0.0000, Test Accuracy: 0.9833, Energy: -1147358.375
Time taken:  0.6989219188690186
Test Loss: 0.0000, Test Accuracy: 0.9833, Energy: -1147398.375
Time taken:  0.704810380935669
Test Loss: 0.0000, Test Accuracy: 0.9833, Energy: -1147438.0
Time taken:  0.7059133052825928
Test Loss: 0.0000, Test Accuracy: 0.9833, Energy: -1147385.875
Time taken:  0.6985704898834229
Test Loss: 0.0000, Test Accuracy: 0.9833, Energy: -1147502.25
Time taken:  0.7035133838653564
Test Loss: 0.0000, Test Accuracy: 0.9833, Energy: -1147625.25
Time taken:  0.704500675201416
Test Loss: 0.0000, Test Accuracy: 0.9833, Energy: -1147627.25
Time taken:  0.70467209815979
Test Loss: 0.0000, Test Accuracy: 0.9833, Energy: -1147639.25
Time taken:  0.7034626007080078
Test Loss: 0.0000, Test Accuracy: 0.9867, Energy: -1147874.125
Time taken:  0.7048044204711914
Test Loss: 0.0000, Test Accuracy: 0.9867, Energy: -1147918.875
Time taken:  0.6977083683013916
Test Loss: 0.0000, Test Accuracy: 0.9867, Energy: -1147908.0
Time taken:  0.7053980827331543
Test Loss: 0.0000, Test Accuracy: 0.9867, Energy: -1148128.5
Time taken:  0.706188440322876
Test Loss: 0.0000, Test Accuracy: 0.9867, Energy: -1148172.75
Time taken:  0.7009856700897217
Test Loss: 0.0000, Test Accuracy: 0.9867, Energy: -1148190.125
Time taken:  0.7054793834686279
Test Loss: 0.0000, Test Accuracy: 0.9867, Energy: -1148202.25
Time taken:  0.7082340717315674
Test Loss: 0.0000, Test Accuracy: 0.9867, Energy: -1148209.125
Time taken:  0.7055537700653076
Test Loss: 0.0000, Test Accuracy: 0.9867, Energy: -1148219.0
Time taken:  0.6978657245635986
Test Loss: 0.0000, Test Accuracy: 0.9867, Energy: -1148241.0
Time taken:  0.6998116970062256
Test Loss: 0.0000, Test Accuracy: 0.9867, Energy: -1148681.875
Time taken:  0.7004990577697754
Test Loss: 0.0000, Test Accuracy: 0.9833, Energy: -1148685.0
Time taken:  0.7047739028930664
Test Loss: 0.0000, Test Accuracy: 0.9833, Energy: -1148694.25
Time taken:  0.7062339782714844
Test Loss: 0.0000, Test Accuracy: 0.9833, Energy: -1148732.625
Time taken:  0.6994121074676514
Test Loss: 0.0000, Test Accuracy: 0.9833, Energy: -1148770.0
Time taken:  0.7010707855224609
Test Loss: 0.0000, Test Accuracy: 0.9833, Energy: -1148795.75
Time taken:  0.706082820892334
Test Loss: 0.0000, Test Accuracy: 0.9833, Energy: -1148824.5
Time taken:  0.702477216720581
Test Loss: 0.0000, Test Accuracy: 0.9833, Energy: -1148819.0
Time taken:  0.7038969993591309
Test Loss: 0.0000, Test Accuracy: 0.9833, Energy: -1149108.5
Time taken:  0.7101869583129883
Test Loss: 0.0000, Test Accuracy: 0.9833, Energy: -1150299.0
Time taken:  0.6997032165527344
Test Loss: 0.0000, Test Accuracy: 0.9833, Energy: -1152166.375
Time taken:  0.7012250423431396
Test Loss: 0.0000, Test Accuracy: 0.9833, Energy: -1153558.375
Time taken:  0.7024469375610352
Test Loss: 0.0000, Test Accuracy: 0.9867, Energy: -1154635.375
Time taken:  0.7068383693695068
Test Loss: 0.0000, Test Accuracy: 0.9867, Energy: -1155557.0
Time taken:  0.6993162631988525
Test Loss: 0.0000, Test Accuracy: 0.9867, Energy: -1156345.375
Time taken:  0.702843427658081
Test Loss: 0.0000, Test Accuracy: 0.9867, Energy: -1157134.75
Time taken:  0.7061986923217773
Test Loss: 0.0000, Test Accuracy: 0.9867, Energy: -1157526.625
Time taken:  0.6988894939422607
Test Loss: 0.0000, Test Accuracy: 0.9867, Energy: -1158153.375
Time taken:  0.7030534744262695
Test Loss: 0.0000, Test Accuracy: 0.9867, Energy: -1158478.75
Time taken:  0.7019331455230713
Test Loss: 0.0000, Test Accuracy: 0.9867, Energy: -1158707.125
Time taken:  0.7031521797180176
Test Loss: 0.0000, Test Accuracy: 0.9867, Energy: -1158948.0
Time taken:  0.7015395164489746
Test Loss: 0.0000, Test Accuracy: 0.9867, Energy: -1159150.5
Time taken:  0.6999778747558594
Test Loss: 0.0000, Test Accuracy: 0.9867, Energy: -1159315.875
Time taken:  0.702747106552124
Test Loss: 0.0000, Test Accuracy: 0.9867, Energy: -1159438.125
Time taken:  0.7061564922332764
Test Loss: 0.0000, Test Accuracy: 0.9900, Energy: -1159444.125
Time taken:  0.702993631362915
Test Loss: 0.0000, Test Accuracy: 0.9900, Energy: -1159504.375
Time taken:  0.7040555477142334
Test Loss: 0.0000, Test Accuracy: 0.9900, Energy: -1159576.375
Time taken:  0.7051389217376709
Test Loss: 0.0000, Test Accuracy: 0.9900, Energy: -1159638.5
Time taken:  0.7115373611450195
Test Loss: 0.0000, Test Accuracy: 0.9867, Energy: -1159734.0
Time taken:  0.7039990425109863
Test Loss: 0.0000, Test Accuracy: 0.9867, Energy: -1159754.625
Time taken:  0.7016346454620361
Test Loss: 0.0000, Test Accuracy: 0.9867, Energy: -1159785.125
Time taken:  0.697850227355957
Test Loss: 0.0000, Test Accuracy: 0.9867, Energy: -1159835.125
Time taken:  0.6991457939147949
Test Loss: 0.0000, Test Accuracy: 0.9867, Energy: -1159887.375
Time taken:  0.7036786079406738
Test Loss: 0.0000, Test Accuracy: 0.9867, Energy: -1159888.25
Time taken:  0.705143928527832
Test Loss: 0.0000, Test Accuracy: 0.9867, Energy: -1159900.375
Time taken:  0.7004399299621582
Test Loss: 0.0000, Test Accuracy: 0.9867, Energy: -1159911.25
Time taken:  0.7013044357299805
Test Loss: 0.0000, Test Accuracy: 0.9867, Energy: -1159919.0
Time taken:  0.7067351341247559
Test Loss: 0.0000, Test Accuracy: 0.9867, Energy: -1159925.375
Time taken:  0.7034361362457275
Test Loss: 0.0000, Test Accuracy: 0.9867, Energy: -1159932.75
Time taken:  0.7003641128540039
Test Loss: 0.0000, Test Accuracy: 0.9867, Energy: -1159936.625
Time taken:  0.7026820182800293
Test Loss: 0.0000, Test Accuracy: 0.9867, Energy: -1159940.25
Time taken:  0.703007698059082
Test Loss: 0.0000, Test Accuracy: 0.9867, Energy: -1159943.0
Time taken:  0.7039704322814941
Test Loss: 0.0000, Test Accuracy: 0.9867, Energy: -1159945.25
Time taken:  0.6908206939697266
Final accuracies: [0.9966666666666667, 0.9866666666666667, 0.9966666666666667, 0.9966666666666667, 1.0, 1.0, 0.9933333333333333, 0.9933333333333333, 1.0, 0.9966666666666667, 0.9966666666666667, 0.9966666666666667, 0.9866666666666667, 0.9866666666666667, 0.9833333333333333, 0.9833333333333333, 0.9833333333333333, 0.9833333333333333, 0.9866666666666667, 0.9866666666666667, 0.9866666666666667, 0.9833333333333333, 0.9833333333333333, 0.9833333333333333, 0.9833333333333333, 0.9833333333333333, 0.9833333333333333, 0.9833333333333333, 0.9866666666666667, 0.9866666666666667, 0.9866666666666667, 0.9866666666666667, 0.9866666666666667, 0.9833333333333333, 0.9833333333333333, 0.9833333333333333, 0.9833333333333333, 0.9833333333333333, 0.9833333333333333, 0.9833333333333333, 0.9833333333333333, 0.9833333333333333, 0.9833333333333333, 0.9833333333333333, 0.9833333333333333, 0.9833333333333333, 0.9833333333333333, 0.9866666666666667, 0.9866666666666667, 0.9866666666666667, 0.9866666666666667, 0.9866666666666667, 0.9866666666666667, 0.9866666666666667, 0.9866666666666667, 0.9866666666666667, 0.9866666666666667, 0.9866666666666667, 0.9833333333333333, 0.9833333333333333, 0.9833333333333333, 0.9833333333333333, 0.9833333333333333, 0.9833333333333333, 0.9833333333333333, 0.9833333333333333, 0.9833333333333333, 0.9833333333333333, 0.9833333333333333, 0.9866666666666667, 0.9866666666666667, 0.9866666666666667, 0.9866666666666667, 0.9866666666666667, 0.9866666666666667, 0.9866666666666667, 0.9866666666666667, 0.9866666666666667, 0.9866666666666667, 0.9866666666666667, 0.9866666666666667, 0.99, 0.99, 0.99, 0.99, 0.9866666666666667, 0.9866666666666667, 0.9866666666666667, 0.9866666666666667, 0.9866666666666667, 0.9866666666666667, 0.9866666666666667, 0.9866666666666667, 0.9866666666666667, 0.9866666666666667, 0.9866666666666667, 0.9866666666666667, 0.9866666666666667, 0.9866666666666667, 0.9866666666666667]
Final energies: [-6975.46337890625, -144560.921875, -358062.46875, -576785.5625, -756754.1875, -908464.4375, -1029404.875, -1124134.0, -1157604.0, -1141346.75, -1135956.125, -1133803.125, -1127549.75, -1127724.375, -1129328.875, -1130198.5, -1133016.25, -1135060.125, -1136084.625, -1137394.25, -1139187.625, -1141215.625, -1142160.5, -1142778.75, -1143508.25, -1144289.75, -1144828.375, -1145274.75, -1146122.25, -1146427.625, -1146404.0, -1146751.375, -1146806.375, -1146888.0, -1147227.625, -1147214.375, -1147300.875, -1147253.625, -1147293.125, -1147358.375, -1147398.375, -1147438.0, -1147385.875, -1147502.25, -1147625.25, -1147627.25, -1147639.25, -1147874.125, -1147918.875, -1147908.0, -1148128.5, -1148172.75, -1148190.125, -1148202.25, -1148209.125, -1148219.0, -1148241.0, -1148681.875, -1148685.0, -1148694.25, -1148732.625, -1148770.0, -1148795.75, -1148824.5, -1148819.0, -1149108.5, -1150299.0, -1152166.375, -1153558.375, -1154635.375, -1155557.0, -1156345.375, -1157134.75, -1157526.625, -1158153.375, -1158478.75, -1158707.125, -1158948.0, -1159150.5, -1159315.875, -1159438.125, -1159444.125, -1159504.375, -1159576.375, -1159638.5, -1159734.0, -1159754.625, -1159785.125, -1159835.125, -1159887.375, -1159888.25, -1159900.375, -1159911.25, -1159919.0, -1159925.375, -1159932.75, -1159936.625, -1159940.25, -1159943.0, -1159945.25]
