Running with parameters: hidden=30, use_coupled=true, seed=7, lam=0.1, eta=1.0, batch=50
Test Loss: 0.0000, Test Accuracy: 0.9867, Energy: -3185.58837890625
Time taken:  0.4046456813812256
Test Loss: 0.0000, Test Accuracy: 1.0000, Energy: -87511.78125
Time taken:  0.38201212882995605
Test Loss: 0.0000, Test Accuracy: 0.9967, Energy: -276478.15625
Time taken:  0.3783600330352783
Test Loss: 0.0000, Test Accuracy: 0.9967, Energy: -442153.40625
Time taken:  0.38018155097961426
Test Loss: 0.0000, Test Accuracy: 0.9967, Energy: -576857.875
Time taken:  0.3769042491912842
Test Loss: 0.0000, Test Accuracy: 0.9967, Energy: -685232.4375
Time taken:  0.37973546981811523
Test Loss: 0.0000, Test Accuracy: 0.9967, Energy: -773970.25
Time taken:  0.3792531490325928
Test Loss: 0.0000, Test Accuracy: 0.9967, Energy: -846120.25
Time taken:  0.37570691108703613
Test Loss: 0.0000, Test Accuracy: 0.9967, Energy: -905688.375
Time taken:  0.37967610359191895
Test Loss: 0.0000, Test Accuracy: 0.9967, Energy: -954390.25
Time taken:  0.38023853302001953
Test Loss: 0.0000, Test Accuracy: 0.9967, Energy: -994910.8125
Time taken:  0.3760247230529785
Test Loss: 0.0000, Test Accuracy: 0.9967, Energy: -1027714.4375
Time taken:  0.3815939426422119
Test Loss: 0.0000, Test Accuracy: 0.9967, Energy: -1055657.625
Time taken:  0.3756589889526367
Test Loss: 0.0000, Test Accuracy: 0.9967, Energy: -1078523.125
Time taken:  0.37923216819763184
Test Loss: 0.0000, Test Accuracy: 0.9967, Energy: -1097484.5
Time taken:  0.3805999755859375
Test Loss: 0.0000, Test Accuracy: 0.9967, Energy: -1113823.125
Time taken:  0.3760974407196045
Test Loss: 0.0000, Test Accuracy: 0.9967, Energy: -1127280.5
Time taken:  0.37963080406188965
Test Loss: 0.0000, Test Accuracy: 0.9967, Energy: -1138285.625
Time taken:  0.3792736530303955
Test Loss: 0.0000, Test Accuracy: 0.9967, Energy: -1147542.75
Time taken:  0.37543392181396484
Test Loss: 0.0000, Test Accuracy: 0.9967, Energy: -1155018.625
Time taken:  0.3814558982849121
Test Loss: 0.0000, Test Accuracy: 0.9967, Energy: -1160442.625
Time taken:  0.374035120010376
Test Loss: 0.0000, Test Accuracy: 0.9967, Energy: -1165380.625
Time taken:  0.3787696361541748
Test Loss: 0.0000, Test Accuracy: 0.9967, Energy: -1169778.125
Time taken:  0.3792150020599365
Test Loss: 0.0000, Test Accuracy: 0.9967, Energy: -1172940.5
Time taken:  0.3763844966888428
Test Loss: 0.0000, Test Accuracy: 0.9967, Energy: -1175776.5
Time taken:  0.38045454025268555
Test Loss: 0.0000, Test Accuracy: 0.9967, Energy: -1178195.125
Time taken:  0.37943196296691895
Test Loss: 0.0000, Test Accuracy: 0.9967, Energy: -1180014.75
Time taken:  0.376706600189209
Test Loss: 0.0000, Test Accuracy: 0.9967, Energy: -1181573.375
Time taken:  0.3795289993286133
Test Loss: 0.0000, Test Accuracy: 0.9967, Energy: -1182956.875
Time taken:  0.37984752655029297
Test Loss: 0.0000, Test Accuracy: 0.9967, Energy: -1184289.625
Time taken:  0.37592267990112305
Test Loss: 0.0000, Test Accuracy: 0.9967, Energy: -1185238.5
Time taken:  0.3809647560119629
Test Loss: 0.0000, Test Accuracy: 0.9967, Energy: -1185935.75
Time taken:  0.37781333923339844
Test Loss: 0.0000, Test Accuracy: 0.9967, Energy: -1186548.5
Time taken:  0.3808441162109375
Test Loss: 0.0000, Test Accuracy: 0.9967, Energy: -1186954.25
Time taken:  0.3818802833557129
Test Loss: 0.0000, Test Accuracy: 0.9967, Energy: -1187170.625
Time taken:  0.3755373954772949
Test Loss: 0.0000, Test Accuracy: 0.9967, Energy: -1187481.75
Time taken:  0.3804750442504883
Test Loss: 0.0000, Test Accuracy: 0.9967, Energy: -1187763.75
Time taken:  0.3811986446380615
Test Loss: 0.0000, Test Accuracy: 0.9967, Energy: -1188000.25
Time taken:  0.37502193450927734
Test Loss: 0.0000, Test Accuracy: 0.9967, Energy: -1188204.0
Time taken:  0.3812882900238037
Test Loss: 0.0000, Test Accuracy: 0.9967, Energy: -1188361.375
Time taken:  0.37610816955566406
Test Loss: 0.0000, Test Accuracy: 0.9967, Energy: -1188501.375
Time taken:  0.38164353370666504
Test Loss: 0.0000, Test Accuracy: 0.9967, Energy: -1188512.0
Time taken:  0.38130903244018555
Test Loss: 0.0000, Test Accuracy: 0.9967, Energy: -1188231.25
Time taken:  0.3751225471496582
Test Loss: 0.0000, Test Accuracy: 0.9967, Energy: -1188281.75
Time taken:  0.37906789779663086
Test Loss: 0.0000, Test Accuracy: 0.9967, Energy: -1188331.75
Time taken:  0.3812751770019531
Test Loss: 0.0000, Test Accuracy: 0.9967, Energy: -1188281.0
Time taken:  0.375260591506958
Test Loss: 0.0000, Test Accuracy: 0.9967, Energy: -1188307.5
Time taken:  0.38257479667663574
Test Loss: 0.0000, Test Accuracy: 0.9967, Energy: -1188334.625
Time taken:  0.3766186237335205
Test Loss: 0.0000, Test Accuracy: 0.9967, Energy: -1188356.5
Time taken:  0.3792300224304199
Test Loss: 0.0000, Test Accuracy: 0.9967, Energy: -1188358.25
Time taken:  0.38007211685180664
Test Loss: 0.0000, Test Accuracy: 0.9967, Energy: -1188372.625
Time taken:  0.37489986419677734
Test Loss: 0.0000, Test Accuracy: 0.9967, Energy: -1188381.625
Time taken:  0.3787105083465576
Test Loss: 0.0000, Test Accuracy: 0.9967, Energy: -1188359.0
Time taken:  0.3792872428894043
Test Loss: 0.0000, Test Accuracy: 0.9967, Energy: -1188366.625
Time taken:  0.3762786388397217
Test Loss: 0.0000, Test Accuracy: 0.9967, Energy: -1188374.75
Time taken:  0.38009119033813477
Test Loss: 0.0000, Test Accuracy: 0.9967, Energy: -1188369.125
Time taken:  0.3760111331939697
Test Loss: 0.0000, Test Accuracy: 0.9967, Energy: -1188372.75
Time taken:  0.38010692596435547
Test Loss: 0.0000, Test Accuracy: 0.9967, Energy: -1188375.5
Time taken:  0.38072824478149414
Test Loss: 0.0000, Test Accuracy: 0.9967, Energy: -1188377.875
Time taken:  0.3770425319671631
Test Loss: 0.0000, Test Accuracy: 0.9967, Energy: -1188379.25
Time taken:  0.37968993186950684
Test Loss: 0.0000, Test Accuracy: 0.9967, Energy: -1188380.25
Time taken:  0.3794732093811035
Test Loss: 0.0000, Test Accuracy: 0.9967, Energy: -1188343.375
Time taken:  0.3766965866088867
Test Loss: 0.0000, Test Accuracy: 0.9967, Energy: -1188335.0
Time taken:  0.3801751136779785
Test Loss: 0.0000, Test Accuracy: 0.9967, Energy: -1188335.25
Time taken:  0.3807532787322998
Test Loss: 0.0000, Test Accuracy: 0.9967, Energy: -1188335.25
Time taken:  0.3757803440093994
Test Loss: 0.0000, Test Accuracy: 0.9967, Energy: -1188335.0
Time taken:  0.38040661811828613
Test Loss: 0.0000, Test Accuracy: 0.9967, Energy: -1188334.625
Time taken:  0.37465429306030273
Test Loss: 0.0000, Test Accuracy: 0.9967, Energy: -1188298.5
Time taken:  0.37825608253479004
Test Loss: 0.0000, Test Accuracy: 0.9967, Energy: -1188298.0
Time taken:  0.37930965423583984
Test Loss: 0.0000, Test Accuracy: 0.9967, Energy: -1188280.625
Time taken:  0.37443113327026367
Test Loss: 0.0000, Test Accuracy: 0.9967, Energy: -1188272.25
Time taken:  0.3795170783996582
Test Loss: 0.0000, Test Accuracy: 0.9967, Energy: -1188271.75
Time taken:  0.379260778427124
Test Loss: 0.0000, Test Accuracy: 0.9967, Energy: -1188270.875
Time taken:  0.37549710273742676
Test Loss: 0.0000, Test Accuracy: 0.9967, Energy: -1188082.0
Time taken:  0.379594087600708
Test Loss: 0.0000, Test Accuracy: 0.9967, Energy: -1188071.25
Time taken:  0.37557196617126465
Test Loss: 0.0000, Test Accuracy: 0.9967, Energy: -1188070.5
Time taken:  0.3806624412536621
Test Loss: 0.0000, Test Accuracy: 0.9967, Energy: -1188069.5
Time taken:  0.3808755874633789
Test Loss: 0.0000, Test Accuracy: 0.9967, Energy: -1188056.0
Time taken:  0.3755829334259033
Test Loss: 0.0000, Test Accuracy: 0.9967, Energy: -1188055.25
Time taken:  0.379680871963501
Test Loss: 0.0000, Test Accuracy: 0.9967, Energy: -1188054.25
Time taken:  0.3805205821990967
Test Loss: 0.0000, Test Accuracy: 0.9967, Energy: -1188053.125
Time taken:  0.3760073184967041
Test Loss: 0.0000, Test Accuracy: 0.9967, Energy: -1188052.125
Time taken:  0.38000035285949707
Test Loss: 0.0000, Test Accuracy: 0.9967, Energy: -1188051.125
Time taken:  0.37545323371887207
Test Loss: 0.0000, Test Accuracy: 0.9967, Energy: -1188050.0
Time taken:  0.3792097568511963
Test Loss: 0.0000, Test Accuracy: 0.9967, Energy: -1188049.125
Time taken:  0.3804631233215332
Test Loss: 0.0000, Test Accuracy: 0.9967, Energy: -1188048.25
Time taken:  0.3751692771911621
Test Loss: 0.0000, Test Accuracy: 0.9967, Energy: -1188035.125
Time taken:  0.37927937507629395
Test Loss: 0.0000, Test Accuracy: 0.9967, Energy: -1188034.625
Time taken:  0.3780977725982666
Test Loss: 0.0000, Test Accuracy: 0.9967, Energy: -1188033.625
Time taken:  0.3756704330444336
Test Loss: 0.0000, Test Accuracy: 0.9967, Energy: -1188023.875
Time taken:  0.3783409595489502
Test Loss: 0.0000, Test Accuracy: 0.9967, Energy: -1188023.0
Time taken:  0.3751227855682373
Test Loss: 0.0000, Test Accuracy: 0.9967, Energy: -1188012.5
Time taken:  0.38039612770080566
Test Loss: 0.0000, Test Accuracy: 0.9967, Energy: -1188019.125
Time taken:  0.37996554374694824
Test Loss: 0.0000, Test Accuracy: 0.9967, Energy: -1187966.75
Time taken:  0.3766822814941406
Test Loss: 0.0000, Test Accuracy: 0.9967, Energy: -1187972.125
Time taken:  0.38116908073425293
Test Loss: 0.0000, Test Accuracy: 0.9967, Energy: -1187971.0
Time taken:  0.3797891139984131
Test Loss: 0.0000, Test Accuracy: 0.9967, Energy: -1187970.0
Time taken:  0.3755366802215576
Test Loss: 0.0000, Test Accuracy: 0.9967, Energy: -1187969.0
Time taken:  0.3803131580352783
Test Loss: 0.0000, Test Accuracy: 0.9967, Energy: -1187968.125
Time taken:  0.3731248378753662
Test Loss: 0.0000, Test Accuracy: 0.9967, Energy: -1187967.125
Time taken:  0.3775210380554199
Final accuracies: [0.9866666666666667, 1.0, 0.9966666666666667, 0.9966666666666667, 0.9966666666666667, 0.9966666666666667, 0.9966666666666667, 0.9966666666666667, 0.9966666666666667, 0.9966666666666667, 0.9966666666666667, 0.9966666666666667, 0.9966666666666667, 0.9966666666666667, 0.9966666666666667, 0.9966666666666667, 0.9966666666666667, 0.9966666666666667, 0.9966666666666667, 0.9966666666666667, 0.9966666666666667, 0.9966666666666667, 0.9966666666666667, 0.9966666666666667, 0.9966666666666667, 0.9966666666666667, 0.9966666666666667, 0.9966666666666667, 0.9966666666666667, 0.9966666666666667, 0.9966666666666667, 0.9966666666666667, 0.9966666666666667, 0.9966666666666667, 0.9966666666666667, 0.9966666666666667, 0.9966666666666667, 0.9966666666666667, 0.9966666666666667, 0.9966666666666667, 0.9966666666666667, 0.9966666666666667, 0.9966666666666667, 0.9966666666666667, 0.9966666666666667, 0.9966666666666667, 0.9966666666666667, 0.9966666666666667, 0.9966666666666667, 0.9966666666666667, 0.9966666666666667, 0.9966666666666667, 0.9966666666666667, 0.9966666666666667, 0.9966666666666667, 0.9966666666666667, 0.9966666666666667, 0.9966666666666667, 0.9966666666666667, 0.9966666666666667, 0.9966666666666667, 0.9966666666666667, 0.9966666666666667, 0.9966666666666667, 0.9966666666666667, 0.9966666666666667, 0.9966666666666667, 0.9966666666666667, 0.9966666666666667, 0.9966666666666667, 0.9966666666666667, 0.9966666666666667, 0.9966666666666667, 0.9966666666666667, 0.9966666666666667, 0.9966666666666667, 0.9966666666666667, 0.9966666666666667, 0.9966666666666667, 0.9966666666666667, 0.9966666666666667, 0.9966666666666667, 0.9966666666666667, 0.9966666666666667, 0.9966666666666667, 0.9966666666666667, 0.9966666666666667, 0.9966666666666667, 0.9966666666666667, 0.9966666666666667, 0.9966666666666667, 0.9966666666666667, 0.9966666666666667, 0.9966666666666667, 0.9966666666666667, 0.9966666666666667, 0.9966666666666667, 0.9966666666666667, 0.9966666666666667, 0.9966666666666667]
Final energies: [-3185.58837890625, -87511.78125, -276478.15625, -442153.40625, -576857.875, -685232.4375, -773970.25, -846120.25, -905688.375, -954390.25, -994910.8125, -1027714.4375, -1055657.625, -1078523.125, -1097484.5, -1113823.125, -1127280.5, -1138285.625, -1147542.75, -1155018.625, -1160442.625, -1165380.625, -1169778.125, -1172940.5, -1175776.5, -1178195.125, -1180014.75, -1181573.375, -1182956.875, -1184289.625, -1185238.5, -1185935.75, -1186548.5, -1186954.25, -1187170.625, -1187481.75, -1187763.75, -1188000.25, -1188204.0, -1188361.375, -1188501.375, -1188512.0, -1188231.25, -1188281.75, -1188331.75, -1188281.0, -1188307.5, -1188334.625, -1188356.5, -1188358.25, -1188372.625, -1188381.625, -1188359.0, -1188366.625, -1188374.75, -1188369.125, -1188372.75, -1188375.5, -1188377.875, -1188379.25, -1188380.25, -1188343.375, -1188335.0, -1188335.25, -1188335.25, -1188335.0, -1188334.625, -1188298.5, -1188298.0, -1188280.625, -1188272.25, -1188271.75, -1188270.875, -1188082.0, -1188071.25, -1188070.5, -1188069.5, -1188056.0, -1188055.25, -1188054.25, -1188053.125, -1188052.125, -1188051.125, -1188050.0, -1188049.125, -1188048.25, -1188035.125, -1188034.625, -1188033.625, -1188023.875, -1188023.0, -1188012.5, -1188019.125, -1187966.75, -1187972.125, -1187971.0, -1187970.0, -1187969.0, -1187968.125, -1187967.125]
