Running with parameters: hidden=30, use_coupled=true, seed=8, lam=0.1, eta=1.0, batch=50
Test Loss: 0.0000, Test Accuracy: 1.0000, Energy: -1273.859375
Time taken:  0.4095025062561035
Test Loss: 0.0000, Test Accuracy: 0.9967, Energy: -51810.3984375
Time taken:  0.3920595645904541
Test Loss: 0.0000, Test Accuracy: 1.0000, Energy: -234130.03125
Time taken:  0.3840634822845459
Test Loss: 0.0000, Test Accuracy: 1.0000, Energy: -403841.125
Time taken:  0.3841514587402344
Test Loss: 0.0000, Test Accuracy: 1.0000, Energy: -531657.9375
Time taken:  0.38626575469970703
Test Loss: 0.0000, Test Accuracy: 1.0000, Energy: -632805.6875
Time taken:  0.3829317092895508
Test Loss: 0.0000, Test Accuracy: 1.0000, Energy: -714737.3125
Time taken:  0.3843107223510742
Test Loss: 0.0000, Test Accuracy: 1.0000, Energy: -783253.125
Time taken:  0.3832817077636719
Test Loss: 0.0000, Test Accuracy: 0.9967, Energy: -780467.0625
Time taken:  0.3841521739959717
Test Loss: 0.0000, Test Accuracy: 0.9967, Energy: -778683.5
Time taken:  0.38457751274108887
Test Loss: 0.0000, Test Accuracy: 0.9933, Energy: -775255.0
Time taken:  0.37947583198547363
Test Loss: 0.0000, Test Accuracy: 0.9800, Energy: -770720.6875
Time taken:  0.3826611042022705
Test Loss: 0.0000, Test Accuracy: 0.9833, Energy: -768043.0625
Time taken:  0.3835904598236084
Test Loss: 0.0000, Test Accuracy: 0.9800, Energy: -766215.5
Time taken:  0.38063836097717285
Test Loss: 0.0000, Test Accuracy: 0.9800, Energy: -766137.875
Time taken:  0.3850984573364258
Test Loss: 0.0000, Test Accuracy: 0.9733, Energy: -763769.75
Time taken:  0.3798646926879883
Test Loss: 0.0000, Test Accuracy: 0.9767, Energy: -762621.625
Time taken:  0.3834419250488281
Test Loss: 0.0000, Test Accuracy: 0.9700, Energy: -760737.125
Time taken:  0.38367533683776855
Test Loss: 0.0000, Test Accuracy: 0.9800, Energy: -761474.5625
Time taken:  0.3800315856933594
Test Loss: 0.0000, Test Accuracy: 0.9800, Energy: -762961.0625
Time taken:  0.38393568992614746
Test Loss: 0.0000, Test Accuracy: 0.9867, Energy: -770924.4375
Time taken:  0.38340044021606445
Test Loss: 0.0000, Test Accuracy: 0.9933, Energy: -779187.5625
Time taken:  0.37999749183654785
Test Loss: 0.0000, Test Accuracy: 0.9967, Energy: -785611.4375
Time taken:  0.38468122482299805
Test Loss: 0.0000, Test Accuracy: 0.9967, Energy: -789637.5
Time taken:  0.3836491107940674
Test Loss: 0.0000, Test Accuracy: 0.9967, Energy: -793819.4375
Time taken:  0.3786659240722656
Test Loss: 0.0000, Test Accuracy: 0.9967, Energy: -796645.6875
Time taken:  0.38295888900756836
Test Loss: 0.0000, Test Accuracy: 0.9967, Energy: -798319.875
Time taken:  0.3792397975921631
Test Loss: 0.0000, Test Accuracy: 0.9967, Energy: -800145.25
Time taken:  0.3822505474090576
Test Loss: 0.0000, Test Accuracy: 0.9967, Energy: -802738.8125
Time taken:  0.38222837448120117
Test Loss: 0.0000, Test Accuracy: 0.9967, Energy: -805299.1875
Time taken:  0.37837815284729004
Test Loss: 0.0000, Test Accuracy: 0.9967, Energy: -807300.375
Time taken:  0.3836061954498291
Test Loss: 0.0000, Test Accuracy: 0.9967, Energy: -809032.375
Time taken:  0.3828005790710449
Test Loss: 0.0000, Test Accuracy: 0.9967, Energy: -809956.5625
Time taken:  0.3803739547729492
Test Loss: 0.0000, Test Accuracy: 0.9967, Energy: -810629.4375
Time taken:  0.383831262588501
Test Loss: 0.0000, Test Accuracy: 0.9967, Energy: -811747.9375
Time taken:  0.3817136287689209
Test Loss: 0.0000, Test Accuracy: 0.9967, Energy: -812117.5
Time taken:  0.38057827949523926
Test Loss: 0.0000, Test Accuracy: 0.9967, Energy: -812585.9375
Time taken:  0.38245320320129395
Test Loss: 0.0000, Test Accuracy: 0.9967, Energy: -813276.9375
Time taken:  0.3786885738372803
Test Loss: 0.0000, Test Accuracy: 0.9967, Energy: -813413.875
Time taken:  0.3856229782104492
Test Loss: 0.0000, Test Accuracy: 0.9967, Energy: -813496.8125
Time taken:  0.3825862407684326
Test Loss: 0.0000, Test Accuracy: 0.9967, Energy: -813696.4375
Time taken:  0.37917399406433105
Test Loss: 0.0000, Test Accuracy: 0.9967, Energy: -813819.625
Time taken:  0.38364696502685547
Test Loss: 0.0000, Test Accuracy: 0.9967, Energy: -813888.6875
Time taken:  0.3823554515838623
Test Loss: 0.0000, Test Accuracy: 0.9967, Energy: -814093.3125
Time taken:  0.37895750999450684
Test Loss: 0.0000, Test Accuracy: 0.9967, Energy: -814171.4375
Time taken:  0.38218069076538086
Test Loss: 0.0000, Test Accuracy: 0.9967, Energy: -814198.25
Time taken:  0.3831367492675781
Test Loss: 0.0000, Test Accuracy: 0.9967, Energy: -814272.625
Time taken:  0.37917017936706543
Test Loss: 0.0000, Test Accuracy: 0.9967, Energy: -814291.5
Time taken:  0.3842134475708008
Test Loss: 0.0000, Test Accuracy: 0.9967, Energy: -814366.8125
Time taken:  0.37993955612182617
Test Loss: 0.0000, Test Accuracy: 0.9967, Energy: -814329.125
Time taken:  0.3830735683441162
Test Loss: 0.0000, Test Accuracy: 0.9967, Energy: -814331.0
Time taken:  0.3820357322692871
Test Loss: 0.0000, Test Accuracy: 0.9967, Energy: -814465.5625
Time taken:  0.3782176971435547
Test Loss: 0.0000, Test Accuracy: 0.9967, Energy: -814471.0625
Time taken:  0.3828158378601074
Test Loss: 0.0000, Test Accuracy: 0.9967, Energy: -814481.5
Time taken:  0.38293981552124023
Test Loss: 0.0000, Test Accuracy: 0.9967, Energy: -814490.75
Time taken:  0.37812185287475586
Test Loss: 0.0000, Test Accuracy: 0.9967, Energy: -814506.9375
Time taken:  0.3834695816040039
Test Loss: 0.0000, Test Accuracy: 0.9967, Energy: -814525.0
Time taken:  0.3785591125488281
Test Loss: 0.0000, Test Accuracy: 0.9967, Energy: -814525.1875
Time taken:  0.3830075263977051
Test Loss: 0.0000, Test Accuracy: 0.9967, Energy: -814486.0
Time taken:  0.3816547393798828
Test Loss: 0.0000, Test Accuracy: 0.9967, Energy: -814489.6875
Time taken:  0.37880897521972656
Test Loss: 0.0000, Test Accuracy: 0.9967, Energy: -814520.75
Time taken:  0.38278961181640625
Test Loss: 0.0000, Test Accuracy: 0.9967, Energy: -814524.875
Time taken:  0.383502721786499
Test Loss: 0.0000, Test Accuracy: 0.9967, Energy: -814527.0625
Time taken:  0.3786330223083496
Test Loss: 0.0000, Test Accuracy: 0.9967, Energy: -814528.8125
Time taken:  0.38028454780578613
Test Loss: 0.0000, Test Accuracy: 0.9967, Energy: -814535.5625
Time taken:  0.38231754302978516
Test Loss: 0.0000, Test Accuracy: 0.9967, Energy: -814537.0
Time taken:  0.37794971466064453
Test Loss: 0.0000, Test Accuracy: 0.9967, Energy: -814538.1875
Time taken:  0.38405370712280273
Test Loss: 0.0000, Test Accuracy: 0.9967, Energy: -814539.25
Time taken:  0.3784148693084717
Test Loss: 0.0000, Test Accuracy: 0.9967, Energy: -814540.3125
Time taken:  0.3829307556152344
Test Loss: 0.0000, Test Accuracy: 0.9967, Energy: -814541.1875
Time taken:  0.382152795791626
Test Loss: 0.0000, Test Accuracy: 0.9967, Energy: -814541.8125
Time taken:  0.37921810150146484
Test Loss: 0.0000, Test Accuracy: 0.9967, Energy: -814542.5625
Time taken:  0.3822958469390869
Test Loss: 0.0000, Test Accuracy: 0.9967, Energy: -814543.3125
Time taken:  0.3809630870819092
Test Loss: 0.0000, Test Accuracy: 0.9967, Energy: -814543.8125
Time taken:  0.3791172504425049
Test Loss: 0.0000, Test Accuracy: 0.9967, Energy: -814542.5625
Time taken:  0.3829658031463623
Test Loss: 0.0000, Test Accuracy: 0.9967, Energy: -814543.125
Time taken:  0.37883877754211426
Test Loss: 0.0000, Test Accuracy: 0.9967, Energy: -814543.625
Time taken:  0.38216471672058105
Test Loss: 0.0000, Test Accuracy: 0.9967, Energy: -814544.0625
Time taken:  0.3834543228149414
Test Loss: 0.0000, Test Accuracy: 0.9967, Energy: -814544.625
Time taken:  0.3791377544403076
Test Loss: 0.0000, Test Accuracy: 0.9967, Energy: -814545.125
Time taken:  0.3818366527557373
Test Loss: 0.0000, Test Accuracy: 0.9967, Energy: -814545.5625
Time taken:  0.38214635848999023
Test Loss: 0.0000, Test Accuracy: 0.9967, Energy: -814553.875
Time taken:  0.3790011405944824
Test Loss: 0.0000, Test Accuracy: 0.9967, Energy: -814554.375
Time taken:  0.3816683292388916
Test Loss: 0.0000, Test Accuracy: 0.9967, Energy: -814554.75
Time taken:  0.38327479362487793
Test Loss: 0.0000, Test Accuracy: 0.9967, Energy: -814555.1875
Time taken:  0.3774080276489258
Test Loss: 0.0000, Test Accuracy: 0.9967, Energy: -814555.625
Time taken:  0.3834354877471924
Test Loss: 0.0000, Test Accuracy: 0.9967, Energy: -814556.1875
Time taken:  0.37909412384033203
Test Loss: 0.0000, Test Accuracy: 0.9967, Energy: -814536.125
Time taken:  0.3832254409790039
Test Loss: 0.0000, Test Accuracy: 0.9967, Energy: -814536.5625
Time taken:  0.38257288932800293
Test Loss: 0.0000, Test Accuracy: 0.9967, Energy: -814537.0625
Time taken:  0.3792564868927002
Test Loss: 0.0000, Test Accuracy: 0.9967, Energy: -814537.4375
Time taken:  0.38355016708374023
Test Loss: 0.0000, Test Accuracy: 0.9967, Energy: -814537.9375
Time taken:  0.38274455070495605
Test Loss: 0.0000, Test Accuracy: 0.9967, Energy: -814538.3125
Time taken:  0.3784360885620117
Test Loss: 0.0000, Test Accuracy: 0.9967, Energy: -814538.875
Time taken:  0.38367652893066406
Test Loss: 0.0000, Test Accuracy: 0.9967, Energy: -814539.375
Time taken:  0.3828701972961426
Test Loss: 0.0000, Test Accuracy: 0.9967, Energy: -814539.8125
Time taken:  0.37900209426879883
Test Loss: 0.0000, Test Accuracy: 0.9967, Energy: -814511.3125
Time taken:  0.3819901943206787
Test Loss: 0.0000, Test Accuracy: 0.9967, Energy: -814511.75
Time taken:  0.37744712829589844
Test Loss: 0.0000, Test Accuracy: 0.9967, Energy: -814512.3125
Time taken:  0.381711483001709
Test Loss: 0.0000, Test Accuracy: 0.9967, Energy: -814512.75
Time taken:  0.3725616931915283
Final accuracies: [1.0, 0.9966666666666667, 1.0, 1.0, 1.0, 1.0, 1.0, 1.0, 0.9966666666666667, 0.9966666666666667, 0.9933333333333333, 0.98, 0.9833333333333333, 0.98, 0.98, 0.9733333333333334, 0.9766666666666667, 0.97, 0.98, 0.98, 0.9866666666666667, 0.9933333333333333, 0.9966666666666667, 0.9966666666666667, 0.9966666666666667, 0.9966666666666667, 0.9966666666666667, 0.9966666666666667, 0.9966666666666667, 0.9966666666666667, 0.9966666666666667, 0.9966666666666667, 0.9966666666666667, 0.9966666666666667, 0.9966666666666667, 0.9966666666666667, 0.9966666666666667, 0.9966666666666667, 0.9966666666666667, 0.9966666666666667, 0.9966666666666667, 0.9966666666666667, 0.9966666666666667, 0.9966666666666667, 0.9966666666666667, 0.9966666666666667, 0.9966666666666667, 0.9966666666666667, 0.9966666666666667, 0.9966666666666667, 0.9966666666666667, 0.9966666666666667, 0.9966666666666667, 0.9966666666666667, 0.9966666666666667, 0.9966666666666667, 0.9966666666666667, 0.9966666666666667, 0.9966666666666667, 0.9966666666666667, 0.9966666666666667, 0.9966666666666667, 0.9966666666666667, 0.9966666666666667, 0.9966666666666667, 0.9966666666666667, 0.9966666666666667, 0.9966666666666667, 0.9966666666666667, 0.9966666666666667, 0.9966666666666667, 0.9966666666666667, 0.9966666666666667, 0.9966666666666667, 0.9966666666666667, 0.9966666666666667, 0.9966666666666667, 0.9966666666666667, 0.9966666666666667, 0.9966666666666667, 0.9966666666666667, 0.9966666666666667, 0.9966666666666667, 0.9966666666666667, 0.9966666666666667, 0.9966666666666667, 0.9966666666666667, 0.9966666666666667, 0.9966666666666667, 0.9966666666666667, 0.9966666666666667, 0.9966666666666667, 0.9966666666666667, 0.9966666666666667, 0.9966666666666667, 0.9966666666666667, 0.9966666666666667, 0.9966666666666667, 0.9966666666666667, 0.9966666666666667]
Final energies: [-1273.859375, -51810.3984375, -234130.03125, -403841.125, -531657.9375, -632805.6875, -714737.3125, -783253.125, -780467.0625, -778683.5, -775255.0, -770720.6875, -768043.0625, -766215.5, -766137.875, -763769.75, -762621.625, -760737.125, -761474.5625, -762961.0625, -770924.4375, -779187.5625, -785611.4375, -789637.5, -793819.4375, -796645.6875, -798319.875, -800145.25, -802738.8125, -805299.1875, -807300.375, -809032.375, -809956.5625, -810629.4375, -811747.9375, -812117.5, -812585.9375, -813276.9375, -813413.875, -813496.8125, -813696.4375, -813819.625, -813888.6875, -814093.3125, -814171.4375, -814198.25, -814272.625, -814291.5, -814366.8125, -814329.125, -814331.0, -814465.5625, -814471.0625, -814481.5, -814490.75, -814506.9375, -814525.0, -814525.1875, -814486.0, -814489.6875, -814520.75, -814524.875, -814527.0625, -814528.8125, -814535.5625, -814537.0, -814538.1875, -814539.25, -814540.3125, -814541.1875, -814541.8125, -814542.5625, -814543.3125, -814543.8125, -814542.5625, -814543.125, -814543.625, -814544.0625, -814544.625, -814545.125, -814545.5625, -814553.875, -814554.375, -814554.75, -814555.1875, -814555.625, -814556.1875, -814536.125, -814536.5625, -814537.0625, -814537.4375, -814537.9375, -814538.3125, -814538.875, -814539.375, -814539.8125, -814511.3125, -814511.75, -814512.3125, -814512.75]
