Running with parameters: hidden=30, use_coupled=true, seed=19, lam=0.1, eta=1.0, batch=50
Test Loss: 0.0000, Test Accuracy: 0.9933, Energy: -3656.67919921875
Time taken:  0.4061899185180664
Test Loss: 0.0000, Test Accuracy: 0.9900, Energy: -84252.609375
Time taken:  0.38184237480163574
Test Loss: 0.0000, Test Accuracy: 0.9967, Energy: -246077.84375
Time taken:  0.3791236877441406
Test Loss: 0.0000, Test Accuracy: 0.9967, Energy: -372761.6875
Time taken:  0.38145923614501953
Test Loss: 0.0000, Test Accuracy: 0.9967, Energy: -470578.28125
Time taken:  0.3823096752166748
Test Loss: 0.0000, Test Accuracy: 0.9967, Energy: -547634.1875
Time taken:  0.38094377517700195
Test Loss: 0.0000, Test Accuracy: 1.0000, Energy: -609543.8125
Time taken:  0.3813772201538086
Test Loss: 0.0000, Test Accuracy: 1.0000, Energy: -661599.1875
Time taken:  0.37793660163879395
Test Loss: 0.0000, Test Accuracy: 1.0000, Energy: -701184.9375
Time taken:  0.38278770446777344
Test Loss: 0.0000, Test Accuracy: 0.9967, Energy: -734452.375
Time taken:  0.3817777633666992
Test Loss: 0.0000, Test Accuracy: 0.9967, Energy: -760778.625
Time taken:  0.37812209129333496
Test Loss: 0.0000, Test Accuracy: 0.9967, Energy: -782784.75
Time taken:  0.3827352523803711
Test Loss: 0.0000, Test Accuracy: 0.9967, Energy: -800768.0625
Time taken:  0.3825509548187256
Test Loss: 0.0000, Test Accuracy: 0.9967, Energy: -815698.0
Time taken:  0.37720775604248047
Test Loss: 0.0000, Test Accuracy: 0.9967, Energy: -828446.8125
Time taken:  0.38111257553100586
Test Loss: 0.0000, Test Accuracy: 0.9967, Energy: -838663.8125
Time taken:  0.37682223320007324
Test Loss: 0.0000, Test Accuracy: 0.9967, Energy: -847378.0
Time taken:  0.3813791275024414
Test Loss: 0.0000, Test Accuracy: 0.9967, Energy: -854556.8125
Time taken:  0.38188600540161133
Test Loss: 0.0000, Test Accuracy: 0.9967, Energy: -860553.5625
Time taken:  0.3773488998413086
Test Loss: 0.0000, Test Accuracy: 0.9967, Energy: -865242.5
Time taken:  0.3844790458679199
Test Loss: 0.0000, Test Accuracy: 0.9967, Energy: -868870.9375
Time taken:  0.3817737102508545
Test Loss: 0.0000, Test Accuracy: 0.9967, Energy: -872316.25
Time taken:  0.3759925365447998
Test Loss: 0.0000, Test Accuracy: 0.9967, Energy: -875187.75
Time taken:  0.3808169364929199
Test Loss: 0.0000, Test Accuracy: 0.9967, Energy: -877443.25
Time taken:  0.37644314765930176
Test Loss: 0.0000, Test Accuracy: 0.9967, Energy: -879395.25
Time taken:  0.38071346282958984
Test Loss: 0.0000, Test Accuracy: 0.9967, Energy: -880552.5625
Time taken:  0.38050031661987305
Test Loss: 0.0000, Test Accuracy: 0.9967, Energy: -881837.625
Time taken:  0.3768959045410156
Test Loss: 0.0000, Test Accuracy: 0.9967, Energy: -882929.3125
Time taken:  0.38143301010131836
Test Loss: 0.0000, Test Accuracy: 0.9967, Energy: -883835.25
Time taken:  0.38063764572143555
Test Loss: 0.0000, Test Accuracy: 0.9967, Energy: -884512.375
Time taken:  0.3761107921600342
Test Loss: 0.0000, Test Accuracy: 0.9967, Energy: -885152.75
Time taken:  0.3823812007904053
Test Loss: 0.0000, Test Accuracy: 0.9967, Energy: -885630.3125
Time taken:  0.3803701400756836
Test Loss: 0.0000, Test Accuracy: 0.9967, Energy: -885999.625
Time taken:  0.37776947021484375
Test Loss: 0.0000, Test Accuracy: 0.9967, Energy: -886340.5
Time taken:  0.3806173801422119
Test Loss: 0.0000, Test Accuracy: 0.9967, Energy: -886607.8125
Time taken:  0.3777315616607666
Test Loss: 0.0000, Test Accuracy: 0.9967, Energy: -886788.3125
Time taken:  0.38105344772338867
Test Loss: 0.0000, Test Accuracy: 0.9967, Energy: -886939.25
Time taken:  0.37973809242248535
Test Loss: 0.0000, Test Accuracy: 0.9967, Energy: -887089.125
Time taken:  0.3782219886779785
Test Loss: 0.0000, Test Accuracy: 0.9967, Energy: -887211.75
Time taken:  0.3817887306213379
Test Loss: 0.0000, Test Accuracy: 0.9967, Energy: -887268.0
Time taken:  0.3811471462249756
Test Loss: 0.0000, Test Accuracy: 0.9967, Energy: -887355.6875
Time taken:  0.3801424503326416
Test Loss: 0.0000, Test Accuracy: 0.9967, Energy: -887405.4375
Time taken:  0.38182711601257324
Test Loss: 0.0000, Test Accuracy: 0.9967, Energy: -887466.0
Time taken:  0.37795019149780273
Test Loss: 0.0000, Test Accuracy: 0.9967, Energy: -887499.25
Time taken:  0.3814513683319092
Test Loss: 0.0000, Test Accuracy: 0.9967, Energy: -887510.3125
Time taken:  0.38047099113464355
Test Loss: 0.0000, Test Accuracy: 0.9967, Energy: -887493.4375
Time taken:  0.3803718090057373
Test Loss: 0.0000, Test Accuracy: 0.9967, Energy: -887534.9375
Time taken:  0.38253045082092285
Test Loss: 0.0000, Test Accuracy: 0.9967, Energy: -887547.4375
Time taken:  0.38086438179016113
Test Loss: 0.0000, Test Accuracy: 0.9967, Energy: -887552.9375
Time taken:  0.3764016628265381
Test Loss: 0.0000, Test Accuracy: 0.9967, Energy: -887563.0
Time taken:  0.3816709518432617
Test Loss: 0.0000, Test Accuracy: 0.9967, Energy: -887572.4375
Time taken:  0.3770790100097656
Test Loss: 0.0000, Test Accuracy: 0.9967, Energy: -887595.1875
Time taken:  0.38069629669189453
Test Loss: 0.0000, Test Accuracy: 0.9967, Energy: -887582.375
Time taken:  0.38028693199157715
Test Loss: 0.0000, Test Accuracy: 0.9967, Energy: -887577.75
Time taken:  0.37601470947265625
Test Loss: 0.0000, Test Accuracy: 0.9967, Energy: -887570.4375
Time taken:  0.38144564628601074
Test Loss: 0.0000, Test Accuracy: 0.9967, Energy: -887572.0625
Time taken:  0.3804504871368408
Test Loss: 0.0000, Test Accuracy: 0.9967, Energy: -887573.75
Time taken:  0.3767666816711426
Test Loss: 0.0000, Test Accuracy: 0.9967, Energy: -887574.5
Time taken:  0.38077640533447266
Test Loss: 0.0000, Test Accuracy: 0.9967, Energy: -887588.5
Time taken:  0.37932777404785156
Test Loss: 0.0000, Test Accuracy: 0.9967, Energy: -887588.8125
Time taken:  0.3771843910217285
Test Loss: 0.0000, Test Accuracy: 0.9967, Energy: -887578.125
Time taken:  0.38139796257019043
Test Loss: 0.0000, Test Accuracy: 0.9967, Energy: -887577.75
Time taken:  0.3759634494781494
Test Loss: 0.0000, Test Accuracy: 0.9967, Energy: -887562.5
Time taken:  0.38013434410095215
Test Loss: 0.0000, Test Accuracy: 0.9967, Energy: -887568.125
Time taken:  0.38098573684692383
Test Loss: 0.0000, Test Accuracy: 0.9967, Energy: -887562.5
Time taken:  0.3786451816558838
Test Loss: 0.0000, Test Accuracy: 0.9967, Energy: -887561.625
Time taken:  0.3805980682373047
Test Loss: 0.0000, Test Accuracy: 0.9967, Energy: -887571.6875
Time taken:  0.38146257400512695
Test Loss: 0.0000, Test Accuracy: 0.9967, Energy: -887568.125
Time taken:  0.37743043899536133
Test Loss: 0.0000, Test Accuracy: 0.9967, Energy: -887557.0
Time taken:  0.37834835052490234
Test Loss: 0.0000, Test Accuracy: 0.9967, Energy: -887571.125
Time taken:  0.37765002250671387
Test Loss: 0.0000, Test Accuracy: 0.9967, Energy: -887567.75
Time taken:  0.38097667694091797
Test Loss: 0.0000, Test Accuracy: 0.9967, Energy: -887566.25
Time taken:  0.38058996200561523
Test Loss: 0.0000, Test Accuracy: 0.9967, Energy: -887564.8125
Time taken:  0.3786478042602539
Test Loss: 0.0000, Test Accuracy: 0.9967, Energy: -887563.625
Time taken:  0.3808162212371826
Test Loss: 0.0000, Test Accuracy: 0.9967, Energy: -887556.5625
Time taken:  0.3794593811035156
Test Loss: 0.0000, Test Accuracy: 0.9967, Energy: -887555.0
Time taken:  0.3764679431915283
Test Loss: 0.0000, Test Accuracy: 0.9967, Energy: -887563.5
Time taken:  0.3794059753417969
Test Loss: 0.0000, Test Accuracy: 0.9967, Energy: -887546.8125
Time taken:  0.3760085105895996
Test Loss: 0.0000, Test Accuracy: 0.9967, Energy: -887535.8125
Time taken:  0.3817439079284668
Test Loss: 0.0000, Test Accuracy: 0.9967, Energy: -887523.6875
Time taken:  0.38068628311157227
Test Loss: 0.0000, Test Accuracy: 0.9967, Energy: -887489.25
Time taken:  0.3761472702026367
Test Loss: 0.0000, Test Accuracy: 0.9967, Energy: -887313.875
Time taken:  0.3795926570892334
Test Loss: 0.0000, Test Accuracy: 0.9967, Energy: -887266.625
Time taken:  0.3802950382232666
Test Loss: 0.0000, Test Accuracy: 0.9967, Energy: -887219.625
Time taken:  0.37595391273498535
Test Loss: 0.0000, Test Accuracy: 0.9967, Energy: -887203.375
Time taken:  0.38103652000427246
Test Loss: 0.0000, Test Accuracy: 0.9967, Energy: -887173.25
Time taken:  0.38095998764038086
Test Loss: 0.0000, Test Accuracy: 0.9967, Energy: -887114.4375
Time taken:  0.3755989074707031
Test Loss: 0.0000, Test Accuracy: 0.9967, Energy: -887048.375
Time taken:  0.3800811767578125
Test Loss: 0.0000, Test Accuracy: 0.9967, Energy: -887046.8125
Time taken:  0.3763091564178467
Test Loss: 0.0000, Test Accuracy: 0.9967, Energy: -886999.1875
Time taken:  0.3803093433380127
Test Loss: 0.0000, Test Accuracy: 0.9967, Energy: -886942.25
Time taken:  0.3789646625518799
Test Loss: 0.0000, Test Accuracy: 0.9967, Energy: -886931.375
Time taken:  0.3769345283508301
Test Loss: 0.0000, Test Accuracy: 0.9967, Energy: -886920.75
Time taken:  0.380474328994751
Test Loss: 0.0000, Test Accuracy: 0.9967, Energy: -886749.0625
Time taken:  0.38059282302856445
Test Loss: 0.0000, Test Accuracy: 0.9967, Energy: -886742.375
Time taken:  0.37721991539001465
Test Loss: 0.0000, Test Accuracy: 0.9967, Energy: -886725.125
Time taken:  0.37975049018859863
Test Loss: 0.0000, Test Accuracy: 0.9967, Energy: -886576.25
Time taken:  0.3766493797302246
Test Loss: 0.0000, Test Accuracy: 0.9967, Energy: -886565.875
Time taken:  0.3803591728210449
Test Loss: 0.0000, Test Accuracy: 0.9967, Energy: -886555.125
Time taken:  0.3815650939941406
Test Loss: 0.0000, Test Accuracy: 0.9967, Energy: -886553.625
Time taken:  0.3713798522949219
Final accuracies: [0.9933333333333333, 0.99, 0.9966666666666667, 0.9966666666666667, 0.9966666666666667, 0.9966666666666667, 1.0, 1.0, 1.0, 0.9966666666666667, 0.9966666666666667, 0.9966666666666667, 0.9966666666666667, 0.9966666666666667, 0.9966666666666667, 0.9966666666666667, 0.9966666666666667, 0.9966666666666667, 0.9966666666666667, 0.9966666666666667, 0.9966666666666667, 0.9966666666666667, 0.9966666666666667, 0.9966666666666667, 0.9966666666666667, 0.9966666666666667, 0.9966666666666667, 0.9966666666666667, 0.9966666666666667, 0.9966666666666667, 0.9966666666666667, 0.9966666666666667, 0.9966666666666667, 0.9966666666666667, 0.9966666666666667, 0.9966666666666667, 0.9966666666666667, 0.9966666666666667, 0.9966666666666667, 0.9966666666666667, 0.9966666666666667, 0.9966666666666667, 0.9966666666666667, 0.9966666666666667, 0.9966666666666667, 0.9966666666666667, 0.9966666666666667, 0.9966666666666667, 0.9966666666666667, 0.9966666666666667, 0.9966666666666667, 0.9966666666666667, 0.9966666666666667, 0.9966666666666667, 0.9966666666666667, 0.9966666666666667, 0.9966666666666667, 0.9966666666666667, 0.9966666666666667, 0.9966666666666667, 0.9966666666666667, 0.9966666666666667, 0.9966666666666667, 0.9966666666666667, 0.9966666666666667, 0.9966666666666667, 0.9966666666666667, 0.9966666666666667, 0.9966666666666667, 0.9966666666666667, 0.9966666666666667, 0.9966666666666667, 0.9966666666666667, 0.9966666666666667, 0.9966666666666667, 0.9966666666666667, 0.9966666666666667, 0.9966666666666667, 0.9966666666666667, 0.9966666666666667, 0.9966666666666667, 0.9966666666666667, 0.9966666666666667, 0.9966666666666667, 0.9966666666666667, 0.9966666666666667, 0.9966666666666667, 0.9966666666666667, 0.9966666666666667, 0.9966666666666667, 0.9966666666666667, 0.9966666666666667, 0.9966666666666667, 0.9966666666666667, 0.9966666666666667, 0.9966666666666667, 0.9966666666666667, 0.9966666666666667, 0.9966666666666667, 0.9966666666666667]
Final energies: [-3656.67919921875, -84252.609375, -246077.84375, -372761.6875, -470578.28125, -547634.1875, -609543.8125, -661599.1875, -701184.9375, -734452.375, -760778.625, -782784.75, -800768.0625, -815698.0, -828446.8125, -838663.8125, -847378.0, -854556.8125, -860553.5625, -865242.5, -868870.9375, -872316.25, -875187.75, -877443.25, -879395.25, -880552.5625, -881837.625, -882929.3125, -883835.25, -884512.375, -885152.75, -885630.3125, -885999.625, -886340.5, -886607.8125, -886788.3125, -886939.25, -887089.125, -887211.75, -887268.0, -887355.6875, -887405.4375, -887466.0, -887499.25, -887510.3125, -887493.4375, -887534.9375, -887547.4375, -887552.9375, -887563.0, -887572.4375, -887595.1875, -887582.375, -887577.75, -887570.4375, -887572.0625, -887573.75, -887574.5, -887588.5, -887588.8125, -887578.125, -887577.75, -887562.5, -887568.125, -887562.5, -887561.625, -887571.6875, -887568.125, -887557.0, -887571.125, -887567.75, -887566.25, -887564.8125, -887563.625, -887556.5625, -887555.0, -887563.5, -887546.8125, -887535.8125, -887523.6875, -887489.25, -887313.875, -887266.625, -887219.625, -887203.375, -887173.25, -887114.4375, -887048.375, -887046.8125, -886999.1875, -886942.25, -886931.375, -886920.75, -886749.0625, -886742.375, -886725.125, -886576.25, -886565.875, -886555.125, -886553.625]
