Running with parameters: hidden=30, use_coupled=true, seed=94, lam=0.1, eta=1.0, batch=50
Test Loss: 0.0000, Test Accuracy: 0.9933, Energy: -6553.88134765625
Time taken:  0.391801118850708
Test Loss: 0.0000, Test Accuracy: 0.9967, Energy: -101540.390625
Time taken:  0.3722245693206787
Test Loss: 0.0000, Test Accuracy: 0.9967, Energy: -250727.609375
Time taken:  0.37154626846313477
Test Loss: 0.0000, Test Accuracy: 0.9967, Energy: -369050.75
Time taken:  0.3722810745239258
Test Loss: 0.0000, Test Accuracy: 0.9967, Energy: -464990.75
Time taken:  0.3711831569671631
Test Loss: 0.0000, Test Accuracy: 0.9967, Energy: -541738.125
Time taken:  0.3806588649749756
Test Loss: 0.0000, Test Accuracy: 0.9967, Energy: -593381.25
Time taken:  0.37306737899780273
Test Loss: 0.0000, Test Accuracy: 0.9967, Energy: -635820.4375
Time taken:  0.37047410011291504
Test Loss: 0.0000, Test Accuracy: 0.9967, Energy: -669146.75
Time taken:  0.3690824508666992
Test Loss: 0.0000, Test Accuracy: 0.9967, Energy: -696561.0
Time taken:  0.3659324645996094
Test Loss: 0.0000, Test Accuracy: 0.9967, Energy: -718875.75
Time taken:  0.37094640731811523
Test Loss: 0.0000, Test Accuracy: 0.9967, Energy: -737064.0
Time taken:  0.37021827697753906
Test Loss: 0.0000, Test Accuracy: 0.9933, Energy: -752483.0
Time taken:  0.37221598625183105
Test Loss: 0.0000, Test Accuracy: 0.9933, Energy: -765421.5
Time taken:  0.3721346855163574
Test Loss: 0.0000, Test Accuracy: 0.9900, Energy: -776080.875
Time taken:  0.36183595657348633
Test Loss: 0.0000, Test Accuracy: 0.9900, Energy: -784434.75
Time taken:  0.3656177520751953
Test Loss: 0.0000, Test Accuracy: 0.9900, Energy: -791723.5
Time taken:  0.358410120010376
Test Loss: 0.0000, Test Accuracy: 0.9900, Energy: -797579.125
Time taken:  0.3636462688446045
Test Loss: 0.0000, Test Accuracy: 0.9900, Energy: -802477.0
Time taken:  0.37142276763916016
Test Loss: 0.0000, Test Accuracy: 0.9900, Energy: -806941.6875
Time taken:  0.3752586841583252
Test Loss: 0.0000, Test Accuracy: 0.9900, Energy: -810983.6875
Time taken:  0.37674379348754883
Test Loss: 0.0000, Test Accuracy: 0.9900, Energy: -813927.75
Time taken:  0.37612056732177734
Test Loss: 0.0000, Test Accuracy: 0.9900, Energy: -817023.25
Time taken:  0.37413978576660156
Test Loss: 0.0000, Test Accuracy: 0.9900, Energy: -819325.0
Time taken:  0.37386059761047363
Test Loss: 0.0000, Test Accuracy: 0.9900, Energy: -821210.6875
Time taken:  0.3730132579803467
Test Loss: 0.0000, Test Accuracy: 0.9867, Energy: -822331.1875
Time taken:  0.3753993511199951
Test Loss: 0.0000, Test Accuracy: 0.9867, Energy: -823200.875
Time taken:  0.37533116340637207
Test Loss: 0.0000, Test Accuracy: 0.9867, Energy: -824102.875
Time taken:  0.37000560760498047
Test Loss: 0.0000, Test Accuracy: 0.9867, Energy: -824478.5
Time taken:  0.37058591842651367
Test Loss: 0.0000, Test Accuracy: 0.9867, Energy: -824897.25
Time taken:  0.36897993087768555
Test Loss: 0.0000, Test Accuracy: 0.9867, Energy: -825377.125
Time taken:  0.36266303062438965
Test Loss: 0.0000, Test Accuracy: 0.9867, Energy: -825821.375
Time taken:  0.3699467182159424
Test Loss: 0.0000, Test Accuracy: 0.9867, Energy: -826205.125
Time taken:  0.3682091236114502
Test Loss: 0.0000, Test Accuracy: 0.9867, Energy: -826466.5
Time taken:  0.36758899688720703
Test Loss: 0.0000, Test Accuracy: 0.9867, Energy: -826591.5
Time taken:  0.3701660633087158
Test Loss: 0.0000, Test Accuracy: 0.9867, Energy: -826609.1875
Time taken:  0.3639795780181885
Test Loss: 0.0000, Test Accuracy: 0.9867, Energy: -826781.375
Time taken:  0.37226057052612305
Test Loss: 0.0000, Test Accuracy: 0.9867, Energy: -826956.125
Time taken:  0.36202216148376465
Test Loss: 0.0000, Test Accuracy: 0.9867, Energy: -827052.1875
Time taken:  0.3644554615020752
Test Loss: 0.0000, Test Accuracy: 0.9867, Energy: -827164.8125
Time taken:  0.36960315704345703
Test Loss: 0.0000, Test Accuracy: 0.9867, Energy: -827258.9375
Time taken:  0.3736758232116699
Test Loss: 0.0000, Test Accuracy: 0.9867, Energy: -827319.0625
Time taken:  0.370969295501709
Test Loss: 0.0000, Test Accuracy: 0.9867, Energy: -827372.125
Time taken:  0.3736271858215332
Test Loss: 0.0000, Test Accuracy: 0.9867, Energy: -827425.125
Time taken:  0.3677692413330078
Test Loss: 0.0000, Test Accuracy: 0.9867, Energy: -827452.875
Time taken:  0.3735823631286621
Test Loss: 0.0000, Test Accuracy: 0.9867, Energy: -827454.0
Time taken:  0.3697240352630615
Test Loss: 0.0000, Test Accuracy: 0.9867, Energy: -827473.1875
Time taken:  0.37136363983154297
Test Loss: 0.0000, Test Accuracy: 0.9867, Energy: -827487.25
Time taken:  0.376171350479126
Test Loss: 0.0000, Test Accuracy: 0.9867, Energy: -827515.75
Time taken:  0.3681652545928955
Test Loss: 0.0000, Test Accuracy: 0.9867, Energy: -827527.3125
Time taken:  0.36866140365600586
Test Loss: 0.0000, Test Accuracy: 0.9867, Energy: -827535.3125
Time taken:  0.3717691898345947
Test Loss: 0.0000, Test Accuracy: 0.9867, Energy: -827543.1875
Time taken:  0.36669182777404785
Test Loss: 0.0000, Test Accuracy: 0.9867, Energy: -827551.5625
Time taken:  0.3691837787628174
Test Loss: 0.0000, Test Accuracy: 0.9867, Energy: -827565.0625
Time taken:  0.37018489837646484
Test Loss: 0.0000, Test Accuracy: 0.9867, Energy: -827569.3125
Time taken:  0.3748915195465088
Test Loss: 0.0000, Test Accuracy: 0.9867, Energy: -827572.75
Time taken:  0.37587428092956543
Test Loss: 0.0000, Test Accuracy: 0.9867, Energy: -827575.625
Time taken:  0.36870861053466797
Test Loss: 0.0000, Test Accuracy: 0.9867, Energy: -827584.75
Time taken:  0.3691737651824951
Test Loss: 0.0000, Test Accuracy: 0.9867, Energy: -827583.375
Time taken:  0.37144947052001953
Test Loss: 0.0000, Test Accuracy: 0.9867, Energy: -827585.0
Time taken:  0.37417101860046387
Test Loss: 0.0000, Test Accuracy: 0.9867, Energy: -827583.9375
Time taken:  0.3695833683013916
Test Loss: 0.0000, Test Accuracy: 0.9867, Energy: -827606.0625
Time taken:  0.36830878257751465
Test Loss: 0.0000, Test Accuracy: 0.9867, Energy: -827606.875
Time taken:  0.36972975730895996
Test Loss: 0.0000, Test Accuracy: 0.9867, Energy: -827607.625
Time taken:  0.37360501289367676
Test Loss: 0.0000, Test Accuracy: 0.9867, Energy: -827540.75
Time taken:  0.3699948787689209
Test Loss: 0.0000, Test Accuracy: 0.9867, Energy: -827537.9375
Time taken:  0.36884188652038574
Test Loss: 0.0000, Test Accuracy: 0.9867, Energy: -827537.75
Time taken:  0.3659188747406006
Test Loss: 0.0000, Test Accuracy: 0.9867, Energy: -827538.1875
Time taken:  0.37554359436035156
Test Loss: 0.0000, Test Accuracy: 0.9867, Energy: -827534.5
Time taken:  0.3732035160064697
Test Loss: 0.0000, Test Accuracy: 0.9867, Energy: -827527.5
Time taken:  0.37220048904418945
Test Loss: 0.0000, Test Accuracy: 0.9867, Energy: -827509.625
Time taken:  0.3769404888153076
Test Loss: 0.0000, Test Accuracy: 0.9867, Energy: -827509.9375
Time taken:  0.3757944107055664
Test Loss: 0.0000, Test Accuracy: 0.9867, Energy: -827514.875
Time taken:  0.38186049461364746
Test Loss: 0.0000, Test Accuracy: 0.9867, Energy: -827513.125
Time taken:  0.372509241104126
Test Loss: 0.0000, Test Accuracy: 0.9867, Energy: -827513.125
Time taken:  0.3747246265411377
Test Loss: 0.0000, Test Accuracy: 0.9867, Energy: -827513.25
Time taken:  0.3768634796142578
Test Loss: 0.0000, Test Accuracy: 0.9867, Energy: -827511.875
Time taken:  0.37859487533569336
Test Loss: 0.0000, Test Accuracy: 0.9867, Energy: -827512.0
Time taken:  0.37977004051208496
Test Loss: 0.0000, Test Accuracy: 0.9867, Energy: -827502.875
Time taken:  0.37386298179626465
Test Loss: 0.0000, Test Accuracy: 0.9867, Energy: -827502.9375
Time taken:  0.37157273292541504
Test Loss: 0.0000, Test Accuracy: 0.9867, Energy: -827396.625
Time taken:  0.3772275447845459
Test Loss: 0.0000, Test Accuracy: 0.9867, Energy: -827381.6875
Time taken:  0.3731365203857422
Test Loss: 0.0000, Test Accuracy: 0.9867, Energy: -827386.8125
Time taken:  0.3650391101837158
Test Loss: 0.0000, Test Accuracy: 0.9867, Energy: -827386.875
Time taken:  0.3695042133331299
Test Loss: 0.0000, Test Accuracy: 0.9867, Energy: -827386.875
Time taken:  0.37183165550231934
Test Loss: 0.0000, Test Accuracy: 0.9867, Energy: -827368.5
Time taken:  0.36908578872680664
Test Loss: 0.0000, Test Accuracy: 0.9867, Energy: -827367.875
Time taken:  0.3783836364746094
Test Loss: 0.0000, Test Accuracy: 0.9867, Energy: -827372.4375
Time taken:  0.3693206310272217
Test Loss: 0.0000, Test Accuracy: 0.9867, Energy: -827356.6875
Time taken:  0.3769686222076416
Test Loss: 0.0000, Test Accuracy: 0.9867, Energy: -827350.5
Time taken:  0.37334299087524414
Test Loss: 0.0000, Test Accuracy: 0.9867, Energy: -827350.625
Time taken:  0.3715016841888428
Test Loss: 0.0000, Test Accuracy: 0.9867, Energy: -827350.625
Time taken:  0.37527990341186523
Test Loss: 0.0000, Test Accuracy: 0.9867, Energy: -827349.3125
Time taken:  0.3703579902648926
Test Loss: 0.0000, Test Accuracy: 0.9867, Energy: -827349.1875
Time taken:  0.3739950656890869
Test Loss: 0.0000, Test Accuracy: 0.9867, Energy: -827349.1875
Time taken:  0.3775308132171631
Test Loss: 0.0000, Test Accuracy: 0.9867, Energy: -827349.1875
Time taken:  0.36658716201782227
Test Loss: 0.0000, Test Accuracy: 0.9867, Energy: -827349.25
Time taken:  0.37009501457214355
Test Loss: 0.0000, Test Accuracy: 0.9867, Energy: -827349.25
Time taken:  0.3692307472229004
Test Loss: 0.0000, Test Accuracy: 0.9867, Energy: -827349.3125
Time taken:  0.36724305152893066
Test Loss: 0.0000, Test Accuracy: 0.9867, Energy: -827344.75
Time taken:  0.3846123218536377
Final accuracies: [0.9933333333333333, 0.9966666666666667, 0.9966666666666667, 0.9966666666666667, 0.9966666666666667, 0.9966666666666667, 0.9966666666666667, 0.9966666666666667, 0.9966666666666667, 0.9966666666666667, 0.9966666666666667, 0.9966666666666667, 0.9933333333333333, 0.9933333333333333, 0.99, 0.99, 0.99, 0.99, 0.99, 0.99, 0.99, 0.99, 0.99, 0.99, 0.99, 0.9866666666666667, 0.9866666666666667, 0.9866666666666667, 0.9866666666666667, 0.9866666666666667, 0.9866666666666667, 0.9866666666666667, 0.9866666666666667, 0.9866666666666667, 0.9866666666666667, 0.9866666666666667, 0.9866666666666667, 0.9866666666666667, 0.9866666666666667, 0.9866666666666667, 0.9866666666666667, 0.9866666666666667, 0.9866666666666667, 0.9866666666666667, 0.9866666666666667, 0.9866666666666667, 0.9866666666666667, 0.9866666666666667, 0.9866666666666667, 0.9866666666666667, 0.9866666666666667, 0.9866666666666667, 0.9866666666666667, 0.9866666666666667, 0.9866666666666667, 0.9866666666666667, 0.9866666666666667, 0.9866666666666667, 0.9866666666666667, 0.9866666666666667, 0.9866666666666667, 0.9866666666666667, 0.9866666666666667, 0.9866666666666667, 0.9866666666666667, 0.9866666666666667, 0.9866666666666667, 0.9866666666666667, 0.9866666666666667, 0.9866666666666667, 0.9866666666666667, 0.9866666666666667, 0.9866666666666667, 0.9866666666666667, 0.9866666666666667, 0.9866666666666667, 0.9866666666666667, 0.9866666666666667, 0.9866666666666667, 0.9866666666666667, 0.9866666666666667, 0.9866666666666667, 0.9866666666666667, 0.9866666666666667, 0.9866666666666667, 0.9866666666666667, 0.9866666666666667, 0.9866666666666667, 0.9866666666666667, 0.9866666666666667, 0.9866666666666667, 0.9866666666666667, 0.9866666666666667, 0.9866666666666667, 0.9866666666666667, 0.9866666666666667, 0.9866666666666667, 0.9866666666666667, 0.9866666666666667, 0.9866666666666667]
Final energies: [-6553.88134765625, -101540.390625, -250727.609375, -369050.75, -464990.75, -541738.125, -593381.25, -635820.4375, -669146.75, -696561.0, -718875.75, -737064.0, -752483.0, -765421.5, -776080.875, -784434.75, -791723.5, -797579.125, -802477.0, -806941.6875, -810983.6875, -813927.75, -817023.25, -819325.0, -821210.6875, -822331.1875, -823200.875, -824102.875, -824478.5, -824897.25, -825377.125, -825821.375, -826205.125, -826466.5, -826591.5, -826609.1875, -826781.375, -826956.125, -827052.1875, -827164.8125, -827258.9375, -827319.0625, -827372.125, -827425.125, -827452.875, -827454.0, -827473.1875, -827487.25, -827515.75, -827527.3125, -827535.3125, -827543.1875, -827551.5625, -827565.0625, -827569.3125, -827572.75, -827575.625, -827584.75, -827583.375, -827585.0, -827583.9375, -827606.0625, -827606.875, -827607.625, -827540.75, -827537.9375, -827537.75, -827538.1875, -827534.5, -827527.5, -827509.625, -827509.9375, -827514.875, -827513.125, -827513.125, -827513.25, -827511.875, -827512.0, -827502.875, -827502.9375, -827396.625, -827381.6875, -827386.8125, -827386.875, -827386.875, -827368.5, -827367.875, -827372.4375, -827356.6875, -827350.5, -827350.625, -827350.625, -827349.3125, -827349.1875, -827349.1875, -827349.1875, -827349.25, -827349.25, -827349.3125, -827344.75]
