Running with parameters: hidden=30, use_coupled=true, seed=84, lam=0.1, eta=1.0, batch=50
Test Loss: 0.0000, Test Accuracy: 0.9933, Energy: -3193.258056640625
Time taken:  0.3749866485595703
Test Loss: 0.0000, Test Accuracy: 1.0000, Energy: -76275.234375
Time taken:  0.3554236888885498
Test Loss: 0.0000, Test Accuracy: 0.9967, Energy: -246951.4375
Time taken:  0.3557591438293457
Test Loss: 0.0000, Test Accuracy: 0.9967, Energy: -396976.34375
Time taken:  0.35193562507629395
Test Loss: 0.0000, Test Accuracy: 0.9967, Energy: -510595.46875
Time taken:  0.3554112911224365
Test Loss: 0.0000, Test Accuracy: 0.9967, Energy: -602213.875
Time taken:  0.34979939460754395
Test Loss: 0.0000, Test Accuracy: 0.9967, Energy: -679737.25
Time taken:  0.3510730266571045
Test Loss: 0.0000, Test Accuracy: 0.9967, Energy: -744751.5625
Time taken:  0.3541107177734375
Test Loss: 0.0000, Test Accuracy: 0.9967, Energy: -800733.6875
Time taken:  0.35004544258117676
Test Loss: 0.0000, Test Accuracy: 0.9967, Energy: -845653.4375
Time taken:  0.3530745506286621
Test Loss: 0.0000, Test Accuracy: 0.9967, Energy: -883211.3125
Time taken:  0.3495502471923828
Test Loss: 0.0000, Test Accuracy: 0.9967, Energy: -913774.5
Time taken:  0.35298633575439453
Test Loss: 0.0000, Test Accuracy: 0.9967, Energy: -938951.5
Time taken:  0.3490743637084961
Test Loss: 0.0000, Test Accuracy: 0.9967, Energy: -960347.5
Time taken:  0.35584282875061035
Test Loss: 0.0000, Test Accuracy: 0.9967, Energy: -977464.4375
Time taken:  0.35364818572998047
Test Loss: 0.0000, Test Accuracy: 0.9967, Energy: -991663.75
Time taken:  0.3499186038970947
Test Loss: 0.0000, Test Accuracy: 0.9967, Energy: -1003374.375
Time taken:  0.35307860374450684
Test Loss: 0.0000, Test Accuracy: 0.9967, Energy: -1013286.0
Time taken:  0.3496549129486084
Test Loss: 0.0000, Test Accuracy: 0.9967, Energy: -1021355.6875
Time taken:  0.35471582412719727
Test Loss: 0.0000, Test Accuracy: 0.9967, Energy: -1028076.375
Time taken:  0.35210633277893066
Test Loss: 0.0000, Test Accuracy: 0.9967, Energy: -1034185.75
Time taken:  0.34989213943481445
Test Loss: 0.0000, Test Accuracy: 0.9967, Energy: -1038794.9375
Time taken:  0.35272884368896484
Test Loss: 0.0000, Test Accuracy: 0.9967, Energy: -1042820.3125
Time taken:  0.3514089584350586
Test Loss: 0.0000, Test Accuracy: 0.9967, Energy: -1045764.4375
Time taken:  0.3540041446685791
Test Loss: 0.0000, Test Accuracy: 0.9967, Energy: -1048613.125
Time taken:  0.3496878147125244
Test Loss: 0.0000, Test Accuracy: 0.9967, Energy: -1051220.25
Time taken:  0.35372447967529297
Test Loss: 0.0000, Test Accuracy: 0.9967, Energy: -1053014.125
Time taken:  0.3529226779937744
Test Loss: 0.0000, Test Accuracy: 0.9967, Energy: -1054519.125
Time taken:  0.3493223190307617
Test Loss: 0.0000, Test Accuracy: 0.9967, Energy: -1055730.75
Time taken:  0.35361218452453613
Test Loss: 0.0000, Test Accuracy: 0.9967, Energy: -1056665.5
Time taken:  0.349592924118042
Test Loss: 0.0000, Test Accuracy: 0.9967, Energy: -1057431.75
Time taken:  0.35350942611694336
Test Loss: 0.0000, Test Accuracy: 0.9967, Energy: -1058332.0
Time taken:  0.35362982749938965
Test Loss: 0.0000, Test Accuracy: 0.9967, Energy: -1058935.625
Time taken:  0.3496561050415039
Test Loss: 0.0000, Test Accuracy: 0.9967, Energy: -1059362.125
Time taken:  0.35340428352355957
Test Loss: 0.0000, Test Accuracy: 0.9967, Energy: -1059711.25
Time taken:  0.3496413230895996
Test Loss: 0.0000, Test Accuracy: 0.9967, Energy: -1059930.0
Time taken:  0.3544175624847412
Test Loss: 0.0000, Test Accuracy: 0.9967, Energy: -1060205.625
Time taken:  0.3509244918823242
Test Loss: 0.0000, Test Accuracy: 0.9967, Energy: -1060341.75
Time taken:  0.3541853427886963
Test Loss: 0.0000, Test Accuracy: 0.9967, Energy: -1060482.75
Time taken:  0.35330915451049805
Test Loss: 0.0000, Test Accuracy: 0.9967, Energy: -1060607.25
Time taken:  0.3496284484863281
Test Loss: 0.0000, Test Accuracy: 0.9967, Energy: -1060707.5
Time taken:  0.3537421226501465
Test Loss: 0.0000, Test Accuracy: 0.9967, Energy: -1060825.125
Time taken:  0.3521873950958252
Test Loss: 0.0000, Test Accuracy: 0.9967, Energy: -1060929.75
Time taken:  0.3536558151245117
Test Loss: 0.0000, Test Accuracy: 0.9967, Energy: -1061000.625
Time taken:  0.35365724563598633
Test Loss: 0.0000, Test Accuracy: 0.9967, Energy: -1061022.75
Time taken:  0.3491823673248291
Test Loss: 0.0000, Test Accuracy: 0.9967, Energy: -1061080.875
Time taken:  0.3537001609802246
Test Loss: 0.0000, Test Accuracy: 0.9967, Energy: -1061098.75
Time taken:  0.34975600242614746
Test Loss: 0.0000, Test Accuracy: 0.9967, Energy: -1061119.375
Time taken:  0.3535904884338379
Test Loss: 0.0000, Test Accuracy: 0.9967, Energy: -1061164.125
Time taken:  0.352933406829834
Test Loss: 0.0000, Test Accuracy: 0.9967, Energy: -1061172.875
Time taken:  0.34829068183898926
Test Loss: 0.0000, Test Accuracy: 0.9967, Energy: -1061194.25
Time taken:  0.35671043395996094
Test Loss: 0.0000, Test Accuracy: 0.9967, Energy: -1061200.75
Time taken:  0.3499307632446289
Test Loss: 0.0000, Test Accuracy: 0.9967, Energy: -1061223.0
Time taken:  0.353595495223999
Test Loss: 0.0000, Test Accuracy: 0.9967, Energy: -1061230.0
Time taken:  0.35007810592651367
Test Loss: 0.0000, Test Accuracy: 0.9967, Energy: -1061254.25
Time taken:  0.3535275459289551
Test Loss: 0.0000, Test Accuracy: 0.9967, Energy: -1061261.5
Time taken:  0.3535642623901367
Test Loss: 0.0000, Test Accuracy: 0.9967, Energy: -1061306.25
Time taken:  0.35008978843688965
Test Loss: 0.0000, Test Accuracy: 0.9967, Energy: -1061308.0
Time taken:  0.35364198684692383
Test Loss: 0.0000, Test Accuracy: 0.9967, Energy: -1061285.5
Time taken:  0.3495357036590576
Test Loss: 0.0000, Test Accuracy: 0.9967, Energy: -1061251.25
Time taken:  0.3543555736541748
Test Loss: 0.0000, Test Accuracy: 0.9967, Energy: -1061309.0
Time taken:  0.35232996940612793
Test Loss: 0.0000, Test Accuracy: 0.9967, Energy: -1061307.625
Time taken:  0.3501722812652588
Test Loss: 0.0000, Test Accuracy: 0.9967, Energy: -1061305.125
Time taken:  0.3531224727630615
Test Loss: 0.0000, Test Accuracy: 0.9967, Energy: -1061304.5
Time taken:  0.34896111488342285
Test Loss: 0.0000, Test Accuracy: 0.9967, Energy: -1061293.25
Time taken:  0.35306453704833984
Test Loss: 0.0000, Test Accuracy: 0.9967, Energy: -1061284.625
Time taken:  0.34985923767089844
Test Loss: 0.0000, Test Accuracy: 0.9967, Energy: -1061291.125
Time taken:  0.3528282642364502
Test Loss: 0.0000, Test Accuracy: 0.9967, Energy: -1061285.5
Time taken:  0.353407621383667
Test Loss: 0.0000, Test Accuracy: 0.9967, Energy: -1061307.875
Time taken:  0.35019350051879883
Test Loss: 0.0000, Test Accuracy: 0.9967, Energy: -1061299.125
Time taken:  0.35379552841186523
Test Loss: 0.0000, Test Accuracy: 0.9967, Energy: -1061302.25
Time taken:  0.35238027572631836
Test Loss: 0.0000, Test Accuracy: 0.9967, Energy: -1061326.875
Time taken:  0.3544306755065918
Test Loss: 0.0000, Test Accuracy: 0.9967, Energy: -1061311.25
Time taken:  0.3550536632537842
Test Loss: 0.0000, Test Accuracy: 0.9967, Energy: -1061295.625
Time taken:  0.35002589225769043
Test Loss: 0.0000, Test Accuracy: 0.9967, Energy: -1061304.75
Time taken:  0.3537147045135498
Test Loss: 0.0000, Test Accuracy: 0.9967, Energy: -1061303.375
Time taken:  0.34935665130615234
Test Loss: 0.0000, Test Accuracy: 0.9967, Energy: -1061302.0
Time taken:  0.3542821407318115
Test Loss: 0.0000, Test Accuracy: 0.9967, Energy: -1061300.75
Time taken:  0.35085439682006836
Test Loss: 0.0000, Test Accuracy: 0.9967, Energy: -1061295.125
Time taken:  0.3528008460998535
Test Loss: 0.0000, Test Accuracy: 0.9967, Energy: -1061300.125
Time taken:  0.35379838943481445
Test Loss: 0.0000, Test Accuracy: 0.9967, Energy: -1061278.875
Time taken:  0.34914636611938477
Test Loss: 0.0000, Test Accuracy: 0.9967, Energy: -1061277.0
Time taken:  0.3542594909667969
Test Loss: 0.0000, Test Accuracy: 0.9967, Energy: -1061269.75
Time taken:  0.3501448631286621
Test Loss: 0.0000, Test Accuracy: 0.9967, Energy: -1061268.5
Time taken:  0.35309290885925293
Test Loss: 0.0000, Test Accuracy: 0.9967, Energy: -1061267.0
Time taken:  0.3539590835571289
Test Loss: 0.0000, Test Accuracy: 0.9967, Energy: -1061267.25
Time taken:  0.34998059272766113
Test Loss: 0.0000, Test Accuracy: 0.9967, Energy: -1061266.75
Time taken:  0.3533515930175781
Test Loss: 0.0000, Test Accuracy: 0.9967, Energy: -1061265.5
Time taken:  0.3496577739715576
Test Loss: 0.0000, Test Accuracy: 0.9967, Energy: -1061275.75
Time taken:  0.35533928871154785
Test Loss: 0.0000, Test Accuracy: 0.9967, Energy: -1061281.875
Time taken:  0.3539149761199951
Test Loss: 0.0000, Test Accuracy: 0.9967, Energy: -1061283.5
Time taken:  0.35059189796447754
Test Loss: 0.0000, Test Accuracy: 0.9967, Energy: -1061292.625
Time taken:  0.353320837020874
Test Loss: 0.0000, Test Accuracy: 0.9967, Energy: -1061291.75
Time taken:  0.3508741855621338
Test Loss: 0.0000, Test Accuracy: 0.9967, Energy: -1061261.625
Time taken:  0.35501885414123535
Test Loss: 0.0000, Test Accuracy: 0.9967, Energy: -1061260.25
Time taken:  0.35065293312072754
Test Loss: 0.0000, Test Accuracy: 0.9967, Energy: -1061258.5
Time taken:  0.3546469211578369
Test Loss: 0.0000, Test Accuracy: 0.9967, Energy: -1061257.125
Time taken:  0.3546125888824463
Test Loss: 0.0000, Test Accuracy: 0.9967, Energy: -1061302.625
Time taken:  0.3516371250152588
Test Loss: 0.0000, Test Accuracy: 0.9967, Energy: -1061302.125
Time taken:  0.3577582836151123
Test Loss: 0.0000, Test Accuracy: 0.9967, Energy: -1061285.125
Time taken:  0.35218214988708496
Final accuracies: [0.9933333333333333, 1.0, 0.9966666666666667, 0.9966666666666667, 0.9966666666666667, 0.9966666666666667, 0.9966666666666667, 0.9966666666666667, 0.9966666666666667, 0.9966666666666667, 0.9966666666666667, 0.9966666666666667, 0.9966666666666667, 0.9966666666666667, 0.9966666666666667, 0.9966666666666667, 0.9966666666666667, 0.9966666666666667, 0.9966666666666667, 0.9966666666666667, 0.9966666666666667, 0.9966666666666667, 0.9966666666666667, 0.9966666666666667, 0.9966666666666667, 0.9966666666666667, 0.9966666666666667, 0.9966666666666667, 0.9966666666666667, 0.9966666666666667, 0.9966666666666667, 0.9966666666666667, 0.9966666666666667, 0.9966666666666667, 0.9966666666666667, 0.9966666666666667, 0.9966666666666667, 0.9966666666666667, 0.9966666666666667, 0.9966666666666667, 0.9966666666666667, 0.9966666666666667, 0.9966666666666667, 0.9966666666666667, 0.9966666666666667, 0.9966666666666667, 0.9966666666666667, 0.9966666666666667, 0.9966666666666667, 0.9966666666666667, 0.9966666666666667, 0.9966666666666667, 0.9966666666666667, 0.9966666666666667, 0.9966666666666667, 0.9966666666666667, 0.9966666666666667, 0.9966666666666667, 0.9966666666666667, 0.9966666666666667, 0.9966666666666667, 0.9966666666666667, 0.9966666666666667, 0.9966666666666667, 0.9966666666666667, 0.9966666666666667, 0.9966666666666667, 0.9966666666666667, 0.9966666666666667, 0.9966666666666667, 0.9966666666666667, 0.9966666666666667, 0.9966666666666667, 0.9966666666666667, 0.9966666666666667, 0.9966666666666667, 0.9966666666666667, 0.9966666666666667, 0.9966666666666667, 0.9966666666666667, 0.9966666666666667, 0.9966666666666667, 0.9966666666666667, 0.9966666666666667, 0.9966666666666667, 0.9966666666666667, 0.9966666666666667, 0.9966666666666667, 0.9966666666666667, 0.9966666666666667, 0.9966666666666667, 0.9966666666666667, 0.9966666666666667, 0.9966666666666667, 0.9966666666666667, 0.9966666666666667, 0.9966666666666667, 0.9966666666666667, 0.9966666666666667, 0.9966666666666667]
Final energies: [-3193.258056640625, -76275.234375, -246951.4375, -396976.34375, -510595.46875, -602213.875, -679737.25, -744751.5625, -800733.6875, -845653.4375, -883211.3125, -913774.5, -938951.5, -960347.5, -977464.4375, -991663.75, -1003374.375, -1013286.0, -1021355.6875, -1028076.375, -1034185.75, -1038794.9375, -1042820.3125, -1045764.4375, -1048613.125, -1051220.25, -1053014.125, -1054519.125, -1055730.75, -1056665.5, -1057431.75, -1058332.0, -1058935.625, -1059362.125, -1059711.25, -1059930.0, -1060205.625, -1060341.75, -1060482.75, -1060607.25, -1060707.5, -1060825.125, -1060929.75, -1061000.625, -1061022.75, -1061080.875, -1061098.75, -1061119.375, -1061164.125, -1061172.875, -1061194.25, -1061200.75, -1061223.0, -1061230.0, -1061254.25, -1061261.5, -1061306.25, -1061308.0, -1061285.5, -1061251.25, -1061309.0, -1061307.625, -1061305.125, -1061304.5, -1061293.25, -1061284.625, -1061291.125, -1061285.5, -1061307.875, -1061299.125, -1061302.25, -1061326.875, -1061311.25, -1061295.625, -1061304.75, -1061303.375, -1061302.0, -1061300.75, -1061295.125, -1061300.125, -1061278.875, -1061277.0, -1061269.75, -1061268.5, -1061267.0, -1061267.25, -1061266.75, -1061265.5, -1061275.75, -1061281.875, -1061283.5, -1061292.625, -1061291.75, -1061261.625, -1061260.25, -1061258.5, -1061257.125, -1061302.625, -1061302.125, -1061285.125]
