Running with parameters: hidden=30, use_coupled=true, seed=35, lam=0.5, eta=0.5, batch=50
Test Loss: 0.0000, Test Accuracy: 0.9900, Energy: -667.9508056640625
Time taken:  0.3982205390930176
Test Loss: 0.0000, Test Accuracy: 0.9967, Energy: -28020.05078125
Time taken:  0.36958909034729004
Test Loss: 0.0000, Test Accuracy: 0.9967, Energy: -146141.0625
Time taken:  0.3620750904083252
Test Loss: 0.0000, Test Accuracy: 0.9967, Energy: -290561.875
Time taken:  0.3613438606262207
Test Loss: 0.0000, Test Accuracy: 0.9967, Energy: -399810.75
Time taken:  0.3614633083343506
Test Loss: 0.0000, Test Accuracy: 0.9967, Energy: -483310.28125
Time taken:  0.35852599143981934
Test Loss: 0.0000, Test Accuracy: 0.9967, Energy: -550522.0
Time taken:  0.3647022247314453
Test Loss: 0.0000, Test Accuracy: 0.9967, Energy: -607800.75
Time taken:  0.36244750022888184
Test Loss: 0.0000, Test Accuracy: 0.9967, Energy: -654317.1875
Time taken:  0.3588111400604248
Test Loss: 0.0000, Test Accuracy: 0.9967, Energy: -692730.25
Time taken:  0.36593079566955566
Test Loss: 0.0000, Test Accuracy: 0.9967, Energy: -724569.0
Time taken:  0.35918474197387695
Test Loss: 0.0000, Test Accuracy: 0.9967, Energy: -751425.25
Time taken:  0.363370418548584
Test Loss: 0.0000, Test Accuracy: 0.9967, Energy: -773879.5625
Time taken:  0.3653414249420166
Test Loss: 0.0000, Test Accuracy: 0.9967, Energy: -792430.0
Time taken:  0.3602442741394043
Test Loss: 0.0000, Test Accuracy: 0.9967, Energy: -807863.375
Time taken:  0.3660259246826172
Test Loss: 0.0000, Test Accuracy: 0.9967, Energy: -820490.1875
Time taken:  0.3603475093841553
Test Loss: 0.0000, Test Accuracy: 0.9967, Energy: -831339.875
Time taken:  0.36478614807128906
Test Loss: 0.0000, Test Accuracy: 0.9967, Energy: -840092.3125
Time taken:  0.3674650192260742
Test Loss: 0.0000, Test Accuracy: 0.9967, Energy: -847320.25
Time taken:  0.3613295555114746
Test Loss: 0.0000, Test Accuracy: 0.9967, Energy: -853440.75
Time taken:  0.3631429672241211
Test Loss: 0.0000, Test Accuracy: 0.9967, Energy: -858489.0625
Time taken:  0.36348843574523926
Test Loss: 0.0000, Test Accuracy: 0.9967, Energy: -862537.0
Time taken:  0.3615076541900635
Test Loss: 0.0000, Test Accuracy: 0.9967, Energy: -865934.375
Time taken:  0.36448049545288086
Test Loss: 0.0000, Test Accuracy: 0.9967, Energy: -868525.25
Time taken:  0.36290955543518066
Test Loss: 0.0000, Test Accuracy: 0.9967, Energy: -871137.125
Time taken:  0.3626708984375
Test Loss: 0.0000, Test Accuracy: 0.9967, Energy: -873040.5
Time taken:  0.3622856140136719
Test Loss: 0.0000, Test Accuracy: 0.9967, Energy: -874445.3125
Time taken:  0.36394643783569336
Test Loss: 0.0000, Test Accuracy: 0.9967, Energy: -876063.625
Time taken:  0.3622913360595703
Test Loss: 0.0000, Test Accuracy: 0.9967, Energy: -876855.0
Time taken:  0.3639092445373535
Test Loss: 0.0000, Test Accuracy: 0.9967, Energy: -877507.4375
Time taken:  0.36318159103393555
Test Loss: 0.0000, Test Accuracy: 0.9967, Energy: -878260.25
Time taken:  0.35959935188293457
Test Loss: 0.0000, Test Accuracy: 0.9967, Energy: -878986.75
Time taken:  0.3659341335296631
Test Loss: 0.0000, Test Accuracy: 0.9967, Energy: -879390.3125
Time taken:  0.36286449432373047
Test Loss: 0.0000, Test Accuracy: 0.9967, Energy: -879802.5
Time taken:  0.3866994380950928
Test Loss: 0.0000, Test Accuracy: 0.9967, Energy: -879994.6875
Time taken:  0.3667640686035156
Test Loss: 0.0000, Test Accuracy: 0.9967, Energy: -880433.6875
Time taken:  0.3584895133972168
Test Loss: 0.0000, Test Accuracy: 0.9967, Energy: -880619.8125
Time taken:  0.3663947582244873
Test Loss: 0.0000, Test Accuracy: 0.9967, Energy: -880653.5
Time taken:  0.364668607711792
Test Loss: 0.0000, Test Accuracy: 0.9967, Energy: -880910.4375
Time taken:  0.360884428024292
Test Loss: 0.0000, Test Accuracy: 0.9967, Energy: -881035.6875
Time taken:  0.3654344081878662
Test Loss: 0.0000, Test Accuracy: 0.9967, Energy: -881196.5
Time taken:  0.36408209800720215
Test Loss: 0.0000, Test Accuracy: 0.9967, Energy: -881136.75
Time taken:  0.36458325386047363
Test Loss: 0.0000, Test Accuracy: 0.9967, Energy: -881289.8125
Time taken:  0.3663606643676758
Test Loss: 0.0000, Test Accuracy: 0.9967, Energy: -881473.1875
Time taken:  0.35969018936157227
Test Loss: 0.0000, Test Accuracy: 0.9967, Energy: -881357.875
Time taken:  0.3613312244415283
Test Loss: 0.0000, Test Accuracy: 0.9967, Energy: -881600.375
Time taken:  0.3629465103149414
Test Loss: 0.0000, Test Accuracy: 0.9967, Energy: -881474.625
Time taken:  0.36312007904052734
Test Loss: 0.0000, Test Accuracy: 0.9967, Energy: -881601.8125
Time taken:  0.3645772933959961
Test Loss: 0.0000, Test Accuracy: 0.9967, Energy: -881454.4375
Time taken:  0.36040449142456055
Test Loss: 0.0000, Test Accuracy: 0.9967, Energy: -881457.25
Time taken:  0.3619349002838135
Test Loss: 0.0000, Test Accuracy: 0.9967, Energy: -881561.0625
Time taken:  0.3805668354034424
Test Loss: 0.0000, Test Accuracy: 0.9967, Energy: -881451.8125
Time taken:  0.36285972595214844
Test Loss: 0.0000, Test Accuracy: 0.9967, Energy: -881425.25
Time taken:  0.3709702491760254
Test Loss: 0.0000, Test Accuracy: 0.9967, Energy: -881606.75
Time taken:  0.3619883060455322
Test Loss: 0.0000, Test Accuracy: 0.9967, Energy: -881490.5
Time taken:  0.3625335693359375
Test Loss: 0.0000, Test Accuracy: 0.9967, Energy: -881523.375
Time taken:  0.3586311340332031
Test Loss: 0.0000, Test Accuracy: 0.9967, Energy: -881380.375
Time taken:  0.38242292404174805
Test Loss: 0.0000, Test Accuracy: 0.9967, Energy: -881598.6875
Time taken:  0.36270976066589355
Test Loss: 0.0000, Test Accuracy: 0.9967, Energy: -881510.375
Time taken:  0.3622703552246094
Test Loss: 0.0000, Test Accuracy: 0.9967, Energy: -881574.125
Time taken:  0.36270713806152344
Test Loss: 0.0000, Test Accuracy: 0.9967, Energy: -881495.8125
Time taken:  0.3576047420501709
Test Loss: 0.0000, Test Accuracy: 0.9967, Energy: -881723.75
Time taken:  0.3687014579772949
Test Loss: 0.0000, Test Accuracy: 0.9967, Energy: -881597.6875
Time taken:  0.36265993118286133
Test Loss: 0.0000, Test Accuracy: 0.9967, Energy: -881596.75
Time taken:  0.36010169982910156
Test Loss: 0.0000, Test Accuracy: 0.9967, Energy: -881517.75
Time taken:  0.36568450927734375
Test Loss: 0.0000, Test Accuracy: 0.9967, Energy: -881538.6875
Time taken:  0.35803914070129395
Test Loss: 0.0000, Test Accuracy: 0.9967, Energy: -881593.75
Time taken:  0.3627939224243164
Test Loss: 0.0000, Test Accuracy: 0.9967, Energy: -881629.9375
Time taken:  0.36705875396728516
Test Loss: 0.0000, Test Accuracy: 0.9967, Energy: -881635.25
Time taken:  0.3598010540008545
Test Loss: 0.0000, Test Accuracy: 0.9967, Energy: -881487.3125
Time taken:  0.36618590354919434
Test Loss: 0.0000, Test Accuracy: 0.9967, Energy: -881535.25
Time taken:  0.3599069118499756
Test Loss: 0.0000, Test Accuracy: 0.9967, Energy: -881617.8125
Time taken:  0.36263394355773926
Test Loss: 0.0000, Test Accuracy: 0.9967, Energy: -881551.375
Time taken:  0.3672192096710205
Test Loss: 0.0000, Test Accuracy: 0.9967, Energy: -881499.125
Time taken:  0.3613119125366211
Test Loss: 0.0000, Test Accuracy: 0.9967, Energy: -881515.625
Time taken:  0.36336731910705566
Test Loss: 0.0000, Test Accuracy: 0.9967, Energy: -881646.25
Time taken:  0.3620619773864746
Test Loss: 0.0000, Test Accuracy: 0.9967, Energy: -881455.0625
Time taken:  0.36458826065063477
Test Loss: 0.0000, Test Accuracy: 0.9967, Energy: -881516.3125
Time taken:  0.36281442642211914
Test Loss: 0.0000, Test Accuracy: 0.9967, Energy: -881583.375
Time taken:  0.3635871410369873
Test Loss: 0.0000, Test Accuracy: 0.9967, Energy: -881565.125
Time taken:  0.3646876811981201
Test Loss: 0.0000, Test Accuracy: 0.9967, Energy: -881590.25
Time taken:  0.36221766471862793
Test Loss: 0.0000, Test Accuracy: 0.9967, Energy: -881488.5
Time taken:  0.3646066188812256
Test Loss: 0.0000, Test Accuracy: 0.9967, Energy: -881521.5
Time taken:  0.36372900009155273
Test Loss: 0.0000, Test Accuracy: 0.9967, Energy: -881541.6875
Time taken:  0.36379313468933105
Test Loss: 0.0000, Test Accuracy: 0.9967, Energy: -881701.0
Time taken:  0.36463284492492676
Test Loss: 0.0000, Test Accuracy: 0.9967, Energy: -881514.6875
Time taken:  0.35796189308166504
Test Loss: 0.0000, Test Accuracy: 0.9967, Energy: -881521.1875
Time taken:  0.36763668060302734
Test Loss: 0.0000, Test Accuracy: 0.9967, Energy: -881636.1875
Time taken:  0.36355018615722656
Test Loss: 0.0000, Test Accuracy: 0.9967, Energy: -881721.3125
Time taken:  0.35960984230041504
Test Loss: 0.0000, Test Accuracy: 0.9967, Energy: -881547.25
Time taken:  0.36605048179626465
Test Loss: 0.0000, Test Accuracy: 0.9967, Energy: -881658.8125
Time taken:  0.35960865020751953
Test Loss: 0.0000, Test Accuracy: 0.9967, Energy: -881486.3125
Time taken:  0.36559629440307617
Test Loss: 0.0000, Test Accuracy: 0.9967, Energy: -881580.75
Time taken:  0.3640916347503662
Test Loss: 0.0000, Test Accuracy: 0.9967, Energy: -881484.25
Time taken:  0.35988497734069824
Test Loss: 0.0000, Test Accuracy: 0.9967, Energy: -881555.125
Time taken:  0.3657090663909912
Test Loss: 0.0000, Test Accuracy: 0.9967, Energy: -881536.25
Time taken:  0.3603243827819824
Test Loss: 0.0000, Test Accuracy: 0.9967, Energy: -881580.25
Time taken:  0.36475276947021484
Test Loss: 0.0000, Test Accuracy: 0.9967, Energy: -881683.25
Time taken:  0.36665868759155273
Test Loss: 0.0000, Test Accuracy: 0.9967, Energy: -881523.75
Time taken:  0.36554598808288574
Test Loss: 0.0000, Test Accuracy: 0.9967, Energy: -881691.0
Time taken:  0.3673977851867676
Final accuracies: [0.99, 0.9966666666666667, 0.9966666666666667, 0.9966666666666667, 0.9966666666666667, 0.9966666666666667, 0.9966666666666667, 0.9966666666666667, 0.9966666666666667, 0.9966666666666667, 0.9966666666666667, 0.9966666666666667, 0.9966666666666667, 0.9966666666666667, 0.9966666666666667, 0.9966666666666667, 0.9966666666666667, 0.9966666666666667, 0.9966666666666667, 0.9966666666666667, 0.9966666666666667, 0.9966666666666667, 0.9966666666666667, 0.9966666666666667, 0.9966666666666667, 0.9966666666666667, 0.9966666666666667, 0.9966666666666667, 0.9966666666666667, 0.9966666666666667, 0.9966666666666667, 0.9966666666666667, 0.9966666666666667, 0.9966666666666667, 0.9966666666666667, 0.9966666666666667, 0.9966666666666667, 0.9966666666666667, 0.9966666666666667, 0.9966666666666667, 0.9966666666666667, 0.9966666666666667, 0.9966666666666667, 0.9966666666666667, 0.9966666666666667, 0.9966666666666667, 0.9966666666666667, 0.9966666666666667, 0.9966666666666667, 0.9966666666666667, 0.9966666666666667, 0.9966666666666667, 0.9966666666666667, 0.9966666666666667, 0.9966666666666667, 0.9966666666666667, 0.9966666666666667, 0.9966666666666667, 0.9966666666666667, 0.9966666666666667, 0.9966666666666667, 0.9966666666666667, 0.9966666666666667, 0.9966666666666667, 0.9966666666666667, 0.9966666666666667, 0.9966666666666667, 0.9966666666666667, 0.9966666666666667, 0.9966666666666667, 0.9966666666666667, 0.9966666666666667, 0.9966666666666667, 0.9966666666666667, 0.9966666666666667, 0.9966666666666667, 0.9966666666666667, 0.9966666666666667, 0.9966666666666667, 0.9966666666666667, 0.9966666666666667, 0.9966666666666667, 0.9966666666666667, 0.9966666666666667, 0.9966666666666667, 0.9966666666666667, 0.9966666666666667, 0.9966666666666667, 0.9966666666666667, 0.9966666666666667, 0.9966666666666667, 0.9966666666666667, 0.9966666666666667, 0.9966666666666667, 0.9966666666666667, 0.9966666666666667, 0.9966666666666667, 0.9966666666666667, 0.9966666666666667, 0.9966666666666667]
Final energies: [-667.9508056640625, -28020.05078125, -146141.0625, -290561.875, -399810.75, -483310.28125, -550522.0, -607800.75, -654317.1875, -692730.25, -724569.0, -751425.25, -773879.5625, -792430.0, -807863.375, -820490.1875, -831339.875, -840092.3125, -847320.25, -853440.75, -858489.0625, -862537.0, -865934.375, -868525.25, -871137.125, -873040.5, -874445.3125, -876063.625, -876855.0, -877507.4375, -878260.25, -878986.75, -879390.3125, -879802.5, -879994.6875, -880433.6875, -880619.8125, -880653.5, -880910.4375, -881035.6875, -881196.5, -881136.75, -881289.8125, -881473.1875, -881357.875, -881600.375, -881474.625, -881601.8125, -881454.4375, -881457.25, -881561.0625, -881451.8125, -881425.25, -881606.75, -881490.5, -881523.375, -881380.375, -881598.6875, -881510.375, -881574.125, -881495.8125, -881723.75, -881597.6875, -881596.75, -881517.75, -881538.6875, -881593.75, -881629.9375, -881635.25, -881487.3125, -881535.25, -881617.8125, -881551.375, -881499.125, -881515.625, -881646.25, -881455.0625, -881516.3125, -881583.375, -881565.125, -881590.25, -881488.5, -881521.5, -881541.6875, -881701.0, -881514.6875, -881521.1875, -881636.1875, -881721.3125, -881547.25, -881658.8125, -881486.3125, -881580.75, -881484.25, -881555.125, -881536.25, -881580.25, -881683.25, -881523.75, -881691.0]
