Running with parameters: hidden=30, use_coupled=true, seed=13, lam=0.5, eta=0.5, batch=50
Test Loss: 0.0000, Test Accuracy: 0.9600, Energy: -2325.405029296875
Time taken:  0.5063493251800537
Test Loss: 0.0000, Test Accuracy: 0.9967, Energy: -54570.26953125
Time taken:  0.37059593200683594
Test Loss: 0.0000, Test Accuracy: 0.9967, Energy: -203981.703125
Time taken:  0.36832451820373535
Test Loss: 0.0000, Test Accuracy: 0.9967, Energy: -368272.90625
Time taken:  0.36167168617248535
Test Loss: 0.0000, Test Accuracy: 0.9967, Energy: -499931.71875
Time taken:  0.3670370578765869
Test Loss: 0.0000, Test Accuracy: 0.9967, Energy: -612361.125
Time taken:  0.3671259880065918
Test Loss: 0.0000, Test Accuracy: 0.9967, Energy: -705708.8125
Time taken:  0.3619401454925537
Test Loss: 0.0000, Test Accuracy: 0.9967, Energy: -780037.125
Time taken:  0.3674643039703369
Test Loss: 0.0000, Test Accuracy: 0.9967, Energy: -841100.375
Time taken:  0.3635580539703369
Test Loss: 0.0000, Test Accuracy: 0.9967, Energy: -891166.25
Time taken:  0.36794137954711914
Test Loss: 0.0000, Test Accuracy: 0.9967, Energy: -931700.25
Time taken:  0.36893773078918457
Test Loss: 0.0000, Test Accuracy: 0.9967, Energy: -965490.625
Time taken:  0.3650355339050293
Test Loss: 0.0000, Test Accuracy: 0.9967, Energy: -994031.3125
Time taken:  0.36707115173339844
Test Loss: 0.0000, Test Accuracy: 0.9967, Energy: -1016611.375
Time taken:  0.36536502838134766
Test Loss: 0.0000, Test Accuracy: 0.9967, Energy: -1035722.9375
Time taken:  0.36832737922668457
Test Loss: 0.0000, Test Accuracy: 0.9967, Energy: -1052221.875
Time taken:  0.3682084083557129
Test Loss: 0.0000, Test Accuracy: 0.9967, Energy: -1065276.375
Time taken:  0.36545228958129883
Test Loss: 0.0000, Test Accuracy: 0.9967, Energy: -1076533.125
Time taken:  0.36914849281311035
Test Loss: 0.0000, Test Accuracy: 0.9967, Energy: -1085531.625
Time taken:  0.3650500774383545
Test Loss: 0.0000, Test Accuracy: 0.9967, Energy: -1093095.25
Time taken:  0.3683478832244873
Test Loss: 0.0000, Test Accuracy: 0.9967, Energy: -1099744.125
Time taken:  0.36758971214294434
Test Loss: 0.0000, Test Accuracy: 0.9967, Energy: -1104727.75
Time taken:  0.3658576011657715
Test Loss: 0.0000, Test Accuracy: 0.9967, Energy: -1109108.75
Time taken:  0.3668196201324463
Test Loss: 0.0000, Test Accuracy: 0.9967, Energy: -1113055.75
Time taken:  0.36794281005859375
Test Loss: 0.0000, Test Accuracy: 0.9967, Energy: -1115733.875
Time taken:  0.36440587043762207
Test Loss: 0.0000, Test Accuracy: 0.9967, Energy: -1118177.0
Time taken:  0.36899709701538086
Test Loss: 0.0000, Test Accuracy: 0.9967, Energy: -1120110.375
Time taken:  0.36508917808532715
Test Loss: 0.0000, Test Accuracy: 0.9967, Energy: -1121658.5
Time taken:  0.3682668209075928
Test Loss: 0.0000, Test Accuracy: 0.9967, Energy: -1123185.0
Time taken:  0.36814355850219727
Test Loss: 0.0000, Test Accuracy: 0.9967, Energy: -1124744.875
Time taken:  0.3639352321624756
Test Loss: 0.0000, Test Accuracy: 0.9967, Energy: -1125620.25
Time taken:  0.367628812789917
Test Loss: 0.0000, Test Accuracy: 0.9967, Energy: -1126365.625
Time taken:  0.363527774810791
Test Loss: 0.0000, Test Accuracy: 0.9967, Energy: -1126995.25
Time taken:  0.3684113025665283
Test Loss: 0.0000, Test Accuracy: 0.9967, Energy: -1127686.25
Time taken:  0.36923980712890625
Test Loss: 0.0000, Test Accuracy: 0.9967, Energy: -1128096.75
Time taken:  0.3650064468383789
Test Loss: 0.0000, Test Accuracy: 0.9967, Energy: -1128408.875
Time taken:  0.369229793548584
Test Loss: 0.0000, Test Accuracy: 0.9967, Energy: -1128689.625
Time taken:  0.36586594581604004
Test Loss: 0.0000, Test Accuracy: 0.9967, Energy: -1129003.0
Time taken:  0.3672616481781006
Test Loss: 0.0000, Test Accuracy: 0.9967, Energy: -1129019.625
Time taken:  0.3669092655181885
Test Loss: 0.0000, Test Accuracy: 0.9967, Energy: -1129254.375
Time taken:  0.3629946708679199
Test Loss: 0.0000, Test Accuracy: 0.9967, Energy: -1129496.625
Time taken:  0.3685579299926758
Test Loss: 0.0000, Test Accuracy: 0.9967, Energy: -1129401.375
Time taken:  0.3643677234649658
Test Loss: 0.0000, Test Accuracy: 0.9967, Energy: -1129739.25
Time taken:  0.3671584129333496
Test Loss: 0.0000, Test Accuracy: 0.9967, Energy: -1129898.625
Time taken:  0.3681659698486328
Test Loss: 0.0000, Test Accuracy: 0.9967, Energy: -1129923.5
Time taken:  0.3644700050354004
Test Loss: 0.0000, Test Accuracy: 0.9967, Energy: -1129903.5
Time taken:  0.3689084053039551
Test Loss: 0.0000, Test Accuracy: 0.9967, Energy: -1129987.75
Time taken:  0.36817073822021484
Test Loss: 0.0000, Test Accuracy: 0.9967, Energy: -1129978.125
Time taken:  0.36414337158203125
Test Loss: 0.0000, Test Accuracy: 0.9967, Energy: -1129699.0
Time taken:  0.3669860363006592
Test Loss: 0.0000, Test Accuracy: 0.9967, Energy: -1130035.75
Time taken:  0.36354899406433105
Test Loss: 0.0000, Test Accuracy: 0.9967, Energy: -1129828.625
Time taken:  0.3674898147583008
Test Loss: 0.0000, Test Accuracy: 0.9967, Energy: -1130041.25
Time taken:  0.36873459815979004
Test Loss: 0.0000, Test Accuracy: 0.9967, Energy: -1129772.5
Time taken:  0.36557841300964355
Test Loss: 0.0000, Test Accuracy: 0.9967, Energy: -1130055.875
Time taken:  0.36832642555236816
Test Loss: 0.0000, Test Accuracy: 0.9967, Energy: -1129968.0
Time taken:  0.36493587493896484
Test Loss: 0.0000, Test Accuracy: 0.9967, Energy: -1129991.625
Time taken:  0.36697912216186523
Test Loss: 0.0000, Test Accuracy: 0.9967, Energy: -1130014.25
Time taken:  0.36586904525756836
Test Loss: 0.0000, Test Accuracy: 0.9967, Energy: -1130136.375
Time taken:  0.36403560638427734
Test Loss: 0.0000, Test Accuracy: 0.9967, Energy: -1129914.375
Time taken:  0.3688027858734131
Test Loss: 0.0000, Test Accuracy: 0.9967, Energy: -1130054.0
Time taken:  0.36504650115966797
Test Loss: 0.0000, Test Accuracy: 0.9967, Energy: -1130028.0
Time taken:  0.36800265312194824
Test Loss: 0.0000, Test Accuracy: 0.9967, Energy: -1130172.5
Time taken:  0.36560702323913574
Test Loss: 0.0000, Test Accuracy: 0.9967, Energy: -1130079.625
Time taken:  0.3649327754974365
Test Loss: 0.0000, Test Accuracy: 0.9967, Energy: -1130205.0
Time taken:  0.3664262294769287
Test Loss: 0.0000, Test Accuracy: 0.9967, Energy: -1129907.25
Time taken:  0.3680419921875
Test Loss: 0.0000, Test Accuracy: 0.9967, Energy: -1129790.375
Time taken:  0.36421799659729004
Test Loss: 0.0000, Test Accuracy: 0.9967, Energy: -1130131.125
Time taken:  0.3665590286254883
Test Loss: 0.0000, Test Accuracy: 0.9967, Energy: -1130003.125
Time taken:  0.36510372161865234
Test Loss: 0.0000, Test Accuracy: 0.9967, Energy: -1130116.25
Time taken:  0.36741042137145996
Test Loss: 0.0000, Test Accuracy: 0.9967, Energy: -1130141.875
Time taken:  0.36777734756469727
Test Loss: 0.0000, Test Accuracy: 0.9967, Energy: -1130013.125
Time taken:  0.3636922836303711
Test Loss: 0.0000, Test Accuracy: 0.9967, Energy: -1130021.625
Time taken:  0.36664605140686035
Test Loss: 0.0000, Test Accuracy: 0.9967, Energy: -1130038.0
Time taken:  0.36211323738098145
Test Loss: 0.0000, Test Accuracy: 0.9967, Energy: -1130057.75
Time taken:  0.36605167388916016
Test Loss: 0.0000, Test Accuracy: 0.9967, Energy: -1129987.75
Time taken:  0.36669230461120605
Test Loss: 0.0000, Test Accuracy: 0.9967, Energy: -1129996.625
Time taken:  0.3628678321838379
Test Loss: 0.0000, Test Accuracy: 0.9967, Energy: -1130001.5
Time taken:  0.36719274520874023
Test Loss: 0.0000, Test Accuracy: 0.9967, Energy: -1129986.0
Time taken:  0.36222314834594727
Test Loss: 0.0000, Test Accuracy: 0.9967, Energy: -1130023.75
Time taken:  0.3658158779144287
Test Loss: 0.0000, Test Accuracy: 0.9967, Energy: -1130094.5
Time taken:  0.3667590618133545
Test Loss: 0.0000, Test Accuracy: 0.9967, Energy: -1130084.125
Time taken:  0.36397624015808105
Test Loss: 0.0000, Test Accuracy: 0.9967, Energy: -1130087.625
Time taken:  0.3652050495147705
Test Loss: 0.0000, Test Accuracy: 0.9967, Energy: -1130195.0
Time taken:  0.36243152618408203
Test Loss: 0.0000, Test Accuracy: 0.9967, Energy: -1130100.75
Time taken:  0.36606764793395996
Test Loss: 0.0000, Test Accuracy: 0.9967, Energy: -1130252.625
Time taken:  0.3668801784515381
Test Loss: 0.0000, Test Accuracy: 0.9967, Energy: -1129989.625
Time taken:  0.36399388313293457
Test Loss: 0.0000, Test Accuracy: 0.9967, Energy: -1129916.25
Time taken:  0.3654918670654297
Test Loss: 0.0000, Test Accuracy: 0.9967, Energy: -1129960.25
Time taken:  0.3639800548553467
Test Loss: 0.0000, Test Accuracy: 0.9967, Energy: -1129988.75
Time taken:  0.3660433292388916
Test Loss: 0.0000, Test Accuracy: 0.9967, Energy: -1130009.5
Time taken:  0.36714959144592285
Test Loss: 0.0000, Test Accuracy: 0.9967, Energy: -1129996.875
Time taken:  0.3616647720336914
Test Loss: 0.0000, Test Accuracy: 0.9967, Energy: -1129755.0
Time taken:  0.3659489154815674
Test Loss: 0.0000, Test Accuracy: 0.9967, Energy: -1130222.125
Time taken:  0.36677098274230957
Test Loss: 0.0000, Test Accuracy: 0.9967, Energy: -1129985.125
Time taken:  0.3634624481201172
Test Loss: 0.0000, Test Accuracy: 0.9967, Energy: -1129854.5
Time taken:  0.36831092834472656
Test Loss: 0.0000, Test Accuracy: 0.9967, Energy: -1130125.5
Time taken:  0.36301112174987793
Test Loss: 0.0000, Test Accuracy: 0.9967, Energy: -1130038.0
Time taken:  0.3666422367095947
Test Loss: 0.0000, Test Accuracy: 0.9967, Energy: -1130085.75
Time taken:  0.3665018081665039
Test Loss: 0.0000, Test Accuracy: 0.9967, Energy: -1129957.875
Time taken:  0.3624863624572754
Test Loss: 0.0000, Test Accuracy: 0.9967, Energy: -1130015.0
Time taken:  0.3655245304107666
Final accuracies: [0.96, 0.9966666666666667, 0.9966666666666667, 0.9966666666666667, 0.9966666666666667, 0.9966666666666667, 0.9966666666666667, 0.9966666666666667, 0.9966666666666667, 0.9966666666666667, 0.9966666666666667, 0.9966666666666667, 0.9966666666666667, 0.9966666666666667, 0.9966666666666667, 0.9966666666666667, 0.9966666666666667, 0.9966666666666667, 0.9966666666666667, 0.9966666666666667, 0.9966666666666667, 0.9966666666666667, 0.9966666666666667, 0.9966666666666667, 0.9966666666666667, 0.9966666666666667, 0.9966666666666667, 0.9966666666666667, 0.9966666666666667, 0.9966666666666667, 0.9966666666666667, 0.9966666666666667, 0.9966666666666667, 0.9966666666666667, 0.9966666666666667, 0.9966666666666667, 0.9966666666666667, 0.9966666666666667, 0.9966666666666667, 0.9966666666666667, 0.9966666666666667, 0.9966666666666667, 0.9966666666666667, 0.9966666666666667, 0.9966666666666667, 0.9966666666666667, 0.9966666666666667, 0.9966666666666667, 0.9966666666666667, 0.9966666666666667, 0.9966666666666667, 0.9966666666666667, 0.9966666666666667, 0.9966666666666667, 0.9966666666666667, 0.9966666666666667, 0.9966666666666667, 0.9966666666666667, 0.9966666666666667, 0.9966666666666667, 0.9966666666666667, 0.9966666666666667, 0.9966666666666667, 0.9966666666666667, 0.9966666666666667, 0.9966666666666667, 0.9966666666666667, 0.9966666666666667, 0.9966666666666667, 0.9966666666666667, 0.9966666666666667, 0.9966666666666667, 0.9966666666666667, 0.9966666666666667, 0.9966666666666667, 0.9966666666666667, 0.9966666666666667, 0.9966666666666667, 0.9966666666666667, 0.9966666666666667, 0.9966666666666667, 0.9966666666666667, 0.9966666666666667, 0.9966666666666667, 0.9966666666666667, 0.9966666666666667, 0.9966666666666667, 0.9966666666666667, 0.9966666666666667, 0.9966666666666667, 0.9966666666666667, 0.9966666666666667, 0.9966666666666667, 0.9966666666666667, 0.9966666666666667, 0.9966666666666667, 0.9966666666666667, 0.9966666666666667, 0.9966666666666667, 0.9966666666666667]
Final energies: [-2325.405029296875, -54570.26953125, -203981.703125, -368272.90625, -499931.71875, -612361.125, -705708.8125, -780037.125, -841100.375, -891166.25, -931700.25, -965490.625, -994031.3125, -1016611.375, -1035722.9375, -1052221.875, -1065276.375, -1076533.125, -1085531.625, -1093095.25, -1099744.125, -1104727.75, -1109108.75, -1113055.75, -1115733.875, -1118177.0, -1120110.375, -1121658.5, -1123185.0, -1124744.875, -1125620.25, -1126365.625, -1126995.25, -1127686.25, -1128096.75, -1128408.875, -1128689.625, -1129003.0, -1129019.625, -1129254.375, -1129496.625, -1129401.375, -1129739.25, -1129898.625, -1129923.5, -1129903.5, -1129987.75, -1129978.125, -1129699.0, -1130035.75, -1129828.625, -1130041.25, -1129772.5, -1130055.875, -1129968.0, -1129991.625, -1130014.25, -1130136.375, -1129914.375, -1130054.0, -1130028.0, -1130172.5, -1130079.625, -1130205.0, -1129907.25, -1129790.375, -1130131.125, -1130003.125, -1130116.25, -1130141.875, -1130013.125, -1130021.625, -1130038.0, -1130057.75, -1129987.75, -1129996.625, -1130001.5, -1129986.0, -1130023.75, -1130094.5, -1130084.125, -1130087.625, -1130195.0, -1130100.75, -1130252.625, -1129989.625, -1129916.25, -1129960.25, -1129988.75, -1130009.5, -1129996.875, -1129755.0, -1130222.125, -1129985.125, -1129854.5, -1130125.5, -1130038.0, -1130085.75, -1129957.875, -1130015.0]
