Running with parameters: hidden=30, use_coupled=true, seed=94, lam=0.5, eta=0.5, batch=50
Test Loss: 0.0000, Test Accuracy: 0.9967, Energy: -5032.32373046875
Time taken:  0.406144380569458
Test Loss: 0.0000, Test Accuracy: 0.9967, Energy: -87898.40625
Time taken:  0.38013482093811035
Test Loss: 0.0000, Test Accuracy: 0.9967, Energy: -269314.4375
Time taken:  0.3696560859680176
Test Loss: 0.0000, Test Accuracy: 0.9967, Energy: -436250.65625
Time taken:  0.371645450592041
Test Loss: 0.0000, Test Accuracy: 0.9967, Energy: -573115.4375
Time taken:  0.3677544593811035
Test Loss: 0.0000, Test Accuracy: 0.9967, Energy: -685267.5625
Time taken:  0.3720557689666748
Test Loss: 0.0000, Test Accuracy: 0.9967, Energy: -773198.75
Time taken:  0.37109971046447754
Test Loss: 0.0000, Test Accuracy: 0.9967, Energy: -843928.25
Time taken:  0.36656618118286133
Test Loss: 0.0000, Test Accuracy: 0.9967, Energy: -902408.125
Time taken:  0.37220168113708496
Test Loss: 0.0000, Test Accuracy: 0.9967, Energy: -950237.8125
Time taken:  0.36993885040283203
Test Loss: 0.0000, Test Accuracy: 0.9967, Energy: -988927.0625
Time taken:  0.37117671966552734
Test Loss: 0.0000, Test Accuracy: 0.9967, Energy: -1021287.6875
Time taken:  0.3721487522125244
Test Loss: 0.0000, Test Accuracy: 0.9967, Energy: -1048534.4375
Time taken:  0.3677358627319336
Test Loss: 0.0000, Test Accuracy: 0.9967, Energy: -1070822.0
Time taken:  0.37308669090270996
Test Loss: 0.0000, Test Accuracy: 0.9967, Energy: -1090341.125
Time taken:  0.3737761974334717
Test Loss: 0.0000, Test Accuracy: 0.9967, Energy: -1104681.625
Time taken:  0.3693673610687256
Test Loss: 0.0000, Test Accuracy: 0.9967, Energy: -1116908.0
Time taken:  0.37238121032714844
Test Loss: 0.0000, Test Accuracy: 0.9967, Energy: -1127253.375
Time taken:  0.3677947521209717
Test Loss: 0.0000, Test Accuracy: 0.9967, Energy: -1136403.375
Time taken:  0.37291574478149414
Test Loss: 0.0000, Test Accuracy: 0.9967, Energy: -1143643.875
Time taken:  0.3731105327606201
Test Loss: 0.0000, Test Accuracy: 0.9967, Energy: -1149492.0
Time taken:  0.3701949119567871
Test Loss: 0.0000, Test Accuracy: 0.9967, Energy: -1154750.875
Time taken:  0.3737161159515381
Test Loss: 0.0000, Test Accuracy: 0.9967, Energy: -1158728.25
Time taken:  0.37132716178894043
Test Loss: 0.0000, Test Accuracy: 0.9967, Energy: -1161855.25
Time taken:  0.3684573173522949
Test Loss: 0.0000, Test Accuracy: 0.9967, Energy: -1164792.75
Time taken:  0.37195706367492676
Test Loss: 0.0000, Test Accuracy: 0.9967, Energy: -1166820.75
Time taken:  0.3670334815979004
Test Loss: 0.0000, Test Accuracy: 0.9967, Energy: -1168791.375
Time taken:  0.372377872467041
Test Loss: 0.0000, Test Accuracy: 0.9967, Energy: -1170195.625
Time taken:  0.37180352210998535
Test Loss: 0.0000, Test Accuracy: 0.9967, Energy: -1171694.25
Time taken:  0.36770129203796387
Test Loss: 0.0000, Test Accuracy: 0.9967, Energy: -1172800.75
Time taken:  0.3725419044494629
Test Loss: 0.0000, Test Accuracy: 0.9967, Energy: -1173685.0
Time taken:  0.36901187896728516
Test Loss: 0.0000, Test Accuracy: 0.9967, Energy: -1174222.75
Time taken:  0.37256693840026855
Test Loss: 0.0000, Test Accuracy: 0.9967, Energy: -1175009.25
Time taken:  0.37241482734680176
Test Loss: 0.0000, Test Accuracy: 0.9967, Energy: -1175423.75
Time taken:  0.3687136173248291
Test Loss: 0.0000, Test Accuracy: 0.9967, Energy: -1175921.625
Time taken:  0.3716561794281006
Test Loss: 0.0000, Test Accuracy: 0.9967, Energy: -1176266.125
Time taken:  0.3724222183227539
Test Loss: 0.0000, Test Accuracy: 0.9967, Energy: -1176399.0
Time taken:  0.3688797950744629
Test Loss: 0.0000, Test Accuracy: 0.9967, Energy: -1176705.875
Time taken:  0.37268900871276855
Test Loss: 0.0000, Test Accuracy: 0.9967, Energy: -1176850.5
Time taken:  0.36966967582702637
Test Loss: 0.0000, Test Accuracy: 0.9967, Energy: -1177240.125
Time taken:  0.372222900390625
Test Loss: 0.0000, Test Accuracy: 0.9967, Energy: -1177210.0
Time taken:  0.37215089797973633
Test Loss: 0.0000, Test Accuracy: 0.9967, Energy: -1177204.875
Time taken:  0.3695051670074463
Test Loss: 0.0000, Test Accuracy: 0.9967, Energy: -1177358.375
Time taken:  0.3727598190307617
Test Loss: 0.0000, Test Accuracy: 0.9967, Energy: -1177479.0
Time taken:  0.36830973625183105
Test Loss: 0.0000, Test Accuracy: 0.9967, Energy: -1177529.625
Time taken:  0.3716146945953369
Test Loss: 0.0000, Test Accuracy: 0.9967, Energy: -1177512.0
Time taken:  0.37322521209716797
Test Loss: 0.0000, Test Accuracy: 0.9967, Energy: -1177708.25
Time taken:  0.36896276473999023
Test Loss: 0.0000, Test Accuracy: 0.9967, Energy: -1177580.25
Time taken:  0.37160229682922363
Test Loss: 0.0000, Test Accuracy: 0.9967, Energy: -1177708.25
Time taken:  0.37453675270080566
Test Loss: 0.0000, Test Accuracy: 0.9967, Energy: -1177764.25
Time taken:  0.3680894374847412
Test Loss: 0.0000, Test Accuracy: 0.9967, Energy: -1177695.625
Time taken:  0.37204909324645996
Test Loss: 0.0000, Test Accuracy: 0.9967, Energy: -1177749.5
Time taken:  0.36903905868530273
Test Loss: 0.0000, Test Accuracy: 0.9967, Energy: -1177703.125
Time taken:  0.373140811920166
Test Loss: 0.0000, Test Accuracy: 0.9967, Energy: -1177795.5
Time taken:  0.3700692653656006
Test Loss: 0.0000, Test Accuracy: 0.9967, Energy: -1177790.875
Time taken:  0.36867308616638184
Test Loss: 0.0000, Test Accuracy: 0.9967, Energy: -1177829.375
Time taken:  0.37273073196411133
Test Loss: 0.0000, Test Accuracy: 0.9967, Energy: -1177691.125
Time taken:  0.36733102798461914
Test Loss: 0.0000, Test Accuracy: 0.9967, Energy: -1177804.0
Time taken:  0.3725240230560303
Test Loss: 0.0000, Test Accuracy: 0.9967, Energy: -1177760.25
Time taken:  0.37467217445373535
Test Loss: 0.0000, Test Accuracy: 0.9967, Energy: -1177759.375
Time taken:  0.3676886558532715
Test Loss: 0.0000, Test Accuracy: 0.9967, Energy: -1177714.0
Time taken:  0.3713810443878174
Test Loss: 0.0000, Test Accuracy: 0.9967, Energy: -1177813.875
Time taken:  0.37262487411499023
Test Loss: 0.0000, Test Accuracy: 0.9967, Energy: -1177758.875
Time taken:  0.3696882724761963
Test Loss: 0.0000, Test Accuracy: 0.9967, Energy: -1177852.0
Time taken:  0.37112951278686523
Test Loss: 0.0000, Test Accuracy: 0.9967, Energy: -1177839.875
Time taken:  0.36847662925720215
Test Loss: 0.0000, Test Accuracy: 0.9967, Energy: -1177811.0
Time taken:  0.3720371723175049
Test Loss: 0.0000, Test Accuracy: 0.9967, Energy: -1177897.125
Time taken:  0.37100696563720703
Test Loss: 0.0000, Test Accuracy: 0.9967, Energy: -1177704.875
Time taken:  0.36757397651672363
Test Loss: 0.0000, Test Accuracy: 0.9967, Energy: -1177815.0
Time taken:  0.3680408000946045
Test Loss: 0.0000, Test Accuracy: 0.9967, Energy: -1177703.375
Time taken:  0.3634986877441406
Test Loss: 0.0000, Test Accuracy: 0.9967, Energy: -1177894.625
Time taken:  0.3643662929534912
Test Loss: 0.0000, Test Accuracy: 0.9967, Energy: -1177856.625
Time taken:  0.3638911247253418
Test Loss: 0.0000, Test Accuracy: 0.9967, Energy: -1177775.875
Time taken:  0.3612489700317383
Test Loss: 0.0000, Test Accuracy: 0.9967, Energy: -1177852.25
Time taken:  0.36539411544799805
Test Loss: 0.0000, Test Accuracy: 0.9967, Energy: -1177838.875
Time taken:  0.36220455169677734
Test Loss: 0.0000, Test Accuracy: 0.9967, Energy: -1177854.625
Time taken:  0.3638150691986084
Test Loss: 0.0000, Test Accuracy: 0.9967, Energy: -1177785.125
Time taken:  0.3636300563812256
Test Loss: 0.0000, Test Accuracy: 0.9967, Energy: -1177864.125
Time taken:  0.36158084869384766
Test Loss: 0.0000, Test Accuracy: 0.9967, Energy: -1177835.75
Time taken:  0.3642265796661377
Test Loss: 0.0000, Test Accuracy: 0.9967, Energy: -1177896.0
Time taken:  0.3618016242980957
Test Loss: 0.0000, Test Accuracy: 0.9967, Energy: -1177727.375
Time taken:  0.36455845832824707
Test Loss: 0.0000, Test Accuracy: 0.9967, Energy: -1177881.375
Time taken:  0.36473941802978516
Test Loss: 0.0000, Test Accuracy: 0.9967, Energy: -1177828.375
Time taken:  0.35974550247192383
Test Loss: 0.0000, Test Accuracy: 0.9967, Energy: -1177828.875
Time taken:  0.3636937141418457
Test Loss: 0.0000, Test Accuracy: 0.9967, Energy: -1177824.5
Time taken:  0.3595545291900635
Test Loss: 0.0000, Test Accuracy: 0.9967, Energy: -1177749.5
Time taken:  0.363633394241333
Test Loss: 0.0000, Test Accuracy: 0.9967, Energy: -1177733.0
Time taken:  0.3641200065612793
Test Loss: 0.0000, Test Accuracy: 0.9967, Energy: -1177752.875
Time taken:  0.3611748218536377
Test Loss: 0.0000, Test Accuracy: 0.9967, Energy: -1177837.75
Time taken:  0.3653256893157959
Test Loss: 0.0000, Test Accuracy: 0.9967, Energy: -1177824.0
Time taken:  0.3613319396972656
Test Loss: 0.0000, Test Accuracy: 0.9967, Energy: -1177741.25
Time taken:  0.363908052444458
Test Loss: 0.0000, Test Accuracy: 0.9967, Energy: -1177865.625
Time taken:  0.36400842666625977
Test Loss: 0.0000, Test Accuracy: 0.9967, Energy: -1177839.875
Time taken:  0.3610703945159912
Test Loss: 0.0000, Test Accuracy: 0.9967, Energy: -1177783.375
Time taken:  0.36391592025756836
Test Loss: 0.0000, Test Accuracy: 0.9967, Energy: -1177722.125
Time taken:  0.3625149726867676
Test Loss: 0.0000, Test Accuracy: 0.9967, Energy: -1177806.0
Time taken:  0.36109185218811035
Test Loss: 0.0000, Test Accuracy: 0.9967, Energy: -1177905.75
Time taken:  0.3640177249908447
Test Loss: 0.0000, Test Accuracy: 0.9967, Energy: -1177701.75
Time taken:  0.3619563579559326
Test Loss: 0.0000, Test Accuracy: 0.9967, Energy: -1177817.125
Time taken:  0.36581850051879883
Test Loss: 0.0000, Test Accuracy: 0.9967, Energy: -1177896.25
Time taken:  0.3683128356933594
Final accuracies: [0.9966666666666667, 0.9966666666666667, 0.9966666666666667, 0.9966666666666667, 0.9966666666666667, 0.9966666666666667, 0.9966666666666667, 0.9966666666666667, 0.9966666666666667, 0.9966666666666667, 0.9966666666666667, 0.9966666666666667, 0.9966666666666667, 0.9966666666666667, 0.9966666666666667, 0.9966666666666667, 0.9966666666666667, 0.9966666666666667, 0.9966666666666667, 0.9966666666666667, 0.9966666666666667, 0.9966666666666667, 0.9966666666666667, 0.9966666666666667, 0.9966666666666667, 0.9966666666666667, 0.9966666666666667, 0.9966666666666667, 0.9966666666666667, 0.9966666666666667, 0.9966666666666667, 0.9966666666666667, 0.9966666666666667, 0.9966666666666667, 0.9966666666666667, 0.9966666666666667, 0.9966666666666667, 0.9966666666666667, 0.9966666666666667, 0.9966666666666667, 0.9966666666666667, 0.9966666666666667, 0.9966666666666667, 0.9966666666666667, 0.9966666666666667, 0.9966666666666667, 0.9966666666666667, 0.9966666666666667, 0.9966666666666667, 0.9966666666666667, 0.9966666666666667, 0.9966666666666667, 0.9966666666666667, 0.9966666666666667, 0.9966666666666667, 0.9966666666666667, 0.9966666666666667, 0.9966666666666667, 0.9966666666666667, 0.9966666666666667, 0.9966666666666667, 0.9966666666666667, 0.9966666666666667, 0.9966666666666667, 0.9966666666666667, 0.9966666666666667, 0.9966666666666667, 0.9966666666666667, 0.9966666666666667, 0.9966666666666667, 0.9966666666666667, 0.9966666666666667, 0.9966666666666667, 0.9966666666666667, 0.9966666666666667, 0.9966666666666667, 0.9966666666666667, 0.9966666666666667, 0.9966666666666667, 0.9966666666666667, 0.9966666666666667, 0.9966666666666667, 0.9966666666666667, 0.9966666666666667, 0.9966666666666667, 0.9966666666666667, 0.9966666666666667, 0.9966666666666667, 0.9966666666666667, 0.9966666666666667, 0.9966666666666667, 0.9966666666666667, 0.9966666666666667, 0.9966666666666667, 0.9966666666666667, 0.9966666666666667, 0.9966666666666667, 0.9966666666666667, 0.9966666666666667, 0.9966666666666667]
Final energies: [-5032.32373046875, -87898.40625, -269314.4375, -436250.65625, -573115.4375, -685267.5625, -773198.75, -843928.25, -902408.125, -950237.8125, -988927.0625, -1021287.6875, -1048534.4375, -1070822.0, -1090341.125, -1104681.625, -1116908.0, -1127253.375, -1136403.375, -1143643.875, -1149492.0, -1154750.875, -1158728.25, -1161855.25, -1164792.75, -1166820.75, -1168791.375, -1170195.625, -1171694.25, -1172800.75, -1173685.0, -1174222.75, -1175009.25, -1175423.75, -1175921.625, -1176266.125, -1176399.0, -1176705.875, -1176850.5, -1177240.125, -1177210.0, -1177204.875, -1177358.375, -1177479.0, -1177529.625, -1177512.0, -1177708.25, -1177580.25, -1177708.25, -1177764.25, -1177695.625, -1177749.5, -1177703.125, -1177795.5, -1177790.875, -1177829.375, -1177691.125, -1177804.0, -1177760.25, -1177759.375, -1177714.0, -1177813.875, -1177758.875, -1177852.0, -1177839.875, -1177811.0, -1177897.125, -1177704.875, -1177815.0, -1177703.375, -1177894.625, -1177856.625, -1177775.875, -1177852.25, -1177838.875, -1177854.625, -1177785.125, -1177864.125, -1177835.75, -1177896.0, -1177727.375, -1177881.375, -1177828.375, -1177828.875, -1177824.5, -1177749.5, -1177733.0, -1177752.875, -1177837.75, -1177824.0, -1177741.25, -1177865.625, -1177839.875, -1177783.375, -1177722.125, -1177806.0, -1177905.75, -1177701.75, -1177817.125, -1177896.25]
