Running with parameters: hidden=50, use_coupled=true, seed=85, lam=0.1, eta=1.0, batch=100
Test Loss: 0.0000, Test Accuracy: 0.8433, Energy: -1155.123779296875
Time taken:  0.5828700065612793
Test Loss: 0.0000, Test Accuracy: 1.0000, Energy: -16343.3310546875
Time taken:  0.598444938659668
Test Loss: 0.0000, Test Accuracy: 1.0000, Energy: -104382.828125
Time taken:  0.5140633583068848
Test Loss: 0.0000, Test Accuracy: 0.9967, Energy: -264560.375
Time taken:  0.5141549110412598
Test Loss: 0.0000, Test Accuracy: 0.9967, Energy: -438699.03125
Time taken:  0.5272800922393799
Test Loss: 0.0000, Test Accuracy: 0.9967, Energy: -600872.875
Time taken:  0.5213222503662109
Test Loss: 0.0000, Test Accuracy: 0.9967, Energy: -738900.0
Time taken:  0.5889632701873779
Test Loss: 0.0000, Test Accuracy: 0.9967, Energy: -855884.0
Time taken:  0.5186014175415039
Test Loss: 0.0000, Test Accuracy: 0.9967, Energy: -958704.6875
Time taken:  0.564769983291626
Test Loss: 0.0000, Test Accuracy: 0.9967, Energy: -1049919.25
Time taken:  0.5237991809844971
Test Loss: 0.0000, Test Accuracy: 0.9967, Energy: -1131275.125
Time taken:  0.524423360824585
Test Loss: 0.0000, Test Accuracy: 0.9967, Energy: -1205126.0
Time taken:  0.5402531623840332
Test Loss: 0.0000, Test Accuracy: 0.9967, Energy: -1271454.5
Time taken:  0.538703441619873
Test Loss: 0.0000, Test Accuracy: 0.9967, Energy: -1330620.5
Time taken:  0.5343899726867676
Test Loss: 0.0000, Test Accuracy: 0.9967, Energy: -1384301.0
Time taken:  0.5286874771118164
Test Loss: 0.0000, Test Accuracy: 0.9967, Energy: -1433140.0
Time taken:  0.5248837471008301
Test Loss: 0.0000, Test Accuracy: 0.9967, Energy: -1477790.75
Time taken:  0.5228919982910156
Test Loss: 0.0000, Test Accuracy: 0.9967, Energy: -1518009.875
Time taken:  0.522113561630249
Test Loss: 0.0000, Test Accuracy: 0.9967, Energy: -1553418.0
Time taken:  0.5184979438781738
Test Loss: 0.0000, Test Accuracy: 0.9967, Energy: -1586562.75
Time taken:  0.5214407444000244
Test Loss: 0.0000, Test Accuracy: 0.9967, Energy: -1617364.0
Time taken:  0.5308542251586914
Test Loss: 0.0000, Test Accuracy: 0.9967, Energy: -1644602.25
Time taken:  0.5330371856689453
Test Loss: 0.0000, Test Accuracy: 0.9967, Energy: -1669279.25
Time taken:  0.5253603458404541
Test Loss: 0.0000, Test Accuracy: 0.9967, Energy: -1692712.75
Time taken:  0.534264326095581
Test Loss: 0.0000, Test Accuracy: 0.9967, Energy: -1714495.375
Time taken:  0.5266315937042236
Test Loss: 0.0000, Test Accuracy: 0.9967, Energy: -1732894.875
Time taken:  0.5367634296417236
Test Loss: 0.0000, Test Accuracy: 0.9967, Energy: -1750163.75
Time taken:  0.5358197689056396
Test Loss: 0.0000, Test Accuracy: 0.9967, Energy: -1765598.75
Time taken:  0.5349373817443848
Test Loss: 0.0000, Test Accuracy: 0.9967, Energy: -1779554.0
Time taken:  0.5272936820983887
Test Loss: 0.0000, Test Accuracy: 0.9967, Energy: -1792619.0
Time taken:  0.5348868370056152
Test Loss: 0.0000, Test Accuracy: 0.9967, Energy: -1805285.5
Time taken:  0.524972677230835
Test Loss: 0.0000, Test Accuracy: 0.9967, Energy: -1816733.125
Time taken:  0.5321438312530518
Test Loss: 0.0000, Test Accuracy: 0.9967, Energy: -1826481.75
Time taken:  0.5327141284942627
Test Loss: 0.0000, Test Accuracy: 0.9967, Energy: -1835399.5
Time taken:  0.5413625240325928
Test Loss: 0.0000, Test Accuracy: 0.9967, Energy: -1843872.0
Time taken:  0.5431528091430664
Test Loss: 0.0000, Test Accuracy: 0.9967, Energy: -1851334.25
Time taken:  0.5303988456726074
Test Loss: 0.0000, Test Accuracy: 0.9967, Energy: -1858258.25
Time taken:  0.54266357421875
Test Loss: 0.0000, Test Accuracy: 0.9967, Energy: -1864664.0
Time taken:  0.5399749279022217
Test Loss: 0.0000, Test Accuracy: 0.9967, Energy: -1869844.75
Time taken:  0.5432212352752686
Test Loss: 0.0000, Test Accuracy: 0.9967, Energy: -1875429.5
Time taken:  0.5551881790161133
Test Loss: 0.0000, Test Accuracy: 0.9967, Energy: -1880144.25
Time taken:  0.5499951839447021
Test Loss: 0.0000, Test Accuracy: 0.9967, Energy: -1884070.875
Time taken:  0.5365719795227051
Test Loss: 0.0000, Test Accuracy: 0.9967, Energy: -1887819.875
Time taken:  0.5839054584503174
Test Loss: 0.0000, Test Accuracy: 0.9967, Energy: -1891123.25
Time taken:  0.5334820747375488
Test Loss: 0.0000, Test Accuracy: 0.9967, Energy: -1894476.25
Time taken:  0.5747079849243164
Test Loss: 0.0000, Test Accuracy: 0.9967, Energy: -1897279.25
Time taken:  0.5416405200958252
Test Loss: 0.0000, Test Accuracy: 0.9967, Energy: -1899809.75
Time taken:  0.5533640384674072
Test Loss: 0.0000, Test Accuracy: 0.9967, Energy: -1902127.125
Time taken:  0.5233199596405029
Test Loss: 0.0000, Test Accuracy: 0.9967, Energy: -1904479.5
Time taken:  0.5577163696289062
Test Loss: 0.0000, Test Accuracy: 0.9967, Energy: -1906220.0
Time taken:  0.5319943428039551
Test Loss: 0.0000, Test Accuracy: 0.9967, Energy: -1908155.5
Time taken:  0.5757632255554199
Test Loss: 0.0000, Test Accuracy: 0.9967, Energy: -1909917.75
Time taken:  0.5358669757843018
Test Loss: 0.0000, Test Accuracy: 0.9967, Energy: -1911680.25
Time taken:  0.5403985977172852
Test Loss: 0.0000, Test Accuracy: 0.9967, Energy: -1912933.0
Time taken:  0.5179452896118164
Test Loss: 0.0000, Test Accuracy: 0.9967, Energy: -1914177.875
Time taken:  0.5220575332641602
Test Loss: 0.0000, Test Accuracy: 0.9967, Energy: -1915317.25
Time taken:  0.5160584449768066
Test Loss: 0.0000, Test Accuracy: 0.9967, Energy: -1916231.0
Time taken:  0.52237868309021
Test Loss: 0.0000, Test Accuracy: 0.9967, Energy: -1917262.625
Time taken:  0.5060052871704102
Test Loss: 0.0000, Test Accuracy: 0.9967, Energy: -1917661.125
Time taken:  0.5326335430145264
Test Loss: 0.0000, Test Accuracy: 0.9967, Energy: -1918444.875
Time taken:  0.5071475505828857
Test Loss: 0.0000, Test Accuracy: 0.9967, Energy: -1919094.125
Time taken:  0.5352063179016113
Test Loss: 0.0000, Test Accuracy: 0.9967, Energy: -1919676.75
Time taken:  0.5241107940673828
Test Loss: 0.0000, Test Accuracy: 0.9967, Energy: -1920653.5
Time taken:  0.5172634124755859
Test Loss: 0.0000, Test Accuracy: 0.9967, Energy: -1921154.5
Time taken:  0.511427640914917
Test Loss: 0.0000, Test Accuracy: 0.9967, Energy: -1921578.0
Time taken:  0.5426855087280273
Test Loss: 0.0000, Test Accuracy: 0.9967, Energy: -1921969.125
Time taken:  0.5001471042633057
Test Loss: 0.0000, Test Accuracy: 0.9967, Energy: -1922285.625
Time taken:  0.537452220916748
Test Loss: 0.0000, Test Accuracy: 0.9967, Energy: -1922704.75
Time taken:  0.5456719398498535
Test Loss: 0.0000, Test Accuracy: 0.9967, Energy: -1922954.0
Time taken:  0.5315942764282227
Test Loss: 0.0000, Test Accuracy: 0.9967, Energy: -1923206.25
Time taken:  0.5205650329589844
Test Loss: 0.0000, Test Accuracy: 0.9967, Energy: -1923598.75
Time taken:  0.530684232711792
Test Loss: 0.0000, Test Accuracy: 0.9967, Energy: -1923595.625
Time taken:  0.5372509956359863
Test Loss: 0.0000, Test Accuracy: 0.9967, Energy: -1923849.5
Time taken:  0.5249571800231934
Test Loss: 0.0000, Test Accuracy: 0.9967, Energy: -1923920.375
Time taken:  0.5201399326324463
Test Loss: 0.0000, Test Accuracy: 0.9967, Energy: -1924074.5
Time taken:  0.5074937343597412
Test Loss: 0.0000, Test Accuracy: 0.9967, Energy: -1924239.25
Time taken:  0.510514497756958
Test Loss: 0.0000, Test Accuracy: 0.9967, Energy: -1924423.625
Time taken:  0.5040974617004395
Test Loss: 0.0000, Test Accuracy: 0.9967, Energy: -1924493.0
Time taken:  0.5092349052429199
Test Loss: 0.0000, Test Accuracy: 0.9967, Energy: -1924442.75
Time taken:  0.5260622501373291
Test Loss: 0.0000, Test Accuracy: 0.9967, Energy: -1924486.125
Time taken:  0.5546627044677734
Test Loss: 0.0000, Test Accuracy: 0.9967, Energy: -1924554.75
Time taken:  0.5403227806091309
Test Loss: 0.0000, Test Accuracy: 0.9967, Energy: -1924630.0
Time taken:  0.5320894718170166
Test Loss: 0.0000, Test Accuracy: 0.9967, Energy: -1924610.0
Time taken:  0.5340061187744141
Test Loss: 0.0000, Test Accuracy: 0.9967, Energy: -1924651.25
Time taken:  0.548712968826294
Test Loss: 0.0000, Test Accuracy: 0.9967, Energy: -1924684.375
Time taken:  0.5183227062225342
Test Loss: 0.0000, Test Accuracy: 0.9967, Energy: -1924841.125
Time taken:  0.5320744514465332
Test Loss: 0.0000, Test Accuracy: 0.9967, Energy: -1924856.25
Time taken:  0.5208601951599121
Test Loss: 0.0000, Test Accuracy: 0.9967, Energy: -1924888.625
Time taken:  0.548001766204834
Test Loss: 0.0000, Test Accuracy: 0.9967, Energy: -1924980.5
Time taken:  0.532085657119751
Test Loss: 0.0000, Test Accuracy: 0.9967, Energy: -1924950.5
Time taken:  0.5349068641662598
Test Loss: 0.0000, Test Accuracy: 0.9967, Energy: -1924939.0
Time taken:  0.5290489196777344
Test Loss: 0.0000, Test Accuracy: 0.9967, Energy: -1924953.375
Time taken:  0.5284159183502197
Test Loss: 0.0000, Test Accuracy: 0.9967, Energy: -1924985.375
Time taken:  0.5453293323516846
Test Loss: 0.0000, Test Accuracy: 0.9967, Energy: -1924994.75
Time taken:  0.5350179672241211
Test Loss: 0.0000, Test Accuracy: 0.9967, Energy: -1925059.375
Time taken:  0.538259744644165
Test Loss: 0.0000, Test Accuracy: 0.9967, Energy: -1925079.5
Time taken:  0.5297145843505859
Test Loss: 0.0000, Test Accuracy: 0.9967, Energy: -1925087.0
Time taken:  0.5175020694732666
Test Loss: 0.0000, Test Accuracy: 0.9967, Energy: -1925091.5
Time taken:  0.5009641647338867
Test Loss: 0.0000, Test Accuracy: 0.9967, Energy: -1925058.75
Time taken:  0.48111462593078613
Test Loss: 0.0000, Test Accuracy: 0.9967, Energy: -1925061.375
Time taken:  0.4586176872253418
Final accuracies: [0.8433333333333334, 1.0, 1.0, 0.9966666666666667, 0.9966666666666667, 0.9966666666666667, 0.9966666666666667, 0.9966666666666667, 0.9966666666666667, 0.9966666666666667, 0.9966666666666667, 0.9966666666666667, 0.9966666666666667, 0.9966666666666667, 0.9966666666666667, 0.9966666666666667, 0.9966666666666667, 0.9966666666666667, 0.9966666666666667, 0.9966666666666667, 0.9966666666666667, 0.9966666666666667, 0.9966666666666667, 0.9966666666666667, 0.9966666666666667, 0.9966666666666667, 0.9966666666666667, 0.9966666666666667, 0.9966666666666667, 0.9966666666666667, 0.9966666666666667, 0.9966666666666667, 0.9966666666666667, 0.9966666666666667, 0.9966666666666667, 0.9966666666666667, 0.9966666666666667, 0.9966666666666667, 0.9966666666666667, 0.9966666666666667, 0.9966666666666667, 0.9966666666666667, 0.9966666666666667, 0.9966666666666667, 0.9966666666666667, 0.9966666666666667, 0.9966666666666667, 0.9966666666666667, 0.9966666666666667, 0.9966666666666667, 0.9966666666666667, 0.9966666666666667, 0.9966666666666667, 0.9966666666666667, 0.9966666666666667, 0.9966666666666667, 0.9966666666666667, 0.9966666666666667, 0.9966666666666667, 0.9966666666666667, 0.9966666666666667, 0.9966666666666667, 0.9966666666666667, 0.9966666666666667, 0.9966666666666667, 0.9966666666666667, 0.9966666666666667, 0.9966666666666667, 0.9966666666666667, 0.9966666666666667, 0.9966666666666667, 0.9966666666666667, 0.9966666666666667, 0.9966666666666667, 0.9966666666666667, 0.9966666666666667, 0.9966666666666667, 0.9966666666666667, 0.9966666666666667, 0.9966666666666667, 0.9966666666666667, 0.9966666666666667, 0.9966666666666667, 0.9966666666666667, 0.9966666666666667, 0.9966666666666667, 0.9966666666666667, 0.9966666666666667, 0.9966666666666667, 0.9966666666666667, 0.9966666666666667, 0.9966666666666667, 0.9966666666666667, 0.9966666666666667, 0.9966666666666667, 0.9966666666666667, 0.9966666666666667, 0.9966666666666667, 0.9966666666666667, 0.9966666666666667]
Final energies: [-1155.123779296875, -16343.3310546875, -104382.828125, -264560.375, -438699.03125, -600872.875, -738900.0, -855884.0, -958704.6875, -1049919.25, -1131275.125, -1205126.0, -1271454.5, -1330620.5, -1384301.0, -1433140.0, -1477790.75, -1518009.875, -1553418.0, -1586562.75, -1617364.0, -1644602.25, -1669279.25, -1692712.75, -1714495.375, -1732894.875, -1750163.75, -1765598.75, -1779554.0, -1792619.0, -1805285.5, -1816733.125, -1826481.75, -1835399.5, -1843872.0, -1851334.25, -1858258.25, -1864664.0, -1869844.75, -1875429.5, -1880144.25, -1884070.875, -1887819.875, -1891123.25, -1894476.25, -1897279.25, -1899809.75, -1902127.125, -1904479.5, -1906220.0, -1908155.5, -1909917.75, -1911680.25, -1912933.0, -1914177.875, -1915317.25, -1916231.0, -1917262.625, -1917661.125, -1918444.875, -1919094.125, -1919676.75, -1920653.5, -1921154.5, -1921578.0, -1921969.125, -1922285.625, -1922704.75, -1922954.0, -1923206.25, -1923598.75, -1923595.625, -1923849.5, -1923920.375, -1924074.5, -1924239.25, -1924423.625, -1924493.0, -1924442.75, -1924486.125, -1924554.75, -1924630.0, -1924610.0, -1924651.25, -1924684.375, -1924841.125, -1924856.25, -1924888.625, -1924980.5, -1924950.5, -1924939.0, -1924953.375, -1924985.375, -1924994.75, -1925059.375, -1925079.5, -1925087.0, -1925091.5, -1925058.75, -1925061.375]
