Running with parameters: hidden=50, use_coupled=true, seed=20, lam=0.1, eta=1.0, batch=100
Test Loss: 0.0000, Test Accuracy: 0.8300, Energy: -1205.7252197265625
Time taken:  0.5713596343994141
Test Loss: 0.0000, Test Accuracy: 1.0000, Energy: -18554.591796875
Time taken:  0.538827657699585
Test Loss: 0.0000, Test Accuracy: 1.0000, Energy: -141174.375
Time taken:  0.46171116828918457
Test Loss: 0.0000, Test Accuracy: 0.9967, Energy: -359513.75
Time taken:  0.46697115898132324
Test Loss: 0.0000, Test Accuracy: 0.9967, Energy: -546384.875
Time taken:  0.5095806121826172
Test Loss: 0.0000, Test Accuracy: 0.9967, Energy: -703821.8125
Time taken:  0.4589400291442871
Test Loss: 0.0000, Test Accuracy: 0.9967, Energy: -843112.75
Time taken:  0.541405200958252
Test Loss: 0.0000, Test Accuracy: 0.9967, Energy: -969158.75
Time taken:  0.4695560932159424
Test Loss: 0.0000, Test Accuracy: 0.9967, Energy: -1081591.0
Time taken:  0.4488644599914551
Test Loss: 0.0000, Test Accuracy: 0.9967, Energy: -1181006.25
Time taken:  0.4649791717529297
Test Loss: 0.0000, Test Accuracy: 0.9967, Energy: -1268259.125
Time taken:  0.4420785903930664
Test Loss: 0.0000, Test Accuracy: 0.9967, Energy: -1348331.5
Time taken:  0.45269012451171875
Test Loss: 0.0000, Test Accuracy: 0.9967, Energy: -1419723.25
Time taken:  0.45041513442993164
Test Loss: 0.0000, Test Accuracy: 0.9967, Energy: -1484809.125
Time taken:  0.4411163330078125
Test Loss: 0.0000, Test Accuracy: 0.9967, Energy: -1543725.5
Time taken:  0.44924330711364746
Test Loss: 0.0000, Test Accuracy: 0.9967, Energy: -1597428.125
Time taken:  0.44480323791503906
Test Loss: 0.0000, Test Accuracy: 0.9967, Energy: -1646659.25
Time taken:  0.4564633369445801
Test Loss: 0.0000, Test Accuracy: 0.9967, Energy: -1690271.75
Time taken:  0.4522852897644043
Test Loss: 0.0000, Test Accuracy: 0.9967, Energy: -1730563.75
Time taken:  0.43709778785705566
Test Loss: 0.0000, Test Accuracy: 0.9967, Energy: -1766536.25
Time taken:  0.45577073097229004
Test Loss: 0.0000, Test Accuracy: 0.9967, Energy: -1799294.0
Time taken:  0.4440274238586426
Test Loss: 0.0000, Test Accuracy: 0.9967, Energy: -1828991.75
Time taken:  0.4492983818054199
Test Loss: 0.0000, Test Accuracy: 0.9967, Energy: -1856965.5
Time taken:  0.4501149654388428
Test Loss: 0.0000, Test Accuracy: 0.9967, Energy: -1881906.5
Time taken:  0.43807554244995117
Test Loss: 0.0000, Test Accuracy: 0.9967, Energy: -1904799.5
Time taken:  0.4543182849884033
Test Loss: 0.0000, Test Accuracy: 0.9967, Energy: -1925072.5
Time taken:  0.45558977127075195
Test Loss: 0.0000, Test Accuracy: 0.9967, Energy: -1943989.0
Time taken:  0.4670529365539551
Test Loss: 0.0000, Test Accuracy: 0.9967, Energy: -1961015.75
Time taken:  0.4524807929992676
Test Loss: 0.0000, Test Accuracy: 0.9967, Energy: -1976502.5
Time taken:  0.44741392135620117
Test Loss: 0.0000, Test Accuracy: 0.9967, Energy: -1990679.0
Time taken:  0.4558141231536865
Test Loss: 0.0000, Test Accuracy: 0.9967, Energy: -2002863.875
Time taken:  0.455913782119751
Test Loss: 0.0000, Test Accuracy: 0.9967, Energy: -2014287.5
Time taken:  0.46759700775146484
Test Loss: 0.0000, Test Accuracy: 0.9967, Energy: -2024646.625
Time taken:  0.462857723236084
Test Loss: 0.0000, Test Accuracy: 0.9967, Energy: -2034678.25
Time taken:  0.4782435894012451
Test Loss: 0.0000, Test Accuracy: 0.9967, Energy: -2043173.875
Time taken:  0.4550292491912842
Test Loss: 0.0000, Test Accuracy: 0.9967, Energy: -2051186.625
Time taken:  0.4513676166534424
Test Loss: 0.0000, Test Accuracy: 0.9967, Energy: -2058183.375
Time taken:  0.4613955020904541
Test Loss: 0.0000, Test Accuracy: 0.9967, Energy: -2064748.75
Time taken:  0.45708274841308594
Test Loss: 0.0000, Test Accuracy: 0.9967, Energy: -2070985.125
Time taken:  0.4403369426727295
Test Loss: 0.0000, Test Accuracy: 0.9967, Energy: -2076238.75
Time taken:  0.4508824348449707
Test Loss: 0.0000, Test Accuracy: 0.9967, Energy: -2081604.5
Time taken:  0.4513721466064453
Test Loss: 0.0000, Test Accuracy: 0.9967, Energy: -2086542.875
Time taken:  0.44161343574523926
Test Loss: 0.0000, Test Accuracy: 0.9967, Energy: -2090774.0
Time taken:  0.44644951820373535
Test Loss: 0.0000, Test Accuracy: 0.9967, Energy: -2094034.75
Time taken:  0.44005393981933594
Test Loss: 0.0000, Test Accuracy: 0.9967, Energy: -2097450.75
Time taken:  0.4602344036102295
Test Loss: 0.0000, Test Accuracy: 0.9967, Energy: -2100688.0
Time taken:  0.4412353038787842
Test Loss: 0.0000, Test Accuracy: 0.9967, Energy: -2103447.0
Time taken:  0.4461367130279541
Test Loss: 0.0000, Test Accuracy: 0.9967, Energy: -2106276.0
Time taken:  0.4574308395385742
Test Loss: 0.0000, Test Accuracy: 0.9967, Energy: -2108595.0
Time taken:  0.4650297164916992
Test Loss: 0.0000, Test Accuracy: 0.9967, Energy: -2110717.75
Time taken:  0.46307969093322754
Test Loss: 0.0000, Test Accuracy: 0.9967, Energy: -2112553.25
Time taken:  0.44976377487182617
Test Loss: 0.0000, Test Accuracy: 0.9967, Energy: -2114305.5
Time taken:  0.4950571060180664
Test Loss: 0.0000, Test Accuracy: 0.9967, Energy: -2116104.75
Time taken:  0.45479702949523926
Test Loss: 0.0000, Test Accuracy: 0.9967, Energy: -2117590.75
Time taken:  0.4584636688232422
Test Loss: 0.0000, Test Accuracy: 0.9967, Energy: -2119064.0
Time taken:  0.45935750007629395
Test Loss: 0.0000, Test Accuracy: 0.9967, Energy: -2120223.0
Time taken:  0.4636118412017822
Test Loss: 0.0000, Test Accuracy: 0.9967, Energy: -2121186.5
Time taken:  0.46313905715942383
Test Loss: 0.0000, Test Accuracy: 0.9967, Energy: -2122166.75
Time taken:  0.47465062141418457
Test Loss: 0.0000, Test Accuracy: 0.9967, Energy: -2123114.0
Time taken:  0.4601740837097168
Test Loss: 0.0000, Test Accuracy: 0.9967, Energy: -2123918.0
Time taken:  0.435924768447876
Test Loss: 0.0000, Test Accuracy: 0.9967, Energy: -2124539.25
Time taken:  0.45488548278808594
Test Loss: 0.0000, Test Accuracy: 0.9967, Energy: -2125195.5
Time taken:  0.44297337532043457
Test Loss: 0.0000, Test Accuracy: 0.9967, Energy: -2125842.75
Time taken:  0.46968817710876465
Test Loss: 0.0000, Test Accuracy: 0.9967, Energy: -2126329.25
Time taken:  0.4562187194824219
Test Loss: 0.0000, Test Accuracy: 0.9967, Energy: -2126846.0
Time taken:  0.4405698776245117
Test Loss: 0.0000, Test Accuracy: 0.9967, Energy: -2127280.0
Time taken:  0.45708775520324707
Test Loss: 0.0000, Test Accuracy: 0.9967, Energy: -2127676.25
Time taken:  0.47609710693359375
Test Loss: 0.0000, Test Accuracy: 0.9967, Energy: -2128107.25
Time taken:  0.45893263816833496
Test Loss: 0.0000, Test Accuracy: 0.9967, Energy: -2128445.75
Time taken:  0.4552130699157715
Test Loss: 0.0000, Test Accuracy: 0.9967, Energy: -2128711.75
Time taken:  0.4570047855377197
Test Loss: 0.0000, Test Accuracy: 0.9967, Energy: -2128961.5
Time taken:  0.4485127925872803
Test Loss: 0.0000, Test Accuracy: 0.9967, Energy: -2129188.5
Time taken:  0.4577476978302002
Test Loss: 0.0000, Test Accuracy: 0.9967, Energy: -2129421.75
Time taken:  0.4467918872833252
Test Loss: 0.0000, Test Accuracy: 0.9967, Energy: -2129610.0
Time taken:  0.45235252380371094
Test Loss: 0.0000, Test Accuracy: 0.9967, Energy: -2129778.25
Time taken:  0.45981311798095703
Test Loss: 0.0000, Test Accuracy: 0.9967, Energy: -2130069.5
Time taken:  0.4488403797149658
Test Loss: 0.0000, Test Accuracy: 0.9967, Energy: -2130223.25
Time taken:  0.4612770080566406
Test Loss: 0.0000, Test Accuracy: 0.9967, Energy: -2130374.25
Time taken:  0.45917510986328125
Test Loss: 0.0000, Test Accuracy: 0.9967, Energy: -2130451.5
Time taken:  0.46435546875
Test Loss: 0.0000, Test Accuracy: 0.9967, Energy: -2130555.75
Time taken:  0.46474671363830566
Test Loss: 0.0000, Test Accuracy: 0.9967, Energy: -2130648.5
Time taken:  0.445512056350708
Test Loss: 0.0000, Test Accuracy: 0.9967, Energy: -2130739.0
Time taken:  0.4529895782470703
Test Loss: 0.0000, Test Accuracy: 0.9967, Energy: -2130808.5
Time taken:  0.44125843048095703
Test Loss: 0.0000, Test Accuracy: 0.9967, Energy: -2130870.75
Time taken:  0.454331636428833
Test Loss: 0.0000, Test Accuracy: 0.9967, Energy: -2130913.75
Time taken:  0.4555091857910156
Test Loss: 0.0000, Test Accuracy: 0.9967, Energy: -2130654.25
Time taken:  0.44194531440734863
Test Loss: 0.0000, Test Accuracy: 0.9967, Energy: -2130735.0
Time taken:  0.44706249237060547
Test Loss: 0.0000, Test Accuracy: 0.9967, Energy: -2130784.0
Time taken:  0.4448714256286621
Test Loss: 0.0000, Test Accuracy: 0.9967, Energy: -2130813.5
Time taken:  0.4518716335296631
Test Loss: 0.0000, Test Accuracy: 0.9967, Energy: -2130840.5
Time taken:  0.44153475761413574
Test Loss: 0.0000, Test Accuracy: 0.9967, Energy: -2130869.75
Time taken:  0.444319486618042
Test Loss: 0.0000, Test Accuracy: 0.9967, Energy: -2130905.0
Time taken:  0.4533371925354004
Test Loss: 0.0000, Test Accuracy: 0.9967, Energy: -2130927.75
Time taken:  0.4378955364227295
Test Loss: 0.0000, Test Accuracy: 0.9967, Energy: -2130981.0
Time taken:  0.4504086971282959
Test Loss: 0.0000, Test Accuracy: 0.9967, Energy: -2130954.25
Time taken:  0.4460134506225586
Test Loss: 0.0000, Test Accuracy: 0.9967, Energy: -2130969.5
Time taken:  0.4445490837097168
Test Loss: 0.0000, Test Accuracy: 0.9967, Energy: -2131016.75
Time taken:  0.4530613422393799
Test Loss: 0.0000, Test Accuracy: 0.9967, Energy: -2131028.0
Time taken:  0.44667696952819824
Test Loss: 0.0000, Test Accuracy: 0.9967, Energy: -2131019.25
Time taken:  0.4549586772918701
Test Loss: 0.0000, Test Accuracy: 0.9967, Energy: -2131020.75
Time taken:  0.4765324592590332
Final accuracies: [0.83, 1.0, 1.0, 0.9966666666666667, 0.9966666666666667, 0.9966666666666667, 0.9966666666666667, 0.9966666666666667, 0.9966666666666667, 0.9966666666666667, 0.9966666666666667, 0.9966666666666667, 0.9966666666666667, 0.9966666666666667, 0.9966666666666667, 0.9966666666666667, 0.9966666666666667, 0.9966666666666667, 0.9966666666666667, 0.9966666666666667, 0.9966666666666667, 0.9966666666666667, 0.9966666666666667, 0.9966666666666667, 0.9966666666666667, 0.9966666666666667, 0.9966666666666667, 0.9966666666666667, 0.9966666666666667, 0.9966666666666667, 0.9966666666666667, 0.9966666666666667, 0.9966666666666667, 0.9966666666666667, 0.9966666666666667, 0.9966666666666667, 0.9966666666666667, 0.9966666666666667, 0.9966666666666667, 0.9966666666666667, 0.9966666666666667, 0.9966666666666667, 0.9966666666666667, 0.9966666666666667, 0.9966666666666667, 0.9966666666666667, 0.9966666666666667, 0.9966666666666667, 0.9966666666666667, 0.9966666666666667, 0.9966666666666667, 0.9966666666666667, 0.9966666666666667, 0.9966666666666667, 0.9966666666666667, 0.9966666666666667, 0.9966666666666667, 0.9966666666666667, 0.9966666666666667, 0.9966666666666667, 0.9966666666666667, 0.9966666666666667, 0.9966666666666667, 0.9966666666666667, 0.9966666666666667, 0.9966666666666667, 0.9966666666666667, 0.9966666666666667, 0.9966666666666667, 0.9966666666666667, 0.9966666666666667, 0.9966666666666667, 0.9966666666666667, 0.9966666666666667, 0.9966666666666667, 0.9966666666666667, 0.9966666666666667, 0.9966666666666667, 0.9966666666666667, 0.9966666666666667, 0.9966666666666667, 0.9966666666666667, 0.9966666666666667, 0.9966666666666667, 0.9966666666666667, 0.9966666666666667, 0.9966666666666667, 0.9966666666666667, 0.9966666666666667, 0.9966666666666667, 0.9966666666666667, 0.9966666666666667, 0.9966666666666667, 0.9966666666666667, 0.9966666666666667, 0.9966666666666667, 0.9966666666666667, 0.9966666666666667, 0.9966666666666667, 0.9966666666666667]
Final energies: [-1205.7252197265625, -18554.591796875, -141174.375, -359513.75, -546384.875, -703821.8125, -843112.75, -969158.75, -1081591.0, -1181006.25, -1268259.125, -1348331.5, -1419723.25, -1484809.125, -1543725.5, -1597428.125, -1646659.25, -1690271.75, -1730563.75, -1766536.25, -1799294.0, -1828991.75, -1856965.5, -1881906.5, -1904799.5, -1925072.5, -1943989.0, -1961015.75, -1976502.5, -1990679.0, -2002863.875, -2014287.5, -2024646.625, -2034678.25, -2043173.875, -2051186.625, -2058183.375, -2064748.75, -2070985.125, -2076238.75, -2081604.5, -2086542.875, -2090774.0, -2094034.75, -2097450.75, -2100688.0, -2103447.0, -2106276.0, -2108595.0, -2110717.75, -2112553.25, -2114305.5, -2116104.75, -2117590.75, -2119064.0, -2120223.0, -2121186.5, -2122166.75, -2123114.0, -2123918.0, -2124539.25, -2125195.5, -2125842.75, -2126329.25, -2126846.0, -2127280.0, -2127676.25, -2128107.25, -2128445.75, -2128711.75, -2128961.5, -2129188.5, -2129421.75, -2129610.0, -2129778.25, -2130069.5, -2130223.25, -2130374.25, -2130451.5, -2130555.75, -2130648.5, -2130739.0, -2130808.5, -2130870.75, -2130913.75, -2130654.25, -2130735.0, -2130784.0, -2130813.5, -2130840.5, -2130869.75, -2130905.0, -2130927.75, -2130981.0, -2130954.25, -2130969.5, -2131016.75, -2131028.0, -2131019.25, -2131020.75]
