Running with parameters: hidden=50, use_coupled=true, seed=75, lam=0.1, eta=1.0, batch=100
Test Loss: 0.0000, Test Accuracy: 0.9833, Energy: -679.590576171875
Time taken:  0.5709869861602783
Test Loss: 0.0000, Test Accuracy: 1.0000, Energy: -11586.3271484375
Time taken:  0.5780117511749268
Test Loss: 0.0000, Test Accuracy: 0.9967, Energy: -90469.765625
Time taken:  0.49555397033691406
Test Loss: 0.0000, Test Accuracy: 0.9967, Energy: -246346.28125
Time taken:  0.4898967742919922
Test Loss: 0.0000, Test Accuracy: 0.9967, Energy: -410787.75
Time taken:  0.5136563777923584
Test Loss: 0.0000, Test Accuracy: 0.9967, Energy: -561872.0625
Time taken:  0.48067259788513184
Test Loss: 0.0000, Test Accuracy: 0.9967, Energy: -688671.625
Time taken:  0.49725794792175293
Test Loss: 0.0000, Test Accuracy: 0.9967, Energy: -798873.375
Time taken:  0.5111174583435059
Test Loss: 0.0000, Test Accuracy: 0.9967, Energy: -898195.3125
Time taken:  0.5010740756988525
Test Loss: 0.0000, Test Accuracy: 0.9967, Energy: -984372.625
Time taken:  0.5688636302947998
Test Loss: 0.0000, Test Accuracy: 0.9967, Energy: -1060865.5
Time taken:  0.5002033710479736
Test Loss: 0.0000, Test Accuracy: 0.9967, Energy: -1130005.125
Time taken:  0.4944944381713867
Test Loss: 0.0000, Test Accuracy: 0.9967, Energy: -1191586.75
Time taken:  0.4990403652191162
Test Loss: 0.0000, Test Accuracy: 0.9967, Energy: -1249121.125
Time taken:  0.5088386535644531
Test Loss: 0.0000, Test Accuracy: 0.9967, Energy: -1300814.25
Time taken:  0.5016613006591797
Test Loss: 0.0000, Test Accuracy: 0.9967, Energy: -1346908.25
Time taken:  0.4885220527648926
Test Loss: 0.0000, Test Accuracy: 0.9967, Energy: -1389017.5
Time taken:  0.501448392868042
Test Loss: 0.0000, Test Accuracy: 0.9967, Energy: -1427404.625
Time taken:  0.5032997131347656
Test Loss: 0.0000, Test Accuracy: 0.9967, Energy: -1462069.5
Time taken:  0.4996225833892822
Test Loss: 0.0000, Test Accuracy: 0.9967, Energy: -1493890.625
Time taken:  0.49510693550109863
Test Loss: 0.0000, Test Accuracy: 0.9967, Energy: -1522989.625
Time taken:  0.5002210140228271
Test Loss: 0.0000, Test Accuracy: 0.9967, Energy: -1548117.875
Time taken:  0.4985048770904541
Test Loss: 0.0000, Test Accuracy: 0.9967, Energy: -1571936.0
Time taken:  0.4897489547729492
Test Loss: 0.0000, Test Accuracy: 0.9967, Energy: -1594501.875
Time taken:  0.5000519752502441
Test Loss: 0.0000, Test Accuracy: 0.9967, Energy: -1613695.0
Time taken:  0.4972989559173584
Test Loss: 0.0000, Test Accuracy: 0.9967, Energy: -1631676.5
Time taken:  0.49349498748779297
Test Loss: 0.0000, Test Accuracy: 0.9967, Energy: -1648567.25
Time taken:  0.49728941917419434
Test Loss: 0.0000, Test Accuracy: 0.9967, Energy: -1663413.5
Time taken:  0.4986298084259033
Test Loss: 0.0000, Test Accuracy: 0.9967, Energy: -1677478.75
Time taken:  0.49829864501953125
Test Loss: 0.0000, Test Accuracy: 0.9967, Energy: -1690030.875
Time taken:  0.49247074127197266
Test Loss: 0.0000, Test Accuracy: 0.9967, Energy: -1701605.75
Time taken:  0.5011377334594727
Test Loss: 0.0000, Test Accuracy: 0.9967, Energy: -1712192.125
Time taken:  0.5037341117858887
Test Loss: 0.0000, Test Accuracy: 0.9967, Energy: -1721611.0
Time taken:  0.49448418617248535
Test Loss: 0.0000, Test Accuracy: 0.9967, Energy: -1729715.75
Time taken:  0.5015518665313721
Test Loss: 0.0000, Test Accuracy: 0.9967, Energy: -1737860.5
Time taken:  0.4991137981414795
Test Loss: 0.0000, Test Accuracy: 0.9967, Energy: -1745570.25
Time taken:  0.49819397926330566
Test Loss: 0.0000, Test Accuracy: 0.9967, Energy: -1752053.75
Time taken:  0.4912288188934326
Test Loss: 0.0000, Test Accuracy: 0.9967, Energy: -1757795.375
Time taken:  0.49866509437561035
Test Loss: 0.0000, Test Accuracy: 0.9967, Energy: -1763573.625
Time taken:  0.494248628616333
Test Loss: 0.0000, Test Accuracy: 0.9967, Energy: -1768539.0
Time taken:  0.4935567378997803
Test Loss: 0.0000, Test Accuracy: 0.9967, Energy: -1773104.0
Time taken:  0.49725770950317383
Test Loss: 0.0000, Test Accuracy: 0.9967, Energy: -1777592.0
Time taken:  0.4975755214691162
Test Loss: 0.0000, Test Accuracy: 0.9967, Energy: -1781208.25
Time taken:  0.4976315498352051
Test Loss: 0.0000, Test Accuracy: 0.9967, Energy: -1784885.75
Time taken:  0.49332189559936523
Test Loss: 0.0000, Test Accuracy: 0.9967, Energy: -1787912.0
Time taken:  0.4998490810394287
Test Loss: 0.0000, Test Accuracy: 0.9967, Energy: -1790775.75
Time taken:  0.49925971031188965
Test Loss: 0.0000, Test Accuracy: 0.9967, Energy: -1793527.0
Time taken:  0.49167561531066895
Test Loss: 0.0000, Test Accuracy: 0.9967, Energy: -1795778.0
Time taken:  0.4978635311126709
Test Loss: 0.0000, Test Accuracy: 0.9967, Energy: -1797943.0
Time taken:  0.49933791160583496
Test Loss: 0.0000, Test Accuracy: 0.9967, Energy: -1799763.5
Time taken:  0.4980762004852295
Test Loss: 0.0000, Test Accuracy: 0.9967, Energy: -1801204.5
Time taken:  0.49324464797973633
Test Loss: 0.0000, Test Accuracy: 0.9967, Energy: -1802744.875
Time taken:  0.4963715076446533
Test Loss: 0.0000, Test Accuracy: 0.9967, Energy: -1804105.5
Time taken:  0.49665021896362305
Test Loss: 0.0000, Test Accuracy: 0.9967, Energy: -1805415.625
Time taken:  0.49029016494750977
Test Loss: 0.0000, Test Accuracy: 0.9967, Energy: -1806711.5
Time taken:  0.4949944019317627
Test Loss: 0.0000, Test Accuracy: 0.9967, Energy: -1807963.75
Time taken:  0.4941248893737793
Test Loss: 0.0000, Test Accuracy: 0.9967, Energy: -1808900.25
Time taken:  0.4876728057861328
Test Loss: 0.0000, Test Accuracy: 0.9967, Energy: -1809900.5
Time taken:  0.49999165534973145
Test Loss: 0.0000, Test Accuracy: 0.9967, Energy: -1810718.0
Time taken:  0.49991798400878906
Test Loss: 0.0000, Test Accuracy: 0.9967, Energy: -1811416.5
Time taken:  0.49862217903137207
Test Loss: 0.0000, Test Accuracy: 0.9967, Energy: -1812039.0
Time taken:  0.4887831211090088
Test Loss: 0.0000, Test Accuracy: 0.9967, Energy: -1812636.5
Time taken:  0.4990108013153076
Test Loss: 0.0000, Test Accuracy: 0.9967, Energy: -1813190.75
Time taken:  0.4928112030029297
Test Loss: 0.0000, Test Accuracy: 0.9967, Energy: -1813728.5
Time taken:  0.49080419540405273
Test Loss: 0.0000, Test Accuracy: 0.9967, Energy: -1814265.0
Time taken:  0.4976308345794678
Test Loss: 0.0000, Test Accuracy: 0.9967, Energy: -1814588.5
Time taken:  0.5032024383544922
Test Loss: 0.0000, Test Accuracy: 0.9967, Energy: -1815014.875
Time taken:  0.5017826557159424
Test Loss: 0.0000, Test Accuracy: 0.9967, Energy: -1815374.5
Time taken:  0.49076247215270996
Test Loss: 0.0000, Test Accuracy: 0.9967, Energy: -1815676.25
Time taken:  0.49512529373168945
Test Loss: 0.0000, Test Accuracy: 0.9967, Energy: -1816007.0
Time taken:  0.5005972385406494
Test Loss: 0.0000, Test Accuracy: 0.9967, Energy: -1816236.75
Time taken:  0.4940013885498047
Test Loss: 0.0000, Test Accuracy: 0.9967, Energy: -1816462.25
Time taken:  0.5009610652923584
Test Loss: 0.0000, Test Accuracy: 0.9967, Energy: -1816364.5
Time taken:  0.493743896484375
Test Loss: 0.0000, Test Accuracy: 0.9967, Energy: -1816461.5
Time taken:  0.49948740005493164
Test Loss: 0.0000, Test Accuracy: 0.9967, Energy: -1816628.25
Time taken:  0.49365878105163574
Test Loss: 0.0000, Test Accuracy: 0.9967, Energy: -1816751.75
Time taken:  0.49911999702453613
Test Loss: 0.0000, Test Accuracy: 0.9967, Energy: -1816875.25
Time taken:  0.4940009117126465
Test Loss: 0.0000, Test Accuracy: 0.9967, Energy: -1817039.0
Time taken:  0.490598201751709
Test Loss: 0.0000, Test Accuracy: 0.9967, Energy: -1817031.25
Time taken:  0.4967641830444336
Test Loss: 0.0000, Test Accuracy: 0.9967, Energy: -1817083.0
Time taken:  0.5006198883056641
Test Loss: 0.0000, Test Accuracy: 0.9967, Energy: -1817166.75
Time taken:  0.4956514835357666
Test Loss: 0.0000, Test Accuracy: 0.9967, Energy: -1817259.125
Time taken:  0.4902036190032959
Test Loss: 0.0000, Test Accuracy: 0.9967, Energy: -1817331.375
Time taken:  0.4982912540435791
Test Loss: 0.0000, Test Accuracy: 0.9967, Energy: -1817344.375
Time taken:  0.49825119972229004
Test Loss: 0.0000, Test Accuracy: 0.9967, Energy: -1817492.5
Time taken:  0.4900939464569092
Test Loss: 0.0000, Test Accuracy: 0.9967, Energy: -1817541.5
Time taken:  0.4848966598510742
Test Loss: 0.0000, Test Accuracy: 0.9967, Energy: -1817585.5
Time taken:  0.4759354591369629
Test Loss: 0.0000, Test Accuracy: 0.9967, Energy: -1817624.125
Time taken:  0.44696688652038574
Test Loss: 0.0000, Test Accuracy: 0.9967, Energy: -1817647.75
Time taken:  0.44541049003601074
Test Loss: 0.0000, Test Accuracy: 0.9967, Energy: -1817693.5
Time taken:  0.4437377452850342
Test Loss: 0.0000, Test Accuracy: 0.9967, Energy: -1817699.5
Time taken:  0.4355294704437256
Test Loss: 0.0000, Test Accuracy: 0.9967, Energy: -1817743.125
Time taken:  0.44069337844848633
Test Loss: 0.0000, Test Accuracy: 0.9967, Energy: -1817777.0
Time taken:  0.44179439544677734
Test Loss: 0.0000, Test Accuracy: 0.9967, Energy: -1817798.625
Time taken:  0.43152499198913574
Test Loss: 0.0000, Test Accuracy: 0.9967, Energy: -1817816.5
Time taken:  0.4421827793121338
Test Loss: 0.0000, Test Accuracy: 0.9967, Energy: -1817833.75
Time taken:  0.4357764720916748
Test Loss: 0.0000, Test Accuracy: 0.9967, Energy: -1817808.125
Time taken:  0.44039082527160645
Test Loss: 0.0000, Test Accuracy: 0.9967, Energy: -1817810.0
Time taken:  0.441540002822876
Test Loss: 0.0000, Test Accuracy: 0.9967, Energy: -1817822.75
Time taken:  0.43436503410339355
Test Loss: 0.0000, Test Accuracy: 0.9967, Energy: -1817806.0
Time taken:  0.4433274269104004
Final accuracies: [0.9833333333333333, 1.0, 0.9966666666666667, 0.9966666666666667, 0.9966666666666667, 0.9966666666666667, 0.9966666666666667, 0.9966666666666667, 0.9966666666666667, 0.9966666666666667, 0.9966666666666667, 0.9966666666666667, 0.9966666666666667, 0.9966666666666667, 0.9966666666666667, 0.9966666666666667, 0.9966666666666667, 0.9966666666666667, 0.9966666666666667, 0.9966666666666667, 0.9966666666666667, 0.9966666666666667, 0.9966666666666667, 0.9966666666666667, 0.9966666666666667, 0.9966666666666667, 0.9966666666666667, 0.9966666666666667, 0.9966666666666667, 0.9966666666666667, 0.9966666666666667, 0.9966666666666667, 0.9966666666666667, 0.9966666666666667, 0.9966666666666667, 0.9966666666666667, 0.9966666666666667, 0.9966666666666667, 0.9966666666666667, 0.9966666666666667, 0.9966666666666667, 0.9966666666666667, 0.9966666666666667, 0.9966666666666667, 0.9966666666666667, 0.9966666666666667, 0.9966666666666667, 0.9966666666666667, 0.9966666666666667, 0.9966666666666667, 0.9966666666666667, 0.9966666666666667, 0.9966666666666667, 0.9966666666666667, 0.9966666666666667, 0.9966666666666667, 0.9966666666666667, 0.9966666666666667, 0.9966666666666667, 0.9966666666666667, 0.9966666666666667, 0.9966666666666667, 0.9966666666666667, 0.9966666666666667, 0.9966666666666667, 0.9966666666666667, 0.9966666666666667, 0.9966666666666667, 0.9966666666666667, 0.9966666666666667, 0.9966666666666667, 0.9966666666666667, 0.9966666666666667, 0.9966666666666667, 0.9966666666666667, 0.9966666666666667, 0.9966666666666667, 0.9966666666666667, 0.9966666666666667, 0.9966666666666667, 0.9966666666666667, 0.9966666666666667, 0.9966666666666667, 0.9966666666666667, 0.9966666666666667, 0.9966666666666667, 0.9966666666666667, 0.9966666666666667, 0.9966666666666667, 0.9966666666666667, 0.9966666666666667, 0.9966666666666667, 0.9966666666666667, 0.9966666666666667, 0.9966666666666667, 0.9966666666666667, 0.9966666666666667, 0.9966666666666667, 0.9966666666666667, 0.9966666666666667]
Final energies: [-679.590576171875, -11586.3271484375, -90469.765625, -246346.28125, -410787.75, -561872.0625, -688671.625, -798873.375, -898195.3125, -984372.625, -1060865.5, -1130005.125, -1191586.75, -1249121.125, -1300814.25, -1346908.25, -1389017.5, -1427404.625, -1462069.5, -1493890.625, -1522989.625, -1548117.875, -1571936.0, -1594501.875, -1613695.0, -1631676.5, -1648567.25, -1663413.5, -1677478.75, -1690030.875, -1701605.75, -1712192.125, -1721611.0, -1729715.75, -1737860.5, -1745570.25, -1752053.75, -1757795.375, -1763573.625, -1768539.0, -1773104.0, -1777592.0, -1781208.25, -1784885.75, -1787912.0, -1790775.75, -1793527.0, -1795778.0, -1797943.0, -1799763.5, -1801204.5, -1802744.875, -1804105.5, -1805415.625, -1806711.5, -1807963.75, -1808900.25, -1809900.5, -1810718.0, -1811416.5, -1812039.0, -1812636.5, -1813190.75, -1813728.5, -1814265.0, -1814588.5, -1815014.875, -1815374.5, -1815676.25, -1816007.0, -1816236.75, -1816462.25, -1816364.5, -1816461.5, -1816628.25, -1816751.75, -1816875.25, -1817039.0, -1817031.25, -1817083.0, -1817166.75, -1817259.125, -1817331.375, -1817344.375, -1817492.5, -1817541.5, -1817585.5, -1817624.125, -1817647.75, -1817693.5, -1817699.5, -1817743.125, -1817777.0, -1817798.625, -1817816.5, -1817833.75, -1817808.125, -1817810.0, -1817822.75, -1817806.0]
