Running with parameters: hidden=50, use_coupled=true, seed=82, lam=0.1, eta=1.0, batch=100
Test Loss: 0.0000, Test Accuracy: 0.8633, Energy: -167.97262573242188
Time taken:  0.5677740573883057
Test Loss: 0.0000, Test Accuracy: 1.0000, Energy: -5565.994140625
Time taken:  0.569150447845459
Test Loss: 0.0000, Test Accuracy: 0.9967, Energy: -58547.17578125
Time taken:  0.48937535285949707
Test Loss: 0.0000, Test Accuracy: 0.9967, Energy: -190638.34375
Time taken:  0.49494481086730957
Test Loss: 0.0000, Test Accuracy: 0.9967, Energy: -340690.71875
Time taken:  0.5063965320587158
Test Loss: 0.0000, Test Accuracy: 0.9967, Energy: -480690.28125
Time taken:  0.5050008296966553
Test Loss: 0.0000, Test Accuracy: 0.9967, Energy: -608543.0625
Time taken:  0.49735355377197266
Test Loss: 0.0000, Test Accuracy: 0.9967, Energy: -721057.625
Time taken:  0.4949169158935547
Test Loss: 0.0000, Test Accuracy: 0.9967, Energy: -822270.5625
Time taken:  0.5000743865966797
Test Loss: 0.0000, Test Accuracy: 0.9967, Energy: -910092.25
Time taken:  0.4993710517883301
Test Loss: 0.0000, Test Accuracy: 0.9967, Energy: -989418.0
Time taken:  0.502741813659668
Test Loss: 0.0000, Test Accuracy: 0.9967, Energy: -1060896.625
Time taken:  0.5134382247924805
Test Loss: 0.0000, Test Accuracy: 0.9967, Energy: -1123274.75
Time taken:  0.5260202884674072
Test Loss: 0.0000, Test Accuracy: 0.9967, Energy: -1181198.125
Time taken:  0.5106425285339355
Test Loss: 0.0000, Test Accuracy: 0.9967, Energy: -1233055.75
Time taken:  0.5060474872589111
Test Loss: 0.0000, Test Accuracy: 0.9967, Energy: -1280984.625
Time taken:  0.5443868637084961
Test Loss: 0.0000, Test Accuracy: 0.9967, Energy: -1324198.5
Time taken:  0.5250723361968994
Test Loss: 0.0000, Test Accuracy: 0.9967, Energy: -1362260.0
Time taken:  0.5081138610839844
Test Loss: 0.0000, Test Accuracy: 0.9967, Energy: -1396859.0
Time taken:  0.5735669136047363
Test Loss: 0.0000, Test Accuracy: 0.9967, Energy: -1428458.625
Time taken:  0.5051558017730713
Test Loss: 0.0000, Test Accuracy: 0.9967, Energy: -1457403.625
Time taken:  0.5755844116210938
Test Loss: 0.0000, Test Accuracy: 0.9967, Energy: -1483639.5
Time taken:  0.5070650577545166
Test Loss: 0.0000, Test Accuracy: 0.9967, Energy: -1506723.75
Time taken:  0.5157425403594971
Test Loss: 0.0000, Test Accuracy: 0.9967, Energy: -1528094.75
Time taken:  0.512181282043457
Test Loss: 0.0000, Test Accuracy: 0.9967, Energy: -1548419.375
Time taken:  0.5179228782653809
Test Loss: 0.0000, Test Accuracy: 0.9967, Energy: -1565694.875
Time taken:  0.5155525207519531
Test Loss: 0.0000, Test Accuracy: 0.9967, Energy: -1581904.5
Time taken:  0.5140256881713867
Test Loss: 0.0000, Test Accuracy: 0.9967, Energy: -1596662.5
Time taken:  0.5220792293548584
Test Loss: 0.0000, Test Accuracy: 0.9967, Energy: -1610516.0
Time taken:  0.5216195583343506
Test Loss: 0.0000, Test Accuracy: 0.9967, Energy: -1621815.125
Time taken:  0.5220065116882324
Test Loss: 0.0000, Test Accuracy: 0.9967, Energy: -1632745.25
Time taken:  0.506798267364502
Test Loss: 0.0000, Test Accuracy: 0.9967, Energy: -1642970.0
Time taken:  0.5159378051757812
Test Loss: 0.0000, Test Accuracy: 0.9967, Energy: -1652662.75
Time taken:  0.5133516788482666
Test Loss: 0.0000, Test Accuracy: 0.9967, Energy: -1661570.0
Time taken:  0.5257658958435059
Test Loss: 0.0000, Test Accuracy: 0.9967, Energy: -1669236.0
Time taken:  0.5439174175262451
Test Loss: 0.0000, Test Accuracy: 0.9967, Energy: -1676231.5
Time taken:  0.5203051567077637
Test Loss: 0.0000, Test Accuracy: 0.9967, Energy: -1683059.75
Time taken:  0.5184381008148193
Test Loss: 0.0000, Test Accuracy: 0.9967, Energy: -1688573.5
Time taken:  0.5257480144500732
Test Loss: 0.0000, Test Accuracy: 0.9967, Energy: -1693834.5
Time taken:  0.5288817882537842
Test Loss: 0.0000, Test Accuracy: 0.9967, Energy: -1698542.75
Time taken:  0.5235996246337891
Test Loss: 0.0000, Test Accuracy: 0.9967, Energy: -1702849.75
Time taken:  0.5249912738800049
Test Loss: 0.0000, Test Accuracy: 0.9967, Energy: -1706666.5
Time taken:  0.5311737060546875
Test Loss: 0.0000, Test Accuracy: 0.9967, Energy: -1710254.25
Time taken:  0.531646728515625
Test Loss: 0.0000, Test Accuracy: 0.9967, Energy: -1713479.625
Time taken:  0.5297455787658691
Test Loss: 0.0000, Test Accuracy: 0.9967, Energy: -1716585.75
Time taken:  0.5275142192840576
Test Loss: 0.0000, Test Accuracy: 0.9967, Energy: -1719194.375
Time taken:  0.5251238346099854
Test Loss: 0.0000, Test Accuracy: 0.9967, Energy: -1721716.25
Time taken:  0.5211498737335205
Test Loss: 0.0000, Test Accuracy: 0.9967, Energy: -1723805.0
Time taken:  0.5280458927154541
Test Loss: 0.0000, Test Accuracy: 0.9967, Energy: -1725702.5
Time taken:  0.5158472061157227
Test Loss: 0.0000, Test Accuracy: 0.9967, Energy: -1727585.5
Time taken:  0.5070147514343262
Test Loss: 0.0000, Test Accuracy: 0.9967, Energy: -1729259.0
Time taken:  0.5025949478149414
Test Loss: 0.0000, Test Accuracy: 0.9967, Energy: -1730806.25
Time taken:  0.5133183002471924
Test Loss: 0.0000, Test Accuracy: 0.9967, Energy: -1732296.0
Time taken:  0.5174517631530762
Test Loss: 0.0000, Test Accuracy: 0.9967, Energy: -1733539.5
Time taken:  0.5023019313812256
Test Loss: 0.0000, Test Accuracy: 0.9967, Energy: -1734744.75
Time taken:  0.520775318145752
Test Loss: 0.0000, Test Accuracy: 0.9967, Energy: -1735736.0
Time taken:  0.4993410110473633
Test Loss: 0.0000, Test Accuracy: 0.9967, Energy: -1736664.25
Time taken:  0.5031063556671143
Test Loss: 0.0000, Test Accuracy: 0.9967, Energy: -1737482.875
Time taken:  0.4890561103820801
Test Loss: 0.0000, Test Accuracy: 0.9967, Energy: -1738126.0
Time taken:  0.5054357051849365
Test Loss: 0.0000, Test Accuracy: 0.9967, Energy: -1738923.75
Time taken:  0.4972529411315918
Test Loss: 0.0000, Test Accuracy: 0.9967, Energy: -1739687.125
Time taken:  0.5030183792114258
Test Loss: 0.0000, Test Accuracy: 0.9967, Energy: -1740105.625
Time taken:  0.4927706718444824
Test Loss: 0.0000, Test Accuracy: 0.9967, Energy: -1740639.25
Time taken:  0.5027191638946533
Test Loss: 0.0000, Test Accuracy: 0.9967, Energy: -1741128.5
Time taken:  0.5064196586608887
Test Loss: 0.0000, Test Accuracy: 0.9967, Energy: -1741566.0
Time taken:  0.511237621307373
Test Loss: 0.0000, Test Accuracy: 0.9967, Energy: -1741900.25
Time taken:  0.5009646415710449
Test Loss: 0.0000, Test Accuracy: 0.9967, Energy: -1742313.5
Time taken:  0.5081026554107666
Test Loss: 0.0000, Test Accuracy: 0.9967, Energy: -1742662.625
Time taken:  0.504542350769043
Test Loss: 0.0000, Test Accuracy: 0.9967, Energy: -1742943.0
Time taken:  0.49794912338256836
Test Loss: 0.0000, Test Accuracy: 0.9967, Energy: -1743156.25
Time taken:  0.5131723880767822
Test Loss: 0.0000, Test Accuracy: 0.9967, Energy: -1743423.0
Time taken:  0.5121631622314453
Test Loss: 0.0000, Test Accuracy: 0.9967, Energy: -1743619.375
Time taken:  0.5146429538726807
Test Loss: 0.0000, Test Accuracy: 0.9967, Energy: -1743845.25
Time taken:  0.5070662498474121
Test Loss: 0.0000, Test Accuracy: 0.9967, Energy: -1744020.5
Time taken:  0.5019373893737793
Test Loss: 0.0000, Test Accuracy: 0.9967, Energy: -1744180.75
Time taken:  0.49785685539245605
Test Loss: 0.0000, Test Accuracy: 0.9967, Energy: -1744317.0
Time taken:  0.5135176181793213
Test Loss: 0.0000, Test Accuracy: 0.9967, Energy: -1744398.0
Time taken:  0.5010783672332764
Test Loss: 0.0000, Test Accuracy: 0.9967, Energy: -1744506.25
Time taken:  0.4838433265686035
Test Loss: 0.0000, Test Accuracy: 0.9967, Energy: -1744593.25
Time taken:  0.49291086196899414
Test Loss: 0.0000, Test Accuracy: 0.9967, Energy: -1744679.5
Time taken:  0.4963648319244385
Test Loss: 0.0000, Test Accuracy: 0.9967, Energy: -1744759.875
Time taken:  0.49880433082580566
Test Loss: 0.0000, Test Accuracy: 0.9967, Energy: -1744876.125
Time taken:  0.5069174766540527
Test Loss: 0.0000, Test Accuracy: 0.9967, Energy: -1744942.375
Time taken:  0.518078088760376
Test Loss: 0.0000, Test Accuracy: 0.9967, Energy: -1745015.0
Time taken:  0.5244002342224121
Test Loss: 0.0000, Test Accuracy: 0.9967, Energy: -1745068.875
Time taken:  0.524777889251709
Test Loss: 0.0000, Test Accuracy: 0.9967, Energy: -1745142.5
Time taken:  0.5196022987365723
Test Loss: 0.0000, Test Accuracy: 0.9967, Energy: -1745186.75
Time taken:  0.49883389472961426
Test Loss: 0.0000, Test Accuracy: 0.9967, Energy: -1745235.0
Time taken:  0.5049560070037842
Test Loss: 0.0000, Test Accuracy: 0.9967, Energy: -1745270.75
Time taken:  0.5014464855194092
Test Loss: 0.0000, Test Accuracy: 0.9967, Energy: -1745303.625
Time taken:  0.5045962333679199
Test Loss: 0.0000, Test Accuracy: 0.9967, Energy: -1745322.25
Time taken:  0.5136251449584961
Test Loss: 0.0000, Test Accuracy: 0.9967, Energy: -1745461.25
Time taken:  0.5185372829437256
Test Loss: 0.0000, Test Accuracy: 0.9967, Energy: -1745485.25
Time taken:  0.5142972469329834
Test Loss: 0.0000, Test Accuracy: 0.9967, Energy: -1745514.5
Time taken:  0.5178127288818359
Test Loss: 0.0000, Test Accuracy: 0.9967, Energy: -1745534.0
Time taken:  0.5067136287689209
Test Loss: 0.0000, Test Accuracy: 0.9967, Energy: -1745546.5
Time taken:  0.5229141712188721
Test Loss: 0.0000, Test Accuracy: 0.9967, Energy: -1745562.5
Time taken:  0.5141446590423584
Test Loss: 0.0000, Test Accuracy: 0.9967, Energy: -1745576.75
Time taken:  0.5416619777679443
Test Loss: 0.0000, Test Accuracy: 0.9967, Energy: -1745589.375
Time taken:  0.5202407836914062
Test Loss: 0.0000, Test Accuracy: 0.9967, Energy: -1745600.75
Time taken:  0.5138909816741943
Final accuracies: [0.8633333333333333, 1.0, 0.9966666666666667, 0.9966666666666667, 0.9966666666666667, 0.9966666666666667, 0.9966666666666667, 0.9966666666666667, 0.9966666666666667, 0.9966666666666667, 0.9966666666666667, 0.9966666666666667, 0.9966666666666667, 0.9966666666666667, 0.9966666666666667, 0.9966666666666667, 0.9966666666666667, 0.9966666666666667, 0.9966666666666667, 0.9966666666666667, 0.9966666666666667, 0.9966666666666667, 0.9966666666666667, 0.9966666666666667, 0.9966666666666667, 0.9966666666666667, 0.9966666666666667, 0.9966666666666667, 0.9966666666666667, 0.9966666666666667, 0.9966666666666667, 0.9966666666666667, 0.9966666666666667, 0.9966666666666667, 0.9966666666666667, 0.9966666666666667, 0.9966666666666667, 0.9966666666666667, 0.9966666666666667, 0.9966666666666667, 0.9966666666666667, 0.9966666666666667, 0.9966666666666667, 0.9966666666666667, 0.9966666666666667, 0.9966666666666667, 0.9966666666666667, 0.9966666666666667, 0.9966666666666667, 0.9966666666666667, 0.9966666666666667, 0.9966666666666667, 0.9966666666666667, 0.9966666666666667, 0.9966666666666667, 0.9966666666666667, 0.9966666666666667, 0.9966666666666667, 0.9966666666666667, 0.9966666666666667, 0.9966666666666667, 0.9966666666666667, 0.9966666666666667, 0.9966666666666667, 0.9966666666666667, 0.9966666666666667, 0.9966666666666667, 0.9966666666666667, 0.9966666666666667, 0.9966666666666667, 0.9966666666666667, 0.9966666666666667, 0.9966666666666667, 0.9966666666666667, 0.9966666666666667, 0.9966666666666667, 0.9966666666666667, 0.9966666666666667, 0.9966666666666667, 0.9966666666666667, 0.9966666666666667, 0.9966666666666667, 0.9966666666666667, 0.9966666666666667, 0.9966666666666667, 0.9966666666666667, 0.9966666666666667, 0.9966666666666667, 0.9966666666666667, 0.9966666666666667, 0.9966666666666667, 0.9966666666666667, 0.9966666666666667, 0.9966666666666667, 0.9966666666666667, 0.9966666666666667, 0.9966666666666667, 0.9966666666666667, 0.9966666666666667, 0.9966666666666667]
Final energies: [-167.97262573242188, -5565.994140625, -58547.17578125, -190638.34375, -340690.71875, -480690.28125, -608543.0625, -721057.625, -822270.5625, -910092.25, -989418.0, -1060896.625, -1123274.75, -1181198.125, -1233055.75, -1280984.625, -1324198.5, -1362260.0, -1396859.0, -1428458.625, -1457403.625, -1483639.5, -1506723.75, -1528094.75, -1548419.375, -1565694.875, -1581904.5, -1596662.5, -1610516.0, -1621815.125, -1632745.25, -1642970.0, -1652662.75, -1661570.0, -1669236.0, -1676231.5, -1683059.75, -1688573.5, -1693834.5, -1698542.75, -1702849.75, -1706666.5, -1710254.25, -1713479.625, -1716585.75, -1719194.375, -1721716.25, -1723805.0, -1725702.5, -1727585.5, -1729259.0, -1730806.25, -1732296.0, -1733539.5, -1734744.75, -1735736.0, -1736664.25, -1737482.875, -1738126.0, -1738923.75, -1739687.125, -1740105.625, -1740639.25, -1741128.5, -1741566.0, -1741900.25, -1742313.5, -1742662.625, -1742943.0, -1743156.25, -1743423.0, -1743619.375, -1743845.25, -1744020.5, -1744180.75, -1744317.0, -1744398.0, -1744506.25, -1744593.25, -1744679.5, -1744759.875, -1744876.125, -1744942.375, -1745015.0, -1745068.875, -1745142.5, -1745186.75, -1745235.0, -1745270.75, -1745303.625, -1745322.25, -1745461.25, -1745485.25, -1745514.5, -1745534.0, -1745546.5, -1745562.5, -1745576.75, -1745589.375, -1745600.75]
