Running with parameters: hidden=50, use_coupled=true, seed=60, lam=0.1, eta=1.0, batch=100
Test Loss: 0.0000, Test Accuracy: 0.9500, Energy: -770.2725830078125
Time taken:  0.7793622016906738
Test Loss: 0.0000, Test Accuracy: 1.0000, Energy: -21652.009765625
Time taken:  0.8014199733734131
Test Loss: 0.0000, Test Accuracy: 0.9967, Energy: -134792.921875
Time taken:  0.8538937568664551
Test Loss: 0.0000, Test Accuracy: 0.9967, Energy: -276089.09375
Time taken:  0.807070255279541
Test Loss: 0.0000, Test Accuracy: 0.9967, Energy: -421096.9375
Time taken:  0.8580112457275391
Test Loss: 0.0000, Test Accuracy: 0.9967, Energy: -567622.8125
Time taken:  0.8002572059631348
Test Loss: 0.0000, Test Accuracy: 0.9967, Energy: -710051.3125
Time taken:  0.8046684265136719
Test Loss: 0.0000, Test Accuracy: 0.9967, Energy: -834414.1875
Time taken:  0.7869796752929688
Test Loss: 0.0000, Test Accuracy: 0.9967, Energy: -941569.25
Time taken:  0.8024170398712158
Test Loss: 0.0000, Test Accuracy: 0.9967, Energy: -1037947.125
Time taken:  0.8024618625640869
Test Loss: 0.0000, Test Accuracy: 0.9967, Energy: -1122420.75
Time taken:  0.8111450672149658
Test Loss: 0.0000, Test Accuracy: 0.9967, Energy: -1198194.0
Time taken:  0.8033478260040283
Test Loss: 0.0000, Test Accuracy: 0.9967, Energy: -1265776.0
Time taken:  0.8162391185760498
Test Loss: 0.0000, Test Accuracy: 0.9967, Energy: -1327556.5
Time taken:  0.7939906120300293
Test Loss: 0.0000, Test Accuracy: 1.0000, Energy: -1385009.375
Time taken:  0.7944824695587158
Test Loss: 0.0000, Test Accuracy: 1.0000, Energy: -1436833.75
Time taken:  0.814044713973999
Test Loss: 0.0000, Test Accuracy: 1.0000, Energy: -1484190.125
Time taken:  0.804046630859375
Test Loss: 0.0000, Test Accuracy: 0.9967, Energy: -1526947.625
Time taken:  0.8113570213317871
Test Loss: 0.0000, Test Accuracy: 0.9967, Energy: -1566675.0
Time taken:  0.8090407848358154
Test Loss: 0.0000, Test Accuracy: 0.9967, Energy: -1602171.5
Time taken:  0.8059444427490234
Test Loss: 0.0000, Test Accuracy: 0.9967, Energy: -1633897.5
Time taken:  0.8106429576873779
Test Loss: 0.0000, Test Accuracy: 0.9967, Energy: -1663776.0
Time taken:  0.8082005977630615
Test Loss: 0.0000, Test Accuracy: 0.9967, Energy: -1690551.875
Time taken:  0.8149611949920654
Test Loss: 0.0000, Test Accuracy: 0.9967, Energy: -1714991.25
Time taken:  0.7965199947357178
Test Loss: 0.0000, Test Accuracy: 0.9967, Energy: -1736610.0
Time taken:  0.8109903335571289
Test Loss: 0.0000, Test Accuracy: 0.9967, Energy: -1757132.25
Time taken:  0.8020672798156738
Test Loss: 0.0000, Test Accuracy: 0.9967, Energy: -1775799.75
Time taken:  0.8089823722839355
Test Loss: 0.0000, Test Accuracy: 0.9967, Energy: -1792409.25
Time taken:  0.8099932670593262
Test Loss: 0.0000, Test Accuracy: 0.9967, Energy: -1807281.5
Time taken:  0.8098292350769043
Test Loss: 0.0000, Test Accuracy: 0.9967, Energy: -1821603.0
Time taken:  0.814664363861084
Test Loss: 0.0000, Test Accuracy: 0.9967, Energy: -1834363.125
Time taken:  0.8218281269073486
Test Loss: 0.0000, Test Accuracy: 0.9967, Energy: -1845988.5
Time taken:  0.8110373020172119
Test Loss: 0.0000, Test Accuracy: 0.9967, Energy: -1856788.75
Time taken:  0.8028504848480225
Test Loss: 0.0000, Test Accuracy: 0.9967, Energy: -1867125.0
Time taken:  0.818159818649292
Test Loss: 0.0000, Test Accuracy: 0.9967, Energy: -1875588.25
Time taken:  0.8110711574554443
Test Loss: 0.0000, Test Accuracy: 0.9967, Energy: -1883339.0
Time taken:  0.8076791763305664
Test Loss: 0.0000, Test Accuracy: 0.9967, Energy: -1891069.25
Time taken:  0.8029634952545166
Test Loss: 0.0000, Test Accuracy: 0.9967, Energy: -1898057.125
Time taken:  0.8108131885528564
Test Loss: 0.0000, Test Accuracy: 0.9967, Energy: -1904525.0
Time taken:  0.8183467388153076
Test Loss: 0.0000, Test Accuracy: 0.9967, Energy: -1910250.625
Time taken:  0.8110508918762207
Test Loss: 0.0000, Test Accuracy: 0.9967, Energy: -1914929.75
Time taken:  0.8171420097351074
Test Loss: 0.0000, Test Accuracy: 0.9967, Energy: -1920156.875
Time taken:  0.8105690479278564
Test Loss: 0.0000, Test Accuracy: 0.9967, Energy: -1925043.625
Time taken:  0.8144056797027588
Test Loss: 0.0000, Test Accuracy: 0.9967, Energy: -1928443.5
Time taken:  0.8201618194580078
Test Loss: 0.0000, Test Accuracy: 0.9967, Energy: -1932142.75
Time taken:  0.8033339977264404
Test Loss: 0.0000, Test Accuracy: 0.9967, Energy: -1935388.25
Time taken:  0.8287687301635742
Test Loss: 0.0000, Test Accuracy: 0.9967, Energy: -1938406.0
Time taken:  0.8071370124816895
Test Loss: 0.0000, Test Accuracy: 0.9967, Energy: -1941291.5
Time taken:  0.8087625503540039
Test Loss: 0.0000, Test Accuracy: 0.9967, Energy: -1943747.0
Time taken:  0.8152458667755127
Test Loss: 0.0000, Test Accuracy: 0.9967, Energy: -1945786.75
Time taken:  0.8114457130432129
Test Loss: 0.0000, Test Accuracy: 0.9967, Energy: -1947777.75
Time taken:  0.8037276268005371
Test Loss: 0.0000, Test Accuracy: 0.9967, Energy: -1949312.125
Time taken:  0.8090364933013916
Test Loss: 0.0000, Test Accuracy: 0.9967, Energy: -1950904.625
Time taken:  0.8083672523498535
Test Loss: 0.0000, Test Accuracy: 0.9967, Energy: -1952306.75
Time taken:  0.8187265396118164
Test Loss: 0.0000, Test Accuracy: 0.9967, Energy: -1953665.0
Time taken:  0.8126630783081055
Test Loss: 0.0000, Test Accuracy: 0.9967, Energy: -1955154.75
Time taken:  0.8176276683807373
Test Loss: 0.0000, Test Accuracy: 0.9967, Energy: -1956184.25
Time taken:  0.8052473068237305
Test Loss: 0.0000, Test Accuracy: 0.9967, Energy: -1957226.0
Time taken:  0.8036530017852783
Test Loss: 0.0000, Test Accuracy: 0.9967, Energy: -1958327.25
Time taken:  0.8059518337249756
Test Loss: 0.0000, Test Accuracy: 0.9967, Energy: -1958814.0
Time taken:  0.806267261505127
Test Loss: 0.0000, Test Accuracy: 0.9967, Energy: -1959698.0
Time taken:  0.8006138801574707
Test Loss: 0.0000, Test Accuracy: 0.9967, Energy: -1960499.125
Time taken:  0.8053815364837646
Test Loss: 0.0000, Test Accuracy: 0.9967, Energy: -1960957.125
Time taken:  0.808124303817749
Test Loss: 0.0000, Test Accuracy: 0.9967, Energy: -1961582.75
Time taken:  0.8132712841033936
Test Loss: 0.0000, Test Accuracy: 0.9967, Energy: -1962220.25
Time taken:  0.8087985515594482
Test Loss: 0.0000, Test Accuracy: 0.9967, Energy: -1962687.75
Time taken:  0.8046233654022217
Test Loss: 0.0000, Test Accuracy: 0.9967, Energy: -1962983.0
Time taken:  0.8045833110809326
Test Loss: 0.0000, Test Accuracy: 0.9967, Energy: -1963396.75
Time taken:  0.806666374206543
Test Loss: 0.0000, Test Accuracy: 0.9967, Energy: -1963716.75
Time taken:  0.8133676052093506
Test Loss: 0.0000, Test Accuracy: 0.9967, Energy: -1964137.0
Time taken:  0.8002314567565918
Test Loss: 0.0000, Test Accuracy: 0.9967, Energy: -1964491.5
Time taken:  0.8086535930633545
Test Loss: 0.0000, Test Accuracy: 0.9967, Energy: -1964780.0
Time taken:  0.8079555034637451
Test Loss: 0.0000, Test Accuracy: 0.9967, Energy: -1965145.0
Time taken:  0.8060474395751953
Test Loss: 0.0000, Test Accuracy: 0.9967, Energy: -1965431.75
Time taken:  0.8082664012908936
Test Loss: 0.0000, Test Accuracy: 0.9967, Energy: -1965729.0
Time taken:  0.801699161529541
Test Loss: 0.0000, Test Accuracy: 0.9967, Energy: -1966045.25
Time taken:  0.8123822212219238
Test Loss: 0.0000, Test Accuracy: 0.9967, Energy: -1966187.625
Time taken:  0.8080658912658691
Test Loss: 0.0000, Test Accuracy: 0.9967, Energy: -1966293.0
Time taken:  0.8088610172271729
Test Loss: 0.0000, Test Accuracy: 0.9967, Energy: -1966444.25
Time taken:  0.8071081638336182
Test Loss: 0.0000, Test Accuracy: 0.9967, Energy: -1966494.875
Time taken:  0.8097317218780518
Test Loss: 0.0000, Test Accuracy: 0.9967, Energy: -1966603.25
Time taken:  0.7992415428161621
Test Loss: 0.0000, Test Accuracy: 0.9967, Energy: -1966683.0
Time taken:  0.801260232925415
Test Loss: 0.0000, Test Accuracy: 0.9967, Energy: -1966665.5
Time taken:  0.8119239807128906
Test Loss: 0.0000, Test Accuracy: 0.9967, Energy: -1966706.0
Time taken:  0.805955171585083
Test Loss: 0.0000, Test Accuracy: 0.9967, Energy: -1966808.5
Time taken:  0.811509370803833
Test Loss: 0.0000, Test Accuracy: 0.9967, Energy: -1966862.75
Time taken:  0.8101658821105957
Test Loss: 0.0000, Test Accuracy: 0.9967, Energy: -1966911.5
Time taken:  0.8189980983734131
Test Loss: 0.0000, Test Accuracy: 0.9967, Energy: -1966949.25
Time taken:  0.8041512966156006
Test Loss: 0.0000, Test Accuracy: 0.9967, Energy: -1967017.375
Time taken:  0.8047773838043213
Test Loss: 0.0000, Test Accuracy: 0.9967, Energy: -1967361.125
Time taken:  0.813208818435669
Test Loss: 0.0000, Test Accuracy: 0.9967, Energy: -1967407.75
Time taken:  0.8068475723266602
Test Loss: 0.0000, Test Accuracy: 0.9967, Energy: -1967403.25
Time taken:  0.7969491481781006
Test Loss: 0.0000, Test Accuracy: 0.9967, Energy: -1967404.625
Time taken:  0.8050625324249268
Test Loss: 0.0000, Test Accuracy: 0.9967, Energy: -1967429.75
Time taken:  0.7965207099914551
Test Loss: 0.0000, Test Accuracy: 0.9967, Energy: -1967479.0
Time taken:  0.8097937107086182
Test Loss: 0.0000, Test Accuracy: 0.9967, Energy: -1967491.25
Time taken:  0.8068835735321045
Test Loss: 0.0000, Test Accuracy: 0.9967, Energy: -1967510.125
Time taken:  0.8149657249450684
Test Loss: 0.0000, Test Accuracy: 0.9967, Energy: -1967542.5
Time taken:  0.8077378273010254
Test Loss: 0.0000, Test Accuracy: 0.9967, Energy: -1967535.5
Time taken:  0.8078789710998535
Test Loss: 0.0000, Test Accuracy: 0.9967, Energy: -1967516.5
Time taken:  0.7636170387268066
Final accuracies: [0.95, 1.0, 0.9966666666666667, 0.9966666666666667, 0.9966666666666667, 0.9966666666666667, 0.9966666666666667, 0.9966666666666667, 0.9966666666666667, 0.9966666666666667, 0.9966666666666667, 0.9966666666666667, 0.9966666666666667, 0.9966666666666667, 1.0, 1.0, 1.0, 0.9966666666666667, 0.9966666666666667, 0.9966666666666667, 0.9966666666666667, 0.9966666666666667, 0.9966666666666667, 0.9966666666666667, 0.9966666666666667, 0.9966666666666667, 0.9966666666666667, 0.9966666666666667, 0.9966666666666667, 0.9966666666666667, 0.9966666666666667, 0.9966666666666667, 0.9966666666666667, 0.9966666666666667, 0.9966666666666667, 0.9966666666666667, 0.9966666666666667, 0.9966666666666667, 0.9966666666666667, 0.9966666666666667, 0.9966666666666667, 0.9966666666666667, 0.9966666666666667, 0.9966666666666667, 0.9966666666666667, 0.9966666666666667, 0.9966666666666667, 0.9966666666666667, 0.9966666666666667, 0.9966666666666667, 0.9966666666666667, 0.9966666666666667, 0.9966666666666667, 0.9966666666666667, 0.9966666666666667, 0.9966666666666667, 0.9966666666666667, 0.9966666666666667, 0.9966666666666667, 0.9966666666666667, 0.9966666666666667, 0.9966666666666667, 0.9966666666666667, 0.9966666666666667, 0.9966666666666667, 0.9966666666666667, 0.9966666666666667, 0.9966666666666667, 0.9966666666666667, 0.9966666666666667, 0.9966666666666667, 0.9966666666666667, 0.9966666666666667, 0.9966666666666667, 0.9966666666666667, 0.9966666666666667, 0.9966666666666667, 0.9966666666666667, 0.9966666666666667, 0.9966666666666667, 0.9966666666666667, 0.9966666666666667, 0.9966666666666667, 0.9966666666666667, 0.9966666666666667, 0.9966666666666667, 0.9966666666666667, 0.9966666666666667, 0.9966666666666667, 0.9966666666666667, 0.9966666666666667, 0.9966666666666667, 0.9966666666666667, 0.9966666666666667, 0.9966666666666667, 0.9966666666666667, 0.9966666666666667, 0.9966666666666667, 0.9966666666666667, 0.9966666666666667]
Final energies: [-770.2725830078125, -21652.009765625, -134792.921875, -276089.09375, -421096.9375, -567622.8125, -710051.3125, -834414.1875, -941569.25, -1037947.125, -1122420.75, -1198194.0, -1265776.0, -1327556.5, -1385009.375, -1436833.75, -1484190.125, -1526947.625, -1566675.0, -1602171.5, -1633897.5, -1663776.0, -1690551.875, -1714991.25, -1736610.0, -1757132.25, -1775799.75, -1792409.25, -1807281.5, -1821603.0, -1834363.125, -1845988.5, -1856788.75, -1867125.0, -1875588.25, -1883339.0, -1891069.25, -1898057.125, -1904525.0, -1910250.625, -1914929.75, -1920156.875, -1925043.625, -1928443.5, -1932142.75, -1935388.25, -1938406.0, -1941291.5, -1943747.0, -1945786.75, -1947777.75, -1949312.125, -1950904.625, -1952306.75, -1953665.0, -1955154.75, -1956184.25, -1957226.0, -1958327.25, -1958814.0, -1959698.0, -1960499.125, -1960957.125, -1961582.75, -1962220.25, -1962687.75, -1962983.0, -1963396.75, -1963716.75, -1964137.0, -1964491.5, -1964780.0, -1965145.0, -1965431.75, -1965729.0, -1966045.25, -1966187.625, -1966293.0, -1966444.25, -1966494.875, -1966603.25, -1966683.0, -1966665.5, -1966706.0, -1966808.5, -1966862.75, -1966911.5, -1966949.25, -1967017.375, -1967361.125, -1967407.75, -1967403.25, -1967404.625, -1967429.75, -1967479.0, -1967491.25, -1967510.125, -1967542.5, -1967535.5, -1967516.5]
