Running with parameters: hidden=100, use_coupled=true, seed=93, lam=0.1, eta=0.5, batch=50
Test Loss: 0.0000, Test Accuracy: 0.9933, Energy: -23127.455078125
Time taken:  2.5855815410614014
Test Loss: 0.0000, Test Accuracy: 0.9967, Energy: -773101.1875
Time taken:  2.720705509185791
Test Loss: 0.0000, Test Accuracy: 0.9967, Energy: -1661941.25
Time taken:  2.599207639694214
Test Loss: 0.0000, Test Accuracy: 0.9967, Energy: -2351193.25
Time taken:  2.652977466583252
Test Loss: 0.0000, Test Accuracy: 0.9967, Energy: -2903756.0
Time taken:  2.5920944213867188
Test Loss: 0.0000, Test Accuracy: 0.9967, Energy: -3346879.25
Time taken:  2.5552334785461426
Test Loss: 0.0000, Test Accuracy: 1.0000, Energy: -3706292.5
Time taken:  2.608290910720825
Test Loss: 0.0000, Test Accuracy: 1.0000, Energy: -4002230.75
Time taken:  2.633453369140625
Test Loss: 0.0000, Test Accuracy: 1.0000, Energy: -4245843.0
Time taken:  2.6470422744750977
Test Loss: 0.0000, Test Accuracy: 1.0000, Energy: -4449564.0
Time taken:  2.6350595951080322
Test Loss: 0.0000, Test Accuracy: 1.0000, Energy: -4618682.0
Time taken:  2.613523244857788
Test Loss: 0.0000, Test Accuracy: 1.0000, Energy: -4755209.0
Time taken:  2.6217167377471924
Test Loss: 0.0000, Test Accuracy: 1.0000, Energy: -4871266.5
Time taken:  2.603705883026123
Test Loss: 0.0000, Test Accuracy: 1.0000, Energy: -4965119.0
Time taken:  2.602299213409424
Test Loss: 0.0000, Test Accuracy: 1.0000, Energy: -5046339.0
Time taken:  2.682378053665161
Test Loss: 0.0000, Test Accuracy: 1.0000, Energy: -5110055.0
Time taken:  2.620816469192505
Test Loss: 0.0000, Test Accuracy: 1.0000, Energy: -5165914.5
Time taken:  2.6198832988739014
Test Loss: 0.0000, Test Accuracy: 1.0000, Energy: -5212117.5
Time taken:  2.6401402950286865
Test Loss: 0.0000, Test Accuracy: 1.0000, Energy: -5249723.0
Time taken:  2.6307754516601562
Test Loss: 0.0000, Test Accuracy: 1.0000, Energy: -5280547.5
Time taken:  2.640817642211914
Test Loss: 0.0000, Test Accuracy: 1.0000, Energy: -5307079.5
Time taken:  2.6551625728607178
Test Loss: 0.0000, Test Accuracy: 1.0000, Energy: -5328574.5
Time taken:  2.646866798400879
Test Loss: 0.0000, Test Accuracy: 1.0000, Energy: -5346339.0
Time taken:  2.648895502090454
Test Loss: 0.0000, Test Accuracy: 1.0000, Energy: -5361000.0
Time taken:  2.624941349029541
Test Loss: 0.0000, Test Accuracy: 1.0000, Energy: -5372944.5
Time taken:  2.630234718322754
Test Loss: 0.0000, Test Accuracy: 1.0000, Energy: -5382892.0
Time taken:  2.5976006984710693
Test Loss: 0.0000, Test Accuracy: 1.0000, Energy: -5391020.0
Time taken:  2.616520404815674
Test Loss: 0.0000, Test Accuracy: 1.0000, Energy: -5397696.0
Time taken:  2.6515848636627197
Test Loss: 0.0000, Test Accuracy: 1.0000, Energy: -5403180.0
Time taken:  2.613741397857666
Test Loss: 0.0000, Test Accuracy: 1.0000, Energy: -5407478.5
Time taken:  2.6261541843414307
Test Loss: 0.0000, Test Accuracy: 1.0000, Energy: -5411143.0
Time taken:  2.612819194793701
Test Loss: 0.0000, Test Accuracy: 1.0000, Energy: -5414216.5
Time taken:  2.646512746810913
Test Loss: 0.0000, Test Accuracy: 1.0000, Energy: -5417432.0
Time taken:  2.652695417404175
Test Loss: 0.0000, Test Accuracy: 1.0000, Energy: -5419870.0
Time taken:  2.642336130142212
Test Loss: 0.0000, Test Accuracy: 1.0000, Energy: -5421479.0
Time taken:  2.6014299392700195
Test Loss: 0.0000, Test Accuracy: 1.0000, Energy: -5423221.5
Time taken:  2.5916595458984375
Test Loss: 0.0000, Test Accuracy: 1.0000, Energy: -5424027.0
Time taken:  2.605499505996704
Test Loss: 0.0000, Test Accuracy: 1.0000, Energy: -5424699.5
Time taken:  2.609398365020752
Test Loss: 0.0000, Test Accuracy: 1.0000, Energy: -5425031.5
Time taken:  2.6361351013183594
Test Loss: 0.0000, Test Accuracy: 1.0000, Energy: -5425567.5
Time taken:  2.6464035511016846
Test Loss: 0.0000, Test Accuracy: 1.0000, Energy: -5426366.5
Time taken:  2.567823886871338
Test Loss: 0.0000, Test Accuracy: 1.0000, Energy: -5426821.0
Time taken:  2.556756019592285
Test Loss: 0.0000, Test Accuracy: 1.0000, Energy: -5427165.5
Time taken:  2.6318225860595703
Test Loss: 0.0000, Test Accuracy: 1.0000, Energy: -5427340.0
Time taken:  2.667395830154419
Test Loss: 0.0000, Test Accuracy: 1.0000, Energy: -5427515.0
Time taken:  2.672588586807251
Test Loss: 0.0000, Test Accuracy: 1.0000, Energy: -5427615.0
Time taken:  2.617321729660034
Test Loss: 0.0000, Test Accuracy: 1.0000, Energy: -5427658.5
Time taken:  2.6602249145507812
Test Loss: 0.0000, Test Accuracy: 1.0000, Energy: -5427794.0
Time taken:  2.661090850830078
Test Loss: 0.0000, Test Accuracy: 1.0000, Energy: -5427880.5
Time taken:  2.6015398502349854
Test Loss: 0.0000, Test Accuracy: 1.0000, Energy: -5427918.0
Time taken:  2.597163200378418
Test Loss: 0.0000, Test Accuracy: 1.0000, Energy: -5427947.0
Time taken:  2.5912106037139893
Test Loss: 0.0000, Test Accuracy: 1.0000, Energy: -5427938.0
Time taken:  2.60123610496521
Test Loss: 0.0000, Test Accuracy: 1.0000, Energy: -5428066.5
Time taken:  2.640878677368164
Test Loss: 0.0000, Test Accuracy: 1.0000, Energy: -5428074.5
Time taken:  2.652811288833618
Test Loss: 0.0000, Test Accuracy: 1.0000, Energy: -5428034.5
Time taken:  2.630905866622925
Test Loss: 0.0000, Test Accuracy: 1.0000, Energy: -5428031.0
Time taken:  2.6229569911956787
Test Loss: 0.0000, Test Accuracy: 1.0000, Energy: -5428022.0
Time taken:  2.6692311763763428
Test Loss: 0.0000, Test Accuracy: 1.0000, Energy: -5427945.0
Time taken:  2.6515207290649414
Test Loss: 0.0000, Test Accuracy: 1.0000, Energy: -5427871.5
Time taken:  2.6228957176208496
Test Loss: 0.0000, Test Accuracy: 1.0000, Energy: -5427168.0
Time taken:  2.704543113708496
Test Loss: 0.0000, Test Accuracy: 1.0000, Energy: -5427166.0
Time taken:  2.6227633953094482
Test Loss: 0.0000, Test Accuracy: 1.0000, Energy: -5427064.5
Time taken:  2.6028201580047607
Test Loss: 0.0000, Test Accuracy: 1.0000, Energy: -5426995.5
Time taken:  2.619035243988037
Test Loss: 0.0000, Test Accuracy: 1.0000, Energy: -5426946.5
Time taken:  2.628135919570923
Test Loss: 0.0000, Test Accuracy: 1.0000, Energy: -5426878.5
Time taken:  2.651707649230957
Test Loss: 0.0000, Test Accuracy: 1.0000, Energy: -5426818.0
Time taken:  2.64166522026062
Test Loss: 0.0000, Test Accuracy: 1.0000, Energy: -5426727.0
Time taken:  2.660458564758301
Test Loss: 0.0000, Test Accuracy: 1.0000, Energy: -5426808.0
Time taken:  2.6638290882110596
Test Loss: 0.0000, Test Accuracy: 1.0000, Energy: -5426744.0
Time taken:  2.6382925510406494
Test Loss: 0.0000, Test Accuracy: 1.0000, Energy: -5426706.0
Time taken:  2.650961399078369
Test Loss: 0.0000, Test Accuracy: 1.0000, Energy: -5426686.0
Time taken:  2.5922374725341797
Test Loss: 0.0000, Test Accuracy: 1.0000, Energy: -5426676.5
Time taken:  2.6456072330474854
Test Loss: 0.0000, Test Accuracy: 1.0000, Energy: -5426640.0
Time taken:  2.637730836868286
Test Loss: 0.0000, Test Accuracy: 1.0000, Energy: -5426145.0
Time taken:  2.6337730884552
Test Loss: 0.0000, Test Accuracy: 1.0000, Energy: -5426140.0
Time taken:  2.6115224361419678
Test Loss: 0.0000, Test Accuracy: 1.0000, Energy: -5426195.0
Time taken:  2.6331121921539307
Test Loss: 0.0000, Test Accuracy: 1.0000, Energy: -5426149.5
Time taken:  2.6744375228881836
Test Loss: 0.0000, Test Accuracy: 1.0000, Energy: -5426099.5
Time taken:  2.6497015953063965
Test Loss: 0.0000, Test Accuracy: 1.0000, Energy: -5426079.0
Time taken:  2.6169869899749756
Test Loss: 0.0000, Test Accuracy: 1.0000, Energy: -5426088.0
Time taken:  2.614823341369629
Test Loss: 0.0000, Test Accuracy: 1.0000, Energy: -5426033.5
Time taken:  2.637932300567627
Test Loss: 0.0000, Test Accuracy: 1.0000, Energy: -5426000.5
Time taken:  2.626220226287842
Test Loss: 0.0000, Test Accuracy: 1.0000, Energy: -5425991.5
Time taken:  2.621256113052368
Test Loss: 0.0000, Test Accuracy: 1.0000, Energy: -5425880.5
Time taken:  2.6440694332122803
Test Loss: 0.0000, Test Accuracy: 1.0000, Energy: -5425822.5
Time taken:  2.62180757522583
Test Loss: 0.0000, Test Accuracy: 1.0000, Energy: -5425846.0
Time taken:  2.6534292697906494
Test Loss: 0.0000, Test Accuracy: 1.0000, Energy: -5425802.0
Time taken:  2.6425559520721436
Test Loss: 0.0000, Test Accuracy: 1.0000, Energy: -5425749.0
Time taken:  2.61761212348938
Test Loss: 0.0000, Test Accuracy: 1.0000, Energy: -5425722.5
Time taken:  2.632477283477783
Test Loss: 0.0000, Test Accuracy: 1.0000, Energy: -5425682.0
Time taken:  2.611232042312622
Test Loss: 0.0000, Test Accuracy: 1.0000, Energy: -5425269.0
Time taken:  2.6565487384796143
Test Loss: 0.0000, Test Accuracy: 1.0000, Energy: -5425257.0
Time taken:  2.6318552494049072
Test Loss: 0.0000, Test Accuracy: 1.0000, Energy: -5425214.0
Time taken:  2.6342132091522217
Test Loss: 0.0000, Test Accuracy: 1.0000, Energy: -5425169.5
Time taken:  2.6689908504486084
Test Loss: 0.0000, Test Accuracy: 1.0000, Energy: -5425122.5
Time taken:  2.637972354888916
Test Loss: 0.0000, Test Accuracy: 1.0000, Energy: -5425073.5
Time taken:  2.5899405479431152
Test Loss: 0.0000, Test Accuracy: 1.0000, Energy: -5425051.5
Time taken:  2.456022262573242
Test Loss: 0.0000, Test Accuracy: 1.0000, Energy: -5425039.5
Time taken:  2.341914176940918
Test Loss: 0.0000, Test Accuracy: 1.0000, Energy: -5425029.0
Time taken:  1.8902018070220947
Test Loss: 0.0000, Test Accuracy: 1.0000, Energy: -5425033.0
Time taken:  1.2584919929504395
Final accuracies: [0.9933333333333333, 0.9966666666666667, 0.9966666666666667, 0.9966666666666667, 0.9966666666666667, 0.9966666666666667, 1.0, 1.0, 1.0, 1.0, 1.0, 1.0, 1.0, 1.0, 1.0, 1.0, 1.0, 1.0, 1.0, 1.0, 1.0, 1.0, 1.0, 1.0, 1.0, 1.0, 1.0, 1.0, 1.0, 1.0, 1.0, 1.0, 1.0, 1.0, 1.0, 1.0, 1.0, 1.0, 1.0, 1.0, 1.0, 1.0, 1.0, 1.0, 1.0, 1.0, 1.0, 1.0, 1.0, 1.0, 1.0, 1.0, 1.0, 1.0, 1.0, 1.0, 1.0, 1.0, 1.0, 1.0, 1.0, 1.0, 1.0, 1.0, 1.0, 1.0, 1.0, 1.0, 1.0, 1.0, 1.0, 1.0, 1.0, 1.0, 1.0, 1.0, 1.0, 1.0, 1.0, 1.0, 1.0, 1.0, 1.0, 1.0, 1.0, 1.0, 1.0, 1.0, 1.0, 1.0, 1.0, 1.0, 1.0, 1.0, 1.0, 1.0, 1.0, 1.0, 1.0, 1.0]
Final energies: [-23127.455078125, -773101.1875, -1661941.25, -2351193.25, -2903756.0, -3346879.25, -3706292.5, -4002230.75, -4245843.0, -4449564.0, -4618682.0, -4755209.0, -4871266.5, -4965119.0, -5046339.0, -5110055.0, -5165914.5, -5212117.5, -5249723.0, -5280547.5, -5307079.5, -5328574.5, -5346339.0, -5361000.0, -5372944.5, -5382892.0, -5391020.0, -5397696.0, -5403180.0, -5407478.5, -5411143.0, -5414216.5, -5417432.0, -5419870.0, -5421479.0, -5423221.5, -5424027.0, -5424699.5, -5425031.5, -5425567.5, -5426366.5, -5426821.0, -5427165.5, -5427340.0, -5427515.0, -5427615.0, -5427658.5, -5427794.0, -5427880.5, -5427918.0, -5427947.0, -5427938.0, -5428066.5, -5428074.5, -5428034.5, -5428031.0, -5428022.0, -5427945.0, -5427871.5, -5427168.0, -5427166.0, -5427064.5, -5426995.5, -5426946.5, -5426878.5, -5426818.0, -5426727.0, -5426808.0, -5426744.0, -5426706.0, -5426686.0, -5426676.5, -5426640.0, -5426145.0, -5426140.0, -5426195.0, -5426149.5, -5426099.5, -5426079.0, -5426088.0, -5426033.5, -5426000.5, -5425991.5, -5425880.5, -5425822.5, -5425846.0, -5425802.0, -5425749.0, -5425722.5, -5425682.0, -5425269.0, -5425257.0, -5425214.0, -5425169.5, -5425122.5, -5425073.5, -5425051.5, -5425039.5, -5425029.0, -5425033.0]
