Running with parameters: hidden=100, use_coupled=true, seed=86, lam=0.1, eta=0.5, batch=50
Test Loss: 0.0000, Test Accuracy: 1.0000, Energy: -27096.92578125
Time taken:  2.6532399654388428
Test Loss: 0.0000, Test Accuracy: 0.9967, Energy: -860770.5
Time taken:  2.4945452213287354
Test Loss: 0.0000, Test Accuracy: 0.9967, Energy: -1693974.75
Time taken:  2.464139461517334
Test Loss: 0.0000, Test Accuracy: 0.9967, Energy: -2309401.5
Time taken:  2.4943532943725586
Test Loss: 0.0000, Test Accuracy: 0.9967, Energy: -2794934.5
Time taken:  2.50186824798584
Test Loss: 0.0000, Test Accuracy: 0.9967, Energy: -3187919.75
Time taken:  2.468970537185669
Test Loss: 0.0000, Test Accuracy: 0.9967, Energy: -3506479.5
Time taken:  2.502547025680542
Test Loss: 0.0000, Test Accuracy: 0.9967, Energy: -3768646.0
Time taken:  2.533355951309204
Test Loss: 0.0000, Test Accuracy: 0.9967, Energy: -3983954.25
Time taken:  2.5550849437713623
Test Loss: 0.0000, Test Accuracy: 0.9967, Energy: -4160951.25
Time taken:  2.5374767780303955
Test Loss: 0.0000, Test Accuracy: 0.9967, Energy: -4308353.5
Time taken:  2.553269147872925
Test Loss: 0.0000, Test Accuracy: 0.9967, Energy: -4427147.5
Time taken:  2.56964111328125
Test Loss: 0.0000, Test Accuracy: 0.9967, Energy: -4528025.5
Time taken:  2.541156530380249
Test Loss: 0.0000, Test Accuracy: 0.9967, Energy: -4609166.5
Time taken:  2.5622267723083496
Test Loss: 0.0000, Test Accuracy: 0.9967, Energy: -4676389.5
Time taken:  2.562464714050293
Test Loss: 0.0000, Test Accuracy: 0.9967, Energy: -4728725.0
Time taken:  2.5392212867736816
Test Loss: 0.0000, Test Accuracy: 0.9967, Energy: -4774453.0
Time taken:  2.5600175857543945
Test Loss: 0.0000, Test Accuracy: 0.9967, Energy: -4811578.0
Time taken:  2.5740225315093994
Test Loss: 0.0000, Test Accuracy: 0.9967, Energy: -4843119.0
Time taken:  2.5294501781463623
Test Loss: 0.0000, Test Accuracy: 0.9967, Energy: -4867921.0
Time taken:  2.515004873275757
Test Loss: 0.0000, Test Accuracy: 0.9967, Energy: -4889071.5
Time taken:  2.558439254760742
Test Loss: 0.0000, Test Accuracy: 0.9967, Energy: -4906858.5
Time taken:  2.530482292175293
Test Loss: 0.0000, Test Accuracy: 0.9967, Energy: -4920437.5
Time taken:  2.5578432083129883
Test Loss: 0.0000, Test Accuracy: 0.9967, Energy: -4933809.5
Time taken:  2.5657284259796143
Test Loss: 0.0000, Test Accuracy: 0.9967, Energy: -4944393.0
Time taken:  2.5607571601867676
Test Loss: 0.0000, Test Accuracy: 0.9967, Energy: -4952630.0
Time taken:  2.61674427986145
Test Loss: 0.0000, Test Accuracy: 0.9967, Energy: -4959977.5
Time taken:  2.5182573795318604
Test Loss: 0.0000, Test Accuracy: 0.9967, Energy: -4965596.0
Time taken:  2.5181260108947754
Test Loss: 0.0000, Test Accuracy: 0.9967, Energy: -4969869.5
Time taken:  2.587836503982544
Test Loss: 0.0000, Test Accuracy: 0.9967, Energy: -4973869.0
Time taken:  2.4985997676849365
Test Loss: 0.0000, Test Accuracy: 0.9967, Energy: -4976549.0
Time taken:  2.5696961879730225
Test Loss: 0.0000, Test Accuracy: 0.9967, Energy: -4979222.0
Time taken:  2.5560503005981445
Test Loss: 0.0000, Test Accuracy: 0.9967, Energy: -4981030.0
Time taken:  2.552595376968384
Test Loss: 0.0000, Test Accuracy: 0.9967, Energy: -4982803.0
Time taken:  2.5768327713012695
Test Loss: 0.0000, Test Accuracy: 0.9967, Energy: -4984495.5
Time taken:  2.5454134941101074
Test Loss: 0.0000, Test Accuracy: 0.9967, Energy: -4985823.0
Time taken:  2.54864764213562
Test Loss: 0.0000, Test Accuracy: 0.9967, Energy: -4986700.5
Time taken:  2.5938308238983154
Test Loss: 0.0000, Test Accuracy: 0.9967, Energy: -4987520.5
Time taken:  2.544564723968506
Test Loss: 0.0000, Test Accuracy: 0.9967, Energy: -4988059.0
Time taken:  2.5519678592681885
Test Loss: 0.0000, Test Accuracy: 0.9967, Energy: -4988600.0
Time taken:  2.59942364692688
Test Loss: 0.0000, Test Accuracy: 0.9967, Energy: -4989081.0
Time taken:  2.544992446899414
Test Loss: 0.0000, Test Accuracy: 0.9967, Energy: -4989502.5
Time taken:  2.4986681938171387
Test Loss: 0.0000, Test Accuracy: 0.9967, Energy: -4989859.5
Time taken:  2.5083460807800293
Test Loss: 0.0000, Test Accuracy: 0.9967, Energy: -4990189.5
Time taken:  2.5915944576263428
Test Loss: 0.0000, Test Accuracy: 0.9967, Energy: -4990350.5
Time taken:  2.5501554012298584
Test Loss: 0.0000, Test Accuracy: 0.9967, Energy: -4990548.5
Time taken:  2.5832698345184326
Test Loss: 0.0000, Test Accuracy: 0.9967, Energy: -4990583.0
Time taken:  2.535533905029297
Test Loss: 0.0000, Test Accuracy: 0.9967, Energy: -4990684.0
Time taken:  2.54067063331604
Test Loss: 0.0000, Test Accuracy: 0.9967, Energy: -4990764.0
Time taken:  2.5367932319641113
Test Loss: 0.0000, Test Accuracy: 0.9967, Energy: -4990843.5
Time taken:  2.554962158203125
Test Loss: 0.0000, Test Accuracy: 0.9967, Energy: -4990923.0
Time taken:  2.5528526306152344
Test Loss: 0.0000, Test Accuracy: 0.9967, Energy: -4990933.5
Time taken:  2.533693552017212
Test Loss: 0.0000, Test Accuracy: 0.9967, Energy: -4990972.5
Time taken:  2.518756866455078
Test Loss: 0.0000, Test Accuracy: 0.9967, Energy: -4991019.0
Time taken:  2.527818202972412
Test Loss: 0.0000, Test Accuracy: 0.9967, Energy: -4991043.5
Time taken:  2.5642518997192383
Test Loss: 0.0000, Test Accuracy: 0.9967, Energy: -4991084.0
Time taken:  2.53760027885437
Test Loss: 0.0000, Test Accuracy: 0.9967, Energy: -4991100.5
Time taken:  2.560884952545166
Test Loss: 0.0000, Test Accuracy: 0.9967, Energy: -4991114.0
Time taken:  2.562671661376953
Test Loss: 0.0000, Test Accuracy: 0.9967, Energy: -4991124.0
Time taken:  2.5363364219665527
Test Loss: 0.0000, Test Accuracy: 0.9967, Energy: -4991133.5
Time taken:  2.5393218994140625
Test Loss: 0.0000, Test Accuracy: 0.9967, Energy: -4991140.0
Time taken:  2.539551019668579
Test Loss: 0.0000, Test Accuracy: 0.9967, Energy: -4991146.5
Time taken:  2.566727876663208
Test Loss: 0.0000, Test Accuracy: 0.9967, Energy: -4991151.0
Time taken:  2.5383787155151367
Test Loss: 0.0000, Test Accuracy: 0.9967, Energy: -4991155.0
Time taken:  2.5505716800689697
Test Loss: 0.0000, Test Accuracy: 0.9967, Energy: -4991158.0
Time taken:  2.5350518226623535
Test Loss: 0.0000, Test Accuracy: 0.9967, Energy: -4991161.0
Time taken:  2.579589605331421
Test Loss: 0.0000, Test Accuracy: 0.9967, Energy: -4991163.5
Time taken:  2.553361415863037
Test Loss: 0.0000, Test Accuracy: 0.9967, Energy: -4991165.5
Time taken:  2.5307257175445557
Test Loss: 0.0000, Test Accuracy: 0.9967, Energy: -4991167.0
Time taken:  2.5293021202087402
Test Loss: 0.0000, Test Accuracy: 0.9967, Energy: -4991168.0
Time taken:  2.57191801071167
Test Loss: 0.0000, Test Accuracy: 0.9967, Energy: -4991169.0
Time taken:  2.5985710620880127
Test Loss: 0.0000, Test Accuracy: 0.9967, Energy: -4991170.0
Time taken:  2.5606393814086914
Test Loss: 0.0000, Test Accuracy: 0.9967, Energy: -4991170.5
Time taken:  2.527100086212158
Test Loss: 0.0000, Test Accuracy: 0.9967, Energy: -4991170.5
Time taken:  2.5261194705963135
Test Loss: 0.0000, Test Accuracy: 0.9967, Energy: -4991171.5
Time taken:  2.5554637908935547
Test Loss: 0.0000, Test Accuracy: 0.9967, Energy: -4991172.0
Time taken:  2.573399305343628
Test Loss: 0.0000, Test Accuracy: 0.9967, Energy: -4991172.0
Time taken:  2.513653039932251
Test Loss: 0.0000, Test Accuracy: 0.9967, Energy: -4991172.0
Time taken:  2.556673049926758
Test Loss: 0.0000, Test Accuracy: 0.9967, Energy: -4991172.0
Time taken:  2.573214292526245
Test Loss: 0.0000, Test Accuracy: 0.9967, Energy: -4991172.0
Time taken:  2.557593822479248
Test Loss: 0.0000, Test Accuracy: 0.9967, Energy: -4991172.0
Time taken:  2.5661208629608154
Test Loss: 0.0000, Test Accuracy: 0.9967, Energy: -4991172.0
Time taken:  2.5478944778442383
Test Loss: 0.0000, Test Accuracy: 0.9967, Energy: -4991172.0
Time taken:  2.5710883140563965
Test Loss: 0.0000, Test Accuracy: 0.9967, Energy: -4991172.0
Time taken:  2.547930955886841
Test Loss: 0.0000, Test Accuracy: 0.9967, Energy: -4991172.0
Time taken:  2.5532844066619873
Test Loss: 0.0000, Test Accuracy: 0.9967, Energy: -4991172.0
Time taken:  2.547823667526245
Test Loss: 0.0000, Test Accuracy: 0.9967, Energy: -4991172.0
Time taken:  2.596433162689209
Test Loss: 0.0000, Test Accuracy: 0.9967, Energy: -4991172.0
Time taken:  2.535959482192993
Test Loss: 0.0000, Test Accuracy: 0.9967, Energy: -4991172.0
Time taken:  2.5489158630371094
Test Loss: 0.0000, Test Accuracy: 0.9967, Energy: -4991172.0
Time taken:  2.5294876098632812
Test Loss: 0.0000, Test Accuracy: 0.9967, Energy: -4991172.0
Time taken:  2.499828815460205
Test Loss: 0.0000, Test Accuracy: 0.9967, Energy: -4991172.0
Time taken:  2.5372793674468994
Test Loss: 0.0000, Test Accuracy: 0.9967, Energy: -4991172.0
Time taken:  2.526437282562256
Test Loss: 0.0000, Test Accuracy: 0.9967, Energy: -4991172.0
Time taken:  2.5993802547454834
Test Loss: 0.0000, Test Accuracy: 0.9967, Energy: -4991172.0
Time taken:  2.5433831214904785
Test Loss: 0.0000, Test Accuracy: 0.9967, Energy: -4991172.0
Time taken:  2.5512044429779053
Test Loss: 0.0000, Test Accuracy: 0.9967, Energy: -4991172.0
Time taken:  2.549886465072632
Test Loss: 0.0000, Test Accuracy: 0.9967, Energy: -4991172.0
Time taken:  2.581469774246216
Test Loss: 0.0000, Test Accuracy: 0.9967, Energy: -4991172.0
Time taken:  2.537529468536377
Test Loss: 0.0000, Test Accuracy: 0.9967, Energy: -4991172.0
Time taken:  2.4014573097229004
Final accuracies: [1.0, 0.9966666666666667, 0.9966666666666667, 0.9966666666666667, 0.9966666666666667, 0.9966666666666667, 0.9966666666666667, 0.9966666666666667, 0.9966666666666667, 0.9966666666666667, 0.9966666666666667, 0.9966666666666667, 0.9966666666666667, 0.9966666666666667, 0.9966666666666667, 0.9966666666666667, 0.9966666666666667, 0.9966666666666667, 0.9966666666666667, 0.9966666666666667, 0.9966666666666667, 0.9966666666666667, 0.9966666666666667, 0.9966666666666667, 0.9966666666666667, 0.9966666666666667, 0.9966666666666667, 0.9966666666666667, 0.9966666666666667, 0.9966666666666667, 0.9966666666666667, 0.9966666666666667, 0.9966666666666667, 0.9966666666666667, 0.9966666666666667, 0.9966666666666667, 0.9966666666666667, 0.9966666666666667, 0.9966666666666667, 0.9966666666666667, 0.9966666666666667, 0.9966666666666667, 0.9966666666666667, 0.9966666666666667, 0.9966666666666667, 0.9966666666666667, 0.9966666666666667, 0.9966666666666667, 0.9966666666666667, 0.9966666666666667, 0.9966666666666667, 0.9966666666666667, 0.9966666666666667, 0.9966666666666667, 0.9966666666666667, 0.9966666666666667, 0.9966666666666667, 0.9966666666666667, 0.9966666666666667, 0.9966666666666667, 0.9966666666666667, 0.9966666666666667, 0.9966666666666667, 0.9966666666666667, 0.9966666666666667, 0.9966666666666667, 0.9966666666666667, 0.9966666666666667, 0.9966666666666667, 0.9966666666666667, 0.9966666666666667, 0.9966666666666667, 0.9966666666666667, 0.9966666666666667, 0.9966666666666667, 0.9966666666666667, 0.9966666666666667, 0.9966666666666667, 0.9966666666666667, 0.9966666666666667, 0.9966666666666667, 0.9966666666666667, 0.9966666666666667, 0.9966666666666667, 0.9966666666666667, 0.9966666666666667, 0.9966666666666667, 0.9966666666666667, 0.9966666666666667, 0.9966666666666667, 0.9966666666666667, 0.9966666666666667, 0.9966666666666667, 0.9966666666666667, 0.9966666666666667, 0.9966666666666667, 0.9966666666666667, 0.9966666666666667, 0.9966666666666667, 0.9966666666666667]
Final energies: [-27096.92578125, -860770.5, -1693974.75, -2309401.5, -2794934.5, -3187919.75, -3506479.5, -3768646.0, -3983954.25, -4160951.25, -4308353.5, -4427147.5, -4528025.5, -4609166.5, -4676389.5, -4728725.0, -4774453.0, -4811578.0, -4843119.0, -4867921.0, -4889071.5, -4906858.5, -4920437.5, -4933809.5, -4944393.0, -4952630.0, -4959977.5, -4965596.0, -4969869.5, -4973869.0, -4976549.0, -4979222.0, -4981030.0, -4982803.0, -4984495.5, -4985823.0, -4986700.5, -4987520.5, -4988059.0, -4988600.0, -4989081.0, -4989502.5, -4989859.5, -4990189.5, -4990350.5, -4990548.5, -4990583.0, -4990684.0, -4990764.0, -4990843.5, -4990923.0, -4990933.5, -4990972.5, -4991019.0, -4991043.5, -4991084.0, -4991100.5, -4991114.0, -4991124.0, -4991133.5, -4991140.0, -4991146.5, -4991151.0, -4991155.0, -4991158.0, -4991161.0, -4991163.5, -4991165.5, -4991167.0, -4991168.0, -4991169.0, -4991170.0, -4991170.5, -4991170.5, -4991171.5, -4991172.0, -4991172.0, -4991172.0, -4991172.0, -4991172.0, -4991172.0, -4991172.0, -4991172.0, -4991172.0, -4991172.0, -4991172.0, -4991172.0, -4991172.0, -4991172.0, -4991172.0, -4991172.0, -4991172.0, -4991172.0, -4991172.0, -4991172.0, -4991172.0, -4991172.0, -4991172.0, -4991172.0, -4991172.0]
