Running with parameters: hidden=100, use_coupled=true, seed=44, lam=0.1, eta=0.5, batch=50
Test Loss: 0.0000, Test Accuracy: 0.9967, Energy: -17802.623046875
Time taken:  1.7968261241912842
Test Loss: 0.0000, Test Accuracy: 0.9967, Energy: -616549.25
Time taken:  1.450049638748169
Test Loss: 0.0000, Test Accuracy: 0.9967, Energy: -1336380.125
Time taken:  1.4765636920928955
Test Loss: 0.0000, Test Accuracy: 0.9967, Energy: -1910034.5
Time taken:  1.4850468635559082
Test Loss: 0.0000, Test Accuracy: 0.9967, Energy: -2371619.75
Time taken:  1.448441743850708
Test Loss: 0.0000, Test Accuracy: 0.9967, Energy: -2744608.75
Time taken:  1.496082067489624
Test Loss: 0.0000, Test Accuracy: 0.9967, Energy: -3047270.5
Time taken:  1.4701528549194336
Test Loss: 0.0000, Test Accuracy: 0.9967, Energy: -3293588.75
Time taken:  1.4714760780334473
Test Loss: 0.0000, Test Accuracy: 0.9967, Energy: -3495780.25
Time taken:  1.5013408660888672
Test Loss: 0.0000, Test Accuracy: 0.9967, Energy: -3663766.75
Time taken:  1.4974894523620605
Test Loss: 0.0000, Test Accuracy: 0.9967, Energy: -3801735.75
Time taken:  1.5498466491699219
Test Loss: 0.0000, Test Accuracy: 0.9967, Energy: -3916822.5
Time taken:  1.4702117443084717
Test Loss: 0.0000, Test Accuracy: 0.9967, Energy: -4011677.25
Time taken:  1.4587161540985107
Test Loss: 0.0000, Test Accuracy: 0.9967, Energy: -4093858.75
Time taken:  1.4642770290374756
Test Loss: 0.0000, Test Accuracy: 0.9967, Energy: -4159814.75
Time taken:  1.4694106578826904
Test Loss: 0.0000, Test Accuracy: 0.9967, Energy: -4213149.5
Time taken:  1.4984827041625977
Test Loss: 0.0000, Test Accuracy: 0.9967, Energy: -4257583.5
Time taken:  1.549856424331665
Test Loss: 0.0000, Test Accuracy: 0.9967, Energy: -4294801.0
Time taken:  1.4879200458526611
Test Loss: 0.0000, Test Accuracy: 0.9967, Energy: -4326476.5
Time taken:  1.4838180541992188
Test Loss: 0.0000, Test Accuracy: 0.9967, Energy: -4352627.0
Time taken:  1.4755473136901855
Test Loss: 0.0000, Test Accuracy: 0.9967, Energy: -4373700.5
Time taken:  1.4636743068695068
Test Loss: 0.0000, Test Accuracy: 0.9967, Energy: -4390754.0
Time taken:  1.4708538055419922
Test Loss: 0.0000, Test Accuracy: 0.9967, Energy: -4404301.5
Time taken:  1.469834566116333
Test Loss: 0.0000, Test Accuracy: 0.9967, Energy: -4416031.0
Time taken:  1.488541603088379
Test Loss: 0.0000, Test Accuracy: 0.9967, Energy: -4426059.0
Time taken:  1.5371642112731934
Test Loss: 0.0000, Test Accuracy: 0.9967, Energy: -4434200.5
Time taken:  1.4740045070648193
Test Loss: 0.0000, Test Accuracy: 0.9967, Energy: -4440984.0
Time taken:  1.4729576110839844
Test Loss: 0.0000, Test Accuracy: 0.9967, Energy: -4446635.0
Time taken:  1.4569685459136963
Test Loss: 0.0000, Test Accuracy: 0.9967, Energy: -4451393.0
Time taken:  1.4762020111083984
Test Loss: 0.0000, Test Accuracy: 0.9967, Energy: -4455038.5
Time taken:  1.4747936725616455
Test Loss: 0.0000, Test Accuracy: 0.9967, Energy: -4458109.0
Time taken:  1.479294776916504
Test Loss: 0.0000, Test Accuracy: 0.9967, Energy: -4460677.5
Time taken:  1.484994888305664
Test Loss: 0.0000, Test Accuracy: 0.9967, Energy: -4462534.5
Time taken:  1.467963457107544
Test Loss: 0.0000, Test Accuracy: 0.9967, Energy: -4464156.5
Time taken:  1.4999573230743408
Test Loss: 0.0000, Test Accuracy: 0.9967, Energy: -4465641.5
Time taken:  1.4851326942443848
Test Loss: 0.0000, Test Accuracy: 0.9967, Energy: -4467279.0
Time taken:  1.492058277130127
Test Loss: 0.0000, Test Accuracy: 0.9967, Energy: -4468394.0
Time taken:  1.4776859283447266
Test Loss: 0.0000, Test Accuracy: 0.9967, Energy: -4469167.5
Time taken:  1.489147424697876
Test Loss: 0.0000, Test Accuracy: 0.9967, Energy: -4469816.5
Time taken:  1.5087132453918457
Test Loss: 0.0000, Test Accuracy: 0.9967, Energy: -4470327.5
Time taken:  1.4724359512329102
Test Loss: 0.0000, Test Accuracy: 0.9967, Energy: -4470684.5
Time taken:  1.526853084564209
Test Loss: 0.0000, Test Accuracy: 0.9967, Energy: -4471147.0
Time taken:  1.4434058666229248
Test Loss: 0.0000, Test Accuracy: 0.9967, Energy: -4471425.0
Time taken:  1.4558460712432861
Test Loss: 0.0000, Test Accuracy: 0.9967, Energy: -4471605.5
Time taken:  1.4617793560028076
Test Loss: 0.0000, Test Accuracy: 0.9967, Energy: -4471818.0
Time taken:  1.4796950817108154
Test Loss: 0.0000, Test Accuracy: 0.9967, Energy: -4471981.0
Time taken:  1.4892280101776123
Test Loss: 0.0000, Test Accuracy: 0.9967, Energy: -4472083.0
Time taken:  1.521394968032837
Test Loss: 0.0000, Test Accuracy: 0.9967, Energy: -4472159.0
Time taken:  1.4600560665130615
Test Loss: 0.0000, Test Accuracy: 0.9967, Energy: -4472236.0
Time taken:  1.5284175872802734
Test Loss: 0.0000, Test Accuracy: 0.9967, Energy: -4472299.5
Time taken:  1.5088717937469482
Test Loss: 0.0000, Test Accuracy: 0.9967, Energy: -4472385.0
Time taken:  1.4580974578857422
Test Loss: 0.0000, Test Accuracy: 0.9967, Energy: -4472413.0
Time taken:  1.5463578701019287
Test Loss: 0.0000, Test Accuracy: 0.9967, Energy: -4472473.5
Time taken:  1.5019690990447998
Test Loss: 0.0000, Test Accuracy: 0.9967, Energy: -4472516.5
Time taken:  1.4587552547454834
Test Loss: 0.0000, Test Accuracy: 0.9967, Energy: -4472525.0
Time taken:  1.4564905166625977
Test Loss: 0.0000, Test Accuracy: 0.9967, Energy: -4472541.5
Time taken:  1.5306644439697266
Test Loss: 0.0000, Test Accuracy: 0.9967, Energy: -4472557.0
Time taken:  1.4722208976745605
Test Loss: 0.0000, Test Accuracy: 0.9967, Energy: -4472555.5
Time taken:  1.4788713455200195
Test Loss: 0.0000, Test Accuracy: 0.9967, Energy: -4472566.0
Time taken:  1.4896295070648193
Test Loss: 0.0000, Test Accuracy: 0.9967, Energy: -4472588.0
Time taken:  1.5103075504302979
Test Loss: 0.0000, Test Accuracy: 0.9967, Energy: -4472595.5
Time taken:  1.478149175643921
Test Loss: 0.0000, Test Accuracy: 0.9967, Energy: -4472604.5
Time taken:  1.4647784233093262
Test Loss: 0.0000, Test Accuracy: 0.9967, Energy: -4472608.5
Time taken:  1.498438835144043
Test Loss: 0.0000, Test Accuracy: 0.9967, Energy: -4472613.0
Time taken:  1.531231164932251
Test Loss: 0.0000, Test Accuracy: 0.9967, Energy: -4472617.0
Time taken:  1.4603466987609863
Test Loss: 0.0000, Test Accuracy: 0.9967, Energy: -4472633.5
Time taken:  1.442810297012329
Test Loss: 0.0000, Test Accuracy: 0.9967, Energy: -4472621.5
Time taken:  1.542905330657959
Test Loss: 0.0000, Test Accuracy: 0.9967, Energy: -4472637.0
Time taken:  1.4630050659179688
Test Loss: 0.0000, Test Accuracy: 0.9967, Energy: -4472638.0
Time taken:  1.4588596820831299
Test Loss: 0.0000, Test Accuracy: 0.9967, Energy: -4472625.0
Time taken:  1.4622514247894287
Test Loss: 0.0000, Test Accuracy: 0.9967, Energy: -4472626.0
Time taken:  1.4619979858398438
Test Loss: 0.0000, Test Accuracy: 0.9967, Energy: -4472627.0
Time taken:  1.4585673809051514
Test Loss: 0.0000, Test Accuracy: 0.9967, Energy: -4472641.5
Time taken:  1.4911515712738037
Test Loss: 0.0000, Test Accuracy: 0.9967, Energy: -4472642.5
Time taken:  1.5256929397583008
Test Loss: 0.0000, Test Accuracy: 0.9967, Energy: -4472628.5
Time taken:  1.4835569858551025
Test Loss: 0.0000, Test Accuracy: 0.9967, Energy: -4472629.0
Time taken:  1.4473319053649902
Test Loss: 0.0000, Test Accuracy: 0.9967, Energy: -4472643.0
Time taken:  1.4546055793762207
Test Loss: 0.0000, Test Accuracy: 0.9967, Energy: -4472643.0
Time taken:  1.4681713581085205
Test Loss: 0.0000, Test Accuracy: 0.9967, Energy: -4472629.0
Time taken:  1.4695205688476562
Test Loss: 0.0000, Test Accuracy: 0.9967, Energy: -4472643.0
Time taken:  1.4913299083709717
Test Loss: 0.0000, Test Accuracy: 0.9967, Energy: -4472629.0
Time taken:  1.4717106819152832
Test Loss: 0.0000, Test Accuracy: 0.9967, Energy: -4472629.0
Time taken:  1.503568172454834
Test Loss: 0.0000, Test Accuracy: 0.9967, Energy: -4472629.0
Time taken:  1.44537353515625
Test Loss: 0.0000, Test Accuracy: 0.9967, Energy: -4472643.0
Time taken:  1.457442283630371
Test Loss: 0.0000, Test Accuracy: 0.9967, Energy: -4472643.0
Time taken:  1.4604365825653076
Test Loss: 0.0000, Test Accuracy: 0.9967, Energy: -4472629.0
Time taken:  1.4977622032165527
Test Loss: 0.0000, Test Accuracy: 0.9967, Energy: -4472643.0
Time taken:  1.4646167755126953
Test Loss: 0.0000, Test Accuracy: 0.9967, Energy: -4472629.0
Time taken:  1.4584705829620361
Test Loss: 0.0000, Test Accuracy: 0.9967, Energy: -4472629.0
Time taken:  1.4958431720733643
Test Loss: 0.0000, Test Accuracy: 0.9967, Energy: -4472643.0
Time taken:  1.5376601219177246
Test Loss: 0.0000, Test Accuracy: 0.9967, Energy: -4472629.0
Time taken:  1.459317922592163
Test Loss: 0.0000, Test Accuracy: 0.9967, Energy: -4472629.0
Time taken:  1.4506421089172363
Test Loss: 0.0000, Test Accuracy: 0.9967, Energy: -4472643.0
Time taken:  1.484745740890503
Test Loss: 0.0000, Test Accuracy: 0.9967, Energy: -4472629.0
Time taken:  1.4587748050689697
Test Loss: 0.0000, Test Accuracy: 0.9967, Energy: -4472643.0
Time taken:  1.4664990901947021
Test Loss: 0.0000, Test Accuracy: 0.9967, Energy: -4472629.0
Time taken:  1.4819159507751465
Test Loss: 0.0000, Test Accuracy: 0.9967, Energy: -4472643.0
Time taken:  1.4088151454925537
Test Loss: 0.0000, Test Accuracy: 0.9967, Energy: -4472643.0
Time taken:  1.3106584548950195
Test Loss: 0.0000, Test Accuracy: 0.9967, Energy: -4472629.0
Time taken:  1.2195470333099365
Test Loss: 0.0000, Test Accuracy: 0.9967, Energy: -4472629.0
Time taken:  1.1664836406707764
Final accuracies: [0.9966666666666667, 0.9966666666666667, 0.9966666666666667, 0.9966666666666667, 0.9966666666666667, 0.9966666666666667, 0.9966666666666667, 0.9966666666666667, 0.9966666666666667, 0.9966666666666667, 0.9966666666666667, 0.9966666666666667, 0.9966666666666667, 0.9966666666666667, 0.9966666666666667, 0.9966666666666667, 0.9966666666666667, 0.9966666666666667, 0.9966666666666667, 0.9966666666666667, 0.9966666666666667, 0.9966666666666667, 0.9966666666666667, 0.9966666666666667, 0.9966666666666667, 0.9966666666666667, 0.9966666666666667, 0.9966666666666667, 0.9966666666666667, 0.9966666666666667, 0.9966666666666667, 0.9966666666666667, 0.9966666666666667, 0.9966666666666667, 0.9966666666666667, 0.9966666666666667, 0.9966666666666667, 0.9966666666666667, 0.9966666666666667, 0.9966666666666667, 0.9966666666666667, 0.9966666666666667, 0.9966666666666667, 0.9966666666666667, 0.9966666666666667, 0.9966666666666667, 0.9966666666666667, 0.9966666666666667, 0.9966666666666667, 0.9966666666666667, 0.9966666666666667, 0.9966666666666667, 0.9966666666666667, 0.9966666666666667, 0.9966666666666667, 0.9966666666666667, 0.9966666666666667, 0.9966666666666667, 0.9966666666666667, 0.9966666666666667, 0.9966666666666667, 0.9966666666666667, 0.9966666666666667, 0.9966666666666667, 0.9966666666666667, 0.9966666666666667, 0.9966666666666667, 0.9966666666666667, 0.9966666666666667, 0.9966666666666667, 0.9966666666666667, 0.9966666666666667, 0.9966666666666667, 0.9966666666666667, 0.9966666666666667, 0.9966666666666667, 0.9966666666666667, 0.9966666666666667, 0.9966666666666667, 0.9966666666666667, 0.9966666666666667, 0.9966666666666667, 0.9966666666666667, 0.9966666666666667, 0.9966666666666667, 0.9966666666666667, 0.9966666666666667, 0.9966666666666667, 0.9966666666666667, 0.9966666666666667, 0.9966666666666667, 0.9966666666666667, 0.9966666666666667, 0.9966666666666667, 0.9966666666666667, 0.9966666666666667, 0.9966666666666667, 0.9966666666666667, 0.9966666666666667, 0.9966666666666667]
Final energies: [-17802.623046875, -616549.25, -1336380.125, -1910034.5, -2371619.75, -2744608.75, -3047270.5, -3293588.75, -3495780.25, -3663766.75, -3801735.75, -3916822.5, -4011677.25, -4093858.75, -4159814.75, -4213149.5, -4257583.5, -4294801.0, -4326476.5, -4352627.0, -4373700.5, -4390754.0, -4404301.5, -4416031.0, -4426059.0, -4434200.5, -4440984.0, -4446635.0, -4451393.0, -4455038.5, -4458109.0, -4460677.5, -4462534.5, -4464156.5, -4465641.5, -4467279.0, -4468394.0, -4469167.5, -4469816.5, -4470327.5, -4470684.5, -4471147.0, -4471425.0, -4471605.5, -4471818.0, -4471981.0, -4472083.0, -4472159.0, -4472236.0, -4472299.5, -4472385.0, -4472413.0, -4472473.5, -4472516.5, -4472525.0, -4472541.5, -4472557.0, -4472555.5, -4472566.0, -4472588.0, -4472595.5, -4472604.5, -4472608.5, -4472613.0, -4472617.0, -4472633.5, -4472621.5, -4472637.0, -4472638.0, -4472625.0, -4472626.0, -4472627.0, -4472641.5, -4472642.5, -4472628.5, -4472629.0, -4472643.0, -4472643.0, -4472629.0, -4472643.0, -4472629.0, -4472629.0, -4472629.0, -4472643.0, -4472643.0, -4472629.0, -4472643.0, -4472629.0, -4472629.0, -4472643.0, -4472629.0, -4472629.0, -4472643.0, -4472629.0, -4472643.0, -4472629.0, -4472643.0, -4472643.0, -4472629.0, -4472629.0]
