Running with parameters: hidden=30, use_coupled=false, seed=28, lam=0.0, eta=0.0, batch=50
Test Loss: 0.0000, Test Accuracy: 0.9833, Energy: -49194.57421875
Time taken:  0.2943611145019531
Test Loss: 0.0000, Test Accuracy: 0.9833, Energy: -139046.625
Time taken:  0.27780747413635254
Test Loss: 0.0000, Test Accuracy: 1.0000, Energy: -211568.375
Time taken:  0.2735319137573242
Test Loss: 0.0000, Test Accuracy: 0.9900, Energy: -271036.9375
Time taken:  0.2782588005065918
Test Loss: 0.0000, Test Accuracy: 1.0000, Energy: -295542.90625
Time taken:  0.27434420585632324
Test Loss: 0.0000, Test Accuracy: 1.0000, Energy: -316005.6875
Time taken:  0.2790555953979492
Test Loss: 0.0000, Test Accuracy: 1.0000, Energy: -332224.28125
Time taken:  0.27407336235046387
Test Loss: 0.0000, Test Accuracy: 1.0000, Energy: -344027.6875
Time taken:  0.27709531784057617
Test Loss: 0.0000, Test Accuracy: 0.9900, Energy: -352644.5
Time taken:  0.27454304695129395
Test Loss: 0.0000, Test Accuracy: 0.9867, Energy: -361280.5
Time taken:  0.2777674198150635
Test Loss: 0.0000, Test Accuracy: 0.9867, Energy: -368826.03125
Time taken:  0.27361583709716797
Test Loss: 0.0000, Test Accuracy: 0.9867, Energy: -375226.0
Time taken:  0.2768974304199219
Test Loss: 0.0000, Test Accuracy: 0.9867, Energy: -380617.34375
Time taken:  0.27361297607421875
Test Loss: 0.0000, Test Accuracy: 0.9867, Energy: -384918.03125
Time taken:  0.2745931148529053
Test Loss: 0.0000, Test Accuracy: 0.9867, Energy: -388529.78125
Time taken:  0.2769196033477783
Test Loss: 0.0000, Test Accuracy: 0.9833, Energy: -391041.90625
Time taken:  0.27459216117858887
Test Loss: 0.0000, Test Accuracy: 0.9833, Energy: -393630.4375
Time taken:  0.2788991928100586
Test Loss: 0.0000, Test Accuracy: 0.9833, Energy: -395795.9375
Time taken:  0.27553486824035645
Test Loss: 0.0000, Test Accuracy: 0.9833, Energy: -397513.28125
Time taken:  0.2764854431152344
Test Loss: 0.0000, Test Accuracy: 0.9833, Energy: -398848.71875
Time taken:  0.27283573150634766
Test Loss: 0.0000, Test Accuracy: 0.9833, Energy: -400010.75
Time taken:  0.27666664123535156
Test Loss: 0.0000, Test Accuracy: 0.9833, Energy: -401116.5625
Time taken:  0.27284955978393555
Test Loss: 0.0000, Test Accuracy: 0.9833, Energy: -401917.9375
Time taken:  0.27687525749206543
Test Loss: 0.0000, Test Accuracy: 0.9833, Energy: -402704.5
Time taken:  0.2724151611328125
Test Loss: 0.0000, Test Accuracy: 0.9833, Energy: -403349.5625
Time taken:  0.27446556091308594
Test Loss: 0.0000, Test Accuracy: 0.9833, Energy: -403928.21875
Time taken:  0.27701854705810547
Test Loss: 0.0000, Test Accuracy: 0.9833, Energy: -404372.65625
Time taken:  0.27408361434936523
Test Loss: 0.0000, Test Accuracy: 0.9833, Energy: -404722.84375
Time taken:  0.2765960693359375
Test Loss: 0.0000, Test Accuracy: 0.9833, Energy: -404988.84375
Time taken:  0.2734241485595703
Test Loss: 0.0000, Test Accuracy: 0.9833, Energy: -405198.0625
Time taken:  0.27590370178222656
Test Loss: 0.0000, Test Accuracy: 0.9833, Energy: -405447.875
Time taken:  0.2724316120147705
Test Loss: 0.0000, Test Accuracy: 0.9833, Energy: -405634.875
Time taken:  0.2767319679260254
Test Loss: 0.0000, Test Accuracy: 0.9833, Energy: -405831.5625
Time taken:  0.2732717990875244
Test Loss: 0.0000, Test Accuracy: 0.9833, Energy: -406007.125
Time taken:  0.2767481803894043
Test Loss: 0.0000, Test Accuracy: 0.9833, Energy: -406159.28125
Time taken:  0.27355027198791504
Test Loss: 0.0000, Test Accuracy: 0.9833, Energy: -406266.96875
Time taken:  0.2735786437988281
Test Loss: 0.0000, Test Accuracy: 0.9833, Energy: -406350.1875
Time taken:  0.27817749977111816
Test Loss: 0.0000, Test Accuracy: 0.9833, Energy: -406413.03125
Time taken:  0.2738771438598633
Test Loss: 0.0000, Test Accuracy: 0.9833, Energy: -406524.40625
Time taken:  0.27654314041137695
Test Loss: 0.0000, Test Accuracy: 0.9833, Energy: -406535.84375
Time taken:  0.27736687660217285
Test Loss: 0.0000, Test Accuracy: 0.9833, Energy: -406645.96875
Time taken:  0.2765815258026123
Test Loss: 0.0000, Test Accuracy: 0.9833, Energy: -406756.8125
Time taken:  0.2732975482940674
Test Loss: 0.0000, Test Accuracy: 0.9833, Energy: -406807.09375
Time taken:  0.2767918109893799
Test Loss: 0.0000, Test Accuracy: 0.9833, Energy: -406851.625
Time taken:  0.27243614196777344
Test Loss: 0.0000, Test Accuracy: 0.9833, Energy: -406913.46875
Time taken:  0.2761547565460205
Test Loss: 0.0000, Test Accuracy: 0.9833, Energy: -406998.25
Time taken:  0.2734949588775635
Test Loss: 0.0000, Test Accuracy: 0.9833, Energy: -407034.15625
Time taken:  0.2736067771911621
Test Loss: 0.0000, Test Accuracy: 0.9833, Energy: -407081.875
Time taken:  0.27608227729797363
Test Loss: 0.0000, Test Accuracy: 0.9833, Energy: -407109.25
Time taken:  0.27324843406677246
Test Loss: 0.0000, Test Accuracy: 0.9833, Energy: -407141.03125
Time taken:  0.2766447067260742
Test Loss: 0.0000, Test Accuracy: 0.9833, Energy: -407193.1875
Time taken:  0.2748291492462158
Test Loss: 0.0000, Test Accuracy: 0.9833, Energy: -407205.34375
Time taken:  0.27866220474243164
Test Loss: 0.0000, Test Accuracy: 0.9833, Energy: -407202.53125
Time taken:  0.2725253105163574
Test Loss: 0.0000, Test Accuracy: 0.9833, Energy: -407234.125
Time taken:  0.2763698101043701
Test Loss: 0.0000, Test Accuracy: 0.9833, Energy: -407256.875
Time taken:  0.2727348804473877
Test Loss: 0.0000, Test Accuracy: 0.9833, Energy: -407285.53125
Time taken:  0.27559638023376465
Test Loss: 0.0000, Test Accuracy: 0.9833, Energy: -407326.96875
Time taken:  0.2737386226654053
Test Loss: 0.0000, Test Accuracy: 0.9833, Energy: -407332.125
Time taken:  0.2762644290924072
Test Loss: 0.0000, Test Accuracy: 0.9833, Energy: -407396.0625
Time taken:  0.2725639343261719
Test Loss: 0.0000, Test Accuracy: 0.9833, Energy: -407458.90625
Time taken:  0.2730600833892822
Test Loss: 0.0000, Test Accuracy: 0.9833, Energy: -407541.59375
Time taken:  0.27541136741638184
Test Loss: 0.0000, Test Accuracy: 0.9833, Energy: -407684.03125
Time taken:  0.27268552780151367
Test Loss: 0.0000, Test Accuracy: 0.9833, Energy: -407763.4375
Time taken:  0.27601075172424316
Test Loss: 0.0000, Test Accuracy: 0.9833, Energy: -407816.59375
Time taken:  0.27466464042663574
Test Loss: 0.0000, Test Accuracy: 0.9833, Energy: -407886.8125
Time taken:  0.27703261375427246
Test Loss: 0.0000, Test Accuracy: 0.9833, Energy: -407937.34375
Time taken:  0.27382707595825195
Test Loss: 0.0000, Test Accuracy: 0.9833, Energy: -407922.28125
Time taken:  0.27629590034484863
Test Loss: 0.0000, Test Accuracy: 0.9833, Energy: -407997.25
Time taken:  0.2729513645172119
Test Loss: 0.0000, Test Accuracy: 0.9833, Energy: -408060.5625
Time taken:  0.276827335357666
Test Loss: 0.0000, Test Accuracy: 0.9833, Energy: -408146.53125
Time taken:  0.27309656143188477
Test Loss: 0.0000, Test Accuracy: 0.9833, Energy: -408154.21875
Time taken:  0.27405810356140137
Test Loss: 0.0000, Test Accuracy: 0.9833, Energy: -408244.59375
Time taken:  0.2776908874511719
Test Loss: 0.0000, Test Accuracy: 0.9833, Energy: -408334.84375
Time taken:  0.27317214012145996
Test Loss: 0.0000, Test Accuracy: 0.9833, Energy: -408371.15625
Time taken:  0.27640581130981445
Test Loss: 0.0000, Test Accuracy: 0.9833, Energy: -408425.375
Time taken:  0.27414679527282715
Test Loss: 0.0000, Test Accuracy: 0.9833, Energy: -408454.15625
Time taken:  0.277423620223999
Test Loss: 0.0000, Test Accuracy: 0.9833, Energy: -408482.15625
Time taken:  0.27260708808898926
Test Loss: 0.0000, Test Accuracy: 0.9833, Energy: -408556.8125
Time taken:  0.27667784690856934
Test Loss: 0.0000, Test Accuracy: 0.9833, Energy: -408609.1875
Time taken:  0.27355456352233887
Test Loss: 0.0000, Test Accuracy: 0.9833, Energy: -408718.96875
Time taken:  0.2772214412689209
Test Loss: 0.0000, Test Accuracy: 0.9833, Energy: -408769.46875
Time taken:  0.27431344985961914
Test Loss: 0.0000, Test Accuracy: 0.9833, Energy: -408782.9375
Time taken:  0.2727644443511963
Test Loss: 0.0000, Test Accuracy: 0.9833, Energy: -408820.46875
Time taken:  0.27651286125183105
Test Loss: 0.0000, Test Accuracy: 0.9833, Energy: -408846.6875
Time taken:  0.27443861961364746
Test Loss: 0.0000, Test Accuracy: 0.9833, Energy: -408898.25
Time taken:  0.27611351013183594
Test Loss: 0.0000, Test Accuracy: 0.9833, Energy: -408996.0625
Time taken:  0.2738358974456787
Test Loss: 0.0000, Test Accuracy: 0.9833, Energy: -409014.375
Time taken:  0.2773308753967285
Test Loss: 0.0000, Test Accuracy: 0.9833, Energy: -409089.6875
Time taken:  0.2734053134918213
Test Loss: 0.0000, Test Accuracy: 0.9833, Energy: -409192.40625
Time taken:  0.27562379837036133
Test Loss: 0.0000, Test Accuracy: 0.9833, Energy: -409310.15625
Time taken:  0.27361345291137695
Test Loss: 0.0000, Test Accuracy: 0.9833, Energy: -409339.5
Time taken:  0.27615833282470703
Test Loss: 0.0000, Test Accuracy: 0.9833, Energy: -409438.71875
Time taken:  0.27336549758911133
Test Loss: 0.0000, Test Accuracy: 0.9833, Energy: -409516.8125
Time taken:  0.2769489288330078
Test Loss: 0.0000, Test Accuracy: 0.9833, Energy: -409637.625
Time taken:  0.2729477882385254
Test Loss: 0.0000, Test Accuracy: 0.9833, Energy: -409652.34375
Time taken:  0.27356719970703125
Test Loss: 0.0000, Test Accuracy: 0.9833, Energy: -409730.9375
Time taken:  0.27763986587524414
Test Loss: 0.0000, Test Accuracy: 0.9833, Energy: -409781.4375
Time taken:  0.2729794979095459
Test Loss: 0.0000, Test Accuracy: 0.9833, Energy: -409877.46875
Time taken:  0.27644801139831543
Test Loss: 0.0000, Test Accuracy: 0.9833, Energy: -409968.59375
Time taken:  0.2740287780761719
Test Loss: 0.0000, Test Accuracy: 0.9833, Energy: -410054.96875
Time taken:  0.2845194339752197
Final accuracies: [0.9833333333333333, 0.9833333333333333, 1.0, 0.99, 1.0, 1.0, 1.0, 1.0, 0.99, 0.9866666666666667, 0.9866666666666667, 0.9866666666666667, 0.9866666666666667, 0.9866666666666667, 0.9866666666666667, 0.9833333333333333, 0.9833333333333333, 0.9833333333333333, 0.9833333333333333, 0.9833333333333333, 0.9833333333333333, 0.9833333333333333, 0.9833333333333333, 0.9833333333333333, 0.9833333333333333, 0.9833333333333333, 0.9833333333333333, 0.9833333333333333, 0.9833333333333333, 0.9833333333333333, 0.9833333333333333, 0.9833333333333333, 0.9833333333333333, 0.9833333333333333, 0.9833333333333333, 0.9833333333333333, 0.9833333333333333, 0.9833333333333333, 0.9833333333333333, 0.9833333333333333, 0.9833333333333333, 0.9833333333333333, 0.9833333333333333, 0.9833333333333333, 0.9833333333333333, 0.9833333333333333, 0.9833333333333333, 0.9833333333333333, 0.9833333333333333, 0.9833333333333333, 0.9833333333333333, 0.9833333333333333, 0.9833333333333333, 0.9833333333333333, 0.9833333333333333, 0.9833333333333333, 0.9833333333333333, 0.9833333333333333, 0.9833333333333333, 0.9833333333333333, 0.9833333333333333, 0.9833333333333333, 0.9833333333333333, 0.9833333333333333, 0.9833333333333333, 0.9833333333333333, 0.9833333333333333, 0.9833333333333333, 0.9833333333333333, 0.9833333333333333, 0.9833333333333333, 0.9833333333333333, 0.9833333333333333, 0.9833333333333333, 0.9833333333333333, 0.9833333333333333, 0.9833333333333333, 0.9833333333333333, 0.9833333333333333, 0.9833333333333333, 0.9833333333333333, 0.9833333333333333, 0.9833333333333333, 0.9833333333333333, 0.9833333333333333, 0.9833333333333333, 0.9833333333333333, 0.9833333333333333, 0.9833333333333333, 0.9833333333333333, 0.9833333333333333, 0.9833333333333333, 0.9833333333333333, 0.9833333333333333, 0.9833333333333333, 0.9833333333333333, 0.9833333333333333, 0.9833333333333333, 0.9833333333333333, 0.9833333333333333]
Final energies: [-49194.57421875, -139046.625, -211568.375, -271036.9375, -295542.90625, -316005.6875, -332224.28125, -344027.6875, -352644.5, -361280.5, -368826.03125, -375226.0, -380617.34375, -384918.03125, -388529.78125, -391041.90625, -393630.4375, -395795.9375, -397513.28125, -398848.71875, -400010.75, -401116.5625, -401917.9375, -402704.5, -403349.5625, -403928.21875, -404372.65625, -404722.84375, -404988.84375, -405198.0625, -405447.875, -405634.875, -405831.5625, -406007.125, -406159.28125, -406266.96875, -406350.1875, -406413.03125, -406524.40625, -406535.84375, -406645.96875, -406756.8125, -406807.09375, -406851.625, -406913.46875, -406998.25, -407034.15625, -407081.875, -407109.25, -407141.03125, -407193.1875, -407205.34375, -407202.53125, -407234.125, -407256.875, -407285.53125, -407326.96875, -407332.125, -407396.0625, -407458.90625, -407541.59375, -407684.03125, -407763.4375, -407816.59375, -407886.8125, -407937.34375, -407922.28125, -407997.25, -408060.5625, -408146.53125, -408154.21875, -408244.59375, -408334.84375, -408371.15625, -408425.375, -408454.15625, -408482.15625, -408556.8125, -408609.1875, -408718.96875, -408769.46875, -408782.9375, -408820.46875, -408846.6875, -408898.25, -408996.0625, -409014.375, -409089.6875, -409192.40625, -409310.15625, -409339.5, -409438.71875, -409516.8125, -409637.625, -409652.34375, -409730.9375, -409781.4375, -409877.46875, -409968.59375, -410054.96875]
