Running with parameters: hidden=30, use_coupled=false, seed=6, lam=0.0, eta=0.0, batch=50
Test Loss: 0.0000, Test Accuracy: 0.9733, Energy: -17249.111328125
Time taken:  0.2877480983734131
Test Loss: 0.0000, Test Accuracy: 1.0000, Energy: -140205.0
Time taken:  0.27187657356262207
Test Loss: 0.0000, Test Accuracy: 1.0000, Energy: -260312.21875
Time taken:  0.26794958114624023
Test Loss: 0.0000, Test Accuracy: 1.0000, Energy: -352277.34375
Time taken:  0.2703430652618408
Test Loss: 0.0000, Test Accuracy: 1.0000, Energy: -428222.59375
Time taken:  0.266737699508667
Test Loss: 0.0000, Test Accuracy: 1.0000, Energy: -487530.5625
Time taken:  0.26706385612487793
Test Loss: 0.0000, Test Accuracy: 1.0000, Energy: -536613.9375
Time taken:  0.2710075378417969
Test Loss: 0.0000, Test Accuracy: 1.0000, Energy: -577149.125
Time taken:  0.2673990726470947
Test Loss: 0.0000, Test Accuracy: 1.0000, Energy: -610206.6875
Time taken:  0.2705235481262207
Test Loss: 0.0000, Test Accuracy: 1.0000, Energy: -638030.3125
Time taken:  0.26616883277893066
Test Loss: 0.0000, Test Accuracy: 1.0000, Energy: -660741.5
Time taken:  0.2698383331298828
Test Loss: 0.0000, Test Accuracy: 1.0000, Energy: -679330.4375
Time taken:  0.2672688961029053
Test Loss: 0.0000, Test Accuracy: 1.0000, Energy: -694922.375
Time taken:  0.27097296714782715
Test Loss: 0.0000, Test Accuracy: 1.0000, Energy: -707665.8125
Time taken:  0.26926207542419434
Test Loss: 0.0000, Test Accuracy: 1.0000, Energy: -707422.5
Time taken:  0.2673506736755371
Test Loss: 0.0000, Test Accuracy: 1.0000, Energy: -695157.25
Time taken:  0.27144646644592285
Test Loss: 0.0000, Test Accuracy: 1.0000, Energy: -689705.6875
Time taken:  0.26808834075927734
Test Loss: 0.0000, Test Accuracy: 1.0000, Energy: -688572.6875
Time taken:  0.27147817611694336
Test Loss: 0.0000, Test Accuracy: 1.0000, Energy: -688630.125
Time taken:  0.2691996097564697
Test Loss: 0.0000, Test Accuracy: 1.0000, Energy: -688630.375
Time taken:  0.27085280418395996
Test Loss: 0.0000, Test Accuracy: 1.0000, Energy: -687137.9375
Time taken:  0.26790904998779297
Test Loss: 0.0000, Test Accuracy: 1.0000, Energy: -686257.4375
Time taken:  0.27009057998657227
Test Loss: 0.0000, Test Accuracy: 1.0000, Energy: -685774.875
Time taken:  0.26638007164001465
Test Loss: 0.0000, Test Accuracy: 1.0000, Energy: -685228.5
Time taken:  0.26543354988098145
Test Loss: 0.0000, Test Accuracy: 1.0000, Energy: -684725.375
Time taken:  0.2698979377746582
Test Loss: 0.0000, Test Accuracy: 1.0000, Energy: -684413.25
Time taken:  0.26663804054260254
Test Loss: 0.0000, Test Accuracy: 1.0000, Energy: -684144.5
Time taken:  0.26958560943603516
Test Loss: 0.0000, Test Accuracy: 1.0000, Energy: -684094.125
Time taken:  0.26571035385131836
Test Loss: 0.0000, Test Accuracy: 1.0000, Energy: -684048.5
Time taken:  0.2698783874511719
Test Loss: 0.0000, Test Accuracy: 1.0000, Energy: -684063.5
Time taken:  0.26664137840270996
Test Loss: 0.0000, Test Accuracy: 1.0000, Energy: -684093.0625
Time taken:  0.26981401443481445
Test Loss: 0.0000, Test Accuracy: 1.0000, Energy: -684168.25
Time taken:  0.26723194122314453
Test Loss: 0.0000, Test Accuracy: 1.0000, Energy: -684230.875
Time taken:  0.2664668560028076
Test Loss: 0.0000, Test Accuracy: 1.0000, Energy: -684295.0
Time taken:  0.2699751853942871
Test Loss: 0.0000, Test Accuracy: 1.0000, Energy: -684462.5625
Time taken:  0.26634907722473145
Test Loss: 0.0000, Test Accuracy: 1.0000, Energy: -684594.0625
Time taken:  0.26964497566223145
Test Loss: 0.0000, Test Accuracy: 1.0000, Energy: -684699.8125
Time taken:  0.2661104202270508
Test Loss: 0.0000, Test Accuracy: 1.0000, Energy: -684828.625
Time taken:  0.2702798843383789
Test Loss: 0.0000, Test Accuracy: 1.0000, Energy: -684974.0625
Time taken:  0.2663445472717285
Test Loss: 0.0000, Test Accuracy: 1.0000, Energy: -685135.875
Time taken:  0.2695493698120117
Test Loss: 0.0000, Test Accuracy: 1.0000, Energy: -685353.875
Time taken:  0.2661600112915039
Test Loss: 0.0000, Test Accuracy: 1.0000, Energy: -685458.6875
Time taken:  0.26600193977355957
Test Loss: 0.0000, Test Accuracy: 1.0000, Energy: -685599.25
Time taken:  0.26949143409729004
Test Loss: 0.0000, Test Accuracy: 1.0000, Energy: -685773.25
Time taken:  0.26502346992492676
Test Loss: 0.0000, Test Accuracy: 1.0000, Energy: -685903.375
Time taken:  0.26911115646362305
Test Loss: 0.0000, Test Accuracy: 1.0000, Energy: -686068.8125
Time taken:  0.2656850814819336
Test Loss: 0.0000, Test Accuracy: 1.0000, Energy: -686214.3125
Time taken:  0.26894283294677734
Test Loss: 0.0000, Test Accuracy: 1.0000, Energy: -686360.875
Time taken:  0.2653629779815674
Test Loss: 0.0000, Test Accuracy: 1.0000, Energy: -686463.9375
Time taken:  0.2681448459625244
Test Loss: 0.0000, Test Accuracy: 1.0000, Energy: -686589.6875
Time taken:  0.26622796058654785
Test Loss: 0.0000, Test Accuracy: 1.0000, Energy: -686768.625
Time taken:  0.2658553123474121
Test Loss: 0.0000, Test Accuracy: 1.0000, Energy: -686888.0625
Time taken:  0.2692546844482422
Test Loss: 0.0000, Test Accuracy: 1.0000, Energy: -687044.0
Time taken:  0.26603055000305176
Test Loss: 0.0000, Test Accuracy: 1.0000, Energy: -687200.125
Time taken:  0.2690136432647705
Test Loss: 0.0000, Test Accuracy: 1.0000, Energy: -687318.0
Time taken:  0.26618480682373047
Test Loss: 0.0000, Test Accuracy: 1.0000, Energy: -687434.625
Time taken:  0.27014923095703125
Test Loss: 0.0000, Test Accuracy: 1.0000, Energy: -687549.9375
Time taken:  0.2652409076690674
Test Loss: 0.0000, Test Accuracy: 1.0000, Energy: -687664.5625
Time taken:  0.2686612606048584
Test Loss: 0.0000, Test Accuracy: 1.0000, Energy: -687816.375
Time taken:  0.26772499084472656
Test Loss: 0.0000, Test Accuracy: 1.0000, Energy: -687915.375
Time taken:  0.26672863960266113
Test Loss: 0.0000, Test Accuracy: 1.0000, Energy: -688033.3125
Time taken:  0.2698245048522949
Test Loss: 0.0000, Test Accuracy: 1.0000, Energy: -688121.4375
Time taken:  0.26643919944763184
Test Loss: 0.0000, Test Accuracy: 1.0000, Energy: -688219.1875
Time taken:  0.2696835994720459
Test Loss: 0.0000, Test Accuracy: 1.0000, Energy: -688311.8125
Time taken:  0.2658050060272217
Test Loss: 0.0000, Test Accuracy: 1.0000, Energy: -688390.5
Time taken:  0.2691178321838379
Test Loss: 0.0000, Test Accuracy: 1.0000, Energy: -688476.25
Time taken:  0.2644221782684326
Test Loss: 0.0000, Test Accuracy: 1.0000, Energy: -688602.75
Time taken:  0.26990389823913574
Test Loss: 0.0000, Test Accuracy: 1.0000, Energy: -688733.5625
Time taken:  0.26578259468078613
Test Loss: 0.0000, Test Accuracy: 1.0000, Energy: -688818.3125
Time taken:  0.26513171195983887
Test Loss: 0.0000, Test Accuracy: 1.0000, Energy: -688951.3125
Time taken:  0.26938366889953613
Test Loss: 0.0000, Test Accuracy: 1.0000, Energy: -688982.0625
Time taken:  0.26552271842956543
Test Loss: 0.0000, Test Accuracy: 1.0000, Energy: -689070.4375
Time taken:  0.2692248821258545
Test Loss: 0.0000, Test Accuracy: 1.0000, Energy: -689168.9375
Time taken:  0.2655761241912842
Test Loss: 0.0000, Test Accuracy: 1.0000, Energy: -689182.4375
Time taken:  0.26874351501464844
Test Loss: 0.0000, Test Accuracy: 1.0000, Energy: -689222.6875
Time taken:  0.2647080421447754
Test Loss: 0.0000, Test Accuracy: 1.0000, Energy: -689300.8125
Time taken:  0.2743985652923584
Test Loss: 0.0000, Test Accuracy: 1.0000, Energy: -689364.75
Time taken:  0.2755439281463623
Test Loss: 0.0000, Test Accuracy: 1.0000, Energy: -689380.6875
Time taken:  0.2776303291320801
Test Loss: 0.0000, Test Accuracy: 1.0000, Energy: -689448.5
Time taken:  0.26966428756713867
Test Loss: 0.0000, Test Accuracy: 1.0000, Energy: -689548.0625
Time taken:  0.26644325256347656
Test Loss: 0.0000, Test Accuracy: 1.0000, Energy: -689609.5625
Time taken:  0.2685670852661133
Test Loss: 0.0000, Test Accuracy: 1.0000, Energy: -689651.125
Time taken:  0.2658565044403076
Test Loss: 0.0000, Test Accuracy: 1.0000, Energy: -689705.375
Time taken:  0.2690134048461914
Test Loss: 0.0000, Test Accuracy: 1.0000, Energy: -689741.5625
Time taken:  0.2657911777496338
Test Loss: 0.0000, Test Accuracy: 1.0000, Energy: -689788.1875
Time taken:  0.26968836784362793
Test Loss: 0.0000, Test Accuracy: 1.0000, Energy: -689842.125
Time taken:  0.26618027687072754
Test Loss: 0.0000, Test Accuracy: 1.0000, Energy: -689923.375
Time taken:  0.2685074806213379
Test Loss: 0.0000, Test Accuracy: 1.0000, Energy: -689990.4375
Time taken:  0.26509737968444824
Test Loss: 0.0000, Test Accuracy: 1.0000, Energy: -690052.8125
Time taken:  0.265303373336792
Test Loss: 0.0000, Test Accuracy: 1.0000, Energy: -690125.125
Time taken:  0.2696235179901123
Test Loss: 0.0000, Test Accuracy: 1.0000, Energy: -690195.5
Time taken:  0.26581764221191406
Test Loss: 0.0000, Test Accuracy: 1.0000, Energy: -690238.625
Time taken:  0.2687218189239502
Test Loss: 0.0000, Test Accuracy: 1.0000, Energy: -690249.1875
Time taken:  0.2661123275756836
Test Loss: 0.0000, Test Accuracy: 1.0000, Energy: -690334.625
Time taken:  0.2687242031097412
Test Loss: 0.0000, Test Accuracy: 1.0000, Energy: -690350.625
Time taken:  0.2679924964904785
Test Loss: 0.0000, Test Accuracy: 1.0000, Energy: -690384.5
Time taken:  0.2701594829559326
Test Loss: 0.0000, Test Accuracy: 1.0000, Energy: -690449.5625
Time taken:  0.265514612197876
Test Loss: 0.0000, Test Accuracy: 1.0000, Energy: -690480.875
Time taken:  0.26625752449035645
Test Loss: 0.0000, Test Accuracy: 1.0000, Energy: -690530.375
Time taken:  0.26859068870544434
Test Loss: 0.0000, Test Accuracy: 1.0000, Energy: -690520.5625
Time taken:  0.2663261890411377
Final accuracies: [0.9733333333333334, 1.0, 1.0, 1.0, 1.0, 1.0, 1.0, 1.0, 1.0, 1.0, 1.0, 1.0, 1.0, 1.0, 1.0, 1.0, 1.0, 1.0, 1.0, 1.0, 1.0, 1.0, 1.0, 1.0, 1.0, 1.0, 1.0, 1.0, 1.0, 1.0, 1.0, 1.0, 1.0, 1.0, 1.0, 1.0, 1.0, 1.0, 1.0, 1.0, 1.0, 1.0, 1.0, 1.0, 1.0, 1.0, 1.0, 1.0, 1.0, 1.0, 1.0, 1.0, 1.0, 1.0, 1.0, 1.0, 1.0, 1.0, 1.0, 1.0, 1.0, 1.0, 1.0, 1.0, 1.0, 1.0, 1.0, 1.0, 1.0, 1.0, 1.0, 1.0, 1.0, 1.0, 1.0, 1.0, 1.0, 1.0, 1.0, 1.0, 1.0, 1.0, 1.0, 1.0, 1.0, 1.0, 1.0, 1.0, 1.0, 1.0, 1.0, 1.0, 1.0, 1.0, 1.0, 1.0, 1.0, 1.0, 1.0, 1.0]
Final energies: [-17249.111328125, -140205.0, -260312.21875, -352277.34375, -428222.59375, -487530.5625, -536613.9375, -577149.125, -610206.6875, -638030.3125, -660741.5, -679330.4375, -694922.375, -707665.8125, -707422.5, -695157.25, -689705.6875, -688572.6875, -688630.125, -688630.375, -687137.9375, -686257.4375, -685774.875, -685228.5, -684725.375, -684413.25, -684144.5, -684094.125, -684048.5, -684063.5, -684093.0625, -684168.25, -684230.875, -684295.0, -684462.5625, -684594.0625, -684699.8125, -684828.625, -684974.0625, -685135.875, -685353.875, -685458.6875, -685599.25, -685773.25, -685903.375, -686068.8125, -686214.3125, -686360.875, -686463.9375, -686589.6875, -686768.625, -686888.0625, -687044.0, -687200.125, -687318.0, -687434.625, -687549.9375, -687664.5625, -687816.375, -687915.375, -688033.3125, -688121.4375, -688219.1875, -688311.8125, -688390.5, -688476.25, -688602.75, -688733.5625, -688818.3125, -688951.3125, -688982.0625, -689070.4375, -689168.9375, -689182.4375, -689222.6875, -689300.8125, -689364.75, -689380.6875, -689448.5, -689548.0625, -689609.5625, -689651.125, -689705.375, -689741.5625, -689788.1875, -689842.125, -689923.375, -689990.4375, -690052.8125, -690125.125, -690195.5, -690238.625, -690249.1875, -690334.625, -690350.625, -690384.5, -690449.5625, -690480.875, -690530.375, -690520.5625]
