Running with parameters: hidden=30, use_coupled=false, seed=76, lam=0.0, eta=0.0, batch=50
Test Loss: 0.0000, Test Accuracy: 0.8267, Energy: -2056.70703125
Time taken:  0.29157352447509766
Test Loss: 0.0000, Test Accuracy: 0.9967, Energy: -39779.5703125
Time taken:  0.2766246795654297
Test Loss: 0.0000, Test Accuracy: 0.9733, Energy: -136697.75
Time taken:  0.27356719970703125
Test Loss: 0.0000, Test Accuracy: 0.9667, Energy: -222774.828125
Time taken:  0.2785184383392334
Test Loss: 0.0000, Test Accuracy: 0.9700, Energy: -289069.46875
Time taken:  0.2715482711791992
Test Loss: 0.0000, Test Accuracy: 0.9733, Energy: -341243.15625
Time taken:  0.27534937858581543
Test Loss: 0.0000, Test Accuracy: 0.9733, Energy: -382478.09375
Time taken:  0.2733883857727051
Test Loss: 0.0000, Test Accuracy: 0.9733, Energy: -416190.6875
Time taken:  0.2751576900482178
Test Loss: 0.0000, Test Accuracy: 0.9733, Energy: -443003.875
Time taken:  0.27353978157043457
Test Loss: 0.0000, Test Accuracy: 0.9767, Energy: -465174.9375
Time taken:  0.2735629081726074
Test Loss: 0.0000, Test Accuracy: 0.9767, Energy: -483823.6875
Time taken:  0.27120041847229004
Test Loss: 0.0000, Test Accuracy: 0.9833, Energy: -498531.40625
Time taken:  0.27275538444519043
Test Loss: 0.0000, Test Accuracy: 0.9800, Energy: -512247.78125
Time taken:  0.26871562004089355
Test Loss: 0.0000, Test Accuracy: 0.9833, Energy: -522689.09375
Time taken:  0.2762010097503662
Test Loss: 0.0000, Test Accuracy: 0.9867, Energy: -531185.0625
Time taken:  0.27370285987854004
Test Loss: 0.0000, Test Accuracy: 0.9833, Energy: -539048.0
Time taken:  0.27304911613464355
Test Loss: 0.0000, Test Accuracy: 0.9867, Energy: -544792.75
Time taken:  0.2729461193084717
Test Loss: 0.0000, Test Accuracy: 0.9833, Energy: -550716.1875
Time taken:  0.2707939147949219
Test Loss: 0.0000, Test Accuracy: 0.9833, Energy: -554982.3125
Time taken:  0.27480340003967285
Test Loss: 0.0000, Test Accuracy: 0.9833, Energy: -558413.25
Time taken:  0.271198034286499
Test Loss: 0.0000, Test Accuracy: 0.9833, Energy: -561352.125
Time taken:  0.2746255397796631
Test Loss: 0.0000, Test Accuracy: 0.9833, Energy: -563761.625
Time taken:  0.27359747886657715
Test Loss: 0.0000, Test Accuracy: 0.9833, Energy: -565745.5
Time taken:  0.28487658500671387
Test Loss: 0.0000, Test Accuracy: 0.9833, Energy: -567529.0
Time taken:  0.27127647399902344
Test Loss: 0.0000, Test Accuracy: 0.9833, Energy: -568962.125
Time taken:  0.27494120597839355
Test Loss: 0.0000, Test Accuracy: 0.9833, Energy: -570090.125
Time taken:  0.27312493324279785
Test Loss: 0.0000, Test Accuracy: 0.9833, Energy: -571111.375
Time taken:  0.274364709854126
Test Loss: 0.0000, Test Accuracy: 0.9833, Energy: -571868.25
Time taken:  0.2741823196411133
Test Loss: 0.0000, Test Accuracy: 0.9867, Energy: -571891.4375
Time taken:  0.2746577262878418
Test Loss: 0.0000, Test Accuracy: 0.9867, Energy: -572428.5
Time taken:  0.2730889320373535
Test Loss: 0.0000, Test Accuracy: 0.9867, Energy: -572835.5
Time taken:  0.2756950855255127
Test Loss: 0.0000, Test Accuracy: 0.9867, Energy: -573118.5625
Time taken:  0.2725954055786133
Test Loss: 0.0000, Test Accuracy: 0.9867, Energy: -573404.6875
Time taken:  0.27496838569641113
Test Loss: 0.0000, Test Accuracy: 0.9867, Energy: -573635.5625
Time taken:  0.27266693115234375
Test Loss: 0.0000, Test Accuracy: 0.9867, Energy: -573860.5
Time taken:  0.2766430377960205
Test Loss: 0.0000, Test Accuracy: 0.9867, Energy: -574041.5
Time taken:  0.27407217025756836
Test Loss: 0.0000, Test Accuracy: 0.9867, Energy: -574164.9375
Time taken:  0.2776007652282715
Test Loss: 0.0000, Test Accuracy: 0.9867, Energy: -574268.5
Time taken:  0.2719695568084717
Test Loss: 0.0000, Test Accuracy: 0.9867, Energy: -574361.375
Time taken:  0.27680420875549316
Test Loss: 0.0000, Test Accuracy: 0.9867, Energy: -574451.8125
Time taken:  0.27254366874694824
Test Loss: 0.0000, Test Accuracy: 0.9867, Energy: -574505.625
Time taken:  0.274350643157959
Test Loss: 0.0000, Test Accuracy: 0.9867, Energy: -574549.8125
Time taken:  0.2716550827026367
Test Loss: 0.0000, Test Accuracy: 0.9867, Energy: -574592.0625
Time taken:  0.2718801498413086
Test Loss: 0.0000, Test Accuracy: 0.9867, Energy: -574632.75
Time taken:  0.27362537384033203
Test Loss: 0.0000, Test Accuracy: 0.9867, Energy: -574657.125
Time taken:  0.27328014373779297
Test Loss: 0.0000, Test Accuracy: 0.9867, Energy: -574677.125
Time taken:  0.2762489318847656
Test Loss: 0.0000, Test Accuracy: 0.9867, Energy: -574693.625
Time taken:  0.27161645889282227
Test Loss: 0.0000, Test Accuracy: 0.9867, Energy: -574706.8125
Time taken:  0.27437567710876465
Test Loss: 0.0000, Test Accuracy: 0.9867, Energy: -574717.9375
Time taken:  0.2737572193145752
Test Loss: 0.0000, Test Accuracy: 0.9867, Energy: -574727.0
Time taken:  0.2758631706237793
Test Loss: 0.0000, Test Accuracy: 0.9867, Energy: -574734.375
Time taken:  0.27091145515441895
Test Loss: 0.0000, Test Accuracy: 0.9867, Energy: -574743.8125
Time taken:  0.2748985290527344
Test Loss: 0.0000, Test Accuracy: 0.9867, Energy: -574748.875
Time taken:  0.27164530754089355
Test Loss: 0.0000, Test Accuracy: 0.9867, Energy: -574752.875
Time taken:  0.2744579315185547
Test Loss: 0.0000, Test Accuracy: 0.9867, Energy: -574755.9375
Time taken:  0.27175092697143555
Test Loss: 0.0000, Test Accuracy: 0.9867, Energy: -574758.875
Time taken:  0.27455687522888184
Test Loss: 0.0000, Test Accuracy: 0.9867, Energy: -574761.125
Time taken:  0.2752227783203125
Test Loss: 0.0000, Test Accuracy: 0.9867, Energy: -574763.125
Time taken:  0.275571346282959
Test Loss: 0.0000, Test Accuracy: 0.9867, Energy: -574764.3125
Time taken:  0.2720606327056885
Test Loss: 0.0000, Test Accuracy: 0.9867, Energy: -574773.375
Time taken:  0.27487874031066895
Test Loss: 0.0000, Test Accuracy: 0.9867, Energy: -574774.625
Time taken:  0.2716484069824219
Test Loss: 0.0000, Test Accuracy: 0.9867, Energy: -574775.375
Time taken:  0.27572059631347656
Test Loss: 0.0000, Test Accuracy: 0.9867, Energy: -574775.875
Time taken:  0.2720344066619873
Test Loss: 0.0000, Test Accuracy: 0.9867, Energy: -574776.75
Time taken:  0.2751030921936035
Test Loss: 0.0000, Test Accuracy: 0.9867, Energy: -574777.1875
Time taken:  0.27208733558654785
Test Loss: 0.0000, Test Accuracy: 0.9867, Energy: -574777.5
Time taken:  0.27134227752685547
Test Loss: 0.0000, Test Accuracy: 0.9867, Energy: -574777.625
Time taken:  0.2747201919555664
Test Loss: 0.0000, Test Accuracy: 0.9867, Energy: -574778.0
Time taken:  0.2774186134338379
Test Loss: 0.0000, Test Accuracy: 0.9867, Energy: -574778.3125
Time taken:  0.2745184898376465
Test Loss: 0.0000, Test Accuracy: 0.9867, Energy: -574778.6875
Time taken:  0.27255797386169434
Test Loss: 0.0000, Test Accuracy: 0.9867, Energy: -574778.875
Time taken:  0.27480363845825195
Test Loss: 0.0000, Test Accuracy: 0.9867, Energy: -574779.0625
Time taken:  0.2727627754211426
Test Loss: 0.0000, Test Accuracy: 0.9867, Energy: -574779.3125
Time taken:  0.2777714729309082
Test Loss: 0.0000, Test Accuracy: 0.9867, Energy: -574779.3125
Time taken:  0.27303481101989746
Test Loss: 0.0000, Test Accuracy: 0.9867, Energy: -574779.4375
Time taken:  0.2739222049713135
Test Loss: 0.0000, Test Accuracy: 0.9867, Energy: -574779.4375
Time taken:  0.27164316177368164
Test Loss: 0.0000, Test Accuracy: 0.9867, Energy: -574779.5
Time taken:  0.27417826652526855
Test Loss: 0.0000, Test Accuracy: 0.9867, Energy: -574779.5
Time taken:  0.2723574638366699
Test Loss: 0.0000, Test Accuracy: 0.9867, Energy: -574779.5625
Time taken:  0.2757384777069092
Test Loss: 0.0000, Test Accuracy: 0.9867, Energy: -574779.625
Time taken:  0.2722635269165039
Test Loss: 0.0000, Test Accuracy: 0.9867, Energy: -574779.625
Time taken:  0.2761383056640625
Test Loss: 0.0000, Test Accuracy: 0.9867, Energy: -574779.6875
Time taken:  0.27245020866394043
Test Loss: 0.0000, Test Accuracy: 0.9867, Energy: -574779.6875
Time taken:  0.2755577564239502
Test Loss: 0.0000, Test Accuracy: 0.9867, Energy: -574779.75
Time taken:  0.27237701416015625
Test Loss: 0.0000, Test Accuracy: 0.9867, Energy: -574779.75
Time taken:  0.275158166885376
Test Loss: 0.0000, Test Accuracy: 0.9867, Energy: -574779.875
Time taken:  0.27290916442871094
Test Loss: 0.0000, Test Accuracy: 0.9867, Energy: -574780.0625
Time taken:  0.27400946617126465
Test Loss: 0.0000, Test Accuracy: 0.9867, Energy: -574780.125
Time taken:  0.2726776599884033
Test Loss: 0.0000, Test Accuracy: 0.9867, Energy: -574780.1875
Time taken:  0.2713327407836914
Test Loss: 0.0000, Test Accuracy: 0.9867, Energy: -574780.1875
Time taken:  0.2750856876373291
Test Loss: 0.0000, Test Accuracy: 0.9867, Energy: -574780.25
Time taken:  0.27307868003845215
Test Loss: 0.0000, Test Accuracy: 0.9867, Energy: -574780.3125
Time taken:  0.27375197410583496
Test Loss: 0.0000, Test Accuracy: 0.9867, Energy: -574780.3125
Time taken:  0.27316951751708984
Test Loss: 0.0000, Test Accuracy: 0.9867, Energy: -574780.625
Time taken:  0.2737741470336914
Test Loss: 0.0000, Test Accuracy: 0.9867, Energy: -574780.8125
Time taken:  0.27091455459594727
Test Loss: 0.0000, Test Accuracy: 0.9867, Energy: -574780.9375
Time taken:  0.27153587341308594
Test Loss: 0.0000, Test Accuracy: 0.9867, Energy: -574780.9375
Time taken:  0.26955652236938477
Test Loss: 0.0000, Test Accuracy: 0.9867, Energy: -574780.9375
Time taken:  0.2753756046295166
Test Loss: 0.0000, Test Accuracy: 0.9867, Energy: -574781.0
Time taken:  0.273684024810791
Test Loss: 0.0000, Test Accuracy: 0.9867, Energy: -574781.0
Time taken:  0.2806839942932129
Final accuracies: [0.8266666666666667, 0.9966666666666667, 0.9733333333333334, 0.9666666666666667, 0.97, 0.9733333333333334, 0.9733333333333334, 0.9733333333333334, 0.9733333333333334, 0.9766666666666667, 0.9766666666666667, 0.9833333333333333, 0.98, 0.9833333333333333, 0.9866666666666667, 0.9833333333333333, 0.9866666666666667, 0.9833333333333333, 0.9833333333333333, 0.9833333333333333, 0.9833333333333333, 0.9833333333333333, 0.9833333333333333, 0.9833333333333333, 0.9833333333333333, 0.9833333333333333, 0.9833333333333333, 0.9833333333333333, 0.9866666666666667, 0.9866666666666667, 0.9866666666666667, 0.9866666666666667, 0.9866666666666667, 0.9866666666666667, 0.9866666666666667, 0.9866666666666667, 0.9866666666666667, 0.9866666666666667, 0.9866666666666667, 0.9866666666666667, 0.9866666666666667, 0.9866666666666667, 0.9866666666666667, 0.9866666666666667, 0.9866666666666667, 0.9866666666666667, 0.9866666666666667, 0.9866666666666667, 0.9866666666666667, 0.9866666666666667, 0.9866666666666667, 0.9866666666666667, 0.9866666666666667, 0.9866666666666667, 0.9866666666666667, 0.9866666666666667, 0.9866666666666667, 0.9866666666666667, 0.9866666666666667, 0.9866666666666667, 0.9866666666666667, 0.9866666666666667, 0.9866666666666667, 0.9866666666666667, 0.9866666666666667, 0.9866666666666667, 0.9866666666666667, 0.9866666666666667, 0.9866666666666667, 0.9866666666666667, 0.9866666666666667, 0.9866666666666667, 0.9866666666666667, 0.9866666666666667, 0.9866666666666667, 0.9866666666666667, 0.9866666666666667, 0.9866666666666667, 0.9866666666666667, 0.9866666666666667, 0.9866666666666667, 0.9866666666666667, 0.9866666666666667, 0.9866666666666667, 0.9866666666666667, 0.9866666666666667, 0.9866666666666667, 0.9866666666666667, 0.9866666666666667, 0.9866666666666667, 0.9866666666666667, 0.9866666666666667, 0.9866666666666667, 0.9866666666666667, 0.9866666666666667, 0.9866666666666667, 0.9866666666666667, 0.9866666666666667, 0.9866666666666667, 0.9866666666666667]
Final energies: [-2056.70703125, -39779.5703125, -136697.75, -222774.828125, -289069.46875, -341243.15625, -382478.09375, -416190.6875, -443003.875, -465174.9375, -483823.6875, -498531.40625, -512247.78125, -522689.09375, -531185.0625, -539048.0, -544792.75, -550716.1875, -554982.3125, -558413.25, -561352.125, -563761.625, -565745.5, -567529.0, -568962.125, -570090.125, -571111.375, -571868.25, -571891.4375, -572428.5, -572835.5, -573118.5625, -573404.6875, -573635.5625, -573860.5, -574041.5, -574164.9375, -574268.5, -574361.375, -574451.8125, -574505.625, -574549.8125, -574592.0625, -574632.75, -574657.125, -574677.125, -574693.625, -574706.8125, -574717.9375, -574727.0, -574734.375, -574743.8125, -574748.875, -574752.875, -574755.9375, -574758.875, -574761.125, -574763.125, -574764.3125, -574773.375, -574774.625, -574775.375, -574775.875, -574776.75, -574777.1875, -574777.5, -574777.625, -574778.0, -574778.3125, -574778.6875, -574778.875, -574779.0625, -574779.3125, -574779.3125, -574779.4375, -574779.4375, -574779.5, -574779.5, -574779.5625, -574779.625, -574779.625, -574779.6875, -574779.6875, -574779.75, -574779.75, -574779.875, -574780.0625, -574780.125, -574780.1875, -574780.1875, -574780.25, -574780.3125, -574780.3125, -574780.625, -574780.8125, -574780.9375, -574780.9375, -574780.9375, -574781.0, -574781.0]
