Running with parameters: hidden=30, use_coupled=false, seed=38, lam=0.0, eta=0.0, batch=50
Test Loss: 0.0000, Test Accuracy: 0.9600, Energy: -41639.6328125
Time taken:  0.2902102470397949
Test Loss: 0.0000, Test Accuracy: 1.0000, Energy: -197584.515625
Time taken:  0.2784755229949951
Test Loss: 0.0000, Test Accuracy: 0.9867, Energy: -299086.5625
Time taken:  0.2731757164001465
Test Loss: 0.0000, Test Accuracy: 0.9933, Energy: -379582.625
Time taken:  0.2787744998931885
Test Loss: 0.0000, Test Accuracy: 1.0000, Energy: -446057.0
Time taken:  0.2751593589782715
Test Loss: 0.0000, Test Accuracy: 1.0000, Energy: -496756.875
Time taken:  0.27723026275634766
Test Loss: 0.0000, Test Accuracy: 0.9967, Energy: -538495.4375
Time taken:  0.27579283714294434
Test Loss: 0.0000, Test Accuracy: 0.9900, Energy: -573805.375
Time taken:  0.2768580913543701
Test Loss: 0.0000, Test Accuracy: 0.9900, Energy: -602474.8125
Time taken:  0.27294921875
Test Loss: 0.0000, Test Accuracy: 0.9833, Energy: -628751.6875
Time taken:  0.2774016857147217
Test Loss: 0.0000, Test Accuracy: 0.9767, Energy: -648130.875
Time taken:  0.2737116813659668
Test Loss: 0.0000, Test Accuracy: 0.9833, Energy: -659651.25
Time taken:  0.276538610458374
Test Loss: 0.0000, Test Accuracy: 0.9833, Energy: -669677.375
Time taken:  0.2732887268066406
Test Loss: 0.0000, Test Accuracy: 0.9833, Energy: -678842.375
Time taken:  0.27831292152404785
Test Loss: 0.0000, Test Accuracy: 0.9833, Energy: -686910.0
Time taken:  0.2728593349456787
Test Loss: 0.0000, Test Accuracy: 0.9833, Energy: -693799.0
Time taken:  0.27319788932800293
Test Loss: 0.0000, Test Accuracy: 0.9867, Energy: -697695.25
Time taken:  0.2746765613555908
Test Loss: 0.0000, Test Accuracy: 0.9867, Energy: -702916.8125
Time taken:  0.2734501361846924
Test Loss: 0.0000, Test Accuracy: 0.9867, Energy: -707275.25
Time taken:  0.27484655380249023
Test Loss: 0.0000, Test Accuracy: 0.9867, Energy: -710701.75
Time taken:  0.2722041606903076
Test Loss: 0.0000, Test Accuracy: 0.9867, Energy: -713748.125
Time taken:  0.275115966796875
Test Loss: 0.0000, Test Accuracy: 0.9867, Energy: -716116.8125
Time taken:  0.27295374870300293
Test Loss: 0.0000, Test Accuracy: 0.9867, Energy: -718244.3125
Time taken:  0.27772045135498047
Test Loss: 0.0000, Test Accuracy: 0.9867, Energy: -719674.9375
Time taken:  0.27306437492370605
Test Loss: 0.0000, Test Accuracy: 0.9867, Energy: -721039.125
Time taken:  0.2773399353027344
Test Loss: 0.0000, Test Accuracy: 0.9867, Energy: -722267.3125
Time taken:  0.2722756862640381
Test Loss: 0.0000, Test Accuracy: 0.9867, Energy: -723318.75
Time taken:  0.27494359016418457
Test Loss: 0.0000, Test Accuracy: 0.9867, Energy: -724155.375
Time taken:  0.27339982986450195
Test Loss: 0.0000, Test Accuracy: 0.9867, Energy: -724919.25
Time taken:  0.27700161933898926
Test Loss: 0.0000, Test Accuracy: 0.9867, Energy: -725445.25
Time taken:  0.2728393077850342
Test Loss: 0.0000, Test Accuracy: 0.9867, Energy: -725875.6875
Time taken:  0.2734799385070801
Test Loss: 0.0000, Test Accuracy: 0.9867, Energy: -726288.4375
Time taken:  0.2760629653930664
Test Loss: 0.0000, Test Accuracy: 0.9867, Energy: -726620.875
Time taken:  0.2727982997894287
Test Loss: 0.0000, Test Accuracy: 0.9867, Energy: -726885.5
Time taken:  0.27641820907592773
Test Loss: 0.0000, Test Accuracy: 0.9867, Energy: -727103.875
Time taken:  0.2739136219024658
Test Loss: 0.0000, Test Accuracy: 0.9867, Energy: -727280.6875
Time taken:  0.2760508060455322
Test Loss: 0.0000, Test Accuracy: 0.9867, Energy: -727450.5
Time taken:  0.27349305152893066
Test Loss: 0.0000, Test Accuracy: 0.9867, Energy: -727571.625
Time taken:  0.2753424644470215
Test Loss: 0.0000, Test Accuracy: 0.9867, Energy: -727685.1875
Time taken:  0.27356791496276855
Test Loss: 0.0000, Test Accuracy: 0.9867, Energy: -727809.5625
Time taken:  0.27515316009521484
Test Loss: 0.0000, Test Accuracy: 0.9867, Energy: -727867.625
Time taken:  0.275249719619751
Test Loss: 0.0000, Test Accuracy: 0.9867, Energy: -727907.3125
Time taken:  0.2758340835571289
Test Loss: 0.0000, Test Accuracy: 0.9867, Energy: -727968.5625
Time taken:  0.27449536323547363
Test Loss: 0.0000, Test Accuracy: 0.9867, Energy: -728023.125
Time taken:  0.2764909267425537
Test Loss: 0.0000, Test Accuracy: 0.9867, Energy: -728044.3125
Time taken:  0.27234315872192383
Test Loss: 0.0000, Test Accuracy: 0.9867, Energy: -728083.625
Time taken:  0.2746739387512207
Test Loss: 0.0000, Test Accuracy: 0.9867, Energy: -728128.5
Time taken:  0.27182626724243164
Test Loss: 0.0000, Test Accuracy: 0.9867, Energy: -728166.5625
Time taken:  0.2716231346130371
Test Loss: 0.0000, Test Accuracy: 0.9867, Energy: -728189.875
Time taken:  0.27487969398498535
Test Loss: 0.0000, Test Accuracy: 0.9867, Energy: -728214.625
Time taken:  0.27306389808654785
Test Loss: 0.0000, Test Accuracy: 0.9867, Energy: -728236.5
Time taken:  0.2754852771759033
Test Loss: 0.0000, Test Accuracy: 0.9867, Energy: -728262.375
Time taken:  0.27326536178588867
Test Loss: 0.0000, Test Accuracy: 0.9867, Energy: -728293.25
Time taken:  0.2768540382385254
Test Loss: 0.0000, Test Accuracy: 0.9867, Energy: -728299.875
Time taken:  0.2720022201538086
Test Loss: 0.0000, Test Accuracy: 0.9867, Energy: -728314.1875
Time taken:  0.27608561515808105
Test Loss: 0.0000, Test Accuracy: 0.9867, Energy: -728328.125
Time taken:  0.27283310890197754
Test Loss: 0.0000, Test Accuracy: 0.9867, Energy: -728350.375
Time taken:  0.2751281261444092
Test Loss: 0.0000, Test Accuracy: 0.9867, Energy: -728359.0625
Time taken:  0.27225351333618164
Test Loss: 0.0000, Test Accuracy: 0.9867, Energy: -728372.125
Time taken:  0.27498745918273926
Test Loss: 0.0000, Test Accuracy: 0.9867, Energy: -728383.5
Time taken:  0.2721128463745117
Test Loss: 0.0000, Test Accuracy: 0.9867, Energy: -728392.75
Time taken:  0.2761218547821045
Test Loss: 0.0000, Test Accuracy: 0.9867, Energy: -728400.8125
Time taken:  0.27219128608703613
Test Loss: 0.0000, Test Accuracy: 0.9867, Energy: -728437.6875
Time taken:  0.2754857540130615
Test Loss: 0.0000, Test Accuracy: 0.9867, Energy: -728480.5625
Time taken:  0.27183032035827637
Test Loss: 0.0000, Test Accuracy: 0.9867, Energy: -728503.6875
Time taken:  0.2726936340332031
Test Loss: 0.0000, Test Accuracy: 0.9867, Energy: -728551.0
Time taken:  0.2755405902862549
Test Loss: 0.0000, Test Accuracy: 0.9867, Energy: -728570.5
Time taken:  0.27292561531066895
Test Loss: 0.0000, Test Accuracy: 0.9867, Energy: -728593.875
Time taken:  0.27466821670532227
Test Loss: 0.0000, Test Accuracy: 0.9867, Energy: -728605.5625
Time taken:  0.2726478576660156
Test Loss: 0.0000, Test Accuracy: 0.9867, Energy: -728614.6875
Time taken:  0.2757837772369385
Test Loss: 0.0000, Test Accuracy: 0.9867, Energy: -728630.125
Time taken:  0.27373671531677246
Test Loss: 0.0000, Test Accuracy: 0.9867, Energy: -728649.0625
Time taken:  0.27513980865478516
Test Loss: 0.0000, Test Accuracy: 0.9867, Energy: -728693.8125
Time taken:  0.2726099491119385
Test Loss: 0.0000, Test Accuracy: 0.9867, Energy: -728707.9375
Time taken:  0.27652454376220703
Test Loss: 0.0000, Test Accuracy: 0.9867, Energy: -728730.125
Time taken:  0.2738051414489746
Test Loss: 0.0000, Test Accuracy: 0.9867, Energy: -728742.6875
Time taken:  0.27741479873657227
Test Loss: 0.0000, Test Accuracy: 0.9867, Energy: -728779.9375
Time taken:  0.2724490165710449
Test Loss: 0.0000, Test Accuracy: 0.9867, Energy: -728803.25
Time taken:  0.2762916088104248
Test Loss: 0.0000, Test Accuracy: 0.9867, Energy: -728796.75
Time taken:  0.2726278305053711
Test Loss: 0.0000, Test Accuracy: 0.9867, Energy: -728827.3125
Time taken:  0.27565836906433105
Test Loss: 0.0000, Test Accuracy: 0.9867, Energy: -728853.3125
Time taken:  0.2721366882324219
Test Loss: 0.0000, Test Accuracy: 0.9867, Energy: -728878.1875
Time taken:  0.2764098644256592
Test Loss: 0.0000, Test Accuracy: 0.9867, Energy: -728871.9375
Time taken:  0.2718338966369629
Test Loss: 0.0000, Test Accuracy: 0.9867, Energy: -728880.75
Time taken:  0.2743360996246338
Test Loss: 0.0000, Test Accuracy: 0.9867, Energy: -728902.75
Time taken:  0.27164530754089355
Test Loss: 0.0000, Test Accuracy: 0.9867, Energy: -728921.5
Time taken:  0.27179527282714844
Test Loss: 0.0000, Test Accuracy: 0.9867, Energy: -728935.3125
Time taken:  0.27559781074523926
Test Loss: 0.0000, Test Accuracy: 0.9867, Energy: -728938.5
Time taken:  0.2719259262084961
Test Loss: 0.0000, Test Accuracy: 0.9867, Energy: -728960.25
Time taken:  0.27431631088256836
Test Loss: 0.0000, Test Accuracy: 0.9867, Energy: -728962.3125
Time taken:  0.27145910263061523
Test Loss: 0.0000, Test Accuracy: 0.9867, Energy: -729000.125
Time taken:  0.2754988670349121
Test Loss: 0.0000, Test Accuracy: 0.9867, Energy: -729015.125
Time taken:  0.2736945152282715
Test Loss: 0.0000, Test Accuracy: 0.9867, Energy: -729038.0
Time taken:  0.2756175994873047
Test Loss: 0.0000, Test Accuracy: 0.9867, Energy: -729068.4375
Time taken:  0.2726738452911377
Test Loss: 0.0000, Test Accuracy: 0.9867, Energy: -729078.8125
Time taken:  0.27547645568847656
Test Loss: 0.0000, Test Accuracy: 0.9867, Energy: -729085.375
Time taken:  0.2744100093841553
Test Loss: 0.0000, Test Accuracy: 0.9867, Energy: -729112.3125
Time taken:  0.2754688262939453
Test Loss: 0.0000, Test Accuracy: 0.9867, Energy: -729143.375
Time taken:  0.2757284641265869
Test Loss: 0.0000, Test Accuracy: 0.9867, Energy: -729150.6875
Time taken:  0.2773728370666504
Test Loss: 0.0000, Test Accuracy: 0.9867, Energy: -729156.9375
Time taken:  0.27527618408203125
Final accuracies: [0.96, 1.0, 0.9866666666666667, 0.9933333333333333, 1.0, 1.0, 0.9966666666666667, 0.99, 0.99, 0.9833333333333333, 0.9766666666666667, 0.9833333333333333, 0.9833333333333333, 0.9833333333333333, 0.9833333333333333, 0.9833333333333333, 0.9866666666666667, 0.9866666666666667, 0.9866666666666667, 0.9866666666666667, 0.9866666666666667, 0.9866666666666667, 0.9866666666666667, 0.9866666666666667, 0.9866666666666667, 0.9866666666666667, 0.9866666666666667, 0.9866666666666667, 0.9866666666666667, 0.9866666666666667, 0.9866666666666667, 0.9866666666666667, 0.9866666666666667, 0.9866666666666667, 0.9866666666666667, 0.9866666666666667, 0.9866666666666667, 0.9866666666666667, 0.9866666666666667, 0.9866666666666667, 0.9866666666666667, 0.9866666666666667, 0.9866666666666667, 0.9866666666666667, 0.9866666666666667, 0.9866666666666667, 0.9866666666666667, 0.9866666666666667, 0.9866666666666667, 0.9866666666666667, 0.9866666666666667, 0.9866666666666667, 0.9866666666666667, 0.9866666666666667, 0.9866666666666667, 0.9866666666666667, 0.9866666666666667, 0.9866666666666667, 0.9866666666666667, 0.9866666666666667, 0.9866666666666667, 0.9866666666666667, 0.9866666666666667, 0.9866666666666667, 0.9866666666666667, 0.9866666666666667, 0.9866666666666667, 0.9866666666666667, 0.9866666666666667, 0.9866666666666667, 0.9866666666666667, 0.9866666666666667, 0.9866666666666667, 0.9866666666666667, 0.9866666666666667, 0.9866666666666667, 0.9866666666666667, 0.9866666666666667, 0.9866666666666667, 0.9866666666666667, 0.9866666666666667, 0.9866666666666667, 0.9866666666666667, 0.9866666666666667, 0.9866666666666667, 0.9866666666666667, 0.9866666666666667, 0.9866666666666667, 0.9866666666666667, 0.9866666666666667, 0.9866666666666667, 0.9866666666666667, 0.9866666666666667, 0.9866666666666667, 0.9866666666666667, 0.9866666666666667, 0.9866666666666667, 0.9866666666666667, 0.9866666666666667, 0.9866666666666667]
Final energies: [-41639.6328125, -197584.515625, -299086.5625, -379582.625, -446057.0, -496756.875, -538495.4375, -573805.375, -602474.8125, -628751.6875, -648130.875, -659651.25, -669677.375, -678842.375, -686910.0, -693799.0, -697695.25, -702916.8125, -707275.25, -710701.75, -713748.125, -716116.8125, -718244.3125, -719674.9375, -721039.125, -722267.3125, -723318.75, -724155.375, -724919.25, -725445.25, -725875.6875, -726288.4375, -726620.875, -726885.5, -727103.875, -727280.6875, -727450.5, -727571.625, -727685.1875, -727809.5625, -727867.625, -727907.3125, -727968.5625, -728023.125, -728044.3125, -728083.625, -728128.5, -728166.5625, -728189.875, -728214.625, -728236.5, -728262.375, -728293.25, -728299.875, -728314.1875, -728328.125, -728350.375, -728359.0625, -728372.125, -728383.5, -728392.75, -728400.8125, -728437.6875, -728480.5625, -728503.6875, -728551.0, -728570.5, -728593.875, -728605.5625, -728614.6875, -728630.125, -728649.0625, -728693.8125, -728707.9375, -728730.125, -728742.6875, -728779.9375, -728803.25, -728796.75, -728827.3125, -728853.3125, -728878.1875, -728871.9375, -728880.75, -728902.75, -728921.5, -728935.3125, -728938.5, -728960.25, -728962.3125, -729000.125, -729015.125, -729038.0, -729068.4375, -729078.8125, -729085.375, -729112.3125, -729143.375, -729150.6875, -729156.9375]
