Running with parameters: hidden=30, use_coupled=false, seed=98, lam=0.0, eta=0.0, batch=50
Test Loss: 0.0000, Test Accuracy: 0.9967, Energy: -15247.9111328125
Time taken:  0.5198044776916504
Test Loss: 0.0000, Test Accuracy: 0.9967, Energy: -110691.578125
Time taken:  0.27895212173461914
Test Loss: 0.0000, Test Accuracy: 0.9767, Energy: -222728.640625
Time taken:  0.2865138053894043
Test Loss: 0.0000, Test Accuracy: 0.9867, Energy: -299201.375
Time taken:  0.28092050552368164
Test Loss: 0.0000, Test Accuracy: 0.9900, Energy: -359066.5625
Time taken:  0.28546142578125
Test Loss: 0.0000, Test Accuracy: 0.9900, Energy: -408436.90625
Time taken:  0.28649187088012695
Test Loss: 0.0000, Test Accuracy: 0.9867, Energy: -448802.5
Time taken:  0.27451515197753906
Test Loss: 0.0000, Test Accuracy: 0.9900, Energy: -480739.9375
Time taken:  0.2770848274230957
Test Loss: 0.0000, Test Accuracy: 0.9867, Energy: -509149.5
Time taken:  0.2763521671295166
Test Loss: 0.0000, Test Accuracy: 0.9833, Energy: -532703.1875
Time taken:  0.2812037467956543
Test Loss: 0.0000, Test Accuracy: 0.9867, Energy: -550026.875
Time taken:  0.2817106246948242
Test Loss: 0.0000, Test Accuracy: 0.9867, Energy: -565159.125
Time taken:  0.2824225425720215
Test Loss: 0.0000, Test Accuracy: 0.9867, Energy: -578264.875
Time taken:  0.2830314636230469
Test Loss: 0.0000, Test Accuracy: 0.9867, Energy: -588892.9375
Time taken:  0.28176331520080566
Test Loss: 0.0000, Test Accuracy: 0.9867, Energy: -597729.0
Time taken:  0.28261780738830566
Test Loss: 0.0000, Test Accuracy: 0.9867, Energy: -604990.0625
Time taken:  0.28218960762023926
Test Loss: 0.0000, Test Accuracy: 0.9867, Energy: -611011.25
Time taken:  0.2830657958984375
Test Loss: 0.0000, Test Accuracy: 0.9867, Energy: -615983.75
Time taken:  0.2804837226867676
Test Loss: 0.0000, Test Accuracy: 0.9867, Energy: -620181.75
Time taken:  0.28235816955566406
Test Loss: 0.0000, Test Accuracy: 0.9867, Energy: -623701.8125
Time taken:  0.2813985347747803
Test Loss: 0.0000, Test Accuracy: 0.9867, Energy: -626641.8125
Time taken:  0.28104376792907715
Test Loss: 0.0000, Test Accuracy: 0.9867, Energy: -629048.875
Time taken:  0.28156352043151855
Test Loss: 0.0000, Test Accuracy: 0.9867, Energy: -630894.375
Time taken:  0.28086042404174805
Test Loss: 0.0000, Test Accuracy: 0.9867, Energy: -632525.25
Time taken:  0.2779085636138916
Test Loss: 0.0000, Test Accuracy: 0.9867, Energy: -633819.4375
Time taken:  0.28335046768188477
Test Loss: 0.0000, Test Accuracy: 0.9867, Energy: -634859.1875
Time taken:  0.2800118923187256
Test Loss: 0.0000, Test Accuracy: 0.9867, Energy: -635760.25
Time taken:  0.28008103370666504
Test Loss: 0.0000, Test Accuracy: 0.9867, Energy: -636472.9375
Time taken:  0.27979254722595215
Test Loss: 0.0000, Test Accuracy: 0.9867, Energy: -637125.875
Time taken:  0.27899956703186035
Test Loss: 0.0000, Test Accuracy: 0.9867, Energy: -637588.0625
Time taken:  0.2791566848754883
Test Loss: 0.0000, Test Accuracy: 0.9867, Energy: -638022.125
Time taken:  0.2788386344909668
Test Loss: 0.0000, Test Accuracy: 0.9867, Energy: -638336.9375
Time taken:  0.27832579612731934
Test Loss: 0.0000, Test Accuracy: 0.9867, Energy: -638601.375
Time taken:  0.2785921096801758
Test Loss: 0.0000, Test Accuracy: 0.9867, Energy: -638823.25
Time taken:  0.2781565189361572
Test Loss: 0.0000, Test Accuracy: 0.9867, Energy: -639005.125
Time taken:  0.28296780586242676
Test Loss: 0.0000, Test Accuracy: 0.9867, Energy: -639152.875
Time taken:  0.2821493148803711
Test Loss: 0.0000, Test Accuracy: 0.9867, Energy: -639306.875
Time taken:  0.28139758110046387
Test Loss: 0.0000, Test Accuracy: 0.9867, Energy: -639413.3125
Time taken:  0.2791924476623535
Test Loss: 0.0000, Test Accuracy: 0.9867, Energy: -639493.5
Time taken:  0.28131699562072754
Test Loss: 0.0000, Test Accuracy: 0.9867, Energy: -639567.875
Time taken:  0.2817404270172119
Test Loss: 0.0000, Test Accuracy: 0.9867, Energy: -639622.0
Time taken:  0.28865647315979004
Test Loss: 0.0000, Test Accuracy: 0.9867, Energy: -639660.875
Time taken:  0.288815975189209
Test Loss: 0.0000, Test Accuracy: 0.9867, Energy: -639714.125
Time taken:  0.2851698398590088
Test Loss: 0.0000, Test Accuracy: 0.9867, Energy: -639744.0625
Time taken:  0.2820765972137451
Test Loss: 0.0000, Test Accuracy: 0.9867, Energy: -639769.0
Time taken:  0.2812080383300781
Test Loss: 0.0000, Test Accuracy: 0.9867, Energy: -639789.25
Time taken:  0.2813377380371094
Test Loss: 0.0000, Test Accuracy: 0.9867, Energy: -639806.0625
Time taken:  0.2820429801940918
Test Loss: 0.0000, Test Accuracy: 0.9867, Energy: -639819.8125
Time taken:  0.28272366523742676
Test Loss: 0.0000, Test Accuracy: 0.9867, Energy: -639831.1875
Time taken:  0.28426408767700195
Test Loss: 0.0000, Test Accuracy: 0.9867, Energy: -639840.875
Time taken:  0.28216552734375
Test Loss: 0.0000, Test Accuracy: 0.9867, Energy: -639848.625
Time taken:  0.28017091751098633
Test Loss: 0.0000, Test Accuracy: 0.9867, Energy: -639855.0
Time taken:  0.28615522384643555
Test Loss: 0.0000, Test Accuracy: 0.9867, Energy: -639860.625
Time taken:  0.28426408767700195
Test Loss: 0.0000, Test Accuracy: 0.9867, Energy: -639865.0625
Time taken:  0.2804386615753174
Test Loss: 0.0000, Test Accuracy: 0.9867, Energy: -639868.875
Time taken:  0.285076379776001
Test Loss: 0.0000, Test Accuracy: 0.9867, Energy: -639872.25
Time taken:  0.28466153144836426
Test Loss: 0.0000, Test Accuracy: 0.9867, Energy: -639874.875
Time taken:  0.2819955348968506
Test Loss: 0.0000, Test Accuracy: 0.9867, Energy: -639877.1875
Time taken:  0.28102588653564453
Test Loss: 0.0000, Test Accuracy: 0.9867, Energy: -639881.3125
Time taken:  0.2846524715423584
Test Loss: 0.0000, Test Accuracy: 0.9867, Energy: -639883.125
Time taken:  0.28400707244873047
Test Loss: 0.0000, Test Accuracy: 0.9867, Energy: -639884.5625
Time taken:  0.2808825969696045
Test Loss: 0.0000, Test Accuracy: 0.9867, Energy: -639886.0
Time taken:  0.2832295894622803
Test Loss: 0.0000, Test Accuracy: 0.9867, Energy: -639889.375
Time taken:  0.28635501861572266
Test Loss: 0.0000, Test Accuracy: 0.9867, Energy: -639890.3125
Time taken:  0.2804534435272217
Test Loss: 0.0000, Test Accuracy: 0.9867, Energy: -639892.8125
Time taken:  0.2832958698272705
Test Loss: 0.0000, Test Accuracy: 0.9867, Energy: -639893.75
Time taken:  0.28119492530822754
Test Loss: 0.0000, Test Accuracy: 0.9867, Energy: -639894.625
Time taken:  0.28015995025634766
Test Loss: 0.0000, Test Accuracy: 0.9867, Energy: -639895.4375
Time taken:  0.27935099601745605
Test Loss: 0.0000, Test Accuracy: 0.9867, Energy: -639898.1875
Time taken:  0.2776508331298828
Test Loss: 0.0000, Test Accuracy: 0.9867, Energy: -639899.25
Time taken:  0.2824208736419678
Test Loss: 0.0000, Test Accuracy: 0.9867, Energy: -639899.75
Time taken:  0.2823634147644043
Test Loss: 0.0000, Test Accuracy: 0.9867, Energy: -639900.4375
Time taken:  0.2814478874206543
Test Loss: 0.0000, Test Accuracy: 0.9867, Energy: -639901.3125
Time taken:  0.28068971633911133
Test Loss: 0.0000, Test Accuracy: 0.9867, Energy: -639901.9375
Time taken:  0.2843480110168457
Test Loss: 0.0000, Test Accuracy: 0.9867, Energy: -639902.5625
Time taken:  0.28379225730895996
Test Loss: 0.0000, Test Accuracy: 0.9867, Energy: -639903.375
Time taken:  0.28536224365234375
Test Loss: 0.0000, Test Accuracy: 0.9867, Energy: -639904.0
Time taken:  0.28444910049438477
Test Loss: 0.0000, Test Accuracy: 0.9867, Energy: -639904.4375
Time taken:  0.2867274284362793
Test Loss: 0.0000, Test Accuracy: 0.9867, Energy: -639905.125
Time taken:  0.28488969802856445
Test Loss: 0.0000, Test Accuracy: 0.9867, Energy: -639905.75
Time taken:  0.28297996520996094
Test Loss: 0.0000, Test Accuracy: 0.9867, Energy: -639906.5625
Time taken:  0.28609776496887207
Test Loss: 0.0000, Test Accuracy: 0.9867, Energy: -639909.1875
Time taken:  0.28580451011657715
Test Loss: 0.0000, Test Accuracy: 0.9867, Energy: -639909.75
Time taken:  0.28572583198547363
Test Loss: 0.0000, Test Accuracy: 0.9867, Energy: -639910.625
Time taken:  0.2822256088256836
Test Loss: 0.0000, Test Accuracy: 0.9867, Energy: -639914.9375
Time taken:  0.28125667572021484
Test Loss: 0.0000, Test Accuracy: 0.9867, Energy: -639915.6875
Time taken:  0.2812223434448242
Test Loss: 0.0000, Test Accuracy: 0.9867, Energy: -639916.1875
Time taken:  0.2843594551086426
Test Loss: 0.0000, Test Accuracy: 0.9867, Energy: -639916.875
Time taken:  0.279705286026001
Test Loss: 0.0000, Test Accuracy: 0.9867, Energy: -639917.6875
Time taken:  0.2848398685455322
Test Loss: 0.0000, Test Accuracy: 0.9867, Energy: -639918.3125
Time taken:  0.28606176376342773
Test Loss: 0.0000, Test Accuracy: 0.9867, Energy: -639919.125
Time taken:  0.2848079204559326
Test Loss: 0.0000, Test Accuracy: 0.9867, Energy: -639919.625
Time taken:  0.27895355224609375
Test Loss: 0.0000, Test Accuracy: 0.9867, Energy: -639920.3125
Time taken:  0.2864670753479004
Test Loss: 0.0000, Test Accuracy: 0.9867, Energy: -639921.3125
Time taken:  0.286531925201416
Test Loss: 0.0000, Test Accuracy: 0.9867, Energy: -639921.75
Time taken:  0.2831113338470459
Test Loss: 0.0000, Test Accuracy: 0.9867, Energy: -639922.625
Time taken:  0.2823050022125244
Test Loss: 0.0000, Test Accuracy: 0.9867, Energy: -639923.3125
Time taken:  0.2840390205383301
Test Loss: 0.0000, Test Accuracy: 0.9867, Energy: -639926.125
Time taken:  0.2837562561035156
Test Loss: 0.0000, Test Accuracy: 0.9867, Energy: -639929.0
Time taken:  0.2803215980529785
Test Loss: 0.0000, Test Accuracy: 0.9867, Energy: -639929.75
Time taken:  0.28108859062194824
Final accuracies: [0.9966666666666667, 0.9966666666666667, 0.9766666666666667, 0.9866666666666667, 0.99, 0.99, 0.9866666666666667, 0.99, 0.9866666666666667, 0.9833333333333333, 0.9866666666666667, 0.9866666666666667, 0.9866666666666667, 0.9866666666666667, 0.9866666666666667, 0.9866666666666667, 0.9866666666666667, 0.9866666666666667, 0.9866666666666667, 0.9866666666666667, 0.9866666666666667, 0.9866666666666667, 0.9866666666666667, 0.9866666666666667, 0.9866666666666667, 0.9866666666666667, 0.9866666666666667, 0.9866666666666667, 0.9866666666666667, 0.9866666666666667, 0.9866666666666667, 0.9866666666666667, 0.9866666666666667, 0.9866666666666667, 0.9866666666666667, 0.9866666666666667, 0.9866666666666667, 0.9866666666666667, 0.9866666666666667, 0.9866666666666667, 0.9866666666666667, 0.9866666666666667, 0.9866666666666667, 0.9866666666666667, 0.9866666666666667, 0.9866666666666667, 0.9866666666666667, 0.9866666666666667, 0.9866666666666667, 0.9866666666666667, 0.9866666666666667, 0.9866666666666667, 0.9866666666666667, 0.9866666666666667, 0.9866666666666667, 0.9866666666666667, 0.9866666666666667, 0.9866666666666667, 0.9866666666666667, 0.9866666666666667, 0.9866666666666667, 0.9866666666666667, 0.9866666666666667, 0.9866666666666667, 0.9866666666666667, 0.9866666666666667, 0.9866666666666667, 0.9866666666666667, 0.9866666666666667, 0.9866666666666667, 0.9866666666666667, 0.9866666666666667, 0.9866666666666667, 0.9866666666666667, 0.9866666666666667, 0.9866666666666667, 0.9866666666666667, 0.9866666666666667, 0.9866666666666667, 0.9866666666666667, 0.9866666666666667, 0.9866666666666667, 0.9866666666666667, 0.9866666666666667, 0.9866666666666667, 0.9866666666666667, 0.9866666666666667, 0.9866666666666667, 0.9866666666666667, 0.9866666666666667, 0.9866666666666667, 0.9866666666666667, 0.9866666666666667, 0.9866666666666667, 0.9866666666666667, 0.9866666666666667, 0.9866666666666667, 0.9866666666666667, 0.9866666666666667, 0.9866666666666667]
Final energies: [-15247.9111328125, -110691.578125, -222728.640625, -299201.375, -359066.5625, -408436.90625, -448802.5, -480739.9375, -509149.5, -532703.1875, -550026.875, -565159.125, -578264.875, -588892.9375, -597729.0, -604990.0625, -611011.25, -615983.75, -620181.75, -623701.8125, -626641.8125, -629048.875, -630894.375, -632525.25, -633819.4375, -634859.1875, -635760.25, -636472.9375, -637125.875, -637588.0625, -638022.125, -638336.9375, -638601.375, -638823.25, -639005.125, -639152.875, -639306.875, -639413.3125, -639493.5, -639567.875, -639622.0, -639660.875, -639714.125, -639744.0625, -639769.0, -639789.25, -639806.0625, -639819.8125, -639831.1875, -639840.875, -639848.625, -639855.0, -639860.625, -639865.0625, -639868.875, -639872.25, -639874.875, -639877.1875, -639881.3125, -639883.125, -639884.5625, -639886.0, -639889.375, -639890.3125, -639892.8125, -639893.75, -639894.625, -639895.4375, -639898.1875, -639899.25, -639899.75, -639900.4375, -639901.3125, -639901.9375, -639902.5625, -639903.375, -639904.0, -639904.4375, -639905.125, -639905.75, -639906.5625, -639909.1875, -639909.75, -639910.625, -639914.9375, -639915.6875, -639916.1875, -639916.875, -639917.6875, -639918.3125, -639919.125, -639919.625, -639920.3125, -639921.3125, -639921.75, -639922.625, -639923.3125, -639926.125, -639929.0, -639929.75]
