Running with parameters: hidden=30, use_coupled=false, seed=67, lam=0.0, eta=0.0, batch=50
Test Loss: 0.0000, Test Accuracy: 0.9967, Energy: -9426.1337890625
Time taken:  0.3424997329711914
Test Loss: 0.0000, Test Accuracy: 0.9967, Energy: -103425.6796875
Time taken:  0.3222310543060303
Test Loss: 0.0000, Test Accuracy: 1.0000, Energy: -204719.9375
Time taken:  0.32367372512817383
Test Loss: 0.0000, Test Accuracy: 0.9967, Energy: -282810.125
Time taken:  0.319638729095459
Test Loss: 0.0000, Test Accuracy: 0.9900, Energy: -341472.0625
Time taken:  0.32468438148498535
Test Loss: 0.0000, Test Accuracy: 0.9900, Energy: -389041.125
Time taken:  0.3199329376220703
Test Loss: 0.0000, Test Accuracy: 0.9900, Energy: -428993.09375
Time taken:  0.32390785217285156
Test Loss: 0.0000, Test Accuracy: 0.9900, Energy: -462408.15625
Time taken:  0.3209233283996582
Test Loss: 0.0000, Test Accuracy: 0.9900, Energy: -489997.875
Time taken:  0.3232393264770508
Test Loss: 0.0000, Test Accuracy: 0.9933, Energy: -512298.84375
Time taken:  0.3200643062591553
Test Loss: 0.0000, Test Accuracy: 0.9933, Energy: -531620.8125
Time taken:  0.3228600025177002
Test Loss: 0.0000, Test Accuracy: 0.9933, Energy: -547811.1875
Time taken:  0.3193037509918213
Test Loss: 0.0000, Test Accuracy: 0.9933, Energy: -561163.1875
Time taken:  0.3229250907897949
Test Loss: 0.0000, Test Accuracy: 0.9967, Energy: -572158.875
Time taken:  0.3218681812286377
Test Loss: 0.0000, Test Accuracy: 0.9967, Energy: -580855.9375
Time taken:  0.31909775733947754
Test Loss: 0.0000, Test Accuracy: 0.9967, Energy: -588337.375
Time taken:  0.3224375247955322
Test Loss: 0.0000, Test Accuracy: 0.9967, Energy: -594539.4375
Time taken:  0.3205089569091797
Test Loss: 0.0000, Test Accuracy: 0.9967, Energy: -599605.3125
Time taken:  0.3217031955718994
Test Loss: 0.0000, Test Accuracy: 0.9967, Energy: -603614.9375
Time taken:  0.31911373138427734
Test Loss: 0.0000, Test Accuracy: 0.9967, Energy: -606929.375
Time taken:  0.32343554496765137
Test Loss: 0.0000, Test Accuracy: 0.9967, Energy: -609792.625
Time taken:  0.3194563388824463
Test Loss: 0.0000, Test Accuracy: 0.9967, Energy: -612136.3125
Time taken:  0.3226139545440674
Test Loss: 0.0000, Test Accuracy: 0.9967, Energy: -614041.5625
Time taken:  0.31906986236572266
Test Loss: 0.0000, Test Accuracy: 0.9967, Energy: -615586.75
Time taken:  0.3229963779449463
Test Loss: 0.0000, Test Accuracy: 0.9967, Energy: -616949.375
Time taken:  0.31963396072387695
Test Loss: 0.0000, Test Accuracy: 0.9967, Energy: -618088.375
Time taken:  0.32233381271362305
Test Loss: 0.0000, Test Accuracy: 0.9967, Energy: -618974.4375
Time taken:  0.31847500801086426
Test Loss: 0.0000, Test Accuracy: 0.9967, Energy: -619717.0625
Time taken:  0.321850061416626
Test Loss: 0.0000, Test Accuracy: 0.9967, Energy: -620339.25
Time taken:  0.3225412368774414
Test Loss: 0.0000, Test Accuracy: 0.9967, Energy: -620882.3125
Time taken:  0.31894803047180176
Test Loss: 0.0000, Test Accuracy: 0.9967, Energy: -621319.0625
Time taken:  0.3218963146209717
Test Loss: 0.0000, Test Accuracy: 0.9967, Energy: -621730.5
Time taken:  0.3195157051086426
Test Loss: 0.0000, Test Accuracy: 0.9967, Energy: -622007.625
Time taken:  0.32201194763183594
Test Loss: 0.0000, Test Accuracy: 0.9967, Energy: -622230.625
Time taken:  0.31887054443359375
Test Loss: 0.0000, Test Accuracy: 0.9967, Energy: -622421.6875
Time taken:  0.32340192794799805
Test Loss: 0.0000, Test Accuracy: 0.9967, Energy: -622584.0625
Time taken:  0.3206906318664551
Test Loss: 0.0000, Test Accuracy: 0.9967, Energy: -622703.0
Time taken:  0.3227095603942871
Test Loss: 0.0000, Test Accuracy: 0.9967, Energy: -622803.875
Time taken:  0.3193485736846924
Test Loss: 0.0000, Test Accuracy: 0.9967, Energy: -622894.5625
Time taken:  0.3229846954345703
Test Loss: 0.0000, Test Accuracy: 0.9967, Energy: -622967.625
Time taken:  0.319652795791626
Test Loss: 0.0000, Test Accuracy: 0.9967, Energy: -623035.875
Time taken:  0.32242560386657715
Test Loss: 0.0000, Test Accuracy: 0.9967, Energy: -623077.5
Time taken:  0.31951069831848145
Test Loss: 0.0000, Test Accuracy: 0.9967, Energy: -623112.875
Time taken:  0.3228108882904053
Test Loss: 0.0000, Test Accuracy: 0.9967, Energy: -623147.0
Time taken:  0.3225257396697998
Test Loss: 0.0000, Test Accuracy: 0.9967, Energy: -623169.5
Time taken:  0.31871604919433594
Test Loss: 0.0000, Test Accuracy: 0.9967, Energy: -623188.875
Time taken:  0.32195043563842773
Test Loss: 0.0000, Test Accuracy: 0.9967, Energy: -623202.125
Time taken:  0.3198421001434326
Test Loss: 0.0000, Test Accuracy: 0.9967, Energy: -623218.75
Time taken:  0.32249951362609863
Test Loss: 0.0000, Test Accuracy: 0.9967, Energy: -623229.3125
Time taken:  0.3191359043121338
Test Loss: 0.0000, Test Accuracy: 0.9967, Energy: -623238.125
Time taken:  0.3228304386138916
Test Loss: 0.0000, Test Accuracy: 0.9967, Energy: -623245.3125
Time taken:  0.3197457790374756
Test Loss: 0.0000, Test Accuracy: 0.9967, Energy: -623251.125
Time taken:  0.3222212791442871
Test Loss: 0.0000, Test Accuracy: 0.9967, Energy: -623255.8125
Time taken:  0.31879639625549316
Test Loss: 0.0000, Test Accuracy: 0.9967, Energy: -623261.375
Time taken:  0.32250308990478516
Test Loss: 0.0000, Test Accuracy: 0.9967, Energy: -623264.5
Time taken:  0.31926393508911133
Test Loss: 0.0000, Test Accuracy: 0.9967, Energy: -623267.1875
Time taken:  0.32302045822143555
Test Loss: 0.0000, Test Accuracy: 0.9967, Energy: -623269.3125
Time taken:  0.3198885917663574
Test Loss: 0.0000, Test Accuracy: 0.9967, Energy: -623271.0
Time taken:  0.322831392288208
Test Loss: 0.0000, Test Accuracy: 0.9967, Energy: -623272.5
Time taken:  0.3218967914581299
Test Loss: 0.0000, Test Accuracy: 0.9967, Energy: -623273.625
Time taken:  0.3186967372894287
Test Loss: 0.0000, Test Accuracy: 0.9967, Energy: -623274.5
Time taken:  0.322620153427124
Test Loss: 0.0000, Test Accuracy: 0.9967, Energy: -623275.4375
Time taken:  0.319288969039917
Test Loss: 0.0000, Test Accuracy: 0.9967, Energy: -623275.9375
Time taken:  0.3221566677093506
Test Loss: 0.0000, Test Accuracy: 0.9967, Energy: -623276.5625
Time taken:  0.3193631172180176
Test Loss: 0.0000, Test Accuracy: 0.9967, Energy: -623276.875
Time taken:  0.3228127956390381
Test Loss: 0.0000, Test Accuracy: 0.9967, Energy: -623277.25
Time taken:  0.31910133361816406
Test Loss: 0.0000, Test Accuracy: 0.9967, Energy: -623277.5
Time taken:  0.32327842712402344
Test Loss: 0.0000, Test Accuracy: 0.9967, Energy: -623277.75
Time taken:  0.31926727294921875
Test Loss: 0.0000, Test Accuracy: 0.9967, Energy: -623277.9375
Time taken:  0.3230621814727783
Test Loss: 0.0000, Test Accuracy: 0.9967, Energy: -623278.0625
Time taken:  0.3197784423828125
Test Loss: 0.0000, Test Accuracy: 0.9967, Energy: -623278.25
Time taken:  0.32230687141418457
Test Loss: 0.0000, Test Accuracy: 0.9967, Energy: -623278.25
Time taken:  0.3194410800933838
Test Loss: 0.0000, Test Accuracy: 0.9967, Energy: -623276.75
Time taken:  0.3221921920776367
Test Loss: 0.0000, Test Accuracy: 0.9967, Energy: -623276.875
Time taken:  0.322770357131958
Test Loss: 0.0000, Test Accuracy: 0.9967, Energy: -623276.9375
Time taken:  0.31958675384521484
Test Loss: 0.0000, Test Accuracy: 0.9967, Energy: -623276.9375
Time taken:  0.32277727127075195
Test Loss: 0.0000, Test Accuracy: 0.9967, Energy: -623276.9375
Time taken:  0.31856799125671387
Test Loss: 0.0000, Test Accuracy: 0.9967, Energy: -623277.0
Time taken:  0.32262516021728516
Test Loss: 0.0000, Test Accuracy: 0.9967, Energy: -623277.0
Time taken:  0.3195352554321289
Test Loss: 0.0000, Test Accuracy: 0.9967, Energy: -623277.0
Time taken:  0.3220679759979248
Test Loss: 0.0000, Test Accuracy: 0.9967, Energy: -623277.0
Time taken:  0.319028377532959
Test Loss: 0.0000, Test Accuracy: 0.9967, Energy: -623277.0
Time taken:  0.32535791397094727
Test Loss: 0.0000, Test Accuracy: 0.9967, Energy: -623276.9375
Time taken:  0.32500672340393066
Test Loss: 0.0000, Test Accuracy: 0.9967, Energy: -623276.9375
Time taken:  0.32719945907592773
Test Loss: 0.0000, Test Accuracy: 0.9967, Energy: -623276.9375
Time taken:  0.31822967529296875
Test Loss: 0.0000, Test Accuracy: 0.9967, Energy: -623277.0
Time taken:  0.3208887577056885
Test Loss: 0.0000, Test Accuracy: 0.9967, Energy: -623277.0
Time taken:  0.32006382942199707
Test Loss: 0.0000, Test Accuracy: 0.9967, Energy: -623276.875
Time taken:  0.31691765785217285
Test Loss: 0.0000, Test Accuracy: 0.9967, Energy: -623276.875
Time taken:  0.31951236724853516
Test Loss: 0.0000, Test Accuracy: 0.9967, Energy: -623276.9375
Time taken:  0.31709980964660645
Test Loss: 0.0000, Test Accuracy: 0.9967, Energy: -623276.875
Time taken:  0.31966137886047363
Test Loss: 0.0000, Test Accuracy: 0.9967, Energy: -623276.875
Time taken:  0.3161916732788086
Test Loss: 0.0000, Test Accuracy: 0.9967, Energy: -623276.875
Time taken:  0.3197906017303467
Test Loss: 0.0000, Test Accuracy: 0.9967, Energy: -623276.8125
Time taken:  0.3180100917816162
Test Loss: 0.0000, Test Accuracy: 0.9967, Energy: -623276.8125
Time taken:  0.3214247226715088
Test Loss: 0.0000, Test Accuracy: 0.9967, Energy: -623276.8125
Time taken:  0.3181874752044678
Test Loss: 0.0000, Test Accuracy: 0.9967, Energy: -623276.8125
Time taken:  0.32091379165649414
Test Loss: 0.0000, Test Accuracy: 0.9967, Energy: -623276.75
Time taken:  0.3170778751373291
Test Loss: 0.0000, Test Accuracy: 0.9967, Energy: -623276.6875
Time taken:  0.320864200592041
Test Loss: 0.0000, Test Accuracy: 0.9967, Energy: -623276.75
Time taken:  0.3184530735015869
Final accuracies: [0.9966666666666667, 0.9966666666666667, 1.0, 0.9966666666666667, 0.99, 0.99, 0.99, 0.99, 0.99, 0.9933333333333333, 0.9933333333333333, 0.9933333333333333, 0.9933333333333333, 0.9966666666666667, 0.9966666666666667, 0.9966666666666667, 0.9966666666666667, 0.9966666666666667, 0.9966666666666667, 0.9966666666666667, 0.9966666666666667, 0.9966666666666667, 0.9966666666666667, 0.9966666666666667, 0.9966666666666667, 0.9966666666666667, 0.9966666666666667, 0.9966666666666667, 0.9966666666666667, 0.9966666666666667, 0.9966666666666667, 0.9966666666666667, 0.9966666666666667, 0.9966666666666667, 0.9966666666666667, 0.9966666666666667, 0.9966666666666667, 0.9966666666666667, 0.9966666666666667, 0.9966666666666667, 0.9966666666666667, 0.9966666666666667, 0.9966666666666667, 0.9966666666666667, 0.9966666666666667, 0.9966666666666667, 0.9966666666666667, 0.9966666666666667, 0.9966666666666667, 0.9966666666666667, 0.9966666666666667, 0.9966666666666667, 0.9966666666666667, 0.9966666666666667, 0.9966666666666667, 0.9966666666666667, 0.9966666666666667, 0.9966666666666667, 0.9966666666666667, 0.9966666666666667, 0.9966666666666667, 0.9966666666666667, 0.9966666666666667, 0.9966666666666667, 0.9966666666666667, 0.9966666666666667, 0.9966666666666667, 0.9966666666666667, 0.9966666666666667, 0.9966666666666667, 0.9966666666666667, 0.9966666666666667, 0.9966666666666667, 0.9966666666666667, 0.9966666666666667, 0.9966666666666667, 0.9966666666666667, 0.9966666666666667, 0.9966666666666667, 0.9966666666666667, 0.9966666666666667, 0.9966666666666667, 0.9966666666666667, 0.9966666666666667, 0.9966666666666667, 0.9966666666666667, 0.9966666666666667, 0.9966666666666667, 0.9966666666666667, 0.9966666666666667, 0.9966666666666667, 0.9966666666666667, 0.9966666666666667, 0.9966666666666667, 0.9966666666666667, 0.9966666666666667, 0.9966666666666667, 0.9966666666666667, 0.9966666666666667, 0.9966666666666667]
Final energies: [-9426.1337890625, -103425.6796875, -204719.9375, -282810.125, -341472.0625, -389041.125, -428993.09375, -462408.15625, -489997.875, -512298.84375, -531620.8125, -547811.1875, -561163.1875, -572158.875, -580855.9375, -588337.375, -594539.4375, -599605.3125, -603614.9375, -606929.375, -609792.625, -612136.3125, -614041.5625, -615586.75, -616949.375, -618088.375, -618974.4375, -619717.0625, -620339.25, -620882.3125, -621319.0625, -621730.5, -622007.625, -622230.625, -622421.6875, -622584.0625, -622703.0, -622803.875, -622894.5625, -622967.625, -623035.875, -623077.5, -623112.875, -623147.0, -623169.5, -623188.875, -623202.125, -623218.75, -623229.3125, -623238.125, -623245.3125, -623251.125, -623255.8125, -623261.375, -623264.5, -623267.1875, -623269.3125, -623271.0, -623272.5, -623273.625, -623274.5, -623275.4375, -623275.9375, -623276.5625, -623276.875, -623277.25, -623277.5, -623277.75, -623277.9375, -623278.0625, -623278.25, -623278.25, -623276.75, -623276.875, -623276.9375, -623276.9375, -623276.9375, -623277.0, -623277.0, -623277.0, -623277.0, -623277.0, -623276.9375, -623276.9375, -623276.9375, -623277.0, -623277.0, -623276.875, -623276.875, -623276.9375, -623276.875, -623276.875, -623276.875, -623276.8125, -623276.8125, -623276.8125, -623276.8125, -623276.75, -623276.6875, -623276.75]
