Running with parameters: hidden=30, use_coupled=false, seed=44, lam=0.0, eta=0.0, batch=50
Test Loss: 0.0000, Test Accuracy: 0.9933, Energy: -9007.427734375
Time taken:  0.30025172233581543
Test Loss: 0.0000, Test Accuracy: 0.9967, Energy: -75905.75
Time taken:  0.2780766487121582
Test Loss: 0.0000, Test Accuracy: 1.0000, Energy: -176522.59375
Time taken:  0.2857973575592041
Test Loss: 0.0000, Test Accuracy: 0.9933, Energy: -252229.078125
Time taken:  0.27828407287597656
Test Loss: 0.0000, Test Accuracy: 0.9933, Energy: -314706.46875
Time taken:  0.27973008155822754
Test Loss: 0.0000, Test Accuracy: 0.9933, Energy: -364135.875
Time taken:  0.2774686813354492
Test Loss: 0.0000, Test Accuracy: 0.9933, Energy: -405025.4375
Time taken:  0.28226304054260254
Test Loss: 0.0000, Test Accuracy: 0.9900, Energy: -438594.625
Time taken:  0.27677273750305176
Test Loss: 0.0000, Test Accuracy: 0.9900, Energy: -465700.96875
Time taken:  0.28026914596557617
Test Loss: 0.0000, Test Accuracy: 0.9900, Energy: -488517.34375
Time taken:  0.27709484100341797
Test Loss: 0.0000, Test Accuracy: 0.9900, Energy: -506874.15625
Time taken:  0.2761249542236328
Test Loss: 0.0000, Test Accuracy: 0.9900, Energy: -522409.25
Time taken:  0.2809116840362549
Test Loss: 0.0000, Test Accuracy: 0.9900, Energy: -535282.4375
Time taken:  0.2784111499786377
Test Loss: 0.0000, Test Accuracy: 0.9900, Energy: -545980.0
Time taken:  0.28191208839416504
Test Loss: 0.0000, Test Accuracy: 0.9900, Energy: -554742.25
Time taken:  0.2758016586303711
Test Loss: 0.0000, Test Accuracy: 0.9933, Energy: -548997.125
Time taken:  0.28217601776123047
Test Loss: 0.0000, Test Accuracy: 0.9967, Energy: -544085.8125
Time taken:  0.2756502628326416
Test Loss: 0.0000, Test Accuracy: 1.0000, Energy: -541289.25
Time taken:  0.28155517578125
Test Loss: 0.0000, Test Accuracy: 1.0000, Energy: -539877.375
Time taken:  0.27821946144104004
Test Loss: 0.0000, Test Accuracy: 1.0000, Energy: -539524.25
Time taken:  0.2803955078125
Test Loss: 0.0000, Test Accuracy: 1.0000, Energy: -539522.375
Time taken:  0.2756693363189697
Test Loss: 0.0000, Test Accuracy: 1.0000, Energy: -539682.875
Time taken:  0.2790651321411133
Test Loss: 0.0000, Test Accuracy: 1.0000, Energy: -539652.0625
Time taken:  0.2759239673614502
Test Loss: 0.0000, Test Accuracy: 1.0000, Energy: -539621.875
Time taken:  0.2748267650604248
Test Loss: 0.0000, Test Accuracy: 1.0000, Energy: -539529.25
Time taken:  0.2790546417236328
Test Loss: 0.0000, Test Accuracy: 1.0000, Energy: -539494.125
Time taken:  0.27588653564453125
Test Loss: 0.0000, Test Accuracy: 1.0000, Energy: -539554.0625
Time taken:  0.28042173385620117
Test Loss: 0.0000, Test Accuracy: 1.0000, Energy: -539548.625
Time taken:  0.2752981185913086
Test Loss: 0.0000, Test Accuracy: 1.0000, Energy: -539524.375
Time taken:  0.2789268493652344
Test Loss: 0.0000, Test Accuracy: 1.0000, Energy: -539587.5
Time taken:  0.2764010429382324
Test Loss: 0.0000, Test Accuracy: 1.0000, Energy: -539566.375
Time taken:  0.2792699337005615
Test Loss: 0.0000, Test Accuracy: 1.0000, Energy: -539574.375
Time taken:  0.27579450607299805
Test Loss: 0.0000, Test Accuracy: 1.0000, Energy: -539584.125
Time taken:  0.27953267097473145
Test Loss: 0.0000, Test Accuracy: 1.0000, Energy: -539560.5
Time taken:  0.2751963138580322
Test Loss: 0.0000, Test Accuracy: 1.0000, Energy: -539563.25
Time taken:  0.27849912643432617
Test Loss: 0.0000, Test Accuracy: 1.0000, Energy: -539576.125
Time taken:  0.2761969566345215
Test Loss: 0.0000, Test Accuracy: 1.0000, Energy: -539588.75
Time taken:  0.2752103805541992
Test Loss: 0.0000, Test Accuracy: 1.0000, Energy: -539575.75
Time taken:  0.2803077697753906
Test Loss: 0.0000, Test Accuracy: 1.0000, Energy: -539583.0
Time taken:  0.27522826194763184
Test Loss: 0.0000, Test Accuracy: 1.0000, Energy: -539598.875
Time taken:  0.27877283096313477
Test Loss: 0.0000, Test Accuracy: 1.0000, Energy: -539594.625
Time taken:  0.27973437309265137
Test Loss: 0.0000, Test Accuracy: 1.0000, Energy: -539596.75
Time taken:  0.27852463722229004
Test Loss: 0.0000, Test Accuracy: 1.0000, Energy: -539594.0
Time taken:  0.2749929428100586
Test Loss: 0.0000, Test Accuracy: 1.0000, Energy: -539610.75
Time taken:  0.2817831039428711
Test Loss: 0.0000, Test Accuracy: 1.0000, Energy: -539616.125
Time taken:  0.27572035789489746
Test Loss: 0.0000, Test Accuracy: 1.0000, Energy: -539615.625
Time taken:  0.2807753086090088
Test Loss: 0.0000, Test Accuracy: 1.0000, Energy: -539619.375
Time taken:  0.27563977241516113
Test Loss: 0.0000, Test Accuracy: 1.0000, Energy: -539621.375
Time taken:  0.28075265884399414
Test Loss: 0.0000, Test Accuracy: 1.0000, Energy: -539641.0625
Time taken:  0.2765321731567383
Test Loss: 0.0000, Test Accuracy: 1.0000, Energy: -539643.75
Time taken:  0.27558112144470215
Test Loss: 0.0000, Test Accuracy: 1.0000, Energy: -539646.6875
Time taken:  0.2786870002746582
Test Loss: 0.0000, Test Accuracy: 1.0000, Energy: -539649.9375
Time taken:  0.2756385803222656
Test Loss: 0.0000, Test Accuracy: 1.0000, Energy: -539663.625
Time taken:  0.2784428596496582
Test Loss: 0.0000, Test Accuracy: 1.0000, Energy: -539667.1875
Time taken:  0.27673768997192383
Test Loss: 0.0000, Test Accuracy: 1.0000, Energy: -539670.875
Time taken:  0.27753114700317383
Test Loss: 0.0000, Test Accuracy: 1.0000, Energy: -539674.6875
Time taken:  0.27818822860717773
Test Loss: 0.0000, Test Accuracy: 1.0000, Energy: -539680.75
Time taken:  0.2787952423095703
Test Loss: 0.0000, Test Accuracy: 1.0000, Energy: -539684.75
Time taken:  0.2756154537200928
Test Loss: 0.0000, Test Accuracy: 1.0000, Energy: -539688.75
Time taken:  0.2783658504486084
Test Loss: 0.0000, Test Accuracy: 1.0000, Energy: -539692.9375
Time taken:  0.2762126922607422
Test Loss: 0.0000, Test Accuracy: 1.0000, Energy: -539697.125
Time taken:  0.28090405464172363
Test Loss: 0.0000, Test Accuracy: 1.0000, Energy: -539706.0625
Time taken:  0.27628421783447266
Test Loss: 0.0000, Test Accuracy: 1.0000, Energy: -539709.5
Time taken:  0.27658653259277344
Test Loss: 0.0000, Test Accuracy: 1.0000, Energy: -539713.875
Time taken:  0.28183937072753906
Test Loss: 0.0000, Test Accuracy: 1.0000, Energy: -539715.375
Time taken:  0.2756185531616211
Test Loss: 0.0000, Test Accuracy: 1.0000, Energy: -539718.25
Time taken:  0.2813754081726074
Test Loss: 0.0000, Test Accuracy: 1.0000, Energy: -539722.75
Time taken:  0.2765688896179199
Test Loss: 0.0000, Test Accuracy: 1.0000, Energy: -539727.3125
Time taken:  0.2795372009277344
Test Loss: 0.0000, Test Accuracy: 1.0000, Energy: -539731.875
Time taken:  0.2759215831756592
Test Loss: 0.0000, Test Accuracy: 1.0000, Energy: -539736.375
Time taken:  0.28109264373779297
Test Loss: 0.0000, Test Accuracy: 1.0000, Energy: -539741.1875
Time taken:  0.27608585357666016
Test Loss: 0.0000, Test Accuracy: 1.0000, Energy: -539745.875
Time taken:  0.27959370613098145
Test Loss: 0.0000, Test Accuracy: 1.0000, Energy: -539750.5
Time taken:  0.276963472366333
Test Loss: 0.0000, Test Accuracy: 1.0000, Energy: -539755.25
Time taken:  0.2792978286743164
Test Loss: 0.0000, Test Accuracy: 1.0000, Energy: -539760.0
Time taken:  0.2749366760253906
Test Loss: 0.0000, Test Accuracy: 1.0000, Energy: -539764.75
Time taken:  0.27545952796936035
Test Loss: 0.0000, Test Accuracy: 1.0000, Energy: -539769.5625
Time taken:  0.2792506217956543
Test Loss: 0.0000, Test Accuracy: 1.0000, Energy: -539774.4375
Time taken:  0.2759847640991211
Test Loss: 0.0000, Test Accuracy: 1.0000, Energy: -539779.125
Time taken:  0.2796669006347656
Test Loss: 0.0000, Test Accuracy: 1.0000, Energy: -539784.625
Time taken:  0.2761251926422119
Test Loss: 0.0000, Test Accuracy: 1.0000, Energy: -539789.5
Time taken:  0.2798612117767334
Test Loss: 0.0000, Test Accuracy: 1.0000, Energy: -539795.125
Time taken:  0.2771742343902588
Test Loss: 0.0000, Test Accuracy: 1.0000, Energy: -539800.0625
Time taken:  0.27957892417907715
Test Loss: 0.0000, Test Accuracy: 1.0000, Energy: -539805.125
Time taken:  0.27576279640197754
Test Loss: 0.0000, Test Accuracy: 1.0000, Energy: -539806.625
Time taken:  0.2796361446380615
Test Loss: 0.0000, Test Accuracy: 1.0000, Energy: -539811.5
Time taken:  0.27816057205200195
Test Loss: 0.0000, Test Accuracy: 1.0000, Energy: -539816.6875
Time taken:  0.28011226654052734
Test Loss: 0.0000, Test Accuracy: 1.0000, Energy: -539821.75
Time taken:  0.27594685554504395
Test Loss: 0.0000, Test Accuracy: 1.0000, Energy: -539828.75
Time taken:  0.27538156509399414
Test Loss: 0.0000, Test Accuracy: 1.0000, Energy: -539834.4375
Time taken:  0.27975940704345703
Test Loss: 0.0000, Test Accuracy: 1.0000, Energy: -539839.5625
Time taken:  0.27660465240478516
Test Loss: 0.0000, Test Accuracy: 1.0000, Energy: -539844.75
Time taken:  0.2809317111968994
Test Loss: 0.0000, Test Accuracy: 1.0000, Energy: -539850.0
Time taken:  0.2754249572753906
Test Loss: 0.0000, Test Accuracy: 1.0000, Energy: -539855.1875
Time taken:  0.279909610748291
Test Loss: 0.0000, Test Accuracy: 1.0000, Energy: -539860.4375
Time taken:  0.27702975273132324
Test Loss: 0.0000, Test Accuracy: 1.0000, Energy: -539866.3125
Time taken:  0.28203773498535156
Test Loss: 0.0000, Test Accuracy: 1.0000, Energy: -539871.625
Time taken:  0.2765524387359619
Test Loss: 0.0000, Test Accuracy: 1.0000, Energy: -539876.875
Time taken:  0.279308557510376
Test Loss: 0.0000, Test Accuracy: 1.0000, Energy: -539882.25
Time taken:  0.27739667892456055
Test Loss: 0.0000, Test Accuracy: 1.0000, Energy: -539887.5625
Time taken:  0.2835209369659424
Final accuracies: [0.9933333333333333, 0.9966666666666667, 1.0, 0.9933333333333333, 0.9933333333333333, 0.9933333333333333, 0.9933333333333333, 0.99, 0.99, 0.99, 0.99, 0.99, 0.99, 0.99, 0.99, 0.9933333333333333, 0.9966666666666667, 1.0, 1.0, 1.0, 1.0, 1.0, 1.0, 1.0, 1.0, 1.0, 1.0, 1.0, 1.0, 1.0, 1.0, 1.0, 1.0, 1.0, 1.0, 1.0, 1.0, 1.0, 1.0, 1.0, 1.0, 1.0, 1.0, 1.0, 1.0, 1.0, 1.0, 1.0, 1.0, 1.0, 1.0, 1.0, 1.0, 1.0, 1.0, 1.0, 1.0, 1.0, 1.0, 1.0, 1.0, 1.0, 1.0, 1.0, 1.0, 1.0, 1.0, 1.0, 1.0, 1.0, 1.0, 1.0, 1.0, 1.0, 1.0, 1.0, 1.0, 1.0, 1.0, 1.0, 1.0, 1.0, 1.0, 1.0, 1.0, 1.0, 1.0, 1.0, 1.0, 1.0, 1.0, 1.0, 1.0, 1.0, 1.0, 1.0, 1.0, 1.0, 1.0, 1.0]
Final energies: [-9007.427734375, -75905.75, -176522.59375, -252229.078125, -314706.46875, -364135.875, -405025.4375, -438594.625, -465700.96875, -488517.34375, -506874.15625, -522409.25, -535282.4375, -545980.0, -554742.25, -548997.125, -544085.8125, -541289.25, -539877.375, -539524.25, -539522.375, -539682.875, -539652.0625, -539621.875, -539529.25, -539494.125, -539554.0625, -539548.625, -539524.375, -539587.5, -539566.375, -539574.375, -539584.125, -539560.5, -539563.25, -539576.125, -539588.75, -539575.75, -539583.0, -539598.875, -539594.625, -539596.75, -539594.0, -539610.75, -539616.125, -539615.625, -539619.375, -539621.375, -539641.0625, -539643.75, -539646.6875, -539649.9375, -539663.625, -539667.1875, -539670.875, -539674.6875, -539680.75, -539684.75, -539688.75, -539692.9375, -539697.125, -539706.0625, -539709.5, -539713.875, -539715.375, -539718.25, -539722.75, -539727.3125, -539731.875, -539736.375, -539741.1875, -539745.875, -539750.5, -539755.25, -539760.0, -539764.75, -539769.5625, -539774.4375, -539779.125, -539784.625, -539789.5, -539795.125, -539800.0625, -539805.125, -539806.625, -539811.5, -539816.6875, -539821.75, -539828.75, -539834.4375, -539839.5625, -539844.75, -539850.0, -539855.1875, -539860.4375, -539866.3125, -539871.625, -539876.875, -539882.25, -539887.5625]
