Running with parameters: hidden=100, use_coupled=false, seed=52, lam=0.0, eta=0.0
Test Accuracy: 0.9267, Energy: -58.17
Time Taken:  12.012341022491455
Test Accuracy: 0.9267, Energy: -58.25
Time Taken:  11.983675241470337
Test Accuracy: 0.9233, Energy: -53.29
Time Taken:  11.999947309494019
Test Accuracy: 0.9200, Energy: -48.27
Time Taken:  12.091777563095093
Test Accuracy: 0.9200, Energy: -46.00
Time Taken:  12.003397226333618
Test Accuracy: 0.9267, Energy: -50.87
Time Taken:  12.017510175704956
Test Accuracy: 0.9300, Energy: -54.53
Time Taken:  12.034196138381958
Test Accuracy: 0.9300, Energy: -61.89
Time Taken:  12.050092458724976
Test Accuracy: 0.9333, Energy: -59.34
Time Taken:  12.038945198059082
Test Accuracy: 0.9300, Energy: -58.22
Time Taken:  12.034883975982666
Test Accuracy: 0.9300, Energy: -63.26
Time Taken:  12.038512468338013
Test Accuracy: 0.9300, Energy: -64.37
Time Taken:  12.112431764602661
Test Accuracy: 0.9300, Energy: -63.16
Time Taken:  12.02023983001709
Test Accuracy: 0.9267, Energy: -68.56
Time Taken:  12.02118706703186
Test Accuracy: 0.9267, Energy: -65.28
Time Taken:  12.029585838317871
Test Accuracy: 0.9267, Energy: -75.17
Time Taken:  12.045796394348145
Test Accuracy: 0.9267, Energy: -78.13
Time Taken:  12.054476261138916
Test Accuracy: 0.9267, Energy: -77.63
Time Taken:  12.053296566009521
Test Accuracy: 0.9100, Energy: -73.84
Time Taken:  12.061886310577393
Test Accuracy: 0.9200, Energy: -72.64
Time Taken:  12.105001449584961
Test Accuracy: 0.9200, Energy: -81.10
Time Taken:  12.000639200210571
Test Accuracy: 0.9167, Energy: -78.36
Time Taken:  12.030136823654175
Test Accuracy: 0.9167, Energy: -74.70
Time Taken:  12.031088590621948
Test Accuracy: 0.9133, Energy: -76.72
Time Taken:  12.033612728118896
Test Accuracy: 0.9200, Energy: -80.67
Time Taken:  12.03722333908081
Test Accuracy: 0.9200, Energy: -89.48
Time Taken:  12.049763679504395
Test Accuracy: 0.9233, Energy: -88.51
Time Taken:  12.051963329315186
Test Accuracy: 0.9333, Energy: -75.01
Time Taken:  12.098837852478027
Test Accuracy: 0.9233, Energy: -78.84
Time Taken:  12.013413429260254
Test Accuracy: 0.9200, Energy: -82.80
Time Taken:  12.022207736968994
Test Accuracy: 0.9200, Energy: -76.55
Time Taken:  12.045540809631348
Test Accuracy: 0.9233, Energy: -67.24
Time Taken:  12.041648387908936
Test Accuracy: 0.9233, Energy: -74.42
Time Taken:  12.044962644577026
Test Accuracy: 0.9433, Energy: -79.33
Time Taken:  12.054485321044922
Test Accuracy: 0.9233, Energy: -75.04
Time Taken:  12.053444623947144
Test Accuracy: 0.9233, Energy: -78.65
Time Taken:  12.080960035324097
Test Accuracy: 0.9233, Energy: -87.43
Time Taken:  12.015838384628296
Test Accuracy: 0.9233, Energy: -89.13
Time Taken:  12.037121295928955
Test Accuracy: 0.9233, Energy: -90.39
Time Taken:  12.051525354385376
Test Accuracy: 0.9200, Energy: -89.03
Time Taken:  12.063481569290161
Test Accuracy: 0.9200, Energy: -96.51
Time Taken:  12.057912588119507
Test Accuracy: 0.9200, Energy: -94.14
Time Taken:  12.065323114395142
Test Accuracy: 0.9333, Energy: -90.61
Time Taken:  12.066499471664429
Test Accuracy: 0.9200, Energy: -98.10
Time Taken:  12.094918489456177
Test Accuracy: 0.9333, Energy: -101.35
Time Taken:  12.032785892486572
Test Accuracy: 0.9200, Energy: -98.83
Time Taken:  12.053069591522217
Test Accuracy: 0.9200, Energy: -106.15
Time Taken:  12.043103218078613
Test Accuracy: 0.9333, Energy: -101.68
Time Taken:  12.030089855194092
Test Accuracy: 0.9333, Energy: -101.83
Time Taken:  12.053767442703247
Test Accuracy: 0.9333, Energy: -99.18
Time Taken:  12.073928594589233
Test Accuracy: 0.9333, Energy: -102.98
Time Taken:  12.062076807022095
Test Accuracy: 0.9333, Energy: -105.80
Time Taken:  12.0917489528656
Test Accuracy: 0.9333, Energy: -101.87
Time Taken:  12.032257080078125
Test Accuracy: 0.9333, Energy: -98.58
Time Taken:  12.034343957901001
Test Accuracy: 0.9333, Energy: -92.11
Time Taken:  12.059068202972412
Test Accuracy: 0.9333, Energy: -101.18
Time Taken:  12.048981428146362
Test Accuracy: 0.9333, Energy: -108.99
Time Taken:  12.063620805740356
Test Accuracy: 0.9233, Energy: -114.29
Time Taken:  12.061824798583984
Test Accuracy: 0.9233, Energy: -126.50
Time Taken:  12.10458254814148
Test Accuracy: 0.9233, Energy: -132.48
Time Taken:  12.029786109924316
Test Accuracy: 0.9367, Energy: -128.44
Time Taken:  12.039389848709106
Test Accuracy: 0.9167, Energy: -124.36
Time Taken:  12.060077905654907
Test Accuracy: 0.9267, Energy: -127.64
Time Taken:  12.051241159439087
Test Accuracy: 0.9300, Energy: -134.46
Time Taken:  12.04635739326477
Test Accuracy: 0.9300, Energy: -126.52
Time Taken:  12.061635732650757
Test Accuracy: 0.9300, Energy: -128.44
Time Taken:  12.065183877944946
Test Accuracy: 0.9200, Energy: -129.63
Time Taken:  12.095570802688599
Test Accuracy: 0.9200, Energy: -136.48
Time Taken:  12.032887697219849
Test Accuracy: 0.9133, Energy: -137.67
Time Taken:  12.03978943824768
Test Accuracy: 0.9200, Energy: -132.87
Time Taken:  12.05517053604126
Test Accuracy: 0.9200, Energy: -128.16
Time Taken:  12.053579807281494
Test Accuracy: 0.9400, Energy: -142.20
Time Taken:  12.053996562957764
Test Accuracy: 0.9333, Energy: -144.20
Time Taken:  12.055946111679077
Test Accuracy: 0.9333, Energy: -145.91
Time Taken:  12.0593900680542
Test Accuracy: 0.9200, Energy: -148.98
Time Taken:  12.107163906097412
Test Accuracy: 0.9200, Energy: -135.20
Time Taken:  12.021257877349854
Test Accuracy: 0.9367, Energy: -147.83
Time Taken:  12.017817497253418
Test Accuracy: 0.9300, Energy: -146.29
Time Taken:  12.041514158248901
Test Accuracy: 0.9333, Energy: -153.97
Time Taken:  12.043821334838867
Test Accuracy: 0.9333, Energy: -157.48
Time Taken:  12.053752422332764
Test Accuracy: 0.9267, Energy: -160.19
Time Taken:  12.052310943603516
Test Accuracy: 0.9300, Energy: -160.62
Time Taken:  12.061115980148315
Test Accuracy: 0.9300, Energy: -174.93
Time Taken:  12.093167304992676
Test Accuracy: 0.9200, Energy: -174.47
Time Taken:  12.025704383850098
Test Accuracy: 0.9333, Energy: -175.21
Time Taken:  12.050069808959961
Test Accuracy: 0.9333, Energy: -176.00
Time Taken:  12.04262924194336
Test Accuracy: 0.9333, Energy: -165.78
Time Taken:  12.035977363586426
Test Accuracy: 0.9333, Energy: -180.24
Time Taken:  12.03940224647522
Test Accuracy: 0.9233, Energy: -176.94
Time Taken:  12.052751302719116
Test Accuracy: 0.9233, Energy: -177.66
Time Taken:  12.046606540679932
Test Accuracy: 0.9333, Energy: -178.59
Time Taken:  12.090476274490356
Test Accuracy: 0.9333, Energy: -176.27
Time Taken:  12.034709453582764
Test Accuracy: 0.9233, Energy: -177.08
Time Taken:  12.053881645202637
Test Accuracy: 0.9167, Energy: -184.35
Time Taken:  12.054057836532593
Test Accuracy: 0.9333, Energy: -187.66
Time Taken:  12.063194990158081
Test Accuracy: 0.9167, Energy: -193.86
Time Taken:  12.062121152877808
Test Accuracy: 0.9200, Energy: -202.70
Time Taken:  12.062725067138672
Test Accuracy: 0.9200, Energy: -208.97
Time Taken:  12.058141469955444
Test Accuracy: 0.9167, Energy: -210.65
Time Taken:  12.084989786148071
Test Accuracy: 0.9167, Energy: -213.57
Time Taken:  12.007917881011963
Final accuracies: [0.9266666666666666, 0.9266666666666666, 0.9233333333333333, 0.92, 0.92, 0.9266666666666666, 0.93, 0.93, 0.9333333333333333, 0.93, 0.93, 0.93, 0.93, 0.9266666666666666, 0.9266666666666666, 0.9266666666666666, 0.9266666666666666, 0.9266666666666666, 0.91, 0.92, 0.92, 0.9166666666666666, 0.9166666666666666, 0.9133333333333333, 0.92, 0.92, 0.9233333333333333, 0.9333333333333333, 0.9233333333333333, 0.92, 0.92, 0.9233333333333333, 0.9233333333333333, 0.9433333333333334, 0.9233333333333333, 0.9233333333333333, 0.9233333333333333, 0.9233333333333333, 0.9233333333333333, 0.92, 0.92, 0.92, 0.9333333333333333, 0.92, 0.9333333333333333, 0.92, 0.92, 0.9333333333333333, 0.9333333333333333, 0.9333333333333333, 0.9333333333333333, 0.9333333333333333, 0.9333333333333333, 0.9333333333333333, 0.9333333333333333, 0.9333333333333333, 0.9333333333333333, 0.9233333333333333, 0.9233333333333333, 0.9233333333333333, 0.9366666666666666, 0.9166666666666666, 0.9266666666666666, 0.93, 0.93, 0.93, 0.92, 0.92, 0.9133333333333333, 0.92, 0.92, 0.94, 0.9333333333333333, 0.9333333333333333, 0.92, 0.92, 0.9366666666666666, 0.93, 0.9333333333333333, 0.9333333333333333, 0.9266666666666666, 0.93, 0.93, 0.92, 0.9333333333333333, 0.9333333333333333, 0.9333333333333333, 0.9333333333333333, 0.9233333333333333, 0.9233333333333333, 0.9333333333333333, 0.9333333333333333, 0.9233333333333333, 0.9166666666666666, 0.9333333333333333, 0.9166666666666666, 0.92, 0.92, 0.9166666666666666, 0.9166666666666666]
Final energies: [-58.174766540527344, -58.24726104736328, -53.286903381347656, -48.26652145385742, -45.99858474731445, -50.87047576904297, -54.52860641479492, -61.89145278930664, -59.34242248535156, -58.21784973144531, -63.26290512084961, -64.37236785888672, -63.16008377075195, -68.56015014648438, -65.2789077758789, -75.17155456542969, -78.13487243652344, -77.62823486328125, -73.83622741699219, -72.64330291748047, -81.0965576171875, -78.35789489746094, -74.70242309570312, -76.71696472167969, -80.66805267333984, -89.47575378417969, -88.50945281982422, -75.01154327392578, -78.84086608886719, -82.79733276367188, -76.54539489746094, -67.23614501953125, -74.41556549072266, -79.32643127441406, -75.03570556640625, -78.64835357666016, -87.43252563476562, -89.12973022460938, -90.39411163330078, -89.0254135131836, -96.5066909790039, -94.13575744628906, -90.60842895507812, -98.1004638671875, -101.34780883789062, -98.83311462402344, -106.15056610107422, -101.67515563964844, -101.83442687988281, -99.17903137207031, -102.97782897949219, -105.79846954345703, -101.86848449707031, -98.57978057861328, -92.10791015625, -101.1787109375, -108.99444580078125, -114.29426574707031, -126.49661254882812, -132.4788055419922, -128.43533325195312, -124.35623168945312, -127.64006805419922, -134.4578857421875, -126.51634979248047, -128.4442596435547, -129.6347198486328, -136.48239135742188, -137.6696014404297, -132.86622619628906, -128.16024780273438, -142.19866943359375, -144.19712829589844, -145.9101104736328, -148.97637939453125, -135.2043914794922, -147.8292999267578, -146.28526306152344, -153.97415161132812, -157.47633361816406, -160.18597412109375, -160.62013244628906, -174.9312286376953, -174.46871948242188, -175.2109375, -176.00001525878906, -165.77651977539062, -180.2401123046875, -176.94126892089844, -177.65769958496094, -178.58592224121094, -176.27197265625, -177.0823211669922, -184.35211181640625, -187.65625, -193.86436462402344, -202.70352172851562, -208.97349548339844, -210.6486053466797, -213.5682373046875]
