Running with parameters: hidden=100, use_coupled=false, seed=8, lam=0.0, eta=0.0
Test Accuracy: 0.9400, Energy: -61.17
Time Taken:  12.091201305389404
Test Accuracy: 0.9333, Energy: -62.78
Time Taken:  12.023842096328735
Test Accuracy: 0.9300, Energy: -65.69
Time Taken:  12.130045175552368
Test Accuracy: 0.9400, Energy: -62.99
Time Taken:  12.145007133483887
Test Accuracy: 0.9433, Energy: -68.12
Time Taken:  12.040465116500854
Test Accuracy: 0.9400, Energy: -73.54
Time Taken:  12.073426008224487
Test Accuracy: 0.9400, Energy: -66.79
Time Taken:  12.070871353149414
Test Accuracy: 0.9400, Energy: -67.49
Time Taken:  12.078724145889282
Test Accuracy: 0.9433, Energy: -70.84
Time Taken:  12.081722021102905
Test Accuracy: 0.9400, Energy: -69.56
Time Taken:  12.081043720245361
Test Accuracy: 0.9400, Energy: -65.01
Time Taken:  12.09380292892456
Test Accuracy: 0.9400, Energy: -62.51
Time Taken:  12.146138429641724
Test Accuracy: 0.9433, Energy: -61.71
Time Taken:  12.069676637649536
Test Accuracy: 0.9400, Energy: -63.44
Time Taken:  12.068668603897095
Test Accuracy: 0.9400, Energy: -65.15
Time Taken:  12.065468549728394
Test Accuracy: 0.9433, Energy: -71.85
Time Taken:  12.095719814300537
Test Accuracy: 0.9433, Energy: -75.81
Time Taken:  12.079617023468018
Test Accuracy: 0.9433, Energy: -76.31
Time Taken:  12.09863543510437
Test Accuracy: 0.9433, Energy: -78.35
Time Taken:  12.096599817276001
Test Accuracy: 0.9500, Energy: -71.83
Time Taken:  12.145447731018066
Test Accuracy: 0.9467, Energy: -74.71
Time Taken:  12.085205316543579
Test Accuracy: 0.9433, Energy: -78.33
Time Taken:  12.078930139541626
Test Accuracy: 0.9500, Energy: -78.68
Time Taken:  12.116652965545654
Test Accuracy: 0.9433, Energy: -79.09
Time Taken:  12.093623638153076
Test Accuracy: 0.9433, Energy: -80.42
Time Taken:  12.09006643295288
Test Accuracy: 0.9433, Energy: -76.80
Time Taken:  12.094336748123169
Test Accuracy: 0.9433, Energy: -78.90
Time Taken:  12.076423168182373
Test Accuracy: 0.9500, Energy: -78.13
Time Taken:  12.268831014633179
Test Accuracy: 0.9500, Energy: -90.88
Time Taken:  12.06638216972351
Test Accuracy: 0.9500, Energy: -88.22
Time Taken:  12.05698847770691
Test Accuracy: 0.9500, Energy: -99.11
Time Taken:  12.08654260635376
Test Accuracy: 0.9500, Energy: -100.80
Time Taken:  12.074182033538818
Test Accuracy: 0.9533, Energy: -105.82
Time Taken:  12.095426082611084
Test Accuracy: 0.9533, Energy: -103.81
Time Taken:  12.105369567871094
Test Accuracy: 0.9567, Energy: -105.18
Time Taken:  12.116316556930542
Test Accuracy: 0.9533, Energy: -96.05
Time Taken:  12.16713261604309
Test Accuracy: 0.9567, Energy: -97.68
Time Taken:  12.087725639343262
Test Accuracy: 0.9567, Energy: -99.02
Time Taken:  12.096729040145874
Test Accuracy: 0.9533, Energy: -101.35
Time Taken:  12.091272115707397
Test Accuracy: 0.9533, Energy: -104.88
Time Taken:  12.104837656021118
Test Accuracy: 0.9467, Energy: -113.68
Time Taken:  12.103359699249268
Test Accuracy: 0.9500, Energy: -105.13
Time Taken:  12.104002237319946
Test Accuracy: 0.9467, Energy: -93.92
Time Taken:  12.1031334400177
Test Accuracy: 0.9467, Energy: -96.06
Time Taken:  12.141703367233276
Test Accuracy: 0.9433, Energy: -97.05
Time Taken:  12.07835841178894
Test Accuracy: 0.9467, Energy: -104.34
Time Taken:  12.093023777008057
Test Accuracy: 0.9467, Energy: -110.32
Time Taken:  12.095811367034912
Test Accuracy: 0.9500, Energy: -111.74
Time Taken:  12.10396146774292
Test Accuracy: 0.9500, Energy: -120.76
Time Taken:  12.108786821365356
Test Accuracy: 0.9500, Energy: -116.24
Time Taken:  12.119035720825195
Test Accuracy: 0.9500, Energy: -116.03
Time Taken:  12.133027791976929
Test Accuracy: 0.9467, Energy: -122.13
Time Taken:  12.27287769317627
Test Accuracy: 0.9467, Energy: -120.76
Time Taken:  12.099666357040405
Test Accuracy: 0.9433, Energy: -118.98
Time Taken:  12.086024045944214
Test Accuracy: 0.9433, Energy: -124.90
Time Taken:  12.096712350845337
Test Accuracy: 0.9467, Energy: -118.35
Time Taken:  12.084940195083618
Test Accuracy: 0.9500, Energy: -117.49
Time Taken:  12.100803852081299
Test Accuracy: 0.9467, Energy: -113.74
Time Taken:  12.109390258789062
Test Accuracy: 0.9467, Energy: -122.24
Time Taken:  12.166280031204224
Test Accuracy: 0.9467, Energy: -122.20
Time Taken:  12.07188868522644
Test Accuracy: 0.9467, Energy: -124.07
Time Taken:  12.086337566375732
Test Accuracy: 0.9433, Energy: -129.31
Time Taken:  12.083205699920654
Test Accuracy: 0.9433, Energy: -125.79
Time Taken:  12.109445095062256
Test Accuracy: 0.9467, Energy: -120.23
Time Taken:  12.095012426376343
Test Accuracy: 0.9467, Energy: -113.60
Time Taken:  12.096923589706421
Test Accuracy: 0.9433, Energy: -112.00
Time Taken:  12.092205286026001
Test Accuracy: 0.9467, Energy: -112.82
Time Taken:  12.1506986618042
Test Accuracy: 0.9467, Energy: -114.63
Time Taken:  12.085299253463745
Test Accuracy: 0.9500, Energy: -115.13
Time Taken:  12.081536054611206
Test Accuracy: 0.9500, Energy: -122.72
Time Taken:  12.088236570358276
Test Accuracy: 0.9500, Energy: -130.94
Time Taken:  12.087530374526978
Test Accuracy: 0.9500, Energy: -130.20
Time Taken:  12.088369607925415
Test Accuracy: 0.9500, Energy: -125.19
Time Taken:  12.09683871269226
Test Accuracy: 0.9400, Energy: -136.17
Time Taken:  12.097218990325928
Test Accuracy: 0.9500, Energy: -147.48
Time Taken:  12.138674974441528
Test Accuracy: 0.9500, Energy: -143.67
Time Taken:  12.07860779762268
Test Accuracy: 0.9433, Energy: -143.68
Time Taken:  12.18962049484253
Test Accuracy: 0.9467, Energy: -145.56
Time Taken:  12.0939359664917
Test Accuracy: 0.9467, Energy: -161.75
Time Taken:  12.099402666091919
Test Accuracy: 0.9433, Energy: -152.74
Time Taken:  12.104708909988403
Test Accuracy: 0.9433, Energy: -157.05
Time Taken:  12.095269918441772
Test Accuracy: 0.9467, Energy: -155.42
Time Taken:  12.134747982025146
Test Accuracy: 0.9433, Energy: -158.53
Time Taken:  12.140976905822754
Test Accuracy: 0.9500, Energy: -159.69
Time Taken:  12.07059645652771
Test Accuracy: 0.9500, Energy: -164.32
Time Taken:  12.090824127197266
Test Accuracy: 0.9633, Energy: -162.00
Time Taken:  12.10223388671875
Test Accuracy: 0.9633, Energy: -159.97
Time Taken:  12.085610628128052
Test Accuracy: 0.9633, Energy: -159.32
Time Taken:  12.09489107131958
Test Accuracy: 0.9500, Energy: -155.51
Time Taken:  12.096716403961182
Test Accuracy: 0.9467, Energy: -152.94
Time Taken:  12.137447834014893
Test Accuracy: 0.9467, Energy: -160.11
Time Taken:  12.136003732681274
Test Accuracy: 0.9567, Energy: -167.51
Time Taken:  12.086061716079712
Test Accuracy: 0.9400, Energy: -167.71
Time Taken:  12.089421272277832
Test Accuracy: 0.9433, Energy: -177.57
Time Taken:  12.088557004928589
Test Accuracy: 0.9467, Energy: -182.21
Time Taken:  12.107879161834717
Test Accuracy: 0.9433, Energy: -176.69
Time Taken:  12.101452112197876
Test Accuracy: 0.9467, Energy: -177.64
Time Taken:  12.08209753036499
Test Accuracy: 0.9467, Energy: -178.58
Time Taken:  12.077633619308472
Test Accuracy: 0.9533, Energy: -181.79
Time Taken:  12.116343975067139
Test Accuracy: 0.9433, Energy: -179.85
Time Taken:  12.012435913085938
Final accuracies: [0.94, 0.9333333333333333, 0.93, 0.94, 0.9433333333333334, 0.94, 0.94, 0.94, 0.9433333333333334, 0.94, 0.94, 0.94, 0.9433333333333334, 0.94, 0.94, 0.9433333333333334, 0.9433333333333334, 0.9433333333333334, 0.9433333333333334, 0.95, 0.9466666666666667, 0.9433333333333334, 0.95, 0.9433333333333334, 0.9433333333333334, 0.9433333333333334, 0.9433333333333334, 0.95, 0.95, 0.95, 0.95, 0.95, 0.9533333333333334, 0.9533333333333334, 0.9566666666666667, 0.9533333333333334, 0.9566666666666667, 0.9566666666666667, 0.9533333333333334, 0.9533333333333334, 0.9466666666666667, 0.95, 0.9466666666666667, 0.9466666666666667, 0.9433333333333334, 0.9466666666666667, 0.9466666666666667, 0.95, 0.95, 0.95, 0.95, 0.9466666666666667, 0.9466666666666667, 0.9433333333333334, 0.9433333333333334, 0.9466666666666667, 0.95, 0.9466666666666667, 0.9466666666666667, 0.9466666666666667, 0.9466666666666667, 0.9433333333333334, 0.9433333333333334, 0.9466666666666667, 0.9466666666666667, 0.9433333333333334, 0.9466666666666667, 0.9466666666666667, 0.95, 0.95, 0.95, 0.95, 0.95, 0.94, 0.95, 0.95, 0.9433333333333334, 0.9466666666666667, 0.9466666666666667, 0.9433333333333334, 0.9433333333333334, 0.9466666666666667, 0.9433333333333334, 0.95, 0.95, 0.9633333333333334, 0.9633333333333334, 0.9633333333333334, 0.95, 0.9466666666666667, 0.9466666666666667, 0.9566666666666667, 0.94, 0.9433333333333334, 0.9466666666666667, 0.9433333333333334, 0.9466666666666667, 0.9466666666666667, 0.9533333333333334, 0.9433333333333334]
Final energies: [-61.17059326171875, -62.77647018432617, -65.68596649169922, -62.98610305786133, -68.12366485595703, -73.54131317138672, -66.78823852539062, -67.4949951171875, -70.83848571777344, -69.5589828491211, -65.01162719726562, -62.51467514038086, -61.70555877685547, -63.44307327270508, -65.14893341064453, -71.8501968383789, -75.81209564208984, -76.3106918334961, -78.35493469238281, -71.82815551757812, -74.71472930908203, -78.32691192626953, -78.67955780029297, -79.08658599853516, -80.42454528808594, -76.80475616455078, -78.90320587158203, -78.1289291381836, -90.88497161865234, -88.21868133544922, -99.10600280761719, -100.80091094970703, -105.82391357421875, -103.80677032470703, -105.17813873291016, -96.0509262084961, -97.6765365600586, -99.0198745727539, -101.34765625, -104.87908935546875, -113.68425750732422, -105.13140869140625, -93.9170913696289, -96.0625, -97.0507583618164, -104.34165954589844, -110.31940460205078, -111.74169921875, -120.75733947753906, -116.24433898925781, -116.02508544921875, -122.1259536743164, -120.75518035888672, -118.98471069335938, -124.89910888671875, -118.34529876708984, -117.4947509765625, -113.73860168457031, -122.23983001708984, -122.1968002319336, -124.0683364868164, -129.30828857421875, -125.78861236572266, -120.23038482666016, -113.60382843017578, -111.99683380126953, -112.82472229003906, -114.6280288696289, -115.12943267822266, -122.72112274169922, -130.93844604492188, -130.1971893310547, -125.19120788574219, -136.16928100585938, -147.48097229003906, -143.6672821044922, -143.68101501464844, -145.55870056152344, -161.74826049804688, -152.74497985839844, -157.05108642578125, -155.4248046875, -158.52891540527344, -159.6863555908203, -164.3157958984375, -161.9991912841797, -159.9661865234375, -159.31777954101562, -155.51138305664062, -152.943603515625, -160.1077117919922, -167.50694274902344, -167.71348571777344, -177.5653533935547, -182.21112060546875, -176.68675231933594, -177.64244079589844, -178.5813446044922, -181.787841796875, -179.85316467285156]
