Running with parameters: hidden=100, use_coupled=false, seed=22, lam=0.0, eta=0.0
Test Accuracy: 0.9133, Energy: -81.63
Time Taken:  14.69824743270874
Test Accuracy: 0.9100, Energy: -80.81
Time Taken:  14.847038507461548
Test Accuracy: 0.9267, Energy: -78.12
Time Taken:  14.894747018814087
Test Accuracy: 0.9267, Energy: -84.30
Time Taken:  14.899595260620117
Test Accuracy: 0.9267, Energy: -80.31
Time Taken:  14.672341585159302
Test Accuracy: 0.9233, Energy: -82.62
Time Taken:  14.812800884246826
Test Accuracy: 0.9200, Energy: -71.98
Time Taken:  14.920305728912354
Test Accuracy: 0.9200, Energy: -75.62
Time Taken:  14.875871419906616
Test Accuracy: 0.9067, Energy: -80.07
Time Taken:  14.733788251876831
Test Accuracy: 0.9067, Energy: -77.19
Time Taken:  14.789446115493774
Test Accuracy: 0.9100, Energy: -78.38
Time Taken:  14.905619859695435
Test Accuracy: 0.9067, Energy: -82.81
Time Taken:  14.964324951171875
Test Accuracy: 0.9100, Energy: -81.69
Time Taken:  14.741569757461548
Test Accuracy: 0.9100, Energy: -88.54
Time Taken:  14.745939254760742
Test Accuracy: 0.9100, Energy: -98.91
Time Taken:  14.857998847961426
Test Accuracy: 0.9100, Energy: -103.94
Time Taken:  14.895729780197144
Test Accuracy: 0.9100, Energy: -99.38
Time Taken:  14.796064138412476
Test Accuracy: 0.9100, Energy: -97.31
Time Taken:  14.736445188522339
Test Accuracy: 0.9133, Energy: -91.64
Time Taken:  14.870362520217896
Test Accuracy: 0.9133, Energy: -96.21
Time Taken:  14.940484762191772
Test Accuracy: 0.9133, Energy: -101.12
Time Taken:  14.802904844284058
Test Accuracy: 0.9100, Energy: -100.10
Time Taken:  14.74050235748291
Test Accuracy: 0.9133, Energy: -100.35
Time Taken:  14.823668956756592
Test Accuracy: 0.9133, Energy: -92.95
Time Taken:  14.887276649475098
Test Accuracy: 0.9167, Energy: -91.82
Time Taken:  14.809093475341797
Test Accuracy: 0.9133, Energy: -89.46
Time Taken:  14.739553689956665
Test Accuracy: 0.9033, Energy: -93.41
Time Taken:  14.804893016815186
Test Accuracy: 0.9067, Energy: -93.32
Time Taken:  14.92772889137268
Test Accuracy: 0.9033, Energy: -88.68
Time Taken:  14.853020191192627
Test Accuracy: 0.9100, Energy: -87.63
Time Taken:  14.762770652770996
Test Accuracy: 0.9000, Energy: -95.74
Time Taken:  14.779542207717896
Test Accuracy: 0.8933, Energy: -99.38
Time Taken:  14.849643468856812
Test Accuracy: 0.8933, Energy: -104.81
Time Taken:  14.845359086990356
Test Accuracy: 0.8900, Energy: -101.49
Time Taken:  14.780631065368652
Test Accuracy: 0.8933, Energy: -97.90
Time Taken:  14.79246973991394
Test Accuracy: 0.8967, Energy: -99.33
Time Taken:  14.873193264007568
Test Accuracy: 0.9000, Energy: -102.18
Time Taken:  14.860212087631226
Test Accuracy: 0.8933, Energy: -108.22
Time Taken:  14.80701732635498
Test Accuracy: 0.9033, Energy: -109.24
Time Taken:  14.793185234069824
Test Accuracy: 0.8967, Energy: -114.54
Time Taken:  14.818476676940918
Test Accuracy: 0.8967, Energy: -128.95
Time Taken:  14.852866172790527
Test Accuracy: 0.9033, Energy: -120.78
Time Taken:  14.829566717147827
Test Accuracy: 0.9033, Energy: -123.81
Time Taken:  14.82849407196045
Test Accuracy: 0.9033, Energy: -130.82
Time Taken:  14.86394190788269
Test Accuracy: 0.9000, Energy: -132.95
Time Taken:  14.805890083312988
Test Accuracy: 0.8967, Energy: -136.21
Time Taken:  14.800940036773682
Test Accuracy: 0.9000, Energy: -142.19
Time Taken:  14.797679662704468
Test Accuracy: 0.9067, Energy: -142.87
Time Taken:  14.837361097335815
Test Accuracy: 0.9000, Energy: -135.93
Time Taken:  14.817402601242065
Test Accuracy: 0.9067, Energy: -140.46
Time Taken:  14.802967071533203
Test Accuracy: 0.9067, Energy: -139.40
Time Taken:  14.804583549499512
Test Accuracy: 0.9033, Energy: -138.62
Time Taken:  14.884052991867065
Test Accuracy: 0.9033, Energy: -140.23
Time Taken:  14.828333616256714
Test Accuracy: 0.9033, Energy: -138.88
Time Taken:  14.76871943473816
Test Accuracy: 0.9033, Energy: -142.36
Time Taken:  14.773851156234741
Test Accuracy: 0.9033, Energy: -139.17
Time Taken:  14.841081142425537
Test Accuracy: 0.9100, Energy: -139.63
Time Taken:  14.85426139831543
Test Accuracy: 0.9100, Energy: -139.31
Time Taken:  14.773047924041748
Test Accuracy: 0.9133, Energy: -138.74
Time Taken:  14.775433540344238
Test Accuracy: 0.9100, Energy: -134.71
Time Taken:  14.783180475234985
Test Accuracy: 0.9133, Energy: -138.51
Time Taken:  14.815024137496948
Test Accuracy: 0.9100, Energy: -145.46
Time Taken:  14.787831783294678
Test Accuracy: 0.9000, Energy: -157.71
Time Taken:  14.71241545677185
Test Accuracy: 0.9000, Energy: -154.03
Time Taken:  14.744884252548218
Test Accuracy: 0.9000, Energy: -161.42
Time Taken:  14.813056707382202
Test Accuracy: 0.9033, Energy: -165.14
Time Taken:  14.80520510673523
Test Accuracy: 0.9067, Energy: -163.18
Time Taken:  14.798511266708374
Test Accuracy: 0.9067, Energy: -159.36
Time Taken:  14.705150604248047
Test Accuracy: 0.9133, Energy: -169.65
Time Taken:  14.791060209274292
Test Accuracy: 0.9133, Energy: -176.05
Time Taken:  14.809300899505615
Test Accuracy: 0.9133, Energy: -190.97
Time Taken:  14.74856424331665
Test Accuracy: 0.9133, Energy: -194.45
Time Taken:  14.714930295944214
Test Accuracy: 0.9100, Energy: -189.51
Time Taken:  14.801024436950684
Test Accuracy: 0.9100, Energy: -187.59
Time Taken:  14.815532922744751
Test Accuracy: 0.9000, Energy: -193.71
Time Taken:  14.82399868965149
Test Accuracy: 0.9000, Energy: -196.56
Time Taken:  14.695544719696045
Test Accuracy: 0.9100, Energy: -207.62
Time Taken:  14.768139839172363
Test Accuracy: 0.9167, Energy: -196.21
Time Taken:  14.833123207092285
Test Accuracy: 0.9167, Energy: -188.42
Time Taken:  14.781911373138428
Test Accuracy: 0.9167, Energy: -195.11
Time Taken:  14.73586368560791
Test Accuracy: 0.9167, Energy: -189.45
Time Taken:  14.754024505615234
Test Accuracy: 0.9167, Energy: -192.51
Time Taken:  14.820411682128906
Test Accuracy: 0.9167, Energy: -185.50
Time Taken:  14.838310241699219
Test Accuracy: 0.9167, Energy: -188.18
Time Taken:  14.792266607284546
Test Accuracy: 0.9167, Energy: -198.79
Time Taken:  14.812940120697021
Test Accuracy: 0.9167, Energy: -210.19
Time Taken:  14.812455892562866
Test Accuracy: 0.9167, Energy: -219.61
Time Taken:  14.816189050674438
Test Accuracy: 0.9100, Energy: -221.92
Time Taken:  14.824626922607422
Test Accuracy: 0.9067, Energy: -217.21
Time Taken:  14.801829099655151
Test Accuracy: 0.9067, Energy: -224.81
Time Taken:  14.815333843231201
Test Accuracy: 0.9067, Energy: -220.69
Time Taken:  14.85890245437622
Test Accuracy: 0.9100, Energy: -228.13
Time Taken:  14.81132197380066
Test Accuracy: 0.9100, Energy: -230.39
Time Taken:  14.822949886322021
Test Accuracy: 0.9100, Energy: -230.96
Time Taken:  14.843728065490723
Test Accuracy: 0.9100, Energy: -239.62
Time Taken:  14.838839769363403
Test Accuracy: 0.9100, Energy: -248.25
Time Taken:  14.838936805725098
Test Accuracy: 0.9100, Energy: -237.53
Time Taken:  14.840361833572388
Test Accuracy: 0.9100, Energy: -246.44
Time Taken:  14.826898097991943
Test Accuracy: 0.9133, Energy: -251.30
Time Taken:  14.850284814834595
Test Accuracy: 0.9133, Energy: -262.33
Time Taken:  14.823583126068115
Final accuracies: [0.9133333333333333, 0.91, 0.9266666666666666, 0.9266666666666666, 0.9266666666666666, 0.9233333333333333, 0.92, 0.92, 0.9066666666666666, 0.9066666666666666, 0.91, 0.9066666666666666, 0.91, 0.91, 0.91, 0.91, 0.91, 0.91, 0.9133333333333333, 0.9133333333333333, 0.9133333333333333, 0.91, 0.9133333333333333, 0.9133333333333333, 0.9166666666666666, 0.9133333333333333, 0.9033333333333333, 0.9066666666666666, 0.9033333333333333, 0.91, 0.9, 0.8933333333333333, 0.8933333333333333, 0.89, 0.8933333333333333, 0.8966666666666666, 0.9, 0.8933333333333333, 0.9033333333333333, 0.8966666666666666, 0.8966666666666666, 0.9033333333333333, 0.9033333333333333, 0.9033333333333333, 0.9, 0.8966666666666666, 0.9, 0.9066666666666666, 0.9, 0.9066666666666666, 0.9066666666666666, 0.9033333333333333, 0.9033333333333333, 0.9033333333333333, 0.9033333333333333, 0.9033333333333333, 0.91, 0.91, 0.9133333333333333, 0.91, 0.9133333333333333, 0.91, 0.9, 0.9, 0.9, 0.9033333333333333, 0.9066666666666666, 0.9066666666666666, 0.9133333333333333, 0.9133333333333333, 0.9133333333333333, 0.9133333333333333, 0.91, 0.91, 0.9, 0.9, 0.91, 0.9166666666666666, 0.9166666666666666, 0.9166666666666666, 0.9166666666666666, 0.9166666666666666, 0.9166666666666666, 0.9166666666666666, 0.9166666666666666, 0.9166666666666666, 0.9166666666666666, 0.91, 0.9066666666666666, 0.9066666666666666, 0.9066666666666666, 0.91, 0.91, 0.91, 0.91, 0.91, 0.91, 0.91, 0.9133333333333333, 0.9133333333333333]
Final energies: [-81.63237762451172, -80.81070709228516, -78.11859893798828, -84.3026123046875, -80.31400299072266, -82.62350463867188, -71.97676849365234, -75.6231460571289, -80.06631469726562, -77.19178771972656, -78.37772369384766, -82.80509185791016, -81.69230651855469, -88.53952026367188, -98.9099349975586, -103.94380187988281, -99.38148498535156, -97.31444549560547, -91.638916015625, -96.20734405517578, -101.11736297607422, -100.10269165039062, -100.35179138183594, -92.94703674316406, -91.82117462158203, -89.4561538696289, -93.40755462646484, -93.32311248779297, -88.68408203125, -87.63419342041016, -95.73976135253906, -99.38109588623047, -104.80884552001953, -101.48966217041016, -97.90081787109375, -99.3258285522461, -102.17706298828125, -108.21583557128906, -109.23728942871094, -114.54228210449219, -128.95396423339844, -120.78264617919922, -123.80860137939453, -130.82379150390625, -132.94602966308594, -136.21363830566406, -142.18966674804688, -142.86793518066406, -135.93426513671875, -140.4586181640625, -139.40248107910156, -138.61512756347656, -140.2337188720703, -138.8811798095703, -142.35650634765625, -139.16940307617188, -139.62644958496094, -139.3148651123047, -138.7362060546875, -134.7067108154297, -138.5100860595703, -145.4590301513672, -157.70933532714844, -154.0275115966797, -161.41885375976562, -165.1368408203125, -163.18211364746094, -159.35533142089844, -169.64964294433594, -176.04833984375, -190.97032165527344, -194.44580078125, -189.5117645263672, -187.59249877929688, -193.70913696289062, -196.56228637695312, -207.6234893798828, -196.21194458007812, -188.4242706298828, -195.11245727539062, -189.44642639160156, -192.507080078125, -185.50071716308594, -188.1793670654297, -198.7932891845703, -210.18826293945312, -219.6139678955078, -221.92190551757812, -217.21200561523438, -224.8075714111328, -220.68739318847656, -228.13418579101562, -230.3931121826172, -230.957763671875, -239.6239013671875, -248.25331115722656, -237.52813720703125, -246.44248962402344, -251.29737854003906, -262.325927734375]
