Running with parameters: hidden=100, use_coupled=false, seed=10, lam=0.0, eta=0.0
Test Accuracy: 0.9300, Energy: -97.92
Time Taken:  12.006056308746338
Test Accuracy: 0.9267, Energy: -90.62
Time Taken:  11.975170850753784
Test Accuracy: 0.9300, Energy: -87.46
Time Taken:  11.995301246643066
Test Accuracy: 0.9300, Energy: -84.63
Time Taken:  12.064835548400879
Test Accuracy: 0.9433, Energy: -96.13
Time Taken:  11.98142385482788
Test Accuracy: 0.9400, Energy: -89.64
Time Taken:  11.992594242095947
Test Accuracy: 0.9333, Energy: -94.94
Time Taken:  12.007843732833862
Test Accuracy: 0.9433, Energy: -88.18
Time Taken:  12.00693416595459
Test Accuracy: 0.9367, Energy: -93.49
Time Taken:  12.01608681678772
Test Accuracy: 0.9367, Energy: -93.66
Time Taken:  12.01739239692688
Test Accuracy: 0.9333, Energy: -95.00
Time Taken:  12.028818845748901
Test Accuracy: 0.9500, Energy: -90.52
Time Taken:  12.063088178634644
Test Accuracy: 0.9367, Energy: -92.98
Time Taken:  11.992114543914795
Test Accuracy: 0.9367, Energy: -93.24
Time Taken:  12.00131630897522
Test Accuracy: 0.9300, Energy: -95.51
Time Taken:  12.010980367660522
Test Accuracy: 0.9300, Energy: -95.14
Time Taken:  12.003973722457886
Test Accuracy: 0.9300, Energy: -96.84
Time Taken:  12.00032353401184
Test Accuracy: 0.9300, Energy: -99.69
Time Taken:  12.015149354934692
Test Accuracy: 0.9267, Energy: -108.99
Time Taken:  12.026500225067139
Test Accuracy: 0.9267, Energy: -121.15
Time Taken:  12.075600385665894
Test Accuracy: 0.9267, Energy: -124.97
Time Taken:  11.999861240386963
Test Accuracy: 0.9233, Energy: -109.24
Time Taken:  12.010533809661865
Test Accuracy: 0.9233, Energy: -118.80
Time Taken:  12.02028226852417
Test Accuracy: 0.9233, Energy: -124.35
Time Taken:  12.034142255783081
Test Accuracy: 0.9267, Energy: -117.88
Time Taken:  12.019745588302612
Test Accuracy: 0.9267, Energy: -122.15
Time Taken:  12.024462223052979
Test Accuracy: 0.9233, Energy: -125.59
Time Taken:  12.02123236656189
Test Accuracy: 0.9200, Energy: -125.14
Time Taken:  12.082145929336548
Test Accuracy: 0.9200, Energy: -121.76
Time Taken:  11.99486255645752
Test Accuracy: 0.9233, Energy: -121.72
Time Taken:  12.006675004959106
Test Accuracy: 0.9233, Energy: -126.88
Time Taken:  12.011220932006836
Test Accuracy: 0.9233, Energy: -127.16
Time Taken:  12.002273797988892
Test Accuracy: 0.9267, Energy: -116.71
Time Taken:  12.016013383865356
Test Accuracy: 0.9267, Energy: -119.22
Time Taken:  12.021203517913818
Test Accuracy: 0.9267, Energy: -116.24
Time Taken:  12.020851373672485
Test Accuracy: 0.9267, Energy: -114.66
Time Taken:  12.06635856628418
Test Accuracy: 0.9200, Energy: -118.43
Time Taken:  12.014875411987305
Test Accuracy: 0.9200, Energy: -122.89
Time Taken:  12.027169704437256
Test Accuracy: 0.9200, Energy: -126.05
Time Taken:  12.032076120376587
Test Accuracy: 0.9200, Energy: -126.53
Time Taken:  12.039202451705933
Test Accuracy: 0.9233, Energy: -130.11
Time Taken:  12.054829120635986
Test Accuracy: 0.9233, Energy: -131.03
Time Taken:  12.027314901351929
Test Accuracy: 0.9233, Energy: -133.86
Time Taken:  12.030957221984863
Test Accuracy: 0.9233, Energy: -128.50
Time Taken:  12.09768033027649
Test Accuracy: 0.9233, Energy: -131.03
Time Taken:  12.036855697631836
Test Accuracy: 0.9267, Energy: -133.74
Time Taken:  12.029881477355957
Test Accuracy: 0.9267, Energy: -135.07
Time Taken:  12.037700891494751
Test Accuracy: 0.9233, Energy: -139.80
Time Taken:  12.047800779342651
Test Accuracy: 0.9233, Energy: -133.50
Time Taken:  12.048034429550171
Test Accuracy: 0.9200, Energy: -132.23
Time Taken:  12.054353713989258
Test Accuracy: 0.9200, Energy: -132.92
Time Taken:  12.048335790634155
Test Accuracy: 0.9233, Energy: -144.16
Time Taken:  12.080186605453491
Test Accuracy: 0.9367, Energy: -145.59
Time Taken:  12.018630027770996
Test Accuracy: 0.9367, Energy: -148.10
Time Taken:  12.026912212371826
Test Accuracy: 0.9267, Energy: -148.81
Time Taken:  12.043408632278442
Test Accuracy: 0.9300, Energy: -154.29
Time Taken:  12.037846803665161
Test Accuracy: 0.9400, Energy: -152.02
Time Taken:  12.045180082321167
Test Accuracy: 0.9367, Energy: -150.59
Time Taken:  12.047389268875122
Test Accuracy: 0.9267, Energy: -154.60
Time Taken:  12.097246885299683
Test Accuracy: 0.9267, Energy: -153.75
Time Taken:  12.017142295837402
Test Accuracy: 0.9267, Energy: -147.03
Time Taken:  12.031131744384766
Test Accuracy: 0.9367, Energy: -162.82
Time Taken:  12.041641473770142
Test Accuracy: 0.9367, Energy: -165.30
Time Taken:  12.042015790939331
Test Accuracy: 0.9367, Energy: -161.81
Time Taken:  12.02784276008606
Test Accuracy: 0.9367, Energy: -165.76
Time Taken:  12.048338651657104
Test Accuracy: 0.9333, Energy: -164.37
Time Taken:  12.034763097763062
Test Accuracy: 0.9333, Energy: -172.79
Time Taken:  12.083769798278809
Test Accuracy: 0.9367, Energy: -172.72
Time Taken:  12.024044036865234
Test Accuracy: 0.9333, Energy: -182.43
Time Taken:  12.03173279762268
Test Accuracy: 0.9333, Energy: -175.94
Time Taken:  12.043474435806274
Test Accuracy: 0.9300, Energy: -183.17
Time Taken:  12.029301643371582
Test Accuracy: 0.9300, Energy: -183.58
Time Taken:  12.030240535736084
Test Accuracy: 0.9333, Energy: -182.33
Time Taken:  12.040765047073364
Test Accuracy: 0.9300, Energy: -193.69
Time Taken:  12.0410315990448
Test Accuracy: 0.9367, Energy: -194.13
Time Taken:  12.10462212562561
Test Accuracy: 0.9367, Energy: -192.17
Time Taken:  12.027478694915771
Test Accuracy: 0.9333, Energy: -195.51
Time Taken:  12.026406288146973
Test Accuracy: 0.9333, Energy: -193.81
Time Taken:  12.04416537284851
Test Accuracy: 0.9233, Energy: -200.07
Time Taken:  12.034470796585083
Test Accuracy: 0.9200, Energy: -186.69
Time Taken:  12.044842958450317
Test Accuracy: 0.9233, Energy: -184.50
Time Taken:  12.048218250274658
Test Accuracy: 0.9333, Energy: -192.72
Time Taken:  12.054303646087646
Test Accuracy: 0.9233, Energy: -199.99
Time Taken:  12.097737312316895
Test Accuracy: 0.9233, Energy: -200.70
Time Taken:  12.008655071258545
Test Accuracy: 0.9233, Energy: -200.91
Time Taken:  12.046109437942505
Test Accuracy: 0.9233, Energy: -209.40
Time Taken:  12.04122519493103
Test Accuracy: 0.9267, Energy: -210.12
Time Taken:  12.033868789672852
Test Accuracy: 0.9267, Energy: -209.28
Time Taken:  12.046998977661133
Test Accuracy: 0.9267, Energy: -211.42
Time Taken:  12.03944444656372
Test Accuracy: 0.9267, Energy: -214.43
Time Taken:  12.049789905548096
Test Accuracy: 0.9267, Energy: -224.36
Time Taken:  12.08627986907959
Test Accuracy: 0.9267, Energy: -239.42
Time Taken:  12.013360500335693
Test Accuracy: 0.9233, Energy: -219.71
Time Taken:  12.064530849456787
Test Accuracy: 0.9267, Energy: -230.06
Time Taken:  12.034229040145874
Test Accuracy: 0.9233, Energy: -221.69
Time Taken:  12.041878700256348
Test Accuracy: 0.9233, Energy: -231.79
Time Taken:  12.058566331863403
Test Accuracy: 0.9233, Energy: -236.20
Time Taken:  12.052984237670898
Test Accuracy: 0.9267, Energy: -237.01
Time Taken:  12.034545660018921
Test Accuracy: 0.9233, Energy: -235.47
Time Taken:  12.074884176254272
Test Accuracy: 0.9233, Energy: -243.16
Time Taken:  12.012296676635742
Final accuracies: [0.93, 0.9266666666666666, 0.93, 0.93, 0.9433333333333334, 0.94, 0.9333333333333333, 0.9433333333333334, 0.9366666666666666, 0.9366666666666666, 0.9333333333333333, 0.95, 0.9366666666666666, 0.9366666666666666, 0.93, 0.93, 0.93, 0.93, 0.9266666666666666, 0.9266666666666666, 0.9266666666666666, 0.9233333333333333, 0.9233333333333333, 0.9233333333333333, 0.9266666666666666, 0.9266666666666666, 0.9233333333333333, 0.92, 0.92, 0.9233333333333333, 0.9233333333333333, 0.9233333333333333, 0.9266666666666666, 0.9266666666666666, 0.9266666666666666, 0.9266666666666666, 0.92, 0.92, 0.92, 0.92, 0.9233333333333333, 0.9233333333333333, 0.9233333333333333, 0.9233333333333333, 0.9233333333333333, 0.9266666666666666, 0.9266666666666666, 0.9233333333333333, 0.9233333333333333, 0.92, 0.92, 0.9233333333333333, 0.9366666666666666, 0.9366666666666666, 0.9266666666666666, 0.93, 0.94, 0.9366666666666666, 0.9266666666666666, 0.9266666666666666, 0.9266666666666666, 0.9366666666666666, 0.9366666666666666, 0.9366666666666666, 0.9366666666666666, 0.9333333333333333, 0.9333333333333333, 0.9366666666666666, 0.9333333333333333, 0.9333333333333333, 0.93, 0.93, 0.9333333333333333, 0.93, 0.9366666666666666, 0.9366666666666666, 0.9333333333333333, 0.9333333333333333, 0.9233333333333333, 0.92, 0.9233333333333333, 0.9333333333333333, 0.9233333333333333, 0.9233333333333333, 0.9233333333333333, 0.9233333333333333, 0.9266666666666666, 0.9266666666666666, 0.9266666666666666, 0.9266666666666666, 0.9266666666666666, 0.9266666666666666, 0.9233333333333333, 0.9266666666666666, 0.9233333333333333, 0.9233333333333333, 0.9233333333333333, 0.9266666666666666, 0.9233333333333333, 0.9233333333333333]
Final energies: [-97.92180633544922, -90.62037658691406, -87.46295928955078, -84.62885284423828, -96.13209533691406, -89.63814544677734, -94.93594360351562, -88.18158721923828, -93.4859619140625, -93.66120910644531, -95.00173950195312, -90.5200424194336, -92.97966766357422, -93.23988342285156, -95.51122283935547, -95.144287109375, -96.8377914428711, -99.68553924560547, -108.98667907714844, -121.14784240722656, -124.97052764892578, -109.2367935180664, -118.79647064208984, -124.35420227050781, -117.87725830078125, -122.14591217041016, -125.59021759033203, -125.14480590820312, -121.7624282836914, -121.72123718261719, -126.88294219970703, -127.15562438964844, -116.70775604248047, -119.2159423828125, -116.23957824707031, -114.65849304199219, -118.43048858642578, -122.88939666748047, -126.0451431274414, -126.53022766113281, -130.111572265625, -131.03208923339844, -133.85646057128906, -128.49853515625, -131.0338592529297, -133.74322509765625, -135.0740966796875, -139.79725646972656, -133.49887084960938, -132.22824096679688, -132.92005920410156, -144.16143798828125, -145.59442138671875, -148.1043243408203, -148.8125, -154.2947998046875, -152.01519775390625, -150.58993530273438, -154.59719848632812, -153.7544708251953, -147.0267333984375, -162.8195343017578, -165.29769897460938, -161.8123779296875, -165.75735473632812, -164.37030029296875, -172.7913360595703, -172.7203369140625, -182.43077087402344, -175.9353485107422, -183.16954040527344, -183.57998657226562, -182.33189392089844, -193.68992614746094, -194.1329345703125, -192.1727752685547, -195.50965881347656, -193.8148193359375, -200.06549072265625, -186.69207763671875, -184.49530029296875, -192.72488403320312, -199.98660278320312, -200.70066833496094, -200.91114807128906, -209.4001007080078, -210.1247100830078, -209.27523803710938, -211.4248046875, -214.42581176757812, -224.361083984375, -239.42044067382812, -219.71432495117188, -230.05751037597656, -221.6925811767578, -231.79493713378906, -236.19842529296875, -237.00917053222656, -235.47232055664062, -243.15882873535156]
