Running with parameters: hidden=100, use_coupled=false, seed=86, lam=0.0, eta=0.0
Test Accuracy: 0.9200, Energy: -114.53
Time Taken:  11.836532592773438
Test Accuracy: 0.9133, Energy: -116.02
Time Taken:  11.80990219116211
Test Accuracy: 0.9100, Energy: -120.59
Time Taken:  11.829103469848633
Test Accuracy: 0.9100, Energy: -125.50
Time Taken:  11.888463020324707
Test Accuracy: 0.9100, Energy: -125.47
Time Taken:  11.81783151626587
Test Accuracy: 0.9100, Energy: -127.69
Time Taken:  11.829421043395996
Test Accuracy: 0.9200, Energy: -120.83
Time Taken:  11.832428216934204
Test Accuracy: 0.9200, Energy: -121.92
Time Taken:  11.839206457138062
Test Accuracy: 0.9300, Energy: -125.14
Time Taken:  11.855453729629517
Test Accuracy: 0.9333, Energy: -130.22
Time Taken:  11.85023546218872
Test Accuracy: 0.9333, Energy: -136.36
Time Taken:  11.864989519119263
Test Accuracy: 0.9333, Energy: -128.77
Time Taken:  11.895309209823608
Test Accuracy: 0.9333, Energy: -126.05
Time Taken:  11.8378427028656
Test Accuracy: 0.9367, Energy: -128.45
Time Taken:  11.828134775161743
Test Accuracy: 0.9233, Energy: -131.84
Time Taken:  11.828914165496826
Test Accuracy: 0.9367, Energy: -139.07
Time Taken:  11.854423522949219
Test Accuracy: 0.9333, Energy: -144.33
Time Taken:  11.851336002349854
Test Accuracy: 0.9233, Energy: -138.18
Time Taken:  11.845946311950684
Test Accuracy: 0.9233, Energy: -139.12
Time Taken:  11.84264063835144
Test Accuracy: 0.9200, Energy: -138.86
Time Taken:  11.890212297439575
Test Accuracy: 0.9200, Energy: -143.32
Time Taken:  11.844305992126465
Test Accuracy: 0.9167, Energy: -147.60
Time Taken:  11.844979286193848
Test Accuracy: 0.9167, Energy: -154.41
Time Taken:  11.859403133392334
Test Accuracy: 0.9133, Energy: -142.89
Time Taken:  11.851329565048218
Test Accuracy: 0.9167, Energy: -146.55
Time Taken:  11.852043867111206
Test Accuracy: 0.9100, Energy: -148.24
Time Taken:  11.8605215549469
Test Accuracy: 0.9133, Energy: -147.02
Time Taken:  11.86836552619934
Test Accuracy: 0.9133, Energy: -149.54
Time Taken:  11.893015623092651
Test Accuracy: 0.9133, Energy: -154.48
Time Taken:  11.834595203399658
Test Accuracy: 0.9100, Energy: -146.83
Time Taken:  11.832420110702515
Test Accuracy: 0.9100, Energy: -144.19
Time Taken:  11.846667289733887
Test Accuracy: 0.9133, Energy: -152.05
Time Taken:  11.851933479309082
Test Accuracy: 0.9167, Energy: -161.71
Time Taken:  11.854884624481201
Test Accuracy: 0.9200, Energy: -160.73
Time Taken:  11.866921424865723
Test Accuracy: 0.9267, Energy: -167.92
Time Taken:  11.852410554885864
Test Accuracy: 0.9200, Energy: -166.24
Time Taken:  11.87473201751709
Test Accuracy: 0.9200, Energy: -169.85
Time Taken:  11.836666584014893
Test Accuracy: 0.9200, Energy: -167.31
Time Taken:  11.843148946762085
Test Accuracy: 0.9233, Energy: -174.62
Time Taken:  11.849979162216187
Test Accuracy: 0.9233, Energy: -174.27
Time Taken:  11.845856428146362
Test Accuracy: 0.9233, Energy: -167.14
Time Taken:  11.850594282150269
Test Accuracy: 0.9267, Energy: -171.52
Time Taken:  11.862022638320923
Test Accuracy: 0.9300, Energy: -172.74
Time Taken:  11.856895923614502
Test Accuracy: 0.9267, Energy: -175.72
Time Taken:  11.889400720596313
Test Accuracy: 0.9300, Energy: -175.52
Time Taken:  11.84162449836731
Test Accuracy: 0.9267, Energy: -175.53
Time Taken:  11.844459295272827
Test Accuracy: 0.9267, Energy: -178.76
Time Taken:  11.83951997756958
Test Accuracy: 0.9267, Energy: -176.85
Time Taken:  11.855174779891968
Test Accuracy: 0.9267, Energy: -184.84
Time Taken:  11.8558030128479
Test Accuracy: 0.9300, Energy: -177.46
Time Taken:  11.856434106826782
Test Accuracy: 0.9300, Energy: -178.34
Time Taken:  11.864085674285889
Test Accuracy: 0.9333, Energy: -179.83
Time Taken:  11.887441158294678
Test Accuracy: 0.9300, Energy: -181.36
Time Taken:  11.83425784111023
Test Accuracy: 0.9233, Energy: -196.89
Time Taken:  11.857699871063232
Test Accuracy: 0.9333, Energy: -196.62
Time Taken:  11.859189987182617
Test Accuracy: 0.9333, Energy: -200.24
Time Taken:  11.857993125915527
Test Accuracy: 0.9233, Energy: -197.88
Time Taken:  11.865649461746216
Test Accuracy: 0.9300, Energy: -202.72
Time Taken:  11.892999172210693
Test Accuracy: 0.9333, Energy: -208.32
Time Taken:  11.908631563186646
Test Accuracy: 0.9267, Energy: -213.54
Time Taken:  11.834192752838135
Test Accuracy: 0.9233, Energy: -213.13
Time Taken:  11.856723070144653
Test Accuracy: 0.9233, Energy: -221.72
Time Taken:  11.854040384292603
Test Accuracy: 0.9233, Energy: -220.49
Time Taken:  11.859334230422974
Test Accuracy: 0.9267, Energy: -221.47
Time Taken:  11.863216400146484
Test Accuracy: 0.9267, Energy: -212.59
Time Taken:  11.871156930923462
Test Accuracy: 0.9233, Energy: -213.35
Time Taken:  11.846884965896606
Test Accuracy: 0.9233, Energy: -216.88
Time Taken:  11.903510570526123
Test Accuracy: 0.9200, Energy: -222.64
Time Taken:  11.842756032943726
Test Accuracy: 0.9267, Energy: -223.04
Time Taken:  11.844528198242188
Test Accuracy: 0.9367, Energy: -228.96
Time Taken:  11.844198226928711
Test Accuracy: 0.9200, Energy: -234.71
Time Taken:  11.841547012329102
Test Accuracy: 0.9267, Energy: -226.44
Time Taken:  11.841650485992432
Test Accuracy: 0.9200, Energy: -231.12
Time Taken:  11.858800172805786
Test Accuracy: 0.9200, Energy: -228.86
Time Taken:  11.859060525894165
Test Accuracy: 0.9133, Energy: -239.41
Time Taken:  11.89755654335022
Test Accuracy: 0.9100, Energy: -239.58
Time Taken:  11.83154845237732
Test Accuracy: 0.9233, Energy: -238.89
Time Taken:  11.83821439743042
Test Accuracy: 0.9233, Energy: -237.63
Time Taken:  11.842729806900024
Test Accuracy: 0.9267, Energy: -231.67
Time Taken:  11.843793392181396
Test Accuracy: 0.9233, Energy: -233.11
Time Taken:  11.849656343460083
Test Accuracy: 0.9233, Energy: -240.66
Time Taken:  11.860313177108765
Test Accuracy: 0.9267, Energy: -250.27
Time Taken:  11.858511924743652
Test Accuracy: 0.9400, Energy: -250.00
Time Taken:  11.888662338256836
Test Accuracy: 0.9367, Energy: -256.61
Time Taken:  11.840380668640137
Test Accuracy: 0.9367, Energy: -266.90
Time Taken:  11.860341310501099
Test Accuracy: 0.9367, Energy: -262.26
Time Taken:  11.861470937728882
Test Accuracy: 0.9233, Energy: -252.27
Time Taken:  11.838627099990845
Test Accuracy: 0.9367, Energy: -277.70
Time Taken:  11.847162246704102
Test Accuracy: 0.9367, Energy: -269.30
Time Taken:  11.843034267425537
Test Accuracy: 0.9300, Energy: -283.22
Time Taken:  11.83384895324707
Test Accuracy: 0.9333, Energy: -293.88
Time Taken:  11.871370077133179
Test Accuracy: 0.9367, Energy: -307.33
Time Taken:  11.817811012268066
Test Accuracy: 0.9333, Energy: -322.47
Time Taken:  11.844012975692749
Test Accuracy: 0.9400, Energy: -307.32
Time Taken:  11.855128288269043
Test Accuracy: 0.9400, Energy: -313.02
Time Taken:  11.841813325881958
Test Accuracy: 0.9367, Energy: -308.89
Time Taken:  11.846020221710205
Test Accuracy: 0.9400, Energy: -318.15
Time Taken:  11.844751119613647
Test Accuracy: 0.9400, Energy: -319.23
Time Taken:  11.844277381896973
Test Accuracy: 0.9367, Energy: -308.21
Time Taken:  11.870891094207764
Test Accuracy: 0.9300, Energy: -316.64
Time Taken:  11.822832584381104
Final accuracies: [0.92, 0.9133333333333333, 0.91, 0.91, 0.91, 0.91, 0.92, 0.92, 0.93, 0.9333333333333333, 0.9333333333333333, 0.9333333333333333, 0.9333333333333333, 0.9366666666666666, 0.9233333333333333, 0.9366666666666666, 0.9333333333333333, 0.9233333333333333, 0.9233333333333333, 0.92, 0.92, 0.9166666666666666, 0.9166666666666666, 0.9133333333333333, 0.9166666666666666, 0.91, 0.9133333333333333, 0.9133333333333333, 0.9133333333333333, 0.91, 0.91, 0.9133333333333333, 0.9166666666666666, 0.92, 0.9266666666666666, 0.92, 0.92, 0.92, 0.9233333333333333, 0.9233333333333333, 0.9233333333333333, 0.9266666666666666, 0.93, 0.9266666666666666, 0.93, 0.9266666666666666, 0.9266666666666666, 0.9266666666666666, 0.9266666666666666, 0.93, 0.93, 0.9333333333333333, 0.93, 0.9233333333333333, 0.9333333333333333, 0.9333333333333333, 0.9233333333333333, 0.93, 0.9333333333333333, 0.9266666666666666, 0.9233333333333333, 0.9233333333333333, 0.9233333333333333, 0.9266666666666666, 0.9266666666666666, 0.9233333333333333, 0.9233333333333333, 0.92, 0.9266666666666666, 0.9366666666666666, 0.92, 0.9266666666666666, 0.92, 0.92, 0.9133333333333333, 0.91, 0.9233333333333333, 0.9233333333333333, 0.9266666666666666, 0.9233333333333333, 0.9233333333333333, 0.9266666666666666, 0.94, 0.9366666666666666, 0.9366666666666666, 0.9366666666666666, 0.9233333333333333, 0.9366666666666666, 0.9366666666666666, 0.93, 0.9333333333333333, 0.9366666666666666, 0.9333333333333333, 0.94, 0.94, 0.9366666666666666, 0.94, 0.94, 0.9366666666666666, 0.93]
Final energies: [-114.52640533447266, -116.01847839355469, -120.59004974365234, -125.50377655029297, -125.46662902832031, -127.68859100341797, -120.8313980102539, -121.91765594482422, -125.14358520507812, -130.2166748046875, -136.3607177734375, -128.76739501953125, -126.05313873291016, -128.45077514648438, -131.8380126953125, -139.06500244140625, -144.32675170898438, -138.1822967529297, -139.12359619140625, -138.859375, -143.32135009765625, -147.60049438476562, -154.4077911376953, -142.8850555419922, -146.55348205566406, -148.2361602783203, -147.02267456054688, -149.53591918945312, -154.48483276367188, -146.83499145507812, -144.19009399414062, -152.05221557617188, -161.70562744140625, -160.73341369628906, -167.92164611816406, -166.23924255371094, -169.85430908203125, -167.31369018554688, -174.62118530273438, -174.2698516845703, -167.1442108154297, -171.51980590820312, -172.7395477294922, -175.7163543701172, -175.51918029785156, -175.52706909179688, -178.76454162597656, -176.85067749023438, -184.84213256835938, -177.4613037109375, -178.34288024902344, -179.8270721435547, -181.3623046875, -196.885498046875, -196.61514282226562, -200.24282836914062, -197.88003540039062, -202.718505859375, -208.3187255859375, -213.538330078125, -213.1275634765625, -221.7223358154297, -220.49166870117188, -221.46522521972656, -212.59161376953125, -213.3546600341797, -216.88429260253906, -222.63885498046875, -223.04263305664062, -228.96372985839844, -234.7091827392578, -226.4449462890625, -231.1248016357422, -228.86277770996094, -239.40634155273438, -239.580810546875, -238.88583374023438, -237.6255340576172, -231.67295837402344, -233.1139373779297, -240.6571807861328, -250.26828002929688, -249.99879455566406, -256.613525390625, -266.9028015136719, -262.2551574707031, -252.2711639404297, -277.69744873046875, -269.2979736328125, -283.2166748046875, -293.87860107421875, -307.334716796875, -322.4690246582031, -307.32061767578125, -313.01739501953125, -308.8883056640625, -318.14715576171875, -319.23345947265625, -308.21124267578125, -316.6379089355469]
