Running with parameters: hidden=100, use_coupled=false, seed=92, lam=0.0, eta=0.0
Test Accuracy: 0.9067, Energy: -131.03
Time Taken:  12.090124368667603
Test Accuracy: 0.9033, Energy: -134.84
Time Taken:  12.070374011993408
Test Accuracy: 0.9100, Energy: -134.24
Time Taken:  12.098599195480347
Test Accuracy: 0.9300, Energy: -135.70
Time Taken:  12.151159524917603
Test Accuracy: 0.9300, Energy: -135.99
Time Taken:  12.092991590499878
Test Accuracy: 0.9133, Energy: -131.74
Time Taken:  12.10383915901184
Test Accuracy: 0.9100, Energy: -130.14
Time Taken:  12.123933792114258
Test Accuracy: 0.9300, Energy: -133.18
Time Taken:  12.13093614578247
Test Accuracy: 0.9300, Energy: -130.73
Time Taken:  12.12110447883606
Test Accuracy: 0.9400, Energy: -130.35
Time Taken:  12.10456395149231
Test Accuracy: 0.9367, Energy: -131.46
Time Taken:  12.117915630340576
Test Accuracy: 0.9300, Energy: -133.87
Time Taken:  12.183133363723755
Test Accuracy: 0.9300, Energy: -134.12
Time Taken:  12.081349849700928
Test Accuracy: 0.9033, Energy: -133.60
Time Taken:  12.105480670928955
Test Accuracy: 0.9300, Energy: -134.40
Time Taken:  12.10527229309082
Test Accuracy: 0.9400, Energy: -140.78
Time Taken:  12.131844758987427
Test Accuracy: 0.9333, Energy: -138.94
Time Taken:  12.115508556365967
Test Accuracy: 0.9367, Energy: -144.86
Time Taken:  12.101399183273315
Test Accuracy: 0.9333, Energy: -147.56
Time Taken:  12.127332925796509
Test Accuracy: 0.9333, Energy: -148.82
Time Taken:  12.191756010055542
Test Accuracy: 0.9033, Energy: -145.19
Time Taken:  12.103792190551758
Test Accuracy: 0.9067, Energy: -154.24
Time Taken:  12.119604349136353
Test Accuracy: 0.9067, Energy: -157.54
Time Taken:  12.132862091064453
Test Accuracy: 0.8867, Energy: -160.41
Time Taken:  12.13298511505127
Test Accuracy: 0.8900, Energy: -154.77
Time Taken:  12.139709711074829
Test Accuracy: 0.8833, Energy: -153.70
Time Taken:  12.114348411560059
Test Accuracy: 0.8867, Energy: -157.52
Time Taken:  12.130464792251587
Test Accuracy: 0.8867, Energy: -157.49
Time Taken:  12.175385475158691
Test Accuracy: 0.8933, Energy: -159.98
Time Taken:  12.088266372680664
Test Accuracy: 0.8933, Energy: -163.09
Time Taken:  12.112087488174438
Test Accuracy: 0.8900, Energy: -165.17
Time Taken:  12.130941152572632
Test Accuracy: 0.8867, Energy: -159.66
Time Taken:  12.133971929550171
Test Accuracy: 0.8833, Energy: -157.96
Time Taken:  12.110484838485718
Test Accuracy: 0.8967, Energy: -160.49
Time Taken:  12.131365537643433
Test Accuracy: 0.9100, Energy: -156.13
Time Taken:  12.122392654418945
Test Accuracy: 0.9100, Energy: -166.00
Time Taken:  12.16543984413147
Test Accuracy: 0.9067, Energy: -162.89
Time Taken:  12.108423948287964
Test Accuracy: 0.9100, Energy: -165.84
Time Taken:  12.107226371765137
Test Accuracy: 0.9133, Energy: -164.11
Time Taken:  12.114046096801758
Test Accuracy: 0.9000, Energy: -162.30
Time Taken:  12.136728763580322
Test Accuracy: 0.9100, Energy: -161.55
Time Taken:  12.124960660934448
Test Accuracy: 0.9000, Energy: -168.06
Time Taken:  12.13270378112793
Test Accuracy: 0.8900, Energy: -157.41
Time Taken:  12.133854150772095
Test Accuracy: 0.8767, Energy: -170.13
Time Taken:  12.161835432052612
Test Accuracy: 0.8733, Energy: -176.41
Time Taken:  12.097734212875366
Test Accuracy: 0.8700, Energy: -185.92
Time Taken:  12.119141817092896
Test Accuracy: 0.8767, Energy: -188.26
Time Taken:  12.128288269042969
Test Accuracy: 0.8767, Energy: -195.94
Time Taken:  12.109386920928955
Test Accuracy: 0.8767, Energy: -180.80
Time Taken:  12.12433671951294
Test Accuracy: 0.8967, Energy: -175.08
Time Taken:  12.134234189987183
Test Accuracy: 0.8800, Energy: -180.08
Time Taken:  12.125476598739624
Test Accuracy: 0.8800, Energy: -175.16
Time Taken:  12.16043496131897
Test Accuracy: 0.8800, Energy: -183.17
Time Taken:  12.082935333251953
Test Accuracy: 0.8767, Energy: -194.46
Time Taken:  12.09592318534851
Test Accuracy: 0.8767, Energy: -204.58
Time Taken:  12.125252962112427
Test Accuracy: 0.8867, Energy: -198.98
Time Taken:  12.117220163345337
Test Accuracy: 0.8967, Energy: -220.99
Time Taken:  12.148772954940796
Test Accuracy: 0.8800, Energy: -217.46
Time Taken:  12.13312315940857
Test Accuracy: 0.8967, Energy: -208.68
Time Taken:  12.179975748062134
Test Accuracy: 0.8933, Energy: -208.15
Time Taken:  12.09257173538208
Test Accuracy: 0.8867, Energy: -216.46
Time Taken:  12.10240888595581
Test Accuracy: 0.8800, Energy: -213.89
Time Taken:  12.132848501205444
Test Accuracy: 0.8767, Energy: -214.24
Time Taken:  12.148826360702515
Test Accuracy: 0.8767, Energy: -209.54
Time Taken:  12.120814323425293
Test Accuracy: 0.8733, Energy: -217.95
Time Taken:  12.121767282485962
Test Accuracy: 0.8933, Energy: -221.03
Time Taken:  12.134295225143433
Test Accuracy: 0.8933, Energy: -216.28
Time Taken:  12.181896924972534
Test Accuracy: 0.8967, Energy: -221.10
Time Taken:  12.086421966552734
Test Accuracy: 0.8867, Energy: -224.25
Time Taken:  12.102463006973267
Test Accuracy: 0.8967, Energy: -225.98
Time Taken:  12.125251054763794
Test Accuracy: 0.8967, Energy: -220.10
Time Taken:  12.110257148742676
Test Accuracy: 0.8800, Energy: -219.29
Time Taken:  12.11802625656128
Test Accuracy: 0.9100, Energy: -219.33
Time Taken:  12.129000186920166
Test Accuracy: 0.9200, Energy: -230.70
Time Taken:  12.132522583007812
Test Accuracy: 0.8933, Energy: -239.07
Time Taken:  12.182588815689087
Test Accuracy: 0.9000, Energy: -234.26
Time Taken:  12.083547115325928
Test Accuracy: 0.8933, Energy: -255.32
Time Taken:  12.09527039527893
Test Accuracy: 0.8933, Energy: -260.29
Time Taken:  12.123677253723145
Test Accuracy: 0.8900, Energy: -261.33
Time Taken:  12.136963367462158
Test Accuracy: 0.8900, Energy: -259.73
Time Taken:  12.13849687576294
Test Accuracy: 0.8867, Energy: -249.55
Time Taken:  12.145788192749023
Test Accuracy: 0.8867, Energy: -255.72
Time Taken:  12.13182020187378
Test Accuracy: 0.8800, Energy: -262.25
Time Taken:  12.168370008468628
Test Accuracy: 0.8800, Energy: -280.75
Time Taken:  12.097330808639526
Test Accuracy: 0.8733, Energy: -283.82
Time Taken:  12.145196676254272
Test Accuracy: 0.8800, Energy: -286.90
Time Taken:  12.14811110496521
Test Accuracy: 0.8933, Energy: -300.22
Time Taken:  12.131123304367065
Test Accuracy: 0.8967, Energy: -308.95
Time Taken:  12.129140377044678
Test Accuracy: 0.8867, Energy: -304.17
Time Taken:  12.142446041107178
Test Accuracy: 0.8900, Energy: -307.04
Time Taken:  12.10603928565979
Test Accuracy: 0.8967, Energy: -305.43
Time Taken:  12.162085056304932
Test Accuracy: 0.8933, Energy: -300.66
Time Taken:  12.109873533248901
Test Accuracy: 0.8933, Energy: -299.51
Time Taken:  12.114795923233032
Test Accuracy: 0.8733, Energy: -321.33
Time Taken:  12.138561725616455
Test Accuracy: 0.8767, Energy: -308.57
Time Taken:  12.144836664199829
Test Accuracy: 0.8767, Energy: -301.64
Time Taken:  12.130355596542358
Test Accuracy: 0.8700, Energy: -293.48
Time Taken:  12.137332439422607
Test Accuracy: 0.8900, Energy: -317.58
Time Taken:  12.125225305557251
Test Accuracy: 0.9000, Energy: -318.42
Time Taken:  12.143754482269287
Test Accuracy: 0.8967, Energy: -307.42
Time Taken:  12.107110977172852
Final accuracies: [0.9066666666666666, 0.9033333333333333, 0.91, 0.93, 0.93, 0.9133333333333333, 0.91, 0.93, 0.93, 0.94, 0.9366666666666666, 0.93, 0.93, 0.9033333333333333, 0.93, 0.94, 0.9333333333333333, 0.9366666666666666, 0.9333333333333333, 0.9333333333333333, 0.9033333333333333, 0.9066666666666666, 0.9066666666666666, 0.8866666666666667, 0.89, 0.8833333333333333, 0.8866666666666667, 0.8866666666666667, 0.8933333333333333, 0.8933333333333333, 0.89, 0.8866666666666667, 0.8833333333333333, 0.8966666666666666, 0.91, 0.91, 0.9066666666666666, 0.91, 0.9133333333333333, 0.9, 0.91, 0.9, 0.89, 0.8766666666666667, 0.8733333333333333, 0.87, 0.8766666666666667, 0.8766666666666667, 0.8766666666666667, 0.8966666666666666, 0.88, 0.88, 0.88, 0.8766666666666667, 0.8766666666666667, 0.8866666666666667, 0.8966666666666666, 0.88, 0.8966666666666666, 0.8933333333333333, 0.8866666666666667, 0.88, 0.8766666666666667, 0.8766666666666667, 0.8733333333333333, 0.8933333333333333, 0.8933333333333333, 0.8966666666666666, 0.8866666666666667, 0.8966666666666666, 0.8966666666666666, 0.88, 0.91, 0.92, 0.8933333333333333, 0.9, 0.8933333333333333, 0.8933333333333333, 0.89, 0.89, 0.8866666666666667, 0.8866666666666667, 0.88, 0.88, 0.8733333333333333, 0.88, 0.8933333333333333, 0.8966666666666666, 0.8866666666666667, 0.89, 0.8966666666666666, 0.8933333333333333, 0.8933333333333333, 0.8733333333333333, 0.8766666666666667, 0.8766666666666667, 0.87, 0.89, 0.9, 0.8966666666666666]
Final energies: [-131.0335693359375, -134.8383026123047, -134.243408203125, -135.7048797607422, -135.98544311523438, -131.74278259277344, -130.1385498046875, -133.179443359375, -130.72897338867188, -130.3511505126953, -131.457275390625, -133.8691864013672, -134.11752319335938, -133.5979461669922, -134.40330505371094, -140.78427124023438, -138.93746948242188, -144.8618621826172, -147.55825805664062, -148.815185546875, -145.19296264648438, -154.2418975830078, -157.53866577148438, -160.40771484375, -154.771728515625, -153.70040893554688, -157.52273559570312, -157.48619079589844, -159.97779846191406, -163.08631896972656, -165.1711883544922, -159.66062927246094, -157.96292114257812, -160.4874267578125, -156.13064575195312, -166.00230407714844, -162.8944091796875, -165.83920288085938, -164.10511779785156, -162.2982940673828, -161.5527801513672, -168.06106567382812, -157.40988159179688, -170.12567138671875, -176.40838623046875, -185.91954040527344, -188.2598876953125, -195.93959045410156, -180.80224609375, -175.0796661376953, -180.08018493652344, -175.158447265625, -183.17431640625, -194.45599365234375, -204.57540893554688, -198.98233032226562, -220.99029541015625, -217.46426391601562, -208.68389892578125, -208.15274047851562, -216.4588623046875, -213.8931121826172, -214.24395751953125, -209.5394744873047, -217.9524383544922, -221.02847290039062, -216.281494140625, -221.0959014892578, -224.2544708251953, -225.9823760986328, -220.10256958007812, -219.2906036376953, -219.32577514648438, -230.70498657226562, -239.0706787109375, -234.26052856445312, -255.3192901611328, -260.2923583984375, -261.3336486816406, -259.7283020019531, -249.55084228515625, -255.7223663330078, -262.2479553222656, -280.7546081542969, -283.8157653808594, -286.8976745605469, -300.2248840332031, -308.9549865722656, -304.16796875, -307.0375671386719, -305.4323425292969, -300.658935546875, -299.50811767578125, -321.33349609375, -308.57440185546875, -301.64190673828125, -293.4803161621094, -317.58367919921875, -318.4246520996094, -307.4230041503906]
