Running with parameters: hidden=50, use_coupled=false, seed=48, lam=0.0, eta=0.0
Test Accuracy: 0.8433, Energy: -539.20
Time Taken:  11.425695657730103
Test Accuracy: 0.8433, Energy: -550.16
Time Taken:  11.41136121749878
Test Accuracy: 0.8433, Energy: -544.07
Time Taken:  11.444070100784302
Test Accuracy: 0.8467, Energy: -551.06
Time Taken:  11.500092506408691
Test Accuracy: 0.8500, Energy: -562.68
Time Taken:  11.412571668624878
Test Accuracy: 0.8467, Energy: -555.07
Time Taken:  11.426265954971313
Test Accuracy: 0.8467, Energy: -567.84
Time Taken:  11.446151971817017
Test Accuracy: 0.8500, Energy: -580.90
Time Taken:  11.468570232391357
Test Accuracy: 0.8500, Energy: -589.39
Time Taken:  11.454404354095459
Test Accuracy: 0.8533, Energy: -592.01
Time Taken:  11.4492769241333
Test Accuracy: 0.8833, Energy: -588.21
Time Taken:  11.473782777786255
Test Accuracy: 0.8833, Energy: -594.78
Time Taken:  11.526208639144897
Test Accuracy: 0.8633, Energy: -590.19
Time Taken:  11.424945592880249
Test Accuracy: 0.8600, Energy: -611.69
Time Taken:  11.434762239456177
Test Accuracy: 0.8433, Energy: -627.95
Time Taken:  11.444356918334961
Test Accuracy: 0.8433, Energy: -648.22
Time Taken:  11.462050437927246
Test Accuracy: 0.8433, Energy: -667.45
Time Taken:  11.458878755569458
Test Accuracy: 0.8400, Energy: -681.35
Time Taken:  11.461695909500122
Test Accuracy: 0.8767, Energy: -678.10
Time Taken:  11.475165367126465
Test Accuracy: 0.8700, Energy: -672.71
Time Taken:  11.513028621673584
Test Accuracy: 0.8700, Energy: -669.47
Time Taken:  11.440550804138184
Test Accuracy: 0.8700, Energy: -686.78
Time Taken:  11.458310842514038
Test Accuracy: 0.8700, Energy: -686.44
Time Taken:  11.4527268409729
Test Accuracy: 0.8700, Energy: -693.64
Time Taken:  11.468450784683228
Test Accuracy: 0.8700, Energy: -710.06
Time Taken:  11.462229490280151
Test Accuracy: 0.8700, Energy: -725.17
Time Taken:  11.455665826797485
Test Accuracy: 0.8733, Energy: -734.73
Time Taken:  11.464119672775269
Test Accuracy: 0.8767, Energy: -740.29
Time Taken:  11.514006853103638
Test Accuracy: 0.8567, Energy: -736.38
Time Taken:  11.443949222564697
Test Accuracy: 0.8667, Energy: -731.80
Time Taken:  11.457257509231567
Test Accuracy: 0.8700, Energy: -737.02
Time Taken:  11.454769372940063
Test Accuracy: 0.8733, Energy: -737.61
Time Taken:  11.46359658241272
Test Accuracy: 0.8467, Energy: -763.07
Time Taken:  11.445944786071777
Test Accuracy: 0.8467, Energy: -767.28
Time Taken:  11.475200414657593
Test Accuracy: 0.8500, Energy: -772.29
Time Taken:  11.454979658126831
Test Accuracy: 0.8733, Energy: -772.14
Time Taken:  11.497675895690918
Test Accuracy: 0.8733, Energy: -795.11
Time Taken:  11.430865287780762
Test Accuracy: 0.8500, Energy: -793.15
Time Taken:  11.44005823135376
Test Accuracy: 0.8733, Energy: -825.44
Time Taken:  11.453348636627197
Test Accuracy: 0.8467, Energy: -814.90
Time Taken:  11.467438459396362
Test Accuracy: 0.8500, Energy: -804.02
Time Taken:  11.448727130889893
Test Accuracy: 0.8533, Energy: -830.82
Time Taken:  11.475435972213745
Test Accuracy: 0.8867, Energy: -843.18
Time Taken:  11.481276273727417
Test Accuracy: 0.8867, Energy: -832.05
Time Taken:  11.495082139968872
Test Accuracy: 0.8867, Energy: -862.50
Time Taken:  11.439572811126709
Test Accuracy: 0.8767, Energy: -876.95
Time Taken:  11.450740098953247
Test Accuracy: 0.8467, Energy: -877.22
Time Taken:  11.453248262405396
Test Accuracy: 0.8500, Energy: -874.99
Time Taken:  11.444950819015503
Test Accuracy: 0.8500, Energy: -892.98
Time Taken:  11.457767009735107
Test Accuracy: 0.8467, Energy: -892.06
Time Taken:  11.46894121170044
Test Accuracy: 0.8467, Energy: -910.65
Time Taken:  11.453434228897095
Test Accuracy: 0.8467, Energy: -916.19
Time Taken:  11.490342378616333
Test Accuracy: 0.8533, Energy: -927.96
Time Taken:  11.426033020019531
Test Accuracy: 0.8433, Energy: -933.00
Time Taken:  11.460703372955322
Test Accuracy: 0.8700, Energy: -949.91
Time Taken:  11.45691967010498
Test Accuracy: 0.8400, Energy: -970.04
Time Taken:  11.455020666122437
Test Accuracy: 0.8433, Energy: -984.56
Time Taken:  11.455032110214233
Test Accuracy: 0.8700, Energy: -989.34
Time Taken:  11.475858449935913
Test Accuracy: 0.8700, Energy: -985.11
Time Taken:  11.49866247177124
Test Accuracy: 0.8700, Energy: -1003.64
Time Taken:  11.445365905761719
Test Accuracy: 0.8700, Energy: -1021.51
Time Taken:  11.430477857589722
Test Accuracy: 0.8667, Energy: -1045.18
Time Taken:  11.446410894393921
Test Accuracy: 0.8633, Energy: -1049.38
Time Taken:  11.466419696807861
Test Accuracy: 0.8633, Energy: -1062.97
Time Taken:  11.457018613815308
Test Accuracy: 0.8633, Energy: -1094.35
Time Taken:  11.45756220817566
Test Accuracy: 0.8667, Energy: -1108.44
Time Taken:  11.475659608840942
Test Accuracy: 0.8667, Energy: -1122.91
Time Taken:  11.501296281814575
Test Accuracy: 0.8700, Energy: -1098.98
Time Taken:  11.434725999832153
Test Accuracy: 0.8600, Energy: -1118.23
Time Taken:  11.438862085342407
Test Accuracy: 0.8700, Energy: -1147.96
Time Taken:  11.460742950439453
Test Accuracy: 0.8700, Energy: -1159.29
Time Taken:  11.463528394699097
Test Accuracy: 0.8667, Energy: -1177.55
Time Taken:  11.44911003112793
Test Accuracy: 0.8367, Energy: -1178.66
Time Taken:  11.452478885650635
Test Accuracy: 0.8400, Energy: -1193.80
Time Taken:  11.452620267868042
Test Accuracy: 0.8333, Energy: -1194.72
Time Taken:  11.51028847694397
Test Accuracy: 0.8300, Energy: -1178.25
Time Taken:  11.438495397567749
Test Accuracy: 0.8233, Energy: -1205.16
Time Taken:  11.43109393119812
Test Accuracy: 0.8233, Energy: -1229.43
Time Taken:  11.467654466629028
Test Accuracy: 0.8267, Energy: -1237.98
Time Taken:  11.463696241378784
Test Accuracy: 0.8200, Energy: -1270.64
Time Taken:  11.457054853439331
Test Accuracy: 0.8233, Energy: -1273.03
Time Taken:  11.466187715530396
Test Accuracy: 0.8233, Energy: -1312.73
Time Taken:  11.472732782363892
Test Accuracy: 0.8133, Energy: -1314.81
Time Taken:  11.493844985961914
Test Accuracy: 0.8100, Energy: -1322.18
Time Taken:  11.444700479507446
Test Accuracy: 0.8100, Energy: -1345.26
Time Taken:  11.480707168579102
Test Accuracy: 0.8067, Energy: -1364.85
Time Taken:  11.473810195922852
Test Accuracy: 0.8100, Energy: -1372.29
Time Taken:  11.463564157485962
Test Accuracy: 0.8100, Energy: -1407.63
Time Taken:  11.451379299163818
Test Accuracy: 0.8000, Energy: -1433.19
Time Taken:  11.472015380859375
Test Accuracy: 0.8033, Energy: -1461.87
Time Taken:  11.457823038101196
Test Accuracy: 0.7967, Energy: -1456.52
Time Taken:  11.498239517211914
Test Accuracy: 0.7933, Energy: -1508.02
Time Taken:  11.435647964477539
Test Accuracy: 0.7933, Energy: -1515.07
Time Taken:  11.475206136703491
Test Accuracy: 0.7933, Energy: -1535.54
Time Taken:  11.463280439376831
Test Accuracy: 0.7867, Energy: -1537.66
Time Taken:  11.464380502700806
Test Accuracy: 0.7800, Energy: -1575.34
Time Taken:  11.473360300064087
Test Accuracy: 0.7867, Energy: -1602.57
Time Taken:  11.470045566558838
Test Accuracy: 0.8100, Energy: -1623.36
Time Taken:  11.455929517745972
Test Accuracy: 0.7933, Energy: -1671.34
Time Taken:  11.494707107543945
Test Accuracy: 0.7933, Energy: -1684.01
Time Taken:  11.449246406555176
Final accuracies: [0.8433333333333334, 0.8433333333333334, 0.8433333333333334, 0.8466666666666667, 0.85, 0.8466666666666667, 0.8466666666666667, 0.85, 0.85, 0.8533333333333334, 0.8833333333333333, 0.8833333333333333, 0.8633333333333333, 0.86, 0.8433333333333334, 0.8433333333333334, 0.8433333333333334, 0.84, 0.8766666666666667, 0.87, 0.87, 0.87, 0.87, 0.87, 0.87, 0.87, 0.8733333333333333, 0.8766666666666667, 0.8566666666666667, 0.8666666666666667, 0.87, 0.8733333333333333, 0.8466666666666667, 0.8466666666666667, 0.85, 0.8733333333333333, 0.8733333333333333, 0.85, 0.8733333333333333, 0.8466666666666667, 0.85, 0.8533333333333334, 0.8866666666666667, 0.8866666666666667, 0.8866666666666667, 0.8766666666666667, 0.8466666666666667, 0.85, 0.85, 0.8466666666666667, 0.8466666666666667, 0.8466666666666667, 0.8533333333333334, 0.8433333333333334, 0.87, 0.84, 0.8433333333333334, 0.87, 0.87, 0.87, 0.87, 0.8666666666666667, 0.8633333333333333, 0.8633333333333333, 0.8633333333333333, 0.8666666666666667, 0.8666666666666667, 0.87, 0.86, 0.87, 0.87, 0.8666666666666667, 0.8366666666666667, 0.84, 0.8333333333333334, 0.83, 0.8233333333333334, 0.8233333333333334, 0.8266666666666667, 0.82, 0.8233333333333334, 0.8233333333333334, 0.8133333333333334, 0.81, 0.81, 0.8066666666666666, 0.81, 0.81, 0.8, 0.8033333333333333, 0.7966666666666666, 0.7933333333333333, 0.7933333333333333, 0.7933333333333333, 0.7866666666666666, 0.78, 0.7866666666666666, 0.81, 0.7933333333333333, 0.7933333333333333]
Final energies: [-539.198486328125, -550.1625366210938, -544.0743408203125, -551.0615844726562, -562.6798706054688, -555.0737915039062, -567.836669921875, -580.8970947265625, -589.3946533203125, -592.0132446289062, -588.2134399414062, -594.781982421875, -590.1915893554688, -611.6878051757812, -627.9493408203125, -648.2224731445312, -667.4500122070312, -681.3480834960938, -678.1033935546875, -672.7130737304688, -669.4740600585938, -686.7803955078125, -686.4412841796875, -693.6366577148438, -710.0636596679688, -725.1696166992188, -734.7284545898438, -740.2867431640625, -736.3790283203125, -731.7963256835938, -737.021728515625, -737.60791015625, -763.0667724609375, -767.27880859375, -772.2861938476562, -772.1430053710938, -795.1099243164062, -793.1503295898438, -825.4408569335938, -814.9031982421875, -804.0186767578125, -830.8226318359375, -843.1767578125, -832.047119140625, -862.503662109375, -876.9489135742188, -877.223876953125, -874.9938354492188, -892.9823608398438, -892.0559692382812, -910.6516723632812, -916.1890258789062, -927.9598388671875, -932.9961547851562, -949.9142456054688, -970.0382690429688, -984.5580444335938, -989.3358154296875, -985.111083984375, -1003.6350708007812, -1021.5081176757812, -1045.179443359375, -1049.383056640625, -1062.970703125, -1094.3475341796875, -1108.4447021484375, -1122.9141845703125, -1098.981689453125, -1118.227783203125, -1147.9605712890625, -1159.2872314453125, -1177.5477294921875, -1178.6573486328125, -1193.7982177734375, -1194.71875, -1178.253173828125, -1205.1610107421875, -1229.433837890625, -1237.9752197265625, -1270.639404296875, -1273.025146484375, -1312.732666015625, -1314.8126220703125, -1322.1845703125, -1345.2615966796875, -1364.8472900390625, -1372.2886962890625, -1407.629638671875, -1433.1922607421875, -1461.8662109375, -1456.5240478515625, -1508.0235595703125, -1515.06982421875, -1535.5406494140625, -1537.6641845703125, -1575.3431396484375, -1602.572265625, -1623.36181640625, -1671.3426513671875, -1684.011474609375]
