Running with parameters: hidden=50, use_coupled=false, seed=88, lam=0.0, eta=0.0
Test Accuracy: 0.8433, Energy: -353.65
Time Taken:  12.05967378616333
Test Accuracy: 0.8433, Energy: -352.26
Time Taken:  11.996991872787476
Test Accuracy: 0.8400, Energy: -363.70
Time Taken:  12.038076162338257
Test Accuracy: 0.8400, Energy: -372.49
Time Taken:  12.126022577285767
Test Accuracy: 0.8400, Energy: -381.18
Time Taken:  11.99582052230835
Test Accuracy: 0.8333, Energy: -385.19
Time Taken:  12.103018760681152
Test Accuracy: 0.8333, Energy: -385.62
Time Taken:  12.065693378448486
Test Accuracy: 0.8367, Energy: -387.57
Time Taken:  12.093571901321411
Test Accuracy: 0.8400, Energy: -375.51
Time Taken:  12.049458026885986
Test Accuracy: 0.8400, Energy: -374.66
Time Taken:  12.023784160614014
Test Accuracy: 0.8433, Energy: -367.45
Time Taken:  12.104495763778687
Test Accuracy: 0.8467, Energy: -373.61
Time Taken:  12.152711868286133
Test Accuracy: 0.8433, Energy: -382.06
Time Taken:  12.052383184432983
Test Accuracy: 0.8400, Energy: -393.78
Time Taken:  12.032163619995117
Test Accuracy: 0.8367, Energy: -395.48
Time Taken:  11.990523338317871
Test Accuracy: 0.8333, Energy: -395.93
Time Taken:  12.0981125831604
Test Accuracy: 0.8333, Energy: -414.43
Time Taken:  12.099228620529175
Test Accuracy: 0.8367, Energy: -409.31
Time Taken:  12.073224782943726
Test Accuracy: 0.8367, Energy: -410.32
Time Taken:  12.05230450630188
Test Accuracy: 0.8400, Energy: -414.30
Time Taken:  12.130810737609863
Test Accuracy: 0.8433, Energy: -425.06
Time Taken:  12.07239317893982
Test Accuracy: 0.8433, Energy: -424.09
Time Taken:  12.053699016571045
Test Accuracy: 0.8433, Energy: -427.10
Time Taken:  12.053105115890503
Test Accuracy: 0.8433, Energy: -431.06
Time Taken:  12.046581745147705
Test Accuracy: 0.8433, Energy: -439.82
Time Taken:  12.054346561431885
Test Accuracy: 0.8433, Energy: -439.87
Time Taken:  12.104730129241943
Test Accuracy: 0.8433, Energy: -437.28
Time Taken:  12.061151504516602
Test Accuracy: 0.8433, Energy: -435.35
Time Taken:  12.148464679718018
Test Accuracy: 0.8400, Energy: -442.78
Time Taken:  12.02254605293274
Test Accuracy: 0.8400, Energy: -440.78
Time Taken:  12.03437352180481
Test Accuracy: 0.8400, Energy: -441.66
Time Taken:  12.100907564163208
Test Accuracy: 0.8433, Energy: -439.71
Time Taken:  12.08325982093811
Test Accuracy: 0.8467, Energy: -437.82
Time Taken:  12.081516027450562
Test Accuracy: 0.8467, Energy: -438.28
Time Taken:  12.060121536254883
Test Accuracy: 0.8700, Energy: -446.13
Time Taken:  11.956289768218994
Test Accuracy: 0.8700, Energy: -449.82
Time Taken:  11.706806182861328
Test Accuracy: 0.8667, Energy: -451.76
Time Taken:  12.000475883483887
Test Accuracy: 0.8667, Energy: -451.60
Time Taken:  12.081729650497437
Test Accuracy: 0.8667, Energy: -466.74
Time Taken:  12.05054759979248
Test Accuracy: 0.8700, Energy: -453.14
Time Taken:  12.031654596328735
Test Accuracy: 0.8733, Energy: -467.63
Time Taken:  12.093377351760864
Test Accuracy: 0.8700, Energy: -469.03
Time Taken:  12.093059062957764
Test Accuracy: 0.8700, Energy: -470.57
Time Taken:  12.099533081054688
Test Accuracy: 0.8700, Energy: -472.13
Time Taken:  12.106683015823364
Test Accuracy: 0.8700, Energy: -476.24
Time Taken:  12.01116132736206
Test Accuracy: 0.8700, Energy: -481.61
Time Taken:  12.094372034072876
Test Accuracy: 0.8700, Energy: -478.39
Time Taken:  12.068515062332153
Test Accuracy: 0.8700, Energy: -485.47
Time Taken:  12.061318635940552
Test Accuracy: 0.8700, Energy: -492.90
Time Taken:  12.052210330963135
Test Accuracy: 0.8667, Energy: -500.74
Time Taken:  12.05311369895935
Test Accuracy: 0.8700, Energy: -507.52
Time Taken:  12.10499095916748
Test Accuracy: 0.8400, Energy: -511.13
Time Taken:  12.090121269226074
Test Accuracy: 0.8433, Energy: -515.35
Time Taken:  12.073446035385132
Test Accuracy: 0.8467, Energy: -522.05
Time Taken:  12.057861328125
Test Accuracy: 0.8767, Energy: -519.89
Time Taken:  12.068184852600098
Test Accuracy: 0.8433, Energy: -534.65
Time Taken:  12.115396976470947
Test Accuracy: 0.8500, Energy: -538.99
Time Taken:  12.096704006195068
Test Accuracy: 0.8533, Energy: -527.53
Time Taken:  12.11371397972107
Test Accuracy: 0.8533, Energy: -537.52
Time Taken:  12.131313800811768
Test Accuracy: 0.8500, Energy: -537.97
Time Taken:  12.026430606842041
Test Accuracy: 0.8500, Energy: -535.89
Time Taken:  12.067343473434448
Test Accuracy: 0.8433, Energy: -539.74
Time Taken:  12.11976957321167
Test Accuracy: 0.8400, Energy: -551.02
Time Taken:  12.067508935928345
Test Accuracy: 0.8467, Energy: -548.91
Time Taken:  12.037708520889282
Test Accuracy: 0.8500, Energy: -550.50
Time Taken:  12.065017700195312
Test Accuracy: 0.8733, Energy: -556.98
Time Taken:  12.082412958145142
Test Accuracy: 0.8567, Energy: -562.30
Time Taken:  12.163374423980713
Test Accuracy: 0.8600, Energy: -564.95
Time Taken:  12.054960489273071
Test Accuracy: 0.8567, Energy: -560.90
Time Taken:  12.021528244018555
Test Accuracy: 0.8567, Energy: -561.50
Time Taken:  12.061437129974365
Test Accuracy: 0.8533, Energy: -558.99
Time Taken:  12.091372013092041
Test Accuracy: 0.8533, Energy: -570.83
Time Taken:  12.09026050567627
Test Accuracy: 0.8500, Energy: -578.36
Time Taken:  12.100428819656372
Test Accuracy: 0.8533, Energy: -589.29
Time Taken:  12.05267858505249
Test Accuracy: 0.8500, Energy: -589.28
Time Taken:  12.115045547485352
Test Accuracy: 0.8500, Energy: -593.16
Time Taken:  12.028091430664062
Test Accuracy: 0.8500, Energy: -589.38
Time Taken:  12.082027196884155
Test Accuracy: 0.8500, Energy: -607.19
Time Taken:  12.116824626922607
Test Accuracy: 0.8500, Energy: -603.03
Time Taken:  12.057003736495972
Test Accuracy: 0.8467, Energy: -607.03
Time Taken:  12.002747774124146
Test Accuracy: 0.8433, Energy: -616.05
Time Taken:  12.079058408737183
Test Accuracy: 0.8733, Energy: -634.04
Time Taken:  12.07106328010559
Test Accuracy: 0.8467, Energy: -630.34
Time Taken:  12.159308910369873
Test Accuracy: 0.8433, Energy: -647.63
Time Taken:  12.031872987747192
Test Accuracy: 0.8700, Energy: -640.12
Time Taken:  12.057199001312256
Test Accuracy: 0.8433, Energy: -627.69
Time Taken:  12.083669185638428
Test Accuracy: 0.8500, Energy: -632.37
Time Taken:  12.091121912002563
Test Accuracy: 0.8500, Energy: -641.23
Time Taken:  12.11116886138916
Test Accuracy: 0.8500, Energy: -644.40
Time Taken:  12.04884648323059
Test Accuracy: 0.8767, Energy: -656.28
Time Taken:  12.062564611434937
Test Accuracy: 0.8767, Energy: -663.91
Time Taken:  12.134460687637329
Test Accuracy: 0.8800, Energy: -676.92
Time Taken:  12.052146673202515
Test Accuracy: 0.8767, Energy: -706.90
Time Taken:  12.111432075500488
Test Accuracy: 0.8767, Energy: -711.93
Time Taken:  12.022583484649658
Test Accuracy: 0.8767, Energy: -694.75
Time Taken:  12.062831163406372
Test Accuracy: 0.8800, Energy: -714.27
Time Taken:  12.094486236572266
Test Accuracy: 0.8500, Energy: -715.01
Time Taken:  12.075850009918213
Test Accuracy: 0.8500, Energy: -712.55
Time Taken:  12.099951982498169
Test Accuracy: 0.8500, Energy: -729.40
Time Taken:  12.085898876190186
Test Accuracy: 0.8533, Energy: -734.13
Time Taken:  12.051944971084595
Final accuracies: [0.8433333333333334, 0.8433333333333334, 0.84, 0.84, 0.84, 0.8333333333333334, 0.8333333333333334, 0.8366666666666667, 0.84, 0.84, 0.8433333333333334, 0.8466666666666667, 0.8433333333333334, 0.84, 0.8366666666666667, 0.8333333333333334, 0.8333333333333334, 0.8366666666666667, 0.8366666666666667, 0.84, 0.8433333333333334, 0.8433333333333334, 0.8433333333333334, 0.8433333333333334, 0.8433333333333334, 0.8433333333333334, 0.8433333333333334, 0.8433333333333334, 0.84, 0.84, 0.84, 0.8433333333333334, 0.8466666666666667, 0.8466666666666667, 0.87, 0.87, 0.8666666666666667, 0.8666666666666667, 0.8666666666666667, 0.87, 0.8733333333333333, 0.87, 0.87, 0.87, 0.87, 0.87, 0.87, 0.87, 0.87, 0.8666666666666667, 0.87, 0.84, 0.8433333333333334, 0.8466666666666667, 0.8766666666666667, 0.8433333333333334, 0.85, 0.8533333333333334, 0.8533333333333334, 0.85, 0.85, 0.8433333333333334, 0.84, 0.8466666666666667, 0.85, 0.8733333333333333, 0.8566666666666667, 0.86, 0.8566666666666667, 0.8566666666666667, 0.8533333333333334, 0.8533333333333334, 0.85, 0.8533333333333334, 0.85, 0.85, 0.85, 0.85, 0.85, 0.8466666666666667, 0.8433333333333334, 0.8733333333333333, 0.8466666666666667, 0.8433333333333334, 0.87, 0.8433333333333334, 0.85, 0.85, 0.85, 0.8766666666666667, 0.8766666666666667, 0.88, 0.8766666666666667, 0.8766666666666667, 0.8766666666666667, 0.88, 0.85, 0.85, 0.85, 0.8533333333333334]
Final energies: [-353.6477966308594, -352.2641296386719, -363.69683837890625, -372.4891052246094, -381.1824951171875, -385.1911315917969, -385.6221008300781, -387.5740966796875, -375.51318359375, -374.65740966796875, -367.4496154785156, -373.60546875, -382.06207275390625, -393.7756042480469, -395.47882080078125, -395.9262390136719, -414.4263610839844, -409.3060607910156, -410.3198547363281, -414.3022766113281, -425.0574035644531, -424.09149169921875, -427.0963439941406, -431.0633850097656, -439.8240966796875, -439.8739318847656, -437.2811584472656, -435.3454284667969, -442.7781982421875, -440.77886962890625, -441.6598205566406, -439.71197509765625, -437.82086181640625, -438.2781677246094, -446.12677001953125, -449.81939697265625, -451.76171875, -451.59539794921875, -466.74114990234375, -453.1448669433594, -467.6252746582031, -469.0253601074219, -470.5739440917969, -472.1327819824219, -476.2401123046875, -481.6059265136719, -478.3914794921875, -485.4714660644531, -492.90435791015625, -500.7387390136719, -507.5193786621094, -511.129150390625, -515.3504638671875, -522.0460815429688, -519.8900146484375, -534.649169921875, -538.9862670898438, -527.5253295898438, -537.5172729492188, -537.9705810546875, -535.8894653320312, -539.73681640625, -551.0155029296875, -548.9051513671875, -550.5044555664062, -556.9761352539062, -562.2988891601562, -564.950927734375, -560.8988037109375, -561.4984130859375, -558.9934692382812, -570.826904296875, -578.360595703125, -589.2908935546875, -589.28466796875, -593.1590576171875, -589.381591796875, -607.1880493164062, -603.03125, -607.0331420898438, -616.0538940429688, -634.040771484375, -630.3421020507812, -647.630859375, -640.1219482421875, -627.6936645507812, -632.3704833984375, -641.2301635742188, -644.3991088867188, -656.2767333984375, -663.9146728515625, -676.9246215820312, -706.90380859375, -711.9287109375, -694.7472534179688, -714.2722778320312, -715.0121459960938, -712.55078125, -729.402587890625, -734.130615234375]
