Running with parameters: hidden=50, use_coupled=false, seed=97, lam=0.0, eta=0.0
Test Accuracy: 0.8833, Energy: -443.37
Time Taken:  12.01893162727356
Test Accuracy: 0.8800, Energy: -442.02
Time Taken:  11.935249328613281
Test Accuracy: 0.8767, Energy: -440.41
Time Taken:  11.99569296836853
Test Accuracy: 0.8800, Energy: -453.51
Time Taken:  12.06098222732544
Test Accuracy: 0.8800, Energy: -457.84
Time Taken:  11.980759382247925
Test Accuracy: 0.8767, Energy: -467.94
Time Taken:  12.038673639297485
Test Accuracy: 0.8800, Energy: -447.47
Time Taken:  12.010380268096924
Test Accuracy: 0.8800, Energy: -431.46
Time Taken:  11.998550415039062
Test Accuracy: 0.8867, Energy: -438.62
Time Taken:  11.998014211654663
Test Accuracy: 0.8867, Energy: -440.76
Time Taken:  11.969413995742798
Test Accuracy: 0.8833, Energy: -440.55
Time Taken:  12.028560161590576
Test Accuracy: 0.8867, Energy: -446.70
Time Taken:  12.103694915771484
Test Accuracy: 0.8867, Energy: -461.57
Time Taken:  11.989279985427856
Test Accuracy: 0.8600, Energy: -474.74
Time Taken:  11.975174903869629
Test Accuracy: 0.8600, Energy: -469.36
Time Taken:  11.923991203308105
Test Accuracy: 0.8633, Energy: -462.41
Time Taken:  12.030232429504395
Test Accuracy: 0.8567, Energy: -471.28
Time Taken:  12.020045042037964
Test Accuracy: 0.8300, Energy: -495.75
Time Taken:  12.010251998901367
Test Accuracy: 0.8300, Energy: -507.09
Time Taken:  11.974101781845093
Test Accuracy: 0.8633, Energy: -509.23
Time Taken:  12.512430906295776
Test Accuracy: 0.8633, Energy: -510.63
Time Taken:  12.008134841918945
Test Accuracy: 0.8633, Energy: -515.40
Time Taken:  11.996109962463379
Test Accuracy: 0.8633, Energy: -521.86
Time Taken:  11.989631414413452
Test Accuracy: 0.8233, Energy: -527.62
Time Taken:  11.987894296646118
Test Accuracy: 0.8233, Energy: -520.41
Time Taken:  11.981433629989624
Test Accuracy: 0.8233, Energy: -519.71
Time Taken:  12.036023616790771
Test Accuracy: 0.8233, Energy: -514.95
Time Taken:  11.9689199924469
Test Accuracy: 0.8533, Energy: -528.60
Time Taken:  12.06685996055603
Test Accuracy: 0.8533, Energy: -554.94
Time Taken:  11.95914602279663
Test Accuracy: 0.8500, Energy: -555.00
Time Taken:  11.942637205123901
Test Accuracy: 0.8467, Energy: -567.30
Time Taken:  12.018255949020386
Test Accuracy: 0.8233, Energy: -557.17
Time Taken:  12.004265785217285
Test Accuracy: 0.8567, Energy: -562.48
Time Taken:  11.992113590240479
Test Accuracy: 0.8500, Energy: -566.99
Time Taken:  11.968812465667725
Test Accuracy: 0.8267, Energy: -571.73
Time Taken:  11.950130224227905
Test Accuracy: 0.8500, Energy: -575.97
Time Taken:  11.659117937088013
Test Accuracy: 0.8500, Energy: -576.45
Time Taken:  11.905983209609985
Test Accuracy: 0.8467, Energy: -593.41
Time Taken:  12.005616664886475
Test Accuracy: 0.8400, Energy: -595.06
Time Taken:  11.981770038604736
Test Accuracy: 0.8400, Energy: -596.25
Time Taken:  11.956664562225342
Test Accuracy: 0.8233, Energy: -603.43
Time Taken:  12.023682117462158
Test Accuracy: 0.8233, Energy: -603.06
Time Taken:  12.018436193466187
Test Accuracy: 0.8233, Energy: -603.50
Time Taken:  11.995695352554321
Test Accuracy: 0.8433, Energy: -594.44
Time Taken:  12.027161121368408
Test Accuracy: 0.8433, Energy: -587.39
Time Taken:  11.933668613433838
Test Accuracy: 0.8433, Energy: -599.75
Time Taken:  12.017600536346436
Test Accuracy: 0.8400, Energy: -603.38
Time Taken:  11.978631258010864
Test Accuracy: 0.8167, Energy: -613.83
Time Taken:  11.98397421836853
Test Accuracy: 0.8167, Energy: -612.73
Time Taken:  11.97144103050232
Test Accuracy: 0.8433, Energy: -612.43
Time Taken:  11.946936845779419
Test Accuracy: 0.8367, Energy: -622.19
Time Taken:  12.027573823928833
Test Accuracy: 0.8333, Energy: -626.21
Time Taken:  11.990854978561401
Test Accuracy: 0.8367, Energy: -636.45
Time Taken:  11.972296476364136
Test Accuracy: 0.8400, Energy: -630.65
Time Taken:  11.96844220161438
Test Accuracy: 0.8467, Energy: -649.08
Time Taken:  11.95772910118103
Test Accuracy: 0.8467, Energy: -642.87
Time Taken:  12.020437955856323
Test Accuracy: 0.8467, Energy: -638.66
Time Taken:  12.012259483337402
Test Accuracy: 0.8433, Energy: -649.81
Time Taken:  12.018717765808105
Test Accuracy: 0.8467, Energy: -662.31
Time Taken:  12.0535249710083
Test Accuracy: 0.8500, Energy: -660.77
Time Taken:  11.92996072769165
Test Accuracy: 0.8567, Energy: -666.09
Time Taken:  12.000383138656616
Test Accuracy: 0.8567, Energy: -680.33
Time Taken:  11.998598337173462
Test Accuracy: 0.8500, Energy: -674.88
Time Taken:  11.977717161178589
Test Accuracy: 0.8467, Energy: -688.79
Time Taken:  11.98225736618042
Test Accuracy: 0.8233, Energy: -703.17
Time Taken:  11.982048988342285
Test Accuracy: 0.8233, Energy: -701.66
Time Taken:  12.01124382019043
Test Accuracy: 0.8267, Energy: -711.36
Time Taken:  12.07223629951477
Test Accuracy: 0.8433, Energy: -721.61
Time Taken:  11.961939811706543
Test Accuracy: 0.8267, Energy: -740.21
Time Taken:  11.995523929595947
Test Accuracy: 0.8533, Energy: -744.05
Time Taken:  11.966211318969727
Test Accuracy: 0.8500, Energy: -769.15
Time Taken:  12.010408163070679
Test Accuracy: 0.8467, Energy: -756.22
Time Taken:  11.982121706008911
Test Accuracy: 0.8433, Energy: -754.93
Time Taken:  11.972307205200195
Test Accuracy: 0.8267, Energy: -780.99
Time Taken:  11.969198942184448
Test Accuracy: 0.8400, Energy: -782.08
Time Taken:  12.017095565795898
Test Accuracy: 0.8267, Energy: -776.34
Time Taken:  11.997136354446411
Test Accuracy: 0.8467, Energy: -801.71
Time Taken:  11.951422691345215
Test Accuracy: 0.8233, Energy: -812.35
Time Taken:  11.980251789093018
Test Accuracy: 0.8433, Energy: -809.42
Time Taken:  11.996755599975586
Test Accuracy: 0.8333, Energy: -810.32
Time Taken:  11.95777416229248
Test Accuracy: 0.8133, Energy: -826.83
Time Taken:  11.994076490402222
Test Accuracy: 0.8333, Energy: -827.37
Time Taken:  11.982757806777954
Test Accuracy: 0.8233, Energy: -831.31
Time Taken:  12.044198751449585
Test Accuracy: 0.8200, Energy: -811.22
Time Taken:  11.959798097610474
Test Accuracy: 0.8200, Energy: -821.97
Time Taken:  11.95272183418274
Test Accuracy: 0.8233, Energy: -817.94
Time Taken:  12.008525848388672
Test Accuracy: 0.8467, Energy: -840.10
Time Taken:  11.983739137649536
Test Accuracy: 0.8200, Energy: -845.00
Time Taken:  12.00826907157898
Test Accuracy: 0.8200, Energy: -853.43
Time Taken:  12.003698825836182
Test Accuracy: 0.8400, Energy: -866.28
Time Taken:  11.936012744903564
Test Accuracy: 0.8467, Energy: -867.00
Time Taken:  12.057121515274048
Test Accuracy: 0.8300, Energy: -899.79
Time Taken:  11.959972143173218
Test Accuracy: 0.8333, Energy: -901.92
Time Taken:  11.988155603408813
Test Accuracy: 0.8467, Energy: -914.95
Time Taken:  11.990164756774902
Test Accuracy: 0.8367, Energy: -913.73
Time Taken:  11.930311679840088
Test Accuracy: 0.8500, Energy: -932.11
Time Taken:  12.03236985206604
Test Accuracy: 0.8233, Energy: -922.26
Time Taken:  11.998619079589844
Test Accuracy: 0.8233, Energy: -904.92
Time Taken:  11.991429328918457
Test Accuracy: 0.8433, Energy: -943.43
Time Taken:  12.047296285629272
Test Accuracy: 0.8400, Energy: -962.18
Time Taken:  12.02391791343689
Final accuracies: [0.8833333333333333, 0.88, 0.8766666666666667, 0.88, 0.88, 0.8766666666666667, 0.88, 0.88, 0.8866666666666667, 0.8866666666666667, 0.8833333333333333, 0.8866666666666667, 0.8866666666666667, 0.86, 0.86, 0.8633333333333333, 0.8566666666666667, 0.83, 0.83, 0.8633333333333333, 0.8633333333333333, 0.8633333333333333, 0.8633333333333333, 0.8233333333333334, 0.8233333333333334, 0.8233333333333334, 0.8233333333333334, 0.8533333333333334, 0.8533333333333334, 0.85, 0.8466666666666667, 0.8233333333333334, 0.8566666666666667, 0.85, 0.8266666666666667, 0.85, 0.85, 0.8466666666666667, 0.84, 0.84, 0.8233333333333334, 0.8233333333333334, 0.8233333333333334, 0.8433333333333334, 0.8433333333333334, 0.8433333333333334, 0.84, 0.8166666666666667, 0.8166666666666667, 0.8433333333333334, 0.8366666666666667, 0.8333333333333334, 0.8366666666666667, 0.84, 0.8466666666666667, 0.8466666666666667, 0.8466666666666667, 0.8433333333333334, 0.8466666666666667, 0.85, 0.8566666666666667, 0.8566666666666667, 0.85, 0.8466666666666667, 0.8233333333333334, 0.8233333333333334, 0.8266666666666667, 0.8433333333333334, 0.8266666666666667, 0.8533333333333334, 0.85, 0.8466666666666667, 0.8433333333333334, 0.8266666666666667, 0.84, 0.8266666666666667, 0.8466666666666667, 0.8233333333333334, 0.8433333333333334, 0.8333333333333334, 0.8133333333333334, 0.8333333333333334, 0.8233333333333334, 0.82, 0.82, 0.8233333333333334, 0.8466666666666667, 0.82, 0.82, 0.84, 0.8466666666666667, 0.83, 0.8333333333333334, 0.8466666666666667, 0.8366666666666667, 0.85, 0.8233333333333334, 0.8233333333333334, 0.8433333333333334, 0.84]
Final energies: [-443.3699035644531, -442.017333984375, -440.41162109375, -453.5136413574219, -457.8419494628906, -467.9443359375, -447.4729309082031, -431.4566345214844, -438.6181640625, -440.75714111328125, -440.55303955078125, -446.70257568359375, -461.5680236816406, -474.7367248535156, -469.36456298828125, -462.41278076171875, -471.27801513671875, -495.7451171875, -507.09161376953125, -509.2251281738281, -510.6263732910156, -515.4012451171875, -521.8582763671875, -527.6178588867188, -520.4119262695312, -519.7144165039062, -514.9529418945312, -528.5990600585938, -554.9376831054688, -555.004638671875, -567.2976684570312, -557.17041015625, -562.4841918945312, -566.990478515625, -571.72998046875, -575.9745483398438, -576.448974609375, -593.408935546875, -595.0626220703125, -596.2489624023438, -603.4335327148438, -603.0643310546875, -603.4990844726562, -594.4447631835938, -587.3942260742188, -599.748779296875, -603.3839111328125, -613.8265380859375, -612.7278442382812, -612.4275512695312, -622.1866455078125, -626.2103881835938, -636.4503784179688, -630.6464233398438, -649.0843505859375, -642.8685913085938, -638.6608276367188, -649.805419921875, -662.3060302734375, -660.7665405273438, -666.0858764648438, -680.3280639648438, -674.8787231445312, -688.792724609375, -703.174560546875, -701.6604614257812, -711.3645629882812, -721.6129760742188, -740.205810546875, -744.053955078125, -769.1455688476562, -756.2197875976562, -754.931884765625, -780.9913330078125, -782.0796508789062, -776.3392944335938, -801.7103881835938, -812.349609375, -809.41943359375, -810.3156127929688, -826.8340454101562, -827.3690185546875, -831.313720703125, -811.2244873046875, -821.9657592773438, -817.9351196289062, -840.1035766601562, -844.9998168945312, -853.42919921875, -866.2794799804688, -867.0008544921875, -899.7894897460938, -901.922119140625, -914.9468994140625, -913.733642578125, -932.1139526367188, -922.2642211914062, -904.9161987304688, -943.4329223632812, -962.178955078125]
