Running with parameters: hidden=50, use_coupled=false, seed=29, lam=0.0, eta=0.0
Test Accuracy: 0.9233, Energy: -419.46
Time Taken:  11.545535564422607
Test Accuracy: 0.9200, Energy: -421.14
Time Taken:  11.545882225036621
Test Accuracy: 0.9200, Energy: -430.78
Time Taken:  11.60726523399353
Test Accuracy: 0.9167, Energy: -430.56
Time Taken:  11.624694108963013
Test Accuracy: 0.9067, Energy: -439.02
Time Taken:  11.546045541763306
Test Accuracy: 0.9000, Energy: -437.49
Time Taken:  11.562427997589111
Test Accuracy: 0.9000, Energy: -431.28
Time Taken:  11.566385507583618
Test Accuracy: 0.9033, Energy: -429.29
Time Taken:  11.601169347763062
Test Accuracy: 0.9000, Energy: -421.20
Time Taken:  11.614648342132568
Test Accuracy: 0.9167, Energy: -430.85
Time Taken:  11.577642917633057
Test Accuracy: 0.9200, Energy: -434.50
Time Taken:  11.599862575531006
Test Accuracy: 0.9067, Energy: -443.54
Time Taken:  11.643394708633423
Test Accuracy: 0.9067, Energy: -448.92
Time Taken:  11.559239625930786
Test Accuracy: 0.9067, Energy: -454.86
Time Taken:  11.556087017059326
Test Accuracy: 0.9200, Energy: -460.05
Time Taken:  11.558471918106079
Test Accuracy: 0.9200, Energy: -465.63
Time Taken:  11.622698783874512
Test Accuracy: 0.9100, Energy: -460.66
Time Taken:  11.588120698928833
Test Accuracy: 0.9100, Energy: -472.79
Time Taken:  11.58373475074768
Test Accuracy: 0.9067, Energy: -471.72
Time Taken:  11.614460706710815
Test Accuracy: 0.9067, Energy: -473.38
Time Taken:  11.643655061721802
Test Accuracy: 0.9067, Energy: -487.76
Time Taken:  11.557854652404785
Test Accuracy: 0.9167, Energy: -486.07
Time Taken:  11.563658237457275
Test Accuracy: 0.9167, Energy: -482.41
Time Taken:  11.561794996261597
Test Accuracy: 0.9167, Energy: -475.96
Time Taken:  11.576609134674072
Test Accuracy: 0.9167, Energy: -489.96
Time Taken:  11.583101511001587
Test Accuracy: 0.9067, Energy: -500.92
Time Taken:  11.579959392547607
Test Accuracy: 0.9033, Energy: -507.00
Time Taken:  11.58311676979065
Test Accuracy: 0.9033, Energy: -500.96
Time Taken:  11.6070716381073
Test Accuracy: 0.9033, Energy: -506.10
Time Taken:  11.551584720611572
Test Accuracy: 0.9067, Energy: -493.17
Time Taken:  11.568974733352661
Test Accuracy: 0.9100, Energy: -489.96
Time Taken:  11.5738525390625
Test Accuracy: 0.9067, Energy: -509.09
Time Taken:  11.580223798751831
Test Accuracy: 0.9000, Energy: -520.85
Time Taken:  11.55926775932312
Test Accuracy: 0.8967, Energy: -517.18
Time Taken:  11.575251579284668
Test Accuracy: 0.9167, Energy: -521.70
Time Taken:  11.575272560119629
Test Accuracy: 0.9200, Energy: -515.78
Time Taken:  11.6157705783844
Test Accuracy: 0.9200, Energy: -525.81
Time Taken:  11.559068441390991
Test Accuracy: 0.9200, Energy: -516.21
Time Taken:  11.554885387420654
Test Accuracy: 0.9200, Energy: -522.17
Time Taken:  11.576389074325562
Test Accuracy: 0.9200, Energy: -521.54
Time Taken:  11.579688787460327
Test Accuracy: 0.9200, Energy: -514.61
Time Taken:  11.56876802444458
Test Accuracy: 0.9200, Energy: -541.38
Time Taken:  11.598557472229004
Test Accuracy: 0.9200, Energy: -544.32
Time Taken:  11.598313331604004
Test Accuracy: 0.9200, Energy: -549.28
Time Taken:  11.608084201812744
Test Accuracy: 0.9200, Energy: -568.05
Time Taken:  11.549543857574463
Test Accuracy: 0.9200, Energy: -566.76
Time Taken:  11.578751564025879
Test Accuracy: 0.9200, Energy: -572.56
Time Taken:  11.58380913734436
Test Accuracy: 0.9167, Energy: -564.95
Time Taken:  11.575411319732666
Test Accuracy: 0.9167, Energy: -556.21
Time Taken:  11.57822036743164
Test Accuracy: 0.9167, Energy: -551.85
Time Taken:  11.597846031188965
Test Accuracy: 0.9333, Energy: -566.27
Time Taken:  11.596752405166626
Test Accuracy: 0.9167, Energy: -591.81
Time Taken:  11.610937118530273
Test Accuracy: 0.9167, Energy: -591.43
Time Taken:  11.55687165260315
Test Accuracy: 0.9167, Energy: -592.51
Time Taken:  11.56045389175415
Test Accuracy: 0.9267, Energy: -598.61
Time Taken:  11.568452596664429
Test Accuracy: 0.9233, Energy: -596.39
Time Taken:  11.576199054718018
Test Accuracy: 0.9267, Energy: -600.99
Time Taken:  11.577496767044067
Test Accuracy: 0.9267, Energy: -600.98
Time Taken:  11.579691886901855
Test Accuracy: 0.9267, Energy: -610.41
Time Taken:  11.6291024684906
Test Accuracy: 0.9400, Energy: -615.30
Time Taken:  11.558953523635864
Test Accuracy: 0.9400, Energy: -619.65
Time Taken:  11.562390565872192
Test Accuracy: 0.9400, Energy: -626.71
Time Taken:  11.587133407592773
Test Accuracy: 0.9400, Energy: -632.44
Time Taken:  11.582891702651978
Test Accuracy: 0.9367, Energy: -644.91
Time Taken:  11.561836957931519
Test Accuracy: 0.9367, Energy: -651.07
Time Taken:  11.580385208129883
Test Accuracy: 0.9400, Energy: -644.74
Time Taken:  11.584462642669678
Test Accuracy: 0.9233, Energy: -655.10
Time Taken:  11.628045320510864
Test Accuracy: 0.9267, Energy: -670.76
Time Taken:  11.553101301193237
Test Accuracy: 0.9233, Energy: -680.04
Time Taken:  11.558532476425171
Test Accuracy: 0.9067, Energy: -667.19
Time Taken:  11.583030462265015
Test Accuracy: 0.9300, Energy: -668.06
Time Taken:  11.577780723571777
Test Accuracy: 0.9100, Energy: -680.27
Time Taken:  11.569469690322876
Test Accuracy: 0.9067, Energy: -696.98
Time Taken:  11.592590093612671
Test Accuracy: 0.9267, Energy: -706.55
Time Taken:  11.583479642868042
Test Accuracy: 0.9300, Energy: -713.21
Time Taken:  11.616216659545898
Test Accuracy: 0.9267, Energy: -713.24
Time Taken:  11.5366530418396
Test Accuracy: 0.9267, Energy: -718.69
Time Taken:  11.54958987236023
Test Accuracy: 0.9067, Energy: -730.74
Time Taken:  11.573770999908447
Test Accuracy: 0.9300, Energy: -735.13
Time Taken:  11.605272054672241
Test Accuracy: 0.9433, Energy: -750.37
Time Taken:  11.574792623519897
Test Accuracy: 0.9433, Energy: -753.38
Time Taken:  11.579708576202393
Test Accuracy: 0.9100, Energy: -764.53
Time Taken:  11.601838111877441
Test Accuracy: 0.9133, Energy: -760.70
Time Taken:  11.616452693939209
Test Accuracy: 0.8967, Energy: -779.20
Time Taken:  11.560791730880737
Test Accuracy: 0.9100, Energy: -772.73
Time Taken:  11.58618450164795
Test Accuracy: 0.9133, Energy: -780.05
Time Taken:  11.581448793411255
Test Accuracy: 0.9100, Energy: -781.71
Time Taken:  11.571786880493164
Test Accuracy: 0.9100, Energy: -784.63
Time Taken:  11.569451093673706
Test Accuracy: 0.9100, Energy: -798.08
Time Taken:  11.596279382705688
Test Accuracy: 0.9300, Energy: -810.76
Time Taken:  11.575101375579834
Test Accuracy: 0.9300, Energy: -813.68
Time Taken:  11.602636098861694
Test Accuracy: 0.9300, Energy: -819.51
Time Taken:  11.541118144989014
Test Accuracy: 0.9300, Energy: -825.07
Time Taken:  11.565096378326416
Test Accuracy: 0.9300, Energy: -832.01
Time Taken:  11.573133707046509
Test Accuracy: 0.9267, Energy: -825.75
Time Taken:  11.561526536941528
Test Accuracy: 0.9300, Energy: -838.56
Time Taken:  11.578542232513428
Test Accuracy: 0.9300, Energy: -837.59
Time Taken:  11.571457862854004
Test Accuracy: 0.9267, Energy: -837.62
Time Taken:  11.56860876083374
Test Accuracy: 0.9167, Energy: -844.74
Time Taken:  11.613067626953125
Test Accuracy: 0.9233, Energy: -850.55
Time Taken:  11.554373741149902
Final accuracies: [0.9233333333333333, 0.92, 0.92, 0.9166666666666666, 0.9066666666666666, 0.9, 0.9, 0.9033333333333333, 0.9, 0.9166666666666666, 0.92, 0.9066666666666666, 0.9066666666666666, 0.9066666666666666, 0.92, 0.92, 0.91, 0.91, 0.9066666666666666, 0.9066666666666666, 0.9066666666666666, 0.9166666666666666, 0.9166666666666666, 0.9166666666666666, 0.9166666666666666, 0.9066666666666666, 0.9033333333333333, 0.9033333333333333, 0.9033333333333333, 0.9066666666666666, 0.91, 0.9066666666666666, 0.9, 0.8966666666666666, 0.9166666666666666, 0.92, 0.92, 0.92, 0.92, 0.92, 0.92, 0.92, 0.92, 0.92, 0.92, 0.92, 0.92, 0.9166666666666666, 0.9166666666666666, 0.9166666666666666, 0.9333333333333333, 0.9166666666666666, 0.9166666666666666, 0.9166666666666666, 0.9266666666666666, 0.9233333333333333, 0.9266666666666666, 0.9266666666666666, 0.9266666666666666, 0.94, 0.94, 0.94, 0.94, 0.9366666666666666, 0.9366666666666666, 0.94, 0.9233333333333333, 0.9266666666666666, 0.9233333333333333, 0.9066666666666666, 0.93, 0.91, 0.9066666666666666, 0.9266666666666666, 0.93, 0.9266666666666666, 0.9266666666666666, 0.9066666666666666, 0.93, 0.9433333333333334, 0.9433333333333334, 0.91, 0.9133333333333333, 0.8966666666666666, 0.91, 0.9133333333333333, 0.91, 0.91, 0.91, 0.93, 0.93, 0.93, 0.93, 0.93, 0.9266666666666666, 0.93, 0.93, 0.9266666666666666, 0.9166666666666666, 0.9233333333333333]
Final energies: [-419.4608459472656, -421.1412048339844, -430.7840881347656, -430.55810546875, -439.019775390625, -437.4928894042969, -431.2833251953125, -429.29095458984375, -421.1954040527344, -430.84906005859375, -434.5030212402344, -443.5397033691406, -448.9153747558594, -454.8604736328125, -460.0492248535156, -465.62548828125, -460.6551208496094, -472.79248046875, -471.7181701660156, -473.37969970703125, -487.7630615234375, -486.0711364746094, -482.4128723144531, -475.95587158203125, -489.9649353027344, -500.92291259765625, -506.9980163574219, -500.9646301269531, -506.1033935546875, -493.17230224609375, -489.9561767578125, -509.09051513671875, -520.849365234375, -517.1809692382812, -521.6957397460938, -515.7818603515625, -525.8121337890625, -516.2135009765625, -522.1702270507812, -521.5444946289062, -514.6116333007812, -541.3767700195312, -544.3159790039062, -549.2816162109375, -568.0455322265625, -566.7599487304688, -572.5595703125, -564.9495849609375, -556.205322265625, -551.850341796875, -566.2700805664062, -591.8050537109375, -591.4261474609375, -592.5101928710938, -598.6055908203125, -596.3884887695312, -600.9913330078125, -600.9765014648438, -610.406494140625, -615.3009643554688, -619.6458129882812, -626.7111206054688, -632.4440307617188, -644.9054565429688, -651.0695190429688, -644.737060546875, -655.0961303710938, -670.7603759765625, -680.0416259765625, -667.1863403320312, -668.06298828125, -680.2670288085938, -696.9766235351562, -706.5452270507812, -713.2113647460938, -713.24365234375, -718.6881103515625, -730.7440185546875, -735.1279907226562, -750.3731689453125, -753.3834838867188, -764.5264282226562, -760.6979370117188, -779.203369140625, -772.7295532226562, -780.04931640625, -781.708251953125, -784.6312255859375, -798.084716796875, -810.7640380859375, -813.6827392578125, -819.5072631835938, -825.0651245117188, -832.0086059570312, -825.7517700195312, -838.5579833984375, -837.58642578125, -837.6211547851562, -844.7442016601562, -850.552001953125]
