Running with parameters: hidden=50, use_coupled=false, seed=30, lam=0.0, eta=0.0
Test Accuracy: 0.9000, Energy: -156.75
Time Taken:  11.532875776290894
Test Accuracy: 0.8933, Energy: -159.25
Time Taken:  11.463988065719604
Test Accuracy: 0.8933, Energy: -155.77
Time Taken:  11.538406372070312
Test Accuracy: 0.8933, Energy: -154.99
Time Taken:  11.57889986038208
Test Accuracy: 0.9000, Energy: -150.39
Time Taken:  11.486331939697266
Test Accuracy: 0.9000, Energy: -149.89
Time Taken:  11.506736755371094
Test Accuracy: 0.9000, Energy: -157.30
Time Taken:  11.50877594947815
Test Accuracy: 0.9000, Energy: -162.90
Time Taken:  11.521729707717896
Test Accuracy: 0.9000, Energy: -166.38
Time Taken:  11.54602313041687
Test Accuracy: 0.9000, Energy: -166.07
Time Taken:  11.520579099655151
Test Accuracy: 0.9033, Energy: -167.28
Time Taken:  11.523908138275146
Test Accuracy: 0.9033, Energy: -169.13
Time Taken:  11.579282522201538
Test Accuracy: 0.8967, Energy: -172.11
Time Taken:  11.505534648895264
Test Accuracy: 0.8967, Energy: -168.97
Time Taken:  11.524065971374512
Test Accuracy: 0.8967, Energy: -167.56
Time Taken:  11.505583763122559
Test Accuracy: 0.8933, Energy: -160.33
Time Taken:  11.537822008132935
Test Accuracy: 0.8933, Energy: -163.59
Time Taken:  11.530457496643066
Test Accuracy: 0.8933, Energy: -156.16
Time Taken:  11.521061420440674
Test Accuracy: 0.8933, Energy: -164.59
Time Taken:  11.52981448173523
Test Accuracy: 0.8933, Energy: -157.71
Time Taken:  11.590975284576416
Test Accuracy: 0.8967, Energy: -155.76
Time Taken:  11.499053239822388
Test Accuracy: 0.8933, Energy: -154.83
Time Taken:  11.523407459259033
Test Accuracy: 0.8900, Energy: -152.05
Time Taken:  11.518336772918701
Test Accuracy: 0.8933, Energy: -162.50
Time Taken:  11.520490646362305
Test Accuracy: 0.8900, Energy: -161.81
Time Taken:  11.528083324432373
Test Accuracy: 0.8900, Energy: -162.89
Time Taken:  11.531785726547241
Test Accuracy: 0.8867, Energy: -165.19
Time Taken:  11.537552118301392
Test Accuracy: 0.8867, Energy: -163.90
Time Taken:  11.586562156677246
Test Accuracy: 0.8867, Energy: -161.70
Time Taken:  11.520073175430298
Test Accuracy: 0.8867, Energy: -164.64
Time Taken:  11.514055967330933
Test Accuracy: 0.8900, Energy: -158.72
Time Taken:  11.524144172668457
Test Accuracy: 0.8867, Energy: -158.51
Time Taken:  11.553913354873657
Test Accuracy: 0.8867, Energy: -161.25
Time Taken:  11.527942895889282
Test Accuracy: 0.8867, Energy: -163.18
Time Taken:  11.553919076919556
Test Accuracy: 0.8833, Energy: -166.79
Time Taken:  11.54445505142212
Test Accuracy: 0.8800, Energy: -161.02
Time Taken:  11.577395677566528
Test Accuracy: 0.8800, Energy: -162.31
Time Taken:  11.49822473526001
Test Accuracy: 0.8833, Energy: -162.24
Time Taken:  11.5260329246521
Test Accuracy: 0.8767, Energy: -167.58
Time Taken:  11.52440619468689
Test Accuracy: 0.8767, Energy: -165.10
Time Taken:  11.538972616195679
Test Accuracy: 0.8800, Energy: -168.29
Time Taken:  11.52278208732605
Test Accuracy: 0.8800, Energy: -163.09
Time Taken:  11.53182053565979
Test Accuracy: 0.8800, Energy: -166.21
Time Taken:  11.55149507522583
Test Accuracy: 0.8800, Energy: -162.64
Time Taken:  11.573889017105103
Test Accuracy: 0.8833, Energy: -163.99
Time Taken:  11.501399993896484
Test Accuracy: 0.8833, Energy: -165.18
Time Taken:  11.505135536193848
Test Accuracy: 0.8867, Energy: -162.39
Time Taken:  11.51764988899231
Test Accuracy: 0.8867, Energy: -167.88
Time Taken:  11.53154706954956
Test Accuracy: 0.8867, Energy: -173.79
Time Taken:  11.524739027023315
Test Accuracy: 0.8867, Energy: -176.55
Time Taken:  11.535199642181396
Test Accuracy: 0.8867, Energy: -174.01
Time Taken:  11.557283639907837
Test Accuracy: 0.8867, Energy: -169.92
Time Taken:  11.558956861495972
Test Accuracy: 0.8867, Energy: -174.98
Time Taken:  11.515357494354248
Test Accuracy: 0.8867, Energy: -174.44
Time Taken:  11.540010213851929
Test Accuracy: 0.8867, Energy: -180.52
Time Taken:  11.538616418838501
Test Accuracy: 0.8867, Energy: -178.33
Time Taken:  11.542667388916016
Test Accuracy: 0.8867, Energy: -179.38
Time Taken:  11.545124530792236
Test Accuracy: 0.8933, Energy: -180.41
Time Taken:  11.568429708480835
Test Accuracy: 0.8933, Energy: -183.97
Time Taken:  11.611201286315918
Test Accuracy: 0.8967, Energy: -183.03
Time Taken:  11.514338731765747
Test Accuracy: 0.8967, Energy: -178.78
Time Taken:  11.535074234008789
Test Accuracy: 0.8967, Energy: -185.99
Time Taken:  11.522422552108765
Test Accuracy: 0.8967, Energy: -187.84
Time Taken:  11.510664463043213
Test Accuracy: 0.8967, Energy: -185.63
Time Taken:  11.522696256637573
Test Accuracy: 0.8967, Energy: -180.81
Time Taken:  11.533729553222656
Test Accuracy: 0.8967, Energy: -177.00
Time Taken:  11.525633096694946
Test Accuracy: 0.8967, Energy: -173.82
Time Taken:  11.582045555114746
Test Accuracy: 0.8967, Energy: -176.49
Time Taken:  11.520870923995972
Test Accuracy: 0.8967, Energy: -179.47
Time Taken:  11.537476301193237
Test Accuracy: 0.8967, Energy: -194.30
Time Taken:  11.54421591758728
Test Accuracy: 0.9000, Energy: -193.17
Time Taken:  11.536872625350952
Test Accuracy: 0.9033, Energy: -198.60
Time Taken:  11.534926414489746
Test Accuracy: 0.9033, Energy: -208.28
Time Taken:  11.552244901657104
Test Accuracy: 0.9000, Energy: -206.30
Time Taken:  11.563461065292358
Test Accuracy: 0.9033, Energy: -198.80
Time Taken:  11.586933374404907
Test Accuracy: 0.9033, Energy: -201.42
Time Taken:  11.50827169418335
Test Accuracy: 0.9033, Energy: -209.23
Time Taken:  11.512762069702148
Test Accuracy: 0.9033, Energy: -217.33
Time Taken:  11.519060134887695
Test Accuracy: 0.9033, Energy: -214.64
Time Taken:  11.521448850631714
Test Accuracy: 0.9033, Energy: -219.63
Time Taken:  11.542588949203491
Test Accuracy: 0.9033, Energy: -210.69
Time Taken:  11.529240846633911
Test Accuracy: 0.9067, Energy: -213.58
Time Taken:  11.54313850402832
Test Accuracy: 0.9067, Energy: -213.23
Time Taken:  11.571795225143433
Test Accuracy: 0.9033, Energy: -211.83
Time Taken:  11.527947187423706
Test Accuracy: 0.9100, Energy: -215.24
Time Taken:  11.535472631454468
Test Accuracy: 0.9100, Energy: -211.78
Time Taken:  11.531189680099487
Test Accuracy: 0.9133, Energy: -211.86
Time Taken:  11.551949262619019
Test Accuracy: 0.9100, Energy: -209.07
Time Taken:  11.537205696105957
Test Accuracy: 0.9067, Energy: -215.01
Time Taken:  11.53967022895813
Test Accuracy: 0.9067, Energy: -215.75
Time Taken:  11.541406869888306
Test Accuracy: 0.9000, Energy: -220.35
Time Taken:  11.57731819152832
Test Accuracy: 0.9000, Energy: -221.65
Time Taken:  11.51973557472229
Test Accuracy: 0.9033, Energy: -222.46
Time Taken:  11.528199434280396
Test Accuracy: 0.9000, Energy: -225.95
Time Taken:  11.54080080986023
Test Accuracy: 0.9033, Energy: -230.34
Time Taken:  11.544142961502075
Test Accuracy: 0.9033, Energy: -226.29
Time Taken:  11.529899597167969
Test Accuracy: 0.9033, Energy: -227.51
Time Taken:  11.528371810913086
Test Accuracy: 0.8933, Energy: -230.03
Time Taken:  11.5371994972229
Test Accuracy: 0.9067, Energy: -235.39
Time Taken:  11.563394546508789
Test Accuracy: 0.9067, Energy: -236.03
Time Taken:  11.528185844421387
Final accuracies: [0.9, 0.8933333333333333, 0.8933333333333333, 0.8933333333333333, 0.9, 0.9, 0.9, 0.9, 0.9, 0.9, 0.9033333333333333, 0.9033333333333333, 0.8966666666666666, 0.8966666666666666, 0.8966666666666666, 0.8933333333333333, 0.8933333333333333, 0.8933333333333333, 0.8933333333333333, 0.8933333333333333, 0.8966666666666666, 0.8933333333333333, 0.89, 0.8933333333333333, 0.89, 0.89, 0.8866666666666667, 0.8866666666666667, 0.8866666666666667, 0.8866666666666667, 0.89, 0.8866666666666667, 0.8866666666666667, 0.8866666666666667, 0.8833333333333333, 0.88, 0.88, 0.8833333333333333, 0.8766666666666667, 0.8766666666666667, 0.88, 0.88, 0.88, 0.88, 0.8833333333333333, 0.8833333333333333, 0.8866666666666667, 0.8866666666666667, 0.8866666666666667, 0.8866666666666667, 0.8866666666666667, 0.8866666666666667, 0.8866666666666667, 0.8866666666666667, 0.8866666666666667, 0.8866666666666667, 0.8866666666666667, 0.8933333333333333, 0.8933333333333333, 0.8966666666666666, 0.8966666666666666, 0.8966666666666666, 0.8966666666666666, 0.8966666666666666, 0.8966666666666666, 0.8966666666666666, 0.8966666666666666, 0.8966666666666666, 0.8966666666666666, 0.8966666666666666, 0.9, 0.9033333333333333, 0.9033333333333333, 0.9, 0.9033333333333333, 0.9033333333333333, 0.9033333333333333, 0.9033333333333333, 0.9033333333333333, 0.9033333333333333, 0.9033333333333333, 0.9066666666666666, 0.9066666666666666, 0.9033333333333333, 0.91, 0.91, 0.9133333333333333, 0.91, 0.9066666666666666, 0.9066666666666666, 0.9, 0.9, 0.9033333333333333, 0.9, 0.9033333333333333, 0.9033333333333333, 0.9033333333333333, 0.8933333333333333, 0.9066666666666666, 0.9066666666666666]
Final energies: [-156.7532958984375, -159.24961853027344, -155.76657104492188, -154.9888153076172, -150.3900604248047, -149.8916015625, -157.29832458496094, -162.8982696533203, -166.37677001953125, -166.0738067626953, -167.27755737304688, -169.13433837890625, -172.10740661621094, -168.96676635742188, -167.56005859375, -160.33383178710938, -163.588134765625, -156.1570587158203, -164.58648681640625, -157.70999145507812, -155.7570343017578, -154.8275604248047, -152.05484008789062, -162.4988250732422, -161.81333923339844, -162.89031982421875, -165.1927032470703, -163.90496826171875, -161.7018585205078, -164.64463806152344, -158.72462463378906, -158.50881958007812, -161.25228881835938, -163.1801300048828, -166.7855682373047, -161.02130126953125, -162.31036376953125, -162.24032592773438, -167.5767059326172, -165.0961456298828, -168.29275512695312, -163.09190368652344, -166.20907592773438, -162.64308166503906, -163.99061584472656, -165.1813201904297, -162.3893585205078, -167.8798370361328, -173.7884521484375, -176.55316162109375, -174.0064697265625, -169.91705322265625, -174.98016357421875, -174.43557739257812, -180.52178955078125, -178.33255004882812, -179.37594604492188, -180.40634155273438, -183.9670867919922, -183.03126525878906, -178.7752227783203, -185.98953247070312, -187.84246826171875, -185.62838745117188, -180.81283569335938, -176.9975128173828, -173.81710815429688, -176.4850311279297, -179.46783447265625, -194.2987060546875, -193.17413330078125, -198.60426330566406, -208.27542114257812, -206.29908752441406, -198.7967529296875, -201.4217529296875, -209.2349853515625, -217.33447265625, -214.64349365234375, -219.63180541992188, -210.6875, -213.5843048095703, -213.22735595703125, -211.8346710205078, -215.24302673339844, -211.7794647216797, -211.86363220214844, -209.06927490234375, -215.0062255859375, -215.75160217285156, -220.34535217285156, -221.65444946289062, -222.45816040039062, -225.94720458984375, -230.3403778076172, -226.29493713378906, -227.51429748535156, -230.03173828125, -235.3865966796875, -236.025146484375]
