Running with parameters: hidden=100, use_coupled=true, seed=46, lam=0.5, eta=0.5, batch=1
Test Loss: 0.0000, Test Accuracy: 0.9967, Energy: -2041517.125
Time taken:  13.935601472854614
Test Loss: 0.0000, Test Accuracy: 0.9967, Energy: -2560049.0
Time taken:  13.613759279251099
Test Loss: 0.0000, Test Accuracy: 0.9967, Energy: -2764195.0
Time taken:  13.609642744064331
Test Loss: 0.0000, Test Accuracy: 0.9967, Energy: -2986627.25
Time taken:  13.804471254348755
Test Loss: 0.0000, Test Accuracy: 0.9967, Energy: -3376828.5
Time taken:  13.704062461853027
Test Loss: 0.0000, Test Accuracy: 0.9967, Energy: -3472970.0
Time taken:  13.726837873458862
Test Loss: 0.0000, Test Accuracy: 0.9967, Energy: -3948893.75
Time taken:  13.76116394996643
Test Loss: 0.0000, Test Accuracy: 0.9967, Energy: -4539066.0
Time taken:  13.81043004989624
Test Loss: 0.0000, Test Accuracy: 1.0000, Energy: -4225233.5
Time taken:  13.700887203216553
Test Loss: 0.0000, Test Accuracy: 1.0000, Energy: -4237050.0
Time taken:  13.704866647720337
Test Loss: 0.0000, Test Accuracy: 1.0000, Energy: -4254542.5
Time taken:  13.712711572647095
Test Loss: 0.0000, Test Accuracy: 1.0000, Energy: -4343166.5
Time taken:  13.78563404083252
Test Loss: 0.0000, Test Accuracy: 1.0000, Energy: -4349145.5
Time taken:  13.687585353851318
Test Loss: 0.0000, Test Accuracy: 1.0000, Energy: -4350923.5
Time taken:  13.683035612106323
Test Loss: 0.0000, Test Accuracy: 1.0000, Energy: -4353231.0
Time taken:  13.691961526870728
Test Loss: 0.0000, Test Accuracy: 1.0000, Energy: -4361323.5
Time taken:  13.791896104812622
Test Loss: 0.0000, Test Accuracy: 1.0000, Energy: -4368265.5
Time taken:  13.674480438232422
Test Loss: 0.0000, Test Accuracy: 1.0000, Energy: -4371719.0
Time taken:  13.582209825515747
Test Loss: 0.0000, Test Accuracy: 1.0000, Energy: -4393526.5
Time taken:  13.61137342453003
Test Loss: 0.0000, Test Accuracy: 1.0000, Energy: -4529347.0
Time taken:  13.658731698989868
Test Loss: 0.0000, Test Accuracy: 1.0000, Energy: -4532903.0
Time taken:  13.57291030883789
Test Loss: 0.0000, Test Accuracy: 1.0000, Energy: -4535567.5
Time taken:  13.580120325088501
Test Loss: 0.0000, Test Accuracy: 1.0000, Energy: -4538588.0
Time taken:  13.679939985275269
Test Loss: 0.0000, Test Accuracy: 1.0000, Energy: -4545892.5
Time taken:  13.590122938156128
Test Loss: 0.0000, Test Accuracy: 1.0000, Energy: -4565188.5
Time taken:  13.578031063079834
Test Loss: 0.0000, Test Accuracy: 1.0000, Energy: -4569230.0
Time taken:  13.606958866119385
Test Loss: 0.0000, Test Accuracy: 1.0000, Energy: -4580165.5
Time taken:  13.703068733215332
Test Loss: 0.0000, Test Accuracy: 1.0000, Energy: -4589360.5
Time taken:  13.584090232849121
Test Loss: 0.0000, Test Accuracy: 1.0000, Energy: -4592539.0
Time taken:  13.584569692611694
Test Loss: 0.0000, Test Accuracy: 1.0000, Energy: -4596922.5
Time taken:  13.559699773788452
Test Loss: 0.0000, Test Accuracy: 1.0000, Energy: -4604968.5
Time taken:  13.672580003738403
Test Loss: 0.0000, Test Accuracy: 1.0000, Energy: -4616162.5
Time taken:  13.581177234649658
Test Loss: 0.0000, Test Accuracy: 1.0000, Energy: -4655132.5
Time taken:  13.585623025894165
Test Loss: 0.0000, Test Accuracy: 1.0000, Energy: -5373466.5
Time taken:  13.574899196624756
Test Loss: 0.0000, Test Accuracy: 1.0000, Energy: -5376901.0
Time taken:  13.722303867340088
Test Loss: 0.0000, Test Accuracy: 1.0000, Energy: -5380177.0
Time taken:  13.656675815582275
Test Loss: 0.0000, Test Accuracy: 1.0000, Energy: -5383338.0
Time taken:  13.747467517852783
Test Loss: 0.0000, Test Accuracy: 1.0000, Energy: -5386205.5
Time taken:  13.704594373703003
Test Loss: 0.0000, Test Accuracy: 1.0000, Energy: -5391215.0
Time taken:  13.758447408676147
Test Loss: 0.0000, Test Accuracy: 1.0000, Energy: -5399661.5
Time taken:  13.67369031906128
Test Loss: 0.0000, Test Accuracy: 1.0000, Energy: -5453389.5
Time taken:  13.627202033996582
Test Loss: 0.0000, Test Accuracy: 1.0000, Energy: -5492943.5
Time taken:  13.6447172164917
Test Loss: 0.0000, Test Accuracy: 1.0000, Energy: -5516384.5
Time taken:  13.73704218864441
Test Loss: 0.0000, Test Accuracy: 1.0000, Energy: -5543276.5
Time taken:  13.643142938613892
Test Loss: 0.0000, Test Accuracy: 1.0000, Energy: -5552184.0
Time taken:  13.663152694702148
Test Loss: 0.0000, Test Accuracy: 1.0000, Energy: -5559242.0
Time taken:  13.691017627716064
Test Loss: 0.0000, Test Accuracy: 1.0000, Energy: -5561183.5
Time taken:  13.776082277297974
Test Loss: 0.0000, Test Accuracy: 1.0000, Energy: -5572394.5
Time taken:  13.649953603744507
Test Loss: 0.0000, Test Accuracy: 0.9967, Energy: -5606902.5
Time taken:  13.632711410522461
Test Loss: 0.0000, Test Accuracy: 0.9967, Energy: -5884570.0
Time taken:  13.521668672561646
Test Loss: 0.0000, Test Accuracy: 0.9967, Energy: -5887670.0
Time taken:  13.589994668960571
Test Loss: 0.0000, Test Accuracy: 0.9967, Energy: -5890283.0
Time taken:  13.494121313095093
Test Loss: 0.0000, Test Accuracy: 0.9967, Energy: -5893008.5
Time taken:  13.489991903305054
Test Loss: 0.0000, Test Accuracy: 0.9967, Energy: -5896257.0
Time taken:  13.481200456619263
Test Loss: 0.0000, Test Accuracy: 0.9967, Energy: -5897143.5
Time taken:  13.592350006103516
Test Loss: 0.0000, Test Accuracy: 0.9967, Energy: -5900591.0
Time taken:  13.50422191619873
Test Loss: 0.0000, Test Accuracy: 0.9967, Energy: -5901582.5
Time taken:  13.49552869796753
Test Loss: 0.0000, Test Accuracy: 0.9967, Energy: -5905241.0
Time taken:  13.495564222335815
Test Loss: 0.0000, Test Accuracy: 0.9967, Energy: -5906682.0
Time taken:  13.596106767654419
Test Loss: 0.0000, Test Accuracy: 0.9967, Energy: -5909922.5
Time taken:  13.49227237701416
Test Loss: 0.0000, Test Accuracy: 0.9967, Energy: -5911348.5
Time taken:  13.528650760650635
Test Loss: 0.0000, Test Accuracy: 0.9967, Energy: -5914938.0
Time taken:  13.532593727111816
Test Loss: 0.0000, Test Accuracy: 0.9967, Energy: -5916327.5
Time taken:  13.60897421836853
Test Loss: 0.0000, Test Accuracy: 0.9967, Energy: -5917604.0
Time taken:  13.513820171356201
Test Loss: 0.0000, Test Accuracy: 0.9967, Energy: -5919727.0
Time taken:  13.535017013549805
Test Loss: 0.0000, Test Accuracy: 0.9967, Energy: -5923113.0
Time taken:  13.629869937896729
Test Loss: 0.0000, Test Accuracy: 0.9967, Energy: -5924040.0
Time taken:  13.530265808105469
Test Loss: 0.0000, Test Accuracy: 0.9967, Energy: -5929713.5
Time taken:  13.532178401947021
Test Loss: 0.0000, Test Accuracy: 0.9967, Energy: -5932155.5
Time taken:  13.667322635650635
Test Loss: 0.0000, Test Accuracy: 0.9967, Energy: -5934602.5
Time taken:  13.761805772781372
Test Loss: 0.0000, Test Accuracy: 0.9967, Energy: -5936883.0
Time taken:  13.609509468078613
Test Loss: 0.0000, Test Accuracy: 0.9967, Energy: -5941993.0
Time taken:  13.646290302276611
Test Loss: 0.0000, Test Accuracy: 0.9967, Energy: -5947967.5
Time taken:  13.625696182250977
Test Loss: 0.0000, Test Accuracy: 0.9967, Energy: -5951813.5
Time taken:  13.746127605438232
Test Loss: 0.0000, Test Accuracy: 0.9967, Energy: -5957010.0
Time taken:  13.653188228607178
Test Loss: 0.0000, Test Accuracy: 0.9967, Energy: -5958323.5
Time taken:  13.639192581176758
Test Loss: 0.0000, Test Accuracy: 0.9967, Energy: -5966267.5
Time taken:  13.64595890045166
Test Loss: 0.0000, Test Accuracy: 0.9967, Energy: -5968736.5
Time taken:  13.746951818466187
Test Loss: 0.0000, Test Accuracy: 0.9967, Energy: -5975768.0
Time taken:  13.634773969650269
Test Loss: 0.0000, Test Accuracy: 0.9967, Energy: -5978157.0
Time taken:  13.640254259109497
Test Loss: 0.0000, Test Accuracy: 0.9967, Energy: -5979738.5
Time taken:  13.639334917068481
Test Loss: 0.0000, Test Accuracy: 0.9967, Energy: -5983534.0
Time taken:  13.686604022979736
Test Loss: 0.0000, Test Accuracy: 0.9967, Energy: -5984669.5
Time taken:  13.507325649261475
Test Loss: 0.0000, Test Accuracy: 0.9967, Energy: -5985976.0
Time taken:  13.519714593887329
Test Loss: 0.0000, Test Accuracy: 0.9967, Energy: -5989679.0
Time taken:  13.500176429748535
Test Loss: 0.0000, Test Accuracy: 0.9967, Energy: -5992673.5
Time taken:  13.604079723358154
Test Loss: 0.0000, Test Accuracy: 0.9967, Energy: -5999395.5
Time taken:  13.50777006149292
Test Loss: 0.0000, Test Accuracy: 0.9967, Energy: -6007637.5
Time taken:  13.509386777877808
Test Loss: 0.0000, Test Accuracy: 0.9967, Energy: -6032104.0
Time taken:  13.507209300994873
Test Loss: 0.0000, Test Accuracy: 0.9967, Energy: -6034834.5
Time taken:  13.581478834152222
Test Loss: 0.0000, Test Accuracy: 0.9967, Energy: -6039794.0
Time taken:  13.503726959228516
Test Loss: 0.0000, Test Accuracy: 0.9967, Energy: -6945288.5
Time taken:  13.534603595733643
Test Loss: 0.0000, Test Accuracy: 1.0000, Energy: -6953938.5
Time taken:  13.51103401184082
Test Loss: 0.0000, Test Accuracy: 1.0000, Energy: -6958895.0
Time taken:  13.595104694366455
Test Loss: 0.0000, Test Accuracy: 1.0000, Energy: -6288374.5
Time taken:  13.490521430969238
Test Loss: 0.0000, Test Accuracy: 1.0000, Energy: -6297449.5
Time taken:  13.497265100479126
Test Loss: 0.0000, Test Accuracy: 1.0000, Energy: -6304736.5
Time taken:  13.488626956939697
Test Loss: 0.0000, Test Accuracy: 1.0000, Energy: -6312140.0
Time taken:  13.597301006317139
Test Loss: 0.0000, Test Accuracy: 1.0000, Energy: -6330396.5
Time taken:  13.489735126495361
Test Loss: 0.0000, Test Accuracy: 1.0000, Energy: -6353928.5
Time taken:  13.47946834564209
Final accuracies: [0.9966666666666667, 0.9966666666666667, 0.9966666666666667, 0.9966666666666667, 0.9966666666666667, 0.9966666666666667, 0.9966666666666667, 0.9966666666666667, 1.0, 1.0, 1.0, 1.0, 1.0, 1.0, 1.0, 1.0, 1.0, 1.0, 1.0, 1.0, 1.0, 1.0, 1.0, 1.0, 1.0, 1.0, 1.0, 1.0, 1.0, 1.0, 1.0, 1.0, 1.0, 1.0, 1.0, 1.0, 1.0, 1.0, 1.0, 1.0, 1.0, 1.0, 1.0, 1.0, 1.0, 1.0, 1.0, 1.0, 0.9966666666666667, 0.9966666666666667, 0.9966666666666667, 0.9966666666666667, 0.9966666666666667, 0.9966666666666667, 0.9966666666666667, 0.9966666666666667, 0.9966666666666667, 0.9966666666666667, 0.9966666666666667, 0.9966666666666667, 0.9966666666666667, 0.9966666666666667, 0.9966666666666667, 0.9966666666666667, 0.9966666666666667, 0.9966666666666667, 0.9966666666666667, 0.9966666666666667, 0.9966666666666667, 0.9966666666666667, 0.9966666666666667, 0.9966666666666667, 0.9966666666666667, 0.9966666666666667, 0.9966666666666667, 0.9966666666666667, 0.9966666666666667, 0.9966666666666667, 0.9966666666666667, 0.9966666666666667, 0.9966666666666667, 0.9966666666666667, 0.9966666666666667, 0.9966666666666667, 0.9966666666666667, 0.9966666666666667, 0.9966666666666667, 0.9966666666666667, 0.9966666666666667, 0.9966666666666667, 0.9966666666666667, 0.9966666666666667, 1.0, 1.0, 1.0, 1.0, 1.0, 1.0, 1.0, 1.0]
Final energies: [-2041517.125, -2560049.0, -2764195.0, -2986627.25, -3376828.5, -3472970.0, -3948893.75, -4539066.0, -4225233.5, -4237050.0, -4254542.5, -4343166.5, -4349145.5, -4350923.5, -4353231.0, -4361323.5, -4368265.5, -4371719.0, -4393526.5, -4529347.0, -4532903.0, -4535567.5, -4538588.0, -4545892.5, -4565188.5, -4569230.0, -4580165.5, -4589360.5, -4592539.0, -4596922.5, -4604968.5, -4616162.5, -4655132.5, -5373466.5, -5376901.0, -5380177.0, -5383338.0, -5386205.5, -5391215.0, -5399661.5, -5453389.5, -5492943.5, -5516384.5, -5543276.5, -5552184.0, -5559242.0, -5561183.5, -5572394.5, -5606902.5, -5884570.0, -5887670.0, -5890283.0, -5893008.5, -5896257.0, -5897143.5, -5900591.0, -5901582.5, -5905241.0, -5906682.0, -5909922.5, -5911348.5, -5914938.0, -5916327.5, -5917604.0, -5919727.0, -5923113.0, -5924040.0, -5929713.5, -5932155.5, -5934602.5, -5936883.0, -5941993.0, -5947967.5, -5951813.5, -5957010.0, -5958323.5, -5966267.5, -5968736.5, -5975768.0, -5978157.0, -5979738.5, -5983534.0, -5984669.5, -5985976.0, -5989679.0, -5992673.5, -5999395.5, -6007637.5, -6032104.0, -6034834.5, -6039794.0, -6945288.5, -6953938.5, -6958895.0, -6288374.5, -6297449.5, -6304736.5, -6312140.0, -6330396.5, -6353928.5]
