Running with parameters: hidden=100, use_coupled=true, seed=59, lam=0.5, eta=0.5, batch=1
Test Loss: 0.0000, Test Accuracy: 0.9967, Energy: -1731282.875
Time taken:  13.849103450775146
Test Loss: 0.0000, Test Accuracy: 0.9967, Energy: -2500220.0
Time taken:  13.425203800201416
Test Loss: 0.0000, Test Accuracy: 0.9967, Energy: -2704397.0
Time taken:  13.463600158691406
Test Loss: 0.0000, Test Accuracy: 1.0000, Energy: -3196117.75
Time taken:  13.555240392684937
Test Loss: 0.0000, Test Accuracy: 1.0000, Energy: -3253941.0
Time taken:  13.44808554649353
Test Loss: 0.0000, Test Accuracy: 1.0000, Energy: -3292672.5
Time taken:  13.443013191223145
Test Loss: 0.0000, Test Accuracy: 1.0000, Energy: -3326305.75
Time taken:  13.486181497573853
Test Loss: 0.0000, Test Accuracy: 1.0000, Energy: -3361965.5
Time taken:  13.562747716903687
Test Loss: 0.0000, Test Accuracy: 1.0000, Energy: -3397691.75
Time taken:  13.44927430152893
Test Loss: 0.0000, Test Accuracy: 1.0000, Energy: -3430025.25
Time taken:  13.468462228775024
Test Loss: 0.0000, Test Accuracy: 1.0000, Energy: -3459304.0
Time taken:  13.460945129394531
Test Loss: 0.0000, Test Accuracy: 1.0000, Energy: -3491047.0
Time taken:  13.55314588546753
Test Loss: 0.0000, Test Accuracy: 1.0000, Energy: -3520628.25
Time taken:  13.453335523605347
Test Loss: 0.0000, Test Accuracy: 1.0000, Energy: -3553590.75
Time taken:  13.44676160812378
Test Loss: 0.0000, Test Accuracy: 1.0000, Energy: -3586455.0
Time taken:  13.422221899032593
Test Loss: 0.0000, Test Accuracy: 1.0000, Energy: -3616159.75
Time taken:  13.525629997253418
Test Loss: 0.0000, Test Accuracy: 1.0000, Energy: -3644527.75
Time taken:  13.453380823135376
Test Loss: 0.0000, Test Accuracy: 1.0000, Energy: -3693546.75
Time taken:  13.463616847991943
Test Loss: 0.0000, Test Accuracy: 1.0000, Energy: -3726735.0
Time taken:  13.421663045883179
Test Loss: 0.0000, Test Accuracy: 1.0000, Energy: -3759101.75
Time taken:  13.525190830230713
Test Loss: 0.0000, Test Accuracy: 1.0000, Energy: -3787516.75
Time taken:  13.4498770236969
Test Loss: 0.0000, Test Accuracy: 1.0000, Energy: -3825064.25
Time taken:  13.446444272994995
Test Loss: 0.0000, Test Accuracy: 1.0000, Energy: -3953758.25
Time taken:  13.531786441802979
Test Loss: 0.0000, Test Accuracy: 1.0000, Energy: -3981971.0
Time taken:  13.466822862625122
Test Loss: 0.0000, Test Accuracy: 1.0000, Energy: -4010608.25
Time taken:  13.454376697540283
Test Loss: 0.0000, Test Accuracy: 1.0000, Energy: -4034348.0
Time taken:  13.446978330612183
Test Loss: 0.0000, Test Accuracy: 1.0000, Energy: -4058502.0
Time taken:  13.534051656723022
Test Loss: 0.0000, Test Accuracy: 1.0000, Energy: -4082430.5
Time taken:  13.440084457397461
Test Loss: 0.0000, Test Accuracy: 1.0000, Energy: -4106097.25
Time taken:  13.432800769805908
Test Loss: 0.0000, Test Accuracy: 1.0000, Energy: -4129913.5
Time taken:  13.437763214111328
Test Loss: 0.0000, Test Accuracy: 1.0000, Energy: -4152540.75
Time taken:  13.52952265739441
Test Loss: 0.0000, Test Accuracy: 1.0000, Energy: -4173338.0
Time taken:  13.455192804336548
Test Loss: 0.0000, Test Accuracy: 1.0000, Energy: -4197655.5
Time taken:  13.423413515090942
Test Loss: 0.0000, Test Accuracy: 1.0000, Energy: -4218702.5
Time taken:  13.426974058151245
Test Loss: 0.0000, Test Accuracy: 1.0000, Energy: -4240566.5
Time taken:  13.537722110748291
Test Loss: 0.0000, Test Accuracy: 1.0000, Energy: -4262925.0
Time taken:  13.458932638168335
Test Loss: 0.0000, Test Accuracy: 1.0000, Energy: -4281358.5
Time taken:  13.446485757827759
Test Loss: 0.0000, Test Accuracy: 1.0000, Energy: -4302268.0
Time taken:  13.470131158828735
Test Loss: 0.0000, Test Accuracy: 1.0000, Energy: -4320668.5
Time taken:  13.537920475006104
Test Loss: 0.0000, Test Accuracy: 1.0000, Energy: -4341348.0
Time taken:  13.418166160583496
Test Loss: 0.0000, Test Accuracy: 1.0000, Energy: -4359542.0
Time taken:  13.448558568954468
Test Loss: 0.0000, Test Accuracy: 1.0000, Energy: -4378716.0
Time taken:  13.465593576431274
Test Loss: 0.0000, Test Accuracy: 1.0000, Energy: -4393070.0
Time taken:  13.529109716415405
Test Loss: 0.0000, Test Accuracy: 1.0000, Energy: -4412244.5
Time taken:  13.436492919921875
Test Loss: 0.0000, Test Accuracy: 1.0000, Energy: -4429638.5
Time taken:  13.44773268699646
Test Loss: 0.0000, Test Accuracy: 1.0000, Energy: -4447689.0
Time taken:  13.416590690612793
Test Loss: 0.0000, Test Accuracy: 1.0000, Energy: -4465997.5
Time taken:  13.520623922348022
Test Loss: 0.0000, Test Accuracy: 1.0000, Energy: -4484036.5
Time taken:  13.414886474609375
Test Loss: 0.0000, Test Accuracy: 1.0000, Energy: -4500580.0
Time taken:  13.452621936798096
Test Loss: 0.0000, Test Accuracy: 1.0000, Energy: -4518231.0
Time taken:  13.402165174484253
Test Loss: 0.0000, Test Accuracy: 1.0000, Energy: -4535265.5
Time taken:  13.513301134109497
Test Loss: 0.0000, Test Accuracy: 1.0000, Energy: -4550928.0
Time taken:  13.43417739868164
Test Loss: 0.0000, Test Accuracy: 1.0000, Energy: -4568482.0
Time taken:  13.424388408660889
Test Loss: 0.0000, Test Accuracy: 1.0000, Energy: -4582884.0
Time taken:  13.438151597976685
Test Loss: 0.0000, Test Accuracy: 1.0000, Energy: -4599351.5
Time taken:  13.520706176757812
Test Loss: 0.0000, Test Accuracy: 1.0000, Energy: -4615286.0
Time taken:  13.434234142303467
Test Loss: 0.0000, Test Accuracy: 1.0000, Energy: -4628497.0
Time taken:  13.442676544189453
Test Loss: 0.0000, Test Accuracy: 1.0000, Energy: -4645728.5
Time taken:  13.41249966621399
Test Loss: 0.0000, Test Accuracy: 1.0000, Energy: -4658738.0
Time taken:  13.511627435684204
Test Loss: 0.0000, Test Accuracy: 1.0000, Energy: -4673044.5
Time taken:  13.416842460632324
Test Loss: 0.0000, Test Accuracy: 1.0000, Energy: -4687249.5
Time taken:  13.463429689407349
Test Loss: 0.0000, Test Accuracy: 1.0000, Energy: -4701251.0
Time taken:  13.412897825241089
Test Loss: 0.0000, Test Accuracy: 1.0000, Energy: -4714255.0
Time taken:  13.510027170181274
Test Loss: 0.0000, Test Accuracy: 1.0000, Energy: -4727139.0
Time taken:  13.436502933502197
Test Loss: 0.0000, Test Accuracy: 1.0000, Energy: -4740258.5
Time taken:  13.423214673995972
Test Loss: 0.0000, Test Accuracy: 1.0000, Energy: -4753459.5
Time taken:  13.532442569732666
Test Loss: 0.0000, Test Accuracy: 1.0000, Energy: -4765904.5
Time taken:  13.448842287063599
Test Loss: 0.0000, Test Accuracy: 1.0000, Energy: -4777181.0
Time taken:  13.4684317111969
Test Loss: 0.0000, Test Accuracy: 1.0000, Energy: -4789590.5
Time taken:  13.43417501449585
Test Loss: 0.0000, Test Accuracy: 1.0000, Energy: -4801751.0
Time taken:  13.50830888748169
Test Loss: 0.0000, Test Accuracy: 1.0000, Energy: -4813072.0
Time taken:  13.435199499130249
Test Loss: 0.0000, Test Accuracy: 1.0000, Energy: -4823008.5
Time taken:  13.421914100646973
Test Loss: 0.0000, Test Accuracy: 1.0000, Energy: -4832532.5
Time taken:  13.433922052383423
Test Loss: 0.0000, Test Accuracy: 1.0000, Energy: -4844147.5
Time taken:  13.513532400131226
Test Loss: 0.0000, Test Accuracy: 1.0000, Energy: -4853961.0
Time taken:  13.444775342941284
Test Loss: 0.0000, Test Accuracy: 1.0000, Energy: -4863186.0
Time taken:  13.468096733093262
Test Loss: 0.0000, Test Accuracy: 1.0000, Energy: -4872591.0
Time taken:  13.45149302482605
Test Loss: 0.0000, Test Accuracy: 1.0000, Energy: -4883566.0
Time taken:  13.507599115371704
Test Loss: 0.0000, Test Accuracy: 1.0000, Energy: -4892295.0
Time taken:  13.438185214996338
Test Loss: 0.0000, Test Accuracy: 1.0000, Energy: -4901503.5
Time taken:  13.455407857894897
Test Loss: 0.0000, Test Accuracy: 1.0000, Energy: -4909739.5
Time taken:  13.42255449295044
Test Loss: 0.0000, Test Accuracy: 1.0000, Energy: -4916572.0
Time taken:  13.50300931930542
Test Loss: 0.0000, Test Accuracy: 1.0000, Energy: -4923671.0
Time taken:  13.441778421401978
Test Loss: 0.0000, Test Accuracy: 1.0000, Energy: -4930880.0
Time taken:  13.433634042739868
Test Loss: 0.0000, Test Accuracy: 1.0000, Energy: -4937933.5
Time taken:  13.429551362991333
Test Loss: 0.0000, Test Accuracy: 1.0000, Energy: -4944727.0
Time taken:  13.518112897872925
Test Loss: 0.0000, Test Accuracy: 1.0000, Energy: -4952252.5
Time taken:  13.423354625701904
Test Loss: 0.0000, Test Accuracy: 1.0000, Energy: -4958482.0
Time taken:  13.413881301879883
Test Loss: 0.0000, Test Accuracy: 1.0000, Energy: -4965368.0
Time taken:  13.43177318572998
Test Loss: 0.0000, Test Accuracy: 1.0000, Energy: -4971468.0
Time taken:  13.506128787994385
Test Loss: 0.0000, Test Accuracy: 1.0000, Energy: -4977712.0
Time taken:  13.420876026153564
Test Loss: 0.0000, Test Accuracy: 1.0000, Energy: -4983393.5
Time taken:  13.453487873077393
Test Loss: 0.0000, Test Accuracy: 1.0000, Energy: -4988708.5
Time taken:  13.448591709136963
Test Loss: 0.0000, Test Accuracy: 1.0000, Energy: -4994229.5
Time taken:  13.507458209991455
Test Loss: 0.0000, Test Accuracy: 1.0000, Energy: -4999407.0
Time taken:  13.427932977676392
Test Loss: 0.0000, Test Accuracy: 1.0000, Energy: -5005192.5
Time taken:  13.440112352371216
Test Loss: 0.0000, Test Accuracy: 1.0000, Energy: -5009657.5
Time taken:  13.428882360458374
Test Loss: 0.0000, Test Accuracy: 1.0000, Energy: -5014593.5
Time taken:  13.537568092346191
Test Loss: 0.0000, Test Accuracy: 1.0000, Energy: -5018661.0
Time taken:  13.421068906784058
Test Loss: 0.0000, Test Accuracy: 1.0000, Energy: -5023774.0
Time taken:  13.42495846748352
Final accuracies: [0.9966666666666667, 0.9966666666666667, 0.9966666666666667, 1.0, 1.0, 1.0, 1.0, 1.0, 1.0, 1.0, 1.0, 1.0, 1.0, 1.0, 1.0, 1.0, 1.0, 1.0, 1.0, 1.0, 1.0, 1.0, 1.0, 1.0, 1.0, 1.0, 1.0, 1.0, 1.0, 1.0, 1.0, 1.0, 1.0, 1.0, 1.0, 1.0, 1.0, 1.0, 1.0, 1.0, 1.0, 1.0, 1.0, 1.0, 1.0, 1.0, 1.0, 1.0, 1.0, 1.0, 1.0, 1.0, 1.0, 1.0, 1.0, 1.0, 1.0, 1.0, 1.0, 1.0, 1.0, 1.0, 1.0, 1.0, 1.0, 1.0, 1.0, 1.0, 1.0, 1.0, 1.0, 1.0, 1.0, 1.0, 1.0, 1.0, 1.0, 1.0, 1.0, 1.0, 1.0, 1.0, 1.0, 1.0, 1.0, 1.0, 1.0, 1.0, 1.0, 1.0, 1.0, 1.0, 1.0, 1.0, 1.0, 1.0, 1.0, 1.0, 1.0, 1.0]
Final energies: [-1731282.875, -2500220.0, -2704397.0, -3196117.75, -3253941.0, -3292672.5, -3326305.75, -3361965.5, -3397691.75, -3430025.25, -3459304.0, -3491047.0, -3520628.25, -3553590.75, -3586455.0, -3616159.75, -3644527.75, -3693546.75, -3726735.0, -3759101.75, -3787516.75, -3825064.25, -3953758.25, -3981971.0, -4010608.25, -4034348.0, -4058502.0, -4082430.5, -4106097.25, -4129913.5, -4152540.75, -4173338.0, -4197655.5, -4218702.5, -4240566.5, -4262925.0, -4281358.5, -4302268.0, -4320668.5, -4341348.0, -4359542.0, -4378716.0, -4393070.0, -4412244.5, -4429638.5, -4447689.0, -4465997.5, -4484036.5, -4500580.0, -4518231.0, -4535265.5, -4550928.0, -4568482.0, -4582884.0, -4599351.5, -4615286.0, -4628497.0, -4645728.5, -4658738.0, -4673044.5, -4687249.5, -4701251.0, -4714255.0, -4727139.0, -4740258.5, -4753459.5, -4765904.5, -4777181.0, -4789590.5, -4801751.0, -4813072.0, -4823008.5, -4832532.5, -4844147.5, -4853961.0, -4863186.0, -4872591.0, -4883566.0, -4892295.0, -4901503.5, -4909739.5, -4916572.0, -4923671.0, -4930880.0, -4937933.5, -4944727.0, -4952252.5, -4958482.0, -4965368.0, -4971468.0, -4977712.0, -4983393.5, -4988708.5, -4994229.5, -4999407.0, -5005192.5, -5009657.5, -5014593.5, -5018661.0, -5023774.0]
