Running with parameters: hidden=100, use_coupled=true, seed=92, lam=0.5, eta=0.5, batch=1
Test Loss: 0.0000, Test Accuracy: 1.0000, Energy: -3887008.5
Time taken:  13.955111980438232
Test Loss: 0.0000, Test Accuracy: 1.0000, Energy: -4516783.5
Time taken:  13.63018012046814
Test Loss: 0.0000, Test Accuracy: 1.0000, Energy: -4580608.0
Time taken:  13.630980968475342
Test Loss: 0.0000, Test Accuracy: 1.0000, Energy: -4575303.5
Time taken:  13.724201917648315
Test Loss: 0.0000, Test Accuracy: 1.0000, Energy: -4653097.0
Time taken:  13.655960321426392
Test Loss: 0.0000, Test Accuracy: 1.0000, Energy: -4710507.5
Time taken:  13.625442504882812
Test Loss: 0.0000, Test Accuracy: 1.0000, Energy: -4755502.0
Time taken:  13.674851417541504
Test Loss: 0.0000, Test Accuracy: 1.0000, Energy: -4803416.0
Time taken:  13.71491003036499
Test Loss: 0.0000, Test Accuracy: 1.0000, Energy: -4952919.5
Time taken:  13.595242500305176
Test Loss: 0.0000, Test Accuracy: 1.0000, Energy: -4985863.0
Time taken:  13.631773710250854
Test Loss: 0.0000, Test Accuracy: 1.0000, Energy: -4992014.5
Time taken:  13.644532918930054
Test Loss: 0.0000, Test Accuracy: 1.0000, Energy: -4997974.5
Time taken:  13.703052520751953
Test Loss: 0.0000, Test Accuracy: 1.0000, Energy: -5005466.5
Time taken:  13.635447978973389
Test Loss: 0.0000, Test Accuracy: 1.0000, Energy: -5011922.5
Time taken:  13.626695156097412
Test Loss: 0.0000, Test Accuracy: 1.0000, Energy: -5018678.5
Time taken:  13.651851177215576
Test Loss: 0.0000, Test Accuracy: 1.0000, Energy: -5025570.0
Time taken:  13.72185730934143
Test Loss: 0.0000, Test Accuracy: 1.0000, Energy: -5034813.5
Time taken:  13.62450098991394
Test Loss: 0.0000, Test Accuracy: 1.0000, Energy: -5048132.0
Time taken:  13.614566564559937
Test Loss: 0.0000, Test Accuracy: 1.0000, Energy: -5055197.0
Time taken:  13.62632131576538
Test Loss: 0.0000, Test Accuracy: 1.0000, Energy: -5062923.5
Time taken:  13.723235130310059
Test Loss: 0.0000, Test Accuracy: 1.0000, Energy: -5070153.5
Time taken:  13.622391700744629
Test Loss: 0.0000, Test Accuracy: 1.0000, Energy: -5077582.5
Time taken:  13.612401485443115
Test Loss: 0.0000, Test Accuracy: 1.0000, Energy: -5084712.5
Time taken:  13.715659856796265
Test Loss: 0.0000, Test Accuracy: 1.0000, Energy: -5097148.0
Time taken:  13.645317554473877
Test Loss: 0.0000, Test Accuracy: 1.0000, Energy: -5105599.5
Time taken:  13.6297926902771
Test Loss: 0.0000, Test Accuracy: 1.0000, Energy: -5119690.5
Time taken:  13.599548816680908
Test Loss: 0.0000, Test Accuracy: 1.0000, Energy: -5126562.5
Time taken:  13.740054368972778
Test Loss: 0.0000, Test Accuracy: 1.0000, Energy: -5132753.0
Time taken:  13.670837879180908
Test Loss: 0.0000, Test Accuracy: 1.0000, Energy: -5150818.0
Time taken:  13.651237487792969
Test Loss: 0.0000, Test Accuracy: 1.0000, Energy: -5172125.5
Time taken:  13.601041555404663
Test Loss: 0.0000, Test Accuracy: 1.0000, Energy: -5315973.5
Time taken:  13.739727020263672
Test Loss: 0.0000, Test Accuracy: 0.9633, Energy: -4991805.0
Time taken:  13.777616262435913
Test Loss: 0.0000, Test Accuracy: 0.9633, Energy: -6493440.5
Time taken:  13.890367031097412
Test Loss: 0.0000, Test Accuracy: 0.9933, Energy: -7019302.5
Time taken:  13.83970856666565
Test Loss: 0.0000, Test Accuracy: 0.9933, Energy: -7015485.5
Time taken:  13.911497116088867
Test Loss: 0.0000, Test Accuracy: 0.9933, Energy: -7232615.0
Time taken:  13.816652059555054
Test Loss: 0.0000, Test Accuracy: 0.9900, Energy: -8073268.5
Time taken:  13.746389389038086
Test Loss: 0.0000, Test Accuracy: 0.9900, Energy: -8095403.0
Time taken:  13.736368894577026
Test Loss: 0.0000, Test Accuracy: 0.9900, Energy: -8123378.5
Time taken:  13.830035924911499
Test Loss: 0.0000, Test Accuracy: 0.9900, Energy: -8124243.0
Time taken:  13.767932891845703
Test Loss: 0.0000, Test Accuracy: 0.9867, Energy: -12688156.0
Time taken:  13.749977350234985
Test Loss: 0.0000, Test Accuracy: 0.9833, Energy: -12829198.0
Time taken:  13.716302871704102
Test Loss: 0.0000, Test Accuracy: 0.9833, Energy: -12829288.0
Time taken:  13.834841966629028
Test Loss: 0.0000, Test Accuracy: 0.9833, Energy: -12832122.0
Time taken:  13.72836685180664
Test Loss: 0.0000, Test Accuracy: 0.9833, Energy: -12831702.0
Time taken:  13.74177098274231
Test Loss: 0.0000, Test Accuracy: 0.9833, Energy: -12829206.0
Time taken:  13.755427837371826
Test Loss: 0.0000, Test Accuracy: 0.9833, Energy: -12829168.0
Time taken:  13.84176254272461
Test Loss: 0.0000, Test Accuracy: 0.9833, Energy: -12831714.0
Time taken:  13.731019496917725
Test Loss: 0.0000, Test Accuracy: 0.9833, Energy: -12829206.0
Time taken:  13.790069580078125
Test Loss: 0.0000, Test Accuracy: 0.9833, Energy: -12831614.0
Time taken:  13.716251373291016
Test Loss: 0.0000, Test Accuracy: 0.9833, Energy: -12831702.0
Time taken:  13.850105047225952
Test Loss: 0.0000, Test Accuracy: 0.9833, Energy: -12831794.0
Time taken:  13.783093452453613
Test Loss: 0.0000, Test Accuracy: 0.9833, Energy: -12830636.0
Time taken:  13.769189357757568
Test Loss: 0.0000, Test Accuracy: 0.9833, Energy: -12829586.0
Time taken:  13.73936414718628
Test Loss: 0.0000, Test Accuracy: 0.9833, Energy: -12829170.0
Time taken:  13.89530062675476
Test Loss: 0.0000, Test Accuracy: 0.9833, Energy: -12829636.0
Time taken:  13.755208015441895
Test Loss: 0.0000, Test Accuracy: 0.9833, Energy: -12832122.0
Time taken:  13.756729125976562
Test Loss: 0.0000, Test Accuracy: 0.9833, Energy: -12829170.0
Time taken:  13.74946665763855
Test Loss: 0.0000, Test Accuracy: 0.9833, Energy: -12830026.0
Time taken:  13.85996389389038
Test Loss: 0.0000, Test Accuracy: 0.9833, Energy: -12829892.0
Time taken:  13.759976387023926
Test Loss: 0.0000, Test Accuracy: 0.9833, Energy: -12831592.0
Time taken:  13.745566129684448
Test Loss: 0.0000, Test Accuracy: 0.9833, Energy: -12829170.0
Time taken:  13.703256845474243
Test Loss: 0.0000, Test Accuracy: 0.9833, Energy: -12829470.0
Time taken:  13.872942686080933
Test Loss: 0.0000, Test Accuracy: 0.9833, Energy: -12829206.0
Time taken:  13.74535846710205
Test Loss: 0.0000, Test Accuracy: 0.9833, Energy: -12829170.0
Time taken:  13.740249872207642
Test Loss: 0.0000, Test Accuracy: 0.9833, Energy: -12830026.0
Time taken:  13.861342906951904
Test Loss: 0.0000, Test Accuracy: 0.9833, Energy: -12831614.0
Time taken:  13.7860689163208
Test Loss: 0.0000, Test Accuracy: 0.9833, Energy: -12829208.0
Time taken:  13.730448007583618
Test Loss: 0.0000, Test Accuracy: 0.9833, Energy: -12831668.0
Time taken:  13.757836818695068
Test Loss: 0.0000, Test Accuracy: 0.9833, Energy: -12829170.0
Time taken:  13.8774893283844
Test Loss: 0.0000, Test Accuracy: 0.9833, Energy: -12829170.0
Time taken:  13.750393629074097
Test Loss: 0.0000, Test Accuracy: 0.9833, Energy: -12831614.0
Time taken:  13.752879858016968
Test Loss: 0.0000, Test Accuracy: 0.9833, Energy: -12829170.0
Time taken:  13.7630615234375
Test Loss: 0.0000, Test Accuracy: 0.9833, Energy: -12831614.0
Time taken:  13.873382091522217
Test Loss: 0.0000, Test Accuracy: 0.9833, Energy: -12831614.0
Time taken:  13.742518424987793
Test Loss: 0.0000, Test Accuracy: 0.9833, Energy: -12829132.0
Time taken:  13.76856279373169
Test Loss: 0.0000, Test Accuracy: 0.9833, Energy: -12831638.0
Time taken:  13.783347845077515
Test Loss: 0.0000, Test Accuracy: 0.9833, Energy: -12829170.0
Time taken:  13.872833013534546
Test Loss: 0.0000, Test Accuracy: 0.9833, Energy: -12829206.0
Time taken:  13.798623323440552
Test Loss: 0.0000, Test Accuracy: 0.9833, Energy: -12829296.0
Time taken:  13.781526565551758
Test Loss: 0.0000, Test Accuracy: 0.9833, Energy: -12829170.0
Time taken:  13.791260480880737
Test Loss: 0.0000, Test Accuracy: 0.9833, Energy: -12831614.0
Time taken:  13.848065376281738
Test Loss: 0.0000, Test Accuracy: 0.9833, Energy: -12831614.0
Time taken:  13.745670080184937
Test Loss: 0.0000, Test Accuracy: 0.9833, Energy: -12829346.0
Time taken:  13.776160478591919
Test Loss: 0.0000, Test Accuracy: 0.9833, Energy: -12829170.0
Time taken:  13.748614072799683
Test Loss: 0.0000, Test Accuracy: 0.9833, Energy: -12829170.0
Time taken:  13.843446016311646
Test Loss: 0.0000, Test Accuracy: 0.9833, Energy: -12831692.0
Time taken:  13.770172119140625
Test Loss: 0.0000, Test Accuracy: 0.9833, Energy: -12830840.0
Time taken:  13.741983890533447
Test Loss: 0.0000, Test Accuracy: 0.9833, Energy: -12829170.0
Time taken:  13.736916065216064
Test Loss: 0.0000, Test Accuracy: 0.9833, Energy: -12829170.0
Time taken:  13.868804931640625
Test Loss: 0.0000, Test Accuracy: 0.9833, Energy: -12831690.0
Time taken:  13.733548164367676
Test Loss: 0.0000, Test Accuracy: 0.9833, Energy: -12829178.0
Time taken:  13.771141767501831
Test Loss: 0.0000, Test Accuracy: 0.9833, Energy: -12829628.0
Time taken:  13.740602731704712
Test Loss: 0.0000, Test Accuracy: 0.9833, Energy: -12831638.0
Time taken:  13.822433233261108
Test Loss: 0.0000, Test Accuracy: 0.9833, Energy: -12830742.0
Time taken:  13.749984741210938
Test Loss: 0.0000, Test Accuracy: 0.9833, Energy: -12831638.0
Time taken:  13.71459698677063
Test Loss: 0.0000, Test Accuracy: 0.9833, Energy: -12831668.0
Time taken:  13.722776651382446
Test Loss: 0.0000, Test Accuracy: 0.9833, Energy: -12831914.0
Time taken:  13.833017349243164
Test Loss: 0.0000, Test Accuracy: 0.9833, Energy: -12829170.0
Time taken:  13.729227304458618
Test Loss: 0.0000, Test Accuracy: 0.9833, Energy: -12832122.0
Time taken:  13.67976427078247
Final accuracies: [1.0, 1.0, 1.0, 1.0, 1.0, 1.0, 1.0, 1.0, 1.0, 1.0, 1.0, 1.0, 1.0, 1.0, 1.0, 1.0, 1.0, 1.0, 1.0, 1.0, 1.0, 1.0, 1.0, 1.0, 1.0, 1.0, 1.0, 1.0, 1.0, 1.0, 1.0, 0.9633333333333334, 0.9633333333333334, 0.9933333333333333, 0.9933333333333333, 0.9933333333333333, 0.99, 0.99, 0.99, 0.99, 0.9866666666666667, 0.9833333333333333, 0.9833333333333333, 0.9833333333333333, 0.9833333333333333, 0.9833333333333333, 0.9833333333333333, 0.9833333333333333, 0.9833333333333333, 0.9833333333333333, 0.9833333333333333, 0.9833333333333333, 0.9833333333333333, 0.9833333333333333, 0.9833333333333333, 0.9833333333333333, 0.9833333333333333, 0.9833333333333333, 0.9833333333333333, 0.9833333333333333, 0.9833333333333333, 0.9833333333333333, 0.9833333333333333, 0.9833333333333333, 0.9833333333333333, 0.9833333333333333, 0.9833333333333333, 0.9833333333333333, 0.9833333333333333, 0.9833333333333333, 0.9833333333333333, 0.9833333333333333, 0.9833333333333333, 0.9833333333333333, 0.9833333333333333, 0.9833333333333333, 0.9833333333333333, 0.9833333333333333, 0.9833333333333333, 0.9833333333333333, 0.9833333333333333, 0.9833333333333333, 0.9833333333333333, 0.9833333333333333, 0.9833333333333333, 0.9833333333333333, 0.9833333333333333, 0.9833333333333333, 0.9833333333333333, 0.9833333333333333, 0.9833333333333333, 0.9833333333333333, 0.9833333333333333, 0.9833333333333333, 0.9833333333333333, 0.9833333333333333, 0.9833333333333333, 0.9833333333333333, 0.9833333333333333, 0.9833333333333333]
Final energies: [-3887008.5, -4516783.5, -4580608.0, -4575303.5, -4653097.0, -4710507.5, -4755502.0, -4803416.0, -4952919.5, -4985863.0, -4992014.5, -4997974.5, -5005466.5, -5011922.5, -5018678.5, -5025570.0, -5034813.5, -5048132.0, -5055197.0, -5062923.5, -5070153.5, -5077582.5, -5084712.5, -5097148.0, -5105599.5, -5119690.5, -5126562.5, -5132753.0, -5150818.0, -5172125.5, -5315973.5, -4991805.0, -6493440.5, -7019302.5, -7015485.5, -7232615.0, -8073268.5, -8095403.0, -8123378.5, -8124243.0, -12688156.0, -12829198.0, -12829288.0, -12832122.0, -12831702.0, -12829206.0, -12829168.0, -12831714.0, -12829206.0, -12831614.0, -12831702.0, -12831794.0, -12830636.0, -12829586.0, -12829170.0, -12829636.0, -12832122.0, -12829170.0, -12830026.0, -12829892.0, -12831592.0, -12829170.0, -12829470.0, -12829206.0, -12829170.0, -12830026.0, -12831614.0, -12829208.0, -12831668.0, -12829170.0, -12829170.0, -12831614.0, -12829170.0, -12831614.0, -12831614.0, -12829132.0, -12831638.0, -12829170.0, -12829206.0, -12829296.0, -12829170.0, -12831614.0, -12831614.0, -12829346.0, -12829170.0, -12829170.0, -12831692.0, -12830840.0, -12829170.0, -12829170.0, -12831690.0, -12829178.0, -12829628.0, -12831638.0, -12830742.0, -12831638.0, -12831668.0, -12831914.0, -12829170.0, -12832122.0]
