Running with parameters: hidden=100, use_coupled=true, seed=25, lam=0.5, eta=0.5, batch=1
Test Loss: 0.0000, Test Accuracy: 0.9833, Energy: -5223551.0
Time taken:  13.6337149143219
Test Loss: 0.0000, Test Accuracy: 1.0000, Energy: -6718063.0
Time taken:  13.234374046325684
Test Loss: 0.0000, Test Accuracy: 0.9867, Energy: -7986800.0
Time taken:  13.289958000183105
Test Loss: 0.0000, Test Accuracy: 0.9867, Energy: -6058341.5
Time taken:  13.457138776779175
Test Loss: 0.0000, Test Accuracy: 0.9933, Energy: -5588089.0
Time taken:  13.389594793319702
Test Loss: 0.0000, Test Accuracy: 0.9967, Energy: -5733726.0
Time taken:  13.506569623947144
Test Loss: 0.0000, Test Accuracy: 0.9967, Energy: -5797903.5
Time taken:  13.518372774124146
Test Loss: 0.0000, Test Accuracy: 0.9967, Energy: -5798973.0
Time taken:  13.597810983657837
Test Loss: 0.0000, Test Accuracy: 0.9967, Energy: -5798617.0
Time taken:  13.534578561782837
Test Loss: 0.0000, Test Accuracy: 0.9967, Energy: -5796970.0
Time taken:  13.530041694641113
Test Loss: 0.0000, Test Accuracy: 0.9967, Energy: -5797286.5
Time taken:  13.507007122039795
Test Loss: 0.0000, Test Accuracy: 0.9967, Energy: -5797248.5
Time taken:  13.607892751693726
Test Loss: 0.0000, Test Accuracy: 0.9967, Energy: -5801203.0
Time taken:  13.53141164779663
Test Loss: 0.0000, Test Accuracy: 0.9967, Energy: -5802718.0
Time taken:  13.509204626083374
Test Loss: 0.0000, Test Accuracy: 0.9967, Energy: -5803004.0
Time taken:  13.520687580108643
Test Loss: 0.0000, Test Accuracy: 0.9967, Energy: -5802609.5
Time taken:  13.587468147277832
Test Loss: 0.0000, Test Accuracy: 0.9967, Energy: -5802949.5
Time taken:  13.501831293106079
Test Loss: 0.0000, Test Accuracy: 0.9967, Energy: -5802468.5
Time taken:  13.528400421142578
Test Loss: 0.0000, Test Accuracy: 0.9967, Energy: -5802622.0
Time taken:  13.527700424194336
Test Loss: 0.0000, Test Accuracy: 0.9967, Energy: -5802941.5
Time taken:  13.574707508087158
Test Loss: 0.0000, Test Accuracy: 0.9967, Energy: -5802630.0
Time taken:  13.486527442932129
Test Loss: 0.0000, Test Accuracy: 0.9967, Energy: -5802972.5
Time taken:  13.489961624145508
Test Loss: 0.0000, Test Accuracy: 0.9967, Energy: -5802700.5
Time taken:  13.587000608444214
Test Loss: 0.0000, Test Accuracy: 0.9967, Energy: -5802656.0
Time taken:  13.51157259941101
Test Loss: 0.0000, Test Accuracy: 0.9967, Energy: -5803131.5
Time taken:  13.498730182647705
Test Loss: 0.0000, Test Accuracy: 0.9967, Energy: -5802831.5
Time taken:  13.497377634048462
Test Loss: 0.0000, Test Accuracy: 0.9967, Energy: -5802853.0
Time taken:  13.594051361083984
Test Loss: 0.0000, Test Accuracy: 0.9967, Energy: -5803213.5
Time taken:  13.499762773513794
Test Loss: 0.0000, Test Accuracy: 0.9967, Energy: -5803192.5
Time taken:  13.495046138763428
Test Loss: 0.0000, Test Accuracy: 0.9967, Energy: -5802737.5
Time taken:  13.499527931213379
Test Loss: 0.0000, Test Accuracy: 0.9967, Energy: -5803055.0
Time taken:  13.59537386894226
Test Loss: 0.0000, Test Accuracy: 0.9967, Energy: -5803076.0
Time taken:  13.479342937469482
Test Loss: 0.0000, Test Accuracy: 0.9967, Energy: -5803297.0
Time taken:  13.484857559204102
Test Loss: 0.0000, Test Accuracy: 0.9967, Energy: -5802979.5
Time taken:  13.491739749908447
Test Loss: 0.0000, Test Accuracy: 0.9967, Energy: -5803302.0
Time taken:  13.59994387626648
Test Loss: 0.0000, Test Accuracy: 0.9967, Energy: -5803305.5
Time taken:  13.50341248512268
Test Loss: 0.0000, Test Accuracy: 0.9967, Energy: -5802810.5
Time taken:  13.483397483825684
Test Loss: 0.0000, Test Accuracy: 0.9967, Energy: -5803506.0
Time taken:  13.537311792373657
Test Loss: 0.0000, Test Accuracy: 0.9967, Energy: -5803583.5
Time taken:  13.608827829360962
Test Loss: 0.0000, Test Accuracy: 0.9967, Energy: -5803931.5
Time taken:  13.49887752532959
Test Loss: 0.0000, Test Accuracy: 0.9967, Energy: -5803428.5
Time taken:  13.515202760696411
Test Loss: 0.0000, Test Accuracy: 0.9967, Energy: -5803914.5
Time taken:  13.512711524963379
Test Loss: 0.0000, Test Accuracy: 0.9967, Energy: -5803705.0
Time taken:  13.596059560775757
Test Loss: 0.0000, Test Accuracy: 0.9967, Energy: -5803916.0
Time taken:  13.477210998535156
Test Loss: 0.0000, Test Accuracy: 0.9967, Energy: -5803843.0
Time taken:  13.495465993881226
Test Loss: 0.0000, Test Accuracy: 0.9967, Energy: -5803883.0
Time taken:  13.48697829246521
Test Loss: 0.0000, Test Accuracy: 0.9967, Energy: -5804204.5
Time taken:  13.572627067565918
Test Loss: 0.0000, Test Accuracy: 0.9967, Energy: -5803877.5
Time taken:  13.459310054779053
Test Loss: 0.0000, Test Accuracy: 0.9967, Energy: -5803888.0
Time taken:  13.476087808609009
Test Loss: 0.0000, Test Accuracy: 0.9967, Energy: -5804211.0
Time taken:  13.48249363899231
Test Loss: 0.0000, Test Accuracy: 0.9967, Energy: -5804134.5
Time taken:  13.593744993209839
Test Loss: 0.0000, Test Accuracy: 0.9967, Energy: -5804138.0
Time taken:  13.469037532806396
Test Loss: 0.0000, Test Accuracy: 0.9967, Energy: -5804105.0
Time taken:  13.516043186187744
Test Loss: 0.0000, Test Accuracy: 0.9967, Energy: -5803777.0
Time taken:  13.506046533584595
Test Loss: 0.0000, Test Accuracy: 0.9967, Energy: -5804091.0
Time taken:  13.60295820236206
Test Loss: 0.0000, Test Accuracy: 0.9967, Energy: -5803704.5
Time taken:  13.496549367904663
Test Loss: 0.0000, Test Accuracy: 0.9967, Energy: -5803607.0
Time taken:  13.489331483840942
Test Loss: 0.0000, Test Accuracy: 0.9967, Energy: -5803722.0
Time taken:  13.50618290901184
Test Loss: 0.0000, Test Accuracy: 0.9967, Energy: -5803130.0
Time taken:  13.559524536132812
Test Loss: 0.0000, Test Accuracy: 0.9967, Energy: -5803552.5
Time taken:  13.486204624176025
Test Loss: 0.0000, Test Accuracy: 0.9967, Energy: -5803226.0
Time taken:  13.498713970184326
Test Loss: 0.0000, Test Accuracy: 0.9967, Energy: -5803307.0
Time taken:  13.495829343795776
Test Loss: 0.0000, Test Accuracy: 0.9967, Energy: -5803310.5
Time taken:  13.595053672790527
Test Loss: 0.0000, Test Accuracy: 0.9967, Energy: -5803373.5
Time taken:  13.523400783538818
Test Loss: 0.0000, Test Accuracy: 0.9967, Energy: -5803861.0
Time taken:  13.538047313690186
Test Loss: 0.0000, Test Accuracy: 0.9967, Energy: -5803528.5
Time taken:  13.615324020385742
Test Loss: 0.0000, Test Accuracy: 0.9967, Energy: -5803867.0
Time taken:  13.503442764282227
Test Loss: 0.0000, Test Accuracy: 0.9967, Energy: -5803574.0
Time taken:  13.513800382614136
Test Loss: 0.0000, Test Accuracy: 0.9967, Energy: -5803897.0
Time taken:  13.5340256690979
Test Loss: 0.0000, Test Accuracy: 0.9967, Energy: -5803554.0
Time taken:  13.618570566177368
Test Loss: 0.0000, Test Accuracy: 0.9967, Energy: -5803406.5
Time taken:  13.527304410934448
Test Loss: 0.0000, Test Accuracy: 0.9967, Energy: -5803752.0
Time taken:  13.520008325576782
Test Loss: 0.0000, Test Accuracy: 0.9967, Energy: -5803485.5
Time taken:  13.49050259590149
Test Loss: 0.0000, Test Accuracy: 0.9967, Energy: -5803510.5
Time taken:  13.570236444473267
Test Loss: 0.0000, Test Accuracy: 0.9967, Energy: -5803442.0
Time taken:  13.525882244110107
Test Loss: 0.0000, Test Accuracy: 0.9967, Energy: -5803475.5
Time taken:  13.505197525024414
Test Loss: 0.0000, Test Accuracy: 0.9967, Energy: -5803696.5
Time taken:  13.50716257095337
Test Loss: 0.0000, Test Accuracy: 0.9967, Energy: -5803957.0
Time taken:  13.612890481948853
Test Loss: 0.0000, Test Accuracy: 0.9967, Energy: -5803489.5
Time taken:  13.53207516670227
Test Loss: 0.0000, Test Accuracy: 0.9967, Energy: -5803654.5
Time taken:  13.511968851089478
Test Loss: 0.0000, Test Accuracy: 0.9967, Energy: -5803727.0
Time taken:  13.534986019134521
Test Loss: 0.0000, Test Accuracy: 0.9967, Energy: -5803686.0
Time taken:  13.599560976028442
Test Loss: 0.0000, Test Accuracy: 0.9967, Energy: -5803804.5
Time taken:  13.523984670639038
Test Loss: 0.0000, Test Accuracy: 0.9967, Energy: -5803459.0
Time taken:  13.51241421699524
Test Loss: 0.0000, Test Accuracy: 0.9967, Energy: -5803284.5
Time taken:  13.547941207885742
Test Loss: 0.0000, Test Accuracy: 0.9967, Energy: -5803154.0
Time taken:  13.571858644485474
Test Loss: 0.0000, Test Accuracy: 0.9967, Energy: -5803171.5
Time taken:  13.486309289932251
Test Loss: 0.0000, Test Accuracy: 0.9967, Energy: -5803132.5
Time taken:  13.499101400375366
Test Loss: 0.0000, Test Accuracy: 0.9967, Energy: -5803223.0
Time taken:  13.520560503005981
Test Loss: 0.0000, Test Accuracy: 0.9967, Energy: -5803076.0
Time taken:  13.601771354675293
Test Loss: 0.0000, Test Accuracy: 0.9967, Energy: -5803571.0
Time taken:  13.514840364456177
Test Loss: 0.0000, Test Accuracy: 0.9967, Energy: -5803127.5
Time taken:  13.522161960601807
Test Loss: 0.0000, Test Accuracy: 0.9967, Energy: -5803146.0
Time taken:  13.506574392318726
Test Loss: 0.0000, Test Accuracy: 0.9967, Energy: -5803299.0
Time taken:  13.599750995635986
Test Loss: 0.0000, Test Accuracy: 0.9967, Energy: -5803634.5
Time taken:  13.515780687332153
Test Loss: 0.0000, Test Accuracy: 0.9967, Energy: -5803292.5
Time taken:  13.492641687393188
Test Loss: 0.0000, Test Accuracy: 0.9967, Energy: -5803565.5
Time taken:  13.471401453018188
Test Loss: 0.0000, Test Accuracy: 0.9967, Energy: -5805737.5
Time taken:  13.59032917022705
Test Loss: 0.0000, Test Accuracy: 0.9967, Energy: -5806791.5
Time taken:  13.492818355560303
Test Loss: 0.0000, Test Accuracy: 0.9967, Energy: -5806937.0
Time taken:  13.490267753601074
Final accuracies: [0.9833333333333333, 1.0, 0.9866666666666667, 0.9866666666666667, 0.9933333333333333, 0.9966666666666667, 0.9966666666666667, 0.9966666666666667, 0.9966666666666667, 0.9966666666666667, 0.9966666666666667, 0.9966666666666667, 0.9966666666666667, 0.9966666666666667, 0.9966666666666667, 0.9966666666666667, 0.9966666666666667, 0.9966666666666667, 0.9966666666666667, 0.9966666666666667, 0.9966666666666667, 0.9966666666666667, 0.9966666666666667, 0.9966666666666667, 0.9966666666666667, 0.9966666666666667, 0.9966666666666667, 0.9966666666666667, 0.9966666666666667, 0.9966666666666667, 0.9966666666666667, 0.9966666666666667, 0.9966666666666667, 0.9966666666666667, 0.9966666666666667, 0.9966666666666667, 0.9966666666666667, 0.9966666666666667, 0.9966666666666667, 0.9966666666666667, 0.9966666666666667, 0.9966666666666667, 0.9966666666666667, 0.9966666666666667, 0.9966666666666667, 0.9966666666666667, 0.9966666666666667, 0.9966666666666667, 0.9966666666666667, 0.9966666666666667, 0.9966666666666667, 0.9966666666666667, 0.9966666666666667, 0.9966666666666667, 0.9966666666666667, 0.9966666666666667, 0.9966666666666667, 0.9966666666666667, 0.9966666666666667, 0.9966666666666667, 0.9966666666666667, 0.9966666666666667, 0.9966666666666667, 0.9966666666666667, 0.9966666666666667, 0.9966666666666667, 0.9966666666666667, 0.9966666666666667, 0.9966666666666667, 0.9966666666666667, 0.9966666666666667, 0.9966666666666667, 0.9966666666666667, 0.9966666666666667, 0.9966666666666667, 0.9966666666666667, 0.9966666666666667, 0.9966666666666667, 0.9966666666666667, 0.9966666666666667, 0.9966666666666667, 0.9966666666666667, 0.9966666666666667, 0.9966666666666667, 0.9966666666666667, 0.9966666666666667, 0.9966666666666667, 0.9966666666666667, 0.9966666666666667, 0.9966666666666667, 0.9966666666666667, 0.9966666666666667, 0.9966666666666667, 0.9966666666666667, 0.9966666666666667, 0.9966666666666667, 0.9966666666666667, 0.9966666666666667, 0.9966666666666667, 0.9966666666666667]
Final energies: [-5223551.0, -6718063.0, -7986800.0, -6058341.5, -5588089.0, -5733726.0, -5797903.5, -5798973.0, -5798617.0, -5796970.0, -5797286.5, -5797248.5, -5801203.0, -5802718.0, -5803004.0, -5802609.5, -5802949.5, -5802468.5, -5802622.0, -5802941.5, -5802630.0, -5802972.5, -5802700.5, -5802656.0, -5803131.5, -5802831.5, -5802853.0, -5803213.5, -5803192.5, -5802737.5, -5803055.0, -5803076.0, -5803297.0, -5802979.5, -5803302.0, -5803305.5, -5802810.5, -5803506.0, -5803583.5, -5803931.5, -5803428.5, -5803914.5, -5803705.0, -5803916.0, -5803843.0, -5803883.0, -5804204.5, -5803877.5, -5803888.0, -5804211.0, -5804134.5, -5804138.0, -5804105.0, -5803777.0, -5804091.0, -5803704.5, -5803607.0, -5803722.0, -5803130.0, -5803552.5, -5803226.0, -5803307.0, -5803310.5, -5803373.5, -5803861.0, -5803528.5, -5803867.0, -5803574.0, -5803897.0, -5803554.0, -5803406.5, -5803752.0, -5803485.5, -5803510.5, -5803442.0, -5803475.5, -5803696.5, -5803957.0, -5803489.5, -5803654.5, -5803727.0, -5803686.0, -5803804.5, -5803459.0, -5803284.5, -5803154.0, -5803171.5, -5803132.5, -5803223.0, -5803076.0, -5803571.0, -5803127.5, -5803146.0, -5803299.0, -5803634.5, -5803292.5, -5803565.5, -5805737.5, -5806791.5, -5806937.0]
