Running with parameters: hidden=100, use_coupled=true, seed=55, lam=0.5, eta=0.5, batch=1
Test Loss: 0.0000, Test Accuracy: 1.0000, Energy: -2623335.75
Time taken:  13.800321578979492
Test Loss: 0.0000, Test Accuracy: 0.9967, Energy: -3484239.25
Time taken:  13.386422872543335
Test Loss: 0.0000, Test Accuracy: 0.9967, Energy: -3484695.0
Time taken:  13.397178888320923
Test Loss: 0.0000, Test Accuracy: 0.9967, Energy: -3485455.75
Time taken:  13.493101358413696
Test Loss: 0.0000, Test Accuracy: 0.9967, Energy: -3486218.0
Time taken:  13.81086015701294
Test Loss: 0.0000, Test Accuracy: 0.9967, Energy: -3486850.75
Time taken:  14.190269947052002
Test Loss: 0.0000, Test Accuracy: 0.9967, Energy: -3489704.5
Time taken:  14.195228099822998
Test Loss: 0.0000, Test Accuracy: 0.9967, Energy: -3491917.25
Time taken:  14.272356271743774
Test Loss: 0.0000, Test Accuracy: 0.9967, Energy: -3498791.25
Time taken:  14.191685676574707
Test Loss: 0.0000, Test Accuracy: 0.9967, Energy: -3500648.25
Time taken:  14.180623292922974
Test Loss: 0.0000, Test Accuracy: 0.9967, Energy: -3500810.5
Time taken:  14.167898178100586
Test Loss: 0.0000, Test Accuracy: 0.9967, Energy: -3501183.25
Time taken:  14.271043539047241
Test Loss: 0.0000, Test Accuracy: 0.9967, Energy: -3501476.25
Time taken:  14.171376466751099
Test Loss: 0.0000, Test Accuracy: 0.9967, Energy: -3501925.0
Time taken:  14.159469604492188
Test Loss: 0.0000, Test Accuracy: 0.9967, Energy: -3502183.75
Time taken:  13.763657569885254
Test Loss: 0.0000, Test Accuracy: 0.9967, Energy: -3502292.0
Time taken:  13.52300477027893
Test Loss: 0.0000, Test Accuracy: 0.9967, Energy: -3502543.5
Time taken:  13.422082662582397
Test Loss: 0.0000, Test Accuracy: 0.9967, Energy: -3502927.75
Time taken:  13.423749685287476
Test Loss: 0.0000, Test Accuracy: 0.9967, Energy: -3503099.75
Time taken:  13.408773183822632
Test Loss: 0.0000, Test Accuracy: 0.9967, Energy: -3503330.5
Time taken:  13.473618030548096
Test Loss: 0.0000, Test Accuracy: 0.9967, Energy: -3503516.25
Time taken:  13.361102104187012
Test Loss: 0.0000, Test Accuracy: 0.9967, Energy: -3503645.75
Time taken:  13.375892400741577
Test Loss: 0.0000, Test Accuracy: 0.9967, Energy: -3503995.75
Time taken:  13.470767498016357
Test Loss: 0.0000, Test Accuracy: 0.9967, Energy: -3504185.25
Time taken:  13.408604145050049
Test Loss: 0.0000, Test Accuracy: 0.9967, Energy: -3504605.5
Time taken:  13.403134822845459
Test Loss: 0.0000, Test Accuracy: 0.9967, Energy: -3505881.0
Time taken:  13.392712354660034
Test Loss: 0.0000, Test Accuracy: 0.9967, Energy: -3511791.5
Time taken:  13.490646123886108
Test Loss: 0.0000, Test Accuracy: 0.9967, Energy: -3512148.25
Time taken:  13.413758516311646
Test Loss: 0.0000, Test Accuracy: 0.9967, Energy: -3512382.0
Time taken:  13.394397974014282
Test Loss: 0.0000, Test Accuracy: 0.9967, Energy: -3512716.75
Time taken:  13.403524398803711
Test Loss: 0.0000, Test Accuracy: 0.9967, Energy: -3512925.25
Time taken:  13.481627702713013
Test Loss: 0.0000, Test Accuracy: 0.9967, Energy: -3513239.5
Time taken:  13.382871150970459
Test Loss: 0.0000, Test Accuracy: 0.9967, Energy: -3513485.5
Time taken:  13.381136894226074
Test Loss: 0.0000, Test Accuracy: 0.9967, Energy: -3513862.75
Time taken:  13.383343696594238
Test Loss: 0.0000, Test Accuracy: 0.9967, Energy: -3514777.5
Time taken:  13.469928503036499
Test Loss: 0.0000, Test Accuracy: 0.9967, Energy: -3515100.0
Time taken:  13.384356260299683
Test Loss: 0.0000, Test Accuracy: 0.9967, Energy: -3515583.75
Time taken:  13.383723020553589
Test Loss: 0.0000, Test Accuracy: 0.9967, Energy: -3516979.5
Time taken:  13.4045569896698
Test Loss: 0.0000, Test Accuracy: 0.9967, Energy: -3517840.5
Time taken:  13.48053503036499
Test Loss: 0.0000, Test Accuracy: 0.9967, Energy: -3518959.75
Time taken:  13.381854772567749
Test Loss: 0.0000, Test Accuracy: 0.9967, Energy: -3524882.25
Time taken:  13.403121709823608
Test Loss: 0.0000, Test Accuracy: 0.9967, Energy: -3525453.25
Time taken:  13.388550281524658
Test Loss: 0.0000, Test Accuracy: 0.9967, Energy: -3526777.75
Time taken:  13.491342782974243
Test Loss: 0.0000, Test Accuracy: 0.9967, Energy: -3531448.25
Time taken:  13.385961294174194
Test Loss: 0.0000, Test Accuracy: 0.9967, Energy: -3531771.5
Time taken:  13.405542135238647
Test Loss: 0.0000, Test Accuracy: 0.9967, Energy: -3532417.25
Time taken:  13.378785848617554
Test Loss: 0.0000, Test Accuracy: 0.9967, Energy: -3532857.5
Time taken:  13.480849027633667
Test Loss: 0.0000, Test Accuracy: 0.9967, Energy: -3533212.25
Time taken:  13.38295292854309
Test Loss: 0.0000, Test Accuracy: 0.9967, Energy: -3533599.5
Time taken:  13.402759552001953
Test Loss: 0.0000, Test Accuracy: 0.9967, Energy: -3533923.0
Time taken:  13.395314455032349
Test Loss: 0.0000, Test Accuracy: 0.9967, Energy: -3534391.75
Time taken:  13.48420262336731
Test Loss: 0.0000, Test Accuracy: 0.9967, Energy: -3534645.0
Time taken:  13.405911684036255
Test Loss: 0.0000, Test Accuracy: 0.9967, Energy: -3535437.0
Time taken:  13.383545398712158
Test Loss: 0.0000, Test Accuracy: 0.9967, Energy: -3536845.0
Time taken:  13.388371467590332
Test Loss: 0.0000, Test Accuracy: 0.9967, Energy: -3537332.0
Time taken:  13.48217225074768
Test Loss: 0.0000, Test Accuracy: 0.9967, Energy: -3537671.5
Time taken:  13.383911609649658
Test Loss: 0.0000, Test Accuracy: 0.9967, Energy: -3537866.75
Time taken:  13.38802170753479
Test Loss: 0.0000, Test Accuracy: 0.9967, Energy: -3538106.5
Time taken:  13.379476070404053
Test Loss: 0.0000, Test Accuracy: 0.9967, Energy: -3538730.75
Time taken:  13.455440044403076
Test Loss: 0.0000, Test Accuracy: 0.9967, Energy: -3539065.75
Time taken:  13.396100044250488
Test Loss: 0.0000, Test Accuracy: 0.9967, Energy: -3539645.0
Time taken:  13.386669397354126
Test Loss: 0.0000, Test Accuracy: 0.9967, Energy: -3540645.25
Time taken:  13.393970727920532
Test Loss: 0.0000, Test Accuracy: 0.9967, Energy: -3541107.25
Time taken:  13.483136177062988
Test Loss: 0.0000, Test Accuracy: 0.9967, Energy: -3541548.0
Time taken:  13.386473417282104
Test Loss: 0.0000, Test Accuracy: 0.9967, Energy: -3541980.5
Time taken:  13.371230840682983
Test Loss: 0.0000, Test Accuracy: 0.9967, Energy: -3542604.25
Time taken:  13.494261026382446
Test Loss: 0.0000, Test Accuracy: 0.9967, Energy: -3544314.5
Time taken:  13.414695501327515
Test Loss: 0.0000, Test Accuracy: 0.9967, Energy: -3545479.25
Time taken:  13.389647483825684
Test Loss: 0.0000, Test Accuracy: 0.9967, Energy: -3547660.5
Time taken:  13.397748470306396
Test Loss: 0.0000, Test Accuracy: 0.9967, Energy: -3548340.25
Time taken:  13.490394115447998
Test Loss: 0.0000, Test Accuracy: 0.9967, Energy: -3549116.0
Time taken:  13.427563428878784
Test Loss: 0.0000, Test Accuracy: 0.9967, Energy: -3549938.0
Time taken:  13.42634129524231
Test Loss: 0.0000, Test Accuracy: 0.9967, Energy: -3550817.75
Time taken:  13.42402982711792
Test Loss: 0.0000, Test Accuracy: 0.9967, Energy: -3552289.75
Time taken:  13.508632183074951
Test Loss: 0.0000, Test Accuracy: 0.9967, Energy: -3552978.0
Time taken:  13.425618886947632
Test Loss: 0.0000, Test Accuracy: 0.9967, Energy: -3553697.25
Time taken:  13.407826662063599
Test Loss: 0.0000, Test Accuracy: 0.9967, Energy: -3555610.0
Time taken:  13.403339147567749
Test Loss: 0.0000, Test Accuracy: 0.9967, Energy: -3556219.25
Time taken:  13.498862743377686
Test Loss: 0.0000, Test Accuracy: 0.9967, Energy: -3556690.75
Time taken:  13.373080730438232
Test Loss: 0.0000, Test Accuracy: 0.9967, Energy: -3557421.5
Time taken:  13.398027181625366
Test Loss: 0.0000, Test Accuracy: 0.9967, Energy: -3557806.25
Time taken:  13.388453245162964
Test Loss: 0.0000, Test Accuracy: 0.9967, Energy: -3558807.5
Time taken:  13.486469268798828
Test Loss: 0.0000, Test Accuracy: 0.9967, Energy: -3559264.0
Time taken:  13.389118671417236
Test Loss: 0.0000, Test Accuracy: 0.9967, Energy: -3560017.5
Time taken:  13.375549793243408
Test Loss: 0.0000, Test Accuracy: 0.9967, Energy: -3560555.25
Time taken:  13.37955093383789
Test Loss: 0.0000, Test Accuracy: 0.9967, Energy: -3561718.5
Time taken:  13.457784175872803
Test Loss: 0.0000, Test Accuracy: 0.9967, Energy: -3562796.5
Time taken:  13.364341259002686
Test Loss: 0.0000, Test Accuracy: 0.9967, Energy: -3563722.25
Time taken:  13.362003803253174
Test Loss: 0.0000, Test Accuracy: 0.9967, Energy: -3567648.75
Time taken:  13.371553182601929
Test Loss: 0.0000, Test Accuracy: 0.9967, Energy: -3568310.0
Time taken:  13.464465618133545
Test Loss: 0.0000, Test Accuracy: 0.9967, Energy: -3568965.5
Time taken:  13.390333652496338
Test Loss: 0.0000, Test Accuracy: 0.9967, Energy: -3569485.75
Time taken:  13.412354946136475
Test Loss: 0.0000, Test Accuracy: 0.9967, Energy: -3570022.5
Time taken:  13.364995956420898
Test Loss: 0.0000, Test Accuracy: 0.9967, Energy: -3570641.0
Time taken:  13.48172926902771
Test Loss: 0.0000, Test Accuracy: 0.9967, Energy: -3571281.5
Time taken:  13.39671516418457
Test Loss: 0.0000, Test Accuracy: 0.9967, Energy: -3571856.75
Time taken:  13.383828401565552
Test Loss: 0.0000, Test Accuracy: 0.9967, Energy: -3572487.5
Time taken:  13.387234687805176
Test Loss: 0.0000, Test Accuracy: 0.9967, Energy: -3573194.75
Time taken:  13.47942566871643
Test Loss: 0.0000, Test Accuracy: 0.9967, Energy: -3573924.75
Time taken:  13.343474626541138
Test Loss: 0.0000, Test Accuracy: 0.9967, Energy: -3574688.5
Time taken:  13.337250471115112
Final accuracies: [1.0, 0.9966666666666667, 0.9966666666666667, 0.9966666666666667, 0.9966666666666667, 0.9966666666666667, 0.9966666666666667, 0.9966666666666667, 0.9966666666666667, 0.9966666666666667, 0.9966666666666667, 0.9966666666666667, 0.9966666666666667, 0.9966666666666667, 0.9966666666666667, 0.9966666666666667, 0.9966666666666667, 0.9966666666666667, 0.9966666666666667, 0.9966666666666667, 0.9966666666666667, 0.9966666666666667, 0.9966666666666667, 0.9966666666666667, 0.9966666666666667, 0.9966666666666667, 0.9966666666666667, 0.9966666666666667, 0.9966666666666667, 0.9966666666666667, 0.9966666666666667, 0.9966666666666667, 0.9966666666666667, 0.9966666666666667, 0.9966666666666667, 0.9966666666666667, 0.9966666666666667, 0.9966666666666667, 0.9966666666666667, 0.9966666666666667, 0.9966666666666667, 0.9966666666666667, 0.9966666666666667, 0.9966666666666667, 0.9966666666666667, 0.9966666666666667, 0.9966666666666667, 0.9966666666666667, 0.9966666666666667, 0.9966666666666667, 0.9966666666666667, 0.9966666666666667, 0.9966666666666667, 0.9966666666666667, 0.9966666666666667, 0.9966666666666667, 0.9966666666666667, 0.9966666666666667, 0.9966666666666667, 0.9966666666666667, 0.9966666666666667, 0.9966666666666667, 0.9966666666666667, 0.9966666666666667, 0.9966666666666667, 0.9966666666666667, 0.9966666666666667, 0.9966666666666667, 0.9966666666666667, 0.9966666666666667, 0.9966666666666667, 0.9966666666666667, 0.9966666666666667, 0.9966666666666667, 0.9966666666666667, 0.9966666666666667, 0.9966666666666667, 0.9966666666666667, 0.9966666666666667, 0.9966666666666667, 0.9966666666666667, 0.9966666666666667, 0.9966666666666667, 0.9966666666666667, 0.9966666666666667, 0.9966666666666667, 0.9966666666666667, 0.9966666666666667, 0.9966666666666667, 0.9966666666666667, 0.9966666666666667, 0.9966666666666667, 0.9966666666666667, 0.9966666666666667, 0.9966666666666667, 0.9966666666666667, 0.9966666666666667, 0.9966666666666667, 0.9966666666666667, 0.9966666666666667]
Final energies: [-2623335.75, -3484239.25, -3484695.0, -3485455.75, -3486218.0, -3486850.75, -3489704.5, -3491917.25, -3498791.25, -3500648.25, -3500810.5, -3501183.25, -3501476.25, -3501925.0, -3502183.75, -3502292.0, -3502543.5, -3502927.75, -3503099.75, -3503330.5, -3503516.25, -3503645.75, -3503995.75, -3504185.25, -3504605.5, -3505881.0, -3511791.5, -3512148.25, -3512382.0, -3512716.75, -3512925.25, -3513239.5, -3513485.5, -3513862.75, -3514777.5, -3515100.0, -3515583.75, -3516979.5, -3517840.5, -3518959.75, -3524882.25, -3525453.25, -3526777.75, -3531448.25, -3531771.5, -3532417.25, -3532857.5, -3533212.25, -3533599.5, -3533923.0, -3534391.75, -3534645.0, -3535437.0, -3536845.0, -3537332.0, -3537671.5, -3537866.75, -3538106.5, -3538730.75, -3539065.75, -3539645.0, -3540645.25, -3541107.25, -3541548.0, -3541980.5, -3542604.25, -3544314.5, -3545479.25, -3547660.5, -3548340.25, -3549116.0, -3549938.0, -3550817.75, -3552289.75, -3552978.0, -3553697.25, -3555610.0, -3556219.25, -3556690.75, -3557421.5, -3557806.25, -3558807.5, -3559264.0, -3560017.5, -3560555.25, -3561718.5, -3562796.5, -3563722.25, -3567648.75, -3568310.0, -3568965.5, -3569485.75, -3570022.5, -3570641.0, -3571281.5, -3571856.75, -3572487.5, -3573194.75, -3573924.75, -3574688.5]
