Running with parameters: hidden=100, use_coupled=true, seed=95, lam=0.5, eta=0.5, batch=1
Test Loss: 0.0000, Test Accuracy: 1.0000, Energy: -1640663.0
Time taken:  13.862718105316162
Test Loss: 0.0000, Test Accuracy: 0.9967, Energy: -2672645.75
Time taken:  13.503132581710815
Test Loss: 0.0000, Test Accuracy: 0.9967, Energy: -2696790.5
Time taken:  13.482602834701538
Test Loss: 0.0000, Test Accuracy: 0.9967, Energy: -2736198.25
Time taken:  13.628161430358887
Test Loss: 0.0000, Test Accuracy: 0.9967, Energy: -2745964.5
Time taken:  13.493545770645142
Test Loss: 0.0000, Test Accuracy: 0.9967, Energy: -2765831.25
Time taken:  13.474521160125732
Test Loss: 0.0000, Test Accuracy: 0.9967, Energy: -2771145.5
Time taken:  13.521129846572876
Test Loss: 0.0000, Test Accuracy: 0.9967, Energy: -2781298.75
Time taken:  13.59096384048462
Test Loss: 0.0000, Test Accuracy: 1.0000, Energy: -2816825.5
Time taken:  13.4929039478302
Test Loss: 0.0000, Test Accuracy: 1.0000, Energy: -2821134.5
Time taken:  13.506079196929932
Test Loss: 0.0000, Test Accuracy: 1.0000, Energy: -2824740.25
Time taken:  13.479231595993042
Test Loss: 0.0000, Test Accuracy: 1.0000, Energy: -2839535.5
Time taken:  13.605031967163086
Test Loss: 0.0000, Test Accuracy: 1.0000, Energy: -2842801.25
Time taken:  13.516241073608398
Test Loss: 0.0000, Test Accuracy: 1.0000, Energy: -2846595.5
Time taken:  13.497419357299805
Test Loss: 0.0000, Test Accuracy: 1.0000, Energy: -2852829.75
Time taken:  13.511172533035278
Test Loss: 0.0000, Test Accuracy: 1.0000, Energy: -2856877.5
Time taken:  13.591926097869873
Test Loss: 0.0000, Test Accuracy: 1.0000, Energy: -2860129.5
Time taken:  13.502316951751709
Test Loss: 0.0000, Test Accuracy: 1.0000, Energy: -2866553.5
Time taken:  13.508600950241089
Test Loss: 0.0000, Test Accuracy: 1.0000, Energy: -2873516.75
Time taken:  13.50330376625061
Test Loss: 0.0000, Test Accuracy: 1.0000, Energy: -2879397.0
Time taken:  13.593923568725586
Test Loss: 0.0000, Test Accuracy: 1.0000, Energy: -2882414.5
Time taken:  13.494094848632812
Test Loss: 0.0000, Test Accuracy: 1.0000, Energy: -2888977.5
Time taken:  13.456641674041748
Test Loss: 0.0000, Test Accuracy: 1.0000, Energy: -2897055.5
Time taken:  13.593270063400269
Test Loss: 0.0000, Test Accuracy: 1.0000, Energy: -2907052.25
Time taken:  13.516457319259644
Test Loss: 0.0000, Test Accuracy: 1.0000, Energy: -2926409.0
Time taken:  13.497859954833984
Test Loss: 0.0000, Test Accuracy: 1.0000, Energy: -3009003.5
Time taken:  13.490222692489624
Test Loss: 0.0000, Test Accuracy: 1.0000, Energy: -3059556.25
Time taken:  13.6233069896698
Test Loss: 0.0000, Test Accuracy: 1.0000, Energy: -3128754.0
Time taken:  13.45418643951416
Test Loss: 0.0000, Test Accuracy: 0.9967, Energy: -3282332.25
Time taken:  13.49129343032837
Test Loss: 0.0000, Test Accuracy: 0.9933, Energy: -2140117.75
Time taken:  13.551747560501099
Test Loss: 0.0000, Test Accuracy: 0.9900, Energy: -2799377.0
Time taken:  13.675239324569702
Test Loss: 0.0000, Test Accuracy: 0.9467, Energy: -6206058.5
Time taken:  13.628933668136597
Test Loss: 0.0000, Test Accuracy: 0.9933, Energy: -5957636.5
Time taken:  13.70421552658081
Test Loss: 0.0000, Test Accuracy: 0.9933, Energy: -5983961.0
Time taken:  13.709030389785767
Test Loss: 0.0000, Test Accuracy: 0.9933, Energy: -5990570.5
Time taken:  13.837854385375977
Test Loss: 0.0000, Test Accuracy: 0.9767, Energy: -6260613.0
Time taken:  13.74291706085205
Test Loss: 0.0000, Test Accuracy: 0.9900, Energy: -6067061.0
Time taken:  13.677037239074707
Test Loss: 0.0000, Test Accuracy: 0.9933, Energy: -6057808.5
Time taken:  13.678364038467407
Test Loss: 0.0000, Test Accuracy: 0.9900, Energy: -6062251.0
Time taken:  13.793488025665283
Test Loss: 0.0000, Test Accuracy: 0.9933, Energy: -6055797.0
Time taken:  13.691984415054321
Test Loss: 0.0000, Test Accuracy: 0.9933, Energy: -6056322.5
Time taken:  13.716470003128052
Test Loss: 0.0000, Test Accuracy: 0.9900, Energy: -6063467.5
Time taken:  13.71018362045288
Test Loss: 0.0000, Test Accuracy: 0.9900, Energy: -6063396.5
Time taken:  13.769972324371338
Test Loss: 0.0000, Test Accuracy: 0.9933, Energy: -6056324.5
Time taken:  13.707587957382202
Test Loss: 0.0000, Test Accuracy: 0.9900, Energy: -6062313.5
Time taken:  13.681061029434204
Test Loss: 0.0000, Test Accuracy: 0.9933, Energy: -6055409.5
Time taken:  13.69835090637207
Test Loss: 0.0000, Test Accuracy: 0.9900, Energy: -6059743.5
Time taken:  13.78262186050415
Test Loss: 0.0000, Test Accuracy: 0.9933, Energy: -6055632.0
Time taken:  13.718358516693115
Test Loss: 0.0000, Test Accuracy: 0.9933, Energy: -6057194.0
Time taken:  13.662532806396484
Test Loss: 0.0000, Test Accuracy: 0.9900, Energy: -6063594.0
Time taken:  13.71032452583313
Test Loss: 0.0000, Test Accuracy: 0.9933, Energy: -6056590.5
Time taken:  13.801820755004883
Test Loss: 0.0000, Test Accuracy: 0.9900, Energy: -6063482.5
Time taken:  13.62228512763977
Test Loss: 0.0000, Test Accuracy: 0.9900, Energy: -6062533.5
Time taken:  13.60271406173706
Test Loss: 0.0000, Test Accuracy: 0.9933, Energy: -6056754.0
Time taken:  13.677300214767456
Test Loss: 0.0000, Test Accuracy: 0.9933, Energy: -6056747.5
Time taken:  13.693692922592163
Test Loss: 0.0000, Test Accuracy: 0.9933, Energy: -6058432.0
Time taken:  13.631592988967896
Test Loss: 0.0000, Test Accuracy: 0.9900, Energy: -6059872.0
Time taken:  13.643906593322754
Test Loss: 0.0000, Test Accuracy: 0.9900, Energy: -6063581.5
Time taken:  13.595054388046265
Test Loss: 0.0000, Test Accuracy: 0.9900, Energy: -6063582.5
Time taken:  13.72317385673523
Test Loss: 0.0000, Test Accuracy: 0.9933, Energy: -6056498.5
Time taken:  13.656840085983276
Test Loss: 0.0000, Test Accuracy: 0.9933, Energy: -6055005.5
Time taken:  13.611087560653687
Test Loss: 0.0000, Test Accuracy: 0.9900, Energy: -6062640.5
Time taken:  13.59381890296936
Test Loss: 0.0000, Test Accuracy: 0.9933, Energy: -6055749.0
Time taken:  13.713820457458496
Test Loss: 0.0000, Test Accuracy: 0.9933, Energy: -6054878.5
Time taken:  13.597028732299805
Test Loss: 0.0000, Test Accuracy: 0.9933, Energy: -6058687.5
Time taken:  13.631375074386597
Test Loss: 0.0000, Test Accuracy: 0.9900, Energy: -6062537.0
Time taken:  13.74523377418518
Test Loss: 0.0000, Test Accuracy: 0.9900, Energy: -6059909.0
Time taken:  13.617347955703735
Test Loss: 0.0000, Test Accuracy: 0.9933, Energy: -6056426.0
Time taken:  13.635215044021606
Test Loss: 0.0000, Test Accuracy: 0.9933, Energy: -6055817.0
Time taken:  13.656757593154907
Test Loss: 0.0000, Test Accuracy: 0.9833, Energy: -6383142.5
Time taken:  13.695072174072266
Test Loss: 0.0000, Test Accuracy: 0.9833, Energy: -6381261.0
Time taken:  13.591221332550049
Test Loss: 0.0000, Test Accuracy: 0.9867, Energy: -6376649.5
Time taken:  13.606301069259644
Test Loss: 0.0000, Test Accuracy: 0.9867, Energy: -6378578.5
Time taken:  13.60673975944519
Test Loss: 0.0000, Test Accuracy: 0.9867, Energy: -6370530.5
Time taken:  13.671624660491943
Test Loss: 0.0000, Test Accuracy: 0.9867, Energy: -6367710.0
Time taken:  13.632884979248047
Test Loss: 0.0000, Test Accuracy: 0.9867, Energy: -6364169.0
Time taken:  13.571975231170654
Test Loss: 0.0000, Test Accuracy: 0.9867, Energy: -6363893.5
Time taken:  13.616962909698486
Test Loss: 0.0000, Test Accuracy: 0.9867, Energy: -6364725.5
Time taken:  13.679811239242554
Test Loss: 0.0000, Test Accuracy: 0.9833, Energy: -6370652.5
Time taken:  13.62053656578064
Test Loss: 0.0000, Test Accuracy: 0.9867, Energy: -6368024.0
Time taken:  13.611694574356079
Test Loss: 0.0000, Test Accuracy: 0.9867, Energy: -6367404.0
Time taken:  13.560148477554321
Test Loss: 0.0000, Test Accuracy: 0.9867, Energy: -6365407.5
Time taken:  13.674787282943726
Test Loss: 0.0000, Test Accuracy: 0.9833, Energy: -6364067.5
Time taken:  13.615725994110107
Test Loss: 0.0000, Test Accuracy: 0.9867, Energy: -6362718.5
Time taken:  13.56506085395813
Test Loss: 0.0000, Test Accuracy: 0.9867, Energy: -6359460.5
Time taken:  13.581753015518188
Test Loss: 0.0000, Test Accuracy: 0.9833, Energy: -6359436.0
Time taken:  13.692492723464966
Test Loss: 0.0000, Test Accuracy: 0.9833, Energy: -6360125.5
Time taken:  13.579871654510498
Test Loss: 0.0000, Test Accuracy: 0.9833, Energy: -6363800.0
Time taken:  13.584809303283691
Test Loss: 0.0000, Test Accuracy: 0.9867, Energy: -6361780.5
Time taken:  13.611938238143921
Test Loss: 0.0000, Test Accuracy: 0.9867, Energy: -6361260.0
Time taken:  13.67029356956482
Test Loss: 0.0000, Test Accuracy: 0.9867, Energy: -6361025.5
Time taken:  13.564846277236938
Test Loss: 0.0000, Test Accuracy: 0.9867, Energy: -6359872.0
Time taken:  13.586547374725342
Test Loss: 0.0000, Test Accuracy: 0.9867, Energy: -6361249.0
Time taken:  13.593449592590332
Test Loss: 0.0000, Test Accuracy: 0.9833, Energy: -6363126.0
Time taken:  13.68912124633789
Test Loss: 0.0000, Test Accuracy: 0.9833, Energy: -6362824.5
Time taken:  13.599148035049438
Test Loss: 0.0000, Test Accuracy: 0.9833, Energy: -6361246.0
Time taken:  13.584531545639038
Test Loss: 0.0000, Test Accuracy: 0.9833, Energy: -6367120.0
Time taken:  13.600557565689087
Test Loss: 0.0000, Test Accuracy: 0.9833, Energy: -6360934.0
Time taken:  13.657301664352417
Test Loss: 0.0000, Test Accuracy: 0.9867, Energy: -6361342.5
Time taken:  13.583245277404785
Test Loss: 0.0000, Test Accuracy: 0.9867, Energy: -6360346.0
Time taken:  13.60781979560852
Final accuracies: [1.0, 0.9966666666666667, 0.9966666666666667, 0.9966666666666667, 0.9966666666666667, 0.9966666666666667, 0.9966666666666667, 0.9966666666666667, 1.0, 1.0, 1.0, 1.0, 1.0, 1.0, 1.0, 1.0, 1.0, 1.0, 1.0, 1.0, 1.0, 1.0, 1.0, 1.0, 1.0, 1.0, 1.0, 1.0, 0.9966666666666667, 0.9933333333333333, 0.99, 0.9466666666666667, 0.9933333333333333, 0.9933333333333333, 0.9933333333333333, 0.9766666666666667, 0.99, 0.9933333333333333, 0.99, 0.9933333333333333, 0.9933333333333333, 0.99, 0.99, 0.9933333333333333, 0.99, 0.9933333333333333, 0.99, 0.9933333333333333, 0.9933333333333333, 0.99, 0.9933333333333333, 0.99, 0.99, 0.9933333333333333, 0.9933333333333333, 0.9933333333333333, 0.99, 0.99, 0.99, 0.9933333333333333, 0.9933333333333333, 0.99, 0.9933333333333333, 0.9933333333333333, 0.9933333333333333, 0.99, 0.99, 0.9933333333333333, 0.9933333333333333, 0.9833333333333333, 0.9833333333333333, 0.9866666666666667, 0.9866666666666667, 0.9866666666666667, 0.9866666666666667, 0.9866666666666667, 0.9866666666666667, 0.9866666666666667, 0.9833333333333333, 0.9866666666666667, 0.9866666666666667, 0.9866666666666667, 0.9833333333333333, 0.9866666666666667, 0.9866666666666667, 0.9833333333333333, 0.9833333333333333, 0.9833333333333333, 0.9866666666666667, 0.9866666666666667, 0.9866666666666667, 0.9866666666666667, 0.9866666666666667, 0.9833333333333333, 0.9833333333333333, 0.9833333333333333, 0.9833333333333333, 0.9833333333333333, 0.9866666666666667, 0.9866666666666667]
Final energies: [-1640663.0, -2672645.75, -2696790.5, -2736198.25, -2745964.5, -2765831.25, -2771145.5, -2781298.75, -2816825.5, -2821134.5, -2824740.25, -2839535.5, -2842801.25, -2846595.5, -2852829.75, -2856877.5, -2860129.5, -2866553.5, -2873516.75, -2879397.0, -2882414.5, -2888977.5, -2897055.5, -2907052.25, -2926409.0, -3009003.5, -3059556.25, -3128754.0, -3282332.25, -2140117.75, -2799377.0, -6206058.5, -5957636.5, -5983961.0, -5990570.5, -6260613.0, -6067061.0, -6057808.5, -6062251.0, -6055797.0, -6056322.5, -6063467.5, -6063396.5, -6056324.5, -6062313.5, -6055409.5, -6059743.5, -6055632.0, -6057194.0, -6063594.0, -6056590.5, -6063482.5, -6062533.5, -6056754.0, -6056747.5, -6058432.0, -6059872.0, -6063581.5, -6063582.5, -6056498.5, -6055005.5, -6062640.5, -6055749.0, -6054878.5, -6058687.5, -6062537.0, -6059909.0, -6056426.0, -6055817.0, -6383142.5, -6381261.0, -6376649.5, -6378578.5, -6370530.5, -6367710.0, -6364169.0, -6363893.5, -6364725.5, -6370652.5, -6368024.0, -6367404.0, -6365407.5, -6364067.5, -6362718.5, -6359460.5, -6359436.0, -6360125.5, -6363800.0, -6361780.5, -6361260.0, -6361025.5, -6359872.0, -6361249.0, -6363126.0, -6362824.5, -6361246.0, -6367120.0, -6360934.0, -6361342.5, -6360346.0]
