Running with parameters: hidden=30, use_coupled=false, seed=7, lam=0.0, eta=0.0, batch=100
Test Loss: 0.0000, Test Accuracy: 0.9733, Energy: -4445.11328125
Time taken:  0.2008042335510254
Test Loss: 0.0000, Test Accuracy: 0.9867, Energy: -38846.25390625
Time taken:  0.1678459644317627
Test Loss: 0.0000, Test Accuracy: 0.9967, Energy: -116434.7890625
Time taken:  0.15187454223632812
Test Loss: 0.0000, Test Accuracy: 1.0000, Energy: -185830.15625
Time taken:  0.15222859382629395
Test Loss: 0.0000, Test Accuracy: 1.0000, Energy: -237943.578125
Time taken:  0.15280675888061523
Test Loss: 0.0000, Test Accuracy: 1.0000, Energy: -281687.90625
Time taken:  0.15516901016235352
Test Loss: 0.0000, Test Accuracy: 1.0000, Energy: -319514.09375
Time taken:  0.1515669822692871
Test Loss: 0.0000, Test Accuracy: 1.0000, Energy: -352534.21875
Time taken:  0.15130329132080078
Test Loss: 0.0000, Test Accuracy: 1.0000, Energy: -381303.40625
Time taken:  0.14879608154296875
Test Loss: 0.0000, Test Accuracy: 1.0000, Energy: -406832.5
Time taken:  0.15530800819396973
Test Loss: 0.0000, Test Accuracy: 0.9967, Energy: -429907.3125
Time taken:  0.1501762866973877
Test Loss: 0.0000, Test Accuracy: 0.9967, Energy: -450467.3125
Time taken:  0.14798402786254883
Test Loss: 0.0000, Test Accuracy: 0.9967, Energy: -468959.40625
Time taken:  0.15097379684448242
Test Loss: 0.0000, Test Accuracy: 0.9967, Energy: -485789.0
Time taken:  0.1559591293334961
Test Loss: 0.0000, Test Accuracy: 0.9967, Energy: -500924.3125
Time taken:  0.1515216827392578
Test Loss: 0.0000, Test Accuracy: 0.9967, Energy: -514457.84375
Time taken:  0.15338444709777832
Test Loss: 0.0000, Test Accuracy: 0.9967, Energy: -527227.4375
Time taken:  0.15079736709594727
Test Loss: 0.0000, Test Accuracy: 0.9967, Energy: -538561.25
Time taken:  0.15330934524536133
Test Loss: 0.0000, Test Accuracy: 0.9967, Energy: -548860.4375
Time taken:  0.15057373046875
Test Loss: 0.0000, Test Accuracy: 0.9967, Energy: -558185.4375
Time taken:  0.1485884189605713
Test Loss: 0.0000, Test Accuracy: 0.9967, Energy: -566773.3125
Time taken:  0.1501479148864746
Test Loss: 0.0000, Test Accuracy: 0.9967, Energy: -574447.875
Time taken:  0.1526644229888916
Test Loss: 0.0000, Test Accuracy: 0.9967, Energy: -581309.25
Time taken:  0.1501936912536621
Test Loss: 0.0000, Test Accuracy: 0.9933, Energy: -587019.8125
Time taken:  0.14978814125061035
Test Loss: 0.0000, Test Accuracy: 0.9933, Energy: -592870.0625
Time taken:  0.15077662467956543
Test Loss: 0.0000, Test Accuracy: 0.9933, Energy: -598167.125
Time taken:  0.15375995635986328
Test Loss: 0.0000, Test Accuracy: 0.9933, Energy: -603050.875
Time taken:  0.15309405326843262
Test Loss: 0.0000, Test Accuracy: 0.9933, Energy: -607521.9375
Time taken:  0.15108895301818848
Test Loss: 0.0000, Test Accuracy: 0.9933, Energy: -611545.5
Time taken:  0.15087580680847168
Test Loss: 0.0000, Test Accuracy: 0.9933, Energy: -615272.5
Time taken:  0.15417027473449707
Test Loss: 0.0000, Test Accuracy: 0.9933, Energy: -618464.375
Time taken:  0.14978766441345215
Test Loss: 0.0000, Test Accuracy: 0.9933, Energy: -621389.3125
Time taken:  0.14998912811279297
Test Loss: 0.0000, Test Accuracy: 0.9933, Energy: -624226.125
Time taken:  0.14932656288146973
Test Loss: 0.0000, Test Accuracy: 0.9900, Energy: -626067.4375
Time taken:  0.15185809135437012
Test Loss: 0.0000, Test Accuracy: 0.9900, Energy: -628363.6875
Time taken:  0.14962506294250488
Test Loss: 0.0000, Test Accuracy: 0.9900, Energy: -630448.6875
Time taken:  0.150712251663208
Test Loss: 0.0000, Test Accuracy: 0.9900, Energy: -632441.3125
Time taken:  0.15175342559814453
Test Loss: 0.0000, Test Accuracy: 0.9900, Energy: -634186.625
Time taken:  0.15810632705688477
Test Loss: 0.0000, Test Accuracy: 0.9900, Energy: -635768.75
Time taken:  0.15039825439453125
Test Loss: 0.0000, Test Accuracy: 0.9900, Energy: -637196.625
Time taken:  0.15123319625854492
Test Loss: 0.0000, Test Accuracy: 0.9900, Energy: -638534.5
Time taken:  0.1510169506072998
Test Loss: 0.0000, Test Accuracy: 0.9900, Energy: -639761.75
Time taken:  0.15301895141601562
Test Loss: 0.0000, Test Accuracy: 0.9900, Energy: -640901.25
Time taken:  0.15092992782592773
Test Loss: 0.0000, Test Accuracy: 0.9900, Energy: -641906.5
Time taken:  0.15051555633544922
Test Loss: 0.0000, Test Accuracy: 0.9900, Energy: -642815.75
Time taken:  0.15006232261657715
Test Loss: 0.0000, Test Accuracy: 0.9900, Energy: -643662.5
Time taken:  0.1534583568572998
Test Loss: 0.0000, Test Accuracy: 0.9900, Energy: -644382.4375
Time taken:  0.15030550956726074
Test Loss: 0.0000, Test Accuracy: 0.9900, Energy: -645016.9375
Time taken:  0.15082430839538574
Test Loss: 0.0000, Test Accuracy: 0.9900, Energy: -645625.125
Time taken:  0.1522538661956787
Test Loss: 0.0000, Test Accuracy: 0.9900, Energy: -646161.9375
Time taken:  0.15471577644348145
Test Loss: 0.0000, Test Accuracy: 0.9900, Energy: -646673.8125
Time taken:  0.1493682861328125
Test Loss: 0.0000, Test Accuracy: 0.9900, Energy: -647092.125
Time taken:  0.15102148056030273
Test Loss: 0.0000, Test Accuracy: 0.9900, Energy: -647480.625
Time taken:  0.1479785442352295
Test Loss: 0.0000, Test Accuracy: 0.9900, Energy: -647829.125
Time taken:  0.1544933319091797
Test Loss: 0.0000, Test Accuracy: 0.9900, Energy: -648169.375
Time taken:  0.14971184730529785
Test Loss: 0.0000, Test Accuracy: 0.9900, Energy: -648476.125
Time taken:  0.1499464511871338
Test Loss: 0.0000, Test Accuracy: 0.9900, Energy: -648829.375
Time taken:  0.15305876731872559
Test Loss: 0.0000, Test Accuracy: 0.9900, Energy: -649076.5625
Time taken:  0.1508190631866455
Test Loss: 0.0000, Test Accuracy: 0.9900, Energy: -649323.9375
Time taken:  0.15070319175720215
Test Loss: 0.0000, Test Accuracy: 0.9900, Energy: -649551.875
Time taken:  0.15375757217407227
Test Loss: 0.0000, Test Accuracy: 0.9900, Energy: -649786.0
Time taken:  0.15494942665100098
Test Loss: 0.0000, Test Accuracy: 0.9900, Energy: -649942.5625
Time taken:  0.15268707275390625
Test Loss: 0.0000, Test Accuracy: 0.9900, Energy: -650097.8125
Time taken:  0.15200400352478027
Test Loss: 0.0000, Test Accuracy: 0.9900, Energy: -650279.8125
Time taken:  0.14969587326049805
Test Loss: 0.0000, Test Accuracy: 0.9900, Energy: -650406.0
Time taken:  0.15710687637329102
Test Loss: 0.0000, Test Accuracy: 0.9900, Energy: -650610.0
Time taken:  0.15050482749938965
Test Loss: 0.0000, Test Accuracy: 0.9900, Energy: -650703.6875
Time taken:  0.1497821807861328
Test Loss: 0.0000, Test Accuracy: 0.9900, Energy: -650787.6875
Time taken:  0.14989137649536133
Test Loss: 0.0000, Test Accuracy: 0.9900, Energy: -650866.5625
Time taken:  0.15495872497558594
Test Loss: 0.0000, Test Accuracy: 0.9900, Energy: -650975.75
Time taken:  0.15161895751953125
Test Loss: 0.0000, Test Accuracy: 0.9900, Energy: -651046.875
Time taken:  0.15250372886657715
Test Loss: 0.0000, Test Accuracy: 0.9900, Energy: -651116.25
Time taken:  0.15100622177124023
Test Loss: 0.0000, Test Accuracy: 0.9900, Energy: -651185.5
Time taken:  0.15543699264526367
Test Loss: 0.0000, Test Accuracy: 0.9900, Energy: -651235.75
Time taken:  0.15091967582702637
Test Loss: 0.0000, Test Accuracy: 0.9900, Energy: -651288.375
Time taken:  0.14890837669372559
Test Loss: 0.0000, Test Accuracy: 0.9900, Energy: -651329.75
Time taken:  0.1506049633026123
Test Loss: 0.0000, Test Accuracy: 0.9900, Energy: -651363.6875
Time taken:  0.15272760391235352
Test Loss: 0.0000, Test Accuracy: 0.9900, Energy: -651395.0625
Time taken:  0.14981675148010254
Test Loss: 0.0000, Test Accuracy: 0.9900, Energy: -651423.375
Time taken:  0.14900946617126465
Test Loss: 0.0000, Test Accuracy: 0.9900, Energy: -651451.375
Time taken:  0.14962410926818848
Test Loss: 0.0000, Test Accuracy: 0.9900, Energy: -651496.0
Time taken:  0.1546156406402588
Test Loss: 0.0000, Test Accuracy: 0.9900, Energy: -651521.625
Time taken:  0.1515953540802002
Test Loss: 0.0000, Test Accuracy: 0.9900, Energy: -651538.75
Time taken:  0.1500110626220703
Test Loss: 0.0000, Test Accuracy: 0.9900, Energy: -651557.5625
Time taken:  0.15054917335510254
Test Loss: 0.0000, Test Accuracy: 0.9900, Energy: -651576.6875
Time taken:  0.15486621856689453
Test Loss: 0.0000, Test Accuracy: 0.9900, Energy: -651592.125
Time taken:  0.1479802131652832
Test Loss: 0.0000, Test Accuracy: 0.9900, Energy: -651602.0625
Time taken:  0.15079212188720703
Test Loss: 0.0000, Test Accuracy: 0.9900, Energy: -651614.6875
Time taken:  0.14838147163391113
Test Loss: 0.0000, Test Accuracy: 0.9900, Energy: -651627.0625
Time taken:  0.1528763771057129
Test Loss: 0.0000, Test Accuracy: 0.9900, Energy: -651637.5
Time taken:  0.14894318580627441
Test Loss: 0.0000, Test Accuracy: 0.9900, Energy: -651646.8125
Time taken:  0.1503744125366211
Test Loss: 0.0000, Test Accuracy: 0.9900, Energy: -651655.25
Time taken:  0.15027308464050293
Test Loss: 0.0000, Test Accuracy: 0.9900, Energy: -651662.625
Time taken:  0.15747618675231934
Test Loss: 0.0000, Test Accuracy: 0.9900, Energy: -651669.5625
Time taken:  0.15144848823547363
Test Loss: 0.0000, Test Accuracy: 0.9900, Energy: -651675.9375
Time taken:  0.15051865577697754
Test Loss: 0.0000, Test Accuracy: 0.9900, Energy: -651681.25
Time taken:  0.15097761154174805
Test Loss: 0.0000, Test Accuracy: 0.9900, Energy: -651686.3125
Time taken:  0.15353655815124512
Test Loss: 0.0000, Test Accuracy: 0.9900, Energy: -651691.0625
Time taken:  0.151108980178833
Test Loss: 0.0000, Test Accuracy: 0.9900, Energy: -651692.25
Time taken:  0.14954495429992676
Test Loss: 0.0000, Test Accuracy: 0.9900, Energy: -651696.125
Time taken:  0.15066194534301758
Final accuracies: [0.9733333333333334, 0.9866666666666667, 0.9966666666666667, 1.0, 1.0, 1.0, 1.0, 1.0, 1.0, 1.0, 0.9966666666666667, 0.9966666666666667, 0.9966666666666667, 0.9966666666666667, 0.9966666666666667, 0.9966666666666667, 0.9966666666666667, 0.9966666666666667, 0.9966666666666667, 0.9966666666666667, 0.9966666666666667, 0.9966666666666667, 0.9966666666666667, 0.9933333333333333, 0.9933333333333333, 0.9933333333333333, 0.9933333333333333, 0.9933333333333333, 0.9933333333333333, 0.9933333333333333, 0.9933333333333333, 0.9933333333333333, 0.9933333333333333, 0.99, 0.99, 0.99, 0.99, 0.99, 0.99, 0.99, 0.99, 0.99, 0.99, 0.99, 0.99, 0.99, 0.99, 0.99, 0.99, 0.99, 0.99, 0.99, 0.99, 0.99, 0.99, 0.99, 0.99, 0.99, 0.99, 0.99, 0.99, 0.99, 0.99, 0.99, 0.99, 0.99, 0.99, 0.99, 0.99, 0.99, 0.99, 0.99, 0.99, 0.99, 0.99, 0.99, 0.99, 0.99, 0.99, 0.99, 0.99, 0.99, 0.99, 0.99, 0.99, 0.99, 0.99, 0.99, 0.99, 0.99, 0.99, 0.99, 0.99, 0.99, 0.99, 0.99, 0.99, 0.99, 0.99, 0.99]
Final energies: [-4445.11328125, -38846.25390625, -116434.7890625, -185830.15625, -237943.578125, -281687.90625, -319514.09375, -352534.21875, -381303.40625, -406832.5, -429907.3125, -450467.3125, -468959.40625, -485789.0, -500924.3125, -514457.84375, -527227.4375, -538561.25, -548860.4375, -558185.4375, -566773.3125, -574447.875, -581309.25, -587019.8125, -592870.0625, -598167.125, -603050.875, -607521.9375, -611545.5, -615272.5, -618464.375, -621389.3125, -624226.125, -626067.4375, -628363.6875, -630448.6875, -632441.3125, -634186.625, -635768.75, -637196.625, -638534.5, -639761.75, -640901.25, -641906.5, -642815.75, -643662.5, -644382.4375, -645016.9375, -645625.125, -646161.9375, -646673.8125, -647092.125, -647480.625, -647829.125, -648169.375, -648476.125, -648829.375, -649076.5625, -649323.9375, -649551.875, -649786.0, -649942.5625, -650097.8125, -650279.8125, -650406.0, -650610.0, -650703.6875, -650787.6875, -650866.5625, -650975.75, -651046.875, -651116.25, -651185.5, -651235.75, -651288.375, -651329.75, -651363.6875, -651395.0625, -651423.375, -651451.375, -651496.0, -651521.625, -651538.75, -651557.5625, -651576.6875, -651592.125, -651602.0625, -651614.6875, -651627.0625, -651637.5, -651646.8125, -651655.25, -651662.625, -651669.5625, -651675.9375, -651681.25, -651686.3125, -651691.0625, -651692.25, -651696.125]
