Running with parameters: hidden=30, use_coupled=false, seed=85, lam=0.0, eta=0.0, batch=100
Test Loss: 0.0000, Test Accuracy: 0.5733, Energy: -5223.44921875
Time taken:  0.19001436233520508
Test Loss: 0.0000, Test Accuracy: 1.0000, Energy: -14925.5234375
Time taken:  0.17650103569030762
Test Loss: 0.0000, Test Accuracy: 0.9933, Energy: -57814.8671875
Time taken:  0.16443204879760742
Test Loss: 0.0000, Test Accuracy: 1.0000, Energy: -104995.984375
Time taken:  0.16214847564697266
Test Loss: 0.0000, Test Accuracy: 1.0000, Energy: -151295.1875
Time taken:  0.1627662181854248
Test Loss: 0.0000, Test Accuracy: 1.0000, Energy: -194770.15625
Time taken:  0.16703534126281738
Test Loss: 0.0000, Test Accuracy: 1.0000, Energy: -230050.875
Time taken:  0.1644141674041748
Test Loss: 0.0000, Test Accuracy: 1.0000, Energy: -260820.421875
Time taken:  0.16366982460021973
Test Loss: 0.0000, Test Accuracy: 1.0000, Energy: -287893.375
Time taken:  0.16639447212219238
Test Loss: 0.0000, Test Accuracy: 1.0000, Energy: -312376.84375
Time taken:  0.16278815269470215
Test Loss: 0.0000, Test Accuracy: 1.0000, Energy: -334249.1875
Time taken:  0.16305875778198242
Test Loss: 0.0000, Test Accuracy: 1.0000, Energy: -353875.34375
Time taken:  0.16047406196594238
Test Loss: 0.0000, Test Accuracy: 1.0000, Energy: -371494.5
Time taken:  0.16838455200195312
Test Loss: 0.0000, Test Accuracy: 1.0000, Energy: -387657.03125
Time taken:  0.16244721412658691
Test Loss: 0.0000, Test Accuracy: 1.0000, Energy: -402466.1875
Time taken:  0.16260552406311035
Test Loss: 0.0000, Test Accuracy: 1.0000, Energy: -415560.8125
Time taken:  0.16134405136108398
Test Loss: 0.0000, Test Accuracy: 1.0000, Energy: -427570.15625
Time taken:  0.1668548583984375
Test Loss: 0.0000, Test Accuracy: 1.0000, Energy: -438746.90625
Time taken:  0.1620476245880127
Test Loss: 0.0000, Test Accuracy: 1.0000, Energy: -448621.0625
Time taken:  0.16344690322875977
Test Loss: 0.0000, Test Accuracy: 1.0000, Energy: -457862.1875
Time taken:  0.16206669807434082
Test Loss: 0.0000, Test Accuracy: 1.0000, Energy: -466110.3125
Time taken:  0.16763591766357422
Test Loss: 0.0000, Test Accuracy: 1.0000, Energy: -473761.6875
Time taken:  0.1610713005065918
Test Loss: 0.0000, Test Accuracy: 1.0000, Energy: -480530.65625
Time taken:  0.16277217864990234
Test Loss: 0.0000, Test Accuracy: 1.0000, Energy: -486726.25
Time taken:  0.16620445251464844
Test Loss: 0.0000, Test Accuracy: 1.0000, Energy: -492472.25
Time taken:  0.1628093719482422
Test Loss: 0.0000, Test Accuracy: 1.0000, Energy: -497765.25
Time taken:  0.16225171089172363
Test Loss: 0.0000, Test Accuracy: 1.0000, Energy: -502612.46875
Time taken:  0.16328787803649902
Test Loss: 0.0000, Test Accuracy: 1.0000, Energy: -506909.875
Time taken:  0.16728615760803223
Test Loss: 0.0000, Test Accuracy: 1.0000, Energy: -510763.5
Time taken:  0.1621716022491455
Test Loss: 0.0000, Test Accuracy: 1.0000, Energy: -514206.1875
Time taken:  0.1615467071533203
Test Loss: 0.0000, Test Accuracy: 1.0000, Energy: -517463.96875
Time taken:  0.16245412826538086
Test Loss: 0.0000, Test Accuracy: 1.0000, Energy: -520534.4375
Time taken:  0.16625237464904785
Test Loss: 0.0000, Test Accuracy: 1.0000, Energy: -523177.3125
Time taken:  0.1617286205291748
Test Loss: 0.0000, Test Accuracy: 1.0000, Energy: -525686.5625
Time taken:  0.16156601905822754
Test Loss: 0.0000, Test Accuracy: 1.0000, Energy: -527909.4375
Time taken:  0.16613054275512695
Test Loss: 0.0000, Test Accuracy: 1.0000, Energy: -530081.6875
Time taken:  0.16113996505737305
Test Loss: 0.0000, Test Accuracy: 1.0000, Energy: -531903.875
Time taken:  0.16190576553344727
Test Loss: 0.0000, Test Accuracy: 1.0000, Energy: -533573.25
Time taken:  0.1626272201538086
Test Loss: 0.0000, Test Accuracy: 1.0000, Energy: -535104.4375
Time taken:  0.1660294532775879
Test Loss: 0.0000, Test Accuracy: 1.0000, Energy: -536477.0
Time taken:  0.1650228500366211
Test Loss: 0.0000, Test Accuracy: 1.0000, Energy: -537842.625
Time taken:  0.1618058681488037
Test Loss: 0.0000, Test Accuracy: 1.0000, Energy: -539020.3125
Time taken:  0.1622765064239502
Test Loss: 0.0000, Test Accuracy: 1.0000, Energy: -540053.625
Time taken:  0.16665410995483398
Test Loss: 0.0000, Test Accuracy: 1.0000, Energy: -541044.125
Time taken:  0.16288971900939941
Test Loss: 0.0000, Test Accuracy: 1.0000, Energy: -541931.125
Time taken:  0.16159343719482422
Test Loss: 0.0000, Test Accuracy: 1.0000, Energy: -542681.5625
Time taken:  0.16625308990478516
Test Loss: 0.0000, Test Accuracy: 1.0000, Energy: -543375.4375
Time taken:  0.1614234447479248
Test Loss: 0.0000, Test Accuracy: 1.0000, Energy: -544078.625
Time taken:  0.16303777694702148
Test Loss: 0.0000, Test Accuracy: 1.0000, Energy: -544700.75
Time taken:  0.1760416030883789
Test Loss: 0.0000, Test Accuracy: 1.0000, Energy: -545220.75
Time taken:  0.16660618782043457
Test Loss: 0.0000, Test Accuracy: 1.0000, Energy: -545775.25
Time taken:  0.1615145206451416
Test Loss: 0.0000, Test Accuracy: 1.0000, Energy: -546242.875
Time taken:  0.16126728057861328
Test Loss: 0.0000, Test Accuracy: 1.0000, Energy: -546643.6875
Time taken:  0.1618027687072754
Test Loss: 0.0000, Test Accuracy: 1.0000, Energy: -547008.375
Time taken:  0.16546845436096191
Test Loss: 0.0000, Test Accuracy: 1.0000, Energy: -547347.25
Time taken:  0.16296935081481934
Test Loss: 0.0000, Test Accuracy: 1.0000, Energy: -547681.875
Time taken:  0.1620028018951416
Test Loss: 0.0000, Test Accuracy: 1.0000, Energy: -547939.875
Time taken:  0.16701745986938477
Test Loss: 0.0000, Test Accuracy: 1.0000, Energy: -548186.0
Time taken:  0.16284584999084473
Test Loss: 0.0000, Test Accuracy: 1.0000, Energy: -548391.375
Time taken:  0.16195940971374512
Test Loss: 0.0000, Test Accuracy: 1.0000, Energy: -548599.375
Time taken:  0.16262030601501465
Test Loss: 0.0000, Test Accuracy: 1.0000, Energy: -548780.3125
Time taken:  0.16548562049865723
Test Loss: 0.0000, Test Accuracy: 1.0000, Energy: -548944.625
Time taken:  0.16232919692993164
Test Loss: 0.0000, Test Accuracy: 1.0000, Energy: -549090.5625
Time taken:  0.16176724433898926
Test Loss: 0.0000, Test Accuracy: 1.0000, Energy: -549232.625
Time taken:  0.16204261779785156
Test Loss: 0.0000, Test Accuracy: 1.0000, Energy: -549373.25
Time taken:  0.16611623764038086
Test Loss: 0.0000, Test Accuracy: 1.0000, Energy: -549499.625
Time taken:  0.1623094081878662
Test Loss: 0.0000, Test Accuracy: 1.0000, Energy: -549598.125
Time taken:  0.16124510765075684
Test Loss: 0.0000, Test Accuracy: 1.0000, Energy: -549691.125
Time taken:  0.16720271110534668
Test Loss: 0.0000, Test Accuracy: 1.0000, Energy: -549785.625
Time taken:  0.16223406791687012
Test Loss: 0.0000, Test Accuracy: 1.0000, Energy: -549890.9375
Time taken:  0.16293859481811523
Test Loss: 0.0000, Test Accuracy: 1.0000, Energy: -549975.625
Time taken:  0.16184210777282715
Test Loss: 0.0000, Test Accuracy: 1.0000, Energy: -550031.6875
Time taken:  0.16556334495544434
Test Loss: 0.0000, Test Accuracy: 1.0000, Energy: -550082.8125
Time taken:  0.16234397888183594
Test Loss: 0.0000, Test Accuracy: 1.0000, Energy: -550128.9375
Time taken:  0.16133832931518555
Test Loss: 0.0000, Test Accuracy: 1.0000, Energy: -550167.4375
Time taken:  0.16280579566955566
Test Loss: 0.0000, Test Accuracy: 1.0000, Energy: -550205.625
Time taken:  0.1665022373199463
Test Loss: 0.0000, Test Accuracy: 1.0000, Energy: -550240.0
Time taken:  0.16238689422607422
Test Loss: 0.0000, Test Accuracy: 1.0000, Energy: -550274.25
Time taken:  0.16252565383911133
Test Loss: 0.0000, Test Accuracy: 1.0000, Energy: -550315.25
Time taken:  0.16115164756774902
Test Loss: 0.0000, Test Accuracy: 1.0000, Energy: -550340.625
Time taken:  0.1665048599243164
Test Loss: 0.0000, Test Accuracy: 1.0000, Energy: -550363.75
Time taken:  0.16089081764221191
Test Loss: 0.0000, Test Accuracy: 1.0000, Energy: -550391.5625
Time taken:  0.16131043434143066
Test Loss: 0.0000, Test Accuracy: 1.0000, Energy: -550414.6875
Time taken:  0.16569924354553223
Test Loss: 0.0000, Test Accuracy: 1.0000, Energy: -550447.4375
Time taken:  0.16150498390197754
Test Loss: 0.0000, Test Accuracy: 1.0000, Energy: -550463.125
Time taken:  0.1617431640625
Test Loss: 0.0000, Test Accuracy: 1.0000, Energy: -550481.6875
Time taken:  0.1617887020111084
Test Loss: 0.0000, Test Accuracy: 1.0000, Energy: -550494.5625
Time taken:  0.1666560173034668
Test Loss: 0.0000, Test Accuracy: 1.0000, Energy: -550507.0
Time taken:  0.1614546775817871
Test Loss: 0.0000, Test Accuracy: 1.0000, Energy: -550517.5
Time taken:  0.16272354125976562
Test Loss: 0.0000, Test Accuracy: 1.0000, Energy: -550526.875
Time taken:  0.16345906257629395
Test Loss: 0.0000, Test Accuracy: 1.0000, Energy: -550538.625
Time taken:  0.1663215160369873
Test Loss: 0.0000, Test Accuracy: 1.0000, Energy: -550546.375
Time taken:  0.16187071800231934
Test Loss: 0.0000, Test Accuracy: 1.0000, Energy: -550553.5
Time taken:  0.16248822212219238
Test Loss: 0.0000, Test Accuracy: 1.0000, Energy: -550559.875
Time taken:  0.16612863540649414
Test Loss: 0.0000, Test Accuracy: 1.0000, Energy: -550565.75
Time taken:  0.16098332405090332
Test Loss: 0.0000, Test Accuracy: 1.0000, Energy: -550570.5625
Time taken:  0.16232037544250488
Test Loss: 0.0000, Test Accuracy: 1.0000, Energy: -550575.3125
Time taken:  0.16327142715454102
Test Loss: 0.0000, Test Accuracy: 1.0000, Energy: -550579.625
Time taken:  0.16706395149230957
Test Loss: 0.0000, Test Accuracy: 1.0000, Energy: -550583.5
Time taken:  0.16126537322998047
Test Loss: 0.0000, Test Accuracy: 1.0000, Energy: -550587.0
Time taken:  0.15883588790893555
Final accuracies: [0.5733333333333334, 1.0, 0.9933333333333333, 1.0, 1.0, 1.0, 1.0, 1.0, 1.0, 1.0, 1.0, 1.0, 1.0, 1.0, 1.0, 1.0, 1.0, 1.0, 1.0, 1.0, 1.0, 1.0, 1.0, 1.0, 1.0, 1.0, 1.0, 1.0, 1.0, 1.0, 1.0, 1.0, 1.0, 1.0, 1.0, 1.0, 1.0, 1.0, 1.0, 1.0, 1.0, 1.0, 1.0, 1.0, 1.0, 1.0, 1.0, 1.0, 1.0, 1.0, 1.0, 1.0, 1.0, 1.0, 1.0, 1.0, 1.0, 1.0, 1.0, 1.0, 1.0, 1.0, 1.0, 1.0, 1.0, 1.0, 1.0, 1.0, 1.0, 1.0, 1.0, 1.0, 1.0, 1.0, 1.0, 1.0, 1.0, 1.0, 1.0, 1.0, 1.0, 1.0, 1.0, 1.0, 1.0, 1.0, 1.0, 1.0, 1.0, 1.0, 1.0, 1.0, 1.0, 1.0, 1.0, 1.0, 1.0, 1.0, 1.0, 1.0]
Final energies: [-5223.44921875, -14925.5234375, -57814.8671875, -104995.984375, -151295.1875, -194770.15625, -230050.875, -260820.421875, -287893.375, -312376.84375, -334249.1875, -353875.34375, -371494.5, -387657.03125, -402466.1875, -415560.8125, -427570.15625, -438746.90625, -448621.0625, -457862.1875, -466110.3125, -473761.6875, -480530.65625, -486726.25, -492472.25, -497765.25, -502612.46875, -506909.875, -510763.5, -514206.1875, -517463.96875, -520534.4375, -523177.3125, -525686.5625, -527909.4375, -530081.6875, -531903.875, -533573.25, -535104.4375, -536477.0, -537842.625, -539020.3125, -540053.625, -541044.125, -541931.125, -542681.5625, -543375.4375, -544078.625, -544700.75, -545220.75, -545775.25, -546242.875, -546643.6875, -547008.375, -547347.25, -547681.875, -547939.875, -548186.0, -548391.375, -548599.375, -548780.3125, -548944.625, -549090.5625, -549232.625, -549373.25, -549499.625, -549598.125, -549691.125, -549785.625, -549890.9375, -549975.625, -550031.6875, -550082.8125, -550128.9375, -550167.4375, -550205.625, -550240.0, -550274.25, -550315.25, -550340.625, -550363.75, -550391.5625, -550414.6875, -550447.4375, -550463.125, -550481.6875, -550494.5625, -550507.0, -550517.5, -550526.875, -550538.625, -550546.375, -550553.5, -550559.875, -550565.75, -550570.5625, -550575.3125, -550579.625, -550583.5, -550587.0]
