Running with parameters: hidden=30, use_coupled=false, seed=25, lam=0.0, eta=0.0, batch=100
Test Loss: 0.0000, Test Accuracy: 0.8933, Energy: -1383.97119140625
Time taken:  0.17911362648010254
Test Loss: 0.0000, Test Accuracy: 1.0000, Energy: -23129.927734375
Time taken:  0.16450071334838867
Test Loss: 0.0000, Test Accuracy: 0.9933, Energy: -101220.8046875
Time taken:  0.15296196937561035
Test Loss: 0.0000, Test Accuracy: 0.9933, Energy: -174065.65625
Time taken:  0.15692925453186035
Test Loss: 0.0000, Test Accuracy: 0.9900, Energy: -237102.453125
Time taken:  0.15503239631652832
Test Loss: 0.0000, Test Accuracy: 0.9900, Energy: -290793.4375
Time taken:  0.15179800987243652
Test Loss: 0.0000, Test Accuracy: 0.9833, Energy: -337019.125
Time taken:  0.15260982513427734
Test Loss: 0.0000, Test Accuracy: 0.9900, Energy: -375833.28125
Time taken:  0.15673112869262695
Test Loss: 0.0000, Test Accuracy: 0.9867, Energy: -410573.96875
Time taken:  0.1532278060913086
Test Loss: 0.0000, Test Accuracy: 0.9867, Energy: -442071.375
Time taken:  0.15170860290527344
Test Loss: 0.0000, Test Accuracy: 0.9833, Energy: -470598.90625
Time taken:  0.15707826614379883
Test Loss: 0.0000, Test Accuracy: 0.9833, Energy: -496018.75
Time taken:  0.1565845012664795
Test Loss: 0.0000, Test Accuracy: 0.9833, Energy: -518938.75
Time taken:  0.15446114540100098
Test Loss: 0.0000, Test Accuracy: 0.9833, Energy: -539547.375
Time taken:  0.15321707725524902
Test Loss: 0.0000, Test Accuracy: 0.9800, Energy: -559570.375
Time taken:  0.15735960006713867
Test Loss: 0.0000, Test Accuracy: 0.9833, Energy: -576982.875
Time taken:  0.15285849571228027
Test Loss: 0.0000, Test Accuracy: 0.9833, Energy: -593202.375
Time taken:  0.15174245834350586
Test Loss: 0.0000, Test Accuracy: 0.9833, Energy: -608007.125
Time taken:  0.15434908866882324
Test Loss: 0.0000, Test Accuracy: 0.9833, Energy: -621354.0
Time taken:  0.2967052459716797
Test Loss: 0.0000, Test Accuracy: 0.9833, Energy: -633077.125
Time taken:  0.1515059471130371
Test Loss: 0.0000, Test Accuracy: 0.9833, Energy: -643952.6875
Time taken:  0.15104293823242188
Test Loss: 0.0000, Test Accuracy: 0.9833, Energy: -654080.875
Time taken:  0.1508023738861084
Test Loss: 0.0000, Test Accuracy: 0.9800, Energy: -663713.9375
Time taken:  0.1593477725982666
Test Loss: 0.0000, Test Accuracy: 0.9800, Energy: -672564.6875
Time taken:  0.15243172645568848
Test Loss: 0.0000, Test Accuracy: 0.9800, Energy: -680315.5
Time taken:  0.15209460258483887
Test Loss: 0.0000, Test Accuracy: 0.9800, Energy: -687217.0
Time taken:  0.1517629623413086
Test Loss: 0.0000, Test Accuracy: 0.9800, Energy: -693751.4375
Time taken:  0.15645337104797363
Test Loss: 0.0000, Test Accuracy: 0.9800, Energy: -699693.5625
Time taken:  0.15137791633605957
Test Loss: 0.0000, Test Accuracy: 0.9800, Energy: -704939.5625
Time taken:  0.15068745613098145
Test Loss: 0.0000, Test Accuracy: 0.9800, Energy: -709614.625
Time taken:  0.15354180335998535
Test Loss: 0.0000, Test Accuracy: 0.9800, Energy: -713932.5
Time taken:  0.15552425384521484
Test Loss: 0.0000, Test Accuracy: 0.9800, Energy: -718033.375
Time taken:  0.1510179042816162
Test Loss: 0.0000, Test Accuracy: 0.9800, Energy: -721666.5
Time taken:  0.15022683143615723
Test Loss: 0.0000, Test Accuracy: 0.9800, Energy: -724967.8125
Time taken:  0.1514275074005127
Test Loss: 0.0000, Test Accuracy: 0.9833, Energy: -727264.3125
Time taken:  0.15599679946899414
Test Loss: 0.0000, Test Accuracy: 0.9833, Energy: -730015.0625
Time taken:  0.1553788185119629
Test Loss: 0.0000, Test Accuracy: 0.9833, Energy: -732498.3125
Time taken:  0.15061402320861816
Test Loss: 0.0000, Test Accuracy: 0.9833, Energy: -734802.5
Time taken:  0.15263891220092773
Test Loss: 0.0000, Test Accuracy: 0.9833, Energy: -736840.0
Time taken:  0.15595245361328125
Test Loss: 0.0000, Test Accuracy: 0.9833, Energy: -738781.3125
Time taken:  0.15238285064697266
Test Loss: 0.0000, Test Accuracy: 0.9833, Energy: -740501.1875
Time taken:  0.1525568962097168
Test Loss: 0.0000, Test Accuracy: 0.9833, Energy: -742057.0
Time taken:  0.15228772163391113
Test Loss: 0.0000, Test Accuracy: 0.9833, Energy: -743630.125
Time taken:  0.15920019149780273
Test Loss: 0.0000, Test Accuracy: 0.9833, Energy: -744702.875
Time taken:  0.15502119064331055
Test Loss: 0.0000, Test Accuracy: 0.9833, Energy: -745871.375
Time taken:  0.15359258651733398
Test Loss: 0.0000, Test Accuracy: 0.9833, Energy: -746933.25
Time taken:  0.15207791328430176
Test Loss: 0.0000, Test Accuracy: 0.9833, Energy: -747891.5
Time taken:  0.15639305114746094
Test Loss: 0.0000, Test Accuracy: 0.9833, Energy: -748825.375
Time taken:  0.15219855308532715
Test Loss: 0.0000, Test Accuracy: 0.9800, Energy: -750344.625
Time taken:  0.15323376655578613
Test Loss: 0.0000, Test Accuracy: 0.9800, Energy: -751023.0
Time taken:  0.15146160125732422
Test Loss: 0.0000, Test Accuracy: 0.9800, Energy: -751783.4375
Time taken:  0.15520882606506348
Test Loss: 0.0000, Test Accuracy: 0.9800, Energy: -752415.625
Time taken:  0.15208745002746582
Test Loss: 0.0000, Test Accuracy: 0.9800, Energy: -752978.625
Time taken:  0.15201878547668457
Test Loss: 0.0000, Test Accuracy: 0.9800, Energy: -753585.75
Time taken:  0.15154004096984863
Test Loss: 0.0000, Test Accuracy: 0.9800, Energy: -754002.1875
Time taken:  0.15469861030578613
Test Loss: 0.0000, Test Accuracy: 0.9767, Energy: -747864.625
Time taken:  0.1541292667388916
Test Loss: 0.0000, Test Accuracy: 0.9767, Energy: -741524.5625
Time taken:  0.15322589874267578
Test Loss: 0.0000, Test Accuracy: 0.9767, Energy: -736229.125
Time taken:  0.15084528923034668
Test Loss: 0.0000, Test Accuracy: 0.9733, Energy: -732115.9375
Time taken:  0.1560685634613037
Test Loss: 0.0000, Test Accuracy: 0.9733, Energy: -727903.9375
Time taken:  0.15193700790405273
Test Loss: 0.0000, Test Accuracy: 0.9733, Energy: -724773.625
Time taken:  0.15213942527770996
Test Loss: 0.0000, Test Accuracy: 0.9733, Energy: -721922.25
Time taken:  0.15455985069274902
Test Loss: 0.0000, Test Accuracy: 0.9733, Energy: -719783.125
Time taken:  0.15628433227539062
Test Loss: 0.0000, Test Accuracy: 0.9733, Energy: -717853.0
Time taken:  0.15086698532104492
Test Loss: 0.0000, Test Accuracy: 0.9733, Energy: -716431.8125
Time taken:  0.15103626251220703
Test Loss: 0.0000, Test Accuracy: 0.9733, Energy: -715074.375
Time taken:  0.15076375007629395
Test Loss: 0.0000, Test Accuracy: 0.9733, Energy: -713934.375
Time taken:  0.1565265655517578
Test Loss: 0.0000, Test Accuracy: 0.9733, Energy: -712900.5
Time taken:  0.15127897262573242
Test Loss: 0.0000, Test Accuracy: 0.9733, Energy: -711962.625
Time taken:  0.1532731056213379
Test Loss: 0.0000, Test Accuracy: 0.9733, Energy: -711111.6875
Time taken:  0.15160012245178223
Test Loss: 0.0000, Test Accuracy: 0.9733, Energy: -710285.4375
Time taken:  0.1552906036376953
Test Loss: 0.0000, Test Accuracy: 0.9733, Energy: -709721.75
Time taken:  0.15182828903198242
Test Loss: 0.0000, Test Accuracy: 0.9733, Energy: -709130.75
Time taken:  0.15208721160888672
Test Loss: 0.0000, Test Accuracy: 0.9733, Energy: -708615.5
Time taken:  0.15145015716552734
Test Loss: 0.0000, Test Accuracy: 0.9733, Energy: -708150.0
Time taken:  0.1577894687652588
Test Loss: 0.0000, Test Accuracy: 0.9733, Energy: -707714.8125
Time taken:  0.15146756172180176
Test Loss: 0.0000, Test Accuracy: 0.9733, Energy: -707367.125
Time taken:  0.15236282348632812
Test Loss: 0.0000, Test Accuracy: 0.9733, Energy: -707016.1875
Time taken:  0.15318036079406738
Test Loss: 0.0000, Test Accuracy: 0.9733, Energy: -706698.8125
Time taken:  0.15614604949951172
Test Loss: 0.0000, Test Accuracy: 0.9733, Energy: -706421.625
Time taken:  0.15446782112121582
Test Loss: 0.0000, Test Accuracy: 0.9733, Energy: -706170.875
Time taken:  0.151275634765625
Test Loss: 0.0000, Test Accuracy: 0.9733, Energy: -705891.5
Time taken:  0.15533757209777832
Test Loss: 0.0000, Test Accuracy: 0.9733, Energy: -705599.9375
Time taken:  0.15683364868164062
Test Loss: 0.0000, Test Accuracy: 0.9733, Energy: -705450.75
Time taken:  0.15218329429626465
Test Loss: 0.0000, Test Accuracy: 0.9733, Energy: -705259.4375
Time taken:  0.15186333656311035
Test Loss: 0.0000, Test Accuracy: 0.9733, Energy: -705098.625
Time taken:  0.15255522727966309
Test Loss: 0.0000, Test Accuracy: 0.9733, Energy: -704940.875
Time taken:  0.15533185005187988
Test Loss: 0.0000, Test Accuracy: 0.9733, Energy: -704806.75
Time taken:  0.1544806957244873
Test Loss: 0.0000, Test Accuracy: 0.9733, Energy: -704694.875
Time taken:  0.15169501304626465
Test Loss: 0.0000, Test Accuracy: 0.9733, Energy: -704619.6875
Time taken:  0.15515851974487305
Test Loss: 0.0000, Test Accuracy: 0.9833, Energy: -690142.0
Time taken:  0.15276145935058594
Test Loss: 0.0000, Test Accuracy: 0.9967, Energy: -677316.9375
Time taken:  0.1523599624633789
Test Loss: 0.0000, Test Accuracy: 0.9967, Energy: -668850.3125
Time taken:  0.1520230770111084
Test Loss: 0.0000, Test Accuracy: 0.9967, Energy: -660987.375
Time taken:  0.1561262607574463
Test Loss: 0.0000, Test Accuracy: 0.9967, Energy: -653675.125
Time taken:  0.15446996688842773
Test Loss: 0.0000, Test Accuracy: 0.9967, Energy: -647194.625
Time taken:  0.1522223949432373
Test Loss: 0.0000, Test Accuracy: 0.9967, Energy: -641381.625
Time taken:  0.1535048484802246
Test Loss: 0.0000, Test Accuracy: 0.9967, Energy: -636242.4375
Time taken:  0.15722918510437012
Test Loss: 0.0000, Test Accuracy: 0.9967, Energy: -631582.0625
Time taken:  0.15474867820739746
Test Loss: 0.0000, Test Accuracy: 0.9967, Energy: -627147.875
Time taken:  0.15436911582946777
Final accuracies: [0.8933333333333333, 1.0, 0.9933333333333333, 0.9933333333333333, 0.99, 0.99, 0.9833333333333333, 0.99, 0.9866666666666667, 0.9866666666666667, 0.9833333333333333, 0.9833333333333333, 0.9833333333333333, 0.9833333333333333, 0.98, 0.9833333333333333, 0.9833333333333333, 0.9833333333333333, 0.9833333333333333, 0.9833333333333333, 0.9833333333333333, 0.9833333333333333, 0.98, 0.98, 0.98, 0.98, 0.98, 0.98, 0.98, 0.98, 0.98, 0.98, 0.98, 0.98, 0.9833333333333333, 0.9833333333333333, 0.9833333333333333, 0.9833333333333333, 0.9833333333333333, 0.9833333333333333, 0.9833333333333333, 0.9833333333333333, 0.9833333333333333, 0.9833333333333333, 0.9833333333333333, 0.9833333333333333, 0.9833333333333333, 0.9833333333333333, 0.98, 0.98, 0.98, 0.98, 0.98, 0.98, 0.98, 0.9766666666666667, 0.9766666666666667, 0.9766666666666667, 0.9733333333333334, 0.9733333333333334, 0.9733333333333334, 0.9733333333333334, 0.9733333333333334, 0.9733333333333334, 0.9733333333333334, 0.9733333333333334, 0.9733333333333334, 0.9733333333333334, 0.9733333333333334, 0.9733333333333334, 0.9733333333333334, 0.9733333333333334, 0.9733333333333334, 0.9733333333333334, 0.9733333333333334, 0.9733333333333334, 0.9733333333333334, 0.9733333333333334, 0.9733333333333334, 0.9733333333333334, 0.9733333333333334, 0.9733333333333334, 0.9733333333333334, 0.9733333333333334, 0.9733333333333334, 0.9733333333333334, 0.9733333333333334, 0.9733333333333334, 0.9733333333333334, 0.9733333333333334, 0.9833333333333333, 0.9966666666666667, 0.9966666666666667, 0.9966666666666667, 0.9966666666666667, 0.9966666666666667, 0.9966666666666667, 0.9966666666666667, 0.9966666666666667, 0.9966666666666667]
Final energies: [-1383.97119140625, -23129.927734375, -101220.8046875, -174065.65625, -237102.453125, -290793.4375, -337019.125, -375833.28125, -410573.96875, -442071.375, -470598.90625, -496018.75, -518938.75, -539547.375, -559570.375, -576982.875, -593202.375, -608007.125, -621354.0, -633077.125, -643952.6875, -654080.875, -663713.9375, -672564.6875, -680315.5, -687217.0, -693751.4375, -699693.5625, -704939.5625, -709614.625, -713932.5, -718033.375, -721666.5, -724967.8125, -727264.3125, -730015.0625, -732498.3125, -734802.5, -736840.0, -738781.3125, -740501.1875, -742057.0, -743630.125, -744702.875, -745871.375, -746933.25, -747891.5, -748825.375, -750344.625, -751023.0, -751783.4375, -752415.625, -752978.625, -753585.75, -754002.1875, -747864.625, -741524.5625, -736229.125, -732115.9375, -727903.9375, -724773.625, -721922.25, -719783.125, -717853.0, -716431.8125, -715074.375, -713934.375, -712900.5, -711962.625, -711111.6875, -710285.4375, -709721.75, -709130.75, -708615.5, -708150.0, -707714.8125, -707367.125, -707016.1875, -706698.8125, -706421.625, -706170.875, -705891.5, -705599.9375, -705450.75, -705259.4375, -705098.625, -704940.875, -704806.75, -704694.875, -704619.6875, -690142.0, -677316.9375, -668850.3125, -660987.375, -653675.125, -647194.625, -641381.625, -636242.4375, -631582.0625, -627147.875]
