Running with parameters: hidden=30, use_coupled=false, seed=99, lam=0.0, eta=0.0, batch=100
Test Loss: 0.0000, Test Accuracy: 0.5300, Energy: -3123.65234375
Time taken:  0.18965744972229004
Test Loss: 0.0000, Test Accuracy: 1.0000, Energy: -16851.134765625
Time taken:  0.1710810661315918
Test Loss: 0.0000, Test Accuracy: 1.0000, Energy: -60314.30078125
Time taken:  0.16710972785949707
Test Loss: 0.0000, Test Accuracy: 1.0000, Energy: -109460.765625
Time taken:  0.16104936599731445
Test Loss: 0.0000, Test Accuracy: 1.0000, Energy: -158063.125
Time taken:  0.1616518497467041
Test Loss: 0.0000, Test Accuracy: 1.0000, Energy: -197395.90625
Time taken:  0.16539287567138672
Test Loss: 0.0000, Test Accuracy: 0.9967, Energy: -230820.5
Time taken:  0.15996170043945312
Test Loss: 0.0000, Test Accuracy: 0.9967, Energy: -260436.78125
Time taken:  0.16127443313598633
Test Loss: 0.0000, Test Accuracy: 0.9933, Energy: -286643.34375
Time taken:  0.1632235050201416
Test Loss: 0.0000, Test Accuracy: 0.9933, Energy: -310305.125
Time taken:  0.169417142868042
Test Loss: 0.0000, Test Accuracy: 0.9933, Energy: -331264.03125
Time taken:  0.16154789924621582
Test Loss: 0.0000, Test Accuracy: 0.9900, Energy: -350174.40625
Time taken:  0.16262435913085938
Test Loss: 0.0000, Test Accuracy: 0.9900, Energy: -367935.65625
Time taken:  0.16016030311584473
Test Loss: 0.0000, Test Accuracy: 0.9900, Energy: -383826.75
Time taken:  0.1652238368988037
Test Loss: 0.0000, Test Accuracy: 1.0000, Energy: -393912.5
Time taken:  0.1616213321685791
Test Loss: 0.0000, Test Accuracy: 1.0000, Energy: -402992.0
Time taken:  0.16196632385253906
Test Loss: 0.0000, Test Accuracy: 1.0000, Energy: -412014.75
Time taken:  0.164262056350708
Test Loss: 0.0000, Test Accuracy: 1.0000, Energy: -420113.6875
Time taken:  0.1645185947418213
Test Loss: 0.0000, Test Accuracy: 1.0000, Energy: -427412.0625
Time taken:  0.16088414192199707
Test Loss: 0.0000, Test Accuracy: 0.9967, Energy: -434190.375
Time taken:  0.16146326065063477
Test Loss: 0.0000, Test Accuracy: 0.9933, Energy: -440938.0625
Time taken:  0.16462397575378418
Test Loss: 0.0000, Test Accuracy: 0.9933, Energy: -446471.0
Time taken:  0.16202235221862793
Test Loss: 0.0000, Test Accuracy: 0.9833, Energy: -452974.65625
Time taken:  0.1612544059753418
Test Loss: 0.0000, Test Accuracy: 0.9833, Energy: -458046.0
Time taken:  0.16060256958007812
Test Loss: 0.0000, Test Accuracy: 0.9800, Energy: -462565.0
Time taken:  0.16532111167907715
Test Loss: 0.0000, Test Accuracy: 0.9733, Energy: -467776.75
Time taken:  0.16124510765075684
Test Loss: 0.0000, Test Accuracy: 0.9733, Energy: -471735.75
Time taken:  0.16142702102661133
Test Loss: 0.0000, Test Accuracy: 0.9733, Energy: -474780.25
Time taken:  0.16635727882385254
Test Loss: 0.0000, Test Accuracy: 0.9700, Energy: -478430.375
Time taken:  0.1607677936553955
Test Loss: 0.0000, Test Accuracy: 0.9700, Energy: -481522.1875
Time taken:  0.1615443229675293
Test Loss: 0.0000, Test Accuracy: 0.9700, Energy: -484135.0625
Time taken:  0.1609325408935547
Test Loss: 0.0000, Test Accuracy: 0.9667, Energy: -487123.28125
Time taken:  0.1650397777557373
Test Loss: 0.0000, Test Accuracy: 0.9667, Energy: -489446.03125
Time taken:  0.16045546531677246
Test Loss: 0.0000, Test Accuracy: 0.9667, Energy: -491519.625
Time taken:  0.1610713005065918
Test Loss: 0.0000, Test Accuracy: 0.9667, Energy: -493297.1875
Time taken:  0.16029977798461914
Test Loss: 0.0000, Test Accuracy: 0.9667, Energy: -494914.0625
Time taken:  0.1665952205657959
Test Loss: 0.0000, Test Accuracy: 0.9733, Energy: -492295.5625
Time taken:  0.1609971523284912
Test Loss: 0.0000, Test Accuracy: 0.9833, Energy: -490693.59375
Time taken:  0.1609210968017578
Test Loss: 0.0000, Test Accuracy: 0.9967, Energy: -490335.9375
Time taken:  0.16011977195739746
Test Loss: 0.0000, Test Accuracy: 1.0000, Energy: -490966.1875
Time taken:  0.16481494903564453
Test Loss: 0.0000, Test Accuracy: 1.0000, Energy: -492224.875
Time taken:  0.16022300720214844
Test Loss: 0.0000, Test Accuracy: 1.0000, Energy: -493280.8125
Time taken:  0.1609821319580078
Test Loss: 0.0000, Test Accuracy: 1.0000, Energy: -494340.875
Time taken:  0.16470575332641602
Test Loss: 0.0000, Test Accuracy: 1.0000, Energy: -495035.125
Time taken:  0.16193199157714844
Test Loss: 0.0000, Test Accuracy: 1.0000, Energy: -495600.59375
Time taken:  0.15984368324279785
Test Loss: 0.0000, Test Accuracy: 0.9967, Energy: -496704.4375
Time taken:  0.16130423545837402
Test Loss: 0.0000, Test Accuracy: 0.9967, Energy: -497831.6875
Time taken:  0.1644458770751953
Test Loss: 0.0000, Test Accuracy: 0.9967, Energy: -499162.625
Time taken:  0.16152000427246094
Test Loss: 0.0000, Test Accuracy: 0.9967, Energy: -500306.125
Time taken:  0.161102294921875
Test Loss: 0.0000, Test Accuracy: 0.9967, Energy: -501545.875
Time taken:  0.160444974899292
Test Loss: 0.0000, Test Accuracy: 0.9967, Energy: -502678.75
Time taken:  0.16518568992614746
Test Loss: 0.0000, Test Accuracy: 0.9967, Energy: -503568.40625
Time taken:  0.16004467010498047
Test Loss: 0.0000, Test Accuracy: 0.9967, Energy: -504526.1875
Time taken:  0.16120171546936035
Test Loss: 0.0000, Test Accuracy: 0.9933, Energy: -505334.6875
Time taken:  0.16563653945922852
Test Loss: 0.0000, Test Accuracy: 0.9933, Energy: -506272.21875
Time taken:  0.161238431930542
Test Loss: 0.0000, Test Accuracy: 0.9933, Energy: -507234.6875
Time taken:  0.16010475158691406
Test Loss: 0.0000, Test Accuracy: 0.9933, Energy: -508136.09375
Time taken:  0.16159343719482422
Test Loss: 0.0000, Test Accuracy: 0.9933, Energy: -508922.25
Time taken:  0.16496610641479492
Test Loss: 0.0000, Test Accuracy: 0.9933, Energy: -509600.5625
Time taken:  0.1607656478881836
Test Loss: 0.0000, Test Accuracy: 0.9933, Energy: -510296.5
Time taken:  0.16012096405029297
Test Loss: 0.0000, Test Accuracy: 0.9933, Energy: -510774.28125
Time taken:  0.16007399559020996
Test Loss: 0.0000, Test Accuracy: 0.9933, Energy: -511336.09375
Time taken:  0.16435790061950684
Test Loss: 0.0000, Test Accuracy: 0.9933, Energy: -511865.1875
Time taken:  0.16149306297302246
Test Loss: 0.0000, Test Accuracy: 0.9933, Energy: -512346.78125
Time taken:  0.16182518005371094
Test Loss: 0.0000, Test Accuracy: 0.9933, Energy: -512798.84375
Time taken:  0.15967345237731934
Test Loss: 0.0000, Test Accuracy: 0.9933, Energy: -513075.625
Time taken:  0.16469836235046387
Test Loss: 0.0000, Test Accuracy: 0.9933, Energy: -513382.3125
Time taken:  0.16082477569580078
Test Loss: 0.0000, Test Accuracy: 0.9933, Energy: -513604.9375
Time taken:  0.16013288497924805
Test Loss: 0.0000, Test Accuracy: 0.9933, Energy: -513872.0625
Time taken:  0.16492462158203125
Test Loss: 0.0000, Test Accuracy: 0.9900, Energy: -514379.25
Time taken:  0.16008877754211426
Test Loss: 0.0000, Test Accuracy: 0.9900, Energy: -514602.3125
Time taken:  0.16057634353637695
Test Loss: 0.0000, Test Accuracy: 0.9900, Energy: -514842.96875
Time taken:  0.15990662574768066
Test Loss: 0.0000, Test Accuracy: 0.9900, Energy: -515066.65625
Time taken:  0.16321635246276855
Test Loss: 0.0000, Test Accuracy: 0.9900, Energy: -515284.125
Time taken:  0.1587052345275879
Test Loss: 0.0000, Test Accuracy: 0.9900, Energy: -515452.5
Time taken:  0.1596841812133789
Test Loss: 0.0000, Test Accuracy: 0.9900, Energy: -515536.6875
Time taken:  0.1612555980682373
Test Loss: 0.0000, Test Accuracy: 0.9900, Energy: -515670.0
Time taken:  0.16412973403930664
Test Loss: 0.0000, Test Accuracy: 0.9867, Energy: -515803.3125
Time taken:  0.16420817375183105
Test Loss: 0.0000, Test Accuracy: 0.9867, Energy: -515941.96875
Time taken:  0.16073036193847656
Test Loss: 0.0000, Test Accuracy: 0.9867, Energy: -516135.53125
Time taken:  0.16588735580444336
Test Loss: 0.0000, Test Accuracy: 0.9867, Energy: -516228.09375
Time taken:  0.16005301475524902
Test Loss: 0.0000, Test Accuracy: 0.9867, Energy: -516318.3125
Time taken:  0.16012930870056152
Test Loss: 0.0000, Test Accuracy: 0.9867, Energy: -516400.9375
Time taken:  0.15938448905944824
Test Loss: 0.0000, Test Accuracy: 0.9867, Energy: -516463.0
Time taken:  0.16454434394836426
Test Loss: 0.0000, Test Accuracy: 0.9867, Energy: -516528.125
Time taken:  0.16135454177856445
Test Loss: 0.0000, Test Accuracy: 0.9867, Energy: -516590.5
Time taken:  0.16132712364196777
Test Loss: 0.0000, Test Accuracy: 0.9867, Energy: -516633.125
Time taken:  0.16077303886413574
Test Loss: 0.0000, Test Accuracy: 0.9867, Energy: -516678.28125
Time taken:  0.16505765914916992
Test Loss: 0.0000, Test Accuracy: 0.9867, Energy: -516710.6875
Time taken:  0.16169285774230957
Test Loss: 0.0000, Test Accuracy: 0.9867, Energy: -516750.65625
Time taken:  0.16173362731933594
Test Loss: 0.0000, Test Accuracy: 0.9867, Energy: -516778.6875
Time taken:  0.16099905967712402
Test Loss: 0.0000, Test Accuracy: 0.9867, Energy: -516818.9375
Time taken:  0.16533565521240234
Test Loss: 0.0000, Test Accuracy: 0.9867, Energy: -516857.8125
Time taken:  0.1595289707183838
Test Loss: 0.0000, Test Accuracy: 0.9867, Energy: -516887.34375
Time taken:  0.16036558151245117
Test Loss: 0.0000, Test Accuracy: 0.9867, Energy: -516916.40625
Time taken:  0.16456174850463867
Test Loss: 0.0000, Test Accuracy: 0.9867, Energy: -516935.9375
Time taken:  0.16102361679077148
Test Loss: 0.0000, Test Accuracy: 0.9867, Energy: -516959.0625
Time taken:  0.1594562530517578
Test Loss: 0.0000, Test Accuracy: 0.9867, Energy: -516987.3125
Time taken:  0.16067242622375488
Test Loss: 0.0000, Test Accuracy: 0.9867, Energy: -517011.40625
Time taken:  0.16768765449523926
Test Loss: 0.0000, Test Accuracy: 0.9867, Energy: -517023.15625
Time taken:  0.15913844108581543
Final accuracies: [0.53, 1.0, 1.0, 1.0, 1.0, 1.0, 0.9966666666666667, 0.9966666666666667, 0.9933333333333333, 0.9933333333333333, 0.9933333333333333, 0.99, 0.99, 0.99, 1.0, 1.0, 1.0, 1.0, 1.0, 0.9966666666666667, 0.9933333333333333, 0.9933333333333333, 0.9833333333333333, 0.9833333333333333, 0.98, 0.9733333333333334, 0.9733333333333334, 0.9733333333333334, 0.97, 0.97, 0.97, 0.9666666666666667, 0.9666666666666667, 0.9666666666666667, 0.9666666666666667, 0.9666666666666667, 0.9733333333333334, 0.9833333333333333, 0.9966666666666667, 1.0, 1.0, 1.0, 1.0, 1.0, 1.0, 0.9966666666666667, 0.9966666666666667, 0.9966666666666667, 0.9966666666666667, 0.9966666666666667, 0.9966666666666667, 0.9966666666666667, 0.9966666666666667, 0.9933333333333333, 0.9933333333333333, 0.9933333333333333, 0.9933333333333333, 0.9933333333333333, 0.9933333333333333, 0.9933333333333333, 0.9933333333333333, 0.9933333333333333, 0.9933333333333333, 0.9933333333333333, 0.9933333333333333, 0.9933333333333333, 0.9933333333333333, 0.9933333333333333, 0.9933333333333333, 0.99, 0.99, 0.99, 0.99, 0.99, 0.99, 0.99, 0.99, 0.9866666666666667, 0.9866666666666667, 0.9866666666666667, 0.9866666666666667, 0.9866666666666667, 0.9866666666666667, 0.9866666666666667, 0.9866666666666667, 0.9866666666666667, 0.9866666666666667, 0.9866666666666667, 0.9866666666666667, 0.9866666666666667, 0.9866666666666667, 0.9866666666666667, 0.9866666666666667, 0.9866666666666667, 0.9866666666666667, 0.9866666666666667, 0.9866666666666667, 0.9866666666666667, 0.9866666666666667, 0.9866666666666667]
Final energies: [-3123.65234375, -16851.134765625, -60314.30078125, -109460.765625, -158063.125, -197395.90625, -230820.5, -260436.78125, -286643.34375, -310305.125, -331264.03125, -350174.40625, -367935.65625, -383826.75, -393912.5, -402992.0, -412014.75, -420113.6875, -427412.0625, -434190.375, -440938.0625, -446471.0, -452974.65625, -458046.0, -462565.0, -467776.75, -471735.75, -474780.25, -478430.375, -481522.1875, -484135.0625, -487123.28125, -489446.03125, -491519.625, -493297.1875, -494914.0625, -492295.5625, -490693.59375, -490335.9375, -490966.1875, -492224.875, -493280.8125, -494340.875, -495035.125, -495600.59375, -496704.4375, -497831.6875, -499162.625, -500306.125, -501545.875, -502678.75, -503568.40625, -504526.1875, -505334.6875, -506272.21875, -507234.6875, -508136.09375, -508922.25, -509600.5625, -510296.5, -510774.28125, -511336.09375, -511865.1875, -512346.78125, -512798.84375, -513075.625, -513382.3125, -513604.9375, -513872.0625, -514379.25, -514602.3125, -514842.96875, -515066.65625, -515284.125, -515452.5, -515536.6875, -515670.0, -515803.3125, -515941.96875, -516135.53125, -516228.09375, -516318.3125, -516400.9375, -516463.0, -516528.125, -516590.5, -516633.125, -516678.28125, -516710.6875, -516750.65625, -516778.6875, -516818.9375, -516857.8125, -516887.34375, -516916.40625, -516935.9375, -516959.0625, -516987.3125, -517011.40625, -517023.15625]
