Running with parameters: hidden=30, use_coupled=false, seed=60, lam=0.0, eta=0.0, batch=100
Test Loss: 0.0000, Test Accuracy: 0.7900, Energy: -6013.67578125
Time taken:  0.1787736415863037
Test Loss: 0.0000, Test Accuracy: 0.9967, Energy: -19798.708984375
Time taken:  0.16125798225402832
Test Loss: 0.0000, Test Accuracy: 1.0000, Energy: -67805.109375
Time taken:  0.1560521125793457
Test Loss: 0.0000, Test Accuracy: 1.0000, Energy: -126747.71875
Time taken:  0.15012097358703613
Test Loss: 0.0000, Test Accuracy: 0.9967, Energy: -183259.28125
Time taken:  0.15006160736083984
Test Loss: 0.0000, Test Accuracy: 0.9933, Energy: -230436.125
Time taken:  0.15110278129577637
Test Loss: 0.0000, Test Accuracy: 0.9900, Energy: -273983.96875
Time taken:  0.16136550903320312
Test Loss: 0.0000, Test Accuracy: 0.9900, Energy: -312768.375
Time taken:  0.1479635238647461
Test Loss: 0.0000, Test Accuracy: 0.9867, Energy: -344827.375
Time taken:  0.14995408058166504
Test Loss: 0.0000, Test Accuracy: 0.9833, Energy: -373699.5625
Time taken:  0.1492455005645752
Test Loss: 0.0000, Test Accuracy: 0.9833, Energy: -399097.65625
Time taken:  0.15467572212219238
Test Loss: 0.0000, Test Accuracy: 0.9833, Energy: -421853.78125
Time taken:  0.14818692207336426
Test Loss: 0.0000, Test Accuracy: 0.9800, Energy: -441772.3125
Time taken:  0.14968347549438477
Test Loss: 0.0000, Test Accuracy: 0.9800, Energy: -460671.9375
Time taken:  0.14910268783569336
Test Loss: 0.0000, Test Accuracy: 0.9800, Energy: -477918.5
Time taken:  0.1534414291381836
Test Loss: 0.0000, Test Accuracy: 0.9800, Energy: -490510.78125
Time taken:  0.14861154556274414
Test Loss: 0.0000, Test Accuracy: 0.9800, Energy: -502135.46875
Time taken:  0.14918899536132812
Test Loss: 0.0000, Test Accuracy: 0.9800, Energy: -512564.28125
Time taken:  0.1483469009399414
Test Loss: 0.0000, Test Accuracy: 0.9800, Energy: -521992.46875
Time taken:  0.15281987190246582
Test Loss: 0.0000, Test Accuracy: 0.9800, Energy: -530560.9375
Time taken:  0.14952921867370605
Test Loss: 0.0000, Test Accuracy: 0.9800, Energy: -538335.375
Time taken:  0.1500391960144043
Test Loss: 0.0000, Test Accuracy: 0.9800, Energy: -545104.75
Time taken:  0.14872288703918457
Test Loss: 0.0000, Test Accuracy: 0.9800, Energy: -551062.25
Time taken:  0.15298986434936523
Test Loss: 0.0000, Test Accuracy: 0.9800, Energy: -556159.0625
Time taken:  0.14928507804870605
Test Loss: 0.0000, Test Accuracy: 0.9800, Energy: -560443.1875
Time taken:  0.14836788177490234
Test Loss: 0.0000, Test Accuracy: 0.9800, Energy: -564172.4375
Time taken:  0.14769935607910156
Test Loss: 0.0000, Test Accuracy: 0.9800, Energy: -567763.5
Time taken:  0.15221357345581055
Test Loss: 0.0000, Test Accuracy: 0.9800, Energy: -570893.5
Time taken:  0.14977264404296875
Test Loss: 0.0000, Test Accuracy: 0.9800, Energy: -573844.5625
Time taken:  0.14952516555786133
Test Loss: 0.0000, Test Accuracy: 0.9800, Energy: -576533.625
Time taken:  0.14804315567016602
Test Loss: 0.0000, Test Accuracy: 0.9800, Energy: -578724.0625
Time taken:  0.1515212059020996
Test Loss: 0.0000, Test Accuracy: 0.9800, Energy: -581076.4375
Time taken:  0.15038156509399414
Test Loss: 0.0000, Test Accuracy: 0.9800, Energy: -582987.5625
Time taken:  0.15047430992126465
Test Loss: 0.0000, Test Accuracy: 0.9800, Energy: -584896.4375
Time taken:  0.14783978462219238
Test Loss: 0.0000, Test Accuracy: 0.9800, Energy: -586558.875
Time taken:  0.1485276222229004
Test Loss: 0.0000, Test Accuracy: 0.9800, Energy: -588120.125
Time taken:  0.15258026123046875
Test Loss: 0.0000, Test Accuracy: 0.9800, Energy: -589515.625
Time taken:  0.14999914169311523
Test Loss: 0.0000, Test Accuracy: 0.9800, Energy: -590856.5
Time taken:  0.14937901496887207
Test Loss: 0.0000, Test Accuracy: 0.9800, Energy: -591990.375
Time taken:  0.15000557899475098
Test Loss: 0.0000, Test Accuracy: 0.9800, Energy: -592975.4375
Time taken:  0.15547585487365723
Test Loss: 0.0000, Test Accuracy: 0.9800, Energy: -593954.625
Time taken:  0.15204334259033203
Test Loss: 0.0000, Test Accuracy: 0.9800, Energy: -594903.75
Time taken:  0.1485753059387207
Test Loss: 0.0000, Test Accuracy: 0.9800, Energy: -595825.125
Time taken:  0.1488339900970459
Test Loss: 0.0000, Test Accuracy: 0.9800, Energy: -596550.0625
Time taken:  0.1516273021697998
Test Loss: 0.0000, Test Accuracy: 0.9800, Energy: -597128.1875
Time taken:  0.1495203971862793
Test Loss: 0.0000, Test Accuracy: 0.9800, Energy: -597759.0
Time taken:  0.14910006523132324
Test Loss: 0.0000, Test Accuracy: 0.9800, Energy: -598345.8125
Time taken:  0.1486349105834961
Test Loss: 0.0000, Test Accuracy: 0.9800, Energy: -598861.25
Time taken:  0.15309953689575195
Test Loss: 0.0000, Test Accuracy: 0.9833, Energy: -601180.3125
Time taken:  0.14993882179260254
Test Loss: 0.0000, Test Accuracy: 0.9833, Energy: -601628.5
Time taken:  0.14817547798156738
Test Loss: 0.0000, Test Accuracy: 0.9833, Energy: -602106.6875
Time taken:  0.1492466926574707
Test Loss: 0.0000, Test Accuracy: 0.9833, Energy: -602546.625
Time taken:  0.15263628959655762
Test Loss: 0.0000, Test Accuracy: 0.9833, Energy: -602894.4375
Time taken:  0.14943456649780273
Test Loss: 0.0000, Test Accuracy: 0.9833, Energy: -603210.5625
Time taken:  0.14882469177246094
Test Loss: 0.0000, Test Accuracy: 0.9833, Energy: -603468.0
Time taken:  0.14842677116394043
Test Loss: 0.0000, Test Accuracy: 0.9833, Energy: -603714.8125
Time taken:  0.15258193016052246
Test Loss: 0.0000, Test Accuracy: 0.9833, Energy: -603980.375
Time taken:  0.14946651458740234
Test Loss: 0.0000, Test Accuracy: 0.9833, Energy: -604202.6875
Time taken:  0.14979863166809082
Test Loss: 0.0000, Test Accuracy: 0.9833, Energy: -604390.875
Time taken:  0.14910578727722168
Test Loss: 0.0000, Test Accuracy: 0.9833, Energy: -604532.0625
Time taken:  0.15275788307189941
Test Loss: 0.0000, Test Accuracy: 0.9833, Energy: -604695.5625
Time taken:  0.1484525203704834
Test Loss: 0.0000, Test Accuracy: 0.9833, Energy: -604828.0625
Time taken:  0.14908266067504883
Test Loss: 0.0000, Test Accuracy: 0.9833, Energy: -604952.375
Time taken:  0.1483452320098877
Test Loss: 0.0000, Test Accuracy: 0.9833, Energy: -605074.375
Time taken:  0.15511727333068848
Test Loss: 0.0000, Test Accuracy: 0.9833, Energy: -605178.125
Time taken:  0.1487586498260498
Test Loss: 0.0000, Test Accuracy: 0.9833, Energy: -605283.3125
Time taken:  0.1484217643737793
Test Loss: 0.0000, Test Accuracy: 0.9833, Energy: -605375.25
Time taken:  0.14790654182434082
Test Loss: 0.0000, Test Accuracy: 0.9833, Energy: -605453.6875
Time taken:  0.1538984775543213
Test Loss: 0.0000, Test Accuracy: 0.9833, Energy: -605516.375
Time taken:  0.14950823783874512
Test Loss: 0.0000, Test Accuracy: 0.9833, Energy: -605572.25
Time taken:  0.14852428436279297
Test Loss: 0.0000, Test Accuracy: 0.9833, Energy: -605640.5625
Time taken:  0.14791107177734375
Test Loss: 0.0000, Test Accuracy: 0.9833, Energy: -605716.9375
Time taken:  0.1520366668701172
Test Loss: 0.0000, Test Accuracy: 0.9833, Energy: -605789.125
Time taken:  0.14922308921813965
Test Loss: 0.0000, Test Accuracy: 0.9833, Energy: -605835.375
Time taken:  0.14963054656982422
Test Loss: 0.0000, Test Accuracy: 0.9833, Energy: -605909.1875
Time taken:  0.14741730690002441
Test Loss: 0.0000, Test Accuracy: 0.9833, Energy: -605952.5625
Time taken:  0.15270447731018066
Test Loss: 0.0000, Test Accuracy: 0.9833, Energy: -605978.9375
Time taken:  0.14814233779907227
Test Loss: 0.0000, Test Accuracy: 0.9833, Energy: -606020.1875
Time taken:  0.15018033981323242
Test Loss: 0.0000, Test Accuracy: 0.9833, Energy: -606058.625
Time taken:  0.14874982833862305
Test Loss: 0.0000, Test Accuracy: 0.9833, Energy: -606084.0
Time taken:  0.15268182754516602
Test Loss: 0.0000, Test Accuracy: 0.9833, Energy: -606107.0
Time taken:  0.1474297046661377
Test Loss: 0.0000, Test Accuracy: 0.9833, Energy: -606130.6875
Time taken:  0.1483156681060791
Test Loss: 0.0000, Test Accuracy: 0.9833, Energy: -606150.75
Time taken:  0.1488184928894043
Test Loss: 0.0000, Test Accuracy: 0.9833, Energy: -606173.375
Time taken:  0.1532595157623291
Test Loss: 0.0000, Test Accuracy: 0.9833, Energy: -606189.375
Time taken:  0.14808964729309082
Test Loss: 0.0000, Test Accuracy: 0.9833, Energy: -606207.75
Time taken:  0.14860773086547852
Test Loss: 0.0000, Test Accuracy: 0.9833, Energy: -606235.4375
Time taken:  0.14838504791259766
Test Loss: 0.0000, Test Accuracy: 0.9833, Energy: -606251.625
Time taken:  0.1531078815460205
Test Loss: 0.0000, Test Accuracy: 0.9833, Energy: -606280.1875
Time taken:  0.1496877670288086
Test Loss: 0.0000, Test Accuracy: 0.9833, Energy: -606292.75
Time taken:  0.15022563934326172
Test Loss: 0.0000, Test Accuracy: 0.9833, Energy: -606308.625
Time taken:  0.14898920059204102
Test Loss: 0.0000, Test Accuracy: 0.9833, Energy: -606322.0
Time taken:  0.15198731422424316
Test Loss: 0.0000, Test Accuracy: 0.9833, Energy: -606333.5
Time taken:  0.14858222007751465
Test Loss: 0.0000, Test Accuracy: 0.9833, Energy: -606340.75
Time taken:  0.1495211124420166
Test Loss: 0.0000, Test Accuracy: 0.9833, Energy: -606350.6875
Time taken:  0.15001273155212402
Test Loss: 0.0000, Test Accuracy: 0.9833, Energy: -606361.9375
Time taken:  0.15281033515930176
Test Loss: 0.0000, Test Accuracy: 0.9833, Energy: -606370.875
Time taken:  0.14844560623168945
Test Loss: 0.0000, Test Accuracy: 0.9833, Energy: -606378.0
Time taken:  0.14882683753967285
Test Loss: 0.0000, Test Accuracy: 0.9833, Energy: -606385.4375
Time taken:  0.14895153045654297
Test Loss: 0.0000, Test Accuracy: 0.9833, Energy: -606399.5
Time taken:  0.15230321884155273
Final accuracies: [0.79, 0.9966666666666667, 1.0, 1.0, 0.9966666666666667, 0.9933333333333333, 0.99, 0.99, 0.9866666666666667, 0.9833333333333333, 0.9833333333333333, 0.9833333333333333, 0.98, 0.98, 0.98, 0.98, 0.98, 0.98, 0.98, 0.98, 0.98, 0.98, 0.98, 0.98, 0.98, 0.98, 0.98, 0.98, 0.98, 0.98, 0.98, 0.98, 0.98, 0.98, 0.98, 0.98, 0.98, 0.98, 0.98, 0.98, 0.98, 0.98, 0.98, 0.98, 0.98, 0.98, 0.98, 0.98, 0.9833333333333333, 0.9833333333333333, 0.9833333333333333, 0.9833333333333333, 0.9833333333333333, 0.9833333333333333, 0.9833333333333333, 0.9833333333333333, 0.9833333333333333, 0.9833333333333333, 0.9833333333333333, 0.9833333333333333, 0.9833333333333333, 0.9833333333333333, 0.9833333333333333, 0.9833333333333333, 0.9833333333333333, 0.9833333333333333, 0.9833333333333333, 0.9833333333333333, 0.9833333333333333, 0.9833333333333333, 0.9833333333333333, 0.9833333333333333, 0.9833333333333333, 0.9833333333333333, 0.9833333333333333, 0.9833333333333333, 0.9833333333333333, 0.9833333333333333, 0.9833333333333333, 0.9833333333333333, 0.9833333333333333, 0.9833333333333333, 0.9833333333333333, 0.9833333333333333, 0.9833333333333333, 0.9833333333333333, 0.9833333333333333, 0.9833333333333333, 0.9833333333333333, 0.9833333333333333, 0.9833333333333333, 0.9833333333333333, 0.9833333333333333, 0.9833333333333333, 0.9833333333333333, 0.9833333333333333, 0.9833333333333333, 0.9833333333333333, 0.9833333333333333, 0.9833333333333333]
Final energies: [-6013.67578125, -19798.708984375, -67805.109375, -126747.71875, -183259.28125, -230436.125, -273983.96875, -312768.375, -344827.375, -373699.5625, -399097.65625, -421853.78125, -441772.3125, -460671.9375, -477918.5, -490510.78125, -502135.46875, -512564.28125, -521992.46875, -530560.9375, -538335.375, -545104.75, -551062.25, -556159.0625, -560443.1875, -564172.4375, -567763.5, -570893.5, -573844.5625, -576533.625, -578724.0625, -581076.4375, -582987.5625, -584896.4375, -586558.875, -588120.125, -589515.625, -590856.5, -591990.375, -592975.4375, -593954.625, -594903.75, -595825.125, -596550.0625, -597128.1875, -597759.0, -598345.8125, -598861.25, -601180.3125, -601628.5, -602106.6875, -602546.625, -602894.4375, -603210.5625, -603468.0, -603714.8125, -603980.375, -604202.6875, -604390.875, -604532.0625, -604695.5625, -604828.0625, -604952.375, -605074.375, -605178.125, -605283.3125, -605375.25, -605453.6875, -605516.375, -605572.25, -605640.5625, -605716.9375, -605789.125, -605835.375, -605909.1875, -605952.5625, -605978.9375, -606020.1875, -606058.625, -606084.0, -606107.0, -606130.6875, -606150.75, -606173.375, -606189.375, -606207.75, -606235.4375, -606251.625, -606280.1875, -606292.75, -606308.625, -606322.0, -606333.5, -606340.75, -606350.6875, -606361.9375, -606370.875, -606378.0, -606385.4375, -606399.5]
