Running with parameters: hidden=50, use_coupled=true, seed=12, lam=0.0, eta=1.0
Test Accuracy: 0.8367, Energy: 25.86
Time Taken:  12.138062953948975
Test Accuracy: 0.8367, Energy: 27.63
Time Taken:  12.097892761230469
Test Accuracy: 0.8367, Energy: 28.84
Time Taken:  12.102443933486938
Test Accuracy: 0.8400, Energy: 28.09
Time Taken:  12.179201126098633
Test Accuracy: 0.8400, Energy: 26.77
Time Taken:  12.179221868515015
Test Accuracy: 0.8400, Energy: 22.64
Time Taken:  12.101083278656006
Test Accuracy: 0.8400, Energy: 19.89
Time Taken:  12.125139951705933
Test Accuracy: 0.8433, Energy: 17.45
Time Taken:  12.127691745758057
Test Accuracy: 0.8433, Energy: 18.10
Time Taken:  12.17612886428833
Test Accuracy: 0.8467, Energy: 23.07
Time Taken:  12.123965978622437
Test Accuracy: 0.8467, Energy: 18.28
Time Taken:  12.130004405975342
Test Accuracy: 0.8433, Energy: 21.46
Time Taken:  12.185006618499756
Test Accuracy: 0.8433, Energy: 17.07
Time Taken:  12.105972528457642
Test Accuracy: 0.8433, Energy: 17.11
Time Taken:  12.110751152038574
Test Accuracy: 0.8433, Energy: 13.16
Time Taken:  12.114424228668213
Test Accuracy: 0.8433, Energy: 11.24
Time Taken:  12.121052265167236
Test Accuracy: 0.8467, Energy: 12.68
Time Taken:  12.126421451568604
Test Accuracy: 0.8467, Energy: 10.68
Time Taken:  12.125833988189697
Test Accuracy: 0.8733, Energy: 10.11
Time Taken:  12.134395360946655
Test Accuracy: 0.8767, Energy: 12.08
Time Taken:  12.195162534713745
Test Accuracy: 0.8767, Energy: 7.15
Time Taken:  12.118886232376099
Test Accuracy: 0.8767, Energy: 10.16
Time Taken:  12.126043319702148
Test Accuracy: 0.8767, Energy: 14.40
Time Taken:  12.139748573303223
Test Accuracy: 0.8767, Energy: 11.87
Time Taken:  12.135420799255371
Test Accuracy: 0.8767, Energy: 8.98
Time Taken:  12.13118314743042
Test Accuracy: 0.8767, Energy: 6.72
Time Taken:  12.142866849899292
Test Accuracy: 0.8800, Energy: 7.67
Time Taken:  12.130740642547607
Test Accuracy: 0.8833, Energy: 4.13
Time Taken:  12.181750774383545
Test Accuracy: 0.8867, Energy: 4.19
Time Taken:  12.12078070640564
Test Accuracy: 0.8867, Energy: 3.68
Time Taken:  12.11721920967102
Test Accuracy: 0.8867, Energy: 3.69
Time Taken:  12.12790322303772
Test Accuracy: 0.8367, Energy: 6.38
Time Taken:  12.125132083892822
Test Accuracy: 0.8367, Energy: 3.92
Time Taken:  12.135655164718628
Test Accuracy: 0.8433, Energy: 2.39
Time Taken:  12.141702651977539
Test Accuracy: 0.8833, Energy: 0.51
Time Taken:  12.136775493621826
Test Accuracy: 0.8867, Energy: 0.85
Time Taken:  12.167704343795776
Test Accuracy: 0.8867, Energy: 4.80
Time Taken:  12.118876218795776
Test Accuracy: 0.8867, Energy: 0.93
Time Taken:  12.144795894622803
Test Accuracy: 0.8867, Energy: -2.83
Time Taken:  12.54653549194336
Test Accuracy: 0.8867, Energy: -5.54
Time Taken:  12.143200159072876
Test Accuracy: 0.8867, Energy: -6.08
Time Taken:  12.12447738647461
Test Accuracy: 0.8867, Energy: -11.01
Time Taken:  12.144090414047241
Test Accuracy: 0.8867, Energy: -8.98
Time Taken:  12.137885570526123
Test Accuracy: 0.8867, Energy: -10.25
Time Taken:  12.180594444274902
Test Accuracy: 0.8867, Energy: -7.39
Time Taken:  12.147175788879395
Test Accuracy: 0.8833, Energy: -7.76
Time Taken:  12.125929832458496
Test Accuracy: 0.8833, Energy: -6.26
Time Taken:  12.133601427078247
Test Accuracy: 0.8833, Energy: -6.63
Time Taken:  12.140594005584717
Test Accuracy: 0.8500, Energy: -9.46
Time Taken:  12.130053758621216
Test Accuracy: 0.8833, Energy: -7.06
Time Taken:  12.161475896835327
Test Accuracy: 0.8833, Energy: -5.78
Time Taken:  12.17427921295166
Test Accuracy: 0.8533, Energy: -6.43
Time Taken:  12.180595636367798
Test Accuracy: 0.8500, Energy: -4.62
Time Taken:  12.124757766723633
Test Accuracy: 0.8500, Energy: -4.23
Time Taken:  12.126012325286865
Test Accuracy: 0.8467, Energy: -2.22
Time Taken:  12.133036613464355
Test Accuracy: 0.8467, Energy: -1.58
Time Taken:  12.138926982879639
Test Accuracy: 0.8467, Energy: -6.20
Time Taken:  12.148279666900635
Test Accuracy: 0.8433, Energy: -6.58
Time Taken:  12.157330989837646
Test Accuracy: 0.8433, Energy: -7.20
Time Taken:  12.184568166732788
Test Accuracy: 0.8433, Energy: -5.62
Time Taken:  12.124317646026611
Test Accuracy: 0.8433, Energy: -8.18
Time Taken:  12.128004550933838
Test Accuracy: 0.8433, Energy: -9.18
Time Taken:  12.129429340362549
Test Accuracy: 0.8400, Energy: -6.94
Time Taken:  12.152154922485352
Test Accuracy: 0.8400, Energy: -1.17
Time Taken:  12.142124652862549
Test Accuracy: 0.8400, Energy: 1.42
Time Taken:  12.139442205429077
Test Accuracy: 0.8433, Energy: 1.87
Time Taken:  12.138337135314941
Test Accuracy: 0.8433, Energy: 5.35
Time Taken:  12.22174596786499
Test Accuracy: 0.8433, Energy: 6.49
Time Taken:  12.143399953842163
Test Accuracy: 0.8467, Energy: 3.69
Time Taken:  12.147579193115234
Test Accuracy: 0.8467, Energy: 1.15
Time Taken:  12.153344869613647
Test Accuracy: 0.8433, Energy: 1.34
Time Taken:  12.130787372589111
Test Accuracy: 0.8433, Energy: -2.43
Time Taken:  12.138800621032715
Test Accuracy: 0.8433, Energy: -9.05
Time Taken:  12.143455982208252
Test Accuracy: 0.8433, Energy: -5.13
Time Taken:  12.1452157497406
Test Accuracy: 0.8467, Energy: -6.61
Time Taken:  12.193114280700684
Test Accuracy: 0.8467, Energy: -6.02
Time Taken:  12.1163649559021
Test Accuracy: 0.8500, Energy: -6.40
Time Taken:  12.13988184928894
Test Accuracy: 0.8500, Energy: -8.11
Time Taken:  12.212637662887573
Test Accuracy: 0.8500, Energy: -4.13
Time Taken:  12.155526638031006
Test Accuracy: 0.8500, Energy: 1.75
Time Taken:  12.163520336151123
Test Accuracy: 0.8500, Energy: 0.96
Time Taken:  12.154478549957275
Test Accuracy: 0.8533, Energy: -3.20
Time Taken:  12.187483787536621
Test Accuracy: 0.8500, Energy: -4.08
Time Taken:  12.224278450012207
Test Accuracy: 0.8567, Energy: -7.95
Time Taken:  12.150236129760742
Test Accuracy: 0.8533, Energy: -9.19
Time Taken:  12.153860807418823
Test Accuracy: 0.8533, Energy: -14.22
Time Taken:  12.124602556228638
Test Accuracy: 0.8533, Energy: -22.78
Time Taken:  12.199849367141724
Test Accuracy: 0.8533, Energy: -28.60
Time Taken:  12.141000509262085
Test Accuracy: 0.8533, Energy: -24.47
Time Taken:  12.166157484054565
Test Accuracy: 0.8500, Energy: -30.38
Time Taken:  12.181158065795898
Test Accuracy: 0.8600, Energy: -27.38
Time Taken:  12.179092407226562
Test Accuracy: 0.8600, Energy: -31.57
Time Taken:  12.176665306091309
Test Accuracy: 0.8600, Energy: -34.38
Time Taken:  12.143587350845337
Test Accuracy: 0.8567, Energy: -36.07
Time Taken:  12.144944429397583
Test Accuracy: 0.8567, Energy: -38.89
Time Taken:  12.15457558631897
Test Accuracy: 0.8567, Energy: -34.45
Time Taken:  12.156677722930908
Test Accuracy: 0.8567, Energy: -33.01
Time Taken:  12.17869758605957
Test Accuracy: 0.8567, Energy: -29.20
Time Taken:  12.160775423049927
Test Accuracy: 0.8567, Energy: -26.81
Time Taken:  12.191659927368164
Test Accuracy: 0.8600, Energy: -26.08
Time Taken:  12.156511783599854
Final accuracies: [0.8366666666666667, 0.8366666666666667, 0.8366666666666667, 0.84, 0.84, 0.84, 0.84, 0.8433333333333334, 0.8433333333333334, 0.8466666666666667, 0.8466666666666667, 0.8433333333333334, 0.8433333333333334, 0.8433333333333334, 0.8433333333333334, 0.8433333333333334, 0.8466666666666667, 0.8466666666666667, 0.8733333333333333, 0.8766666666666667, 0.8766666666666667, 0.8766666666666667, 0.8766666666666667, 0.8766666666666667, 0.8766666666666667, 0.8766666666666667, 0.88, 0.8833333333333333, 0.8866666666666667, 0.8866666666666667, 0.8866666666666667, 0.8366666666666667, 0.8366666666666667, 0.8433333333333334, 0.8833333333333333, 0.8866666666666667, 0.8866666666666667, 0.8866666666666667, 0.8866666666666667, 0.8866666666666667, 0.8866666666666667, 0.8866666666666667, 0.8866666666666667, 0.8866666666666667, 0.8866666666666667, 0.8833333333333333, 0.8833333333333333, 0.8833333333333333, 0.85, 0.8833333333333333, 0.8833333333333333, 0.8533333333333334, 0.85, 0.85, 0.8466666666666667, 0.8466666666666667, 0.8466666666666667, 0.8433333333333334, 0.8433333333333334, 0.8433333333333334, 0.8433333333333334, 0.8433333333333334, 0.84, 0.84, 0.84, 0.8433333333333334, 0.8433333333333334, 0.8433333333333334, 0.8466666666666667, 0.8466666666666667, 0.8433333333333334, 0.8433333333333334, 0.8433333333333334, 0.8433333333333334, 0.8466666666666667, 0.8466666666666667, 0.85, 0.85, 0.85, 0.85, 0.85, 0.8533333333333334, 0.85, 0.8566666666666667, 0.8533333333333334, 0.8533333333333334, 0.8533333333333334, 0.8533333333333334, 0.8533333333333334, 0.85, 0.86, 0.86, 0.86, 0.8566666666666667, 0.8566666666666667, 0.8566666666666667, 0.8566666666666667, 0.8566666666666667, 0.8566666666666667, 0.86]
Final energies: [25.861928939819336, 27.630992889404297, 28.843259811401367, 28.093856811523438, 26.7689151763916, 22.637836456298828, 19.89189338684082, 17.445627212524414, 18.09844207763672, 23.06594467163086, 18.284048080444336, 21.45983123779297, 17.065521240234375, 17.112201690673828, 13.162332534790039, 11.238653182983398, 12.681167602539062, 10.680858612060547, 10.113429069519043, 12.082466125488281, 7.149129867553711, 10.161517143249512, 14.404760360717773, 11.871033668518066, 8.981331825256348, 6.723493576049805, 7.674225807189941, 4.130233287811279, 4.188328266143799, 3.6844635009765625, 3.691784620285034, 6.382801055908203, 3.918262004852295, 2.387350082397461, 0.5058263540267944, 0.8482358455657959, 4.795961856842041, 0.9299832582473755, -2.8346848487854004, -5.542581558227539, -6.0805792808532715, -11.014437675476074, -8.97842788696289, -10.253507614135742, -7.3856658935546875, -7.756709098815918, -6.264551162719727, -6.629982948303223, -9.455676078796387, -7.06085729598999, -5.781558990478516, -6.42813777923584, -4.619370937347412, -4.230405807495117, -2.2169840335845947, -1.584954023361206, -6.195677757263184, -6.580198764801025, -7.195850849151611, -5.620871543884277, -8.1760835647583, -9.182426452636719, -6.944997787475586, -1.1748733520507812, 1.4228581190109253, 1.8680779933929443, 5.345795154571533, 6.487161159515381, 3.6853044033050537, 1.149368405342102, 1.3351658582687378, -2.425402879714966, -9.046775817871094, -5.1302924156188965, -6.6120147705078125, -6.024824619293213, -6.402700901031494, -8.106466293334961, -4.134206295013428, 1.750767707824707, 0.9586859941482544, -3.20320725440979, -4.080434322357178, -7.945986747741699, -9.190516471862793, -14.215825080871582, -22.775772094726562, -28.596698760986328, -24.46648406982422, -30.383928298950195, -27.383264541625977, -31.573528289794922, -34.37862777709961, -36.066680908203125, -38.891029357910156, -34.44944381713867, -33.0115852355957, -29.19773292541504, -26.811098098754883, -26.0765380859375]
