Running with parameters: hidden=50, use_coupled=true, seed=24, lam=0.0, eta=1.0
Test Accuracy: 0.7967, Energy: -48.74
Time Taken:  12.35118579864502
Test Accuracy: 0.7967, Energy: -50.03
Time Taken:  12.440704345703125
Test Accuracy: 0.7800, Energy: -46.61
Time Taken:  12.57334589958191
Test Accuracy: 0.7933, Energy: -47.97
Time Taken:  12.724292516708374
Test Accuracy: 0.7933, Energy: -51.49
Time Taken:  12.236615657806396
Test Accuracy: 0.7933, Energy: -49.14
Time Taken:  12.121446371078491
Test Accuracy: 0.7933, Energy: -47.38
Time Taken:  12.156761646270752
Test Accuracy: 0.7933, Energy: -47.26
Time Taken:  12.155556201934814
Test Accuracy: 0.7933, Energy: -48.98
Time Taken:  12.155088186264038
Test Accuracy: 0.7933, Energy: -48.07
Time Taken:  12.162024736404419
Test Accuracy: 0.7933, Energy: -46.78
Time Taken:  12.600414514541626
Test Accuracy: 0.7933, Energy: -47.92
Time Taken:  12.254978656768799
Test Accuracy: 0.7933, Energy: -44.49
Time Taken:  12.55893325805664
Test Accuracy: 0.7933, Energy: -43.66
Time Taken:  12.165502071380615
Test Accuracy: 0.7967, Energy: -44.33
Time Taken:  12.22166132926941
Test Accuracy: 0.7967, Energy: -44.02
Time Taken:  12.180437088012695
Test Accuracy: 0.7933, Energy: -44.53
Time Taken:  12.192468404769897
Test Accuracy: 0.7933, Energy: -42.60
Time Taken:  12.178377151489258
Test Accuracy: 0.7933, Energy: -46.93
Time Taken:  12.202776670455933
Test Accuracy: 0.7933, Energy: -46.51
Time Taken:  12.307495832443237
Test Accuracy: 0.7933, Energy: -50.02
Time Taken:  12.130792140960693
Test Accuracy: 0.7933, Energy: -48.88
Time Taken:  12.14069938659668
Test Accuracy: 0.7933, Energy: -49.38
Time Taken:  12.21575403213501
Test Accuracy: 0.8067, Energy: -51.42
Time Taken:  12.171127557754517
Test Accuracy: 0.8033, Energy: -51.32
Time Taken:  12.249715805053711
Test Accuracy: 0.8033, Energy: -49.33
Time Taken:  12.161430835723877
Test Accuracy: 0.8067, Energy: -47.08
Time Taken:  12.176339149475098
Test Accuracy: 0.8067, Energy: -47.21
Time Taken:  12.214988946914673
Test Accuracy: 0.8067, Energy: -49.46
Time Taken:  12.148839235305786
Test Accuracy: 0.8067, Energy: -49.67
Time Taken:  12.149014949798584
Test Accuracy: 0.8067, Energy: -48.34
Time Taken:  12.178074836730957
Test Accuracy: 0.8067, Energy: -47.88
Time Taken:  12.177539825439453
Test Accuracy: 0.8067, Energy: -46.89
Time Taken:  12.146904706954956
Test Accuracy: 0.8067, Energy: -48.78
Time Taken:  12.183403015136719
Test Accuracy: 0.8100, Energy: -49.01
Time Taken:  12.177006483078003
Test Accuracy: 0.8067, Energy: -47.78
Time Taken:  12.201670408248901
Test Accuracy: 0.8100, Energy: -50.83
Time Taken:  12.139131784439087
Test Accuracy: 0.8100, Energy: -49.14
Time Taken:  12.153907537460327
Test Accuracy: 0.8100, Energy: -46.89
Time Taken:  12.163487195968628
Test Accuracy: 0.8167, Energy: -48.70
Time Taken:  12.603830814361572
Test Accuracy: 0.8167, Energy: -50.55
Time Taken:  12.169609069824219
Test Accuracy: 0.8167, Energy: -45.85
Time Taken:  12.608228206634521
Test Accuracy: 0.8167, Energy: -40.52
Time Taken:  12.174960851669312
Test Accuracy: 0.8167, Energy: -41.60
Time Taken:  12.201109409332275
Test Accuracy: 0.8167, Energy: -43.14
Time Taken:  12.56938123703003
Test Accuracy: 0.8167, Energy: -42.46
Time Taken:  12.159240961074829
Test Accuracy: 0.8167, Energy: -43.32
Time Taken:  12.598888158798218
Test Accuracy: 0.8167, Energy: -42.09
Time Taken:  12.161076545715332
Test Accuracy: 0.8167, Energy: -44.99
Time Taken:  12.17503833770752
Test Accuracy: 0.8200, Energy: -41.19
Time Taken:  12.174422979354858
Test Accuracy: 0.8200, Energy: -39.15
Time Taken:  12.184231281280518
Test Accuracy: 0.8133, Energy: -42.86
Time Taken:  12.202608108520508
Test Accuracy: 0.8100, Energy: -40.82
Time Taken:  12.132532596588135
Test Accuracy: 0.8067, Energy: -40.82
Time Taken:  12.147796869277954
Test Accuracy: 0.8067, Energy: -43.08
Time Taken:  12.152349948883057
Test Accuracy: 0.8067, Energy: -42.81
Time Taken:  12.169277906417847
Test Accuracy: 0.8067, Energy: -38.83
Time Taken:  12.169926881790161
Test Accuracy: 0.8067, Energy: -42.05
Time Taken:  12.168531656265259
Test Accuracy: 0.8100, Energy: -43.12
Time Taken:  12.208337783813477
Test Accuracy: 0.8100, Energy: -43.87
Time Taken:  12.126452207565308
Test Accuracy: 0.8100, Energy: -39.82
Time Taken:  12.130162000656128
Test Accuracy: 0.8100, Energy: -38.56
Time Taken:  12.15880298614502
Test Accuracy: 0.8100, Energy: -35.62
Time Taken:  12.16151213645935
Test Accuracy: 0.8100, Energy: -35.26
Time Taken:  12.144712448120117
Test Accuracy: 0.8100, Energy: -36.88
Time Taken:  12.161792039871216
Test Accuracy: 0.8100, Energy: -37.66
Time Taken:  12.168015956878662
Test Accuracy: 0.8100, Energy: -38.35
Time Taken:  12.636054039001465
Test Accuracy: 0.8100, Energy: -38.38
Time Taken:  12.128402471542358
Test Accuracy: 0.8100, Energy: -38.05
Time Taken:  12.572029113769531
Test Accuracy: 0.8100, Energy: -38.44
Time Taken:  12.161144018173218
Test Accuracy: 0.8100, Energy: -36.47
Time Taken:  12.162895441055298
Test Accuracy: 0.8100, Energy: -38.44
Time Taken:  12.149254083633423
Test Accuracy: 0.8100, Energy: -40.26
Time Taken:  12.150421857833862
Test Accuracy: 0.8100, Energy: -42.10
Time Taken:  12.605277061462402
Test Accuracy: 0.8100, Energy: -42.16
Time Taken:  12.206881523132324
Test Accuracy: 0.8100, Energy: -46.17
Time Taken:  12.124909400939941
Test Accuracy: 0.8100, Energy: -43.49
Time Taken:  12.155362367630005
Test Accuracy: 0.8133, Energy: -45.02
Time Taken:  12.168318271636963
Test Accuracy: 0.8133, Energy: -40.95
Time Taken:  12.17741584777832
Test Accuracy: 0.8133, Energy: -41.50
Time Taken:  12.156197547912598
Test Accuracy: 0.7833, Energy: -43.41
Time Taken:  12.15966534614563
Test Accuracy: 0.8133, Energy: -44.81
Time Taken:  12.607032537460327
Test Accuracy: 0.8133, Energy: -43.76
Time Taken:  12.205073595046997
Test Accuracy: 0.8133, Energy: -45.80
Time Taken:  12.14580774307251
Test Accuracy: 0.8100, Energy: -48.50
Time Taken:  12.148272514343262
Test Accuracy: 0.8100, Energy: -48.47
Time Taken:  12.162773370742798
Test Accuracy: 0.8100, Energy: -48.90
Time Taken:  12.151542901992798
Test Accuracy: 0.8133, Energy: -49.63
Time Taken:  12.16136908531189
Test Accuracy: 0.8133, Energy: -54.71
Time Taken:  12.166383504867554
Test Accuracy: 0.8133, Energy: -54.61
Time Taken:  12.16682243347168
Test Accuracy: 0.8000, Energy: -53.93
Time Taken:  12.19823670387268
Test Accuracy: 0.8000, Energy: -54.12
Time Taken:  12.150528907775879
Test Accuracy: 0.8000, Energy: -54.58
Time Taken:  12.16625189781189
Test Accuracy: 0.8000, Energy: -55.00
Time Taken:  12.166423559188843
Test Accuracy: 0.8000, Energy: -53.47
Time Taken:  12.145903587341309
Test Accuracy: 0.8000, Energy: -52.23
Time Taken:  12.174926042556763
Test Accuracy: 0.8000, Energy: -52.98
Time Taken:  12.162836790084839
Test Accuracy: 0.8000, Energy: -48.82
Time Taken:  12.153239011764526
Test Accuracy: 0.8000, Energy: -50.36
Time Taken:  12.192899703979492
Test Accuracy: 0.7967, Energy: -51.74
Time Taken:  12.121845006942749
Final accuracies: [0.7966666666666666, 0.7966666666666666, 0.78, 0.7933333333333333, 0.7933333333333333, 0.7933333333333333, 0.7933333333333333, 0.7933333333333333, 0.7933333333333333, 0.7933333333333333, 0.7933333333333333, 0.7933333333333333, 0.7933333333333333, 0.7933333333333333, 0.7966666666666666, 0.7966666666666666, 0.7933333333333333, 0.7933333333333333, 0.7933333333333333, 0.7933333333333333, 0.7933333333333333, 0.7933333333333333, 0.7933333333333333, 0.8066666666666666, 0.8033333333333333, 0.8033333333333333, 0.8066666666666666, 0.8066666666666666, 0.8066666666666666, 0.8066666666666666, 0.8066666666666666, 0.8066666666666666, 0.8066666666666666, 0.8066666666666666, 0.81, 0.8066666666666666, 0.81, 0.81, 0.81, 0.8166666666666667, 0.8166666666666667, 0.8166666666666667, 0.8166666666666667, 0.8166666666666667, 0.8166666666666667, 0.8166666666666667, 0.8166666666666667, 0.8166666666666667, 0.8166666666666667, 0.82, 0.82, 0.8133333333333334, 0.81, 0.8066666666666666, 0.8066666666666666, 0.8066666666666666, 0.8066666666666666, 0.8066666666666666, 0.81, 0.81, 0.81, 0.81, 0.81, 0.81, 0.81, 0.81, 0.81, 0.81, 0.81, 0.81, 0.81, 0.81, 0.81, 0.81, 0.81, 0.81, 0.81, 0.8133333333333334, 0.8133333333333334, 0.8133333333333334, 0.7833333333333333, 0.8133333333333334, 0.8133333333333334, 0.8133333333333334, 0.81, 0.81, 0.81, 0.8133333333333334, 0.8133333333333334, 0.8133333333333334, 0.8, 0.8, 0.8, 0.8, 0.8, 0.8, 0.8, 0.8, 0.8, 0.7966666666666666]
Final energies: [-48.73936462402344, -50.02758026123047, -46.61125564575195, -47.97099685668945, -51.487335205078125, -49.14260482788086, -47.3819465637207, -47.25572204589844, -48.97907638549805, -48.067054748535156, -46.7840461730957, -47.92482376098633, -44.487003326416016, -43.66498565673828, -44.33271789550781, -44.02349090576172, -44.53360366821289, -42.59739685058594, -46.932029724121094, -46.51084899902344, -50.017765045166016, -48.87894058227539, -49.37977600097656, -51.419700622558594, -51.3177604675293, -49.33393859863281, -47.080936431884766, -47.207298278808594, -49.46208190917969, -49.67115020751953, -48.335472106933594, -47.8798713684082, -46.890995025634766, -48.77724838256836, -49.0078010559082, -47.778194427490234, -50.83054733276367, -49.14010238647461, -46.89125061035156, -48.696624755859375, -50.55132293701172, -45.8452262878418, -40.52032470703125, -41.59956359863281, -43.14011764526367, -42.46204376220703, -43.3183708190918, -42.08710479736328, -44.98564910888672, -41.189456939697266, -39.153831481933594, -42.86212921142578, -40.81856918334961, -40.819149017333984, -43.07771682739258, -42.81188201904297, -38.82960510253906, -42.05414962768555, -43.12286376953125, -43.87266540527344, -39.82382583618164, -38.5643196105957, -35.61946487426758, -35.261749267578125, -36.8811149597168, -37.6568717956543, -38.35340118408203, -38.38254165649414, -38.04538345336914, -38.44197463989258, -36.474891662597656, -38.43960952758789, -40.25879669189453, -42.10398483276367, -42.16494369506836, -46.16628646850586, -43.493988037109375, -45.020511627197266, -40.94706726074219, -41.499122619628906, -43.406063079833984, -44.805721282958984, -43.75739669799805, -45.801368713378906, -48.501705169677734, -48.47298049926758, -48.89747619628906, -49.62872314453125, -54.71488571166992, -54.61434555053711, -53.929656982421875, -54.115421295166016, -54.58137130737305, -55.00293731689453, -53.46711349487305, -52.22513198852539, -52.98267364501953, -48.8156623840332, -50.355045318603516, -51.74372482299805]
