Running with parameters: hidden=50, use_coupled=true, seed=57, lam=0.0, eta=1.0
Test Accuracy: 0.9433, Energy: -60.20
Time Taken:  12.801680564880371
Test Accuracy: 0.9433, Energy: -61.41
Time Taken:  12.555800914764404
Test Accuracy: 0.9433, Energy: -62.80
Time Taken:  12.54542326927185
Test Accuracy: 0.9433, Energy: -59.29
Time Taken:  12.630039930343628
Test Accuracy: 0.9433, Energy: -55.94
Time Taken:  12.529357433319092
Test Accuracy: 0.9500, Energy: -54.88
Time Taken:  12.510052680969238
Test Accuracy: 0.9500, Energy: -56.08
Time Taken:  12.596411228179932
Test Accuracy: 0.9500, Energy: -58.33
Time Taken:  12.540889501571655
Test Accuracy: 0.9500, Energy: -58.77
Time Taken:  12.561379194259644
Test Accuracy: 0.9500, Energy: -59.29
Time Taken:  12.55919098854065
Test Accuracy: 0.9500, Energy: -56.53
Time Taken:  12.583003282546997
Test Accuracy: 0.9500, Energy: -54.23
Time Taken:  12.644332647323608
Test Accuracy: 0.9467, Energy: -55.46
Time Taken:  12.483569145202637
Test Accuracy: 0.9467, Energy: -55.43
Time Taken:  12.580341339111328
Test Accuracy: 0.9467, Energy: -55.37
Time Taken:  12.574219703674316
Test Accuracy: 0.9467, Energy: -54.32
Time Taken:  12.605588436126709
Test Accuracy: 0.9467, Energy: -53.17
Time Taken:  12.569905519485474
Test Accuracy: 0.9467, Energy: -54.20
Time Taken:  12.54319715499878
Test Accuracy: 0.9467, Energy: -54.38
Time Taken:  12.220832109451294
Test Accuracy: 0.9467, Energy: -54.97
Time Taken:  12.502947568893433
Test Accuracy: 0.9467, Energy: -54.78
Time Taken:  12.553288459777832
Test Accuracy: 0.9467, Energy: -56.70
Time Taken:  12.527616500854492
Test Accuracy: 0.9467, Energy: -58.49
Time Taken:  12.530208587646484
Test Accuracy: 0.9467, Energy: -57.52
Time Taken:  12.586907148361206
Test Accuracy: 0.9467, Energy: -54.83
Time Taken:  12.574041366577148
Test Accuracy: 0.9467, Energy: -56.83
Time Taken:  12.586799144744873
Test Accuracy: 0.9467, Energy: -54.44
Time Taken:  12.547080755233765
Test Accuracy: 0.9467, Energy: -53.68
Time Taken:  12.622421026229858
Test Accuracy: 0.9467, Energy: -54.78
Time Taken:  12.544632911682129
Test Accuracy: 0.9467, Energy: -59.14
Time Taken:  12.521350383758545
Test Accuracy: 0.9467, Energy: -59.56
Time Taken:  12.606360912322998
Test Accuracy: 0.9467, Energy: -60.80
Time Taken:  12.548931360244751
Test Accuracy: 0.9567, Energy: -60.15
Time Taken:  12.56208348274231
Test Accuracy: 0.9533, Energy: -60.68
Time Taken:  12.577033519744873
Test Accuracy: 0.9533, Energy: -60.46
Time Taken:  12.591793060302734
Test Accuracy: 0.9500, Energy: -60.80
Time Taken:  12.626242876052856
Test Accuracy: 0.9500, Energy: -64.85
Time Taken:  12.504743099212646
Test Accuracy: 0.9500, Energy: -65.30
Time Taken:  12.578090906143188
Test Accuracy: 0.9500, Energy: -62.53
Time Taken:  12.588542222976685
Test Accuracy: 0.9467, Energy: -61.28
Time Taken:  12.589539766311646
Test Accuracy: 0.9467, Energy: -61.71
Time Taken:  12.552614212036133
Test Accuracy: 0.9467, Energy: -61.08
Time Taken:  12.542262077331543
Test Accuracy: 0.9467, Energy: -59.00
Time Taken:  12.625352144241333
Test Accuracy: 0.9467, Energy: -59.06
Time Taken:  12.621992826461792
Test Accuracy: 0.9467, Energy: -55.53
Time Taken:  12.54784631729126
Test Accuracy: 0.9467, Energy: -55.99
Time Taken:  12.536187648773193
Test Accuracy: 0.9467, Energy: -56.88
Time Taken:  12.564093112945557
Test Accuracy: 0.9467, Energy: -58.46
Time Taken:  12.568503379821777
Test Accuracy: 0.9467, Energy: -58.77
Time Taken:  12.572508573532104
Test Accuracy: 0.9467, Energy: -58.60
Time Taken:  12.636999607086182
Test Accuracy: 0.9467, Energy: -60.23
Time Taken:  12.552228450775146
Test Accuracy: 0.9467, Energy: -59.71
Time Taken:  12.632818222045898
Test Accuracy: 0.9467, Energy: -62.96
Time Taken:  12.54910922050476
Test Accuracy: 0.9467, Energy: -62.06
Time Taken:  12.549318313598633
Test Accuracy: 0.9500, Energy: -60.86
Time Taken:  12.603021144866943
Test Accuracy: 0.9500, Energy: -60.36
Time Taken:  12.537545680999756
Test Accuracy: 0.9500, Energy: -59.46
Time Taken:  12.591759443283081
Test Accuracy: 0.9500, Energy: -59.46
Time Taken:  12.518409967422485
Test Accuracy: 0.9500, Energy: -61.44
Time Taken:  12.653637886047363
Test Accuracy: 0.9533, Energy: -62.15
Time Taken:  12.517511129379272
Test Accuracy: 0.9533, Energy: -60.53
Time Taken:  12.532355785369873
Test Accuracy: 0.9533, Energy: -60.96
Time Taken:  12.620131492614746
Test Accuracy: 0.9533, Energy: -62.58
Time Taken:  12.581280708312988
Test Accuracy: 0.9533, Energy: -62.59
Time Taken:  12.588046073913574
Test Accuracy: 0.9567, Energy: -63.11
Time Taken:  12.555995464324951
Test Accuracy: 0.9567, Energy: -65.01
Time Taken:  12.545069694519043
Test Accuracy: 0.9567, Energy: -63.54
Time Taken:  12.639591932296753
Test Accuracy: 0.9567, Energy: -63.21
Time Taken:  12.531502962112427
Test Accuracy: 0.9533, Energy: -67.77
Time Taken:  12.55028486251831
Test Accuracy: 0.9533, Energy: -65.58
Time Taken:  12.543155193328857
Test Accuracy: 0.9533, Energy: -66.10
Time Taken:  12.571423530578613
Test Accuracy: 0.9533, Energy: -66.61
Time Taken:  12.558281183242798
Test Accuracy: 0.9533, Energy: -66.96
Time Taken:  12.603205919265747
Test Accuracy: 0.9533, Energy: -63.75
Time Taken:  12.604152917861938
Test Accuracy: 0.9533, Energy: -63.38
Time Taken:  12.592655420303345
Test Accuracy: 0.9533, Energy: -60.35
Time Taken:  12.534248113632202
Test Accuracy: 0.9533, Energy: -64.16
Time Taken:  12.552903175354004
Test Accuracy: 0.9533, Energy: -61.69
Time Taken:  12.570245027542114
Test Accuracy: 0.9533, Energy: -64.98
Time Taken:  12.583565473556519
Test Accuracy: 0.9533, Energy: -64.82
Time Taken:  12.523669719696045
Test Accuracy: 0.9533, Energy: -64.90
Time Taken:  12.582391500473022
Test Accuracy: 0.9533, Energy: -64.55
Time Taken:  12.602883338928223
Test Accuracy: 0.9500, Energy: -66.56
Time Taken:  12.637220859527588
Test Accuracy: 0.9500, Energy: -66.32
Time Taken:  12.528362512588501
Test Accuracy: 0.9500, Energy: -69.00
Time Taken:  12.532886981964111
Test Accuracy: 0.9500, Energy: -69.20
Time Taken:  12.596311092376709
Test Accuracy: 0.9500, Energy: -68.93
Time Taken:  12.577241659164429
Test Accuracy: 0.9500, Energy: -68.38
Time Taken:  12.57680368423462
Test Accuracy: 0.9467, Energy: -70.62
Time Taken:  12.561461448669434
Test Accuracy: 0.9467, Energy: -68.97
Time Taken:  12.526900291442871
Test Accuracy: 0.9467, Energy: -69.14
Time Taken:  12.622772216796875
Test Accuracy: 0.9467, Energy: -69.59
Time Taken:  12.554840564727783
Test Accuracy: 0.9467, Energy: -68.54
Time Taken:  12.623028993606567
Test Accuracy: 0.9467, Energy: -69.72
Time Taken:  12.541146993637085
Test Accuracy: 0.9467, Energy: -70.50
Time Taken:  12.589224100112915
Test Accuracy: 0.9433, Energy: -70.02
Time Taken:  12.605554580688477
Test Accuracy: 0.9433, Energy: -71.52
Time Taken:  12.600937604904175
Test Accuracy: 0.9467, Energy: -70.59
Time Taken:  12.560885667800903
Test Accuracy: 0.9467, Energy: -69.30
Time Taken:  12.609028100967407
Test Accuracy: 0.9433, Energy: -71.61
Time Taken:  12.583814859390259
Final accuracies: [0.9433333333333334, 0.9433333333333334, 0.9433333333333334, 0.9433333333333334, 0.9433333333333334, 0.95, 0.95, 0.95, 0.95, 0.95, 0.95, 0.95, 0.9466666666666667, 0.9466666666666667, 0.9466666666666667, 0.9466666666666667, 0.9466666666666667, 0.9466666666666667, 0.9466666666666667, 0.9466666666666667, 0.9466666666666667, 0.9466666666666667, 0.9466666666666667, 0.9466666666666667, 0.9466666666666667, 0.9466666666666667, 0.9466666666666667, 0.9466666666666667, 0.9466666666666667, 0.9466666666666667, 0.9466666666666667, 0.9466666666666667, 0.9566666666666667, 0.9533333333333334, 0.9533333333333334, 0.95, 0.95, 0.95, 0.95, 0.9466666666666667, 0.9466666666666667, 0.9466666666666667, 0.9466666666666667, 0.9466666666666667, 0.9466666666666667, 0.9466666666666667, 0.9466666666666667, 0.9466666666666667, 0.9466666666666667, 0.9466666666666667, 0.9466666666666667, 0.9466666666666667, 0.9466666666666667, 0.9466666666666667, 0.95, 0.95, 0.95, 0.95, 0.95, 0.9533333333333334, 0.9533333333333334, 0.9533333333333334, 0.9533333333333334, 0.9533333333333334, 0.9566666666666667, 0.9566666666666667, 0.9566666666666667, 0.9566666666666667, 0.9533333333333334, 0.9533333333333334, 0.9533333333333334, 0.9533333333333334, 0.9533333333333334, 0.9533333333333334, 0.9533333333333334, 0.9533333333333334, 0.9533333333333334, 0.9533333333333334, 0.9533333333333334, 0.9533333333333334, 0.9533333333333334, 0.9533333333333334, 0.95, 0.95, 0.95, 0.95, 0.95, 0.95, 0.9466666666666667, 0.9466666666666667, 0.9466666666666667, 0.9466666666666667, 0.9466666666666667, 0.9466666666666667, 0.9466666666666667, 0.9433333333333334, 0.9433333333333334, 0.9466666666666667, 0.9466666666666667, 0.9433333333333334]
Final energies: [-60.200923919677734, -61.411643981933594, -62.798301696777344, -59.28598403930664, -55.94244384765625, -54.87550735473633, -56.0811882019043, -58.32726287841797, -58.76915740966797, -59.28731918334961, -56.53375244140625, -54.23221969604492, -55.455787658691406, -55.4319953918457, -55.37156295776367, -54.32106018066406, -53.16664505004883, -54.195526123046875, -54.381126403808594, -54.96689987182617, -54.78218078613281, -56.700069427490234, -58.49212646484375, -57.52133560180664, -54.82549285888672, -56.82658767700195, -54.4439582824707, -53.67591857910156, -54.77719497680664, -59.13732147216797, -59.55513381958008, -60.802650451660156, -60.154754638671875, -60.682151794433594, -60.45805358886719, -60.7997932434082, -64.84551239013672, -65.29645538330078, -62.5323371887207, -61.28495407104492, -61.71067810058594, -61.0792236328125, -58.99665069580078, -59.05732727050781, -55.53194046020508, -55.98866653442383, -56.87718200683594, -58.46116256713867, -58.76921844482422, -58.59991455078125, -60.227561950683594, -59.71400833129883, -62.95512390136719, -62.05558395385742, -60.86456298828125, -60.35872268676758, -59.455867767333984, -59.460296630859375, -61.44340896606445, -62.15275955200195, -60.53316116333008, -60.963382720947266, -62.58159637451172, -62.594337463378906, -63.11186218261719, -65.00540161132812, -63.538536071777344, -63.21450424194336, -67.77352142333984, -65.58196258544922, -66.099853515625, -66.61331939697266, -66.95962524414062, -63.75215530395508, -63.38108444213867, -60.346717834472656, -64.1612548828125, -61.69481658935547, -64.98260498046875, -64.81919860839844, -64.89623260498047, -64.54922485351562, -66.55841827392578, -66.31967163085938, -68.99730682373047, -69.20068359375, -68.93415069580078, -68.38422393798828, -70.62056732177734, -68.97237396240234, -69.13717651367188, -69.58604431152344, -68.54386901855469, -69.72000885009766, -70.50225830078125, -70.02320861816406, -71.5203628540039, -70.5885009765625, -69.30255126953125, -71.61123657226562]
