Running with parameters: hidden=50, use_coupled=true, seed=7, lam=0.0, eta=1.0
Test Accuracy: 0.9867, Energy: -55.09
Time Taken:  12.110865116119385
Test Accuracy: 0.9867, Energy: -52.83
Time Taken:  12.072189092636108
Test Accuracy: 0.9867, Energy: -52.54
Time Taken:  12.082890272140503
Test Accuracy: 0.9867, Energy: -56.87
Time Taken:  12.175818920135498
Test Accuracy: 0.9867, Energy: -56.83
Time Taken:  12.11683702468872
Test Accuracy: 0.9867, Energy: -60.24
Time Taken:  12.048649549484253
Test Accuracy: 0.9867, Energy: -60.77
Time Taken:  12.086263179779053
Test Accuracy: 0.9867, Energy: -58.07
Time Taken:  12.098717451095581
Test Accuracy: 0.9867, Energy: -59.67
Time Taken:  12.086886882781982
Test Accuracy: 0.9867, Energy: -60.15
Time Taken:  12.078661441802979
Test Accuracy: 0.9867, Energy: -62.56
Time Taken:  12.091672420501709
Test Accuracy: 0.9867, Energy: -59.63
Time Taken:  12.147541761398315
Test Accuracy: 0.9867, Energy: -56.56
Time Taken:  12.08147406578064
Test Accuracy: 0.9867, Energy: -57.07
Time Taken:  12.082681894302368
Test Accuracy: 0.9867, Energy: -59.80
Time Taken:  12.081482172012329
Test Accuracy: 0.9867, Energy: -55.61
Time Taken:  12.090555191040039
Test Accuracy: 0.9867, Energy: -62.92
Time Taken:  12.098591804504395
Test Accuracy: 0.9867, Energy: -60.54
Time Taken:  12.09662389755249
Test Accuracy: 0.9867, Energy: -65.13
Time Taken:  12.120922803878784
Test Accuracy: 0.9867, Energy: -66.54
Time Taken:  12.145793676376343
Test Accuracy: 0.9867, Energy: -73.95
Time Taken:  12.086119890213013
Test Accuracy: 0.9867, Energy: -76.61
Time Taken:  12.053494691848755
Test Accuracy: 0.9867, Energy: -83.13
Time Taken:  12.088487148284912
Test Accuracy: 0.9867, Energy: -88.75
Time Taken:  12.099083662033081
Test Accuracy: 0.9833, Energy: -85.87
Time Taken:  12.133264303207397
Test Accuracy: 0.9833, Energy: -84.10
Time Taken:  12.098481178283691
Test Accuracy: 0.9833, Energy: -82.18
Time Taken:  12.101980924606323
Test Accuracy: 0.9833, Energy: -80.68
Time Taken:  12.138536930084229
Test Accuracy: 0.9833, Energy: -79.47
Time Taken:  12.082397222518921
Test Accuracy: 0.9833, Energy: -74.98
Time Taken:  12.066378116607666
Test Accuracy: 0.9833, Energy: -72.35
Time Taken:  12.089184522628784
Test Accuracy: 0.9833, Energy: -74.30
Time Taken:  12.08870005607605
Test Accuracy: 0.9833, Energy: -73.64
Time Taken:  12.076687574386597
Test Accuracy: 0.9833, Energy: -74.26
Time Taken:  12.095611095428467
Test Accuracy: 0.9867, Energy: -73.47
Time Taken:  12.104320049285889
Test Accuracy: 0.9867, Energy: -72.26
Time Taken:  12.138910293579102
Test Accuracy: 0.9867, Energy: -69.22
Time Taken:  12.076080560684204
Test Accuracy: 0.9867, Energy: -70.60
Time Taken:  12.06814455986023
Test Accuracy: 0.9867, Energy: -74.62
Time Taken:  12.103010892868042
Test Accuracy: 0.9867, Energy: -74.72
Time Taken:  12.133237600326538
Test Accuracy: 0.9867, Energy: -79.34
Time Taken:  12.095050573348999
Test Accuracy: 0.9867, Energy: -79.40
Time Taken:  12.094132661819458
Test Accuracy: 0.9867, Energy: -80.36
Time Taken:  12.103307485580444
Test Accuracy: 0.9867, Energy: -76.50
Time Taken:  12.130008935928345
Test Accuracy: 0.9867, Energy: -73.02
Time Taken:  12.075544357299805
Test Accuracy: 0.9867, Energy: -73.96
Time Taken:  12.128838300704956
Test Accuracy: 0.9867, Energy: -70.58
Time Taken:  12.10575819015503
Test Accuracy: 0.9833, Energy: -71.08
Time Taken:  12.101252317428589
Test Accuracy: 0.9833, Energy: -68.91
Time Taken:  12.103082418441772
Test Accuracy: 0.9833, Energy: -77.47
Time Taken:  12.111284732818604
Test Accuracy: 0.9833, Energy: -75.54
Time Taken:  12.120107412338257
Test Accuracy: 0.9833, Energy: -75.58
Time Taken:  12.153947353363037
Test Accuracy: 0.9833, Energy: -80.81
Time Taken:  12.078348159790039
Test Accuracy: 0.9833, Energy: -80.45
Time Taken:  12.163001775741577
Test Accuracy: 0.9833, Energy: -87.46
Time Taken:  12.119531393051147
Test Accuracy: 0.9833, Energy: -87.00
Time Taken:  12.191890001296997
Test Accuracy: 0.9833, Energy: -87.84
Time Taken:  12.109922409057617
Test Accuracy: 0.9833, Energy: -79.56
Time Taken:  12.122219800949097
Test Accuracy: 0.9833, Energy: -84.40
Time Taken:  12.145573616027832
Test Accuracy: 0.9833, Energy: -89.81
Time Taken:  12.07745623588562
Test Accuracy: 0.9833, Energy: -79.42
Time Taken:  12.129235029220581
Test Accuracy: 0.9833, Energy: -75.06
Time Taken:  12.107479095458984
Test Accuracy: 0.9833, Energy: -79.09
Time Taken:  12.111977100372314
Test Accuracy: 0.9833, Energy: -79.09
Time Taken:  12.074888467788696
Test Accuracy: 0.9833, Energy: -82.40
Time Taken:  12.110872030258179
Test Accuracy: 0.9833, Energy: -81.26
Time Taken:  12.12013578414917
Test Accuracy: 0.9867, Energy: -79.79
Time Taken:  12.170357942581177
Test Accuracy: 0.9867, Energy: -80.88
Time Taken:  12.078515768051147
Test Accuracy: 0.9867, Energy: -82.17
Time Taken:  12.091426849365234
Test Accuracy: 0.9867, Energy: -80.15
Time Taken:  12.099777936935425
Test Accuracy: 0.9867, Energy: -81.21
Time Taken:  12.106733083724976
Test Accuracy: 0.9867, Energy: -84.19
Time Taken:  12.111924409866333
Test Accuracy: 0.9867, Energy: -85.75
Time Taken:  12.127451658248901
Test Accuracy: 0.9867, Energy: -84.89
Time Taken:  12.100961923599243
Test Accuracy: 0.9867, Energy: -85.42
Time Taken:  12.178306579589844
Test Accuracy: 0.9867, Energy: -78.01
Time Taken:  12.079956293106079
Test Accuracy: 0.9867, Energy: -78.87
Time Taken:  12.100213766098022
Test Accuracy: 0.9867, Energy: -78.96
Time Taken:  12.112086296081543
Test Accuracy: 0.9900, Energy: -79.90
Time Taken:  12.09776496887207
Test Accuracy: 0.9900, Energy: -86.10
Time Taken:  12.143070459365845
Test Accuracy: 0.9900, Energy: -87.66
Time Taken:  12.114896774291992
Test Accuracy: 0.9900, Energy: -90.12
Time Taken:  12.147028923034668
Test Accuracy: 0.9900, Energy: -88.56
Time Taken:  12.148266553878784
Test Accuracy: 0.9900, Energy: -94.14
Time Taken:  12.091194868087769
Test Accuracy: 0.9900, Energy: -97.10
Time Taken:  12.116638898849487
Test Accuracy: 0.9900, Energy: -100.40
Time Taken:  12.099323272705078
Test Accuracy: 0.9900, Energy: -99.54
Time Taken:  12.114221334457397
Test Accuracy: 0.9900, Energy: -99.97
Time Taken:  12.12061333656311
Test Accuracy: 0.9900, Energy: -104.70
Time Taken:  12.127135753631592
Test Accuracy: 0.9900, Energy: -103.81
Time Taken:  12.097383737564087
Test Accuracy: 0.9900, Energy: -99.18
Time Taken:  12.137482166290283
Test Accuracy: 0.9900, Energy: -98.09
Time Taken:  12.07969069480896
Test Accuracy: 0.9900, Energy: -99.97
Time Taken:  12.110693216323853
Test Accuracy: 0.9900, Energy: -99.84
Time Taken:  12.123048543930054
Test Accuracy: 0.9900, Energy: -104.45
Time Taken:  12.113978385925293
Test Accuracy: 0.9900, Energy: -108.78
Time Taken:  12.097795248031616
Test Accuracy: 0.9900, Energy: -111.76
Time Taken:  12.104020118713379
Test Accuracy: 0.9900, Energy: -108.06
Time Taken:  12.1263267993927
Test Accuracy: 0.9867, Energy: -110.83
Time Taken:  12.11693024635315
Test Accuracy: 0.9867, Energy: -111.93
Time Taken:  12.097561120986938
Final accuracies: [0.9866666666666667, 0.9866666666666667, 0.9866666666666667, 0.9866666666666667, 0.9866666666666667, 0.9866666666666667, 0.9866666666666667, 0.9866666666666667, 0.9866666666666667, 0.9866666666666667, 0.9866666666666667, 0.9866666666666667, 0.9866666666666667, 0.9866666666666667, 0.9866666666666667, 0.9866666666666667, 0.9866666666666667, 0.9866666666666667, 0.9866666666666667, 0.9866666666666667, 0.9866666666666667, 0.9866666666666667, 0.9866666666666667, 0.9866666666666667, 0.9833333333333333, 0.9833333333333333, 0.9833333333333333, 0.9833333333333333, 0.9833333333333333, 0.9833333333333333, 0.9833333333333333, 0.9833333333333333, 0.9833333333333333, 0.9833333333333333, 0.9866666666666667, 0.9866666666666667, 0.9866666666666667, 0.9866666666666667, 0.9866666666666667, 0.9866666666666667, 0.9866666666666667, 0.9866666666666667, 0.9866666666666667, 0.9866666666666667, 0.9866666666666667, 0.9866666666666667, 0.9866666666666667, 0.9833333333333333, 0.9833333333333333, 0.9833333333333333, 0.9833333333333333, 0.9833333333333333, 0.9833333333333333, 0.9833333333333333, 0.9833333333333333, 0.9833333333333333, 0.9833333333333333, 0.9833333333333333, 0.9833333333333333, 0.9833333333333333, 0.9833333333333333, 0.9833333333333333, 0.9833333333333333, 0.9833333333333333, 0.9833333333333333, 0.9833333333333333, 0.9866666666666667, 0.9866666666666667, 0.9866666666666667, 0.9866666666666667, 0.9866666666666667, 0.9866666666666667, 0.9866666666666667, 0.9866666666666667, 0.9866666666666667, 0.9866666666666667, 0.9866666666666667, 0.9866666666666667, 0.99, 0.99, 0.99, 0.99, 0.99, 0.99, 0.99, 0.99, 0.99, 0.99, 0.99, 0.99, 0.99, 0.99, 0.99, 0.99, 0.99, 0.99, 0.99, 0.99, 0.9866666666666667, 0.9866666666666667]
Final energies: [-55.087242126464844, -52.83365249633789, -52.535221099853516, -56.866722106933594, -56.8292350769043, -60.23856735229492, -60.77035903930664, -58.07221984863281, -59.667694091796875, -60.146602630615234, -62.562625885009766, -59.62871551513672, -56.557552337646484, -57.06962585449219, -59.79559326171875, -55.61283874511719, -62.91909408569336, -60.542606353759766, -65.12783813476562, -66.53726196289062, -73.94864654541016, -76.61396789550781, -83.13134002685547, -88.75225830078125, -85.87054443359375, -84.10295867919922, -82.18212890625, -80.67631530761719, -79.47408294677734, -74.97563171386719, -72.35098266601562, -74.30170440673828, -73.63912963867188, -74.25798034667969, -73.47380828857422, -72.25823211669922, -69.21984100341797, -70.59818267822266, -74.61556243896484, -74.7232437133789, -79.337890625, -79.4000244140625, -80.36388397216797, -76.50332641601562, -73.01778411865234, -73.96176147460938, -70.57772827148438, -71.08311462402344, -68.9126205444336, -77.46981811523438, -75.53990936279297, -75.57769012451172, -80.81304931640625, -80.45104217529297, -87.45596313476562, -86.9991226196289, -87.8382797241211, -79.56441497802734, -84.3995132446289, -89.81156158447266, -79.4170150756836, -75.06096649169922, -79.08679962158203, -79.09494018554688, -82.39795684814453, -81.25909423828125, -79.78971862792969, -80.88151550292969, -82.17005920410156, -80.15481567382812, -81.20891571044922, -84.18586730957031, -85.75418090820312, -84.88607025146484, -85.418701171875, -78.00621795654297, -78.86590576171875, -78.9555435180664, -79.90370178222656, -86.0951156616211, -87.65818786621094, -90.12001037597656, -88.56310272216797, -94.13959503173828, -97.09960174560547, -100.39713287353516, -99.5391845703125, -99.96693420410156, -104.70161437988281, -103.81475830078125, -99.18307495117188, -98.08541107177734, -99.9707260131836, -99.84124755859375, -104.44505310058594, -108.77506256103516, -111.7638168334961, -108.05628204345703, -110.82953643798828, -111.933837890625]
