Running with parameters: hidden=50, use_coupled=true, seed=97, lam=0.0, eta=1.0
Test Accuracy: 0.9333, Energy: -29.09
Time Taken:  12.23586654663086
Test Accuracy: 0.9333, Energy: -31.14
Time Taken:  12.231151342391968
Test Accuracy: 0.9333, Energy: -35.66
Time Taken:  12.243664741516113
Test Accuracy: 0.9333, Energy: -37.61
Time Taken:  12.307044744491577
Test Accuracy: 0.9333, Energy: -39.88
Time Taken:  12.26070523262024
Test Accuracy: 0.9433, Energy: -39.53
Time Taken:  12.259148597717285
Test Accuracy: 0.9433, Energy: -44.23
Time Taken:  12.274448156356812
Test Accuracy: 0.9433, Energy: -45.82
Time Taken:  12.283284664154053
Test Accuracy: 0.9367, Energy: -45.07
Time Taken:  12.274039506912231
Test Accuracy: 0.9367, Energy: -46.72
Time Taken:  12.276938915252686
Test Accuracy: 0.9367, Energy: -45.35
Time Taken:  12.284400939941406
Test Accuracy: 0.9400, Energy: -47.02
Time Taken:  12.32361626625061
Test Accuracy: 0.9300, Energy: -50.92
Time Taken:  12.251339197158813
Test Accuracy: 0.9300, Energy: -50.94
Time Taken:  12.260558605194092
Test Accuracy: 0.9400, Energy: -53.87
Time Taken:  12.273963689804077
Test Accuracy: 0.9400, Energy: -53.76
Time Taken:  12.285303115844727
Test Accuracy: 0.9400, Energy: -47.34
Time Taken:  12.284816026687622
Test Accuracy: 0.9367, Energy: -49.18
Time Taken:  12.285531044006348
Test Accuracy: 0.9433, Energy: -45.17
Time Taken:  12.288256645202637
Test Accuracy: 0.9433, Energy: -47.64
Time Taken:  12.33467149734497
Test Accuracy: 0.9333, Energy: -47.30
Time Taken:  12.264025211334229
Test Accuracy: 0.9367, Energy: -43.72
Time Taken:  12.277824878692627
Test Accuracy: 0.9367, Energy: -44.59
Time Taken:  12.278943300247192
Test Accuracy: 0.9367, Energy: -43.93
Time Taken:  12.279398441314697
Test Accuracy: 0.9367, Energy: -45.85
Time Taken:  12.284526586532593
Test Accuracy: 0.9367, Energy: -53.49
Time Taken:  12.295185327529907
Test Accuracy: 0.9367, Energy: -54.06
Time Taken:  12.287051439285278
Test Accuracy: 0.9367, Energy: -62.39
Time Taken:  12.316112279891968
Test Accuracy: 0.9333, Energy: -58.87
Time Taken:  12.26887559890747
Test Accuracy: 0.9333, Energy: -57.50
Time Taken:  12.27538776397705
Test Accuracy: 0.9333, Energy: -57.81
Time Taken:  12.296460628509521
Test Accuracy: 0.9333, Energy: -60.48
Time Taken:  12.291277408599854
Test Accuracy: 0.9333, Energy: -63.45
Time Taken:  12.272469282150269
Test Accuracy: 0.9333, Energy: -60.71
Time Taken:  12.279588222503662
Test Accuracy: 0.9300, Energy: -62.58
Time Taken:  12.292535066604614
Test Accuracy: 0.9267, Energy: -66.05
Time Taken:  12.321962356567383
Test Accuracy: 0.9067, Energy: -70.34
Time Taken:  12.268298625946045
Test Accuracy: 0.9067, Energy: -65.51
Time Taken:  12.273703813552856
Test Accuracy: 0.9067, Energy: -64.06
Time Taken:  12.285035133361816
Test Accuracy: 0.9033, Energy: -63.16
Time Taken:  12.289607048034668
Test Accuracy: 0.9033, Energy: -66.93
Time Taken:  12.285993814468384
Test Accuracy: 0.9067, Energy: -66.38
Time Taken:  12.291610956192017
Test Accuracy: 0.9100, Energy: -67.68
Time Taken:  12.277124404907227
Test Accuracy: 0.9067, Energy: -65.01
Time Taken:  12.311402559280396
Test Accuracy: 0.9067, Energy: -59.25
Time Taken:  12.265279293060303
Test Accuracy: 0.9067, Energy: -55.85
Time Taken:  12.270829677581787
Test Accuracy: 0.9067, Energy: -51.63
Time Taken:  12.280577421188354
Test Accuracy: 0.9067, Energy: -53.15
Time Taken:  12.270524740219116
Test Accuracy: 0.9100, Energy: -59.97
Time Taken:  12.262558460235596
Test Accuracy: 0.9100, Energy: -58.67
Time Taken:  12.287446975708008
Test Accuracy: 0.9067, Energy: -59.37
Time Taken:  12.285669565200806
Test Accuracy: 0.9067, Energy: -65.54
Time Taken:  12.307939529418945
Test Accuracy: 0.9100, Energy: -66.44
Time Taken:  12.256380319595337
Test Accuracy: 0.9100, Energy: -71.22
Time Taken:  12.270150661468506
Test Accuracy: 0.9200, Energy: -72.03
Time Taken:  12.27772045135498
Test Accuracy: 0.9200, Energy: -71.32
Time Taken:  12.27671766281128
Test Accuracy: 0.9100, Energy: -71.76
Time Taken:  12.280882358551025
Test Accuracy: 0.9100, Energy: -79.94
Time Taken:  12.281599044799805
Test Accuracy: 0.9100, Energy: -76.82
Time Taken:  12.321675300598145
Test Accuracy: 0.9100, Energy: -72.49
Time Taken:  12.235668659210205
Test Accuracy: 0.9100, Energy: -73.62
Time Taken:  12.243022441864014
Test Accuracy: 0.9100, Energy: -76.95
Time Taken:  12.260241746902466
Test Accuracy: 0.9100, Energy: -74.17
Time Taken:  12.271864414215088
Test Accuracy: 0.9067, Energy: -66.71
Time Taken:  12.275533199310303
Test Accuracy: 0.9067, Energy: -68.91
Time Taken:  12.278806447982788
Test Accuracy: 0.9067, Energy: -71.49
Time Taken:  12.280462503433228
Test Accuracy: 0.9067, Energy: -77.12
Time Taken:  12.306806802749634
Test Accuracy: 0.9100, Energy: -78.61
Time Taken:  12.239489793777466
Test Accuracy: 0.9067, Energy: -79.76
Time Taken:  12.24385404586792
Test Accuracy: 0.9067, Energy: -78.65
Time Taken:  12.262430429458618
Test Accuracy: 0.9067, Energy: -80.79
Time Taken:  12.266803741455078
Test Accuracy: 0.9133, Energy: -80.53
Time Taken:  12.254929542541504
Test Accuracy: 0.9133, Energy: -80.67
Time Taken:  12.262349128723145
Test Accuracy: 0.9133, Energy: -83.58
Time Taken:  12.272327899932861
Test Accuracy: 0.9133, Energy: -81.60
Time Taken:  12.302953004837036
Test Accuracy: 0.9133, Energy: -82.30
Time Taken:  12.251398801803589
Test Accuracy: 0.9133, Energy: -80.25
Time Taken:  12.252683639526367
Test Accuracy: 0.9133, Energy: -77.95
Time Taken:  12.262889862060547
Test Accuracy: 0.9133, Energy: -76.78
Time Taken:  12.26135778427124
Test Accuracy: 0.9133, Energy: -77.82
Time Taken:  12.259642362594604
Test Accuracy: 0.9167, Energy: -79.12
Time Taken:  12.261230707168579
Test Accuracy: 0.9167, Energy: -83.80
Time Taken:  12.27894401550293
Test Accuracy: 0.9167, Energy: -86.27
Time Taken:  12.312325716018677
Test Accuracy: 0.9167, Energy: -92.77
Time Taken:  12.235014200210571
Test Accuracy: 0.9167, Energy: -95.19
Time Taken:  12.247765064239502
Test Accuracy: 0.9167, Energy: -96.39
Time Taken:  12.254639387130737
Test Accuracy: 0.9167, Energy: -89.64
Time Taken:  12.24010181427002
Test Accuracy: 0.9167, Energy: -91.66
Time Taken:  12.254927396774292
Test Accuracy: 0.9167, Energy: -85.53
Time Taken:  12.26387333869934
Test Accuracy: 0.9167, Energy: -89.11
Time Taken:  12.266644477844238
Test Accuracy: 0.9167, Energy: -84.25
Time Taken:  12.297544479370117
Test Accuracy: 0.9167, Energy: -87.69
Time Taken:  12.247923851013184
Test Accuracy: 0.9167, Energy: -93.80
Time Taken:  12.258306503295898
Test Accuracy: 0.9233, Energy: -90.68
Time Taken:  12.26282548904419
Test Accuracy: 0.9233, Energy: -92.12
Time Taken:  12.261057138442993
Test Accuracy: 0.9200, Energy: -103.03
Time Taken:  12.268637895584106
Test Accuracy: 0.9200, Energy: -106.63
Time Taken:  12.265340805053711
Test Accuracy: 0.9200, Energy: -107.12
Time Taken:  12.267273426055908
Test Accuracy: 0.9200, Energy: -105.14
Time Taken:  12.303094148635864
Test Accuracy: 0.9167, Energy: -105.57
Time Taken:  12.236259460449219
Final accuracies: [0.9333333333333333, 0.9333333333333333, 0.9333333333333333, 0.9333333333333333, 0.9333333333333333, 0.9433333333333334, 0.9433333333333334, 0.9433333333333334, 0.9366666666666666, 0.9366666666666666, 0.9366666666666666, 0.94, 0.93, 0.93, 0.94, 0.94, 0.94, 0.9366666666666666, 0.9433333333333334, 0.9433333333333334, 0.9333333333333333, 0.9366666666666666, 0.9366666666666666, 0.9366666666666666, 0.9366666666666666, 0.9366666666666666, 0.9366666666666666, 0.9366666666666666, 0.9333333333333333, 0.9333333333333333, 0.9333333333333333, 0.9333333333333333, 0.9333333333333333, 0.9333333333333333, 0.93, 0.9266666666666666, 0.9066666666666666, 0.9066666666666666, 0.9066666666666666, 0.9033333333333333, 0.9033333333333333, 0.9066666666666666, 0.91, 0.9066666666666666, 0.9066666666666666, 0.9066666666666666, 0.9066666666666666, 0.9066666666666666, 0.91, 0.91, 0.9066666666666666, 0.9066666666666666, 0.91, 0.91, 0.92, 0.92, 0.91, 0.91, 0.91, 0.91, 0.91, 0.91, 0.91, 0.9066666666666666, 0.9066666666666666, 0.9066666666666666, 0.9066666666666666, 0.91, 0.9066666666666666, 0.9066666666666666, 0.9066666666666666, 0.9133333333333333, 0.9133333333333333, 0.9133333333333333, 0.9133333333333333, 0.9133333333333333, 0.9133333333333333, 0.9133333333333333, 0.9133333333333333, 0.9133333333333333, 0.9166666666666666, 0.9166666666666666, 0.9166666666666666, 0.9166666666666666, 0.9166666666666666, 0.9166666666666666, 0.9166666666666666, 0.9166666666666666, 0.9166666666666666, 0.9166666666666666, 0.9166666666666666, 0.9166666666666666, 0.9166666666666666, 0.9233333333333333, 0.9233333333333333, 0.92, 0.92, 0.92, 0.92, 0.9166666666666666]
Final energies: [-29.090852737426758, -31.135417938232422, -35.65890884399414, -37.60775375366211, -39.879539489746094, -39.52960968017578, -44.23055648803711, -45.816307067871094, -45.07008743286133, -46.72011947631836, -45.349159240722656, -47.01774597167969, -50.915443420410156, -50.93687057495117, -53.86653518676758, -53.75629425048828, -47.336055755615234, -49.182640075683594, -45.17123031616211, -47.64208221435547, -47.298362731933594, -43.72141647338867, -44.58905792236328, -43.931617736816406, -45.84532928466797, -53.486820220947266, -54.05792236328125, -62.39164733886719, -58.86835861206055, -57.50263977050781, -57.81139373779297, -60.480018615722656, -63.44932556152344, -60.70847702026367, -62.58495330810547, -66.0527114868164, -70.33777618408203, -65.51270294189453, -64.056640625, -63.1579704284668, -66.92626953125, -66.37588500976562, -67.67671203613281, -65.00544738769531, -59.24577331542969, -55.846229553222656, -51.63334274291992, -53.1462287902832, -59.97111129760742, -58.66635513305664, -59.37388610839844, -65.53594970703125, -66.43540954589844, -71.22337341308594, -72.02902221679688, -71.3197021484375, -71.75820922851562, -79.93962097167969, -76.81695556640625, -72.48699951171875, -73.62434387207031, -76.9454116821289, -74.16728210449219, -66.70784759521484, -68.91059112548828, -71.49077606201172, -77.1169204711914, -78.61280059814453, -79.75895690917969, -78.65287780761719, -80.79135131835938, -80.52696228027344, -80.66644287109375, -83.5782699584961, -81.5958251953125, -82.29708099365234, -80.24890899658203, -77.95132446289062, -76.77696990966797, -77.82324981689453, -79.11959075927734, -83.79792785644531, -86.27173614501953, -92.77381896972656, -95.19441986083984, -96.39215087890625, -89.63591766357422, -91.65975189208984, -85.53459167480469, -89.11129760742188, -84.24761962890625, -87.68707275390625, -93.80001068115234, -90.6810531616211, -92.12117767333984, -103.0333023071289, -106.62857818603516, -107.124267578125, -105.1391830444336, -105.57247924804688]
