Running with parameters: hidden=50, use_coupled=true, seed=73, lam=0.0, eta=1.0
Test Accuracy: 0.8167, Energy: -1.86
Time Taken:  12.042903900146484
Test Accuracy: 0.8167, Energy: -4.24
Time Taken:  12.034540176391602
Test Accuracy: 0.8167, Energy: -4.86
Time Taken:  12.045441389083862
Test Accuracy: 0.8200, Energy: -6.21
Time Taken:  12.102309465408325
Test Accuracy: 0.8200, Energy: -6.37
Time Taken:  12.07698917388916
Test Accuracy: 0.8233, Energy: -3.86
Time Taken:  12.056825876235962
Test Accuracy: 0.8233, Energy: -6.28
Time Taken:  12.064826965332031
Test Accuracy: 0.8267, Energy: -7.06
Time Taken:  12.071330070495605
Test Accuracy: 0.8233, Energy: -5.24
Time Taken:  12.076695442199707
Test Accuracy: 0.8233, Energy: -2.36
Time Taken:  12.085254669189453
Test Accuracy: 0.8267, Energy: -1.91
Time Taken:  12.081836700439453
Test Accuracy: 0.8300, Energy: -0.61
Time Taken:  12.138247013092041
Test Accuracy: 0.8300, Energy: -6.74
Time Taken:  12.071610689163208
Test Accuracy: 0.8333, Energy: -5.89
Time Taken:  12.071626424789429
Test Accuracy: 0.8333, Energy: -7.56
Time Taken:  12.073171138763428
Test Accuracy: 0.8333, Energy: -7.18
Time Taken:  12.080797672271729
Test Accuracy: 0.8333, Energy: -7.39
Time Taken:  12.066950559616089
Test Accuracy: 0.8600, Energy: -10.13
Time Taken:  12.092151403427124
Test Accuracy: 0.8633, Energy: -11.40
Time Taken:  12.083797454833984
Test Accuracy: 0.8633, Energy: -8.76
Time Taken:  12.13713812828064
Test Accuracy: 0.8633, Energy: -8.74
Time Taken:  12.062201738357544
Test Accuracy: 0.8633, Energy: -9.90
Time Taken:  12.075265884399414
Test Accuracy: 0.8633, Energy: -9.97
Time Taken:  12.082115411758423
Test Accuracy: 0.8633, Energy: -9.62
Time Taken:  12.071027517318726
Test Accuracy: 0.8667, Energy: -10.00
Time Taken:  12.074692010879517
Test Accuracy: 0.8667, Energy: -10.94
Time Taken:  12.080038785934448
Test Accuracy: 0.8700, Energy: -9.75
Time Taken:  12.082778215408325
Test Accuracy: 0.8700, Energy: -7.46
Time Taken:  12.130354166030884
Test Accuracy: 0.8700, Energy: -3.91
Time Taken:  12.058711051940918
Test Accuracy: 0.8700, Energy: -5.11
Time Taken:  12.06670355796814
Test Accuracy: 0.8733, Energy: -5.51
Time Taken:  12.080747604370117
Test Accuracy: 0.8733, Energy: -4.50
Time Taken:  12.080302000045776
Test Accuracy: 0.8700, Energy: -6.24
Time Taken:  12.080429792404175
Test Accuracy: 0.8700, Energy: -10.40
Time Taken:  12.087249279022217
Test Accuracy: 0.8700, Energy: -10.07
Time Taken:  12.080759525299072
Test Accuracy: 0.8667, Energy: -10.14
Time Taken:  12.128939390182495
Test Accuracy: 0.8300, Energy: -9.06
Time Taken:  12.067020654678345
Test Accuracy: 0.8300, Energy: -9.12
Time Taken:  12.078405857086182
Test Accuracy: 0.8267, Energy: -8.96
Time Taken:  12.076736211776733
Test Accuracy: 0.8267, Energy: -10.85
Time Taken:  12.08036756515503
Test Accuracy: 0.8300, Energy: -15.12
Time Taken:  12.084950923919678
Test Accuracy: 0.8333, Energy: -15.91
Time Taken:  12.077533483505249
Test Accuracy: 0.8367, Energy: -16.77
Time Taken:  12.074366331100464
Test Accuracy: 0.8333, Energy: -15.82
Time Taken:  12.122286081314087
Test Accuracy: 0.8333, Energy: -14.78
Time Taken:  12.061872243881226
Test Accuracy: 0.8333, Energy: -14.49
Time Taken:  12.066381216049194
Test Accuracy: 0.8333, Energy: -12.18
Time Taken:  12.07233738899231
Test Accuracy: 0.8333, Energy: -14.41
Time Taken:  12.074764013290405
Test Accuracy: 0.8333, Energy: -13.22
Time Taken:  12.082940816879272
Test Accuracy: 0.8333, Energy: -13.14
Time Taken:  12.076672315597534
Test Accuracy: 0.8667, Energy: -11.87
Time Taken:  12.077371835708618
Test Accuracy: 0.8667, Energy: -9.56
Time Taken:  12.116812705993652
Test Accuracy: 0.8667, Energy: -7.47
Time Taken:  12.065924882888794
Test Accuracy: 0.8667, Energy: -7.90
Time Taken:  12.060760259628296
Test Accuracy: 0.8667, Energy: -8.72
Time Taken:  12.071924209594727
Test Accuracy: 0.8633, Energy: -2.80
Time Taken:  12.083386898040771
Test Accuracy: 0.8633, Energy: -5.04
Time Taken:  12.084601640701294
Test Accuracy: 0.8600, Energy: -7.44
Time Taken:  12.086921453475952
Test Accuracy: 0.8600, Energy: -11.93
Time Taken:  12.137343168258667
Test Accuracy: 0.8600, Energy: -14.53
Time Taken:  12.071875095367432
Test Accuracy: 0.8600, Energy: -10.73
Time Taken:  12.064717769622803
Test Accuracy: 0.8300, Energy: -9.92
Time Taken:  12.078871726989746
Test Accuracy: 0.8600, Energy: -10.30
Time Taken:  12.074238777160645
Test Accuracy: 0.8567, Energy: -8.79
Time Taken:  12.075961828231812
Test Accuracy: 0.8567, Energy: -10.55
Time Taken:  12.086623907089233
Test Accuracy: 0.8600, Energy: -9.93
Time Taken:  12.080801963806152
Test Accuracy: 0.8600, Energy: -12.28
Time Taken:  12.130924463272095
Test Accuracy: 0.8600, Energy: -14.07
Time Taken:  12.064979791641235
Test Accuracy: 0.8600, Energy: -14.19
Time Taken:  12.067787408828735
Test Accuracy: 0.8600, Energy: -16.74
Time Taken:  12.082301616668701
Test Accuracy: 0.8633, Energy: -16.38
Time Taken:  12.075405359268188
Test Accuracy: 0.8600, Energy: -17.07
Time Taken:  12.082421064376831
Test Accuracy: 0.8600, Energy: -14.24
Time Taken:  12.084531307220459
Test Accuracy: 0.8600, Energy: -17.81
Time Taken:  12.072516679763794
Test Accuracy: 0.8600, Energy: -19.84
Time Taken:  12.126858472824097
Test Accuracy: 0.8600, Energy: -18.42
Time Taken:  12.070271730422974
Test Accuracy: 0.8600, Energy: -18.73
Time Taken:  12.071092128753662
Test Accuracy: 0.8600, Energy: -18.78
Time Taken:  12.075855016708374
Test Accuracy: 0.8600, Energy: -16.16
Time Taken:  12.077073574066162
Test Accuracy: 0.8600, Energy: -16.48
Time Taken:  12.086422681808472
Test Accuracy: 0.8300, Energy: -16.74
Time Taken:  12.082550287246704
Test Accuracy: 0.8300, Energy: -17.39
Time Taken:  12.07557463645935
Test Accuracy: 0.8300, Energy: -19.59
Time Taken:  12.120429277420044
Test Accuracy: 0.8633, Energy: -23.02
Time Taken:  12.067002296447754
Test Accuracy: 0.8633, Energy: -24.56
Time Taken:  12.070646286010742
Test Accuracy: 0.8300, Energy: -22.68
Time Taken:  12.104869604110718
Test Accuracy: 0.8633, Energy: -21.25
Time Taken:  12.079433679580688
Test Accuracy: 0.8633, Energy: -23.16
Time Taken:  12.071135759353638
Test Accuracy: 0.8633, Energy: -24.97
Time Taken:  12.07881474494934
Test Accuracy: 0.8633, Energy: -22.76
Time Taken:  12.073356628417969
Test Accuracy: 0.8633, Energy: -24.65
Time Taken:  12.11785078048706
Test Accuracy: 0.8633, Energy: -25.86
Time Taken:  12.065322399139404
Test Accuracy: 0.8600, Energy: -22.66
Time Taken:  12.066421747207642
Test Accuracy: 0.8633, Energy: -24.13
Time Taken:  12.072153091430664
Test Accuracy: 0.8633, Energy: -26.25
Time Taken:  12.075239896774292
Test Accuracy: 0.8633, Energy: -27.48
Time Taken:  12.080030918121338
Test Accuracy: 0.8633, Energy: -28.36
Time Taken:  12.075363397598267
Test Accuracy: 0.8633, Energy: -32.65
Time Taken:  12.075997829437256
Test Accuracy: 0.8633, Energy: -36.39
Time Taken:  12.12192177772522
Test Accuracy: 0.8633, Energy: -34.80
Time Taken:  12.071612358093262
Final accuracies: [0.8166666666666667, 0.8166666666666667, 0.8166666666666667, 0.82, 0.82, 0.8233333333333334, 0.8233333333333334, 0.8266666666666667, 0.8233333333333334, 0.8233333333333334, 0.8266666666666667, 0.83, 0.83, 0.8333333333333334, 0.8333333333333334, 0.8333333333333334, 0.8333333333333334, 0.86, 0.8633333333333333, 0.8633333333333333, 0.8633333333333333, 0.8633333333333333, 0.8633333333333333, 0.8633333333333333, 0.8666666666666667, 0.8666666666666667, 0.87, 0.87, 0.87, 0.87, 0.8733333333333333, 0.8733333333333333, 0.87, 0.87, 0.87, 0.8666666666666667, 0.83, 0.83, 0.8266666666666667, 0.8266666666666667, 0.83, 0.8333333333333334, 0.8366666666666667, 0.8333333333333334, 0.8333333333333334, 0.8333333333333334, 0.8333333333333334, 0.8333333333333334, 0.8333333333333334, 0.8333333333333334, 0.8666666666666667, 0.8666666666666667, 0.8666666666666667, 0.8666666666666667, 0.8666666666666667, 0.8633333333333333, 0.8633333333333333, 0.86, 0.86, 0.86, 0.86, 0.83, 0.86, 0.8566666666666667, 0.8566666666666667, 0.86, 0.86, 0.86, 0.86, 0.86, 0.8633333333333333, 0.86, 0.86, 0.86, 0.86, 0.86, 0.86, 0.86, 0.86, 0.86, 0.83, 0.83, 0.83, 0.8633333333333333, 0.8633333333333333, 0.83, 0.8633333333333333, 0.8633333333333333, 0.8633333333333333, 0.8633333333333333, 0.8633333333333333, 0.8633333333333333, 0.86, 0.8633333333333333, 0.8633333333333333, 0.8633333333333333, 0.8633333333333333, 0.8633333333333333, 0.8633333333333333, 0.8633333333333333]
Final energies: [-1.858925223350525, -4.236939430236816, -4.863009452819824, -6.209911346435547, -6.372169017791748, -3.8601086139678955, -6.277482986450195, -7.064576625823975, -5.236380577087402, -2.3575453758239746, -1.9099218845367432, -0.613624632358551, -6.7391037940979, -5.888561248779297, -7.564886569976807, -7.182044982910156, -7.3858232498168945, -10.132417678833008, -11.403575897216797, -8.757102012634277, -8.74128532409668, -9.897099494934082, -9.97053050994873, -9.616451263427734, -9.998557090759277, -10.94375991821289, -9.748229026794434, -7.456055164337158, -3.907986640930176, -5.109622478485107, -5.508108615875244, -4.498104095458984, -6.237593650817871, -10.396347999572754, -10.071992874145508, -10.143086433410645, -9.064373970031738, -9.123468399047852, -8.961384773254395, -10.853754997253418, -15.122532844543457, -15.907994270324707, -16.766868591308594, -15.817483901977539, -14.783205032348633, -14.492406845092773, -12.176887512207031, -14.408332824707031, -13.21517562866211, -13.136372566223145, -11.871402740478516, -9.55912971496582, -7.4748854637146, -7.898577690124512, -8.717367172241211, -2.799076557159424, -5.039924144744873, -7.4439802169799805, -11.92994499206543, -14.528688430786133, -10.728765487670898, -9.921164512634277, -10.302708625793457, -8.78943157196045, -10.551541328430176, -9.930922508239746, -12.282313346862793, -14.065315246582031, -14.187399864196777, -16.736446380615234, -16.381811141967773, -17.071596145629883, -14.243172645568848, -17.807844161987305, -19.83567237854004, -18.423564910888672, -18.728294372558594, -18.779624938964844, -16.15615463256836, -16.47939682006836, -16.737802505493164, -17.392873764038086, -19.587106704711914, -23.01829719543457, -24.5605525970459, -22.681705474853516, -21.251508712768555, -23.159744262695312, -24.96917152404785, -22.76486587524414, -24.653654098510742, -25.861406326293945, -22.65717887878418, -24.13288688659668, -26.25164222717285, -27.480972290039062, -28.364479064941406, -32.652164459228516, -36.3927001953125, -34.79973602294922]
