Running with parameters: hidden=50, use_coupled=true, seed=90, lam=0.0, eta=1.0
Test Accuracy: 0.9533, Energy: -19.07
Time Taken:  12.102370023727417
Test Accuracy: 0.9533, Energy: -18.74
Time Taken:  12.084729194641113
Test Accuracy: 0.9533, Energy: -19.59
Time Taken:  12.113247394561768
Test Accuracy: 0.9533, Energy: -20.35
Time Taken:  12.190314531326294
Test Accuracy: 0.9533, Energy: -22.24
Time Taken:  12.118913650512695
Test Accuracy: 0.9533, Energy: -21.96
Time Taken:  12.11084246635437
Test Accuracy: 0.9533, Energy: -23.27
Time Taken:  12.126370906829834
Test Accuracy: 0.9533, Energy: -22.13
Time Taken:  12.148200988769531
Test Accuracy: 0.9533, Energy: -22.03
Time Taken:  12.14763331413269
Test Accuracy: 0.9533, Energy: -19.17
Time Taken:  12.143111944198608
Test Accuracy: 0.9533, Energy: -18.27
Time Taken:  12.14644479751587
Test Accuracy: 0.9533, Energy: -18.68
Time Taken:  12.190326929092407
Test Accuracy: 0.9533, Energy: -19.39
Time Taken:  12.125982522964478
Test Accuracy: 0.9533, Energy: -18.84
Time Taken:  12.132512092590332
Test Accuracy: 0.9533, Energy: -17.63
Time Taken:  12.130804061889648
Test Accuracy: 0.9533, Energy: -15.66
Time Taken:  12.146538734436035
Test Accuracy: 0.9533, Energy: -17.46
Time Taken:  12.143441915512085
Test Accuracy: 0.9533, Energy: -17.89
Time Taken:  12.150852918624878
Test Accuracy: 0.9533, Energy: -17.56
Time Taken:  12.135595083236694
Test Accuracy: 0.9533, Energy: -18.18
Time Taken:  12.202377080917358
Test Accuracy: 0.9533, Energy: -21.48
Time Taken:  12.124816417694092
Test Accuracy: 0.9533, Energy: -19.42
Time Taken:  12.14887547492981
Test Accuracy: 0.9533, Energy: -21.26
Time Taken:  12.154772281646729
Test Accuracy: 0.9533, Energy: -20.42
Time Taken:  12.140660762786865
Test Accuracy: 0.9533, Energy: -19.53
Time Taken:  12.139713287353516
Test Accuracy: 0.9533, Energy: -14.87
Time Taken:  12.157307147979736
Test Accuracy: 0.9533, Energy: -14.22
Time Taken:  12.134489059448242
Test Accuracy: 0.9533, Energy: -14.66
Time Taken:  12.213593482971191
Test Accuracy: 0.9033, Energy: -15.78
Time Taken:  12.121440410614014
Test Accuracy: 0.9033, Energy: -18.22
Time Taken:  12.131726503372192
Test Accuracy: 0.9033, Energy: -17.53
Time Taken:  12.124549865722656
Test Accuracy: 0.9033, Energy: -23.53
Time Taken:  12.152194499969482
Test Accuracy: 0.9033, Energy: -23.83
Time Taken:  12.155829668045044
Test Accuracy: 0.9000, Energy: -24.44
Time Taken:  12.157975435256958
Test Accuracy: 0.9000, Energy: -25.15
Time Taken:  12.165120601654053
Test Accuracy: 0.9000, Energy: -25.64
Time Taken:  12.181984663009644
Test Accuracy: 0.9033, Energy: -25.42
Time Taken:  12.125654697418213
Test Accuracy: 0.9033, Energy: -24.72
Time Taken:  12.144397735595703
Test Accuracy: 0.9033, Energy: -24.73
Time Taken:  12.171861171722412
Test Accuracy: 0.9033, Energy: -24.51
Time Taken:  12.15391492843628
Test Accuracy: 0.9033, Energy: -24.61
Time Taken:  12.145618915557861
Test Accuracy: 0.9033, Energy: -24.63
Time Taken:  12.151923179626465
Test Accuracy: 0.9033, Energy: -25.32
Time Taken:  12.15795612335205
Test Accuracy: 0.9033, Energy: -26.08
Time Taken:  12.205435514450073
Test Accuracy: 0.9033, Energy: -25.44
Time Taken:  12.134953022003174
Test Accuracy: 0.9033, Energy: -24.72
Time Taken:  12.145721912384033
Test Accuracy: 0.9033, Energy: -25.26
Time Taken:  12.152382373809814
Test Accuracy: 0.9033, Energy: -26.94
Time Taken:  12.120753288269043
Test Accuracy: 0.9033, Energy: -25.78
Time Taken:  12.142216205596924
Test Accuracy: 0.9033, Energy: -25.19
Time Taken:  12.14618444442749
Test Accuracy: 0.9033, Energy: -26.02
Time Taken:  12.136878728866577
Test Accuracy: 0.9033, Energy: -25.78
Time Taken:  12.180152416229248
Test Accuracy: 0.9033, Energy: -29.36
Time Taken:  12.138002157211304
Test Accuracy: 0.9033, Energy: -31.48
Time Taken:  12.13796329498291
Test Accuracy: 0.9033, Energy: -32.79
Time Taken:  12.145169019699097
Test Accuracy: 0.9033, Energy: -30.82
Time Taken:  12.138418197631836
Test Accuracy: 0.9033, Energy: -29.98
Time Taken:  12.156957864761353
Test Accuracy: 0.9033, Energy: -28.19
Time Taken:  12.149277687072754
Test Accuracy: 0.9033, Energy: -26.32
Time Taken:  12.204424381256104
Test Accuracy: 0.9033, Energy: -27.06
Time Taken:  12.1420316696167
Test Accuracy: 0.9033, Energy: -25.58
Time Taken:  12.129549503326416
Test Accuracy: 0.9033, Energy: -24.14
Time Taken:  12.141103982925415
Test Accuracy: 0.9033, Energy: -24.12
Time Taken:  12.138014078140259
Test Accuracy: 0.9033, Energy: -25.00
Time Taken:  12.141408681869507
Test Accuracy: 0.9033, Energy: -25.20
Time Taken:  12.143933773040771
Test Accuracy: 0.9033, Energy: -26.99
Time Taken:  12.134668111801147
Test Accuracy: 0.9033, Energy: -29.22
Time Taken:  12.196722984313965
Test Accuracy: 0.9033, Energy: -28.94
Time Taken:  12.123454809188843
Test Accuracy: 0.9033, Energy: -27.04
Time Taken:  12.138113737106323
Test Accuracy: 0.9033, Energy: -27.37
Time Taken:  12.138180017471313
Test Accuracy: 0.9033, Energy: -27.80
Time Taken:  12.127270936965942
Test Accuracy: 0.9000, Energy: -29.51
Time Taken:  12.135986804962158
Test Accuracy: 0.9000, Energy: -28.29
Time Taken:  12.148133754730225
Test Accuracy: 0.9000, Energy: -28.14
Time Taken:  12.152016162872314
Test Accuracy: 0.9000, Energy: -29.82
Time Taken:  12.205041646957397
Test Accuracy: 0.9000, Energy: -28.69
Time Taken:  12.141819953918457
Test Accuracy: 0.9000, Energy: -30.41
Time Taken:  12.142159938812256
Test Accuracy: 0.9000, Energy: -31.81
Time Taken:  12.147172689437866
Test Accuracy: 0.9000, Energy: -30.48
Time Taken:  12.163779258728027
Test Accuracy: 0.9000, Energy: -30.17
Time Taken:  12.15886402130127
Test Accuracy: 0.9000, Energy: -32.76
Time Taken:  12.156016111373901
Test Accuracy: 0.8967, Energy: -31.93
Time Taken:  12.147515535354614
Test Accuracy: 0.8967, Energy: -32.29
Time Taken:  12.18345308303833
Test Accuracy: 0.8967, Energy: -32.48
Time Taken:  12.13675570487976
Test Accuracy: 0.9100, Energy: -36.51
Time Taken:  12.151175260543823
Test Accuracy: 0.9100, Energy: -35.76
Time Taken:  12.13830280303955
Test Accuracy: 0.9100, Energy: -36.26
Time Taken:  12.128724336624146
Test Accuracy: 0.9100, Energy: -37.36
Time Taken:  12.139525175094604
Test Accuracy: 0.9100, Energy: -39.68
Time Taken:  12.135267496109009
Test Accuracy: 0.9267, Energy: -40.55
Time Taken:  12.14840316772461
Test Accuracy: 0.9267, Energy: -40.31
Time Taken:  12.178684949874878
Test Accuracy: 0.9267, Energy: -41.01
Time Taken:  12.127404689788818
Test Accuracy: 0.9267, Energy: -38.41
Time Taken:  12.141432523727417
Test Accuracy: 0.9267, Energy: -39.45
Time Taken:  12.13985562324524
Test Accuracy: 0.9267, Energy: -38.44
Time Taken:  12.133078813552856
Test Accuracy: 0.9267, Energy: -39.04
Time Taken:  12.138232469558716
Test Accuracy: 0.9267, Energy: -42.24
Time Taken:  12.11988878250122
Test Accuracy: 0.9100, Energy: -40.22
Time Taken:  12.133427858352661
Test Accuracy: 0.9100, Energy: -40.40
Time Taken:  12.188183784484863
Test Accuracy: 0.9100, Energy: -41.18
Time Taken:  12.141732215881348
Final accuracies: [0.9533333333333334, 0.9533333333333334, 0.9533333333333334, 0.9533333333333334, 0.9533333333333334, 0.9533333333333334, 0.9533333333333334, 0.9533333333333334, 0.9533333333333334, 0.9533333333333334, 0.9533333333333334, 0.9533333333333334, 0.9533333333333334, 0.9533333333333334, 0.9533333333333334, 0.9533333333333334, 0.9533333333333334, 0.9533333333333334, 0.9533333333333334, 0.9533333333333334, 0.9533333333333334, 0.9533333333333334, 0.9533333333333334, 0.9533333333333334, 0.9533333333333334, 0.9533333333333334, 0.9533333333333334, 0.9533333333333334, 0.9033333333333333, 0.9033333333333333, 0.9033333333333333, 0.9033333333333333, 0.9033333333333333, 0.9, 0.9, 0.9, 0.9033333333333333, 0.9033333333333333, 0.9033333333333333, 0.9033333333333333, 0.9033333333333333, 0.9033333333333333, 0.9033333333333333, 0.9033333333333333, 0.9033333333333333, 0.9033333333333333, 0.9033333333333333, 0.9033333333333333, 0.9033333333333333, 0.9033333333333333, 0.9033333333333333, 0.9033333333333333, 0.9033333333333333, 0.9033333333333333, 0.9033333333333333, 0.9033333333333333, 0.9033333333333333, 0.9033333333333333, 0.9033333333333333, 0.9033333333333333, 0.9033333333333333, 0.9033333333333333, 0.9033333333333333, 0.9033333333333333, 0.9033333333333333, 0.9033333333333333, 0.9033333333333333, 0.9033333333333333, 0.9033333333333333, 0.9033333333333333, 0.9033333333333333, 0.9, 0.9, 0.9, 0.9, 0.9, 0.9, 0.9, 0.9, 0.9, 0.9, 0.8966666666666666, 0.8966666666666666, 0.8966666666666666, 0.91, 0.91, 0.91, 0.91, 0.91, 0.9266666666666666, 0.9266666666666666, 0.9266666666666666, 0.9266666666666666, 0.9266666666666666, 0.9266666666666666, 0.9266666666666666, 0.9266666666666666, 0.91, 0.91, 0.91]
Final energies: [-19.0711727142334, -18.739410400390625, -19.58639907836914, -20.35207176208496, -22.242473602294922, -21.963642120361328, -23.2725887298584, -22.13174057006836, -22.027172088623047, -19.169431686401367, -18.2741756439209, -18.681121826171875, -19.385221481323242, -18.837350845336914, -17.63184356689453, -15.661908149719238, -17.459287643432617, -17.889163970947266, -17.558631896972656, -18.184934616088867, -21.484298706054688, -19.418508529663086, -21.255830764770508, -20.424070358276367, -19.531940460205078, -14.871553421020508, -14.224547386169434, -14.662712097167969, -15.781132698059082, -18.224008560180664, -17.533065795898438, -23.53296661376953, -23.825361251831055, -24.439228057861328, -25.145915985107422, -25.64229965209961, -25.424545288085938, -24.721254348754883, -24.731660842895508, -24.512821197509766, -24.612539291381836, -24.6279354095459, -25.324384689331055, -26.07529067993164, -25.438968658447266, -24.715850830078125, -25.256074905395508, -26.944372177124023, -25.778553009033203, -25.185924530029297, -26.017513275146484, -25.777957916259766, -29.357961654663086, -31.479955673217773, -32.79379653930664, -30.819900512695312, -29.97791290283203, -28.19134521484375, -26.32046890258789, -27.06467628479004, -25.582609176635742, -24.135456085205078, -24.124032974243164, -24.99897003173828, -25.20273208618164, -26.99148178100586, -29.22475814819336, -28.944984436035156, -27.037425994873047, -27.372303009033203, -27.801616668701172, -29.5069637298584, -28.288198471069336, -28.135107040405273, -29.820838928222656, -28.693342208862305, -30.411508560180664, -31.809051513671875, -30.478031158447266, -30.166091918945312, -32.76134490966797, -31.928783416748047, -32.291725158691406, -32.47519302368164, -36.51015090942383, -35.756622314453125, -36.25946044921875, -37.36454391479492, -39.67791748046875, -40.5493049621582, -40.31299591064453, -41.00709915161133, -38.41202926635742, -39.453487396240234, -38.44489669799805, -39.042236328125, -42.2382698059082, -40.222713470458984, -40.40294647216797, -41.18312454223633]
