Running with parameters: hidden=30, use_coupled=true, seed=27, lam=0.0, eta=1.0, batch=50
Test Loss: 0.0000, Test Accuracy: 0.9933, Energy: -5682.9150390625
Time taken:  0.3707451820373535
Test Loss: 0.0000, Test Accuracy: 1.0000, Energy: -96013.2265625
Time taken:  0.34856295585632324
Test Loss: 0.0000, Test Accuracy: 0.9967, Energy: -245106.25
Time taken:  0.34210920333862305
Test Loss: 0.0000, Test Accuracy: 0.9967, Energy: -374325.5
Time taken:  0.3444375991821289
Test Loss: 0.0000, Test Accuracy: 0.9933, Energy: -474347.09375
Time taken:  0.344465970993042
Test Loss: 0.0000, Test Accuracy: 0.9933, Energy: -553752.4375
Time taken:  0.3386573791503906
Test Loss: 0.0000, Test Accuracy: 0.9933, Energy: -617247.75
Time taken:  0.3431239128112793
Test Loss: 0.0000, Test Accuracy: 0.9933, Energy: -670085.5625
Time taken:  0.3448972702026367
Test Loss: 0.0000, Test Accuracy: 0.9933, Energy: -712713.1875
Time taken:  0.34786462783813477
Test Loss: 0.0000, Test Accuracy: 0.9933, Energy: -748106.9375
Time taken:  0.34498167037963867
Test Loss: 0.0000, Test Accuracy: 0.9933, Energy: -776814.3125
Time taken:  0.3485605716705322
Test Loss: 0.0000, Test Accuracy: 0.9933, Energy: -800772.375
Time taken:  0.34966325759887695
Test Loss: 0.0000, Test Accuracy: 0.9933, Energy: -820478.25
Time taken:  0.34555506706237793
Test Loss: 0.0000, Test Accuracy: 0.9933, Energy: -837074.5
Time taken:  0.3484477996826172
Test Loss: 0.0000, Test Accuracy: 0.9933, Energy: -850741.6875
Time taken:  0.34470534324645996
Test Loss: 0.0000, Test Accuracy: 0.9933, Energy: -861782.75
Time taken:  0.34879469871520996
Test Loss: 0.0000, Test Accuracy: 0.9933, Energy: -871663.3125
Time taken:  0.34544897079467773
Test Loss: 0.0000, Test Accuracy: 0.9933, Energy: -879807.0
Time taken:  0.34958505630493164
Test Loss: 0.0000, Test Accuracy: 0.9933, Energy: -886193.5
Time taken:  0.3495950698852539
Test Loss: 0.0000, Test Accuracy: 0.9933, Energy: -891961.625
Time taken:  0.34492993354797363
Test Loss: 0.0000, Test Accuracy: 0.9933, Energy: -896260.375
Time taken:  0.3490326404571533
Test Loss: 0.0000, Test Accuracy: 0.9933, Energy: -899868.5625
Time taken:  0.3452122211456299
Test Loss: 0.0000, Test Accuracy: 0.9933, Energy: -902831.0
Time taken:  0.3491177558898926
Test Loss: 0.0000, Test Accuracy: 0.9933, Energy: -905318.9375
Time taken:  0.34642481803894043
Test Loss: 0.0000, Test Accuracy: 0.9933, Energy: -907621.6875
Time taken:  0.3484609127044678
Test Loss: 0.0000, Test Accuracy: 0.9933, Energy: -909513.125
Time taken:  0.34877943992614746
Test Loss: 0.0000, Test Accuracy: 0.9933, Energy: -910820.0
Time taken:  0.3457045555114746
Test Loss: 0.0000, Test Accuracy: 0.9933, Energy: -911980.375
Time taken:  0.34981441497802734
Test Loss: 0.0000, Test Accuracy: 0.9933, Energy: -912994.125
Time taken:  0.3458900451660156
Test Loss: 0.0000, Test Accuracy: 0.9933, Energy: -913915.8125
Time taken:  0.3491525650024414
Test Loss: 0.0000, Test Accuracy: 0.9933, Energy: -914442.0
Time taken:  0.34548258781433105
Test Loss: 0.0000, Test Accuracy: 0.9933, Energy: -914923.8125
Time taken:  0.34908533096313477
Test Loss: 0.0000, Test Accuracy: 0.9933, Energy: -915341.375
Time taken:  0.3488447666168213
Test Loss: 0.0000, Test Accuracy: 0.9933, Energy: -915721.5
Time taken:  0.3459045886993408
Test Loss: 0.0000, Test Accuracy: 0.9933, Energy: -915989.9375
Time taken:  0.3490300178527832
Test Loss: 0.0000, Test Accuracy: 0.9933, Energy: -916197.25
Time taken:  0.3465430736541748
Test Loss: 0.0000, Test Accuracy: 0.9933, Energy: -916381.875
Time taken:  0.3486013412475586
Test Loss: 0.0000, Test Accuracy: 0.9933, Energy: -916533.5625
Time taken:  0.3482990264892578
Test Loss: 0.0000, Test Accuracy: 0.9933, Energy: -916675.25
Time taken:  0.345203161239624
Test Loss: 0.0000, Test Accuracy: 0.9933, Energy: -916731.0
Time taken:  0.34838318824768066
Test Loss: 0.0000, Test Accuracy: 0.9933, Energy: -916855.75
Time taken:  0.34740781784057617
Test Loss: 0.0000, Test Accuracy: 0.9933, Energy: -916956.0
Time taken:  0.3491079807281494
Test Loss: 0.0000, Test Accuracy: 0.9933, Energy: -916900.875
Time taken:  0.3453638553619385
Test Loss: 0.0000, Test Accuracy: 0.9933, Energy: -916938.5625
Time taken:  0.3488588333129883
Test Loss: 0.0000, Test Accuracy: 0.9933, Energy: -916983.625
Time taken:  0.3488893508911133
Test Loss: 0.0000, Test Accuracy: 0.9933, Energy: -917007.5625
Time taken:  0.3451216220855713
Test Loss: 0.0000, Test Accuracy: 0.9933, Energy: -917040.625
Time taken:  0.3490638732910156
Test Loss: 0.0000, Test Accuracy: 0.9933, Energy: -917048.5625
Time taken:  0.34412527084350586
Test Loss: 0.0000, Test Accuracy: 0.9933, Energy: -917035.125
Time taken:  0.34874677658081055
Test Loss: 0.0000, Test Accuracy: 0.9933, Energy: -917041.875
Time taken:  0.3442344665527344
Test Loss: 0.0000, Test Accuracy: 0.9933, Energy: -917047.5625
Time taken:  0.3479936122894287
Test Loss: 0.0000, Test Accuracy: 0.9933, Energy: -917039.5
Time taken:  0.3479137420654297
Test Loss: 0.0000, Test Accuracy: 0.9933, Energy: -917017.375
Time taken:  0.34498143196105957
Test Loss: 0.0000, Test Accuracy: 0.9933, Energy: -917032.9375
Time taken:  0.3485991954803467
Test Loss: 0.0000, Test Accuracy: 0.9933, Energy: -916972.0625
Time taken:  0.3455328941345215
Test Loss: 0.0000, Test Accuracy: 0.9933, Energy: -916986.625
Time taken:  0.3481111526489258
Test Loss: 0.0000, Test Accuracy: 0.9933, Energy: -916980.125
Time taken:  0.3443770408630371
Test Loss: 0.0000, Test Accuracy: 0.9933, Energy: -916969.0
Time taken:  0.34921789169311523
Test Loss: 0.0000, Test Accuracy: 0.9933, Energy: -916955.0625
Time taken:  0.34812068939208984
Test Loss: 0.0000, Test Accuracy: 0.9933, Energy: -916988.125
Time taken:  0.34459471702575684
Test Loss: 0.0000, Test Accuracy: 0.9933, Energy: -917000.0625
Time taken:  0.3486933708190918
Test Loss: 0.0000, Test Accuracy: 0.9933, Energy: -916985.75
Time taken:  0.34493398666381836
Test Loss: 0.0000, Test Accuracy: 0.9933, Energy: -916971.25
Time taken:  0.34848690032958984
Test Loss: 0.0000, Test Accuracy: 0.9933, Energy: -916962.875
Time taken:  0.3489229679107666
Test Loss: 0.0000, Test Accuracy: 0.9933, Energy: -916916.625
Time taken:  0.3442366123199463
Test Loss: 0.0000, Test Accuracy: 0.9933, Energy: -916908.6875
Time taken:  0.3481118679046631
Test Loss: 0.0000, Test Accuracy: 0.9933, Energy: -916901.875
Time taken:  0.3450312614440918
Test Loss: 0.0000, Test Accuracy: 0.9933, Energy: -916837.4375
Time taken:  0.34932494163513184
Test Loss: 0.0000, Test Accuracy: 0.9933, Energy: -916821.8125
Time taken:  0.34459805488586426
Test Loss: 0.0000, Test Accuracy: 0.9933, Energy: -916815.8125
Time taken:  0.34881138801574707
Test Loss: 0.0000, Test Accuracy: 0.9933, Energy: -916815.9375
Time taken:  0.34751081466674805
Test Loss: 0.0000, Test Accuracy: 0.9933, Energy: -916841.5625
Time taken:  0.34566497802734375
Test Loss: 0.0000, Test Accuracy: 0.9933, Energy: -916833.75
Time taken:  0.3477301597595215
Test Loss: 0.0000, Test Accuracy: 0.9933, Energy: -916809.5
Time taken:  0.34391117095947266
Test Loss: 0.0000, Test Accuracy: 0.9933, Energy: -916795.75
Time taken:  0.34865856170654297
Test Loss: 0.0000, Test Accuracy: 0.9933, Energy: -916787.25
Time taken:  0.34609365463256836
Test Loss: 0.0000, Test Accuracy: 0.9933, Energy: -916774.6875
Time taken:  0.34815287590026855
Test Loss: 0.0000, Test Accuracy: 0.9933, Energy: -916766.3125
Time taken:  0.3491170406341553
Test Loss: 0.0000, Test Accuracy: 0.9933, Energy: -916758.75
Time taken:  0.34525537490844727
Test Loss: 0.0000, Test Accuracy: 0.9933, Energy: -916741.4375
Time taken:  0.3495140075683594
Test Loss: 0.0000, Test Accuracy: 0.9933, Energy: -916728.875
Time taken:  0.34417057037353516
Test Loss: 0.0000, Test Accuracy: 0.9933, Energy: -916721.4375
Time taken:  0.34970951080322266
Test Loss: 0.0000, Test Accuracy: 0.9933, Energy: -916714.0625
Time taken:  0.34491562843322754
Test Loss: 0.0000, Test Accuracy: 0.9933, Energy: -916742.6875
Time taken:  0.3486506938934326
Test Loss: 0.0000, Test Accuracy: 0.9933, Energy: -916684.25
Time taken:  0.3498351573944092
Test Loss: 0.0000, Test Accuracy: 0.9933, Energy: -916661.25
Time taken:  0.34479188919067383
Test Loss: 0.0000, Test Accuracy: 0.9933, Energy: -916648.0
Time taken:  0.348660945892334
Test Loss: 0.0000, Test Accuracy: 0.9933, Energy: -916638.8125
Time taken:  0.3453967571258545
Test Loss: 0.0000, Test Accuracy: 0.9933, Energy: -916622.25
Time taken:  0.34770631790161133
Test Loss: 0.0000, Test Accuracy: 0.9933, Energy: -916606.375
Time taken:  0.34851884841918945
Test Loss: 0.0000, Test Accuracy: 0.9933, Energy: -916597.3125
Time taken:  0.3446187973022461
Test Loss: 0.0000, Test Accuracy: 0.9933, Energy: -916585.5
Time taken:  0.3487265110015869
Test Loss: 0.0000, Test Accuracy: 0.9933, Energy: -916573.5
Time taken:  0.3444335460662842
Test Loss: 0.0000, Test Accuracy: 0.9933, Energy: -916564.125
Time taken:  0.3486812114715576
Test Loss: 0.0000, Test Accuracy: 0.9933, Energy: -916555.1875
Time taken:  0.3423936367034912
Test Loss: 0.0000, Test Accuracy: 0.9933, Energy: -916546.0
Time taken:  0.34731554985046387
Test Loss: 0.0000, Test Accuracy: 0.9933, Energy: -916536.4375
Time taken:  0.34409427642822266
Test Loss: 0.0000, Test Accuracy: 0.9933, Energy: -916524.0
Time taken:  0.340543270111084
Test Loss: 0.0000, Test Accuracy: 0.9933, Energy: -916492.0
Time taken:  0.34395933151245117
Test Loss: 0.0000, Test Accuracy: 0.9933, Energy: -916482.5
Time taken:  0.34120917320251465
Final accuracies: [0.9933333333333333, 1.0, 0.9966666666666667, 0.9966666666666667, 0.9933333333333333, 0.9933333333333333, 0.9933333333333333, 0.9933333333333333, 0.9933333333333333, 0.9933333333333333, 0.9933333333333333, 0.9933333333333333, 0.9933333333333333, 0.9933333333333333, 0.9933333333333333, 0.9933333333333333, 0.9933333333333333, 0.9933333333333333, 0.9933333333333333, 0.9933333333333333, 0.9933333333333333, 0.9933333333333333, 0.9933333333333333, 0.9933333333333333, 0.9933333333333333, 0.9933333333333333, 0.9933333333333333, 0.9933333333333333, 0.9933333333333333, 0.9933333333333333, 0.9933333333333333, 0.9933333333333333, 0.9933333333333333, 0.9933333333333333, 0.9933333333333333, 0.9933333333333333, 0.9933333333333333, 0.9933333333333333, 0.9933333333333333, 0.9933333333333333, 0.9933333333333333, 0.9933333333333333, 0.9933333333333333, 0.9933333333333333, 0.9933333333333333, 0.9933333333333333, 0.9933333333333333, 0.9933333333333333, 0.9933333333333333, 0.9933333333333333, 0.9933333333333333, 0.9933333333333333, 0.9933333333333333, 0.9933333333333333, 0.9933333333333333, 0.9933333333333333, 0.9933333333333333, 0.9933333333333333, 0.9933333333333333, 0.9933333333333333, 0.9933333333333333, 0.9933333333333333, 0.9933333333333333, 0.9933333333333333, 0.9933333333333333, 0.9933333333333333, 0.9933333333333333, 0.9933333333333333, 0.9933333333333333, 0.9933333333333333, 0.9933333333333333, 0.9933333333333333, 0.9933333333333333, 0.9933333333333333, 0.9933333333333333, 0.9933333333333333, 0.9933333333333333, 0.9933333333333333, 0.9933333333333333, 0.9933333333333333, 0.9933333333333333, 0.9933333333333333, 0.9933333333333333, 0.9933333333333333, 0.9933333333333333, 0.9933333333333333, 0.9933333333333333, 0.9933333333333333, 0.9933333333333333, 0.9933333333333333, 0.9933333333333333, 0.9933333333333333, 0.9933333333333333, 0.9933333333333333, 0.9933333333333333, 0.9933333333333333, 0.9933333333333333, 0.9933333333333333, 0.9933333333333333, 0.9933333333333333]
Final energies: [-5682.9150390625, -96013.2265625, -245106.25, -374325.5, -474347.09375, -553752.4375, -617247.75, -670085.5625, -712713.1875, -748106.9375, -776814.3125, -800772.375, -820478.25, -837074.5, -850741.6875, -861782.75, -871663.3125, -879807.0, -886193.5, -891961.625, -896260.375, -899868.5625, -902831.0, -905318.9375, -907621.6875, -909513.125, -910820.0, -911980.375, -912994.125, -913915.8125, -914442.0, -914923.8125, -915341.375, -915721.5, -915989.9375, -916197.25, -916381.875, -916533.5625, -916675.25, -916731.0, -916855.75, -916956.0, -916900.875, -916938.5625, -916983.625, -917007.5625, -917040.625, -917048.5625, -917035.125, -917041.875, -917047.5625, -917039.5, -917017.375, -917032.9375, -916972.0625, -916986.625, -916980.125, -916969.0, -916955.0625, -916988.125, -917000.0625, -916985.75, -916971.25, -916962.875, -916916.625, -916908.6875, -916901.875, -916837.4375, -916821.8125, -916815.8125, -916815.9375, -916841.5625, -916833.75, -916809.5, -916795.75, -916787.25, -916774.6875, -916766.3125, -916758.75, -916741.4375, -916728.875, -916721.4375, -916714.0625, -916742.6875, -916684.25, -916661.25, -916648.0, -916638.8125, -916622.25, -916606.375, -916597.3125, -916585.5, -916573.5, -916564.125, -916555.1875, -916546.0, -916536.4375, -916524.0, -916492.0, -916482.5]
