Running with parameters: hidden=30, use_coupled=true, seed=16, lam=0.0, eta=1.0, batch=50
Test Loss: 0.0000, Test Accuracy: 0.9567, Energy: -2982.91162109375
Time taken:  0.3676133155822754
Test Loss: 0.0000, Test Accuracy: 1.0000, Energy: -55867.4140625
Time taken:  0.3436887264251709
Test Loss: 0.0000, Test Accuracy: 0.9967, Energy: -221775.8125
Time taken:  0.3454282283782959
Test Loss: 0.0000, Test Accuracy: 0.9967, Energy: -399437.0
Time taken:  0.3417940139770508
Test Loss: 0.0000, Test Accuracy: 0.9900, Energy: -537970.8125
Time taken:  0.3446941375732422
Test Loss: 0.0000, Test Accuracy: 0.9867, Energy: -650662.875
Time taken:  0.34159255027770996
Test Loss: 0.0000, Test Accuracy: 0.9867, Energy: -742691.125
Time taken:  0.3442356586456299
Test Loss: 0.0000, Test Accuracy: 0.9833, Energy: -816774.75
Time taken:  0.34130406379699707
Test Loss: 0.0000, Test Accuracy: 0.9867, Energy: -879681.9375
Time taken:  0.34645962715148926
Test Loss: 0.0000, Test Accuracy: 0.9833, Energy: -930696.0
Time taken:  0.3454406261444092
Test Loss: 0.0000, Test Accuracy: 0.9833, Energy: -972794.6875
Time taken:  0.3426978588104248
Test Loss: 0.0000, Test Accuracy: 0.9833, Energy: -1009407.375
Time taken:  0.34543848037719727
Test Loss: 0.0000, Test Accuracy: 0.9833, Energy: -1039080.0
Time taken:  0.3414573669433594
Test Loss: 0.0000, Test Accuracy: 0.9833, Energy: -1063787.625
Time taken:  0.34517383575439453
Test Loss: 0.0000, Test Accuracy: 0.9833, Energy: -1084218.125
Time taken:  0.3419473171234131
Test Loss: 0.0000, Test Accuracy: 0.9867, Energy: -1101081.125
Time taken:  0.3452022075653076
Test Loss: 0.0000, Test Accuracy: 0.9833, Energy: -1115296.0
Time taken:  0.3448953628540039
Test Loss: 0.0000, Test Accuracy: 0.9833, Energy: -1127091.75
Time taken:  0.34145021438598633
Test Loss: 0.0000, Test Accuracy: 0.9867, Energy: -1136792.625
Time taken:  0.34572577476501465
Test Loss: 0.0000, Test Accuracy: 0.9867, Energy: -1145129.375
Time taken:  0.3422858715057373
Test Loss: 0.0000, Test Accuracy: 0.9867, Energy: -1151361.625
Time taken:  0.3449866771697998
Test Loss: 0.0000, Test Accuracy: 0.9867, Energy: -1156936.0
Time taken:  0.3414466381072998
Test Loss: 0.0000, Test Accuracy: 0.9867, Energy: -1161307.75
Time taken:  0.34697723388671875
Test Loss: 0.0000, Test Accuracy: 0.9867, Energy: -1164948.25
Time taken:  0.3465723991394043
Test Loss: 0.0000, Test Accuracy: 0.9867, Energy: -1167697.625
Time taken:  0.3421602249145508
Test Loss: 0.0000, Test Accuracy: 0.9867, Energy: -1170222.375
Time taken:  0.34496140480041504
Test Loss: 0.0000, Test Accuracy: 0.9867, Energy: -1172306.625
Time taken:  0.3400156497955322
Test Loss: 0.0000, Test Accuracy: 0.9867, Energy: -1174011.5
Time taken:  0.344559907913208
Test Loss: 0.0000, Test Accuracy: 0.9867, Energy: -1175934.875
Time taken:  0.3416457176208496
Test Loss: 0.0000, Test Accuracy: 0.9867, Energy: -1177312.5
Time taken:  0.3446815013885498
Test Loss: 0.0000, Test Accuracy: 0.9867, Energy: -1178550.0
Time taken:  0.34530162811279297
Test Loss: 0.0000, Test Accuracy: 0.9867, Energy: -1179664.625
Time taken:  0.34111642837524414
Test Loss: 0.0000, Test Accuracy: 0.9867, Energy: -1180655.625
Time taken:  0.3452033996582031
Test Loss: 0.0000, Test Accuracy: 0.9867, Energy: -1181748.75
Time taken:  0.3406798839569092
Test Loss: 0.0000, Test Accuracy: 0.9867, Energy: -1182346.625
Time taken:  0.345287561416626
Test Loss: 0.0000, Test Accuracy: 0.9867, Energy: -1182959.0
Time taken:  0.3411712646484375
Test Loss: 0.0000, Test Accuracy: 0.9867, Energy: -1183406.75
Time taken:  0.34363651275634766
Test Loss: 0.0000, Test Accuracy: 0.9867, Energy: -1183711.75
Time taken:  0.34518909454345703
Test Loss: 0.0000, Test Accuracy: 0.9867, Energy: -1184039.125
Time taken:  0.34159064292907715
Test Loss: 0.0000, Test Accuracy: 0.9867, Energy: -1184246.125
Time taken:  0.3444805145263672
Test Loss: 0.0000, Test Accuracy: 0.9867, Energy: -1184488.75
Time taken:  0.3418240547180176
Test Loss: 0.0000, Test Accuracy: 0.9867, Energy: -1184694.25
Time taken:  0.3445723056793213
Test Loss: 0.0000, Test Accuracy: 0.9867, Energy: -1184841.625
Time taken:  0.34015393257141113
Test Loss: 0.0000, Test Accuracy: 0.9867, Energy: -1185133.125
Time taken:  0.34432101249694824
Test Loss: 0.0000, Test Accuracy: 0.9867, Energy: -1185229.375
Time taken:  0.3451840877532959
Test Loss: 0.0000, Test Accuracy: 0.9867, Energy: -1185313.375
Time taken:  0.34091734886169434
Test Loss: 0.0000, Test Accuracy: 0.9867, Energy: -1185349.625
Time taken:  0.3442692756652832
Test Loss: 0.0000, Test Accuracy: 0.9867, Energy: -1185386.625
Time taken:  0.34122276306152344
Test Loss: 0.0000, Test Accuracy: 0.9867, Energy: -1185458.375
Time taken:  0.34507322311401367
Test Loss: 0.0000, Test Accuracy: 0.9867, Energy: -1185532.375
Time taken:  0.34055590629577637
Test Loss: 0.0000, Test Accuracy: 0.9867, Energy: -1185548.375
Time taken:  0.34447574615478516
Test Loss: 0.0000, Test Accuracy: 0.9867, Energy: -1185575.75
Time taken:  0.34555482864379883
Test Loss: 0.0000, Test Accuracy: 0.9867, Energy: -1185529.375
Time taken:  0.34158945083618164
Test Loss: 0.0000, Test Accuracy: 0.9867, Energy: -1185573.75
Time taken:  0.3438258171081543
Test Loss: 0.0000, Test Accuracy: 0.9867, Energy: -1185604.5
Time taken:  0.34029173851013184
Test Loss: 0.0000, Test Accuracy: 0.9867, Energy: -1185606.5
Time taken:  0.34374308586120605
Test Loss: 0.0000, Test Accuracy: 0.9867, Energy: -1185620.25
Time taken:  0.33965182304382324
Test Loss: 0.0000, Test Accuracy: 0.9867, Energy: -1185637.25
Time taken:  0.34383416175842285
Test Loss: 0.0000, Test Accuracy: 0.9867, Energy: -1185559.875
Time taken:  0.3443756103515625
Test Loss: 0.0000, Test Accuracy: 0.9867, Energy: -1185561.125
Time taken:  0.34092116355895996
Test Loss: 0.0000, Test Accuracy: 0.9867, Energy: -1185570.5
Time taken:  0.3454244136810303
Test Loss: 0.0000, Test Accuracy: 0.9867, Energy: -1185572.25
Time taken:  0.3409006595611572
Test Loss: 0.0000, Test Accuracy: 0.9867, Energy: -1185570.75
Time taken:  0.34492015838623047
Test Loss: 0.0000, Test Accuracy: 0.9867, Energy: -1185573.0
Time taken:  0.34014225006103516
Test Loss: 0.0000, Test Accuracy: 0.9867, Energy: -1185579.5
Time taken:  0.344773530960083
Test Loss: 0.0000, Test Accuracy: 0.9867, Energy: -1185578.125
Time taken:  0.34470248222351074
Test Loss: 0.0000, Test Accuracy: 0.9867, Energy: -1185578.75
Time taken:  0.34050941467285156
Test Loss: 0.0000, Test Accuracy: 0.9867, Energy: -1185584.625
Time taken:  0.3446807861328125
Test Loss: 0.0000, Test Accuracy: 0.9867, Energy: -1185588.0
Time taken:  0.341245174407959
Test Loss: 0.0000, Test Accuracy: 0.9867, Energy: -1185587.125
Time taken:  0.34449124336242676
Test Loss: 0.0000, Test Accuracy: 0.9867, Energy: -1185587.375
Time taken:  0.34056520462036133
Test Loss: 0.0000, Test Accuracy: 0.9867, Energy: -1185582.5
Time taken:  0.3437058925628662
Test Loss: 0.0000, Test Accuracy: 0.9867, Energy: -1185582.75
Time taken:  0.3446035385131836
Test Loss: 0.0000, Test Accuracy: 0.9867, Energy: -1185582.75
Time taken:  0.34098291397094727
Test Loss: 0.0000, Test Accuracy: 0.9867, Energy: -1185601.5
Time taken:  0.345430850982666
Test Loss: 0.0000, Test Accuracy: 0.9867, Energy: -1185601.625
Time taken:  0.34140992164611816
Test Loss: 0.0000, Test Accuracy: 0.9867, Energy: -1185601.625
Time taken:  0.34526968002319336
Test Loss: 0.0000, Test Accuracy: 0.9867, Energy: -1185605.75
Time taken:  0.34244704246520996
Test Loss: 0.0000, Test Accuracy: 0.9867, Energy: -1185624.125
Time taken:  0.3461461067199707
Test Loss: 0.0000, Test Accuracy: 0.9867, Energy: -1185624.25
Time taken:  0.344651460647583
Test Loss: 0.0000, Test Accuracy: 0.9867, Energy: -1185633.125
Time taken:  0.34064292907714844
Test Loss: 0.0000, Test Accuracy: 0.9867, Energy: -1185633.125
Time taken:  0.3450334072113037
Test Loss: 0.0000, Test Accuracy: 0.9867, Energy: -1185666.375
Time taken:  0.3412342071533203
Test Loss: 0.0000, Test Accuracy: 0.9867, Energy: -1185666.25
Time taken:  0.3445124626159668
Test Loss: 0.0000, Test Accuracy: 0.9867, Energy: -1185644.75
Time taken:  0.34177541732788086
Test Loss: 0.0000, Test Accuracy: 0.9867, Energy: -1185651.0
Time taken:  0.3450741767883301
Test Loss: 0.0000, Test Accuracy: 0.9867, Energy: -1185640.5
Time taken:  0.3436751365661621
Test Loss: 0.0000, Test Accuracy: 0.9867, Energy: -1185633.25
Time taken:  0.34166431427001953
Test Loss: 0.0000, Test Accuracy: 0.9867, Energy: -1185633.25
Time taken:  0.34432244300842285
Test Loss: 0.0000, Test Accuracy: 0.9867, Energy: -1185632.25
Time taken:  0.33922743797302246
Test Loss: 0.0000, Test Accuracy: 0.9867, Energy: -1185654.375
Time taken:  0.3426964282989502
Test Loss: 0.0000, Test Accuracy: 0.9867, Energy: -1185660.25
Time taken:  0.33739352226257324
Test Loss: 0.0000, Test Accuracy: 0.9867, Energy: -1185847.0
Time taken:  0.3410835266113281
Test Loss: 0.0000, Test Accuracy: 0.9867, Energy: -1185847.0
Time taken:  0.33741140365600586
Test Loss: 0.0000, Test Accuracy: 0.9867, Energy: -1185864.875
Time taken:  0.34083080291748047
Test Loss: 0.0000, Test Accuracy: 0.9867, Energy: -1185865.125
Time taken:  0.34154558181762695
Test Loss: 0.0000, Test Accuracy: 0.9867, Energy: -1185867.5
Time taken:  0.33542418479919434
Test Loss: 0.0000, Test Accuracy: 0.9867, Energy: -1185904.75
Time taken:  0.3377823829650879
Test Loss: 0.0000, Test Accuracy: 0.9867, Energy: -1185922.25
Time taken:  0.334500789642334
Test Loss: 0.0000, Test Accuracy: 0.9867, Energy: -1185922.375
Time taken:  0.3378591537475586
Final accuracies: [0.9566666666666667, 1.0, 0.9966666666666667, 0.9966666666666667, 0.99, 0.9866666666666667, 0.9866666666666667, 0.9833333333333333, 0.9866666666666667, 0.9833333333333333, 0.9833333333333333, 0.9833333333333333, 0.9833333333333333, 0.9833333333333333, 0.9833333333333333, 0.9866666666666667, 0.9833333333333333, 0.9833333333333333, 0.9866666666666667, 0.9866666666666667, 0.9866666666666667, 0.9866666666666667, 0.9866666666666667, 0.9866666666666667, 0.9866666666666667, 0.9866666666666667, 0.9866666666666667, 0.9866666666666667, 0.9866666666666667, 0.9866666666666667, 0.9866666666666667, 0.9866666666666667, 0.9866666666666667, 0.9866666666666667, 0.9866666666666667, 0.9866666666666667, 0.9866666666666667, 0.9866666666666667, 0.9866666666666667, 0.9866666666666667, 0.9866666666666667, 0.9866666666666667, 0.9866666666666667, 0.9866666666666667, 0.9866666666666667, 0.9866666666666667, 0.9866666666666667, 0.9866666666666667, 0.9866666666666667, 0.9866666666666667, 0.9866666666666667, 0.9866666666666667, 0.9866666666666667, 0.9866666666666667, 0.9866666666666667, 0.9866666666666667, 0.9866666666666667, 0.9866666666666667, 0.9866666666666667, 0.9866666666666667, 0.9866666666666667, 0.9866666666666667, 0.9866666666666667, 0.9866666666666667, 0.9866666666666667, 0.9866666666666667, 0.9866666666666667, 0.9866666666666667, 0.9866666666666667, 0.9866666666666667, 0.9866666666666667, 0.9866666666666667, 0.9866666666666667, 0.9866666666666667, 0.9866666666666667, 0.9866666666666667, 0.9866666666666667, 0.9866666666666667, 0.9866666666666667, 0.9866666666666667, 0.9866666666666667, 0.9866666666666667, 0.9866666666666667, 0.9866666666666667, 0.9866666666666667, 0.9866666666666667, 0.9866666666666667, 0.9866666666666667, 0.9866666666666667, 0.9866666666666667, 0.9866666666666667, 0.9866666666666667, 0.9866666666666667, 0.9866666666666667, 0.9866666666666667, 0.9866666666666667, 0.9866666666666667, 0.9866666666666667, 0.9866666666666667, 0.9866666666666667]
Final energies: [-2982.91162109375, -55867.4140625, -221775.8125, -399437.0, -537970.8125, -650662.875, -742691.125, -816774.75, -879681.9375, -930696.0, -972794.6875, -1009407.375, -1039080.0, -1063787.625, -1084218.125, -1101081.125, -1115296.0, -1127091.75, -1136792.625, -1145129.375, -1151361.625, -1156936.0, -1161307.75, -1164948.25, -1167697.625, -1170222.375, -1172306.625, -1174011.5, -1175934.875, -1177312.5, -1178550.0, -1179664.625, -1180655.625, -1181748.75, -1182346.625, -1182959.0, -1183406.75, -1183711.75, -1184039.125, -1184246.125, -1184488.75, -1184694.25, -1184841.625, -1185133.125, -1185229.375, -1185313.375, -1185349.625, -1185386.625, -1185458.375, -1185532.375, -1185548.375, -1185575.75, -1185529.375, -1185573.75, -1185604.5, -1185606.5, -1185620.25, -1185637.25, -1185559.875, -1185561.125, -1185570.5, -1185572.25, -1185570.75, -1185573.0, -1185579.5, -1185578.125, -1185578.75, -1185584.625, -1185588.0, -1185587.125, -1185587.375, -1185582.5, -1185582.75, -1185582.75, -1185601.5, -1185601.625, -1185601.625, -1185605.75, -1185624.125, -1185624.25, -1185633.125, -1185633.125, -1185666.375, -1185666.25, -1185644.75, -1185651.0, -1185640.5, -1185633.25, -1185633.25, -1185632.25, -1185654.375, -1185660.25, -1185847.0, -1185847.0, -1185864.875, -1185865.125, -1185867.5, -1185904.75, -1185922.25, -1185922.375]
