Running with parameters: hidden=30, use_coupled=true, seed=77, lam=0.0, eta=1.0, batch=50
Test Loss: 0.0000, Test Accuracy: 0.9900, Energy: -1963.3175048828125
Time taken:  0.3688666820526123
Test Loss: 0.0000, Test Accuracy: 0.9967, Energy: -42970.0703125
Time taken:  0.34773945808410645
Test Loss: 0.0000, Test Accuracy: 0.9967, Energy: -167134.9375
Time taken:  0.346118688583374
Test Loss: 0.0000, Test Accuracy: 0.9967, Energy: -285030.3125
Time taken:  0.3432285785675049
Test Loss: 0.0000, Test Accuracy: 0.9967, Energy: -373658.40625
Time taken:  0.3458900451660156
Test Loss: 0.0000, Test Accuracy: 0.9967, Energy: -441775.375
Time taken:  0.3438289165496826
Test Loss: 0.0000, Test Accuracy: 0.9967, Energy: -496676.75
Time taken:  0.34589147567749023
Test Loss: 0.0000, Test Accuracy: 0.9967, Energy: -541069.3125
Time taken:  0.34247422218322754
Test Loss: 0.0000, Test Accuracy: 0.9967, Energy: -578394.625
Time taken:  0.34680724143981934
Test Loss: 0.0000, Test Accuracy: 0.9967, Energy: -609541.5625
Time taken:  0.34675168991088867
Test Loss: 0.0000, Test Accuracy: 1.0000, Energy: -633304.8125
Time taken:  0.3427283763885498
Test Loss: 0.0000, Test Accuracy: 1.0000, Energy: -653177.125
Time taken:  0.34724926948547363
Test Loss: 0.0000, Test Accuracy: 1.0000, Energy: -670370.875
Time taken:  0.34321165084838867
Test Loss: 0.0000, Test Accuracy: 1.0000, Energy: -684538.6875
Time taken:  0.3470914363861084
Test Loss: 0.0000, Test Accuracy: 1.0000, Energy: -696390.625
Time taken:  0.34682559967041016
Test Loss: 0.0000, Test Accuracy: 1.0000, Energy: -706544.625
Time taken:  0.3428003787994385
Test Loss: 0.0000, Test Accuracy: 0.9967, Energy: -693372.75
Time taken:  0.34671664237976074
Test Loss: 0.0000, Test Accuracy: 0.9933, Energy: -680809.5
Time taken:  0.34377527236938477
Test Loss: 0.0000, Test Accuracy: 0.9933, Energy: -670634.5
Time taken:  0.3456251621246338
Test Loss: 0.0000, Test Accuracy: 0.9933, Energy: -661694.8125
Time taken:  0.34618377685546875
Test Loss: 0.0000, Test Accuracy: 0.9867, Energy: -653641.0625
Time taken:  0.34427428245544434
Test Loss: 0.0000, Test Accuracy: 0.9867, Energy: -647857.25
Time taken:  0.3474557399749756
Test Loss: 0.0000, Test Accuracy: 0.9833, Energy: -642843.4375
Time taken:  0.3430182933807373
Test Loss: 0.0000, Test Accuracy: 0.9867, Energy: -639566.0
Time taken:  0.3459780216217041
Test Loss: 0.0000, Test Accuracy: 0.9867, Energy: -636479.125
Time taken:  0.3503561019897461
Test Loss: 0.0000, Test Accuracy: 0.9900, Energy: -634381.8125
Time taken:  0.3481910228729248
Test Loss: 0.0000, Test Accuracy: 0.9900, Energy: -631879.1875
Time taken:  0.3472263813018799
Test Loss: 0.0000, Test Accuracy: 0.9933, Energy: -630782.3125
Time taken:  0.34354662895202637
Test Loss: 0.0000, Test Accuracy: 0.9933, Energy: -629147.0
Time taken:  0.34601449966430664
Test Loss: 0.0000, Test Accuracy: 0.9900, Energy: -628154.5
Time taken:  0.3462796211242676
Test Loss: 0.0000, Test Accuracy: 0.9933, Energy: -627359.5
Time taken:  0.34237074851989746
Test Loss: 0.0000, Test Accuracy: 0.9900, Energy: -626079.5
Time taken:  0.3443131446838379
Test Loss: 0.0000, Test Accuracy: 0.9900, Energy: -625374.125
Time taken:  0.3392317295074463
Test Loss: 0.0000, Test Accuracy: 0.9900, Energy: -625241.8125
Time taken:  0.34640049934387207
Test Loss: 0.0000, Test Accuracy: 0.9933, Energy: -623927.25
Time taken:  0.3457150459289551
Test Loss: 0.0000, Test Accuracy: 0.9900, Energy: -623690.125
Time taken:  0.343031644821167
Test Loss: 0.0000, Test Accuracy: 0.9933, Energy: -623183.875
Time taken:  0.34499454498291016
Test Loss: 0.0000, Test Accuracy: 0.9933, Energy: -623009.3125
Time taken:  0.3431389331817627
Test Loss: 0.0000, Test Accuracy: 0.9933, Energy: -622849.9375
Time taken:  0.3464345932006836
Test Loss: 0.0000, Test Accuracy: 0.9933, Energy: -622591.4375
Time taken:  0.34381103515625
Test Loss: 0.0000, Test Accuracy: 0.9933, Energy: -622423.125
Time taken:  0.350830078125
Test Loss: 0.0000, Test Accuracy: 0.9933, Energy: -622300.8125
Time taken:  0.34587693214416504
Test Loss: 0.0000, Test Accuracy: 0.9933, Energy: -622070.0625
Time taken:  0.3438377380371094
Test Loss: 0.0000, Test Accuracy: 0.9933, Energy: -621958.5
Time taken:  0.3461141586303711
Test Loss: 0.0000, Test Accuracy: 0.9933, Energy: -621785.0
Time taken:  0.3437459468841553
Test Loss: 0.0000, Test Accuracy: 0.9933, Energy: -621726.125
Time taken:  0.34674859046936035
Test Loss: 0.0000, Test Accuracy: 0.9967, Energy: -621990.375
Time taken:  0.3483107089996338
Test Loss: 0.0000, Test Accuracy: 0.9967, Energy: -621881.1875
Time taken:  0.34269261360168457
Test Loss: 0.0000, Test Accuracy: 0.9967, Energy: -621928.8125
Time taken:  0.34622645378112793
Test Loss: 0.0000, Test Accuracy: 0.9967, Energy: -622403.25
Time taken:  0.3447756767272949
Test Loss: 0.0000, Test Accuracy: 0.9967, Energy: -622376.25
Time taken:  0.3456118106842041
Test Loss: 0.0000, Test Accuracy: 0.9967, Energy: -622218.4375
Time taken:  0.3463621139526367
Test Loss: 0.0000, Test Accuracy: 0.9967, Energy: -622239.1875
Time taken:  0.342989444732666
Test Loss: 0.0000, Test Accuracy: 0.9967, Energy: -622258.8125
Time taken:  0.34586381912231445
Test Loss: 0.0000, Test Accuracy: 0.9967, Energy: -622281.125
Time taken:  0.34272265434265137
Test Loss: 0.0000, Test Accuracy: 0.9967, Energy: -622094.0625
Time taken:  0.34685301780700684
Test Loss: 0.0000, Test Accuracy: 0.9967, Energy: -622089.625
Time taken:  0.3447544574737549
Test Loss: 0.0000, Test Accuracy: 0.9967, Energy: -622084.4375
Time taken:  0.3466835021972656
Test Loss: 0.0000, Test Accuracy: 0.9967, Energy: -622044.0
Time taken:  0.3467996120452881
Test Loss: 0.0000, Test Accuracy: 0.9967, Energy: -622087.6875
Time taken:  0.3430514335632324
Test Loss: 0.0000, Test Accuracy: 0.9967, Energy: -622037.875
Time taken:  0.346005916595459
Test Loss: 0.0000, Test Accuracy: 0.9967, Energy: -622050.5
Time taken:  0.34392738342285156
Test Loss: 0.0000, Test Accuracy: 0.9967, Energy: -621997.4375
Time taken:  0.3468918800354004
Test Loss: 0.0000, Test Accuracy: 0.9967, Energy: -622126.3125
Time taken:  0.34749555587768555
Test Loss: 0.0000, Test Accuracy: 0.9967, Energy: -622125.4375
Time taken:  0.3427553176879883
Test Loss: 0.0000, Test Accuracy: 0.9967, Energy: -622156.9375
Time taken:  0.3461034297943115
Test Loss: 0.0000, Test Accuracy: 0.9967, Energy: -622156.0625
Time taken:  0.34328413009643555
Test Loss: 0.0000, Test Accuracy: 0.9967, Energy: -622155.3125
Time taken:  0.3462553024291992
Test Loss: 0.0000, Test Accuracy: 0.9967, Energy: -622154.75
Time taken:  0.34679532051086426
Test Loss: 0.0000, Test Accuracy: 0.9967, Energy: -622144.0625
Time taken:  0.34453749656677246
Test Loss: 0.0000, Test Accuracy: 0.9967, Energy: -622179.1875
Time taken:  0.3465301990509033
Test Loss: 0.0000, Test Accuracy: 0.9967, Energy: -622192.75
Time taken:  0.34491467475891113
Test Loss: 0.0000, Test Accuracy: 0.9967, Energy: -622202.5625
Time taken:  0.34621739387512207
Test Loss: 0.0000, Test Accuracy: 0.9967, Energy: -622201.5
Time taken:  0.3458371162414551
Test Loss: 0.0000, Test Accuracy: 0.9967, Energy: -622192.375
Time taken:  0.3433053493499756
Test Loss: 0.0000, Test Accuracy: 0.9967, Energy: -622183.3125
Time taken:  0.34665369987487793
Test Loss: 0.0000, Test Accuracy: 0.9967, Energy: -622182.125
Time taken:  0.3446485996246338
Test Loss: 0.0000, Test Accuracy: 0.9967, Energy: -622195.0
Time taken:  0.34759998321533203
Test Loss: 0.0000, Test Accuracy: 0.9967, Energy: -622193.75
Time taken:  0.3473660945892334
Test Loss: 0.0000, Test Accuracy: 0.9967, Energy: -622216.5
Time taken:  0.34296441078186035
Test Loss: 0.0000, Test Accuracy: 0.9967, Energy: -622264.375
Time taken:  0.3677947521209717
Test Loss: 0.0000, Test Accuracy: 0.9967, Energy: -622234.6875
Time taken:  0.3560347557067871
Test Loss: 0.0000, Test Accuracy: 0.9967, Energy: -622233.75
Time taken:  0.3606846332550049
Test Loss: 0.0000, Test Accuracy: 0.9967, Energy: -622234.125
Time taken:  0.34430599212646484
Test Loss: 0.0000, Test Accuracy: 0.9967, Energy: -622226.8125
Time taken:  0.3466482162475586
Test Loss: 0.0000, Test Accuracy: 0.9967, Energy: -622225.3125
Time taken:  0.3465564250946045
Test Loss: 0.0000, Test Accuracy: 0.9967, Energy: -622223.625
Time taken:  0.34285473823547363
Test Loss: 0.0000, Test Accuracy: 0.9967, Energy: -622221.125
Time taken:  0.3467710018157959
Test Loss: 0.0000, Test Accuracy: 0.9967, Energy: -622226.9375
Time taken:  0.34314966201782227
Test Loss: 0.0000, Test Accuracy: 0.9967, Energy: -622215.625
Time taken:  0.3480219841003418
Test Loss: 0.0000, Test Accuracy: 0.9967, Energy: -622213.5625
Time taken:  0.3459310531616211
Test Loss: 0.0000, Test Accuracy: 0.9967, Energy: -622202.0625
Time taken:  0.3431057929992676
Test Loss: 0.0000, Test Accuracy: 0.9967, Energy: -622267.1875
Time taken:  0.3456730842590332
Test Loss: 0.0000, Test Accuracy: 0.9967, Energy: -622266.75
Time taken:  0.344437837600708
Test Loss: 0.0000, Test Accuracy: 0.9967, Energy: -622264.375
Time taken:  0.3457667827606201
Test Loss: 0.0000, Test Accuracy: 0.9967, Energy: -622271.0625
Time taken:  0.34674882888793945
Test Loss: 0.0000, Test Accuracy: 0.9967, Energy: -622268.5
Time taken:  0.3436143398284912
Test Loss: 0.0000, Test Accuracy: 0.9967, Energy: -622265.875
Time taken:  0.34708142280578613
Test Loss: 0.0000, Test Accuracy: 0.9967, Energy: -622263.25
Time taken:  0.34319591522216797
Test Loss: 0.0000, Test Accuracy: 0.9967, Energy: -622474.375
Time taken:  0.34517955780029297
Final accuracies: [0.99, 0.9966666666666667, 0.9966666666666667, 0.9966666666666667, 0.9966666666666667, 0.9966666666666667, 0.9966666666666667, 0.9966666666666667, 0.9966666666666667, 0.9966666666666667, 1.0, 1.0, 1.0, 1.0, 1.0, 1.0, 0.9966666666666667, 0.9933333333333333, 0.9933333333333333, 0.9933333333333333, 0.9866666666666667, 0.9866666666666667, 0.9833333333333333, 0.9866666666666667, 0.9866666666666667, 0.99, 0.99, 0.9933333333333333, 0.9933333333333333, 0.99, 0.9933333333333333, 0.99, 0.99, 0.99, 0.9933333333333333, 0.99, 0.9933333333333333, 0.9933333333333333, 0.9933333333333333, 0.9933333333333333, 0.9933333333333333, 0.9933333333333333, 0.9933333333333333, 0.9933333333333333, 0.9933333333333333, 0.9933333333333333, 0.9966666666666667, 0.9966666666666667, 0.9966666666666667, 0.9966666666666667, 0.9966666666666667, 0.9966666666666667, 0.9966666666666667, 0.9966666666666667, 0.9966666666666667, 0.9966666666666667, 0.9966666666666667, 0.9966666666666667, 0.9966666666666667, 0.9966666666666667, 0.9966666666666667, 0.9966666666666667, 0.9966666666666667, 0.9966666666666667, 0.9966666666666667, 0.9966666666666667, 0.9966666666666667, 0.9966666666666667, 0.9966666666666667, 0.9966666666666667, 0.9966666666666667, 0.9966666666666667, 0.9966666666666667, 0.9966666666666667, 0.9966666666666667, 0.9966666666666667, 0.9966666666666667, 0.9966666666666667, 0.9966666666666667, 0.9966666666666667, 0.9966666666666667, 0.9966666666666667, 0.9966666666666667, 0.9966666666666667, 0.9966666666666667, 0.9966666666666667, 0.9966666666666667, 0.9966666666666667, 0.9966666666666667, 0.9966666666666667, 0.9966666666666667, 0.9966666666666667, 0.9966666666666667, 0.9966666666666667, 0.9966666666666667, 0.9966666666666667, 0.9966666666666667, 0.9966666666666667, 0.9966666666666667, 0.9966666666666667]
Final energies: [-1963.3175048828125, -42970.0703125, -167134.9375, -285030.3125, -373658.40625, -441775.375, -496676.75, -541069.3125, -578394.625, -609541.5625, -633304.8125, -653177.125, -670370.875, -684538.6875, -696390.625, -706544.625, -693372.75, -680809.5, -670634.5, -661694.8125, -653641.0625, -647857.25, -642843.4375, -639566.0, -636479.125, -634381.8125, -631879.1875, -630782.3125, -629147.0, -628154.5, -627359.5, -626079.5, -625374.125, -625241.8125, -623927.25, -623690.125, -623183.875, -623009.3125, -622849.9375, -622591.4375, -622423.125, -622300.8125, -622070.0625, -621958.5, -621785.0, -621726.125, -621990.375, -621881.1875, -621928.8125, -622403.25, -622376.25, -622218.4375, -622239.1875, -622258.8125, -622281.125, -622094.0625, -622089.625, -622084.4375, -622044.0, -622087.6875, -622037.875, -622050.5, -621997.4375, -622126.3125, -622125.4375, -622156.9375, -622156.0625, -622155.3125, -622154.75, -622144.0625, -622179.1875, -622192.75, -622202.5625, -622201.5, -622192.375, -622183.3125, -622182.125, -622195.0, -622193.75, -622216.5, -622264.375, -622234.6875, -622233.75, -622234.125, -622226.8125, -622225.3125, -622223.625, -622221.125, -622226.9375, -622215.625, -622213.5625, -622202.0625, -622267.1875, -622266.75, -622264.375, -622271.0625, -622268.5, -622265.875, -622263.25, -622474.375]
