Running with parameters: hidden=50, use_coupled=true, seed=14, lam=0.5, eta=0.5, batch=50
Test Loss: 0.0000, Test Accuracy: 0.9933, Energy: -7207.3466796875
Time taken:  0.6271710395812988
Test Loss: 0.0000, Test Accuracy: 0.9967, Energy: -205105.03125
Time taken:  0.6261799335479736
Test Loss: 0.0000, Test Accuracy: 0.9967, Energy: -521976.0
Time taken:  0.623291015625
Test Loss: 0.0000, Test Accuracy: 0.9967, Energy: -816807.625
Time taken:  0.6289567947387695
Test Loss: 0.0000, Test Accuracy: 0.9967, Energy: -1047382.625
Time taken:  0.6229860782623291
Test Loss: 0.0000, Test Accuracy: 0.9967, Energy: -1237209.25
Time taken:  0.6267440319061279
Test Loss: 0.0000, Test Accuracy: 0.9967, Energy: -1390214.25
Time taken:  0.6214537620544434
Test Loss: 0.0000, Test Accuracy: 0.9967, Energy: -1519428.625
Time taken:  0.6283252239227295
Test Loss: 0.0000, Test Accuracy: 0.9967, Energy: -1623633.375
Time taken:  0.6260693073272705
Test Loss: 0.0000, Test Accuracy: 0.9967, Energy: -1709675.75
Time taken:  0.6291904449462891
Test Loss: 0.0000, Test Accuracy: 0.9967, Energy: -1781364.75
Time taken:  0.6380801200866699
Test Loss: 0.0000, Test Accuracy: 0.9967, Energy: -1843605.125
Time taken:  0.6337416172027588
Test Loss: 0.0000, Test Accuracy: 0.9967, Energy: -1894248.625
Time taken:  0.6361606121063232
Test Loss: 0.0000, Test Accuracy: 0.9967, Energy: -1935248.125
Time taken:  0.6328086853027344
Test Loss: 0.0000, Test Accuracy: 0.9967, Energy: -1970272.875
Time taken:  0.6300873756408691
Test Loss: 0.0000, Test Accuracy: 0.9933, Energy: -1998503.25
Time taken:  0.6340761184692383
Test Loss: 0.0000, Test Accuracy: 0.9900, Energy: -2021989.375
Time taken:  0.6316075325012207
Test Loss: 0.0000, Test Accuracy: 0.9900, Energy: -2042241.625
Time taken:  0.6316139698028564
Test Loss: 0.0000, Test Accuracy: 0.9867, Energy: -2057873.875
Time taken:  0.6316835880279541
Test Loss: 0.0000, Test Accuracy: 0.9867, Energy: -2072224.0
Time taken:  0.6297688484191895
Test Loss: 0.0000, Test Accuracy: 0.9933, Energy: -2083176.875
Time taken:  0.6361656188964844
Test Loss: 0.0000, Test Accuracy: 0.9933, Energy: -2092045.5
Time taken:  0.6341085433959961
Test Loss: 0.0000, Test Accuracy: 0.9867, Energy: -2100264.75
Time taken:  0.6365597248077393
Test Loss: 0.0000, Test Accuracy: 0.9867, Energy: -2106690.0
Time taken:  0.6310515403747559
Test Loss: 0.0000, Test Accuracy: 0.9867, Energy: -2112301.5
Time taken:  0.634681224822998
Test Loss: 0.0000, Test Accuracy: 0.9900, Energy: -2116593.75
Time taken:  0.6302642822265625
Test Loss: 0.0000, Test Accuracy: 0.9900, Energy: -2119482.75
Time taken:  0.6335160732269287
Test Loss: 0.0000, Test Accuracy: 0.9900, Energy: -2122413.75
Time taken:  0.6332950592041016
Test Loss: 0.0000, Test Accuracy: 0.9900, Energy: -2124757.75
Time taken:  0.6272847652435303
Test Loss: 0.0000, Test Accuracy: 0.9900, Energy: -2126917.0
Time taken:  0.6295425891876221
Test Loss: 0.0000, Test Accuracy: 0.9900, Energy: -2128832.0
Time taken:  0.6367080211639404
Test Loss: 0.0000, Test Accuracy: 0.9900, Energy: -2130071.5
Time taken:  0.6351537704467773
Test Loss: 0.0000, Test Accuracy: 0.9900, Energy: -2130978.75
Time taken:  0.6296842098236084
Test Loss: 0.0000, Test Accuracy: 0.9867, Energy: -2131672.5
Time taken:  0.6260921955108643
Test Loss: 0.0000, Test Accuracy: 0.9867, Energy: -2132416.25
Time taken:  0.6299862861633301
Test Loss: 0.0000, Test Accuracy: 0.9867, Energy: -2133297.25
Time taken:  0.6328482627868652
Test Loss: 0.0000, Test Accuracy: 0.9867, Energy: -2134075.5
Time taken:  0.6316001415252686
Test Loss: 0.0000, Test Accuracy: 0.9867, Energy: -2134293.75
Time taken:  0.6261270046234131
Test Loss: 0.0000, Test Accuracy: 0.9867, Energy: -2134607.0
Time taken:  0.6332082748413086
Test Loss: 0.0000, Test Accuracy: 0.9867, Energy: -2135078.0
Time taken:  0.6334733963012695
Test Loss: 0.0000, Test Accuracy: 0.9867, Energy: -2135264.25
Time taken:  0.6338915824890137
Test Loss: 0.0000, Test Accuracy: 0.9867, Energy: -2135473.25
Time taken:  0.6318485736846924
Test Loss: 0.0000, Test Accuracy: 0.9867, Energy: -2135558.25
Time taken:  0.6263480186462402
Test Loss: 0.0000, Test Accuracy: 0.9867, Energy: -2135529.0
Time taken:  0.6280901432037354
Test Loss: 0.0000, Test Accuracy: 0.9867, Energy: -2135812.5
Time taken:  0.6286811828613281
Test Loss: 0.0000, Test Accuracy: 0.9867, Energy: -2136224.75
Time taken:  0.634040355682373
Test Loss: 0.0000, Test Accuracy: 0.9867, Energy: -2136149.25
Time taken:  0.6360447406768799
Test Loss: 0.0000, Test Accuracy: 0.9867, Energy: -2135985.75
Time taken:  0.6306815147399902
Test Loss: 0.0000, Test Accuracy: 0.9867, Energy: -2136039.5
Time taken:  0.6328201293945312
Test Loss: 0.0000, Test Accuracy: 0.9867, Energy: -2135939.0
Time taken:  0.6383500099182129
Test Loss: 0.0000, Test Accuracy: 0.9867, Energy: -2136013.0
Time taken:  0.6362061500549316
Test Loss: 0.0000, Test Accuracy: 0.9867, Energy: -2135931.25
Time taken:  0.629288911819458
Test Loss: 0.0000, Test Accuracy: 0.9867, Energy: -2136293.0
Time taken:  0.6295244693756104
Test Loss: 0.0000, Test Accuracy: 0.9867, Energy: -2136274.75
Time taken:  0.6337299346923828
Test Loss: 0.0000, Test Accuracy: 0.9867, Energy: -2136273.75
Time taken:  0.633415937423706
Test Loss: 0.0000, Test Accuracy: 0.9867, Energy: -2136140.5
Time taken:  0.6331374645233154
Test Loss: 0.0000, Test Accuracy: 0.9867, Energy: -2136185.0
Time taken:  0.6317121982574463
Test Loss: 0.0000, Test Accuracy: 0.9867, Energy: -2136183.5
Time taken:  0.6351220607757568
Test Loss: 0.0000, Test Accuracy: 0.9867, Energy: -2135988.0
Time taken:  0.6317923069000244
Test Loss: 0.0000, Test Accuracy: 0.9867, Energy: -2136317.25
Time taken:  0.6380691528320312
Test Loss: 0.0000, Test Accuracy: 0.9867, Energy: -2136285.25
Time taken:  0.6345033645629883
Test Loss: 0.0000, Test Accuracy: 0.9867, Energy: -2136366.75
Time taken:  0.6296648979187012
Test Loss: 0.0000, Test Accuracy: 0.9867, Energy: -2136186.25
Time taken:  0.6274354457855225
Test Loss: 0.0000, Test Accuracy: 0.9867, Energy: -2136437.75
Time taken:  0.6342332363128662
Test Loss: 0.0000, Test Accuracy: 0.9867, Energy: -2136279.75
Time taken:  0.6318304538726807
Test Loss: 0.0000, Test Accuracy: 0.9867, Energy: -2136442.25
Time taken:  0.6299779415130615
Test Loss: 0.0000, Test Accuracy: 0.9867, Energy: -2136226.25
Time taken:  0.6319892406463623
Test Loss: 0.0000, Test Accuracy: 0.9867, Energy: -2136284.25
Time taken:  0.6364338397979736
Test Loss: 0.0000, Test Accuracy: 0.9867, Energy: -2136161.0
Time taken:  0.6396207809448242
Test Loss: 0.0000, Test Accuracy: 0.9867, Energy: -2136452.5
Time taken:  0.6324708461761475
Test Loss: 0.0000, Test Accuracy: 0.9867, Energy: -2136319.0
Time taken:  0.6348373889923096
Test Loss: 0.0000, Test Accuracy: 0.9867, Energy: -2136343.5
Time taken:  0.6360893249511719
Test Loss: 0.0000, Test Accuracy: 0.9867, Energy: -2136215.5
Time taken:  0.6311335563659668
Test Loss: 0.0000, Test Accuracy: 0.9867, Energy: -2136139.5
Time taken:  0.6272134780883789
Test Loss: 0.0000, Test Accuracy: 0.9867, Energy: -2136293.0
Time taken:  0.632591962814331
Test Loss: 0.0000, Test Accuracy: 0.9867, Energy: -2136689.25
Time taken:  0.630286455154419
Test Loss: 0.0000, Test Accuracy: 0.9867, Energy: -2136281.0
Time taken:  0.6318354606628418
Test Loss: 0.0000, Test Accuracy: 0.9867, Energy: -2136402.5
Time taken:  0.626025915145874
Test Loss: 0.0000, Test Accuracy: 0.9867, Energy: -2136143.0
Time taken:  0.6307861804962158
Test Loss: 0.0000, Test Accuracy: 0.9867, Energy: -2136733.0
Time taken:  0.6338033676147461
Test Loss: 0.0000, Test Accuracy: 0.9867, Energy: -2136051.25
Time taken:  0.6336138248443604
Test Loss: 0.0000, Test Accuracy: 0.9867, Energy: -2136248.25
Time taken:  0.6347136497497559
Test Loss: 0.0000, Test Accuracy: 0.9867, Energy: -2136430.0
Time taken:  0.6324450969696045
Test Loss: 0.0000, Test Accuracy: 0.9867, Energy: -2136550.25
Time taken:  0.6329457759857178
Test Loss: 0.0000, Test Accuracy: 0.9867, Energy: -2136351.5
Time taken:  0.6267964839935303
Test Loss: 0.0000, Test Accuracy: 0.9867, Energy: -2136385.75
Time taken:  0.6361575126647949
Test Loss: 0.0000, Test Accuracy: 0.9867, Energy: -2136418.0
Time taken:  0.6345641613006592
Test Loss: 0.0000, Test Accuracy: 0.9867, Energy: -2136097.75
Time taken:  0.6350114345550537
Test Loss: 0.0000, Test Accuracy: 0.9867, Energy: -2136458.75
Time taken:  0.6384806632995605
Test Loss: 0.0000, Test Accuracy: 0.9867, Energy: -2136295.5
Time taken:  0.6333308219909668
Test Loss: 0.0000, Test Accuracy: 0.9867, Energy: -2136276.5
Time taken:  0.6360208988189697
Test Loss: 0.0000, Test Accuracy: 0.9867, Energy: -2136341.25
Time taken:  0.6321375370025635
Test Loss: 0.0000, Test Accuracy: 0.9867, Energy: -2136381.0
Time taken:  0.6326282024383545
Test Loss: 0.0000, Test Accuracy: 0.9867, Energy: -2136312.0
Time taken:  0.6337714195251465
Test Loss: 0.0000, Test Accuracy: 0.9867, Energy: -2136259.0
Time taken:  0.6303794384002686
Test Loss: 0.0000, Test Accuracy: 0.9867, Energy: -2136433.25
Time taken:  0.6332898139953613
Test Loss: 0.0000, Test Accuracy: 0.9867, Energy: -2136534.25
Time taken:  0.6330080032348633
Test Loss: 0.0000, Test Accuracy: 0.9867, Energy: -2136550.5
Time taken:  0.6341218948364258
Test Loss: 0.0000, Test Accuracy: 0.9867, Energy: -2136300.25
Time taken:  0.6039047241210938
Test Loss: 0.0000, Test Accuracy: 0.9867, Energy: -2136273.0
Time taken:  0.5966811180114746
Final accuracies: [0.9933333333333333, 0.9966666666666667, 0.9966666666666667, 0.9966666666666667, 0.9966666666666667, 0.9966666666666667, 0.9966666666666667, 0.9966666666666667, 0.9966666666666667, 0.9966666666666667, 0.9966666666666667, 0.9966666666666667, 0.9966666666666667, 0.9966666666666667, 0.9966666666666667, 0.9933333333333333, 0.99, 0.99, 0.9866666666666667, 0.9866666666666667, 0.9933333333333333, 0.9933333333333333, 0.9866666666666667, 0.9866666666666667, 0.9866666666666667, 0.99, 0.99, 0.99, 0.99, 0.99, 0.99, 0.99, 0.99, 0.9866666666666667, 0.9866666666666667, 0.9866666666666667, 0.9866666666666667, 0.9866666666666667, 0.9866666666666667, 0.9866666666666667, 0.9866666666666667, 0.9866666666666667, 0.9866666666666667, 0.9866666666666667, 0.9866666666666667, 0.9866666666666667, 0.9866666666666667, 0.9866666666666667, 0.9866666666666667, 0.9866666666666667, 0.9866666666666667, 0.9866666666666667, 0.9866666666666667, 0.9866666666666667, 0.9866666666666667, 0.9866666666666667, 0.9866666666666667, 0.9866666666666667, 0.9866666666666667, 0.9866666666666667, 0.9866666666666667, 0.9866666666666667, 0.9866666666666667, 0.9866666666666667, 0.9866666666666667, 0.9866666666666667, 0.9866666666666667, 0.9866666666666667, 0.9866666666666667, 0.9866666666666667, 0.9866666666666667, 0.9866666666666667, 0.9866666666666667, 0.9866666666666667, 0.9866666666666667, 0.9866666666666667, 0.9866666666666667, 0.9866666666666667, 0.9866666666666667, 0.9866666666666667, 0.9866666666666667, 0.9866666666666667, 0.9866666666666667, 0.9866666666666667, 0.9866666666666667, 0.9866666666666667, 0.9866666666666667, 0.9866666666666667, 0.9866666666666667, 0.9866666666666667, 0.9866666666666667, 0.9866666666666667, 0.9866666666666667, 0.9866666666666667, 0.9866666666666667, 0.9866666666666667, 0.9866666666666667, 0.9866666666666667, 0.9866666666666667, 0.9866666666666667]
Final energies: [-7207.3466796875, -205105.03125, -521976.0, -816807.625, -1047382.625, -1237209.25, -1390214.25, -1519428.625, -1623633.375, -1709675.75, -1781364.75, -1843605.125, -1894248.625, -1935248.125, -1970272.875, -1998503.25, -2021989.375, -2042241.625, -2057873.875, -2072224.0, -2083176.875, -2092045.5, -2100264.75, -2106690.0, -2112301.5, -2116593.75, -2119482.75, -2122413.75, -2124757.75, -2126917.0, -2128832.0, -2130071.5, -2130978.75, -2131672.5, -2132416.25, -2133297.25, -2134075.5, -2134293.75, -2134607.0, -2135078.0, -2135264.25, -2135473.25, -2135558.25, -2135529.0, -2135812.5, -2136224.75, -2136149.25, -2135985.75, -2136039.5, -2135939.0, -2136013.0, -2135931.25, -2136293.0, -2136274.75, -2136273.75, -2136140.5, -2136185.0, -2136183.5, -2135988.0, -2136317.25, -2136285.25, -2136366.75, -2136186.25, -2136437.75, -2136279.75, -2136442.25, -2136226.25, -2136284.25, -2136161.0, -2136452.5, -2136319.0, -2136343.5, -2136215.5, -2136139.5, -2136293.0, -2136689.25, -2136281.0, -2136402.5, -2136143.0, -2136733.0, -2136051.25, -2136248.25, -2136430.0, -2136550.25, -2136351.5, -2136385.75, -2136418.0, -2136097.75, -2136458.75, -2136295.5, -2136276.5, -2136341.25, -2136381.0, -2136312.0, -2136259.0, -2136433.25, -2136534.25, -2136550.5, -2136300.25, -2136273.0]
