Running with parameters: hidden=50, use_coupled=true, seed=77, lam=0.5, eta=0.5, batch=50
Test Loss: 0.0000, Test Accuracy: 0.9967, Energy: -9558.6455078125
Time taken:  0.581303596496582
Test Loss: 0.0000, Test Accuracy: 0.9967, Energy: -340582.71875
Time taken:  0.5587022304534912
Test Loss: 0.0000, Test Accuracy: 0.9967, Energy: -877619.625
Time taken:  0.551764726638794
Test Loss: 0.0000, Test Accuracy: 0.9967, Energy: -1285474.5
Time taken:  0.5506629943847656
Test Loss: 0.0000, Test Accuracy: 0.9967, Energy: -1595230.125
Time taken:  0.550938606262207
Test Loss: 0.0000, Test Accuracy: 0.9967, Energy: -1837885.875
Time taken:  0.5540525913238525
Test Loss: 0.0000, Test Accuracy: 0.9967, Energy: -2036234.25
Time taken:  0.5553696155548096
Test Loss: 0.0000, Test Accuracy: 0.9967, Energy: -2198740.25
Time taken:  0.5511488914489746
Test Loss: 0.0000, Test Accuracy: 0.9967, Energy: -2331584.25
Time taken:  0.556718111038208
Test Loss: 0.0000, Test Accuracy: 0.9967, Energy: -2443001.0
Time taken:  0.5482077598571777
Test Loss: 0.0000, Test Accuracy: 0.9967, Energy: -2535574.0
Time taken:  0.5570299625396729
Test Loss: 0.0000, Test Accuracy: 0.9967, Energy: -2612109.25
Time taken:  0.5571982860565186
Test Loss: 0.0000, Test Accuracy: 0.9967, Energy: -2674083.0
Time taken:  0.5550498962402344
Test Loss: 0.0000, Test Accuracy: 0.9967, Energy: -2726138.0
Time taken:  0.5543935298919678
Test Loss: 0.0000, Test Accuracy: 0.9967, Energy: -2769625.25
Time taken:  0.5573716163635254
Test Loss: 0.0000, Test Accuracy: 0.9967, Energy: -2805909.0
Time taken:  0.5543656349182129
Test Loss: 0.0000, Test Accuracy: 0.9967, Energy: -2836102.0
Time taken:  0.554224967956543
Test Loss: 0.0000, Test Accuracy: 0.9967, Energy: -2860683.5
Time taken:  0.5539534091949463
Test Loss: 0.0000, Test Accuracy: 0.9967, Energy: -2882452.25
Time taken:  0.5554661750793457
Test Loss: 0.0000, Test Accuracy: 0.9967, Energy: -2898533.25
Time taken:  0.5580706596374512
Test Loss: 0.0000, Test Accuracy: 0.9967, Energy: -2913096.0
Time taken:  0.5587301254272461
Test Loss: 0.0000, Test Accuracy: 0.9967, Energy: -2924705.5
Time taken:  0.5604169368743896
Test Loss: 0.0000, Test Accuracy: 0.9967, Energy: -2934240.75
Time taken:  0.5581188201904297
Test Loss: 0.0000, Test Accuracy: 0.9967, Energy: -2942016.75
Time taken:  0.5592236518859863
Test Loss: 0.0000, Test Accuracy: 0.9967, Energy: -2947176.25
Time taken:  0.5598855018615723
Test Loss: 0.0000, Test Accuracy: 0.9967, Energy: -2952823.0
Time taken:  0.5524029731750488
Test Loss: 0.0000, Test Accuracy: 0.9967, Energy: -2957740.25
Time taken:  0.5564615726470947
Test Loss: 0.0000, Test Accuracy: 0.9967, Energy: -2962182.75
Time taken:  0.5591506958007812
Test Loss: 0.0000, Test Accuracy: 0.9967, Energy: -2965316.25
Time taken:  0.5581915378570557
Test Loss: 0.0000, Test Accuracy: 0.9967, Energy: -2967667.0
Time taken:  0.5572059154510498
Test Loss: 0.0000, Test Accuracy: 0.9967, Energy: -2969374.25
Time taken:  0.5579605102539062
Test Loss: 0.0000, Test Accuracy: 0.9967, Energy: -2971484.25
Time taken:  0.5592029094696045
Test Loss: 0.0000, Test Accuracy: 0.9967, Energy: -2972585.25
Time taken:  0.5576939582824707
Test Loss: 0.0000, Test Accuracy: 0.9967, Energy: -2973834.25
Time taken:  0.5544283390045166
Test Loss: 0.0000, Test Accuracy: 0.9967, Energy: -2975486.5
Time taken:  0.5524106025695801
Test Loss: 0.0000, Test Accuracy: 0.9967, Energy: -2976080.0
Time taken:  0.5570063591003418
Test Loss: 0.0000, Test Accuracy: 0.9967, Energy: -2976572.75
Time taken:  0.5620837211608887
Test Loss: 0.0000, Test Accuracy: 0.9967, Energy: -2977300.25
Time taken:  0.5591299533843994
Test Loss: 0.0000, Test Accuracy: 0.9967, Energy: -2977540.75
Time taken:  0.5586309432983398
Test Loss: 0.0000, Test Accuracy: 0.9967, Energy: -2977710.0
Time taken:  0.5584449768066406
Test Loss: 0.0000, Test Accuracy: 0.9967, Energy: -2978722.5
Time taken:  0.5606229305267334
Test Loss: 0.0000, Test Accuracy: 0.9967, Energy: -2978155.25
Time taken:  0.5612978935241699
Test Loss: 0.0000, Test Accuracy: 0.9967, Energy: -2978572.5
Time taken:  0.5551540851593018
Test Loss: 0.0000, Test Accuracy: 0.9967, Energy: -2979364.5
Time taken:  0.5533199310302734
Test Loss: 0.0000, Test Accuracy: 0.9967, Energy: -2979340.5
Time taken:  0.5560104846954346
Test Loss: 0.0000, Test Accuracy: 0.9967, Energy: -2978621.0
Time taken:  0.5564639568328857
Test Loss: 0.0000, Test Accuracy: 0.9967, Energy: -2979332.25
Time taken:  0.5600626468658447
Test Loss: 0.0000, Test Accuracy: 0.9967, Energy: -2978678.25
Time taken:  0.557126522064209
Test Loss: 0.0000, Test Accuracy: 0.9967, Energy: -2978977.25
Time taken:  0.5584394931793213
Test Loss: 0.0000, Test Accuracy: 0.9967, Energy: -2979100.25
Time taken:  0.5589630603790283
Test Loss: 0.0000, Test Accuracy: 0.9967, Energy: -2979448.25
Time taken:  0.5526280403137207
Test Loss: 0.0000, Test Accuracy: 0.9967, Energy: -2978836.0
Time taken:  0.558502197265625
Test Loss: 0.0000, Test Accuracy: 0.9967, Energy: -2979244.5
Time taken:  0.5605504512786865
Test Loss: 0.0000, Test Accuracy: 0.9967, Energy: -2979140.25
Time taken:  0.5591423511505127
Test Loss: 0.0000, Test Accuracy: 0.9967, Energy: -2979446.5
Time taken:  0.5633912086486816
Test Loss: 0.0000, Test Accuracy: 0.9967, Energy: -2979401.75
Time taken:  0.5555078983306885
Test Loss: 0.0000, Test Accuracy: 0.9967, Energy: -2978903.75
Time taken:  0.5590064525604248
Test Loss: 0.0000, Test Accuracy: 0.9967, Energy: -2978847.25
Time taken:  0.5617451667785645
Test Loss: 0.0000, Test Accuracy: 0.9967, Energy: -2978748.5
Time taken:  0.5603687763214111
Test Loss: 0.0000, Test Accuracy: 0.9967, Energy: -2978856.25
Time taken:  0.5532386302947998
Test Loss: 0.0000, Test Accuracy: 0.9967, Energy: -2978843.0
Time taken:  0.556588888168335
Test Loss: 0.0000, Test Accuracy: 0.9967, Energy: -2978882.75
Time taken:  0.5586533546447754
Test Loss: 0.0000, Test Accuracy: 0.9967, Energy: -2979415.75
Time taken:  0.5576338768005371
Test Loss: 0.0000, Test Accuracy: 0.9967, Energy: -2979498.5
Time taken:  0.559394359588623
Test Loss: 0.0000, Test Accuracy: 0.9967, Energy: -2978816.75
Time taken:  0.5581934452056885
Test Loss: 0.0000, Test Accuracy: 0.9967, Energy: -2978995.25
Time taken:  0.5604245662689209
Test Loss: 0.0000, Test Accuracy: 0.9967, Energy: -2979254.25
Time taken:  0.5592451095581055
Test Loss: 0.0000, Test Accuracy: 0.9967, Energy: -2978660.75
Time taken:  0.5529842376708984
Test Loss: 0.0000, Test Accuracy: 0.9967, Energy: -2979330.5
Time taken:  0.5583634376525879
Test Loss: 0.0000, Test Accuracy: 0.9967, Energy: -2978603.0
Time taken:  0.5616891384124756
Test Loss: 0.0000, Test Accuracy: 0.9967, Energy: -2979092.75
Time taken:  0.5556583404541016
Test Loss: 0.0000, Test Accuracy: 0.9967, Energy: -2978539.5
Time taken:  0.5575082302093506
Test Loss: 0.0000, Test Accuracy: 0.9967, Energy: -2978398.75
Time taken:  0.5631890296936035
Test Loss: 0.0000, Test Accuracy: 0.9967, Energy: -2978360.0
Time taken:  0.5583784580230713
Test Loss: 0.0000, Test Accuracy: 0.9967, Energy: -2978967.5
Time taken:  0.5605528354644775
Test Loss: 0.0000, Test Accuracy: 0.9967, Energy: -2978915.25
Time taken:  0.5596923828125
Test Loss: 0.0000, Test Accuracy: 0.9967, Energy: -2978574.5
Time taken:  0.5541234016418457
Test Loss: 0.0000, Test Accuracy: 0.9967, Energy: -2978554.75
Time taken:  0.5556011199951172
Test Loss: 0.0000, Test Accuracy: 0.9967, Energy: -2979056.25
Time taken:  0.5599570274353027
Test Loss: 0.0000, Test Accuracy: 0.9967, Energy: -2979026.5
Time taken:  0.5596702098846436
Test Loss: 0.0000, Test Accuracy: 0.9967, Energy: -2979047.25
Time taken:  0.5570676326751709
Test Loss: 0.0000, Test Accuracy: 0.9967, Energy: -2978553.5
Time taken:  0.5573549270629883
Test Loss: 0.0000, Test Accuracy: 0.9967, Energy: -2978966.5
Time taken:  0.5594978332519531
Test Loss: 0.0000, Test Accuracy: 0.9967, Energy: -2978629.0
Time taken:  0.5569372177124023
Test Loss: 0.0000, Test Accuracy: 0.9967, Energy: -2978035.25
Time taken:  0.552459716796875
Test Loss: 0.0000, Test Accuracy: 0.9967, Energy: -2978828.0
Time taken:  0.5584170818328857
Test Loss: 0.0000, Test Accuracy: 0.9967, Energy: -2978776.75
Time taken:  0.5609064102172852
Test Loss: 0.0000, Test Accuracy: 0.9967, Energy: -2978070.75
Time taken:  0.5577518939971924
Test Loss: 0.0000, Test Accuracy: 0.9967, Energy: -2978666.0
Time taken:  0.5573477745056152
Test Loss: 0.0000, Test Accuracy: 0.9967, Energy: -2978489.25
Time taken:  0.5581033229827881
Test Loss: 0.0000, Test Accuracy: 0.9967, Energy: -2978571.25
Time taken:  0.557969331741333
Test Loss: 0.0000, Test Accuracy: 0.9967, Energy: -2977967.5
Time taken:  0.5556831359863281
Test Loss: 0.0000, Test Accuracy: 0.9967, Energy: -2978732.0
Time taken:  0.5516784191131592
Test Loss: 0.0000, Test Accuracy: 0.9967, Energy: -2978079.75
Time taken:  0.5626096725463867
Test Loss: 0.0000, Test Accuracy: 0.9967, Energy: -2978584.25
Time taken:  0.5584633350372314
Test Loss: 0.0000, Test Accuracy: 0.9967, Energy: -2978104.75
Time taken:  0.5595595836639404
Test Loss: 0.0000, Test Accuracy: 0.9967, Energy: -2978620.0
Time taken:  0.5564861297607422
Test Loss: 0.0000, Test Accuracy: 0.9967, Energy: -2978597.75
Time taken:  0.5481069087982178
Test Loss: 0.0000, Test Accuracy: 0.9967, Energy: -2978147.0
Time taken:  0.5445866584777832
Test Loss: 0.0000, Test Accuracy: 0.9967, Energy: -2978470.5
Time taken:  0.5323240756988525
Final accuracies: [0.9966666666666667, 0.9966666666666667, 0.9966666666666667, 0.9966666666666667, 0.9966666666666667, 0.9966666666666667, 0.9966666666666667, 0.9966666666666667, 0.9966666666666667, 0.9966666666666667, 0.9966666666666667, 0.9966666666666667, 0.9966666666666667, 0.9966666666666667, 0.9966666666666667, 0.9966666666666667, 0.9966666666666667, 0.9966666666666667, 0.9966666666666667, 0.9966666666666667, 0.9966666666666667, 0.9966666666666667, 0.9966666666666667, 0.9966666666666667, 0.9966666666666667, 0.9966666666666667, 0.9966666666666667, 0.9966666666666667, 0.9966666666666667, 0.9966666666666667, 0.9966666666666667, 0.9966666666666667, 0.9966666666666667, 0.9966666666666667, 0.9966666666666667, 0.9966666666666667, 0.9966666666666667, 0.9966666666666667, 0.9966666666666667, 0.9966666666666667, 0.9966666666666667, 0.9966666666666667, 0.9966666666666667, 0.9966666666666667, 0.9966666666666667, 0.9966666666666667, 0.9966666666666667, 0.9966666666666667, 0.9966666666666667, 0.9966666666666667, 0.9966666666666667, 0.9966666666666667, 0.9966666666666667, 0.9966666666666667, 0.9966666666666667, 0.9966666666666667, 0.9966666666666667, 0.9966666666666667, 0.9966666666666667, 0.9966666666666667, 0.9966666666666667, 0.9966666666666667, 0.9966666666666667, 0.9966666666666667, 0.9966666666666667, 0.9966666666666667, 0.9966666666666667, 0.9966666666666667, 0.9966666666666667, 0.9966666666666667, 0.9966666666666667, 0.9966666666666667, 0.9966666666666667, 0.9966666666666667, 0.9966666666666667, 0.9966666666666667, 0.9966666666666667, 0.9966666666666667, 0.9966666666666667, 0.9966666666666667, 0.9966666666666667, 0.9966666666666667, 0.9966666666666667, 0.9966666666666667, 0.9966666666666667, 0.9966666666666667, 0.9966666666666667, 0.9966666666666667, 0.9966666666666667, 0.9966666666666667, 0.9966666666666667, 0.9966666666666667, 0.9966666666666667, 0.9966666666666667, 0.9966666666666667, 0.9966666666666667, 0.9966666666666667, 0.9966666666666667, 0.9966666666666667, 0.9966666666666667]
Final energies: [-9558.6455078125, -340582.71875, -877619.625, -1285474.5, -1595230.125, -1837885.875, -2036234.25, -2198740.25, -2331584.25, -2443001.0, -2535574.0, -2612109.25, -2674083.0, -2726138.0, -2769625.25, -2805909.0, -2836102.0, -2860683.5, -2882452.25, -2898533.25, -2913096.0, -2924705.5, -2934240.75, -2942016.75, -2947176.25, -2952823.0, -2957740.25, -2962182.75, -2965316.25, -2967667.0, -2969374.25, -2971484.25, -2972585.25, -2973834.25, -2975486.5, -2976080.0, -2976572.75, -2977300.25, -2977540.75, -2977710.0, -2978722.5, -2978155.25, -2978572.5, -2979364.5, -2979340.5, -2978621.0, -2979332.25, -2978678.25, -2978977.25, -2979100.25, -2979448.25, -2978836.0, -2979244.5, -2979140.25, -2979446.5, -2979401.75, -2978903.75, -2978847.25, -2978748.5, -2978856.25, -2978843.0, -2978882.75, -2979415.75, -2979498.5, -2978816.75, -2978995.25, -2979254.25, -2978660.75, -2979330.5, -2978603.0, -2979092.75, -2978539.5, -2978398.75, -2978360.0, -2978967.5, -2978915.25, -2978574.5, -2978554.75, -2979056.25, -2979026.5, -2979047.25, -2978553.5, -2978966.5, -2978629.0, -2978035.25, -2978828.0, -2978776.75, -2978070.75, -2978666.0, -2978489.25, -2978571.25, -2977967.5, -2978732.0, -2978079.75, -2978584.25, -2978104.75, -2978620.0, -2978597.75, -2978147.0, -2978470.5]
