Running with parameters: hidden=50, use_coupled=true, seed=0, lam=0.5, eta=0.5, batch=50
Test Loss: 0.0000, Test Accuracy: 1.0000, Energy: -10847.728515625
Time taken:  0.6538262367248535
Test Loss: 0.0000, Test Accuracy: 0.9967, Energy: -331879.75
Time taken:  0.6255872249603271
Test Loss: 0.0000, Test Accuracy: 0.9967, Energy: -797670.875
Time taken:  0.6102252006530762
Test Loss: 0.0000, Test Accuracy: 0.9967, Energy: -1142588.0
Time taken:  0.6123557090759277
Test Loss: 0.0000, Test Accuracy: 0.9967, Energy: -1412856.75
Time taken:  0.6182615756988525
Test Loss: 0.0000, Test Accuracy: 0.9967, Energy: -1630320.75
Time taken:  0.6248767375946045
Test Loss: 0.0000, Test Accuracy: 0.9967, Energy: -1803963.625
Time taken:  0.6275777816772461
Test Loss: 0.0000, Test Accuracy: 0.9967, Energy: -1946708.625
Time taken:  0.6271429061889648
Test Loss: 0.0000, Test Accuracy: 0.9967, Energy: -2064917.625
Time taken:  0.6264121532440186
Test Loss: 0.0000, Test Accuracy: 0.9967, Energy: -2165322.5
Time taken:  0.6249301433563232
Test Loss: 0.0000, Test Accuracy: 0.9967, Energy: -2249150.25
Time taken:  0.6286919116973877
Test Loss: 0.0000, Test Accuracy: 0.9967, Energy: -2317350.75
Time taken:  0.6289253234863281
Test Loss: 0.0000, Test Accuracy: 0.9967, Energy: -2375895.75
Time taken:  0.6301412582397461
Test Loss: 0.0000, Test Accuracy: 0.9967, Energy: -2425241.25
Time taken:  0.6258056163787842
Test Loss: 0.0000, Test Accuracy: 0.9967, Energy: -2465475.0
Time taken:  0.6325962543487549
Test Loss: 0.0000, Test Accuracy: 0.9967, Energy: -2499537.25
Time taken:  0.6322999000549316
Test Loss: 0.0000, Test Accuracy: 0.9967, Energy: -2526815.75
Time taken:  0.6283838748931885
Test Loss: 0.0000, Test Accuracy: 0.9967, Energy: -2550308.0
Time taken:  0.6318433284759521
Test Loss: 0.0000, Test Accuracy: 0.9967, Energy: -2568498.25
Time taken:  0.6255013942718506
Test Loss: 0.0000, Test Accuracy: 0.9967, Energy: -2583770.75
Time taken:  0.6307168006896973
Test Loss: 0.0000, Test Accuracy: 0.9967, Energy: -2596591.5
Time taken:  0.628739595413208
Test Loss: 0.0000, Test Accuracy: 0.9967, Energy: -2607568.75
Time taken:  0.6286301612854004
Test Loss: 0.0000, Test Accuracy: 0.9967, Energy: -2616647.5
Time taken:  0.6302289962768555
Test Loss: 0.0000, Test Accuracy: 0.9967, Energy: -2623894.0
Time taken:  0.6396458148956299
Test Loss: 0.0000, Test Accuracy: 0.9967, Energy: -2630609.5
Time taken:  0.6348552703857422
Test Loss: 0.0000, Test Accuracy: 0.9967, Energy: -2635337.0
Time taken:  0.6287157535552979
Test Loss: 0.0000, Test Accuracy: 0.9967, Energy: -2639280.25
Time taken:  0.625218391418457
Test Loss: 0.0000, Test Accuracy: 0.9967, Energy: -2642300.0
Time taken:  0.6343605518341064
Test Loss: 0.0000, Test Accuracy: 0.9967, Energy: -2645507.0
Time taken:  0.6316561698913574
Test Loss: 0.0000, Test Accuracy: 0.9967, Energy: -2647351.75
Time taken:  0.6265609264373779
Test Loss: 0.0000, Test Accuracy: 0.9967, Energy: -2649101.25
Time taken:  0.6212019920349121
Test Loss: 0.0000, Test Accuracy: 0.9967, Energy: -2651120.5
Time taken:  0.6284310817718506
Test Loss: 0.0000, Test Accuracy: 0.9967, Energy: -2652311.0
Time taken:  0.630030632019043
Test Loss: 0.0000, Test Accuracy: 0.9967, Energy: -2653317.0
Time taken:  0.630253791809082
Test Loss: 0.0000, Test Accuracy: 0.9967, Energy: -2654065.25
Time taken:  0.6393802165985107
Test Loss: 0.0000, Test Accuracy: 0.9967, Energy: -2654692.25
Time taken:  0.6266608238220215
Test Loss: 0.0000, Test Accuracy: 0.9967, Energy: -2655529.5
Time taken:  0.6324632167816162
Test Loss: 0.0000, Test Accuracy: 0.9967, Energy: -2655624.25
Time taken:  0.6209902763366699
Test Loss: 0.0000, Test Accuracy: 0.9967, Energy: -2656260.0
Time taken:  0.6242733001708984
Test Loss: 0.0000, Test Accuracy: 0.9967, Energy: -2656468.25
Time taken:  0.6227846145629883
Test Loss: 0.0000, Test Accuracy: 0.9967, Energy: -2656976.75
Time taken:  0.6282529830932617
Test Loss: 0.0000, Test Accuracy: 0.9967, Energy: -2657577.0
Time taken:  0.6265051364898682
Test Loss: 0.0000, Test Accuracy: 0.9967, Energy: -2657707.75
Time taken:  0.6297512054443359
Test Loss: 0.0000, Test Accuracy: 0.9967, Energy: -2657856.75
Time taken:  0.6331677436828613
Test Loss: 0.0000, Test Accuracy: 0.9967, Energy: -2657537.5
Time taken:  0.6331546306610107
Test Loss: 0.0000, Test Accuracy: 0.9967, Energy: -2657957.5
Time taken:  0.6331725120544434
Test Loss: 0.0000, Test Accuracy: 0.9967, Energy: -2657953.75
Time taken:  0.6298234462738037
Test Loss: 0.0000, Test Accuracy: 0.9967, Energy: -2658254.75
Time taken:  0.6268324851989746
Test Loss: 0.0000, Test Accuracy: 0.9967, Energy: -2657964.25
Time taken:  0.6277096271514893
Test Loss: 0.0000, Test Accuracy: 0.9967, Energy: -2657990.5
Time taken:  0.6307415962219238
Test Loss: 0.0000, Test Accuracy: 0.9967, Energy: -2658215.25
Time taken:  0.625051736831665
Test Loss: 0.0000, Test Accuracy: 0.9967, Energy: -2658333.25
Time taken:  0.6323940753936768
Test Loss: 0.0000, Test Accuracy: 0.9967, Energy: -2658201.0
Time taken:  0.6267611980438232
Test Loss: 0.0000, Test Accuracy: 0.9967, Energy: -2658407.5
Time taken:  0.6270227432250977
Test Loss: 0.0000, Test Accuracy: 0.9967, Energy: -2658570.75
Time taken:  0.6278195381164551
Test Loss: 0.0000, Test Accuracy: 0.9967, Energy: -2658188.75
Time taken:  0.629082441329956
Test Loss: 0.0000, Test Accuracy: 0.9967, Energy: -2658344.25
Time taken:  0.6264157295227051
Test Loss: 0.0000, Test Accuracy: 0.9967, Energy: -2658276.25
Time taken:  0.6285698413848877
Test Loss: 0.0000, Test Accuracy: 0.9967, Energy: -2658468.5
Time taken:  0.6324126720428467
Test Loss: 0.0000, Test Accuracy: 0.9967, Energy: -2658409.0
Time taken:  0.6339511871337891
Test Loss: 0.0000, Test Accuracy: 0.9967, Energy: -2658290.5
Time taken:  0.6257247924804688
Test Loss: 0.0000, Test Accuracy: 0.9967, Energy: -2658232.25
Time taken:  0.6262166500091553
Test Loss: 0.0000, Test Accuracy: 0.9967, Energy: -2658381.5
Time taken:  0.6323239803314209
Test Loss: 0.0000, Test Accuracy: 0.9967, Energy: -2658397.25
Time taken:  0.6289589405059814
Test Loss: 0.0000, Test Accuracy: 0.9967, Energy: -2658511.5
Time taken:  0.6309409141540527
Test Loss: 0.0000, Test Accuracy: 0.9967, Energy: -2658586.25
Time taken:  0.6293468475341797
Test Loss: 0.0000, Test Accuracy: 0.9967, Energy: -2658456.0
Time taken:  0.6290261745452881
Test Loss: 0.0000, Test Accuracy: 0.9967, Energy: -2658611.25
Time taken:  0.6325032711029053
Test Loss: 0.0000, Test Accuracy: 0.9967, Energy: -2658376.25
Time taken:  0.6217460632324219
Test Loss: 0.0000, Test Accuracy: 0.9967, Energy: -2658583.25
Time taken:  0.6291971206665039
Test Loss: 0.0000, Test Accuracy: 0.9967, Energy: -2658415.5
Time taken:  0.6299142837524414
Test Loss: 0.0000, Test Accuracy: 0.9967, Energy: -2658533.75
Time taken:  0.628159761428833
Test Loss: 0.0000, Test Accuracy: 0.9967, Energy: -2658553.25
Time taken:  0.6209430694580078
Test Loss: 0.0000, Test Accuracy: 0.9967, Energy: -2658338.75
Time taken:  0.6264834403991699
Test Loss: 0.0000, Test Accuracy: 0.9967, Energy: -2658564.75
Time taken:  0.6227624416351318
Test Loss: 0.0000, Test Accuracy: 0.9967, Energy: -2658437.25
Time taken:  0.629539966583252
Test Loss: 0.0000, Test Accuracy: 0.9967, Energy: -2658538.5
Time taken:  0.6261551380157471
Test Loss: 0.0000, Test Accuracy: 0.9967, Energy: -2657973.25
Time taken:  0.6216838359832764
Test Loss: 0.0000, Test Accuracy: 0.9967, Energy: -2658583.5
Time taken:  0.6335301399230957
Test Loss: 0.0000, Test Accuracy: 0.9967, Energy: -2658268.0
Time taken:  0.631216287612915
Test Loss: 0.0000, Test Accuracy: 0.9967, Energy: -2658462.5
Time taken:  0.6307318210601807
Test Loss: 0.0000, Test Accuracy: 0.9967, Energy: -2658259.5
Time taken:  0.6271090507507324
Test Loss: 0.0000, Test Accuracy: 0.9967, Energy: -2658115.0
Time taken:  0.6306228637695312
Test Loss: 0.0000, Test Accuracy: 0.9967, Energy: -2658309.0
Time taken:  0.630760669708252
Test Loss: 0.0000, Test Accuracy: 0.9967, Energy: -2658500.5
Time taken:  0.6331562995910645
Test Loss: 0.0000, Test Accuracy: 0.9967, Energy: -2658441.25
Time taken:  0.6331479549407959
Test Loss: 0.0000, Test Accuracy: 0.9967, Energy: -2658353.75
Time taken:  0.6289412975311279
Test Loss: 0.0000, Test Accuracy: 0.9967, Energy: -2658376.0
Time taken:  0.6238667964935303
Test Loss: 0.0000, Test Accuracy: 0.9967, Energy: -2658709.0
Time taken:  0.6244235038757324
Test Loss: 0.0000, Test Accuracy: 0.9967, Energy: -2658238.0
Time taken:  0.6300427913665771
Test Loss: 0.0000, Test Accuracy: 0.9967, Energy: -2658224.5
Time taken:  0.6262698173522949
Test Loss: 0.0000, Test Accuracy: 0.9967, Energy: -2658360.75
Time taken:  0.631511926651001
Test Loss: 0.0000, Test Accuracy: 0.9967, Energy: -2658371.75
Time taken:  0.6324746608734131
Test Loss: 0.0000, Test Accuracy: 0.9967, Energy: -2658562.75
Time taken:  0.6295723915100098
Test Loss: 0.0000, Test Accuracy: 0.9967, Energy: -2658436.25
Time taken:  0.6162183284759521
Test Loss: 0.0000, Test Accuracy: 0.9967, Energy: -2658329.5
Time taken:  0.596937894821167
Test Loss: 0.0000, Test Accuracy: 0.9967, Energy: -2658439.5
Time taken:  0.576763391494751
Test Loss: 0.0000, Test Accuracy: 0.9967, Energy: -2658230.25
Time taken:  0.556525468826294
Test Loss: 0.0000, Test Accuracy: 0.9967, Energy: -2658264.0
Time taken:  0.5411217212677002
Test Loss: 0.0000, Test Accuracy: 0.9967, Energy: -2658025.25
Time taken:  0.5356271266937256
Final accuracies: [1.0, 0.9966666666666667, 0.9966666666666667, 0.9966666666666667, 0.9966666666666667, 0.9966666666666667, 0.9966666666666667, 0.9966666666666667, 0.9966666666666667, 0.9966666666666667, 0.9966666666666667, 0.9966666666666667, 0.9966666666666667, 0.9966666666666667, 0.9966666666666667, 0.9966666666666667, 0.9966666666666667, 0.9966666666666667, 0.9966666666666667, 0.9966666666666667, 0.9966666666666667, 0.9966666666666667, 0.9966666666666667, 0.9966666666666667, 0.9966666666666667, 0.9966666666666667, 0.9966666666666667, 0.9966666666666667, 0.9966666666666667, 0.9966666666666667, 0.9966666666666667, 0.9966666666666667, 0.9966666666666667, 0.9966666666666667, 0.9966666666666667, 0.9966666666666667, 0.9966666666666667, 0.9966666666666667, 0.9966666666666667, 0.9966666666666667, 0.9966666666666667, 0.9966666666666667, 0.9966666666666667, 0.9966666666666667, 0.9966666666666667, 0.9966666666666667, 0.9966666666666667, 0.9966666666666667, 0.9966666666666667, 0.9966666666666667, 0.9966666666666667, 0.9966666666666667, 0.9966666666666667, 0.9966666666666667, 0.9966666666666667, 0.9966666666666667, 0.9966666666666667, 0.9966666666666667, 0.9966666666666667, 0.9966666666666667, 0.9966666666666667, 0.9966666666666667, 0.9966666666666667, 0.9966666666666667, 0.9966666666666667, 0.9966666666666667, 0.9966666666666667, 0.9966666666666667, 0.9966666666666667, 0.9966666666666667, 0.9966666666666667, 0.9966666666666667, 0.9966666666666667, 0.9966666666666667, 0.9966666666666667, 0.9966666666666667, 0.9966666666666667, 0.9966666666666667, 0.9966666666666667, 0.9966666666666667, 0.9966666666666667, 0.9966666666666667, 0.9966666666666667, 0.9966666666666667, 0.9966666666666667, 0.9966666666666667, 0.9966666666666667, 0.9966666666666667, 0.9966666666666667, 0.9966666666666667, 0.9966666666666667, 0.9966666666666667, 0.9966666666666667, 0.9966666666666667, 0.9966666666666667, 0.9966666666666667, 0.9966666666666667, 0.9966666666666667, 0.9966666666666667, 0.9966666666666667]
Final energies: [-10847.728515625, -331879.75, -797670.875, -1142588.0, -1412856.75, -1630320.75, -1803963.625, -1946708.625, -2064917.625, -2165322.5, -2249150.25, -2317350.75, -2375895.75, -2425241.25, -2465475.0, -2499537.25, -2526815.75, -2550308.0, -2568498.25, -2583770.75, -2596591.5, -2607568.75, -2616647.5, -2623894.0, -2630609.5, -2635337.0, -2639280.25, -2642300.0, -2645507.0, -2647351.75, -2649101.25, -2651120.5, -2652311.0, -2653317.0, -2654065.25, -2654692.25, -2655529.5, -2655624.25, -2656260.0, -2656468.25, -2656976.75, -2657577.0, -2657707.75, -2657856.75, -2657537.5, -2657957.5, -2657953.75, -2658254.75, -2657964.25, -2657990.5, -2658215.25, -2658333.25, -2658201.0, -2658407.5, -2658570.75, -2658188.75, -2658344.25, -2658276.25, -2658468.5, -2658409.0, -2658290.5, -2658232.25, -2658381.5, -2658397.25, -2658511.5, -2658586.25, -2658456.0, -2658611.25, -2658376.25, -2658583.25, -2658415.5, -2658533.75, -2658553.25, -2658338.75, -2658564.75, -2658437.25, -2658538.5, -2657973.25, -2658583.5, -2658268.0, -2658462.5, -2658259.5, -2658115.0, -2658309.0, -2658500.5, -2658441.25, -2658353.75, -2658376.0, -2658709.0, -2658238.0, -2658224.5, -2658360.75, -2658371.75, -2658562.75, -2658436.25, -2658329.5, -2658439.5, -2658230.25, -2658264.0, -2658025.25]
