Running with parameters: hidden=50, use_coupled=true, seed=40, lam=0.5, eta=0.5, batch=50
Test Loss: 0.0000, Test Accuracy: 0.9967, Energy: -8822.669921875
Time taken:  0.5502111911773682
Test Loss: 0.0000, Test Accuracy: 0.9967, Energy: -206083.609375
Time taken:  0.5235486030578613
Test Loss: 0.0000, Test Accuracy: 0.9967, Energy: -586213.375
Time taken:  0.5097782611846924
Test Loss: 0.0000, Test Accuracy: 0.9967, Energy: -894190.25
Time taken:  0.5081920623779297
Test Loss: 0.0000, Test Accuracy: 0.9967, Energy: -1131847.875
Time taken:  0.5086848735809326
Test Loss: 0.0000, Test Accuracy: 0.9967, Energy: -1323575.625
Time taken:  0.5077126026153564
Test Loss: 0.0000, Test Accuracy: 0.9967, Energy: -1478516.625
Time taken:  0.5131134986877441
Test Loss: 0.0000, Test Accuracy: 0.9967, Energy: -1601797.375
Time taken:  0.5129053592681885
Test Loss: 0.0000, Test Accuracy: 0.9967, Energy: -1703213.375
Time taken:  0.5149040222167969
Test Loss: 0.0000, Test Accuracy: 0.9967, Energy: -1787762.25
Time taken:  0.5113809108734131
Test Loss: 0.0000, Test Accuracy: 0.9967, Energy: -1857425.125
Time taken:  0.5128066539764404
Test Loss: 0.0000, Test Accuracy: 0.9967, Energy: -1915220.0
Time taken:  0.5121831893920898
Test Loss: 0.0000, Test Accuracy: 0.9967, Energy: -1963249.5
Time taken:  0.5139179229736328
Test Loss: 0.0000, Test Accuracy: 0.9967, Energy: -2002367.125
Time taken:  0.5163960456848145
Test Loss: 0.0000, Test Accuracy: 0.9967, Energy: -2035644.125
Time taken:  0.5126080513000488
Test Loss: 0.0000, Test Accuracy: 0.9967, Energy: -2061995.375
Time taken:  0.5091135501861572
Test Loss: 0.0000, Test Accuracy: 0.9967, Energy: -2085117.25
Time taken:  0.5119009017944336
Test Loss: 0.0000, Test Accuracy: 0.9967, Energy: -2104489.0
Time taken:  0.511089563369751
Test Loss: 0.0000, Test Accuracy: 0.9967, Energy: -2119195.5
Time taken:  0.5167629718780518
Test Loss: 0.0000, Test Accuracy: 0.9967, Energy: -2132433.25
Time taken:  0.5143105983734131
Test Loss: 0.0000, Test Accuracy: 0.9967, Energy: -2143359.5
Time taken:  0.5082142353057861
Test Loss: 0.0000, Test Accuracy: 0.9967, Energy: -2152570.75
Time taken:  0.514592170715332
Test Loss: 0.0000, Test Accuracy: 0.9967, Energy: -2159594.25
Time taken:  0.5135669708251953
Test Loss: 0.0000, Test Accuracy: 0.9967, Energy: -2165669.75
Time taken:  0.5152316093444824
Test Loss: 0.0000, Test Accuracy: 0.9967, Energy: -2170427.5
Time taken:  0.5152809619903564
Test Loss: 0.0000, Test Accuracy: 0.9967, Energy: -2174276.0
Time taken:  0.5138192176818848
Test Loss: 0.0000, Test Accuracy: 0.9967, Energy: -2178247.5
Time taken:  0.5096487998962402
Test Loss: 0.0000, Test Accuracy: 0.9967, Energy: -2181127.0
Time taken:  0.513432502746582
Test Loss: 0.0000, Test Accuracy: 0.9967, Energy: -2182948.25
Time taken:  0.5133395195007324
Test Loss: 0.0000, Test Accuracy: 0.9967, Energy: -2185544.5
Time taken:  0.5135657787322998
Test Loss: 0.0000, Test Accuracy: 0.9967, Energy: -2186313.0
Time taken:  0.5120303630828857
Test Loss: 0.0000, Test Accuracy: 0.9967, Energy: -2187786.5
Time taken:  0.5095937252044678
Test Loss: 0.0000, Test Accuracy: 0.9967, Energy: -2188957.5
Time taken:  0.5115814208984375
Test Loss: 0.0000, Test Accuracy: 0.9967, Energy: -2189732.0
Time taken:  0.513646125793457
Test Loss: 0.0000, Test Accuracy: 0.9967, Energy: -2190232.25
Time taken:  0.515782356262207
Test Loss: 0.0000, Test Accuracy: 0.9967, Energy: -2190861.0
Time taken:  0.5130374431610107
Test Loss: 0.0000, Test Accuracy: 0.9967, Energy: -2190915.0
Time taken:  0.5080583095550537
Test Loss: 0.0000, Test Accuracy: 0.9967, Energy: -2191149.75
Time taken:  0.5134551525115967
Test Loss: 0.0000, Test Accuracy: 0.9967, Energy: -2192180.0
Time taken:  0.512993574142456
Test Loss: 0.0000, Test Accuracy: 0.9967, Energy: -2192265.5
Time taken:  0.5117199420928955
Test Loss: 0.0000, Test Accuracy: 0.9967, Energy: -2192005.5
Time taken:  0.5186121463775635
Test Loss: 0.0000, Test Accuracy: 0.9967, Energy: -2192371.25
Time taken:  0.5112812519073486
Test Loss: 0.0000, Test Accuracy: 0.9967, Energy: -2193143.5
Time taken:  0.515692949295044
Test Loss: 0.0000, Test Accuracy: 0.9967, Energy: -2192751.25
Time taken:  0.5160541534423828
Test Loss: 0.0000, Test Accuracy: 0.9967, Energy: -2193247.25
Time taken:  0.5157132148742676
Test Loss: 0.0000, Test Accuracy: 0.9967, Energy: -2193685.5
Time taken:  0.5128114223480225
Test Loss: 0.0000, Test Accuracy: 0.9967, Energy: -2193525.0
Time taken:  0.5158722400665283
Test Loss: 0.0000, Test Accuracy: 0.9967, Energy: -2193681.0
Time taken:  0.5088670253753662
Test Loss: 0.0000, Test Accuracy: 0.9967, Energy: -2193569.0
Time taken:  0.5135059356689453
Test Loss: 0.0000, Test Accuracy: 0.9967, Energy: -2193830.0
Time taken:  0.5137615203857422
Test Loss: 0.0000, Test Accuracy: 0.9967, Energy: -2193067.5
Time taken:  0.5135905742645264
Test Loss: 0.0000, Test Accuracy: 0.9967, Energy: -2193482.25
Time taken:  0.5155465602874756
Test Loss: 0.0000, Test Accuracy: 0.9967, Energy: -2193733.5
Time taken:  0.5100421905517578
Test Loss: 0.0000, Test Accuracy: 0.9967, Energy: -2193957.0
Time taken:  0.5133023262023926
Test Loss: 0.0000, Test Accuracy: 0.9967, Energy: -2193775.5
Time taken:  0.5139608383178711
Test Loss: 0.0000, Test Accuracy: 0.9967, Energy: -2193454.75
Time taken:  0.5126516819000244
Test Loss: 0.0000, Test Accuracy: 0.9967, Energy: -2193767.25
Time taken:  0.5162186622619629
Test Loss: 0.0000, Test Accuracy: 0.9967, Energy: -2193865.75
Time taken:  0.5085783004760742
Test Loss: 0.0000, Test Accuracy: 0.9967, Energy: -2193712.25
Time taken:  0.515343189239502
Test Loss: 0.0000, Test Accuracy: 0.9967, Energy: -2193402.25
Time taken:  0.5156793594360352
Test Loss: 0.0000, Test Accuracy: 0.9967, Energy: -2193705.5
Time taken:  0.5147750377655029
Test Loss: 0.0000, Test Accuracy: 0.9967, Energy: -2193246.0
Time taken:  0.5154783725738525
Test Loss: 0.0000, Test Accuracy: 0.9967, Energy: -2193402.0
Time taken:  0.512366771697998
Test Loss: 0.0000, Test Accuracy: 0.9967, Energy: -2193522.75
Time taken:  0.5094220638275146
Test Loss: 0.0000, Test Accuracy: 0.9967, Energy: -2193473.5
Time taken:  0.5110681056976318
Test Loss: 0.0000, Test Accuracy: 0.9967, Energy: -2193598.75
Time taken:  0.5160119533538818
Test Loss: 0.0000, Test Accuracy: 0.9967, Energy: -2193814.75
Time taken:  0.513352632522583
Test Loss: 0.0000, Test Accuracy: 0.9967, Energy: -2193784.75
Time taken:  0.5140559673309326
Test Loss: 0.0000, Test Accuracy: 0.9967, Energy: -2193894.0
Time taken:  0.5091161727905273
Test Loss: 0.0000, Test Accuracy: 0.9967, Energy: -2193729.0
Time taken:  0.5152862071990967
Test Loss: 0.0000, Test Accuracy: 0.9967, Energy: -2193733.25
Time taken:  0.5115227699279785
Test Loss: 0.0000, Test Accuracy: 0.9967, Energy: -2193422.25
Time taken:  0.5138351917266846
Test Loss: 0.0000, Test Accuracy: 0.9967, Energy: -2193917.0
Time taken:  0.5102386474609375
Test Loss: 0.0000, Test Accuracy: 0.9967, Energy: -2193841.5
Time taken:  0.5080211162567139
Test Loss: 0.0000, Test Accuracy: 0.9967, Energy: -2193277.0
Time taken:  0.5126469135284424
Test Loss: 0.0000, Test Accuracy: 0.9967, Energy: -2193290.5
Time taken:  0.5135247707366943
Test Loss: 0.0000, Test Accuracy: 0.9967, Energy: -2193292.5
Time taken:  0.515545129776001
Test Loss: 0.0000, Test Accuracy: 0.9967, Energy: -2193754.5
Time taken:  0.515277624130249
Test Loss: 0.0000, Test Accuracy: 0.9967, Energy: -2193366.25
Time taken:  0.5086824893951416
Test Loss: 0.0000, Test Accuracy: 0.9967, Energy: -2193890.75
Time taken:  0.5143833160400391
Test Loss: 0.0000, Test Accuracy: 0.9967, Energy: -2193533.5
Time taken:  0.5134110450744629
Test Loss: 0.0000, Test Accuracy: 0.9967, Energy: -2193742.25
Time taken:  0.5126791000366211
Test Loss: 0.0000, Test Accuracy: 0.9967, Energy: -2193365.5
Time taken:  0.5139443874359131
Test Loss: 0.0000, Test Accuracy: 0.9967, Energy: -2193876.5
Time taken:  0.5162427425384521
Test Loss: 0.0000, Test Accuracy: 0.9967, Energy: -2193571.5
Time taken:  0.5087599754333496
Test Loss: 0.0000, Test Accuracy: 0.9967, Energy: -2193282.25
Time taken:  0.5144975185394287
Test Loss: 0.0000, Test Accuracy: 0.9967, Energy: -2193868.5
Time taken:  0.5139274597167969
Test Loss: 0.0000, Test Accuracy: 0.9967, Energy: -2193885.5
Time taken:  0.5153260231018066
Test Loss: 0.0000, Test Accuracy: 0.9967, Energy: -2193696.0
Time taken:  0.5159416198730469
Test Loss: 0.0000, Test Accuracy: 0.9967, Energy: -2193284.75
Time taken:  0.507662296295166
Test Loss: 0.0000, Test Accuracy: 0.9967, Energy: -2193308.5
Time taken:  0.5126605033874512
Test Loss: 0.0000, Test Accuracy: 0.9967, Energy: -2193519.5
Time taken:  0.5138747692108154
Test Loss: 0.0000, Test Accuracy: 0.9967, Energy: -2193420.75
Time taken:  0.5122325420379639
Test Loss: 0.0000, Test Accuracy: 0.9967, Energy: -2193518.25
Time taken:  0.5157098770141602
Test Loss: 0.0000, Test Accuracy: 0.9967, Energy: -2193597.5
Time taken:  0.5079600811004639
Test Loss: 0.0000, Test Accuracy: 0.9967, Energy: -2193411.5
Time taken:  0.5128378868103027
Test Loss: 0.0000, Test Accuracy: 0.9967, Energy: -2193099.25
Time taken:  0.5163674354553223
Test Loss: 0.0000, Test Accuracy: 0.9967, Energy: -2193453.0
Time taken:  0.5126793384552002
Test Loss: 0.0000, Test Accuracy: 0.9967, Energy: -2193687.75
Time taken:  0.5132334232330322
Test Loss: 0.0000, Test Accuracy: 0.9967, Energy: -2193531.0
Time taken:  0.5106885433197021
Final accuracies: [0.9966666666666667, 0.9966666666666667, 0.9966666666666667, 0.9966666666666667, 0.9966666666666667, 0.9966666666666667, 0.9966666666666667, 0.9966666666666667, 0.9966666666666667, 0.9966666666666667, 0.9966666666666667, 0.9966666666666667, 0.9966666666666667, 0.9966666666666667, 0.9966666666666667, 0.9966666666666667, 0.9966666666666667, 0.9966666666666667, 0.9966666666666667, 0.9966666666666667, 0.9966666666666667, 0.9966666666666667, 0.9966666666666667, 0.9966666666666667, 0.9966666666666667, 0.9966666666666667, 0.9966666666666667, 0.9966666666666667, 0.9966666666666667, 0.9966666666666667, 0.9966666666666667, 0.9966666666666667, 0.9966666666666667, 0.9966666666666667, 0.9966666666666667, 0.9966666666666667, 0.9966666666666667, 0.9966666666666667, 0.9966666666666667, 0.9966666666666667, 0.9966666666666667, 0.9966666666666667, 0.9966666666666667, 0.9966666666666667, 0.9966666666666667, 0.9966666666666667, 0.9966666666666667, 0.9966666666666667, 0.9966666666666667, 0.9966666666666667, 0.9966666666666667, 0.9966666666666667, 0.9966666666666667, 0.9966666666666667, 0.9966666666666667, 0.9966666666666667, 0.9966666666666667, 0.9966666666666667, 0.9966666666666667, 0.9966666666666667, 0.9966666666666667, 0.9966666666666667, 0.9966666666666667, 0.9966666666666667, 0.9966666666666667, 0.9966666666666667, 0.9966666666666667, 0.9966666666666667, 0.9966666666666667, 0.9966666666666667, 0.9966666666666667, 0.9966666666666667, 0.9966666666666667, 0.9966666666666667, 0.9966666666666667, 0.9966666666666667, 0.9966666666666667, 0.9966666666666667, 0.9966666666666667, 0.9966666666666667, 0.9966666666666667, 0.9966666666666667, 0.9966666666666667, 0.9966666666666667, 0.9966666666666667, 0.9966666666666667, 0.9966666666666667, 0.9966666666666667, 0.9966666666666667, 0.9966666666666667, 0.9966666666666667, 0.9966666666666667, 0.9966666666666667, 0.9966666666666667, 0.9966666666666667, 0.9966666666666667, 0.9966666666666667, 0.9966666666666667, 0.9966666666666667, 0.9966666666666667]
Final energies: [-8822.669921875, -206083.609375, -586213.375, -894190.25, -1131847.875, -1323575.625, -1478516.625, -1601797.375, -1703213.375, -1787762.25, -1857425.125, -1915220.0, -1963249.5, -2002367.125, -2035644.125, -2061995.375, -2085117.25, -2104489.0, -2119195.5, -2132433.25, -2143359.5, -2152570.75, -2159594.25, -2165669.75, -2170427.5, -2174276.0, -2178247.5, -2181127.0, -2182948.25, -2185544.5, -2186313.0, -2187786.5, -2188957.5, -2189732.0, -2190232.25, -2190861.0, -2190915.0, -2191149.75, -2192180.0, -2192265.5, -2192005.5, -2192371.25, -2193143.5, -2192751.25, -2193247.25, -2193685.5, -2193525.0, -2193681.0, -2193569.0, -2193830.0, -2193067.5, -2193482.25, -2193733.5, -2193957.0, -2193775.5, -2193454.75, -2193767.25, -2193865.75, -2193712.25, -2193402.25, -2193705.5, -2193246.0, -2193402.0, -2193522.75, -2193473.5, -2193598.75, -2193814.75, -2193784.75, -2193894.0, -2193729.0, -2193733.25, -2193422.25, -2193917.0, -2193841.5, -2193277.0, -2193290.5, -2193292.5, -2193754.5, -2193366.25, -2193890.75, -2193533.5, -2193742.25, -2193365.5, -2193876.5, -2193571.5, -2193282.25, -2193868.5, -2193885.5, -2193696.0, -2193284.75, -2193308.5, -2193519.5, -2193420.75, -2193518.25, -2193597.5, -2193411.5, -2193099.25, -2193453.0, -2193687.75, -2193531.0]
