Running with parameters: hidden=50, use_coupled=true, seed=42, lam=0.5, eta=0.5, batch=50
Test Loss: 0.0000, Test Accuracy: 1.0000, Energy: -5385.4853515625
Time taken:  0.7001101970672607
Test Loss: 0.0000, Test Accuracy: 0.9967, Energy: -156720.515625
Time taken:  0.6675357818603516
Test Loss: 0.0000, Test Accuracy: 0.9967, Energy: -506186.0625
Time taken:  0.6597816944122314
Test Loss: 0.0000, Test Accuracy: 0.9967, Energy: -785672.8125
Time taken:  0.6248068809509277
Test Loss: 0.0000, Test Accuracy: 0.9967, Energy: -1005186.0625
Time taken:  0.6541402339935303
Test Loss: 0.0000, Test Accuracy: 0.9967, Energy: -1183244.75
Time taken:  0.6723873615264893
Test Loss: 0.0000, Test Accuracy: 0.9967, Energy: -1326625.0
Time taken:  0.6348950862884521
Test Loss: 0.0000, Test Accuracy: 0.9967, Energy: -1444644.75
Time taken:  0.6557581424713135
Test Loss: 0.0000, Test Accuracy: 0.9967, Energy: -1541697.75
Time taken:  0.6575052738189697
Test Loss: 0.0000, Test Accuracy: 0.9967, Energy: -1622792.375
Time taken:  0.6909427642822266
Test Loss: 0.0000, Test Accuracy: 0.9967, Energy: -1690182.75
Time taken:  0.7156975269317627
Test Loss: 0.0000, Test Accuracy: 0.9967, Energy: -1745029.875
Time taken:  0.6853914260864258
Test Loss: 0.0000, Test Accuracy: 0.9967, Energy: -1791361.25
Time taken:  0.647397518157959
Test Loss: 0.0000, Test Accuracy: 0.9967, Energy: -1829634.125
Time taken:  0.6053245067596436
Test Loss: 0.0000, Test Accuracy: 0.9967, Energy: -1859864.375
Time taken:  0.6093261241912842
Test Loss: 0.0000, Test Accuracy: 0.9967, Energy: -1886717.5
Time taken:  0.6481549739837646
Test Loss: 0.0000, Test Accuracy: 0.9967, Energy: -1908073.125
Time taken:  0.6129457950592041
Test Loss: 0.0000, Test Accuracy: 0.9967, Energy: -1926249.375
Time taken:  0.6151833534240723
Test Loss: 0.0000, Test Accuracy: 0.9967, Energy: -1940998.0
Time taken:  0.6501295566558838
Test Loss: 0.0000, Test Accuracy: 0.9967, Energy: -1953525.5
Time taken:  0.6603477001190186
Test Loss: 0.0000, Test Accuracy: 0.9967, Energy: -1963676.75
Time taken:  0.6850638389587402
Test Loss: 0.0000, Test Accuracy: 0.9967, Energy: -1972800.875
Time taken:  0.629514217376709
Test Loss: 0.0000, Test Accuracy: 0.9967, Energy: -1979625.5
Time taken:  0.6517820358276367
Test Loss: 0.0000, Test Accuracy: 0.9967, Energy: -1984892.125
Time taken:  0.6711430549621582
Test Loss: 0.0000, Test Accuracy: 0.9967, Energy: -1990321.125
Time taken:  0.6576354503631592
Test Loss: 0.0000, Test Accuracy: 0.9967, Energy: -1993796.875
Time taken:  0.6605684757232666
Test Loss: 0.0000, Test Accuracy: 0.9967, Energy: -1996950.0
Time taken:  0.6437106132507324
Test Loss: 0.0000, Test Accuracy: 0.9967, Energy: -1999669.0
Time taken:  0.6368422508239746
Test Loss: 0.0000, Test Accuracy: 0.9967, Energy: -2001775.625
Time taken:  0.6612458229064941
Test Loss: 0.0000, Test Accuracy: 0.9967, Energy: -2003476.5
Time taken:  0.6715178489685059
Test Loss: 0.0000, Test Accuracy: 0.9967, Energy: -2005142.75
Time taken:  0.6358201503753662
Test Loss: 0.0000, Test Accuracy: 0.9967, Energy: -2006143.5
Time taken:  0.6240441799163818
Test Loss: 0.0000, Test Accuracy: 0.9967, Energy: -2007691.75
Time taken:  0.6563360691070557
Test Loss: 0.0000, Test Accuracy: 0.9967, Energy: -2007707.875
Time taken:  0.6860942840576172
Test Loss: 0.0000, Test Accuracy: 0.9967, Energy: -2008723.0
Time taken:  0.6625823974609375
Test Loss: 0.0000, Test Accuracy: 0.9967, Energy: -2009001.0
Time taken:  0.6541812419891357
Test Loss: 0.0000, Test Accuracy: 0.9967, Energy: -2009437.25
Time taken:  0.6095991134643555
Test Loss: 0.0000, Test Accuracy: 0.9967, Energy: -2009906.875
Time taken:  0.6544768810272217
Test Loss: 0.0000, Test Accuracy: 0.9967, Energy: -2010480.75
Time taken:  0.6396572589874268
Test Loss: 0.0000, Test Accuracy: 0.9967, Energy: -2011380.75
Time taken:  0.6583578586578369
Test Loss: 0.0000, Test Accuracy: 0.9967, Energy: -2011139.25
Time taken:  0.6750097274780273
Test Loss: 0.0000, Test Accuracy: 0.9967, Energy: -2011049.625
Time taken:  0.6674988269805908
Test Loss: 0.0000, Test Accuracy: 0.9967, Energy: -2011614.0
Time taken:  0.6910412311553955
Test Loss: 0.0000, Test Accuracy: 0.9967, Energy: -2011113.0
Time taken:  0.6784586906433105
Test Loss: 0.0000, Test Accuracy: 0.9967, Energy: -2011208.875
Time taken:  0.7028534412384033
Test Loss: 0.0000, Test Accuracy: 0.9967, Energy: -2011052.375
Time taken:  0.7216947078704834
Test Loss: 0.0000, Test Accuracy: 0.9967, Energy: -2011725.75
Time taken:  0.7033028602600098
Test Loss: 0.0000, Test Accuracy: 0.9967, Energy: -2012200.5
Time taken:  0.6895570755004883
Test Loss: 0.0000, Test Accuracy: 0.9967, Energy: -2011857.0
Time taken:  0.6710855960845947
Test Loss: 0.0000, Test Accuracy: 0.9967, Energy: -2011930.125
Time taken:  0.6567270755767822
Test Loss: 0.0000, Test Accuracy: 0.9967, Energy: -2012022.0
Time taken:  0.6728255748748779
Test Loss: 0.0000, Test Accuracy: 0.9967, Energy: -2011544.75
Time taken:  0.640040397644043
Test Loss: 0.0000, Test Accuracy: 0.9967, Energy: -2011519.25
Time taken:  0.65879225730896
Test Loss: 0.0000, Test Accuracy: 0.9967, Energy: -2011669.625
Time taken:  0.6596500873565674
Test Loss: 0.0000, Test Accuracy: 0.9967, Energy: -2011693.0
Time taken:  0.6110103130340576
Test Loss: 0.0000, Test Accuracy: 0.9967, Energy: -2012035.25
Time taken:  0.609691858291626
Test Loss: 0.0000, Test Accuracy: 0.9967, Energy: -2011469.875
Time taken:  0.6856868267059326
Test Loss: 0.0000, Test Accuracy: 0.9967, Energy: -2012265.25
Time taken:  0.6677646636962891
Test Loss: 0.0000, Test Accuracy: 0.9967, Energy: -2011507.0
Time taken:  0.6767754554748535
Test Loss: 0.0000, Test Accuracy: 0.9967, Energy: -2011839.625
Time taken:  0.6852619647979736
Test Loss: 0.0000, Test Accuracy: 0.9967, Energy: -2011527.125
Time taken:  0.6839396953582764
Test Loss: 0.0000, Test Accuracy: 0.9967, Energy: -2012065.75
Time taken:  0.6928706169128418
Test Loss: 0.0000, Test Accuracy: 0.9967, Energy: -2012425.875
Time taken:  0.6446123123168945
Test Loss: 0.0000, Test Accuracy: 0.9967, Energy: -2011838.625
Time taken:  0.6481490135192871
Test Loss: 0.0000, Test Accuracy: 0.9967, Energy: -2012240.5
Time taken:  0.6978185176849365
Test Loss: 0.0000, Test Accuracy: 0.9967, Energy: -2011948.75
Time taken:  0.6803584098815918
Test Loss: 0.0000, Test Accuracy: 0.9967, Energy: -2012387.5
Time taken:  0.6638522148132324
Test Loss: 0.0000, Test Accuracy: 0.9967, Energy: -2012106.375
Time taken:  0.6466310024261475
Test Loss: 0.0000, Test Accuracy: 0.9967, Energy: -2011903.375
Time taken:  0.6148762702941895
Test Loss: 0.0000, Test Accuracy: 0.9967, Energy: -2011958.75
Time taken:  0.6314108371734619
Test Loss: 0.0000, Test Accuracy: 0.9967, Energy: -2011966.625
Time taken:  0.6441936492919922
Test Loss: 0.0000, Test Accuracy: 0.9967, Energy: -2012020.75
Time taken:  0.6340842247009277
Test Loss: 0.0000, Test Accuracy: 0.9967, Energy: -2011724.5
Time taken:  0.64630126953125
Test Loss: 0.0000, Test Accuracy: 0.9967, Energy: -2011962.0
Time taken:  0.6682560443878174
Test Loss: 0.0000, Test Accuracy: 0.9967, Energy: -2011950.25
Time taken:  0.6522324085235596
Test Loss: 0.0000, Test Accuracy: 0.9967, Energy: -2011709.0
Time taken:  0.65342116355896
Test Loss: 0.0000, Test Accuracy: 0.9967, Energy: -2011784.375
Time taken:  0.6086106300354004
Test Loss: 0.0000, Test Accuracy: 0.9967, Energy: -2011647.5
Time taken:  0.60994553565979
Test Loss: 0.0000, Test Accuracy: 0.9967, Energy: -2012331.875
Time taken:  0.6343936920166016
Test Loss: 0.0000, Test Accuracy: 0.9967, Energy: -2011640.0
Time taken:  0.619434118270874
Test Loss: 0.0000, Test Accuracy: 0.9967, Energy: -2012162.125
Time taken:  0.6252672672271729
Test Loss: 0.0000, Test Accuracy: 0.9967, Energy: -2012043.875
Time taken:  0.615471601486206
Test Loss: 0.0000, Test Accuracy: 0.9967, Energy: -2011629.625
Time taken:  0.615807294845581
Test Loss: 0.0000, Test Accuracy: 0.9967, Energy: -2011352.875
Time taken:  0.6363856792449951
Test Loss: 0.0000, Test Accuracy: 0.9967, Energy: -2011869.0
Time taken:  0.646843671798706
Test Loss: 0.0000, Test Accuracy: 0.9967, Energy: -2012234.0
Time taken:  0.6446082592010498
Test Loss: 0.0000, Test Accuracy: 0.9967, Energy: -2011954.25
Time taken:  0.6629505157470703
Test Loss: 0.0000, Test Accuracy: 0.9967, Energy: -2011451.25
Time taken:  0.6530656814575195
Test Loss: 0.0000, Test Accuracy: 0.9967, Energy: -2012238.75
Time taken:  0.6684267520904541
Test Loss: 0.0000, Test Accuracy: 0.9967, Energy: -2011729.125
Time taken:  0.6452431678771973
Test Loss: 0.0000, Test Accuracy: 0.9967, Energy: -2011809.875
Time taken:  0.6324417591094971
Test Loss: 0.0000, Test Accuracy: 0.9967, Energy: -2011438.375
Time taken:  0.6205668449401855
Test Loss: 0.0000, Test Accuracy: 0.9967, Energy: -2012325.625
Time taken:  0.6029353141784668
Test Loss: 0.0000, Test Accuracy: 0.9967, Energy: -2011949.125
Time taken:  0.5962479114532471
Test Loss: 0.0000, Test Accuracy: 0.9967, Energy: -2011497.625
Time taken:  0.6247053146362305
Test Loss: 0.0000, Test Accuracy: 0.9967, Energy: -2012072.125
Time taken:  0.6238315105438232
Test Loss: 0.0000, Test Accuracy: 0.9967, Energy: -2012522.25
Time taken:  0.637077808380127
Test Loss: 0.0000, Test Accuracy: 0.9967, Energy: -2011803.75
Time taken:  0.6824238300323486
Test Loss: 0.0000, Test Accuracy: 0.9967, Energy: -2011874.125
Time taken:  0.6781260967254639
Test Loss: 0.0000, Test Accuracy: 0.9967, Energy: -2011956.125
Time taken:  0.7241015434265137
Final accuracies: [1.0, 0.9966666666666667, 0.9966666666666667, 0.9966666666666667, 0.9966666666666667, 0.9966666666666667, 0.9966666666666667, 0.9966666666666667, 0.9966666666666667, 0.9966666666666667, 0.9966666666666667, 0.9966666666666667, 0.9966666666666667, 0.9966666666666667, 0.9966666666666667, 0.9966666666666667, 0.9966666666666667, 0.9966666666666667, 0.9966666666666667, 0.9966666666666667, 0.9966666666666667, 0.9966666666666667, 0.9966666666666667, 0.9966666666666667, 0.9966666666666667, 0.9966666666666667, 0.9966666666666667, 0.9966666666666667, 0.9966666666666667, 0.9966666666666667, 0.9966666666666667, 0.9966666666666667, 0.9966666666666667, 0.9966666666666667, 0.9966666666666667, 0.9966666666666667, 0.9966666666666667, 0.9966666666666667, 0.9966666666666667, 0.9966666666666667, 0.9966666666666667, 0.9966666666666667, 0.9966666666666667, 0.9966666666666667, 0.9966666666666667, 0.9966666666666667, 0.9966666666666667, 0.9966666666666667, 0.9966666666666667, 0.9966666666666667, 0.9966666666666667, 0.9966666666666667, 0.9966666666666667, 0.9966666666666667, 0.9966666666666667, 0.9966666666666667, 0.9966666666666667, 0.9966666666666667, 0.9966666666666667, 0.9966666666666667, 0.9966666666666667, 0.9966666666666667, 0.9966666666666667, 0.9966666666666667, 0.9966666666666667, 0.9966666666666667, 0.9966666666666667, 0.9966666666666667, 0.9966666666666667, 0.9966666666666667, 0.9966666666666667, 0.9966666666666667, 0.9966666666666667, 0.9966666666666667, 0.9966666666666667, 0.9966666666666667, 0.9966666666666667, 0.9966666666666667, 0.9966666666666667, 0.9966666666666667, 0.9966666666666667, 0.9966666666666667, 0.9966666666666667, 0.9966666666666667, 0.9966666666666667, 0.9966666666666667, 0.9966666666666667, 0.9966666666666667, 0.9966666666666667, 0.9966666666666667, 0.9966666666666667, 0.9966666666666667, 0.9966666666666667, 0.9966666666666667, 0.9966666666666667, 0.9966666666666667, 0.9966666666666667, 0.9966666666666667, 0.9966666666666667, 0.9966666666666667]
Final energies: [-5385.4853515625, -156720.515625, -506186.0625, -785672.8125, -1005186.0625, -1183244.75, -1326625.0, -1444644.75, -1541697.75, -1622792.375, -1690182.75, -1745029.875, -1791361.25, -1829634.125, -1859864.375, -1886717.5, -1908073.125, -1926249.375, -1940998.0, -1953525.5, -1963676.75, -1972800.875, -1979625.5, -1984892.125, -1990321.125, -1993796.875, -1996950.0, -1999669.0, -2001775.625, -2003476.5, -2005142.75, -2006143.5, -2007691.75, -2007707.875, -2008723.0, -2009001.0, -2009437.25, -2009906.875, -2010480.75, -2011380.75, -2011139.25, -2011049.625, -2011614.0, -2011113.0, -2011208.875, -2011052.375, -2011725.75, -2012200.5, -2011857.0, -2011930.125, -2012022.0, -2011544.75, -2011519.25, -2011669.625, -2011693.0, -2012035.25, -2011469.875, -2012265.25, -2011507.0, -2011839.625, -2011527.125, -2012065.75, -2012425.875, -2011838.625, -2012240.5, -2011948.75, -2012387.5, -2012106.375, -2011903.375, -2011958.75, -2011966.625, -2012020.75, -2011724.5, -2011962.0, -2011950.25, -2011709.0, -2011784.375, -2011647.5, -2012331.875, -2011640.0, -2012162.125, -2012043.875, -2011629.625, -2011352.875, -2011869.0, -2012234.0, -2011954.25, -2011451.25, -2012238.75, -2011729.125, -2011809.875, -2011438.375, -2012325.625, -2011949.125, -2011497.625, -2012072.125, -2012522.25, -2011803.75, -2011874.125, -2011956.125]
