Running with parameters: hidden=100, use_coupled=true, seed=60, lam=0.5, eta=0.5, batch=100
Test Loss: 0.0000, Test Accuracy: 0.8967, Energy: -259.109619140625
Time taken:  2.3051891326904297
Test Loss: 0.0000, Test Accuracy: 1.0000, Energy: -26357.265625
Time taken:  2.4434688091278076
Test Loss: 0.0000, Test Accuracy: 0.9967, Energy: -283913.4375
Time taken:  2.2605888843536377
Test Loss: 0.0000, Test Accuracy: 0.9967, Energy: -682275.625
Time taken:  2.216171979904175
Test Loss: 0.0000, Test Accuracy: 0.9967, Energy: -1061930.375
Time taken:  2.272829532623291
Test Loss: 0.0000, Test Accuracy: 0.9967, Energy: -1406199.5
Time taken:  2.2615768909454346
Test Loss: 0.0000, Test Accuracy: 0.9967, Energy: -1708770.25
Time taken:  2.27607798576355
Test Loss: 0.0000, Test Accuracy: 0.9967, Energy: -1982182.75
Time taken:  2.267963409423828
Test Loss: 0.0000, Test Accuracy: 0.9967, Energy: -2219366.5
Time taken:  2.195168972015381
Test Loss: 0.0000, Test Accuracy: 0.9967, Energy: -2432920.75
Time taken:  2.2563626766204834
Test Loss: 0.0000, Test Accuracy: 0.9967, Energy: -2624698.5
Time taken:  2.224968433380127
Test Loss: 0.0000, Test Accuracy: 0.9967, Energy: -2798549.5
Time taken:  2.243326425552368
Test Loss: 0.0000, Test Accuracy: 0.9967, Energy: -2953674.75
Time taken:  2.2788407802581787
Test Loss: 0.0000, Test Accuracy: 0.9967, Energy: -3093748.5
Time taken:  2.2422945499420166
Test Loss: 0.0000, Test Accuracy: 0.9967, Energy: -3220138.0
Time taken:  2.260909080505371
Test Loss: 0.0000, Test Accuracy: 0.9967, Energy: -3332182.5
Time taken:  2.2533063888549805
Test Loss: 0.0000, Test Accuracy: 0.9967, Energy: -3434682.5
Time taken:  2.226508140563965
Test Loss: 0.0000, Test Accuracy: 0.9967, Energy: -3529415.0
Time taken:  2.215876579284668
Test Loss: 0.0000, Test Accuracy: 0.9967, Energy: -3617464.25
Time taken:  2.259974479675293
Test Loss: 0.0000, Test Accuracy: 0.9967, Energy: -3695563.5
Time taken:  2.193264961242676
Test Loss: 0.0000, Test Accuracy: 0.9967, Energy: -3767964.75
Time taken:  2.220813751220703
Test Loss: 0.0000, Test Accuracy: 0.9967, Energy: -3832495.5
Time taken:  2.2270078659057617
Test Loss: 0.0000, Test Accuracy: 0.9967, Energy: -3892369.25
Time taken:  2.2071175575256348
Test Loss: 0.0000, Test Accuracy: 0.9967, Energy: -3947641.5
Time taken:  2.2583377361297607
Test Loss: 0.0000, Test Accuracy: 0.9967, Energy: -3998003.5
Time taken:  2.3284964561462402
Test Loss: 0.0000, Test Accuracy: 0.9967, Energy: -4042306.0
Time taken:  2.2580301761627197
Test Loss: 0.0000, Test Accuracy: 0.9967, Energy: -4084138.75
Time taken:  2.3265469074249268
Test Loss: 0.0000, Test Accuracy: 0.9967, Energy: -4121174.25
Time taken:  2.2386157512664795
Test Loss: 0.0000, Test Accuracy: 0.9967, Energy: -4154240.0
Time taken:  2.2618234157562256
Test Loss: 0.0000, Test Accuracy: 0.9967, Energy: -4184582.0
Time taken:  2.2550933361053467
Test Loss: 0.0000, Test Accuracy: 0.9967, Energy: -4212378.0
Time taken:  2.2503199577331543
Test Loss: 0.0000, Test Accuracy: 0.9967, Energy: -4238158.0
Time taken:  2.317223310470581
Test Loss: 0.0000, Test Accuracy: 0.9967, Energy: -4262428.0
Time taken:  2.3142144680023193
Test Loss: 0.0000, Test Accuracy: 0.9967, Energy: -4282833.5
Time taken:  2.291093349456787
Test Loss: 0.0000, Test Accuracy: 0.9967, Energy: -4302633.0
Time taken:  2.32328724861145
Test Loss: 0.0000, Test Accuracy: 0.9967, Energy: -4320005.0
Time taken:  2.2358052730560303
Test Loss: 0.0000, Test Accuracy: 0.9967, Energy: -4336469.0
Time taken:  2.254185676574707
Test Loss: 0.0000, Test Accuracy: 0.9967, Energy: -4350769.0
Time taken:  2.300995349884033
Test Loss: 0.0000, Test Accuracy: 0.9967, Energy: -4364397.5
Time taken:  2.276451826095581
Test Loss: 0.0000, Test Accuracy: 0.9967, Energy: -4376856.5
Time taken:  2.2728352546691895
Test Loss: 0.0000, Test Accuracy: 0.9967, Energy: -4387616.0
Time taken:  2.2769320011138916
Test Loss: 0.0000, Test Accuracy: 0.9967, Energy: -4397427.0
Time taken:  2.2598447799682617
Test Loss: 0.0000, Test Accuracy: 0.9967, Energy: -4406315.0
Time taken:  2.3669493198394775
Test Loss: 0.0000, Test Accuracy: 0.9967, Energy: -4413732.0
Time taken:  2.2957608699798584
Test Loss: 0.0000, Test Accuracy: 0.9967, Energy: -4421890.0
Time taken:  2.291637659072876
Test Loss: 0.0000, Test Accuracy: 0.9967, Energy: -4428392.0
Time taken:  2.274369239807129
Test Loss: 0.0000, Test Accuracy: 0.9967, Energy: -4434356.0
Time taken:  2.2295327186584473
Test Loss: 0.0000, Test Accuracy: 0.9967, Energy: -4440933.5
Time taken:  2.259856939315796
Test Loss: 0.0000, Test Accuracy: 0.9967, Energy: -4445978.5
Time taken:  2.2525081634521484
Test Loss: 0.0000, Test Accuracy: 0.9967, Energy: -4450522.5
Time taken:  2.239596128463745
Test Loss: 0.0000, Test Accuracy: 0.9967, Energy: -4454754.5
Time taken:  2.274799108505249
Test Loss: 0.0000, Test Accuracy: 0.9967, Energy: -4458227.5
Time taken:  2.2525722980499268
Test Loss: 0.0000, Test Accuracy: 0.9967, Energy: -4461343.0
Time taken:  2.242582082748413
Test Loss: 0.0000, Test Accuracy: 0.9967, Energy: -4464718.0
Time taken:  2.2676303386688232
Test Loss: 0.0000, Test Accuracy: 0.9967, Energy: -4467091.0
Time taken:  2.286712408065796
Test Loss: 0.0000, Test Accuracy: 0.9967, Energy: -4469834.5
Time taken:  2.2829337120056152
Test Loss: 0.0000, Test Accuracy: 0.9967, Energy: -4472032.0
Time taken:  2.2467939853668213
Test Loss: 0.0000, Test Accuracy: 0.9967, Energy: -4474021.5
Time taken:  2.2450199127197266
Test Loss: 0.0000, Test Accuracy: 0.9967, Energy: -4475728.5
Time taken:  2.289013385772705
Test Loss: 0.0000, Test Accuracy: 0.9967, Energy: -4477323.0
Time taken:  2.2291131019592285
Test Loss: 0.0000, Test Accuracy: 0.9967, Energy: -4479406.0
Time taken:  2.2655749320983887
Test Loss: 0.0000, Test Accuracy: 0.9967, Energy: -4481306.5
Time taken:  2.2716469764709473
Test Loss: 0.0000, Test Accuracy: 0.9967, Energy: -4482678.5
Time taken:  2.2764177322387695
Test Loss: 0.0000, Test Accuracy: 0.9967, Energy: -4483243.5
Time taken:  2.2817351818084717
Test Loss: 0.0000, Test Accuracy: 0.9967, Energy: -4484602.0
Time taken:  2.2415711879730225
Test Loss: 0.0000, Test Accuracy: 0.9967, Energy: -4485844.0
Time taken:  2.2469935417175293
Test Loss: 0.0000, Test Accuracy: 0.9967, Energy: -4486234.0
Time taken:  2.2632369995117188
Test Loss: 0.0000, Test Accuracy: 0.9967, Energy: -4487555.0
Time taken:  2.2403626441955566
Test Loss: 0.0000, Test Accuracy: 0.9967, Energy: -4487258.0
Time taken:  2.260014533996582
Test Loss: 0.0000, Test Accuracy: 0.9967, Energy: -4487972.5
Time taken:  2.297776222229004
Test Loss: 0.0000, Test Accuracy: 0.9967, Energy: -4488779.5
Time taken:  2.250472068786621
Test Loss: 0.0000, Test Accuracy: 0.9967, Energy: -4489242.0
Time taken:  2.2508606910705566
Test Loss: 0.0000, Test Accuracy: 0.9967, Energy: -4490354.0
Time taken:  2.27203631401062
Test Loss: 0.0000, Test Accuracy: 0.9967, Energy: -4490664.5
Time taken:  2.2612087726593018
Test Loss: 0.0000, Test Accuracy: 0.9967, Energy: -4491104.0
Time taken:  2.3529226779937744
Test Loss: 0.0000, Test Accuracy: 0.9967, Energy: -4490811.5
Time taken:  2.3122220039367676
Test Loss: 0.0000, Test Accuracy: 0.9967, Energy: -4491331.0
Time taken:  2.2744407653808594
Test Loss: 0.0000, Test Accuracy: 0.9967, Energy: -4491939.0
Time taken:  2.304001808166504
Test Loss: 0.0000, Test Accuracy: 0.9967, Energy: -4491845.0
Time taken:  2.2654895782470703
Test Loss: 0.0000, Test Accuracy: 0.9967, Energy: -4491425.0
Time taken:  2.2736740112304688
Test Loss: 0.0000, Test Accuracy: 0.9967, Energy: -4491793.0
Time taken:  2.251600503921509
Test Loss: 0.0000, Test Accuracy: 0.9967, Energy: -4491841.5
Time taken:  2.318190336227417
Test Loss: 0.0000, Test Accuracy: 0.9967, Energy: -4492132.0
Time taken:  2.269906759262085
Test Loss: 0.0000, Test Accuracy: 0.9967, Energy: -4491847.0
Time taken:  2.2818806171417236
Test Loss: 0.0000, Test Accuracy: 0.9967, Energy: -4493075.0
Time taken:  2.3924567699432373
Test Loss: 0.0000, Test Accuracy: 0.9967, Energy: -4492367.5
Time taken:  2.242936849594116
Test Loss: 0.0000, Test Accuracy: 0.9967, Energy: -4493259.0
Time taken:  2.2371339797973633
Test Loss: 0.0000, Test Accuracy: 0.9967, Energy: -4492187.0
Time taken:  2.278348922729492
Test Loss: 0.0000, Test Accuracy: 0.9967, Energy: -4492736.0
Time taken:  2.2574045658111572
Test Loss: 0.0000, Test Accuracy: 0.9967, Energy: -4493414.0
Time taken:  2.246320962905884
Test Loss: 0.0000, Test Accuracy: 0.9967, Energy: -4493601.5
Time taken:  2.2339813709259033
Test Loss: 0.0000, Test Accuracy: 0.9967, Energy: -4493139.0
Time taken:  2.2573275566101074
Test Loss: 0.0000, Test Accuracy: 0.9967, Energy: -4493000.5
Time taken:  2.2519803047180176
Test Loss: 0.0000, Test Accuracy: 0.9967, Energy: -4493076.0
Time taken:  2.259366989135742
Test Loss: 0.0000, Test Accuracy: 0.9967, Energy: -4493299.0
Time taken:  2.2825419902801514
Test Loss: 0.0000, Test Accuracy: 0.9967, Energy: -4494074.0
Time taken:  2.2665956020355225
Test Loss: 0.0000, Test Accuracy: 0.9967, Energy: -4493680.0
Time taken:  2.2545580863952637
Test Loss: 0.0000, Test Accuracy: 0.9967, Energy: -4493156.5
Time taken:  2.2382972240448
Test Loss: 0.0000, Test Accuracy: 0.9967, Energy: -4493118.5
Time taken:  2.019132137298584
Test Loss: 0.0000, Test Accuracy: 0.9967, Energy: -4493825.0
Time taken:  1.548555850982666
Final accuracies: [0.8966666666666666, 1.0, 0.9966666666666667, 0.9966666666666667, 0.9966666666666667, 0.9966666666666667, 0.9966666666666667, 0.9966666666666667, 0.9966666666666667, 0.9966666666666667, 0.9966666666666667, 0.9966666666666667, 0.9966666666666667, 0.9966666666666667, 0.9966666666666667, 0.9966666666666667, 0.9966666666666667, 0.9966666666666667, 0.9966666666666667, 0.9966666666666667, 0.9966666666666667, 0.9966666666666667, 0.9966666666666667, 0.9966666666666667, 0.9966666666666667, 0.9966666666666667, 0.9966666666666667, 0.9966666666666667, 0.9966666666666667, 0.9966666666666667, 0.9966666666666667, 0.9966666666666667, 0.9966666666666667, 0.9966666666666667, 0.9966666666666667, 0.9966666666666667, 0.9966666666666667, 0.9966666666666667, 0.9966666666666667, 0.9966666666666667, 0.9966666666666667, 0.9966666666666667, 0.9966666666666667, 0.9966666666666667, 0.9966666666666667, 0.9966666666666667, 0.9966666666666667, 0.9966666666666667, 0.9966666666666667, 0.9966666666666667, 0.9966666666666667, 0.9966666666666667, 0.9966666666666667, 0.9966666666666667, 0.9966666666666667, 0.9966666666666667, 0.9966666666666667, 0.9966666666666667, 0.9966666666666667, 0.9966666666666667, 0.9966666666666667, 0.9966666666666667, 0.9966666666666667, 0.9966666666666667, 0.9966666666666667, 0.9966666666666667, 0.9966666666666667, 0.9966666666666667, 0.9966666666666667, 0.9966666666666667, 0.9966666666666667, 0.9966666666666667, 0.9966666666666667, 0.9966666666666667, 0.9966666666666667, 0.9966666666666667, 0.9966666666666667, 0.9966666666666667, 0.9966666666666667, 0.9966666666666667, 0.9966666666666667, 0.9966666666666667, 0.9966666666666667, 0.9966666666666667, 0.9966666666666667, 0.9966666666666667, 0.9966666666666667, 0.9966666666666667, 0.9966666666666667, 0.9966666666666667, 0.9966666666666667, 0.9966666666666667, 0.9966666666666667, 0.9966666666666667, 0.9966666666666667, 0.9966666666666667, 0.9966666666666667, 0.9966666666666667, 0.9966666666666667, 0.9966666666666667]
Final energies: [-259.109619140625, -26357.265625, -283913.4375, -682275.625, -1061930.375, -1406199.5, -1708770.25, -1982182.75, -2219366.5, -2432920.75, -2624698.5, -2798549.5, -2953674.75, -3093748.5, -3220138.0, -3332182.5, -3434682.5, -3529415.0, -3617464.25, -3695563.5, -3767964.75, -3832495.5, -3892369.25, -3947641.5, -3998003.5, -4042306.0, -4084138.75, -4121174.25, -4154240.0, -4184582.0, -4212378.0, -4238158.0, -4262428.0, -4282833.5, -4302633.0, -4320005.0, -4336469.0, -4350769.0, -4364397.5, -4376856.5, -4387616.0, -4397427.0, -4406315.0, -4413732.0, -4421890.0, -4428392.0, -4434356.0, -4440933.5, -4445978.5, -4450522.5, -4454754.5, -4458227.5, -4461343.0, -4464718.0, -4467091.0, -4469834.5, -4472032.0, -4474021.5, -4475728.5, -4477323.0, -4479406.0, -4481306.5, -4482678.5, -4483243.5, -4484602.0, -4485844.0, -4486234.0, -4487555.0, -4487258.0, -4487972.5, -4488779.5, -4489242.0, -4490354.0, -4490664.5, -4491104.0, -4490811.5, -4491331.0, -4491939.0, -4491845.0, -4491425.0, -4491793.0, -4491841.5, -4492132.0, -4491847.0, -4493075.0, -4492367.5, -4493259.0, -4492187.0, -4492736.0, -4493414.0, -4493601.5, -4493139.0, -4493000.5, -4493076.0, -4493299.0, -4494074.0, -4493680.0, -4493156.5, -4493118.5, -4493825.0]
