Running with parameters: hidden=100, use_coupled=true, seed=98, lam=0.5, eta=0.5, batch=100
Test Loss: 0.0000, Test Accuracy: 0.8733, Energy: -237.59034729003906
Time taken:  1.8674793243408203
Test Loss: 0.0000, Test Accuracy: 1.0000, Energy: -36157.57421875
Time taken:  2.017559766769409
Test Loss: 0.0000, Test Accuracy: 0.9967, Energy: -362898.53125
Time taken:  1.7151188850402832
Test Loss: 0.0000, Test Accuracy: 0.9967, Energy: -818767.0
Time taken:  1.6753230094909668
Test Loss: 0.0000, Test Accuracy: 0.9967, Energy: -1228739.5
Time taken:  1.6882867813110352
Test Loss: 0.0000, Test Accuracy: 0.9967, Energy: -1590261.125
Time taken:  1.7519843578338623
Test Loss: 0.0000, Test Accuracy: 0.9967, Energy: -1902247.0
Time taken:  1.6442713737487793
Test Loss: 0.0000, Test Accuracy: 0.9967, Energy: -2179876.25
Time taken:  1.7572054862976074
Test Loss: 0.0000, Test Accuracy: 0.9967, Energy: -2423849.0
Time taken:  1.6574897766113281
Test Loss: 0.0000, Test Accuracy: 0.9967, Energy: -2642718.75
Time taken:  1.6411592960357666
Test Loss: 0.0000, Test Accuracy: 0.9967, Energy: -2843933.0
Time taken:  1.6691124439239502
Test Loss: 0.0000, Test Accuracy: 0.9967, Energy: -3025795.5
Time taken:  1.6784744262695312
Test Loss: 0.0000, Test Accuracy: 0.9967, Energy: -3184698.5
Time taken:  1.641899824142456
Test Loss: 0.0000, Test Accuracy: 0.9967, Energy: -3327085.5
Time taken:  1.7158355712890625
Test Loss: 0.0000, Test Accuracy: 0.9967, Energy: -3460693.5
Time taken:  1.668553352355957
Test Loss: 0.0000, Test Accuracy: 0.9967, Energy: -3580946.0
Time taken:  1.7322444915771484
Test Loss: 0.0000, Test Accuracy: 0.9967, Energy: -3691559.0
Time taken:  1.7001464366912842
Test Loss: 0.0000, Test Accuracy: 0.9967, Energy: -3794375.5
Time taken:  1.7040259838104248
Test Loss: 0.0000, Test Accuracy: 0.9967, Energy: -3885637.75
Time taken:  1.683579921722412
Test Loss: 0.0000, Test Accuracy: 0.9967, Energy: -3967927.0
Time taken:  1.7022337913513184
Test Loss: 0.0000, Test Accuracy: 0.9967, Energy: -4047851.0
Time taken:  1.662975549697876
Test Loss: 0.0000, Test Accuracy: 0.9967, Energy: -4116627.5
Time taken:  1.695993185043335
Test Loss: 0.0000, Test Accuracy: 0.9967, Energy: -4180330.0
Time taken:  1.677081823348999
Test Loss: 0.0000, Test Accuracy: 0.9967, Energy: -4237144.5
Time taken:  1.6633188724517822
Test Loss: 0.0000, Test Accuracy: 0.9967, Energy: -4290808.5
Time taken:  1.6690540313720703
Test Loss: 0.0000, Test Accuracy: 0.9967, Energy: -4339088.0
Time taken:  1.6702747344970703
Test Loss: 0.0000, Test Accuracy: 0.9967, Energy: -4382651.5
Time taken:  1.6530702114105225
Test Loss: 0.0000, Test Accuracy: 0.9967, Energy: -4420895.0
Time taken:  1.7495615482330322
Test Loss: 0.0000, Test Accuracy: 0.9967, Energy: -4457287.5
Time taken:  1.7037854194641113
Test Loss: 0.0000, Test Accuracy: 0.9967, Energy: -4490122.5
Time taken:  1.6834266185760498
Test Loss: 0.0000, Test Accuracy: 0.9967, Energy: -4519865.0
Time taken:  1.6513781547546387
Test Loss: 0.0000, Test Accuracy: 0.9967, Energy: -4547320.5
Time taken:  1.7176268100738525
Test Loss: 0.0000, Test Accuracy: 0.9967, Energy: -4569356.0
Time taken:  1.7030842304229736
Test Loss: 0.0000, Test Accuracy: 0.9967, Energy: -4591978.5
Time taken:  1.7084450721740723
Test Loss: 0.0000, Test Accuracy: 0.9967, Energy: -4613045.0
Time taken:  1.6578643321990967
Test Loss: 0.0000, Test Accuracy: 0.9967, Energy: -4631683.0
Time taken:  1.6541719436645508
Test Loss: 0.0000, Test Accuracy: 0.9967, Energy: -4648143.5
Time taken:  1.6694667339324951
Test Loss: 0.0000, Test Accuracy: 0.9967, Energy: -4662297.5
Time taken:  1.6970267295837402
Test Loss: 0.0000, Test Accuracy: 0.9967, Energy: -4678323.0
Time taken:  1.7043883800506592
Test Loss: 0.0000, Test Accuracy: 0.9967, Energy: -4689630.5
Time taken:  1.7018771171569824
Test Loss: 0.0000, Test Accuracy: 0.9967, Energy: -4700588.5
Time taken:  1.6442854404449463
Test Loss: 0.0000, Test Accuracy: 0.9967, Energy: -4710601.0
Time taken:  1.7086682319641113
Test Loss: 0.0000, Test Accuracy: 0.9967, Energy: -4722222.0
Time taken:  1.6969389915466309
Test Loss: 0.0000, Test Accuracy: 0.9967, Energy: -4730195.5
Time taken:  1.728240966796875
Test Loss: 0.0000, Test Accuracy: 0.9967, Energy: -4737138.0
Time taken:  1.723128318786621
Test Loss: 0.0000, Test Accuracy: 0.9967, Energy: -4743755.5
Time taken:  1.7113940715789795
Test Loss: 0.0000, Test Accuracy: 0.9967, Energy: -4751666.0
Time taken:  1.6915645599365234
Test Loss: 0.0000, Test Accuracy: 0.9967, Energy: -4756429.5
Time taken:  1.7203457355499268
Test Loss: 0.0000, Test Accuracy: 0.9967, Energy: -4762118.5
Time taken:  1.6901254653930664
Test Loss: 0.0000, Test Accuracy: 0.9967, Energy: -4767254.5
Time taken:  1.7255079746246338
Test Loss: 0.0000, Test Accuracy: 0.9967, Energy: -4770960.5
Time taken:  1.6877377033233643
Test Loss: 0.0000, Test Accuracy: 0.9967, Energy: -4775320.0
Time taken:  1.706655502319336
Test Loss: 0.0000, Test Accuracy: 0.9967, Energy: -4781285.5
Time taken:  1.6808454990386963
Test Loss: 0.0000, Test Accuracy: 0.9967, Energy: -4781393.0
Time taken:  1.7129380702972412
Test Loss: 0.0000, Test Accuracy: 0.9967, Energy: -4785933.5
Time taken:  1.6666710376739502
Test Loss: 0.0000, Test Accuracy: 0.9967, Energy: -4786855.0
Time taken:  1.6639840602874756
Test Loss: 0.0000, Test Accuracy: 0.9967, Energy: -4789934.0
Time taken:  1.7013134956359863
Test Loss: 0.0000, Test Accuracy: 0.9967, Energy: -4793139.5
Time taken:  1.748075246810913
Test Loss: 0.0000, Test Accuracy: 0.9967, Energy: -4794694.0
Time taken:  1.740067958831787
Test Loss: 0.0000, Test Accuracy: 0.9967, Energy: -4798091.0
Time taken:  1.7491347789764404
Test Loss: 0.0000, Test Accuracy: 0.9967, Energy: -4799682.0
Time taken:  1.6946415901184082
Test Loss: 0.0000, Test Accuracy: 0.9967, Energy: -4801609.0
Time taken:  1.6805751323699951
Test Loss: 0.0000, Test Accuracy: 0.9967, Energy: -4800791.5
Time taken:  1.6831793785095215
Test Loss: 0.0000, Test Accuracy: 0.9967, Energy: -4802949.0
Time taken:  1.6191961765289307
Test Loss: 0.0000, Test Accuracy: 0.9967, Energy: -4804581.5
Time taken:  1.614640474319458
Test Loss: 0.0000, Test Accuracy: 0.9967, Energy: -4804173.5
Time taken:  1.6410059928894043
Test Loss: 0.0000, Test Accuracy: 0.9967, Energy: -4805674.0
Time taken:  1.6456348896026611
Test Loss: 0.0000, Test Accuracy: 0.9967, Energy: -4806860.5
Time taken:  1.7283143997192383
Test Loss: 0.0000, Test Accuracy: 0.9967, Energy: -4809453.0
Time taken:  1.6539952754974365
Test Loss: 0.0000, Test Accuracy: 0.9967, Energy: -4809055.5
Time taken:  1.6376457214355469
Test Loss: 0.0000, Test Accuracy: 0.9967, Energy: -4809517.0
Time taken:  1.5924859046936035
Test Loss: 0.0000, Test Accuracy: 0.9967, Energy: -4810132.0
Time taken:  1.6225414276123047
Test Loss: 0.0000, Test Accuracy: 0.9967, Energy: -4809222.5
Time taken:  1.5770370960235596
Test Loss: 0.0000, Test Accuracy: 0.9967, Energy: -4810988.5
Time taken:  1.6189985275268555
Test Loss: 0.0000, Test Accuracy: 0.9967, Energy: -4809787.0
Time taken:  1.6405303478240967
Test Loss: 0.0000, Test Accuracy: 0.9967, Energy: -4812029.5
Time taken:  1.6856012344360352
Test Loss: 0.0000, Test Accuracy: 0.9967, Energy: -4812691.0
Time taken:  1.6146631240844727
Test Loss: 0.0000, Test Accuracy: 0.9967, Energy: -4812895.5
Time taken:  1.5916645526885986
Test Loss: 0.0000, Test Accuracy: 0.9967, Energy: -4811360.5
Time taken:  1.6246511936187744
Test Loss: 0.0000, Test Accuracy: 0.9967, Energy: -4812474.5
Time taken:  1.6052191257476807
Test Loss: 0.0000, Test Accuracy: 0.9967, Energy: -4813670.5
Time taken:  1.6059603691101074
Test Loss: 0.0000, Test Accuracy: 0.9967, Energy: -4813251.5
Time taken:  1.6439638137817383
Test Loss: 0.0000, Test Accuracy: 0.9967, Energy: -4813234.5
Time taken:  1.6056640148162842
Test Loss: 0.0000, Test Accuracy: 0.9967, Energy: -4812754.0
Time taken:  1.665583848953247
Test Loss: 0.0000, Test Accuracy: 0.9967, Energy: -4813031.5
Time taken:  1.621919870376587
Test Loss: 0.0000, Test Accuracy: 0.9967, Energy: -4813587.0
Time taken:  1.6192152500152588
Test Loss: 0.0000, Test Accuracy: 0.9967, Energy: -4811494.0
Time taken:  1.6302142143249512
Test Loss: 0.0000, Test Accuracy: 0.9967, Energy: -4813537.0
Time taken:  1.709240436553955
Test Loss: 0.0000, Test Accuracy: 0.9967, Energy: -4812884.0
Time taken:  1.6506381034851074
Test Loss: 0.0000, Test Accuracy: 0.9967, Energy: -4813820.0
Time taken:  1.6643099784851074
Test Loss: 0.0000, Test Accuracy: 0.9967, Energy: -4813655.0
Time taken:  1.6649346351623535
Test Loss: 0.0000, Test Accuracy: 0.9967, Energy: -4812622.5
Time taken:  1.663475751876831
Test Loss: 0.0000, Test Accuracy: 0.9967, Energy: -4815752.0
Time taken:  1.6603212356567383
Test Loss: 0.0000, Test Accuracy: 0.9967, Energy: -4813059.0
Time taken:  1.6387395858764648
Test Loss: 0.0000, Test Accuracy: 0.9967, Energy: -4813646.0
Time taken:  1.6135013103485107
Test Loss: 0.0000, Test Accuracy: 0.9967, Energy: -4815000.0
Time taken:  1.6307899951934814
Test Loss: 0.0000, Test Accuracy: 0.9967, Energy: -4814264.0
Time taken:  1.6059119701385498
Test Loss: 0.0000, Test Accuracy: 0.9967, Energy: -4814276.5
Time taken:  1.5469112396240234
Test Loss: 0.0000, Test Accuracy: 0.9967, Energy: -4816783.0
Time taken:  1.5571153163909912
Test Loss: 0.0000, Test Accuracy: 0.9967, Energy: -4815563.5
Time taken:  1.4597630500793457
Final accuracies: [0.8733333333333333, 1.0, 0.9966666666666667, 0.9966666666666667, 0.9966666666666667, 0.9966666666666667, 0.9966666666666667, 0.9966666666666667, 0.9966666666666667, 0.9966666666666667, 0.9966666666666667, 0.9966666666666667, 0.9966666666666667, 0.9966666666666667, 0.9966666666666667, 0.9966666666666667, 0.9966666666666667, 0.9966666666666667, 0.9966666666666667, 0.9966666666666667, 0.9966666666666667, 0.9966666666666667, 0.9966666666666667, 0.9966666666666667, 0.9966666666666667, 0.9966666666666667, 0.9966666666666667, 0.9966666666666667, 0.9966666666666667, 0.9966666666666667, 0.9966666666666667, 0.9966666666666667, 0.9966666666666667, 0.9966666666666667, 0.9966666666666667, 0.9966666666666667, 0.9966666666666667, 0.9966666666666667, 0.9966666666666667, 0.9966666666666667, 0.9966666666666667, 0.9966666666666667, 0.9966666666666667, 0.9966666666666667, 0.9966666666666667, 0.9966666666666667, 0.9966666666666667, 0.9966666666666667, 0.9966666666666667, 0.9966666666666667, 0.9966666666666667, 0.9966666666666667, 0.9966666666666667, 0.9966666666666667, 0.9966666666666667, 0.9966666666666667, 0.9966666666666667, 0.9966666666666667, 0.9966666666666667, 0.9966666666666667, 0.9966666666666667, 0.9966666666666667, 0.9966666666666667, 0.9966666666666667, 0.9966666666666667, 0.9966666666666667, 0.9966666666666667, 0.9966666666666667, 0.9966666666666667, 0.9966666666666667, 0.9966666666666667, 0.9966666666666667, 0.9966666666666667, 0.9966666666666667, 0.9966666666666667, 0.9966666666666667, 0.9966666666666667, 0.9966666666666667, 0.9966666666666667, 0.9966666666666667, 0.9966666666666667, 0.9966666666666667, 0.9966666666666667, 0.9966666666666667, 0.9966666666666667, 0.9966666666666667, 0.9966666666666667, 0.9966666666666667, 0.9966666666666667, 0.9966666666666667, 0.9966666666666667, 0.9966666666666667, 0.9966666666666667, 0.9966666666666667, 0.9966666666666667, 0.9966666666666667, 0.9966666666666667, 0.9966666666666667, 0.9966666666666667, 0.9966666666666667]
Final energies: [-237.59034729003906, -36157.57421875, -362898.53125, -818767.0, -1228739.5, -1590261.125, -1902247.0, -2179876.25, -2423849.0, -2642718.75, -2843933.0, -3025795.5, -3184698.5, -3327085.5, -3460693.5, -3580946.0, -3691559.0, -3794375.5, -3885637.75, -3967927.0, -4047851.0, -4116627.5, -4180330.0, -4237144.5, -4290808.5, -4339088.0, -4382651.5, -4420895.0, -4457287.5, -4490122.5, -4519865.0, -4547320.5, -4569356.0, -4591978.5, -4613045.0, -4631683.0, -4648143.5, -4662297.5, -4678323.0, -4689630.5, -4700588.5, -4710601.0, -4722222.0, -4730195.5, -4737138.0, -4743755.5, -4751666.0, -4756429.5, -4762118.5, -4767254.5, -4770960.5, -4775320.0, -4781285.5, -4781393.0, -4785933.5, -4786855.0, -4789934.0, -4793139.5, -4794694.0, -4798091.0, -4799682.0, -4801609.0, -4800791.5, -4802949.0, -4804581.5, -4804173.5, -4805674.0, -4806860.5, -4809453.0, -4809055.5, -4809517.0, -4810132.0, -4809222.5, -4810988.5, -4809787.0, -4812029.5, -4812691.0, -4812895.5, -4811360.5, -4812474.5, -4813670.5, -4813251.5, -4813234.5, -4812754.0, -4813031.5, -4813587.0, -4811494.0, -4813537.0, -4812884.0, -4813820.0, -4813655.0, -4812622.5, -4815752.0, -4813059.0, -4813646.0, -4815000.0, -4814264.0, -4814276.5, -4816783.0, -4815563.5]
