Running with parameters: hidden=100, use_coupled=true, seed=43, lam=0.5, eta=0.5, batch=100
Test Loss: 0.0000, Test Accuracy: 0.9567, Energy: -755.5423583984375
Time taken:  1.9485585689544678
Test Loss: 0.0000, Test Accuracy: 0.9967, Energy: -33977.4140625
Time taken:  2.3824524879455566
Test Loss: 0.0000, Test Accuracy: 0.9967, Energy: -331330.84375
Time taken:  2.133288621902466
Test Loss: 0.0000, Test Accuracy: 0.9967, Energy: -832299.9375
Time taken:  2.042912483215332
Test Loss: 0.0000, Test Accuracy: 0.9967, Energy: -1266972.75
Time taken:  2.27834153175354
Test Loss: 0.0000, Test Accuracy: 0.9967, Energy: -1639173.5
Time taken:  1.9839415550231934
Test Loss: 0.0000, Test Accuracy: 0.9967, Energy: -1966054.625
Time taken:  2.2899599075317383
Test Loss: 0.0000, Test Accuracy: 0.9967, Energy: -2252642.5
Time taken:  2.2160592079162598
Test Loss: 0.0000, Test Accuracy: 0.9967, Energy: -2505855.0
Time taken:  2.33052134513855
Test Loss: 0.0000, Test Accuracy: 0.9967, Energy: -2729792.5
Time taken:  2.0672731399536133
Test Loss: 0.0000, Test Accuracy: 1.0000, Energy: -2934663.0
Time taken:  1.9746687412261963
Test Loss: 0.0000, Test Accuracy: 1.0000, Energy: -3115783.75
Time taken:  2.01369047164917
Test Loss: 0.0000, Test Accuracy: 1.0000, Energy: -3278394.75
Time taken:  2.11806583404541
Test Loss: 0.0000, Test Accuracy: 1.0000, Energy: -3421272.5
Time taken:  2.009106397628784
Test Loss: 0.0000, Test Accuracy: 0.9967, Energy: -3550622.0
Time taken:  2.297217607498169
Test Loss: 0.0000, Test Accuracy: 0.9967, Energy: -3666636.75
Time taken:  1.9915120601654053
Test Loss: 0.0000, Test Accuracy: 0.9967, Energy: -3772945.5
Time taken:  2.2639753818511963
Test Loss: 0.0000, Test Accuracy: 0.9967, Energy: -3868974.5
Time taken:  2.1466240882873535
Test Loss: 0.0000, Test Accuracy: 0.9967, Energy: -3955853.25
Time taken:  2.0297632217407227
Test Loss: 0.0000, Test Accuracy: 0.9967, Energy: -4032972.5
Time taken:  2.0789308547973633
Test Loss: 0.0000, Test Accuracy: 0.9967, Energy: -4103825.25
Time taken:  2.0039119720458984
Test Loss: 0.0000, Test Accuracy: 0.9967, Energy: -4166816.25
Time taken:  2.228581666946411
Test Loss: 0.0000, Test Accuracy: 0.9967, Energy: -4225050.0
Time taken:  2.101351261138916
Test Loss: 0.0000, Test Accuracy: 0.9933, Energy: -4277583.0
Time taken:  2.070221185684204
Test Loss: 0.0000, Test Accuracy: 0.9933, Energy: -4321008.5
Time taken:  2.050321578979492
Test Loss: 0.0000, Test Accuracy: 0.9933, Energy: -4361581.5
Time taken:  2.0773720741271973
Test Loss: 0.0000, Test Accuracy: 0.9933, Energy: -4396918.0
Time taken:  2.215564727783203
Test Loss: 0.0000, Test Accuracy: 0.9933, Energy: -4430063.0
Time taken:  2.272675037384033
Test Loss: 0.0000, Test Accuracy: 0.9967, Energy: -4456096.0
Time taken:  2.0802359580993652
Test Loss: 0.0000, Test Accuracy: 0.9967, Energy: -4481873.0
Time taken:  2.044137954711914
Test Loss: 0.0000, Test Accuracy: 0.9967, Energy: -4504579.5
Time taken:  2.126918315887451
Test Loss: 0.0000, Test Accuracy: 0.9967, Energy: -4527617.5
Time taken:  2.1403746604919434
Test Loss: 0.0000, Test Accuracy: 0.9967, Energy: -4549371.5
Time taken:  2.1557960510253906
Test Loss: 0.0000, Test Accuracy: 0.9967, Energy: -4567946.0
Time taken:  2.1201016902923584
Test Loss: 0.0000, Test Accuracy: 0.9967, Energy: -4584887.0
Time taken:  2.1370763778686523
Test Loss: 0.0000, Test Accuracy: 0.9967, Energy: -4599521.0
Time taken:  2.125096321105957
Test Loss: 0.0000, Test Accuracy: 0.9967, Energy: -4613645.0
Time taken:  2.1886255741119385
Test Loss: 0.0000, Test Accuracy: 0.9967, Energy: -4627245.0
Time taken:  2.1637752056121826
Test Loss: 0.0000, Test Accuracy: 0.9967, Energy: -4637964.5
Time taken:  2.0478298664093018
Test Loss: 0.0000, Test Accuracy: 0.9967, Energy: -4649258.0
Time taken:  2.093266725540161
Test Loss: 0.0000, Test Accuracy: 0.9967, Energy: -4654880.0
Time taken:  2.133450984954834
Test Loss: 0.0000, Test Accuracy: 0.9933, Energy: -4661867.5
Time taken:  2.014052629470825
Test Loss: 0.0000, Test Accuracy: 0.9933, Energy: -4669070.0
Time taken:  2.079447031021118
Test Loss: 0.0000, Test Accuracy: 0.9933, Energy: -4675411.5
Time taken:  1.9771547317504883
Test Loss: 0.0000, Test Accuracy: 0.9933, Energy: -4682148.0
Time taken:  2.0240142345428467
Test Loss: 0.0000, Test Accuracy: 0.9933, Energy: -4688293.0
Time taken:  2.180351495742798
Test Loss: 0.0000, Test Accuracy: 0.9933, Energy: -4694333.5
Time taken:  2.023759365081787
Test Loss: 0.0000, Test Accuracy: 0.9933, Energy: -4699858.5
Time taken:  2.121859312057495
Test Loss: 0.0000, Test Accuracy: 0.9933, Energy: -4703986.0
Time taken:  2.005208969116211
Test Loss: 0.0000, Test Accuracy: 0.9933, Energy: -4707683.5
Time taken:  2.0698964595794678
Test Loss: 0.0000, Test Accuracy: 0.9933, Energy: -4711783.5
Time taken:  2.1048765182495117
Test Loss: 0.0000, Test Accuracy: 0.9933, Energy: -4714846.5
Time taken:  2.0188543796539307
Test Loss: 0.0000, Test Accuracy: 0.9933, Energy: -4718117.5
Time taken:  1.978426456451416
Test Loss: 0.0000, Test Accuracy: 0.9933, Energy: -4721283.5
Time taken:  1.9738926887512207
Test Loss: 0.0000, Test Accuracy: 0.9933, Energy: -4723685.5
Time taken:  2.0806291103363037
Test Loss: 0.0000, Test Accuracy: 0.9933, Energy: -4725929.0
Time taken:  2.126234531402588
Test Loss: 0.0000, Test Accuracy: 0.9933, Energy: -4727994.0
Time taken:  2.043708086013794
Test Loss: 0.0000, Test Accuracy: 0.9933, Energy: -4730231.0
Time taken:  2.1414318084716797
Test Loss: 0.0000, Test Accuracy: 0.9933, Energy: -4731815.0
Time taken:  1.969907283782959
Test Loss: 0.0000, Test Accuracy: 0.9933, Energy: -4733565.5
Time taken:  1.970451831817627
Test Loss: 0.0000, Test Accuracy: 0.9933, Energy: -4734542.0
Time taken:  2.0578196048736572
Test Loss: 0.0000, Test Accuracy: 0.9933, Energy: -4736179.5
Time taken:  2.092897653579712
Test Loss: 0.0000, Test Accuracy: 0.9933, Energy: -4737643.0
Time taken:  1.9960553646087646
Test Loss: 0.0000, Test Accuracy: 0.9933, Energy: -4738259.0
Time taken:  2.0593039989471436
Test Loss: 0.0000, Test Accuracy: 0.9933, Energy: -4739439.0
Time taken:  2.0887184143066406
Test Loss: 0.0000, Test Accuracy: 0.9933, Energy: -4740184.0
Time taken:  2.169825553894043
Test Loss: 0.0000, Test Accuracy: 0.9933, Energy: -4741127.0
Time taken:  2.094129800796509
Test Loss: 0.0000, Test Accuracy: 0.9933, Energy: -4741600.5
Time taken:  2.0773813724517822
Test Loss: 0.0000, Test Accuracy: 0.9933, Energy: -4742481.5
Time taken:  2.213629961013794
Test Loss: 0.0000, Test Accuracy: 0.9933, Energy: -4743008.0
Time taken:  2.0963380336761475
Test Loss: 0.0000, Test Accuracy: 0.9933, Energy: -4743415.0
Time taken:  2.234683036804199
Test Loss: 0.0000, Test Accuracy: 0.9933, Energy: -4743805.5
Time taken:  2.066577911376953
Test Loss: 0.0000, Test Accuracy: 0.9933, Energy: -4744431.0
Time taken:  2.025862693786621
Test Loss: 0.0000, Test Accuracy: 0.9933, Energy: -4744864.5
Time taken:  2.1015567779541016
Test Loss: 0.0000, Test Accuracy: 0.9933, Energy: -4745489.5
Time taken:  2.0915908813476562
Test Loss: 0.0000, Test Accuracy: 0.9933, Energy: -4745543.0
Time taken:  2.1585450172424316
Test Loss: 0.0000, Test Accuracy: 0.9933, Energy: -4746291.5
Time taken:  1.9324970245361328
Test Loss: 0.0000, Test Accuracy: 0.9933, Energy: -4746728.5
Time taken:  1.9586870670318604
Test Loss: 0.0000, Test Accuracy: 0.9933, Energy: -4747032.0
Time taken:  1.963106632232666
Test Loss: 0.0000, Test Accuracy: 0.9933, Energy: -4746902.0
Time taken:  2.075009822845459
Test Loss: 0.0000, Test Accuracy: 0.9933, Energy: -4747414.0
Time taken:  2.048401117324829
Test Loss: 0.0000, Test Accuracy: 0.9933, Energy: -4747718.0
Time taken:  2.020620822906494
Test Loss: 0.0000, Test Accuracy: 0.9933, Energy: -4747403.5
Time taken:  2.036485433578491
Test Loss: 0.0000, Test Accuracy: 0.9933, Energy: -4747357.0
Time taken:  2.0380308628082275
Test Loss: 0.0000, Test Accuracy: 0.9933, Energy: -4747638.0
Time taken:  2.0207481384277344
Test Loss: 0.0000, Test Accuracy: 0.9933, Energy: -4748132.0
Time taken:  1.9440937042236328
Test Loss: 0.0000, Test Accuracy: 0.9933, Energy: -4747714.0
Time taken:  1.9120736122131348
Test Loss: 0.0000, Test Accuracy: 0.9933, Energy: -4747601.0
Time taken:  1.901827096939087
Test Loss: 0.0000, Test Accuracy: 0.9933, Energy: -4748092.5
Time taken:  1.9440395832061768
Test Loss: 0.0000, Test Accuracy: 0.9933, Energy: -4747990.5
Time taken:  1.9204115867614746
Test Loss: 0.0000, Test Accuracy: 0.9933, Energy: -4748263.0
Time taken:  1.9129278659820557
Test Loss: 0.0000, Test Accuracy: 0.9933, Energy: -4748263.0
Time taken:  1.8202693462371826
Test Loss: 0.0000, Test Accuracy: 0.9933, Energy: -4748762.0
Time taken:  1.8762824535369873
Test Loss: 0.0000, Test Accuracy: 0.9933, Energy: -4748104.0
Time taken:  1.890105962753296
Test Loss: 0.0000, Test Accuracy: 0.9933, Energy: -4748884.0
Time taken:  1.9696729183197021
Test Loss: 0.0000, Test Accuracy: 0.9933, Energy: -4748271.5
Time taken:  1.8834123611450195
Test Loss: 0.0000, Test Accuracy: 0.9933, Energy: -4748627.0
Time taken:  1.8677074909210205
Test Loss: 0.0000, Test Accuracy: 0.9933, Energy: -4748536.0
Time taken:  1.745140790939331
Test Loss: 0.0000, Test Accuracy: 0.9933, Energy: -4748154.5
Time taken:  1.5157663822174072
Test Loss: 0.0000, Test Accuracy: 0.9933, Energy: -4748677.5
Time taken:  1.4591140747070312
Final accuracies: [0.9566666666666667, 0.9966666666666667, 0.9966666666666667, 0.9966666666666667, 0.9966666666666667, 0.9966666666666667, 0.9966666666666667, 0.9966666666666667, 0.9966666666666667, 0.9966666666666667, 1.0, 1.0, 1.0, 1.0, 0.9966666666666667, 0.9966666666666667, 0.9966666666666667, 0.9966666666666667, 0.9966666666666667, 0.9966666666666667, 0.9966666666666667, 0.9966666666666667, 0.9966666666666667, 0.9933333333333333, 0.9933333333333333, 0.9933333333333333, 0.9933333333333333, 0.9933333333333333, 0.9966666666666667, 0.9966666666666667, 0.9966666666666667, 0.9966666666666667, 0.9966666666666667, 0.9966666666666667, 0.9966666666666667, 0.9966666666666667, 0.9966666666666667, 0.9966666666666667, 0.9966666666666667, 0.9966666666666667, 0.9966666666666667, 0.9933333333333333, 0.9933333333333333, 0.9933333333333333, 0.9933333333333333, 0.9933333333333333, 0.9933333333333333, 0.9933333333333333, 0.9933333333333333, 0.9933333333333333, 0.9933333333333333, 0.9933333333333333, 0.9933333333333333, 0.9933333333333333, 0.9933333333333333, 0.9933333333333333, 0.9933333333333333, 0.9933333333333333, 0.9933333333333333, 0.9933333333333333, 0.9933333333333333, 0.9933333333333333, 0.9933333333333333, 0.9933333333333333, 0.9933333333333333, 0.9933333333333333, 0.9933333333333333, 0.9933333333333333, 0.9933333333333333, 0.9933333333333333, 0.9933333333333333, 0.9933333333333333, 0.9933333333333333, 0.9933333333333333, 0.9933333333333333, 0.9933333333333333, 0.9933333333333333, 0.9933333333333333, 0.9933333333333333, 0.9933333333333333, 0.9933333333333333, 0.9933333333333333, 0.9933333333333333, 0.9933333333333333, 0.9933333333333333, 0.9933333333333333, 0.9933333333333333, 0.9933333333333333, 0.9933333333333333, 0.9933333333333333, 0.9933333333333333, 0.9933333333333333, 0.9933333333333333, 0.9933333333333333, 0.9933333333333333, 0.9933333333333333, 0.9933333333333333, 0.9933333333333333, 0.9933333333333333, 0.9933333333333333]
Final energies: [-755.5423583984375, -33977.4140625, -331330.84375, -832299.9375, -1266972.75, -1639173.5, -1966054.625, -2252642.5, -2505855.0, -2729792.5, -2934663.0, -3115783.75, -3278394.75, -3421272.5, -3550622.0, -3666636.75, -3772945.5, -3868974.5, -3955853.25, -4032972.5, -4103825.25, -4166816.25, -4225050.0, -4277583.0, -4321008.5, -4361581.5, -4396918.0, -4430063.0, -4456096.0, -4481873.0, -4504579.5, -4527617.5, -4549371.5, -4567946.0, -4584887.0, -4599521.0, -4613645.0, -4627245.0, -4637964.5, -4649258.0, -4654880.0, -4661867.5, -4669070.0, -4675411.5, -4682148.0, -4688293.0, -4694333.5, -4699858.5, -4703986.0, -4707683.5, -4711783.5, -4714846.5, -4718117.5, -4721283.5, -4723685.5, -4725929.0, -4727994.0, -4730231.0, -4731815.0, -4733565.5, -4734542.0, -4736179.5, -4737643.0, -4738259.0, -4739439.0, -4740184.0, -4741127.0, -4741600.5, -4742481.5, -4743008.0, -4743415.0, -4743805.5, -4744431.0, -4744864.5, -4745489.5, -4745543.0, -4746291.5, -4746728.5, -4747032.0, -4746902.0, -4747414.0, -4747718.0, -4747403.5, -4747357.0, -4747638.0, -4748132.0, -4747714.0, -4747601.0, -4748092.5, -4747990.5, -4748263.0, -4748263.0, -4748762.0, -4748104.0, -4748884.0, -4748271.5, -4748627.0, -4748536.0, -4748154.5, -4748677.5]
