Running with parameters: hidden=30, use_coupled=true, seed=7, lam=0.1, eta=1.0
Test Accuracy: 0.9567, Energy: 51.23
Time Taken:  13.613464832305908
Test Accuracy: 0.9567, Energy: 52.67
Time Taken:  13.544642686843872
Test Accuracy: 0.9567, Energy: 50.12
Time Taken:  13.61615514755249
Test Accuracy: 0.9567, Energy: 52.86
Time Taken:  13.69936466217041
Test Accuracy: 0.9567, Energy: 54.90
Time Taken:  13.580982446670532
Test Accuracy: 0.9567, Energy: 54.02
Time Taken:  13.568459033966064
Test Accuracy: 0.9567, Energy: 51.37
Time Taken:  13.628454208374023
Test Accuracy: 0.9567, Energy: 52.40
Time Taken:  13.611764430999756
Test Accuracy: 0.9567, Energy: 45.64
Time Taken:  13.55111312866211
Test Accuracy: 0.9533, Energy: 45.42
Time Taken:  13.579884767532349
Test Accuracy: 0.9533, Energy: 47.38
Time Taken:  13.633230209350586
Test Accuracy: 0.9533, Energy: 45.65
Time Taken:  13.693274974822998
Test Accuracy: 0.9533, Energy: 44.27
Time Taken:  13.624453783035278
Test Accuracy: 0.9533, Energy: 45.88
Time Taken:  13.600991249084473
Test Accuracy: 0.9533, Energy: 47.72
Time Taken:  13.579302787780762
Test Accuracy: 0.9533, Energy: 41.62
Time Taken:  13.619279384613037
Test Accuracy: 0.9533, Energy: 41.23
Time Taken:  13.658481359481812
Test Accuracy: 0.9533, Energy: 43.80
Time Taken:  13.584367752075195
Test Accuracy: 0.9533, Energy: 41.05
Time Taken:  13.646665096282959
Test Accuracy: 0.9533, Energy: 37.66
Time Taken:  13.672532796859741
Test Accuracy: 0.9533, Energy: 31.39
Time Taken:  13.64663290977478
Test Accuracy: 0.9567, Energy: 35.08
Time Taken:  13.602663278579712
Test Accuracy: 0.9567, Energy: 38.27
Time Taken:  13.620174407958984
Test Accuracy: 0.9567, Energy: 35.95
Time Taken:  13.629176378250122
Test Accuracy: 0.9567, Energy: 32.82
Time Taken:  13.638449907302856
Test Accuracy: 0.9600, Energy: 33.65
Time Taken:  13.696271181106567
Test Accuracy: 0.9600, Energy: 33.24
Time Taken:  13.646248579025269
Test Accuracy: 0.9567, Energy: 35.84
Time Taken:  13.633490800857544
Test Accuracy: 0.9567, Energy: 35.66
Time Taken:  13.602463006973267
Test Accuracy: 0.9567, Energy: 38.07
Time Taken:  13.55960488319397
Test Accuracy: 0.9567, Energy: 37.93
Time Taken:  13.604528903961182
Test Accuracy: 0.9567, Energy: 37.14
Time Taken:  13.60603642463684
Test Accuracy: 0.9567, Energy: 36.37
Time Taken:  13.623852729797363
Test Accuracy: 0.9567, Energy: 35.48
Time Taken:  13.678292989730835
Test Accuracy: 0.9567, Energy: 29.21
Time Taken:  13.586984395980835
Test Accuracy: 0.9567, Energy: 25.26
Time Taken:  13.591864824295044
Test Accuracy: 0.9567, Energy: 23.02
Time Taken:  13.59728217124939
Test Accuracy: 0.9533, Energy: 21.98
Time Taken:  13.59951376914978
Test Accuracy: 0.9533, Energy: 21.57
Time Taken:  13.602323293685913
Test Accuracy: 0.9533, Energy: 21.39
Time Taken:  13.595074892044067
Test Accuracy: 0.9533, Energy: 20.52
Time Taken:  13.617053985595703
Test Accuracy: 0.9533, Energy: 20.01
Time Taken:  13.68038010597229
Test Accuracy: 0.9533, Energy: 20.60
Time Taken:  13.69523024559021
Test Accuracy: 0.9533, Energy: 22.51
Time Taken:  13.682375431060791
Test Accuracy: 0.9533, Energy: 20.81
Time Taken:  13.657428503036499
Test Accuracy: 0.9600, Energy: 19.22
Time Taken:  13.633579015731812
Test Accuracy: 0.9567, Energy: 18.47
Time Taken:  13.658268928527832
Test Accuracy: 0.9567, Energy: 17.38
Time Taken:  13.692806005477905
Test Accuracy: 0.9567, Energy: 19.32
Time Taken:  13.584895610809326
Test Accuracy: 0.9567, Energy: 21.59
Time Taken:  13.60691499710083
Test Accuracy: 0.9567, Energy: 19.34
Time Taken:  13.573645830154419
Test Accuracy: 0.9567, Energy: 18.17
Time Taken:  13.650416612625122
Test Accuracy: 0.9533, Energy: 20.82
Time Taken:  13.600338459014893
Test Accuracy: 0.9533, Energy: 22.12
Time Taken:  13.66343355178833
Test Accuracy: 0.9533, Energy: 19.21
Time Taken:  13.64319109916687
Test Accuracy: 0.9533, Energy: 16.49
Time Taken:  13.621256351470947
Test Accuracy: 0.9533, Energy: 17.05
Time Taken:  13.612780570983887
Test Accuracy: 0.9533, Energy: 13.78
Time Taken:  13.629904508590698
Test Accuracy: 0.9533, Energy: 13.33
Time Taken:  13.69406247138977
Test Accuracy: 0.9533, Energy: 14.73
Time Taken:  13.617666244506836
Test Accuracy: 0.9533, Energy: 14.25
Time Taken:  13.554640769958496
Test Accuracy: 0.9533, Energy: 15.61
Time Taken:  13.616700649261475
Test Accuracy: 0.9567, Energy: 17.15
Time Taken:  13.635804653167725
Test Accuracy: 0.9567, Energy: 13.05
Time Taken:  13.617550373077393
Test Accuracy: 0.9567, Energy: 12.10
Time Taken:  13.730900526046753
Test Accuracy: 0.9567, Energy: 13.61
Time Taken:  13.602585077285767
Test Accuracy: 0.9567, Energy: 13.02
Time Taken:  13.669163465499878
Test Accuracy: 0.9567, Energy: 15.82
Time Taken:  13.652819156646729
Test Accuracy: 0.9567, Energy: 16.30
Time Taken:  13.63017463684082
Test Accuracy: 0.9567, Energy: 16.02
Time Taken:  13.629076480865479
Test Accuracy: 0.9567, Energy: 17.87
Time Taken:  13.684106349945068
Test Accuracy: 0.9567, Energy: 18.23
Time Taken:  13.638744354248047
Test Accuracy: 0.9567, Energy: 19.52
Time Taken:  13.677167654037476
Test Accuracy: 0.9567, Energy: 17.53
Time Taken:  13.660230159759521
Test Accuracy: 0.9567, Energy: 17.06
Time Taken:  13.640220165252686
Test Accuracy: 0.9567, Energy: 20.68
Time Taken:  13.607925415039062
Test Accuracy: 0.9567, Energy: 28.45
Time Taken:  13.63260006904602
Test Accuracy: 0.9567, Energy: 24.37
Time Taken:  13.676379680633545
Test Accuracy: 0.9567, Energy: 23.06
Time Taken:  13.624155759811401
Test Accuracy: 0.9567, Energy: 23.28
Time Taken:  13.656785488128662
Test Accuracy: 0.9567, Energy: 22.94
Time Taken:  13.6009840965271
Test Accuracy: 0.9567, Energy: 24.81
Time Taken:  13.663012981414795
Test Accuracy: 0.9567, Energy: 21.01
Time Taken:  13.681121587753296
Test Accuracy: 0.9567, Energy: 25.07
Time Taken:  13.609527587890625
Test Accuracy: 0.9567, Energy: 24.92
Time Taken:  13.590170621871948
Test Accuracy: 0.9567, Energy: 25.22
Time Taken:  13.65831208229065
Test Accuracy: 0.9567, Energy: 26.98
Time Taken:  13.650533199310303
Test Accuracy: 0.9567, Energy: 30.14
Time Taken:  13.618658542633057
Test Accuracy: 0.9567, Energy: 30.52
Time Taken:  13.616134881973267
Test Accuracy: 0.9567, Energy: 28.26
Time Taken:  13.621371030807495
Test Accuracy: 0.9567, Energy: 29.75
Time Taken:  13.673510074615479
Test Accuracy: 0.9567, Energy: 28.04
Time Taken:  13.645153760910034
Test Accuracy: 0.9567, Energy: 27.11
Time Taken:  13.612539529800415
Test Accuracy: 0.9567, Energy: 23.38
Time Taken:  13.654090881347656
Test Accuracy: 0.9567, Energy: 17.43
Time Taken:  13.668252944946289
Test Accuracy: 0.9567, Energy: 16.84
Time Taken:  13.650315046310425
Test Accuracy: 0.9567, Energy: 14.59
Time Taken:  13.617199897766113
Test Accuracy: 0.9600, Energy: 15.72
Time Taken:  13.653857231140137
Test Accuracy: 0.9600, Energy: 17.36
Time Taken:  13.669561624526978
Test Accuracy: 0.9633, Energy: 14.21
Time Taken:  13.592831373214722
Final accuracies: [0.9566666666666667, 0.9566666666666667, 0.9566666666666667, 0.9566666666666667, 0.9566666666666667, 0.9566666666666667, 0.9566666666666667, 0.9566666666666667, 0.9566666666666667, 0.9533333333333334, 0.9533333333333334, 0.9533333333333334, 0.9533333333333334, 0.9533333333333334, 0.9533333333333334, 0.9533333333333334, 0.9533333333333334, 0.9533333333333334, 0.9533333333333334, 0.9533333333333334, 0.9533333333333334, 0.9566666666666667, 0.9566666666666667, 0.9566666666666667, 0.9566666666666667, 0.96, 0.96, 0.9566666666666667, 0.9566666666666667, 0.9566666666666667, 0.9566666666666667, 0.9566666666666667, 0.9566666666666667, 0.9566666666666667, 0.9566666666666667, 0.9566666666666667, 0.9566666666666667, 0.9533333333333334, 0.9533333333333334, 0.9533333333333334, 0.9533333333333334, 0.9533333333333334, 0.9533333333333334, 0.9533333333333334, 0.9533333333333334, 0.96, 0.9566666666666667, 0.9566666666666667, 0.9566666666666667, 0.9566666666666667, 0.9566666666666667, 0.9566666666666667, 0.9533333333333334, 0.9533333333333334, 0.9533333333333334, 0.9533333333333334, 0.9533333333333334, 0.9533333333333334, 0.9533333333333334, 0.9533333333333334, 0.9533333333333334, 0.9533333333333334, 0.9566666666666667, 0.9566666666666667, 0.9566666666666667, 0.9566666666666667, 0.9566666666666667, 0.9566666666666667, 0.9566666666666667, 0.9566666666666667, 0.9566666666666667, 0.9566666666666667, 0.9566666666666667, 0.9566666666666667, 0.9566666666666667, 0.9566666666666667, 0.9566666666666667, 0.9566666666666667, 0.9566666666666667, 0.9566666666666667, 0.9566666666666667, 0.9566666666666667, 0.9566666666666667, 0.9566666666666667, 0.9566666666666667, 0.9566666666666667, 0.9566666666666667, 0.9566666666666667, 0.9566666666666667, 0.9566666666666667, 0.9566666666666667, 0.9566666666666667, 0.9566666666666667, 0.9566666666666667, 0.9566666666666667, 0.9566666666666667, 0.9566666666666667, 0.96, 0.96, 0.9633333333333334]
Final energies: [51.23268508911133, 52.666316986083984, 50.12484359741211, 52.85614013671875, 54.89858627319336, 54.018409729003906, 51.37476348876953, 52.40165328979492, 45.63710021972656, 45.416011810302734, 47.37893295288086, 45.64954376220703, 44.26731491088867, 45.88361358642578, 47.72257995605469, 41.61772155761719, 41.22811508178711, 43.7957649230957, 41.05128479003906, 37.65580749511719, 31.388553619384766, 35.08240509033203, 38.266929626464844, 35.94828796386719, 32.8175163269043, 33.65422058105469, 33.23710250854492, 35.836280822753906, 35.65509796142578, 38.066837310791016, 37.93121337890625, 37.143531799316406, 36.3665885925293, 35.48259735107422, 29.213258743286133, 25.25596046447754, 23.02146339416504, 21.982746124267578, 21.573396682739258, 21.38956069946289, 20.52107810974121, 20.01138687133789, 20.602256774902344, 22.508872985839844, 20.81252098083496, 19.21748924255371, 18.47466278076172, 17.3812255859375, 19.324119567871094, 21.586673736572266, 19.338226318359375, 18.166139602661133, 20.82221794128418, 22.11683464050293, 19.21380043029785, 16.492185592651367, 17.045917510986328, 13.781071662902832, 13.33325481414795, 14.733572959899902, 14.24641227722168, 15.605249404907227, 17.15369987487793, 13.046079635620117, 12.102802276611328, 13.612468719482422, 13.024593353271484, 15.817357063293457, 16.296924591064453, 16.021709442138672, 17.874664306640625, 18.23309898376465, 19.524642944335938, 17.531776428222656, 17.056581497192383, 20.677927017211914, 28.446569442749023, 24.373563766479492, 23.064043045043945, 23.27586555480957, 22.937423706054688, 24.81147575378418, 21.013839721679688, 25.065975189208984, 24.92071533203125, 25.222434997558594, 26.98036003112793, 30.141399383544922, 30.518583297729492, 28.263412475585938, 29.747175216674805, 28.038660049438477, 27.112207412719727, 23.380125045776367, 17.42605972290039, 16.84385108947754, 14.59166431427002, 15.718589782714844, 17.36422348022461, 14.212932586669922]
