Running with parameters: hidden=30, use_coupled=true, seed=71, lam=0.1, eta=1.0
Test Accuracy: 0.9733, Energy: -1.84
Time Taken:  11.050999879837036
Test Accuracy: 0.9767, Energy: -1.99
Time Taken:  11.05788779258728
Test Accuracy: 0.9767, Energy: -2.38
Time Taken:  11.050783395767212
Test Accuracy: 0.9767, Energy: -1.02
Time Taken:  11.123169422149658
Test Accuracy: 0.9767, Energy: 2.08
Time Taken:  11.016443729400635
Test Accuracy: 0.9767, Energy: 0.70
Time Taken:  11.054336547851562
Test Accuracy: 0.9767, Energy: 1.52
Time Taken:  11.12619948387146
Test Accuracy: 0.9767, Energy: -0.21
Time Taken:  11.101566791534424
Test Accuracy: 0.9767, Energy: 2.62
Time Taken:  11.064393997192383
Test Accuracy: 0.9767, Energy: 0.22
Time Taken:  11.071329116821289
Test Accuracy: 0.9767, Energy: -0.63
Time Taken:  11.087318181991577
Test Accuracy: 0.9733, Energy: 0.41
Time Taken:  11.188848495483398
Test Accuracy: 0.9733, Energy: 3.27
Time Taken:  11.097123384475708
Test Accuracy: 0.9733, Energy: 3.45
Time Taken:  11.075255155563354
Test Accuracy: 0.9733, Energy: 2.20
Time Taken:  11.106969833374023
Test Accuracy: 0.9733, Energy: 2.85
Time Taken:  11.08155608177185
Test Accuracy: 0.9733, Energy: 2.04
Time Taken:  11.106757402420044
Test Accuracy: 0.9733, Energy: 1.41
Time Taken:  11.121914148330688
Test Accuracy: 0.9733, Energy: 1.41
Time Taken:  11.130283117294312
Test Accuracy: 0.9733, Energy: -1.22
Time Taken:  11.129592418670654
Test Accuracy: 0.9733, Energy: -1.64
Time Taken:  11.058287143707275
Test Accuracy: 0.9733, Energy: -4.24
Time Taken:  11.071519613265991
Test Accuracy: 0.9733, Energy: -8.74
Time Taken:  11.071016550064087
Test Accuracy: 0.9733, Energy: -8.43
Time Taken:  11.102824211120605
Test Accuracy: 0.9733, Energy: -6.73
Time Taken:  11.08372688293457
Test Accuracy: 0.9733, Energy: -3.91
Time Taken:  11.083341836929321
Test Accuracy: 0.9733, Energy: 1.01
Time Taken:  11.078716516494751
Test Accuracy: 0.9733, Energy: 0.16
Time Taken:  11.138290882110596
Test Accuracy: 0.9733, Energy: 1.34
Time Taken:  11.142372369766235
Test Accuracy: 0.9733, Energy: -2.25
Time Taken:  11.149389028549194
Test Accuracy: 0.9733, Energy: -5.06
Time Taken:  11.153448343276978
Test Accuracy: 0.9733, Energy: -5.33
Time Taken:  11.107042074203491
Test Accuracy: 0.9733, Energy: -3.72
Time Taken:  11.127286195755005
Test Accuracy: 0.9733, Energy: -0.43
Time Taken:  11.079217672348022
Test Accuracy: 0.9733, Energy: 1.73
Time Taken:  11.146185636520386
Test Accuracy: 0.9733, Energy: 5.14
Time Taken:  11.222105264663696
Test Accuracy: 0.9733, Energy: 4.19
Time Taken:  11.106187105178833
Test Accuracy: 0.9733, Energy: 5.88
Time Taken:  11.090934753417969
Test Accuracy: 0.9733, Energy: 7.79
Time Taken:  11.125994682312012
Test Accuracy: 0.9733, Energy: 8.40
Time Taken:  11.061326026916504
Test Accuracy: 0.9767, Energy: 6.01
Time Taken:  11.11937403678894
Test Accuracy: 0.9767, Energy: 4.00
Time Taken:  11.07221508026123
Test Accuracy: 0.9767, Energy: 4.16
Time Taken:  11.14991569519043
Test Accuracy: 0.9733, Energy: 2.69
Time Taken:  11.122710227966309
Test Accuracy: 0.9733, Energy: 1.20
Time Taken:  11.072057247161865
Test Accuracy: 0.9733, Energy: 0.68
Time Taken:  11.130837678909302
Test Accuracy: 0.9733, Energy: 0.69
Time Taken:  11.094547271728516
Test Accuracy: 0.9733, Energy: 2.60
Time Taken:  11.167949914932251
Test Accuracy: 0.9700, Energy: 3.65
Time Taken:  11.081781148910522
Test Accuracy: 0.9700, Energy: 3.97
Time Taken:  11.134239673614502
Test Accuracy: 0.9700, Energy: 2.23
Time Taken:  11.097548484802246
Test Accuracy: 0.9700, Energy: 2.62
Time Taken:  11.117093563079834
Test Accuracy: 0.9600, Energy: -1.45
Time Taken:  11.12034296989441
Test Accuracy: 0.9600, Energy: -2.58
Time Taken:  11.073092222213745
Test Accuracy: 0.9600, Energy: -3.52
Time Taken:  11.078719854354858
Test Accuracy: 0.9600, Energy: -5.60
Time Taken:  11.099408388137817
Test Accuracy: 0.9600, Energy: -6.35
Time Taken:  11.086441278457642
Test Accuracy: 0.9600, Energy: -8.49
Time Taken:  11.096441984176636
Test Accuracy: 0.9600, Energy: -15.46
Time Taken:  11.135412216186523
Test Accuracy: 0.9700, Energy: -17.33
Time Taken:  11.11937665939331
Test Accuracy: 0.9700, Energy: -21.80
Time Taken:  11.087790966033936
Test Accuracy: 0.9700, Energy: -20.92
Time Taken:  11.134910583496094
Test Accuracy: 0.9700, Energy: -23.39
Time Taken:  11.097565412521362
Test Accuracy: 0.9700, Energy: -24.64
Time Taken:  11.079573392868042
Test Accuracy: 0.9700, Energy: -26.45
Time Taken:  11.178674697875977
Test Accuracy: 0.9700, Energy: -26.40
Time Taken:  11.138304471969604
Test Accuracy: 0.9600, Energy: -25.60
Time Taken:  11.232012033462524
Test Accuracy: 0.9600, Energy: -23.52
Time Taken:  11.076233148574829
Test Accuracy: 0.9633, Energy: -21.05
Time Taken:  11.077818155288696
Test Accuracy: 0.9700, Energy: -17.10
Time Taken:  11.182133913040161
Test Accuracy: 0.9700, Energy: -15.55
Time Taken:  11.097556591033936
Test Accuracy: 0.9700, Energy: -15.37
Time Taken:  11.085943460464478
Test Accuracy: 0.9700, Energy: -15.73
Time Taken:  11.094753503799438
Test Accuracy: 0.9700, Energy: -17.51
Time Taken:  11.137328624725342
Test Accuracy: 0.9700, Energy: -15.74
Time Taken:  11.208941221237183
Test Accuracy: 0.9700, Energy: -14.28
Time Taken:  11.095702886581421
Test Accuracy: 0.9700, Energy: -13.91
Time Taken:  11.105878114700317
Test Accuracy: 0.9700, Energy: -18.79
Time Taken:  11.149972200393677
Test Accuracy: 0.9700, Energy: -17.15
Time Taken:  11.107860803604126
Test Accuracy: 0.9700, Energy: -22.09
Time Taken:  11.136507511138916
Test Accuracy: 0.9700, Energy: -29.73
Time Taken:  11.135032176971436
Test Accuracy: 0.9700, Energy: -32.25
Time Taken:  11.12497091293335
Test Accuracy: 0.9633, Energy: -32.17
Time Taken:  11.196391344070435
Test Accuracy: 0.9633, Energy: -30.84
Time Taken:  11.126146793365479
Test Accuracy: 0.9633, Energy: -29.04
Time Taken:  11.151097297668457
Test Accuracy: 0.9633, Energy: -27.86
Time Taken:  11.107270956039429
Test Accuracy: 0.9633, Energy: -24.94
Time Taken:  11.116960525512695
Test Accuracy: 0.9633, Energy: -25.33
Time Taken:  11.093457698822021
Test Accuracy: 0.9633, Energy: -27.15
Time Taken:  11.121156215667725
Test Accuracy: 0.9633, Energy: -24.25
Time Taken:  11.14845585823059
Test Accuracy: 0.9633, Energy: -25.79
Time Taken:  11.203232049942017
Test Accuracy: 0.9633, Energy: -25.63
Time Taken:  11.063514471054077
Test Accuracy: 0.9633, Energy: -27.70
Time Taken:  11.08885931968689
Test Accuracy: 0.9633, Energy: -27.94
Time Taken:  11.105333089828491
Test Accuracy: 0.9633, Energy: -30.30
Time Taken:  11.115827083587646
Test Accuracy: 0.9633, Energy: -28.83
Time Taken:  11.17272686958313
Test Accuracy: 0.9633, Energy: -33.37
Time Taken:  11.14049482345581
Test Accuracy: 0.9633, Energy: -34.42
Time Taken:  11.15390419960022
Test Accuracy: 0.9633, Energy: -37.81
Time Taken:  11.096362829208374
Test Accuracy: 0.9633, Energy: -41.20
Time Taken:  11.082520246505737
Final accuracies: [0.9733333333333334, 0.9766666666666667, 0.9766666666666667, 0.9766666666666667, 0.9766666666666667, 0.9766666666666667, 0.9766666666666667, 0.9766666666666667, 0.9766666666666667, 0.9766666666666667, 0.9766666666666667, 0.9733333333333334, 0.9733333333333334, 0.9733333333333334, 0.9733333333333334, 0.9733333333333334, 0.9733333333333334, 0.9733333333333334, 0.9733333333333334, 0.9733333333333334, 0.9733333333333334, 0.9733333333333334, 0.9733333333333334, 0.9733333333333334, 0.9733333333333334, 0.9733333333333334, 0.9733333333333334, 0.9733333333333334, 0.9733333333333334, 0.9733333333333334, 0.9733333333333334, 0.9733333333333334, 0.9733333333333334, 0.9733333333333334, 0.9733333333333334, 0.9733333333333334, 0.9733333333333334, 0.9733333333333334, 0.9733333333333334, 0.9733333333333334, 0.9766666666666667, 0.9766666666666667, 0.9766666666666667, 0.9733333333333334, 0.9733333333333334, 0.9733333333333334, 0.9733333333333334, 0.9733333333333334, 0.97, 0.97, 0.97, 0.97, 0.96, 0.96, 0.96, 0.96, 0.96, 0.96, 0.96, 0.97, 0.97, 0.97, 0.97, 0.97, 0.97, 0.97, 0.96, 0.96, 0.9633333333333334, 0.97, 0.97, 0.97, 0.97, 0.97, 0.97, 0.97, 0.97, 0.97, 0.97, 0.97, 0.97, 0.97, 0.9633333333333334, 0.9633333333333334, 0.9633333333333334, 0.9633333333333334, 0.9633333333333334, 0.9633333333333334, 0.9633333333333334, 0.9633333333333334, 0.9633333333333334, 0.9633333333333334, 0.9633333333333334, 0.9633333333333334, 0.9633333333333334, 0.9633333333333334, 0.9633333333333334, 0.9633333333333334, 0.9633333333333334, 0.9633333333333334]
Final energies: [-1.8377466201782227, -1.9890751838684082, -2.3828961849212646, -1.0207817554473877, 2.0840280055999756, 0.7023923397064209, 1.5221024751663208, -0.20942950248718262, 2.620316982269287, 0.2189481258392334, -0.6349663138389587, 0.41353684663772583, 3.2665135860443115, 3.4502320289611816, 2.204181432723999, 2.8459060192108154, 2.0444884300231934, 1.4112664461135864, 1.4060255289077759, -1.2243611812591553, -1.6379728317260742, -4.235983848571777, -8.74128532409668, -8.433639526367188, -6.726057052612305, -3.9055395126342773, 1.0075201988220215, 0.16321533918380737, 1.3409326076507568, -2.24625825881958, -5.057389736175537, -5.334395408630371, -3.71834659576416, -0.429854154586792, 1.7347784042358398, 5.1433305740356445, 4.190475940704346, 5.881379127502441, 7.791031837463379, 8.403773307800293, 6.009613037109375, 3.9955523014068604, 4.1639509201049805, 2.687497615814209, 1.2006559371948242, 0.6793940663337708, 0.6939490437507629, 2.5998446941375732, 3.6485626697540283, 3.9707436561584473, 2.230391263961792, 2.6209793090820312, -1.4482862949371338, -2.580963373184204, -3.517949104309082, -5.596245765686035, -6.351992130279541, -8.493270874023438, -15.458560943603516, -17.32940101623535, -21.7976016998291, -20.924713134765625, -23.38773536682129, -24.635513305664062, -26.445053100585938, -26.40108299255371, -25.59503746032715, -23.51940155029297, -21.053070068359375, -17.09925079345703, -15.54958438873291, -15.366998672485352, -15.72780990600586, -17.506399154663086, -15.742165565490723, -14.280930519104004, -13.908730506896973, -18.790668487548828, -17.154762268066406, -22.087894439697266, -29.726634979248047, -32.245975494384766, -32.173667907714844, -30.842693328857422, -29.038095474243164, -27.863845825195312, -24.94158172607422, -25.332767486572266, -27.147390365600586, -24.249177932739258, -25.793760299682617, -25.63274383544922, -27.6957950592041, -27.94253158569336, -30.295345306396484, -28.82785415649414, -33.373512268066406, -34.41740798950195, -37.81418991088867, -41.201904296875]
