Running with parameters: hidden=30, use_coupled=true, seed=97, lam=0.1, eta=1.0
Test Accuracy: 0.8600, Energy: -9.55
Time Taken:  11.270437955856323
Test Accuracy: 0.8600, Energy: -9.59
Time Taken:  11.248120546340942
Test Accuracy: 0.8600, Energy: -13.69
Time Taken:  11.222456216812134
Test Accuracy: 0.8600, Energy: -11.30
Time Taken:  11.328501462936401
Test Accuracy: 0.8600, Energy: -15.56
Time Taken:  11.316081523895264
Test Accuracy: 0.8600, Energy: -17.17
Time Taken:  11.260064840316772
Test Accuracy: 0.8600, Energy: -15.93
Time Taken:  11.243876457214355
Test Accuracy: 0.8600, Energy: -17.86
Time Taken:  11.301827192306519
Test Accuracy: 0.8600, Energy: -19.46
Time Taken:  11.30420207977295
Test Accuracy: 0.8600, Energy: -20.63
Time Taken:  11.363231182098389
Test Accuracy: 0.8600, Energy: -18.92
Time Taken:  11.347444295883179
Test Accuracy: 0.8600, Energy: -16.36
Time Taken:  11.376997470855713
Test Accuracy: 0.8600, Energy: -17.45
Time Taken:  11.340336084365845
Test Accuracy: 0.8600, Energy: -15.42
Time Taken:  11.25166654586792
Test Accuracy: 0.8600, Energy: -15.57
Time Taken:  11.28065299987793
Test Accuracy: 0.8600, Energy: -13.25
Time Taken:  11.34449028968811
Test Accuracy: 0.8600, Energy: -11.71
Time Taken:  11.35222840309143
Test Accuracy: 0.8600, Energy: -13.26
Time Taken:  11.341382026672363
Test Accuracy: 0.8600, Energy: -17.58
Time Taken:  11.308672904968262
Test Accuracy: 0.8600, Energy: -17.74
Time Taken:  11.335883378982544
Test Accuracy: 0.8600, Energy: -18.75
Time Taken:  11.259530782699585
Test Accuracy: 0.8567, Energy: -21.00
Time Taken:  11.319382429122925
Test Accuracy: 0.8567, Energy: -20.69
Time Taken:  11.290592670440674
Test Accuracy: 0.8567, Energy: -21.05
Time Taken:  11.281879663467407
Test Accuracy: 0.8567, Energy: -19.77
Time Taken:  11.33594536781311
Test Accuracy: 0.8567, Energy: -18.69
Time Taken:  11.321862936019897
Test Accuracy: 0.8567, Energy: -18.97
Time Taken:  11.257625579833984
Test Accuracy: 0.8567, Energy: -17.98
Time Taken:  11.305999994277954
Test Accuracy: 0.8567, Energy: -15.98
Time Taken:  11.283064365386963
Test Accuracy: 0.8567, Energy: -14.09
Time Taken:  11.312459707260132
Test Accuracy: 0.8600, Energy: -14.91
Time Taken:  11.244178295135498
Test Accuracy: 0.8600, Energy: -12.06
Time Taken:  11.282483100891113
Test Accuracy: 0.8600, Energy: -11.07
Time Taken:  11.25657844543457
Test Accuracy: 0.8600, Energy: -10.38
Time Taken:  11.351405143737793
Test Accuracy: 0.8600, Energy: -10.21
Time Taken:  11.340779066085815
Test Accuracy: 0.8600, Energy: -12.15
Time Taken:  11.351098537445068
Test Accuracy: 0.8600, Energy: -13.44
Time Taken:  11.299119710922241
Test Accuracy: 0.8600, Energy: -16.32
Time Taken:  11.266230344772339
Test Accuracy: 0.8600, Energy: -19.82
Time Taken:  11.285860061645508
Test Accuracy: 0.8600, Energy: -19.86
Time Taken:  11.29205584526062
Test Accuracy: 0.8633, Energy: -18.93
Time Taken:  11.312688112258911
Test Accuracy: 0.8633, Energy: -15.21
Time Taken:  11.294926643371582
Test Accuracy: 0.8633, Energy: -15.40
Time Taken:  11.27808427810669
Test Accuracy: 0.8633, Energy: -15.32
Time Taken:  11.336371183395386
Test Accuracy: 0.8633, Energy: -17.66
Time Taken:  11.232610940933228
Test Accuracy: 0.8633, Energy: -22.18
Time Taken:  11.273456335067749
Test Accuracy: 0.8633, Energy: -22.22
Time Taken:  11.288662433624268
Test Accuracy: 0.8633, Energy: -19.61
Time Taken:  11.252762079238892
Test Accuracy: 0.8633, Energy: -21.30
Time Taken:  11.249125719070435
Test Accuracy: 0.8633, Energy: -19.26
Time Taken:  11.251234769821167
Test Accuracy: 0.8633, Energy: -21.11
Time Taken:  11.247288942337036
Test Accuracy: 0.8633, Energy: -26.87
Time Taken:  11.369081020355225
Test Accuracy: 0.8633, Energy: -25.58
Time Taken:  11.291860818862915
Test Accuracy: 0.8633, Energy: -26.36
Time Taken:  11.258770227432251
Test Accuracy: 0.8633, Energy: -25.48
Time Taken:  11.337458848953247
Test Accuracy: 0.8633, Energy: -25.67
Time Taken:  11.249616384506226
Test Accuracy: 0.8633, Energy: -25.42
Time Taken:  11.264426708221436
Test Accuracy: 0.8633, Energy: -22.48
Time Taken:  11.300981044769287
Test Accuracy: 0.8633, Energy: -27.72
Time Taken:  11.35817837715149
Test Accuracy: 0.8633, Energy: -29.36
Time Taken:  11.241483211517334
Test Accuracy: 0.8600, Energy: -31.20
Time Taken:  11.271472930908203
Test Accuracy: 0.8600, Energy: -31.54
Time Taken:  11.254740953445435
Test Accuracy: 0.8600, Energy: -33.04
Time Taken:  11.307778358459473
Test Accuracy: 0.8600, Energy: -31.73
Time Taken:  11.29905390739441
Test Accuracy: 0.8600, Energy: -29.71
Time Taken:  11.271781206130981
Test Accuracy: 0.8600, Energy: -26.56
Time Taken:  11.329426527023315
Test Accuracy: 0.8600, Energy: -24.83
Time Taken:  11.361326694488525
Test Accuracy: 0.8600, Energy: -24.43
Time Taken:  11.28048062324524
Test Accuracy: 0.8600, Energy: -25.25
Time Taken:  11.231077909469604
Test Accuracy: 0.8633, Energy: -27.80
Time Taken:  11.236547946929932
Test Accuracy: 0.8633, Energy: -28.54
Time Taken:  11.290939092636108
Test Accuracy: 0.8633, Energy: -32.78
Time Taken:  11.272704601287842
Test Accuracy: 0.8633, Energy: -36.33
Time Taken:  11.256970882415771
Test Accuracy: 0.8633, Energy: -35.67
Time Taken:  11.266728162765503
Test Accuracy: 0.8633, Energy: -32.10
Time Taken:  11.29364824295044
Test Accuracy: 0.8633, Energy: -39.57
Time Taken:  11.2313072681427
Test Accuracy: 0.8633, Energy: -40.10
Time Taken:  11.231313705444336
Test Accuracy: 0.8633, Energy: -43.46
Time Taken:  11.234530448913574
Test Accuracy: 0.8633, Energy: -43.14
Time Taken:  11.252490282058716
Test Accuracy: 0.8633, Energy: -39.25
Time Taken:  11.258448362350464
Test Accuracy: 0.8667, Energy: -38.14
Time Taken:  11.241085767745972
Test Accuracy: 0.8667, Energy: -36.50
Time Taken:  11.271146297454834
Test Accuracy: 0.8667, Energy: -35.44
Time Taken:  11.283911228179932
Test Accuracy: 0.8667, Energy: -36.02
Time Taken:  11.224381923675537
Test Accuracy: 0.8667, Energy: -35.14
Time Taken:  11.292354106903076
Test Accuracy: 0.8633, Energy: -34.54
Time Taken:  11.258343696594238
Test Accuracy: 0.8633, Energy: -34.60
Time Taken:  11.282256126403809
Test Accuracy: 0.8633, Energy: -33.49
Time Taken:  11.26643443107605
Test Accuracy: 0.8633, Energy: -34.01
Time Taken:  11.315659761428833
Test Accuracy: 0.8633, Energy: -31.58
Time Taken:  11.260226726531982
Test Accuracy: 0.8633, Energy: -33.98
Time Taken:  11.30701994895935
Test Accuracy: 0.8633, Energy: -40.42
Time Taken:  11.235650300979614
Test Accuracy: 0.8633, Energy: -39.51
Time Taken:  11.221331596374512
Test Accuracy: 0.8667, Energy: -36.99
Time Taken:  11.238282442092896
Test Accuracy: 0.8667, Energy: -34.94
Time Taken:  11.231574773788452
Test Accuracy: 0.8667, Energy: -36.84
Time Taken:  11.2318696975708
Test Accuracy: 0.8667, Energy: -38.99
Time Taken:  11.272544622421265
Test Accuracy: 0.8667, Energy: -42.37
Time Taken:  11.242494821548462
Test Accuracy: 0.8700, Energy: -42.05
Time Taken:  10.770660638809204
Test Accuracy: 0.8700, Energy: -47.36
Time Taken:  10.703427076339722
Final accuracies: [0.86, 0.86, 0.86, 0.86, 0.86, 0.86, 0.86, 0.86, 0.86, 0.86, 0.86, 0.86, 0.86, 0.86, 0.86, 0.86, 0.86, 0.86, 0.86, 0.86, 0.86, 0.8566666666666667, 0.8566666666666667, 0.8566666666666667, 0.8566666666666667, 0.8566666666666667, 0.8566666666666667, 0.8566666666666667, 0.8566666666666667, 0.8566666666666667, 0.86, 0.86, 0.86, 0.86, 0.86, 0.86, 0.86, 0.86, 0.86, 0.86, 0.8633333333333333, 0.8633333333333333, 0.8633333333333333, 0.8633333333333333, 0.8633333333333333, 0.8633333333333333, 0.8633333333333333, 0.8633333333333333, 0.8633333333333333, 0.8633333333333333, 0.8633333333333333, 0.8633333333333333, 0.8633333333333333, 0.8633333333333333, 0.8633333333333333, 0.8633333333333333, 0.8633333333333333, 0.8633333333333333, 0.8633333333333333, 0.8633333333333333, 0.86, 0.86, 0.86, 0.86, 0.86, 0.86, 0.86, 0.86, 0.86, 0.8633333333333333, 0.8633333333333333, 0.8633333333333333, 0.8633333333333333, 0.8633333333333333, 0.8633333333333333, 0.8633333333333333, 0.8633333333333333, 0.8633333333333333, 0.8633333333333333, 0.8633333333333333, 0.8666666666666667, 0.8666666666666667, 0.8666666666666667, 0.8666666666666667, 0.8666666666666667, 0.8633333333333333, 0.8633333333333333, 0.8633333333333333, 0.8633333333333333, 0.8633333333333333, 0.8633333333333333, 0.8633333333333333, 0.8633333333333333, 0.8666666666666667, 0.8666666666666667, 0.8666666666666667, 0.8666666666666667, 0.8666666666666667, 0.87, 0.87]
Final energies: [-9.547661781311035, -9.592024803161621, -13.68933391571045, -11.295770645141602, -15.56080436706543, -17.166732788085938, -15.934586524963379, -17.856502532958984, -19.46120834350586, -20.629642486572266, -18.922794342041016, -16.359966278076172, -17.45098114013672, -15.41892147064209, -15.569008827209473, -13.24609088897705, -11.712550163269043, -13.255805969238281, -17.583866119384766, -17.73870277404785, -18.753875732421875, -20.9986629486084, -20.69062614440918, -21.050722122192383, -19.765064239501953, -18.69338035583496, -18.966629028320312, -17.97504997253418, -15.980663299560547, -14.090510368347168, -14.911479949951172, -12.059877395629883, -11.066161155700684, -10.382022857666016, -10.209439277648926, -12.147122383117676, -13.441041946411133, -16.3174991607666, -19.818096160888672, -19.863609313964844, -18.92941665649414, -15.208294868469238, -15.40282917022705, -15.322608947753906, -17.656606674194336, -22.175535202026367, -22.219602584838867, -19.610593795776367, -21.299924850463867, -19.258163452148438, -21.109539031982422, -26.872882843017578, -25.580656051635742, -26.35706901550293, -25.47955322265625, -25.674880981445312, -25.422903060913086, -22.47847557067871, -27.71518898010254, -29.355377197265625, -31.19525146484375, -31.543264389038086, -33.04114532470703, -31.729442596435547, -29.712549209594727, -26.559083938598633, -24.83306312561035, -24.427425384521484, -25.2480411529541, -27.79596710205078, -28.543161392211914, -32.7839241027832, -36.3269157409668, -35.67384719848633, -32.097904205322266, -39.57097244262695, -40.10342025756836, -43.45845031738281, -43.137393951416016, -39.24916458129883, -38.14229202270508, -36.50152587890625, -35.44477081298828, -36.01978302001953, -35.139434814453125, -34.53810501098633, -34.59587097167969, -33.4925651550293, -34.01459503173828, -31.57662582397461, -33.98164749145508, -40.421260833740234, -39.50931167602539, -36.98560333251953, -34.94303894042969, -36.843284606933594, -38.98917770385742, -42.368934631347656, -42.052330017089844, -47.35926818847656]
