Running with parameters: hidden=30, use_coupled=true, seed=61, lam=0.1, eta=1.0
Test Accuracy: 0.9400, Energy: -52.66
Time Taken:  10.851639986038208
Test Accuracy: 0.9400, Energy: -57.44
Time Taken:  10.8959641456604
Test Accuracy: 0.9400, Energy: -55.21
Time Taken:  10.90172028541565
Test Accuracy: 0.9400, Energy: -56.52
Time Taken:  10.920399188995361
Test Accuracy: 0.9400, Energy: -56.89
Time Taken:  10.810925960540771
Test Accuracy: 0.9400, Energy: -56.82
Time Taken:  10.878428220748901
Test Accuracy: 0.9400, Energy: -54.05
Time Taken:  10.940150022506714
Test Accuracy: 0.9400, Energy: -52.56
Time Taken:  11.011556386947632
Test Accuracy: 0.9400, Energy: -55.14
Time Taken:  10.914688348770142
Test Accuracy: 0.9400, Energy: -55.66
Time Taken:  10.988970041275024
Test Accuracy: 0.9400, Energy: -51.99
Time Taken:  10.97352385520935
Test Accuracy: 0.9400, Energy: -52.63
Time Taken:  10.951917886734009
Test Accuracy: 0.9400, Energy: -51.01
Time Taken:  10.848384380340576
Test Accuracy: 0.9400, Energy: -52.06
Time Taken:  10.879567623138428
Test Accuracy: 0.9400, Energy: -48.85
Time Taken:  10.91630220413208
Test Accuracy: 0.9400, Energy: -50.29
Time Taken:  10.982197284698486
Test Accuracy: 0.9400, Energy: -49.75
Time Taken:  10.906397104263306
Test Accuracy: 0.9400, Energy: -49.36
Time Taken:  10.915125846862793
Test Accuracy: 0.9400, Energy: -49.02
Time Taken:  10.925326585769653
Test Accuracy: 0.9400, Energy: -48.18
Time Taken:  10.947076559066772
Test Accuracy: 0.9400, Energy: -49.50
Time Taken:  10.86507797241211
Test Accuracy: 0.9400, Energy: -50.56
Time Taken:  10.93351435661316
Test Accuracy: 0.9400, Energy: -52.81
Time Taken:  10.942799806594849
Test Accuracy: 0.9400, Energy: -55.25
Time Taken:  10.925842046737671
Test Accuracy: 0.9400, Energy: -59.30
Time Taken:  10.974133253097534
Test Accuracy: 0.9400, Energy: -59.09
Time Taken:  10.903075933456421
Test Accuracy: 0.9400, Energy: -60.32
Time Taken:  10.906526327133179
Test Accuracy: 0.9400, Energy: -57.68
Time Taken:  10.938847064971924
Test Accuracy: 0.9400, Energy: -55.56
Time Taken:  10.950066566467285
Test Accuracy: 0.9400, Energy: -55.93
Time Taken:  10.922208070755005
Test Accuracy: 0.9400, Energy: -58.04
Time Taken:  10.887004375457764
Test Accuracy: 0.9367, Energy: -60.75
Time Taken:  10.966369867324829
Test Accuracy: 0.9367, Energy: -60.33
Time Taken:  10.943774461746216
Test Accuracy: 0.9367, Energy: -57.32
Time Taken:  10.905881881713867
Test Accuracy: 0.9367, Energy: -59.17
Time Taken:  10.94483995437622
Test Accuracy: 0.9367, Energy: -59.39
Time Taken:  10.956783533096313
Test Accuracy: 0.9367, Energy: -61.77
Time Taken:  10.880043745040894
Test Accuracy: 0.9367, Energy: -61.71
Time Taken:  10.98030400276184
Test Accuracy: 0.9367, Energy: -62.63
Time Taken:  10.930194854736328
Test Accuracy: 0.9367, Energy: -59.62
Time Taken:  10.949477195739746
Test Accuracy: 0.9367, Energy: -63.18
Time Taken:  10.875620365142822
Test Accuracy: 0.9367, Energy: -64.04
Time Taken:  10.91679334640503
Test Accuracy: 0.9367, Energy: -59.66
Time Taken:  10.903784990310669
Test Accuracy: 0.9367, Energy: -58.50
Time Taken:  10.936594724655151
Test Accuracy: 0.9367, Energy: -61.11
Time Taken:  10.901049852371216
Test Accuracy: 0.9367, Energy: -63.71
Time Taken:  10.923399925231934
Test Accuracy: 0.9367, Energy: -59.76
Time Taken:  10.910425901412964
Test Accuracy: 0.9367, Energy: -59.33
Time Taken:  10.859433650970459
Test Accuracy: 0.9333, Energy: -56.97
Time Taken:  10.88909912109375
Test Accuracy: 0.9333, Energy: -58.29
Time Taken:  10.918882369995117
Test Accuracy: 0.9333, Energy: -54.82
Time Taken:  10.895524263381958
Test Accuracy: 0.9333, Energy: -55.19
Time Taken:  10.923043489456177
Test Accuracy: 0.9333, Energy: -61.04
Time Taken:  10.844801187515259
Test Accuracy: 0.9333, Energy: -63.84
Time Taken:  10.872236967086792
Test Accuracy: 0.9333, Energy: -64.89
Time Taken:  10.925374746322632
Test Accuracy: 0.9333, Energy: -64.48
Time Taken:  10.904459238052368
Test Accuracy: 0.9333, Energy: -65.98
Time Taken:  10.9489586353302
Test Accuracy: 0.9333, Energy: -72.31
Time Taken:  10.915815114974976
Test Accuracy: 0.9333, Energy: -70.41
Time Taken:  10.99370527267456
Test Accuracy: 0.9333, Energy: -69.98
Time Taken:  10.9154531955719
Test Accuracy: 0.9333, Energy: -70.06
Time Taken:  10.894324779510498
Test Accuracy: 0.9333, Energy: -70.20
Time Taken:  10.96903109550476
Test Accuracy: 0.9333, Energy: -66.56
Time Taken:  10.922515392303467
Test Accuracy: 0.9333, Energy: -67.62
Time Taken:  10.863481283187866
Test Accuracy: 0.9333, Energy: -65.73
Time Taken:  10.918497323989868
Test Accuracy: 0.9333, Energy: -68.47
Time Taken:  10.92826533317566
Test Accuracy: 0.9333, Energy: -66.69
Time Taken:  10.966289043426514
Test Accuracy: 0.9333, Energy: -64.31
Time Taken:  10.905813455581665
Test Accuracy: 0.9333, Energy: -64.66
Time Taken:  10.861644506454468
Test Accuracy: 0.9333, Energy: -63.39
Time Taken:  10.914329290390015
Test Accuracy: 0.9333, Energy: -74.32
Time Taken:  10.999084234237671
Test Accuracy: 0.9333, Energy: -70.62
Time Taken:  10.90120244026184
Test Accuracy: 0.9333, Energy: -71.85
Time Taken:  10.937865495681763
Test Accuracy: 0.9333, Energy: -69.28
Time Taken:  10.961403369903564
Test Accuracy: 0.9333, Energy: -67.90
Time Taken:  10.98473072052002
Test Accuracy: 0.9333, Energy: -66.01
Time Taken:  10.869015455245972
Test Accuracy: 0.9333, Energy: -64.08
Time Taken:  10.87517762184143
Test Accuracy: 0.9333, Energy: -67.48
Time Taken:  10.92635440826416
Test Accuracy: 0.9333, Energy: -65.11
Time Taken:  10.885558843612671
Test Accuracy: 0.9333, Energy: -68.03
Time Taken:  10.937990427017212
Test Accuracy: 0.9333, Energy: -66.79
Time Taken:  10.94845199584961
Test Accuracy: 0.9333, Energy: -68.16
Time Taken:  10.90114140510559
Test Accuracy: 0.9333, Energy: -65.53
Time Taken:  10.956534385681152
Test Accuracy: 0.9333, Energy: -64.73
Time Taken:  10.877371311187744
Test Accuracy: 0.9333, Energy: -67.16
Time Taken:  10.930838823318481
Test Accuracy: 0.9333, Energy: -67.08
Time Taken:  10.915314435958862
Test Accuracy: 0.9333, Energy: -67.50
Time Taken:  10.90018892288208
Test Accuracy: 0.9333, Energy: -67.83
Time Taken:  10.889307975769043
Test Accuracy: 0.9333, Energy: -69.78
Time Taken:  10.938676595687866
Test Accuracy: 0.9333, Energy: -71.70
Time Taken:  10.886993408203125
Test Accuracy: 0.9333, Energy: -69.64
Time Taken:  10.953762531280518
Test Accuracy: 0.9333, Energy: -74.82
Time Taken:  10.910346984863281
Test Accuracy: 0.9333, Energy: -76.86
Time Taken:  10.917948246002197
Test Accuracy: 0.9333, Energy: -76.39
Time Taken:  10.900153398513794
Test Accuracy: 0.9333, Energy: -79.45
Time Taken:  10.889464378356934
Test Accuracy: 0.9333, Energy: -77.06
Time Taken:  10.915007591247559
Test Accuracy: 0.9333, Energy: -74.68
Time Taken:  10.910591125488281
Test Accuracy: 0.9333, Energy: -78.30
Time Taken:  10.916585922241211
Test Accuracy: 0.9333, Energy: -79.56
Time Taken:  10.912311792373657
Test Accuracy: 0.9333, Energy: -81.48
Time Taken:  10.908653020858765
Final accuracies: [0.94, 0.94, 0.94, 0.94, 0.94, 0.94, 0.94, 0.94, 0.94, 0.94, 0.94, 0.94, 0.94, 0.94, 0.94, 0.94, 0.94, 0.94, 0.94, 0.94, 0.94, 0.94, 0.94, 0.94, 0.94, 0.94, 0.94, 0.94, 0.94, 0.94, 0.94, 0.9366666666666666, 0.9366666666666666, 0.9366666666666666, 0.9366666666666666, 0.9366666666666666, 0.9366666666666666, 0.9366666666666666, 0.9366666666666666, 0.9366666666666666, 0.9366666666666666, 0.9366666666666666, 0.9366666666666666, 0.9366666666666666, 0.9366666666666666, 0.9366666666666666, 0.9366666666666666, 0.9366666666666666, 0.9333333333333333, 0.9333333333333333, 0.9333333333333333, 0.9333333333333333, 0.9333333333333333, 0.9333333333333333, 0.9333333333333333, 0.9333333333333333, 0.9333333333333333, 0.9333333333333333, 0.9333333333333333, 0.9333333333333333, 0.9333333333333333, 0.9333333333333333, 0.9333333333333333, 0.9333333333333333, 0.9333333333333333, 0.9333333333333333, 0.9333333333333333, 0.9333333333333333, 0.9333333333333333, 0.9333333333333333, 0.9333333333333333, 0.9333333333333333, 0.9333333333333333, 0.9333333333333333, 0.9333333333333333, 0.9333333333333333, 0.9333333333333333, 0.9333333333333333, 0.9333333333333333, 0.9333333333333333, 0.9333333333333333, 0.9333333333333333, 0.9333333333333333, 0.9333333333333333, 0.9333333333333333, 0.9333333333333333, 0.9333333333333333, 0.9333333333333333, 0.9333333333333333, 0.9333333333333333, 0.9333333333333333, 0.9333333333333333, 0.9333333333333333, 0.9333333333333333, 0.9333333333333333, 0.9333333333333333, 0.9333333333333333, 0.9333333333333333, 0.9333333333333333, 0.9333333333333333]
Final energies: [-52.660770416259766, -57.44154739379883, -55.20806121826172, -56.51730728149414, -56.892822265625, -56.81718063354492, -54.04764938354492, -52.5589485168457, -55.14081573486328, -55.663299560546875, -51.98539352416992, -52.63330078125, -51.0138053894043, -52.06201171875, -48.84762191772461, -50.291893005371094, -49.746150970458984, -49.36084747314453, -49.02449035644531, -48.184200286865234, -49.50218200683594, -50.561859130859375, -52.8082160949707, -55.2470817565918, -59.29554748535156, -59.08557891845703, -60.31743621826172, -57.682342529296875, -55.56219482421875, -55.93128967285156, -58.04444885253906, -60.7453498840332, -60.327606201171875, -57.31584548950195, -59.16850280761719, -59.38945388793945, -61.773563385009766, -61.709495544433594, -62.625762939453125, -59.62210464477539, -63.17532730102539, -64.04174041748047, -59.66391372680664, -58.49921798706055, -61.11307144165039, -63.71417236328125, -59.76482009887695, -59.33200454711914, -56.96763610839844, -58.290283203125, -54.81549835205078, -55.18988800048828, -61.03935623168945, -63.83759689331055, -64.8929443359375, -64.47764587402344, -65.98252868652344, -72.3089599609375, -70.41252136230469, -69.98047637939453, -70.06028747558594, -70.20439910888672, -66.5640869140625, -67.62064361572266, -65.72984313964844, -68.46954345703125, -66.68997192382812, -64.30876922607422, -64.65885925292969, -63.39484786987305, -74.3230972290039, -70.61872863769531, -71.85411834716797, -69.28299713134766, -67.8957748413086, -66.00604248046875, -64.07962799072266, -67.4828109741211, -65.11470031738281, -68.0323715209961, -66.78855895996094, -68.16360473632812, -65.53150939941406, -64.7325439453125, -67.1591567993164, -67.07861328125, -67.49579620361328, -67.82928466796875, -69.7800521850586, -71.70265197753906, -69.63578796386719, -74.82462310791016, -76.85848236083984, -76.39118194580078, -79.45057678222656, -77.06382751464844, -74.6753158569336, -78.30048370361328, -79.5607681274414, -81.47570037841797]
