Running with parameters: hidden=30, use_coupled=true, seed=44, lam=0.1, eta=1.0
Test Accuracy: 0.8867, Energy: -55.28
Time Taken:  10.439402341842651
Test Accuracy: 0.8900, Energy: -55.28
Time Taken:  10.296086311340332
Test Accuracy: 0.8900, Energy: -54.29
Time Taken:  10.607920408248901
Test Accuracy: 0.8900, Energy: -54.74
Time Taken:  10.540114641189575
Test Accuracy: 0.8900, Energy: -55.32
Time Taken:  10.648386716842651
Test Accuracy: 0.8900, Energy: -56.99
Time Taken:  10.339443683624268
Test Accuracy: 0.8900, Energy: -58.66
Time Taken:  10.633562564849854
Test Accuracy: 0.8900, Energy: -56.98
Time Taken:  10.671233892440796
Test Accuracy: 0.8900, Energy: -55.47
Time Taken:  10.658767223358154
Test Accuracy: 0.8900, Energy: -54.12
Time Taken:  10.555121898651123
Test Accuracy: 0.8900, Energy: -51.44
Time Taken:  10.539913654327393
Test Accuracy: 0.8900, Energy: -51.82
Time Taken:  10.821060180664062
Test Accuracy: 0.8900, Energy: -49.37
Time Taken:  10.629119396209717
Test Accuracy: 0.8900, Energy: -52.11
Time Taken:  10.632374048233032
Test Accuracy: 0.8900, Energy: -53.07
Time Taken:  10.739876985549927
Test Accuracy: 0.8900, Energy: -53.81
Time Taken:  10.60147476196289
Test Accuracy: 0.8900, Energy: -54.29
Time Taken:  10.684303283691406
Test Accuracy: 0.8900, Energy: -55.72
Time Taken:  10.706700801849365
Test Accuracy: 0.8900, Energy: -56.29
Time Taken:  10.631238222122192
Test Accuracy: 0.8900, Energy: -55.21
Time Taken:  10.460932493209839
Test Accuracy: 0.8900, Energy: -53.65
Time Taken:  10.499967336654663
Test Accuracy: 0.8900, Energy: -53.60
Time Taken:  10.633352041244507
Test Accuracy: 0.8867, Energy: -55.06
Time Taken:  10.580501079559326
Test Accuracy: 0.8867, Energy: -55.22
Time Taken:  10.499581098556519
Test Accuracy: 0.8867, Energy: -54.42
Time Taken:  10.77319884300232
Test Accuracy: 0.8867, Energy: -53.10
Time Taken:  10.673542261123657
Test Accuracy: 0.8867, Energy: -56.37
Time Taken:  10.729215860366821
Test Accuracy: 0.8867, Energy: -58.36
Time Taken:  10.65886116027832
Test Accuracy: 0.8867, Energy: -59.19
Time Taken:  10.825628995895386
Test Accuracy: 0.8867, Energy: -61.16
Time Taken:  10.790186405181885
Test Accuracy: 0.8867, Energy: -64.59
Time Taken:  10.622545957565308
Test Accuracy: 0.8867, Energy: -61.84
Time Taken:  10.685171127319336
Test Accuracy: 0.8867, Energy: -63.51
Time Taken:  10.674441814422607
Test Accuracy: 0.8867, Energy: -62.54
Time Taken:  10.439241170883179
Test Accuracy: 0.8867, Energy: -64.85
Time Taken:  10.65372633934021
Test Accuracy: 0.8833, Energy: -63.72
Time Taken:  10.685158252716064
Test Accuracy: 0.8833, Energy: -61.77
Time Taken:  10.435872316360474
Test Accuracy: 0.8833, Energy: -65.84
Time Taken:  10.652031898498535
Test Accuracy: 0.8833, Energy: -64.60
Time Taken:  10.62112808227539
Test Accuracy: 0.8833, Energy: -64.36
Time Taken:  10.556504964828491
Test Accuracy: 0.8833, Energy: -64.73
Time Taken:  10.573346614837646
Test Accuracy: 0.8833, Energy: -64.12
Time Taken:  10.487582921981812
Test Accuracy: 0.8867, Energy: -69.23
Time Taken:  10.632432222366333
Test Accuracy: 0.8867, Energy: -72.04
Time Taken:  10.639965534210205
Test Accuracy: 0.8867, Energy: -74.65
Time Taken:  10.58993673324585
Test Accuracy: 0.8867, Energy: -71.73
Time Taken:  10.582565546035767
Test Accuracy: 0.8867, Energy: -72.51
Time Taken:  10.588121891021729
Test Accuracy: 0.8867, Energy: -74.89
Time Taken:  10.563029766082764
Test Accuracy: 0.8867, Energy: -77.03
Time Taken:  10.492785215377808
Test Accuracy: 0.8867, Energy: -76.45
Time Taken:  10.684131622314453
Test Accuracy: 0.8867, Energy: -76.85
Time Taken:  10.643734693527222
Test Accuracy: 0.8867, Energy: -79.95
Time Taken:  10.593847751617432
Test Accuracy: 0.8867, Energy: -80.54
Time Taken:  10.505778074264526
Test Accuracy: 0.8867, Energy: -81.39
Time Taken:  10.45736050605774
Test Accuracy: 0.8867, Energy: -82.38
Time Taken:  10.51980447769165
Test Accuracy: 0.8867, Energy: -82.36
Time Taken:  10.616287469863892
Test Accuracy: 0.8867, Energy: -79.85
Time Taken:  10.570403575897217
Test Accuracy: 0.8867, Energy: -82.07
Time Taken:  11.056773662567139
Test Accuracy: 0.8867, Energy: -86.70
Time Taken:  11.028006315231323
Test Accuracy: 0.8867, Energy: -88.39
Time Taken:  11.10202932357788
Test Accuracy: 0.8867, Energy: -88.31
Time Taken:  11.025511264801025
Test Accuracy: 0.8867, Energy: -88.73
Time Taken:  10.855969667434692
Test Accuracy: 0.8833, Energy: -89.18
Time Taken:  10.62244200706482
Test Accuracy: 0.8833, Energy: -86.79
Time Taken:  10.723727464675903
Test Accuracy: 0.8867, Energy: -88.01
Time Taken:  10.701390266418457
Test Accuracy: 0.8867, Energy: -90.59
Time Taken:  10.580537557601929
Test Accuracy: 0.8867, Energy: -88.49
Time Taken:  10.54072642326355
Test Accuracy: 0.8867, Energy: -88.77
Time Taken:  10.529748678207397
Test Accuracy: 0.8867, Energy: -89.15
Time Taken:  10.653754949569702
Test Accuracy: 0.8867, Energy: -86.64
Time Taken:  10.580119609832764
Test Accuracy: 0.8867, Energy: -84.89
Time Taken:  10.673317193984985
Test Accuracy: 0.8867, Energy: -85.36
Time Taken:  10.581669807434082
Test Accuracy: 0.8900, Energy: -84.62
Time Taken:  10.7318754196167
Test Accuracy: 0.8900, Energy: -87.24
Time Taken:  10.691941976547241
Test Accuracy: 0.8900, Energy: -88.04
Time Taken:  10.650424480438232
Test Accuracy: 0.8933, Energy: -87.42
Time Taken:  10.51895022392273
Test Accuracy: 0.8933, Energy: -87.07
Time Taken:  10.643985509872437
Test Accuracy: 0.8900, Energy: -84.90
Time Taken:  10.67541766166687
Test Accuracy: 0.8900, Energy: -84.96
Time Taken:  10.47805666923523
Test Accuracy: 0.8900, Energy: -84.76
Time Taken:  10.63376760482788
Test Accuracy: 0.8900, Energy: -86.73
Time Taken:  10.620803833007812
Test Accuracy: 0.8933, Energy: -86.06
Time Taken:  10.535366535186768
Test Accuracy: 0.8933, Energy: -86.66
Time Taken:  10.562997102737427
Test Accuracy: 0.8933, Energy: -86.24
Time Taken:  10.506067037582397
Test Accuracy: 0.8933, Energy: -84.65
Time Taken:  10.628642320632935
Test Accuracy: 0.8967, Energy: -83.19
Time Taken:  10.57606315612793
Test Accuracy: 0.8967, Energy: -83.36
Time Taken:  10.663760900497437
Test Accuracy: 0.8967, Energy: -84.94
Time Taken:  10.837469100952148
Test Accuracy: 0.8933, Energy: -85.50
Time Taken:  11.156071901321411
Test Accuracy: 0.8933, Energy: -83.25
Time Taken:  10.96196985244751
Test Accuracy: 0.8933, Energy: -83.18
Time Taken:  10.589980125427246
Test Accuracy: 0.8933, Energy: -83.11
Time Taken:  10.72980785369873
Test Accuracy: 0.8933, Energy: -81.25
Time Taken:  10.685847520828247
Test Accuracy: 0.8933, Energy: -80.79
Time Taken:  10.683310270309448
Test Accuracy: 0.8933, Energy: -84.57
Time Taken:  10.54453706741333
Test Accuracy: 0.8933, Energy: -84.77
Time Taken:  10.689840316772461
Test Accuracy: 0.8933, Energy: -83.78
Time Taken:  10.886630296707153
Test Accuracy: 0.8933, Energy: -86.82
Time Taken:  11.064487934112549
Test Accuracy: 0.8933, Energy: -88.65
Time Taken:  10.898809909820557
Test Accuracy: 0.8933, Energy: -89.93
Time Taken:  9.958252668380737
Final accuracies: [0.8866666666666667, 0.89, 0.89, 0.89, 0.89, 0.89, 0.89, 0.89, 0.89, 0.89, 0.89, 0.89, 0.89, 0.89, 0.89, 0.89, 0.89, 0.89, 0.89, 0.89, 0.89, 0.89, 0.8866666666666667, 0.8866666666666667, 0.8866666666666667, 0.8866666666666667, 0.8866666666666667, 0.8866666666666667, 0.8866666666666667, 0.8866666666666667, 0.8866666666666667, 0.8866666666666667, 0.8866666666666667, 0.8866666666666667, 0.8866666666666667, 0.8833333333333333, 0.8833333333333333, 0.8833333333333333, 0.8833333333333333, 0.8833333333333333, 0.8833333333333333, 0.8833333333333333, 0.8866666666666667, 0.8866666666666667, 0.8866666666666667, 0.8866666666666667, 0.8866666666666667, 0.8866666666666667, 0.8866666666666667, 0.8866666666666667, 0.8866666666666667, 0.8866666666666667, 0.8866666666666667, 0.8866666666666667, 0.8866666666666667, 0.8866666666666667, 0.8866666666666667, 0.8866666666666667, 0.8866666666666667, 0.8866666666666667, 0.8866666666666667, 0.8866666666666667, 0.8833333333333333, 0.8833333333333333, 0.8866666666666667, 0.8866666666666667, 0.8866666666666667, 0.8866666666666667, 0.8866666666666667, 0.8866666666666667, 0.8866666666666667, 0.8866666666666667, 0.89, 0.89, 0.89, 0.8933333333333333, 0.8933333333333333, 0.89, 0.89, 0.89, 0.89, 0.8933333333333333, 0.8933333333333333, 0.8933333333333333, 0.8933333333333333, 0.8966666666666666, 0.8966666666666666, 0.8966666666666666, 0.8933333333333333, 0.8933333333333333, 0.8933333333333333, 0.8933333333333333, 0.8933333333333333, 0.8933333333333333, 0.8933333333333333, 0.8933333333333333, 0.8933333333333333, 0.8933333333333333, 0.8933333333333333, 0.8933333333333333]
Final energies: [-55.283084869384766, -55.283103942871094, -54.29202651977539, -54.739871978759766, -55.32395553588867, -56.98775863647461, -58.663543701171875, -56.97895812988281, -55.4703483581543, -54.12272262573242, -51.443851470947266, -51.81861114501953, -49.37490463256836, -52.11038589477539, -53.068050384521484, -53.80606460571289, -54.29309844970703, -55.71701431274414, -56.289180755615234, -55.21238708496094, -53.645626068115234, -53.59925842285156, -55.06133270263672, -55.221221923828125, -54.415279388427734, -53.10118103027344, -56.369293212890625, -58.361122131347656, -59.18888854980469, -61.15622329711914, -64.58506774902344, -61.83518981933594, -63.51266860961914, -62.53959655761719, -64.84607696533203, -63.72208786010742, -61.76603317260742, -65.84477233886719, -64.59504699707031, -64.35660552978516, -64.72718811035156, -64.12300109863281, -69.22537994384766, -72.0421142578125, -74.64521026611328, -71.72859191894531, -72.51343536376953, -74.8870620727539, -77.02867889404297, -76.44833374023438, -76.85043334960938, -79.95228576660156, -80.53584289550781, -81.39447784423828, -82.37574768066406, -82.35749053955078, -79.84832000732422, -82.06854248046875, -86.69905090332031, -88.38916015625, -88.31426239013672, -88.73155975341797, -89.1767807006836, -86.7901840209961, -88.00635528564453, -90.59036254882812, -88.4850845336914, -88.7684097290039, -89.15412139892578, -86.63735961914062, -84.88666534423828, -85.36221313476562, -84.62371826171875, -87.23544311523438, -88.04041290283203, -87.41936492919922, -87.073974609375, -84.90311431884766, -84.95745849609375, -84.7645492553711, -86.72718811035156, -86.05642700195312, -86.66024017333984, -86.23503875732422, -84.6499252319336, -83.1906967163086, -83.3630599975586, -84.93507385253906, -85.50385284423828, -83.25263214111328, -83.18345642089844, -83.10851287841797, -81.25139617919922, -80.7934799194336, -84.57354736328125, -84.76692199707031, -83.77606964111328, -86.82341003417969, -88.6527099609375, -89.92630767822266]
