Running with parameters: hidden=30, use_coupled=true, seed=63, lam=0.1, eta=1.0
Test Accuracy: 0.8200, Energy: 55.47
Time Taken:  10.9367196559906
Test Accuracy: 0.8200, Energy: 53.40
Time Taken:  10.90637993812561
Test Accuracy: 0.8200, Energy: 51.31
Time Taken:  10.888368606567383
Test Accuracy: 0.8200, Energy: 51.50
Time Taken:  10.992480278015137
Test Accuracy: 0.8200, Energy: 52.54
Time Taken:  10.884539365768433
Test Accuracy: 0.8200, Energy: 50.89
Time Taken:  10.897222995758057
Test Accuracy: 0.8200, Energy: 50.75
Time Taken:  10.933391332626343
Test Accuracy: 0.8200, Energy: 51.16
Time Taken:  10.888722658157349
Test Accuracy: 0.8200, Energy: 50.97
Time Taken:  10.911518335342407
Test Accuracy: 0.8200, Energy: 54.38
Time Taken:  10.9053316116333
Test Accuracy: 0.8200, Energy: 55.39
Time Taken:  10.893064260482788
Test Accuracy: 0.8200, Energy: 53.96
Time Taken:  10.987500429153442
Test Accuracy: 0.8233, Energy: 49.74
Time Taken:  10.943414211273193
Test Accuracy: 0.8233, Energy: 51.35
Time Taken:  10.9356107711792
Test Accuracy: 0.8233, Energy: 54.24
Time Taken:  10.8471999168396
Test Accuracy: 0.8267, Energy: 53.69
Time Taken:  10.884634017944336
Test Accuracy: 0.8267, Energy: 50.90
Time Taken:  10.880879640579224
Test Accuracy: 0.8267, Energy: 53.49
Time Taken:  10.909060001373291
Test Accuracy: 0.8267, Energy: 55.17
Time Taken:  10.94710373878479
Test Accuracy: 0.8267, Energy: 52.64
Time Taken:  11.031240224838257
Test Accuracy: 0.8267, Energy: 52.47
Time Taken:  10.864235639572144
Test Accuracy: 0.8267, Energy: 51.20
Time Taken:  10.886655569076538
Test Accuracy: 0.8267, Energy: 52.23
Time Taken:  10.914364099502563
Test Accuracy: 0.8267, Energy: 51.62
Time Taken:  10.892650365829468
Test Accuracy: 0.8300, Energy: 51.63
Time Taken:  10.901481628417969
Test Accuracy: 0.8300, Energy: 51.73
Time Taken:  10.891923904418945
Test Accuracy: 0.8300, Energy: 51.66
Time Taken:  10.935954093933105
Test Accuracy: 0.8300, Energy: 51.54
Time Taken:  10.96379280090332
Test Accuracy: 0.8233, Energy: 49.73
Time Taken:  10.877647638320923
Test Accuracy: 0.8233, Energy: 51.83
Time Taken:  10.929919719696045
Test Accuracy: 0.8233, Energy: 50.98
Time Taken:  10.919727802276611
Test Accuracy: 0.8233, Energy: 52.07
Time Taken:  10.936655044555664
Test Accuracy: 0.8233, Energy: 54.03
Time Taken:  10.943171262741089
Test Accuracy: 0.8233, Energy: 51.15
Time Taken:  10.923177480697632
Test Accuracy: 0.8233, Energy: 49.45
Time Taken:  10.926912307739258
Test Accuracy: 0.8233, Energy: 48.11
Time Taken:  10.989340543746948
Test Accuracy: 0.8200, Energy: 46.48
Time Taken:  10.91961407661438
Test Accuracy: 0.8200, Energy: 48.10
Time Taken:  10.910268783569336
Test Accuracy: 0.8200, Energy: 46.55
Time Taken:  10.95713996887207
Test Accuracy: 0.8200, Energy: 49.06
Time Taken:  10.889291524887085
Test Accuracy: 0.8200, Energy: 48.97
Time Taken:  10.916152954101562
Test Accuracy: 0.8200, Energy: 47.45
Time Taken:  11.008142709732056
Test Accuracy: 0.8200, Energy: 48.30
Time Taken:  10.94493293762207
Test Accuracy: 0.8200, Energy: 48.02
Time Taken:  11.009692907333374
Test Accuracy: 0.8200, Energy: 44.14
Time Taken:  10.888094902038574
Test Accuracy: 0.8233, Energy: 43.81
Time Taken:  10.892965316772461
Test Accuracy: 0.8233, Energy: 43.17
Time Taken:  10.893417835235596
Test Accuracy: 0.8233, Energy: 41.14
Time Taken:  10.906054258346558
Test Accuracy: 0.8233, Energy: 40.03
Time Taken:  10.935839414596558
Test Accuracy: 0.8233, Energy: 43.39
Time Taken:  10.954789400100708
Test Accuracy: 0.8233, Energy: 43.45
Time Taken:  10.89270567893982
Test Accuracy: 0.8233, Energy: 41.59
Time Taken:  10.958266735076904
Test Accuracy: 0.8233, Energy: 40.83
Time Taken:  10.962623119354248
Test Accuracy: 0.8233, Energy: 39.31
Time Taken:  10.905865907669067
Test Accuracy: 0.8233, Energy: 42.91
Time Taken:  10.881680488586426
Test Accuracy: 0.8233, Energy: 43.77
Time Taken:  10.906582355499268
Test Accuracy: 0.8233, Energy: 45.79
Time Taken:  10.910542964935303
Test Accuracy: 0.8233, Energy: 47.17
Time Taken:  10.99731183052063
Test Accuracy: 0.8233, Energy: 44.19
Time Taken:  10.989887237548828
Test Accuracy: 0.8267, Energy: 43.01
Time Taken:  10.881059408187866
Test Accuracy: 0.8267, Energy: 44.30
Time Taken:  10.912091732025146
Test Accuracy: 0.8267, Energy: 43.35
Time Taken:  10.984840393066406
Test Accuracy: 0.8267, Energy: 44.74
Time Taken:  11.001574277877808
Test Accuracy: 0.8267, Energy: 46.35
Time Taken:  10.921358823776245
Test Accuracy: 0.8267, Energy: 43.46
Time Taken:  10.93988299369812
Test Accuracy: 0.8267, Energy: 42.90
Time Taken:  10.887477397918701
Test Accuracy: 0.8267, Energy: 43.74
Time Taken:  10.998142004013062
Test Accuracy: 0.8267, Energy: 46.04
Time Taken:  10.874932289123535
Test Accuracy: 0.8267, Energy: 44.48
Time Taken:  10.926633358001709
Test Accuracy: 0.8267, Energy: 45.60
Time Taken:  10.91530966758728
Test Accuracy: 0.8267, Energy: 43.83
Time Taken:  10.913670063018799
Test Accuracy: 0.8267, Energy: 43.62
Time Taken:  10.892603635787964
Test Accuracy: 0.8267, Energy: 40.92
Time Taken:  10.966949224472046
Test Accuracy: 0.8267, Energy: 39.95
Time Taken:  10.9303617477417
Test Accuracy: 0.8267, Energy: 40.19
Time Taken:  10.966771125793457
Test Accuracy: 0.8267, Energy: 40.97
Time Taken:  10.895333528518677
Test Accuracy: 0.8233, Energy: 38.35
Time Taken:  10.913259029388428
Test Accuracy: 0.8233, Energy: 38.10
Time Taken:  11.01061201095581
Test Accuracy: 0.8233, Energy: 38.27
Time Taken:  10.937134981155396
Test Accuracy: 0.8233, Energy: 38.14
Time Taken:  10.898241996765137
Test Accuracy: 0.8267, Energy: 36.96
Time Taken:  10.941115140914917
Test Accuracy: 0.8267, Energy: 38.72
Time Taken:  10.924546003341675
Test Accuracy: 0.8267, Energy: 39.46
Time Taken:  10.962337732315063
Test Accuracy: 0.8267, Energy: 35.99
Time Taken:  10.931480407714844
Test Accuracy: 0.8267, Energy: 36.61
Time Taken:  10.900296211242676
Test Accuracy: 0.8267, Energy: 37.81
Time Taken:  10.92349123954773
Test Accuracy: 0.8267, Energy: 37.27
Time Taken:  10.889245986938477
Test Accuracy: 0.8267, Energy: 37.84
Time Taken:  10.90587306022644
Test Accuracy: 0.8267, Energy: 36.35
Time Taken:  10.955024719238281
Test Accuracy: 0.8267, Energy: 37.35
Time Taken:  10.933974027633667
Test Accuracy: 0.8267, Energy: 36.80
Time Taken:  10.967602729797363
Test Accuracy: 0.8267, Energy: 36.29
Time Taken:  10.889346361160278
Test Accuracy: 0.8267, Energy: 34.21
Time Taken:  10.92871880531311
Test Accuracy: 0.8267, Energy: 32.41
Time Taken:  10.937225580215454
Test Accuracy: 0.8267, Energy: 32.27
Time Taken:  10.894577026367188
Test Accuracy: 0.8267, Energy: 34.25
Time Taken:  10.945598363876343
Test Accuracy: 0.8267, Energy: 36.52
Time Taken:  10.94641661643982
Test Accuracy: 0.8267, Energy: 35.30
Time Taken:  10.921838998794556
Test Accuracy: 0.8267, Energy: 34.08
Time Taken:  10.992868423461914
Test Accuracy: 0.8267, Energy: 37.75
Time Taken:  10.898324966430664
Final accuracies: [0.82, 0.82, 0.82, 0.82, 0.82, 0.82, 0.82, 0.82, 0.82, 0.82, 0.82, 0.82, 0.8233333333333334, 0.8233333333333334, 0.8233333333333334, 0.8266666666666667, 0.8266666666666667, 0.8266666666666667, 0.8266666666666667, 0.8266666666666667, 0.8266666666666667, 0.8266666666666667, 0.8266666666666667, 0.8266666666666667, 0.83, 0.83, 0.83, 0.83, 0.8233333333333334, 0.8233333333333334, 0.8233333333333334, 0.8233333333333334, 0.8233333333333334, 0.8233333333333334, 0.8233333333333334, 0.8233333333333334, 0.82, 0.82, 0.82, 0.82, 0.82, 0.82, 0.82, 0.82, 0.82, 0.8233333333333334, 0.8233333333333334, 0.8233333333333334, 0.8233333333333334, 0.8233333333333334, 0.8233333333333334, 0.8233333333333334, 0.8233333333333334, 0.8233333333333334, 0.8233333333333334, 0.8233333333333334, 0.8233333333333334, 0.8233333333333334, 0.8233333333333334, 0.8266666666666667, 0.8266666666666667, 0.8266666666666667, 0.8266666666666667, 0.8266666666666667, 0.8266666666666667, 0.8266666666666667, 0.8266666666666667, 0.8266666666666667, 0.8266666666666667, 0.8266666666666667, 0.8266666666666667, 0.8266666666666667, 0.8266666666666667, 0.8266666666666667, 0.8266666666666667, 0.8266666666666667, 0.8233333333333334, 0.8233333333333334, 0.8233333333333334, 0.8233333333333334, 0.8266666666666667, 0.8266666666666667, 0.8266666666666667, 0.8266666666666667, 0.8266666666666667, 0.8266666666666667, 0.8266666666666667, 0.8266666666666667, 0.8266666666666667, 0.8266666666666667, 0.8266666666666667, 0.8266666666666667, 0.8266666666666667, 0.8266666666666667, 0.8266666666666667, 0.8266666666666667, 0.8266666666666667, 0.8266666666666667, 0.8266666666666667, 0.8266666666666667]
Final energies: [55.472084045410156, 53.39862060546875, 51.30663299560547, 51.504722595214844, 52.544898986816406, 50.885372161865234, 50.750709533691406, 51.16033935546875, 50.97350311279297, 54.380096435546875, 55.39345169067383, 53.95905685424805, 49.74432373046875, 51.35013198852539, 54.24317169189453, 53.691490173339844, 50.89994812011719, 53.48528289794922, 55.173828125, 52.640968322753906, 52.4692497253418, 51.19841766357422, 52.2263069152832, 51.62191390991211, 51.63396453857422, 51.72554016113281, 51.65648651123047, 51.53515625, 49.7332878112793, 51.82656478881836, 50.97544860839844, 52.06766128540039, 54.03202438354492, 51.152259826660156, 49.45146560668945, 48.1109504699707, 46.481693267822266, 48.09810256958008, 46.55088424682617, 49.062225341796875, 48.966636657714844, 47.446163177490234, 48.30244827270508, 48.01820755004883, 44.1368293762207, 43.812744140625, 43.171443939208984, 41.13600158691406, 40.0285530090332, 43.39045715332031, 43.451908111572266, 41.5927848815918, 40.83372497558594, 39.310237884521484, 42.911163330078125, 43.772403717041016, 45.7876091003418, 47.16654968261719, 44.188018798828125, 43.01169967651367, 44.297279357910156, 43.353965759277344, 44.74444580078125, 46.35260772705078, 43.46440505981445, 42.898963928222656, 43.742488861083984, 46.035369873046875, 44.481414794921875, 45.596126556396484, 43.83472442626953, 43.6168212890625, 40.922054290771484, 39.95111846923828, 40.19334030151367, 40.965736389160156, 38.35391616821289, 38.10475540161133, 38.2686882019043, 38.14126968383789, 36.963401794433594, 38.71537780761719, 39.45695495605469, 35.99069595336914, 36.61243438720703, 37.81102752685547, 37.2679443359375, 37.84036636352539, 36.353797912597656, 37.3453483581543, 36.798404693603516, 36.294803619384766, 34.21477508544922, 32.408817291259766, 32.27100372314453, 34.25468444824219, 36.51639175415039, 35.29692459106445, 34.07591247558594, 37.7468147277832]
