Running with parameters: hidden=30, use_coupled=true, seed=13, lam=0.1, eta=1.0
Test Accuracy: 0.9100, Energy: 26.56
Time Taken:  11.198419094085693
Test Accuracy: 0.9100, Energy: 26.71
Time Taken:  11.118943214416504
Test Accuracy: 0.9067, Energy: 26.88
Time Taken:  11.118050813674927
Test Accuracy: 0.9067, Energy: 27.06
Time Taken:  11.180379152297974
Test Accuracy: 0.9067, Energy: 25.56
Time Taken:  11.095053911209106
Test Accuracy: 0.9000, Energy: 22.58
Time Taken:  11.167129278182983
Test Accuracy: 0.9000, Energy: 23.97
Time Taken:  11.168356657028198
Test Accuracy: 0.9000, Energy: 26.86
Time Taken:  11.167877912521362
Test Accuracy: 0.9000, Energy: 28.37
Time Taken:  11.145328998565674
Test Accuracy: 0.9000, Energy: 27.39
Time Taken:  11.16731882095337
Test Accuracy: 0.9000, Energy: 28.16
Time Taken:  11.142563104629517
Test Accuracy: 0.9000, Energy: 28.46
Time Taken:  11.158470153808594
Test Accuracy: 0.9000, Energy: 28.03
Time Taken:  11.128211259841919
Test Accuracy: 0.9000, Energy: 31.28
Time Taken:  11.141893863677979
Test Accuracy: 0.9000, Energy: 30.96
Time Taken:  11.138100385665894
Test Accuracy: 0.8967, Energy: 35.11
Time Taken:  11.197807312011719
Test Accuracy: 0.8967, Energy: 36.86
Time Taken:  11.112569093704224
Test Accuracy: 0.8967, Energy: 35.93
Time Taken:  11.170914649963379
Test Accuracy: 0.8967, Energy: 32.97
Time Taken:  11.13619065284729
Test Accuracy: 0.8967, Energy: 38.14
Time Taken:  11.1697518825531
Test Accuracy: 0.8967, Energy: 38.64
Time Taken:  11.085956811904907
Test Accuracy: 0.8967, Energy: 38.23
Time Taken:  11.101993083953857
Test Accuracy: 0.8933, Energy: 38.55
Time Taken:  11.16881775856018
Test Accuracy: 0.8933, Energy: 42.02
Time Taken:  11.10282826423645
Test Accuracy: 0.8933, Energy: 44.39
Time Taken:  11.121886491775513
Test Accuracy: 0.8933, Energy: 45.58
Time Taken:  11.08827018737793
Test Accuracy: 0.8933, Energy: 44.56
Time Taken:  11.13808298110962
Test Accuracy: 0.8933, Energy: 45.55
Time Taken:  11.169167518615723
Test Accuracy: 0.8900, Energy: 47.58
Time Taken:  11.118659734725952
Test Accuracy: 0.8900, Energy: 44.49
Time Taken:  11.111936092376709
Test Accuracy: 0.8933, Energy: 43.12
Time Taken:  11.165213346481323
Test Accuracy: 0.8900, Energy: 43.44
Time Taken:  11.104301929473877
Test Accuracy: 0.8900, Energy: 42.45
Time Taken:  11.118356943130493
Test Accuracy: 0.8933, Energy: 43.71
Time Taken:  11.1297128200531
Test Accuracy: 0.8900, Energy: 41.66
Time Taken:  11.099334239959717
Test Accuracy: 0.8900, Energy: 38.62
Time Taken:  11.156224012374878
Test Accuracy: 0.8933, Energy: 39.51
Time Taken:  11.100717067718506
Test Accuracy: 0.8933, Energy: 37.04
Time Taken:  11.11348819732666
Test Accuracy: 0.8933, Energy: 38.33
Time Taken:  11.104818105697632
Test Accuracy: 0.8933, Energy: 38.02
Time Taken:  11.079291582107544
Test Accuracy: 0.8933, Energy: 35.91
Time Taken:  11.108110666275024
Test Accuracy: 0.8933, Energy: 37.39
Time Taken:  11.126063823699951
Test Accuracy: 0.8900, Energy: 35.69
Time Taken:  11.122634887695312
Test Accuracy: 0.8900, Energy: 35.46
Time Taken:  11.160235166549683
Test Accuracy: 0.8933, Energy: 34.64
Time Taken:  11.166320562362671
Test Accuracy: 0.8900, Energy: 34.15
Time Taken:  11.123679876327515
Test Accuracy: 0.8900, Energy: 35.19
Time Taken:  11.093010663986206
Test Accuracy: 0.8900, Energy: 35.95
Time Taken:  11.094874382019043
Test Accuracy: 0.8900, Energy: 33.46
Time Taken:  11.092097282409668
Test Accuracy: 0.8900, Energy: 35.54
Time Taken:  11.120603799819946
Test Accuracy: 0.8933, Energy: 35.94
Time Taken:  11.122534275054932
Test Accuracy: 0.8933, Energy: 35.94
Time Taken:  11.139254570007324
Test Accuracy: 0.8933, Energy: 34.99
Time Taken:  11.062359809875488
Test Accuracy: 0.8967, Energy: 33.06
Time Taken:  11.143950700759888
Test Accuracy: 0.8967, Energy: 26.73
Time Taken:  11.156701803207397
Test Accuracy: 0.8967, Energy: 27.73
Time Taken:  11.10490894317627
Test Accuracy: 0.8967, Energy: 24.00
Time Taken:  11.105508804321289
Test Accuracy: 0.8967, Energy: 20.47
Time Taken:  11.092167615890503
Test Accuracy: 0.8967, Energy: 21.83
Time Taken:  11.185110330581665
Test Accuracy: 0.8933, Energy: 25.37
Time Taken:  11.106103420257568
Test Accuracy: 0.8933, Energy: 22.93
Time Taken:  11.089422702789307
Test Accuracy: 0.8933, Energy: 27.85
Time Taken:  11.100176334381104
Test Accuracy: 0.8933, Energy: 30.09
Time Taken:  11.134288787841797
Test Accuracy: 0.8933, Energy: 31.89
Time Taken:  11.073207378387451
Test Accuracy: 0.8933, Energy: 31.82
Time Taken:  11.134558200836182
Test Accuracy: 0.8933, Energy: 28.91
Time Taken:  11.19063425064087
Test Accuracy: 0.8933, Energy: 27.32
Time Taken:  11.158984661102295
Test Accuracy: 0.8933, Energy: 25.19
Time Taken:  11.109241962432861
Test Accuracy: 0.8933, Energy: 29.71
Time Taken:  11.093805074691772
Test Accuracy: 0.8933, Energy: 31.06
Time Taken:  11.202504873275757
Test Accuracy: 0.8933, Energy: 32.54
Time Taken:  11.160217046737671
Test Accuracy: 0.8933, Energy: 35.04
Time Taken:  11.061232566833496
Test Accuracy: 0.8933, Energy: 40.55
Time Taken:  11.129162073135376
Test Accuracy: 0.8933, Energy: 38.90
Time Taken:  11.184699773788452
Test Accuracy: 0.8933, Energy: 36.26
Time Taken:  11.193198442459106
Test Accuracy: 0.8900, Energy: 35.00
Time Taken:  11.105426549911499
Test Accuracy: 0.8900, Energy: 31.68
Time Taken:  11.115964651107788
Test Accuracy: 0.8900, Energy: 32.69
Time Taken:  11.128897428512573
Test Accuracy: 0.8933, Energy: 32.56
Time Taken:  11.113048076629639
Test Accuracy: 0.8933, Energy: 31.59
Time Taken:  11.137071371078491
Test Accuracy: 0.8933, Energy: 31.87
Time Taken:  11.103668212890625
Test Accuracy: 0.8933, Energy: 30.59
Time Taken:  11.214098453521729
Test Accuracy: 0.8933, Energy: 29.96
Time Taken:  11.163819789886475
Test Accuracy: 0.8933, Energy: 31.07
Time Taken:  11.102324485778809
Test Accuracy: 0.8933, Energy: 27.18
Time Taken:  11.083172082901001
Test Accuracy: 0.8933, Energy: 23.11
Time Taken:  11.179005861282349
Test Accuracy: 0.8933, Energy: 22.28
Time Taken:  11.128198862075806
Test Accuracy: 0.8933, Energy: 22.87
Time Taken:  11.090787172317505
Test Accuracy: 0.8933, Energy: 22.95
Time Taken:  11.167372465133667
Test Accuracy: 0.8933, Energy: 20.39
Time Taken:  11.048114538192749
Test Accuracy: 0.8933, Energy: 20.61
Time Taken:  11.188605308532715
Test Accuracy: 0.8933, Energy: 24.15
Time Taken:  11.098949193954468
Test Accuracy: 0.8933, Energy: 23.35
Time Taken:  11.10421347618103
Test Accuracy: 0.8933, Energy: 20.08
Time Taken:  11.143045663833618
Test Accuracy: 0.8933, Energy: 19.75
Time Taken:  11.139555931091309
Test Accuracy: 0.8967, Energy: 15.84
Time Taken:  11.112926959991455
Test Accuracy: 0.8967, Energy: 15.85
Time Taken:  11.086559772491455
Test Accuracy: 0.8967, Energy: 13.20
Time Taken:  11.095659732818604
Test Accuracy: 0.8967, Energy: 10.70
Time Taken:  11.169358968734741
Test Accuracy: 0.8967, Energy: 8.74
Time Taken:  11.062305688858032
Final accuracies: [0.91, 0.91, 0.9066666666666666, 0.9066666666666666, 0.9066666666666666, 0.9, 0.9, 0.9, 0.9, 0.9, 0.9, 0.9, 0.9, 0.9, 0.9, 0.8966666666666666, 0.8966666666666666, 0.8966666666666666, 0.8966666666666666, 0.8966666666666666, 0.8966666666666666, 0.8966666666666666, 0.8933333333333333, 0.8933333333333333, 0.8933333333333333, 0.8933333333333333, 0.8933333333333333, 0.8933333333333333, 0.89, 0.89, 0.8933333333333333, 0.89, 0.89, 0.8933333333333333, 0.89, 0.89, 0.8933333333333333, 0.8933333333333333, 0.8933333333333333, 0.8933333333333333, 0.8933333333333333, 0.8933333333333333, 0.89, 0.89, 0.8933333333333333, 0.89, 0.89, 0.89, 0.89, 0.89, 0.8933333333333333, 0.8933333333333333, 0.8933333333333333, 0.8966666666666666, 0.8966666666666666, 0.8966666666666666, 0.8966666666666666, 0.8966666666666666, 0.8966666666666666, 0.8933333333333333, 0.8933333333333333, 0.8933333333333333, 0.8933333333333333, 0.8933333333333333, 0.8933333333333333, 0.8933333333333333, 0.8933333333333333, 0.8933333333333333, 0.8933333333333333, 0.8933333333333333, 0.8933333333333333, 0.8933333333333333, 0.8933333333333333, 0.8933333333333333, 0.8933333333333333, 0.89, 0.89, 0.89, 0.8933333333333333, 0.8933333333333333, 0.8933333333333333, 0.8933333333333333, 0.8933333333333333, 0.8933333333333333, 0.8933333333333333, 0.8933333333333333, 0.8933333333333333, 0.8933333333333333, 0.8933333333333333, 0.8933333333333333, 0.8933333333333333, 0.8933333333333333, 0.8933333333333333, 0.8933333333333333, 0.8933333333333333, 0.8966666666666666, 0.8966666666666666, 0.8966666666666666, 0.8966666666666666, 0.8966666666666666]
Final energies: [26.5628662109375, 26.712013244628906, 26.875642776489258, 27.059040069580078, 25.558927536010742, 22.58348274230957, 23.966768264770508, 26.862110137939453, 28.368104934692383, 27.386802673339844, 28.159364700317383, 28.457555770874023, 28.030179977416992, 31.275381088256836, 30.955331802368164, 35.11410903930664, 36.85856628417969, 35.93363571166992, 32.96712875366211, 38.13777542114258, 38.63751983642578, 38.23395538330078, 38.55462646484375, 42.01655960083008, 44.39381790161133, 45.5839958190918, 44.557586669921875, 45.549827575683594, 47.57515335083008, 44.48509216308594, 43.1199836730957, 43.44221496582031, 42.44804382324219, 43.70501708984375, 41.66155242919922, 38.61757278442383, 39.510616302490234, 37.0439567565918, 38.33449935913086, 38.01966857910156, 35.909812927246094, 37.39397048950195, 35.6878547668457, 35.464881896972656, 34.642822265625, 34.14915466308594, 35.18815231323242, 35.95360565185547, 33.46397399902344, 35.540836334228516, 35.94342041015625, 35.938053131103516, 34.9864616394043, 33.05934143066406, 26.726091384887695, 27.72943878173828, 24.00371742248535, 20.47269058227539, 21.82666015625, 25.368629455566406, 22.93000030517578, 27.850038528442383, 30.09079933166504, 31.89396858215332, 31.815654754638672, 28.907737731933594, 27.320329666137695, 25.189542770385742, 29.710647583007812, 31.063032150268555, 32.537296295166016, 35.04135513305664, 40.5472297668457, 38.903499603271484, 36.25730514526367, 34.99541473388672, 31.683958053588867, 32.688899993896484, 32.56275177001953, 31.58527946472168, 31.87059211730957, 30.5931339263916, 29.955171585083008, 31.071218490600586, 27.179594039916992, 23.11058235168457, 22.276456832885742, 22.87002944946289, 22.952566146850586, 20.389188766479492, 20.605510711669922, 24.14747428894043, 23.350370407104492, 20.079824447631836, 19.7518367767334, 15.842289924621582, 15.851644515991211, 13.197482109069824, 10.70394229888916, 8.735383987426758]
