Running with parameters: hidden=30, use_coupled=true, seed=32, lam=0.1, eta=1.0
Test Accuracy: 0.7467, Energy: -9.87
Time Taken:  11.664173126220703
Test Accuracy: 0.7500, Energy: -8.39
Time Taken:  11.579098224639893
Test Accuracy: 0.7500, Energy: -7.88
Time Taken:  11.59834909439087
Test Accuracy: 0.7500, Energy: -13.94
Time Taken:  11.658213376998901
Test Accuracy: 0.7467, Energy: -14.23
Time Taken:  11.578441381454468
Test Accuracy: 0.7467, Energy: -13.27
Time Taken:  11.616141080856323
Test Accuracy: 0.7433, Energy: -16.42
Time Taken:  11.661620855331421
Test Accuracy: 0.7400, Energy: -16.17
Time Taken:  11.624576330184937
Test Accuracy: 0.7400, Energy: -15.19
Time Taken:  11.596621751785278
Test Accuracy: 0.7400, Energy: -15.23
Time Taken:  11.611357688903809
Test Accuracy: 0.7400, Energy: -15.16
Time Taken:  11.62111234664917
Test Accuracy: 0.7400, Energy: -18.22
Time Taken:  11.67091703414917
Test Accuracy: 0.7400, Energy: -16.30
Time Taken:  11.590799808502197
Test Accuracy: 0.7400, Energy: -17.69
Time Taken:  11.565035581588745
Test Accuracy: 0.7400, Energy: -18.08
Time Taken:  11.652072191238403
Test Accuracy: 0.7400, Energy: -17.81
Time Taken:  11.607446670532227
Test Accuracy: 0.7433, Energy: -21.11
Time Taken:  11.598280429840088
Test Accuracy: 0.7433, Energy: -17.30
Time Taken:  11.59516954421997
Test Accuracy: 0.7433, Energy: -16.34
Time Taken:  11.579918622970581
Test Accuracy: 0.7433, Energy: -15.95
Time Taken:  11.650461673736572
Test Accuracy: 0.7433, Energy: -18.01
Time Taken:  11.514656782150269
Test Accuracy: 0.7433, Energy: -19.08
Time Taken:  11.627301692962646
Test Accuracy: 0.7467, Energy: -21.32
Time Taken:  11.60829758644104
Test Accuracy: 0.7467, Energy: -21.42
Time Taken:  11.66799283027649
Test Accuracy: 0.7467, Energy: -20.80
Time Taken:  11.564488410949707
Test Accuracy: 0.7433, Energy: -21.99
Time Taken:  11.61448621749878
Test Accuracy: 0.7433, Energy: -22.94
Time Taken:  11.618976354598999
Test Accuracy: 0.7433, Energy: -19.93
Time Taken:  11.638992547988892
Test Accuracy: 0.7433, Energy: -20.71
Time Taken:  11.62064266204834
Test Accuracy: 0.7400, Energy: -18.51
Time Taken:  11.5869882106781
Test Accuracy: 0.7367, Energy: -17.98
Time Taken:  11.590325832366943
Test Accuracy: 0.7433, Energy: -18.33
Time Taken:  11.596360683441162
Test Accuracy: 0.7400, Energy: -18.34
Time Taken:  11.57522702217102
Test Accuracy: 0.7400, Energy: -20.86
Time Taken:  11.522754907608032
Test Accuracy: 0.7400, Energy: -21.14
Time Taken:  11.598225355148315
Test Accuracy: 0.7400, Energy: -23.12
Time Taken:  11.686001777648926
Test Accuracy: 0.7400, Energy: -22.51
Time Taken:  11.599066972732544
Test Accuracy: 0.7400, Energy: -20.42
Time Taken:  11.609795331954956
Test Accuracy: 0.7400, Energy: -21.49
Time Taken:  11.61724042892456
Test Accuracy: 0.7433, Energy: -19.77
Time Taken:  11.594195365905762
Test Accuracy: 0.7433, Energy: -19.08
Time Taken:  11.606959104537964
Test Accuracy: 0.7400, Energy: -23.23
Time Taken:  11.609642267227173
Test Accuracy: 0.7400, Energy: -23.77
Time Taken:  11.561988830566406
Test Accuracy: 0.7400, Energy: -24.78
Time Taken:  11.60457181930542
Test Accuracy: 0.7400, Energy: -26.31
Time Taken:  11.576728582382202
Test Accuracy: 0.7400, Energy: -24.57
Time Taken:  11.628698110580444
Test Accuracy: 0.7400, Energy: -23.31
Time Taken:  11.630847454071045
Test Accuracy: 0.7367, Energy: -25.96
Time Taken:  11.591810464859009
Test Accuracy: 0.7367, Energy: -25.95
Time Taken:  11.5484938621521
Test Accuracy: 0.7367, Energy: -25.13
Time Taken:  11.593918323516846
Test Accuracy: 0.7367, Energy: -24.72
Time Taken:  11.583879947662354
Test Accuracy: 0.7367, Energy: -23.91
Time Taken:  11.654918432235718
Test Accuracy: 0.7367, Energy: -21.27
Time Taken:  11.597784042358398
Test Accuracy: 0.7333, Energy: -17.68
Time Taken:  11.598260402679443
Test Accuracy: 0.7300, Energy: -20.34
Time Taken:  11.57328724861145
Test Accuracy: 0.7300, Energy: -20.85
Time Taken:  11.593302249908447
Test Accuracy: 0.7300, Energy: -22.10
Time Taken:  11.683117151260376
Test Accuracy: 0.7300, Energy: -27.91
Time Taken:  11.665883779525757
Test Accuracy: 0.7233, Energy: -30.51
Time Taken:  11.638712167739868
Test Accuracy: 0.7233, Energy: -31.68
Time Taken:  11.605810642242432
Test Accuracy: 0.7233, Energy: -31.46
Time Taken:  11.614073276519775
Test Accuracy: 0.7233, Energy: -33.19
Time Taken:  11.701190710067749
Test Accuracy: 0.7233, Energy: -32.39
Time Taken:  11.662996053695679
Test Accuracy: 0.7233, Energy: -35.14
Time Taken:  11.607897520065308
Test Accuracy: 0.7200, Energy: -36.98
Time Taken:  11.60210919380188
Test Accuracy: 0.7200, Energy: -34.76
Time Taken:  11.60776662826538
Test Accuracy: 0.7200, Energy: -33.73
Time Taken:  11.674414873123169
Test Accuracy: 0.7200, Energy: -33.77
Time Taken:  11.594485998153687
Test Accuracy: 0.7200, Energy: -33.81
Time Taken:  11.644318342208862
Test Accuracy: 0.7233, Energy: -37.87
Time Taken:  11.65848183631897
Test Accuracy: 0.7267, Energy: -40.84
Time Taken:  11.641822576522827
Test Accuracy: 0.7267, Energy: -39.33
Time Taken:  11.627476453781128
Test Accuracy: 0.7267, Energy: -41.05
Time Taken:  11.621699094772339
Test Accuracy: 0.7267, Energy: -39.40
Time Taken:  11.555305480957031
Test Accuracy: 0.7267, Energy: -38.47
Time Taken:  11.700677156448364
Test Accuracy: 0.7267, Energy: -36.74
Time Taken:  11.667457580566406
Test Accuracy: 0.7267, Energy: -38.03
Time Taken:  11.62790560722351
Test Accuracy: 0.7267, Energy: -40.07
Time Taken:  11.596121072769165
Test Accuracy: 0.7233, Energy: -43.08
Time Taken:  11.581215620040894
Test Accuracy: 0.7233, Energy: -45.15
Time Taken:  11.609292984008789
Test Accuracy: 0.7233, Energy: -44.85
Time Taken:  11.576104879379272
Test Accuracy: 0.7233, Energy: -46.19
Time Taken:  11.618762016296387
Test Accuracy: 0.7233, Energy: -47.31
Time Taken:  11.661601781845093
Test Accuracy: 0.7233, Energy: -46.57
Time Taken:  11.628332376480103
Test Accuracy: 0.7267, Energy: -48.97
Time Taken:  11.658859252929688
Test Accuracy: 0.7300, Energy: -47.52
Time Taken:  11.645896196365356
Test Accuracy: 0.7300, Energy: -50.53
Time Taken:  11.565759897232056
Test Accuracy: 0.7300, Energy: -50.56
Time Taken:  11.602881908416748
Test Accuracy: 0.7300, Energy: -50.65
Time Taken:  11.603167057037354
Test Accuracy: 0.7300, Energy: -49.78
Time Taken:  11.5925874710083
Test Accuracy: 0.7300, Energy: -49.13
Time Taken:  11.640624046325684
Test Accuracy: 0.7300, Energy: -49.80
Time Taken:  11.597295761108398
Test Accuracy: 0.7300, Energy: -55.70
Time Taken:  11.506901025772095
Test Accuracy: 0.7267, Energy: -54.51
Time Taken:  11.584065675735474
Test Accuracy: 0.7267, Energy: -52.74
Time Taken:  11.582807064056396
Test Accuracy: 0.7300, Energy: -53.05
Time Taken:  11.527374029159546
Test Accuracy: 0.7333, Energy: -51.95
Time Taken:  11.579526424407959
Test Accuracy: 0.7333, Energy: -53.74
Time Taken:  11.574300527572632
Test Accuracy: 0.7333, Energy: -54.55
Time Taken:  11.663352251052856
Test Accuracy: 0.7333, Energy: -58.67
Time Taken:  11.740105390548706
Final accuracies: [0.7466666666666667, 0.75, 0.75, 0.75, 0.7466666666666667, 0.7466666666666667, 0.7433333333333333, 0.74, 0.74, 0.74, 0.74, 0.74, 0.74, 0.74, 0.74, 0.74, 0.7433333333333333, 0.7433333333333333, 0.7433333333333333, 0.7433333333333333, 0.7433333333333333, 0.7433333333333333, 0.7466666666666667, 0.7466666666666667, 0.7466666666666667, 0.7433333333333333, 0.7433333333333333, 0.7433333333333333, 0.7433333333333333, 0.74, 0.7366666666666667, 0.7433333333333333, 0.74, 0.74, 0.74, 0.74, 0.74, 0.74, 0.74, 0.7433333333333333, 0.7433333333333333, 0.74, 0.74, 0.74, 0.74, 0.74, 0.74, 0.7366666666666667, 0.7366666666666667, 0.7366666666666667, 0.7366666666666667, 0.7366666666666667, 0.7366666666666667, 0.7333333333333333, 0.73, 0.73, 0.73, 0.73, 0.7233333333333334, 0.7233333333333334, 0.7233333333333334, 0.7233333333333334, 0.7233333333333334, 0.7233333333333334, 0.72, 0.72, 0.72, 0.72, 0.72, 0.7233333333333334, 0.7266666666666667, 0.7266666666666667, 0.7266666666666667, 0.7266666666666667, 0.7266666666666667, 0.7266666666666667, 0.7266666666666667, 0.7266666666666667, 0.7233333333333334, 0.7233333333333334, 0.7233333333333334, 0.7233333333333334, 0.7233333333333334, 0.7233333333333334, 0.7266666666666667, 0.73, 0.73, 0.73, 0.73, 0.73, 0.73, 0.73, 0.73, 0.7266666666666667, 0.7266666666666667, 0.73, 0.7333333333333333, 0.7333333333333333, 0.7333333333333333, 0.7333333333333333]
Final energies: [-9.872618675231934, -8.390275001525879, -7.879286766052246, -13.943521499633789, -14.226469039916992, -13.266573905944824, -16.418806076049805, -16.1744327545166, -15.194025993347168, -15.234477043151855, -15.16010570526123, -18.222349166870117, -16.300777435302734, -17.688243865966797, -18.080904006958008, -17.810306549072266, -21.111778259277344, -17.297393798828125, -16.3389892578125, -15.94993782043457, -18.012802124023438, -19.08111000061035, -21.32200813293457, -21.421634674072266, -20.799964904785156, -21.988739013671875, -22.94434928894043, -19.93199348449707, -20.708417892456055, -18.51050567626953, -17.977312088012695, -18.325124740600586, -18.340906143188477, -20.857465744018555, -21.14357566833496, -23.118093490600586, -22.505678176879883, -20.42412567138672, -21.4852352142334, -19.773014068603516, -19.084434509277344, -23.232656478881836, -23.765275955200195, -24.780818939208984, -26.308034896850586, -24.56859016418457, -23.305021286010742, -25.956607818603516, -25.954561233520508, -25.132816314697266, -24.717260360717773, -23.906484603881836, -21.2650089263916, -17.6787052154541, -20.337739944458008, -20.8460750579834, -22.103689193725586, -27.9119815826416, -30.50792121887207, -31.677204132080078, -31.459768295288086, -33.18855667114258, -32.39098358154297, -35.13624572753906, -36.97755432128906, -34.76006317138672, -33.729610443115234, -33.77313232421875, -33.806915283203125, -37.87299728393555, -40.83804702758789, -39.32809066772461, -41.05135726928711, -39.40071105957031, -38.46997833251953, -36.73834991455078, -38.02524185180664, -40.06698989868164, -43.082763671875, -45.15301513671875, -44.85050582885742, -46.18950653076172, -47.314186096191406, -46.56787109375, -48.96579360961914, -47.52494430541992, -50.53337860107422, -50.563785552978516, -50.64906311035156, -49.7767448425293, -49.1318244934082, -49.804866790771484, -55.69968032836914, -54.50991439819336, -52.7379150390625, -53.04505157470703, -51.95000457763672, -53.740936279296875, -54.54705810546875, -58.668888092041016]
