Running with parameters: hidden=30, use_coupled=false, seed=94, lam=0.0, eta=0.0, batch=1
Test Loss: 0.0000, Test Accuracy: 1.0000, Energy: -262878.78125
Time taken:  10.449939250946045
Test Loss: 0.0000, Test Accuracy: 1.0000, Energy: -200513.921875
Time taken:  10.520196676254272
Test Loss: 0.0000, Test Accuracy: 0.9967, Energy: -210539.40625
Time taken:  10.513808727264404
Test Loss: 0.0000, Test Accuracy: 0.9967, Energy: -221141.59375
Time taken:  10.512834787368774
Test Loss: 0.0000, Test Accuracy: 0.9967, Energy: -228489.3125
Time taken:  10.835413694381714
Test Loss: 0.0000, Test Accuracy: 0.9967, Energy: -233728.53125
Time taken:  10.520984649658203
Test Loss: 0.0000, Test Accuracy: 0.9967, Energy: -238533.0625
Time taken:  10.645359516143799
Test Loss: 0.0000, Test Accuracy: 0.9967, Energy: -242357.40625
Time taken:  10.542885780334473
Test Loss: 0.0000, Test Accuracy: 0.9967, Energy: -245600.578125
Time taken:  10.680235385894775
Test Loss: 0.0000, Test Accuracy: 0.9967, Energy: -248240.5
Time taken:  10.806609630584717
Test Loss: 0.0000, Test Accuracy: 0.9967, Energy: -250662.3125
Time taken:  10.724472045898438
Test Loss: 0.0000, Test Accuracy: 0.9967, Energy: -252961.890625
Time taken:  10.687731742858887
Test Loss: 0.0000, Test Accuracy: 0.9967, Energy: -255017.71875
Time taken:  10.696535348892212
Test Loss: 0.0000, Test Accuracy: 0.9967, Energy: -257159.6875
Time taken:  10.711670160293579
Test Loss: 0.0000, Test Accuracy: 0.9967, Energy: -258873.3125
Time taken:  10.926006555557251
Test Loss: 0.0000, Test Accuracy: 0.9967, Energy: -260661.0625
Time taken:  10.862733125686646
Test Loss: 0.0000, Test Accuracy: 0.9967, Energy: -262503.78125
Time taken:  10.737937688827515
Test Loss: 0.0000, Test Accuracy: 0.9967, Energy: -264319.03125
Time taken:  10.754245519638062
Test Loss: 0.0000, Test Accuracy: 0.9967, Energy: -266000.15625
Time taken:  10.774538278579712
Test Loss: 0.0000, Test Accuracy: 0.9967, Energy: -267448.9375
Time taken:  10.827187776565552
Test Loss: 0.0000, Test Accuracy: 0.9967, Energy: -269395.1875
Time taken:  10.756115674972534
Test Loss: 0.0000, Test Accuracy: 0.9967, Energy: -271017.8125
Time taken:  10.670762062072754
Test Loss: 0.0000, Test Accuracy: 0.9967, Energy: -272483.6875
Time taken:  10.743854761123657
Test Loss: 0.0000, Test Accuracy: 0.9967, Energy: -274056.40625
Time taken:  10.589864492416382
Test Loss: 0.0000, Test Accuracy: 0.9967, Energy: -275862.9375
Time taken:  10.693332433700562
Test Loss: 0.0000, Test Accuracy: 0.9967, Energy: -277584.71875
Time taken:  10.575169086456299
Test Loss: 0.0000, Test Accuracy: 0.9967, Energy: -279683.78125
Time taken:  10.674064874649048
Test Loss: 0.0000, Test Accuracy: 0.9967, Energy: -281930.21875
Time taken:  10.60473895072937
Test Loss: 0.0000, Test Accuracy: 0.9967, Energy: -284202.875
Time taken:  10.642107248306274
Test Loss: 0.0000, Test Accuracy: 0.9967, Energy: -286925.5625
Time taken:  10.721808671951294
Test Loss: 0.0000, Test Accuracy: 0.9967, Energy: -289616.625
Time taken:  10.573902368545532
Test Loss: 0.0000, Test Accuracy: 0.9967, Energy: -292381.40625
Time taken:  10.562506437301636
Test Loss: 0.0000, Test Accuracy: 0.9967, Energy: -295037.03125
Time taken:  10.538583040237427
Test Loss: 0.0000, Test Accuracy: 0.9967, Energy: -297834.21875
Time taken:  10.588785648345947
Test Loss: 0.0000, Test Accuracy: 0.9967, Energy: -300645.125
Time taken:  10.750885725021362
Test Loss: 0.0000, Test Accuracy: 0.9967, Energy: -303745.375
Time taken:  10.617191791534424
Test Loss: 0.0000, Test Accuracy: 0.9967, Energy: -306283.1875
Time taken:  10.593757629394531
Test Loss: 0.0000, Test Accuracy: 0.9967, Energy: -309599.625
Time taken:  10.572118997573853
Test Loss: 0.0000, Test Accuracy: 0.9933, Energy: -311885.03125
Time taken:  10.506394147872925
Test Loss: 0.0000, Test Accuracy: 0.9933, Energy: -314179.9375
Time taken:  10.686432123184204
Test Loss: 0.0000, Test Accuracy: 0.9933, Energy: -316035.71875
Time taken:  10.563879489898682
Test Loss: 0.0000, Test Accuracy: 0.9933, Energy: -317352.78125
Time taken:  10.558964490890503
Test Loss: 0.0000, Test Accuracy: 0.9933, Energy: -319214.9375
Time taken:  10.567631006240845
Test Loss: 0.0000, Test Accuracy: 0.9933, Energy: -320491.78125
Time taken:  10.542330741882324
Test Loss: 0.0000, Test Accuracy: 0.9933, Energy: -321701.875
Time taken:  10.526939868927002
Test Loss: 0.0000, Test Accuracy: 0.9933, Energy: -322962.09375
Time taken:  10.451543092727661
Test Loss: 0.0000, Test Accuracy: 0.9933, Energy: -324108.78125
Time taken:  10.48599100112915
Test Loss: 0.0000, Test Accuracy: 0.9933, Energy: -325142.6875
Time taken:  10.545731544494629
Test Loss: 0.0000, Test Accuracy: 0.9933, Energy: -326224.0625
Time taken:  10.457207202911377
Test Loss: 0.0000, Test Accuracy: 0.9933, Energy: -327106.0625
Time taken:  10.613247394561768
Test Loss: 0.0000, Test Accuracy: 0.9967, Energy: -328040.75
Time taken:  10.489102125167847
Test Loss: 0.0000, Test Accuracy: 0.9967, Energy: -328923.0
Time taken:  10.41214108467102
Test Loss: 0.0000, Test Accuracy: 0.9967, Energy: -329655.75
Time taken:  10.50614857673645
Test Loss: 0.0000, Test Accuracy: 0.9967, Energy: -330577.375
Time taken:  10.553872346878052
Test Loss: 0.0000, Test Accuracy: 0.9967, Energy: -331363.4375
Time taken:  10.588494777679443
Test Loss: 0.0000, Test Accuracy: 0.9967, Energy: -332151.1875
Time taken:  10.446149110794067
Test Loss: 0.0000, Test Accuracy: 0.9967, Energy: -332894.84375
Time taken:  10.395917892456055
Test Loss: 0.0000, Test Accuracy: 0.9967, Energy: -333681.21875
Time taken:  10.49192476272583
Test Loss: 0.0000, Test Accuracy: 0.9967, Energy: -334481.84375
Time taken:  11.002699851989746
Test Loss: 0.0000, Test Accuracy: 0.9967, Energy: -335266.4375
Time taken:  10.782520055770874
Test Loss: 0.0000, Test Accuracy: 0.9967, Energy: -335999.3125
Time taken:  10.664990663528442
Test Loss: 0.0000, Test Accuracy: 0.9967, Energy: -336860.6875
Time taken:  10.62663745880127
Test Loss: 0.0000, Test Accuracy: 0.9967, Energy: -337670.84375
Time taken:  10.685569763183594
Test Loss: 0.0000, Test Accuracy: 0.9967, Energy: -338353.53125
Time taken:  10.599512577056885
Test Loss: 0.0000, Test Accuracy: 0.9967, Energy: -339004.625
Time taken:  10.805551290512085
Test Loss: 0.0000, Test Accuracy: 0.9967, Energy: -339727.78125
Time taken:  10.77211856842041
Test Loss: 0.0000, Test Accuracy: 0.9967, Energy: -340588.75
Time taken:  10.73975133895874
Test Loss: 0.0000, Test Accuracy: 0.9967, Energy: -341353.875
Time taken:  10.717938661575317
Test Loss: 0.0000, Test Accuracy: 0.9967, Energy: -342097.34375
Time taken:  10.70319938659668
Test Loss: 0.0000, Test Accuracy: 0.9967, Energy: -342494.875
Time taken:  10.821974992752075
Test Loss: 0.0000, Test Accuracy: 0.9967, Energy: -343326.84375
Time taken:  10.702213764190674
Test Loss: 0.0000, Test Accuracy: 0.9967, Energy: -344160.3125
Time taken:  10.795608282089233
Test Loss: 0.0000, Test Accuracy: 0.9967, Energy: -344853.53125
Time taken:  10.707092046737671
Test Loss: 0.0000, Test Accuracy: 0.9967, Energy: -345583.03125
Time taken:  10.681269884109497
Test Loss: 0.0000, Test Accuracy: 0.9967, Energy: -346352.53125
Time taken:  10.694324254989624
Test Loss: 0.0000, Test Accuracy: 0.9967, Energy: -347049.875
Time taken:  10.593450546264648
Test Loss: 0.0000, Test Accuracy: 0.9967, Energy: -347798.28125
Time taken:  10.495883703231812
Test Loss: 0.0000, Test Accuracy: 0.9967, Energy: -348518.53125
Time taken:  10.537333726882935
Test Loss: 0.0000, Test Accuracy: 0.9967, Energy: -349219.40625
Time taken:  10.614344358444214
Test Loss: 0.0000, Test Accuracy: 0.9967, Energy: -349879.0
Time taken:  10.742282390594482
Test Loss: 0.0000, Test Accuracy: 0.9967, Energy: -350636.4375
Time taken:  10.626102209091187
Test Loss: 0.0000, Test Accuracy: 0.9967, Energy: -351380.25
Time taken:  10.548534870147705
Test Loss: 0.0000, Test Accuracy: 0.9967, Energy: -352012.0625
Time taken:  10.63848066329956
Test Loss: 0.0000, Test Accuracy: 0.9967, Energy: -352944.0625
Time taken:  10.560897588729858
Test Loss: 0.0000, Test Accuracy: 0.9967, Energy: -353786.71875
Time taken:  10.6891450881958
Test Loss: 0.0000, Test Accuracy: 0.9967, Energy: -354404.71875
Time taken:  10.663998365402222
Test Loss: 0.0000, Test Accuracy: 0.9967, Energy: -355125.75
Time taken:  10.557584524154663
Test Loss: 0.0000, Test Accuracy: 0.9967, Energy: -355858.21875
Time taken:  10.625584125518799
Test Loss: 0.0000, Test Accuracy: 0.9967, Energy: -356533.21875
Time taken:  10.639033555984497
Test Loss: 0.0000, Test Accuracy: 0.9967, Energy: -357180.5625
Time taken:  10.66271686553955
Test Loss: 0.0000, Test Accuracy: 0.9967, Energy: -357841.03125
Time taken:  10.53322434425354
Test Loss: 0.0000, Test Accuracy: 0.9967, Energy: -358492.65625
Time taken:  10.498069047927856
Test Loss: 0.0000, Test Accuracy: 0.9967, Energy: -359046.25
Time taken:  10.579818487167358
Test Loss: 0.0000, Test Accuracy: 0.9967, Energy: -359739.5
Time taken:  10.594996929168701
Test Loss: 0.0000, Test Accuracy: 0.9967, Energy: -360458.0625
Time taken:  10.685745239257812
Test Loss: 0.0000, Test Accuracy: 0.9967, Energy: -361108.0625
Time taken:  10.53026008605957
Test Loss: 0.0000, Test Accuracy: 0.9967, Energy: -361722.8125
Time taken:  10.396091222763062
Test Loss: 0.0000, Test Accuracy: 0.9967, Energy: -362357.0625
Time taken:  10.463013172149658
Test Loss: 0.0000, Test Accuracy: 0.9967, Energy: -362985.3125
Time taken:  10.5454740524292
Test Loss: 0.0000, Test Accuracy: 0.9967, Energy: -363641.40625
Time taken:  10.591809511184692
Final accuracies: [1.0, 1.0, 0.9966666666666667, 0.9966666666666667, 0.9966666666666667, 0.9966666666666667, 0.9966666666666667, 0.9966666666666667, 0.9966666666666667, 0.9966666666666667, 0.9966666666666667, 0.9966666666666667, 0.9966666666666667, 0.9966666666666667, 0.9966666666666667, 0.9966666666666667, 0.9966666666666667, 0.9966666666666667, 0.9966666666666667, 0.9966666666666667, 0.9966666666666667, 0.9966666666666667, 0.9966666666666667, 0.9966666666666667, 0.9966666666666667, 0.9966666666666667, 0.9966666666666667, 0.9966666666666667, 0.9966666666666667, 0.9966666666666667, 0.9966666666666667, 0.9966666666666667, 0.9966666666666667, 0.9966666666666667, 0.9966666666666667, 0.9966666666666667, 0.9966666666666667, 0.9966666666666667, 0.9933333333333333, 0.9933333333333333, 0.9933333333333333, 0.9933333333333333, 0.9933333333333333, 0.9933333333333333, 0.9933333333333333, 0.9933333333333333, 0.9933333333333333, 0.9933333333333333, 0.9933333333333333, 0.9933333333333333, 0.9966666666666667, 0.9966666666666667, 0.9966666666666667, 0.9966666666666667, 0.9966666666666667, 0.9966666666666667, 0.9966666666666667, 0.9966666666666667, 0.9966666666666667, 0.9966666666666667, 0.9966666666666667, 0.9966666666666667, 0.9966666666666667, 0.9966666666666667, 0.9966666666666667, 0.9966666666666667, 0.9966666666666667, 0.9966666666666667, 0.9966666666666667, 0.9966666666666667, 0.9966666666666667, 0.9966666666666667, 0.9966666666666667, 0.9966666666666667, 0.9966666666666667, 0.9966666666666667, 0.9966666666666667, 0.9966666666666667, 0.9966666666666667, 0.9966666666666667, 0.9966666666666667, 0.9966666666666667, 0.9966666666666667, 0.9966666666666667, 0.9966666666666667, 0.9966666666666667, 0.9966666666666667, 0.9966666666666667, 0.9966666666666667, 0.9966666666666667, 0.9966666666666667, 0.9966666666666667, 0.9966666666666667, 0.9966666666666667, 0.9966666666666667, 0.9966666666666667, 0.9966666666666667, 0.9966666666666667, 0.9966666666666667, 0.9966666666666667]
Final energies: [-262878.78125, -200513.921875, -210539.40625, -221141.59375, -228489.3125, -233728.53125, -238533.0625, -242357.40625, -245600.578125, -248240.5, -250662.3125, -252961.890625, -255017.71875, -257159.6875, -258873.3125, -260661.0625, -262503.78125, -264319.03125, -266000.15625, -267448.9375, -269395.1875, -271017.8125, -272483.6875, -274056.40625, -275862.9375, -277584.71875, -279683.78125, -281930.21875, -284202.875, -286925.5625, -289616.625, -292381.40625, -295037.03125, -297834.21875, -300645.125, -303745.375, -306283.1875, -309599.625, -311885.03125, -314179.9375, -316035.71875, -317352.78125, -319214.9375, -320491.78125, -321701.875, -322962.09375, -324108.78125, -325142.6875, -326224.0625, -327106.0625, -328040.75, -328923.0, -329655.75, -330577.375, -331363.4375, -332151.1875, -332894.84375, -333681.21875, -334481.84375, -335266.4375, -335999.3125, -336860.6875, -337670.84375, -338353.53125, -339004.625, -339727.78125, -340588.75, -341353.875, -342097.34375, -342494.875, -343326.84375, -344160.3125, -344853.53125, -345583.03125, -346352.53125, -347049.875, -347798.28125, -348518.53125, -349219.40625, -349879.0, -350636.4375, -351380.25, -352012.0625, -352944.0625, -353786.71875, -354404.71875, -355125.75, -355858.21875, -356533.21875, -357180.5625, -357841.03125, -358492.65625, -359046.25, -359739.5, -360458.0625, -361108.0625, -361722.8125, -362357.0625, -362985.3125, -363641.40625]
