Running with parameters: hidden=30, use_coupled=false, seed=55, lam=0.0, eta=0.0, batch=1
Test Loss: 0.0000, Test Accuracy: 0.9900, Energy: -174453.453125
Time taken:  10.144649744033813
Test Loss: 0.0000, Test Accuracy: 0.9267, Energy: -165132.921875
Time taken:  10.382413864135742
Test Loss: 0.0000, Test Accuracy: 0.9967, Energy: -285780.625
Time taken:  10.299192190170288
Test Loss: 0.0000, Test Accuracy: 0.9767, Energy: -329756.78125
Time taken:  10.309528112411499
Test Loss: 0.0000, Test Accuracy: 0.9633, Energy: -266913.15625
Time taken:  10.41332221031189
Test Loss: 0.0000, Test Accuracy: 0.9900, Energy: -370406.6875
Time taken:  10.285717725753784
Test Loss: 0.0000, Test Accuracy: 0.9433, Energy: -586736.0
Time taken:  10.313547372817993
Test Loss: 0.0000, Test Accuracy: 0.9667, Energy: -595011.5625
Time taken:  10.310273885726929
Test Loss: 0.0000, Test Accuracy: 0.9500, Energy: -595563.625
Time taken:  10.34325909614563
Test Loss: 0.0000, Test Accuracy: 0.9733, Energy: -585706.9375
Time taken:  10.382482767105103
Test Loss: 0.0000, Test Accuracy: 0.9800, Energy: -581340.1875
Time taken:  10.244535207748413
Test Loss: 0.0000, Test Accuracy: 0.9833, Energy: -580649.3125
Time taken:  10.29165005683899
Test Loss: 0.0000, Test Accuracy: 0.9833, Energy: -580822.875
Time taken:  10.247356176376343
Test Loss: 0.0000, Test Accuracy: 0.9833, Energy: -580901.625
Time taken:  10.26477313041687
Test Loss: 0.0000, Test Accuracy: 0.9833, Energy: -580355.875
Time taken:  10.394469022750854
Test Loss: 0.0000, Test Accuracy: 0.9833, Energy: -581063.0
Time taken:  10.27449917793274
Test Loss: 0.0000, Test Accuracy: 0.9833, Energy: -580852.125
Time taken:  10.257455110549927
Test Loss: 0.0000, Test Accuracy: 0.9867, Energy: -579642.4375
Time taken:  10.247527599334717
Test Loss: 0.0000, Test Accuracy: 0.9867, Energy: -579960.6875
Time taken:  10.195741176605225
Test Loss: 0.0000, Test Accuracy: 0.9867, Energy: -580869.625
Time taken:  10.366146087646484
Test Loss: 0.0000, Test Accuracy: 0.9867, Energy: -581320.1875
Time taken:  10.302625179290771
Test Loss: 0.0000, Test Accuracy: 0.9867, Energy: -581686.5
Time taken:  10.237548112869263
Test Loss: 0.0000, Test Accuracy: 0.9867, Energy: -581912.8125
Time taken:  10.210639238357544
Test Loss: 0.0000, Test Accuracy: 0.9867, Energy: -582237.1875
Time taken:  10.218573808670044
Test Loss: 0.0000, Test Accuracy: 0.9867, Energy: -582489.0
Time taken:  10.382565975189209
Test Loss: 0.0000, Test Accuracy: 0.9867, Energy: -582687.625
Time taken:  10.281668901443481
Test Loss: 0.0000, Test Accuracy: 0.9867, Energy: -583211.6875
Time taken:  10.248725891113281
Test Loss: 0.0000, Test Accuracy: 0.9867, Energy: -582854.6875
Time taken:  10.201093435287476
Test Loss: 0.0000, Test Accuracy: 0.9867, Energy: -583000.6875
Time taken:  10.251487016677856
Test Loss: 0.0000, Test Accuracy: 0.9867, Energy: -583331.3125
Time taken:  10.369974374771118
Test Loss: 0.0000, Test Accuracy: 0.9867, Energy: -583701.4375
Time taken:  10.299644708633423
Test Loss: 0.0000, Test Accuracy: 0.9867, Energy: -584252.8125
Time taken:  10.232048749923706
Test Loss: 0.0000, Test Accuracy: 0.9867, Energy: -584626.1875
Time taken:  10.211008071899414
Test Loss: 0.0000, Test Accuracy: 0.9867, Energy: -585448.125
Time taken:  10.191674709320068
Test Loss: 0.0000, Test Accuracy: 0.9867, Energy: -585610.0625
Time taken:  10.306390762329102
Test Loss: 0.0000, Test Accuracy: 0.9867, Energy: -585832.625
Time taken:  10.308318138122559
Test Loss: 0.0000, Test Accuracy: 0.9867, Energy: -586423.0
Time taken:  10.377239227294922
Test Loss: 0.0000, Test Accuracy: 0.9867, Energy: -586790.3125
Time taken:  10.318951606750488
Test Loss: 0.0000, Test Accuracy: 0.9867, Energy: -586983.0625
Time taken:  10.236410856246948
Test Loss: 0.0000, Test Accuracy: 0.9867, Energy: -587411.75
Time taken:  10.33599591255188
Test Loss: 0.0000, Test Accuracy: 0.9867, Energy: -587862.3125
Time taken:  10.26994252204895
Test Loss: 0.0000, Test Accuracy: 0.9867, Energy: -588076.0625
Time taken:  10.325826168060303
Test Loss: 0.0000, Test Accuracy: 0.9867, Energy: -588623.8125
Time taken:  10.318248510360718
Test Loss: 0.0000, Test Accuracy: 0.9867, Energy: -588927.75
Time taken:  10.354211330413818
Test Loss: 0.0000, Test Accuracy: 0.9867, Energy: -588922.5
Time taken:  10.34900712966919
Test Loss: 0.0000, Test Accuracy: 0.9867, Energy: -589236.125
Time taken:  10.251994848251343
Test Loss: 0.0000, Test Accuracy: 0.9867, Energy: -589678.5625
Time taken:  10.283170938491821
Test Loss: 0.0000, Test Accuracy: 0.9867, Energy: -590282.4375
Time taken:  10.26265001296997
Test Loss: 0.0000, Test Accuracy: 0.9867, Energy: -590212.0
Time taken:  10.295434474945068
Test Loss: 0.0000, Test Accuracy: 0.9867, Energy: -590458.625
Time taken:  10.425947427749634
Test Loss: 0.0000, Test Accuracy: 0.9900, Energy: -589345.4375
Time taken:  10.204558610916138
Test Loss: 0.0000, Test Accuracy: 0.9900, Energy: -590183.375
Time taken:  10.159626007080078
Test Loss: 0.0000, Test Accuracy: 0.9900, Energy: -590870.125
Time taken:  10.202695846557617
Test Loss: 0.0000, Test Accuracy: 0.9900, Energy: -590984.6875
Time taken:  10.244141578674316
Test Loss: 0.0000, Test Accuracy: 0.9900, Energy: -591466.0
Time taken:  10.342067241668701
Test Loss: 0.0000, Test Accuracy: 0.9900, Energy: -591688.625
Time taken:  10.181771516799927
Test Loss: 0.0000, Test Accuracy: 0.9900, Energy: -592297.0
Time taken:  10.144800186157227
Test Loss: 0.0000, Test Accuracy: 0.9900, Energy: -592342.0625
Time taken:  10.146690607070923
Test Loss: 0.0000, Test Accuracy: 0.9900, Energy: -592497.125
Time taken:  10.178173542022705
Test Loss: 0.0000, Test Accuracy: 0.9900, Energy: -592681.9375
Time taken:  10.282766580581665
Test Loss: 0.0000, Test Accuracy: 0.9900, Energy: -592948.0
Time taken:  10.155471086502075
Test Loss: 0.0000, Test Accuracy: 0.9900, Energy: -593098.3125
Time taken:  10.18539047241211
Test Loss: 0.0000, Test Accuracy: 0.9900, Energy: -593179.9375
Time taken:  10.232397317886353
Test Loss: 0.0000, Test Accuracy: 0.9900, Energy: -593694.375
Time taken:  10.24931025505066
Test Loss: 0.0000, Test Accuracy: 0.9900, Energy: -593543.125
Time taken:  10.36504077911377
Test Loss: 0.0000, Test Accuracy: 0.9900, Energy: -593822.8125
Time taken:  10.128082036972046
Test Loss: 0.0000, Test Accuracy: 0.9900, Energy: -594186.1875
Time taken:  10.191541194915771
Test Loss: 0.0000, Test Accuracy: 0.9900, Energy: -594753.0
Time taken:  10.17081069946289
Test Loss: 0.0000, Test Accuracy: 0.9900, Energy: -595392.9375
Time taken:  10.270910024642944
Test Loss: 0.0000, Test Accuracy: 0.9900, Energy: -595650.5
Time taken:  10.346984624862671
Test Loss: 0.0000, Test Accuracy: 0.9900, Energy: -595695.6875
Time taken:  10.2377450466156
Test Loss: 0.0000, Test Accuracy: 0.9900, Energy: -596095.375
Time taken:  10.211786985397339
Test Loss: 0.0000, Test Accuracy: 0.9900, Energy: -596460.625
Time taken:  10.193486213684082
Test Loss: 0.0000, Test Accuracy: 0.9900, Energy: -596960.125
Time taken:  10.25855827331543
Test Loss: 0.0000, Test Accuracy: 0.9900, Energy: -597382.5
Time taken:  10.349338293075562
Test Loss: 0.0000, Test Accuracy: 0.9900, Energy: -598058.4375
Time taken:  10.191176176071167
Test Loss: 0.0000, Test Accuracy: 0.9900, Energy: -598505.25
Time taken:  10.193547487258911
Test Loss: 0.0000, Test Accuracy: 0.9900, Energy: -598961.0625
Time taken:  10.232846975326538
Test Loss: 0.0000, Test Accuracy: 0.9900, Energy: -599053.25
Time taken:  10.258596420288086
Test Loss: 0.0000, Test Accuracy: 0.9900, Energy: -599316.0625
Time taken:  10.374109506607056
Test Loss: 0.0000, Test Accuracy: 0.9900, Energy: -599592.6875
Time taken:  10.24225115776062
Test Loss: 0.0000, Test Accuracy: 0.9900, Energy: -599802.9375
Time taken:  10.261846780776978
Test Loss: 0.0000, Test Accuracy: 0.9900, Energy: -600074.25
Time taken:  10.26968240737915
Test Loss: 0.0000, Test Accuracy: 0.9900, Energy: -600277.9375
Time taken:  10.268827676773071
Test Loss: 0.0000, Test Accuracy: 0.9900, Energy: -600517.4375
Time taken:  10.359182834625244
Test Loss: 0.0000, Test Accuracy: 0.9900, Energy: -600707.875
Time taken:  10.239890098571777
Test Loss: 0.0000, Test Accuracy: 0.9900, Energy: -600934.5
Time taken:  10.240836143493652
Test Loss: 0.0000, Test Accuracy: 0.9900, Energy: -601108.25
Time taken:  10.211756229400635
Test Loss: 0.0000, Test Accuracy: 0.9900, Energy: -601284.5625
Time taken:  10.22455644607544
Test Loss: 0.0000, Test Accuracy: 0.9900, Energy: -601535.9375
Time taken:  10.407445430755615
Test Loss: 0.0000, Test Accuracy: 0.9900, Energy: -601715.75
Time taken:  10.244209051132202
Test Loss: 0.0000, Test Accuracy: 0.9900, Energy: -601866.375
Time taken:  10.21027135848999
Test Loss: 0.0000, Test Accuracy: 0.9900, Energy: -602075.375
Time taken:  10.146231651306152
Test Loss: 0.0000, Test Accuracy: 0.9900, Energy: -602190.5625
Time taken:  10.195678472518921
Test Loss: 0.0000, Test Accuracy: 0.9900, Energy: -602786.8125
Time taken:  10.29312252998352
Test Loss: 0.0000, Test Accuracy: 0.9900, Energy: -602998.9375
Time taken:  10.1626455783844
Test Loss: 0.0000, Test Accuracy: 0.9900, Energy: -603171.0
Time taken:  10.25922703742981
Test Loss: 0.0000, Test Accuracy: 0.9900, Energy: -603367.8125
Time taken:  10.190840721130371
Test Loss: 0.0000, Test Accuracy: 0.9900, Energy: -603525.5
Time taken:  10.227922201156616
Test Loss: 0.0000, Test Accuracy: 0.9900, Energy: -603647.375
Time taken:  10.290891885757446
Final accuracies: [0.99, 0.9266666666666666, 0.9966666666666667, 0.9766666666666667, 0.9633333333333334, 0.99, 0.9433333333333334, 0.9666666666666667, 0.95, 0.9733333333333334, 0.98, 0.9833333333333333, 0.9833333333333333, 0.9833333333333333, 0.9833333333333333, 0.9833333333333333, 0.9833333333333333, 0.9866666666666667, 0.9866666666666667, 0.9866666666666667, 0.9866666666666667, 0.9866666666666667, 0.9866666666666667, 0.9866666666666667, 0.9866666666666667, 0.9866666666666667, 0.9866666666666667, 0.9866666666666667, 0.9866666666666667, 0.9866666666666667, 0.9866666666666667, 0.9866666666666667, 0.9866666666666667, 0.9866666666666667, 0.9866666666666667, 0.9866666666666667, 0.9866666666666667, 0.9866666666666667, 0.9866666666666667, 0.9866666666666667, 0.9866666666666667, 0.9866666666666667, 0.9866666666666667, 0.9866666666666667, 0.9866666666666667, 0.9866666666666667, 0.9866666666666667, 0.9866666666666667, 0.9866666666666667, 0.9866666666666667, 0.99, 0.99, 0.99, 0.99, 0.99, 0.99, 0.99, 0.99, 0.99, 0.99, 0.99, 0.99, 0.99, 0.99, 0.99, 0.99, 0.99, 0.99, 0.99, 0.99, 0.99, 0.99, 0.99, 0.99, 0.99, 0.99, 0.99, 0.99, 0.99, 0.99, 0.99, 0.99, 0.99, 0.99, 0.99, 0.99, 0.99, 0.99, 0.99, 0.99, 0.99, 0.99, 0.99, 0.99, 0.99, 0.99, 0.99, 0.99, 0.99, 0.99]
Final energies: [-174453.453125, -165132.921875, -285780.625, -329756.78125, -266913.15625, -370406.6875, -586736.0, -595011.5625, -595563.625, -585706.9375, -581340.1875, -580649.3125, -580822.875, -580901.625, -580355.875, -581063.0, -580852.125, -579642.4375, -579960.6875, -580869.625, -581320.1875, -581686.5, -581912.8125, -582237.1875, -582489.0, -582687.625, -583211.6875, -582854.6875, -583000.6875, -583331.3125, -583701.4375, -584252.8125, -584626.1875, -585448.125, -585610.0625, -585832.625, -586423.0, -586790.3125, -586983.0625, -587411.75, -587862.3125, -588076.0625, -588623.8125, -588927.75, -588922.5, -589236.125, -589678.5625, -590282.4375, -590212.0, -590458.625, -589345.4375, -590183.375, -590870.125, -590984.6875, -591466.0, -591688.625, -592297.0, -592342.0625, -592497.125, -592681.9375, -592948.0, -593098.3125, -593179.9375, -593694.375, -593543.125, -593822.8125, -594186.1875, -594753.0, -595392.9375, -595650.5, -595695.6875, -596095.375, -596460.625, -596960.125, -597382.5, -598058.4375, -598505.25, -598961.0625, -599053.25, -599316.0625, -599592.6875, -599802.9375, -600074.25, -600277.9375, -600517.4375, -600707.875, -600934.5, -601108.25, -601284.5625, -601535.9375, -601715.75, -601866.375, -602075.375, -602190.5625, -602786.8125, -602998.9375, -603171.0, -603367.8125, -603525.5, -603647.375]
