Running with parameters: hidden=30, use_coupled=false, seed=52, lam=0.0, eta=0.0, batch=1
Test Loss: 0.0000, Test Accuracy: 0.9967, Energy: -211105.28125
Time taken:  10.444424629211426
Test Loss: 0.0000, Test Accuracy: 0.9900, Energy: -306722.71875
Time taken:  10.628753185272217
Test Loss: 0.0000, Test Accuracy: 0.9567, Energy: -271370.09375
Time taken:  10.535738229751587
Test Loss: 0.0000, Test Accuracy: 0.9967, Energy: -170090.828125
Time taken:  10.587377071380615
Test Loss: 0.0000, Test Accuracy: 0.9967, Energy: -182846.90625
Time taken:  10.74154257774353
Test Loss: 0.0000, Test Accuracy: 0.9967, Energy: -185176.4375
Time taken:  10.549574851989746
Test Loss: 0.0000, Test Accuracy: 0.9967, Energy: -186736.21875
Time taken:  10.58539342880249
Test Loss: 0.0000, Test Accuracy: 0.9967, Energy: -187960.078125
Time taken:  10.723698139190674
Test Loss: 0.0000, Test Accuracy: 0.9967, Energy: -188958.5
Time taken:  10.647277116775513
Test Loss: 0.0000, Test Accuracy: 0.9967, Energy: -189877.046875
Time taken:  10.630959272384644
Test Loss: 0.0000, Test Accuracy: 0.9967, Energy: -190665.765625
Time taken:  10.575028657913208
Test Loss: 0.0000, Test Accuracy: 0.9967, Energy: -191403.953125
Time taken:  10.560246229171753
Test Loss: 0.0000, Test Accuracy: 0.9967, Energy: -192044.28125
Time taken:  10.614137411117554
Test Loss: 0.0000, Test Accuracy: 0.9967, Energy: -192744.015625
Time taken:  10.59594440460205
Test Loss: 0.0000, Test Accuracy: 0.9967, Energy: -193370.234375
Time taken:  10.671776056289673
Test Loss: 0.0000, Test Accuracy: 0.9967, Energy: -193995.25
Time taken:  10.541887044906616
Test Loss: 0.0000, Test Accuracy: 0.9967, Energy: -194688.359375
Time taken:  10.54687213897705
Test Loss: 0.0000, Test Accuracy: 0.9967, Energy: -195337.796875
Time taken:  10.45542049407959
Test Loss: 0.0000, Test Accuracy: 0.9933, Energy: -195735.859375
Time taken:  10.559336423873901
Test Loss: 0.0000, Test Accuracy: 0.9933, Energy: -196355.78125
Time taken:  10.62607455253601
Test Loss: 0.0000, Test Accuracy: 0.9933, Energy: -196995.96875
Time taken:  10.57743763923645
Test Loss: 0.0000, Test Accuracy: 0.9933, Energy: -197650.09375
Time taken:  10.505289316177368
Test Loss: 0.0000, Test Accuracy: 0.9933, Energy: -198714.5
Time taken:  10.489258527755737
Test Loss: 0.0000, Test Accuracy: 0.9933, Energy: -199279.34375
Time taken:  10.516816139221191
Test Loss: 0.0000, Test Accuracy: 0.9933, Energy: -199900.84375
Time taken:  10.672045469284058
Test Loss: 0.0000, Test Accuracy: 0.9933, Energy: -200662.8125
Time taken:  10.582089900970459
Test Loss: 0.0000, Test Accuracy: 0.9900, Energy: -201151.125
Time taken:  10.589247465133667
Test Loss: 0.0000, Test Accuracy: 0.9900, Energy: -202125.140625
Time taken:  10.515293836593628
Test Loss: 0.0000, Test Accuracy: 0.9900, Energy: -202817.203125
Time taken:  10.47611689567566
Test Loss: 0.0000, Test Accuracy: 0.9900, Energy: -203517.171875
Time taken:  10.650737524032593
Test Loss: 0.0000, Test Accuracy: 0.9933, Energy: -203953.328125
Time taken:  10.5514395236969
Test Loss: 0.0000, Test Accuracy: 0.9933, Energy: -204683.703125
Time taken:  10.481661081314087
Test Loss: 0.0000, Test Accuracy: 0.9933, Energy: -205240.328125
Time taken:  10.47352933883667
Test Loss: 0.0000, Test Accuracy: 0.9933, Energy: -206039.0
Time taken:  10.47763442993164
Test Loss: 0.0000, Test Accuracy: 0.9933, Energy: -206835.21875
Time taken:  10.694735765457153
Test Loss: 0.0000, Test Accuracy: 0.9933, Energy: -207516.4375
Time taken:  10.61100435256958
Test Loss: 0.0000, Test Accuracy: 0.9933, Energy: -208277.3125
Time taken:  10.584038496017456
Test Loss: 0.0000, Test Accuracy: 0.9933, Energy: -209306.5
Time taken:  10.51235556602478
Test Loss: 0.0000, Test Accuracy: 0.9933, Energy: -209996.578125
Time taken:  10.577667951583862
Test Loss: 0.0000, Test Accuracy: 0.9933, Energy: -210696.640625
Time taken:  10.680927991867065
Test Loss: 0.0000, Test Accuracy: 0.9933, Energy: -211403.265625
Time taken:  10.610029935836792
Test Loss: 0.0000, Test Accuracy: 0.9933, Energy: -211913.96875
Time taken:  10.610779762268066
Test Loss: 0.0000, Test Accuracy: 0.9933, Energy: -212533.015625
Time taken:  10.63355827331543
Test Loss: 0.0000, Test Accuracy: 0.9933, Energy: -213093.0
Time taken:  10.536003112792969
Test Loss: 0.0000, Test Accuracy: 0.9933, Energy: -213591.921875
Time taken:  10.665837287902832
Test Loss: 0.0000, Test Accuracy: 0.9933, Energy: -214087.78125
Time taken:  10.491710901260376
Test Loss: 0.0000, Test Accuracy: 0.9933, Energy: -214589.53125
Time taken:  10.505191802978516
Test Loss: 0.0000, Test Accuracy: 0.9933, Energy: -215045.015625
Time taken:  10.574843168258667
Test Loss: 0.0000, Test Accuracy: 0.9933, Energy: -215492.8125
Time taken:  10.55902624130249
Test Loss: 0.0000, Test Accuracy: 0.9933, Energy: -215894.6875
Time taken:  10.547650575637817
Test Loss: 0.0000, Test Accuracy: 0.9933, Energy: -216280.8125
Time taken:  10.391397953033447
Test Loss: 0.0000, Test Accuracy: 0.9933, Energy: -216685.65625
Time taken:  10.484729290008545
Test Loss: 0.0000, Test Accuracy: 0.9933, Energy: -217070.90625
Time taken:  10.531260251998901
Test Loss: 0.0000, Test Accuracy: 0.9933, Energy: -217468.359375
Time taken:  10.480167627334595
Test Loss: 0.0000, Test Accuracy: 0.9933, Energy: -217906.375
Time taken:  10.506946086883545
Test Loss: 0.0000, Test Accuracy: 0.9933, Energy: -218318.140625
Time taken:  10.481405973434448
Test Loss: 0.0000, Test Accuracy: 0.9933, Energy: -218704.828125
Time taken:  10.492365598678589
Test Loss: 0.0000, Test Accuracy: 0.9933, Energy: -218993.96875
Time taken:  10.497345209121704
Test Loss: 0.0000, Test Accuracy: 0.9933, Energy: -219353.515625
Time taken:  10.437291860580444
Test Loss: 0.0000, Test Accuracy: 0.9933, Energy: -219671.9375
Time taken:  10.530548810958862
Test Loss: 0.0000, Test Accuracy: 0.9933, Energy: -220004.625
Time taken:  10.528185606002808
Test Loss: 0.0000, Test Accuracy: 0.9933, Energy: -220313.640625
Time taken:  10.540691375732422
Test Loss: 0.0000, Test Accuracy: 0.9933, Energy: -220584.96875
Time taken:  10.592759847640991
Test Loss: 0.0000, Test Accuracy: 0.9933, Energy: -220901.03125
Time taken:  10.495590925216675
Test Loss: 0.0000, Test Accuracy: 0.9933, Energy: -221180.65625
Time taken:  10.55225658416748
Test Loss: 0.0000, Test Accuracy: 0.9933, Energy: -221502.203125
Time taken:  10.583300113677979
Test Loss: 0.0000, Test Accuracy: 0.9933, Energy: -221842.5
Time taken:  10.528861999511719
Test Loss: 0.0000, Test Accuracy: 0.9933, Energy: -222209.65625
Time taken:  10.566246509552002
Test Loss: 0.0000, Test Accuracy: 0.9933, Energy: -222492.9375
Time taken:  10.517078638076782
Test Loss: 0.0000, Test Accuracy: 0.9933, Energy: -222807.671875
Time taken:  10.649898052215576
Test Loss: 0.0000, Test Accuracy: 0.9933, Energy: -223080.546875
Time taken:  10.514923572540283
Test Loss: 0.0000, Test Accuracy: 0.9933, Energy: -223371.296875
Time taken:  10.532444953918457
Test Loss: 0.0000, Test Accuracy: 0.9933, Energy: -223647.25
Time taken:  10.519297361373901
Test Loss: 0.0000, Test Accuracy: 0.9933, Energy: -223960.859375
Time taken:  10.565616130828857
Test Loss: 0.0000, Test Accuracy: 0.9933, Energy: -224343.796875
Time taken:  10.631847620010376
Test Loss: 0.0000, Test Accuracy: 0.9933, Energy: -224640.953125
Time taken:  10.535408973693848
Test Loss: 0.0000, Test Accuracy: 0.9933, Energy: -224917.59375
Time taken:  10.532296657562256
Test Loss: 0.0000, Test Accuracy: 0.9933, Energy: -225226.34375
Time taken:  10.497207164764404
Test Loss: 0.0000, Test Accuracy: 0.9933, Energy: -225513.546875
Time taken:  10.601970672607422
Test Loss: 0.0000, Test Accuracy: 0.9933, Energy: -225766.640625
Time taken:  10.621563911437988
Test Loss: 0.0000, Test Accuracy: 0.9933, Energy: -226038.96875
Time taken:  10.54776906967163
Test Loss: 0.0000, Test Accuracy: 0.9933, Energy: -226308.234375
Time taken:  10.532245397567749
Test Loss: 0.0000, Test Accuracy: 0.9933, Energy: -226580.09375
Time taken:  10.53759479522705
Test Loss: 0.0000, Test Accuracy: 0.9933, Energy: -226858.484375
Time taken:  10.498568534851074
Test Loss: 0.0000, Test Accuracy: 0.9933, Energy: -227152.53125
Time taken:  10.63451337814331
Test Loss: 0.0000, Test Accuracy: 0.9933, Energy: -227426.671875
Time taken:  10.529418230056763
Test Loss: 0.0000, Test Accuracy: 0.9933, Energy: -227717.90625
Time taken:  10.494667053222656
Test Loss: 0.0000, Test Accuracy: 0.9933, Energy: -227987.953125
Time taken:  10.593218803405762
Test Loss: 0.0000, Test Accuracy: 0.9933, Energy: -228293.625
Time taken:  10.545176982879639
Test Loss: 0.0000, Test Accuracy: 0.9933, Energy: -228520.15625
Time taken:  10.560410737991333
Test Loss: 0.0000, Test Accuracy: 0.9933, Energy: -228803.75
Time taken:  10.484452486038208
Test Loss: 0.0000, Test Accuracy: 0.9933, Energy: -229096.046875
Time taken:  10.50751256942749
Test Loss: 0.0000, Test Accuracy: 0.9933, Energy: -229405.4375
Time taken:  10.5019850730896
Test Loss: 0.0000, Test Accuracy: 0.9933, Energy: -229678.796875
Time taken:  10.465188980102539
Test Loss: 0.0000, Test Accuracy: 0.9933, Energy: -229975.53125
Time taken:  10.51785397529602
Test Loss: 0.0000, Test Accuracy: 0.9933, Energy: -230301.375
Time taken:  10.499265193939209
Test Loss: 0.0000, Test Accuracy: 0.9933, Energy: -230612.515625
Time taken:  10.47598123550415
Test Loss: 0.0000, Test Accuracy: 0.9933, Energy: -230891.34375
Time taken:  10.493011951446533
Test Loss: 0.0000, Test Accuracy: 0.9933, Energy: -231207.25
Time taken:  10.45608901977539
Test Loss: 0.0000, Test Accuracy: 0.9933, Energy: -231561.859375
Time taken:  10.355898380279541
Final accuracies: [0.9966666666666667, 0.99, 0.9566666666666667, 0.9966666666666667, 0.9966666666666667, 0.9966666666666667, 0.9966666666666667, 0.9966666666666667, 0.9966666666666667, 0.9966666666666667, 0.9966666666666667, 0.9966666666666667, 0.9966666666666667, 0.9966666666666667, 0.9966666666666667, 0.9966666666666667, 0.9966666666666667, 0.9966666666666667, 0.9933333333333333, 0.9933333333333333, 0.9933333333333333, 0.9933333333333333, 0.9933333333333333, 0.9933333333333333, 0.9933333333333333, 0.9933333333333333, 0.99, 0.99, 0.99, 0.99, 0.9933333333333333, 0.9933333333333333, 0.9933333333333333, 0.9933333333333333, 0.9933333333333333, 0.9933333333333333, 0.9933333333333333, 0.9933333333333333, 0.9933333333333333, 0.9933333333333333, 0.9933333333333333, 0.9933333333333333, 0.9933333333333333, 0.9933333333333333, 0.9933333333333333, 0.9933333333333333, 0.9933333333333333, 0.9933333333333333, 0.9933333333333333, 0.9933333333333333, 0.9933333333333333, 0.9933333333333333, 0.9933333333333333, 0.9933333333333333, 0.9933333333333333, 0.9933333333333333, 0.9933333333333333, 0.9933333333333333, 0.9933333333333333, 0.9933333333333333, 0.9933333333333333, 0.9933333333333333, 0.9933333333333333, 0.9933333333333333, 0.9933333333333333, 0.9933333333333333, 0.9933333333333333, 0.9933333333333333, 0.9933333333333333, 0.9933333333333333, 0.9933333333333333, 0.9933333333333333, 0.9933333333333333, 0.9933333333333333, 0.9933333333333333, 0.9933333333333333, 0.9933333333333333, 0.9933333333333333, 0.9933333333333333, 0.9933333333333333, 0.9933333333333333, 0.9933333333333333, 0.9933333333333333, 0.9933333333333333, 0.9933333333333333, 0.9933333333333333, 0.9933333333333333, 0.9933333333333333, 0.9933333333333333, 0.9933333333333333, 0.9933333333333333, 0.9933333333333333, 0.9933333333333333, 0.9933333333333333, 0.9933333333333333, 0.9933333333333333, 0.9933333333333333, 0.9933333333333333, 0.9933333333333333, 0.9933333333333333]
Final energies: [-211105.28125, -306722.71875, -271370.09375, -170090.828125, -182846.90625, -185176.4375, -186736.21875, -187960.078125, -188958.5, -189877.046875, -190665.765625, -191403.953125, -192044.28125, -192744.015625, -193370.234375, -193995.25, -194688.359375, -195337.796875, -195735.859375, -196355.78125, -196995.96875, -197650.09375, -198714.5, -199279.34375, -199900.84375, -200662.8125, -201151.125, -202125.140625, -202817.203125, -203517.171875, -203953.328125, -204683.703125, -205240.328125, -206039.0, -206835.21875, -207516.4375, -208277.3125, -209306.5, -209996.578125, -210696.640625, -211403.265625, -211913.96875, -212533.015625, -213093.0, -213591.921875, -214087.78125, -214589.53125, -215045.015625, -215492.8125, -215894.6875, -216280.8125, -216685.65625, -217070.90625, -217468.359375, -217906.375, -218318.140625, -218704.828125, -218993.96875, -219353.515625, -219671.9375, -220004.625, -220313.640625, -220584.96875, -220901.03125, -221180.65625, -221502.203125, -221842.5, -222209.65625, -222492.9375, -222807.671875, -223080.546875, -223371.296875, -223647.25, -223960.859375, -224343.796875, -224640.953125, -224917.59375, -225226.34375, -225513.546875, -225766.640625, -226038.96875, -226308.234375, -226580.09375, -226858.484375, -227152.53125, -227426.671875, -227717.90625, -227987.953125, -228293.625, -228520.15625, -228803.75, -229096.046875, -229405.4375, -229678.796875, -229975.53125, -230301.375, -230612.515625, -230891.34375, -231207.25, -231561.859375]
