Running with parameters: hidden=30, use_coupled=false, seed=74, lam=0.0, eta=0.0, batch=1
Test Loss: 0.0000, Test Accuracy: 0.9600, Energy: -83833.5625
Time taken:  10.345475673675537
Test Loss: 0.0000, Test Accuracy: 1.0000, Energy: -139764.28125
Time taken:  10.592016696929932
Test Loss: 0.0000, Test Accuracy: 0.7767, Energy: -17278.021484375
Time taken:  10.529860258102417
Test Loss: 0.0000, Test Accuracy: 0.9500, Energy: -48971.9921875
Time taken:  10.534181594848633
Test Loss: 0.0000, Test Accuracy: 0.9900, Energy: -242023.375
Time taken:  10.680819988250732
Test Loss: 0.0000, Test Accuracy: 0.9500, Energy: -16687.46875
Time taken:  10.581141471862793
Test Loss: 0.0000, Test Accuracy: 0.9967, Energy: -38751.01171875
Time taken:  10.567313432693481
Test Loss: 0.0000, Test Accuracy: 1.0000, Energy: -36347.7421875
Time taken:  10.547162532806396
Test Loss: 0.0000, Test Accuracy: 1.0000, Energy: -36212.26953125
Time taken:  10.53499698638916
Test Loss: 0.0000, Test Accuracy: 1.0000, Energy: -47114.03515625
Time taken:  10.646326541900635
Test Loss: 0.0000, Test Accuracy: 0.9967, Energy: -47716.265625
Time taken:  10.51920199394226
Test Loss: 0.0000, Test Accuracy: 0.9967, Energy: -46167.96484375
Time taken:  10.51714277267456
Test Loss: 0.0000, Test Accuracy: 0.9967, Energy: -42774.7265625
Time taken:  10.539337396621704
Test Loss: 0.0000, Test Accuracy: 0.9967, Energy: -42643.44921875
Time taken:  10.548983573913574
Test Loss: 0.0000, Test Accuracy: 0.9533, Energy: -14430.9736328125
Time taken:  10.629998922348022
Test Loss: 0.0000, Test Accuracy: 0.9933, Energy: -20173.935546875
Time taken:  10.508167028427124
Test Loss: 0.0000, Test Accuracy: 0.9333, Energy: -6402.912109375
Time taken:  10.512286186218262
Test Loss: 0.0000, Test Accuracy: 0.7633, Energy: -156744.265625
Time taken:  10.502110481262207
Test Loss: 0.0000, Test Accuracy: 0.9833, Energy: -185351.5625
Time taken:  10.50039029121399
Test Loss: 0.0000, Test Accuracy: 0.9933, Energy: -141485.015625
Time taken:  10.623026132583618
Test Loss: 0.0000, Test Accuracy: 0.9967, Energy: -108126.625
Time taken:  10.505685091018677
Test Loss: 0.0000, Test Accuracy: 0.9967, Energy: -108284.5859375
Time taken:  10.591124057769775
Test Loss: 0.0000, Test Accuracy: 0.9967, Energy: -108400.15625
Time taken:  10.54898190498352
Test Loss: 0.0000, Test Accuracy: 0.9967, Energy: -108632.6953125
Time taken:  10.551911115646362
Test Loss: 0.0000, Test Accuracy: 0.9967, Energy: -108760.7109375
Time taken:  10.660006523132324
Test Loss: 0.0000, Test Accuracy: 0.9967, Energy: -108750.21875
Time taken:  10.50514554977417
Test Loss: 0.0000, Test Accuracy: 0.9967, Energy: -108800.796875
Time taken:  10.507707118988037
Test Loss: 0.0000, Test Accuracy: 0.9967, Energy: -108808.6171875
Time taken:  10.531495332717896
Test Loss: 0.0000, Test Accuracy: 0.9967, Energy: -108784.1796875
Time taken:  10.508785486221313
Test Loss: 0.0000, Test Accuracy: 0.9967, Energy: -108938.1171875
Time taken:  10.624009847640991
Test Loss: 0.0000, Test Accuracy: 0.9967, Energy: -108894.96875
Time taken:  10.502005577087402
Test Loss: 0.0000, Test Accuracy: 0.9967, Energy: -108860.9453125
Time taken:  10.5286226272583
Test Loss: 0.0000, Test Accuracy: 0.9967, Energy: -109059.4609375
Time taken:  10.512098789215088
Test Loss: 0.0000, Test Accuracy: 0.9967, Energy: -109130.0390625
Time taken:  10.546782732009888
Test Loss: 0.0000, Test Accuracy: 0.9967, Energy: -109236.7578125
Time taken:  10.650112628936768
Test Loss: 0.0000, Test Accuracy: 0.9967, Energy: -109340.1328125
Time taken:  10.581494092941284
Test Loss: 0.0000, Test Accuracy: 0.9967, Energy: -109372.8828125
Time taken:  10.54669737815857
Test Loss: 0.0000, Test Accuracy: 0.9967, Energy: -109345.90625
Time taken:  10.515025615692139
Test Loss: 0.0000, Test Accuracy: 0.9967, Energy: -109272.015625
Time taken:  10.542537450790405
Test Loss: 0.0000, Test Accuracy: 0.9967, Energy: -109233.984375
Time taken:  10.642106056213379
Test Loss: 0.0000, Test Accuracy: 0.9967, Energy: -109132.5859375
Time taken:  10.541795015335083
Test Loss: 0.0000, Test Accuracy: 0.9967, Energy: -109116.703125
Time taken:  10.566669464111328
Test Loss: 0.0000, Test Accuracy: 0.9967, Energy: -109093.984375
Time taken:  10.510583877563477
Test Loss: 0.0000, Test Accuracy: 0.9967, Energy: -109157.8203125
Time taken:  10.539489269256592
Test Loss: 0.0000, Test Accuracy: 0.9967, Energy: -109167.4921875
Time taken:  10.654356718063354
Test Loss: 0.0000, Test Accuracy: 0.9967, Energy: -109156.8515625
Time taken:  10.582865476608276
Test Loss: 0.0000, Test Accuracy: 0.9967, Energy: -109078.859375
Time taken:  10.572458028793335
Test Loss: 0.0000, Test Accuracy: 0.9967, Energy: -109030.859375
Time taken:  10.510012865066528
Test Loss: 0.0000, Test Accuracy: 0.9933, Energy: -108853.375
Time taken:  10.556618452072144
Test Loss: 0.0000, Test Accuracy: 0.9933, Energy: -108830.1015625
Time taken:  10.661368370056152
Test Loss: 0.0000, Test Accuracy: 0.9933, Energy: -108768.9375
Time taken:  10.514593124389648
Test Loss: 0.0000, Test Accuracy: 0.9933, Energy: -108718.6640625
Time taken:  10.55562686920166
Test Loss: 0.0000, Test Accuracy: 0.9933, Energy: -108576.15625
Time taken:  10.526796579360962
Test Loss: 0.0000, Test Accuracy: 0.9933, Energy: -108403.875
Time taken:  10.517316579818726
Test Loss: 0.0000, Test Accuracy: 0.9933, Energy: -108363.59375
Time taken:  10.598016262054443
Test Loss: 0.0000, Test Accuracy: 0.9933, Energy: -108320.6796875
Time taken:  10.540573358535767
Test Loss: 0.0000, Test Accuracy: 0.9933, Energy: -108323.5234375
Time taken:  10.546777963638306
Test Loss: 0.0000, Test Accuracy: 0.9933, Energy: -108461.6953125
Time taken:  10.535643100738525
Test Loss: 0.0000, Test Accuracy: 0.9933, Energy: -108393.84375
Time taken:  10.55796194076538
Test Loss: 0.0000, Test Accuracy: 0.9933, Energy: -108415.8359375
Time taken:  10.620856761932373
Test Loss: 0.0000, Test Accuracy: 0.9933, Energy: -108390.90625
Time taken:  10.510473489761353
Test Loss: 0.0000, Test Accuracy: 0.9933, Energy: -108354.640625
Time taken:  10.552085638046265
Test Loss: 0.0000, Test Accuracy: 0.9933, Energy: -108358.7109375
Time taken:  10.499667882919312
Test Loss: 0.0000, Test Accuracy: 0.9933, Energy: -108316.90625
Time taken:  10.544502258300781
Test Loss: 0.0000, Test Accuracy: 0.9933, Energy: -108250.9375
Time taken:  10.634079217910767
Test Loss: 0.0000, Test Accuracy: 0.9933, Energy: -108243.4296875
Time taken:  10.53937554359436
Test Loss: 0.0000, Test Accuracy: 0.9933, Energy: -108177.9453125
Time taken:  10.535238027572632
Test Loss: 0.0000, Test Accuracy: 0.9933, Energy: -108105.6875
Time taken:  10.516865015029907
Test Loss: 0.0000, Test Accuracy: 0.9933, Energy: -108150.1640625
Time taken:  10.55829668045044
Test Loss: 0.0000, Test Accuracy: 0.9967, Energy: -108100.6796875
Time taken:  10.659759044647217
Test Loss: 0.0000, Test Accuracy: 0.9967, Energy: -108087.953125
Time taken:  10.555131435394287
Test Loss: 0.0000, Test Accuracy: 0.9967, Energy: -108126.0078125
Time taken:  10.554953575134277
Test Loss: 0.0000, Test Accuracy: 0.9967, Energy: -108241.9375
Time taken:  10.524631261825562
Test Loss: 0.0000, Test Accuracy: 0.9967, Energy: -108261.625
Time taken:  10.534489631652832
Test Loss: 0.0000, Test Accuracy: 0.9967, Energy: -108171.5078125
Time taken:  10.594659090042114
Test Loss: 0.0000, Test Accuracy: 0.9967, Energy: -107983.5078125
Time taken:  10.534591913223267
Test Loss: 0.0000, Test Accuracy: 0.9967, Energy: -107979.921875
Time taken:  10.55968189239502
Test Loss: 0.0000, Test Accuracy: 0.9967, Energy: -107923.640625
Time taken:  10.59406590461731
Test Loss: 0.0000, Test Accuracy: 0.9967, Energy: -107986.8515625
Time taken:  10.542665004730225
Test Loss: 0.0000, Test Accuracy: 0.9967, Energy: -107971.6640625
Time taken:  10.642445087432861
Test Loss: 0.0000, Test Accuracy: 0.9967, Energy: -107956.34375
Time taken:  10.517119646072388
Test Loss: 0.0000, Test Accuracy: 0.9967, Energy: -108004.640625
Time taken:  10.54945707321167
Test Loss: 0.0000, Test Accuracy: 0.9967, Energy: -108167.6171875
Time taken:  10.518714904785156
Test Loss: 0.0000, Test Accuracy: 0.9967, Energy: -108162.2890625
Time taken:  10.543867588043213
Test Loss: 0.0000, Test Accuracy: 0.9967, Energy: -108220.9296875
Time taken:  10.638270139694214
Test Loss: 0.0000, Test Accuracy: 0.9967, Energy: -108214.8125
Time taken:  10.502490043640137
Test Loss: 0.0000, Test Accuracy: 1.0000, Energy: -108258.4140625
Time taken:  10.558635473251343
Test Loss: 0.0000, Test Accuracy: 1.0000, Energy: -108233.453125
Time taken:  10.538976192474365
Test Loss: 0.0000, Test Accuracy: 1.0000, Energy: -108267.3515625
Time taken:  10.508581638336182
Test Loss: 0.0000, Test Accuracy: 1.0000, Energy: -108356.0
Time taken:  10.632076501846313
Test Loss: 0.0000, Test Accuracy: 0.9967, Energy: -108272.421875
Time taken:  10.576748371124268
Test Loss: 0.0000, Test Accuracy: 0.9967, Energy: -108285.90625
Time taken:  10.515392541885376
Test Loss: 0.0000, Test Accuracy: 0.9967, Energy: -108205.015625
Time taken:  10.548540592193604
Test Loss: 0.0000, Test Accuracy: 0.9967, Energy: -108219.5859375
Time taken:  10.518236875534058
Test Loss: 0.0000, Test Accuracy: 0.9967, Energy: -108254.171875
Time taken:  10.634159564971924
Test Loss: 0.0000, Test Accuracy: 0.9967, Energy: -108381.1796875
Time taken:  10.53658938407898
Test Loss: 0.0000, Test Accuracy: 0.9967, Energy: -108434.1953125
Time taken:  10.575274229049683
Test Loss: 0.0000, Test Accuracy: 0.9967, Energy: -108489.1171875
Time taken:  10.555982828140259
Test Loss: 0.0000, Test Accuracy: 0.9967, Energy: -108466.3984375
Time taken:  10.452200174331665
Test Loss: 0.0000, Test Accuracy: 0.9967, Energy: -108319.6953125
Time taken:  10.431912183761597
Final accuracies: [0.96, 1.0, 0.7766666666666666, 0.95, 0.99, 0.95, 0.9966666666666667, 1.0, 1.0, 1.0, 0.9966666666666667, 0.9966666666666667, 0.9966666666666667, 0.9966666666666667, 0.9533333333333334, 0.9933333333333333, 0.9333333333333333, 0.7633333333333333, 0.9833333333333333, 0.9933333333333333, 0.9966666666666667, 0.9966666666666667, 0.9966666666666667, 0.9966666666666667, 0.9966666666666667, 0.9966666666666667, 0.9966666666666667, 0.9966666666666667, 0.9966666666666667, 0.9966666666666667, 0.9966666666666667, 0.9966666666666667, 0.9966666666666667, 0.9966666666666667, 0.9966666666666667, 0.9966666666666667, 0.9966666666666667, 0.9966666666666667, 0.9966666666666667, 0.9966666666666667, 0.9966666666666667, 0.9966666666666667, 0.9966666666666667, 0.9966666666666667, 0.9966666666666667, 0.9966666666666667, 0.9966666666666667, 0.9966666666666667, 0.9933333333333333, 0.9933333333333333, 0.9933333333333333, 0.9933333333333333, 0.9933333333333333, 0.9933333333333333, 0.9933333333333333, 0.9933333333333333, 0.9933333333333333, 0.9933333333333333, 0.9933333333333333, 0.9933333333333333, 0.9933333333333333, 0.9933333333333333, 0.9933333333333333, 0.9933333333333333, 0.9933333333333333, 0.9933333333333333, 0.9933333333333333, 0.9933333333333333, 0.9933333333333333, 0.9966666666666667, 0.9966666666666667, 0.9966666666666667, 0.9966666666666667, 0.9966666666666667, 0.9966666666666667, 0.9966666666666667, 0.9966666666666667, 0.9966666666666667, 0.9966666666666667, 0.9966666666666667, 0.9966666666666667, 0.9966666666666667, 0.9966666666666667, 0.9966666666666667, 0.9966666666666667, 0.9966666666666667, 1.0, 1.0, 1.0, 1.0, 0.9966666666666667, 0.9966666666666667, 0.9966666666666667, 0.9966666666666667, 0.9966666666666667, 0.9966666666666667, 0.9966666666666667, 0.9966666666666667, 0.9966666666666667, 0.9966666666666667]
Final energies: [-83833.5625, -139764.28125, -17278.021484375, -48971.9921875, -242023.375, -16687.46875, -38751.01171875, -36347.7421875, -36212.26953125, -47114.03515625, -47716.265625, -46167.96484375, -42774.7265625, -42643.44921875, -14430.9736328125, -20173.935546875, -6402.912109375, -156744.265625, -185351.5625, -141485.015625, -108126.625, -108284.5859375, -108400.15625, -108632.6953125, -108760.7109375, -108750.21875, -108800.796875, -108808.6171875, -108784.1796875, -108938.1171875, -108894.96875, -108860.9453125, -109059.4609375, -109130.0390625, -109236.7578125, -109340.1328125, -109372.8828125, -109345.90625, -109272.015625, -109233.984375, -109132.5859375, -109116.703125, -109093.984375, -109157.8203125, -109167.4921875, -109156.8515625, -109078.859375, -109030.859375, -108853.375, -108830.1015625, -108768.9375, -108718.6640625, -108576.15625, -108403.875, -108363.59375, -108320.6796875, -108323.5234375, -108461.6953125, -108393.84375, -108415.8359375, -108390.90625, -108354.640625, -108358.7109375, -108316.90625, -108250.9375, -108243.4296875, -108177.9453125, -108105.6875, -108150.1640625, -108100.6796875, -108087.953125, -108126.0078125, -108241.9375, -108261.625, -108171.5078125, -107983.5078125, -107979.921875, -107923.640625, -107986.8515625, -107971.6640625, -107956.34375, -108004.640625, -108167.6171875, -108162.2890625, -108220.9296875, -108214.8125, -108258.4140625, -108233.453125, -108267.3515625, -108356.0, -108272.421875, -108285.90625, -108205.015625, -108219.5859375, -108254.171875, -108381.1796875, -108434.1953125, -108489.1171875, -108466.3984375, -108319.6953125]
