Running with parameters: hidden=30, use_coupled=false, seed=62, lam=0.0, eta=0.0, batch=1
Test Loss: 0.0000, Test Accuracy: 0.9967, Energy: -191137.25
Time taken:  10.212834596633911
Test Loss: 0.0000, Test Accuracy: 0.9567, Energy: -255846.234375
Time taken:  10.274064779281616
Test Loss: 0.0000, Test Accuracy: 1.0000, Energy: -222269.234375
Time taken:  10.196465492248535
Test Loss: 0.0000, Test Accuracy: 0.9967, Energy: -239204.265625
Time taken:  10.09581184387207
Test Loss: 0.0000, Test Accuracy: 0.9933, Energy: -244306.8125
Time taken:  10.181558847427368
Test Loss: 0.0000, Test Accuracy: 0.9933, Energy: -247137.609375
Time taken:  10.17896556854248
Test Loss: 0.0000, Test Accuracy: 0.9933, Energy: -248704.59375
Time taken:  10.172978162765503
Test Loss: 0.0000, Test Accuracy: 0.9933, Energy: -250906.796875
Time taken:  10.322309494018555
Test Loss: 0.0000, Test Accuracy: 0.9933, Energy: -252295.03125
Time taken:  10.32985782623291
Test Loss: 0.0000, Test Accuracy: 0.9933, Energy: -253329.34375
Time taken:  10.48849892616272
Test Loss: 0.0000, Test Accuracy: 0.9933, Energy: -254633.140625
Time taken:  10.438792943954468
Test Loss: 0.0000, Test Accuracy: 0.9933, Energy: -255689.65625
Time taken:  10.363687753677368
Test Loss: 0.0000, Test Accuracy: 0.9933, Energy: -256659.53125
Time taken:  10.394108533859253
Test Loss: 0.0000, Test Accuracy: 0.9933, Energy: -257690.03125
Time taken:  10.44553804397583
Test Loss: 0.0000, Test Accuracy: 0.9933, Energy: -258400.703125
Time taken:  10.547011375427246
Test Loss: 0.0000, Test Accuracy: 0.9933, Energy: -259305.8125
Time taken:  10.485065937042236
Test Loss: 0.0000, Test Accuracy: 0.9933, Energy: -260086.0625
Time taken:  10.502574682235718
Test Loss: 0.0000, Test Accuracy: 0.9933, Energy: -260858.203125
Time taken:  10.60499882698059
Test Loss: 0.0000, Test Accuracy: 0.9933, Energy: -261571.71875
Time taken:  10.557829856872559
Test Loss: 0.0000, Test Accuracy: 0.9933, Energy: -262182.15625
Time taken:  10.725675106048584
Test Loss: 0.0000, Test Accuracy: 0.9933, Energy: -262771.59375
Time taken:  10.602371454238892
Test Loss: 0.0000, Test Accuracy: 0.9933, Energy: -263447.6875
Time taken:  10.561108350753784
Test Loss: 0.0000, Test Accuracy: 0.9933, Energy: -263876.0
Time taken:  10.536043882369995
Test Loss: 0.0000, Test Accuracy: 0.9933, Energy: -264446.125
Time taken:  10.479062795639038
Test Loss: 0.0000, Test Accuracy: 0.9933, Energy: -265037.1875
Time taken:  10.6950843334198
Test Loss: 0.0000, Test Accuracy: 0.9900, Energy: -265530.0625
Time taken:  10.487549304962158
Test Loss: 0.0000, Test Accuracy: 0.9900, Energy: -265989.125
Time taken:  10.402387380599976
Test Loss: 0.0000, Test Accuracy: 0.9900, Energy: -266691.375
Time taken:  10.386888980865479
Test Loss: 0.0000, Test Accuracy: 0.9900, Energy: -267470.9375
Time taken:  10.361547231674194
Test Loss: 0.0000, Test Accuracy: 0.9900, Energy: -268161.46875
Time taken:  10.505860328674316
Test Loss: 0.0000, Test Accuracy: 0.9900, Energy: -268762.3125
Time taken:  10.37285041809082
Test Loss: 0.0000, Test Accuracy: 0.9900, Energy: -269357.96875
Time taken:  10.240279912948608
Test Loss: 0.0000, Test Accuracy: 0.9900, Energy: -269967.25
Time taken:  10.151494264602661
Test Loss: 0.0000, Test Accuracy: 0.9900, Energy: -270595.0625
Time taken:  10.05597448348999
Test Loss: 0.0000, Test Accuracy: 0.9900, Energy: -270751.5
Time taken:  10.165122985839844
Test Loss: 0.0000, Test Accuracy: 0.9900, Energy: -271582.375
Time taken:  10.065821170806885
Test Loss: 0.0000, Test Accuracy: 0.9900, Energy: -272249.9375
Time taken:  10.120429754257202
Test Loss: 0.0000, Test Accuracy: 0.9900, Energy: -272888.84375
Time taken:  10.064977884292603
Test Loss: 0.0000, Test Accuracy: 0.9900, Energy: -273453.03125
Time taken:  10.09121036529541
Test Loss: 0.0000, Test Accuracy: 0.9900, Energy: -274034.1875
Time taken:  10.185118913650513
Test Loss: 0.0000, Test Accuracy: 0.9900, Energy: -274814.90625
Time taken:  10.103304862976074
Test Loss: 0.0000, Test Accuracy: 0.9900, Energy: -275553.59375
Time taken:  10.141483306884766
Test Loss: 0.0000, Test Accuracy: 0.9900, Energy: -276001.0625
Time taken:  10.236351490020752
Test Loss: 0.0000, Test Accuracy: 0.9900, Energy: -276877.28125
Time taken:  10.268156290054321
Test Loss: 0.0000, Test Accuracy: 0.9900, Energy: -277525.53125
Time taken:  10.343367576599121
Test Loss: 0.0000, Test Accuracy: 0.9867, Energy: -278247.25
Time taken:  10.233216762542725
Test Loss: 0.0000, Test Accuracy: 0.9867, Energy: -278849.78125
Time taken:  10.28309416770935
Test Loss: 0.0000, Test Accuracy: 0.9867, Energy: -279708.34375
Time taken:  10.260926723480225
Test Loss: 0.0000, Test Accuracy: 0.9867, Energy: -280372.25
Time taken:  10.279466152191162
Test Loss: 0.0000, Test Accuracy: 0.9867, Energy: -281018.59375
Time taken:  10.33740234375
Test Loss: 0.0000, Test Accuracy: 0.9867, Energy: -281674.8125
Time taken:  10.215978860855103
Test Loss: 0.0000, Test Accuracy: 0.9867, Energy: -282257.96875
Time taken:  10.267961978912354
Test Loss: 0.0000, Test Accuracy: 0.9867, Energy: -282943.5
Time taken:  10.301815032958984
Test Loss: 0.0000, Test Accuracy: 0.9867, Energy: -283624.21875
Time taken:  10.309354066848755
Test Loss: 0.0000, Test Accuracy: 0.9867, Energy: -284599.78125
Time taken:  10.367734909057617
Test Loss: 0.0000, Test Accuracy: 0.9867, Energy: -285268.28125
Time taken:  10.32756519317627
Test Loss: 0.0000, Test Accuracy: 0.9867, Energy: -285959.65625
Time taken:  10.257017374038696
Test Loss: 0.0000, Test Accuracy: 0.9867, Energy: -286469.9375
Time taken:  10.403665781021118
Test Loss: 0.0000, Test Accuracy: 0.9867, Energy: -287329.6875
Time taken:  10.406639099121094
Test Loss: 0.0000, Test Accuracy: 0.9867, Energy: -287955.6875
Time taken:  10.528544902801514
Test Loss: 0.0000, Test Accuracy: 0.9867, Energy: -288609.1875
Time taken:  10.44031286239624
Test Loss: 0.0000, Test Accuracy: 0.9867, Energy: -289259.28125
Time taken:  10.410441160202026
Test Loss: 0.0000, Test Accuracy: 0.9867, Energy: -289767.21875
Time taken:  10.394367694854736
Test Loss: 0.0000, Test Accuracy: 0.9867, Energy: -290254.78125
Time taken:  10.42105507850647
Test Loss: 0.0000, Test Accuracy: 0.9867, Energy: -290870.09375
Time taken:  10.5199556350708
Test Loss: 0.0000, Test Accuracy: 0.9867, Energy: -291461.65625
Time taken:  10.448540687561035
Test Loss: 0.0000, Test Accuracy: 0.9867, Energy: -292043.03125
Time taken:  10.513752937316895
Test Loss: 0.0000, Test Accuracy: 0.9867, Energy: -292422.71875
Time taken:  10.529168367385864
Test Loss: 0.0000, Test Accuracy: 0.9867, Energy: -293179.625
Time taken:  10.564257383346558
Test Loss: 0.0000, Test Accuracy: 0.9867, Energy: -293616.15625
Time taken:  10.691737651824951
Test Loss: 0.0000, Test Accuracy: 0.9867, Energy: -294165.5
Time taken:  10.663624286651611
Test Loss: 0.0000, Test Accuracy: 0.9867, Energy: -294756.3125
Time taken:  10.575316667556763
Test Loss: 0.0000, Test Accuracy: 0.9867, Energy: -295026.90625
Time taken:  10.612887620925903
Test Loss: 0.0000, Test Accuracy: 0.9867, Energy: -295112.15625
Time taken:  10.569491386413574
Test Loss: 0.0000, Test Accuracy: 0.9867, Energy: -295376.3125
Time taken:  10.606552124023438
Test Loss: 0.0000, Test Accuracy: 0.9867, Energy: -295576.15625
Time taken:  10.459178924560547
Test Loss: 0.0000, Test Accuracy: 0.9867, Energy: -295878.0
Time taken:  10.343157529830933
Test Loss: 0.0000, Test Accuracy: 0.9867, Energy: -296188.15625
Time taken:  10.407074928283691
Test Loss: 0.0000, Test Accuracy: 0.9867, Energy: -296523.75
Time taken:  10.371346950531006
Test Loss: 0.0000, Test Accuracy: 0.9867, Energy: -296791.59375
Time taken:  10.535648822784424
Test Loss: 0.0000, Test Accuracy: 0.9867, Energy: -297086.34375
Time taken:  10.362570524215698
Test Loss: 0.0000, Test Accuracy: 0.9867, Energy: -297398.34375
Time taken:  10.225699186325073
Test Loss: 0.0000, Test Accuracy: 0.9867, Energy: -297766.59375
Time taken:  10.14136791229248
Test Loss: 0.0000, Test Accuracy: 0.9867, Energy: -298123.96875
Time taken:  10.0739266872406
Test Loss: 0.0000, Test Accuracy: 0.9867, Energy: -298452.4375
Time taken:  10.186364650726318
Test Loss: 0.0000, Test Accuracy: 0.9867, Energy: -298747.375
Time taken:  10.099504947662354
Test Loss: 0.0000, Test Accuracy: 0.9867, Energy: -299027.21875
Time taken:  10.1098313331604
Test Loss: 0.0000, Test Accuracy: 0.9867, Energy: -299333.40625
Time taken:  10.065704345703125
Test Loss: 0.0000, Test Accuracy: 0.9867, Energy: -299781.53125
Time taken:  10.15439224243164
Test Loss: 0.0000, Test Accuracy: 0.9867, Energy: -300077.78125
Time taken:  10.204866170883179
Test Loss: 0.0000, Test Accuracy: 0.9867, Energy: -300417.75
Time taken:  10.132742643356323
Test Loss: 0.0000, Test Accuracy: 0.9867, Energy: -300823.375
Time taken:  10.04756212234497
Test Loss: 0.0000, Test Accuracy: 0.9867, Energy: -301248.5625
Time taken:  10.071003198623657
Test Loss: 0.0000, Test Accuracy: 0.9867, Energy: -301680.0625
Time taken:  10.086139440536499
Test Loss: 0.0000, Test Accuracy: 0.9867, Energy: -302045.6875
Time taken:  10.163872957229614
Test Loss: 0.0000, Test Accuracy: 0.9867, Energy: -302380.875
Time taken:  10.090376377105713
Test Loss: 0.0000, Test Accuracy: 0.9867, Energy: -302731.75
Time taken:  10.064245462417603
Test Loss: 0.0000, Test Accuracy: 0.9867, Energy: -303015.1875
Time taken:  10.074106454849243
Test Loss: 0.0000, Test Accuracy: 0.9867, Energy: -303506.3125
Time taken:  10.18733286857605
Test Loss: 0.0000, Test Accuracy: 0.9867, Energy: -304028.1875
Time taken:  10.241866827011108
Final accuracies: [0.9966666666666667, 0.9566666666666667, 1.0, 0.9966666666666667, 0.9933333333333333, 0.9933333333333333, 0.9933333333333333, 0.9933333333333333, 0.9933333333333333, 0.9933333333333333, 0.9933333333333333, 0.9933333333333333, 0.9933333333333333, 0.9933333333333333, 0.9933333333333333, 0.9933333333333333, 0.9933333333333333, 0.9933333333333333, 0.9933333333333333, 0.9933333333333333, 0.9933333333333333, 0.9933333333333333, 0.9933333333333333, 0.9933333333333333, 0.9933333333333333, 0.99, 0.99, 0.99, 0.99, 0.99, 0.99, 0.99, 0.99, 0.99, 0.99, 0.99, 0.99, 0.99, 0.99, 0.99, 0.99, 0.99, 0.99, 0.99, 0.99, 0.9866666666666667, 0.9866666666666667, 0.9866666666666667, 0.9866666666666667, 0.9866666666666667, 0.9866666666666667, 0.9866666666666667, 0.9866666666666667, 0.9866666666666667, 0.9866666666666667, 0.9866666666666667, 0.9866666666666667, 0.9866666666666667, 0.9866666666666667, 0.9866666666666667, 0.9866666666666667, 0.9866666666666667, 0.9866666666666667, 0.9866666666666667, 0.9866666666666667, 0.9866666666666667, 0.9866666666666667, 0.9866666666666667, 0.9866666666666667, 0.9866666666666667, 0.9866666666666667, 0.9866666666666667, 0.9866666666666667, 0.9866666666666667, 0.9866666666666667, 0.9866666666666667, 0.9866666666666667, 0.9866666666666667, 0.9866666666666667, 0.9866666666666667, 0.9866666666666667, 0.9866666666666667, 0.9866666666666667, 0.9866666666666667, 0.9866666666666667, 0.9866666666666667, 0.9866666666666667, 0.9866666666666667, 0.9866666666666667, 0.9866666666666667, 0.9866666666666667, 0.9866666666666667, 0.9866666666666667, 0.9866666666666667, 0.9866666666666667, 0.9866666666666667, 0.9866666666666667, 0.9866666666666667, 0.9866666666666667, 0.9866666666666667]
Final energies: [-191137.25, -255846.234375, -222269.234375, -239204.265625, -244306.8125, -247137.609375, -248704.59375, -250906.796875, -252295.03125, -253329.34375, -254633.140625, -255689.65625, -256659.53125, -257690.03125, -258400.703125, -259305.8125, -260086.0625, -260858.203125, -261571.71875, -262182.15625, -262771.59375, -263447.6875, -263876.0, -264446.125, -265037.1875, -265530.0625, -265989.125, -266691.375, -267470.9375, -268161.46875, -268762.3125, -269357.96875, -269967.25, -270595.0625, -270751.5, -271582.375, -272249.9375, -272888.84375, -273453.03125, -274034.1875, -274814.90625, -275553.59375, -276001.0625, -276877.28125, -277525.53125, -278247.25, -278849.78125, -279708.34375, -280372.25, -281018.59375, -281674.8125, -282257.96875, -282943.5, -283624.21875, -284599.78125, -285268.28125, -285959.65625, -286469.9375, -287329.6875, -287955.6875, -288609.1875, -289259.28125, -289767.21875, -290254.78125, -290870.09375, -291461.65625, -292043.03125, -292422.71875, -293179.625, -293616.15625, -294165.5, -294756.3125, -295026.90625, -295112.15625, -295376.3125, -295576.15625, -295878.0, -296188.15625, -296523.75, -296791.59375, -297086.34375, -297398.34375, -297766.59375, -298123.96875, -298452.4375, -298747.375, -299027.21875, -299333.40625, -299781.53125, -300077.78125, -300417.75, -300823.375, -301248.5625, -301680.0625, -302045.6875, -302380.875, -302731.75, -303015.1875, -303506.3125, -304028.1875]
