Running with parameters: hidden=30, use_coupled=false, seed=85, lam=0.0, eta=0.0, batch=1
Test Loss: 0.0000, Test Accuracy: 0.9500, Energy: -273038.625
Time taken:  10.171103239059448
Test Loss: 0.0000, Test Accuracy: 1.0000, Energy: -239331.578125
Time taken:  10.396610498428345
Test Loss: 0.0000, Test Accuracy: 1.0000, Energy: -239532.546875
Time taken:  10.222633600234985
Test Loss: 0.0000, Test Accuracy: 1.0000, Energy: -240672.96875
Time taken:  10.214213132858276
Test Loss: 0.0000, Test Accuracy: 1.0000, Energy: -242153.421875
Time taken:  10.181615114212036
Test Loss: 0.0000, Test Accuracy: 1.0000, Energy: -243758.90625
Time taken:  10.120060920715332
Test Loss: 0.0000, Test Accuracy: 1.0000, Energy: -245088.71875
Time taken:  10.19486117362976
Test Loss: 0.0000, Test Accuracy: 1.0000, Energy: -246615.0
Time taken:  10.195738792419434
Test Loss: 0.0000, Test Accuracy: 1.0000, Energy: -247909.671875
Time taken:  10.365114450454712
Test Loss: 0.0000, Test Accuracy: 1.0000, Energy: -249398.90625
Time taken:  10.530887126922607
Test Loss: 0.0000, Test Accuracy: 1.0000, Energy: -250847.40625
Time taken:  10.384332180023193
Test Loss: 0.0000, Test Accuracy: 1.0000, Energy: -252139.359375
Time taken:  10.456401348114014
Test Loss: 0.0000, Test Accuracy: 1.0000, Energy: -253596.734375
Time taken:  10.481468439102173
Test Loss: 0.0000, Test Accuracy: 1.0000, Energy: -255013.46875
Time taken:  10.435569286346436
Test Loss: 0.0000, Test Accuracy: 1.0000, Energy: -256312.890625
Time taken:  10.61042046546936
Test Loss: 0.0000, Test Accuracy: 1.0000, Energy: -257602.4375
Time taken:  10.498043775558472
Test Loss: 0.0000, Test Accuracy: 1.0000, Energy: -258745.65625
Time taken:  10.5580153465271
Test Loss: 0.0000, Test Accuracy: 1.0000, Energy: -259948.140625
Time taken:  10.508951663970947
Test Loss: 0.0000, Test Accuracy: 1.0000, Energy: -261175.890625
Time taken:  10.48725414276123
Test Loss: 0.0000, Test Accuracy: 1.0000, Energy: -262357.8125
Time taken:  10.616361141204834
Test Loss: 0.0000, Test Accuracy: 1.0000, Energy: -263529.96875
Time taken:  10.51603102684021
Test Loss: 0.0000, Test Accuracy: 1.0000, Energy: -264550.90625
Time taken:  10.518780708312988
Test Loss: 0.0000, Test Accuracy: 1.0000, Energy: -265771.125
Time taken:  10.436606645584106
Test Loss: 0.0000, Test Accuracy: 1.0000, Energy: -266897.53125
Time taken:  10.421403646469116
Test Loss: 0.0000, Test Accuracy: 1.0000, Energy: -267941.375
Time taken:  10.399967432022095
Test Loss: 0.0000, Test Accuracy: 1.0000, Energy: -269012.09375
Time taken:  10.24425983428955
Test Loss: 0.0000, Test Accuracy: 1.0000, Energy: -270031.25
Time taken:  10.223143339157104
Test Loss: 0.0000, Test Accuracy: 1.0000, Energy: -271080.375
Time taken:  10.325496196746826
Test Loss: 0.0000, Test Accuracy: 1.0000, Energy: -271997.875
Time taken:  10.241204738616943
Test Loss: 0.0000, Test Accuracy: 1.0000, Energy: -272830.1875
Time taken:  10.384779930114746
Test Loss: 0.0000, Test Accuracy: 1.0000, Energy: -273660.8125
Time taken:  10.291851043701172
Test Loss: 0.0000, Test Accuracy: 1.0000, Energy: -274575.90625
Time taken:  10.22998332977295
Test Loss: 0.0000, Test Accuracy: 1.0000, Energy: -275609.34375
Time taken:  10.212018489837646
Test Loss: 0.0000, Test Accuracy: 1.0000, Energy: -277454.84375
Time taken:  10.298805236816406
Test Loss: 0.0000, Test Accuracy: 1.0000, Energy: -280479.84375
Time taken:  10.426810264587402
Test Loss: 0.0000, Test Accuracy: 1.0000, Energy: -284778.9375
Time taken:  10.393380403518677
Test Loss: 0.0000, Test Accuracy: 1.0000, Energy: -288578.625
Time taken:  10.402989625930786
Test Loss: 0.0000, Test Accuracy: 1.0000, Energy: -291833.28125
Time taken:  10.432735919952393
Test Loss: 0.0000, Test Accuracy: 1.0000, Energy: -294657.25
Time taken:  10.424760341644287
Test Loss: 0.0000, Test Accuracy: 1.0000, Energy: -297039.34375
Time taken:  10.64487910270691
Test Loss: 0.0000, Test Accuracy: 1.0000, Energy: -298762.875
Time taken:  10.607802629470825
Test Loss: 0.0000, Test Accuracy: 1.0000, Energy: -300903.84375
Time taken:  10.527214527130127
Test Loss: 0.0000, Test Accuracy: 1.0000, Energy: -302652.5
Time taken:  10.568018436431885
Test Loss: 0.0000, Test Accuracy: 1.0000, Energy: -304217.03125
Time taken:  10.479934215545654
Test Loss: 0.0000, Test Accuracy: 1.0000, Energy: -305875.25
Time taken:  10.623755931854248
Test Loss: 0.0000, Test Accuracy: 1.0000, Energy: -307447.84375
Time taken:  10.496382236480713
Test Loss: 0.0000, Test Accuracy: 1.0000, Energy: -309088.25
Time taken:  10.470658779144287
Test Loss: 0.0000, Test Accuracy: 1.0000, Energy: -311524.6875
Time taken:  10.469743967056274
Test Loss: 0.0000, Test Accuracy: 1.0000, Energy: -313639.9375
Time taken:  10.462829828262329
Test Loss: 0.0000, Test Accuracy: 1.0000, Energy: -315678.0625
Time taken:  10.554380893707275
Test Loss: 0.0000, Test Accuracy: 1.0000, Energy: -317802.75
Time taken:  10.528656959533691
Test Loss: 0.0000, Test Accuracy: 1.0000, Energy: -319627.59375
Time taken:  10.326723098754883
Test Loss: 0.0000, Test Accuracy: 1.0000, Energy: -321046.375
Time taken:  10.261575937271118
Test Loss: 0.0000, Test Accuracy: 1.0000, Energy: -322572.6875
Time taken:  10.237887144088745
Test Loss: 0.0000, Test Accuracy: 1.0000, Energy: -324042.21875
Time taken:  10.224632501602173
Test Loss: 0.0000, Test Accuracy: 1.0000, Energy: -325381.875
Time taken:  10.10706877708435
Test Loss: 0.0000, Test Accuracy: 1.0000, Energy: -326829.4375
Time taken:  10.106506109237671
Test Loss: 0.0000, Test Accuracy: 1.0000, Energy: -328116.0625
Time taken:  10.18580937385559
Test Loss: 0.0000, Test Accuracy: 1.0000, Energy: -329502.0625
Time taken:  10.213330268859863
Test Loss: 0.0000, Test Accuracy: 1.0000, Energy: -330995.625
Time taken:  10.469310998916626
Test Loss: 0.0000, Test Accuracy: 1.0000, Energy: -332312.3125
Time taken:  10.414966821670532
Test Loss: 0.0000, Test Accuracy: 1.0000, Energy: -333600.875
Time taken:  10.44935655593872
Test Loss: 0.0000, Test Accuracy: 1.0000, Energy: -335008.875
Time taken:  10.43309760093689
Test Loss: 0.0000, Test Accuracy: 1.0000, Energy: -336418.28125
Time taken:  10.487905025482178
Test Loss: 0.0000, Test Accuracy: 1.0000, Energy: -337919.0
Time taken:  10.63335919380188
Test Loss: 0.0000, Test Accuracy: 1.0000, Energy: -339324.15625
Time taken:  10.53374195098877
Test Loss: 0.0000, Test Accuracy: 1.0000, Energy: -340748.03125
Time taken:  10.527968406677246
Test Loss: 0.0000, Test Accuracy: 1.0000, Energy: -342220.0625
Time taken:  10.516276121139526
Test Loss: 0.0000, Test Accuracy: 1.0000, Energy: -343659.25
Time taken:  10.443546772003174
Test Loss: 0.0000, Test Accuracy: 1.0000, Energy: -345083.53125
Time taken:  10.628301620483398
Test Loss: 0.0000, Test Accuracy: 1.0000, Energy: -346206.125
Time taken:  10.466529369354248
Test Loss: 0.0000, Test Accuracy: 1.0000, Energy: -347756.5625
Time taken:  10.505117416381836
Test Loss: 0.0000, Test Accuracy: 1.0000, Energy: -348895.96875
Time taken:  10.459609746932983
Test Loss: 0.0000, Test Accuracy: 1.0000, Energy: -349933.15625
Time taken:  10.409456729888916
Test Loss: 0.0000, Test Accuracy: 1.0000, Energy: -350994.6875
Time taken:  10.458516359329224
Test Loss: 0.0000, Test Accuracy: 1.0000, Energy: -352269.125
Time taken:  10.357255220413208
Test Loss: 0.0000, Test Accuracy: 1.0000, Energy: -353420.96875
Time taken:  10.240676879882812
Test Loss: 0.0000, Test Accuracy: 1.0000, Energy: -354629.03125
Time taken:  10.197277307510376
Test Loss: 0.0000, Test Accuracy: 1.0000, Energy: -355930.40625
Time taken:  10.24122428894043
Test Loss: 0.0000, Test Accuracy: 1.0000, Energy: -357235.09375
Time taken:  10.358521938323975
Test Loss: 0.0000, Test Accuracy: 1.0000, Energy: -358170.25
Time taken:  10.240074634552002
Test Loss: 0.0000, Test Accuracy: 1.0000, Energy: -359585.875
Time taken:  10.319705247879028
Test Loss: 0.0000, Test Accuracy: 1.0000, Energy: -360699.59375
Time taken:  10.250304698944092
Test Loss: 0.0000, Test Accuracy: 1.0000, Energy: -361666.78125
Time taken:  10.226369142532349
Test Loss: 0.0000, Test Accuracy: 1.0000, Energy: -362719.0
Time taken:  10.393589735031128
Test Loss: 0.0000, Test Accuracy: 1.0000, Energy: -363824.53125
Time taken:  10.278926610946655
Test Loss: 0.0000, Test Accuracy: 1.0000, Energy: -365099.0625
Time taken:  10.392290592193604
Test Loss: 0.0000, Test Accuracy: 1.0000, Energy: -366196.59375
Time taken:  10.354147911071777
Test Loss: 0.0000, Test Accuracy: 1.0000, Energy: -367496.90625
Time taken:  10.403222560882568
Test Loss: 0.0000, Test Accuracy: 1.0000, Energy: -368601.875
Time taken:  10.590355396270752
Test Loss: 0.0000, Test Accuracy: 1.0000, Energy: -369663.6875
Time taken:  10.51657247543335
Test Loss: 0.0000, Test Accuracy: 1.0000, Energy: -370619.25
Time taken:  10.531922340393066
Test Loss: 0.0000, Test Accuracy: 1.0000, Energy: -371727.90625
Time taken:  10.498927593231201
Test Loss: 0.0000, Test Accuracy: 1.0000, Energy: -372813.03125
Time taken:  10.51583194732666
Test Loss: 0.0000, Test Accuracy: 1.0000, Energy: -373866.90625
Time taken:  10.63905143737793
Test Loss: 0.0000, Test Accuracy: 1.0000, Energy: -374952.90625
Time taken:  10.494833946228027
Test Loss: 0.0000, Test Accuracy: 1.0000, Energy: -375960.875
Time taken:  10.533342123031616
Test Loss: 0.0000, Test Accuracy: 1.0000, Energy: -376740.125
Time taken:  10.499632835388184
Test Loss: 0.0000, Test Accuracy: 1.0000, Energy: -378039.96875
Time taken:  10.481498956680298
Test Loss: 0.0000, Test Accuracy: 1.0000, Energy: -379194.0
Time taken:  10.647596597671509
Final accuracies: [0.95, 1.0, 1.0, 1.0, 1.0, 1.0, 1.0, 1.0, 1.0, 1.0, 1.0, 1.0, 1.0, 1.0, 1.0, 1.0, 1.0, 1.0, 1.0, 1.0, 1.0, 1.0, 1.0, 1.0, 1.0, 1.0, 1.0, 1.0, 1.0, 1.0, 1.0, 1.0, 1.0, 1.0, 1.0, 1.0, 1.0, 1.0, 1.0, 1.0, 1.0, 1.0, 1.0, 1.0, 1.0, 1.0, 1.0, 1.0, 1.0, 1.0, 1.0, 1.0, 1.0, 1.0, 1.0, 1.0, 1.0, 1.0, 1.0, 1.0, 1.0, 1.0, 1.0, 1.0, 1.0, 1.0, 1.0, 1.0, 1.0, 1.0, 1.0, 1.0, 1.0, 1.0, 1.0, 1.0, 1.0, 1.0, 1.0, 1.0, 1.0, 1.0, 1.0, 1.0, 1.0, 1.0, 1.0, 1.0, 1.0, 1.0, 1.0, 1.0, 1.0, 1.0, 1.0, 1.0, 1.0, 1.0, 1.0, 1.0]
Final energies: [-273038.625, -239331.578125, -239532.546875, -240672.96875, -242153.421875, -243758.90625, -245088.71875, -246615.0, -247909.671875, -249398.90625, -250847.40625, -252139.359375, -253596.734375, -255013.46875, -256312.890625, -257602.4375, -258745.65625, -259948.140625, -261175.890625, -262357.8125, -263529.96875, -264550.90625, -265771.125, -266897.53125, -267941.375, -269012.09375, -270031.25, -271080.375, -271997.875, -272830.1875, -273660.8125, -274575.90625, -275609.34375, -277454.84375, -280479.84375, -284778.9375, -288578.625, -291833.28125, -294657.25, -297039.34375, -298762.875, -300903.84375, -302652.5, -304217.03125, -305875.25, -307447.84375, -309088.25, -311524.6875, -313639.9375, -315678.0625, -317802.75, -319627.59375, -321046.375, -322572.6875, -324042.21875, -325381.875, -326829.4375, -328116.0625, -329502.0625, -330995.625, -332312.3125, -333600.875, -335008.875, -336418.28125, -337919.0, -339324.15625, -340748.03125, -342220.0625, -343659.25, -345083.53125, -346206.125, -347756.5625, -348895.96875, -349933.15625, -350994.6875, -352269.125, -353420.96875, -354629.03125, -355930.40625, -357235.09375, -358170.25, -359585.875, -360699.59375, -361666.78125, -362719.0, -363824.53125, -365099.0625, -366196.59375, -367496.90625, -368601.875, -369663.6875, -370619.25, -371727.90625, -372813.03125, -373866.90625, -374952.90625, -375960.875, -376740.125, -378039.96875, -379194.0]
